=~=~=~=~=~=~=~=~=~=~=~= PuTTY log 2024.07.01 15:59:55 =~=~=~=~=~=~=~=~=~=~=~=
ÿ5.89,-79.50,9.30,-0.24,2.12,-0.04,-0.02,0.00,-0.40,-0.81,9.80,-0.00,-0.00,0.00
5.92,-79.50,9.30,-0.25,2.12,-0.05,-0.02,-0.00,-0.39,-0.81,9.79,-0.00,-0.00,0.00
5.93,-79.50,9.30,-0.25,2.12,-0.05,-0.02,-0.00,-0.39,-0.81,9.79,-0.00,-0.00,0.00
5.96,-79.50,9.30,-0.24,2.12,-0.05,-0.02,-0.00,-0.39,-0.82,9.80,-0.00,-0.00,0.00
5.97,-79.50,9.30,-0.24,2.12,-0.05,-0.02,-0.00,-0.39,-0.82,9.80,-0.00,-0.00,0.00
5.97,-79.50,9.30,-0.24,2.12,-0.05,-0.02,-0.00,-0.39,-0.81,9.80,-0.00,-0.00,0.00
6.00,-79.50,9.30,-0.24,2.13,-0.05,-0.02,-0.00,-0.40,-0.81,9.80,-0.00,-0.00,0.00
6.01,-79.50,9.31,-0.24,2.13,-0.05,-0.02,-0.01,-0.40,-0.82,9.80,-0.00,-0.00,0.00
6.02,-79.49,9.30,-0.23,2.13,-0.04,-0.02,-0.01,-0.41,-0.82,9.79,-0.00,-0.00,-0.00
6.04,-79.50,9.30,-0.24,2.13,-0.04,-0.02,-0.00,-0.41,-0.81,9.81,-0.00,-0.00,-0.00
6.05,-79.51,9.30,-0.25,2.13,-0.04,-0.02,-0.00,-0.39,-0.79,9.82,-0.00,-0.00,-0.00
6.09,-79.52,9.31,-0.24,2.12,-0.04,-0.02,-0.01,-0.40,-0.79,9.82,-0.00,-0.00,-0.00
6.12,-79.51,9.30,-0.24,2.11,-0.04,-0.02,-0.00,-0.39,-0.81,9.81,-0.00,-0.00,0.00
6.13,-79.51,9.30,-0.24,2.11,-0.04,-0.02,-0.00,-0.39,-0.82,9.82,-0.00,-0.00,0.00
6.14,-79.51,9.29,-0.23,2.12,-0.04,-0.02,-0.00,-0.38,-0.81,9.82,-0.00,-0.00,0.00
6.14,-79.51,9.29,-0.23,2.12,-0.04,-0.02,-0.00,-0.38,-0.81,9.82,-0.00,-0.00,0.00
6.16,-79.49,9.30,-0.23,2.13,-0.04,-0.02,-0.00,-0.39,-0.80,9.82,-0.00,-0.00,-0.00
6.18,-79.49,9.30,-0.23,2.14,-0.04,-0.02,-0.00,-0.40,-0.80,9.81,-0.00,-0.00,0.00
6.19,-79.49,9.30,-0.24,2.13,-0.04,-0.02,-0.00,-0.39,-0.80,9.81,-0.00,-0.00,0.00
6.20,-79.49,9.30,-0.24,2.13,-0.04,-0.02,-0.00,-0.39,-0.80,9.80,-0.00,-0.00,0.00
6.21,-79.48,9.30,-0.24,2.12,-0.04,-0.02,-0.00,-0.39,-0.80,9.81,-0.00,-0.00,0.00
6.22,-79.48,9.30,-0.25,2.14,-0.04,-0.02,-0.00,-0.40,-0.80,9.80,-0.00,-0.00,0.00
6.23,-79.48,9.30,-0.26,2.13,-0.04,-0.02,-0.00,-0.40,-0.80,9.80,-0.00,-0.00,0.00
6.25,-79.47,9.32,-0.26,2.13,-0.04,-0.02,-0.00,-0.40,-0.80,9.79,-0.00,-0.00,0.00
6.26,-79.47,9.31,-0.25,2.12,-0.04,-0.02,-0.01,-0.39,-0.81,9.80,-0.00,-0.00,0.00
6.28,-79.46,9.30,-0.24,2.12,-0.04,-0.01,-0.01,-0.39,-0.81,9.81,-0.00,-0.00,-0.00
6.29,-79.46,9.31,-0.23,2.12,-0.04,-0.01,-0.01,-0.39,-0.80,9.80,-0.00,-0.00,-0.00
6.30,-79.46,9.31,-0.24,2.12,-0.04,-0.01,-0.01,-0.40,-0.80,9.81,-0.00,-0.00,-0.00
6.32,-79.46,9.31,-0.23,2.13,-0.04,-0.02,-0.01,-0.41,-0.82,9.81,-0.00,-0.00,-0.00
6.32,-79.47,9.31,-0.22,2.13,-0.04,-0.02,-0.01,-0.41,-0.81,9.81,-0.00,-0.00,0.00
6.35,-79.47,9.31,-0.22,2.13,-0.04,-0.02,-0.01,-0.40,-0.81,9.81,-0.00,-0.00,0.00
6.36,-79.47,9.30,-0.23,2.13,-0.04,-0.02,-0.01,-0.40,-0.82,9.82,-0.00,-0.00,-0.00
6.38,-79.47,9.30,-0.23,2.13,-0.04,-0.02,-0.00,-0.40,-0.82,9.81,-0.00,-0.00,-0.00
6.41,-79.48,9.29,-0.22,2.12,-0.05,-0.02,-0.00,-0.41,-0.81,9.81,-0.00,-0.00,0.00
6.42,-79.48,9.30,-0.22,2.12,-0.05,-0.02,-0.00,-0.40,-0.81,9.80,-0.00,-0.00,0.00
6.45,-79.49,9.30,-0.22,2.12,-0.05,-0.02,-0.00,-0.40,-0.79,9.81,-0.00,-0.00,0.00
6.47,-79.49,9.30,-0.22,2.12,-0.05,-0.02,0.00,-0.40,-0.80,9.80,-0.00,-0.00,0.00
6.48,-79.49,9.30,-0.22,2.12,-0.05,-0.02,0.00,-0.40,-0.78,9.80,-0.00,-0.00,0.00
6.49,-79.49,9.30,-0.23,2.12,-0.05,-0.02,0.00,-0.40,-0.79,9.79,-0.00,-0.00,0.00
6.50,-79.49,9.30,-0.23,2.12,-0.05,-0.02,0.00,-0.40,-0.79,9.78,-0.00,-0.00,0.00
6.52,-79.50,9.30,-0.23,2.12,-0.05,-0.02,0.00,-0.40,-0.79,9.79,-0.00,-0.00,0.00
6.53,-79.50,9.30,-0.23,2.11,-0.04,-0.02,0.00,-0.41,-0.80,9.80,-0.00,-0.00,0.00
6.54,-79.51,9.31,-0.24,2.12,-0.04,-0.02,0.00,-0.41,-0.81,9.81,-0.00,-0.00,0.00
6.56,-79.51,9.30,-0.25,2.13,-0.04,-0.02,0.00,-0.40,-0.82,9.80,-0.00,-0.00,0.00
6.58,-79.51,9.30,-0.26,2.12,-0.04,-0.02,0.00,-0.39,-0.82,9.81,-0.00,-0.00,0.00
6.59,-79.51,9.31,-0.25,2.11,-0.04,-0.02,0.00,-0.39,-0.82,9.82,-0.00,-0.00,0.00
6.60,-79.51,9.31,-0.25,2.11,-0.04,-0.02,0.00,-0.38,-0.81,9.80,-0.00,-0.00,0.00
6.61,-79.51,9.31,-0.25,2.12,-0.04,-0.02,0.00,-0.38,-0.80,9.80,-0.00,-0.00,0.00
6.63,-79.51,9.31,-0.25,2.12,-0.04,-0.02,0.00,-0.40,-0.80,9.81,-0.00,-0.00,0.00
6.65,-79.51,9.31,-0.25,2.11,-0.04,-0.02,0.00,-0.41,-0.81,9.81,-0.00,-0.00,0.00
6.67,-79.54,9.32,-0.27,2.12,-0.04,-0.02,-0.00,-0.40,-0.81,9.80,-0.00,-0.00,0.00
6.71,-79.54,9.32,-0.27,2.12,-0.04,-0.02,-0.01,-0.39,-0.81,9.80,-0.00,-0.00,0.00
6.74,-79.54,9.31,-0.26,2.12,-0.04,-0.02,-0.01,-0.39,-0.81,9.80,-0.00,-0.00,-0.00
6.75,-79.54,9.30,-0.26,2.11,-0.04,-0.02,-0.01,-0.40,-0.81,9.79,0.00,-0.00,-0.00
6.76,-79.55,9.31,-0.25,2.11,-0.04,-0.02,-0.01,-0.41,-0.81,9.80,0.00,-0.00,-0.00
6.78,-79.55,9.31,-0.25,2.11,-0.04,-0.02,-0.01,-0.39,-0.80,9.81,0.00,-0.00,0.00
6.80,-79.56,9.31,-0.24,2.10,-0.04,-0.02,-0.01,-0.37,-0.79,9.80,0.00,-0.00,-0.00
6.81,-79.56,9.32,-0.23,2.10,-0.04,-0.02,-0.01,-0.37,-0.79,9.80,0.00,-0.00,-0.00
6.82,-79.55,9.33,-0.23,2.09,-0.04,-0.02,-0.01,-0.38,-0.79,9.80,0.00,-0.00,-0.00
6.83,-79.55,9.32,-0.23,2.10,-0.04,-0.01,-0.02,-0.38,-0.79,9.80,0.00,-0.00,-0.00
6.84,-79.56,9.33,-0.24,2.09,-0.04,-0.01,-0.02,-0.39,-0.80,9.81,0.00,-0.00,-0.00
6.86,-79.57,9.32,-0.25,2.10,-0.05,-0.01,-0.02,-0.39,-0.81,9.81,0.00,-0.00,-0.00
6.87,-79.57,9.32,-0.25,2.11,-0.05,-0.01,-0.02,-0.38,-0.81,9.81,0.00,0.00,-0.00
6.88,-79.56,9.32,-0.25,2.11,-0.05,-0.01,-0.02,-0.38,-0.82,9.81,0.00,0.00,-0.00
6.89,-79.55,9.31,-0.25,2.12,-0.05,-0.01,-0.02,-0.38,-0.81,9.81,0.00,0.00,-0.00
6.91,-79.55,9.30,-0.25,2.11,-0.05,-0.01,-0.02,-0.37,-0.80,9.79,0.00,0.00,-0.00
6.92,-79.54,9.30,-0.24,2.12,-0.05,-0.01,-0.02,-0.38,-0.79,9.80,0.00,0.00,-0.01
6.95,-79.53,9.30,-0.23,2.14,-0.05,-0.01,-0.02,-0.41,-0.79,9.81,0.00,0.00,-0.01
6.96,-79.53,9.29,-0.22,2.14,-0.05,-0.01,-0.02,-0.43,-0.78,9.81,0.00,-0.00,-0.01
6.97,-79.53,9.28,-0.21,2.15,-0.05,-0.01,-0.02,-0.45,-0.78,9.81,0.00,-0.00,-0.01
6.98,-79.53,9.28,-0.20,2.16,-0.05,-0.01,-0.02,-0.44,-0.77,9.82,0.00,-0.00,-0.00
7.00,-79.53,9.27,-0.18,2.15,-0.05,-0.02,-0.01,-0.45,-0.76,9.80,0.00,-0.00,-0.00
7.01,-79.54,9.27,-0.17,2.15,-0.04,-0.02,-0.01,-0.45,-0.74,9.78,-0.00,-0.00,-0.00
7.02,-79.54,9.27,-0.16,2.14,-0.04,-0.02,-0.00,-0.43,-0.73,9.80,-0.01,-0.00,0.00
7.04,-79.55,9.28,-0.16,2.13,-0.04,-0.02,0.01,-0.45,-0.74,9.79,-0.01,-0.00,0.00
7.05,-79.57,9.28,-0.16,2.13,-0.04,-0.02,0.01,-0.44,-0.74,9.81,-0.01,-0.00,0.01
7.06,-79.58,9.29,-0.18,2.14,-0.04,-0.02,0.02,-0.44,-0.75,9.81,-0.01,-0.00,0.01
7.08,-79.59,9.29,-0.19,2.13,-0.04,-0.02,0.03,-0.42,-0.76,9.81,-0.01,-0.00,0.01
7.10,-79.59,9.31,-0.24,2.12,-0.04,-0.03,0.03,-0.40,-0.81,9.80,-0.01,-0.00,0.01
7.11,-79.60,9.32,-0.27,2.09,-0.04,-0.02,0.03,-0.37,-0.83,9.82,-0.01,-0.00,0.01
7.13,-79.61,9.33,-0.28,2.08,-0.04,-0.02,0.03,-0.36,-0.85,9.82,-0.01,-0.00,0.01
7.15,-79.60,9.34,-0.31,2.05,-0.04,-0.02,0.02,-0.32,-0.86,9.83,-0.00,-0.00,0.01
7.17,-79.59,9.34,-0.32,2.06,-0.05,-0.02,0.02,-0.32,-0.87,9.81,-0.00,-0.00,0.01
7.18,-79.59,9.34,-0.34,2.06,-0.05,-0.01,0.00,-0.32,-0.88,9.82,0.00,0.00,0.00
7.20,-79.58,9.34,-0.34,2.07,-0.05,-0.01,-0.01,-0.34,-0.87,9.83,0.00,0.00,-0.00
7.21,-79.57,9.33,-0.33,2.10,-0.05,-0.01,-0.02,-0.37,-0.87,9.81,0.00,0.00,-0.01
7.22,-79.57,9.33,-0.32,2.11,-0.05,-0.01,-0.02,-0.39,-0.86,9.81,0.01,0.00,-0.01
7.24,-79.57,9.32,-0.30,2.11,-0.05,-0.01,-0.03,-0.41,-0.84,9.80,0.01,0.00,-0.01
7.26,-79.57,9.30,-0.25,2.13,-0.05,-0.01,-0.04,-0.42,-0.79,9.80,0.01,0.00,-0.01
7.27,-79.57,9.28,-0.23,2.14,-0.05,-0.01,-0.04,-0.44,-0.77,9.80,0.01,-0.00,-0.01
7.29,-79.57,9.28,-0.21,2.14,-0.04,-0.01,-0.03,-0.45,-0.75,9.80,0.01,-0.00,-0.01
7.30,-79.58,9.28,-0.20,2.14,-0.04,-0.01,-0.03,-0.44,-0.74,9.80,0.00,-0.00,-0.01
7.31,-79.58,9.29,-0.19,2.14,-0.04,-0.02,-0.02,-0.44,-0.75,9.79,0.00,-0.00,-0.01
7.33,-79.59,9.29,-0.18,2.13,-0.04,-0.02,-0.02,-0.45,-0.75,9.80,0.00,-0.00,-0.00
7.35,-79.60,9.29,-0.18,2.12,-0.04,-0.02,-0.01,-0.42,-0.76,9.80,-0.00,-0.00,0.00
7.36,-79.60,9.30,-0.20,2.12,-0.04,-0.02,-0.01,-0.40,-0.77,9.80,-0.00,-0.00,0.00
7.38,-79.60,9.30,-0.20,2.11,-0.04,-0.02,-0.00,-0.39,-0.78,9.79,-0.00,-0.00,0.00
7.39,-79.59,9.31,-0.22,2.12,-0.04,-0.02,0.00,-0.37,-0.79,9.80,-0.00,-0.00,0.00
7.40,-79.58,9.31,-0.23,2.11,-0.04,-0.02,0.00,-0.37,-0.80,9.81,-0.00,-0.00,0.00
7.42,-79.57,9.32,-0.23,2.12,-0.04,-0.02,0.00,-0.37,-0.81,9.81,-0.00,-0.00,0.00
7.43,-79.56,9.31,-0.23,2.11,-0.04,-0.02,0.00,-0.38,-0.82,9.82,-0.00,-0.00,0.00
7.44,-79.56,9.32,-0.24,2.11,-0.04,-0.02,0.00,-0.38,-0.82,9.81,-0.00,-0.00,0.00
7.46,-79.55,9.31,-0.23,2.11,-0.04,-0.01,-0.00,-0.38,-0.81,9.81,-0.00,-0.00,0.00
7.47,-79.55,9.31,-0.23,2.12,-0.04,-0.01,-0.00,-0.38,-0.80,9.80,-0.00,-0.00,0.00
7.48,-79.54,9.31,-0.23,2.11,-0.04,-0.01,-0.00,-0.39,-0.80,9.81,-0.00,-0.00,0.00
7.50,-79.54,9.31,-0.23,2.10,-0.04,-0.01,-0.00,-0.39,-0.80,9.81,-0.00,-0.00,0.00
7.51,-79.55,9.31,-0.24,2.11,-0.04,-0.01,-0.00,-0.40,-0.80,9.81,-0.00,-0.00,0.00
7.52,-79.55,9.31,-0.24,2.12,-0.04,-0.01,-0.00,-0.41,-0.79,9.80,-0.00,-0.00,0.00
7.53,-79.55,9.31,-0.24,2.13,-0.04,-0.01,-0.00,-0.41,-0.80,9.81,-0.00,-0.00,0.00
7.54,-79.55,9.30,-0.23,2.13,-0.04,-0.01,-0.00,-0.40,-0.81,9.82,-0.00,-0.00,0.00
7.56,-79.54,9.29,-0.23,2.13,-0.05,-0.02,-0.00,-0.41,-0.81,9.82,-0.00,-0.00,0.00
7.57,-79.53,9.29,-0.23,2.15,-0.05,-0.02,-0.00,-0.41,-0.80,9.80,-0.00,-0.00,0.00
7.59,-79.53,9.29,-0.22,2.14,-0.05,-0.02,-0.00,-0.42,-0.80,9.80,-0.00,-0.00,0.00
7.61,-79.52,9.29,-0.23,2.13,-0.05,-0.02,-0.00,-0.41,-0.79,9.80,-0.00,-0.00,0.00
7.62,-79.52,9.29,-0.22,2.14,-0.05,-0.02,0.00,-0.41,-0.79,9.80,-0.00,-0.00,0.00
7.63,-79.52,9.30,-0.22,2.14,-0.05,-0.02,0.00,-0.41,-0.79,9.80,-0.00,-0.00,0.00
7.65,-79.52,9.29,-0.22,2.14,-0.05,-0.02,0.01,-0.41,-0.78,9.80,-0.00,-0.00,0.00
7.67,-79.52,9.30,-0.23,2.13,-0.04,-0.02,0.01,-0.41,-0.79,9.81,-0.00,-0.00,0.00
7.68,-79.53,9.29,-0.24,2.12,-0.04,-0.02,0.01,-0.41,-0.80,9.79,-0.00,-0.00,0.01
7.70,-79.53,9.30,-0.24,2.12,-0.04,-0.02,0.01,-0.41,-0.81,9.80,-0.00,-0.00,0.01
7.71,-79.54,9.30,-0.25,2.12,-0.04,-0.02,0.01,-0.41,-0.80,9.80,-0.00,-0.00,0.01
7.73,-79.54,9.30,-0.25,2.11,-0.04,-0.02,0.01,-0.39,-0.80,9.80,-0.00,-0.00,0.01
7.74,-79.55,9.31,-0.25,2.10,-0.04,-0.02,0.01,-0.37,-0.80,9.79,-0.00,-0.00,0.01
7.75,-79.54,9.32,-0.26,2.09,-0.04,-0.02,0.01,-0.36,-0.81,9.79,-0.00,-0.00,0.01
7.76,-79.54,9.32,-0.27,2.09,-0.04,-0.02,0.00,-0.35,-0.82,9.79,-0.00,-0.00,-0.00
7.78,-79.54,9.33,-0.28,2.11,-0.05,-0.02,-0.01,-0.37,-0.84,9.80,-0.00,-0.00,-0.00
7.80,-79.54,9.32,-0.27,2.10,-0.05,-0.02,-0.01,-0.38,-0.85,9.81,0.00,-0.00,-0.00
7.82,-79.54,9.33,-0.28,2.11,-0.05,-0.01,-0.02,-0.39,-0.83,9.81,0.00,-0.00,-0.00
7.84,-79.54,9.33,-0.27,2.11,-0.05,-0.01,-0.02,-0.38,-0.81,9.81,0.00,-0.00,-0.01
7.85,-79.53,9.32,-0.26,2.11,-0.04,-0.01,-0.02,-0.37,-0.79,9.81,0.00,-0.00,-0.01
7.87,-79.53,9.32,-0.25,2.11,-0.04,-0.01,-0.03,-0.40,-0.78,9.81,-0.00,-0.00,-0.01
7.89,-79.53,9.32,-0.25,2.12,-0.04,-0.01,-0.03,-0.42,-0.80,9.81,-0.00,0.00,-0.01
7.90,-79.54,9.31,-0.24,2.12,-0.03,-0.01,-0.03,-0.43,-0.81,9.81,0.00,0.00,-0.01
7.91,-79.56,9.31,-0.24,2.13,-0.04,-0.01,-0.02,-0.43,-0.82,9.80,0.00,0.00,-0.00
7.93,-79.56,9.30,-0.24,2.13,-0.04,-0.01,-0.02,-0.42,-0.82,9.80,0.00,-0.00,-0.00
7.94,-79.57,9.28,-0.21,2.12,-0.04,-0.01,-0.01,-0.44,-0.81,9.79,0.00,-0.00,-0.00
7.99,-79.58,9.29,-0.20,2.11,-0.04,-0.02,-0.01,-0.43,-0.79,9.80,0.00,-0.00,-0.00
8.00,-79.59,9.30,-0.19,2.12,-0.04,-0.02,-0.00,-0.42,-0.78,9.79,-0.00,-0.00,0.00
8.01,-79.59,9.30,-0.19,2.11,-0.04,-0.02,0.00,-0.40,-0.77,9.80,-0.00,-0.00,0.00
8.03,-79.59,9.30,-0.20,2.11,-0.04,-0.02,0.00,-0.40,-0.76,9.80,-0.00,-0.00,0.00
8.04,-79.59,9.30,-0.21,2.10,-0.04,-0.02,0.01,-0.39,-0.77,9.81,-0.00,-0.00,0.00
8.06,-79.59,9.31,-0.24,2.09,-0.04,-0.02,0.01,-0.38,-0.80,9.81,-0.00,-0.00,0.00
8.07,-79.60,9.32,-0.25,2.08,-0.04,-0.02,0.01,-0.37,-0.82,9.81,-0.00,-0.00,0.00
8.10,-79.58,9.33,-0.25,2.08,-0.04,-0.01,-0.00,-0.33,-0.84,9.82,-0.00,-0.00,0.00
8.11,-79.57,9.34,-0.25,2.07,-0.04,-0.01,-0.01,-0.32,-0.84,9.81,0.00,0.00,-0.00
8.13,-79.55,9.34,-0.24,2.08,-0.04,-0.01,-0.02,-0.31,-0.83,9.82,0.00,0.00,-0.00
8.14,-79.54,9.35,-0.24,2.09,-0.04,-0.01,-0.02,-0.31,-0.82,9.82,0.00,0.00,-0.01
8.15,-79.51,9.36,-0.24,2.12,-0.04,-0.01,-0.03,-0.34,-0.82,9.84,0.00,0.00,-0.01
8.17,-79.49,9.36,-0.28,2.14,-0.04,-0.00,-0.03,-0.36,-0.83,9.86,0.00,0.00,-0.02
8.18,-79.48,9.39,-0.28,2.18,-0.05,-0.00,-0.03,-0.42,-0.82,9.85,0.01,-0.00,-0.03
8.19,-79.44,9.44,-0.32,2.33,-0.04,-0.01,-0.05,-0.47,-0.85,9.83,0.00,-0.01,-0.05
8.21,-79.40,9.42,-0.30,2.40,-0.04,-0.01,-0.09,-0.61,-0.86,9.81,0.00,-0.01,-0.07
8.22,-79.40,9.34,-0.29,2.43,-0.03,-0.02,-0.11,-0.72,-0.89,9.82,-0.00,-0.02,-0.09
8.23,-79.42,9.30,-0.30,2.49,-0.03,-0.04,-0.11,-0.85,-0.93,9.94,-0.00,-0.03,-0.11
8.24,-79.42,9.28,-0.26,2.55,-0.01,-0.05,-0.10,-0.90,-0.92,9.93,0.00,-0.04,-0.09
8.26,-79.48,9.20,-0.21,2.55,0.01,-0.07,-0.08,-0.93,-0.81,9.80,0.01,-0.05,-0.03
8.28,-79.54,9.06,-0.09,2.45,0.06,-0.08,-0.06,-0.88,-0.64,9.70,0.01,-0.06,0.02
8.29,-79.60,9.22,0.13,2.23,0.09,-0.09,-0.07,-0.58,-0.53,9.71,-0.00,-0.07,0.04
8.31,-79.61,9.24,0.10,1.98,0.08,-0.08,-0.08,-0.30,-0.59,9.76,-0.01,-0.07,0.05
8.32,-79.63,9.30,0.05,1.79,0.06,-0.08,-0.08,-0.14,-0.62,9.80,-0.01,-0.06,0.04
8.33,-79.65,9.35,-0.03,1.71,0.03,-0.08,-0.06,-0.05,-0.66,9.84,-0.02,-0.05,0.03
8.35,-79.68,9.41,-0.07,1.71,0.01,-0.08,-0.03,-0.02,-0.75,9.88,-0.02,-0.04,0.01
8.36,-79.69,9.42,-0.16,1.75,-0.01,-0.07,-0.01,-0.01,-0.89,9.89,-0.01,-0.03,0.00
8.37,-79.71,9.37,-0.21,1.78,-0.04,-0.07,0.00,-0.03,-1.00,9.87,0.00,-0.02,-0.01
8.39,-79.72,9.32,-0.25,1.81,-0.07,-0.06,-0.00,-0.09,-1.08,9.81,0.01,-0.02,-0.01
8.40,-79.73,9.29,-0.30,1.86,-0.09,-0.06,-0.02,-0.17,-1.13,9.73,0.02,-0.02,-0.02
8.41,-79.77,9.27,-0.35,1.96,-0.12,-0.06,-0.05,-0.26,-1.18,9.66,0.02,-0.02,-0.04
8.42,-79.80,9.26,-0.40,2.10,-0.16,-0.06,-0.09,-0.44,-1.26,9.63,0.03,-0.02,-0.07
8.44,-79.82,9.27,-0.40,2.18,-0.18,-0.06,-0.11,-0.52,-1.28,9.67,0.04,-0.03,-0.09
8.46,-79.83,9.32,-0.36,2.23,-0.21,-0.05,-0.13,-0.58,-1.26,9.71,0.05,-0.04,-0.11
8.47,-79.86,9.34,-0.33,2.24,-0.22,-0.05,-0.14,-0.64,-1.21,9.74,0.06,-0.05,-0.12
8.48,-79.88,9.33,-0.28,2.24,-0.23,-0.05,-0.15,-0.68,-1.12,9.77,0.07,-0.05,-0.12
8.50,-79.93,9.27,-0.20,2.22,-0.23,-0.05,-0.15,-0.66,-1.04,9.80,0.08,-0.05,-0.11
8.51,-79.95,9.22,-0.11,2.17,-0.22,-0.05,-0.14,-0.60,-0.94,9.80,0.09,-0.06,-0.10
8.53,-79.94,9.16,-0.01,2.10,-0.21,-0.04,-0.12,-0.53,-0.83,9.78,0.10,-0.06,-0.08
8.54,-79.94,9.15,0.13,1.97,-0.21,-0.04,-0.09,-0.40,-0.63,9.71,0.10,-0.06,-0.07
8.56,-79.93,9.17,0.23,1.90,-0.21,-0.03,-0.06,-0.31,-0.55,9.68,0.09,-0.06,-0.05
8.57,-79.91,9.22,0.30,1.83,-0.22,-0.02,-0.02,-0.24,-0.49,9.67,0.09,-0.06,-0.04
8.58,-79.91,9.29,0.38,1.71,-0.24,0.00,0.05,-0.11,-0.43,9.68,0.07,-0.05,-0.00
8.60,-79.88,9.33,0.43,1.66,-0.24,0.02,0.10,-0.01,-0.37,9.72,0.06,-0.04,0.03
8.61,-79.76,9.33,0.46,1.64,-0.23,0.02,0.12,0.14,-0.29,9.79,0.04,-0.03,0.07
8.63,-79.70,9.35,0.54,1.62,-0.21,0.03,0.14,0.29,-0.14,9.84,0.02,-0.01,0.12
8.65,-79.50,9.42,0.53,1.63,-0.20,0.02,0.14,0.47,0.06,9.92,-0.01,0.01,0.13
8.66,-79.40,9.48,0.45,1.62,-0.19,0.02,0.14,0.51,0.13,9.94,-0.03,0.01,0.12
8.67,-79.21,9.61,0.28,1.62,-0.16,0.03,0.14,0.54,0.12,9.96,-0.05,0.02,0.09
8.69,-79.09,9.96,0.23,1.71,-0.14,0.06,0.13,0.39,-0.00,9.97,-0.06,0.03,0.04
8.72,-78.90,10.42,0.21,1.83,-0.18,0.13,0.09,0.31,-0.21,9.85,-0.05,0.05,0.02
8.73,-78.77,10.32,-0.11,1.54,-0.14,0.23,0.02,0.38,-0.43,9.69,-0.05,0.06,-0.03
8.74,-78.69,10.14,0.19,1.22,-0.10,0.30,-0.08,0.52,-0.53,9.62,-0.08,0.08,-0.04
8.75,-78.37,9.74,0.26,1.28,-0.20,0.44,-0.08,0.93,-0.60,9.63,-0.13,0.13,-0.07
8.77,-77.98,9.17,0.15,1.42,-0.20,0.51,-0.01,0.99,-0.56,9.50,-0.14,0.15,-0.08
8.79,-77.53,8.66,0.40,1.47,-0.29,0.56,0.09,0.94,-0.56,9.31,-0.16,0.16,-0.11
8.81,-77.05,8.84,0.04,1.49,-0.39,0.62,0.14,0.95,-0.66,9.19,-0.18,0.16,-0.14
8.82,-76.54,9.56,-0.89,1.62,-0.42,0.72,0.22,0.94,-0.83,9.11,-0.21,0.16,-0.18
8.83,-75.91,10.57,-1.08,1.58,-0.36,0.87,0.25,0.74,-1.01,9.31,-0.23,0.18,-0.23
8.84,-75.47,10.66,-0.93,1.19,-0.30,0.99,0.19,0.53,-1.38,9.70,-0.22,0.21,-0.28
8.86,-75.30,10.21,-0.91,1.11,-0.29,1.07,0.13,0.28,-1.67,10.07,-0.17,0.28,-0.25
8.87,-75.19,9.82,-1.00,1.42,-0.27,1.11,0.12,-0.20,-1.59,10.02,-0.13,0.37,-0.13
8.88,-75.26,9.76,-1.04,1.66,-0.25,1.15,0.23,-0.39,-1.34,9.94,-0.11,0.47,0.05
8.90,-75.16,9.94,-0.92,2.01,-0.22,1.18,0.29,-0.34,-1.20,9.95,-0.09,0.53,0.14
8.91,-74.76,10.85,-0.54,2.08,-0.16,1.26,0.26,-0.27,-1.02,9.98,-0.07,0.58,0.21
8.93,-74.40,10.31,-0.76,2.91,-0.08,1.41,-0.03,-0.40,-0.90,10.05,-0.03,0.67,0.21
8.95,-74.09,9.59,-0.91,3.39,-0.08,1.44,-0.07,-0.64,-1.09,10.01,0.01,0.70,0.12
8.96,-73.38,8.92,-1.18,4.03,-0.10,1.48,-0.05,-0.98,-1.33,9.87,0.04,0.70,0.05
8.98,-72.37,8.42,-1.14,4.70,-0.14,1.51,0.07,-1.59,-1.63,9.88,0.06,0.69,-0.03
9.00,-71.53,8.27,-1.05,5.21,-0.20,1.53,0.17,-2.12,-1.79,10.06,0.08,0.68,-0.03
9.01,-71.03,8.18,-1.05,5.47,-0.23,1.54,0.22,-2.34,-1.76,10.11,0.11,0.67,0.00
9.02,-69.99,8.05,-0.99,5.75,-0.27,1.56,0.27,-2.51,-1.52,10.01,0.15,0.65,0.08
9.04,-69.28,8.06,-0.86,5.89,-0.28,1.58,0.27,-2.47,-1.23,9.85,0.16,0.62,0.10
9.05,-68.13,7.94,-0.58,6.17,-0.29,1.63,0.21,-2.52,-0.76,9.65,0.17,0.56,0.07
9.07,-67.29,7.73,-0.40,6.33,-0.27,1.67,0.17,-2.58,-0.47,9.56,0.16,0.52,0.04
9.08,-66.63,7.56,-0.32,6.43,-0.25,1.69,0.15,-2.65,-0.33,9.62,0.15,0.48,0.02
9.09,-65.54,7.28,-0.26,6.53,-0.23,1.71,0.12,-2.71,-0.24,9.64,0.15,0.45,0.00
9.10,-64.70,6.99,-0.28,6.58,-0.20,1.72,0.10,-2.73,-0.21,9.65,0.14,0.41,-0.01
9.11,-63.79,6.76,-0.34,6.59,-0.18,1.72,0.11,-2.74,-0.26,9.65,0.12,0.38,-0.03
9.12,-61.93,6.33,-0.48,6.65,-0.14,1.69,0.14,-2.79,-0.43,9.62,0.11,0.31,-0.06
9.14,-60.86,6.23,-0.56,6.71,-0.10,1.67,0.17,-2.77,-0.51,9.60,0.09,0.27,-0.06
9.15,-59.70,6.18,-0.68,6.83,-0.06,1.65,0.19,-2.70,-0.60,9.61,0.07,0.22,-0.03
9.17,-57.73,6.08,-0.76,6.98,-0.01,1.60,0.20,-2.53,-0.71,9.65,0.07,0.18,0.01
9.19,-56.32,5.92,-0.84,6.99,0.00,1.56,0.22,-2.37,-0.73,9.64,0.07,0.16,0.02
9.20,-55.52,5.88,-0.86,7.03,0.01,1.54,0.23,-2.28,-0.70,9.62,0.07,0.15,0.03
9.21,-53.64,5.79,-0.72,7.24,0.05,1.48,0.21,-2.30,-0.54,9.53,0.06,0.11,0.03
9.24,-52.41,5.57,-0.60,7.38,0.08,1.46,0.19,-2.44,-0.38,9.44,0.04,0.10,0.04
9.25,-51.43,5.42,-0.50,7.49,0.09,1.43,0.18,-2.47,-0.31,9.48,0.03,0.09,0.08
9.26,-50.44,5.27,-0.45,7.67,0.11,1.39,0.16,-2.43,-0.24,9.53,0.01,0.09,0.13
9.27,-49.17,5.13,-0.42,7.84,0.15,1.35,0.14,-2.34,-0.23,9.60,-0.02,0.08,0.19
9.30,-47.42,4.99,-0.51,7.84,0.17,1.29,0.15,-2.19,-0.23,9.54,-0.05,0.08,0.21
9.31,-46.46,4.85,-0.58,7.85,0.17,1.25,0.16,-2.05,-0.31,9.42,-0.06,0.09,0.21
9.32,-45.49,4.72,-0.69,7.89,0.17,1.20,0.17,-1.93,-0.38,9.42,-0.08,0.09,0.19
9.33,-44.54,4.66,-0.68,7.93,0.18,1.16,0.18,-1.85,-0.48,9.46,-0.09,0.10,0.17
9.35,-43.03,4.81,-0.76,8.13,0.16,1.09,0.16,-1.73,-0.62,9.59,-0.10,0.11,0.16
9.37,-42.26,4.82,-0.74,8.10,0.14,1.05,0.15,-1.57,-0.68,9.63,-0.09,0.13,0.18
9.38,-40.88,4.90,-0.84,8.01,0.07,0.96,0.06,-1.39,-0.74,9.58,-0.10,0.17,0.13
9.41,-40.03,4.77,-0.91,8.08,0.04,0.92,0.03,-1.43,-0.73,9.51,-0.09,0.19,0.09
9.42,-39.58,4.68,-0.89,8.09,0.01,0.91,-0.00,-1.61,-0.75,9.30,-0.09,0.21,0.04
9.45,-39.13,4.55,-0.87,8.12,-0.03,0.90,-0.06,-1.76,-0.77,9.15,-0.10,0.23,-0.00
9.46,-38.70,4.35,-0.80,8.14,-0.06,0.90,-0.08,-1.86,-0.72,9.09,-0.11,0.25,-0.03
9.47,-38.26,4.18,-0.76,8.22,-0.08,0.89,-0.11,-1.92,-0.72,9.18,-0.11,0.25,-0.04
9.48,-37.93,4.07,-0.70,8.28,-0.09,0.88,-0.12,-1.99,-0.69,9.34,-0.11,0.26,-0.05
9.49,-37.37,3.97,-0.88,8.50,-0.10,0.87,-0.13,-2.01,-0.65,9.50,-0.12,0.27,-0.06
9.51,-36.37,3.90,-0.75,8.88,-0.12,0.85,-0.11,-2.16,-0.71,9.39,-0.14,0.28,-0.12
9.53,-35.84,3.70,-0.72,8.97,-0.14,0.84,-0.09,-2.34,-0.80,9.33,-0.15,0.30,-0.13
9.55,-35.22,3.53,-0.94,8.95,-0.14,0.83,-0.05,-2.34,-0.90,9.34,-0.16,0.31,-0.13
9.56,-34.58,3.40,-1.06,8.91,-0.14,0.83,-0.01,-2.49,-1.00,9.39,-0.16,0.33,-0.13
9.58,-33.98,3.31,-1.13,9.16,-0.14,0.82,0.03,-2.57,-1.00,9.46,-0.16,0.34,-0.13
9.59,-33.62,3.25,-1.16,9.35,-0.12,0.82,0.04,-2.61,-0.96,9.49,-0.16,0.35,-0.12
9.60,-33.33,3.17,-1.11,9.53,-0.10,0.82,0.07,-2.73,-0.88,9.54,-0.16,0.36,-0.11
9.61,-33.14,3.08,-0.94,9.66,-0.08,0.82,0.09,-2.92,-0.78,9.64,-0.17,0.36,-0.09
9.63,-32.80,2.92,-0.85,9.81,-0.06,0.83,0.12,-3.02,-0.72,9.69,-0.17,0.37,-0.05
9.64,-32.52,2.74,-0.74,9.87,-0.05,0.82,0.16,-3.20,-0.67,9.76,-0.17,0.38,-0.01
9.65,-32.28,2.50,-0.81,10.03,-0.03,0.82,0.20,-3.42,-0.75,9.77,-0.17,0.38,0.04
9.67,-31.90,2.26,-0.96,10.19,-0.02,0.82,0.22,-3.53,-0.88,9.76,-0.17,0.38,0.08
9.68,-31.61,1.92,-1.18,10.32,-0.00,0.82,0.24,-3.74,-1.20,9.65,-0.15,0.37,0.12
9.69,-31.01,1.47,-1.43,10.35,0.00,0.84,0.29,-4.06,-1.46,9.31,-0.14,0.33,0.15
9.71,-30.38,1.24,-1.51,10.26,0.01,0.90,0.36,-4.07,-1.53,9.09,-0.12,0.27,0.16
9.73,-29.97,1.36,-1.45,10.12,0.01,0.92,0.37,-3.99,-1.56,9.21,-0.12,0.24,0.15
9.75,-29.45,1.74,-1.34,10.04,0.02,0.97,0.35,-3.75,-1.47,9.38,-0.11,0.22,0.14
9.76,-28.85,1.89,-1.15,10.06,0.02,1.00,0.31,-3.57,-1.33,9.41,-0.10,0.22,0.12
9.78,-28.20,1.81,-1.17,10.01,0.05,1.04,0.27,-3.48,-1.27,9.41,-0.10,0.22,0.12
9.80,-27.70,1.78,-1.18,9.90,0.09,1.06,0.29,-3.32,-1.26,9.46,-0.10,0.22,0.14
9.81,-27.15,1.90,-1.19,9.77,0.13,1.07,0.29,-2.85,-1.26,9.64,-0.09,0.25,0.17
9.82,-26.63,2.20,-1.16,9.69,0.16,1.06,0.26,-2.56,-1.21,9.70,-0.09,0.27,0.18
9.84,-26.24,2.33,-1.14,9.67,0.18,1.05,0.22,-2.44,-1.19,9.73,-0.08,0.31,0.17
9.85,-25.81,2.37,-1.08,9.65,0.17,1.03,0.11,-2.36,-1.22,9.75,-0.07,0.35,0.17
9.86,-25.50,2.23,-1.09,9.61,0.16,1.03,0.07,-2.28,-1.27,9.77,-0.05,0.37,0.15
9.87,-24.97,1.82,-1.14,9.51,0.12,0.98,-0.02,-2.28,-1.27,9.66,-0.05,0.41,0.14
9.88,-24.56,1.67,-1.11,9.53,0.09,0.94,-0.09,-2.39,-1.34,9.64,-0.05,0.45,0.13
9.89,-24.05,1.26,-1.35,9.73,0.07,0.90,-0.08,-2.60,-1.34,9.73,-0.04,0.51,0.14
9.92,-23.71,1.25,-1.11,9.80,0.07,0.86,-0.05,-2.94,-1.27,9.84,-0.03,0.56,0.16
9.94,-23.54,1.13,-1.05,10.03,0.05,0.84,0.03,-3.14,-1.22,9.92,-0.03,0.60,0.19
9.95,-23.27,0.93,-0.95,10.11,0.04,0.79,0.10,-3.32,-1.22,9.96,-0.03,0.66,0.26
9.97,-22.79,0.70,-0.92,10.36,0.01,0.73,0.33,-3.15,-1.27,10.05,-0.02,0.71,0.36
9.99,-22.70,1.13,-0.96,10.26,-0.02,0.70,0.39,-2.96,-1.23,10.11,-0.02,0.75,0.40
10.00,-22.87,1.83,-0.99,10.12,-0.03,0.68,0.43,-2.59,-1.20,10.22,-0.02,0.82,0.44
10.02,-23.23,2.60,-1.10,9.92,-0.03,0.67,0.46,-2.34,-1.14,10.33,-0.01,0.91,0.49
10.03,-23.79,3.28,-1.37,9.91,-0.00,0.68,0.48,-1.91,-0.98,10.57,0.03,1.00,0.49
10.04,-24.38,3.81,-1.55,9.90,0.05,0.69,0.47,-1.30,-0.83,11.11,0.09,1.12,0.43
10.06,-24.77,4.26,-1.55,9.87,0.06,0.68,0.41,-0.53,-0.80,11.63,0.15,1.22,0.34
10.07,-25.31,4.72,-1.41,10.01,0.05,0.64,0.30,0.03,-0.65,12.02,0.19,1.29,0.21
10.08,-25.91,5.01,-0.93,10.15,0.08,0.53,0.19,0.34,-0.25,12.34,0.25,1.43,0.04
10.10,-26.35,5.14,-0.62,10.10,0.11,0.43,0.14,0.05,0.06,12.43,0.25,1.59,0.02
10.11,-27.61,5.62,-0.08,9.96,0.19,0.22,0.14,-0.08,0.59,12.68,0.21,1.71,0.10
10.12,-28.95,6.28,0.34,10.00,0.29,0.00,0.24,0.01,1.19,13.12,0.14,1.84,0.25
10.13,-30.57,7.05,0.80,10.06,0.45,-0.21,0.40,0.23,1.61,13.54,0.07,1.98,0.44
10.15,-32.96,7.81,1.76,10.15,0.69,-0.45,0.63,-0.07,1.70,14.41,-0.10,2.14,0.67
10.16,-35.59,7.72,2.07,10.47,0.86,-0.61,0.56,-0.19,0.52,14.82,-0.18,2.30,0.75
10.17,-37.88,5.86,1.40,10.53,0.89,-0.72,0.13,0.43,-0.29,14.15,-0.23,2.40,0.74
10.21,-39.47,4.06,0.07,10.63,0.79,-0.92,-0.42,0.13,-0.38,12.96,-0.37,2.37,0.49
10.22,-40.96,2.94,-0.91,10.90,0.68,-1.17,-0.88,-1.17,-1.06,12.07,-0.45,2.26,0.09
10.23,-43.48,1.84,-1.25,11.89,0.45,-1.61,-0.94,-2.98,-2.55,10.20,-0.42,1.89,-0.82
10.25,-45.07,1.73,-1.12,12.21,0.30,-1.74,-0.83,-4.71,-2.91,8.96,-0.36,1.74,-1.07
10.26,-48.24,1.30,-1.22,12.81,0.08,-1.80,-0.65,-7.30,-4.03,7.43,-0.16,1.38,-1.15
10.28,-51.10,0.49,-1.15,13.29,-0.03,-1.78,-0.50,-8.57,-4.33,6.56,-0.05,1.09,-0.85
10.29,-53.52,-0.21,-1.10,13.36,-0.06,-1.76,-0.44,-9.12,-3.96,6.07,-0.09,0.78,-0.47
10.31,-54.69,-0.78,-1.14,13.32,-0.06,-1.78,-0.40,-9.04,-3.68,5.65,-0.08,0.36,-0.15
10.32,-56.14,-1.59,-1.22,12.95,-0.04,-1.86,-0.35,-8.42,-2.91,5.09,0.02,-0.09,0.08
10.33,-56.55,-1.73,-1.04,12.39,-0.03,-1.97,-0.40,-7.98,-2.27,4.63,0.13,-0.55,0.17
10.34,-57.18,-2.08,-1.07,11.65,-0.05,-2.09,-0.49,-7.37,-1.39,3.79,0.32,-1.22,-0.01
10.36,-57.60,-2.19,-1.00,10.91,-0.09,-2.16,-0.55,-7.02,-1.23,3.11,0.50,-1.53,-0.21
10.37,-57.63,-1.96,-0.82,10.20,-0.20,-2.21,-0.61,-6.92,-1.59,2.78,0.67,-2.01,-0.64
10.39,-57.61,-1.66,-0.76,9.69,-0.33,-2.21,-0.68,-6.87,-2.57,2.70,0.94,-2.43,-1.01
10.40,-57.11,-1.78,-1.00,9.17,-0.44,-2.14,-0.79,-6.97,-2.92,2.62,1.15,-2.87,-1.10
10.42,-56.45,-2.10,-1.13,8.92,-0.48,-2.07,-0.85,-7.21,-2.58,2.42,1.24,-3.15,-1.00
10.43,-55.60,-2.22,-1.17,8.67,-0.51,-1.98,-0.90,-7.43,-2.04,2.30,1.30,-3.45,-0.89
10.44,-54.45,-2.58,-0.99,8.43,-0.54,-1.89,-0.99,-7.67,-1.68,2.36,1.35,-3.74,-0.84
10.46,-51.79,-2.57,-0.90,8.46,-0.61,-1.66,-1.04,-7.80,-1.39,2.70,1.42,-4.21,-0.79
10.48,-48.81,-2.49,-0.55,8.17,-0.58,-1.38,-1.00,-7.67,-1.16,3.29,1.40,-4.54,-0.64
10.49,-46.72,-2.46,-0.42,8.01,-0.57,-1.16,-0.94,-7.63,-1.10,3.64,1.38,-4.75,-0.48
10.50,-44.36,-2.53,-0.39,7.95,-0.55,-0.99,-0.87,-7.62,-1.06,4.20,1.34,-4.91,-0.36
10.52,-40.88,-2.67,-0.42,7.87,-0.49,-0.68,-0.66,-7.58,-1.08,4.85,1.25,-5.17,-0.17
10.53,-36.47,-2.90,-0.34,7.70,-0.45,-0.40,-0.38,-7.57,-1.01,5.60,1.10,-5.34,0.11
10.54,-32.19,-2.81,-0.13,7.78,-0.41,-0.17,-0.15,-7.45,-0.87,6.26,0.91,-5.46,0.41
10.56,-29.25,-2.66,0.24,8.06,-0.34,0.09,0.08,-7.14,-0.77,6.60,0.78,-5.54,0.70
10.57,-24.15,-2.07,0.73,8.28,-0.20,0.31,0.32,-5.48,-0.65,7.19,0.56,-5.65,1.20
10.59,-16.82,1.33,2.97,8.01,0.04,0.40,0.65,-1.69,0.08,8.82,0.06,-5.34,1.42
10.61,-13.90,4.60,3.83,7.84,-0.14,0.30,0.82,-0.73,-0.23,9.80,-0.26,-4.73,1.51
10.61,-12.31,7.39,2.81,7.72,-0.52,0.16,0.98,-0.57,-1.09,10.58,-0.44,-4.27,1.58
10.63,-11.84,10.60,-0.78,7.45,-1.11,0.07,1.20,0.41,-2.60,10.58,-0.52,-3.01,1.90
10.65,-11.56,13.01,-2.58,7.55,-1.36,0.05,1.44,3.99,-3.24,10.35,-0.52,-1.94,2.09
10.66,-12.29,13.24,-3.35,8.18,-1.24,0.09,1.47,5.84,-2.52,10.70,-0.51,-1.04,2.04
10.67,-11.93,12.52,-3.64,8.89,-0.98,0.18,1.33,6.61,-1.35,11.58,-0.55,-0.62,1.91
10.68,-12.58,8.31,-3.24,9.65,-0.42,0.44,0.86,5.19,0.22,11.29,-0.57,0.18,0.84
10.70,-12.46,5.30,-2.12,9.25,-0.04,0.69,0.41,3.48,-0.24,9.24,-0.67,0.63,-0.45
10.71,-11.98,4.33,-1.07,8.71,0.09,0.81,0.21,4.36,-1.29,8.96,-0.74,0.69,-0.96
10.73,-11.39,4.61,0.01,9.09,0.11,0.86,0.13,5.87,-0.73,10.69,-0.73,0.75,-0.94
10.74,-10.54,6.16,2.21,11.97,0.08,0.96,-0.06,6.44,1.33,12.81,-0.76,0.87,-0.49
10.75,-10.18,7.77,2.78,14.16,-0.08,0.92,-0.18,6.77,2.71,14.25,-0.77,1.15,-0.79
10.77,-10.66,8.27,-0.13,16.42,-0.36,0.72,-0.29,3.74,3.13,16.12,-0.87,1.57,-1.37
10.78,-11.91,7.14,-1.04,16.39,-0.27,0.63,-0.46,-0.29,1.77,16.47,-0.78,1.70,-1.61
10.79,-13.46,2.61,-1.90,14.30,0.17,0.46,-1.11,-3.73,-0.30,14.95,-0.42,1.83,-1.51
10.80,-15.29,-0.29,-2.10,12.74,0.38,0.40,-1.37,-5.33,-1.47,12.34,-0.05,1.92,-1.14
10.81,-15.69,-3.14,-1.98,11.21,0.53,0.37,-1.35,-5.42,-1.47,10.45,0.05,1.94,-0.94
10.82,-16.23,-4.67,-1.63,10.26,0.52,0.41,-0.99,-4.71,-1.81,8.99,-0.09,1.87,-0.80
10.83,-16.15,-4.70,-0.82,9.31,0.39,0.48,-0.26,-3.94,-3.77,9.17,-0.19,1.73,-0.56
10.85,-15.35,-3.92,-0.69,8.85,0.02,0.59,0.28,-4.40,-4.57,9.33,-0.09,1.49,-0.09
10.86,-15.87,-3.59,-1.23,8.80,-0.24,0.66,0.54,-5.32,-5.14,8.95,-0.14,1.32,0.18
10.87,-16.07,-2.82,-1.85,9.21,-0.52,0.73,1.05,-5.83,-4.34,8.92,-0.21,1.09,0.65
10.89,-15.99,-1.89,-1.58,10.43,-0.52,0.81,1.22,-4.59,-1.29,9.33,-0.22,0.98,1.04
10.90,-15.83,-1.33,-0.54,11.32,-0.32,0.86,1.14,-2.64,0.50,9.97,-0.18,0.87,1.08
10.91,-15.29,-0.17,-0.06,11.32,-0.19,0.88,1.16,-1.23,0.38,10.49,-0.05,0.82,0.74
10.93,-15.05,0.97,0.02,10.91,-0.10,0.89,1.17,-1.98,-0.26,10.39,-0.05,0.79,0.66
10.94,-15.26,1.48,-0.68,10.27,-0.04,0.89,1.22,-2.56,-1.36,9.88,-0.06,0.76,0.69
10.95,-15.60,1.98,-1.69,9.72,0.01,0.92,1.28,-1.90,-1.78,9.44,-0.11,0.72,0.81
10.97,-15.68,2.73,-2.07,9.29,0.07,0.94,1.30,-0.15,-2.23,9.51,-0.15,0.71,1.03
10.98,-15.51,3.39,-1.82,8.93,0.07,0.92,1.19,1.13,-2.21,9.63,-0.14,0.72,0.98
10.99,-15.34,3.75,-1.70,8.72,0.05,0.88,1.03,1.74,-2.09,9.66,-0.13,0.75,0.86
11.00,-15.31,3.68,-1.76,8.75,0.00,0.83,0.69,1.87,-2.00,9.67,-0.08,0.79,0.76
11.01,-14.96,3.39,-1.76,8.91,-0.01,0.80,0.50,1.50,-1.92,9.60,-0.04,0.82,0.67
11.02,-14.86,2.93,-1.74,9.08,-0.03,0.77,0.32,0.83,-1.99,9.56,-0.02,0.87,0.57
11.04,-14.94,2.07,-1.93,9.30,-0.02,0.75,0.19,-0.19,-2.04,9.51,-0.02,0.90,0.56
11.05,-14.95,1.79,-2.00,9.38,-0.01,0.76,0.18,-0.45,-2.02,9.49,-0.02,0.91,0.56
11.06,-14.96,1.63,-1.88,9.47,-0.00,0.76,0.15,-0.64,-2.00,9.52,-0.01,0.92,0.51
11.08,-15.01,1.51,-1.64,9.60,-0.02,0.78,0.12,-0.94,-1.92,9.68,-0.01,0.93,0.46
11.10,-15.03,1.16,-1.42,9.80,-0.04,0.79,0.12,-1.23,-1.84,9.82,-0.00,0.94,0.43
11.11,-15.04,0.87,-1.39,9.97,-0.05,0.79,0.17,-1.48,-1.72,9.86,0.01,0.94,0.42
11.12,-15.04,0.77,-1.31,10.02,-0.04,0.80,0.23,-1.61,-1.64,9.84,0.02,0.95,0.42
11.13,-15.08,0.88,-1.11,9.98,-0.02,0.81,0.35,-1.62,-1.50,9.85,0.02,0.96,0.46
11.15,-15.28,1.44,-1.02,9.84,-0.02,0.81,0.46,-1.22,-1.37,9.91,0.00,0.98,0.48
11.17,-15.41,1.72,-1.05,9.76,-0.02,0.81,0.47,-0.99,-1.34,9.90,-0.00,1.03,0.49
11.18,-15.65,2.01,-1.13,9.54,-0.01,0.81,0.44,-0.70,-1.41,9.77,-0.01,1.06,0.46
11.20,-15.84,2.15,-1.25,9.38,-0.02,0.80,0.40,-0.48,-1.53,9.71,-0.01,1.10,0.44
11.21,-16.17,2.30,-1.31,9.28,-0.05,0.77,0.33,-0.33,-1.66,9.65,-0.01,1.17,0.36
11.22,-16.57,2.53,-1.26,9.26,-0.10,0.74,0.25,-0.44,-1.69,9.68,-0.02,1.23,0.31
11.24,-17.06,2.75,-1.24,9.29,-0.14,0.72,0.20,-0.51,-1.57,9.87,-0.02,1.30,0.31
11.25,-17.58,2.92,-1.27,9.28,-0.17,0.70,0.19,-0.15,-1.36,10.08,-0.00,1.38,0.31
11.27,-18.11,3.23,-1.25,9.30,-0.19,0.66,0.20,0.20,-1.17,10.29,0.01,1.47,0.26
11.28,-18.46,3.53,-1.16,9.39,-0.19,0.63,0.21,0.65,-0.99,10.68,0.02,1.55,0.21
11.29,-19.08,3.99,-1.02,9.56,-0.19,0.54,0.25,0.93,-0.92,10.99,0.03,1.67,0.16
11.30,-20.09,4.53,-0.93,9.36,-0.16,0.40,0.33,1.31,-0.77,11.10,0.03,1.83,0.15
11.31,-21.70,5.19,-0.91,8.75,-0.10,0.21,0.48,1.91,-0.44,11.20,-0.01,2.07,0.18
11.33,-23.18,5.90,-0.88,8.46,-0.02,0.05,0.66,2.04,-0.24,11.41,-0.05,2.21,0.20
11.34,-25.67,7.36,-0.27,8.40,0.17,-0.18,0.96,1.62,0.33,12.57,-0.20,2.52,0.44
11.37,-30.41,10.57,1.39,9.89,0.51,-0.55,1.40,1.42,1.41,14.81,-0.42,2.79,0.83
11.38,-32.81,11.24,3.01,10.55,0.78,-0.73,1.50,1.28,2.53,16.72,-0.65,2.94,1.27
11.39,-37.67,9.78,5.67,11.08,1.13,-0.99,1.10,0.35,2.69,18.02,-0.84,3.16,1.48
11.41,-40.67,6.13,3.92,12.04,1.18,-1.12,0.14,-0.14,2.37,16.12,-0.85,3.18,1.43
11.42,-42.28,3.27,1.34,12.68,1.09,-1.15,-0.48,-1.20,1.84,14.30,-0.86,3.12,1.27
11.43,-43.99,1.48,-0.80,13.16,0.95,-1.17,-0.77,-3.28,0.34,12.16,-0.87,2.73,0.66
11.45,-45.37,-0.90,-3.52,13.53,0.81,-1.27,-0.72,-4.36,-1.60,11.10,-0.81,2.48,0.34
11.46,-46.47,-0.62,-4.21,13.55,0.73,-1.50,-0.47,-4.72,-3.35,10.43,-0.53,1.96,-0.25
11.48,-47.96,0.84,-3.84,13.51,0.58,-1.68,-0.23,-5.28,-4.29,9.24,-0.10,1.65,-0.57
11.49,-49.97,1.66,-2.94,13.66,0.43,-1.73,-0.14,-5.91,-5.17,7.46,0.33,1.41,-1.03
11.51,-53.10,1.35,-1.79,13.81,0.25,-1.68,-0.30,-7.65,-5.66,5.27,0.68,1.11,-1.36
11.52,-56.51,0.78,-1.45,13.81,0.12,-1.66,-0.63,-8.92,-4.94,3.90,0.71,0.66,-1.29
11.54,-58.06,-0.03,-1.59,13.72,0.04,-1.62,-0.88,-9.34,-4.40,3.35,0.72,0.27,-1.15
11.56,-59.98,-1.68,-2.07,13.27,-0.04,-1.61,-1.06,-9.52,-3.93,2.88,0.82,-0.18,-0.97
11.57,-60.72,-2.88,-2.32,12.45,-0.08,-1.65,-1.09,-9.48,-3.55,2.40,0.97,-0.65,-0.86
11.58,-61.46,-3.32,-2.23,11.88,-0.11,-1.69,-1.07,-9.25,-3.41,1.91,1.15,-1.12,-0.76
11.59,-61.13,-3.51,-1.95,10.79,-0.18,-1.73,-0.99,-9.08,-3.54,1.61,1.29,-1.59,-0.73
11.60,-61.17,-3.45,-1.60,9.69,-0.31,-1.72,-0.96,-8.30,-4.11,1.04,1.66,-2.33,-0.72
11.62,-60.75,-3.31,-1.61,9.10,-0.38,-1.67,-1.00,-7.75,-4.02,0.73,1.76,-2.68,-0.59
11.63,-60.14,-3.18,-1.71,8.28,-0.47,-1.56,-1.15,-7.09,-3.02,0.57,1.85,-3.20,-0.23
11.65,-58.74,-3.21,-1.84,7.92,-0.49,-1.49,-1.23,-7.01,-2.31,0.87,1.81,-3.40,-0.10
11.66,-56.35,-3.22,-1.48,7.73,-0.49,-1.35,-1.30,-7.37,-1.75,1.66,1.77,-3.82,-0.05
11.68,-54.49,-3.25,-1.09,7.72,-0.48,-1.23,-1.31,-7.42,-1.54,1.97,1.75,-4.09,-0.08
11.69,-52.23,-3.12,-0.42,7.72,-0.45,-1.06,-1.33,-7.04,-0.88,2.26,1.68,-4.34,-0.07
11.71,-49.34,-3.09,0.23,7.62,-0.44,-0.85,-1.35,-6.56,-0.16,2.59,1.57,-4.57,-0.07
11.72,-47.05,-3.26,0.53,7.45,-0.43,-0.69,-1.35,-6.24,0.51,3.13,1.42,-4.95,-0.23
11.74,-41.58,-3.69,0.80,7.48,-0.37,-0.31,-1.11,-6.23,0.90,3.98,1.28,-5.07,-0.34
11.75,-36.08,-3.64,0.76,7.68,-0.31,-0.08,-0.83,-6.35,0.70,5.78,1.08,-5.36,-0.58
11.76,-32.17,-3.40,0.76,8.12,-0.23,0.15,-0.50,-6.45,0.40,6.75,1.02,-5.48,-0.48
11.77,-25.68,-2.89,0.93,8.82,-0.07,0.48,-0.09,-6.01,-0.30,8.14,0.96,-5.55,0.10
11.79,-18.46,-0.71,2.59,9.11,0.32,0.61,0.47,-3.80,-0.49,9.72,0.58,-5.32,0.61
11.81,-14.73,1.51,3.84,9.23,0.36,0.50,0.69,-2.29,-0.57,10.26,0.34,-5.07,0.90
11.82,-12.13,6.81,4.52,8.57,-0.07,0.26,1.11,-1.22,-0.71,10.81,-0.07,-4.45,1.39
11.84,-11.50,9.53,2.19,7.69,-0.68,0.12,1.35,-0.89,-1.43,10.87,-0.31,-3.19,1.86
11.86,-11.64,14.09,-3.54,7.31,-1.34,-0.08,1.84,3.34,-3.60,10.38,-0.38,-2.04,2.28
11.87,-12.37,13.18,-4.78,8.93,-0.89,-0.10,1.81,6.75,-2.43,12.00,-0.48,-0.71,2.39
11.89,-12.99,8.62,-3.70,9.65,-0.31,0.08,1.21,6.43,-0.59,11.30,-0.46,0.25,0.70
11.91,-12.10,4.42,-2.18,8.78,0.17,0.33,0.57,4.46,-0.19,9.05,-0.55,0.42,-0.34
11.92,-11.26,3.86,0.18,9.57,0.36,0.52,0.26,3.40,0.17,9.92,-0.46,0.53,-0.93
11.94,-10.85,3.94,1.86,11.90,0.32,0.70,0.01,3.28,0.67,11.17,-0.58,0.71,-0.96
11.95,-10.81,4.74,0.99,13.96,-0.17,0.82,0.04,2.24,-0.17,14.48,-0.63,1.23,-1.32
11.97,-11.31,5.02,-0.60,15.48,-0.32,0.77,0.08,0.65,0.59,15.83,-0.66,1.37,-1.36
11.98,-12.95,3.21,-0.63,14.57,0.02,0.61,-0.46,-3.50,0.12,15.04,-0.45,1.46,-1.15
11.99,-13.80,1.05,-0.34,12.98,0.24,0.57,-0.98,-5.17,0.24,13.64,-0.33,1.53,-0.80
12.00,-15.42,-0.43,-0.51,12.02,0.35,0.56,-1.19,-6.00,0.60,11.51,-0.29,1.56,-0.48
12.01,-16.39,-1.93,-0.56,10.88,0.48,0.54,-1.20,-4.76,0.80,9.83,-0.33,1.54,-0.19
12.03,-15.94,-2.57,0.42,9.23,0.43,0.56,-0.88,-2.23,-0.47,9.57,-0.26,1.42,-0.16
12.05,-15.69,-2.01,0.54,8.85,0.26,0.61,-0.58,-0.92,-1.56,9.85,0.04,1.37,-0.22
12.05,-14.84,-1.17,0.11,8.69,0.12,0.68,-0.35,-0.97,-2.31,9.68,0.18,1.28,-0.25
12.07,-14.63,-0.80,-0.66,8.53,-0.13,0.81,0.02,-2.85,-3.54,8.93,0.01,1.15,-0.26
12.08,-15.19,-0.78,-1.18,8.88,-0.31,0.90,0.35,-3.70,-3.14,8.93,-0.08,1.03,0.09
12.09,-14.94,-0.77,-1.46,9.64,-0.37,0.96,0.66,-3.12,-2.54,9.20,-0.07,0.93,0.47
12.10,-14.73,-0.09,-1.20,10.18,-0.30,0.96,0.85,-1.22,-1.37,9.73,-0.07,0.88,0.72
12.12,-14.22,1.03,-0.79,10.32,-0.21,0.92,0.92,-0.09,-0.74,10.16,-0.04,0.88,0.68
12.13,-13.82,1.96,-0.49,10.28,-0.14,0.85,0.93,0.32,-0.30,10.27,0.01,0.88,0.56
12.14,-13.69,2.39,-0.43,10.11,-0.08,0.77,0.86,0.30,-0.57,10.15,0.03,0.90,0.49
12.15,-13.72,2.60,-0.60,9.82,-0.04,0.70,0.79,0.23,-0.83,9.96,0.05,0.91,0.46
12.16,-13.92,2.79,-0.89,9.58,-0.02,0.67,0.68,0.03,-1.04,9.78,0.04,0.92,0.42
12.18,-14.27,2.88,-1.11,9.42,-0.01,0.65,0.53,-0.17,-1.33,9.63,0.03,0.92,0.39
12.19,-14.78,2.62,-1.18,9.21,-0.00,0.64,0.26,-0.09,-1.35,9.57,-0.00,0.93,0.30
12.21,-15.07,2.37,-1.15,9.25,-0.01,0.64,0.04,-0.14,-1.41,9.62,-0.01,0.94,0.21
12.22,-15.19,2.26,-1.06,9.23,-0.00,0.66,-0.09,-0.23,-1.28,9.60,0.01,0.94,0.13
12.24,-15.33,2.09,-0.94,9.17,-0.02,0.68,-0.22,-0.34,-1.22,9.52,0.01,0.94,0.07
12.24,-15.49,2.02,-0.85,9.16,-0.05,0.70,-0.34,-0.39,-1.21,9.50,0.02,0.95,0.02
12.26,-15.61,2.01,-0.83,9.24,-0.08,0.72,-0.43,-0.54,-1.14,9.54,0.03,0.95,-0.04
12.27,-15.88,2.09,-0.74,9.42,-0.12,0.74,-0.55,-0.89,-1.03,9.64,0.05,0.96,-0.12
12.29,-16.14,2.04,-0.62,9.57,-0.17,0.74,-0.68,-1.08,-0.98,9.73,0.06,0.98,-0.18
12.30,-16.44,1.77,-0.60,9.71,-0.22,0.73,-0.81,-1.15,-1.00,9.89,0.08,0.99,-0.20
12.31,-16.61,1.72,-0.61,9.73,-0.25,0.72,-0.83,-1.08,-1.07,9.96,0.09,1.00,-0.20
12.33,-16.79,1.90,-0.66,9.61,-0.29,0.69,-0.81,-0.77,-1.08,9.95,0.12,1.05,-0.19
12.34,-17.05,2.40,-0.66,9.50,-0.33,0.66,-0.73,-0.24,-0.89,9.94,0.14,1.09,-0.18
12.35,-17.36,2.95,-0.43,9.41,-0.35,0.62,-0.61,0.38,-0.63,10.03,0.14,1.18,-0.14
12.37,-17.70,3.65,-0.17,9.26,-0.35,0.57,-0.52,0.83,-0.37,10.12,0.14,1.27,-0.11
12.38,-18.36,4.77,0.16,8.88,-0.35,0.47,-0.44,1.77,-0.05,10.18,0.12,1.39,-0.07
12.41,-19.92,6.97,0.47,8.14,-0.37,0.26,-0.41,3.89,0.51,10.70,0.06,1.79,-0.13
12.42,-21.39,8.16,0.31,7.84,-0.36,0.12,-0.43,4.65,0.53,11.23,0.04,2.02,-0.20
12.43,-23.99,9.39,0.71,7.59,-0.32,-0.07,-0.42,4.77,0.56,11.39,0.04,2.08,-0.22
12.45,-25.17,9.86,1.10,7.83,-0.27,-0.20,-0.41,4.69,0.78,12.48,-0.04,2.46,-0.34
12.46,-28.19,10.41,1.17,8.86,-0.03,-0.41,-0.32,3.27,0.66,13.85,-0.16,2.97,-0.08
12.48,-33.60,10.46,2.18,10.33,0.56,-0.74,-0.39,0.55,1.01,16.39,-0.39,3.13,0.14
12.49,-37.84,8.21,2.65,11.61,0.71,-0.89,-0.72,-0.33,0.60,18.05,-0.44,3.23,0.42
12.51,-39.91,6.43,2.32,12.14,0.66,-0.97,-1.05,0.19,0.13,18.13,-0.29,3.26,0.45
12.52,-41.96,3.51,-0.15,12.97,0.45,-1.07,-1.83,0.39,0.05,15.37,-0.07,3.16,-0.04
12.54,-42.99,1.67,-3.08,13.28,0.29,-1.18,-2.42,-0.57,-0.56,12.63,0.03,3.00,-0.45
12.55,-44.45,-0.21,-6.96,12.90,0.16,-1.27,-2.41,-2.93,-2.33,8.87,0.29,2.64,-1.30
12.57,-45.66,-1.16,-8.60,12.25,0.14,-1.39,-1.98,-4.09,-4.81,7.09,0.55,2.33,-2.27
12.58,-47.27,-0.89,-8.22,12.32,0.01,-1.47,-1.59,-4.25,-7.91,5.77,0.73,2.04,-3.04
12.59,-49.19,0.18,-7.83,12.47,-0.22,-1.45,-1.43,-4.59,-10.15,5.24,1.17,1.80,-3.26
12.61,-52.81,0.79,-7.46,12.04,-0.24,-1.41,-1.50,-7.06,-9.61,4.31,2.04,1.28,-3.00
12.63,-55.21,0.75,-6.23,11.53,-0.26,-1.33,-1.77,-8.81,-8.75,3.59,2.37,0.94,-2.62
12.65,-59.00,0.11,-5.47,11.04,-0.41,-1.21,-2.15,-9.50,-7.93,3.06,2.57,0.47,-2.11
12.67,-60.88,-0.85,-5.19,10.54,-0.52,-1.10,-2.32,-8.85,-7.02,2.60,2.74,0.12,-1.82
12.68,-62.13,-1.36,-4.77,10.19,-0.60,-1.03,-2.39,-7.70,-6.25,2.42,2.89,-0.34,-1.61
12.69,-62.12,-1.47,-4.39,10.03,-0.69,-1.01,-2.44,-7.01,-5.97,2.46,3.02,-0.71,-1.56
12.70,-62.12,-1.32,-4.03,9.80,-0.75,-0.98,-2.49,-6.47,-5.84,2.60,3.12,-0.97,-1.57
12.71,-62.00,-1.09,-3.49,9.33,-0.87,-0.95,-2.59,-6.09,-5.85,2.89,3.20,-1.20,-1.59
12.72,-61.34,-0.95,-3.22,9.00,-0.99,-0.92,-2.69,-5.95,-5.81,3.17,3.27,-1.48,-1.62
12.74,-60.36,-1.13,-3.11,8.74,-1.14,-0.87,-2.88,-5.92,-5.48,3.35,3.29,-1.73,-1.61
12.75,-59.42,-1.41,-2.99,8.64,-1.24,-0.84,-2.99,-5.95,-5.09,3.45,3.28,-2.05,-1.64
12.75,-57.31,-1.90,-2.82,8.59,-1.33,-0.79,-3.15,-5.98,-4.50,3.62,3.25,-2.24,-1.72
12.79,-54.62,-2.13,-2.62,8.63,-1.38,-0.72,-3.20,-5.88,-3.64,4.25,3.18,-2.54,-1.98
12.80,-51.41,-1.61,-1.29,9.16,-1.36,-0.52,-3.35,-5.57,-2.65,4.94,3.12,-2.76,-2.32
12.81,-46.86,-0.99,-0.10,9.49,-1.20,-0.29,-3.57,-4.74,-0.88,6.25,2.98,-2.99,-2.92
12.83,-42.99,-0.91,0.40,9.30,-1.04,-0.17,-3.43,-3.81,-0.17,7.42,2.95,-3.08,-3.53
12.84,-35.25,-0.60,0.46,9.27,-0.86,-0.06,-3.15,-2.22,-0.74,9.90,2.98,-2.96,-4.77
12.86,-32.54,-0.14,0.42,9.39,-0.80,-0.03,-3.14,-1.80,-1.34,10.60,3.05,-2.84,-5.27
12.87,-29.23,1.30,0.76,9.92,-0.64,0.00,-3.24,-1.04,-2.46,11.73,3.16,-2.41,-6.44
12.90,-24.57,4.43,1.99,10.79,-0.37,0.01,-3.79,-1.54,-4.33,12.13,3.20,-2.25,-6.51
12.91,-23.94,5.77,2.30,9.95,-0.32,-0.20,-4.12,-5.08,-6.47,10.40,2.68,-2.00,-6.07
12.92,-23.75,5.77,2.30,9.95,-0.32,-0.20,-4.12,-5.08,-6.47,10.40,2.68,-2.00,-6.07
12.94,-24.44,5.51,2.12,9.49,-0.47,-0.35,-4.20,-6.35,-7.19,9.95,2.44,-1.89,-5.44
12.97,-25.90,3.96,1.07,9.12,-0.89,-0.49,-4.22,-8.54,-7.77,9.10,1.96,-1.81,-5.03
12.98,-27.40,2.34,-0.28,9.62,-1.24,-0.48,-4.02,-9.75,-7.09,8.18,1.44,-1.69,-3.89
12.99,-28.19,1.05,-1.40,10.06,-1.30,-0.38,-3.58,-8.88,-5.62,8.34,0.84,-1.58,-2.83
13.00,-28.51,1.08,-1.68,10.02,-1.20,-0.30,-2.99,-7.48,-4.37,8.85,0.28,-1.44,-1.96
13.01,-28.64,2.48,-2.28,9.96,-1.12,-0.26,-2.42,-5.20,-3.48,9.28,-0.08,-1.13,-1.42
13.03,-28.69,3.56,-2.68,10.19,-0.95,-0.25,-2.15,-3.75,-2.30,10.04,-0.34,-0.85,-1.21
13.04,-29.00,4.32,-1.96,10.31,-0.63,-0.14,-1.99,-3.23,-0.96,10.61,-0.46,-0.40,-1.10
13.06,-29.71,2.80,2.20,10.05,-0.51,0.10,-2.18,-3.70,0.47,10.50,-0.46,0.17,-1.45
13.09,-29.93,1.60,3.67,10.15,-0.73,0.22,-2.27,-4.26,1.56,9.95,-0.41,0.29,-1.78
13.11,-29.65,2.04,4.01,10.33,-0.91,0.27,-2.30,-4.34,1.81,9.84,-0.39,0.28,-1.84
13.12,-29.96,2.62,3.95,10.32,-0.97,0.27,-2.33,-4.50,2.65,9.55,-0.34,0.22,-1.97
13.13,-30.06,2.98,3.54,10.04,-1.12,0.25,-2.44,-4.54,2.91,9.48,-0.32,0.20,-1.99
13.18,-30.94,2.55,2.74,9.66,-1.29,0.22,-2.52,-4.68,3.17,9.41,-0.24,-0.00,-1.90
13.21,-30.87,0.49,-0.10,10.18,-1.40,0.28,-2.12,-4.88,-0.28,9.49,-0.36,-0.04,-1.72
13.22,-30.99,0.49,-0.10,10.18,-1.40,0.28,-2.12,-4.91,-0.58,9.52,-0.37,-0.05,-1.65
13.23,-30.53,0.41,-0.40,10.31,-1.31,0.30,-1.90,-4.94,-1.02,9.58,-0.38,-0.07,-1.51
13.26,-30.12,1.08,-0.35,10.07,-1.12,0.27,-1.44,-4.31,-1.27,9.70,-0.38,-0.12,-1.16
13.28,-29.92,1.87,-0.29,9.94,-1.02,0.25,-1.18,-3.71,-0.94,9.76,-0.42,-0.14,-0.97
13.29,-29.16,2.54,-0.35,9.87,-0.87,0.25,-0.88,-2.21,-0.11,9.93,-0.46,-0.16,-0.43
13.31,-28.54,2.52,-0.40,9.73,-0.77,0.26,-0.75,-1.72,-0.04,10.02,-0.41,-0.16,-0.32
13.32,-27.43,2.25,-0.64,9.67,-0.65,0.23,-0.58,-1.33,-0.28,10.06,-0.33,-0.14,-0.36
13.34,-25.28,3.07,-0.90,9.53,-0.64,0.25,-0.61,-1.22,-1.58,9.57,-0.26,-0.14,-0.59
13.36,-24.90,3.60,-0.28,9.77,-0.67,0.29,-0.67,-1.56,-1.05,9.84,-0.26,-0.16,-0.53
13.37,-24.91,3.73,0.42,9.98,-0.67,0.33,-0.72,-2.20,-0.48,10.21,-0.23,-0.14,-0.41
13.38,-24.98,3.61,0.61,10.02,-0.68,0.35,-0.76,-2.70,-0.11,10.35,-0.20,-0.12,-0.33
13.39,-25.13,2.97,0.61,9.84,-0.68,0.36,-0.92,-2.81,0.16,10.22,-0.16,-0.07,-0.19
13.41,-24.87,2.42,0.14,9.66,-0.67,0.33,-1.02,-1.65,0.44,9.92,-0.10,-0.06,-0.21
13.42,-24.60,2.23,-0.10,9.63,-0.66,0.31,-1.04,-0.95,0.41,9.86,-0.09,-0.05,-0.30
13.44,-23.72,2.23,-0.43,9.75,-0.67,0.29,-1.07,-0.30,-0.12,9.96,-0.08,-0.02,-0.61
13.45,-22.40,2.14,-0.68,9.53,-0.67,0.28,-1.08,-1.41,-1.47,9.86,-0.02,0.02,-0.93
13.47,-22.10,1.85,-0.93,9.50,-0.68,0.28,-1.07,-2.06,-1.78,9.55,-0.02,-0.00,-0.77
13.49,-21.79,1.72,-1.17,9.57,-0.65,0.28,-1.00,-1.98,-1.35,9.48,-0.05,-0.03,-0.51
13.50,-21.47,1.94,-0.96,9.68,-0.61,0.30,-0.93,-1.57,-0.62,9.80,-0.05,-0.03,-0.42
13.52,-21.17,2.15,-0.63,9.75,-0.58,0.31,-0.90,-1.35,-0.20,10.04,-0.02,-0.01,-0.43
13.53,-20.98,2.28,0.04,9.93,-0.52,0.33,-0.89,-1.26,0.08,10.12,0.01,0.00,-0.46
13.54,-20.83,2.29,0.11,9.94,-0.51,0.33,-0.88,-1.25,0.32,10.14,0.04,0.02,-0.50
13.55,-20.27,1.89,0.35,9.85,-0.44,0.35,-0.88,-1.50,0.52,9.91,0.08,0.06,-0.63
13.57,-19.94,1.57,0.10,9.80,-0.43,0.35,-0.87,-1.85,0.01,9.75,0.08,0.09,-0.64
13.59,-19.57,1.45,-0.42,9.89,-0.41,0.34,-0.85,-2.02,-0.40,9.69,0.06,0.10,-0.53
13.60,-19.31,1.55,-0.50,9.94,-0.38,0.35,-0.84,-2.03,-0.54,9.75,0.05,0.11,-0.45
13.61,-19.14,1.56,-0.45,9.98,-0.37,0.36,-0.87,-1.94,-0.42,9.79,0.06,0.12,-0.39
13.63,-18.90,1.47,-0.43,10.02,-0.37,0.38,-0.91,-1.79,-0.20,9.73,0.06,0.13,-0.40
13.65,-18.47,1.28,-0.50,10.06,-0.35,0.41,-0.96,-1.92,-0.14,9.74,0.05,0.13,-0.49
13.67,-18.19,1.04,-0.53,10.04,-0.34,0.44,-1.00,-2.19,-0.19,9.72,0.06,0.13,-0.53
13.68,-17.98,0.87,-0.53,10.07,-0.34,0.46,-1.02,-2.40,-0.21,9.68,0.05,0.12,-0.55
13.69,-17.61,0.62,-0.63,10.16,-0.33,0.48,-1.02,-2.54,-0.25,9.65,0.04,0.10,-0.55
13.71,-17.19,0.55,-0.70,10.15,-0.30,0.49,-1.00,-2.55,-0.38,9.70,0.04,0.09,-0.53
13.72,-16.88,0.58,-0.76,10.07,-0.26,0.51,-0.97,-2.50,-0.36,9.70,0.05,0.07,-0.50
13.73,-16.33,0.67,-0.73,9.91,-0.20,0.52,-0.95,-2.38,-0.44,9.73,0.06,0.05,-0.46
13.76,-15.86,0.90,-0.73,9.88,-0.16,0.54,-0.90,-2.11,-0.53,9.70,0.07,0.05,-0.43
13.77,-15.32,1.18,-0.86,9.87,-0.12,0.52,-0.83,-1.72,-0.59,9.81,0.10,0.07,-0.38
13.79,-15.18,1.16,-0.88,9.87,-0.11,0.50,-0.81,-1.61,-0.60,9.83,0.10,0.08,-0.38
13.80,-14.84,1.81,-1.01,9.64,-0.08,0.45,-0.75,-1.13,-0.68,9.94,0.12,0.12,-0.38
13.82,-14.83,2.35,-1.00,9.46,-0.07,0.40,-0.72,-0.73,-0.83,9.98,0.14,0.17,-0.41
13.83,-14.87,2.70,-1.00,9.36,-0.07,0.35,-0.70,-0.38,-1.00,10.02,0.16,0.21,-0.42
13.84,-14.98,3.03,-1.01,9.29,-0.08,0.30,-0.68,-0.06,-1.19,10.06,0.19,0.27,-0.41
13.85,-15.25,3.52,-1.04,9.19,-0.10,0.22,-0.65,0.26,-1.40,10.14,0.21,0.38,-0.40
13.86,-16.04,4.36,-0.77,8.91,-0.11,0.06,-0.60,1.12,-1.49,10.41,0.29,0.50,-0.39
13.87,-16.95,4.89,-0.28,8.79,-0.09,-0.09,-0.60,1.77,-1.11,10.55,0.40,0.64,-0.42
13.89,-16.76,4.94,-0.20,8.79,-0.08,-0.12,-0.60,2.16,-0.83,10.59,0.47,0.75,-0.46
13.91,-17.97,5.12,0.15,8.80,-0.04,-0.24,-0.66,2.62,-0.25,10.57,0.54,0.90,-0.54
13.92,-19.26,4.97,0.04,9.19,0.03,-0.36,-0.91,2.73,0.65,10.75,0.70,1.23,-0.84
13.94,-20.08,4.67,-0.30,9.62,0.04,-0.38,-1.13,1.96,1.03,10.92,0.78,1.42,-1.10
13.95,-21.26,4.32,-0.68,10.07,0.05,-0.37,-1.23,0.53,0.70,11.30,0.86,1.56,-1.35
13.96,-23.75,4.04,-1.07,11.21,0.16,-0.38,-1.41,-0.55,-0.40,12.39,0.97,1.76,-1.54
13.98,-25.66,4.53,-1.18,11.32,0.21,-0.45,-1.48,-0.44,-0.84,12.83,1.05,1.94,-1.60
14.01,-28.89,5.34,-1.96,10.95,0.21,-0.59,-1.65,-0.53,-1.86,12.80,0.99,2.01,-1.64
14.02,-30.84,5.33,-2.37,10.92,0.18,-0.66,-1.87,-0.90,-2.27,12.80,0.95,2.05,-1.68
14.03,-33.10,5.17,-2.65,11.18,0.11,-0.69,-2.08,-1.73,-2.83,12.51,0.92,2.06,-1.77
14.04,-34.63,4.52,-3.24,11.40,0.05,-0.69,-2.29,-2.39,-3.09,12.01,0.90,2.04,-1.82
14.05,-35.58,3.71,-3.62,11.55,0.02,-0.68,-2.41,-3.13,-3.31,11.39,0.89,2.00,-1.87
14.07,-37.07,2.35,-3.77,11.64,0.00,-0.67,-2.43,-3.86,-3.54,10.77,0.87,1.95,-1.89
14.08,-37.79,2.00,-3.73,11.65,-0.00,-0.67,-2.41,-4.30,-3.62,10.40,0.87,1.76,-1.89
14.13,-41.40,-0.78,-3.00,11.07,-0.23,-0.96,-1.99,-5.32,-3.88,8.61,0.94,1.54,-1.85
14.14,-42.50,-0.44,-2.69,10.57,-0.33,-1.24,-1.87,-4.51,-3.11,7.89,1.02,1.27,-1.86
14.16,-43.51,0.13,-2.49,10.44,-0.39,-1.39,-1.86,-3.87,-2.46,6.94,1.11,1.02,-2.03
14.17,-44.49,0.73,-2.37,10.38,-0.40,-1.47,-1.89,-3.51,-2.25,5.93,1.12,0.67,-2.50
14.18,-45.14,0.86,-2.19,10.30,-0.38,-1.53,-1.94,-3.56,-2.27,5.54,1.07,0.45,-2.77
14.19,-45.94,0.92,-1.98,10.23,-0.36,-1.56,-1.98,-3.98,-2.41,5.31,1.02,0.13,-3.06
14.20,-46.34,0.89,-1.86,10.17,-0.34,-1.56,-1.98,-4.32,-2.51,5.31,1.00,-0.20,-3.22
14.21,-47.41,0.51,-1.18,9.97,-0.28,-1.55,-1.94,-5.45,-2.81,5.41,0.98,-0.87,-2.98
14.23,-47.88,-0.89,-0.68,9.87,-0.30,-1.59,-1.76,-6.48,-2.84,5.28,0.94,-1.21,-2.63
14.24,-47.81,-1.11,-0.49,9.62,-0.29,-1.59,-1.52,-6.87,-2.88,5.32,0.92,-1.71,-2.05
14.27,-47.13,-0.80,-0.02,9.13,-0.31,-1.51,-1.20,-6.97,-2.60,5.31,0.91,-2.20,-1.49
14.28,-45.69,-0.76,0.43,8.53,-0.41,-1.35,-0.92,-6.92,-2.20,5.40,0.90,-2.74,-0.96
14.30,-44.88,-0.58,0.56,8.30,-0.49,-1.25,-0.79,-6.89,-2.19,5.57,0.91,-2.95,-0.81
14.31,-42.45,0.31,0.39,8.46,-0.66,-1.00,-0.74,-6.35,-1.87,5.93,0.91,-3.45,-0.47
14.33,-40.90,0.47,0.30,8.44,-0.70,-0.85,-0.76,-5.72,-1.43,6.07,0.84,-3.65,-0.28
14.34,-39.55,0.49,0.31,8.38,-0.74,-0.73,-0.77,-5.29,-1.01,6.23,0.77,-3.80,-0.16
14.35,-37.39,0.31,0.25,8.34,-0.77,-0.58,-0.72,-4.78,-0.47,6.59,0.67,-4.00,-0.07
14.36,-34.36,-0.05,0.29,8.13,-0.81,-0.39,-0.52,-4.34,-0.01,7.08,0.56,-4.37,-0.17
14.39,-27.32,0.34,0.49,8.36,-0.82,-0.02,-0.06,-3.85,0.44,8.43,0.42,-4.50,-0.21
14.40,-24.33,0.50,0.41,8.52,-0.77,0.19,0.26,-4.00,0.43,8.83,0.40,-4.59,-0.16
14.41,-20.39,1.03,0.53,8.91,-0.56,0.37,0.56,-3.71,0.52,9.37,0.35,-4.64,0.05
14.43,-15.19,4.89,2.85,8.63,-0.06,0.42,0.83,-1.92,0.34,10.64,0.16,-4.35,0.34
14.44,-12.63,7.82,2.41,7.73,-0.20,0.29,0.91,0.38,0.48,10.45,0.01,-3.88,0.45
14.46,-12.92,13.04,-1.47,7.35,-0.85,0.10,0.74,2.38,0.16,10.20,-0.29,-2.68,0.24
14.48,-13.11,11.50,-2.75,8.39,-0.66,0.18,0.37,3.11,-1.43,10.25,-0.17,-1.76,0.12
14.49,-12.65,8.10,-2.60,8.89,-0.30,0.41,-0.04,3.88,-1.44,9.72,-0.02,-0.64,0.12
14.50,-12.38,5.13,-1.92,8.53,-0.08,0.64,-0.33,2.63,-0.84,10.01,-0.18,0.30,-0.30
14.52,-12.37,3.52,-0.67,8.39,-0.05,0.82,-0.47,1.68,-1.35,9.06,-0.32,0.68,-1.10
14.54,-11.89,3.35,0.58,10.23,-0.11,1.00,-0.58,1.86,-1.56,8.83,-0.50,0.75,-1.12
14.56,-11.39,3.51,1.33,11.51,-0.10,1.06,-0.58,3.00,0.19,10.72,-0.60,0.76,-0.72
14.57,-10.79,4.41,1.94,12.05,-0.15,0.96,-0.45,5.05,1.51,12.65,-0.68,0.76,-0.40
14.58,-10.38,6.43,1.12,13.13,-0.35,0.78,-0.29,4.45,2.38,13.21,-0.57,1.00,-0.44
14.59,-11.15,5.79,-1.92,13.27,-0.27,0.56,-0.26,2.25,0.63,13.47,-0.53,1.30,-1.00
14.61,-11.40,3.35,-3.24,12.36,0.02,0.41,-0.35,1.32,-0.35,13.39,-0.43,1.38,-1.08
14.62,-11.61,0.72,-2.95,11.30,0.37,0.37,-0.28,-0.70,-1.94,12.13,-0.06,1.51,-1.16
14.64,-12.55,-1.21,-1.39,10.03,0.56,0.43,-0.11,-2.52,-2.02,10.06,0.08,1.51,-0.95
14.65,-14.64,-1.71,0.25,9.08,0.49,0.54,0.08,-3.18,-1.52,8.72,-0.19,1.43,-0.63
14.67,-14.41,-1.48,0.97,8.76,0.31,0.65,0.22,-3.14,-1.40,8.61,-0.28,1.35,-0.35
14.68,-15.05,-0.90,1.08,8.65,0.11,0.74,0.37,-2.74,-1.10,8.68,-0.42,1.20,0.08
14.69,-15.18,-0.02,0.85,8.73,-0.09,0.79,0.53,-2.20,-1.03,8.85,-0.49,1.01,0.50
14.71,-15.28,1.43,-0.43,9.34,-0.29,0.80,0.69,-0.28,-0.39,9.63,-0.49,0.98,0.56
14.73,-14.98,1.88,-0.60,9.67,-0.22,0.79,0.61,0.59,-0.35,10.07,-0.26,0.99,0.39
14.74,-14.70,2.05,-0.52,9.71,-0.15,0.77,0.52,0.78,-0.26,9.90,-0.08,0.99,0.17
14.75,-14.48,2.04,-0.55,9.66,-0.11,0.75,0.46,0.49,-0.76,9.73,-0.04,0.99,0.05
14.77,-14.60,1.80,-0.80,9.51,-0.10,0.73,0.47,-1.19,-1.67,9.50,-0.10,0.97,0.13
14.79,-15.27,1.29,-1.24,9.52,-0.09,0.74,0.63,-1.54,-1.89,9.52,-0.11,0.95,0.27
14.80,-15.34,1.29,-1.23,9.58,-0.07,0.74,0.71,-0.88,-1.67,9.61,-0.14,0.90,0.35
14.82,-15.17,1.72,-0.87,9.64,-0.08,0.71,0.63,-0.15,-1.21,9.80,-0.12,0.89,0.21
14.83,-15.13,1.60,-0.76,9.78,-0.09,0.68,0.39,-0.88,-1.05,9.75,-0.11,0.89,0.07
14.85,-15.20,1.37,-0.72,9.77,-0.10,0.67,0.21,-1.56,-1.13,9.62,-0.13,0.87,0.01
14.86,-15.56,0.82,-0.69,9.74,-0.11,0.68,0.11,-2.08,-1.16,9.52,-0.16,0.86,0.05
14.88,-15.51,0.34,-0.88,9.83,-0.11,0.71,0.15,-2.09,-1.17,9.54,-0.20,0.83,0.12
14.89,-15.59,0.39,-0.92,9.81,-0.09,0.73,0.22,-1.85,-1.21,9.55,-0.22,0.82,0.15
14.90,-15.42,0.57,-0.86,9.70,-0.08,0.75,0.28,-1.70,-1.20,9.52,-0.23,0.81,0.16
14.92,-15.29,1.04,-0.68,9.53,-0.08,0.77,0.33,-1.48,-1.24,9.44,-0.26,0.79,0.16
14.93,-15.41,1.17,-0.69,9.51,-0.09,0.78,0.33,-1.38,-1.24,9.41,-0.28,0.78,0.14
14.94,-15.45,1.21,-0.86,9.60,-0.09,0.80,0.30,-1.34,-1.37,9.53,-0.31,0.78,0.14
14.96,-15.26,1.12,-0.99,9.74,-0.08,0.81,0.26,-1.30,-1.48,9.60,-0.30,0.78,0.09
14.97,-15.18,1.06,-1.00,9.80,-0.08,0.81,0.20,-1.42,-1.52,9.64,-0.30,0.78,0.07
14.98,-15.07,0.54,-1.00,10.12,-0.09,0.82,0.05,-2.26,-1.66,9.81,-0.28,0.81,0.18
15.02,-15.21,0.50,-0.87,10.18,-0.12,0.85,0.05,-2.41,-1.66,9.95,-0.25,0.81,0.22
15.03,-15.32,0.58,-0.78,10.18,-0.16,0.89,0.09,-2.37,-1.67,10.08,-0.24,0.83,0.29
15.06,-15.33,1.04,-0.74,9.95,-0.23,0.94,0.20,-1.82,-1.47,10.08,-0.24,0.91,0.42
15.09,-15.32,1.76,-0.99,9.93,-0.26,0.92,0.34,-0.89,-1.16,10.26,-0.23,0.99,0.45
15.11,-15.37,2.20,-0.98,9.89,-0.24,0.89,0.36,-0.42,-0.93,10.31,-0.22,1.07,0.45
15.12,-15.44,2.53,-0.99,9.80,-0.24,0.85,0.35,-0.00,-0.91,10.45,-0.21,1.11,0.43
15.13,-15.83,3.03,-1.14,9.78,-0.24,0.80,0.33,0.41,-0.90,10.65,-0.18,1.19,0.39
15.14,-16.01,3.45,-1.18,9.78,-0.25,0.75,0.30,0.88,-0.90,10.85,-0.13,1.33,0.28
15.15,-16.54,3.75,-1.22,9.93,-0.26,0.68,0.27,0.94,-1.03,11.03,-0.09,1.55,0.16
15.17,-17.15,4.04,-1.35,10.03,-0.26,0.61,0.25,0.49,-1.21,11.20,-0.04,1.67,0.16
15.18,-18.07,4.07,-1.38,9.94,-0.26,0.55,0.22,0.47,-1.17,11.19,-0.03,1.80,0.18
15.19,-19.28,3.97,-1.61,9.81,-0.25,0.46,0.18,0.72,-1.17,11.36,-0.00,1.95,0.15
15.21,-20.02,3.89,-1.80,9.79,-0.24,0.37,0.17,0.88,-1.27,11.66,0.02,2.08,0.09
15.22,-21.26,4.05,-1.96,9.90,-0.21,0.26,0.18,0.89,-1.21,11.95,0.03,2.17,0.04
15.23,-23.46,4.81,-1.70,10.27,-0.12,-0.05,0.23,0.38,-0.53,12.64,-0.00,2.41,0.08
15.25,-26.51,6.38,-0.44,10.77,0.14,-0.49,0.38,-0.37,0.76,13.75,-0.23,2.61,0.57
15.27,-28.72,7.25,0.59,10.96,0.32,-0.75,0.65,-1.03,1.55,14.66,-0.41,2.73,1.06
15.28,-32.94,9.66,3.74,11.22,0.76,-1.08,1.33,-2.10,2.20,16.25,-0.71,2.96,1.61
15.29,-36.46,9.49,5.08,11.38,1.07,-1.06,1.19,-1.34,1.94,16.86,-0.86,3.09,1.80
15.30,-39.30,6.19,4.11,10.98,1.11,-0.94,0.50,-1.02,1.63,15.87,-0.91,3.24,1.75
15.31,-40.98,3.29,2.05,10.88,1.02,-0.96,-0.13,-1.87,1.18,14.45,-0.93,3.27,1.56
15.32,-42.42,2.33,1.09,11.06,0.96,-0.99,-0.36,-2.78,0.34,13.09,-0.94,3.23,1.33
15.34,-44.35,0.04,-0.76,12.08,0.76,-1.06,-0.71,-3.63,-1.34,11.11,-0.98,3.04,0.92
15.35,-45.43,-1.26,-1.60,13.07,0.62,-1.18,-0.73,-4.08,-2.11,9.59,-0.87,2.72,0.54
15.36,-46.21,-1.28,-2.00,13.59,0.56,-1.38,-0.54,-4.91,-2.57,8.22,-0.80,2.32,0.13
15.37,-47.66,-0.91,-2.13,13.51,0.48,-1.54,-0.32,-5.65,-3.08,7.61,-0.77,2.04,-0.07
15.38,-49.37,-0.36,-1.98,13.19,0.36,-1.68,-0.09,-6.59,-4.11,7.23,-0.63,1.78,-0.17
15.39,-51.28,-0.09,-1.38,12.95,0.21,-1.74,0.05,-7.61,-4.61,6.91,-0.40,1.21,0.02
15.42,-56.00,-0.42,-1.18,13.37,-0.13,-1.80,0.08,-8.76,-3.04,4.96,0.02,0.64,0.29
15.44,-58.02,-0.95,-1.36,13.23,-0.17,-1.84,-0.09,-8.63,-2.05,4.08,0.20,0.07,0.39
15.45,-59.31,-1.49,-1.49,13.00,-0.13,-1.88,-0.18,-8.34,-1.02,3.23,0.35,-0.28,0.38
15.46,-60.30,-2.03,-1.44,12.64,-0.09,-1.93,-0.27,-7.89,-0.37,2.60,0.44,-0.87,0.21
15.48,-61.02,-2.60,-1.40,12.10,-0.03,-2.01,-0.37,-7.37,-0.12,2.19,0.51,-1.33,-0.02
15.49,-61.12,-2.73,-1.06,11.34,0.02,-2.07,-0.47,-7.21,-0.24,2.10,0.60,-1.76,-0.29
15.50,-61.01,-2.64,-0.69,10.56,0.03,-2.14,-0.56,-7.28,-0.84,2.18,0.77,-2.25,-0.66
15.52,-60.69,-2.39,-0.34,9.80,0.01,-2.19,-0.62,-7.37,-1.32,2.22,0.90,-2.51,-0.88
15.53,-60.26,-1.96,-0.11,9.21,-0.07,-2.23,-0.69,-7.38,-1.80,2.23,1.10,-2.91,-1.08
15.54,-59.49,-1.75,-0.21,8.79,-0.19,-2.20,-0.86,-7.18,-1.69,2.03,1.22,-3.27,-1.05
15.56,-58.61,-1.79,-0.40,8.43,-0.27,-2.11,-1.10,-7.20,-1.12,1.69,1.28,-3.61,-0.95
15.57,-57.74,-1.98,-0.71,8.17,-0.34,-1.97,-1.23,-7.44,-0.80,1.42,1.33,-3.96,-0.92
15.58,-56.61,-2.34,-1.04,8.05,-0.40,-1.78,-1.30,-7.83,-0.78,1.28,1.39,-4.18,-0.94
15.60,-55.33,-3.00,-1.43,8.09,-0.41,-1.54,-1.28,-8.18,-0.93,1.30,1.44,-4.47,-0.89
15.61,-51.76,-4.44,-1.12,7.85,-0.31,-1.20,-1.20,-8.54,-1.17,1.59,1.50,-4.91,-0.56
15.62,-49.05,-4.72,-0.53,7.37,-0.19,-1.03,-1.19,-8.18,-0.94,1.85,1.47,-5.18,-0.23
15.64,-43.26,-5.00,0.04,6.91,-0.11,-0.69,-1.17,-7.60,-0.13,2.43,1.28,-5.56,0.20
15.66,-32.81,-4.55,-0.32,7.52,-0.21,0.14,-0.52,-8.17,-0.28,5.56,0.98,-6.18,0.55
15.69,-27.80,-4.24,-0.42,8.29,-0.18,0.57,0.13,-8.12,-0.53,7.61,0.88,-6.26,0.86
15.70,-15.80,-1.35,1.75,9.27,0.37,0.85,1.05,-2.16,-0.14,10.39,0.43,-5.94,1.53
15.72,-10.78,2.81,4.41,9.56,0.55,0.77,1.38,1.41,0.50,10.83,0.11,-5.59,1.54
15.73,-8.23,7.10,5.03,9.24,0.27,0.56,1.68,3.34,0.28,11.86,-0.11,-4.82,1.41
15.75,-5.30,14.90,1.17,7.18,-0.83,0.01,2.08,3.84,-2.86,12.29,0.01,-3.35,1.38
15.76,-5.96,19.55,-2.71,6.55,-1.45,-0.23,2.15,5.18,-3.90,10.94,0.13,-2.22,1.49
15.77,-7.81,18.91,-5.42,9.13,-1.31,-0.27,1.84,6.33,-3.52,11.47,-0.18,-0.86,1.67
15.79,-8.28,14.23,-5.10,10.08,-0.74,-0.17,1.18,5.61,-2.39,11.35,-0.37,0.09,1.10
15.80,-9.63,8.24,-4.07,9.55,-0.14,0.11,0.36,4.98,-1.28,9.92,-0.52,0.67,-0.66
15.82,-9.88,3.18,-0.84,8.02,0.23,0.62,-0.27,3.14,-0.40,8.98,-0.59,0.78,-1.18
15.84,-9.31,1.47,1.49,10.61,0.31,0.90,-0.57,1.34,0.63,10.54,-0.61,0.83,-0.93
15.85,-8.93,1.24,2.50,12.02,0.27,0.97,-0.71,1.86,0.78,11.98,-0.66,0.94,-0.84
15.87,-8.63,3.23,2.17,14.51,-0.34,0.80,-0.56,1.25,2.17,14.24,-0.76,1.26,-0.98
15.88,-8.65,3.97,0.11,15.72,-0.46,0.65,-0.35,0.49,2.36,15.01,-0.80,1.40,-1.15
15.89,-9.69,3.57,-1.48,15.00,-0.24,0.55,-0.34,-1.41,1.22,15.70,-0.69,1.53,-1.22
15.90,-11.07,2.32,-1.91,13.59,-0.02,0.52,-0.55,-2.88,-0.67,14.83,-0.47,1.59,-1.08
15.91,-12.77,0.44,-1.96,12.13,0.23,0.50,-0.78,-3.66,-1.09,12.21,-0.08,1.63,-0.80
15.93,-13.72,-1.13,-1.45,11.10,0.41,0.48,-0.79,-3.48,-0.52,9.71,-0.05,1.60,-0.70
15.94,-14.34,-2.15,-0.24,9.59,0.46,0.49,-0.59,-3.00,-0.96,8.51,-0.23,1.52,-0.58
15.95,-14.48,-1.93,0.56,8.66,0.28,0.55,-0.39,-2.79,-1.74,8.71,-0.24,1.41,-0.51
15.96,-14.64,-0.90,0.32,8.26,-0.19,0.79,0.16,-2.92,-2.51,8.89,-0.23,1.15,-0.19
15.99,-14.86,-0.17,-0.00,8.56,-0.33,0.88,0.42,-2.98,-2.54,8.89,-0.35,1.04,0.09
16.00,-14.94,0.57,-0.80,9.53,-0.44,0.93,0.87,-2.17,-1.76,9.47,-0.37,0.95,0.62
16.02,-14.54,1.35,-1.15,10.12,-0.28,0.91,1.04,0.30,-0.97,10.23,-0.17,0.95,0.71
16.04,-14.02,2.05,-1.16,9.89,-0.11,0.80,1.24,0.24,-1.34,9.97,-0.11,0.98,0.63
16.06,-14.09,2.49,-1.29,9.59,-0.06,0.74,1.33,0.00,-1.56,9.81,-0.10,0.99,0.64
16.07,-14.38,2.85,-1.47,9.39,-0.02,0.70,1.30,-0.01,-1.71,9.68,-0.08,1.00,0.70
16.08,-14.80,3.11,-1.40,9.17,-0.01,0.70,1.20,-0.04,-1.54,9.56,-0.08,1.01,0.72
16.09,-15.26,3.18,-1.23,9.08,-0.03,0.70,1.00,-0.07,-1.48,9.56,-0.09,1.02,0.67
16.11,-16.06,2.74,-1.24,9.25,-0.07,0.70,0.46,-0.18,-1.38,9.60,-0.10,1.02,0.53
16.14,-16.47,2.19,-1.10,9.31,-0.08,0.70,0.09,-0.62,-1.37,9.56,-0.09,1.02,0.45
16.15,-16.70,1.75,-1.01,9.33,-0.10,0.72,-0.11,-1.09,-1.42,9.50,-0.07,0.99,0.33
16.16,-16.95,0.86,-1.03,9.64,-0.13,0.74,-0.26,-1.91,-1.36,9.46,-0.07,0.96,0.28
16.18,-17.08,0.52,-1.02,9.88,-0.14,0.77,-0.28,-2.46,-1.35,9.54,-0.07,0.92,0.23
16.19,-17.06,0.32,-0.95,10.03,-0.15,0.81,-0.31,-2.78,-1.26,9.53,-0.07,0.89,0.21
16.20,-16.98,0.02,-0.89,10.18,-0.17,0.83,-0.37,-3.01,-1.17,9.53,-0.07,0.84,0.18
16.21,-17.34,-0.20,-0.87,10.29,-0.18,0.85,-0.40,-3.36,-1.15,9.62,-0.08,0.78,0.16
16.23,-17.26,-0.56,-0.81,10.46,-0.18,0.89,-0.40,-3.55,-1.16,9.73,-0.08,0.73,0.15
16.24,-16.89,-0.73,-0.85,10.54,-0.18,0.92,-0.30,-3.57,-1.17,9.79,-0.09,0.65,0.16
16.26,-16.56,-0.35,-0.70,10.26,-0.17,0.97,-0.11,-3.03,-1.10,9.77,-0.12,0.61,0.17
16.27,-16.19,0.04,-0.65,9.98,-0.17,0.99,0.02,-2.40,-1.10,9.73,-0.13,0.60,0.19
16.28,-15.78,0.73,-0.61,9.67,-0.18,0.99,0.14,-1.49,-1.09,9.71,-0.13,0.60,0.21
16.30,-15.43,1.84,-0.57,9.28,-0.19,0.95,0.24,-0.45,-1.10,9.72,-0.13,0.64,0.21
16.31,-14.96,2.71,-0.61,9.08,-0.22,0.91,0.24,0.68,-1.04,9.67,-0.13,0.70,0.17
16.32,-14.76,3.41,-0.83,8.98,-0.23,0.85,0.21,1.28,-1.01,9.66,-0.13,0.80,0.11
16.34,-14.71,3.88,-1.30,8.86,-0.23,0.78,0.13,1.74,-1.24,9.66,-0.11,0.90,0.03
16.35,-14.89,3.72,-1.62,8.62,-0.27,0.65,0.03,1.71,-1.88,9.72,-0.07,1.09,-0.15
16.37,-15.36,3.54,-1.86,8.87,-0.32,0.58,-0.01,1.25,-2.13,9.89,-0.06,1.20,-0.19
16.38,-15.65,3.48,-2.01,9.19,-0.35,0.54,-0.02,0.60,-2.27,10.21,-0.05,1.28,-0.18
16.39,-16.36,3.40,-2.12,9.53,-0.37,0.49,0.00,0.12,-2.20,10.44,-0.04,1.39,-0.10
16.40,-16.95,3.26,-2.10,9.66,-0.36,0.46,0.04,-0.03,-1.92,10.49,-0.03,1.49,-0.02
16.41,-17.73,3.03,-2.03,9.80,-0.34,0.41,0.10,-0.06,-1.62,10.52,-0.02,1.56,0.01
16.43,-19.07,2.76,-1.78,9.88,-0.24,0.31,0.17,-0.20,-1.29,10.68,0.00,1.73,-0.02
16.44,-19.73,2.76,-1.67,9.83,-0.20,0.27,0.18,-0.39,-1.22,10.78,0.01,1.78,-0.04
16.46,-21.17,3.02,-1.50,9.90,-0.14,0.21,0.19,-0.88,-1.10,11.09,0.02,1.91,-0.08
16.47,-23.16,3.70,-1.29,10.29,-0.08,0.12,0.21,-1.10,-1.00,11.71,-0.01,2.05,-0.05
16.49,-24.67,4.10,-0.93,10.40,-0.03,-0.01,0.26,-0.98,-0.65,12.16,-0.05,2.16,0.03
16.50,-26.37,4.57,0.06,10.43,0.06,-0.21,0.44,-0.92,-0.11,12.63,-0.13,2.32,0.27
16.52,-28.97,5.22,1.15,10.67,0.25,-0.47,0.74,-1.22,0.88,13.19,-0.32,2.42,0.48
16.53,-31.50,6.05,2.68,11.02,0.51,-0.70,0.99,-1.59,1.39,13.32,-0.43,2.47,0.68
16.54,-34.59,6.07,3.49,11.24,0.76,-0.81,1.03,-2.30,1.65,13.72,-0.61,2.49,0.90
16.56,-36.92,5.11,3.52,11.42,0.93,-0.84,0.91,-2.90,1.66,13.79,-0.77,2.45,1.22
16.57,-40.08,2.30,2.33,11.69,1.03,-0.85,0.54,-3.64,1.25,12.59,-0.91,2.33,1.30
16.59,-41.28,0.28,0.97,11.57,1.00,-0.94,0.29,-4.42,0.82,11.44,-0.99,2.21,1.30
16.60,-42.67,-0.83,-0.29,11.69,0.90,-1.06,0.11,-5.65,0.23,10.19,-1.05,2.06,1.22
16.61,-43.43,-1.37,-1.37,11.99,0.80,-1.18,0.03,-6.26,-0.19,9.63,-1.05,1.79,1.01
16.64,-45.86,-1.42,-1.91,12.43,0.67,-1.44,0.19,-6.98,-2.40,8.53,-0.81,1.49,0.76
16.65,-47.20,-1.14,-1.59,12.51,0.54,-1.58,0.41,-7.36,-3.05,7.26,-0.50,1.23,0.46
16.67,-50.05,-0.80,-1.24,12.90,0.31,-1.63,0.63,-7.82,-3.41,5.43,-0.24,0.98,0.24
16.68,-51.92,-0.99,-0.90,13.10,0.15,-1.61,0.69,-8.27,-3.31,4.45,-0.07,0.66,0.18
16.69,-54.16,-1.15,-0.58,13.02,0.06,-1.57,0.65,-8.52,-2.45,3.56,0.02,0.15,0.24
16.71,-55.99,-1.77,-0.51,12.87,-0.02,-1.52,0.54,-8.46,-1.31,2.90,0.01,-0.26,0.29
16.73,-57.15,-2.67,-0.56,12.24,-0.03,-1.51,0.41,-8.35,-0.88,2.56,0.10,-0.83,0.26
16.74,-57.64,-3.36,-0.42,11.45,-0.02,-1.56,0.27,-8.25,-0.46,2.14,0.22,-1.30,0.19
16.75,-57.49,-3.65,-0.23,10.90,-0.03,-1.62,0.17,-8.29,-0.18,1.87,0.33,-2.05,0.05
16.77,-57.07,-3.46,-0.06,9.89,-0.10,-1.71,0.10,-8.49,-0.54,1.55,0.52,-2.53,-0.05
16.79,-56.52,-2.97,-0.23,9.42,-0.16,-1.69,0.12,-8.28,-0.60,1.13,0.52,-2.96,0.05
16.80,-56.03,-2.73,-0.15,9.16,-0.16,-1.63,0.09,-8.02,-0.55,0.90,0.49,-3.26,0.22
16.82,-55.40,-2.80,-0.11,8.85,-0.13,-1.54,0.01,-7.96,-0.31,0.75,0.41,-3.55,0.35
16.83,-54.48,-3.16,-0.07,8.57,-0.10,-1.40,-0.03,-8.07,-0.16,0.73,0.32,-3.82,0.44
16.84,-53.11,-3.49,-0.05,8.27,-0.03,-1.26,-0.05,-7.99,-0.16,0.79,0.15,-4.09,0.48
16.85,-50.63,-4.09,0.55,7.74,0.12,-1.03,-0.04,-7.92,0.19,0.90,-0.11,-4.42,0.67
16.87,-47.33,-4.53,0.81,7.63,0.24,-0.81,0.09,-7.82,0.59,1.39,-0.43,-4.91,1.03
16.89,-43.09,-5.04,-0.13,7.99,0.26,-0.45,0.67,-8.09,0.14,2.51,-0.63,-5.09,1.13
16.90,-39.94,-5.18,-0.94,8.03,0.23,-0.23,1.17,-8.50,-1.46,3.98,-0.70,-5.18,1.25
16.91,-34.24,-4.54,-2.36,7.83,0.09,0.11,2.41,-8.56,-4.50,5.95,-0.67,-5.22,1.64
16.93,-30.12,-3.42,-2.78,7.68,-0.03,0.20,3.17,-7.88,-6.20,7.26,-0.68,-5.08,2.44
16.94,-23.97,-0.60,-3.78,7.58,-0.40,0.09,4.27,-5.17,-6.80,8.01,-0.96,-4.58,3.95
16.96,-21.22,0.80,-5.03,7.81,-0.52,0.04,4.70,-3.72,-7.28,8.85,-1.21,-4.29,4.51
16.97,-18.83,4.09,-7.26,8.20,-0.47,-0.11,5.35,-1.86,-7.94,10.15,-1.35,-3.69,5.35
16.99,-17.66,7.38,-7.69,7.94,-0.37,-0.14,5.57,0.60,-6.59,11.20,-1.35,-3.02,5.88
17.00,-17.59,9.82,-6.95,8.17,-0.15,-0.18,5.33,3.74,-4.43,12.00,-1.29,-2.15,5.92
17.02,-17.13,11.01,-5.77,8.06,0.08,-0.21,4.72,7.02,-2.03,12.15,-0.99,-1.50,5.48
17.03,-15.92,11.92,-4.39,8.14,0.31,-0.24,3.62,9.93,0.20,11.88,-0.62,-0.70,4.26
17.05,-16.25,12.32,-3.12,9.17,0.48,-0.20,2.28,12.17,1.62,12.34,-0.42,-0.15,2.46
17.06,-15.10,12.35,-1.91,10.65,0.51,-0.11,1.12,13.91,2.82,14.38,-0.16,0.10,0.37
17.07,-15.21,13.10,0.09,12.47,0.49,-0.07,-0.59,11.76,2.35,15.76,0.30,0.43,-1.11
17.09,-16.04,13.14,0.54,11.92,0.39,-0.12,-1.72,5.17,-0.94,15.66,0.97,0.83,-2.00
17.11,-18.56,8.08,-0.05,10.50,0.28,-0.04,-2.24,0.45,-2.18,12.69,0.88,1.08,-1.45
17.13,-21.32,0.53,-1.94,9.68,0.18,0.15,-1.91,-3.22,-2.21,9.14,0.68,1.07,-1.16
17.15,-20.92,-3.40,-2.64,9.31,0.17,0.17,-0.69,-3.34,-3.02,8.37,0.28,0.79,0.04
17.18,-20.28,-0.85,-2.25,10.21,0.26,0.07,0.63,-2.71,-1.53,9.46,0.15,0.72,0.23
17.20,-20.39,0.56,-1.91,10.63,0.36,0.08,0.98,-2.27,-1.23,10.06,0.13,0.70,0.36
17.21,-20.64,1.82,-1.87,10.49,0.43,0.10,1.14,-1.84,-1.50,10.22,0.16,0.64,0.39
17.23,-21.30,2.49,-2.05,10.14,0.46,0.09,1.13,-1.62,-1.90,10.14,0.18,0.61,0.40
17.25,-21.84,2.78,-2.25,9.84,0.46,0.06,0.98,-1.56,-2.13,10.02,0.21,0.57,0.38
17.26,-22.31,2.70,-2.27,9.73,0.46,0.04,0.87,-1.51,-2.22,9.89,0.21,0.55,0.36
17.27,-22.74,2.25,-2.22,9.76,0.44,0.03,0.70,-1.72,-2.12,9.76,0.21,0.50,0.33
17.28,-23.07,1.86,-2.19,9.89,0.44,0.04,0.65,-2.06,-1.98,9.71,0.23,0.46,0.29
17.30,-23.26,1.36,-1.94,10.03,0.46,0.08,0.64,-2.33,-1.70,9.62,0.23,0.42,0.28
17.31,-23.22,1.05,-1.72,10.13,0.47,0.11,0.69,-2.48,-1.49,9.55,0.22,0.37,0.31
17.32,-23.42,1.17,-1.46,10.08,0.50,0.13,0.76,-2.79,-1.41,9.59,0.22,0.32,0.38
17.33,-23.51,1.20,-1.58,10.13,0.51,0.15,0.83,-2.74,-1.46,9.61,0.22,0.27,0.42
17.35,-23.52,1.32,-1.76,10.10,0.54,0.15,0.90,-2.51,-1.59,9.60,0.21,0.24,0.49
17.36,-23.47,1.62,-1.83,9.92,0.59,0.14,0.94,-2.31,-1.68,9.58,0.21,0.20,0.54
17.37,-23.51,1.82,-1.85,9.75,0.61,0.13,0.96,-1.96,-1.75,9.58,0.21,0.17,0.58
17.38,-23.44,2.11,-1.83,9.62,0.65,0.11,0.99,-1.62,-1.73,9.64,0.23,0.13,0.64
17.41,-23.29,2.17,-1.79,9.65,0.70,0.11,1.01,-1.59,-1.58,9.73,0.25,0.10,0.68
17.42,-23.17,1.90,-1.74,9.72,0.74,0.09,1.06,-1.82,-1.53,9.73,0.27,0.09,0.77
17.44,-23.04,1.75,-1.79,9.83,0.79,0.08,1.18,-1.94,-1.46,9.70,0.28,0.08,0.88
17.46,-22.93,1.91,-1.82,9.77,0.87,0.07,1.31,-1.79,-1.54,9.73,0.29,0.09,0.97
17.48,-22.92,2.11,-1.76,9.67,0.90,0.05,1.36,-1.75,-1.60,9.73,0.30,0.09,1.04
17.48,-22.89,2.28,-1.73,9.62,0.92,0.03,1.39,-1.59,-1.70,9.85,0.32,0.06,1.10
17.50,-22.95,2.46,-1.80,9.58,0.92,-0.00,1.40,-1.44,-1.78,9.94,0.35,0.04,1.13
17.51,-22.95,2.66,-1.70,9.56,0.94,-0.03,1.38,-1.37,-1.65,9.91,0.39,0.04,1.13
17.53,-23.07,2.74,-1.56,9.53,0.94,-0.05,1.32,-1.33,-1.51,9.89,0.42,0.03,1.14
17.54,-23.15,2.80,-1.51,9.53,0.94,-0.06,1.26,-1.24,-1.48,9.94,0.45,0.03,1.14
17.55,-23.23,2.82,-1.60,9.59,0.92,-0.07,1.20,-1.11,-1.52,10.05,0.48,0.03,1.15
17.57,-23.31,2.72,-1.75,9.59,0.92,-0.08,1.19,-1.06,-1.60,10.11,0.50,0.05,1.15
17.58,-23.27,2.75,-1.98,9.62,0.92,-0.10,1.17,-1.06,-1.73,10.14,0.54,0.05,1.12
17.60,-23.27,2.72,-2.13,9.64,0.94,-0.11,1.17,-0.98,-1.80,10.20,0.58,0.04,1.11
17.61,-23.21,2.62,-2.02,9.71,0.99,-0.14,1.18,-0.96,-1.66,10.22,0.63,0.04,1.07
17.63,-23.17,2.52,-1.75,9.71,1.02,-0.16,1.21,-1.12,-1.41,10.16,0.67,0.04,1.05
17.64,-23.25,2.47,-1.46,9.77,1.07,-0.18,1.25,-1.33,-1.21,10.14,0.69,0.04,1.07
17.65,-23.31,2.42,-1.20,9.87,1.10,-0.19,1.28,-1.73,-1.04,10.19,0.71,0.04,1.11
17.66,-23.64,2.21,-0.73,10.07,1.15,-0.18,1.35,-2.41,-0.93,10.23,0.71,0.04,1.24
17.68,-23.98,2.01,-0.53,10.29,1.18,-0.18,1.45,-2.84,-0.84,10.18,0.67,0.01,1.52
17.70,-25.17,1.46,0.07,10.06,1.18,-0.15,2.10,-4.48,-1.63,8.87,0.32,-0.13,2.27
17.73,-25.84,1.19,-0.13,9.80,1.12,-0.14,2.43,-5.07,-2.33,8.42,0.10,-0.18,2.83
17.75,-26.93,0.99,-1.41,9.27,1.02,-0.15,3.20,-4.03,-3.72,8.20,-0.35,-0.31,3.81
17.77,-27.05,1.14,-1.73,9.05,1.00,-0.16,3.43,-3.45,-3.81,8.26,-0.44,-0.32,3.91
17.78,-27.03,1.94,-1.61,8.84,0.98,-0.16,3.71,-2.19,-3.57,8.57,-0.66,-0.29,4.35
17.80,-27.22,2.81,-0.68,8.85,0.92,-0.12,3.90,-2.29,-3.14,8.74,-0.80,-0.15,4.59
17.81,-27.86,3.00,0.12,9.05,0.86,-0.03,4.04,-3.21,-2.76,8.76,-0.96,-0.00,4.82
17.82,-28.60,2.96,0.43,9.26,0.81,0.04,4.16,-4.04,-2.62,8.78,-1.09,0.09,5.00
17.84,-29.51,2.68,0.39,9.64,0.77,0.12,4.30,-4.52,-2.78,8.91,-1.23,0.22,5.29
17.85,-30.27,2.38,0.25,9.79,0.79,0.17,4.36,-4.24,-3.01,9.23,-1.32,0.36,5.60
17.86,-30.83,2.02,0.20,9.76,0.86,0.23,4.36,-3.33,-2.75,9.73,-1.39,0.52,5.91
17.88,-30.88,1.83,0.21,9.71,0.94,0.28,4.34,-2.52,-2.43,10.17,-1.37,0.62,5.90
17.89,-30.75,1.91,0.20,9.70,0.99,0.31,4.28,-1.71,-2.08,10.40,-1.31,0.69,5.75
17.90,-29.97,2.18,0.23,9.67,1.06,0.40,4.05,-0.36,-1.02,10.39,-1.16,0.85,5.05
17.92,-29.19,2.70,0.22,9.65,1.06,0.47,3.77,-0.21,-0.51,10.22,-1.04,0.95,4.35
17.94,-28.91,2.88,-0.03,9.64,1.04,0.50,3.43,-0.82,-0.71,10.15,-0.93,0.99,3.84
17.96,-28.90,2.80,-0.18,9.57,1.02,0.51,3.15,-1.31,-1.04,10.11,-0.86,0.92,3.39
17.98,-29.02,2.44,-0.41,9.53,0.99,0.52,2.87,-1.85,-1.64,9.99,-0.73,0.89,3.34
18.00,-28.69,1.92,-0.72,9.63,0.94,0.53,2.60,-1.64,-1.97,9.85,-0.60,0.72,3.27
18.02,-27.89,1.77,-0.86,9.59,0.92,0.52,2.52,-1.18,-1.66,9.55,-0.50,0.52,3.23
18.04,-26.92,1.72,-0.95,9.51,0.91,0.49,2.47,-0.88,-1.45,9.34,-0.44,0.37,3.10
18.05,-25.74,1.85,-1.05,9.42,0.91,0.44,2.45,-0.79,-1.46,9.18,-0.40,0.18,2.88
18.07,-24.99,2.01,-1.11,9.30,0.90,0.39,2.43,-0.80,-1.59,9.13,-0.38,0.06,2.75
18.08,-24.32,2.18,-1.17,9.22,0.88,0.34,2.42,-0.87,-1.76,9.14,-0.37,-0.05,2.65
18.09,-23.72,2.32,-1.23,9.21,0.85,0.29,2.39,-0.95,-2.00,9.20,-0.37,-0.20,2.55
18.11,-23.06,2.45,-1.35,9.22,0.77,0.22,2.34,-1.07,-2.24,9.28,-0.36,-0.33,2.51
18.12,-22.29,2.67,-1.37,9.19,0.68,0.19,2.29,-1.30,-2.52,9.29,-0.35,-0.44,2.50
18.14,-21.93,2.79,-1.52,9.15,0.62,0.17,2.27,-1.30,-2.52,9.28,-0.35,-0.53,2.50
18.15,-21.66,3.05,-1.68,9.06,0.54,0.16,2.23,-1.11,-2.54,9.38,-0.36,-0.61,2.48
18.16,-20.31,3.31,-1.39,8.71,0.36,0.19,1.91,-0.01,-1.92,9.47,-0.33,-0.71,2.38
18.20,-18.82,3.33,-0.97,8.82,0.21,0.19,1.60,0.63,-1.07,9.74,-0.20,-0.75,1.92
18.22,-18.03,3.53,-0.54,9.07,0.16,0.19,1.48,0.78,-0.33,9.91,-0.13,-0.73,1.76
18.23,-17.10,3.90,0.09,9.36,0.11,0.20,1.30,1.23,-0.37,10.08,-0.04,-0.70,1.21
18.25,-16.30,4.23,0.43,9.53,0.04,0.17,1.17,1.87,-0.46,10.28,-0.02,-0.72,0.93
18.26,-15.47,4.63,0.59,9.72,-0.03,0.14,1.05,2.43,0.00,10.76,-0.06,-0.76,0.77
18.27,-15.07,5.06,0.71,9.81,-0.08,0.09,0.95,2.65,0.59,11.08,-0.04,-0.77,0.62
18.28,-14.19,5.69,0.86,9.69,-0.10,0.02,0.84,2.53,0.87,11.22,-0.01,-0.72,0.42
18.29,-14.41,6.38,1.02,9.29,-0.13,-0.09,0.60,2.15,0.38,11.13,-0.01,-0.62,0.30
18.31,-14.71,6.29,0.79,9.08,-0.17,-0.17,0.31,1.34,0.12,10.64,-0.05,-0.45,0.11
18.32,-15.37,5.04,0.68,9.11,-0.20,-0.20,0.06,0.98,0.44,10.14,-0.06,-0.34,0.00
18.34,-15.72,3.47,0.50,9.23,-0.22,-0.22,-0.11,0.44,0.52,9.73,-0.07,-0.25,-0.14
18.35,-15.79,2.72,0.36,9.28,-0.22,-0.24,-0.18,-0.22,0.47,9.50,-0.13,-0.21,-0.21
18.37,-15.93,2.16,0.24,9.39,-0.22,-0.25,-0.21,-0.89,0.47,9.46,-0.14,-0.19,-0.25
18.38,-16.10,1.66,0.11,9.50,-0.19,-0.26,-0.15,-1.40,0.35,9.39,-0.17,-0.17,-0.19
18.40,-16.31,1.55,0.11,9.68,-0.16,-0.26,0.02,-1.70,0.09,9.45,-0.23,-0.17,-0.13
18.42,-16.37,1.86,0.08,9.73,-0.16,-0.26,0.14,-1.62,0.06,9.56,-0.24,-0.16,-0.04
18.43,-16.44,1.95,0.06,9.75,-0.16,-0.26,0.15,-1.56,0.04,9.61,-0.25,-0.16,-0.03
18.45,-16.58,2.13,0.03,9.80,-0.16,-0.26,0.17,-1.41,-0.03,9.73,-0.26,-0.16,-0.01
18.46,-16.71,2.37,-0.02,9.85,-0.17,-0.27,0.18,-1.19,-0.11,9.94,-0.27,-0.16,0.02
18.47,-17.00,2.54,-0.06,9.84,-0.17,-0.28,0.17,-1.06,-0.09,10.09,-0.27,-0.15,0.03
18.49,-17.46,2.93,-0.10,9.74,-0.19,-0.31,0.13,-0.79,-0.16,10.16,-0.26,-0.13,0.01
18.50,-17.75,2.97,-0.18,9.68,-0.20,-0.32,0.09,-0.71,-0.21,10.12,-0.25,-0.12,-0.00
18.52,-18.03,2.91,-0.39,9.68,-0.21,-0.34,0.02,-0.67,-0.37,10.09,-0.25,-0.11,-0.02
18.53,-18.62,2.73,-0.76,9.69,-0.21,-0.40,-0.07,-0.83,-0.67,10.14,-0.23,-0.08,-0.07
18.56,-18.98,2.59,-0.87,9.63,-0.21,-0.43,-0.08,-1.00,-0.75,10.06,-0.22,-0.07,-0.07
18.57,-19.67,2.53,-0.87,9.65,-0.19,-0.46,-0.07,-1.16,-0.75,9.94,-0.22,-0.05,-0.05
18.59,-20.02,2.47,-0.83,9.79,-0.17,-0.47,-0.07,-1.15,-0.71,9.98,-0.20,-0.05,-0.03
18.60,-20.49,2.11,-0.90,10.02,-0.14,-0.45,-0.06,-1.40,-0.60,10.01,-0.18,-0.06,-0.03
18.62,-20.76,1.76,-0.87,10.09,-0.11,-0.44,-0.02,-1.80,-0.68,9.99,-0.15,-0.08,-0.06
18.64,-21.34,1.70,-0.55,10.06,-0.06,-0.43,0.11,-2.16,-0.64,9.85,-0.14,-0.13,-0.02
18.66,-21.59,1.92,-0.39,9.93,-0.01,-0.44,0.22,-2.15,-0.42,9.78,-0.15,-0.15,0.02
18.67,-21.97,2.32,-0.40,9.65,0.04,-0.46,0.33,-2.04,-0.30,9.83,-0.15,-0.18,0.09
18.68,-22.63,2.79,-0.44,9.31,0.09,-0.50,0.42,-1.52,-0.31,9.83,-0.15,-0.20,0.21
18.71,-23.12,3.36,-0.46,9.17,0.12,-0.56,0.44,-0.56,-0.44,9.73,-0.14,-0.20,0.26
18.73,-23.62,3.78,-0.65,9.14,0.14,-0.62,0.39,-0.17,-0.52,9.89,-0.14,-0.18,0.25
18.74,-24.42,3.85,-1.00,9.01,0.10,-0.67,0.35,-0.20,-0.70,10.09,-0.12,-0.14,0.20
18.77,-24.63,3.94,-0.89,8.92,0.10,-0.70,0.33,-0.31,-0.76,10.12,-0.12,-0.14,0.19
18.78,-24.99,4.20,-0.73,9.25,0.07,-0.69,0.31,-0.43,-1.07,10.22,-0.09,-0.10,0.13
18.80,-25.39,3.91,-0.72,9.40,0.07,-0.68,0.29,-0.30,-1.23,10.13,-0.07,-0.08,0.11
18.81,-25.72,3.78,-0.53,9.17,0.08,-0.71,0.29,-0.26,-1.01,9.74,-0.07,-0.06,0.10
18.82,-25.90,3.85,-0.35,9.01,0.08,-0.73,0.30,-0.24,-0.78,9.63,-0.07,-0.05,0.11
18.83,-26.19,3.96,-0.01,8.94,0.07,-0.76,0.30,-0.24,-0.40,9.75,-0.09,-0.02,0.09
18.85,-26.58,4.10,0.08,9.07,0.06,-0.78,0.28,-0.44,-0.24,9.97,-0.11,0.00,0.06
18.86,-27.12,4.18,-0.03,9.33,0.06,-0.78,0.26,-0.48,-0.18,9.93,-0.12,0.01,0.05
18.87,-27.68,4.27,-0.33,9.31,0.06,-0.77,0.28,-0.56,-0.23,9.86,-0.11,0.03,0.05
18.89,-28.55,4.57,-0.72,9.08,0.06,-0.74,0.34,-0.30,-0.79,10.09,-0.08,0.07,-0.01
18.90,-28.95,4.68,-0.67,8.97,0.05,-0.72,0.36,-0.11,-0.92,10.07,-0.07,0.09,-0.03
18.91,-29.57,4.62,-0.77,8.78,0.02,-0.69,0.40,-0.07,-0.89,9.75,-0.07,0.10,-0.09
18.92,-30.26,4.54,-0.47,8.51,-0.01,-0.65,0.37,-0.25,-0.72,9.59,-0.06,0.10,-0.18
18.94,-30.78,4.63,-0.23,8.55,-0.03,-0.63,0.33,-0.52,-0.70,9.63,-0.07,0.10,-0.20
18.95,-31.47,4.71,0.23,8.58,-0.06,-0.60,0.32,-0.78,-0.60,9.63,-0.08,0.11,-0.16
18.96,-32.29,4.91,0.47,8.65,-0.10,-0.58,0.26,-1.08,-0.29,9.66,-0.11,0.11,-0.05
18.98,-33.13,4.75,0.38,8.61,-0.13,-0.57,0.17,-1.14,-0.11,9.68,-0.10,0.11,0.02
18.99,-33.93,4.59,0.41,8.35,-0.20,-0.57,0.16,-0.79,0.09,9.57,-0.09,0.11,0.05
19.01,-34.24,4.59,0.37,8.34,-0.23,-0.58,0.20,-0.40,0.22,9.57,-0.11,0.10,0.05
19.02,-34.58,4.68,0.30,8.40,-0.24,-0.59,0.26,-0.29,0.17,9.78,-0.11,0.09,-0.01
19.03,-34.95,4.82,0.18,8.51,-0.20,-0.62,0.33,-0.38,0.11,9.90,-0.10,0.10,-0.08
19.05,-35.36,4.89,0.25,8.43,-0.16,-0.67,0.34,-0.65,-0.01,9.85,-0.12,0.12,-0.10
19.06,-36.03,4.95,0.16,8.19,-0.16,-0.71,0.31,-0.82,-0.22,9.75,-0.11,0.14,-0.09
19.08,-36.97,5.12,-0.15,7.90,-0.16,-0.77,0.31,-0.69,-0.44,9.67,-0.11,0.17,-0.08
19.09,-38.65,5.79,-0.54,7.27,-0.20,-0.86,0.32,-0.24,-0.68,9.72,-0.12,0.22,-0.03
19.11,-39.07,5.92,-0.80,7.17,-0.19,-0.87,0.30,-0.15,-0.72,9.76,-0.11,0.24,-0.03
19.12,-40.15,6.14,-0.99,7.10,-0.18,-0.89,0.28,-0.12,-0.92,9.80,-0.10,0.27,-0.07
19.13,-41.51,6.14,-0.87,7.05,-0.22,-0.90,0.23,-0.38,-1.18,9.78,-0.09,0.29,-0.14
19.15,-42.87,6.00,-1.19,7.27,-0.25,-0.91,0.10,-0.80,-1.24,9.68,-0.09,0.30,-0.19
19.16,-44.03,5.91,-1.10,7.52,-0.23,-0.90,0.01,-1.32,-1.26,9.65,-0.10,0.31,-0.17
19.17,-45.17,5.68,-0.88,7.79,-0.23,-0.90,-0.08,-1.67,-1.13,9.63,-0.11,0.32,-0.13
19.18,-46.40,5.47,-0.87,8.11,-0.21,-0.90,-0.14,-2.15,-0.83,9.66,-0.12,0.30,-0.08
19.20,-47.25,5.39,-0.86,8.30,-0.14,-0.89,-0.16,-2.35,-0.69,9.73,-0.13,0.28,-0.07
19.21,-48.18,5.48,-0.63,8.37,-0.06,-0.87,-0.14,-2.41,-0.60,9.77,-0.14,0.25,-0.05
19.22,-49.07,5.60,-0.35,8.29,-0.03,-0.85,-0.10,-2.43,-0.55,9.74,-0.15,0.22,-0.04
19.23,-49.58,5.62,-0.33,8.14,-0.04,-0.84,-0.08,-2.41,-0.59,9.72,-0.15,0.20,-0.04
19.24,-50.06,5.64,-0.28,7.95,-0.07,-0.82,-0.06,-2.34,-0.64,9.70,-0.15,0.16,-0.05
19.26,-50.70,5.68,-0.47,7.77,-0.10,-0.82,-0.07,-2.21,-0.80,9.70,-0.15,0.13,-0.07
19.27,-51.39,5.98,-0.95,7.69,-0.10,-0.80,-0.09,-2.12,-0.99,9.70,-0.14,0.09,-0.10
19.28,-51.87,6.15,-1.07,7.61,-0.08,-0.79,-0.10,-2.06,-1.15,9.74,-0.13,0.07,-0.11
19.29,-53.20,6.65,-1.20,7.30,-0.03,-0.76,-0.16,-1.88,-1.40,9.86,-0.09,0.01,-0.12
19.33,-54.48,6.76,-1.40,6.82,-0.03,-0.73,-0.25,-1.60,-1.61,9.77,-0.05,0.00,-0.14
19.35,-55.05,6.70,-1.46,6.69,-0.03,-0.73,-0.27,-1.50,-1.67,9.71,-0.03,-0.01,-0.18
19.36,-55.49,6.60,-1.40,6.58,-0.04,-0.75,-0.26,-1.51,-1.67,9.65,-0.02,-0.02,-0.21
19.37,-55.81,6.56,-1.32,6.53,-0.06,-0.76,-0.24,-1.60,-1.67,9.63,-0.01,-0.02,-0.23
19.38,-56.29,6.62,-1.28,6.55,-0.08,-0.78,-0.23,-1.77,-1.65,9.68,0.01,-0.03,-0.23
19.40,-57.17,6.83,-1.25,6.70,-0.08,-0.80,-0.23,-1.96,-1.61,9.72,0.04,-0.04,-0.21
19.42,-57.57,6.97,-1.16,6.73,-0.08,-0.81,-0.23,-2.01,-1.60,9.73,0.05,-0.05,-0.19
19.43,-58.49,7.17,-1.00,6.78,-0.07,-0.80,-0.23,-1.98,-1.51,9.77,0.08,-0.05,-0.16
19.45,-58.96,7.10,-0.80,6.76,-0.06,-0.79,-0.23,-1.98,-1.34,9.70,0.09,-0.06,-0.14
19.46,-59.29,6.99,-0.56,6.65,-0.06,-0.80,-0.21,-2.01,-1.19,9.64,0.09,-0.07,-0.13
19.47,-59.73,6.97,-0.42,6.58,-0.07,-0.80,-0.20,-2.07,-1.00,9.60,0.08,-0.09,-0.12
19.48,-60.27,7.03,-0.32,6.56,-0.07,-0.82,-0.15,-2.14,-0.83,9.61,0.08,-0.11,-0.10
19.49,-60.63,7.08,-0.22,6.56,-0.06,-0.83,-0.13,-2.18,-0.70,9.60,0.07,-0.12,-0.09
19.50,-61.07,7.14,-0.07,6.51,-0.05,-0.83,-0.11,-2.15,-0.61,9.58,0.06,-0.14,-0.09
19.51,-61.49,7.25,0.00,6.44,-0.04,-0.84,-0.09,-2.11,-0.55,9.55,0.05,-0.15,-0.08
19.53,-61.92,7.41,0.08,6.37,-0.03,-0.84,-0.08,-2.02,-0.50,9.52,0.02,-0.18,-0.08
19.54,-62.12,7.48,0.08,6.32,-0.02,-0.84,-0.08,-2.00,-0.48,9.51,0.01,-0.20,-0.08
19.55,-62.78,7.61,0.05,6.10,0.03,-0.83,-0.09,-1.98,-0.50,9.52,-0.01,-0.22,-0.08
19.56,-63.10,7.66,0.08,5.97,0.04,-0.82,-0.09,-1.92,-0.54,9.54,-0.03,-0.23,-0.08
19.57,-63.49,7.74,0.07,5.79,0.06,-0.82,-0.09,-1.77,-0.60,9.59,-0.05,-0.24,-0.06
19.58,-64.09,7.89,-0.02,5.52,0.08,-0.82,-0.09,-1.50,-0.68,9.64,-0.07,-0.26,-0.05
19.60,-64.45,7.98,-0.07,5.34,0.08,-0.82,-0.09,-1.28,-0.76,9.66,-0.08,-0.26,-0.08
19.62,-64.96,8.13,-0.16,5.02,0.05,-0.83,-0.10,-1.00,-0.98,9.70,-0.10,-0.27,-0.12
19.64,-65.93,8.18,-0.43,4.78,-0.01,-0.85,-0.10,-0.94,-1.20,9.67,-0.11,-0.28,-0.19
19.66,-66.23,8.15,-0.44,4.73,-0.03,-0.86,-0.11,-1.04,-1.32,9.65,-0.11,-0.28,-0.20
19.68,-66.93,8.20,-0.49,4.82,-0.05,-0.88,-0.14,-1.23,-1.42,9.72,-0.10,-0.29,-0.19
19.70,-67.31,8.21,-0.47,4.87,-0.05,-0.90,-0.17,-1.24,-1.44,9.74,-0.10,-0.29,-0.18
19.71,-67.68,8.18,-0.40,4.89,-0.04,-0.91,-0.19,-1.30,-1.37,9.72,-0.09,-0.30,-0.16
19.72,-68.09,8.29,-0.26,4.88,-0.05,-0.92,-0.18,-1.34,-1.29,9.71,-0.09,-0.31,-0.15
19.73,-68.66,8.37,-0.05,4.84,-0.05,-0.93,-0.19,-1.38,-1.17,9.72,-0.08,-0.32,-0.15
19.75,-69.00,8.43,0.05,4.74,-0.05,-0.93,-0.20,-1.36,-1.01,9.67,-0.08,-0.35,-0.14
19.76,-69.72,8.52,0.10,4.55,-0.03,-0.93,-0.19,-1.27,-0.88,9.64,-0.10,-0.36,-0.14
19.78,-70.10,8.45,0.09,4.43,-0.02,-0.92,-0.15,-1.17,-0.85,9.62,-0.12,-0.37,-0.16
19.80,-70.51,8.63,0.12,4.22,-0.03,-0.92,-0.10,-1.12,-0.89,9.63,-0.13,-0.38,-0.18
19.81,-70.97,9.02,0.13,3.85,-0.05,-0.90,-0.02,-1.00,-0.98,9.70,-0.13,-0.39,-0.21
19.82,-71.59,9.24,0.10,3.50,-0.07,-0.88,0.02,-0.92,-1.04,9.79,-0.13,-0.39,-0.23
19.84,-72.19,9.46,-0.11,3.16,-0.11,-0.85,0.08,-0.71,-1.23,9.95,-0.11,-0.36,-0.26
19.85,-72.50,9.61,-0.29,3.06,-0.13,-0.82,0.11,-0.54,-1.45,10.01,-0.10,-0.34,-0.25
19.86,-72.99,9.73,-0.51,2.88,-0.15,-0.78,0.13,-0.43,-1.67,9.95,-0.09,-0.30,-0.24
19.88,-73.61,9.82,-0.60,2.77,-0.16,-0.72,0.14,-0.38,-1.87,9.85,-0.07,-0.28,-0.22
19.89,-74.22,9.90,-0.79,2.74,-0.18,-0.65,0.15,-0.27,-2.00,9.83,-0.06,-0.25,-0.19
19.91,-74.67,9.80,-0.87,2.57,-0.17,-0.58,0.12,0.01,-2.10,9.85,-0.05,-0.22,-0.13
19.92,-74.82,9.67,-0.85,2.44,-0.16,-0.54,0.09,0.27,-2.05,9.83,-0.04,-0.20,-0.07
19.92,-74.95,9.57,-0.85,2.37,-0.16,-0.50,0.08,0.41,-1.93,9.80,-0.04,-0.18,-0.03
19.94,-75.14,9.42,-0.85,2.29,-0.16,-0.46,0.07,0.57,-1.69,9.77,-0.02,-0.16,-0.01
19.96,-75.22,9.30,-0.80,2.29,-0.15,-0.45,0.06,0.63,-1.55,9.75,0.00,-0.15,-0.06
19.98,-75.20,9.18,-0.67,2.34,-0.14,-0.44,0.03,0.52,-1.51,9.76,0.03,-0.15,-0.08
20.00,-75.36,9.13,-0.52,2.39,-0.14,-0.44,0.03,0.38,-1.44,9.76,0.04,-0.15,-0.10
20.01,-75.41,9.14,-0.35,2.47,-0.14,-0.44,0.03,0.16,-1.34,9.76,0.05,-0.15,-0.10
20.02,-75.67,9.15,-0.21,2.51,-0.14,-0.44,0.04,-0.08,-1.19,9.78,0.05,-0.15,-0.06
20.04,-75.89,9.17,-0.08,2.52,-0.12,-0.44,0.05,-0.18,-1.12,9.78,0.05,-0.15,-0.05
20.05,-76.27,9.25,0.09,2.56,-0.09,-0.44,0.05,-0.30,-0.99,9.81,0.05,-0.15,-0.00
20.07,-76.45,9.33,0.10,2.58,-0.06,-0.43,0.04,-0.34,-0.87,9.81,0.04,-0.16,0.05
20.08,-76.56,9.36,0.05,2.57,-0.04,-0.42,0.03,-0.28,-0.78,9.77,0.02,-0.16,0.06
20.09,-76.70,9.35,0.01,2.54,-0.01,-0.41,0.04,-0.19,-0.74,9.72,0.01,-0.17,0.04
20.10,-76.85,9.30,-0.05,2.46,0.00,-0.39,0.07,-0.11,-0.75,9.67,0.00,-0.17,0.01
20.11,-76.90,9.31,-0.09,2.34,0.02,-0.37,0.11,0.01,-0.79,9.67,-0.02,-0.18,-0.01
20.13,-77.07,9.55,-0.14,2.06,0.05,-0.33,0.13,0.21,-0.85,9.67,-0.06,-0.18,-0.02
20.15,-77.11,9.78,-0.27,1.94,0.08,-0.29,0.08,0.36,-0.97,9.77,-0.08,-0.18,-0.04
20.17,-77.15,9.82,-0.33,1.83,0.09,-0.27,0.04,0.46,-1.12,9.85,-0.08,-0.17,-0.11
20.18,-77.25,9.73,-0.60,1.74,0.11,-0.24,-0.03,0.59,-1.39,9.93,-0.07,-0.16,-0.18
20.20,-77.16,9.71,-0.86,1.71,0.08,-0.23,-0.07,0.71,-1.77,10.02,-0.04,-0.15,-0.25
20.22,-77.14,9.74,-0.99,1.70,0.07,-0.22,-0.08,0.73,-1.91,10.08,-0.01,-0.14,-0.28
20.23,-77.15,9.81,-1.06,1.78,0.05,-0.22,-0.12,0.75,-2.00,10.15,0.04,-0.14,-0.29
20.25,-77.05,9.84,-1.06,1.75,0.06,-0.22,-0.16,0.73,-1.95,10.16,0.09,-0.14,-0.29
20.26,-77.08,9.87,-0.97,1.73,0.06,-0.22,-0.22,0.69,-1.81,10.12,0.14,-0.14,-0.28
20.27,-77.06,9.88,-0.81,1.70,0.07,-0.21,-0.29,0.62,-1.55,9.98,0.20,-0.14,-0.25
20.29,-77.14,9.68,-0.53,1.31,0.10,-0.18,-0.35,0.75,-1.34,9.75,0.24,-0.13,-0.21
20.31,-77.20,9.46,-0.27,1.18,0.10,-0.15,-0.34,0.89,-1.13,9.54,0.26,-0.13,-0.15
20.33,-77.19,9.35,-0.08,1.09,0.09,-0.11,-0.31,0.99,-0.92,9.40,0.27,-0.13,-0.10
20.34,-77.21,9.30,0.15,1.01,0.08,-0.06,-0.28,1.09,-0.72,9.31,0.27,-0.12,-0.07
20.35,-77.07,9.28,0.29,0.99,0.06,-0.02,-0.27,1.14,-0.63,9.31,0.26,-0.12,-0.07
20.37,-76.93,9.31,0.37,1.02,0.04,0.02,-0.25,1.18,-0.60,9.44,0.24,-0.11,-0.05
20.39,-76.69,9.35,0.39,1.14,0.02,0.06,-0.19,1.11,-0.63,9.63,0.21,-0.09,-0.02
20.41,-76.56,9.33,0.45,1.18,0.01,0.08,-0.16,1.03,-0.63,9.64,0.20,-0.08,-0.01
20.42,-76.44,9.33,0.57,1.27,-0.01,0.09,-0.10,0.92,-0.57,9.62,0.18,-0.05,0.03
20.43,-76.35,9.32,0.52,1.38,-0.01,0.11,-0.08,0.80,-0.51,9.58,0.15,-0.04,0.05
20.45,-76.28,9.33,0.42,1.48,0.01,0.12,-0.08,0.63,-0.46,9.55,0.12,-0.02,0.07
20.47,-76.22,9.33,0.30,1.61,0.05,0.14,-0.07,0.43,-0.51,9.59,0.08,-0.00,0.05
20.48,-76.15,9.35,0.24,1.75,0.06,0.14,-0.07,0.34,-0.66,9.66,0.06,0.02,0.03
20.49,-76.16,9.36,0.18,1.87,0.05,0.14,-0.07,0.30,-0.89,9.73,0.04,0.03,0.00
20.51,-76.06,9.35,0.10,1.97,0.04,0.14,-0.09,0.28,-1.10,9.78,0.03,0.04,-0.03
20.52,-76.03,9.33,0.01,2.01,0.04,0.13,-0.11,0.19,-1.29,9.77,0.03,0.07,-0.05
20.54,-76.06,9.24,-0.07,2.04,0.03,0.12,-0.13,0.06,-1.41,9.67,0.03,0.09,-0.05
20.56,-76.12,9.22,-0.06,2.06,0.02,0.12,-0.12,-0.03,-1.45,9.63,0.03,0.11,-0.03
20.57,-76.25,9.21,-0.06,2.10,0.01,0.12,-0.12,-0.09,-1.53,9.63,0.02,0.12,-0.01
20.58,-76.26,9.20,-0.04,2.18,-0.01,0.11,-0.10,-0.09,-1.63,9.68,0.01,0.11,0.03
20.59,-76.29,9.26,-0.00,2.29,-0.05,0.10,-0.10,0.03,-1.63,9.84,0.03,0.09,0.12
20.62,-76.21,9.32,0.03,2.39,-0.08,0.09,-0.11,0.08,-1.37,9.91,0.06,0.09,0.13
20.64,-76.18,9.30,0.08,2.45,-0.09,0.08,-0.11,0.04,-1.22,9.90,0.08,0.08,0.12
20.65,-76.11,9.24,0.17,2.50,-0.10,0.07,-0.11,-0.02,-1.09,9.85,0.08,0.07,0.10
20.66,-76.05,9.17,0.28,2.55,-0.10,0.06,-0.11,-0.09,-0.97,9.82,0.08,0.05,0.10
20.67,-75.92,9.03,0.49,2.58,-0.09,0.04,-0.08,-0.23,-0.78,9.77,0.08,0.04,0.11
20.69,-75.90,8.97,0.65,2.52,-0.07,0.01,-0.04,-0.27,-0.53,9.72,0.07,0.02,0.12
20.71,-75.92,8.97,0.76,2.44,-0.06,-0.00,0.00,-0.24,-0.37,9.70,0.06,0.01,0.13
20.72,-75.95,9.00,0.84,2.39,-0.05,-0.02,0.06,-0.16,-0.21,9.70,0.04,0.00,0.13
20.74,-75.98,9.05,0.84,2.33,-0.04,-0.03,0.11,0.01,-0.11,9.70,0.01,-0.01,0.13
20.75,-75.95,9.10,0.80,2.28,-0.02,-0.04,0.15,0.13,-0.09,9.69,-0.01,-0.01,0.12
20.77,-75.89,9.14,0.74,2.24,0.00,-0.05,0.19,0.24,-0.14,9.68,-0.03,-0.02,0.09
20.78,-75.84,9.18,0.66,2.19,0.02,-0.05,0.21,0.28,-0.24,9.68,-0.05,-0.03,0.07
20.80,-75.81,9.20,0.59,2.16,0.04,-0.05,0.22,0.30,-0.32,9.69,-0.06,-0.04,0.05
20.81,-75.75,9.24,0.50,2.13,0.05,-0.05,0.22,0.33,-0.48,9.72,-0.08,-0.04,0.04
20.82,-75.70,9.31,0.26,2.07,0.05,-0.05,0.22,0.32,-0.79,9.78,-0.10,-0.04,0.03
20.85,-75.69,9.32,0.17,2.06,0.05,-0.05,0.22,0.34,-0.86,9.79,-0.11,-0.04,0.04
20.87,-75.65,9.36,-0.03,2.04,0.03,-0.05,0.21,0.39,-1.00,9.80,-0.11,-0.04,0.04
20.89,-75.62,9.37,-0.18,2.03,0.03,-0.05,0.20,0.43,-1.09,9.82,-0.10,-0.04,0.03
20.90,-75.60,9.40,-0.21,2.01,0.02,-0.05,0.19,0.44,-1.12,9.82,-0.10,-0.04,0.03
20.91,-75.58,9.39,-0.28,2.01,0.02,-0.05,0.18,0.45,-1.16,9.83,-0.09,-0.04,0.03
20.92,-75.57,9.40,-0.31,1.98,0.02,-0.05,0.17,0.47,-1.20,9.83,-0.08,-0.04,0.03
20.93,-75.56,9.41,-0.32,1.96,0.01,-0.05,0.16,0.49,-1.24,9.84,-0.07,-0.03,0.04
20.95,-75.52,9.41,-0.33,1.96,0.00,-0.05,0.14,0.50,-1.25,9.84,-0.06,-0.03,0.04
20.96,-75.51,9.40,-0.34,1.97,-0.00,-0.05,0.13,0.52,-1.27,9.84,-0.05,-0.03,0.04
20.97,-75.50,9.39,-0.33,1.95,-0.01,-0.05,0.11,0.52,-1.26,9.83,-0.04,-0.03,0.04
20.99,-75.47,9.40,-0.31,1.95,-0.03,-0.04,0.09,0.52,-1.22,9.81,-0.03,-0.02,0.03
21.00,-75.48,9.40,-0.30,1.94,-0.03,-0.04,0.07,0.52,-1.19,9.80,-0.03,-0.02,0.03
21.01,-75.45,9.41,-0.29,1.95,-0.04,-0.04,0.06,0.52,-1.15,9.81,-0.02,-0.02,0.03
21.02,-75.45,9.42,-0.27,1.95,-0.05,-0.04,0.05,0.50,-1.11,9.81,-0.02,-0.01,0.02
21.04,-75.46,9.42,-0.26,1.96,-0.05,-0.04,0.03,0.50,-1.09,9.81,-0.01,-0.01,0.01
21.05,-75.46,9.43,-0.25,1.96,-0.05,-0.03,0.02,0.49,-1.07,9.80,-0.01,-0.01,0.01
21.06,-75.46,9.42,-0.22,1.97,-0.05,-0.03,0.00,0.46,-1.03,9.81,-0.00,-0.01,0.01
21.08,-75.46,9.40,-0.21,1.98,-0.05,-0.03,-0.01,0.44,-1.01,9.81,-0.00,-0.01,0.00
21.10,-75.47,9.40,-0.20,1.99,-0.05,-0.03,-0.02,0.44,-1.01,9.80,0.00,-0.00,0.00
21.11,-75.47,9.38,-0.19,1.98,-0.05,-0.02,-0.02,0.44,-1.00,9.79,0.00,-0.00,0.00
21.12,-75.48,9.38,-0.18,1.99,-0.04,-0.02,-0.03,0.42,-1.00,9.79,0.00,-0.00,0.00
21.13,-75.49,9.36,-0.16,1.99,-0.04,-0.02,-0.04,0.42,-0.99,9.80,0.00,-0.00,-0.00
21.14,-75.49,9.34,-0.14,1.98,-0.04,-0.02,-0.04,0.43,-0.99,9.79,0.01,-0.00,-0.00
21.16,-75.49,9.35,-0.12,1.99,-0.04,-0.02,-0.05,0.42,-0.96,9.77,0.01,-0.00,-0.00
21.18,-75.50,9.33,-0.10,1.99,-0.04,-0.02,-0.05,0.41,-0.95,9.77,0.01,-0.00,-0.00
21.19,-75.50,9.33,-0.09,1.99,-0.04,-0.02,-0.04,0.41,-0.94,9.75,0.01,-0.00,-0.00
21.20,-75.50,9.33,-0.07,2.00,-0.04,-0.02,-0.04,0.39,-0.93,9.75,0.01,-0.00,-0.00
21.22,-75.51,9.32,-0.04,2.00,-0.03,-0.01,-0.03,0.38,-0.92,9.76,0.00,-0.00,0.00
21.23,-75.52,9.32,-0.04,2.00,-0.03,-0.01,-0.03,0.38,-0.92,9.76,0.00,-0.00,0.00
21.25,-75.53,9.31,-0.03,2.00,-0.03,-0.01,-0.02,0.38,-0.91,9.76,0.00,-0.00,0.01
21.26,-75.53,9.31,-0.03,1.99,-0.03,-0.01,-0.01,0.39,-0.91,9.75,-0.00,-0.00,0.01
21.28,-75.53,9.32,-0.04,2.00,-0.03,-0.01,-0.01,0.40,-0.91,9.76,-0.00,-0.00,0.01
21.29,-75.53,9.32,-0.05,2.01,-0.03,-0.02,-0.01,0.41,-0.92,9.77,-0.00,-0.00,0.01
21.31,-75.52,9.33,-0.06,2.01,-0.03,-0.02,-0.00,0.41,-0.94,9.78,-0.00,-0.00,0.01
21.32,-75.52,9.33,-0.07,2.00,-0.03,-0.02,-0.00,0.40,-0.96,9.78,-0.00,-0.00,0.01
21.33,-75.52,9.33,-0.08,2.00,-0.03,-0.02,0.00,0.40,-0.98,9.78,-0.00,-0.00,0.01
21.35,-75.52,9.32,-0.08,2.00,-0.04,-0.02,0.00,0.40,-0.99,9.77,-0.00,-0.00,0.01
21.36,-75.52,9.32,-0.08,2.00,-0.04,-0.02,0.01,0.40,-0.98,9.77,-0.00,-0.00,0.01
21.37,-75.53,9.33,-0.08,2.00,-0.04,-0.02,0.01,0.41,-0.96,9.75,-0.01,-0.00,0.02
21.39,-75.52,9.33,-0.07,2.00,-0.04,-0.02,0.01,0.41,-0.94,9.75,-0.01,-0.00,0.02
21.40,-75.53,9.34,-0.08,2.00,-0.03,-0.02,0.01,0.40,-0.94,9.77,-0.01,-0.00,0.01
21.41,-75.52,9.33,-0.07,2.00,-0.03,-0.02,0.01,0.40,-0.93,9.77,-0.01,-0.00,0.01
21.43,-75.53,9.34,-0.06,2.00,-0.03,-0.02,0.01,0.40,-0.93,9.78,-0.01,-0.00,0.01
21.45,-75.53,9.33,-0.06,2.01,-0.03,-0.02,0.01,0.39,-0.95,9.77,-0.01,-0.00,0.01
21.47,-75.53,9.33,-0.07,2.00,-0.03,-0.02,0.01,0.39,-0.95,9.78,-0.01,-0.00,0.01
21.48,-75.53,9.34,-0.08,2.00,-0.03,-0.02,0.01,0.40,-0.95,9.77,-0.01,-0.00,0.02
21.49,-75.53,9.34,-0.08,2.01,-0.03,-0.02,0.01,0.40,-0.94,9.77,-0.01,-0.00,0.02
21.50,-75.53,9.33,-0.09,2.01,-0.02,-0.02,0.01,0.40,-0.94,9.76,-0.01,-0.00,0.02
21.52,-75.52,9.34,-0.09,2.01,-0.02,-0.01,0.01,0.41,-0.94,9.77,-0.01,-0.00,0.01
21.53,-75.52,9.33,-0.10,2.01,-0.02,-0.01,0.00,0.40,-0.96,9.78,-0.01,-0.00,0.01
21.55,-75.52,9.34,-0.11,1.99,-0.02,-0.01,0.01,0.38,-0.98,9.78,-0.01,-0.00,0.01
21.55,-75.53,9.34,-0.11,1.99,-0.02,-0.01,0.01,0.38,-0.99,9.79,-0.01,-0.00,0.02
21.57,-75.54,9.34,-0.12,2.00,-0.02,-0.01,0.01,0.37,-1.00,9.80,-0.01,-0.00,0.02
21.58,-75.55,9.34,-0.12,2.00,-0.02,-0.01,0.01,0.38,-1.00,9.78,-0.01,-0.00,0.02
21.59,-75.56,9.34,-0.12,2.00,-0.02,-0.01,0.01,0.39,-0.99,9.78,-0.01,-0.00,0.02
21.60,-75.56,9.34,-0.12,2.01,-0.02,-0.01,0.01,0.40,-0.99,9.77,-0.01,-0.00,0.02
21.61,-75.56,9.36,-0.10,2.01,-0.02,-0.01,0.00,0.41,-0.99,9.76,-0.01,-0.00,0.01
21.63,-75.55,9.32,-0.12,2.00,-0.02,-0.01,-0.00,0.41,-0.99,9.78,-0.01,-0.00,0.01
21.64,-75.55,9.33,-0.12,2.00,-0.03,-0.01,-0.00,0.40,-1.01,9.79,-0.01,-0.00,0.01
21.65,-75.55,9.34,-0.13,1.99,-0.03,-0.01,-0.00,0.39,-1.01,9.78,-0.01,-0.00,0.01
21.66,-75.56,9.34,-0.13,2.00,-0.03,-0.01,0.00,0.38,-1.03,9.78,-0.01,-0.00,0.01
21.68,-75.56,9.34,-0.12,2.01,-0.03,-0.01,0.00,0.38,-1.02,9.78,-0.00,-0.00,0.01
21.69,-75.57,9.34,-0.13,2.01,-0.03,-0.01,0.00,0.38,-1.02,9.78,-0.00,-0.00,0.01
21.70,-75.56,9.33,-0.13,2.01,-0.03,-0.01,0.00,0.38,-1.02,9.77,-0.00,-0.00,0.01
21.72,-75.56,9.33,-0.13,2.00,-0.03,-0.01,-0.00,0.40,-1.01,9.78,-0.00,-0.00,0.01
21.73,-75.56,9.33,-0.14,2.00,-0.03,-0.01,-0.00,0.41,-0.99,9.77,-0.00,-0.00,0.01
21.74,-75.55,9.33,-0.14,2.00,-0.03,-0.01,-0.00,0.41,-0.99,9.78,-0.00,-0.00,0.00
21.75,-75.55,9.33,-0.13,2.00,-0.03,-0.01,-0.01,0.41,-0.99,9.77,-0.00,-0.00,0.00
21.78,-75.55,9.33,-0.11,2.00,-0.03,-0.01,-0.01,0.40,-1.00,9.77,-0.00,-0.00,0.00
21.79,-75.54,9.34,-0.10,2.00,-0.03,-0.01,-0.01,0.40,-1.00,9.77,-0.00,-0.00,0.00
21.80,-75.54,9.33,-0.10,2.00,-0.03,-0.01,-0.01,0.41,-1.00,9.78,-0.00,-0.00,0.00
21.82,-75.54,9.33,-0.10,2.01,-0.03,-0.01,-0.01,0.42,-0.99,9.76,-0.00,-0.00,0.00
21.83,-75.53,9.33,-0.09,1.99,-0.03,-0.01,-0.01,0.42,-0.99,9.76,-0.00,-0.00,0.01
21.85,-75.53,9.33,-0.08,1.99,-0.04,-0.01,-0.01,0.41,-0.98,9.76,-0.00,-0.00,0.00
21.86,-75.53,9.33,-0.07,2.00,-0.04,-0.01,-0.01,0.41,-0.96,9.76,-0.00,-0.00,0.00
21.88,-75.53,9.32,-0.07,2.01,-0.04,-0.01,-0.01,0.39,-0.95,9.75,-0.00,-0.00,0.00
21.89,-75.53,9.31,-0.07,2.01,-0.04,-0.01,-0.01,0.37,-0.95,9.76,-0.00,-0.00,0.00
21.91,-75.54,9.31,-0.08,2.02,-0.03,-0.01,-0.00,0.37,-0.96,9.75,-0.00,-0.00,0.01
21.92,-75.54,9.31,-0.07,2.02,-0.03,-0.02,0.00,0.36,-0.96,9.76,-0.01,-0.00,0.01
21.93,-75.55,9.32,-0.06,2.03,-0.03,-0.02,0.01,0.36,-0.96,9.77,-0.01,-0.00,0.01
21.95,-75.56,9.32,-0.07,2.03,-0.03,-0.02,0.01,0.35,-0.97,9.76,-0.01,-0.00,0.01
21.97,-75.57,9.32,-0.08,2.04,-0.03,-0.02,0.01,0.36,-0.98,9.76,-0.01,-0.00,0.01
21.98,-75.57,9.32,-0.09,2.03,-0.03,-0.02,0.02,0.36,-0.99,9.77,-0.01,-0.00,0.01
22.00,-75.57,9.32,-0.10,2.01,-0.03,-0.02,0.02,0.37,-0.99,9.77,-0.01,-0.01,0.01
22.01,-75.58,9.32,-0.10,2.02,-0.03,-0.02,0.02,0.39,-0.98,9.77,-0.01,-0.01,0.01
22.02,-75.58,9.32,-0.10,2.01,-0.03,-0.02,0.02,0.39,-0.98,9.77,-0.01,-0.01,0.01
22.03,-75.58,9.33,-0.09,2.00,-0.03,-0.02,0.02,0.39,-0.98,9.76,-0.01,-0.01,0.01
22.04,-75.59,9.33,-0.09,2.00,-0.03,-0.02,0.02,0.40,-0.98,9.77,-0.01,-0.01,0.01
22.06,-75.59,9.34,-0.10,2.01,-0.03,-0.02,0.02,0.40,-0.99,9.77,-0.01,-0.01,0.01
22.07,-75.59,9.35,-0.10,2.00,-0.03,-0.02,0.02,0.41,-0.99,9.77,-0.01,-0.01,0.01
22.08,-75.58,9.35,-0.11,2.00,-0.03,-0.02,0.02,0.43,-1.00,9.77,-0.01,-0.01,0.01
22.10,-75.57,9.35,-0.13,2.00,-0.03,-0.02,0.01,0.43,-1.00,9.77,-0.01,-0.00,0.01
22.12,-75.57,9.34,-0.15,1.98,-0.03,-0.02,0.01,0.43,-1.01,9.77,-0.01,-0.00,0.01
22.13,-75.57,9.34,-0.16,1.97,-0.03,-0.02,0.01,0.43,-1.02,9.76,-0.01,-0.00,0.01
22.15,-75.57,9.35,-0.17,1.98,-0.03,-0.02,0.01,0.43,-1.02,9.77,-0.01,-0.00,0.00
22.16,-75.56,9.35,-0.17,1.99,-0.04,-0.02,0.01,0.43,-1.03,9.77,-0.01,-0.00,0.00
22.17,-75.56,9.35,-0.17,1.99,-0.04,-0.02,0.00,0.42,-1.04,9.77,-0.01,-0.00,0.00
22.18,-75.56,9.36,-0.17,2.00,-0.04,-0.02,-0.00,0.41,-1.05,9.77,-0.01,-0.00,0.00
22.19,-75.56,9.35,-0.18,2.00,-0.04,-0.02,-0.01,0.40,-1.05,9.76,-0.00,-0.00,0.00
22.20,-75.56,9.34,-0.18,2.00,-0.04,-0.02,-0.01,0.40,-1.05,9.76,-0.00,-0.00,0.00
22.23,-75.57,9.34,-0.16,1.99,-0.04,-0.02,-0.01,0.40,-1.05,9.77,-0.00,-0.00,0.00
22.24,-75.57,9.34,-0.15,1.99,-0.04,-0.02,-0.01,0.41,-1.04,9.77,0.00,-0.00,0.00
22.25,-75.57,9.34,-0.13,1.98,-0.04,-0.02,-0.02,0.43,-1.01,9.76,0.00,-0.00,0.00
22.27,-75.57,9.34,-0.12,1.98,-0.04,-0.01,-0.02,0.44,-0.99,9.75,-0.00,-0.00,-0.00
22.28,-75.56,9.34,-0.12,1.98,-0.04,-0.01,-0.03,0.44,-0.98,9.76,-0.00,-0.00,-0.00
22.30,-75.55,9.34,-0.12,1.99,-0.04,-0.01,-0.03,0.43,-0.98,9.76,-0.00,-0.00,-0.01
22.31,-75.55,9.33,-0.11,1.99,-0.04,-0.01,-0.03,0.42,-0.98,9.77,-0.00,-0.00,-0.01
22.32,-75.55,9.33,-0.11,2.00,-0.04,-0.01,-0.03,0.39,-1.00,9.77,-0.00,-0.00,-0.01
22.33,-75.55,9.32,-0.10,1.99,-0.04,-0.01,-0.02,0.37,-1.00,9.77,-0.00,-0.00,-0.00
22.34,-75.57,9.32,-0.09,2.00,-0.04,-0.01,-0.02,0.37,-1.00,9.76,-0.00,0.00,0.00
22.36,-75.57,9.32,-0.09,1.99,-0.04,-0.01,-0.01,0.38,-1.00,9.76,-0.00,0.00,0.01
22.37,-75.58,9.32,-0.09,2.00,-0.04,-0.01,-0.01,0.39,-0.99,9.75,-0.00,-0.00,0.01
22.39,-75.58,9.32,-0.09,2.00,-0.04,-0.01,-0.01,0.39,-0.99,9.76,-0.00,-0.00,0.01
22.40,-75.58,9.33,-0.10,2.00,-0.04,-0.01,-0.01,0.39,-0.99,9.76,-0.00,-0.00,0.00
22.41,-75.58,9.33,-0.10,2.00,-0.04,-0.01,-0.01,0.40,-0.99,9.76,-0.00,-0.00,0.00
22.42,-75.58,9.33,-0.11,2.00,-0.04,-0.02,-0.00,0.39,-1.00,9.76,-0.00,-0.00,-0.00
22.43,-75.59,9.33,-0.12,2.01,-0.04,-0.02,-0.00,0.38,-1.02,9.77,-0.00,-0.00,0.00
22.45,-75.59,9.32,-0.12,2.01,-0.04,-0.02,0.00,0.38,-1.02,9.78,-0.00,-0.00,0.00
22.46,-75.59,9.33,-0.11,2.00,-0.04,-0.02,0.00,0.37,-1.02,9.78,-0.00,-0.00,0.00
22.47,-75.60,9.33,-0.11,2.01,-0.05,-0.02,0.00,0.39,-1.01,9.77,-0.00,-0.00,0.01
22.51,-75.61,9.32,-0.11,2.00,-0.05,-0.02,0.00,0.40,-0.99,9.78,-0.00,-0.00,0.01
22.52,-75.61,9.33,-0.10,1.99,-0.04,-0.02,0.00,0.41,-0.98,9.78,-0.00,-0.00,0.00
22.54,-75.61,9.33,-0.11,2.00,-0.04,-0.02,0.00,0.41,-0.98,9.77,-0.00,-0.00,0.00
22.56,-75.61,9.34,-0.12,2.00,-0.04,-0.02,-0.00,0.40,-1.01,9.78,-0.00,-0.00,0.00
22.58,-75.61,9.33,-0.13,1.99,-0.04,-0.02,-0.00,0.40,-1.02,9.76,-0.00,-0.00,0.00
22.60,-75.62,9.34,-0.13,1.99,-0.04,-0.02,-0.00,0.41,-1.02,9.77,-0.00,-0.00,0.01
22.63,-75.62,9.34,-0.13,2.00,-0.04,-0.02,-0.00,0.41,-1.02,9.78,-0.00,-0.00,0.01
22.64,-75.62,9.35,-0.14,2.00,-0.04,-0.02,-0.00,0.41,-1.01,9.78,-0.00,-0.00,0.00
22.65,-75.62,9.34,-0.14,2.00,-0.04,-0.02,-0.00,0.41,-1.00,9.77,-0.00,-0.00,0.00
22.67,-75.61,9.34,-0.14,2.00,-0.04,-0.02,-0.01,0.41,-1.00,9.77,-0.00,-0.00,0.00
22.69,-75.61,9.33,-0.12,2.00,-0.04,-0.01,-0.01,0.41,-1.01,9.76,-0.00,-0.00,0.00
22.70,-75.60,9.33,-0.11,1.99,-0.04,-0.01,-0.01,0.42,-1.00,9.76,-0.00,-0.00,0.00
22.72,-75.60,9.34,-0.11,1.99,-0.05,-0.01,-0.01,0.42,-0.99,9.76,-0.00,-0.00,-0.00
22.73,-75.59,9.33,-0.13,2.00,-0.05,-0.01,-0.01,0.41,-1.00,9.77,-0.00,-0.00,-0.00
22.75,-75.59,9.34,-0.14,2.00,-0.05,-0.01,-0.01,0.40,-1.01,9.77,-0.00,-0.00,-0.01
22.77,-75.59,9.34,-0.14,2.00,-0.05,-0.01,-0.01,0.38,-1.02,9.78,-0.00,-0.00,-0.00
22.78,-75.60,9.33,-0.13,2.01,-0.05,-0.01,-0.01,0.38,-1.02,9.78,0.00,-0.00,-0.00
22.81,-75.61,9.33,-0.11,2.01,-0.04,-0.02,-0.01,0.37,-1.02,9.77,-0.00,-0.00,-0.00
22.82,-75.61,9.33,-0.10,2.01,-0.04,-0.02,-0.01,0.39,-1.00,9.78,-0.00,-0.00,0.00
22.83,-75.61,9.32,-0.10,2.01,-0.04,-0.02,-0.01,0.39,-0.99,9.78,-0.00,-0.00,0.00
22.84,-75.61,9.33,-0.10,2.01,-0.04,-0.02,-0.01,0.39,-0.99,9.78,-0.00,-0.00,0.00
22.86,-75.61,9.32,-0.10,2.00,-0.04,-0.02,-0.01,0.39,-0.99,9.77,-0.00,-0.00,-0.00
22.87,-75.61,9.32,-0.10,2.00,-0.04,-0.02,-0.00,0.38,-0.99,9.78,-0.00,-0.00,0.00
22.89,-75.62,9.33,-0.10,2.00,-0.04,-0.02,-0.00,0.39,-0.99,9.78,-0.00,-0.00,0.00
22