=~=~=~=~=~=~=~=~=~=~=~= PuTTY log 2024.07.01 16:00:45 =~=~=~=~=~=~=~=~=~=~=~=
ÿÿ2.44,-76.21,9.33,-0.02,1.97,-0.05,-0.01,-0.02,0.32,-0.95,9.78,0.00,-0.00,-0.01
2.46,-76.21,9.33,-0.01,1.97,-0.05,-0.01,-0.01,0.31,-0.94,9.76,0.00,-0.00,-0.00
2.48,-76.21,9.33,-0.01,1.98,-0.04,-0.01,-0.01,0.31,-0.94,9.77,-0.00,-0.00,-0.00
2.49,-76.21,9.33,0.00,1.97,-0.04,-0.01,-0.01,0.31,-0.93,9.76,-0.00,-0.00,0.00
2.51,-76.22,9.33,0.00,1.98,-0.04,-0.01,-0.00,0.30,-0.93,9.76,-0.00,-0.00,0.00
2.52,-76.22,9.32,-0.00,1.97,-0.04,-0.01,-0.00,0.32,-0.94,9.77,-0.00,-0.00,0.00
2.53,-76.22,9.33,-0.02,1.98,-0.04,-0.01,0.00,0.32,-0.94,9.77,-0.00,-0.00,0.00
2.55,-76.22,9.33,-0.02,1.97,-0.04,-0.01,0.00,0.32,-0.96,9.78,-0.00,-0.00,0.00
2.56,-76.22,9.33,-0.03,1.97,-0.04,-0.01,0.00,0.32,-0.97,9.78,-0.00,-0.00,0.00
2.57,-76.22,9.34,-0.04,1.96,-0.04,-0.01,0.00,0.32,-0.98,9.78,-0.00,-0.00,0.00
2.59,-76.22,9.35,-0.04,1.97,-0.04,-0.01,0.00,0.33,-0.99,9.78,-0.00,-0.00,0.00
2.60,-76.21,9.35,-0.04,1.98,-0.04,-0.01,-0.00,0.35,-0.99,9.79,-0.00,-0.00,0.00
2.63,-76.18,9.34,-0.04,1.97,-0.05,-0.01,-0.01,0.36,-0.97,9.79,0.00,-0.00,0.00
2.64,-76.17,9.34,-0.05,1.97,-0.05,-0.01,-0.01,0.37,-0.98,9.79,0.00,-0.00,-0.00
2.65,-76.16,9.35,-0.03,1.96,-0.05,-0.01,-0.01,0.37,-0.99,9.79,0.00,0.00,-0.01
2.68,-76.15,9.36,-0.04,1.96,-0.05,-0.01,-0.01,0.36,-0.99,9.78,0.00,0.00,-0.01
2.70,-76.14,9.33,-0.04,2.01,-0.05,-0.01,-0.02,0.30,-0.97,9.77,0.00,0.00,-0.01
2.72,-76.14,9.32,-0.04,2.01,-0.05,-0.01,-0.02,0.28,-0.97,9.78,0.00,-0.00,-0.01
2.74,-76.15,9.31,-0.01,2.01,-0.05,-0.02,-0.02,0.26,-0.96,9.78,0.00,-0.00,-0.00
2.76,-76.17,9.31,0.02,2.00,-0.04,-0.02,-0.01,0.26,-0.94,9.78,0.00,-0.00,0.00
2.77,-76.18,9.31,0.04,1.99,-0.04,-0.02,-0.01,0.27,-0.91,9.78,0.00,-0.00,0.01
2.78,-76.19,9.32,0.04,1.99,-0.04,-0.02,0.00,0.30,-0.88,9.77,-0.00,-0.00,0.01
2.80,-76.19,9.31,0.05,1.99,-0.04,-0.02,0.01,0.32,-0.87,9.77,-0.00,-0.00,0.01
2.82,-76.19,9.31,0.04,1.99,-0.04,-0.02,0.02,0.32,-0.88,9.75,-0.01,-0.00,0.01
2.83,-76.19,9.31,0.04,1.99,-0.04,-0.02,0.03,0.30,-0.91,9.76,-0.01,-0.01,0.01
2.85,-76.20,9.30,0.03,1.98,-0.04,-0.02,0.03,0.30,-0.93,9.77,-0.01,-0.01,0.02
2.86,-76.21,9.31,0.01,1.99,-0.04,-0.03,0.04,0.30,-0.94,9.78,-0.01,-0.01,0.02
2.88,-76.22,9.33,-0.03,1.98,-0.04,-0.03,0.05,0.32,-0.94,9.78,-0.01,-0.01,0.02
2.90,-76.22,9.33,-0.05,1.97,-0.04,-0.02,0.05,0.33,-0.96,9.78,-0.01,-0.01,0.02
2.91,-76.22,9.34,-0.08,1.95,-0.04,-0.02,0.05,0.35,-0.98,9.78,-0.01,-0.01,0.02
2.92,-76.22,9.34,-0.09,1.95,-0.04,-0.02,0.04,0.36,-0.99,9.78,-0.01,-0.01,0.02
2.93,-76.22,9.36,-0.10,1.94,-0.04,-0.02,0.04,0.38,-0.99,9.78,-0.01,-0.00,0.02
2.95,-76.21,9.37,-0.11,1.93,-0.04,-0.02,0.03,0.41,-1.00,9.78,-0.01,-0.00,0.01
2.96,-76.20,9.37,-0.13,1.93,-0.04,-0.02,0.02,0.42,-1.01,9.79,-0.01,-0.00,0.01
2.97,-76.19,9.38,-0.14,1.93,-0.04,-0.02,0.01,0.42,-1.03,9.79,-0.01,-0.00,0.01
2.98,-76.18,9.37,-0.16,1.94,-0.04,-0.02,-0.01,0.38,-1.06,9.79,-0.00,-0.00,0.00
3.00,-76.18,9.37,-0.17,1.95,-0.04,-0.02,-0.02,0.36,-1.08,9.79,-0.00,0.00,-0.00
3.02,-76.19,9.36,-0.14,1.95,-0.05,-0.01,-0.03,0.33,-1.04,9.78,0.00,0.00,-0.00
3.04,-76.19,9.36,-0.11,1.97,-0.05,-0.01,-0.04,0.32,-1.00,9.78,0.01,0.00,-0.01
3.06,-76.19,9.35,-0.09,1.98,-0.05,-0.01,-0.04,0.31,-0.98,9.77,0.01,-0.00,-0.01
3.07,-76.20,9.34,-0.08,1.99,-0.05,-0.01,-0.04,0.30,-0.96,9.77,0.01,-0.00,-0.01
3.09,-76.20,9.33,-0.05,1.99,-0.05,-0.02,-0.04,0.28,-0.96,9.78,0.01,-0.00,-0.01
3.11,-76.23,9.32,-0.01,1.97,-0.05,-0.02,-0.03,0.27,-0.93,9.76,0.01,-0.00,-0.01
3.12,-76.24,9.32,0.01,1.97,-0.05,-0.02,-0.02,0.29,-0.91,9.75,0.00,-0.00,0.00
3.14,-76.26,9.32,-0.00,1.97,-0.05,-0.02,-0.01,0.31,-0.90,9.76,0.00,-0.00,0.00
3.16,-76.26,9.32,-0.01,1.96,-0.04,-0.02,-0.00,0.31,-0.91,9.76,0.00,-0.00,0.00
3.17,-76.27,9.31,-0.02,1.95,-0.04,-0.02,0.00,0.34,-0.93,9.77,-0.00,-0.00,0.00
3.20,-76.27,9.32,-0.02,1.95,-0.04,-0.02,0.01,0.34,-0.94,9.77,-0.00,-0.00,0.00
3.21,-76.27,9.33,-0.02,1.95,-0.04,-0.02,0.01,0.33,-0.96,9.78,-0.00,-0.00,0.00
3.22,-76.27,9.32,-0.03,1.96,-0.04,-0.02,0.01,0.33,-0.97,9.79,-0.00,-0.00,0.00
3.23,-76.27,9.32,-0.04,1.97,-0.04,-0.02,0.01,0.33,-0.98,9.78,-0.00,-0.00,0.01
3.24,-76.26,9.32,-0.05,1.97,-0.04,-0.02,0.01,0.32,-0.99,9.78,-0.00,-0.00,0.01
3.25,-76.27,9.34,-0.06,1.97,-0.04,-0.02,0.01,0.32,-0.98,9.77,-0.00,-0.00,0.01
3.27,-76.26,9.34,-0.06,1.97,-0.04,-0.02,0.01,0.33,-0.97,9.77,-0.00,-0.00,0.01
3.28,-76.26,9.34,-0.05,1.97,-0.04,-0.02,0.01,0.34,-0.96,9.77,-0.00,-0.00,0.01
3.29,-76.26,9.34,-0.05,1.96,-0.04,-0.02,0.01,0.35,-0.95,9.77,-0.00,-0.00,0.00
3.30,-76.24,9.34,-0.05,1.95,-0.04,-0.02,0.01,0.35,-0.95,9.77,-0.00,-0.00,-0.00
3.33,-76.24,9.35,-0.07,1.94,-0.04,-0.02,0.01,0.36,-0.97,9.77,-0.00,-0.00,-0.00
3.36,-76.25,9.36,-0.10,1.94,-0.04,-0.02,0.00,0.35,-1.00,9.78,-0.00,-0.00,-0.00
3.37,-76.24,9.35,-0.11,1.94,-0.04,-0.01,-0.01,0.36,-1.02,9.78,-0.00,-0.00,-0.00
3.38,-76.24,9.35,-0.11,1.95,-0.04,-0.01,-0.01,0.35,-1.01,9.77,-0.00,-0.00,-0.00
3.39,-76.24,9.35,-0.10,1.95,-0.05,-0.01,-0.01,0.36,-1.00,9.77,0.00,-0.00,-0.00
3.41,-76.23,9.34,-0.09,1.96,-0.05,-0.01,-0.02,0.34,-1.00,9.77,0.00,-0.00,-0.01
3.42,-76.23,9.33,-0.08,1.96,-0.05,-0.01,-0.02,0.34,-0.98,9.77,0.00,-0.00,-0.01
3.44,-76.23,9.33,-0.07,1.96,-0.05,-0.01,-0.02,0.32,-0.98,9.77,0.00,-0.00,-0.00
3.46,-76.23,9.33,-0.04,1.97,-0.05,-0.01,-0.02,0.31,-0.95,9.79,0.00,-0.00,-0.00
3.48,-76.24,9.33,-0.03,1.95,-0.05,-0.02,-0.02,0.33,-0.94,9.78,0.00,-0.00,-0.00
3.49,-76.24,9.34,-0.03,1.95,-0.04,-0.02,-0.02,0.33,-0.93,9.78,-0.00,-0.00,-0.00
3.50,-76.24,9.34,-0.03,1.96,-0.04,-0.01,-0.01,0.33,-0.93,9.77,-0.00,-0.00,-0.00
3.52,-76.24,9.34,-0.03,1.96,-0.04,-0.02,-0.01,0.33,-0.93,9.78,-0.00,-0.00,-0.00
3.53,-76.24,9.33,-0.03,1.96,-0.04,-0.02,-0.01,0.33,-0.96,9.78,-0.00,-0.00,-0.00
3.54,-76.24,9.33,-0.03,1.96,-0.04,-0.02,-0.01,0.32,-0.97,9.78,-0.00,-0.00,-0.00
3.56,-76.24,9.34,-0.03,1.97,-0.04,-0.02,-0.01,0.32,-0.98,9.78,-0.00,-0.00,-0.00
3.57,-76.24,9.34,-0.03,1.97,-0.04,-0.02,-0.01,0.31,-0.98,9.78,-0.00,-0.00,-0.00
3.58,-76.25,9.33,-0.03,1.96,-0.04,-0.02,-0.01,0.33,-0.96,9.77,-0.00,-0.00,0.00
3.60,-76.25,9.34,-0.02,1.96,-0.04,-0.02,-0.00,0.33,-0.95,9.78,-0.00,-0.00,0.00
3.61,-76.25,9.34,-0.01,1.97,-0.04,-0.02,-0.00,0.33,-0.94,9.77,-0.00,-0.00,0.00
3.63,-76.24,9.33,-0.01,1.96,-0.04,-0.02,0.00,0.34,-0.93,9.76,-0.00,-0.00,0.00
3.64,-76.24,9.33,-0.02,1.95,-0.04,-0.02,0.01,0.33,-0.94,9.76,-0.01,-0.00,0.00
3.66,-76.24,9.35,-0.05,1.95,-0.04,-0.01,0.01,0.34,-0.97,9.78,-0.01,-0.00,0.00
3.67,-76.24,9.35,-0.07,1.95,-0.04,-0.01,0.01,0.35,-0.98,9.78,-0.01,-0.00,0.01
3.69,-76.24,9.36,-0.08,1.94,-0.04,-0.01,0.01,0.35,-0.99,9.78,-0.01,0.00,0.01
3.70,-76.24,9.36,-0.09,1.93,-0.04,-0.01,0.01,0.36,-1.00,9.79,-0.00,0.00,0.01
3.71,-76.24,9.36,-0.09,1.93,-0.04,-0.01,0.01,0.38,-1.01,9.80,-0.00,0.00,0.00
3.73,-76.23,9.37,-0.10,1.94,-0.04,-0.01,-0.01,0.39,-1.01,9.80,-0.00,0.00,0.00
3.74,-76.22,9.37,-0.11,1.94,-0.04,-0.01,-0.01,0.38,-1.01,9.81,-0.00,0.00,-0.00
3.76,-76.21,9.36,-0.11,1.96,-0.04,-0.01,-0.02,0.37,-1.02,9.81,-0.00,0.00,-0.00
3.77,-76.20,9.36,-0.12,1.96,-0.04,-0.01,-0.03,0.34,-1.04,9.79,-0.00,0.00,-0.00
3.78,-76.20,9.36,-0.12,1.96,-0.04,-0.01,-0.04,0.33,-1.05,9.79,0.00,0.00,-0.00
3.79,-76.20,9.35,-0.09,1.97,-0.04,-0.01,-0.04,0.31,-1.03,9.78,0.00,0.00,-0.01
3.81,-76.20,9.33,-0.07,1.99,-0.04,-0.01,-0.04,0.31,-1.01,9.78,0.01,0.00,-0.01
3.82,-76.20,9.31,-0.03,1.99,-0.04,-0.01,-0.04,0.29,-0.99,9.77,0.01,0.00,-0.01
3.83,-76.20,9.31,-0.00,2.00,-0.04,-0.01,-0.04,0.27,-0.96,9.77,0.01,0.00,-0.01
3.85,-76.22,9.31,0.03,1.99,-0.05,-0.02,-0.03,0.26,-0.93,9.76,0.01,-0.00,-0.01
3.86,-76.25,9.31,0.05,2.01,-0.05,-0.02,-0.02,0.23,-0.89,9.76,0.00,-0.00,-0.00
3.88,-76.27,9.31,0.06,2.00,-0.05,-0.02,-0.01,0.24,-0.88,9.76,0.00,-0.00,0.00
3.90,-76.29,9.30,0.08,1.98,-0.04,-0.02,0.01,0.28,-0.86,9.76,-0.00,-0.00,0.01
3.91,-76.29,9.30,0.08,1.97,-0.04,-0.02,0.02,0.33,-0.86,9.76,-0.00,-0.00,0.01
3.93,-76.28,9.30,0.06,1.95,-0.04,-0.02,0.02,0.36,-0.86,9.76,-0.01,-0.00,0.01
3.94,-76.27,9.31,0.02,1.94,-0.04,-0.02,0.03,0.37,-0.90,9.76,-0.01,-0.00,0.01
3.95,-76.25,9.33,-0.03,1.95,-0.04,-0.02,0.03,0.36,-0.97,9.77,-0.01,-0.00,0.01
3.98,-76.25,9.33,-0.05,1.96,-0.04,-0.02,0.03,0.33,-0.99,9.78,-0.01,-0.00,0.01
3.99,-76.25,9.33,-0.04,1.97,-0.05,-0.02,0.04,0.32,-1.00,9.77,-0.01,-0.00,0.02
4.00,-76.26,9.33,-0.04,1.97,-0.05,-0.02,0.04,0.29,-1.00,9.77,-0.01,-0.00,0.02
4.01,-76.29,9.33,-0.04,1.98,-0.05,-0.02,0.04,0.27,-0.97,9.77,-0.01,-0.00,0.02
4.03,-76.30,9.33,-0.05,1.98,-0.05,-0.02,0.04,0.29,-0.94,9.76,-0.01,-0.00,0.02
4.05,-76.31,9.34,-0.07,1.97,-0.04,-0.02,0.04,0.31,-0.94,9.76,-0.01,-0.00,0.02
4.07,-76.31,9.35,-0.11,1.96,-0.04,-0.02,0.04,0.34,-0.96,9.77,-0.01,-0.00,0.01
4.08,-76.30,9.37,-0.13,1.95,-0.04,-0.02,0.03,0.37,-0.99,9.78,-0.01,-0.00,0.01
4.09,-76.29,9.39,-0.17,1.94,-0.04,-0.02,0.02,0.38,-1.06,9.79,-0.01,-0.00,0.00
4.12,-76.28,9.38,-0.17,1.94,-0.04,-0.02,0.00,0.38,-1.08,9.79,-0.00,-0.00,-0.00
4.13,-76.28,9.37,-0.18,1.94,-0.04,-0.02,-0.00,0.37,-1.09,9.79,-0.00,-0.00,-0.00
4.15,-76.27,9.37,-0.19,1.94,-0.05,-0.02,-0.01,0.38,-1.09,9.78,-0.00,-0.00,-0.00
4.16,-76.26,9.36,-0.17,1.95,-0.05,-0.02,-0.03,0.37,-1.08,9.78,0.00,-0.00,-0.01
4.19,-76.25,9.36,-0.14,1.95,-0.05,-0.02,-0.04,0.35,-1.04,9.78,0.01,-0.00,-0.01
4.20,-76.25,9.36,-0.10,1.96,-0.05,-0.01,-0.04,0.34,-0.99,9.77,0.01,-0.00,-0.01
4.22,-76.24,9.35,-0.07,1.97,-0.05,-0.01,-0.04,0.33,-0.97,9.78,0.01,-0.00,-0.01
4.23,-76.24,9.33,-0.04,1.97,-0.05,-0.01,-0.04,0.32,-0.93,9.78,0.01,-0.00,-0.01
4.25,-76.24,9.32,-0.02,1.98,-0.05,-0.01,-0.03,0.31,-0.92,9.78,0.01,-0.00,-0.01
4.26,-76.23,9.31,-0.03,1.99,-0.05,-0.01,-0.03,0.29,-0.92,9.76,0.01,-0.00,-0.01
4.27,-76.23,9.31,-0.02,1.99,-0.04,-0.01,-0.02,0.29,-0.93,9.77,0.00,-0.00,-0.01
4.29,-76.24,9.32,-0.02,1.97,-0.04,-0.01,-0.02,0.29,-0.94,9.78,0.00,-0.00,-0.01
4.30,-76.25,9.33,-0.02,1.95,-0.04,-0.01,-0.02,0.31,-0.95,9.78,0.00,-0.00,-0.00
4.31,-76.26,9.33,-0.02,1.95,-0.04,-0.01,-0.01,0.32,-0.95,9.77,0.00,-0.00,-0.00
4.33,-76.25,9.32,-0.04,1.95,-0.05,-0.02,-0.01,0.35,-0.96,9.79,0.00,-0.00,-0.00
4.34,-76.24,9.33,-0.06,1.95,-0.05,-0.02,-0.01,0.36,-0.97,9.81,0.00,-0.00,-0.01
4.36,-76.24,9.34,-0.07,1.95,-0.05,-0.02,-0.01,0.35,-0.98,9.82,0.00,-0.00,-0.01
4.37,-76.24,9.36,-0.08,1.96,-0.06,-0.02,-0.01,0.35,-1.00,9.82,0.01,-0.00,-0.01
4.39,-76.24,9.39,-0.11,1.98,-0.06,-0.02,-0.01,0.34,-1.00,9.85,0.01,-0.00,-0.02
4.40,-76.23,9.42,-0.15,2.03,-0.07,-0.02,-0.03,0.33,-1.06,9.87,0.01,-0.01,-0.04
4.41,-76.23,9.42,-0.17,2.05,-0.08,-0.03,-0.06,0.26,-1.09,9.85,0.01,-0.01,-0.06
4.43,-76.24,9.41,-0.23,2.06,-0.09,-0.03,-0.08,0.24,-1.15,9.88,0.02,-0.01,-0.09
4.45,-76.27,9.44,-0.27,2.08,-0.11,-0.04,-0.09,0.21,-1.27,9.95,0.03,-0.02,-0.13
4.47,-76.30,9.47,-0.23,2.17,-0.13,-0.04,-0.11,0.15,-1.19,9.83,0.05,-0.03,-0.16
4.50,-76.29,9.36,-0.17,2.26,-0.14,-0.04,-0.14,0.00,-1.07,9.71,0.06,-0.04,-0.16
4.51,-76.28,9.25,-0.04,2.23,-0.13,-0.05,-0.16,-0.02,-1.01,9.67,0.06,-0.04,-0.16
4.52,-76.25,9.15,0.00,2.20,-0.13,-0.06,-0.15,-0.00,-0.99,9.68,0.05,-0.05,-0.15
4.53,-76.26,9.09,-0.02,2.18,-0.13,-0.06,-0.14,-0.00,-1.00,9.68,0.05,-0.05,-0.14
4.55,-76.29,9.05,-0.03,2.13,-0.13,-0.08,-0.12,-0.00,-1.00,9.69,0.06,-0.05,-0.12
4.56,-76.35,9.07,-0.03,2.07,-0.12,-0.09,-0.10,0.03,-0.98,9.69,0.06,-0.06,-0.11
4.58,-76.40,9.15,-0.01,2.04,-0.11,-0.10,-0.08,0.10,-0.95,9.68,0.06,-0.06,-0.10
4.59,-76.45,9.28,0.11,1.92,-0.10,-0.11,-0.07,0.30,-0.93,9.69,0.05,-0.06,-0.08
4.61,-76.49,9.37,0.22,1.83,-0.10,-0.11,-0.07,0.40,-0.88,9.70,0.05,-0.06,-0.06
4.62,-76.53,9.42,0.31,1.71,-0.11,-0.10,-0.06,0.47,-0.79,9.72,0.05,-0.06,-0.04
4.63,-76.61,9.42,0.34,1.62,-0.12,-0.09,-0.05,0.51,-0.73,9.73,0.04,-0.05,-0.02
4.64,-76.62,9.40,0.33,1.56,-0.12,-0.08,-0.04,0.57,-0.66,9.72,0.04,-0.04,-0.01
4.66,-76.73,9.38,0.31,1.47,-0.11,-0.06,-0.00,0.66,-0.58,9.72,0.03,-0.03,0.02
4.68,-76.73,9.38,0.33,1.45,-0.10,-0.06,0.02,0.72,-0.51,9.71,0.03,-0.02,0.03
4.69,-76.79,9.41,0.38,1.48,-0.09,-0.04,0.04,0.78,-0.45,9.70,0.01,-0.01,0.04
4.70,-76.76,9.40,0.39,1.56,-0.10,-0.02,0.06,0.74,-0.48,9.72,-0.00,-0.00,0.02
4.73,-76.71,9.39,0.35,1.66,-0.10,-0.01,0.07,0.68,-0.54,9.74,-0.01,-0.00,0.02
4.74,-76.68,9.37,0.30,1.72,-0.10,-0.01,0.08,0.59,-0.61,9.77,-0.01,-0.00,0.01
4.75,-76.66,9.36,0.29,1.75,-0.09,-0.01,0.09,0.52,-0.65,9.78,-0.02,0.00,0.01
4.76,-76.64,9.34,0.22,1.82,-0.08,-0.00,0.12,0.39,-0.73,9.78,-0.03,0.01,0.04
4.80,-76.62,9.34,0.16,1.86,-0.09,0.00,0.14,0.36,-0.76,9.79,-0.03,0.01,0.05
4.81,-76.62,9.35,0.11,1.88,-0.09,0.00,0.15,0.38,-0.79,9.81,-0.04,0.01,0.06
4.83,-76.61,9.36,0.08,1.88,-0.10,0.00,0.15,0.40,-0.81,9.81,-0.04,0.00,0.06
4.84,-76.58,9.39,0.03,1.89,-0.11,0.00,0.15,0.43,-0.85,9.83,-0.04,0.00,0.05
4.85,-76.53,9.42,-0.04,1.87,-0.12,0.01,0.15,0.47,-0.89,9.82,-0.03,-0.00,0.04
4.86,-76.50,9.44,-0.09,1.84,-0.12,0.01,0.15,0.48,-0.92,9.82,-0.02,-0.00,0.04
4.87,-76.47,9.44,-0.12,1.81,-0.12,0.01,0.15,0.51,-0.93,9.79,-0.02,-0.00,0.04
4.88,-76.43,9.45,-0.14,1.76,-0.12,0.02,0.14,0.56,-0.92,9.77,-0.02,0.00,0.04
4.89,-76.40,9.46,-0.15,1.73,-0.11,0.03,0.13,0.61,-0.89,9.76,-0.02,0.01,0.05
4.91,-76.34,9.50,-0.15,1.66,-0.10,0.04,0.11,0.76,-0.85,9.78,-0.02,0.02,0.06
4.93,-76.21,9.54,-0.22,1.51,-0.10,0.06,0.07,0.91,-0.82,9.78,-0.02,0.03,0.06
4.95,-76.20,9.66,-0.40,1.44,-0.11,0.07,0.02,1.02,-0.80,9.77,-0.02,0.03,0.04
4.96,-76.05,9.88,-0.46,1.41,-0.13,0.11,-0.01,1.01,-0.74,9.73,-0.03,0.05,0.01
4.98,-76.03,10.29,-0.40,1.44,-0.17,0.17,-0.01,0.94,-0.73,9.73,-0.04,0.06,-0.01
5.00,-75.82,11.06,-0.76,1.73,-0.15,0.33,-0.14,1.04,-0.96,9.83,-0.05,0.09,-0.02
5.01,-75.40,10.90,-0.82,1.36,-0.10,0.49,-0.31,1.53,-1.31,9.78,-0.04,0.14,-0.10
5.03,-74.89,10.29,-0.47,0.54,-0.15,0.60,-0.39,2.24,-1.58,9.55,-0.05,0.16,-0.17
5.04,-74.24,9.58,-1.03,0.55,-0.25,0.75,-0.35,2.66,-1.64,9.14,-0.06,0.20,-0.31
5.05,-73.50,9.09,-0.64,0.69,-0.30,0.84,-0.26,2.36,-1.52,8.81,-0.08,0.22,-0.38
5.07,-73.09,8.85,-0.32,0.31,-0.44,0.91,-0.12,2.09,-1.67,8.87,-0.10,0.24,-0.42
5.08,-72.90,9.05,-0.43,0.04,-0.52,0.93,-0.05,1.67,-1.81,9.20,-0.12,0.30,-0.33
5.10,-72.98,10.49,-0.18,1.27,-0.49,1.09,0.11,0.45,-1.16,10.23,-0.07,0.46,-0.00
5.12,-72.96,9.80,0.05,1.86,-0.45,1.09,0.09,0.12,-0.95,10.53,-0.04,0.54,0.13
5.13,-72.87,9.15,0.08,2.35,-0.42,1.07,0.11,-0.16,-0.72,10.22,-0.00,0.60,0.23
5.14,-72.75,9.23,0.15,2.83,-0.38,1.06,0.26,-0.52,-0.25,9.63,-0.00,0.65,0.26
5.16,-72.90,9.59,0.34,3.09,-0.33,1.07,0.34,-0.78,-0.08,9.61,-0.01,0.66,0.22
5.17,-72.85,9.66,0.32,3.40,-0.30,1.09,0.36,-0.88,-0.11,9.76,-0.02,0.67,0.19
5.19,-72.58,9.53,0.02,4.05,-0.25,1.14,0.36,-0.99,-0.40,10.05,-0.02,0.68,0.13
5.20,-72.00,9.38,-0.27,4.52,-0.21,1.18,0.33,-1.05,-0.63,10.12,0.00,0.67,0.07
5.21,-71.51,9.17,-0.51,4.88,-0.19,1.22,0.28,-1.17,-0.91,10.05,0.02,0.66,0.01
5.22,-70.93,8.89,-0.62,5.11,-0.19,1.26,0.23,-1.29,-1.15,9.90,0.04,0.61,-0.09
5.24,-70.34,8.70,-0.76,5.32,-0.20,1.29,0.20,-1.60,-1.48,9.84,0.04,0.57,-0.11
5.25,-69.54,8.44,-0.99,5.47,-0.20,1.33,0.20,-1.89,-1.72,9.93,0.04,0.52,-0.06
5.26,-68.63,8.26,-0.95,5.44,-0.20,1.36,0.21,-2.11,-1.79,9.99,0.05,0.49,0.07
5.28,-68.04,8.19,-0.89,5.45,-0.20,1.38,0.19,-2.06,-1.68,9.96,0.07,0.48,0.17
5.30,-67.07,8.07,-0.87,5.51,-0.20,1.40,0.15,-1.86,-1.47,9.86,0.08,0.46,0.23
5.31,-66.13,7.99,-0.85,5.58,-0.20,1.42,0.11,-1.55,-1.18,9.77,0.10,0.43,0.24
5.32,-65.59,7.93,-0.83,5.63,-0.20,1.43,0.09,-1.36,-1.01,9.78,0.11,0.40,0.19
5.33,-64.62,7.86,-0.82,5.68,-0.19,1.45,0.05,-1.30,-0.94,9.80,0.13,0.36,0.11
5.34,-63.70,7.72,-0.80,5.74,-0.18,1.45,0.01,-1.31,-0.93,9.80,0.15,0.34,0.06
5.36,-63.08,7.55,-0.78,5.80,-0.18,1.45,-0.02,-1.42,-0.92,9.79,0.16,0.31,-0.01
5.37,-61.87,7.27,-0.71,5.90,-0.16,1.45,-0.05,-1.55,-0.88,9.76,0.18,0.28,-0.06
5.38,-60.23,6.94,-0.62,6.08,-0.12,1.43,-0.07,-1.78,-0.80,9.74,0.18,0.23,-0.08
5.41,-59.00,6.69,-0.45,6.24,-0.11,1.40,-0.06,-2.03,-0.86,9.73,0.20,0.18,-0.00
5.42,-57.00,6.56,-0.34,6.54,-0.08,1.35,-0.03,-1.70,-0.42,9.61,0.16,0.16,0.02
5.45,-56.07,6.48,-0.40,6.67,-0.06,1.33,-0.02,-1.66,-0.25,9.59,0.12,0.15,0.00
5.46,-55.12,6.41,-0.37,6.77,-0.02,1.31,-0.01,-1.60,-0.27,9.63,0.10,0.13,-0.05
5.47,-54.20,6.35,-0.31,6.82,0.01,1.29,-0.01,-1.63,-0.33,9.67,0.08,0.11,-0.06
5.49,-53.05,6.28,-0.21,6.91,0.03,1.26,-0.01,-1.61,-0.31,9.63,0.09,0.10,-0.07
5.50,-52.19,6.20,-0.10,6.96,0.03,1.24,-0.03,-1.58,-0.17,9.55,0.07,0.08,-0.10
5.51,-51.33,6.11,-0.07,7.00,0.03,1.21,-0.04,-1.56,-0.20,9.56,0.05,0.07,-0.11
5.52,-50.28,6.02,-0.09,7.10,0.02,1.19,-0.03,-1.54,-0.24,9.62,0.03,0.06,-0.10
5.54,-49.21,5.85,-0.14,7.21,0.03,1.15,-0.04,-1.45,-0.22,9.61,0.02,0.06,-0.09
5.55,-48.37,5.76,-0.18,7.27,0.04,1.11,-0.05,-1.42,-0.21,9.61,0.00,0.05,-0.09
5.56,-47.38,5.77,-0.19,7.37,0.06,1.07,-0.05,-1.43,-0.23,9.63,-0.01,0.05,-0.08
5.58,-46.63,5.75,-0.14,7.46,0.07,1.05,-0.05,-1.43,-0.26,9.64,-0.02,0.05,-0.07
5.59,-45.75,5.70,-0.10,7.55,0.06,1.02,-0.05,-1.44,-0.31,9.64,-0.04,0.05,-0.06
5.61,-45.06,5.67,-0.01,7.62,0.04,0.99,-0.06,-1.38,-0.32,9.63,-0.05,0.06,-0.04
5.62,-44.39,5.62,-0.01,7.68,0.01,0.97,-0.07,-1.33,-0.34,9.62,-0.06,0.06,-0.02
5.63,-43.73,5.57,-0.02,7.74,-0.02,0.94,-0.07,-1.28,-0.37,9.67,-0.08,0.07,-0.01
5.64,-42.95,5.50,-0.04,7.77,-0.05,0.91,-0.09,-1.22,-0.37,9.68,-0.10,0.08,-0.00
5.66,-42.20,5.42,-0.06,7.74,-0.08,0.87,-0.10,-1.12,-0.43,9.68,-0.10,0.10,0.01
5.67,-41.66,5.39,-0.16,7.76,-0.09,0.84,-0.11,-1.06,-0.43,9.68,-0.10,0.12,0.02
5.68,-41.07,5.34,-0.28,7.80,-0.09,0.82,-0.11,-0.97,-0.44,9.67,-0.11,0.14,0.01
5.71,-39.83,5.36,-0.23,7.90,-0.11,0.79,-0.04,-0.98,-0.43,9.68,-0.12,0.16,-0.01
5.73,-39.49,5.34,-0.17,7.93,-0.12,0.79,-0.03,-1.00,-0.50,9.74,-0.11,0.18,-0.01
5.74,-39.08,5.28,-0.04,8.00,-0.13,0.78,-0.02,-0.99,-0.46,9.75,-0.10,0.18,0.00
5.75,-38.64,5.20,0.07,8.06,-0.14,0.77,-0.01,-0.94,-0.33,9.73,-0.09,0.18,0.05
5.77,-37.68,4.80,-0.31,8.30,-0.12,0.74,0.07,-1.49,-0.44,9.77,-0.10,0.22,0.16
5.79,-37.47,4.55,-0.29,8.37,-0.12,0.74,0.13,-1.64,-0.53,9.70,-0.11,0.24,0.20
5.81,-36.97,4.27,-0.42,8.56,-0.12,0.73,0.22,-1.65,-0.64,9.54,-0.12,0.26,0.22
5.82,-36.25,4.33,-0.58,8.71,-0.10,0.73,0.31,-1.45,-0.61,9.55,-0.15,0.27,0.30
5.83,-35.87,4.48,-0.54,8.81,-0.08,0.72,0.36,-1.34,-0.67,9.81,-0.18,0.28,0.35
5.85,-35.49,4.50,-0.53,8.94,-0.09,0.71,0.40,-1.46,-0.63,9.89,-0.19,0.30,0.34
5.86,-35.32,4.41,-0.60,8.99,-0.09,0.69,0.39,-1.70,-0.74,9.81,-0.20,0.31,0.32
5.87,-34.71,3.86,-0.84,9.04,-0.11,0.67,0.33,-1.86,-0.97,9.51,-0.21,0.33,0.28
5.89,-34.57,3.72,-0.90,9.07,-0.12,0.68,0.31,-2.03,-1.09,9.38,-0.22,0.33,0.21
5.90,-34.17,3.44,-1.04,9.16,-0.15,0.69,0.29,-2.38,-1.27,9.31,-0.22,0.32,0.17
5.92,-33.91,3.28,-1.18,9.28,-0.16,0.70,0.27,-2.69,-1.35,9.27,-0.22,0.30,0.19
5.94,-33.49,3.05,-1.25,9.35,-0.16,0.72,0.25,-2.55,-1.24,9.37,-0.23,0.29,0.16
5.95,-33.07,3.02,-1.24,9.33,-0.16,0.73,0.26,-2.51,-1.27,9.39,-0.22,0.29,0.13
5.97,-32.53,3.19,-1.19,9.30,-0.15,0.73,0.28,-2.45,-1.23,9.53,-0.22,0.28,0.12
5.99,-32.14,3.33,-1.15,9.30,-0.13,0.72,0.26,-2.33,-1.20,9.65,-0.20,0.28,0.11
6.01,-31.82,3.26,-1.12,9.29,-0.12,0.71,0.25,-2.31,-1.15,9.52,-0.18,0.29,0.11
6.02,-31.56,3.13,-1.11,9.44,-0.09,0.71,0.24,-2.57,-1.14,9.52,-0.18,0.31,0.13
6.04,-31.24,2.93,-1.17,9.46,-0.06,0.71,0.27,-2.63,-1.20,9.58,-0.18,0.32,0.19
6.05,-31.06,2.83,-1.16,9.47,-0.04,0.70,0.29,-2.50,-1.17,9.65,-0.17,0.32,0.23
6.07,-30.73,2.83,-1.19,9.56,-0.03,0.70,0.30,-2.42,-1.22,9.66,-0.17,0.32,0.24
6.08,-30.44,2.74,-1.23,9.64,-0.03,0.69,0.30,-2.44,-1.31,9.62,-0.16,0.33,0.23
6.09,-30.30,2.62,-1.29,9.70,-0.02,0.69,0.28,-2.68,-1.38,9.54,-0.16,0.32,0.22
6.10,-29.83,2.18,-1.38,9.76,-0.01,0.70,0.26,-2.94,-1.47,9.45,-0.15,0.32,0.22
6.11,-29.55,1.86,-1.34,9.77,-0.01,0.70,0.29,-3.23,-1.51,9.41,-0.14,0.31,0.23
6.12,-29.49,1.74,-1.36,9.89,-0.00,0.71,0.34,-3.42,-1.44,9.35,-0.14,0.29,0.26
6.14,-29.12,1.74,-1.35,9.98,0.02,0.71,0.40,-3.36,-1.40,9.39,-0.14,0.28,0.29
6.15,-28.83,1.89,-1.21,9.93,0.04,0.72,0.43,-3.18,-1.32,9.42,-0.14,0.27,0.32
6.16,-28.60,2.02,-1.11,9.85,0.04,0.72,0.44,-2.99,-1.25,9.48,-0.14,0.27,0.33
6.17,-28.26,2.09,-1.13,9.82,0.05,0.71,0.44,-2.89,-1.23,9.51,-0.14,0.28,0.32
6.18,-28.13,2.19,-1.16,9.75,0.06,0.71,0.43,-2.94,-1.26,9.47,-0.14,0.28,0.32
6.20,-27.92,2.35,-1.16,9.73,0.07,0.72,0.42,-2.80,-1.34,9.54,-0.14,0.27,0.31
6.21,-27.73,2.40,-1.24,9.76,0.07,0.74,0.39,-2.75,-1.37,9.54,-0.14,0.29,0.28
6.23,-27.40,2.27,-1.26,9.70,0.08,0.75,0.33,-2.66,-1.44,9.46,-0.13,0.30,0.27
6.24,-27.14,2.26,-1.28,9.55,0.08,0.75,0.27,-2.51,-1.46,9.48,-0.12,0.31,0.25
6.25,-26.97,2.29,-1.20,9.45,0.05,0.76,0.17,-2.54,-1.56,9.50,-0.11,0.33,0.20
6.26,-26.69,2.09,-1.28,9.51,-0.00,0.78,0.04,-2.80,-1.68,9.35,-0.10,0.34,0.15
6.28,-26.50,1.72,-1.43,9.66,-0.04,0.81,-0.04,-3.04,-1.75,9.39,-0.09,0.35,0.13
6.29,-26.17,1.47,-1.44,9.84,-0.04,0.83,-0.07,-3.08,-1.68,9.40,-0.09,0.36,0.13
6.30,-25.68,1.26,-1.12,10.05,-0.07,0.86,-0.12,-3.25,-1.46,9.53,-0.07,0.37,0.10
6.33,-25.11,0.89,-0.96,10.19,-0.07,0.87,-0.13,-3.60,-1.32,9.59,-0.07,0.37,0.11
6.34,-24.72,0.79,-0.94,10.23,-0.07,0.90,-0.11,-3.70,-1.28,9.62,-0.07,0.39,0.16
6.37,-24.12,0.71,-0.95,10.21,-0.07,0.92,-0.05,-3.58,-1.24,9.66,-0.07,0.39,0.18
6.38,-23.60,1.09,-1.06,9.89,-0.06,0.92,0.04,-2.93,-1.25,9.82,-0.06,0.47,0.25
6.41,-22.70,1.70,-1.21,9.50,-0.04,0.89,0.18,-1.98,-1.34,9.88,-0.04,0.56,0.29
6.43,-22.37,1.96,-1.29,9.40,-0.03,0.86,0.26,-1.66,-1.36,9.97,-0.02,0.63,0.32
6.44,-22.14,2.11,-1.34,9.41,-0.03,0.82,0.31,-1.46,-1.38,9.99,-0.01,0.78,0.35
6.46,-22.05,2.46,-1.45,9.64,-0.03,0.73,0.40,-1.34,-1.47,10.18,0.00,0.84,0.35
6.48,-22.17,2.63,-1.44,9.72,-0.03,0.69,0.43,-1.34,-1.44,10.32,0.01,0.93,0.35
6.49,-22.64,3.08,-1.32,9.70,-0.03,0.63,0.47,-1.25,-1.31,10.47,0.02,1.09,0.34
6.51,-23.38,3.73,-1.25,9.50,-0.06,0.58,0.45,-0.87,-1.11,10.64,0.04,1.22,0.30
6.52,-24.23,4.22,-1.28,9.35,-0.08,0.52,0.38,-0.54,-1.00,10.91,0.06,1.33,0.24
6.54,-25.02,4.50,-1.33,9.38,-0.11,0.46,0.29,-0.31,-0.97,11.28,0.08,1.47,0.14
6.55,-25.82,4.64,-1.27,9.58,-0.12,0.37,0.19,-0.01,-0.60,11.80,0.11,1.60,0.04
6.56,-27.54,4.94,-0.56,10.04,-0.04,0.14,0.09,-0.07,0.48,12.55,0.09,1.84,-0.03
6.58,-29.53,5.79,0.68,10.43,0.15,-0.13,0.24,0.09,1.81,13.36,-0.01,2.05,0.13
6.61,-32.11,6.68,2.39,10.66,0.47,-0.45,0.62,-0.07,2.97,14.08,-0.20,2.28,0.22
6.62,-34.62,7.14,3.12,10.90,0.75,-0.67,0.63,-0.59,2.99,14.22,-0.30,2.40,0.26
6.63,-36.77,6.06,2.59,10.83,0.99,-0.80,0.31,-0.86,2.52,13.88,-0.39,2.50,0.26
6.65,-39.54,4.10,0.76,10.98,1.05,-0.88,-0.30,-1.34,1.24,12.72,-0.45,2.46,0.08
6.66,-41.16,2.84,-0.60,11.28,1.05,-0.98,-0.67,-2.25,0.09,12.21,-0.47,2.35,-0.21
6.68,-42.34,2.11,-1.33,11.79,1.02,-1.09,-0.94,-3.06,-1.13,11.77,-0.47,2.25,-0.46
6.69,-43.82,1.77,-1.79,12.59,0.93,-1.20,-1.10,-3.62,-2.36,11.07,-0.40,2.02,-0.78
6.70,-45.07,1.45,-2.03,12.79,0.84,-1.28,-1.09,-4.51,-3.21,10.30,-0.26,1.77,-1.01
6.72,-46.35,1.35,-1.94,12.81,0.75,-1.37,-1.00,-5.54,-3.82,9.39,-0.13,1.66,-1.19
6.73,-48.01,1.51,-1.48,12.92,0.61,-1.46,-0.88,-6.59,-4.60,8.37,-0.08,1.49,-1.37
6.74,-50.05,1.38,-0.96,13.13,0.44,-1.52,-0.80,-7.64,-5.65,7.37,0.01,1.30,-1.27
6.75,-52.55,0.76,-0.87,13.23,0.29,-1.56,-0.69,-8.59,-5.97,6.38,0.16,0.97,-0.88
6.77,-56.40,-1.17,-1.52,13.00,0.13,-1.64,-0.42,-8.93,-4.46,5.17,0.29,0.10,-0.02
6.80,-57.11,-1.78,-1.64,12.62,0.14,-1.70,-0.35,-8.50,-3.75,4.61,0.42,-0.46,0.29
6.81,-57.69,-2.12,-1.55,12.04,0.16,-1.78,-0.32,-8.11,-3.11,4.11,0.52,-0.80,0.37
6.82,-57.78,-2.14,-1.42,11.20,0.13,-1.90,-0.32,-7.65,-2.85,3.54,0.77,-1.45,0.28
6.84,-57.86,-1.77,-1.18,10.48,0.04,-1.97,-0.32,-7.44,-2.97,3.19,0.98,-1.86,0.11
6.85,-57.73,-1.53,-1.11,10.13,-0.05,-1.97,-0.35,-7.19,-3.24,2.97,1.18,-2.38,-0.12
6.87,-57.28,-1.26,-1.08,9.57,-0.22,-1.92,-0.50,-6.95,-3.45,2.81,1.43,-2.67,-0.17
6.88,-56.53,-1.57,-1.24,9.15,-0.32,-1.85,-0.65,-6.94,-3.13,2.73,1.56,-3.00,-0.14
6.90,-55.67,-1.79,-1.25,8.83,-0.38,-1.80,-0.74,-7.03,-2.50,2.58,1.62,-3.26,-0.08
6.91,-54.66,-1.92,-1.01,8.64,-0.41,-1.75,-0.84,-7.00,-1.83,2.46,1.62,-3.52,-0.05
6.92,-53.39,-2.12,-0.69,8.44,-0.43,-1.67,-0.95,-7.03,-1.22,2.54,1.60,-3.78,-0.06
6.93,-51.85,-2.15,-0.51,8.28,-0.47,-1.55,-1.02,-7.14,-0.92,2.82,1.58,-4.32,-0.23
6.96,-47.19,-2.23,-0.47,8.07,-0.42,-1.16,-1.00,-6.81,-0.37,3.73,1.48,-4.53,-0.28
6.97,-44.86,-2.42,-0.41,7.87,-0.33,-0.98,-0.95,-6.68,-0.31,4.13,1.40,-4.70,-0.25
6.98,-42.25,-2.60,-0.35,7.70,-0.24,-0.81,-0.86,-6.71,-0.32,4.79,1.31,-4.83,-0.20
6.99,-37.99,-2.38,-0.13,7.72,-0.13,-0.59,-0.69,-6.81,-0.66,5.82,1.18,-5.01,-0.02
7.01,-34.51,-1.94,0.19,7.90,-0.05,-0.39,-0.54,-6.65,-0.84,6.62,1.08,-5.08,0.19
7.02,-27.25,-1.42,0.73,8.38,0.06,0.04,-0.17,-5.48,-0.52,7.53,0.86,-5.17,0.66
7.04,-22.46,-0.79,1.23,8.45,0.12,0.19,0.06,-3.87,-0.31,8.20,0.62,-5.15,0.80
7.06,-18.61,0.62,2.08,8.36,0.17,0.22,0.27,-2.14,-0.17,8.99,0.34,-4.99,0.91
7.07,-15.34,3.02,3.13,8.18,0.16,0.18,0.43,-0.73,-0.09,9.78,0.06,-4.69,0.98
7.08,-13.88,5.61,3.67,7.89,-0.00,0.13,0.55,0.02,-0.12,10.19,-0.10,-4.26,1.01
7.09,-11.80,7.90,2.90,7.56,-0.32,0.01,0.58,0.61,-0.28,10.37,-0.26,-3.75,1.00
7.11,-11.85,9.78,0.53,7.30,-0.84,-0.06,0.68,1.46,-1.35,10.23,-0.36,-2.46,1.03
7.13,-12.06,11.07,-1.22,7.48,-1.19,-0.10,0.78,3.46,-2.20,10.22,-0.35,-1.92,1.04
7.14,-11.75,11.16,-2.02,7.74,-1.24,-0.11,0.82,5.00,-1.97,10.27,-0.35,-1.05,0.97
7.15,-12.08,10.06,-2.71,8.32,-1.05,-0.05,0.72,5.17,-0.88,10.48,-0.39,-0.58,0.80
7.16,-13.03,6.65,-2.36,8.66,-0.49,0.19,0.14,3.11,0.03,9.92,-0.41,0.21,-0.22
7.18,-13.66,5.23,-1.80,8.50,-0.28,0.34,-0.12,1.33,-0.39,9.02,-0.43,0.62,-0.95
7.20,-14.87,3.05,-0.76,9.01,-0.11,0.68,-0.42,-0.09,-0.99,8.72,-0.58,0.83,-1.19
7.21,-14.50,2.34,1.05,10.66,-0.02,0.93,-0.66,2.11,-0.77,11.12,-0.80,0.71,-0.83
7.23,-13.56,3.30,2.56,11.84,-0.01,0.94,-0.73,3.68,1.50,12.67,-0.86,0.71,-0.28
7.24,-12.82,6.62,3.28,13.28,-0.29,0.77,-0.66,4.44,4.09,13.56,-0.70,0.97,-0.59
7.26,-12.97,7.29,1.66,14.08,-0.49,0.65,-0.68,4.02,3.61,13.85,-0.77,1.21,-1.22
7.27,-13.51,6.34,-0.57,13.88,-0.54,0.55,-0.77,2.64,1.08,14.55,-0.77,1.40,-1.50
7.28,-14.10,4.99,-2.01,13.26,-0.44,0.48,-0.85,1.07,-1.30,14.07,-0.49,1.55,-1.60
7.30,-15.50,2.31,-2.80,12.02,-0.16,0.42,-0.91,-0.97,-2.37,12.31,0.07,1.66,-1.50
7.31,-16.37,-0.33,-1.98,10.73,0.09,0.45,-0.88,-2.59,-1.83,10.22,0.14,1.69,-1.46
7.33,-17.13,-1.49,-1.30,10.01,0.15,0.47,-0.80,-3.67,-1.86,8.71,-0.17,1.59,-1.03
7.34,-17.32,-2.75,-0.34,8.84,0.01,0.56,-0.33,-4.38,-2.60,8.75,-0.37,1.47,-0.52
7.36,-17.82,-2.44,-0.29,8.67,-0.14,0.63,0.04,-3.61,-2.45,8.84,-0.39,1.33,-0.10
7.37,-17.66,-1.45,-0.17,8.61,-0.26,0.68,0.39,-2.77,-2.24,8.74,-0.42,1.23,0.24
7.38,-17.54,-0.06,0.00,8.67,-0.38,0.68,0.65,-1.51,-1.56,9.03,-0.43,1.18,0.46
7.39,-17.11,1.92,-0.25,9.24,-0.48,0.61,0.66,0.94,-0.70,9.78,-0.24,1.15,0.33
7.42,-17.23,2.48,-0.86,9.34,-0.46,0.57,0.57,-0.36,-1.29,9.66,-0.21,1.15,0.14
7.43,-17.60,2.43,-1.10,9.37,-0.45,0.55,0.58,-0.89,-1.56,9.56,-0.21,1.14,0.19
7.45,-18.26,2.04,-1.71,9.42,-0.37,0.51,0.72,-0.69,-1.66,9.41,-0.22,1.13,0.30
7.46,-18.50,1.97,-1.77,9.46,-0.31,0.48,0.77,-0.44,-1.40,9.55,-0.21,1.12,0.34
7.48,-18.86,2.05,-1.44,9.40,-0.24,0.44,0.73,-0.64,-1.29,9.70,-0.18,1.13,0.32
7.49,-19.24,2.14,-1.24,9.33,-0.22,0.40,0.60,-0.88,-1.13,9.62,-0.17,1.14,0.33
7.50,-19.73,2.13,-1.19,9.36,-0.22,0.36,0.38,-1.11,-1.16,9.54,-0.16,1.14,0.34
7.51,-20.28,2.01,-1.18,9.40,-0.21,0.31,0.06,-1.47,-1.20,9.49,-0.16,1.13,0.33
7.53,-20.93,1.77,-1.03,9.38,-0.20,0.31,-0.07,-1.97,-1.27,9.48,-0.15,1.11,0.33
7.54,-21.51,1.38,-0.91,9.42,-0.21,0.34,-0.06,-2.25,-1.27,9.47,-0.13,1.10,0.34
7.55,-22.19,1.00,-0.96,9.59,-0.24,0.41,0.04,-2.43,-1.14,9.37,-0.11,1.07,0.39
7.57,-22.45,0.91,-1.16,9.76,-0.22,0.48,0.21,-2.50,-0.98,9.34,-0.11,1.03,0.43
7.58,-22.62,1.01,-1.20,9.82,-0.19,0.50,0.28,-2.44,-0.98,9.39,-0.12,1.02,0.44
7.60,-22.90,1.14,-1.16,9.85,-0.15,0.51,0.34,-2.19,-1.12,9.46,-0.14,0.99,0.40
7.61,-22.93,1.27,-1.16,9.78,-0.13,0.51,0.37,-2.08,-1.12,9.46,-0.14,0.97,0.34
7.62,-23.12,1.50,-1.16,9.60,-0.11,0.50,0.35,-1.95,-1.20,9.43,-0.14,0.96,0.29
7.63,-23.22,1.59,-1.22,9.53,-0.12,0.48,0.32,-1.90,-1.23,9.47,-0.14,0.96,0.25
7.64,-23.40,1.68,-1.28,9.53,-0.11,0.46,0.29,-1.88,-1.23,9.51,-0.14,0.96,0.19
7.66,-23.67,1.78,-1.33,9.64,-0.10,0.44,0.26,-1.91,-1.21,9.58,-0.13,0.97,0.13
7.67,-23.98,1.82,-1.22,9.67,-0.08,0.42,0.25,-1.95,-1.15,9.57,-0.12,0.98,0.09
7.68,-24.29,1.76,-1.06,9.59,-0.07,0.40,0.26,-2.05,-1.05,9.45,-0.12,1.00,0.05
7.70,-24.78,1.70,-0.87,9.47,-0.05,0.39,0.28,-2.30,-0.98,9.31,-0.14,1.02,0.02
7.72,-25.09,1.71,-0.80,9.47,-0.05,0.39,0.29,-2.48,-0.95,9.31,-0.15,1.04,-0.01
7.73,-25.53,1.71,-0.66,9.54,-0.04,0.39,0.30,-2.67,-0.86,9.33,-0.16,1.05,-0.02
7.74,-26.12,1.76,-0.55,9.67,-0.03,0.39,0.31,-2.88,-0.71,9.42,-0.18,1.07,-0.01
7.75,-26.63,1.90,-0.48,9.77,-0.03,0.39,0.31,-2.86,-0.65,9.54,-0.20,1.10,0.02
7.76,-27.27,2.14,-0.47,9.82,-0.02,0.38,0.31,-2.69,-0.58,9.72,-0.21,1.13,0.04
7.79,-28.07,2.53,-0.49,9.85,-0.00,0.37,0.30,-2.55,-0.63,9.96,-0.22,1.18,0.04
7.80,-28.80,2.85,-0.52,9.83,0.01,0.35,0.27,-2.59,-0.69,10.11,-0.23,1.22,0.03
7.81,-29.48,3.13,-0.58,9.83,0.03,0.33,0.24,-2.64,-0.73,10.21,-0.23,1.27,0.04
7.82,-30.39,3.44,-0.46,9.80,0.03,0.29,0.23,-2.75,-0.77,10.42,-0.25,1.34,0.08
7.83,-31.44,3.86,-0.37,9.90,0.02,0.27,0.20,-2.65,-0.67,10.50,-0.27,1.41,0.15
7.85,-32.70,4.21,-0.23,9.82,0.03,0.27,0.18,-2.47,-0.50,10.74,-0.29,1.49,0.21
7.86,-33.94,4.70,0.13,9.60,0.04,0.25,0.19,-2.28,-0.32,10.88,-0.30,1.55,0.26
7.87,-34.92,5.06,0.30,9.45,0.06,0.22,0.20,-2.28,-0.32,10.88,-0.30,1.55,0.26
7.89,-36.48,5.55,0.52,9.49,0.13,0.15,0.24,-1.93,0.08,11.21,-0.34,1.66,0.32
7.90,-37.46,5.87,0.87,9.66,0.21,0.09,0.32,-1.57,0.53,11.79,-0.41,1.76,0.39
7.92,-39.33,6.67,1.77,10.32,0.45,-0.09,0.49,-1.27,1.57,13.62,-0.61,1.94,0.51
7.93,-41.15,7.33,2.73,10.91,0.71,-0.27,0.64,-1.77,2.10,14.82,-0.74,2.00,0.69
7.95,-42.71,7.22,3.28,11.23,0.90,-0.40,0.61,-2.22,2.15,15.66,-0.85,2.04,0.83
7.96,-44.46,5.86,2.79,11.60,1.02,-0.56,0.36,-2.50,1.75,15.50,-0.86,2.04,0.90
7.97,-46.50,2.92,0.21,11.91,0.95,-0.76,-0.21,-4.22,0.02,13.22,-0.74,1.86,0.71
8.00,-47.64,1.52,-1.16,12.28,0.86,-0.87,-0.37,-5.20,-0.99,11.09,-0.60,1.75,0.54
8.01,-48.69,0.37,-2.38,12.68,0.81,-1.02,-0.35,-5.69,-2.40,9.26,-0.46,1.60,0.22
8.03,-49.29,0.18,-2.60,12.45,0.75,-1.14,-0.17,-5.81,-3.34,8.10,-0.30,1.44,-0.06
8.04,-50.66,0.68,-1.73,12.06,0.58,-1.20,0.07,-6.10,-4.56,6.95,-0.10,1.26,-0.33
8.06,-53.50,1.12,-1.00,12.00,0.33,-1.17,0.06,-6.69,-4.89,5.12,0.22,0.75,-0.69
8.09,-56.44,0.81,-0.56,11.93,0.22,-1.16,-0.08,-7.77,-3.85,4.10,0.33,0.56,-0.67
8.10,-58.60,-0.02,-0.39,11.82,0.16,-1.20,-0.24,-8.16,-2.86,3.81,0.30,0.01,-0.47
8.12,-58.59,-0.83,-0.44,11.57,0.17,-1.28,-0.34,-8.15,-2.73,3.81,0.29,0.01,-0.47
8.13,-59.47,-1.48,-0.14,10.59,0.21,-1.53,-0.38,-7.69,-1.95,3.75,0.44,-0.90,-0.15
8.15,-59.29,-1.12,0.16,9.91,0.20,-1.60,-0.36,-7.64,-1.89,3.72,0.47,-1.01,-0.11
8.17,-59.33,-0.80,0.57,9.19,0.14,-1.61,-0.38,-7.48,-1.67,3.58,0.61,-1.51,0.03
8.18,-59.20,-0.78,0.76,8.65,0.06,-1.57,-0.44,-7.35,-1.54,3.39,0.82,-1.88,0.07
8.20,-58.78,-0.88,0.69,8.22,-0.03,-1.51,-0.53,-7.22,-1.65,3.15,1.00,-2.28,0.08
8.21,-58.07,-1.00,0.55,7.96,-0.08,-1.44,-0.60,-6.94,-1.77,2.96,1.15,-2.62,0.15
8.22,-56.96,-1.15,0.29,7.74,-0.12,-1.35,-0.66,-6.68,-1.51,2.94,1.23,-3.25,0.56
8.24,-53.68,-1.00,0.07,7.59,-0.14,-1.12,-0.68,-6.16,-0.18,3.40,1.26,-3.52,0.63
8.25,-52.12,-0.88,0.17,7.56,-0.16,-1.01,-0.67,-6.00,0.12,3.78,1.26,-3.70,0.61
8.26,-48.90,-0.78,0.32,7.63,-0.21,-0.81,-0.65,-5.49,0.47,4.45,1.24,-3.99,0.41
8.28,-46.74,-0.67,0.45,7.62,-0.26,-0.63,-0.64,-5.26,0.57,4.81,1.22,-4.16,0.23
8.29,-43.11,-0.56,0.50,7.47,-0.32,-0.43,-0.59,-5.08,0.44,5.60,1.18,-4.32,0.05
8.31,-38.31,-0.50,0.42,7.69,-0.32,-0.16,-0.48,-5.04,0.06,6.78,1.16,-4.41,0.00
8.32,-37.35,-0.60,0.34,7.95,-0.28,-0.04,-0.39,-5.04,0.06,6.78,1.16,-4.41,0.00
8.33,-35.69,-0.65,0.17,8.29,-0.19,0.13,-0.15,-5.04,0.02,6.95,1.15,-4.42,0.01
8.35,-31.56,-0.52,0.02,8.71,-0.05,0.29,0.05,-4.86,0.00,7.99,1.02,-4.44,0.24
8.36,-28.17,0.17,0.10,9.32,0.15,0.42,0.30,-4.85,-0.05,8.74,0.93,-4.43,0.46
8.37,-23.78,0.85,0.42,9.57,0.40,0.55,0.51,-4.32,-0.06,9.45,0.85,-4.47,0.85
8.39,-16.14,2.71,1.97,9.18,0.74,0.50,0.78,-0.61,0.86,9.87,0.55,-4.35,1.03
8.40,-12.47,4.97,3.29,8.68,0.75,0.40,0.94,1.20,1.57,9.85,0.24,-4.02,1.01
8.42,-9.95,7.55,4.22,7.86,0.41,0.21,1.07,1.46,0.98,9.98,-0.02,-3.46,0.92
8.43,-10.04,10.13,3.26,7.21,-0.08,0.04,1.07,1.76,-1.20,10.07,-0.03,-2.86,0.92
8.44,-10.33,12.15,0.53,6.55,-0.65,-0.12,1.09,3.22,-2.90,9.88,-0.06,-1.98,1.31
8.46,-11.16,13.19,-1.21,7.17,-0.91,-0.12,1.14,5.77,-2.95,10.44,-0.29,-1.11,1.61
8.47,-11.68,12.06,-1.62,7.98,-0.80,0.05,0.99,6.42,-2.12,10.57,-0.35,-0.51,1.39
8.48,-12.38,9.99,-1.49,8.00,-0.66,0.17,0.74,6.29,-1.27,9.98,-0.35,-0.03,0.75
8.49,-12.55,8.07,-1.35,7.97,-0.52,0.30,0.36,5.29,-0.53,8.86,-0.41,0.54,-0.36
8.51,-12.89,4.72,-0.59,9.30,-0.28,0.59,-0.16,2.54,0.36,9.03,-0.64,0.65,-0.68
8.52,-12.48,3.35,1.32,10.68,0.00,0.77,-0.52,2.97,0.88,10.96,-0.76,0.59,-0.43
8.54,-11.75,3.93,3.24,11.68,0.01,0.80,-0.71,3.37,2.93,12.47,-0.62,0.75,-0.24
8.55,-11.42,5.26,3.25,12.69,-0.13,0.76,-0.68,3.70,3.77,12.71,-0.60,0.90,-1.15
8.57,-12.00,5.40,0.19,13.82,-0.42,0.62,-0.59,1.64,1.74,14.35,-0.76,1.33,-1.59
8.58,-12.79,3.79,-1.03,13.50,-0.34,0.53,-0.62,0.00,-1.21,14.05,-0.45,1.42,-1.65
8.60,-13.20,2.04,-1.94,12.41,-0.17,0.43,-0.63,-0.94,-2.41,13.20,-0.14,1.44,-1.39
8.60,-13.78,0.85,-2.04,11.81,-0.03,0.41,-0.60,-2.71,-2.24,11.59,0.16,1.46,-1.16
8.62,-14.26,-1.02,-1.22,11.00,0.21,0.44,-0.49,-4.25,-1.55,9.58,-0.05,1.43,-0.99
8.63,-16.24,-1.92,-0.23,10.03,0.27,0.49,-0.33,-5.04,-1.70,8.75,-0.47,1.36,-0.60
8.64,-16.34,-2.39,0.27,9.25,0.16,0.56,-0.12,-4.81,-1.82,9.08,-0.56,1.26,0.03
8.65,-16.37,-2.13,0.42,9.04,0.01,0.63,0.13,-3.50,-1.32,9.30,-0.49,1.12,0.36
8.67,-16.09,-0.32,0.92,8.85,-0.20,0.73,0.47,-1.26,-0.88,9.48,-0.32,0.96,0.54
8.69,-15.76,1.18,0.88,9.22,-0.41,0.79,0.63,-0.58,-0.47,9.63,-0.29,0.94,0.52
8.70,-15.67,1.67,0.44,9.47,-0.48,0.80,0.65,-0.53,-0.66,9.88,-0.22,0.90,0.38
8.71,-15.54,1.75,-0.22,9.68,-0.51,0.81,0.65,-0.74,-0.89,9.88,-0.19,0.87,0.35
8.73,-15.77,1.78,-0.84,9.85,-0.47,0.81,0.68,-1.19,-1.04,9.74,-0.23,0.85,0.40
8.74,-15.79,1.78,-1.23,9.87,-0.35,0.81,0.77,-0.63,-1.10,9.79,-0.24,0.85,0.49
8.75,-15.56,1.89,-1.26,9.79,-0.28,0.81,0.84,0.26,-1.19,9.85,-0.23,0.85,0.55
8.76,-15.31,2.08,-1.22,9.68,-0.22,0.79,0.89,0.61,-1.21,9.89,-0.21,0.86,0.55
8.77,-15.05,2.44,-1.05,9.51,-0.17,0.75,0.89,0.66,-1.21,9.89,-0.18,0.87,0.50
8.78,-15.02,2.84,-1.02,9.42,-0.15,0.73,0.83,0.47,-1.27,9.81,-0.16,0.88,0.43
8.80,-15.24,3.08,-1.09,9.32,-0.14,0.72,0.69,0.18,-1.26,9.70,-0.16,0.90,0.39
8.81,-15.46,3.13,-1.12,9.33,-0.13,0.72,0.56,0.10,-1.26,9.66,-0.15,0.92,0.38
8.82,-15.79,3.05,-1.11,9.31,-0.12,0.71,0.26,0.15,-1.23,9.62,-0.14,0.94,0.33
8.84,-16.01,2.93,-1.06,9.26,-0.11,0.70,0.11,0.15,-1.18,9.61,-0.13,0.95,0.26
8.85,-16.21,2.67,-0.95,9.19,-0.12,0.69,-0.13,0.03,-1.19,9.60,-0.10,0.97,0.15
8.87,-16.53,2.29,-0.75,9.27,-0.16,0.67,-0.38,-0.44,-1.01,9.61,-0.06,0.97,0.07
8.88,-16.83,1.92,-0.58,9.43,-0.19,0.67,-0.51,-0.95,-0.84,9.67,-0.04,0.98,0.01
8.90,-17.19,1.39,-0.49,9.56,-0.23,0.67,-0.56,-1.25,-0.82,9.65,0.00,0.98,-0.04
8.92,-17.46,1.05,-0.71,9.73,-0.24,0.66,-0.47,-1.65,-0.94,9.67,0.03,0.98,-0.07
8.94,-17.62,0.89,-0.79,9.81,-0.24,0.66,-0.42,-1.85,-0.97,9.71,0.04,0.98,-0.07
8.96,-17.77,0.76,-0.83,9.89,-0.23,0.65,-0.35,-2.00,-0.97,9.69,0.05,0.98,-0.06
8.98,-17.82,0.72,-0.76,9.90,-0.22,0.65,-0.30,-2.12,-0.90,9.61,0.06,0.98,-0.05
8.99,-18.03,0.69,-0.67,9.90,-0.22,0.64,-0.25,-2.23,-0.80,9.60,0.05,0.99,-0.02
9.00,-18.37,0.78,-0.61,9.90,-0.21,0.63,-0.21,-2.13,-0.70,9.63,0.05,1.00,-0.01
9.02,-18.61,0.89,-0.46,9.87,-0.18,0.63,-0.12,-2.17,-0.62,9.65,0.05,1.02,-0.02
9.04,-18.94,1.12,-0.35,9.78,-0.19,0.62,-0.10,-2.17,-0.57,9.63,0.05,1.04,-0.02
9.06,-19.28,1.26,-0.29,9.72,-0.20,0.62,-0.10,-2.14,-0.50,9.65,0.04,1.06,-0.02
9.07,-19.54,1.45,-0.26,9.67,-0.21,0.62,-0.10,-2.07,-0.46,9.64,0.03,1.08,-0.02
9.08,-20.17,1.77,-0.14,9.48,-0.23,0.62,-0.10,-1.64,-0.32,9.64,0.03,1.16,-0.06
9.10,-20.70,2.45,-0.09,9.18,-0.27,0.57,-0.11,-0.91,-0.33,9.73,0.02,1.22,-0.10
9.12,-21.33,3.33,-0.18,8.92,-0.31,0.54,-0.13,-0.24,-0.42,9.90,0.02,1.34,-0.16
9.13,-22.56,4.76,-0.25,8.60,-0.38,0.44,-0.19,0.73,-0.44,10.40,0.03,1.48,-0.24
9.15,-23.19,5.35,-0.23,8.59,-0.40,0.36,-0.24,1.07,-0.37,10.88,0.03,1.62,-0.27
9.16,-24.38,6.07,-0.25,8.64,-0.40,0.29,-0.28,1.23,-0.20,11.44,0.03,1.79,-0.28
9.17,-25.87,6.69,-0.12,8.80,-0.35,0.18,-0.30,1.22,-0.02,11.84,0.02,1.93,-0.27
9.18,-28.05,7.47,0.22,9.22,-0.21,-0.00,-0.28,1.08,0.46,12.86,-0.02,2.29,-0.13
9.20,-30.60,8.28,0.81,9.63,-0.03,-0.14,-0.20,1.23,1.04,14.12,-0.09,2.55,0.06
9.22,-34.43,8.73,1.96,10.67,0.36,-0.39,-0.20,0.75,1.99,15.67,-0.19,2.74,0.26
9.23,-36.70,8.36,2.46,11.50,0.59,-0.53,-0.36,0.29,2.62,16.86,-0.24,2.86,0.36
9.25,-39.42,7.04,2.31,12.39,0.84,-0.68,-0.67,0.05,2.42,17.10,-0.18,2.90,0.34
9.26,-41.43,5.27,0.74,12.89,0.95,-0.80,-1.16,-0.18,1.62,15.59,-0.03,2.82,0.03
9.28,-42.22,3.99,-0.39,12.81,0.93,-0.83,-1.38,-0.56,1.28,14.65,0.03,2.76,-0.19
9.29,-43.22,1.34,-3.39,12.16,0.87,-0.98,-1.84,-2.34,0.20,12.43,0.18,2.56,-0.83
9.30,-44.61,0.04,-5.07,12.04,0.79,-1.11,-1.93,-3.88,-2.23,10.42,0.42,2.42,-1.44
9.31,-45.60,-0.22,-6.27,12.42,0.70,-1.16,-1.71,-4.32,-4.42,9.06,0.63,2.31,-2.02
9.33,-46.77,0.16,-6.14,12.70,0.61,-1.17,-1.42,-4.17,-6.71,7.75,0.78,2.22,-2.49
9.34,-48.43,0.78,-5.79,12.88,0.45,-1.13,-1.23,-4.22,-9.04,6.27,1.01,1.97,-2.82
9.35,-49.97,1.10,-5.77,12.68,0.31,-1.09,-1.22,-5.15,-9.52,5.69,1.33,1.65,-2.82
9.37,-52.38,1.70,-5.38,12.19,0.20,-1.07,-1.31,-6.92,-9.12,5.08,1.70,1.39,-2.59
9.38,-54.71,1.82,-4.60,11.48,0.03,-1.09,-1.67,-8.15,-8.37,4.66,1.90,1.08,-2.12
9.40,-57.26,1.31,-4.50,11.28,-0.08,-1.10,-1.94,-8.72,-7.70,4.41,2.05,0.70,-1.70
9.41,-59.15,0.02,-4.65,11.05,-0.26,-1.15,-2.14,-8.22,-7.15,4.07,2.27,0.34,-1.52
9.42,-59.69,-0.94,-4.73,10.99,-0.35,-1.21,-2.24,-7.59,-6.85,3.82,2.40,-0.01,-1.39
9.43,-60.19,-1.42,-4.64,10.88,-0.40,-1.29,-2.28,-6.99,-6.39,3.44,2.54,-0.29,-1.28
9.45,-60.21,-1.51,-4.26,10.54,-0.46,-1.38,-2.31,-6.57,-6.28,3.41,2.67,-0.66,-1.18
9.46,-60.18,-1.31,-3.83,10.12,-0.52,-1.43,-2.39,-6.44,-6.36,3.66,2.84,-1.07,-1.10
9.46,-60.10,-1.25,-3.73,10.02,-0.55,-1.44,-2.42,-6.45,-6.34,3.71,2.87,-1.14,-1.09
9.49,-59.51,-0.80,-3.43,9.56,-0.72,-1.45,-2.62,-6.63,-6.04,3.88,3.02,-1.55,-1.03
9.50,-58.85,-0.39,-3.16,9.29,-0.86,-1.37,-2.88,-6.60,-5.57,3.83,3.10,-1.92,-1.09
9.52,-58.18,-0.48,-2.92,9.21,-0.94,-1.31,-3.05,-6.41,-4.91,3.82,3.12,-2.09,-1.16
9.53,-57.34,-0.49,-2.69,9.17,-1.01,-1.26,-3.14,-6.15,-4.26,4.00,3.14,-2.35,-1.39
9.56,-54.87,-0.66,-2.41,9.04,-1.14,-1.11,-3.23,-5.33,-3.22,4.72,3.12,-2.61,-1.88
9.57,-52.31,-0.58,-2.07,9.13,-1.14,-1.04,-3.26,-4.85,-2.76,5.66,3.04,-2.78,-2.36
9.58,-50.90,-0.39,-1.73,9.25,-1.11,-0.96,-3.29,-4.75,-2.72,6.11,3.02,-2.83,-2.55
9.60,-47.93,-0.34,-1.55,9.36,-1.06,-0.87,-3.30,-4.67,-2.93,7.17,2.98,-2.93,-2.94
9.61,-44.60,-0.53,-1.62,9.38,-0.97,-0.75,-3.20,-4.70,-3.17,7.97,2.98,-3.01,-3.26
9.62,-39.61,-0.41,-1.44,9.34,-0.75,-0.59,-2.93,-4.57,-3.31,8.81,2.98,-3.05,-3.65
9.64,-37.88,-0.40,-1.40,9.34,-0.72,-0.56,-2.90,-4.43,-3.32,9.06,2.98,-3.02,-3.79
9.66,-33.84,-0.01,-1.10,9.27,-0.55,-0.40,-2.78,-3.89,-3.46,9.51,3.04,-3.01,-4.11
9.68,-32.29,0.50,-0.67,9.42,-0.49,-0.34,-2.89,-3.76,-3.61,9.90,3.08,-2.99,-4.30
9.70,-28.38,1.38,0.13,9.75,-0.38,-0.30,-3.33,-3.42,-3.59,10.35,3.14,-2.89,-4.69
9.73,-26.98,2.38,1.09,9.91,-0.31,-0.35,-3.80,-3.31,-3.68,10.45,3.11,-2.82,-4.84
9.74,-25.80,2.90,1.52,9.87,-0.30,-0.38,-4.03,-3.37,-3.87,10.37,3.02,-2.74,-4.96
9.75,-24.72,4.02,2.32,9.45,-0.48,-0.50,-4.77,-4.11,-4.47,9.83,2.65,-2.50,-5.06
9.77,-24.32,4.03,2.20,9.29,-0.60,-0.52,-4.93,-4.44,-4.70,9.67,2.52,-2.46,-5.05
9.78,-24.30,4.00,2.08,9.21,-0.66,-0.53,-5.00,-4.61,-4.74,9.56,2.37,-2.39,-5.00
9.79,-24.15,3.96,1.77,9.08,-0.79,-0.54,-5.11,-5.03,-4.67,9.30,2.30,-2.33,-4.92
9.81,-24.94,3.21,0.56,9.06,-1.14,-0.50,-5.15,-5.75,-4.66,8.08,1.60,-2.11,-4.53
9.82,-25.27,2.89,0.24,8.94,-1.22,-0.47,-5.04,-5.73,-4.65,7.82,1.38,-2.04,-4.35
9.82,-25.39,2.76,0.14,8.85,-1.25,-0.47,-4.98,-5.70,-4.67,7.71,1.26,-1.99,-4.25
9.84,-25.39,2.76,0.14,8.85,-1.25,-0.47,-4.98,-5.70,-4.67,7.71,1.26,-1.99,-4.25
9.86,-25.62,2.49,-0.08,8.64,-1.30,-0.46,-4.82,-5.71,-4.83,7.54,1.01,-1.90,-4.04
9.87,-25.78,2.23,-0.29,8.42,-1.35,-0.44,-4.62,-5.71,-4.96,7.48,0.89,-1.80,-3.80
9.90,-26.14,1.37,-1.64,8.09,-1.55,-0.39,-3.71,-5.27,-5.71,8.70,0.19,-1.50,-3.14
9.91,-26.08,1.94,-2.59,8.70,-1.60,-0.33,-2.97,-4.38,-5.86,9.47,-0.16,-1.19,-2.52
9.92,-26.20,3.17,-3.09,9.68,-1.44,-0.27,-2.46,-3.46,-4.49,9.80,-0.38,-0.85,-2.01
9.95,-26.59,4.58,-2.64,10.69,-1.06,-0.22,-2.25,-3.05,-2.93,10.26,-0.52,-0.40,-1.65
9.98,-27.30,4.70,0.95,10.83,-0.69,-0.08,-2.08,-2.83,0.01,10.95,-0.70,0.07,-1.50
9.99,-26.43,0.86,2.90,10.38,-1.06,0.13,-2.01,-3.19,1.79,11.49,-0.74,0.41,-1.55
10.02,-27.24,0.79,1.77,9.79,-1.16,0.09,-1.97,-4.11,3.41,10.97,-0.34,0.41,-2.02
10.04,-29.92,0.74,0.67,9.59,-1.35,0.06,-1.74,-4.86,-2.19,9.56,-0.48,0.37,-1.84
10.06,-29.75,0.74,0.53,9.67,-1.37,0.06,-1.71,-4.90,-2.49,9.69,-0.48,0.36,-1.76
10.08,-29.99,0.86,-0.15,10.17,-1.40,0.10,-1.55,-4.96,-2.75,9.94,-0.42,0.32,-1.37
10.09,-29.71,1.18,-1.00,10.32,-1.16,0.19,-1.05,-5.00,-1.36,9.97,-0.45,0.22,-0.21
10.11,-29.91,1.84,-1.42,9.95,-1.11,0.19,-0.96,-2.20,-0.45,9.92,-0.42,0.19,-0.30
10.12,-28.40,3.27,-0.40,10.04,-1.00,0.26,-0.93,-1.31,0.11,10.44,-0.35,0.24,-0.94
10.13,-28.47,3.36,0.03,10.07,-0.98,0.28,-0.96,-1.31,0.11,10.44,-0.35,0.24,-0.94
10.16,-28.33,3.32,0.21,10.09,-0.97,0.29,-0.98,-1.96,0.01,10.32,-0.29,0.27,-1.02
10.18,-28.33,2.55,0.59,10.11,-0.98,0.34,-1.08,-2.69,-0.05,10.06,-0.24,0.28,-1.00
10.19,-28.10,1.55,0.14,10.04,-0.99,0.37,-1.12,-3.34,-0.09,9.74,-0.22,0.27,-0.93
10.19,-28.10,1.55,0.14,10.04,-0.99,0.37,-1.12,-3.34,-0.09,9.74,-0.22,0.27,-0.93
10.21,-28.21,1.04,-0.31,9.99,-0.97,0.37,-1.10,-3.95,-0.36,9.51,-0.22,0.23,-0.75
10.23,-27.84,0.79,-0.69,9.90,-0.90,0.34,-1.01,-3.58,-0.47,9.60,-0.21,0.20,-0.50
10.25,-27.32,1.02,-0.78,10.03,-0.82,0.27,-0.91,-2.89,-0.50,9.76,-0.19,0.19,-0.42
10.27,-27.32,1.02,-0.78,10.03,-0.82,0.27,-0.91,-2.74,-0.47,9.79,-0.19,0.19,-0.39
10.28,-26.95,2.19,-0.53,10.18,-0.77,0.26,-0.86,-2.39,-0.31,9.90,-0.18,0.19,-0.40
10.29,-26.76,2.46,-0.43,10.17,-0.76,0.27,-0.88,-2.08,-0.02,9.95,-0.17,0.19,-0.42
10.29,-26.76,2.46,-0.43,10.17,-0.76,0.27,-0.88,-2.08,-0.02,9.95,-0.17,0.19,-0.42
10.29,-26.76,2.46,-0.43,10.17,-0.76,0.27,-0.88,-2.08,-0.02,9.95,-0.17,0.19,-0.42
10.37,-26.43,2.77,-0.21,9.96,-0.76,0.30,-1.01,-1.57,0.24,9.93,-0.17,0.20,-0.55
10.39,-25.65,2.97,-0.18,9.90,-0.76,0.31,-1.12,-1.01,0.22,10.21,-0.11,0.23,-0.83
10.41,-24.74,2.98,-0.68,9.68,-0.77,0.28,-1.66,-0.49,1.41,10.76,0.21,0.36,-1.62
10.47,-24.10,2.72,-0.66,9.88,-0.68,0.25,-1.82,-0.22,2.01,10.77,0.49,0.44,-2.45
10.48,-22.90,0.30,0.08,10.13,-0.37,0.22,-2.67,-2.90,0.03,9.24,0.98,0.46,-3.44
10.52,-23.89,-0.05,-0.29,9.95,-0.35,0.23,-2.69,-4.14,-2.46,8.20,0.99,0.36,-3.37
10.52,-23.71,-0.13,-0.43,9.88,-0.34,0.23,-2.68,-4.14,-2.46,8.20,0.99,0.36,-3.37
10.54,-23.75,-0.19,-0.55,9.81,-0.34,0.24,-2.67,-4.25,-2.72,8.10,0.97,0.35,-3.32
10.55,-23.30,-0.30,-1.24,9.42,-0.33,0.24,-2.60,-4.47,-3.23,7.96,0.92,0.30,-3.14
10.57,-27.58,-0.26,-1.49,9.29,-0.34,0.23,-2.54,-6.35,-4.55,8.40,0.13,0.02,-1.16
10.57,-28.19,-0.17,-1.69,9.20,-0.35,0.23,-2.47,-3.84,-0.32,9.88,-0.01,-0.03,-0.26
10.61,-24.55,0.40,-1.43,11.01,-0.47,0.30,-0.86,-2.79,-0.41,10.10,0.06,0.02,-0.42
10.63,-23.98,1.31,-0.03,10.45,-0.37,0.36,-0.73,-3.63,-1.04,9.58,0.06,0.01,-0.46
10.68,-24.21,1.09,-0.40,10.28,-0.41,0.36,-0.77,-3.90,-0.41,9.55,0.01,-0.06,-0.18
10.69,-23.38,0.35,-1.23,10.23,-0.46,0.35,-0.82,-3.06,-0.31,9.57,0.03,-0.07,-0.12
10.71,-21.55,0.52,-0.35,10.12,-0.24,0.38,-0.43,-3.11,-0.44,9.56,0.03,-0.06,-0.09
10.71,-21.45,0.57,-0.37,10.10,-0.24,0.37,-0.41,-3.11,-0.46,9.55,0.03,-0.06,-0.09
10.73,-21.01,0.62,-0.40,10.08,-0.23,0.37,-0.40,-2.86,-0.56,9.45,0.04,-0.04,-0.03
10.74,-20.70,0.69,-0.49,10.05,-0.22,0.37,-0.36,-2.78,-0.53,9.41,0.05,-0.04,-0.04
10.76,-19.84,0.70,-0.80,9.90,-0.13,0.36,-0.19,-2.84,-0.56,9.61,0.07,-0.01,-0.05
10.78,-19.51,0.99,-0.74,10.04,-0.08,0.36,-0.07,-2.78,-0.58,9.67,0.08,0.00,-0.05
10.79,-18.71,0.94,-0.88,10.12,-0.06,0.40,-0.29,-2.62,-0.57,9.87,0.13,0.06,-0.17
10.82,-18.06,1.19,-1.12,10.15,0.05,0.38,-0.26,-2.25,-0.66,10.17,0.18,0.12,-0.14
10.83,-17.53,1.50,-0.94,9.97,0.09,0.34,-0.22,-1.60,-0.52,10.13,0.22,0.21,-0.10
10.84,-17.47,1.61,-0.89,9.91,0.10,0.33,-0.21,-1.49,-0.51,10.12,0.23,0.22,-0.09
10.86,-17.53,1.73,-0.86,9.85,0.11,0.31,-0.19,-1.44,-0.50,10.11,0.23,0.23,-0.05
10.89,-17.93,2.82,-0.48,9.51,0.08,0.11,-0.17,-0.40,-0.47,10.34,0.31,0.64,-0.06
10.90,-18.11,3.00,-0.36,9.44,0.05,0.03,-0.20,-0.03,-0.36,10.44,0.32,0.74,-0.07
10.91,-18.57,3.17,-0.27,9.41,0.03,-0.04,-0.22,0.12,-0.31,10.52,0.32,0.79,-0.08
10.93,-18.38,3.24,-0.24,9.41,0.02,-0.07,-0.22,0.39,-0.17,10.74,0.32,0.89,-0.10
10.94,-18.88,3.55,-0.09,9.42,0.01,-0.20,-0.27,0.71,0.05,11.10,0.31,1.14,-0.11
10.95,-20.71,4.41,0.19,9.52,0.05,-0.41,-0.36,1.10,0.36,11.75,0.28,1.28,-0.13
10.98,-28.37,6.73,0.84,10.02,0.35,-0.86,-0.45,0.81,0.50,12.91,0.15,1.77,-0.23
11.00,-30.18,6.20,0.82,10.34,0.35,-0.86,-0.59,0.34,0.14,12.92,0.14,1.84,-0.35
11.01,-32.13,4.84,0.29,10.68,0.30,-0.87,-0.89,-0.26,-0.15,12.28,0.16,1.89,-0.59
11.02,-32.70,4.56,0.10,10.74,0.28,-0.88,-1.01,-0.68,-0.26,11.82,0.15,1.90,-0.70
11.03,-34.62,2.84,-1.30,11.10,0.20,-0.95,-1.30,-2.30,-0.83,10.37,0.13,1.85,-1.09
11.04,-36.41,1.17,-2.13,11.66,0.17,-1.02,-1.39,-3.60,-1.49,9.60,0.11,1.80,-1.40
11.06,-38.27,-0.73,-2.09,11.47,0.11,-1.10,-1.23,-5.13,-2.42,8.80,0.12,1.72,-1.61
11.07,-39.87,-1.33,-1.97,11.30,0.05,-1.21,-1.17,-5.77,-2.76,8.25,0.19,1.52,-1.65
11.08,-40.71,-1.43,-1.90,11.26,0.01,-1.30,-1.17,-5.77,-2.69,7.77,0.28,1.38,-1.64
11.09,-42.05,-1.23,-1.94,11.13,-0.04,-1.47,-1.21,-5.53,-2.27,7.18,0.39,1.15,-1.60
11.10,-42.89,-0.87,-1.94,11.12,-0.05,-1.56,-1.22,-5.45,-1.96,6.75,0.50,0.90,-1.64
11.11,-45.22,-0.07,-1.73,11.06,-0.06,-1.72,-1.28,-5.33,-2.00,5.81,0.60,0.27,-1.98
11.14,-46.26,0.16,-1.50,10.89,-0.07,-1.76,-1.36,-5.42,-2.15,5.51,0.66,-0.09,-2.12
11.15,-47.42,0.31,-1.28,10.72,-0.10,-1.75,-1.48,-5.72,-2.41,5.21,0.74,-0.53,-2.21
11.16,-48.33,0.14,-1.17,10.43,-0.16,-1.70,-1.52,-6.23,-2.67,5.09,0.80,-0.98,-2.17
11.17,-48.78,-0.06,-1.11,10.21,-0.21,-1.63,-1.50,-6.63,-2.93,5.09,0.87,-1.25,-2.08
11.18,-48.97,-0.36,-0.99,10.04,-0.24,-1.57,-1.46,-7.04,-3.27,5.25,0.97,-1.77,-1.79
11.19,-48.55,-0.73,-0.71,9.77,-0.28,-1.47,-1.35,-7.36,-3.28,5.39,1.04,-2.18,-1.44
11.21,-47.37,-1.19,-0.39,9.38,-0.34,-1.34,-1.17,-7.59,-3.02,5.50,1.10,-2.58,-1.04
11.22,-46.38,-1.34,-0.22,9.14,-0.37,-1.27,-1.05,-7.62,-2.70,5.57,1.14,-3.03,-0.58
11.23,-43.36,-1.19,0.06,8.72,-0.47,-1.09,-0.87,-7.10,-1.87,5.71,1.13,-3.41,-0.17
11.25,-41.53,-1.05,0.13,8.57,-0.52,-0.98,-0.78,-6.63,-1.38,5.87,1.09,-3.62,0.04
11.26,-38.76,-0.50,0.36,8.38,-0.58,-0.78,-0.67,-5.80,-0.78,6.42,0.99,-3.90,0.21
11.27,-34.67,-0.05,0.56,8.18,-0.63,-0.56,-0.55,-4.66,-0.36,7.18,0.86,-4.13,0.27
11.30,-32.39,0.05,0.60,8.12,-0.63,-0.44,-0.42,-4.08,-0.26,7.49,0.80,-4.21,0.30
11.31,-28.02,0.20,0.58,8.19,-0.54,-0.31,-0.16,-3.29,0.35,7.89,0.64,-4.30,0.47
11.32,-22.55,1.33,0.74,8.28,-0.28,-0.01,0.38,-2.19,0.74,9.03,0.34,-4.28,0.70
11.36,-17.99,2.04,0.99,8.19,-0.12,0.03,0.68,-0.69,0.32,9.83,0.19,-4.15,0.71
11.37,-14.72,3.71,1.36,8.25,-0.03,-0.03,0.85,0.34,0.31,10.04,0.02,-3.91,0.79
11.38,-12.15,5.68,1.45,8.06,-0.06,-0.10,1.04,1.25,0.10,9.82,-0.18,-3.44,0.86
11.40,-10.43,7.35,1.18,7.45,-0.25,-0.21,1.03,1.66,-0.26,9.90,-0.24,-3.13,0.80
11.41,-10.10,9.25,0.82,7.00,-0.55,-0.28,0.94,2.44,-1.46,10.19,-0.15,-2.55,0.66
11.42,-10.43,11.39,-0.46,7.61,-0.87,-0.39,0.65,4.65,-1.44,9.74,-0.07,-1.47,0.79
11.44,-10.74,10.74,-1.40,8.26,-0.76,-0.38,0.34,5.70,-0.42,9.32,-0.21,-0.92,0.83
11.45,-11.07,9.44,-1.51,8.51,-0.54,-0.26,0.01,5.13,-0.09,9.44,-0.32,-0.46,0.64
11.47,-11.90,7.45,-1.21,8.29,-0.37,-0.08,-0.31,3.58,-0.39,9.49,-0.35,0.06,0.04
11.48,-12.60,6.27,-1.09,7.94,-0.32,0.09,-0.50,2.35,-0.42,9.09,-0.29,0.34,-0.39
11.49,-13.47,4.83,-0.82,7.64,-0.33,0.40,-0.75,1.38,-0.30,8.72,-0.25,0.59,-0.75
11.50,-14.77,3.47,-0.71,8.12,-0.35,0.69,-0.93,-0.40,-0.05,8.61,-0.23,0.88,-1.07
11.52,-15.47,1.86,-0.74,8.89,-0.32,0.97,-1.04,-1.07,-0.79,8.65,-0.32,1.02,-1.38
11.53,-14.33,0.51,-0.60,9.98,-0.26,1.20,-1.01,-0.58,-1.34,8.70,-0.47,0.95,-1.33
11.54,-13.47,1.09,0.36,10.75,-0.16,1.19,-0.78,1.03,-1.38,9.47,-0.65,0.80,-1.17
11.56,-12.21,4.20,2.71,11.48,-0.19,1.02,-0.55,2.98,-0.91,10.98,-0.74,0.53,-0.60
11.58,-11.28,8.76,1.64,13.07,-0.30,0.66,-0.37,5.66,3.71,12.20,-0.46,0.69,-0.19
11.60,-11.28,7.96,0.29,12.87,-0.25,0.59,-0.48,5.19,3.87,12.28,-0.56,0.79,-0.28
11.61,-11.35,7.15,-0.69,12.60,-0.16,0.51,-0.50,4.55,2.99,12.70,-0.67,0.96,-0.52
11.62,-11.82,4.11,-2.87,11.49,0.14,0.48,-0.30,3.04,0.09,12.97,-0.62,1.32,-1.15
11.64,-11.56,1.06,-2.79,10.85,0.39,0.56,-0.09,1.78,-1.67,12.30,-0.20,1.47,-1.36
11.65,-10.99,-1.34,-1.30,9.95,0.50,0.64,0.16,0.20,-2.31,11.29,0.23,1.54,-1.55
11.66,-10.49,-2.42,0.25,9.06,0.28,0.72,0.46,-2.96,-2.51,9.09,0.22,1.42,-1.37
11.68,-11.91,-2.23,-0.06,9.03,-0.02,0.78,0.83,-5.61,-2.74,8.64,-0.25,1.04,0.55
11.71,-13.57,1.44,0.28,9.45,-0.22,0.74,1.20,-1.26,-0.90,9.48,-0.43,0.95,0.93
11.73,-13.50,2.65,0.12,9.53,-0.25,0.72,0.92,1.61,0.09,10.18,-0.20,0.95,0.75
11.74,-13.35,2.89,-0.58,9.43,-0.28,0.71,0.60,2.19,-0.07,10.17,-0.10,0.96,0.44
11.75,-13.04,2.28,-1.44,9.53,-0.28,0.69,0.45,1.05,-1.07,9.80,-0.05,0.98,0.03
11.76,-13.10,1.82,-1.70,9.66,-0.24,0.69,0.46,-0.70,-1.54,9.36,-0.08,0.95,-0.12
11.78,-13.32,1.64,-1.72,9.69,-0.20,0.70,0.48,-1.50,-1.77,9.16,-0.11,0.94,-0.10
11.79,-13.80,1.61,-1.63,9.66,-0.16,0.71,0.51,-1.77,-2.00,9.12,-0.16,0.91,0.04
11.80,-14.13,2.02,-1.23,9.50,-0.09,0.71,0.53,-0.71,-1.77,9.43,-0.22,0.87,0.29
11.83,-14.35,2.27,-1.02,9.40,-0.09,0.70,0.43,0.17,-1.45,9.83,-0.20,0.86,0.24
11.84,-14.27,2.03,-1.15,9.49,-0.11,0.68,0.32,0.21,-1.39,9.81,-0.19,0.85,0.20
11.85,-14.16,1.73,-1.29,9.61,-0.11,0.66,0.24,0.18,-1.34,9.79,-0.19,0.86,0.15
11.86,-13.98,1.36,-1.40,9.68,-0.10,0.64,0.15,-0.01,-1.42,9.73,-0.17,0.86,0.09
11.87,-13.65,0.96,-1.35,9.76,-0.06,0.61,0.11,-0.42,-1.54,9.68,-0.15,0.86,0.04
11.91,-13.55,0.82,-0.91,9.77,-0.04,0.60,0.11,-0.96,-1.61,9.63,-0.14,0.85,0.05
11.94,-13.55,0.80,-0.68,9.75,-0.04,0.60,0.13,-1.11,-1.51,9.63,-0.14,0.85,0.08
11.96,-13.61,0.78,-0.43,9.71,-0.06,0.60,0.16,-1.27,-1.37,9.66,-0.13,0.84,0.13
11.97,-13.57,0.59,-0.48,9.79,-0.12,0.60,0.24,-1.42,-1.17,9.64,-0.13,0.82,0.18
11.98,-13.70,0.37,-0.63,9.87,-0.14,0.62,0.28,-1.62,-1.09,9.56,-0.13,0.80,0.20
12.00,-13.42,0.08,-0.79,10.01,-0.14,0.63,0.32,-1.75,-1.10,9.56,-0.13,0.79,0.21
12.01,-13.36,-0.02,-0.83,10.08,-0.12,0.64,0.34,-1.98,-1.12,9.54,-0.13,0.77,0.21
12.02,-13.98,-0.13,-0.88,10.15,-0.12,0.64,0.32,-2.50,-1.26,9.55,-0.13,0.72,0.24
12.03,-13.99,-0.14,-0.90,10.17,-0.12,0.64,0.31,-2.53,-1.27,9.55,-0.13,0.71,0.25
12.05,-13.90,-0.14,-0.96,10.24,-0.10,0.65,0.29,-2.59,-1.27,9.56,-0.14,0.69,0.26
12.07,-14.03,-0.09,-0.89,10.23,-0.08,0.66,0.26,-2.58,-1.26,9.61,-0.16,0.66,0.26
12.08,-13.93,-0.04,-0.89,10.21,-0.07,0.67,0.24,-2.60,-1.25,9.64,-0.16,0.64,0.25
12.09,-13.94,0.01,-0.90,10.17,-0.07,0.68,0.20,-2.64,-1.29,9.65,-0.17,0.63,0.25
12.11,-13.91,0.20,-0.93,10.12,-0.08,0.70,0.17,-2.65,-1.39,9.67,-0.17,0.62,0.26
12.12,-13.95,0.50,-0.93,10.05,-0.09,0.71,0.15,-2.60,-1.42,9.70,-0.17,0.60,0.28
12.14,-14.19,0.98,-0.88,9.87,-0.11,0.73,0.13,-2.38,-1.48,9.74,-0.17,0.59,0.28
12.16,-14.31,1.20,-0.84,9.81,-0.11,0.72,0.12,-2.29,-1.49,9.77,-0.17,0.59,0.28
12.17,-14.46,1.33,-0.81,9.76,-0.12,0.72,0.12,-2.14,-1.41,9.77,-0.17,0.59,0.28
12.18,-14.62,1.49,-0.77,9.71,-0.13,0.72,0.12,-1.90,-1.40,9.78,-0.17,0.61,0.28
12.20,-14.89,1.79,-0.87,9.56,-0.14,0.70,0.16,-1.39,-1.27,9.81,-0.16,0.65,0.28
12.21,-15.22,2.01,-1.02,9.54,-0.18,0.66,0.19,-0.96,-1.16,9.83,-0.15,0.74,0.30
12.23,-15.40,2.22,-1.14,9.65,-0.22,0.62,0.22,-0.47,-1.28,10.02,-0.13,0.83,0.26
12.24,-15.77,2.50,-1.29,9.86,-0.23,0.58,0.29,-0.29,-1.39,10.08,-0.11,0.90,0.22
12.26,-16.08,2.86,-1.26,9.92,-0.22,0.53,0.34,-0.41,-1.45,10.36,-0.06,1.07,0.25
12.27,-16.82,3.13,-1.17,9.94,-0.19,0.49,0.35,-0.39,-1.05,10.52,0.01,1.28,0.43
12.28,-17.86,3.08,-1.09,9.97,-0.16,0.45,0.33,-0.14,-0.85,10.71,0.05,1.45,0.51
12.29,-18.70,2.90,-1.18,9.98,-0.14,0.39,0.30,-0.04,-0.83,10.85,0.07,1.58,0.46
12.31,-19.55,2.80,-1.40,9.99,-0.11,0.33,0.26,-0.21,-0.86,10.90,0.09,1.68,0.40
12.32,-20.60,2.89,-1.44,10.25,-0.12,0.22,0.25,-0.52,-1.00,11.06,0.12,1.79,0.33
12.33,-22.92,3.56,-0.92,10.72,-0.00,-0.14,0.29,-0.82,-0.82,11.81,0.12,1.97,0.24
12.35,-25.00,4.36,-0.03,10.64,0.21,-0.44,0.33,-1.05,-0.27,11.98,0.08,2.09,0.27
12.36,-28.38,5.48,1.85,10.42,0.53,-0.82,0.84,-1.28,0.97,12.54,-0.16,2.24,0.73
12.38,-32.38,7.24,3.97,10.79,0.96,-1.01,1.48,-1.67,2.02,13.31,-0.45,2.37,1.10
12.39,-37.09,4.87,4.16,10.96,1.14,-0.87,1.16,-2.80,2.06,14.13,-0.77,2.52,1.48
12.41,-38.90,2.59,2.35,11.18,1.05,-0.84,0.58,-2.82,1.75,13.76,-0.84,2.59,1.57
12.42,-40.32,0.24,0.85,11.59,0.93,-0.90,0.21,-3.11,1.05,12.27,-0.91,2.56,1.47
12.43,-41.59,-1.30,-0.57,12.38,0.78,-1.07,-0.10,-4.20,0.07,10.57,-0.95,2.13,0.94
12.45,-43.02,-1.30,-1.32,12.29,0.63,-1.41,0.01,-4.62,-1.43,9.07,-0.86,1.86,0.63
12.47,-44.35,-1.00,-1.27,12.06,0.46,-1.56,0.24,-5.58,-1.98,8.20,-0.68,1.50,0.22
12.48,-46.50,-0.47,-0.72,12.20,0.28,-1.62,0.38,-6.73,-2.58,6.83,-0.43,1.22,-0.10
12.49,-47.87,-0.30,-0.46,12.42,0.13,-1.59,0.39,-7.41,-3.09,6.27,-0.26,0.99,-0.21
12.51,-50.46,-0.87,-0.25,12.49,0.01,-1.54,0.30,-8.29,-2.88,5.10,-0.12,0.70,-0.09
12.52,-52.39,-1.11,-0.32,12.39,-0.01,-1.54,0.20,-8.35,-2.18,4.48,-0.09,0.30,0.06
12.53,-54.14,-1.52,-0.23,11.84,-0.01,-1.54,-0.06,-7.91,-1.24,3.85,-0.01,-0.53,0.12
12.55,-55.16,-1.92,-0.14,10.72,-0.02,-1.66,-0.25,-7.61,-0.38,3.49,0.18,-1.06,-0.04
12.56,-55.53,-1.67,-0.19,9.89,-0.13,-1.78,-0.29,-7.58,-0.74,3.36,0.44,-1.74,-0.45
12.57,-55.31,-1.31,-0.45,9.30,-0.23,-1.82,-0.37,-7.17,-1.37,3.14,0.67,-2.61,-0.43
12.60,-54.40,-1.12,-0.54,8.70,-0.31,-1.80,-0.73,-6.77,-1.28,3.05,0.83,-2.91,-0.33
12.61,-53.08,-1.40,-0.65,8.41,-0.38,-1.74,-0.99,-6.76,-0.83,3.30,0.90,-3.27,-0.35
12.63,-51.95,-1.51,-0.77,8.46,-0.41,-1.66,-1.06,-6.86,-0.70,3.65,0.93,-3.50,-0.41
12.64,-50.75,-1.50,-0.70,8.53,-0.42,-1.58,-1.08,-6.99,-0.71,4.08,0.97,-3.72,-0.45
12.66,-48.12,-1.51,-0.28,8.51,-0.40,-1.36,-1.14,-7.06,-0.57,4.57,1.00,-4.00,-0.33
12.67,-44.49,-1.53,-0.13,8.40,-0.36,-1.12,-1.04,-6.87,-0.30,5.23,0.98,-4.27,-0.10
12.69,-41.02,-1.75,-0.26,8.42,-0.27,-0.86,-0.85,-6.48,0.02,5.97,0.90,-4.53,0.00
12.71,-37.49,-1.76,-0.10,8.51,-0.16,-0.64,-0.61,-6.22,0.13,6.56,0.80,-4.66,0.06
12.72,-34.79,-1.65,0.09,8.52,-0.10,-0.51,-0.46,-5.95,0.17,7.01,0.73,-4.73,0.16
12.73,-31.39,-1.44,0.21,8.56,-0.01,-0.35,-0.23,-5.26,0.21,7.79,0.63,-4.77,0.24
12.74,-27.25,-0.99,0.42,8.65,0.10,-0.16,0.09,-4.62,0.26,8.42,0.52,-4.77,0.34
12.76,-23.72,-0.43,0.70,8.89,0.18,-0.01,0.33,-3.84,0.26,8.99,0.40,-4.75,0.46
12.77,-20.25,0.20,0.86,8.90,0.23,0.07,0.59,-2.99,0.19,9.30,0.29,-4.69,0.56
12.78,-17.69,1.27,1.18,8.74,0.24,0.09,0.77,-1.89,-0.08,9.80,0.16,-4.60,0.59
12.79,-14.71,2.21,1.53,8.54,0.20,0.07,0.92,-1.21,-0.46,10.29,0.09,-4.47,0.60
12.80,-12.27,3.82,1.97,8.44,0.06,0.02,1.11,-0.37,-0.84,10.80,0.03,-4.22,0.66
12.81,-10.55,6.57,1.93,8.10,-0.11,-0.03,1.15,0.93,-0.78,10.91,-0.03,-3.64,0.77
12.83,-9.81,8.58,1.68,7.53,-0.31,-0.10,1.02,1.58,-0.64,10.70,-0.07,-3.27,0.78
12.84,-9.58,11.83,-0.18,7.02,-0.93,-0.26,0.78,3.61,-1.31,10.04,-0.15,-1.93,0.68
12.87,-10.90,11.95,-2.48,7.84,-1.03,-0.29,0.65,4.24,-1.18,9.82,-0.18,-1.19,0.69
12.88,-11.68,10.23,-2.99,8.39,-0.78,-0.21,0.46,4.00,-0.69,10.32,-0.24,-0.39,0.52
12.89,-12.27,8.50,-2.80,8.63,-0.53,-0.07,0.24,3.32,-0.39,10.09,-0.22,-0.04,0.19
12.91,-13.15,5.83,-1.90,8.40,-0.08,0.27,-0.27,1.80,-0.00,9.08,-0.22,0.37,-0.54
12.92,-13.97,4.36,-1.22,8.15,0.05,0.48,-0.53,0.36,-0.26,8.29,-0.27,0.60,-1.01
12.93,-14.67,2.59,-0.45,8.81,0.14,0.74,-0.69,-0.23,-0.77,8.81,-0.44,0.71,-1.15
12.95,-14.48,1.99,0.61,10.09,0.23,0.94,-0.78,0.55,-0.68,9.94,-0.55,0.65,-0.41
12.96,-13.24,2.99,3.02,11.51,0.25,1.03,-0.75,2.17,1.08,11.85,-0.65,0.59,0.11
12.98,-12.60,5.56,3.43,13.38,-0.06,0.91,-0.54,3.48,3.34,13.35,-0.57,0.80,-0.13
13.00,-12.67,5.81,1.54,14.25,-0.26,0.80,-0.44,2.47,2.55,14.42,-0.69,1.05,-0.58
13.01,-12.87,4.63,-0.36,13.95,-0.24,0.71,-0.43,1.12,0.33,14.64,-0.58,1.18,-0.90
13.02,-13.60,3.44,-1.38,13.33,-0.07,0.61,-0.41,-0.70,-0.97,13.93,-0.37,1.23,-0.96
13.03,-14.19,0.68,-1.80,11.93,0.20,0.61,-0.31,-2.30,-1.82,12.07,-0.04,1.31,-0.74
13.04,-14.57,-0.85,-1.12,11.00,0.34,0.67,-0.17,-2.81,-1.77,10.77,0.04,1.33,-0.58
13.06,-14.69,-1.71,-0.37,10.17,0.35,0.72,0.02,-2.96,-1.12,9.64,-0.10,1.28,-0.35
13.07,-14.57,-2.14,0.17,9.47,0.27,0.76,0.26,-2.88,-1.35,9.25,-0.23,1.18,-0.22
13.08,-14.63,-2.07,0.53,8.90,0.06,0.84,0.51,-2.76,-1.73,9.10,-0.23,0.99,0.09
13.10,-13.58,-1.37,0.34,8.67,-0.17,0.90,0.72,-2.02,-1.80,8.83,-0.21,0.89,0.26
13.11,-13.10,-0.19,0.11,8.87,-0.31,0.89,0.89,-1.20,-1.48,8.69,-0.31,0.78,0.53
13.12,-12.76,2.04,-0.03,9.13,-0.44,0.84,0.94,0.33,-0.92,9.38,-0.39,0.76,0.64
13.14,-12.54,2.70,-0.13,9.33,-0.46,0.81,0.80,1.41,-0.55,9.95,-0.29,0.76,0.57
13.15,-12.23,2.88,-0.56,9.61,-0.43,0.79,0.65,1.88,-0.55,10.01,-0.12,0.76,0.40
13.16,-12.03,2.94,-0.81,9.64,-0.36,0.75,0.59,1.60,-0.91,9.78,-0.05,0.77,0.32
13.18,-11.92,2.98,-1.04,9.59,-0.26,0.70,0.62,0.73,-1.37,9.61,-0.08,0.81,0.35
13.19,-12.11,2.66,-1.24,9.60,-0.18,0.68,0.68,0.49,-1.41,9.70,-0.09,0.83,0.38
13.21,-12.21,2.29,-1.24,9.56,-0.12,0.68,0.68,0.27,-1.49,9.79,-0.08,0.84,0.44
13.22,-12.31,2.02,-1.15,9.55,-0.08,0.66,0.63,0.19,-1.30,9.77,-0.06,0.84,0.47
13.24,-12.32,1.84,-1.09,9.61,-0.05,0.64,0.51,0.14,-1.20,9.74,-0.06,0.84,0.44
13.25,-12.35,1.60,-1.01,9.63,-0.03,0.61,0.38,-0.22,-1.20,9.72,-0.05,0.84,0.40
13.26,-12.40,1.30,-0.92,9.66,-0.02,0.59,0.25,-0.50,-1.19,9.70,-0.05,0.83,0.37
13.27,-12.56,1.12,-0.86,9.68,-0.02,0.57,0.17,-0.80,-1.22,9.70,-0.05,0.82,0.36
13.28,-12.73,0.75,-0.77,9.76,-0.04,0.55,0.05,-1.19,-1.22,9.70,-0.05,0.80,0.35
13.30,-12.82,0.61,-0.60,9.75,-0.05,0.56,0.06,-1.32,-1.16,9.65,-0.05,0.76,0.35
13.32,-12.78,0.58,-0.45,9.73,-0.07,0.57,0.09,-1.37,-1.08,9.64,-0.06,0.74,0.35
13.33,-12.83,0.60,-0.40,9.79,-0.09,0.58,0.13,-1.44,-0.98,9.65,-0.06,0.73,0.35
13.34,-12.86,0.56,-0.39,9.87,-0.11,0.59,0.16,-1.47,-0.85,9.70,-0.06,0.70,0.34
13.36,-12.95,0.54,-0.42,9.92,-0.12,0.59,0.18,-1.50,-0.79,9.71,-0.06,0.68,0.32
13.37,-12.79,0.52,-0.50,10.00,-0.12,0.60,0.18,-1.54,-0.79,9.72,-0.06,0.67,0.30
13.38,-12.87,0.49,-0.58,10.06,-0.12,0.60,0.17,-1.65,-0.86,9.76,-0.06,0.66,0.27
13.39,-12.91,0.48,-0.68,10.07,-0.12,0.60,0.11,-1.82,-0.99,9.77,-0.05,0.63,0.22
13.41,-12.94,0.44,-0.77,10.08,-0.12,0.60,0.06,-1.87,-1.05,9.77,-0.05,0.62,0.21
13.42,-12.90,0.45,-0.83,10.07,-0.11,0.60,-0.01,-1.81,-1.08,9.76,-0.04,0.60,0.20
13.44,-12.91,0.44,-0.87,10.09,-0.10,0.60,-0.05,-1.68,-1.05,9.78,-0.03,0.59,0.18
13.46,-12.86,0.48,-0.90,10.03,-0.08,0.60,-0.09,-1.49,-1.11,9.76,-0.02,0.59,0.15
13.47,-12.67,0.71,-0.91,9.79,-0.07,0.60,-0.09,-0.97,-1.22,9.56,-0.01,0.59,0.09
13.49,-12.48,1.13,-0.95,9.43,-0.08,0.59,-0.09,-0.44,-1.44,9.39,-0.02,0.60,0.01
13.50,-12.51,1.82,-0.97,9.20,-0.17,0.58,-0.19,-0.69,-1.39,9.44,-0.04,0.67,-0.14
13.53,-13.03,1.50,-0.75,9.78,-0.20,0.58,-0.31,-1.34,-0.85,9.75,-0.04,0.71,-0.11
13.55,-13.40,1.17,-0.61,10.09,-0.17,0.57,-0.34,-1.16,-0.63,9.99,-0.03,0.83,-0.05
13.58,-13.76,1.53,-0.60,9.83,-0.18,0.54,-0.27,-0.80,-0.88,10.00,-0.02,0.92,-0.07
13.60,-14.26,1.87,-0.72,9.57,-0.22,0.49,-0.17,-0.55,-1.20,9.91,-0.01,1.02,-0.09
13.62,-14.76,2.02,-0.84,9.45,-0.25,0.46,-0.09,-0.49,-1.23,9.89,-0.00,1.07,-0.09
13.63,-15.12,2.07,-0.91,9.46,-0.26,0.44,-0.04,-0.51,-1.21,9.87,-0.00,1.15,-0.09
13.64,-15.94,2.21,-1.04,9.49,-0.27,0.39,0.01,-0.64,-1.19,9.94,0.00,1.25,-0.10
13.66,-16.79,2.23,-1.06,9.55,-0.27,0.35,0.00,-0.87,-1.12,10.12,0.00,1.34,-0.13
13.67,-17.71,1.99,-1.10,9.76,-0.28,0.34,-0.02,-1.10,-1.13,10.25,0.02,1.45,-0.18
13.69,-18.83,1.72,-1.32,10.05,-0.28,0.31,-0.04,-1.49,-1.11,10.51,0.05,1.52,-0.21
13.70,-19.83,1.70,-1.46,10.41,-0.28,0.28,-0.06,-1.79,-1.16,10.91,0.09,1.58,-0.26
13.72,-20.68,1.76,-1.54,10.76,-0.27,0.23,-0.07,-1.96,-1.10,11.29,0.13,1.65,-0.31
13.73,-21.86,1.93,-1.52,11.00,-0.22,0.11,-0.08,-2.16,-0.89,11.46,0.14,1.72,-0.30
13.75,-23.00,2.28,-1.29,10.92,-0.15,-0.03,-0.08,-2.24,-0.64,11.60,0.11,1.80,-0.22
13.76,-24.36,2.78,-0.77,10.78,-0.04,-0.21,-0.04,-2.15,-0.38,11.75,0.07,1.86,-0.09
13.77,-25.65,3.18,-0.20,10.64,0.09,-0.39,0.01,-1.81,-0.05,12.10,-0.01,1.94,0.15
13.78,-27.14,3.76,0.41,10.53,0.18,-0.52,0.10,-1.40,0.40,12.38,-0.08,2.00,0.35
13.79,-28.98,4.53,1.33,10.40,0.40,-0.71,0.55,-0.91,1.23,12.74,-0.21,2.08,0.71
13.81,-31.92,5.78,2.53,10.65,0.75,-0.80,0.87,-0.79,2.07,12.84,-0.34,2.15,0.84
13.82,-34.35,5.20,3.12,10.70,0.96,-0.79,0.79,-1.17,2.46,12.67,-0.45,2.20,0.94
13.84,-35.66,4.38,2.91,10.67,1.01,-0.80,0.65,-1.57,2.38,12.32,-0.51,2.20,0.93
13.85,-38.12,2.35,1.45,10.65,1.01,-0.87,0.22,-2.87,1.41,11.55,-0.60,2.12,0.73
13.87,-39.37,1.67,0.74,10.59,0.93,-0.97,-0.06,-3.92,0.64,11.04,-0.63,2.06,0.52
13.88,-40.50,1.10,-0.02,10.75,0.85,-1.04,-0.24,-4.71,-0.21,10.47,-0.63,1.92,0.13
13.90,-44.03,0.31,-1.09,11.51,0.53,-1.29,-0.57,-5.98,-2.50,8.85,-0.37,1.65,-0.23
13.92,-45.47,-0.08,-1.40,11.79,0.38,-1.39,-0.51,-6.32,-2.96,7.85,-0.19,1.48,-0.42
13.93,-47.80,-0.34,-1.51,12.22,0.17,-1.46,-0.33,-6.80,-3.33,6.46,0.01,1.26,-0.67
13.95,-49.53,-0.52,-1.45,12.39,0.01,-1.45,-0.27,-7.40,-3.47,5.49,0.16,0.95,-0.68
13.97,-52.61,-0.86,-1.50,12.47,-0.05,-1.39,-0.31,-8.12,-2.93,4.36,0.33,0.69,-0.61
13.98,-53.68,-1.36,-1.50,12.46,-0.06,-1.37,-0.33,-8.25,-2.40,3.94,0.38,0.37,-0.55
13.99,-55.29,-2.25,-1.56,12.13,0.03,-1.38,-0.38,-8.20,-1.99,3.63,0.45,-0.19,-0.49
14.01,-56.12,-2.73,-1.23,11.08,0.10,-1.49,-0.42,-8.25,-1.82,3.40,0.74,-0.90,-0.51
14.03,-56.25,-2.59,-1.03,10.54,0.10,-1.56,-0.41,-8.32,-1.99,3.28,0.93,-1.27,-0.57
14.04,-56.38,-2.24,-0.81,10.16,0.05,-1.60,-0.39,-8.27,-2.18,3.10,1.11,-1.61,-0.59
14.05,-56.34,-1.90,-0.65,9.93,0.01,-1.60,-0.41,-8.10,-2.23,2.92,1.21,-1.84,-0.55
14.07,-56.20,-1.34,-0.45,9.35,-0.12,-1.58,-0.55,-7.65,-1.91,2.50,1.28,-2.25,-0.30
14.08,-56.03,-1.32,-0.48,9.03,-0.18,-1.54,-0.70,-7.26,-1.73,2.44,1.30,-2.51,-0.15
14.09,-55.24,-1.51,-0.53,8.77,-0.24,-1.45,-0.89,-7.01,-1.36,2.62,1.29,-2.88,-0.08
14.11,-54.01,-1.57,-0.47,8.73,-0.28,-1.32,-0.96,-7.08,-1.05,3.06,1.26,-3.12,-0.13
14.12,-52.24,-1.56,-0.16,8.69,-0.31,-1.15,-0.99,-7.12,-0.83,3.69,1.21,-3.40,-0.18
14.14,-49.96,-1.55,0.16,8.64,-0.32,-0.97,-0.97,-7.07,-0.53,4.31,1.14,-3.73,-0.19
14.16,-47.45,-1.48,0.32,8.60,-0.28,-0.80,-0.88,-6.73,-0.18,4.82,1.03,-3.91,-0.20
14.17,-44.04,-1.47,0.40,8.52,-0.20,-0.64,-0.70,-6.13,0.20,5.54,0.88,-4.14,-0.16
14.19,-37.22,-0.88,0.39,8.73,-0.09,-0.33,-0.14,-5.50,-0.23,7.38,0.66,-4.26,-0.05
14.23,-32.45,-0.03,0.42,8.57,-0.06,-0.10,0.24,-4.56,-0.48,8.47,0.64,-4.30,0.15
14.24,-28.36,0.64,0.44,8.59,-0.00,0.07,0.47,-3.14,-0.10,9.48,0.59,-4.27,0.34
14.25,-25.02,1.17,0.57,8.88,0.09,0.18,0.58,-2.27,0.23,9.80,0.54,-4.21,0.37
14.26,-19.49,2.08,0.99,9.14,0.22,0.26,0.60,-0.96,0.98,10.21,0.37,-4.13,0.21
14.28,-15.24,3.93,2.16,9.17,0.46,0.28,0.43,0.31,1.78,10.86,0.16,-3.88,-0.02
14.30,-14.27,5.60,3.14,8.87,0.44,0.17,0.19,0.76,2.12,11.01,0.04,-3.64,-0.25
14.31,-11.99,7.65,3.27,8.18,0.19,0.05,0.04,0.90,1.58,11.02,-0.05,-3.13,-0.53
14.32,-11.73,9.53,2.60,7.68,-0.16,-0.06,-0.03,1.25,0.67,11.00,0.00,-2.77,-0.59
14.33,-12.00,10.85,1.26,7.51,-0.54,-0.17,-0.05,2.88,-0.38,10.57,0.06,-2.00,-0.47
14.35,-12.41,11.10,-0.43,8.01,-0.75,-0.26,-0.07,3.70,-0.48,10.19,0.01,-1.50,-0.28
14.36,-12.41,10.40,-1.31,8.47,-0.70,-0.29,-0.14,3.93,-0.31,10.37,-0.10,-0.89,-0.08
14.37,-13.85,7.33,-1.38,8.46,-0.36,-0.12,-0.40,2.87,-0.53,10.28,-0.09,-0.13,-0.45
14.39,-14.65,5.19,-1.17,8.22,-0.14,0.07,-0.72,1.41,-0.05,9.07,-0.02,0.27,-0.95
14.41,-15.55,3.08,-0.76,8.21,0.07,0.32,-1.11,-0.46,0.07,8.07,-0.06,0.53,-1.33
14.42,-16.98,0.24,0.41,9.76,0.22,0.71,-1.41,-2.51,-1.28,8.94,-0.39,0.61,-1.22
14.44,-16.53,-0.32,1.36,10.42,0.30,0.81,-1.28,-1.39,-1.13,10.44,-0.51,0.42,-0.38
14.46,-15.42,2.18,2.96,12.02,0.06,0.77,-0.60,0.41,0.81,11.58,-0.55,0.48,0.09
14.48,-14.81,2.39,0.51,13.71,-0.38,0.72,0.02,-0.15,0.10,13.88,-0.72,0.64,0.08
14.50,-14.48,1.45,-0.32,13.44,-0.28,0.62,0.15,-1.20,-1.02,13.76,-0.62,0.64,0.18
14.51,-14.50,0.40,-0.55,12.32,-0.10,0.49,0.37,-2.64,-1.29,12.06,-0.43,0.64,0.57
14.53,-14.35,-0.22,-0.47,11.32,0.08,0.44,0.56,-2.57,-0.52,10.87,-0.43,0.64,0.77
14.54,-14.54,-0.26,-0.16,10.52,0.15,0.47,0.63,-1.71,0.18,10.39,-0.52,0.64,0.77
14.55,-14.40,-0.18,0.18,10.01,0.13,0.53,0.64,-0.77,0.09,10.47,-0.49,0.63,0.54
14.56,-13.34,0.09,0.81,9.37,-0.00,0.61,0.61,-0.01,-0.51,10.44,-0.13,0.56,0.12
14.58,-12.53,0.42,0.78,9.23,-0.23,0.69,0.56,-0.17,-1.43,10.00,0.12,0.49,0.03
14.60,-11.85,1.03,0.10,9.34,-0.45,0.70,0.61,-0.43,-1.89,9.60,0.08,0.45,0.12
14.61,-11.78,1.78,-0.55,9.51,-0.55,0.66,0.68,-0.42,-2.18,9.35,-0.18,0.42,0.31
14.62,-11.68,2.31,-1.11,9.73,-0.56,0.62,0.68,0.60,-1.61,9.73,-0.29,0.40,0.54
14.64,-11.39,2.63,-1.29,9.86,-0.49,0.58,0.64,1.43,-1.09,9.95,-0.27,0.40,0.57
14.65,-10.91,2.95,-1.11,9.84,-0.41,0.53,0.57,2.22,-0.66,10.03,-0.21,0.40,0.49
14.66,-10.71,3.49,-0.76,9.70,-0.31,0.50,0.50,2.42,-0.47,9.92,-0.17,0.42,0.36
14.67,-10.52,3.72,-0.55,9.57,-0.24,0.46,0.38,2.23,-0.54,9.85,-0.13,0.44,0.26
14.68,-10.37,3.58,-0.48,9.54,-0.18,0.45,0.25,1.73,-0.71,9.75,-0.09,0.47,0.16
14.69,-10.49,3.17,-0.49,9.47,-0.14,0.46,0.16,1.24,-0.87,9.60,-0.10,0.48,0.11
14.70,-10.50,2.62,-0.55,9.43,-0.11,0.47,-0.05,0.78,-1.14,9.59,-0.13,0.48,0.09
14.72,-10.50,2.34,-0.62,9.53,-0.11,0.48,-0.17,0.71,-1.15,9.66,-0.15,0.48,0.07
14.73,-10.45,2.26,-0.60,9.63,-0.11,0.48,-0.31,0.62,-0.99,9.77,-0.15,0.48,0.02
14.74,-10.40,2.08,-0.43,9.73,-0.10,0.48,-0.45,0.42,-0.81,9.84,-0.14,0.47,-0.06
14.76,-10.37,1.94,-0.28,9.75,-0.11,0.47,-0.59,0.24,-0.71,9.86,-0.12,0.47,-0.11
14.77,-10.33,1.80,-0.24,9.76,-0.13,0.46,-0.72,0.13,-0.70,9.84,-0.09,0.45,-0.19
14.78,-10.24,1.60,-0.26,9.76,-0.18,0.45,-0.89,0.02,-0.81,9.83,-0.08,0.43,-0.29
14.80,-10.17,1.46,-0.28,9.75,-0.22,0.44,-0.96,-0.10,-0.93,9.81,-0.06,0.42,-0.33
14.81,-10.09,1.40,-0.25,9.73,-0.26,0.45,-1.00,-0.07,-1.00,9.83,-0.06,0.40,-0.38
14.83,-9.89,1.45,-0.26,9.71,-0.31,0.46,-1.00,0.21,-1.00,9.84,-0.05,0.39,-0.41
14.84,-9.68,1.60,-0.26,9.65,-0.34,0.47,-0.99,0.51,-0.98,9.81,-0.04,0.39,-0.44
14.85,-9.33,1.89,-0.32,9.53,-0.37,0.45,-0.94,1.06,-0.90,9.70,-0.04,0.41,-0.56
14.87,-8.94,2.38,-0.35,9.42,-0.39,0.42,-0.88,1.49,-0.92,9.60,-0.03,0.43,-0.61
14.88,-8.80,2.63,-0.37,9.49,-0.41,0.40,-0.87,1.38,-0.85,9.68,-0.03,0.46,-0.67
14.90,-8.82,2.72,-0.34,9.60,-0.41,0.38,-0.88,1.14,-0.77,9.75,-0.03,0.53,-0.69
14.92,-9.35,2.58,-0.53,9.84,-0.35,0.34,-0.99,0.60,-0.67,9.95,-0.01,0.63,-0.70
14.95,-9.80,2.27,-0.65,9.85,-0.30,0.32,-1.07,0.41,-0.88,9.98,0.05,0.67,-0.74
14.96,-10.10,2.06,-0.76,9.80,-0.29,0.30,-1.11,0.27,-1.06,9.89,0.07,0.69,-0.74
14.97,-10.31,1.87,-0.87,9.75,-0.29,0.28,-1.12,0.11,-1.27,9.88,0.10,0.71,-0.73
14.99,-10.66,1.78,-1.01,9.69,-0.30,0.26,-1.10,-0.04,-1.44,9.89,0.13,0.73,-0.72
15.00,-11.12,1.79,-1.15,9.74,-0.32,0.24,-1.03,-0.29,-1.58,10.01,0.15,0.78,-0.61
15.02,-11.75,1.82,-1.18,9.82,-0.33,0.22,-0.92,-0.36,-1.39,10.11,0.19,0.83,-0.53
15.03,-12.31,1.90,-1.19,9.81,-0.31,0.20,-0.83,-0.17,-1.24,10.13,0.24,0.88,-0.46
15.05,-12.77,2.13,-1.32,9.72,-0.29,0.17,-0.75,0.16,-1.22,10.16,0.28,0.93,-0.44
15.06,-13.16,2.40,-1.40,9.60,-0.29,0.12,-0.67,0.47,-1.37,10.19,0.31,0.98,-0.45
15.07,-13.87,3.02,-1.58,9.31,-0.29,0.04,-0.61,0.85,-1.75,10.36,0.35,1.09,-0.45
15.09,-14.84,3.81,-1.66,9.00,-0.31,-0.04,-0.57,1.45,-1.98,10.61,0.38,1.20,-0.41
15.10,-16.31,4.83,-1.43,8.75,-0.30,-0.23,-0.60,2.54,-1.60,10.82,0.40,1.41,-0.29
15.12,-17.83,5.72,-1.13,8.65,-0.27,-0.46,-0.72,3.33,-0.86,11.02,0.39,1.65,-0.22
15.14,-19.80,6.74,-0.90,8.70,-0.22,-0.63,-0.84,3.52,-0.36,11.57,0.36,1.95,-0.37
15.16,-23.40,7.91,-0.55,9.28,-0.07,-0.85,-1.05,2.69,-0.36,12.95,0.34,2.08,-0.49
15.17,-25.64,8.08,-0.32,9.67,-0.01,-0.88,-1.14,2.33,-0.75,13.55,0.37,2.17,-0.63
15.18,-29.45,7.60,-0.97,10.22,-0.12,-0.92,-1.63,0.96,-1.79,13.59,0.43,2.37,-0.93
15.20,-31.56,7.05,-2.13,10.62,-0.29,-0.91,-1.98,0.52,-2.48,13.13,0.49,2.41,-1.11
15.21,-33.59,5.44,-4.17,10.91,-0.41,-0.88,-2.61,0.31,-2.81,12.77,0.58,2.43,-1.41
15.23,-36.65,2.04,-5.67,10.49,-0.48,-0.91,-3.11,-2.00,-3.87,9.64,0.92,2.28,-2.25
15.25,-38.16,0.45,-6.46,10.38,-0.53,-0.92,-3.21,-3.33,-4.36,8.14,1.15,2.08,-2.74
15.26,-39.74,-0.60,-6.74,10.49,-0.56,-0.96,-3.16,-4.02,-4.69,7.52,1.33,1.92,-3.06
15.27,-40.47,-1.02,-6.35,10.87,-0.63,-1.03,-3.12,-4.11,-4.80,7.42,1.51,1.69,-3.40
15.29,-41.16,-1.10,-5.93,10.96,-0.70,-1.09,-3.13,-3.68,-4.65,7.31,1.75,1.55,-3.64
15.30,-41.82,-0.85,-5.57,10.89,-0.72,-1.15,-3.20,-3.36,-4.52,6.91,1.98,1.33,-4.03
15.31,-42.04,-0.05,-4.86,10.73,-0.80,-1.18,-3.32,-3.05,-4.55,6.32,2.19,1.06,-4.51
15.32,-42.63,0.54,-4.97,10.62,-0.83,-1.18,-3.43,-2.91,-4.68,5.86,2.31,0.85,-4.88
15.33,-43.20,0.95,-5.04,10.61,-0.80,-1.17,-3.61,-3.19,-5.00,5.57,2.38,0.59,-5.33
15.34,-44.03,0.84,-4.81,10.77,-0.78,-1.13,-3.72,-4.11,-5.71,5.49,2.46,0.24,-5.67
15.36,-44.38,0.38,-4.36,10.76,-0.79,-1.08,-3.77,-4.90,-6.28,5.58,2.52,-0.03,-5.64
15.37,-44.72,-0.38,-3.79,10.39,-0.84,-0.98,-3.79,-5.54,-6.72,5.72,2.57,-0.23,-5.44
15.38,-44.64,-1.61,-3.46,10.13,-0.92,-0.87,-3.63,-6.70,-7.04,6.14,2.65,-0.59,-4.84
15.40,-44.32,-2.31,-3.24,10.31,-0.95,-0.76,-3.25,-7.88,-7.10,6.94,2.70,-0.80,-4.35
15.41,-43.41,-2.54,-2.92,10.38,-0.95,-0.69,-3.00,-8.51,-6.61,7.20,2.79,-1.00,-3.83
15.42,-42.94,-2.37,-2.24,10.04,-0.95,-0.59,-2.77,-8.61,-5.98,7.12,2.86,-1.14,-3.51
15.43,-41.48,-1.53,-1.10,9.44,-0.99,-0.51,-2.79,-7.42,-4.47,6.79,3.01,-1.42,-3.18
15.45,-40.46,-0.45,-0.08,9.11,-1.06,-0.49,-3.07,-5.58,-3.00,6.73,3.12,-1.54,-3.24
15.46,-39.21,0.30,0.55,9.04,-1.14,-0.43,-3.51,-3.62,-1.90,7.08,3.20,-1.67,-3.58
15.47,-37.22,1.20,1.16,9.38,-1.22,-0.34,-3.94,-1.90,-1.67,7.72,3.28,-1.74,-4.41
15.49,-34.47,1.48,1.42,9.54,-1.23,-0.24,-4.26,-1.21,-2.54,8.68,3.30,-1.61,-5.45
15.50,-32.40,1.69,1.76,9.00,-1.29,-0.22,-4.40,-3.24,-4.13,9.02,3.29,-1.32,-6.19
15.52,-31.86,2.06,1.48,8.72,-1.40,-0.25,-4.47,-6.80,-5.31,9.08,3.19,-1.11,-6.13
15.53,-32.50,2.65,0.97,8.85,-1.47,-0.24,-4.60,-7.57,-5.53,8.78,3.05,-0.95,-5.76
15.54,-33.28,3.11,0.18,9.25,-1.51,-0.22,-4.74,-7.24,-5.36,8.04,2.82,-0.79,-5.33
15.56,-34.28,3.08,-0.85,9.79,-1.43,-0.18,-4.94,-6.78,-4.97,7.37,2.61,-0.68,-5.07
15.57,-35.27,2.50,-1.04,10.01,-1.24,-0.12,-5.13,-6.67,-4.54,6.21,2.20,-0.53,-4.83
15.58,-36.23,1.25,-0.36,9.67,-1.11,-0.04,-5.22,-7.17,-4.33,5.69,1.92,-0.46,-4.72
15.59,-37.53,-0.41,0.77,8.74,-1.21,0.08,-4.99,-8.41,-4.88,5.51,1.33,-0.36,-4.36
15.61,-37.50,-1.30,0.79,8.76,-1.38,0.12,-4.72,-9.50,-5.22,6.04,0.92,-0.28,-3.87
15.62,-38.16,-1.73,0.15,9.58,-1.48,0.16,-4.15,-10.36,-4.91,6.50,0.52,-0.23,-3.02
15.63,-38.02,-1.34,-0.26,11.02,-1.42,0.20,-3.31,-10.06,-3.51,7.90,0.05,-0.22,-1.92
15.65,-37.97,-0.21,0.85,12.13,-1.24,0.22,-2.46,-8.58,-1.36,9.72,-0.21,-0.26,-1.23
15.66,-37.56,0.54,2.11,12.26,-1.17,0.21,-1.83,-6.25,0.74,11.23,-0.29,-0.41,-0.42
15.67,-36.50,1.59,2.86,11.78,-1.19,0.12,-1.43,-3.40,2.10,11.56,-0.18,-0.51,-0.24
15.69,-34.54,1.50,1.31,10.78,-1.16,-0.03,-1.10,-1.54,1.98,10.36,-0.20,-0.54,-0.62
15.70,-32.75,2.31,0.47,10.00,-1.03,-0.18,-0.96,-1.73,0.66,9.87,-0.36,-0.45,-1.32
15.72,-32.35,3.38,0.60,10.02,-0.98,-0.20,-0.93,-2.74,-0.65,10.17,-0.43,-0.37,-1.50
15.74,-32.85,4.51,0.96,9.87,-1.03,-0.12,-1.07,-3.69,-0.79,10.01,-0.31,-0.35,-1.26
15.75,-33.13,4.28,0.90,9.71,-1.12,-0.05,-1.16,-3.52,-0.31,9.65,-0.35,-0.39,-0.94
15.77,-33.48,3.89,0.54,9.60,-1.16,-0.02,-1.20,-3.20,0.12,9.62,-0.41,-0.41,-0.75
15.78,-33.33,3.69,0.28,9.58,-1.14,0.01,-1.20,-2.99,0.23,9.85,-0.42,-0.40,-0.65
15.79,-33.31,3.65,0.02,9.55,-1.08,0.04,-1.19,-2.75,0.05,10.13,-0.42,-0.35,-0.60
15.81,-32.86,3.74,-0.28,9.47,-1.01,0.06,-1.21,-2.09,-0.25,10.25,-0.37,-0.28,-0.58
15.82,-32.48,4.09,-0.51,9.46,-0.98,0.07,-1.28,-1.54,-0.39,10.17,-0.32,-0.25,-0.67
15.84,-32.27,4.07,-0.71,9.37,-0.97,0.09,-1.40,-1.16,-0.57,10.07,-0.26,-0.22,-0.90
15.85,-31.85,3.93,-0.86,9.42,-0.97,0.12,-1.50,-1.11,-0.72,10.00,-0.24,-0.20,-1.04
15.86,-31.13,3.67,-1.00,9.52,-0.97,0.16,-1.58,-1.42,-1.21,9.93,-0.21,-0.15,-1.26
15.89,-30.70,3.17,-1.10,9.61,-0.94,0.20,-1.59,-1.96,-1.48,9.88,-0.17,-0.16,-1.25
15.90,-30.35,2.92,-1.11,9.69,-0.91,0.22,-1.55,-2.48,-1.54,9.83,-0.13,-0.15,-1.10
15.92,-29.89,2.57,-1.02,9.72,-0.84,0.26,-1.42,-2.86,-1.37,9.75,-0.12,-0.13,-0.91
15.93,-29.66,2.45,-0.93,9.71,-0.80,0.27,-1.36,-2.88,-1.25,9.80,-0.13,-0.11,-0.70
15.95,-29.13,2.25,-0.92,9.76,-0.71,0.30,-1.22,-2.64,-1.05,9.71,-0.09,-0.10,-0.63
15.96,-28.72,2.12,-1.02,9.73,-0.65,0.29,-1.10,-2.26,-0.92,9.70,-0.08,-0.10,-0.59
15.97,-28.25,2.21,-1.01,9.64,-0.59,0.28,-1.02,-1.88,-0.93,9.76,-0.06,-0.09,-0.59
15.98,-27.71,2.41,-1.02,9.55,-0.54,0.27,-0.95,-1.67,-1.00,9.78,-0.04,-0.08,-0.60
15.99,-27.24,2.52,-1.01,9.51,-0.51,0.25,-0.89,-1.54,-1.12,9.78,-0.01,-0.06,-0.64
16.00,-26.90,2.57,-1.01,9.51,-0.47,0.23,-0.87,-1.57,-1.20,9.69,0.01,-0.05,-0.66
16.01,-26.44,2.60,-1.02,9.53,-0.44,0.22,-0.84,-1.66,-1.30,9.67,0.02,-0.04,-0.66
16.03,-25.92,2.47,-1.06,9.53,-0.39,0.21,-0.80,-1.88,-1.47,9.75,0.03,-0.02,-0.56
16.05,-25.58,2.33,-0.92,9.60,-0.36,0.19,-0.77,-2.06,-1.36,9.68,0.05,-0.02,-0.51
16.07,-25.40,2.18,-0.83,9.69,-0.35,0.18,-0.76,-2.26,-1.19,9.64,0.07,-0.02,-0.47
16.08,-25.20,1.98,-0.83,9.80,-0.33,0.18,-0.75,-2.41,-1.13,9.64,0.07,-0.03,-0.43
16.09,-25.05,1.89,-0.86,9.87,-0.32,0.18,-0.73,-2.53,-1.18,9.67,0.09,-0.04,-0.40
16.10,-24.79,1.90,-0.94,9.89,-0.29,0.19,-0.73,-2.49,-1.26,9.68,0.11,-0.05,-0.37
16.11,-24.48,1.99,-1.03,9.82,-0.28,0.19,-0.74,-2.18,-1.31,9.69,0.13,-0.06,-0.39
16.13,-24.24,2.10,-1.08,9.73,-0.26,0.19,-0.73,-1.85,-1.36,9.74,0.14,-0.06,-0.42
16.14,-23.70,2.35,-1.05,9.56,-0.25,0.16,-0.73,-1.46,-1.39,9.76,0.15,-0.05,-0.45
16.16,-23.33,2.61,-1.01,9.52,-0.23,0.13,-0.75,-1.34,-1.35,9.80,0.18,-0.03,-0.44
16.18,-23.22,2.56,-0.98,9.52,-0.22,0.11,-0.76,-1.40,-1.31,9.85,0.21,-0.02,-0.44
16.19,-22.93,2.31,-0.89,9.69,-0.18,0.06,-0.73,-1.81,-1.26,9.87,0.28,-0.01,-0.32
16.22,-22.86,2.13,-0.77,9.75,-0.14,0.04,-0.67,-2.01,-1.18,9.86,0.31,-0.00,-0.27
16.23,-22.84,2.17,-0.65,9.75,-0.12,0.04,-0.61,-2.07,-1.08,9.88,0.34,0.00,-0.21
16.24,-22.87,2.32,-0.39,9.65,-0.11,0.02,-0.56,-1.95,-0.94,9.86,0.36,0.01,-0.17
16.25,-22.86,2.53,-0.08,9.47,-0.11,-0.01,-0.50,-1.54,-0.69,9.82,0.37,0.03,-0.12
16.26,-23.00,3.02,0.25,9.23,-0.10,-0.08,-0.41,-0.97,-0.49,9.83,0.36,0.09,-0.03
16.28,-23.04,3.48,0.58,9.04,-0.10,-0.17,-0.35,-0.14,-0.10,9.89,0.35,0.16,0.03
16.30,-23.27,3.57,0.70,9.03,-0.09,-0.25,-0.34,0.15,0.20,9.91,0.35,0.22,0.04
16.31,-23.44,3.69,0.65,9.10,-0.06,-0.32,-0.32,0.12,0.40,9.91,0.33,0.26,0.03
16.32,-24.29,4.03,0.47,9.32,0.02,-0.43,-0.23,-0.48,0.32,10.29,0.27,0.40,-0.01
16.35,-24.96,4.03,0.39,9.38,0.07,-0.48,-0.20,-0.65,0.28,10.57,0.26,0.49,-0.03
16.36,-25.91,3.61,0.26,9.58,0.13,-0.55,-0.21,-0.58,0.54,10.65,0.26,0.57,-0.07
16.38,-26.44,3.33,0.04,9.89,0.15,-0.61,-0.27,-0.73,0.71,10.61,0.26,0.60,-0.18
16.39,-27.36,2.95,-0.27,10.11,0.18,-0.67,-0.43,-1.26,0.51,10.59,0.31,0.60,-0.47
16.41,-27.85,2.56,-0.29,10.19,0.19,-0.67,-0.49,-1.54,0.46,10.45,0.34,0.57,-0.61
16.42,-28.26,2.25,-0.31,10.33,0.20,-0.68,-0.54,-1.99,0.36,10.16,0.37,0.52,-0.80
16.43,-28.67,1.92,-0.28,10.54,0.21,-0.67,-0.55,-2.29,0.28,9.88,0.40,0.44,-1.01
16.44,-29.06,1.59,-0.05,10.66,0.23,-0.67,-0.57,-2.58,0.19,9.59,0.42,0.33,-1.15
16.46,-29.22,1.08,0.06,10.76,0.24,-0.67,-0.58,-2.91,0.13,9.28,0.41,0.21,-1.34
16.48,-29.39,0.65,-0.02,10.76,0.23,-0.67,-0.57,-3.45,-0.13,8.90,0.37,0.05,-1.44
16.49,-29.62,0.46,-0.21,10.56,0.19,-0.62,-0.53,-4.18,-0.73,8.30,0.32,-0.17,-1.49
16.51,-29.95,0.45,-0.32,10.23,0.15,-0.55,-0.50,-4.45,-1.00,7.83,0.27,-0.43,-1.38
16.53,-29.99,0.45,-0.37,9.81,0.10,-0.46,-0.50,-4.36,-1.63,7.54,0.28,-0.65,-1.32
16.55,-29.59,0.33,-0.48,9.22,0.01,-0.36,-0.47,-4.20,-1.89,7.39,0.30,-0.87,-1.18
16.58,-29.09,0.32,-0.48,8.85,-0.09,-0.28,-0.43,-4.49,-1.80,7.62,0.30,-1.07,-1.02
16.59,-28.60,0.66,-0.33,8.81,-0.14,-0.23,-0.39,-4.34,-1.89,8.25,0.29,-1.17,-0.90
16.60,-28.12,1.55,0.04,8.79,-0.19,-0.22,-0.33,-3.93,-1.88,8.86,0.29,-1.28,-0.78
16.62,-27.69,3.30,0.71,8.68,-0.25,-0.24,-0.28,-2.87,-1.32,9.84,0.26,-1.16,-0.27
16.64,-28.56,5.90,1.39,8.60,-0.36,-0.25,-0.40,-2.81,0.14,9.82,0.21,-0.75,-0.07
16.66,-29.54,5.52,1.54,8.66,-0.37,-0.19,-0.50,-3.39,0.71,9.31,0.15,-0.52,-0.00
16.68,-30.78,4.06,1.88,8.80,-0.36,-0.07,-0.62,-3.42,0.92,9.36,0.10,-0.31,0.10
16.69,-31.08,3.04,2.02,9.11,-0.35,0.00,-0.66,-2.57,1.21,9.58,0.13,-0.31,0.10
16.70,-30.82,2.87,2.06,9.32,-0.35,0.01,-0.67,-1.51,1.58,9.75,0.17,-0.33,0.10
16.71,-29.73,3.02,1.95,9.68,-0.36,-0.00,-0.63,0.14,2.26,9.80,0.22,-0.34,0.01
16.73,-28.71,3.38,1.67,9.58,-0.39,-0.05,-0.56,0.54,2.23,9.70,0.12,-0.33,-0.19
16.74,-27.77,3.69,1.08,9.40,-0.39,-0.10,-0.38,0.06,0.97,9.86,-0.05,-0.29,-0.46
16.75,-27.54,3.76,0.13,9.22,-0.29,-0.15,-0.13,-1.39,-0.57,10.12,-0.04,-0.22,-0.41
16.77,-27.87,3.51,-0.21,8.96,-0.14,-0.17,0.21,-1.91,-0.77,9.75,-0.04,-0.17,0.02
16.79,-27.82,3.71,-0.15,8.61,-0.12,-0.23,0.36,0.11,-0.31,9.72,-0.10,-0.13,0.33
16.81,-27.58,4.53,0.01,8.59,-0.18,-0.30,0.34,1.08,-0.05,9.87,-0.13,-0.12,0.24
16.82,-27.27,5.08,0.20,8.66,-0.22,-0.35,0.26,0.81,0.03,10.05,-0.12,-0.07,-0.04
16.84,-27.85,5.30,0.39,8.82,-0.25,-0.36,0.16,-0.33,0.11,9.90,-0.10,0.03,-0.19
16.85,-28.36,5.10,0.44,8.89,-0.25,-0.36,0.10,-0.53,0.18,9.84,-0.10,0.07,-0.17
16.87,-28.82,4.82,0.49,8.90,-0.26,-0.34,0.05,-0.55,0.26,9.82,-0.12,0.09,-0.15
16.88,-29.07,4.62,0.52,8.94,-0.27,-0.35,0.02,-0.51,0.23,9.85,-0.13,0.10,-0.15
16.89,-29.37,4.35,0.39,8.99,-0.29,-0.36,-0.01,-0.58,0.12,9.84,-0.13,0.12,-0.17
16.90,-29.77,3.98,-0.08,9.00,-0.30,-0.38,-0.01,-0.86,-0.24,9.77,-0.12,0.14,-0.22
16.92,-30.11,3.73,-0.51,8.97,-0.28,-0.40,0.05,-1.04,-0.45,9.61,-0.13,0.14,-0.21
16.93,-30.40,3.69,-0.45,8.77,-0.28,-0.41,0.12,-1.04,-0.52,9.54,-0.14,0.14,-0.18
16.95,-30.75,3.83,-0.40,8.63,-0.29,-0.42,0.15,-0.89,-0.46,9.58,-0.16,0.13,-0.17
16.96,-31.00,4.05,-0.47,8.66,-0.28,-0.42,0.12,-0.71,-0.37,9.67,-0.17,0.13,-0.17
16.98,-31.31,4.29,-0.61,8.76,-0.24,-0.43,0.09,-0.61,-0.33,9.79,-0.17,0.13,-0.21
16.99,-31.68,4.50,-0.58,8.90,-0.20,-0.45,0.06,-0.77,-0.38,9.85,-0.18,0.13,-0.27
17.00,-32.04,4.43,-0.49,8.93,-0.21,-0.46,0.06,-1.14,-0.52,9.85,-0.19,0.14,-0.31
17.02,-32.46,4.17,-0.43,8.93,-0.24,-0.48,0.06,-1.40,-0.61,9.80,-0.20,0.14,-0.32
17.03,-32.89,3.93,-0.47,8.90,-0.26,-0.50,0.09,-1.68,-0.60,9.69,-0.19,0.14,-0.26
17.04,-33.33,3.86,-0.59,8.90,-0.24,-0.52,0.15,-1.78,-0.51,9.67,-0.19,0.14,-0.20
17.05,-33.79,4.02,-0.54,8.87,-0.21,-0.54,0.20,-1.73,-0.38,9.72,-0.19,0.13,-0.11
17.07,-34.76,4.57,-0.68,8.80,-0.16,-0.58,0.23,-1.07,-0.47,9.85,-0.18,0.13,-0.06
17.09,-35.25,4.73,-1.00,8.65,-0.14,-0.59,0.24,-0.94,-0.69,9.85,-0.18,0.13,-0.14
17.11,-35.91,4.89,-0.99,8.57,-0.14,-0.61,0.24,-1.12,-0.93,9.86,-0.16,0.13,-0.18
17.12,-36.33,4.84,-0.88,8.56,-0.16,-0.62,0.21,-1.40,-1.01,9.82,-0.15,0.13,-0.19
17.13,-37.33,4.61,-1.11,8.62,-0.19,-0.65,0.20,-1.80,-0.99,9.75,-0.14,0.14,-0.12
17.16,-38.12,4.51,-0.96,8.52,-0.19,-0.68,0.23,-1.86,-0.86,9.76,-0.13,0.13,-0.06
17.17,-38.85,4.71,-1.06,8.48,-0.18,-0.71,0.27,-1.69,-0.71,9.82,-0.13,0.12,0.01
17.19,-39.66,5.13,-0.92,8.33,-0.12,-0.75,0.31,-1.35,-0.62,9.82,-0.12,0.13,0.04
17.22,-40.68,5.50,-0.78,7.95,-0.10,-0.80,0.31,-1.08,-0.61,9.73,-0.13,0.14,0.03
17.23,-41.33,5.61,-0.85,7.80,-0.11,-0.83,0.32,-1.06,-0.67,9.70,-0.14,0.17,0.03
17.25,-42.96,5.63,-0.85,7.50,-0.11,-0.89,0.32,-1.19,-0.86,9.71,-0.16,0.20,0.04
17.27,-44.22,5.82,-1.26,7.41,-0.11,-0.91,0.30,-1.37,-0.94,9.75,-0.15,0.22,0.06
17.29,-45.45,5.95,-1.42,7.39,-0.07,-0.91,0.28,-1.40,-1.04,9.85,-0.13,0.22,0.06
17.30,-46.09,5.99,-1.44,7.37,-0.06,-0.90,0.27,-1.40,-1.13,9.84,-0.10,0.22,0.06
17.31,-46.90,6.08,-1.38,7.33,-0.06,-0.90,0.26,-1.48,-1.16,9.82,-0.09,0.21,0.04
17.32,-47.67,6.14,-1.39,7.30,-0.06,-0.89,0.24,-1.57,-1.18,9.78,-0.08,0.20,0.04
17.33,-48.46,6.14,-1.28,7.35,-0.06,-0.89,0.21,-1.66,-1.16,9.77,-0.08,0.19,0.03
17.34,-49.10,6.11,-1.22,7.39,-0.07,-0.89,0.16,-1.87,-1.10,9.71,-0.07,0.19,0.03
17.36,-49.82,6.04,-1.30,7.45,-0.07,-0.90,0.14,-2.04,-1.08,9.65,-0.07,0.18,0.03
17.37,-50.65,6.03,-1.26,7.49,-0.06,-0.91,0.12,-2.16,-1.07,9.67,-0.07,0.17,0.03
17.38,-51.51,6.08,-1.02,7.46,-0.06,-0.90,0.10,-2.18,-0.96,9.67,-0.06,0.14,0.03
17.39,-52.20,6.19,-1.04,7.42,-0.09,-0.90,0.10,-2.13,-0.83,9.71,-0.06,0.14,0.02
17.41,-52.73,6.35,-1.09,7.46,-0.08,-0.90,0.10,-2.21,-0.78,9.77,-0.05,0.13,0.01
17.42,-53.44,6.52,-1.00,7.46,-0.06,-0.89,0.08,-2.25,-0.72,9.81,-0.04,0.10,-0.00
17.43,-54.11,6.59,-0.92,7.47,-0.05,-0.87,0.05,-2.23,-0.71,9.80,-0.03,0.09,-0.02
17.44,-54.73,6.62,-0.84,7.41,-0.05,-0.86,0.02,-2.22,-0.74,9.72,-0.02,0.06,-0.06
17.45,-55.18,6.66,-0.78,7.32,-0.07,-0.85,0.00,-2.24,-0.75,9.66,-0.02,0.05,-0.08
17.46,-56.06,6.68,-0.90,7.23,-0.08,-0.83,-0.02,-2.32,-0.79,9.62,-0.03,0.02,-0.09
17.48,-56.66,6.71,-0.89,7.18,-0.08,-0.82,-0.05,-2.35,-0.83,9.63,-0.03,-0.01,-0.08
17.49,-57.17,6.79,-0.86,7.10,-0.07,-0.82,-0.07,-2.34,-0.82,9.62,-0.03,-0.03,-0.06
17.50,-57.97,6.93,-0.98,6.95,-0.05,-0.81,-0.11,-2.26,-0.84,9.69,-0.04,-0.06,-0.05
17.53,-58.67,7.01,-0.94,6.75,-0.04,-0.81,-0.15,-2.06,-0.90,9.73,-0.03,-0.08,-0.05
17.54,-59.12,7.04,-0.90,6.60,-0.03,-0.82,-0.18,-1.94,-0.89,9.69,-0.03,-0.10,-0.06
17.55,-59.55,7.11,-0.86,6.39,-0.02,-0.83,-0.22,-1.86,-0.88,9.65,-0.04,-0.11,-0.07
17.56,-59.87,7.19,-0.82,6.24,-0.03,-0.83,-0.22,-1.84,-0.89,9.61,-0.04,-0.12,-0.08
17.57,-60.14,7.24,-0.86,6.15,-0.05,-0.84,-0.22,-1.83,-0.90,9.62,-0.04,-0.12,-0.08
17.58,-60.91,7.34,-1.00,6.01,-0.07,-0.84,-0.23,-1.82,-1.00,9.64,-0.04,-0.13,-0.11
17.60,-61.63,7.48,-0.93,5.92,-0.08,-0.84,-0.25,-1.77,-1.06,9.63,-0.04,-0.15,-0.14
17.61,-62.21,7.58,-0.92,5.87,-0.09,-0.85,-0.26,-1.80,-1.09,9.67,-0.04,-0.16,-0.15
17.63,-62.81,7.65,-0.87,5.80,-0.10,-0.85,-0.28,-1.82,-1.12,9.74,-0.02,-0.18,-0.14
17.64,-63.38,7.74,-0.89,5.64,-0.11,-0.86,-0.32,-1.73,-1.13,9.78,0.00,-0.19,-0.14
17.66,-64.00,7.80,-0.82,5.49,-0.12,-0.86,-0.34,-1.59,-1.12,9.77,0.02,-0.19,-0.14
17.67,-64.51,7.80,-0.72,5.33,-0.14,-0.88,-0.37,-1.50,-1.09,9.71,0.04,-0.19,-0.16
17.68,-64.91,7.82,-0.74,5.21,-0.15,-0.89,-0.39,-1.40,-1.01,9.62,0.04,-0.19,-0.19
17.70,-65.37,7.83,-0.70,5.08,-0.16,-0.90,-0.40,-1.40,-0.98,9.59,0.04,-0.19,-0.20
17.71,-65.68,7.85,-0.72,5.03,-0.16,-0.92,-0.40,-1.45,-0.98,9.60,0.03,-0.20,-0.23
17.72,-66.18,7.85,-0.69,4.97,-0.16,-0.94,-0.40,-1.50,-0.98,9.63,0.03,-0.20,-0.25
17.73,-66.83,7.87,-0.66,4.91,-0.15,-0.97,-0.40,-1.55,-0.93,9.67,0.03,-0.21,-0.25
17.75,-68.03,8.11,-0.46,4.95,-0.12,-1.02,-0.41,-1.56,-0.86,9.77,0.02,-0.22,-0.26
17.78,-68.79,8.31,-0.31,4.99,-0.11,-1.05,-0.46,-1.57,-0.87,9.78,0.02,-0.23,-0.29
17.79,-69.41,8.28,-0.38,4.96,-0.11,-1.07,-0.50,-1.63,-0.93,9.78,0.01,-0.25,-0.31
17.81,-69.90,8.38,-0.44,4.99,-0.10,-1.08,-0.51,-1.69,-0.96,9.78,0.00,-0.26,-0.32
17.82,-70.55,8.51,-0.37,4.83,-0.10,-1.09,-0.52,-1.81,-1.03,9.79,0.01,-0.29,-0.33
17.84,-71.26,8.47,-0.34,4.68,-0.10,-1.11,-0.52,-1.90,-1.12,9.87,0.02,-0.32,-0.32
17.85,-71.82,8.73,-0.23,4.69,-0.11,-1.12,-0.49,-1.97,-1.10,9.89,0.03,-0.34,-0.28
17.87,-72.74,9.04,0.11,4.66,-0.13,-1.10,-0.44,-2.13,-0.90,9.79,0.04,-0.34,-0.23
17.88,-73.77,9.15,0.21,4.31,-0.16,-1.02,-0.29,-2.36,-0.74,9.78,0.03,-0.34,-0.17
17.90,-74.75,9.21,0.29,4.03,-0.17,-0.98,-0.20,-2.44,-0.72,9.69,0.01,-0.33,-0.04
17.91,-75.51,9.21,0.27,3.78,-0.15,-0.95,-0.10,-2.32,-0.69,9.61,-0.01,-0.33,0.04
17.93,-76.57,9.31,0.22,3.47,-0.12,-0.90,0.05,-1.94,-0.66,9.48,-0.04,-0.33,0.13
17.95,-77.82,9.60,0.02,3.02,-0.02,-0.77,0.18,-1.18,-0.62,9.32,-0.10,-0.34,0.15
17.97,-78.12,9.62,-0.07,2.84,0.00,-0.69,0.26,-0.72,-0.66,9.36,-0.12,-0.35,0.14
17.98,-77.96,9.62,-0.07,2.72,0.01,-0.64,0.29,-0.31,-0.71,9.50,-0.14,-0.34,0.10
17.99,-78.30,9.52,-0.02,2.29,0.01,-0.49,0.33,0.19,-0.79,9.72,-0.14,-0.31,0.00
18.01,-78.10,9.30,0.03,2.03,-0.01,-0.44,0.31,0.33,-0.82,9.77,-0.14,-0.27,-0.05
18.04,-78.09,9.03,-0.12,1.86,-0.04,-0.41,0.33,0.35,-0.92,9.78,-0.14,-0.25,-0.06
18.05,-78.23,9.07,-0.22,1.87,-0.05,-0.41,0.36,0.28,-1.01,9.83,-0.13,-0.24,-0.05
18.07,-78.26,9.13,-0.27,1.88,-0.05,-0.42,0.36,0.21,-1.06,9.81,-0.12,-0.23,-0.04
18.08,-78.36,9.13,-0.42,1.89,-0.05,-0.42,0.36,0.12,-1.13,9.80,-0.12,-0.22,-0.02
18.10,-78.55,9.30,-0.63,1.93,-0.06,-0.42,0.36,0.08,-1.31,9.88,-0.11,-0.20,0.00
18.11,-78.55,9.48,-0.77,2.02,-0.05,-0.41,0.35,0.15,-1.37,9.92,-0.11,-0.19,0.01
18.12,-78.66,9.54,-0.88,2.10,-0.03,-0.39,0.33,0.16,-1.35,9.94,-0.11,-0.18,0.01
18.14,-78.68,9.58,-0.97,2.18,0.00,-0.38,0.31,0.09,-1.30,9.93,-0.10,-0.18,-0.01
18.16,-78.72,9.70,-1.05,2.19,0.05,-0.36,0.25,-0.11,-1.27,9.94,-0.11,-0.18,-0.06
18.17,-78.86,9.96,-1.13,2.24,0.10,-0.32,0.13,-0.36,-1.35,9.95,-0.10,-0.18,-0.10
18.18,-79.04,10.09,-1.24,2.23,0.13,-0.27,0.02,-0.48,-1.49,9.95,-0.09,-0.17,-0.11
18.20,-79.22,10.05,-1.41,2.15,0.18,-0.21,-0.10,-0.43,-1.67,9.91,-0.06,-0.15,-0.09
18.22,-79.29,9.85,-1.45,2.00,0.21,-0.15,-0.20,-0.05,-1.73,9.95,-0.01,-0.15,-0.06
18.24,-79.23,9.68,-1.35,1.87,0.23,-0.13,-0.23,0.14,-1.72,9.92,0.03,-0.15,-0.06
18.25,-79.18,9.59,-1.26,1.81,0.23,-0.13,-0.24,0.19,-1.70,9.91,0.05,-0.15,-0.06
18.26,-79.04,9.46,-1.02,1.64,0.21,-0.12,-0.29,0.38,-1.61,9.85,0.13,-0.16,-0.07
18.28,-78.93,9.43,-0.91,1.58,0.19,-0.13,-0.31,0.45,-1.54,9.81,0.16,-0.17,-0.08
18.29,-78.90,9.45,-0.80,1.56,0.17,-0.13,-0.32,0.50,-1.45,9.77,0.19,-0.19,-0.08
18.30,-78.60,9.43,-0.71,1.52,0.15,-0.12,-0.33,0.60,-1.30,9.71,0.21,-0.22,-0.09
18.32,-78.40,9.39,-0.51,1.34,0.14,-0.12,-0.34,0.71,-1.20,9.62,0.23,-0.24,-0.09
18.34,-78.31,9.34,-0.33,1.25,0.12,-0.11,-0.31,0.80,-1.07,9.58,0.24,-0.25,-0.08
18.35,-78.16,9.29,-0.20,1.18,0.10,-0.09,-0.28,0.85,-0.98,9.58,0.24,-0.26,-0.06
18.36,-77.94,9.28,-0.10,1.19,0.09,-0.08,-0.23,0.89,-0.88,9.61,0.23,-0.27,-0.04
18.37,-77.79,9.29,0.01,1.23,0.07,-0.07,-0.19,0.93,-0.77,9.68,0.22,-0.28,-0.02
18.39,-77.42,9.33,0.08,1.27,0.06,-0.06,-0.15,1.00,-0.63,9.78,0.21,-0.29,0.01
18.40,-77.21,9.36,0.14,1.30,0.06,-0.06,-0.12,1.03,-0.55,9.80,0.21,-0.30,0.02
18.42,-76.94,9.36,0.17,1.31,0.06,-0.06,-0.11,1.06,-0.52,9.81,0.20,-0.31,0.01
18.43,-76.64,9.36,0.19,1.40,0.04,-0.06,-0.09,1.05,-0.54,9.78,0.19,-0.32,-0.00
18.44,-76.34,9.35,0.16,1.47,0.04,-0.05,-0.08,1.01,-0.57,9.73,0.19,-0.33,-0.03
18.45,-76.05,9.33,0.16,1.57,0.02,-0.04,-0.07,0.96,-0.58,9.70,0.19,-0.35,-0.05
18.47,-75.63,9.30,0.11,1.78,-0.00,-0.02,-0.06,0.87,-0.59,9.66,0.20,-0.38,-0.08
18.48,-75.26,9.25,0.04,1.87,-0.01,-0.01,-0.07,0.80,-0.61,9.64,0.20,-0.39,-0.10
18.50,-74.93,9.24,0.01,1.90,-0.01,-0.01,-0.07,0.74,-0.62,9.64,0.21,-0.42,-0.12
18.50,-74.62,9.25,-0.05,1.95,-0.01,-0.00,-0.08,0.70,-0.64,9.66,0.21,-0.44,-0.14
18.52,-74.21,9.25,-0.11,1.97,-0.01,0.00,-0.08,0.70,-0.69,9.70,0.22,-0.46,-0.16
18.53,-73.80,9.26,-0.15,1.98,-0.02,0.00,-0.10,0.73,-0.76,9.73,0.23,-0.48,-0.17
18.54,-73.47,9.26,-0.16,1.97,-0.02,0.00,-0.11,0.75,-0.77,9.73,0.25,-0.50,-0.20
18.56,-73.07,9.22,-0.14,1.98,-0.03,0.01,-0.11,0.77,-0.76,9.68,0.27,-0.51,-0.21
18.57,-72.72,9.17,-0.08,1.95,-0.05,0.01,-0.11,0.74,-0.72,9.63,0.28,-0.51,-0.23
18.58,-72.45,9.12,-0.02,1.94,-0.07,0.01,-0.11,0.70,-0.69,9.58,0.29,-0.50,-0.25
18.59,-72.20,9.14,0.07,1.93,-0.11,0.02,-0.10,0.68,-0.69,9.56,0.29,-0.50,-0.27
18.60,-71.95,9.19,0.13,1.93,-0.14,0.02,-0.10,0.67,-0.69,9.60,0.28,-0.49,-0.29
18.61,-71.76,9.24,0.12,1.94,-0.17,0.02,-0.10,0.66,-0.71,9.70,0.27,-0.45,-0.32
18.63,-71.46,9.30,0.02,2.02,-0.20,0.02,-0.11,0.58,-0.77,9.83,0.25,-0.41,-0.32
18.64,-71.34,9.30,0.02,2.04,-0.20,0.02,-0.10,0.53,-0.76,9.84,0.23,-0.38,-0.31
18.65,-71.31,9.29,0.04,2.04,-0.19,0.02,-0.09,0.43,-0.75,9.82,0.21,-0.32,-0.26
18.67,-71.34,9.26,0.10,2.02,-0.16,0.01,-0.05,0.27,-0.68,9.74,0.15,-0.24,-0.15
18.68,-71.46,9.26,0.14,2.00,-0.14,0.01,-0.03,0.25,-0.62,9.72,0.12,-0.18,-0.06
18.70,-71.76,9.34,0.17,1.98,-0.09,0.01,0.01,0.34,-0.45,9.81,0.05,-0.08,0.08
18.72,-72.01,9.42,0.16,1.99,-0.07,0.01,0.03,0.49,-0.40,9.92,0.01,-0.03,0.14
18.73,-72.15,9.48,0.13,2.04,-0.04,0.00,0.04,0.67,-0.35,10.03,-0.02,0.02,0.20
18.74,-72.26,9.49,0.12,2.06,-0.03,-0.00,0.05,0.89,-0.30,10.05,-0.03,0.04,0.25
18.75,-72.26,9.46,0.13,2.09,-0.01,-0.01,0.05,1.17,-0.23,9.93,-0.03,0.05,0.30
18.77,-72.21,9.40,0.14,2.09,0.00,-0.01,0.04,1.34,-0.09,9.79,-0.01,0.05,0.30
18.78,-72.11,9.32,0.12,2.06,0.01,-0.01,0.04,1.39,0.04,9.67,0.01,0.04,0.27
18.79,-72.02,9.27,0.09,2.04,0.01,-0.01,0.04,1.36,0.16,9.57,0.02,0.04,0.18
18.80,-71.83,9.23,0.02,2.05,0.02,-0.02,0.04,1.28,0.09,9.54,0.01,0.01,0.03
18.83,-71.74,9.27,-0.02,2.06,0.02,-0.02,0.04,1.22,-0.14,9.61,-0.00,0.00,-0.02
18.84,-71.68,9.34,-0.05,2.05,0.03,-0.02,0.04,1.10,-0.42,9.74,-0.01,-0.01,-0.02
18.86,-71.69,9.36,-0.07,2.04,0.03,-0.02,0.04,1.02,-0.50,9.78,-0.01,-0.00,-0.01
18.87,-71.72,9.36,-0.07,2.02,0.04,-0.02,0.04,1.00,-0.54,9.79,-0.01,-0.00,0.02
18.89,-71.76,9.36,-0.07,1.97,0.03,-0.02,0.04,1.10,-0.54,9.75,-0.00,0.00,0.04
18.90,-71.77,9.36,-0.06,1.95,0.02,-0.02,0.04,1.17,-0.51,9.74,0.00,0.00,0.05
18.91,-71.74,9.34,-0.07,1.92,0.01,-0.02,0.03,1.33,-0.45,9.71,0.00,0.00,0.06
18.93,-71.69,9.35,-0.08,1.90,0.01,-0.02,0.02,1.38,-0.42,9.70,0.00,0.00,0.05
18.95,-71.53,9.36,-0.09,1.90,-0.01,-0.02,0.00,1.43,-0.35,9.71,0.00,-0.00,0.03
18.97,-71.45,9.36,-0.09,1.89,-0.01,-0.02,-0.01,1.41,-0.36,9.73,0.00,-0.00,0.01
18.98,-71.41,9.37,-0.06,1.89,-0.02,-0.02,-0.01,1.37,-0.38,9.74,0.00,-0.00,-0.00
18.99,-71.38,9.37,-0.05,1.90,-0.03,-0.02,-0.02,1.32,-0.41,9.75,0.00,-0.00,-0.00
19.00,-71.36,9.36,-0.04,1.89,-0.03,-0.02,-0.02,1.26,-0.41,9.75,0.01,0.00,0.00
19.02,-71.36,9.37,-0.03,1.89,-0.04,-0.02,-0.02,1.24,-0.39,9.75,0.01,0.00,0.01
19.03,-71.38,9.35,-0.01,1.90,-0.04,-0.02,-0.01,1.26,-0.31,9.73,0.01,0.01,0.03
19.07,-71.38,9.34,0.01,1.91,-0.04,-0.02,-0.00,1.26,-0.27,9.72,0.00,0.01,0.03
19.08,-71.37,9.33,0.03,1.92,-0.04,-0.02,-0.00,1.27,-0.25,9.71,0.00,0.01,0.03
19.09,-71.35,9.35,0.05,1.93,-0.03,-0.02,0.00,1.28,-0.24,9.70,0.00,0.01,0.02
19.11,-71.32,9.32,0.04,1.94,-0.03,-0.02,0.00,1.25,-0.26,9.70,-0.00,0.00,0.01
19.14,-71.30,9.33,0.01,1.94,-0.03,-0.02,0.01,1.22,-0.30,9.71,-0.00,0.00,0.01
19.15,-71.30,9.33,0.00,1.94,-0.03,-0.02,0.01,1.21,-0.31,9.72,-0.00,0.00,0.01
19.16,-71.30,9.33,0.00,1.94,-0.03,-0.02,0.02,1.21,-0.32,9.73,-0.00,0.00,0.02
19.17,-71.30,9.33,-0.01,1.93,-0.03,-0.02,0.02,1.22,-0.31,9.72,-0.01,0.00,0.02
19.18,-71.30,9.35,0.00,1.94,-0.03,-0.02,0.01,1.25,-0.31,9.70,-0.01,0.00,0.02
19.20,-71.29,9.33,-0.03,1.93,-0.03,-0.03,0.02,1.24,-0.33,9.71,-0.01,-0.00,0.02
19.23,-71.28,9.35,-0.05,1.93,-0.03,-0.03,0.02,1.25,-0.34,9.71,-0.01,-0.00,0.01
19.25,-71.27,9.36,-0.06,1.93,-0.03,-0.02,0.02,1.25,-0.35,9.71,-0.01,-0.00,0.01
19.26,-71.26,9.38,-0.08,1.93,-0.02,-0.02,0.01,1.25,-0.37,9.71,-0.01,-0.00,0.01
19.28,-71.25,9.38,-0.09,1.90,-0.02,-0.02,0.00,1.27,-0.37,9.74,-0.01,-0.00,0.02
19.30,-71.23,9.36,-0.09,1.89,-0.02,-0.02,-0.01,1.31,-0.38,9.74,-0.00,0.