=~=~=~=~=~=~=~=~=~=~=~= PuTTY log 2024.05.21 11:36:46 =~=~=~=~=~=~=~=~=~=~=~=
822.79,-61.37,8.28,2.02,4.59,-0.04,-0.02,-0.00,-0.06,0.51,9.98,0.01,-0.00,0.00
822.80,-61.37,8.27,2.02,4.59,-0.04,-0.02,-0.00,-0.06,0.50,9.98,0.01,-0.00,0.00
822.81,-61.37,8.27,2.02,4.60,-0.04,-0.02,-0.00,-0.07,0.50,9.98,0.01,-0.00,-0.00
822.83,-61.37,8.27,2.01,4.59,-0.04,-0.02,-0.00,-0.07,0.51,9.97,0.01,0.00,-0.00
822.84,-61.37,8.28,2.01,4.58,-0.04,-0.02,-0.00,-0.07,0.50,9.98,0.01,0.00,0.00
822.85,-61.38,8.27,2.02,4.59,-0.04,-0.02,-0.00,-0.08,0.50,9.98,0.01,0.00,0.00
822.86,-61.38,8.27,2.02,4.57,-0.04,-0.02,-0.00,-0.07,0.50,9.98,0.01,0.00,0.00
822.88,-61.39,8.27,2.03,4.58,-0.04,-0.02,-0.00,-0.07,0.50,9.99,0.01,0.00,0.00
822.89,-61.39,8.26,2.03,4.59,-0.04,-0.02,-0.00,-0.08,0.51,9.99,0.01,0.00,0.00
822.90,-61.39,8.27,2.03,4.59,-0.04,-0.02,-0.00,-0.07,0.52,9.98,0.00,0.00,0.00
822.91,-61.39,8.27,2.02,4.60,-0.04,-0.02,-0.00,-0.07,0.52,9.97,0.00,-0.00,0.00
822.93,-61.39,8.27,2.02,4.60,-0.04,-0.02,-0.00,-0.08,0.51,9.98,0.00,-0.00,0.00
822.94,-61.39,8.27,2.03,4.60,-0.04,-0.02,-0.00,-0.07,0.51,9.98,0.00,-0.00,0.00
822.95,-61.38,8.26,2.04,4.60,-0.04,-0.02,-0.00,-0.07,0.51,9.98,0.01,-0.00,0.00
822.97,-61.38,8.26,2.03,4.60,-0.04,-0.02,-0.00,-0.07,0.51,9.98,0.01,-0.00,0.00
822.98,-61.37,8.26,2.03,4.60,-0.04,-0.02,-0.00,-0.07,0.50,9.97,0.01,0.00,-0.00
823.00,-61.37,8.27,2.02,4.59,-0.04,-0.02,-0.00,-0.07,0.51,9.97,0.01,0.00,-0.00
823.01,-61.37,8.26,2.02,4.59,-0.04,-0.02,-0.00,-0.07,0.51,9.98,0.01,0.00,0.00
823.03,-61.37,8.27,2.02,4.60,-0.04,-0.02,-0.00,-0.07,0.51,9.99,0.00,0.00,0.00
823.05,-61.37,8.27,2.03,4.60,-0.04,-0.02,0.00,-0.07,0.51,9.99,0.00,0.00,0.00
823.07,-61.37,8.27,2.02,4.59,-0.04,-0.02,-0.00,-0.08,0.50,9.99,0.00,0.00,0.00
823.09,-61.38,8.27,2.02,4.59,-0.04,-0.02,-0.00,-0.07,0.51,9.99,0.01,0.00,0.00
823.11,-61.38,8.27,2.02,4.60,-0.04,-0.02,-0.00,-0.07,0.51,9.98,0.01,-0.00,0.00
823.12,-61.37,8.26,2.02,4.61,-0.04,-0.02,-0.00,-0.07,0.52,9.99,0.00,0.00,0.00
823.14,-61.37,8.25,2.03,4.61,-0.04,-0.02,-0.00,-0.07,0.52,9.99,0.00,-0.00,0.00
823.15,-61.36,8.26,2.03,4.60,-0.04,-0.02,-0.00,-0.07,0.50,9.99,0.01,-0.00,0.00
823.16,-61.36,8.27,2.04,4.59,-0.04,-0.02,-0.00,-0.06,0.50,9.99,0.01,-0.00,0.00
823.17,-61.36,8.26,2.03,4.60,-0.04,-0.02,-0.00,-0.06,0.51,9.98,0.01,-0.00,0.00
823.18,-61.35,8.26,2.02,4.60,-0.04,-0.02,-0.00,-0.06,0.51,9.99,0.01,-0.00,0.00
823.20,-61.35,8.26,2.02,4.60,-0.04,-0.02,-0.00,-0.06,0.51,10.00,0.01,-0.00,0.00
823.21,-61.34,8.27,2.02,4.60,-0.04,-0.02,0.00,-0.06,0.50,9.99,0.01,-0.00,0.00
823.23,-61.33,8.26,2.02,4.61,-0.04,-0.02,0.00,-0.05,0.50,10.00,0.01,0.00,0.00
823.24,-61.32,8.26,2.02,4.60,-0.04,-0.02,0.00,-0.07,0.50,10.00,0.01,-0.00,0.00
823.26,-61.32,8.27,2.02,4.59,-0.04,-0.02,0.00,-0.07,0.51,10.00,0.01,-0.00,0.00
823.27,-61.32,8.27,2.03,4.59,-0.04,-0.02,0.00,-0.06,0.51,10.00,0.01,-0.00,0.00
823.28,-61.33,8.27,2.03,4.59,-0.04,-0.02,0.00,-0.08,0.51,9.99,0.01,-0.00,0.00
823.29,-61.33,8.27,2.03,4.59,-0.03,-0.02,0.00,-0.07,0.52,9.99,0.01,-0.00,0.00
823.31,-61.33,8.26,2.03,4.59,-0.03,-0.02,0.00,-0.07,0.53,9.98,0.01,-0.00,0.00
823.32,-61.33,8.26,2.02,4.59,-0.03,-0.02,0.00,-0.07,0.53,9.98,0.01,-0.00,0.00
823.33,-61.33,8.27,2.02,4.60,-0.03,-0.02,0.00,-0.08,0.52,9.98,0.01,-0.00,0.00
823.34,-61.34,8.27,2.02,4.60,-0.03,-0.02,0.00,-0.07,0.52,9.99,0.01,-0.00,0.00
823.36,-61.34,8.26,2.02,4.60,-0.03,-0.02,0.00,-0.08,0.50,9.99,0.01,-0.00,0.00
823.37,-61.34,8.27,2.02,4.59,-0.04,-0.02,0.00,-0.09,0.49,9.99,0.01,-0.00,0.00
823.38,-61.35,8.27,2.03,4.59,-0.04,-0.02,-0.00,-0.08,0.50,9.98,0.01,0.00,0.00
823.39,-61.36,8.26,2.02,4.59,-0.04,-0.02,-0.00,-0.08,0.50,9.98,0.00,0.00,0.00
823.41,-61.36,8.26,2.02,4.59,-0.04,-0.02,-0.00,-0.07,0.50,9.98,0.00,0.00,0.00
823.43,-61.36,8.27,2.02,4.60,-0.04,-0.02,-0.00,-0.07,0.51,9.98,0.00,-0.00,0.00
823.45,-61.36,8.27,2.02,4.59,-0.04,-0.02,-0.00,-0.07,0.51,9.99,0.00,-0.00,0.00
823.46,-61.36,8.27,2.03,4.59,-0.04,-0.02,-0.00,-0.07,0.52,9.98,0.00,-0.00,0.00
823.48,-61.37,8.27,2.03,4.59,-0.04,-0.02,-0.00,-0.07,0.52,9.97,0.00,-0.00,0.00
823.49,-61.37,8.27,2.03,4.58,-0.04,-0.02,-0.00,-0.06,0.52,9.97,0.00,-0.00,0.00
823.50,-61.37,8.27,2.03,4.60,-0.04,-0.02,-0.00,-0.07,0.51,9.97,0.01,-0.00,0.00
823.51,-61.37,8.26,2.02,4.59,-0.04,-0.02,-0.00,-0.07,0.52,9.98,0.01,-0.00,0.00
823.53,-61.36,8.26,2.03,4.60,-0.04,-0.02,-0.00,-0.06,0.52,9.99,0.01,-0.00,0.00
823.55,-61.36,8.27,2.03,4.59,-0.04,-0.02,-0.00,-0.05,0.52,10.00,0.01,0.00,0.00
823.56,-61.35,8.27,2.02,4.60,-0.04,-0.02,-0.00,-0.05,0.51,9.98,0.01,0.00,0.00
823.57,-61.35,8.27,2.02,4.59,-0.03,-0.02,-0.00,-0.06,0.51,9.99,0.00,0.00,0.00
823.59,-61.35,8.27,2.02,4.58,-0.04,-0.02,0.00,-0.06,0.50,9.99,0.00,0.00,0.00
823.60,-61.35,8.27,2.01,4.58,-0.04,-0.02,0.00,-0.06,0.50,9.99,0.00,0.00,0.00
823.61,-61.36,8.28,2.02,4.58,-0.04,-0.02,0.00,-0.06,0.49,9.99,0.00,0.00,0.00
823.62,-61.36,8.28,2.02,4.58,-0.04,-0.02,0.00,-0.06,0.49,9.98,0.00,0.00,0.00
823.64,-61.37,8.27,2.02,4.59,-0.04,-0.02,-0.00,-0.07,0.50,9.98,0.01,0.00,0.00
823.65,-61.37,8.27,2.02,4.58,-0.04,-0.02,-0.00,-0.06,0.50,9.98,0.01,-0.00,0.00
823.67,-61.38,8.27,2.02,4.58,-0.04,-0.02,-0.00,-0.07,0.49,9.98,0.01,-0.00,0.00
823.68,-61.38,8.27,2.02,4.59,-0.04,-0.02,-0.00,-0.07,0.49,9.97,0.01,-0.00,0.00
823.70,-61.38,8.27,2.03,4.59,-0.04,-0.02,-0.00,-0.07,0.50,9.97,0.01,-0.00,0.00
823.71,-61.38,8.27,2.03,4.60,-0.04,-0.02,-0.00,-0.07,0.51,9.98,0.01,0.00,0.00
823.72,-61.38,8.27,2.03,4.61,-0.04,-0.02,-0.00,-0.08,0.50,9.98,0.01,0.00,0.00
823.74,-61.38,8.27,2.03,4.60,-0.04,-0.02,-0.00,-0.07,0.50,9.97,0.01,0.00,0.00
823.75,-61.37,8.26,2.03,4.59,-0.04,-0.02,-0.00,-0.07,0.51,9.98,0.01,0.00,0.00
823.77,-61.38,8.26,2.02,4.59,-0.04,-0.02,-0.00,-0.07,0.50,9.98,0.00,0.00,0.00
823.78,-61.38,8.26,2.02,4.60,-0.04,-0.02,-0.00,-0.07,0.50,9.99,0.00,0.00,0.00
823.80,-61.37,8.27,2.03,4.60,-0.04,-0.02,-0.00,-0.06,0.51,9.98,0.00,0.00,0.00
823.81,-61.37,8.26,2.03,4.60,-0.04,-0.02,-0.00,-0.06,0.51,9.99,0.00,0.00,0.00
823.82,-61.36,8.26,2.03,4.60,-0.04,-0.02,-0.00,-0.07,0.50,10.01,0.00,0.00,0.00
823.83,-61.36,8.26,2.03,4.60,-0.04,-0.02,-0.00,-0.06,0.51,10.01,0.00,0.00,0.00
823.84,-61.35,8.26,2.03,4.59,-0.04,-0.02,-0.00,-0.06,0.51,9.99,0.01,0.00,0.00
823.86,-61.35,8.26,2.03,4.58,-0.04,-0.02,-0.00,-0.06,0.52,9.98,0.01,-0.00,0.00
823.87,-61.35,8.26,2.02,4.58,-0.04,-0.02,-0.00,-0.05,0.52,9.98,0.01,0.00,0.00
823.89,-61.35,8.27,2.02,4.58,-0.04,-0.02,-0.00,-0.06,0.51,9.98,0.01,-0.00,0.00
823.90,-61.35,8.27,2.02,4.59,-0.04,-0.02,-0.00,-0.07,0.52,9.97,0.01,-0.00,0.00
823.91,-61.36,8.27,2.02,4.58,-0.04,-0.02,-0.00,-0.07,0.52,9.98,0.01,-0.00,0.00
823.93,-61.36,8.26,2.03,4.59,-0.04,-0.02,-0.00,-0.07,0.52,9.98,0.01,0.00,0.00
823.94,-61.37,8.26,2.02,4.58,-0.04,-0.02,-0.00,-0.07,0.51,9.97,0.00,0.00,0.00
823.96,-61.38,8.27,2.03,4.58,-0.04,-0.02,-0.00,-0.07,0.50,9.98,0.00,0.00,0.00
823.98,-61.38,8.27,2.02,4.59,-0.04,-0.02,-0.00,-0.07,0.51,9.98,0.00,0.00,0.00
823.99,-61.38,8.27,2.02,4.59,-0.04,-0.02,-0.00,-0.07,0.50,9.99,0.00,0.00,0.00
824.00,-61.38,8.26,2.02,4.59,-0.04,-0.02,-0.00,-0.07,0.50,9.99,0.00,0.00,0.00
824.01,-61.38,8.27,2.03,4.59,-0.04,-0.02,-0.00,-0.07,0.50,9.99,0.00,0.00,0.00
824.03,-61.38,8.27,2.02,4.58,-0.04,-0.02,-0.00,-0.06,0.51,9.98,0.00,0.00,0.00
824.04,-61.39,8.27,2.03,4.58,-0.04,-0.02,-0.00,-0.06,0.52,9.98,0.00,0.00,0.00
824.05,-61.39,8.27,2.03,4.58,-0.04,-0.02,0.00,-0.07,0.51,9.99,0.00,-0.00,0.00
824.07,-61.39,8.28,2.03,4.58,-0.04,-0.02,0.00,-0.06,0.51,9.99,0.00,-0.00,0.00
824.08,-61.39,8.28,2.03,4.59,-0.04,-0.02,0.00,-0.07,0.51,9.99,0.01,-0.00,0.00
824.09,-61.39,8.27,2.03,4.60,-0.04,-0.02,0.00,-0.07,0.52,9.98,0.01,-0.00,0.00
824.10,-61.39,8.27,2.04,4.60,-0.03,-0.02,0.00,-0.07,0.52,9.98,0.01,-0.00,0.00
824.11,-61.39,8.26,2.03,4.59,-0.03,-0.02,0.00,-0.08,0.52,9.97,0.01,-0.00,0.00
824.13,-61.40,8.26,2.03,4.59,-0.03,-0.02,0.00,-0.08,0.52,9.97,0.01,-0.00,0.00
824.14,-61.40,8.26,2.03,4.59,-0.03,-0.02,0.00,-0.08,0.51,9.97,0.01,-0.00,0.00
824.15,-61.40,8.26,2.02,4.60,-0.03,-0.02,0.00,-0.08,0.50,9.97,0.01,-0.00,0.00
824.16,-61.40,8.26,2.02,4.58,-0.03,-0.02,0.00,-0.08,0.49,9.98,0.01,-0.00,0.00
824.18,-61.41,8.26,2.02,4.57,-0.03,-0.02,0.00,-0.08,0.49,9.98,0.01,0.00,0.00
824.19,-61.41,8.26,2.01,4.58,-0.04,-0.02,-0.00,-0.07,0.49,9.98,0.01,0.00,0.00
824.20,-61.42,8.27,2.02,4.58,-0.04,-0.02,-0.00,-0.07,0.48,9.99,0.01,0.00,0.00
824.22,-61.42,8.27,2.01,4.58,-0.04,-0.02,-0.00,-0.06,0.49,9.98,0.01,0.00,0.00
824.23,-61.42,8.27,2.01,4.58,-0.04,-0.02,-0.00,-0.07,0.49,9.98,0.01,0.00,0.00
824.25,-61.42,8.26,2.02,4.60,-0.04,-0.02,-0.00,-0.07,0.50,9.99,0.01,0.00,0.00
824.26,-61.42,8.26,2.02,4.59,-0.04,-0.02,-0.00,-0.07,0.51,9.99,0.01,0.00,0.00
824.28,-61.41,8.27,2.02,4.60,-0.04,-0.02,-0.00,-0.06,0.52,10.00,0.01,0.00,0.00
824.29,-61.40,8.26,2.02,4.60,-0.04,-0.02,-0.00,-0.07,0.53,10.00,0.01,0.00,0.00
824.31,-61.39,8.27,2.02,4.61,-0.04,-0.02,-0.00,-0.06,0.53,10.01,0.01,0.00,0.00
824.32,-61.39,8.27,2.01,4.61,-0.04,-0.02,-0.00,-0.07,0.53,9.99,0.01,0.00,0.00
824.33,-61.39,8.27,2.02,4.59,-0.04,-0.02,-0.00,-0.07,0.53,9.99,0.01,0.00,0.00
824.35,-61.39,8.27,2.02,4.58,-0.04,-0.02,-0.00,-0.07,0.51,10.00,0.01,-0.00,0.00
824.36,-61.39,8.27,2.02,4.58,-0.04,-0.02,-0.00,-0.08,0.51,10.00,0.01,-0.00,0.00
824.37,-61.40,8.27,2.02,4.57,-0.04,-0.02,-0.00,-0.07,0.51,9.99,0.01,-0.00,0.00
824.38,-61.40,8.27,2.03,4.58,-0.03,-0.02,-0.00,-0.07,0.51,9.99,0.00,-0.00,0.00
824.40,-61.40,8.27,2.03,4.58,-0.03,-0.02,-0.00,-0.07,0.50,10.00,0.00,0.00,0.00
824.41,-61.41,8.26,2.03,4.58,-0.04,-0.02,-0.00,-0.07,0.51,10.00,0.00,0.00,0.00
824.42,-61.41,8.27,2.02,4.59,-0.04,-0.02,-0.00,-0.06,0.51,9.99,0.01,0.00,0.00
824.43,-61.41,8.27,2.03,4.59,-0.04,-0.02,-0.00,-0.07,0.52,9.98,0.01,0.00,0.00
824.45,-61.41,8.27,2.03,4.59,-0.04,-0.02,-0.00,-0.06,0.51,9.98,0.00,0.00,0.00
824.46,-61.40,8.26,2.03,4.59,-0.04,-0.02,-0.00,-0.06,0.51,9.98,0.00,0.00,0.00
824.47,-61.40,8.26,2.03,4.58,-0.04,-0.02,-0.00,-0.06,0.51,9.98,0.00,0.00,-0.00
824.49,-61.40,8.26,2.02,4.60,-0.04,-0.02,-0.00,-0.07,0.50,9.98,0.00,0.00,-0.00
824.51,-61.40,8.27,2.01,4.59,-0.04,-0.02,-0.00,-0.08,0.50,9.98,0.01,0.00,0.00
824.52,-61.40,8.26,2.01,4.58,-0.04,-0.02,-0.00,-0.07,0.50,9.98,0.01,0.00,0.00
824.54,-61.41,8.27,2.01,4.59,-0.04,-0.02,-0.00,-0.07,0.51,10.00,0.01,0.00,0.00
824.55,-61.41,8.27,2.02,4.59,-0.04,-0.02,-0.00,-0.07,0.51,10.00,0.01,0.00,0.00
824.56,-61.41,8.27,2.02,4.59,-0.04,-0.02,-0.00,-0.07,0.51,10.01,0.01,0.00,0.00
824.58,-61.41,8.27,2.02,4.59,-0.04,-0.02,-0.00,-0.07,0.51,9.99,0.01,-0.00,0.00
824.60,-61.41,8.26,2.02,4.59,-0.04,-0.02,-0.00,-0.07,0.52,9.99,0.01,-0.00,0.00
824.61,-61.41,8.26,2.03,4.59,-0.04,-0.02,-0.00,-0.07,0.51,9.99,0.00,-0.00,0.00
824.62,-61.40,8.27,2.02,4.59,-0.04,-0.02,-0.00,-0.07,0.51,9.98,0.00,-0.00,0.00
824.63,-61.40,8.27,2.02,4.59,-0.04,-0.02,-0.00,-0.05,0.50,9.98,0.00,-0.00,0.00
824.65,-61.39,8.27,2.02,4.58,-0.04,-0.02,-0.00,-0.05,0.51,9.99,0.00,-0.00,0.00
824.67,-61.39,8.26,2.02,4.58,-0.04,-0.02,-0.00,-0.07,0.51,9.99,0.01,0.00,0.00
824.68,-61.39,8.27,2.03,4.58,-0.04,-0.02,-0.00,-0.07,0.51,9.99,0.01,0.00,0.00
824.70,-61.39,8.26,2.03,4.58,-0.04,-0.02,-0.00,-0.06,0.51,9.99,0.01,0.00,0.00
824.71,-61.39,8.26,2.04,4.58,-0.04,-0.02,-0.00,-0.07,0.51,9.99,0.01,-0.00,0.00
824.73,-61.40,8.27,2.04,4.58,-0.04,-0.02,-0.00,-0.07,0.51,9.99,0.01,-0.00,0.00
824.74,-61.40,8.28,2.03,4.60,-0.04,-0.02,-0.00,-0.08,0.51,9.99,0.01,0.00,0.00
824.75,-61.40,8.27,2.02,4.59,-0.04,-0.02,-0.00,-0.08,0.51,9.99,0.01,0.00,0.00
824.76,-61.40,8.26,2.01,4.59,-0.04,-0.02,-0.00,-0.07,0.51,9.97,0.01,0.00,0.00
824.78,-61.40,8.26,2.02,4.59,-0.04,-0.02,-0.00,-0.08,0.51,9.97,0.00,0.00,0.00
824.80,-61.40,8.27,2.03,4.59,-0.04,-0.02,-0.00,-0.07,0.51,9.98,0.00,0.00,0.00
824.82,-61.40,8.27,2.03,4.59,-0.04,-0.02,-0.00,-0.07,0.51,9.99,0.00,0.00,0.00
824.83,-61.40,8.27,2.03,4.59,-0.04,-0.02,-0.00,-0.06,0.51,9.99,0.00,0.00,0.00
824.85,-61.39,8.27,2.04,4.59,-0.04,-0.02,-0.00,-0.06,0.51,9.99,0.00,-0.00,0.00
824.86,-61.39,8.28,2.04,4.60,-0.04,-0.02,-0.00,-0.05,0.51,10.01,0.00,-0.00,0.00
824.87,-61.38,8.27,2.04,4.59,-0.04,-0.02,0.00,-0.05,0.51,10.01,0.00,-0.00,0.00
824.89,-61.38,8.27,2.03,4.59,-0.04,-0.02,0.00,-0.06,0.51,10.01,0.01,-0.00,-0.00
824.90,-61.37,8.27,2.03,4.59,-0.04,-0.02,0.00,-0.06,0.52,10.00,0.01,-0.00,-0.00
824.91,-61.37,8.27,2.04,4.59,-0.04,-0.02,0.00,-0.06,0.52,10.00,0.01,-0.00,-0.00
824.92,-61.37,8.26,2.03,4.58,-0.04,-0.02,0.00,-0.07,0.51,9.99,0.01,-0.00,-0.00
824.94,-61.37,8.26,2.03,4.59,-0.03,-0.02,0.00,-0.07,0.52,9.99,0.01,-0.00,-0.00
824.96,-61.37,8.25,2.03,4.60,-0.03,-0.02,0.00,-0.07,0.52,9.98,0.01,-0.00,0.00
824.97,-61.37,8.26,2.02,4.59,-0.03,-0.02,0.00,-0.07,0.51,9.98,0.00,0.00,0.00
824.99,-61.37,8.26,2.02,4.60,-0.03,-0.02,0.00,-0.07,0.50,9.98,0.00,0.00,0.00
825.00,-61.37,8.26,2.02,4.59,-0.03,-0.02,0.00,-0.07,0.49,9.98,0.00,0.00,0.00
825.01,-61.37,8.27,2.02,4.59,-0.04,-0.02,0.00,-0.07,0.49,9.98,0.00,0.00,0.00
825.03,-61.37,8.26,2.02,4.58,-0.04,-0.02,0.00,-0.06,0.49,9.98,0.00,0.00,0.00
825.04,-61.37,8.26,2.02,4.59,-0.04,-0.02,0.00,-0.06,0.49,9.99,0.00,0.00,0.00
825.05,-61.38,8.27,2.01,4.58,-0.04,-0.02,-0.00,-0.06,0.49,10.01,0.00,0.00,0.00
825.07,-61.38,8.27,2.01,4.59,-0.04,-0.02,-0.00,-0.06,0.51,10.00,0.01,0.00,0.00
825.09,-61.38,8.27,2.01,4.59,-0.04,-0.02,-0.00,-0.07,0.50,9.99,0.01,0.00,0.00
825.10,-61.37,8.27,2.02,4.60,-0.04,-0.02,-0.00,-0.07,0.50,10.00,0.01,0.00,0.00
825.11,-61.37,8.27,2.02,4.59,-0.04,-0.02,-0.00,-0.06,0.51,9.99,0.01,0.00,0.00
825.13,-61.37,8.27,2.02,4.60,-0.04,-0.02,-0.01,-0.07,0.51,9.99,0.01,-0.00,0.00
825.15,-61.38,8.28,2.02,4.59,-0.04,-0.02,-0.01,-0.08,0.50,10.00,0.01,-0.00,0.00
825.16,-61.38,8.27,2.03,4.59,-0.04,-0.02,-0.01,-0.07,0.50,9.98,0.01,-0.00,0.00
825.17,-61.38,8.26,2.03,4.59,-0.04,-0.02,-0.01,-0.07,0.51,9.97,0.00,-0.00,0.00
825.19,-61.38,8.26,2.04,4.58,-0.04,-0.02,-0.01,-0.07,0.52,9.96,0.00,0.00,0.00
825.21,-61.38,8.25,2.04,4.58,-0.04,-0.02,-0.00,-0.07,0.53,9.96,0.00,0.00,0.00
825.22,-61.37,8.25,2.05,4.59,-0.04,-0.02,0.00,-0.07,0.52,9.97,0.00,0.00,0.00
825.24,-61.36,8.25,2.04,4.60,-0.04,-0.02,0.00,-0.07,0.52,9.99,0.00,0.00,0.00
825.25,-61.36,8.26,2.04,4.59,-0.04,-0.02,0.01,-0.07,0.53,10.00,0.00,0.00,0.00
825.27,-61.36,8.26,2.03,4.58,-0.04,-0.02,0.01,-0.06,0.53,10.01,0.00,0.00,0.01
825.28,-61.35,8.27,2.03,4.59,-0.04,-0.02,0.01,-0.06,0.53,10.01,0.00,0.00,0.01
825.29,-61.35,8.28,2.02,4.60,-0.03,-0.02,0.01,-0.06,0.52,10.01,0.00,0.00,0.01
825.30,-61.35,8.28,2.01,4.60,-0.03,-0.02,0.01,-0.05,0.51,9.99,0.00,0.00,0.00
825.32,-61.35,8.29,2.01,4.60,-0.03,-0.02,0.01,-0.06,0.49,9.97,0.00,-0.00,0.00
825.33,-61.35,8.30,2.00,4.60,-0.03,-0.02,0.00,-0.07,0.47,9.96,0.01,-0.00,-0.00
825.35,-61.36,8.29,2.00,4.59,-0.04,-0.02,-0.00,-0.07,0.47,9.97,0.01,-0.00,-0.00
825.37,-61.37,8.28,1.99,4.59,-0.04,-0.02,-0.01,-0.08,0.47,9.97,0.01,-0.00,-0.00
825.38,-61.38,8.27,2.00,4.59,-0.04,-0.02,-0.01,-0.08,0.48,9.97,0.01,-0.00,-0.00
825.39,-61.39,8.26,2.00,4.58,-0.04,-0.02,-0.01,-0.09,0.48,9.97,0.01,0.00,-0.00
825.41,-61.40,8.26,2.01,4.58,-0.04,-0.02,-0.01,-0.08,0.50,9.97,0.01,0.00,0.00
825.42,-61.40,8.26,2.03,4.58,-0.04,-0.02,-0.01,-0.08,0.50,9.97,0.00,0.00,0.01
825.43,-61.40,8.26,2.04,4.59,-0.04,-0.02,-0.01,-0.07,0.52,9.99,0.00,0.00,0.01
825.45,-61.40,8.26,2.05,4.59,-0.04,-0.02,-0.01,-0.05,0.52,10.01,0.00,0.00,0.01
825.47,-61.38,8.27,2.06,4.59,-0.04,-0.02,-0.00,-0.02,0.54,10.02,0.01,0.00,0.01
825.48,-61.37,8.27,2.06,4.59,-0.04,-0.02,0.00,-0.02,0.54,10.01,0.01,0.00,0.01
825.49,-61.35,8.27,2.05,4.59,-0.04,-0.02,0.00,-0.02,0.54,10.01,0.01,0.00,0.00
825.51,-61.34,8.27,2.04,4.58,-0.04,-0.02,0.00,-0.02,0.54,10.01,0.01,0.00,-0.00
825.52,-61.33,8.27,2.03,4.59,-0.04,-0.02,0.00,-0.05,0.54,9.99,0.01,0.00,-0.01
825.54,-61.33,8.27,2.03,4.59,-0.04,-0.02,0.01,-0.07,0.54,9.97,0.01,0.00,-0.01
825.55,-61.34,8.26,2.02,4.59,-0.03,-0.02,0.01,-0.09,0.54,9.97,0.01,-0.00,-0.01
825.57,-61.35,8.25,2.01,4.59,-0.03,-0.02,0.01,-0.11,0.51,9.97,0.01,-0.00,-0.00
825.59,-61.37,8.25,2.01,4.59,-0.03,-0.02,0.01,-0.13,0.50,9.97,0.00,-0.00,-0.00
825.60,-61.40,8.27,2.01,4.58,-0.03,-0.02,0.00,-0.09,0.48,9.99,0.00,-0.00,0.01
825.63,-61.41,8.27,2.01,4.58,-0.03,-0.02,0.00,-0.08,0.47,9.99,-0.00,-0.00,0.01
825.64,-61.41,8.27,2.00,4.57,-0.03,-0.02,-0.00,-0.06,0.46,9.99,-0.00,0.00,0.01
825.65,-61.41,8.28,2.01,4.57,-0.03,-0.02,-0.00,-0.04,0.45,10.00,0.00,0.00,0.01
825.66,-61.41,8.29,2.01,4.57,-0.04,-0.02,-0.01,-0.03,0.45,10.00,0.00,0.00,0.01
825.68,-61.40,8.29,2.02,4.57,-0.04,-0.02,-0.01,-0.02,0.47,10.00,0.00,0.00,0.01
825.69,-61.39,8.28,2.03,4.58,-0.04,-0.02,-0.01,-0.02,0.48,9.99,0.00,-0.00,0.00
825.71,-61.38,8.28,2.03,4.58,-0.04,-0.02,-0.01,-0.03,0.49,10.00,0.01,0.00,-0.00
825.73,-61.37,8.26,2.04,4.59,-0.04,-0.02,-0.01,-0.05,0.51,10.00,0.01,0.00,-0.00
825.74,-61.37,8.26,2.04,4.60,-0.04,-0.02,-0.01,-0.07,0.52,9.99,0.01,-0.00,-0.00
825.75,-61.36,8.25,2.04,4.60,-0.04,-0.02,-0.00,-0.08,0.53,9.98,0.01,-0.00,-0.00
825.78,-61.36,8.25,2.04,4.60,-0.04,-0.02,-0.00,-0.08,0.53,9.98,0.01,-0.00,0.00
825.79,-61.37,8.25,2.04,4.59,-0.04,-0.02,0.00,-0.09,0.54,9.98,0.00,-0.00,0.00
825.81,-61.38,8.25,2.04,4.59,-0.03,-0.02,0.00,-0.08,0.53,9.97,0.00,-0.00,0.00
825.83,-61.38,8.26,2.03,4.59,-0.03,-0.02,0.01,-0.06,0.52,9.98,0.00,0.00,0.00
825.86,-61.38,8.27,2.02,4.57,-0.03,-0.02,0.01,-0.06,0.51,9.98,0.00,0.00,0.00
825.87,-61.39,8.27,2.02,4.57,-0.03,-0.02,0.01,-0.06,0.49,9.99,0.00,0.00,0.00
825.88,-61.39,8.27,2.01,4.57,-0.03,-0.02,0.01,-0.07,0.48,10.00,0.00,0.00,0.00
825.90,-61.40,8.28,2.00,4.58,-0.03,-0.02,0.00,-0.06,0.47,9.99,0.00,0.00,-0.00
825.92,-61.40,8.27,2.00,4.57,-0.03,-0.02,0.00,-0.06,0.46,10.00,0.00,0.00,-0.00
825.93,-61.41,8.28,2.00,4.56,-0.04,-0.02,-0.00,-0.07,0.45,10.01,0.01,-0.00,-0.00
825.95,-61.42,8.28,1.99,4.56,-0.04,-0.03,-0.01,-0.06,0.43,10.05,0.01,-0.01,-0.01
825.98,-61.44,8.30,1.97,4.59,-0.05,-0.04,-0.02,-0.08,0.45,10.07,0.02,-0.01,-0.01
826.00,-61.46,8.32,1.98,4.61,-0.05,-0.05,-0.03,-0.10,0.48,10.05,0.02,-0.02,-0.02
826.01,-61.47,8.30,1.99,4.61,-0.05,-0.05,-0.04,-0.12,0.50,10.03,0.02,-0.03,-0.02
826.02,-61.49,8.28,2.02,4.61,-0.05,-0.06,-0.04,-0.12,0.53,10.01,0.02,-0.03,-0.03
826.03,-61.49,8.26,2.05,4.61,-0.05,-0.06,-0.04,-0.09,0.55,9.98,0.02,-0.03,-0.03
826.05,-61.49,8.26,2.07,4.59,-0.04,-0.06,-0.04,-0.04,0.56,9.96,0.01,-0.03,-0.04
826.07,-61.46,8.26,2.09,4.54,-0.04,-0.06,-0.04,0.05,0.60,9.96,0.01,-0.03,-0.06
826.09,-61.42,8.26,2.09,4.53,-0.05,-0.06,-0.04,0.08,0.60,10.02,0.00,-0.04,-0.07
826.10,-61.40,8.29,2.08,4.53,-0.05,-0.06,-0.04,0.10,0.57,10.10,0.00,-0.04,-0.09
826.11,-61.35,8.31,2.06,4.54,-0.05,-0.06,-0.04,0.10,0.54,10.18,0.00,-0.05,-0.11
826.12,-61.32,8.34,2.04,4.55,-0.05,-0.07,-0.04,0.10,0.52,10.25,0.00,-0.05,-0.12
826.13,-61.30,8.39,2.04,4.58,-0.04,-0.08,-0.04,0.06,0.50,10.32,0.02,-0.06,-0.13
826.15,-61.28,8.40,2.00,4.60,-0.04,-0.10,-0.05,0.04,0.51,10.35,0.03,-0.07,-0.14
826.17,-61.26,8.39,2.00,4.65,-0.02,-0.13,-0.06,0.03,0.53,10.41,0.04,-0.11,-0.15
826.19,-61.22,8.37,2.02,4.66,-0.01,-0.15,-0.07,0.02,0.54,10.44,0.05,-0.13,-0.17
826.20,-61.22,8.36,2.07,4.67,0.01,-0.19,-0.07,-0.00,0.56,10.42,0.06,-0.15,-0.17
826.22,-61.18,8.36,2.09,4.66,0.01,-0.22,-0.07,0.03,0.61,10.41,0.07,-0.17,-0.17
826.23,-61.20,8.36,2.11,4.63,0.02,-0.25,-0.07,0.04,0.65,10.44,0.08,-0.19,-0.18
826.24,-61.19,8.37,2.13,4.61,0.03,-0.27,-0.07,0.03,0.67,10.45,0.08,-0.20,-0.18
826.25,-61.22,8.39,2.15,4.59,0.04,-0.30,-0.06,0.02,0.68,10.41,0.09,-0.20,-0.19
826.26,-61.34,8.39,2.17,4.55,0.06,-0.32,-0.06,0.00,0.69,10.27,0.09,-0.20,-0.19
826.28,-61.46,8.38,2.20,4.48,0.07,-0.35,-0.05,-0.03,0.71,10.06,0.08,-0.21,-0.18
826.29,-61.54,8.37,2.21,4.43,0.07,-0.36,-0.04,-0.06,0.70,9.94,0.07,-0.21,-0.17
826.31,-61.75,8.36,2.22,4.31,0.07,-0.36,-0.03,-0.08,0.65,9.87,0.05,-0.22,-0.14
826.32,-61.88,8.35,2.21,4.22,0.07,-0.37,-0.03,-0.09,0.59,9.86,0..06,4.01,0.07,-0826.33,-62.20,8.36,2.23,4.08,0.07,-0.36,-0.03,-0.02,0.54,9.88,0.06,-0.20,-0.04
826.35,-62.41,8.38,2.26,3.96,0.06,-0.35,-0.04,0.12,0.58,9.87,0.09,-0.18,0.01
826.36,-62.50,8.41,2.25,3.90,0.05,-0.33,-0.04,0.36,0.69,9.81,0.12,-0.16,0.03
826.37,-62.56,8.50,2.06,4.01,0.07,-0.31,-0.07,0.64,0.83,9.67,0.16,-0.15,0.01
826.38,-62.62,8.49,2.28,3.76,0.10,-0.28,-0.06,0.83,0.91,9.52,0.19,-0.14,-0.06
826.39,-62.56,8.50,2.38,3.67,0.08,-0.25,-0.05,0.87,0.91,9.38,0.19,-0.13,-0.17
826.41,-62.59,8.48,2.33,3.67,0.05,-0.21,-0.06,0.72,0.82,9.30,0.17,-0.11,-0.23
826.42,-62.71,8.46,2.30,3.66,0.06,-0.17,-0.07,0.50,0.70,9.33,0.15,-0.09,-0.24
826.43,-62.91,8.42,2.40,3.57,0.03,-0.12,-0.07,0.27,0.58,9.45,0.15,-0.05,-0.20
826.45,-63.16,8.42,2.35,3.61,-0.02,-0.08,-0.06,0.23,0.57,9.51,0.15,-0.02,-0.12
826.47,-63.30,8.44,2.33,3.64,-0.03,-0.06,-0.06,0.30,0.62,9.52,0.16,-0.01,-0.07
826.48,-63.38,8.46,2.34,3.66,-0.04,-0.03,-0.06,0.37,0.66,9.50,0.15,0.01,-0.02
826.49,-63.45,8.48,2.33,3.72,-0.06,-0.01,-0.05,0.44,0.70,9.53,0.13,0.02,-0.01
63.34,8.50,2.33,3.89,-0.09,0.04,-0.04,0.41,0.86,10.00,0.06,0,0.11,0.03,-0.01
826.52,-63.44,8.49,2.34,3.80,-0.08,0.03,-0.05,0.48,0.73,9.73,0.09,0.03,-0.02
826.53,-63.40,8.49,2.35,3.83,-0.08,0.04,-0.05,0.49,0.78,9.87,0.08,0.04,-0.04
826.55,-63.36,8.50,2.34,3.86,-0.09,0.04,-0.05,0.46,0.83,9.93,0.07,0.04,-0.05
826.56,-63.34,8.50,2.33,3.89,-0.09,0.04,-0.04,0.41,0.86,10.00,0.06,0.03,-0.07
826.59,-63.30,8.52,2.32,4.08,-0.07,0.01,-0.02,0.17,0.92,10.14,0.03,0.01,-0.07
826.61,-63.33,8.52,2.31,4.11,-0.06,-0.01,-0.02,0.10,0.96,10.18,0.01,-0.01,-0.06
826.62,-63.34,8.51,2.31,4.13,-0.05,-0.03,-0.01,0.08,1.01,10.21,-0.01,-0.03,-0.04
826.63,-63.34,8.51,2.26,4.20,0.00,-0.07,-0.01,0.07,1.04,10.24,-0.04,-0.05,-0.01
826.65,-63.36,8.47,2.33,4.14,0.03,-0.10,-0.00,0.10,1.05,10.27,-0.05,-0.07,0.01
826.66,-63.38,8.49,2.45,4.13,0.04,-0.12,0.01,0.17,1.06,10.27,-0.06,-0.08,0.03
826.67,-63.36,8.48,2.39,4.16,0.05,-0.15,0.02,0.28,1.08,10.23,-0.07,-0.10,0.04
826.68,-63.32,8.46,2.35,4.13,0.08,-0.17,0.04,0.38,1.09,10.16,-0.08,-0.11,0.04
826.69,-63.25,8.45,2.42,4.05,0.10,-0.19,0.06,0.48,1.08,10.09,-0.38,3.59,0.10,-0826.71,-63.22,8.47,2.51,4.00,0.09,-0.21,0.07,0.57,1.03,10.01,-0.11,-0.13,0.03
826.72,-63.17,8.49,2.42,3.83,0.09,-0.22,0.09,0.62,0.91,9.95,-0.13,-0.14,0.03
826.74,-63.13,8.50,2.40,3.74,0.09,-0.22,0.10,0.64,0.82,9.92,-0.12,-0.13,0.05
826.75,-63.21,8.54,2.38,3.59,0.10,-0.22,0.10,0.67,0.75,9.85,-0.11,-0.13,0.07
826.76,-63.23,8.59,2.43,3.43,0.09,-0.20,0.10,0.74,0.70,9.73,-0.09,-0.12,0.08
826.77,-63.39,8.66,2.37,3.32,0.04,-0.16,0.09,0.85,0.65,9.59,-0.08,-0.11,0.09
-0.03
8.64,2.25,3.30,-0.09,0.05,0.00,0.94,0.41,9.50,0.03,-0.05,6,-0.10,0.08
826.80,-63.44,8.68,2.33,3.27,-0.01,-0.08,0.07,0.95,0.52,9.45,-0.04,-0.09,0.06
826.81,-63.38,8.66,2.30,3.28,-0.04,-0.04,0.05,0.98,0.47,9.46,-0.02,-0.07,0.03
826.82,-63.36,8.65,2.26,3.30,-0.07,0.01,0.03,0.97,0.43,9.47,0.00,-0.06,0.00
826.84,-0.03
826.85,-63.22,8.65,2.24,3.32,-0.14,0.09,-0.02,0.89,0.41,9.55,0.06,-0.04,-0.06
826.86,-63.14,8.65,2.24,3.37,-0.17,0.12,-0.05,0.82,0.46,9.64,0.09,-0.02,-0.09
826.87,-63.07,8.66,2.23,3.44,-0.21,0.15,-0.07,0.76,0.49,9.68,0.11,-0.01,-0.11
826.88,-63.01,8.65,2.23,3.49,-0.23,0.18,-0.09,0.67,0.54,9.74,0.12,0.00,-0.13
826.89,-62.91,8.62,2.25,3.61,-0.26,0.21,-0.10,0.56,0.63,9.81,0.14,0.02,-0.15
826.91,-62.89,8.58,2.25,3.68,-0.27,0.22,-0.10,0.48,0.71,9.86,0.14,0.04,-0.15
826.92,-62.76,8.52,2.29,3.83,-0.28,0.22,-0.10,0.36,0.83,9.94,0.13,0.07,-0.13
826.94,-62.71,8.49,2.32,3.92,-0.27,0.21,-0.10,0.31,0.92,9.98,0.11,0.08,-0.11
826.95,-62.64,8.43,2.34,4.04,-0.26,0.19,-0.08,0.26,1.03,10.02,0.09,0.10,-0.08
826.97,-62.65,8.40,2.35,4.10,-0.24,0.18,-0.06,0.24,1.10,10.04,0.07,0.11,-0.06
826.98,-62.56,8.37,2.36,4.23,-0.20,0.14,-0.03,0.19,1.19,10.06,0.04,0.12,-0.03
827.00,-62.47,8.35,2.35,4.30,-0.17,0.11,-0.01,0.17,1.22,10.07,0.02,0.12,-0.01
827.01,-62.48,8.34,2.34,4.32,-0.15,0.09,0.01,0.17,1.25,10.08,-0.01,0.11,0.02
827.03,-62.38,8.35,2.32,4.34,-0.11,0.06,0.03,0.19,1.27,10.08,-0.03,0.10,0.03
827.04,-62.39,8.38,2.30,4.34,-0.09,0.04,0.04,0.22,1.27,10.09,-0.05,0.08,0.05
827.05,-62.33,8.41,2.28,4.30,-0.05,0.02,0.06,0.24,1.24,10.10,-0.06,0.06,0.07
827.07,-62.33,8.42,2.28,4.27,-0.03,-0.00,0.07,0.26,1.19,10.13,-0.03,0.09
.49,2827.08,-62.31,8.44,2.27,4.20,-0.01,-0.02,0.08,0.29,1.13,10.15,-0.07,0.02,0.10
827.09,-62.31,8.45,2.26,4.18,0.00,-0.04,0.09,0.35,1.09,10.14,-0.07,0.01,0.11
827.11,-62.29,8.46,2.23,4.15,0.02,-0.05,0.10,0.41,1.05,10.15,-0.07,-0.01,0.11
827.12,-62.26,8.48,2.03,0.09
827.14,-62.19,8.51,2.20,4.04,0.03,-0.06,0.11,0.56,0.90,10.06,-0.03,-0.04,0.07
827.16,-62.14,8.53,2.20,4.02,0.03,-0.06,0.10,0.59,0.86,10.04,-0.01,-0.05,0.06
827.17,-62.11,8.55,2.19,3.98,0.02,-0.06,0.10,0.62,0.83,10.01,0.01,-0.05,0.04
827.18,-62.07,8.56,2.17,3.97,0.02,-0.06,0.09,0.64,0.81,9.99,0.02,-0.06,0.03
827.19,-62.02,8.56,2.16,3.96,0.01,-0.05,0.08,0.62,0.79,9.97,0.04,-0.06,0.02
827.20,-61.99,8.55,2.16,3.92,-0.00,-0.04,0.07,0.61,0.76,9.95,0.06,-0.05,0.01
827.22,-61.95,8.54,2.16,3.91,-0.01,-0.04,0.06,0.60,0.75,9.93,0.07,-0.05,0.02
827.23,-61.93,8.52,2.17,3.90,-0.04,-0.03,0.05,0.61,0.75,9.91,0.09,-0.04,0.02
827.25,-61.89,8.51,2.16,3.91,-0.05,-0.02,0.05,0.62,0.77,9.89,0.10,-0.03,0.02
827.26,-61.85,8.51,2.16,3.93,-0.06,-0.01,0.04,0.64,0.79,9.87,0.11,-0.02,0.02
827.28,-61.80,8.50,2.14,3.93,-0.07,0.00,0.04,0.63,0.82,9.85,0.12,-0.01,0.00
827.29,-61.74,8.49,2.14,3.94,-0.09,0.02,0.03,0.58,0.85,9.90,0.12,-0.00,-0.02
827.31,-61.72,8.50,2.12,3.97,-0.10,0.03,0.03,0.56,0.86,9.94,0.13,0.01,-0.02
827.32,-61.69,8.50,2.13,3.99,-0.11,0.03,0.04,0.54,0.88,9.97,0.13,0.02,-0.03
827.34,-61.68,8.50,2.11,4.00,-0.12,0.03,0.04,0.53,0.92,9.98,0.13,0.03,-0.03
827.35,-61.69,8.50,2.11,4.00,-0.12,0.03,0.05,0.51,0.94,9.96,0.13,0.04,-0.03
827.37,-61.70,8.49,2.11,4.02,-0.13,0.03,0.06,0.49,0.99,9.93,0.12,0.05,-0.02
827.38,-61.73,8.48,2.07,4.07,-0.13,0.03,0.08,0.45,1.04,9.85,0.11,0.05,-0.01
827.40,-61.74,8.47,2.04,4.09,-0.13,0.03,0.08,0.44,1.06,9.83,0.10,0.06,-0.00
827.42,-61.73,8.48,1.95,4.17,-0.09,0.03,0.08,0.42,1.10,9.80,0.09,0.06,0.01
827.44,-61.73,8.49,2.02,4.07,-0.08,0.03,0.07,0.39,1.11,9.79,0.08,0.06,0.01
827.45,-61.78,8.48,2.02,4.07,-0.09,0.03,0.08,0.37,1.14,9.78,0.08,0.06,0.02
827.47,-61.81,8.47,1.97,4.09,-0.10,0.04,0.08,0.36,1.15,9.75,0.08,0.06,0.03
827.48,-61.84,8.46,1.96,4.10,-0.09,0.04,0.08,0.36,1.15,9.72,0.08,0.06,0.04
827.50,-61.84,8.46,1.97,4.09,-0.09,0.05,0.07,0.38,1.15,9.72,0.08,0.06,0.06
827.51,-61.85,8.46,1.95,4.09,-0.09,0.06,0.07,0.40,1.16,9.72,0.08,0.06,0.07
827.52,-61.82,8.46,1.94,4.10,-0.09,0.07,0.07,0.40,1.16,9.74,0.08,0.06,0.08
827.53,-61.81,8.46,1.94,4.10,-0.09,0.07,0.07,0.42,1.17,9.76,0.08,0.05,0.09
827.55,-61.75,8.46,1.87,4.16,-0.08,0.07,0.07,0.43,1.18,9.79,0.09,0.06,0.09
827.56,-61.71,8.46,1.90,4.12,-0.07,0.08,0.07,0.46,1.19,9.84,0.09,0.06,0.09
827.57,-61.66,8.46,1.95,4.08,-0.07,0.09,0.07,0.47,1.18,9.90,0.09,0.06,0.08
827.59,-61.63,8.47,1.95,4.08,-0.08,0.10,0.08,0.47,1.16,9.95,0.10,0.06,0.07
827.60,-61.53,8.46,1.89,4.17,-0.10,0.10,0.09,0.46,1.17,9.98,0.11,0.06,0.06
827.62,-61.49,8.46,1.87,4.21,-0.10,0.10,0.10,0.44,1.17,9.99,0.12,0.06,0.06
827.63,-61.40,8.48,1.86,4.26,-0.11,0.10,0.10,0.42,1.17,9.96,0.13,0.07,0.05
827.64,-61.36,8.47,1.85,4.30,-0.11,0.10,0.11,0.40,1.20,9.94,0.13,0.07,0.04
827.65,-61.27,8.45,1.83,4.31,-0.11,0.10,0.11,0.37,1.21,9.90,0.13,0.07,0.04
827.66,-61.25,8.44,1.83,4.33,-0.11,0.09,0.11,0.33,1.24,9.86,0.13,0.07,0.04
827.68,-61.16,8.38,1.80,4.34,-0.12,0.09,0.11,0.28,1.28,9.80,0.12,0.07,0.04
827.69,-61.11,8.37,1.77,4.35,-0.12,0.09,0.12,0.24,1.31,9.85,0.11,0.08,0.04
827.72,-61.10,8.39,1.75,4.37,-0.13,0.09,0.12,0.23,1.31,9.92,0.10,0.08,0.04
827.73,-61.08,8.42,1.71,4.40,-0.13,0.09,0.12,0.23,1.31,9.95,0.09,0.09,0.02
827.75,-61.03,8.49,1.61,4.50,-0.14,0.07,0.12,0.22,1.32,10.10,0.08,0.10,-0.00
827.78,-61.06,8.52,1.59,4.51,-0.14,0.06,0.11,0.20,1.33,10.16,0.07,0.10,-0.01
827.79,-61.05,8.51,1.55,4.54,-0.14,0.05,0.10,0.16,1.32,10.24,0.07,0.09,-0.02
827.80,-61.07,8.52,1.52,4.58,-0.14,0.03,0.09,0.13,1.31,10.31,0.07,0.09,-0.03
827.82,-61.11,8.53,1.51,4.61,-0.14,0.01,0.08,0.10,1.31,10.36,0.07,0.08,-0.04
827.83,-61.15,8.55,1.48,4.68,-0.14,-0.02,0.06,0.06,1.30,10.33,0.07,0.07,-0.05
827.85,-61.21,8.54,1.48,4.70,-0.14,-0.05,0.05,0.04,1.33,10.20,0.07,0.06,-0.06
827.86,-61.28,8.52,1.48,4.67,-0.13,-0.07,0.04,0.03,1.35,10.05,0.06,0.06,-0.06
827.87,-61.43,8.43,1.52,4.55,-0.12,-0.09,0.03,-0.01,1.39,9.73,0.02,0.06,-0.07
827.89,-61.54,8.38,1.54,4.48,-0.11,-0.08,0.02,-0.03,1.41,9.57,0.00,0.06,-0.07
827.91,-61.65,8.35,1.54,4.43,-0.11,-0.07,0.02,-0.04,1.43,9.43,-0.03,0.06,-0.06
827.92,-61.88,8.30,1.57,4.30,-0.11,-0.04,0.02,0.01,1.37,9.24,-0.08,0.07,-0.05
827.94,-61.97,8.29,1.58,4.26,-0.11,-0.01,0.03,0.02,1.32,9.18,-0.11,0.08,-0.04
827.95,-62.11,8.29,1.57,4.22,-0.12,0.04,0.05,0.07,1.21,9.20,-0.16,0.12,-0.04
827.98,-62.17,8.29,1.58,4.22,-0.13,0.08,0.06,0.10,1.13,9.26,-0.19,0.14,-0.04
827.99,-62.21,8.30,1.51,4.21,-0.14,0.11,0.07,0.12,1.06,9.32,-0.22,0.16,-0.05
828.00,-62.25,8.31,1.48,4.20,-0.17,0.15,0.08,0.15,0.97,9.40,-0.26,0.20,-0.06
828.02,-62.30,8.31,1.47,4.18,-0.19,0.18,0.10,0.12,0.92,9.45,-0.28,0.22,-0.06
828.03,-62.39,8.30,1.41,4.14,-0.25,0.23,0.14,0.04,0.79,9.54,-0.30,0.28,-0.07
828.05,-62.50,8.31,1.38,4.16,-0.27,0.25,0.15,-0.02,0.73,9.55,-0.31,0.30,-0.06
828.07,-62.57,8.33,1.37,4.21,-0.30,0.28,0.15,-0.07,0.68,9.54,-0.32,0.33,-0.05
828.08,-62.68,8.34,1.33,4.27,-0.33,0.31,0.15,-0.08,0.66,9.50,-0.33,0.37,-0.05
828.09,-62.71,8.33,1.24,4.31,-0.34,0.34,0.16,-0.10,0.67,9.48,-0.34,0.41,-0.04
828.10,-62.78,8.27,1.24,4.31,-0.36,0.37,0.17,-0.13,0.70,9.45,-0.34,0.44,-0.04
828.11,-62.90,8.23,1.22,4.35,-0.38,0.41,0.19,-0.19,0.74,9.42,-0.35,0.48,-0.04
828.12,-62.89,8.15,1.15,4.43,-0.39,0.44,0.21,-0.24,0.74,9.36,-0.36,0.51,-0.05
828.14,-63.01,8.07,1.21,4.43,-0.40,0.48,0.24,-0.31,0.73,9.32,-0.38,0.55,-0.06
828.15,-63.07,8.02,1.20,4.48,-0.42,0.52,0.27,-0.39,0.69,9.34,-0.39,0.58,-0.06
828.16,-63.02,7.91,1.08,4.66,-0.44,0.56,0.31,-0.55,0.64,9.43,-0.40,0.61,-0.04
828.18,-63.16,7.94,1.06,4.75,-0.46,0.61,0.34,-0.73,0.61,9.51,-0.39,0.63,-0.01
828.19,-63.08,7.89,0.97,4.90,-0.48,0.63,0.36,-0.87,0.59,9.56,-0.39,0.65,0.02
828.20,-63.23,7.92,0.87,4.97,-0.49,0.66,0.40,-0.99,0.57,9.63,-0.37,0.66,0.05
828.22,-63.13,7.91,0.70,5.12,-0.51,0.68,0.44,-1.07,0.56,9.75,-0.35,0.68,0.09
828.23,-63.26,7.94,0.61,5.20,-0.51,0.71,0.46,-1.10,0.58,9.85,-0.32,0.70,0.13
828.24,-63.09,7.93,0.53,5.29,-0.50,0.73,0.47,-1.08,0.61,9.93,-0.29,0.71,0.16
828.25,-63.14,7.88,0.46,5.34,-0.50,0.75,0.48,-1.06,0.66,9.96,-0.25,0.72,0.16
828.27,-62.72,7.71,0.30,5.58,-0.49,0.79,0.50,-1.17,0.76,9.89,-0.16,0.73,0.12
828.29,-62.70,7.65,0.24,5.69,-0.48,0.81,0.51,-1.25,0.76,9.83,-0.13,0.73,0.09
828.30,-62.34,7.58,0.14,5.84,-0.47,0.83,0.52,-1.34,0.74,9.73,-0.09,0.71,0.06
828.32,-62.28,7.53,0.06,5.90,-0.45,0.87,0.53,-1.47,0.72,9.59,-0.05,0.70,0.04
828.33,-61.89,7.45,-0.03,5.97,-0.42,0.91,0.55,-1.63,0.69,9.40,-0.01,0.68,0.03
828.34,-61.86,7.40,-0.10,6.04,-0.41,0.96,0.56,-1.83,0.63,9.18,0.03,0.65,0.03
828.35,-61.36,7.35,-0.31,6.14,-0.38,1.07,0.56,-2.06,0.55,8.86,0.08,0.59,0.06
828.37,-61.24,7.33,-0.43,6.22,-0.36,1.14,0.53,-1.92,0.67,8.81,0.08,0.52,0.10
828.38,-60.47,7.35,-0.78,6.38,-0.29,1.11,0.55,-1.30,1.50,10.13,-0.07,0.35,0.18
828.40,-59.39,8.78,-0.92,7.62,-0.10,0.89,0.65,-0.92,1.25,13.61,-0.40,0.03,0.13
828.41,-57.62,10.03,-1.55,8.97,-0.02,0.59,0.49,0.34,-1.24,16.91,-0.23,-0.23,0.07
828.43,-56.13,8.32,-1.28,7.69,0.39,0.59,0.29,-1.82,0.93,12.10,0.44,0.26,0.01
828.45,-56.32,7.69,-0.92,7.14,0.46,0.64,0.26,-2.76,0.79,9.01,0.37,0.48,-0.05
828.46,-56.96,7.15,-0.68,6.43,0.42,0.66,0.33,-3.29,0.40,6.82,0.28,0.48,-0.08
828.48,-58.19,7.56,-1.10,6.39,0.28,0.68,0.33,-3.23,0.54,6.61,0.10,0.08,-0.17
828.49,-58.28,7.79,-1.12,6.84,0.27,0.71,0.46,-2.51,0.56,8.54,-0.05,-0.21,-0.28
828.51,-57.69,7.91,-0.88,7.14,0.32,0.75,0.57,-1.78,0.10,11.06,-0.11,-0.30,-0.39
828.52,-56.72,7.80,-0.68,7.27,0.36,0.79,0.61,-1.80,-0.49,12.78,0.04,-0.14,-0.46
828.53,-56.27,7.49,-0.71,7.28,0.36,0.77,0.64,-2.51,-0.29,12.33,0.22,0.05,-0.45
828.55,-55.93,6.95,-0.70,7.23,0.35,0.68,0.68,-3.23,0.31,10.34,0.32,0.21,-0.35
828.56,-55.94,6.50,-0.54,7.35,0.35,0.61,0.65,-3.02,0.56,9.17,0.28,0.20,-0.23
828.58,-55.89,6.22,-0.41,7.51,0.36,0.59,0.60,-2.63,0.66,8.93,0.23,0.15,-0.15
828.59,-55.29,5.76,-0.28,7.77,0.34,0.59,0.52,-2.30,0.59,9.26,0.19,0.08,-0.13
828.61,-54.40,5.61,-0.32,7.99,0.30,0.59,0.44,-2.17,0.50,9.78,0.17,0.05,-0.12
828.62,-53.80,5.73,-0.41,8.16,0.29,0.59,0.36,-2.08,0.48,10.19,0.19,0.05,-0.10
828.63,-52.91,6.17,-0.54,8.37,0.30,0.60,0.29,-2.00,0.60,10.30,0.22,0.06,-0.08
828.64,-52.16,6.66,-0.53,8.45,0.39,0.65,0.16,-1.94,0.87,10.06,0.24,0.10,-0.07
828.66,-51.65,6.76,-0.28,8.25,0.44,0.70,0.09,-1.88,1.05,9.79,0.23,0.12,-0.08
828.67,-51.18,6.68,-0.16,8.08,0.44,0.76,0.02,-1.84,1.15,9.60,0.20,0.14,-0.12
828.68,-50.82,6.48,-0.08,7.95,0.42,0.82,-0.02,-1.89,1.11,9.56,0.18,0.15,-0.17
828.69,-50.16,6.02,-0.05,7.76,0.38,0.89,-0.06,-1.98,0.98,9.60,0.17,0.15,-0.20
828.70,-49.09,5.34,-0.11,7.75,0.31,0.95,-0.06,-2.23,0.81,9.77,0.17,0.16,-0.18
828.73,-48.62,5.09,-0.13,7.84,0.30,0.95,-0.04,-2.31,0.75,9.78,0.17,0.17,-0.15
828.74,-47.53,4.80,-0.18,8.02,0.27,0.93,0.00,-2.31,0.77,9.74,0.16,0.20,-0.09
828.75,-47.05,4.82,-0.19,8.14,0.26,0.91,0.03,-2.30,0.82,9.69,0.14,0.22,-0.05
828.76,-45.95,5.12,-0.24,8.38,0.26,0.92,0.02,-2.28,0.81,9.69,0.13,0.25,0.00
828.78,-45.59,5.28,-0.19,8.40,0.25,0.95,-0.01,-2.24,0.76,9.73,0.13,0.25,0.02
828.79,-44.95,5.36,-0.01,8.37,0.21,0.98,-0.06,-2.19,0.69,9.75,0.14,0.26,0.01
828.81,-44.44,5.33,0.01,8.33,0.17,1.02,-0.11,-2.11,0.64,9.76,0.14,0.27,-0.00
828.82,-43.79,5.22,-0.02,8.24,0.13,1.05,-0.20,-2.08,0.61,9.78,0.15,0.28,-0.03
828.83,-43.29,5.01,-0.12,8.16,0.09,1.07,-0.24,-2.09,0.65,9.74,0.14,0.30,-0.06
828.85,-42.50,4.86,-0.08,8.06,0.05,1.09,-0.28,-2.15,0.76,9.69,0.14,0.31,-0.08
828.86,-42.16,4.73,-0.03,8.05,0.03,1.13,-0.28,-2.23,0.82,9.66,0.14,0.33,-0.09
828.87,-41.64,4.54,0.01,8.17,0.01,1.16,-0.25,-2.25,0.91,9.62,0.14,0.34,-0.07
828.89,-40.88,4.24,0.16,8.30,0.00,1.18,-0.20,-2.21,1.04,9.58,0.14,0.35,-0.05
828.90,-40.01,3.91,0.17,8.51,-0.01,1.16,-0.16,-2.15,1.17,9.55,0.15,0.36,-0.03
828.91,-39.47,3.67,0.04,8.63,0.00,1.11,-0.15,-2.15,1.13,9.56,0.15,0.37,-0.04
828.93,-38.76,3.75,0.05,8.74,0.04,1.10,-0.15,-2.18,0.94,9.64,0.16,0.38,-0.06
828.94,-37.77,3.68,0.10,8.72,0.06,1.09,-0.15,-2.18,0.76,9.67,0.17,0.40,-0.08
828.95,-37.35,3.61,0.08,8.66,0.05,1.08,-0.15,-2.18,0.68,9.70,0.17,0.42,-0.07
828.97,-36.77,3.51,-0.05,8.60,0.04,1.06,-0.15,-2.20,0.56,9.78,0.18,0.44,-0.08
828.98,-36.03,3.27,-0.25,8.56,0.04,1.02,-0.14,-2.22,0.37,9.87,0.20,0.47,-0.12
828.99,-35.56,3.46,-0.18,8.60,0.01,1.01,-0.16,-2.23,0.30,9.86,0.23,0.49,-0.17
829.00,-35.28,3.40,-0.17,8.70,-0.02,0.99,-0.19,-2.29,0.43,9.78,0.25,0.50,-0.21
829.01,-34.75,3.07,-0.26,8.90,-0.06,0.95,-0.17,-2.46,0.73,9.64,0.27,0.51,-0.26
829.03,-34.27,3.23,-0.08,9.13,-0.06,0.94,-0.17,-2.67,0.97,9.64,0.26,0.53,-0.30
829.04,-34.17,3.17,-0.03,9.26,-0.07,0.93,-0.20,-2.90,1.06,9.72,0.26,0.56,-0.32
829.05,-33.78,2.88,-0.01,9.50,-0.05,0.90,-0.25,-3.19,1.18,9.81,0.25,0.60,-0.34
829.07,-33.76,2.72,-0.02,9.67,-0.04,0.89,-0.29,-3.33,1.23,9.82,0.24,0.63,-0.35
829.08,-33.35,2.34,-0.13,9.96,-0.00,0.85,-0.32,-3.33,1.27,9.82,0.22,0.65,-0.34
829.09,-33.25,2.56,-0.00,10.10,0.04,0.85,-0.40,-3.26,1.23,9.94,0.21,0.67,-0.33
829.11,-32.93,2.44,-0.00,10.15,0.06,0.83,-0.47,-3.07,1.25,10.34,0.22,0.70,-0.34
829.12,-32.43,2.34,-0.05,10.15,0.07,0.78,-0.47,-2.70,1.39,10.94,0.27,0.73,-0.33
829.13,-32.10,2.58,0.07,10.28,0.08,0.67,-0.46,-2.00,1.57,11.70,0.33,0.77,-0.33
829.14,-31.62,3.32,0.37,10.58,0.11,0.55,-0.49,-1.15,1.50,12.44,0.39,0.82,-0.40
829.16,-31.29,3.79,0.57,10.74,0.14,0.40,-0.53,-0.53,1.18,12.92,0.46,0.91,-0.52
829.17,-31.28,4.58,0.90,10.72,0.18,0.22,-0.57,-0.20,0.82,13.06,0.52,1.00,-0.58
829.18,-31.36,5.02,1.07,10.52,0.19,-0.01,-0.63,-0.10,0.44,13.04,0.57,1.11,-0.62
829.19,-33.31,5.71,1.12,9.26,0.09,-0.52,-0.77,-0.59,-0.28,12.63,0.65,1.30,-0.57
829.22,-34.78,5.76,0.97,8.65,0.02,-0.74,-0.84,-1.06,-0.52,12.28,0.69,1.37,-0.49
829.23,-36.15,5.72,0.83,8.33,-0.04,-0.93,-0.92,-1.62,-0.61,11.83,0.73,1.40,-0.42
829.24,-38.60,5.29,0.50,8.18,-0.12,-1.10,-1.01,-2.30,-0.39,10.93,0.76,1.40,-0.34
829.26,-40.86,4.40,0.12,8.54,-0.16,-1.18,-1.04,-2.86,0.04,9.90,0.76,1.35,-0.32
829.27,-42.40,3.74,-0.14,8.91,-0.17,-1.23,-1.04,-3.48,0.49,8.76,0.70,1.27,-0.36
829.28,-44.92,2.47,-0.66,9.70,-0.13,-1.29,-0.91,-4.28,0.79,7.42,0.48,1.11,-0.39
829.30,-46.56,1.57,-0.83,10.25,-0.03,-1.25,-0.76,-4.37,0.71,7.04,0.24,0.90,-0.37
829.31,-47.12,0.48,-0.77,10.59,-0.01,-1.20,-0.53,-4.20,0.42,7.18,0.14,0.58,-0.42
829.33,-46.99,0.24,-0.60,10.78,0.01,-1.15,-0.20,-3.82,0.72,6.82,0.13,-0.11,-0.66
829.35,-46.49,0.44,-0.10,10.47,0.05,-1.17,0.03,-4.15,1.19,5.84,-0.09,-0.87,-0.84
829.36,-46.15,0.66,0.29,10.06,0.07,-1.21,0.14,-5.03,1.18,5.71,-0.33,-1.38,-0.78
829.37,-45.91,0.89,0.58,9.61,0.10,-1.25,0.22,-6.19,0.95,6.01,-0.52,-1.86,-0.49
829.38,-45.67,1.15,0.98,9.00,0.12,-1.33,0.27,-7.05,0.80,6.47,-0.65,-2.28,-0.04
829.40,-45.34,1.32,1.18,8.64,0.11,-1.39,0.32,-7.19,0.62,6.81,-0.73,-2.58,0.51
829.41,-44.92,1.63,1.29,8.30,0.05,-1.41,0.36,-6.52,0.62,6.81,-0.80,-2.79,1.33
829.42,-43.84,2.09,1.15,8.01,-0.07,-1.37,0.45,-4.32,1.08,6.67,-1.01,-3.04,1.73
829.44,-43.44,2.35,0.98,7.84,-0.15,-1.31,0.55,-3.02,1.36,6.95,-1.15,-3.16,1.90
829.46,-40.43,2.72,0.85,7.56,-0.24,-1.24,0.72,-1.03,1.70,8.10,-1.33,-3.33,1.77
829.47,-36.52,3.30,0.86,7.37,-0.30,-1.20,0.93,0.86,1.97,10.02,-1.36,-3.29,1.24
829.48,-34.50,4.31,0.96,7.08,-0.37,-1.22,1.04,1.26,1.99,10.92,-1.28,-3.12,0.65
829.49,-33.00,5.36,1.12,6.76,-0.42,-1.25,1.07,0.87,1.80,11.17,-1.10,-2.90,0.01
829.50,-31.77,6.64,0.96,6.53,-0.51,-1.25,0.93,-0.35,1.21,10.67,-0.75,-2.58,-0.87
829.52,-32.20,7.36,0.28,6.40,-0.59,-1.16,0.68,-1.58,0.46,10.16,-0.46,-2.27,-1.39
829.54,-33.20,7.45,-0.38,6.29,-0.65,-1.01,0.46,-2.79,-0.09,9.74,-0.27,-1.93,-1.55
829.55,-34.73,7.09,-0.91,6.16,-0.68,-0.81,0.26,-4.10,-0.46,9.21,-0.12,-1.51,-1.45
829.56,-36.97,6.19,-1.28,6.04,-0.70,-0.58,0.11,-5.33,-0.64,8.42,-0.00,-1.04,-1.18
829.57,-39.16,5.19,-1.50,6.17,-0.66,-0.35,0.02,-6.23,-0.64,7.36,0.08,-0.58,-0.85
829.59,-41.44,4.39,-1.35,6.39,-0.60,-0.10,-0.05,-6.64,-0.48,6.27,0.14,-0.19,-0.58
829.60,-44.36,3.70,-1.12,6.65,-0.56,0.24,-0.16,-6.42,-0.25,5.17,0.17,0.19,-0.40
829.61,-45.87,3.17,-0.38,6.89,-0.49,0.53,-0.14,-3.42,0.73,5.72,0.08,0.54,-0.18
829.62,-44.43,4.98,2.05,8.08,-0.49,0.81,0.09,4.91,4.33,17.59,-1.66,0.86,0.05
829.67,-43.27,7.43,2.42,10.86,-0.99,0.97,0.47,4.63,-2.12,23.50,-0.94,1.10,-0.64
829.68,-43.16,12.63,-1.32,13.13,-1.16,0.48,0.16,0.90,0.68,16.89,1.32,1.14,-1.55
829.69,-44.56,10.96,-0.82,12.43,-0.46,0.16,-0.64,-1.85,3.51,4.88,1.50,1.03,-2.25
829.70,-47.45,7.26,0.58,10.50,-0.03,0.06,-1.49,-4.56,2.27,3.10,0.30,1.23,-2.12
829.72,-51.84,4.02,1.17,8.84,-0.06,0.16,-1.93,-7.34,0.84,5.87,-0.29,1.43,-1.50
829.73,-53.09,1.39,0.26,8.40,-0.31,0.38,-1.81,-9.02,0.08,9.19,-0.33,1.33,-0.95
829.74,-53.14,0.05,-0.81,9.71,-0.49,0.86,-1.26,-7.93,-1.14,11.18,-0.23,1.17,-0.33
829.75,-51.55,-0.88,-2.28,11.35,-0.58,1.32,-0.45,-6.92,-0.82,10.57,-0.09,1.21,0.10
829.77,-50.35,-0.55,-3.01,11.82,-0.53,1.45,0.12,-6.25,-0.16,9.33,-0.05,1.23,0.34
829.78,-48.80,0.48,-2.97,11.35,-0.31,1.38,0.28,-5.22,0.34,8.41,-0.10,1.21,0.34
829.80,-47.67,1.63,-1.83,10.30,-0.06,1.19,0.24,-3.48,0.67,8.37,-0.16,1.07,0.13
829.81,-46.45,2.32,-0.83,9.59,-0.02,1.11,0.22,-3.04,0.64,8.92,-0.16,0.96,-0.21
829.82,-45.83,2.32,-0.62,9.39,-0.08,1.04,0.23,-3.14,0.33,9.59,-0.15,0.88,-0.77
829.85,-44.28,2.52,-0.94,9.57,-0.25,0.93,0.29,-4.49,-0.20,9.67,-0.04,0.81,-0.82
829.87,-44.36,2.57,-1.20,9.49,-0.23,0.90,0.24,-5.29,-0.27,8.81,-0.07,0.86,-0.64
829.88,-44.57,2.91,-1.30,9.23,-0.21,0.89,0.17,-5.65,-0.47,8.38,-0.14,0.89,-0.28
829.89,-45.23,3.18,-1.31,8.95,-0.21,0.89,0.09,-5.39,-0.76,8.55,-0.20,0.88,0.02
829.90,-45.51,3.31,-1.34,8.71,-0.24,0.88,0.02,-4.68,-0.79,8.99,-0.20,0.86,0.26
829.92,-45.45,3.30,-1.29,8.63,-0.28,0.85,-0.04,-3.52,-0.50,9.50,-0.17,0.85,0.30
829.93,-45.12,3.23,-1.22,8.73,-0.30,0.81,-0.09,-2.98,-0.34,9.69,-0.13,0.84,0.22
829.94,-44.61,3.11,-1.12,8.91,-0.30,0.75,-0.16,-2.89,-0.03,9.45,-0.07,0.84,0.04
829.96,-44.25,2.98,-1.00,9.05,-0.30,0.71,-0.20,-3.15,0.15,9.04,-0.04,0.83,-0.18
829.97,-44.04,2.74,-0.98,9.15,-0.31,0.71,-0.23,-3.74,0.20,8.68,-0.06,0.82,-0.32
829.99,-43.93,2.38,-1.04,9.25,-0.32,0.73,-0.21,-4.29,0.02,8.65,-0.07,0.81,-0.39
830.00,-43.68,1.85,-1.25,9.41,-0.32,0.76,-0.15,-4.74,-0.24,8.74,-0.08,0.81,-0.37
830.01,-43.60,1.52,-1.39,9.47,-0.30,0.80,-0.03,-5.02,-0.40,8.79,-0.08,0.82,-0.28
830.02,-43.14,1.21,-1.47,9.55,-0.25,0.83,0.11,-5.11,-0.43,8.75,-0.08,0.82,-0.09
830.04,-42.75,1.09,-1.36,9.48,-0.18,0.84,0.37,-5.12,-0.37,8.61,-0.12,0.86,0.01
830.05,-42.33,1.41,-1.13,9.34,-0.17,0.83,0.52,-5.10,-0.31,8.65,-0.17,0.90,0.16
830.07,-42.26,1.67,-0.99,9.35,-0.16,0.81,0.61,-5.09,-0.18,8.68,-0.20,0.94,0.21
830.08,-42.38,1.84,-0.87,9.39,-0.15,0.80,0.66,-5.09,-0.01,8.66,-0.22,0.96,0.27
830.09,-42.46,1.96,-0.72,9.47,-0.15,0.79,0.70,-5.12,0.14,8.66,-0.25,0.98,0.29
830.11,-42.54,2.14,-0.64,9.69,-0.16,0.80,0.71,-5.13,0.22,8.74,-0.27,0.99,0.31
830.12,-42.69,2.21,-0.64,9.87,-0.17,0.82,0.71,-5.04,0.28,8.94,-0.30,1.00,0.32
830.13,-42.71,2.32,-0.68,10.18,-0.17,0.84,0.73,-4.87,0.36,9.25,-0.32,1.03,0.30
830.15,-42.75,2.54,-0.61,10.46,-0.15,0.86,0.70,-5.02,0.41,9.24,-0.33,1.07,0.23
830.16,-42.88,2.50,-0.60,10.47,-0.14,0.87,0.65,-5.24,0.43,9.10,-0.35,1.11,0.23
830.18,-43.15,2.43,-0.72,10.34,-0.11,0.88,0.62,-5.40,0.32,9.16,-0.39,1.17,0.26
830.19,-43.42,2.70,-0.72,10.25,-0.08,0.90,0.63,-5.41,0.18,9.43,-0.42,1.22,0.32
830.20,-43.78,3.08,-0.75,10.22,-0.05,0.95,0.64,-5.34,0.09,9.85,-0.44,1.29,0.44
830.22,-44.20,3.43,-1.20,10.27,0.00,0.99,0.67,-5.55,-0.18,10.69,-0.45,1.38,0.52
830.23,-44.54,3.79,-1.28,10.54,0.02,0.98,0.67,-5.84,-0.63,12.28,-0.48,1.42,0.59
830.24,-44.85,4.59,-1.66,11.67,-0.10,0.90,0.56,-5.31,-1.38,14.52,-0.37,1.50,0.73
830.26,-45.01,4.95,-2.65,12.51,-0.14,0.78,0.39,-4.54,-1.22,14.68,-0.05,1.63,0.78
830.27,-45.21,4.79,-3.03,11.98,0.04,0.61,0.20,-2.91,-0.13,13.42,0.18,1.73,0.69
830.29,-45.32,5.10,-2.41,11.15,0.19,0.35,0.12,-1.66,-0.19,14.22,0.12,1.82,0.47
830.31,-45.82,5.85,-2.03,10.52,0.24,-0.03,-0.02,-1.49,-1.26,15.87,0.27,1.82,0.24
830.32,-46.94,5.94,-1.86,10.14,0.25,-0.35,-0.23,-2.20,-1.49,15.46,0.52,1.78,0.03
830.34,-48.34,4.99,-1.33,10.04,0.26,-0.73,-0.57,-3.58,-0.89,13.04,0.76,1.71,-0.10
830.35,-50.06,3.31,-0.78,10.35,0.25,-0.99,-0.88,-5.16,-0.34,9.87,0.74,1.62,-0.05
830.36,-51.84,1.36,-0.70,10.96,0.21,-1.11,-0.97,-6.14,-0.33,7.54,0.57,1.42,0.12
830.38,-53.02,-0.05,-1.10,11.35,0.21,-1.15,-0.83,-6.64,-0.67,6.46,0.43,1.19,0.18
830.39,-54.22,-1.22,-1.50,11.50,0.38,-1.22,-0.40,-7.20,-1.02,5.40,0.15,0.84,0.14
830.40,-55.04,-1.44,-1.29,11.60,0.57,-1.29,0.06,-7.20,-0.62,4.98,-0.22,0.50,0.34
830.42,-55.53,-1.24,-0.82,11.62,0.70,-1.37,0.47,-6.69,0.49,5.32,-0.64,0.07,0.78
830.43,-55.36,-0.90,-0.34,11.06,0.74,-1.49,0.84,-6.39,0.98,6.48,-0.85,-0.58,0.99
830.44,-54.83,-0.49,-0.12,10.39,0.75,-1.61,1.02,-6.43,0.82,6.82,-0.72,-1.06,1.03
830.46,-54.22,-0.10,0.00,9.91,0.75,-1.71,1.09,-6.52,0.77,6.38,-0.60,-1.48,1.02
830.47,-53.94,0.75,0.36,9.14,0.73,-1.89,1.07,-6.46,0.72,5.66,-0.63,-1.93,1.09
830.48,-53.84,1.29,0.52,8.85,0.65,-1.97,1.00,-6.44,0.73,5.29,-0.76,-2.25,1.15
830.50,-53.53,1.57,0.46,8.80,0.55,-2.02,0.92,-6.35,0.73,5.25,-0.95,-2.56,1.12
830.51,-53.14,1.89,0.08,8.97,0.34,-2.05,0.86,-5.99,0.59,5.77,-1.16,-2.94,0.97
830.52,-52.48,2.04,-0.61,9.25,0.15,-2.04,0.82,-5.79,0.32,6.51,-1.19,-3.29,0.85
830.54,-50.88,1.94,-0.99,9.26,0.08,-1.99,0.80,-5.79,0.39,6.92,-1.09,-3.62,0.79
830.55,-49.78,1.74,-1.22,8.95,0.03,-1.94,0.81,-5.87,0.53,6.92,-1.01,-3.84,0.81
830.57,-48.37,1.60,-1.15,8.53,0.00,-1.90,0.82,-5.87,0.92,6.91,-0.97,-4.02,0.88
830.58,-46.72,1.56,-1.00,8.21,-0.02,-1.84,0.85,-5.64,1.22,7.21,-0.97,-4.15,0.97
830.59,-44.95,1.61,-0.78,7.86,-0.05,-1.78,0.88,-4.83,1.30,7.87,-0.98,-4.21,0.99
830.60,-42.23,1.75,-0.66,7.58,-0.09,-1.70,0.91,-3.22,1.46,8.71,-0.94,-4.19,0.83
830.62,-39.79,2.13,-0.65,7.49,-0.11,-1.63,0.94,-2.10,1.67,9.08,-0.86,-4.13,0.52
830.63,-37.43,2.70,-0.63,7.39,-0.10,-1.58,0.95,-1.65,1.70,9.20,-0.76,-4.02,-0.01
830.64,-35.12,3.57,-0.70,7.26,-0.10,-1.56,0.93,-2.16,1.38,9.43,-0.62,-3.90,-0.43
830.65,-34.36,4.52,-0.85,7.06,-0.15,-1.54,0.88,-3.05,0.93,9.79,-0.48,-3.74,-0.72
830.67,-33.68,5.20,-0.87,6.98,-0.19,-1.50,0.76,-3.93,0.50,10.05,-0.34,-3.51,-0.86
830.68,-33.97,6.05,-0.83,7.00,-0.24,-1.43,0.54,-4.55,0.50,9.98,-0.22,-3.13,-0.80
830.69,-35.07,6.56,-0.67,7.21,-0.26,-1.29,0.28,-4.92,0.35,9.69,-0.12,-2.86,-0.72
830.70,-35.71,6.55,-0.70,7.40,-0.25,-1.10,0.09,-4.98,0.25,9.10,-0.04,-2.46,-0.61
830.71,-36.83,6.36,-0.86,7.55,-0.24,-0.89,-0.03,-4.98,0.14,8.44,0.01,-2.05,-0.51
830.73,-38.64,5.73,-1.35,7.44,-0.20,-0.64,-0.14,-5.41,-0.30,7.75,0.03,-1.50,-0.38
830.74,-40.10,5.33,-1.63,7.31,-0.18,-0.44,-0.25,-5.88,-0.69,7.25,0.07,-1.06,-0.27
830.75,-41.85,4.49,-2.05,7.01,-0.16,-0.20,-0.38,-6.21,-0.84,6.74,0.11,-0.64,-0.20
830.76,-43.63,3.80,-2.13,6.82,-0.16,-0.02,-0.53,-6.29,-0.72,6.26,0.16,-0.24,-0.21
830.78,-45.14,2.87,-0.80,6.91,-0.12,0.45,-0.57,-3.43,0.67,6.53,0.07,0.40,-0.27
830.79,-44.89,4.05,0.21,7.83,-0.12,0.73,-0.46,0.55,3.32,11.28,-0.83,0.84,-0.36
830.81,-43.93,7.60,0.67,10.71,-0.47,1.00,-0.28,2.01,0.40,18.04,-1.46,1.38,-0.50
830.82,-44.02,10.61,-0.28,12.04,-0.63,0.92,-0.44,0.51,-1.47,19.84,-0.58,1.53,-0.68
830.83,-44.65,10.79,-1.59,13.05,-0.41,0.62,-1.04,-1.41,0.86,15.02,1.06,1.41,-1.04
830.85,-45.53,8.10,-0.73,11.55,0.04,0.39,-1.70,-2.60,1.50,8.95,1.40,1.37,-1.47
830.86,-47.81,4.68,-0.06,9.99,0.12,0.28,-2.30,-4.93,0.96,4.80,0.69,1.47,-1.59
830.87,-50.45,1.65,-0.48,8.88,-0.23,0.48,-2.28,-8.07,-0.50,6.05,0.01,1.71,-1.05
830.89,-52.19,-0.35,-1.36,8.68,-0.61,0.81,-1.74,-8.50,-0.73,7.64,-0.12,1.70,-0.67
830.90,-51.64,-2.19,-2.37,9.28,-0.81,1.24,-1.11,-7.27,-0.79,9.13,-0.19,1.61,-0.40
830.91,-48.79,-2.46,-2.97,10.91,-0.58,1.56,-0.41,-5.96,-1.03,10.28,-0.12,1.41,-0.28
830.93,-46.05,-0.41,-2.44,10.93,-0.19,1.61,0.14,-4.80,-0.47,9.76,0.14,1.26,-0.27
830.95,-44.57,1.22,-1.90,9.99,-0.10,1.42,0.14,-4.59,-0.36,9.01,0.15,1.28,-0.25
830.97,-44.54,2.48,-1.39,9.33,-0.11,1.11,-0.02,-4.30,-0.22,8.25,0.10,1.27,-0.24
830.98,-44.80,3.62,-0.85,8.87,-0.20,0.90,-0.21,-3.82,-0.19,8.12,0.01,1.22,-0.36
831.00,-45.26,3.62,-0.89,8.87,-0.28,0.85,-0.33,-3.76,-0.37,8.69,-0.05,1.17,-0.48
831.01,-45.34,3.06,-1.27,8.96,-0.34,0.87,-0.37,-4.07,-0.63,9.35,-0.04,1.13,-0.57
831.02,-45.40,2.63,-1.48,9.01,-0.35,0.90,-0.36,-4.41,-0.83,9.80,0.00,1.12,-0.54
831.04,-45.04,2.05,-1.64,9.08,-0.31,0.93,-0.29,-4.79,-0.86,9.65,0.06,1.15,-0.35
831.05,-45.12,2.11,-1.59,9.09,-0.30,0.92,-0.21,-4.99,-0.77,9.06,0.06,1.18,-0.16
831.07,-45.11,2.32,-1.45,9.07,-0.34,0.90,-0.13,-4.79,-0.64,8.62,0.03,1.16,0.05
831.08,-45.19,2.21,-1.45,9.22,-0.38,0.88,-0.08,-4.24,-0.40,8.53,-0.00,1.11,0.08
831.10,-44.92,1.92,-1.45,9.41,-0.37,0.87,-0.05,-3.93,-0.19,8.60,-0.01,1.07,-0.11
831.12,-43.85,1.07,-1.23,9.59,-0.23,0.86,0.13,-4.40,0.07,8.61,-0.04,1.06,-0.16
831.14,-43.16,0.81,-0.89,9.45,-0.16,0.83,0.28,-5.01,0.10,8.55,-0.07,1.04,-0.14
831.15,-42.98,0.86,-0.75,9.38,-0.14,0.81,0.37,-5.39,0.06,8.52,-0.09,1.02,-0.06
831.16,-42.97,1.00,-0.68,9.34,-0.15,0.79,0.53,-5.58,0.02,8.47,-0.11,1.01,0.09
831.18,-42.89,1.40,-0.82,9.49,-0.19,0.78,0.67,-5.66,-0.04,8.46,-0.14,1.02,0.26
831.20,-43.12,1.82,-1.07,9.93,-0.20,0.81,0.80,-5.54,-0.08,8.53,-0.18,1.03,0.38
831.22,-43.27,2.01,-1.24,10.19,-0.13,0.84,0.80,-5.36,-0.04,8.57,-0.20,1.05,0.42
831.23,-43.43,2.35,-1.25,10.17,-0.06,0.84,0.77,-5.19,-0.07,8.68,-0.23,1.07,0.40
831.25,-43.86,2.99,-1.11,9.95,-0.01,0.82,0.65,-5.07,-0.10,9.01,-0.24,1.09,0.35
831.26,-44.18,3.45,-1.02,9.82,-0.03,0.84,0.58,-5.04,-0.12,9.21,-0.23,1.10,0.31
831.28,-44.59,3.82,-1.00,9.85,-0.03,0.87,0.46,-4.97,-0.10,9.40,-0.21,1.12,0.27
831.29,-45.05,4.01,-0.94,9.93,-0.02,0.95,0.36,-4.80,0.01,9.64,-0.20,1.17,0.25
831.30,-45.31,3.98,-0.90,9.94,-0.02,1.03,0.30,-4.68,0.03,9.89,-0.19,1.23,0.24
831.32,-45.48,3.85,-0.89,9.88,-0.01,1.09,0.28,-4.65,-0.01,10.17,-0.17,1.31,0.23
831.33,-45.64,3.60,-0.80,9.77,-0.00,1.12,0.28,-4.66,-0.00,10.48,-0.15,1.39,0.28
831.34,-45.74,3.47,-0.92,9.73,0.00,1.11,0.35,-5.03,-0.17,11.05,-0.12,1.49,0.33
831.36,-45.93,3.48,-0.95,9.96,-0.02,1.07,0.41,-5.62,-0.55,12.07,-0.11,1.54,0.37
831.37,-46.11,3.79,-1.11,10.82,-0.14,1.01,0.42,-5.72,-1.06,13.35,-0.04,1.61,0.49
831.38,-46.30,4.29,-2.53,12.31,-0.23,0.84,0.29,-5.05,-1.06,13.77,0.23,1.69,0.60
831.39,-46.44,4.41,-3.19,12.37,-0.07,0.71,0.22,-4.03,-0.51,13.30,0.38,1.78,0.66
831.41,-46.60,5.20,-2.37,10.97,0.36,0.39,0.08,-1.76,-0.76,14.76,0.33,1.88,0.45
831.43,-47.22,5.88,-1.96,10.40,0.38,0.07,-0.07,-1.64,-1.53,15.75,0.43,1.86,0.22
831.44,-47.55,6.00,-1.94,10.16,0.33,-0.17,-0.30,-2.33,-1.85,15.43,0.67,1.81,0.01
831.46,-48.56,5.47,-1.81,10.05,0.25,-0.50,-0.58,-3.46,-1.50,13.69,0.87,1.75,-0.16
831.47,-50.19,4.20,-1.41,10.38,0.21,-0.81,-0.84,-4.81,-0.85,11.19,0.90,1.67,-0.26
831.48,-52.21,2.44,-1.07,11.10,0.19,-0.98,-1.05,-6.62,-0.47,7.92,0.72,1.46,-0.15
831.50,-54.03,0.53,-1.25,11.73,0.15,-1.03,-0.91,-7.61,-1.03,6.39,0.58,1.18,0.01
831.51,-55.23,-0.70,-1.70,11.96,0.21,-1.10,-0.59,-8.00,-1.49,5.39,0.42,0.90,0.06
831.52,-56.24,-1.40,-1.74,11.98,0.36,-1.15,-0.16,-8.08,-1.20,4.65,0.11,0.58,0.16
831.54,-57.12,-1.43,-1.22,11.98,0.53,-1.25,0.37,-7.49,0.03,4.61,-0.40,0.11,0.49
831.55,-57.29,-1.16,-0.50,11.48,0.61,-1.31,0.66,-7.04,0.93,5.28,-0.71,-0.32,0.77
831.56,-56.69,-0.83,0.07,10.38,0.63,-1.41,0.87,-6.83,0.97,6.21,-0.66,-0.98,0.97
831.58,-56.07,-0.47,0.41,9.51,0.62,-1.53,0.90,-6.75,1.14,5.96,-0.50,-1.35,0.96
831.59,-55.54,-0.03,0.71,8.86,0.57,-1.66,0.87,-6.51,1.35,5.47,-0.47,-1.68,0.92
831.61,-55.16,0.50,0.91,8.56,0.49,-1.77,0.81,-6.23,1.28,5.00,-0.56,-1.98,0.87
831.62,-55.15,1.11,0.91,8.64,0.36,-1.87,0.75,-6.10,1.29,4.62,-0.78,-2.34,0.76
831.63,-54.96,1.56,0.54,9.08,0.21,-1.92,0.70,-6.09,1.25,4.72,-0.99,-2.63,0.63
831.64,-54.35,1.71,0.19,9.38,0.13,-1.92,0.68,-6.20,1.10,5.26,-1.14,-2.91,0.50
831.66,-53.70,1.79,-0.27,9.67,0.05,-1.90,0.68,-6.52,0.99,5.96,-1.19,-3.18,0.41
831.67,-52.81,1.84,-0.58,9.75,0.01,-1.86,0.65,-6.92,0.86,6.59,-1.16,-3.43,0.39
831.68,-52.22,1.81,-0.70,9.60,0.00,-1.80,0.63,-7.21,0.70,6.91,-1.09,-3.62,0.51
831.69,-50.81,1.67,-0.69,9.21,0.01,-1.74,0.59,-7.22,0.77,6.88,-1.03,-3.75,0.84
831.71,-49.24,1.54,-0.59,8.78,0.03,-1.69,0.57,-6.53,1.14,6.80,-1.07,-3.88,1.22
831.72,-47.26,1.60,-0.45,8.43,0.05,-1.65,0.55,-5.14,1.52,7.22,-1.14,-3.97,1.42
831.74,-43.40,1.73,-0.35,8.15,0.05,-1.60,0.52,-3.08,1.95,8.31,-1.15,-4.02,1.24
831.75,-40.88,2.03,-0.37,8.04,0.05,-1.57,0.56,-2.11,2.08,8.84,-1.10,-3.98,0.86
831.77,-37.15,2.12,-0.36,8.01,0.04,-1.56,0.56,-1.35,2.02,9.32,-1.01,-3.88,-0.08
831.78,-32.85,2.12,-0.36,8.01,0.04,-1.56,0.56,-1.56,1.48,9.73,-0.85,-3.71,-0.59
831.80,-29.98,2.12,-0.36,8.01,0.04,-1.56,0.56,-2.68,1.03,9.90,-0.71,-3.52,-1.05
831.82,-27.10,2.12,-0.36,8.01,0.04,-1.56,0.56,-5.04,-0.14,9.77,-0.39,-2.99,-0.82
831.84,-26.55,2.12,-0.36,8.01,0.04,-1.56,0.56,-5.42,-0.21,9.28,-0.36,-2.23,-0.12
831.86,-26.83,2.12,-0.36,8.01,0.04,-1.56,0.56,-5.58,-0.32,8.93,-0.38,-1.74,0.37
831.87,-27.54,2.12,-0.36,8.01,0.04,-1.56,0.56,-5.65,-0.34,8.50,-0.36,-1.27,0.81
831.89,-28.90,2.12,-0.36,8.01,0.04,-1.56,0.56,-5.49,-0.41,7.99,-0.31,-0.74,1.18
831.90,-30.62,2.12,-0.36,8.01,0.04,-1.56,0.56,-5.13,-0.41,7.53,-0.23,-0.27,1.28
831.92,-32.16,2.12,-0.36,8.01,0.04,-1.56,0.56,-4.80,-0.31,7.15,-0.15,0.05,1.16
831.93,-34.23,2.12,-0.36,8.01,0.04,-1.56,0.56,-4.34,-0.11,6.65,-0.01,0.37,0.45
831.96,-35.86,2.12,-0.36,8.01,0.04,-1.56,0.56,1.99,3.47,11.10,-0.68,0.84,0.29
831.97,-34.93,2.12,-0.36,8.01,0.04,-1.56,0.56,3.98,-1.32,21.25,-1.20,1.09,-0.25
831.99,-34.78,2.12,-0.36,8.01,0.04,-1.56,0.56,0.92,-0.86,18.62,0.69,1.13,-0.81
832.00,-35.04,2.12,-0.36,8.01,0.04,-1.56,0.56,-0.80,0.63,11.90,1.59,1.10,-1.27
832.02,-35.87,2.12,-0.36,8.01,0.04,-1.56,0.56,-2.22,0.51,6.71,1.26,1.15,-1.62
832.03,-38.53,2.12,-0.36,8.01,0.04,-1.56,0.56,-4.89,-0.85,5.52,0.39,1.37,-1.45
832.04,-41.13,2.12,-0.36,8.01,0.04,-1.56,0.56,-6.32,-1.53,7.03,0.04,1.51,-1.05
832.05,-43.50,2.12,-0.36,8.01,0.04,-1.56,0.56,-6.67,-1.58,8.63,-0.02,1.53,-0.75
832.07,-46.08,2.12,-0.36,8.01,0.04,-1.56,0.56,-5.58,-1.36,10.10,0.05,1.32,-0.47
832.09,-47.63,2.12,-0.36,8.01,0.04,-1.56,0.56,-5.42,-1.09,10.45,0.14,1.16,-0.31
832.10,-48.70,2.12,-0.36,8.01,0.04,-1.56,0.56,-5.06,-0.63,10.23,0.24,1.18,-0.15
832.11,-49.69,2.12,-0.36,8.01,0.04,-1.56,0.56,-4.23,0.04,9.24,0.24,1.27,-0.02
832.13,-50.92,2.12,-0.36,8.01,0.04,-1.56,0.56,-3.30,0.39,8.29,0.17,1.29,-0.06
832.14,-51.62,2.12,-0.36,8.01,0.04,-1.56,0.56,-2.90,0.33,8.07,0.11,1.18,-0.26
832.15,-51.94,2.12,-0.36,8.01,0.04,-1.56,0.56,-3.06,0.07,8.31,0.09,1.09,-0.42
832.24,-52.44,2.12,-0.36,8.01,0.04,-1.56,0.56,-3.78,-0.64,9.21,0.06,0.94,-0.62
832.25,-52.94,2.12,-0.36,8.01,0.04,-1.56,0.56,-4.18,-1.03,9.60,0.08,0.93,-0.58
832.26,-53.44,2.12,-0.36,8.01,0.04,-1.56,0.56,-4.64,-1.27,9.24,0.08,1.02,-0.37
832.27,-55.18,2.12,-0.36,8.01,0.04,-1.56,0.56,-4.76,-1.03,8.41,-0.03,1.14,0.19
832.29,-56.12,2.12,-0.36,8.01,0.04,-1.56,0.56,-3.25,-0.94,10.05,0.08,0.92,0.20
832.30,-55.89,2.12,-0.36,8.01,0.04,-1.56,0.56,-3.52,-0.25,9.05,0.17,0.94,-0.41
832.32,-56.52,2.12,-0.36,8.01,0.04,-1.56,0.56,-4.92,-0.37,8.48,0.12,0.90,-0.47
832.33,-57.11,2.12,-0.36,8.01,0.04,-1.56,0.56,-5.61,-0.49,8.41,0.10,0.86,-0.34
832.34,-58.11,2.12,-0.36,8.01,0.04,-1.56,0.56,-5.99,-0.49,8.38,0.08,0.79,-0.17
832.36,-59.36,2.12,-0.36,8.01,0.04,-1.56,0.56,-5.37,-0.26,8.61,0.01,0.79,0.24
832.39,-59.70,2.12,-0.36,8.01,0.04,-1.56,0.56,-5.02,-0.14,8.78,-0.03,0.81,0.32
832.40,-59.86,2.12,-0.36,8.01,0.04,-1.56,0.56,-4.87,-0.11,8.92,-0.04,0.81,0.33
832.41,-60.04,2.12,-0.36,8.01,0.04,-1.56,0.56,-4.99,-0.08,8.87,-0.04,0.81,0.31
832.43,-60.23,2.12,-0.36,8.01,0.04,-1.56,0.56,-5.15,-0.00,8.71,-0.05,0.81,0.30
832.44,-60.56,2.12,-0.36,8.01,0.04,-1.56,0.56,-5.32,0.09,8.50,-0.07,0.81,0.30
832.46,-60.86,2.12,-0.36,8.01,0.04,-1.56,0.56,-5.47,0.05,8.41,-0.10,0.81,0.33
832.47,-61.17,2.12,-0.36,8.01,0.04,-1.56,0.56,-5.60,-0.06,8.41,-0.11,0.80,0.37
832.48,-25.44,-0.26,-0.21,0.89,0.27,0.50,1.13,-5.61,-0.16,8.43,-0.12,0.79,0.43
832.49,-26.09,0.07,-0.85,3.82,0.31,0.50,1.20,-5.57,-0.27,8.43,-0.13,0.78,0.52
832.51,-27.36,0.57,-1.53,6.60,0.40,0.48,1.35,-5.36,-0.54,8.47,-0.17,0.82,0.67
832.53,-28.36,0.94,-1.90,7.49,0.47,0.45,1.50,-5.31,-0.83,8.52,-0.20,0.86,0.76
832.54,-29.24,1.21,-2.17,7.88,0.51,0.43,1.63,-5.49,-1.11,8.56,-0.22,0.91,0.87
832.55,-30.56,1.51,-2.43,8.28,0.53,0.40,1.78,-5.76,-1.32,8.64,-0.24,0.97,1.04
832.57,-31.67,1.67,-2.58,8.63,0.55,0.39,1.88,-6.07,-1.29,8.50,-0.25,1.01,1.19
832.58,-33.71,1.65,-2.81,9.27,0.64,0.39,2.03,-6.82,-0.94,7.63,-0.29,1.07,1.45
832.60,-35.61,1.49,-2.79,9.95,0.70,0.43,2.03,-8.20,-1.74,8.46,-0.34,1.04,1.49
832.62,-36.53,1.68,-2.17,11.01,0.56,0.46,1.93,-8.42,-1.74,10.30,-0.40,0.95,1.57
832.63,-37.28,1.82,-2.86,12.37,0.44,0.49,1.84,-8.19,-1.43,10.96,-0.23,0.86,1.71
832.64,-37.85,1.18,-3.20,13.41,0.58,0.53,1.81,-7.19,-0.05,9.17,-0.08,0.82,1.68
832.66,-38.36,0.48,-2.41,12.81,0.90,0.40,1.79,-6.21,0.31,8.81,-0.42,0.85,1.41
832.67,-38.52,0.46,-1.75,11.97,0.95,0.23,1.85,-6.57,-0.47,10.29,-0.63,0.85,1.28
832.68,-38.75,0.70,-1.61,11.62,0.83,0.07,2.00,-7.41,-1.51,11.62,-0.72,0.81,1.31
832.70,-39.40,1.02,-2.06,11.94,0.71,-0.15,2.22,-8.21,-2.44,11.31,-0.78,0.77,1.67
832.72,-40.43,0.82,-2.19,12.03,0.74,-0.33,2.37,-8.65,-2.56,8.99,-1.05,0.86,2.01
832.73,-42.45,-0.19,-1.95,11.50,0.80,-0.51,2.63,-9.33,-2.94,6.21,-1.60,0.96,2.61
832.74,-44.34,-1.29,-1.77,10.70,0.82,-0.63,2.95,-9.75,-3.35,4.57,-2.17,0.96,3.28
832.76,-47.18,-2.85,-1.75,9.35,0.83,-0.79,3.64,-9.41,-3.91,4.36,-3.11,0.72,4.67
832.78,-47.80,-3.14,-1.96,8.84,0.85,-0.85,4.08,-8.11,-3.96,5.20,-3.45,0.58,5.22
832.79,-48.11,-2.99,-2.11,8.46,0.87,-0.89,4.52,-6.08,-3.62,5.91,-3.75,0.57,5.36
832.80,-47.63,-2.42,-2.01,7.95,0.82,-0.88,5.04,-4.08,-3.06,5.99,-4.20,0.78,5.13
832.82,-47.26,-1.80,-1.93,7.49,0.71,-0.84,5.25,-3.77,-2.45,5.11,-4.54,1.02,4.72
832.83,-47.46,-1.54,-2.17,7.21,0.57,-0.78,5.39,-4.43,-1.97,4.29,-4.78,1.13,4.33
832.84,-48.66,-1.38,-2.64,7.01,0.39,-0.71,5.48,-5.61,-1.83,3.87,-5.02,1.11,3.86
832.86,-49.67,-1.39,-2.97,7.05,0.22,-0.62,5.47,-6.47,-1.99,4.04,-5.13,1.02,3.61
832.87,-50.56,-1.24,-3.24,7.42,0.08,-0.50,5.40,-7.16,-2.22,4.50,-5.15,0.85,3.49
832.88,-51.65,-0.93,-3.43,8.28,-0.11,-0.29,5.22,-7.14,-2.11,4.89,-5.02,0.63,3.48
832.90,-52.00,-0.58,-3.61,8.85,-0.24,-0.14,4.99,-6.97,-1.84,5.00,-4.91,0.45,3.49
832.92,-52.18,-0.02,-3.90,9.30,-0.30,-0.09,4.76,-6.69,-1.73,5.35,-4.76,0.15,3.48
832.93,-51.93,0.71,-4.07,9.37,-0.27,-0.07,4.44,-6.20,-1.69,6.32,-4.57,-0.21,3.52
832.95,-51.47,1.51,-4.12,9.16,-0.19,-0.06,4.14,-5.26,-1.62,7.68,-4.31,-0.57,3.60
832.96,-50.20,2.23,-4.01,8.86,-0.10,-0.03,3.88,-4.05,-1.36,9.06,-3.94,-0.75,3.59
832.98,-48.83,2.72,-3.80,8.68,-0.05,0.01,3.68,-3.16,-1.01,9.96,-3.55,-0.92,3.47
832.99,-46.79,3.33,-3.04,8.75,-0.03,0.03,3.45,-2.07,-0.26,10.97,-3.08,-1.14,3.20
833.00,-43.60,4.83,-1.47,10.02,-0.08,-0.07,3.18,-1.54,2.49,14.42,-2.38,-1.44,3.10
833.02,-41.11,6.55,-0.40,11.29,-0.14,-0.27,2.87,-0.40,3.32,16.44,-1.46,-1.38,2.83
833.04,-39.82,8.13,0.03,11.88,-0.05,-0.40,2.42,0.86,4.82,15.56,-0.68,-0.97,2.09
833.05,-37.59,8.67,1.54,12.01,0.35,-0.51,1.42,2.38,5.57,13.73,-0.07,-0.72,0.87
833.07,-37.14,8.24,2.63,11.90,0.54,-0.51,0.89,3.47,4.25,13.40,-0.03,-0.69,-0.15
833.08,-35.35,7.27,2.05,11.69,0.55,-0.49,0.44,3.16,1.63,13.23,0.01,-0.78,-1.46
833.10,-33.46,5.57,0.42,11.34,0.51,-0.48,0.17,0.23,-0.00,12.31,0.11,-0.85,-2.25
833.11,-33.22,3.41,-1.21,10.60,0.48,-0.50,0.06,-4.56,-1.44,10.71,0.13,-0.80,-2.47
833.12,-33.52,1.48,-2.32,9.61,0.48,-0.55,0.14,-9.52,-2.97,9.22,0.04,-0.62,-1.92
833.13,-34.50,0.12,-2.65,8.79,0.46,-0.58,0.39,-12.10,-3.96,8.46,-0.08,-0.41,-0.71
833.15,-35.57,-0.29,-2.13,8.35,0.40,-0.57,0.60,-11.49,-3.53,8.30,-0.09,-0.32,0.63
833.16,-36.64,0.46,-1.22,8.60,0.27,-0.51,0.71,-7.77,-1.51,8.52,-0.05,-0.36,1.69
833.17,-36.79,1.33,-1.01,9.68,0.10,-0.44,0.85,-3.82,0.02,9.45,-0.12,-0.42,1.80
833.19,-36.09,2.08,-1.50,10.67,0.01,-0.44,1.00,-1.89,0.36,9.90,-0.05,-0.44,1.43
833.20,-34.88,2.76,-1.98,11.30,0.09,-0.51,1.05,-1.41,0.84,9.46,0.06,-0.44,0.88
833.21,-34.26,2.91,-1.94,11.20,0.29,-0.61,1.00,-1.92,1.16,8.87,0.08,-0.40,0.32
833.22,-34.17,2.74,-1.44,10.47,0.47,-0.66,0.94,-2.74,0.86,8.61,0.04,-0.35,-0.15
833.24,-34.23,2.61,-0.77,9.41,0.53,-0.63,0.87,-3.55,0.38,8.59,0.03,-0.33,-0.47
833.25,-34.56,2.52,-0.33,8.54,0.47,-0.58,0.81,-4.31,0.02,8.69,0.03,-0.35,-0.60
833.26,-35.27,2.73,-0.31,8.35,0.33,-0.47,0.71,-5.33,-0.31,8.79,0.07,-0.38,-0.52
833.28,-36.12,3.02,-0.62,8.63,0.25,-0.40,0.66,-5.97,-0.45,8.78,0.08,-0.38,-0.30
833.29,-37.07,3.41,-0.96,8.94,0.23,-0.34,0.57,-6.22,-0.54,8.82,0.06,-0.33,-0.00
833.30,-38.06,3.81,-1.18,9.20,0.23,-0.32,0.48,-6.04,-0.56,8.90,0.03,-0.25,0.46
833.32,-39.35,3.99,-1.08,9.32,0.22,-0.32,0.35,-4.94,-0.29,9.09,-0.03,-0.13,0.68
833.33,-39.90,3.84,-0.78,9.23,0.19,-0.31,0.30,-3.98,0.05,9.12,-0.03,-0.07,0.76
833.34,-40.08,3.39,-0.30,9.02,0.15,-0.26,0.29,-2.88,0.66,9.07,-0.01,-0.02,0.68
833.36,-39.79,2.93,0.14,8.80,0.13,-0.22,0.35,-2.28,1.17,8.98,0.01,0.02,0.45
833.37,-39.40,2.57,0.37,8.68,0.14,-0.21,0.47,-2.27,1.41,8.79,0.01,0.08,0.21
833.38,-39.09,2.46,0.33,8.62,0.16,-0.20,0.57,-2.71,1.42,8.73,-0.00,0.11,0.05
833.40,-39.09,2.20,0.04,8.77,0.15,-0.17,0.64,-4.84,0.79,8.91,-0.03,0.15,-0.14
833.41,-39.71,1.91,-0.13,9.34,0.06,-0.14,0.66,-6.59,0.13,8.81,-0.05,0.16,-0.14
833.42,-40.08,1.67,-0.56,10.36,-0.05,-0.04,0.70,-7.86,-0.07,8.63,-0.06,0.16,0.09
833.44,-40.72,1.04,-1.45,11.71,-0.13,0.20,0.82,-8.20,0.20,8.45,-0.10,0.15,0.60
833.46,-40.80,0.32,-2.14,12.45,0.05,0.42,1.01,-7.24,0.84,8.30,-0.16,0.13,0.95
833.47,-40.20,0.27,-1.54,11.89,0.44,0.49,1.25,-5.80,1.26,8.46,-0.20,0.09,1.00
833.49,-39.62,0.74,-0.77,11.01,0.57,0.42,1.34,-5.31,1.26,8.68,-0.21,0.07,0.94
833.50,-39.10,1.33,-0.38,10.28,0.54,0.33,1.38,-4.85,0.89,9.06,-0.21,0.04,0.85
833.51,-38.74,2.04,-0.50,9.94,0.41,0.27,1.39,-4.64,0.62,9.28,-0.19,0.01,0.77
833.52,-38.53,2.65,-0.94,9.90,0.29,0.27,1.35,-4.44,0.49,9.40,-0.18,-0.01,0.70
833.53,-38.37,3.03,-1.33,10.00,0.27,0.31,1.28,-4.23,0.44,9.50,-0.20,-0.01,0.64
833.54,-38.14,3.06,-1.40,10.02,0.38,0.28,1.16,-4.21,0.32,9.61,-0.26,0.04,0.63
833.57,-38.10,3.21,-0.68,9.81,0.47,0.16,1.08,-4.12,0.34,9.80,-0.37,0.11,0.78
833.58,-38.27,3.40,0.02,9.55,0.44,0.01,1.02,-3.57,0.56,10.14,-0.53,0.18,1.06
833.60,-38.39,3.54,0.14,9.65,0.37,-0.20,1.06,-2.83,0.99,10.98,-0.67,0.29,1.32
833.62,-38.52,3.95,0.10,9.87,0.41,-0.41,1.15,-2.19,1.37,11.91,-0.73,0.42,1.56
833.63,-38.89,4.43,0.48,9.83,0.56,-0.66,1.23,-1.50,1.63,12.76,-0.73,0.64,1.74
833.65,-39.24,4.52,0.88,9.59,0.67,-0.84,1.25,-1.46,1.80,12.77,-0.68,0.80,1.79
833.66,-40.24,4.36,1.39,9.24,0.75,-1.06,1.24,-1.90,1.96,11.97,-0.63,0.96,1.76
833.68,-41.30,4.01,1.61,9.12,0.78,-1.22,1.22,-2.49,2.04,10.94,-0.67,1.04,1.65
833.70,-44.13,2.86,1.75,9.51,0.83,-1.43,1.27,-4.32,2.09,8.38,-0.95,1.08,1.55
833.71,-46.77,1.61,1.80,10.15,0.85,-1.46,1.35,-6.03,2.00,6.39,-1.40,0.96,1.64
833.73,-48.12,0.53,1.55,10.57,0.83,-1.41,1.46,-7.02,1.63,5.33,-1.76,0.76,1.89
833.74,-49.68,-0.40,1.09,10.81,0.79,-1.30,1.64,-7.60,1.08,5.08,-2.09,0.43,2.32
833.75,-50.64,-0.99,0.46,10.79,0.77,-1.18,1.83,-7.60,0.73,5.43,-2.26,0.10,2.67
833.77,-50.97,-1.00,-0.26,10.57,0.78,-1.10,2.02,-6.87,0.38,6.42,-2.31,-0.54,3.24
833.78,-50.35,-0.56,-0.77,10.11,0.82,-1.09,2.20,-5.67,0.19,7.08,-2.17,-1.12,3.66
833.79,-48.68,0.48,-1.04,9.29,0.84,-1.15,2.41,-3.70,0.22,7.38,-1.99,-1.50,3.77
833.81,-46.49,1.74,-0.98,8.51,0.83,-1.18,2.54,-1.71,0.63,7.42,-1.89,-1.87,3.48
833.83,-44.14,3.20,-0.54,7.68,0.77,-1.16,2.55,-0.01,1.13,7.30,-1.85,-2.27,2.89
833.84,-42.05,3.97,-0.32,7.28,0.66,-1.14,2.49,0.52,1.36,7.84,-1.86,-2.54,2.28
833.85,-39.28,4.68,-0.20,6.98,0.53,-1.11,2.40,0.57,1.38,9.04,-1.82,-2.73,1.66
833.86,-37.35,5.44,-0.14,6.73,0.38,-1.09,2.28,0.07,1.28,10.50,-1.61,-2.78,1.07
833.88,-36.80,6.08,-0.17,6.65,0.26,-1.10,2.19,-1.17,1.02,11.13,-1.33,-2.63,0.83
833.90,-36.44,6.62,-0.21,6.62,0.19,-1.12,2.13,-2.15,0.74,10.97,-1.02,-2.41,0.90
833.91,-36.34,7.31,-0.27,6.59,0.14,-1.14,2.04,-2.23,0.83,10.54,-0.80,-2.22,1.03
833.92,-34.82,7.31,-0.27,6.59,0.14,-1.14,2.04,-1.79,0.99,10.06,-0.60,-1.93,1.05
833.94,-33.57,7.31,-0.27,6.59,0.14,-1.14,2.04,-1.49,0.97,9.87,-0.43,-1.55,0.90
833.95,-32.86,7.31,-0.27,6.59,0.14,-1.14,2.04,-1.64,0.89,9.72,-0.27,-1.22,0.69
833.96,-32.58,7.31,-0.27,6.59,0.14,-1.14,2.04,-2.37,0.62,8.97,-0.00,-0.72,0.39
833.98,-33.21,7.31,-0.27,6.59,0.14,-1.14,2.04,-3.24,0.40,7.91,0.22,-0.34,0.19
834.00,-34.69,7.31,-0.27,6.59,0.14,-1.14,2.04,-4.03,0.36,6.62,0.42,-0.04,-0.07
834.02,-38.26,7.31,-0.27,6.59,0.14,-1.14,2.04,-3.31,1.04,5.21,0.50,0.36,-0.21
834.03,-39.20,7.31,-0.27,6.59,0.14,-1.14,2.04,-1.21,2.26,7.07,-0.05,0.56,-0.38
834.05,-39.03,7.31,-0.27,6.59,0.14,-1.14,2.04,0.64,-0.52,14.99,-1.08,0.79,-0.40
834.07,-39.00,7.31,-0.27,6.59,0.14,-1.14,2.04,-0.83,-1.69,16.36,-0.30,0.64,-0.41
834.08,-39.30,7.31,-0.27,6.59,0.14,-1.14,2.04,-2.40,-0.34,13.36,0.53,0.63,-0.50
834.10,-40.17,7.31,-0.27,6.59,0.14,-1.14,2.04,-3.71,1.06,9.55,0.65,0.76,-0.62
834.11,-42.81,7.31,-0.27,6.59,0.14,-1.14,2.04,-5.24,0.78,7.37,0.25,1.10,-0.52
834.12,-44.93,7.31,-0.27,6.59,0.14,-1.14,2.04,-5.46,0.30,7.57,0.04,1.25,-0.40
834.14,-48.03,7.31,-0.27,6.59,0.14,-1.14,2.04,-5.04,-0.08,9.14,-0.10,1.14,-0.45
834.16,-49.85,7.31,-0.27,6.59,0.14,-1.14,2.04,-5.12,-0.73,10.01,-0.03,0.90,-0.51
834.18,-51.51,7.31,-0.27,6.59,0.14,-1.14,2.04,-5.84,-1.10,10.01,0.07,0.82,-0.40
834.19,-52.72,7.31,-0.27,6.59,0.14,-1.14,2.04,-6.07,-0.82,9.48,0.14,0.83,-0.16
834.21,-54.20,7.31,-0.27,6.59,0.14,-1.14,2.04,-5.40,-0.19,8.75,0.09,0.84,0.04
834.22,-55.30,7.31,-0.27,6.59,0.14,-1.14,2.04,-4.16,0.15,8.68,0.01,0.84,0.18
834.24,-55.84,7.31,-0.27,6.59,0.14,-1.14,2.04,-3.19,0.28,9.10,-0.01,0.80,0.13
834.25,-56.01,7.31,-0.27,6.59,0.14,-1.14,2.04,-2.78,0.16,9.64,0.05,0.75,-0.16
834.27,-56.08,7.31,-0.27,6.59,0.14,-1.14,2.04,-3.06,0.01,9.63,0.10,0.74,-0.32
834.28,-56.69,7.31,-0.27,6.59,0.14,-1.14,2.04,-4.01,-0.14,8.92,0.12,0.76,-0.34
834.31,-57.21,7.31,-0.27,6.59,0.14,-1.14,2.04,-4.30,-0.13,8.75,0.08,0.79,-0.07
834.34,-58.86,7.31,-0.27,6.59,0.14,-1.14,2.04,-4.23,0.06,9.07,0.05,0.82,0.03
834.36,-59.25,7.31,-0.27,6.59,0.14,-1.14,2.04,-4.18,0.22,9.06,0.06,0.84,0.04
834.37,-59.75,7.31,-0.27,6.59,0.14,-1.14,2.04,-4.25,0.41,8.88,0.05,0.86,0.04
834.39,-60.45,7.31,-0.27,6.59,0.14,-1.14,2.04,-4.48,0.53,8.59,0.03,0.89,0.04
834.40,-60.98,7.31,-0.27,6.59,0.14,-1.14,2.04,-4.62,0.51,8.51,0.01,0.91,0.02
834.42,-62.51,7.31,-0.27,6.59,0.14,-1.14,2.04,-5.34,0.29,8.49,-0.02,0.92,0.07
834.45,-63.20,7.31,-0.27,6.59,0.14,-1.14,2.04,-5.58,0.25,8.47,-0.02,0.93,0.19
834.46,-64.23,7.31,-0.27,6.59,0.14,-1.14,2.04,-5.59,0.25,8.49,-0.04,0.94,0.26
834.48,-64.83,7.31,-0.27,6.59,0.14,-1.14,2.04,-5.38,0.25,8.63,-0.06,0.97,0.33
834.49,-65.72,7.31,-0.27,6.59,0.14,-1.14,2.04,-4.86,0.20,9.01,-0.07,1.05,0.37
834.51,-65.97,7.31,-0.27,6.59,0.14,-1.14,2.04,-4.46,0.24,9.29,-0.05,1.08,0.35
834.52,-66.07,7.31,-0.27,6.59,0.14,-1.14,2.04,-3.99,0.23,9.82,-0.03,1.13,0.29
834.54,-65.99,7.31,-0.27,6.59,0.14,-1.14,2.04,-3.75,0.16,10.51,-0.00,1.20,0.22
834.55,-65.86,7.31,-0.27,6.59,0.14,-1.14,2.04,-3.76,0.14,11.25,0.02,1.27,0.16
834.57,-65.75,7.31,-0.27,6.59,0.14,-1.14,2.04,-4.09,-0.20,12.51,0.01,1.36,0.06
834.58,-65.59,7.31,-0.27,6.59,0.14,-1.14,2.04,-4.13,-0.92,14.74,0.03,1.47,0.06
834.59,-65.35,7.31,-0.27,6.59,0.14,-1.14,2.04,-3.52,-1.15,15.72,0.20,1.58,0.15
834.61,-64.84,7.31,-0.27,6.59,0.14,-1.14,2.04,-2.23,-0.47,15.43,0.40,1.75,0.19
834.62,-50.11,6.96,-1.80,10.83,0.17,-0.64,0.16,-1.02,-0.55,16.07,0.36,1.88,0.13
834.64,-51.25,2.91,-1.05,4.61,0.16,-0.80,0.13,-1.16,-1.40,16.66,0.47,1.93,0.04
834.66,-52.42,3.94,-1.55,6.78,0.18,-1.08,-0.06,-2.83,-1.59,15.04,0.67,1.89,-0.05
834.67,-53.67,3.61,-1.38,7.89,0.22,-1.25,-0.33,-4.43,-1.16,12.42,0.72,1.82,-0.08
834.68,-54.74,2.80,-1.05,8.58,0.24,-1.33,-0.54,-5.71,-0.93,10.07,0.65,1.74,-0.03
834.70,-59.28,2.48,-0.93,8.80,0.24,-1.35,-0.61,-7.95,-0.81,4.85,-0.22,1.16,0.75
834.73,-61.04,2.48,-0.93,8.80,0.24,-1.35,-0.61,-6.82,0.12,5.03,-0.64,0.58,1.09
834.74,-61.57,2.48,-0.93,8.80,0.24,-1.35,-0.61,-5.55,1.07,5.71,-0.77,-0.10,1.12
834.76,-60.82,2.48,-0.93,8.80,0.24,-1.35,-0.61,-4.90,1.77,5.36,-0.73,-0.87,0.62
834.78,-60.27,2.48,-0.93,8.80,0.24,-1.35,-0.61,-5.00,1.75,4.80,-0.78,-1.21,0.38
834.79,-59.48,2.48,-0.93,8.80,0.24,-1.35,-0.61,-5.85,1.32,4.21,-0.94,-1.76,0.21
834.81,-59.08,2.48,-0.93,8.80,0.24,-1.35,-0.61,-6.47,1.06,4.23,-1.10,-2.09,0.21
834.82,-58.53,2.48,-0.93,8.80,0.24,-1.35,-0.61,-6.95,0.71,4.64,-1.26,-2.43,0.29
834.84,-57.69,2.48,-0.93,8.80,0.24,-1.35,-0.61,-7.26,0.25,5.37,-1.35,-2.74,0.43
834.85,-56.20,2.48,-0.93,8.80,0.24,-1.35,-0.61,-7.23,-0.03,6.28,-1.33,-3.08,0.71
834.86,-54.28,2.48,-0.93,8.80,0.24,-1.35,-0.61,-6.70,0.22,6.79,-1.24,-3.34,0.99
834.88,-52.07,2.48,-0.93,8.80,0.24,-1.35,-0.61,-5.98,0.73,6.81,-1.19,-3.54,1.19
834.89,-50.63,2.48,-0.93,8.80,0.24,-1.35,-0.61,-5.49,1.08,6.85,-1.20,-3.66,1.26
834.91,-46.64,2.48,-0.93,8.80,0.24,-1.35,-0.61,-3.92,1.54,7.70,-1.28,-3.85,1.19
834.92,-43.86,2.48,-0.93,8.80,0.24,-1.35,-0.61,-2.84,1.65,8.38,-1.30,-3.89,0.98
834.93,-40.85,2.48,-0.93,8.80,0.24,-1.35,-0.61,-1.99,1.79,8.86,-1.27,-3.89,0.64
834.95,-37.03,2.48,-0.93,8.80,0.24,-1.35,-0.61,-1.56,1.75,9.28,-1.16,-3.86,0.05
834.96,-32.73,2.48,-0.93,8.80,0.24,-1.35,-0.61,-1.65,1.16,9.73,-0.99,-3.80,-0.69
834.98,-29.08,2.48,-0.93,8.80,0.24,-1.35,-0.61,-2.47,0.45,10.29,-0.84,-3.64,-1.16
835.00,-27.20,2.48,-0.93,8.80,0.24,-1.35,-0.61,-3.36,-0.16,10.59,-0.73,-3.45,-1.25
835.01,-25.33,2.48,-0.93,8.80,0.24,-1.35,-0.61,-4.53,-0.89,10.69,-0.60,-2.98,-1.04
835.03,-24.69,2.48,-0.93,8.80,0.24,-1.35,-0.61,-4.95,-1.10,10.48,-0.57,-2.56,-0.67
835.04,-24.55,2.48,-0.93,8.80,0.24,-1.35,-0.61,-5.16,-1.28,9.84,-0.54,-1.83,-0.02
835.06,-25.84,2.48,-0.93,8.80,0.24,-1.35,-0.61,-4.88,-1.11,8.88,-0.50,-0.84,0.56
835.08,-27.01,2.48,-0.93,8.80,0.24,-1.35,-0.61,-4.91,-0.98,8.34,-0.46,-0.37,0.66
835.09,-29.47,2.48,-0.93,8.80,0.24,-1.35,-0.61,-5.04,-0.79,7.29,-0.36,0.25,0.56
835.11,-31.52,2.48,-0.93,8.80,0.24,-1.35,-0.61,-5.01,-0.61,6.53,-0.26,0.59,0.34
835.12,-34.43,2.48,-0.93,8.80,0.24,-1.35,-0.61,-5.01,-0.37,5.89,-0.10,0.90,-0.08
835.14,-36.89,2.48,-0.93,8.80,0.24,-1.35,-0.61,-5.01,-0.07,5.64,0.07,1.06,-0.50
835.15,-38.96,2.48,-0.93,8.80,0.24,-1.35,-0.61,-2.68,0.91,6.02,0.17,1.24,-0.70
835.16,-38.15,2.48,-0.93,8.80,0.24,-1.35,-0.61,6.17,6.60,17.85,-1.91,0.91,-0.54
835.18,-36.50,2.48,-0.93,8.80,0.24,-1.35,-0.61,6.15,-5.08,26.64,0.04,0.93,-2.11
835.20,-36.21,2.48,-0.93,8.80,0.24,-1.35,-0.61,-0.82,-0.34,13.64,2.72,0.95,-3.08
835.22,-39.45,2.48,-0.93,8.80,0.24,-1.35,-0.61,-5.11,1.26,1.85,1.53,1.30,-2.80
835.23,-44.98,2.48,-0.93,8.80,0.24,-1.35,-0.61,-8.33,-0.66,2.86,-0.22,1.74,-1.81
835.25,-48.61,2.48,-0.93,8.80,0.24,-1.35,-0.61,-9.67,-1.90,5.99,-0.47,1.78,-0.93
835.26,-51.20,2.48,-0.93,8.80,0.24,-1.35,-0.61,-8.91,-2.01,9.03,-0.32,1.39,-0.32
835.27,-52.63,2.48,-0.93,8.80,0.24,-1.35,-0.61,-7.40,-2.38,11.42,-0.23,1.02,0.02
835.28,-53.97,2.48,-0.93,8.80,0.24,-1.35,-0.61,-5.48,-1.79,11.58,0.13,1.11,0.59
835.30,-54.71,2.48,-0.93,8.80,0.24,-1.35,-0.61,-3.78,-0.55,9.78,0.18,1.35,0.67
835.32,-55.13,2.48,-0.93,8.80,0.24,-1.35,-0.61,-2.32,0.03,8.25,0.13,1.40,0.40
835.33,-55.18,2.48,-0.93,8.80,0.24,-1.35,-0.61,-1.74,0.16,7.58,0.11,1.29,-0.02
835.35,-54.97,2.48,-0.93,8.80,0.24,-1.35,-0.61,-2.05,-0.28,8.09,0.05,1.05,-0.82
835.37,-54.93,2.48,-0.93,8.80,0.24,-1.35,-0.61,-3.92,-1.56,10.28,0.02,0.89,-0.96
835.39,-55.16,2.48,-0.93,8.80,0.24,-1.35,-0.61,-4.77,-1.95,10.49,0.09,0.96,-0.78
835.40,-56.58,2.48,-0.93,8.80,0.24,-1.35,-0.61,-5.79,-1.61,8.50,0.10,1.22,0.08
835.42,-57.90,2.48,-0.93,8.80,0.24,-1.35,-0.61,-5.68,-1.48,7.71,-0.00,1.25,0.43
835.44,-58.79,2.48,-0.93,8.80,0.24,-1.35,-0.61,-5.10,-1.37,7.79,-0.05,1.18,0.64
835.45,-59.34,2.48,-0.93,8.80,0.24,-1.35,-0.61,-3.43,-0.93,8.87,-0.07,1.03,0.65
835.48,-58.67,2.48,-0.93,8.80,0.24,-1.35,-0.61,-2.55,-0.58,9.75,-0.01,0.99,0.29
835.49,-58.28,2.48,-0.93,8.80,0.24,-1.35,-0.61,-2.88,-0.41,9.50,0.04,1.01,0.05
835.50,-58.14,2.48,-0.93,8.80,0.24,-1.35,-0.61,-3.60,-0.37,9.05,0.03,1.04,-0.12
835.52,-58.29,2.48,-0.93,8.80,0.24,-1.35,-0.61,-4.34,-0.38,8.62,0.02,1.05,-0.20
835.53,-58.79,2.48,-0.93,8.80,0.24,-1.35,-0.61,-5.09,-0.52,8.39,-0.04,1.04,-0.19
835.54,-59.32,2.48,-0.93,8.80,0.24,-1.35,-0.61,-5.57,-0.71,8.42,-0.08,1.03,-0.09
835.56,-60.19,2.48,-0.93,8.80,0.24,-1.35,-0.61,-6.04,-0.76,8.59,-0.11,1.02,0.13
835.57,-60.75,2.48,-0.93,8.80,0.24,-1.35,-0.61,-6.06,-0.69,8.71,-0.13,1.02,0.28
835.59,-61.26,2.48,-0.93,8.80,0.24,-1.35,-0.61,-5.96,-0.57,8.82,-0.16,1.05,0.40
835.60,-61.69,2.48,-0.93,8.80,0.24,-1.35,-0.61,-5.77,-0.43,8.87,-0.18,1.08,0.48
835.61,-62.05,2.48,-0.93,8.80,0.24,-1.35,-0.61,-5.52,-0.23,8.91,-0.21,1.10,0.51
835.62,-62.31,2.48,-0.93,8.80,0.24,-1.35,-0.61,-5.26,-0.10,8.99,-0.23,1.10,0.47
835.63,-62.50,2.48,-0.93,8.80,0.24,-1.35,-0.61,-5.05,0.03,9.13,-0.25,1.10,0.29
835.65,-62.68,2.48,-0.93,8.80,0.24,-1.35,-0.61,-5.19,0.11,9.39,-0.33,1.14,0.19
835.67,-62.97,2.48,-0.93,8.80,0.24,-1.35,-0.61,-5.53,0.09,9.54,-0.41,1.22,0.24
835.69,-63.31,2.48,-0.93,8.80,0.24,-1.35,-0.61,-5.69,-0.03,9.81,-0.49,1.31,0.38
835.71,-63.52,2.48,-0.93,8.80,0.24,-1.35,-0.61,-5.59,-0.09,10.20,-0.53,1.38,0.57
835.72,-63.72,2.48,-0.93,8.80,0.24,-1.35,-0.61,-5.57,-0.59,11.86,-0.51,1.54,0.93
835.74,-63.70,2.48,-0.93,8.80,0.24,-1.35,-0.61,-5.46,-1.00,13.57,-0.48,1.61,1.03
835.76,-63.47,2.48,-0.93,8.80,0.24,-1.35,-0.61,-4.85,-1.35,14.84,-0.31,1.69,1.16
835.77,-63.11,2.48,-0.93,8.80,0.24,-1.35,-0.61,-3.81,-0.83,14.78,0.02,1.77,1.20
835.78,-35.76,1.44,-0.86,2.91,0.63,0.24,0.13,-2.72,-0.18,14.22,0.20,1.83,1.10
835.79,-36.54,2.89,-0.76,4.71,0.70,0.12,0.06,-0.89,0.05,14.11,0.23,1.90,0.70
835.81,-37.53,4.35,-0.96,6.27,0.66,-0.10,-0.12,-0.58,-0.98,15.15,0.33,1.94,0.41
835.82,-39.19,4.89,-1.50,7.41,0.58,-0.41,-0.38,-1.47,-1.50,15.13,0.50,1.89,0.12
835.84,-40.47,4.55,-1.60,8.21,0.54,-0.70,-0.62,-3.21,-1.53,13.51,0.76,1.74,0.04
835.85,-42.19,3.46,-1.36,9.20,0.52,-0.99,-0.89,-4.52,-1.14,11.28,0.87,1.55,0.06
835.86,-43.93,2.04,-1.10,10.21,0.50,-1.17,-0.99,-5.60,-0.78,8.62,0.85,1.24,0.26
835.88,-45.39,0.95,-1.24,10.98,0.48,-1.26,-0.89,-6.30,-1.11,7.01,0.70,0.92,0.27
835.89,-46.70,0.18,-1.38,11.68,0.55,-1.35,-0.63,-6.83,-1.34,6.13,0.37,0.67,0.25
835.90,-48.07,-0.18,-1.22,12.47,0.77,-1.45,-0.19,-7.09,-1.10,5.76,-0.13,0.36,0.37
835.92,-48.96,-0.28,-0.95,12.59,0.92,-1.50,0.11,-7.09,-0.55,5.85,-0.51,0.07,0.57
835.94,-49.62,-0.49,-0.71,11.66,0.96,-1.55,0.41,-7.06,-0.03,6.58,-0.86,-0.57,0.99
835.95,-49.67,-0.44,-0.62,10.19,0.91,-1.66,0.64,-7.00,-0.06,7.10,-0.77,-1.11,1.23
835.96,-49.18,-0.11,-0.51,9.13,0.83,-1.78,0.74,-7.22,0.22,6.79,-0.47,-1.78,1.39
835.97,-48.70,0.32,-0.38,8.40,0.74,-1.92,0.77,-7.15,0.33,6.43,-0.38,-2.11,1.48
835.98,-48.53,0.77,-0.27,8.11,0.65,-2.04,0.74,-6.67,0.34,6.08,-0.37,-2.39,1.52
836.00,-48.32,1.25,-0.21,8.29,0.51,-2.16,0.68,-5.57,0.64,5.46,-0.49,-2.80,1.27
836.02,-47.45,1.57,-0.41,8.86,0.32,-2.20,0.66,-4.82,0.71,5.29,-0.68,-3.12,0.78
836.03,-46.48,1.73,-1.28,9.56,0.06,-2.10,0.74,-5.32,0.39,6.04,-0.82,-3.65,-0.01
836.05,-45.06,1.59,-1.60,9.50,0.01,-2.03,0.78,-6.45,0.02,6.79,-0.81,-3.93,-0.15
836.06,-44.07,1.39,-1.68,9.14,-0.02,-1.94,0.82,-7.54,-0.28,7.25,-0.73,-4.13,-0.05
836.08,-42.96,1.08,-1.52,8.46,-0.05,-1.84,0.84,-8.03,-0.19,7.29,-0.65,-4.27,0.48
836.10,-41.51,1.16,-1.25,8.05,-0.11,-1.75,0.84,-7.34,0.12,7.29,-0.65,-4.28,0.86
836.11,-39.97,1.42,-1.17,7.87,-0.16,-1.66,0.81,-5.81,0.39,7.40,-0.68,-4.26,1.10
836.12,-38.42,1.82,-1.14,7.76,-0.19,-1.58,0.76,-4.16,0.86,7.60,-0.74,-4.23,1.07
836.13,-36.67,2.42,-1.03,7.59,-0.20,-1.49,0.68,-2.56,1.22,8.10,-0.83,-4.16,0.81
836.14,-34.13,3.09,-0.91,7.40,-0.17,-1.43,0.59,-1.55,1.13,8.88,-0.87,-3.99,0.31
836.16,-31.58,3.99,-0.76,7.29,-0.16,-1.38,0.50,-2.10,0.91,9.38,-0.80,-3.69,-0.20
836.18,-30.84,4.75,-0.64,7.25,-0.18,-1.35,0.40,-2.89,1.00,9.56,-0.75,-3.44,-0.37
836.19,-30.75,5.50,-0.50,7.24,-0.22,-1.34,0.28,-3.63,0.62,9.76,-0.69,-3.16,-0.40
836.20,-31.55,6.31,-0.68,7.32,-0.26,-1.29,0.11,-3.87,-0.05,9.62,-0.55,-2.75,-0.37
836.22,-32.41,6.70,-1.15,7.49,-0.25,-1.18,-0.05,-3.61,-0.51,9.46,-0.48,-2.24,-0.37
836.23,-33.76,6.50,-1.61,7.40,-0.24,-1.00,-0.20,-3.91,-0.96,9.42,-0.40,-1.80,-0.30
836.24,-35.07,6.14,-1.88,7.30,-0.26,-0.80,-0.30,-4.56,-1.20,9.19,-0.33,-1.36,-0.17
836.26,-36.96,5.45,-2.21,7.19,-0.32,-0.52,-0.38,-5.14,-1.12,8.68,-0.21,-0.82,-0.00
836.27,-38.59,5.00,-2.45,7.15,-0.36,-0.35,-0.41,-5.50,-0.90,8.10,-0.12,-0.33,0.08
836.30,-40.69,3.81,-2.97,7.20,-0.40,0.01,-0.44,-5.71,-0.61,7.02,0.05,0.13,-0.00
836.31,-42.62,2.80,-3.08,7.25,-0.37,0.33,-0.46,-5.77,-0.57,6.27,0.15,0.44,-0.14
836.32,-44.77,1.72,-2.68,7.25,-0.31,0.71,-0.46,-4.78,0.13,5.46,0.25,0.80,-0.33
836.34,-42.52,3.55,1.58,9.62,-0.09,1.23,-0.23,4.50,4.66,13.77,-1.54,0.97,-0.15
836.35,-39.96,7.78,1.02,13.56,-0.61,1.55,0.21,6.74,-1.60,22.96,-1.99,0.86,-0.60
836.36,-38.93,14.17,-2.24,13.39,-0.91,0.93,-0.28,2.13,-0.25,18.05,1.48,0.98,-2.08
836.39,-40.19,12.79,-1.61,11.02,-0.06,0.38,-1.63,-1.12,1.77,8.56,1.90,1.12,-2.46
836.40,-43.45,6.85,0.34,8.96,0.45,0.18,-2.87,-4.62,-0.22,5.51,0.75,1.63,-2.38
836.42,-47.21,2.71,0.59,7.86,0.24,0.24,-2.97,-6.78,-1.11,5.93,0.03,1.97,-1.57
836.43,-50.10,1.86,0.42,7.67,0.13,0.26,-2.91,-7.32,-1.28,6.81,-0.11,1.94,-1.05
836.44,-53.25,1.86,0.42,7.67,0.13,0.26,-2.91,-6.59,-1.27,8.03,-0.10,1.58,-0.69
836.46,-55.74,1.86,0.42,7.67,0.13,0.26,-2.91,-6.13,-1.56,10.26,-0.09,1.23,0.17
836.50,-59.17,1.86,0.42,7.67,0.13,0.26,-2.91,-3.22,0.26,8.68,0.04,1.42,0.12
836.52,-59.69,1.86,0.42,7.67,0.13,0.26,-2.91,-2.84,0.32,8.04,0.06,1.33,-0.09
836.53,-60.12,1.86,0.42,7.67,0.13,0.26,-2.91,-2.94,0.20,8.03,0.03,1.22,-0.40
836.55,-60.74,1.86,0.42,7.67,0.13,0.26,-2.91,-3.68,-0.67,9.36,-0.03,1.09,-0.65
836.56,-61.10,1.86,0.42,7.67,0.13,0.26,-2.91,-4.18,-1.14,9.78,0.01,1.08,-0.66
836.58,-61.60,1.86,0.42,7.67,0.13,0.26,-2.91,-4.69,-1.22,9.55,0.05,1.11,-0.51
836.59,-62.26,1.86,0.42,7.67,0.13,0.26,-2.91,-5.17,-1.19,9.15,0.02,1.13,-0.28
836.60,-63.01,1.86,0.42,7.67,0.13,0.26,-2.91,-5.42,-1.25,9.01,-0.03,1.11,-0.04
836.61,-63.69,1.86,0.42,7.67,0.13,0.26,-2.91,-5.23,-1.29,9.12,-0.05,1.08,0.17
836.63,-64.25,1.86,0.42,7.67,0.13,0.26,-2.91,-4.55,-1.08,9.38,-0.02,1.02,0.26
836.64,-64.42,1.86,0.42,7.67,0.13,0.26,-2.91,-3.59,-0.55,9.40,0.05,0.98,0.08
836.66,-64.35,1.86,0.42,7.67,0.13,0.26,-2.91,-3.68,-0.30,9.11,0.11,0.94,-0.22
836.68,-64.59,1.86,0.42,7.67,0.13,0.26,-2.91,-4.50,-0.16,8.60,0.11,0.87,-0.43
836.71,-64.88,1.86,0.42,7.67,0.13,0.26,-2.91,-4.87,-0.28,8.47,0.10,0.84,-0.40
836.72,-65.21,1.86,0.42,7.67,0.13,0.26,-2.91,-5.06,-0.41,8.52,0.08,0.82,-0.30
836.73,-65.57,1.86,0.42,7.67,0.13,0.26,-2.91,-5.16,-0.51,8.81,0.06,0.78,-0.16
836.74,-65.79,1.86,0.42,7.67,0.13,0.26,-2.91,-5.00,-0.41,9.08,0.07,0.75,-0.04
836.76,-65.88,1.86,0.42,7.67,0.13,0.26,-2.91,-4.88,-0.22,9.12,0.07,0.75,0.04
836.77,-66.01,1.86,0.42,7.67,0.13,0.26,-2.91,-4.79,0.20,8.81,0.04,0.79,0.11
836.79,-66.14,1.86,0.42,7.67,0.13,0.26,-2.91,-4.85,0.31,8.61,0.01,0.82,0.12
836.80,-66.46,1.86,0.42,7.67,0.13,0.26,-2.91,-5.12,0.41,8.32,-0.05,0.82,0.15
836.82,-66.98,1.86,0.42,7.67,0.13,0.26,-2.91,-5.46,0.44,8.23,-0.12,0.79,0.23
836.84,-67.29,1.86,0.42,7.67,0.13,0.26,-2.91,-5.59,0.31,8.30,-0.16,0.79,0.31
836.86,-67.64,1.86,0.42,7.67,0.13,0.26,-2.91,-5.56,-0.09,8.48,-0.20,0.81,0.42
836.87,-67.93,1.86,0.42,7.67,0.13,0.26,-2.91,-5.46,-0.60,8.58,-0.22,0.86,0.54
836.88,-68.21,1.86,0.42,7.67,0.13,0.26,-2.91,-5.25,-1.17,8.79,-0.23,0.92,0.70
836.90,-68.32,1.86,0.42,7.67,0.13,0.26,-2.91,-5.08,-1.33,8.88,-0.23,0.96,0.81
836.91,-68.47,1.86,0.42,7.67,0.13,0.26,-2.91,-5.09,-1.17,8.73,-0.22,1.02,0.92
836.93,-68.91,1.86,0.42,7.67,0.13,0.26,-2.91,-6.06,-1.22,8.63,-0.23,1.08,0.97
836.95,-69.52,1.86,0.42,7.67,0.13,0.26,-2.91,-7.23,-1.24,9.66,-0.30,1.06,1.01
836.96,-69.97,1.86,0.42,7.67,0.13,0.26,-2.91,-7.81,-1.20,10.29,-0.25,1.02,1.18
836.98,-70.53,1.86,0.42,7.67,0.13,0.26,-2.91,-7.68,-0.40,9.65,-0.14,0.97,1.31
836.99,-70.95,1.86,0.42,7.67,0.13,0.26,-2.91,-7.22,0.08,9.28,-0.22,0.94,1.30
837.00,-71.20,1.86,0.42,7.67,0.13,0.26,-2.91,-6.94,-0.22,10.27,-0.40,0.89,1.21
837.02,-71.20,1.86,0.42,7.67,0.13,0.26,-2.91,-7.16,-0.69,11.24,-0.48,0.84,1.22
837.03,-71.13,1.86,0.42,7.67,0.13,0.26,-2.91,-7.45,-0.95,11.64,-0.51,0.79,1.34
837.04,-71.09,1.86,0.42,7.67,0.13,0.26,-2.91,-7.54,-0.90,11.21,-0.57,0.77,1.52
837.05,-71.17,1.86,0.42,7.67,0.13,0.26,-2.91,-7.61,-0.72,10.21,-0.73,0.80,1.72
837.07,-71.81,1.86,0.42,7.67,0.13,0.26,-2.91,-8.13,-0.96,8.06,-1.16,0.91,2.01
837.08,-73.50,1.86,0.42,7.67,0.13,0.26,-2.91,-9.14,-1.82,5.51,-1.81,1.03,2.48
837.10,-75.27,1.86,0.42,7.67,0.13,0.26,-2.91,-9.98,-2.57,3.93,-2.36,1.03,3.03
837.11,-77.86,1.86,0.42,7.67,0.13,0.26,-2.91,-10.65,-3.29,2.79,-3.09,0.87,4.05
837.13,-79.79,1.86,0.42,7.67,0.13,0.26,-2.91,-10.65,-3.72,2.91,-3.57,0.62,4.98
837.14,-71.58,-4.88,-4.07,8.50,1.12,-0.76,6.38,-8.91,-3.96,3.98,-3.97,0.26,6.10
837.16,-69.64,-1.46,-1.34,2.65,1.12,-0.76,6.41,-6.98,-3.76,4.79,-4.20,0.20,6.39
837.17,-67.81,-1.65,-2.12,4.41,1.10,-0.77,6.50,-5.12,-3.52,5.47,-4.48,0.30,6.36
837.18,-65.63,-1.21,-2.39,5.68,1.05,-0.78,6.55,-3.67,-3.00,5.53,-4.76,0.52,6.02
837.20,-64.33,-0.69,-2.32,6.10,0.95,-0.75,6.49,-3.38,-2.25,5.02,-4.92,0.64,5.58
837.21,-63.40,-0.09,-2.65,6.67,0.79,-0.69,6.36,-3.96,-1.49,4.46,-5.07,0.69,4.95
837.23,-63.32,0.21,-3.00,6.89,0.68,-0.60,6.18,-4.87,-1.34,4.58,-5.15,0.64,4.49
837.24,-63.39,0.24,-3.50,7.16,0.56,-0.51,5.97,-6.06,-1.66,5.36,-5.15,0.52,4.12
837.25,-63.18,0.11,-3.82,7.33,0.43,-0.46,5.75,-6.58,-2.11,6.24,-5.01,0.39,4.01
837.26,-62.63,0.42,-4.08,7.64,0.25,-0.37,5.35,-6.21,-2.32,7.10,-4.65,0.12,4.01
837.28,-61.53,1.04,-4.32,8.10,0.07,-0.34,4.96,-5.04,-1.76,7.42,-4.17,-0.14,3.98
837.29,-60.25,1.68,-4.52,8.35,-0.01,-0.28,4.59,-3.91,-1.02,7.41,-3.76,-0.46,3.84
837.30,-58.07,2.45,-4.59,8.36,-0.05,-0.21,4.14,-2.69,0.08,7.49,-3.23,-1.03,3.39
837.32,-55.45,3.49,-3.90,8.45,-0.02,-0.12,3.71,-2.05,1.19,8.01,-2.68,-1.40,2.97
837.34,-53.24,4.31,-2.61,8.82,0.04,-0.05,3.45,-2.18,2.80,9.61,-2.39,-1.62,2.59
837.35,-50.77,5.39,-0.84,9.65,0.05,-0.01,3.18,-3.23,3.74,14.12,-1.98,-1.47,2.33
837.36,-49.35,7.05,-0.02,10.50,-0.00,-0.04,2.64,-2.22,3.33,16.41,-1.30,-1.03,2.12
837.37,-48.01,7.96,0.68,11.14,0.16,-0.10,1.97,-0.73,4.86,15.53,-0.56,-0.64,1.84
837.39,-46.44,8.05,2.33,11.86,0.41,-0.18,1.39,1.84,6.09,13.88,-0.16,-0.51,1.26
837.40,-44.41,8.35,3.41,12.71,0.54,-0.27,1.00,3.95,5.18,13.49,-0.22,-0.55,0.39
837.41,-41.70,7.96,2.01,13.35,0.62,-0.39,0.44,3.18,2.49,13.72,-0.22,-0.83,-0.88
837.43,-39.52,4.56,-0.42,12.34,0.72,-0.52,-0.04,-1.38,0.34,12.16,0.10,-1.01,-1.98
837.44,-38.89,1.29,-2.20,11.01,0.71,-0.56,-0.12,-8.78,-2.12,9.87,-0.07,-0.71,-1.74
837.46,-39.33,-0.93,-3.35,10.02,0.69,-0.47,0.13,-12.08,-4.53,9.01,-0.27,-0.18,-0.08
837.47,-39.83,-2.51,-3.44,8.32,0.58,-0.25,0.91,-11.01,-4.27,7.36,-0.11,-0.09,1.43
837.49,-39.13,-1.59,-2.19,7.96,0.47,-0.18,1.49,-7.03,-1.80,7.04,-0.11,-0.43,2.26
837.51,-37.40,-0.18,-1.33,8.94,0.35,-0.27,1.84,-2.29,-0.21,9.11,-0.23,-0.72,2.21
837.52,-33.57,4.38,-1.47,10.55,0.33,-0.71,2.08,0.36,0.99,10.96,-0.02,-0.47,0.35
837.56,-33.15,5.29,-0.34,10.15,0.60,-0.83,1.61,-2.52,1.55,9.03,0.03,-0.31,-0.12
837.57,-34.18,4.11,0.39,9.42,0.63,-0.81,1.23,-4.40,1.16,8.34,-0.00,-0.33,-0.35
837.59,-35.42,2.56,0.17,9.28,0.54,-0.72,0.96,-5.81,0.59,8.34,-0.04,-0.42,-0.23
837.60,-36.07,1.89,-0.38,9.47,0.52,-0.64,0.92,-6.50,0.19,8.52,-0.07,-0.45,0.08
837.62,-36.75,1.68,-0.90,9.68,0.58,-0.59,0.97,-6.76,-0.10,8.73,-0.10,-0.41,0.60
837.62,-37.11,1.81,-1.11,9.72,0.65,-0.57,1.02,-6.47,-0.13,8.88,-0.11,-0.37,0.91
837.68,-37.31,2.06,-1.16,9.66,0.70,-0.57,1.06,-6.06,-0.15,9.01,-0.12,-0.35,1.08
837.70,-37.48,2.14,-1.16,9.63,0.71,-0.57,1.07,-4.24,0.04,9.43,-0.08,-0.30,1.34
837.85,-37.50,2.49,-0.97,9.41,0.71,-0.61,1.07,-3.93,0.30,9.27,-0.05,-0.31,1.26
837.86,-37.51,2.55,-0.80,9.42,0.62,-0.69,0.96,-3.67,0.89,8.83,-0.01,-0.36,0.94
837.87,-37.44,2.35,-0.95,9.78,0.58,-0.72,0.89,-4.17,0.70,9.24,-0.02,-0.43,0.72
837.89,-37.52,1.79,-1.38,10.56,0.63,-0.72,0.89,-6.25,-0.30,10.06,0.04,-0.50,0.51
837.90,-37.80,1.37,-1.66,11.14,0.67,-0.66,1.00,-7.80,-0.64,9.93,0.15,-0.55,0.67
837.92,-39.41,1.11,-1.88,11.46,0.63,-0.55,1.13,-7.98,0.17,8.96,0.11,-0.78,1.14
837.93,-33.73,1.13,-1.05,9.64,1.23,-0.14,2.33,-7.20,0.64,8.64,0.01,-0.92,1.72
837.94,-34.63,2.20,-0.80,7.46,1.26,-0.24,2.74,-5.89,-1.55,6.47,-0.63,-1.06,2.53
837.95,-36.74,2.89,-0.75,6.17,1.25,-0.36,3.19,-6.47,-2.53,5.34,-1.26,-0.93,3.92
837.97,-39.82,3.74,-1.48,5.46,1.18,-0.51,3.76,-6.43,-3.50,6.81,-1.96,-0.27,5.36
837.99,-42.97,4.06,-1.83,5.55,1.17,-0.52,4.01,-6.63,-4.95,9.28,-2.52,0.66,6.58
838.00,-45.50,3.92,-1.80,6.02,1.13,-0.38,4.09,-5.56,-5.95,11.20,-2.57,1.55,7.45
838.01,-47.79,3.50,-1.99,6.79,0.90,-0.10,4.01,-3.33,-5.52,12.03,-2.29,2.18,7.59
838.02,-48.77,2.78,-2.56,7.57,0.60,0.18,3.85,-0.62,-3.80,11.42,-1.63,2.64,6.16
838.04,-47.39,1.83,-3.09,8.45,0.40,0.75,3.55,0.81,-0.43,7.38,-0.69,2.83,3.55
838.06,-45.88,1.72,-2.55,8.31,0.35,1.16,3.16,0.34,-0.14,5.33,-0.42,2.66,1.98
838.07,-43.73,2.22,-1.64,8.44,0.15,1.45,2.72,0.32,-0.00,4.65,-0.35,2.11,0.53
838.08,-40.51,3.72,-1.47,10.06,-0.30,1.52,2.11,1.44,0.42,7.34,-0.43,0.89,-0.28
838.09,-38.43,7.42,-1.64,12.40,-0.39,1.10,1.86,2.26,0.96,10.55,-0.45,-0.12,-0.64
838.11,-28.92,7.42,-1.64,12.40,-0.39,1.10,1.86,2.66,-0.37,18.55,0.50,-1.66,-1.31
838.12,-25.29,7.42,-1.64,12.40,-0.39,1.10,1.86,-4.40,1.20,10.52,-0.46,-0.45,0.99
838.14,-25.33,7.42,-1.64,12.40,-0.39,1.10,1.86,-4.01,0.68,8.22,-0.30,-0.78,1.67
838.15,-25.02,7.42,-1.64,12.40,-0.39,1.10,1.86,-2.55,0.95,7.30,-0.28,-0.92,1.75
838.17,-23.62,7.42,-1.64,12.40,-0.39,1.10,1.86,-0.55,0.65,8.56,-0.43,-0.83,1.35
838.19,-21.66,7.42,-1.64,12.40,-0.39,1.10,1.86,-0.02,0.17,9.95,-0.45,-0.76,0.50
838.21,-20.26,7.42,-1.64,12.40,-0.39,1.10,1.86,-0.68,-0.24,10.19,-0.35,-0.78,-0.16
838.22,-19.42,7.42,-1.64,12.40,-0.39,1.10,1.86,-1.45,-0.39,10.09,-0.26,-0.84,-0.46
838.24,-18.81,7.42,-1.64,12.40,-0.39,1.10,1.86,-2.08,-0.57,10.21,-0.18,-0.89,-0.56
838.25,-18.24,7.42,-1.64,12.40,-0.39,1.10,1.86,-2.39,-0.67,10.38,-0.09,-0.86,-0.44
838.26,-17.89,7.42,-1.64,12.40,-0.39,1.10,1.86,-2.33,-0.53,10.18,-0.07,-0.76,-0.20
838.27,-17.46,7.42,-1.64,12.40,-0.39,1.10,1.86,-2.03,-0.19,9.90,-0.13,-0.64,0.16
838.29,-17.14,7.42,-1.64,12.40,-0.39,1.10,1.86,-1.94,-0.04,9.74,-0.16,-0.61,0.39
838.31,-16.82,7.42,-1.64,12.40,-0.39,1.10,1.86,-1.65,0.03,9.43,-0.16,-0.59,0.56
838.32,-16.39,7.42,-1.64,12.40,-0.39,1.10,1.86,-1.18,0.15,9.12,-0.17,-0.56,0.67
838.34,-15.95,7.42,-1.64,12.40,-0.39,1.10,1.86,-0.77,0.26,9.15,-0.18,-0.55,0.68
838.35,-15.07,7.42,-1.64,12.40,-0.39,1.10,1.86,-0.24,0.38,9.91,-0.18,-0.55,0.50
838.37,-13.92,7.42,-1.64,12.40,-0.39,1.10,1.86,-0.02,0.41,10.81,-0.11,-0.54,-0.09
838.39,-12.99,7.42,-1.64,12.40,-0.39,1.10,1.86,-0.54,0.32,10.69,-0.02,-0.51,-0.30
838.41,-12.64,7.42,-1.64,12.40,-0.39,1.10,1.86,-1.32,0.19,10.16,0.03,-0.50,-0.44
838.43,-12.63,7.42,-1.64,12.40,-0.39,1.10,1.86,-1.70,0.14,9.78,0.04,-0.49,-0.40
838.44,-12.70,7.42,-1.64,12.40,-0.39,1.10,1.86,-1.50,0.19,9.74,-0.00,-0.47,-0.22
838.46,-12.60,7.42,-1.64,12.40,-0.39,1.10,1.86,-0.95,0.20,9.89,-0.04,-0.44,-0.08
838.48,-12.11,7.42,-1.64,12.40,-0.39,1.10,1.86,-0.19,0.30,9.98,-0.07,-0.41,0.02
838.50,-11.52,7.42,-1.64,12.40,-0.39,1.10,1.86,0.21,0.28,10.06,-0.08,-0.38,0.01
838.51,-10.86,7.42,-1.64,12.40,-0.39,1.10,1.86,0.45,0.07,10.26,-0.08,-0.35,-0.02
838.53,-10.36,7.42,-1.64,12.40,-0.39,1.10,1.86,0.37,-0.15,10.31,-0.07,-0.32,-0.07
838.55,-9.99,7.42,-1.64,12.40,-0.39,1.10,1.86,0.10,-0.11,10.08,-0.04,-0.30,-0.12
838.56,-9.79,7.42,-1.64,12.40,-0.39,1.10,1.86,-0.09,0.04,9.93,-0.05,-0.30,-0.13
838.57,-9.62,7.42,-1.64,12.40,-0.39,1.10,1.86,-0.18,0.23,9.92,-0.06,-0.29,-0.15
838.59,-9.54,7.42,-1.64,12.40,-0.39,1.10,1.86,-0.34,0.40,9.98,-0.08,-0.26,-0.14
838.60,-9.55,7.42,-1.64,12.40,-0.39,1.10,1.86,-0.39,0.27,9.99,-0.07,-0.22,-0.13
838.62,-9.60,7.42,-1.64,12.40,-0.39,1.10,1.86,-0.49,0.09,10.00,-0.08,-0.20,-0.12
838.64,-9.75,7.42,-1.64,12.40,-0.39,1.10,1.86,-0.64,-0.19,9.96,-0.06,-0.20,-0.13
838.65,-9.85,7.42,-1.64,12.40,-0.39,1.10,1.86,-0.57,-0.16,9.86,-0.05,-0.21,-0.14
838.67,-9.87,7.42,-1.64,12.40,-0.39,1.10,1.86,-0.32,-0.06,9.89,-0.08,-0.21,-0.15
838.68,-9.85,7.42,-1.64,12.40,-0.39,1.10,1.86,-0.17,0.05,10.03,-0.11,-0.21,-0.17
838.69,-9.84,7.42,-1.64,12.40,-0.39,1.10,1.86,-0.32,0.24,10.15,-0.11,-0.21,-0.21
838.70,-9.86,7.42,-1.64,12.40,-0.39,1.10,1.86,-0.33,0.35,10.22,-0.11,-0.20,-0.24
838.72,-9.94,7.42,-1.64,12.40,-0.39,1.10,1.86,-0.55,0.47,10.22,-0.12,-0.20,-0.26
838.73,-10.07,7.42,-1.64,12.40,-0.39,1.10,1.86,-0.58,0.24,10.25,-0.12,-0.20,-0.24
838.75,-10.35,7.42,-1.64,12.40,-0.39,1.10,1.86,-0.71,0.39,9.95,-0.14,-0.18,-0.16
838.77,-10.55,7.42,-1.64,12.40,-0.39,1.10,1.86,-0.70,0.41,9.97,-0.17,-0.18,-0.11
838.78,-10.70,7.42,-1.64,12.40,-0.39,1.10,1.86,-0.50,0.39,10.15,-0.19,-0.17,-0.07
838.80,-10.74,7.42,-1.64,12.40,-0.39,1.10,1.86,-0.16,0.28,10.49,-0.21,-0.14,-0.05
838.81,-10.68,7.42,-1.64,12.40,-0.39,1.10,1.86,0.21,0.09,10.96,-0.20,-0.10,-0.03
838.83,-24.58,1.78,-1.24,1.46,-1.04,-0.95,1.24,0.34,-0.08,11.29,-0.17,-0.07,-0.03
838.84,-26.39,3.53,-2.56,3.02,-1.05,-0.97,1.18,0.48,-0.16,11.49,-0.14,-0.07,-0.02
838.85,-28.11,5.29,-3.63,4.26,-0.99,-0.98,1.08,0.46,-0.21,11.78,-0.12,-0.10,-0.01
838.86,-29.80,6.35,-4.43,5.05,-0.93,-0.98,0.93,0.23,-0.27,12.17,-0.09,-0.14,-0.02
838.87,-32.24,7.16,-4.97,5.67,-0.83,-1.07,0.64,-0.25,-0.24,12.53,-0.04,-0.17,-0.01
838.89,-34.30,7.18,-5.20,6.08,-0.76,-1.14,0.37,-0.67,-0.10,12.45,0.03,-0.16,0.05
838.91,-36.01,7.21,-4.93,5.96,-0.66,-1.21,0.16,-0.95,0.05,11.86,0.08,-0.14,0.14
838.92,-37.68,7.52,-5.10,6.37,-0.57,-1.23,-0.02,-1.15,0.29,11.22,0.10,-0.13,0.19
838.94,-40.54,7.61,-4.97,6.31,-0.37,-1.27,-0.36,-1.36,0.63,10.44,0.09,-0.16,0.18
838.95,-42.18,7.50,-4.81,6.14,-0.27,-1.30,-0.51,-1.30,0.73,10.22,0.09,-0.19,0.13
838.96,-43.76,7.47,-4.57,6.08,-0.18,-1.29,-0.65,-1.09,0.73,10.03,0.11,-0.23,0.04
838.98,-45.39,7.43,-4.34,5.96,-0.02,-1.27,-0.78,-0.83,0.79,9.78,0.12,-0.27,-0.03
838.99,-47.24,7.25,-4.04,5.42,0.15,-1.26,-0.85,-0.73,0.64,9.66,0.11,-0.28,-0.11
839.01,-48.51,7.64,-3.86,5.25,0.21,-1.19,-0.89,-0.80,0.35,9.63,0.11,-0.28,-0.15
839.02,-49.73,7.40,-3.79,5.03,0.28,-1.14,-0.89,-0.87,0.07,9.55,0.13,-0.30,-0.17
839.03,-50.93,7.43,-3.55,4.68,0.34,-1.10,-0.88,-0.83,-0.15,9.37,0.16,-0.31,-0.15
839.04,-52.12,7.50,-3.37,4.33,0.36,-1.05,-0.85,-0.68,-0.39,9.12,0.18,-0.31,-0.11
839.06,-53.23,7.34,-3.16,4.02,0.36,-0.99,-0.81,-0.41,-0.50,8.89,0.19,-0.31,-0.08
839.07,-54.52,7.47,-2.97,3.71,0.33,-0.93,-0.74,-0.16,-0.59,8.72,0.19,-0.30,-0.06
839.08,-55.49,7.58,-2.92,3.46,0.30,-0.86,-0.69,0.06,-0.64,8.63,0.17,-0.28,-0.06
839.10,-56.36,7.67,-2.79,3.41,0.26,-0.81,-0.62,0.20,-0.65,8.59,0.15,-0.26,-0.05
839.11,-57.18,7.89,-2.75,3.25,0.22,-0.74,-0.56,0.29,-0.60,8.66,0.13,-0.24,-0.03
839.12,-58.16,7.98,-2.75,3.17,0.16,-0.62,-0.51,0.35,-0.56,8.79,0.13,-0.23,-0.01
839.13,-58.85,8.10,-2.72,3.22,0.14,-0.57,-0.46,0.38,-0.47,8.93,0.12,-0.20,-0.00
839.15,-59.45,8.30,-2.67,3.15,0.11,-0.48,-0.44,0.43,-0.38,9.18,0.10,-0.17,0.00
839.16,-60.03,8.24,-2.69,3.27,0.08,-0.42,-0.40,0.49,-0.35,9.40,0.08,-0.14,0.00
839.17,-60.57,8.42,-2.69,3.27,0.07,-0.36,-0.39,0.56,-0.31,9.58,0.06,-0.11,-0.00
839.18,-61.23,8.52,-2.70,3.41,0.06,-0.32,-0.37,0.63,-0.19,9.75,0.05,-0.07,-0.00
839.20,-61.63,8.61,-2.69,3.41,0.05,-0.29,-0.37,0.61,-0.15,9.81,0.05,-0.05,0.00
839.21,-61.99,8.56,-2.71,3.49,0.06,-0.27,-0.38,0.59,-0.11,9.82,0.05,-0.04,0.01
839.22,-62.45,8.64,-2.62,3.51,0.08,-0.25,-0.40,0.57,-0.07,9.79,0.06,-0.04,0.02
839.24,-62.79,8.59,-2.60,3.47,0.09,-0.22,-0.41,0.55,-0.03,9.76,0.07,-0.04,0.03
839.25,-63.10,8.57,-2.57,3.43,0.11,-0.21,-0.40,0.51,-0.01,9.74,0.07,-0.06,0.04
839.26,-63.41,8.60,-2.47,3.38,0.11,-0.20,-0.40,0.50,0.01,9.76,0.05,-0.07,0.04
839.27,-63.69,8.58,-2.41,3.38,0.11,-0.18,-0.39,0.49,-0.01,9.83,0.04,-0.08,0.04
839.29,-63.93,8.61,-2.32,3.39,0.10,-0.16,-0.39,0.46,-0.05,9.88,0.02,-0.08,0.04
839.30,-64.18,8.69,-2.31,3.43,0.09,-0.14,-0.40,0.43,-0.03,9.92,-0.00,-0.08,0.05
839.31,-64.42,8.72,-2.28,3.42,0.09,-0.13,-0.41,0.37,-0.01,9.97,-0.02,-0.08,0.05
839.32,-64.72,8.75,-2.29,3.46,0.08,-0.12,-0.42,0.35,0.01,10.04,-0.03,-0.08,0.06
839.34,-64.94,8.79,-2.25,3.47,0.07,-0.12,-0.44,0.33,0.01,10.16,-0.02,-0.08,0.06
839.35,-65.16,8.79,-2.22,3.49,0.06,-0.12,-0.45,0.31,0.02,10.26,-0.01,-0.09,0.06
839.36,-65.42,8.80,-2.14,3.55,0.06,-0.13,-0.48,0.26,0.03,10.34,0.01,-0.09,0.05
839.38,-65.64,8.74,-1.95,3.58,0.06,-0.14,-0.49,0.32,0.07,10.35,0.02,-0.10,0.04
839.39,-65.82,8.78,-1.80,3.59,0.05,-0.16,-0.49,0.45,0.24,10.26,0.03,-0.10,0.03
839.41,-65.92,8.77,-1.73,3.60,0.05,-0.18,-0.48,0.50,0.37,10.15,0.03,-0.10,0.00
839.42,-66.04,8.80,-1.64,3.59,0.05,-0.20,-0.46,0.46,0.46,10.04,0.02,-0.11,-0.02
839.43,-66.16,8.71,-1.57,3.59,0.07,-0.22,-0.43,0.37,0.51,9.96,0.01,-0.12,-0.04
839.45,-66.36,8.66,-1.43,3.57,0.09,-0.22,-0.39,0.27,0.55,9.92,-0.00,-0.12,-0.05
839.46,-66.54,8.71,-1.27,3.51,0.09,-0.22,-0.35,0.22,0.50,9.92,-0.01,-0.13,-0.04
839.47,-66.72,8.63,-1.19,3.48,0.09,-0.23,-0.30,0.24,0.46,9.90,-0.01,-0.12,-0.03
839.48,-66.90,8.62,-1.16,3.46,0.09,-0.23,-0.24,0.26,0.46,9.83,-0.02,-0.10,-0.02
839.49,-67.14,8.66,-1.16,3.37,0.09,-0.23,-0.18,0.30,0.46,9.73,-0.03,-0.09,-0.00
839.51,-67.39,8.63,-1.12,3.31,0.07,-0.23,-0.13,0.37,0.41,9.58,-0.06,-0.08,0.01
839.52,-67.58,8.79,-1.07,3.23,0.06,-0.22,-0.09,0.40,0.35,9.54,-0.08,-0.08,0.01
839.54,-67.75,8.75,-1.10,3.25,0.04,-0.21,-0.09,0.44,0.29,9.50,-0.09,-0.08,0.00
839.55,-67.91,8.78,-1.19,3.18,0.03,-0.19,-0.07,0.44,0.25,9.46,-0.10,-0.07,-0.01
839.56,-68.06,8.69,-1.37,3.16,0.04,-0.17,-0.03,0.45,0.20,9.42,-0.10,-0.06,-0.01
839.57,-68.22,8.77,-1.42,3.07,0.06,-0.15,0.01,0.55,0.14,9.44,-0.09,-0.04,-0.02
839.59,-68.37,8.84,-1.38,2.99,0.06,-0.14,0.03,0.61,0.10,9.51,-0.08,-0.02,-0.02
839.60,-68.51,8.95,-1.37,2.91,0.06,-0.12,0.03,0.69,0.02,9.59,-0.07,0.01,-0.01
839.61,-68.75,9.03,-1.45,2.89,0.06,-0.06,0.03,0.73,-0.09,9.63,-0.04,0.06,-0.00
839.63,-68.88,9.03,-1.50,2.87,0.06,-0.01,0.03,0.72,-0.14,9.65,-0.04,0.08,0.01
839.64,-68.99,9.03,-1.53,2.88,0.06,0.03,0.02,0.69,-0.22,9.72,-0.03,0.09,0.04
839.66,-69.09,9.06,-1.50,2.87,0.06,0.07,0.00,0.68,-0.27,9.80,-0.02,0.11,0.08
839.67,-69.17,9.02,-1.48,2.96,0.04,0.14,-0.03,0.68,-0.29,9.91,0.01,0.12,0.11
839.69,-69.16,9.04,-1.43,3.00,0.02,0.17,-0.05,0.74,-0.19,9.92,0.04,0.11,0.13
839.71,-69.03,8.95,-1.40,3.15,0.01,0.19,-0.07,0.79,-0.07,9.92,0.06,0.09,0.12
839.72,-68.83,9.00,-1.30,3.16,0.02,0.21,-0.09,0.80,0.05,10.00,0.06,0.08,0.09
839.74,-68.67,8.91,-1.25,3.26,0.01,0.21,-0.09,0.75,0.11,10.05,0.06,0.07,0.05
839.75,-68.50,8.85,-1.22,3.34,0.01,0.21,-0.08,0.62,0.16,10.09,0.05,0.07,0.03
839.76,-68.34,8.79,-1.17,3.44,-0.00,0.19,-0.06,0.40,0.22,10.12,0.05,0.06,0.03
839.78,-68.21,8.70,-1.14,3.57,-0.01,0.16,-0.02,0.23,0.30,10.11,0.03,0.06,0.04
839.79,-68.14,8.66,-1.10,3.61,-0.01,0.13,0.03,0.16,0.35,10.08,0.02,0.05,0.07
839.80,-68.07,8.63,-1.07,3.66,-0.01,0.11,0.07,0.15,0.41,10.05,0.00,0.05,0.10
839.82,-68.04,8.62,-1.07,3.66,-0.01,0.09,0.13,0.14,0.47,9.99,-0.02,0.05,0.14
839.83,-68.00,8.62,-1.10,3.64,-0.01,0.07,0.19,0.13,0.48,9.93,-0.03,0.05,0.17
839.84,-67.97,8.66,-1.19,3.61,-0.00,0.06,0.26,0.16,0.47,9.88,-0.05,0.04,0.19
839.85,-67.95,8.75,-1.34,3.63,0.01,0.04,0.30,0.19,0.40,9.87,-0.06,0.04,0.20
839.87,-67.91,8.86,-1.47,3.62,0.03,0.04,0.31,0.25,0.26,9.91,-0.07,0.05,0.19
839.89,-67.88,8.85,-1.49,3.58,0.05,0.04,0.29,0.34,0.08,9.96,-0.05,0.05,0.17
839.90,-67.85,8.83,-1.50,3.53,0.05,0.05,0.28,0.39,-0.02,9.95,-0.03,0.06,0.15
839.92,-67.81,8.79,-1.51,3.47,0.05,0.06,0.26,0.45,-0.09,9.93,-0.01,0.06,0.13
839.93,-67.75,8.77,-1.55,3.44,0.03,0.07,0.24,0.48,-0.11,9.91,0.02,0.06,0.10
839.94,-67.69,8.76,-1.58,3.46,0.01,0.08,0.22,0.46,-0.13,9.88,0.03,0.06,0.08
839.96,-67.62,8.76,-1.62,3.48,-0.01,0.09,0.20,0.44,-0.15,9.88,0.05,0.06,0.05
839.97,-67.55,8.75,-1.64,3.50,-0.02,0.10,0.19,0.43,-0.14,9.87,0.06,0.06,0.04
839.98,-67.47,8.73,-1.66,3.52,-0.03,0.11,0.18,0.42,-0.08,9.83,0.07,0.06,0.04
839.99,-67.39,8.72,-1.67,3.54,-0.04,0.11,0.17,0.38,0.00,9.78,0.07,0.06,0.04
840.00,-67.33,8.71,-1.69,3.57,-0.05,0.12,0.18,0.32,0.06,9.75,0.06,0.06,0.05
840.02,-67.22,8.70,-1.73,3.65,-0.05,0.13,0.19,0.22,0.14,9.68,0.04,0.07,0.07
840.04,-67.13,8.68,-1.75,3.69,-0.05,0.14,0.20,0.19,0.16,9.64,0.02,0.07,0.09
840.05,-67.04,8.66,-1.78,3.73,-0.04,0.15,0.20,0.16,0.19,9.63,0.00,0.07,0.10
840.06,-66.95,8.65,-1.79,3.75,-0.04,0.15,0.21,0.16,0.19,9.66,-0.02,0.06,0.11
840.08,-66.86,8.63,-1.82,3.76,-0.03,0.16,0.22,0.15,0.17,9.75,-0.04,0.06,0.12
840.09,-66.74,8.63,-1.86,3.77,-0.02,0.16,0.22,0.18,0.14,9.91,-0.06,0.06,0.12
840.10,-66.63,8.65,-1.91,3.81,-0.02,0.17,0.22,0.21,0.08,10.06,-0.06,0.07,0.12
840.12,-66.52,8.67,-1.95,3.83,-0.02,0.16,0.21,0.22,0.03,10.19,-0.06,0.07,0.12
840.13,-66.42,8.69,-1.99,3.86,-0.02,0.16,0.20,0.24,-0.05,10.33,-0.05,0.07,0.10
840.14,-66.30,8.71,-2.05,3.89,-0.02,0.15,0.18,0.26,-0.09,10.41,-0.04,0.07,0.10
840.15,-66.18,8.73,-2.09,3.93,-0.02,0.13,0.15,0.30,-0.12,10.46,-0.03,0.06,0.09
840.16,-66.06,8.74,-2.12,3.94,-0.03,0.12,0.12,0.32,-0.14,10.49,-0.02,0.06,0.07
840.17,-65.88,8.73,-2.13,3.96,-0.03,0.09,0.07,0.33,-0.14,10.49,-0.01,0.04,0.05
840.19,-65.77,8.70,-2.11,3.97,-0.04,0.07,0.04,0.28,-0.15,10.44,-0.00,0.03,0.03
840.21,-65.66,8.65,-2.09,3.96,-0.04,0.05,0.02,0.22,-0.15,10.35,0.01,0.01,0.03
840.22,-65.59,8.62,-2.06,3.97,-0.04,0.04,0.00,0.16,-0.12,10.24,0.01,0.00,0.03
840.24,-65.50,8.56,-2.00,3.97,-0.05,0.03,-0.01,0.12,-0.04,10.07,0.01,-0.01,0.05
840.25,-65.45,8.52,-1.97,3.97,-0.05,0.02,-0.01,0.11,0.02,9.98,0.01,-0.01,0.06
840.26,-65.40,8.50,-1.95,3.97,-0.05,0.02,-0.01,0.12,0.07,9.90,-0.00,-0.01,0.07
840.27,-65.34,8.48,-1.93,3.96,-0.04,0.02,0.00,0.13,0.11,9.86,-0.01,-0.01,0.06
840.29,-65.29,8.47,-1.92,3.96,-0.04,0.02,0.01,0.13,0.11,9.86,-0.02,-0.00,0.06
840.30,-65.24,8.47,-1.92,3.96,-0.04,0.02,0.03,0.14,0.11,9.88,-0.03,0.00,0.06
840.31,-65.19,8.47,-1.93,3.96,-0.04,0.02,0.04,0.17,0.11,9.93,-0.03,0.01,0.05
840.32,-65.14,8.48,-1.95,3.96,-0.04,0.02,0.06,0.18,0.10,9.96,-0.03,0.01,0.05
840.33,-65.08,8.49,-1.97,3.97,-0.04,0.02,0.07,0.21,0.08,10.00,-0.04,0.02,0.04
840.35,-64.99,8.51,-2.01,3.99,-0.04,0.02,0.08,0.22,0.05,10.05,-0.04,0.02,0.03
840.37,-64.92,8.53,-2.05,3.99,-0.04,0.02,0.09,0.23,0.01,10.10,-0.03,0.02,0.03
840.38,-64.87,8.55,-2.07,3.99,-0.04,0.02,0.09,0.23,-0.01,10.14,-0.02,0.02,0.03
840.39,-64.82,8.56,-2.09,4.00,-0.04,0.01,0.08,0.24,-0.02,10.16,-0.02,0.02,0.03
840.41,-64.76,8.57,-2.11,4.00,-0.04,0.01,0.08,0.25,-0.04,10.18,-0.01,0.01,0.03
840.42,-64.69,8.55,-2.12,4.01,-0.04,-0.00,0.07,0.25,-0.05,10.17,0.00,0.01,0.03
840.44,-64.65,8.54,-2.12,4.00,-0.04,-0.00,0.06,0.25,-0.06,10.14,0.01,0.01,0.03
840.45,-64.60,8.54,-2.12,4.01,-0.04,-0.01,0.05,0.23,-0.07,10.09,0.01,0.00,0.03
840.46,-64.57,8.52,-2.12,4.00,-0.04,-0.01,0.05,0.21,-0.06,10.04,0.02,0.00,0.03
840.48,-64.52,8.50,-2.12,4.01,-0.04,-0.01,0.05,0.19,-0.05,9.99,0.02,0.00,0.03
840.49,-64.49,8.48,-2.12,4.00,-0.04,-0.01,0.04,0.17,-0.02,9.95,0.02,0.00,0.03
840.51,-64.47,8.47,-2.13,3.99,-0.04,-0.01,0.04,0.15,-0.01,9.92,0.01,0.00,0.03
840.53,-64.46,8.47,-2.13,3.99,-0.04,-0.01,0.04,0.15,-0.01,9.93,0.01,0.00,0.04
840.54,-64.45,8.47,-2.14,4.00,-0.03,-0.01,0.04,0.15,-0.03,9.94,0.01,0.01,0.03
840.55,-64.43,8.49,-2.14,3.99,-0.03,-0.00,0.04,0.16,-0.02,9.95,0.01,0.01,0.03
840.56,-64.41,8.49,-2.16,4.00,-0.03,0.00,0.04,0.17,-0.04,9.98,0.01,0.01,0.03
840.58,-64.39,8.50,-2.16,4.00,-0.03,0.00,0.03,0.19,-0.04,9.99,0.01,0.02,0.03
840.59,-64.36,8.50,-2.16,4.01,-0.03,0.01,0.02,0.19,-0.03,10.01,0.01,0.02,0.03
840.61,-64.32,8.49,-2.16,4.03,-0.03,0.01,0.02,0.19,-0.02,10.02,0.01,0.02,0.02
840.62,-64.29,8.48,-2.16,4.04,-0.03,0.00,0.01,0.19,-0.02,10.03,0.01,0.02,0.02
840.63,-64.25,8.48,-2.15,4.04,-0.03,0.00,0.01,0.18,-0.02,10.03,0.01,0.01,0.01
840.65,-64.22,8.47,-2.15,4.04,-0.03,0.00,0.01,0.19,-0.01,10.00,0.00,0.01,0.01
840.66,-64.19,8.47,-2.15,4.03,-0.03,-0.00,0.01,0.17,-0.02,10.00,-0.00,0.01,0.01
840.67,-64.17,8.47,-2.16,4.03,-0.03,-0.00,0.01,0.15,-0.02,10.00,0.00,0.01,0.02
840.68,-64.15,8.46,-2.16,4.04,-0.03,-0.00,0.01,0.15,-0.02,10.00,-0.00,0.01,0.02
840.70,-64.13,8.46,-2.15,4.04,-0.03,-0.01,0.01,0.15,-0.03,9.99,-0.00,0.01,0.02
840.71,-64.10,8.46,-2.15,4.04,-0.04,-0.01,0.01,0.15,-0.03,10.01,-0.00,0.01,0.02
840.72,-64.09,8.46,-2.16,4.03,-0.04,-0.00,0.01,0.15,-0.03,10.01,-0.00,0.01,0.02
840.75,-64.06,8.46,-2.16,4.04,-0.04,-0.00,0.01,0.16,-0.02,9.99,0.00,0.01,0.02
840.76,-64.04,8.46,-2.17,4.04,-0.04,-0.00,0.01,0.15,-0.01,9.98,0.00,0.01,0.02
840.77,-64.01,8.46,-2.17,4.05,-0.04,-0.00,0.01,0.15,-0.02,9.98,0.01,0.01,0.01
840.79,-63.98,8.46,-2.17,4.06,-0.03,0.00,0.01,0.16,-0.00,9.99,0.01,0.01,0.01
840.81,-63.96,8.46,-2.18,4.06,-0.03,0.00,0.01,0.16,-0.01,10.01,0.01,0.01,0.01
840.82,-63.94,8.46,-2.18,4.06,-0.03,-0.00,0.01,0.17,-0.02,10.02,0.01,0.01,0.00
840.83,-63.92,8.46,-2.18,4.05,-0.03,-0.00,0.01,0.15,-0.03,10.03,0.01,0.01,0.01
840.85,-63.88,8.45,-2.18,4.07,-0.04,-0.01,0.01,0.13,-0.02,10.01,0.01,0.01,0.01
840.87,-63.87,8.45,-2.18,4.08,-0.04,-0.01,0.01,0.13,-0.02,10.00,0.01,0.01,0.01
840.88,-63.85,8.45,-2.17,4.07,-0.04,-0.01,0.01,0.14,-0.01,10.00,0.01,0.01,0.01
840.89,-63.84,8.45,-2.17,4.08,-0.04,-0.01,0.01,0.13,-0.01,9.99,0.01,0.01,0.01
840.90,-63.82,8.45,-2.17,4.08,-0.04,-0.01,0.01,0.14,-0.01,10.01,0.01,0.01,0.01
840.92,-63.80,8.45,-2.17,4.08,-0.04,-0.01,0.01,0.15,-0.00,10.01,0.01,0.01,0.01
840.93,-6