=~=~=~=~=~=~=~=~=~=~=~= PuTTY log 2024.07.01 18:19:29 =~=~=~=~=~=~=~=~=~=~=~=
230.97,73.18,-8.77,4.25,2.67,-0.05,-0.02,-0.01,0.01,1.95,9.67,0.00,0.00,0.02
230.99,73.17,-8.77,4.24,2.67,-0.05,-0.02,-0.00,0.03,1.95,9.66,0.00,-0.00,0.02
231.00,73.18,-8.78,4.25,2.69,-0.05,-0.01,-0.00,0.04,1.95,9.66,0.01,-0.00,0.02
231.02,73.19,-8.78,4.26,2.69,-0.05,-0.02,-0.00,0.06,1.97,9.65,0.01,-0.00,0.01
231.03,73.20,-8.76,4.27,2.70,-0.05,-0.02,-0.00,0.05,1.97,9.66,0.01,-0.00,0.01
231.05,73.20,-8.76,4.27,2.70,-0.05,-0.02,-0.00,0.06,1.97,9.67,0.01,-0.00,0.01
231.06,73.20,-8.76,4.28,2.70,-0.05,-0.02,-0.00,0.06,1.99,9.66,0.00,-0.00,0.01
231.07,73.20,-8.76,4.29,2.71,-0.05,-0.02,-0.00,0.05,1.99,9.66,0.00,-0.00,0.00
231.09,73.20,-8.75,4.29,2.71,-0.05,-0.02,-0.00,0.06,2.00,9.65,0.00,-0.00,0.00
231.10,73.20,-8.75,4.29,2.72,-0.05,-0.02,-0.00,0.05,2.00,9.65,0.00,-0.00,0.01
231.11,73.19,-8.75,4.28,2.72,-0.05,-0.02,-0.00,0.05,1.99,9.66,0.00,-0.00,0.01
231.12,73.19,-8.76,4.27,2.72,-0.05,-0.02,-0.00,0.06,1.99,9.67,0.00,-0.00,0.02
231.14,73.19,-8.77,4.27,2.71,-0.05,-0.02,-0.00,0.05,1.99,9.67,0.00,0.00,0.02
231.16,73.18,-8.77,4.27,2.70,-0.05,-0.02,0.00,0.05,1.97,9.66,0.00,-0.00,0.02
231.18,73.18,-8.77,4.28,2.70,-0.04,-0.02,0.00,0.06,1.97,9.67,0.00,-0.00,0.02
231.20,73.19,-8.76,4.27,2.69,-0.05,-0.02,0.00,0.06,1.96,9.66,-0.00,-0.00,0.02
231.21,73.20,-8.77,4.27,2.68,-0.05,-0.02,0.00,0.06,1.97,9.66,-0.00,0.00,0.01
231.23,73.21,-8.77,4.27,2.68,-0.05,-0.02,-0.00,0.05,1.96,9.65,-0.00,0.00,0.01
231.25,73.22,-8.76,4.26,2.69,-0.05,-0.02,-0.00,0.04,1.96,9.64,-0.00,0.00,0.01
231.26,73.22,-8.77,4.26,2.69,-0.05,-0.01,-0.00,0.04,1.96,9.65,-0.00,-0.00,0.01
231.27,73.22,-8.78,4.26,2.68,-0.05,-0.01,-0.00,0.04,1.95,9.65,-0.00,0.00,0.01
231.30,73.23,-8.78,4.27,2.69,-0.05,-0.02,-0.00,0.04,1.95,9.67,0.00,0.00,0.01
231.31,73.23,-8.77,4.26,2.70,-0.05,-0.02,-0.00,0.04,1.96,9.66,0.00,0.00,0.01
231.32,73.22,-8.77,4.27,2.70,-0.05,-0.02,-0.00,0.03,1.96,9.67,0.00,-0.00,0.01
231.34,73.21,-8.77,4.27,2.70,-0.05,-0.01,-0.00,0.03,1.96,9.66,0.00,-0.00,0.01
231.35,73.21,-8.76,4.26,2.70,-0.05,-0.01,-0.00,0.03,1.97,9.66,0.00,-0.00,0.01
231.36,73.20,-8.76,4.26,2.69,-0.05,-0.01,-0.00,0.04,1.97,9.66,0.00,-0.00,0.02
231.37,73.20,-8.77,4.27,2.70,-0.05,-0.02,-0.00,0.04,1.97,9.66,0.01,0.00,0.02
231.38,73.20,-8.77,4.27,2.70,-0.05,-0.02,-0.00,0.05,1.97,9.65,0.00,0.00,0.02
231.40,73.20,-8.76,4.27,2.71,-0.05,-0.02,-0.00,0.07,1.98,9.65,0.00,0.00,0.02
231.42,73.21,-8.77,4.27,2.70,-0.05,-0.02,0.00,0.08,1.98,9.67,0.00,0.00,0.02
231.43,73.22,-8.77,4.26,2.71,-0.05,-0.02,0.00,0.07,1.98,9.67,0.00,0.00,0.01
231.45,73.22,-8.77,4.27,2.70,-0.05,-0.02,0.00,0.06,1.97,9.66,0.00,0.00,0.01
231.47,73.22,-8.77,4.27,2.71,-0.05,-0.02,0.00,0.04,1.96,9.65,0.00,0.00,0.01
231.49,73.21,-8.77,4.27,2.70,-0.05,-0.02,0.00,0.03,1.97,9.66,0.00,0.00,0.01
231.50,73.19,-8.76,4.27,2.69,-0.05,-0.02,0.00,0.02,1.97,9.66,0.00,0.00,0.01
231.52,73.19,-8.77,4.27,2.69,-0.05,-0.02,-0.00,0.03,1.98,9.67,0.00,0.00,0.01
231.54,73.18,-8.76,4.28,2.68,-0.05,-0.02,-0.00,0.03,1.98,9.67,0.00,-0.00,0.02
231.55,73.19,-8.77,4.28,2.68,-0.05,-0.02,-0.00,0.03,1.98,9.67,0.00,-0.00,0.02
231.57,73.19,-8.76,4.27,2.69,-0.05,-0.02,-0.00,0.04,1.97,9.67,0.00,0.00,0.02
231.58,73.19,-8.77,4.27,2.70,-0.05,-0.02,-0.00,0.04,1.97,9.65,0.00,-0.00,0.02
231.59,73.19,-8.76,4.27,2.71,-0.05,-0.02,-0.00,0.05,1.98,9.65,0.00,-0.00,0.01
231.61,73.19,-8.77,4.29,2.71,-0.05,-0.02,-0.00,0.05,1.99,9.65,0.00,-0.00,0.01
231.62,73.20,-8.77,4.28,2.70,-0.05,-0.02,-0.00,0.06,1.98,9.65,0.00,-0.00,0.01
231.63,73.20,-8.77,4.28,2.71,-0.05,-0.02,-0.00,0.06,1.98,9.65,0.00,-0.00,0.01
231.65,73.20,-8.76,4.28,2.72,-0.05,-0.02,-0.00,0.05,1.98,9.66,0.00,0.00,0.01
231.66,73.18,-8.76,4.27,2.71,-0.05,-0.02,-0.00,0.05,1.97,9.67,0.00,0.00,0.01
231.67,73.18,-8.76,4.27,2.71,-0.05,-0.02,-0.00,0.04,1.97,9.66,0.00,-0.00,0.01
231.68,73.17,-8.77,4.27,2.70,-0.05,-0.02,-0.00,0.03,1.96,9.65,0.00,0.00,0.01
231.71,73.16,-8.77,4.27,2.70,-0.05,-0.02,-0.00,0.04,1.97,9.65,0.00,0.00,0.01
231.72,73.16,-8.77,4.27,2.70,-0.05,-0.02,-0.00,0.04,1.97,9.65,0.00,0.00,0.02
231.73,73.16,-8.77,4.27,2.70,-0.05,-0.02,-0.00,0.04,1.97,9.66,0.00,0.00,0.02
231.76,73.16,-8.77,4.27,2.69,-0.05,-0.02,-0.00,0.05,1.96,9.67,0.00,0.00,0.02
231.78,73.17,-8.77,4.27,2.69,-0.05,-0.02,-0.00,0.06,1.96,9.66,0.00,0.00,0.02
231.79,73.17,-8.77,4.27,2.70,-0.05,-0.02,-0.00,0.06,1.96,9.65,0.00,0.00,0.01
231.80,73.18,-8.77,4.28,2.70,-0.05,-0.02,-0.00,0.05,1.97,9.66,0.00,0.00,0.01
231.81,73.18,-8.77,4.28,2.70,-0.05,-0.02,-0.00,0.06,1.97,9.66,0.00,0.00,0.01
231.82,73.18,-8.77,4.28,2.70,-0.05,-0.02,-0.00,0.04,1.96,9.66,0.00,-0.00,0.01
231.84,73.18,-8.77,4.27,2.71,-0.05,-0.02,-0.00,0.04,1.97,9.65,0.00,0.00,0.01
231.85,73.17,-8.76,4.27,2.70,-0.05,-0.02,-0.00,0.03,1.97,9.66,0.00,0.00,0.01
231.86,73.16,-8.76,4.26,2.70,-0.05,-0.02,-0.00,0.02,1.97,9.67,0.00,-0.00,0.02
231.90,73.14,-8.77,4.27,2.71,-0.05,-0.02,-0.00,0.04,1.96,9.66,0.00,0.00,0.02
231.91,73.13,-8.76,4.27,2.71,-0.05,-0.02,-0.00,0.04,1.96,9.65,0.00,-0.00,0.02
231.93,73.12,-8.76,4.26,2.70,-0.05,-0.02,-0.00,0.04,1.96,9.66,0.00,-0.00,0.02
231.94,73.12,-8.76,4.26,2.69,-0.05,-0.02,-0.00,0.04,1.97,9.67,0.00,-0.00,0.02
231.95,73.13,-8.76,4.27,2.70,-0.05,-0.02,-0.00,0.04,1.97,9.67,0.00,-0.00,0.02
231.96,73.13,-8.76,4.27,2.70,-0.05,-0.02,-0.00,0.06,1.97,9.66,0.00,-0.00,0.02
231.98,73.14,-8.77,4.27,2.70,-0.05,-0.02,-0.00,0.06,1.97,9.65,0.00,-0.00,0.02
231.99,73.14,-8.77,4.27,2.71,-0.05,-0.02,-0.00,0.06,1.97,9.66,0.00,-0.00,0.02
232.00,73.14,-8.77,4.27,2.72,-0.05,-0.02,-0.00,0.05,1.97,9.65,0.00,-0.00,0.01
232.01,73.14,-8.77,4.27,2.72,-0.05,-0.02,-0.00,0.05,1.97,9.64,0.00,-0.00,0.01
232.02,73.15,-8.77,4.27,2.71,-0.05,-0.02,0.00,0.05,1.97,9.64,0.00,0.00,0.01
232.04,73.15,-8.76,4.26,2.70,-0.05,-0.02,0.00,0.04,1.98,9.65,0.00,0.00,0.01
232.06,73.14,-8.76,4.27,2.69,-0.05,-0.02,0.00,0.04,1.98,9.66,0.00,0.00,0.01
232.07,73.14,-8.76,4.27,2.70,-0.05,-0.02,0.00,0.04,1.97,9.66,0.00,0.00,0.01
232.09,73.14,-8.76,4.27,2.70,-0.05,-0.02,0.00,0.04,1.96,9.64,0.00,0.00,0.02
232.11,73.14,-8.77,4.28,2.71,-0.05,-0.02,-0.00,0.04,1.97,9.64,0.00,0.00,0.02
232.12,73.13,-8.76,4.27,2.71,-0.05,-0.02,-0.00,0.04,1.97,9.65,0.00,0.00,0.02
232.13,73.13,-8.76,4.28,2.71,-0.05,-0.02,-0.00,0.05,1.97,9.66,0.00,0.00,0.02
232.15,73.13,-8.76,4.27,2.70,-0.05,-0.02,-0.00,0.05,1.97,9.66,0.00,0.00,0.02
232.16,73.14,-8.76,4.28,2.71,-0.05,-0.02,-0.00,0.06,1.98,9.66,0.00,0.00,0.02
232.17,73.14,-8.76,4.29,2.71,-0.05,-0.02,-0.00,0.07,1.98,9.67,0.00,0.00,0.02
232.19,73.15,-8.76,4.28,2.71,-0.05,-0.02,-0.00,0.06,1.98,9.66,0.00,0.00,0.02
232.20,73.15,-8.77,4.28,2.71,-0.05,-0.02,-0.00,0.06,1.97,9.66,0.00,0.00,0.01
232.21,73.15,-8.77,4.28,2.70,-0.05,-0.02,-0.00,0.05,1.98,9.65,0.00,0.00,0.01
232.23,73.15,-8.77,4.27,2.72,-0.05,-0.02,-0.00,0.05,1.97,9.66,-0.00,0.00,0.01
232.24,73.14,-8.77,4.28,2.72,-0.05,-0.02,-0.00,0.04,1.97,9.65,-0.00,0.00,0.01
232.25,73.14,-8.77,4.27,2.71,-0.05,-0.02,-0.00,0.03,1.97,9.66,-0.00,0.00,0.01
232.27,73.13,-8.77,4.27,2.71,-0.05,-0.02,-0.00,0.03,1.97,9.65,-0.00,0.00,0.01
232.28,73.12,-8.77,4.27,2.71,-0.04,-0.02,-0.00,0.03,1.95,9.66,-0.00,-0.00,0.02
232.30,73.12,-8.76,4.27,2.70,-0.04,-0.02,-0.00,0.03,1.95,9.65,-0.00,-0.00,0.02
232.31,73.12,-8.76,4.26,2.69,-0.04,-0.02,-0.00,0.03,1.95,9.66,0.00,-0.00,0.02
232.32,73.12,-8.77,4.26,2.70,-0.05,-0.02,-0.00,0.04,1.95,9.66,0.00,-0.00,0.02
232.34,73.12,-8.76,4.26,2.70,-0.05,-0.02,-0.00,0.04,1.95,9.66,0.00,0.00,0.02
232.35,73.12,-8.76,4.26,2.70,-0.04,-0.02,-0.00,0.04,1.95,9.66,0.00,0.00,0.02
232.36,73.12,-8.77,4.26,2.71,-0.04,-0.02,-0.00,0.04,1.96,9.66,0.00,-0.00,0.02
232.38,73.12,-8.77,4.25,2.71,-0.04,-0.02,-0.00,0.03,1.95,9.65,0.00,-0.00,0.01
232.39,73.11,-8.77,4.25,2.70,-0.04,-0.01,-0.00,0.04,1.95,9.65,0.00,-0.00,0.01
232.41,73.12,-8.77,4.26,2.70,-0.04,-0.01,-0.00,0.03,1.94,9.66,0.00,-0.00,0.01
232.42,73.12,-8.76,4.26,2.70,-0.05,-0.01,-0.00,0.03,1.95,9.66,0.00,-0.00,0.01
232.43,73.12,-8.77,4.26,2.71,-0.05,-0.01,-0.00,0.03,1.95,9.67,0.00,-0.00,0.01
232.44,73.12,-8.77,4.26,2.71,-0.05,-0.01,-0.00,0.04,1.95,9.67,0.00,-0.00,0.01
232.46,73.12,-8.76,4.26,2.71,-0.05,-0.01,-0.00,0.04,1.95,9.66,0.00,-0.00,0.01
232.47,73.12,-8.76,4.27,2.71,-0.05,-0.01,-0.00,0.05,1.96,9.66,0.00,0.00,0.01
232.50,73.13,-8.76,4.27,2.70,-0.05,-0.01,-0.00,0.07,1.97,9.65,0.00,0.00,0.01
232.51,73.14,-8.76,4.27,2.70,-0.05,-0.01,0.00,0.07,1.97,9.66,0.00,0.00,0.01
232.52,73.15,-8.76,4.26,2.70,-0.05,-0.01,0.00,0.06,1.98,9.65,0.00,0.00,0.01
232.53,73.16,-8.76,4.26,2.71,-0.05,-0.01,0.00,0.05,1.97,9.65,0.00,0.00,0.01
232.56,73.16,-8.76,4.26,2.69,-0.05,-0.01,-0.00,0.04,1.96,9.65,0.00,0.00,0.01
232.58,73.16,-8.75,4.26,2.70,-0.05,-0.01,-0.00,0.04,1.96,9.66,0.00,0.00,0.02
232.59,73.16,-8.75,4.26,2.70,-0.05,-0.01,-0.00,0.04,1.96,9.66,0.00,0.00,0.02
232.60,73.16,-8.76,4.27,2.71,-0.05,-0.01,-0.00,0.04,1.96,9.66,0.00,0.00,0.02
232.62,73.16,-8.77,4.27,2.70,-0.05,-0.01,-0.00,0.04,1.95,9.66,0.00,0.00,0.02
232.63,73.15,-8.77,4.27,2.71,-0.05,-0.01,-0.00,0.04,1.96,9.65,0.00,0.00,0.01
232.65,73.15,-8.77,4.27,2.71,-0.05,-0.01,-0.00,0.05,1.97,9.66,0.00,0.00,0.01
232.66,73.16,-8.77,4.27,2.70,-0.05,-0.01,-0.00,0.05,1.97,9.66,0.00,0.00,0.01
232.68,73.16,-8.77,4.28,2.70,-0.05,-0.01,-0.00,0.05,1.97,9.65,0.00,-0.00,0.01
232.69,73.17,-8.77,4.27,2.69,-0.05,-0.01,-0.00,0.04,1.97,9.65,0.00,-0.00,0.01
232.72,73.18,-8.76,4.26,2.69,-0.05,-0.01,-0.00,0.04,1.97,9.66,0.00,-0.00,0.02
232.74,73.18,-8.77,4.26,2.70,-0.05,-0.01,0.00,0.04,1.97,9.67,0.00,0.00,0.02
232.75,73.18,-8.76,4.26,2.70,-0.05,-0.01,-0.00,0.05,1.96,9.67,0.00,-0.00,0.02
232.76,73.18,-8.76,4.26,2.70,-0.05,-0.01,-0.00,0.05,1.96,9.67,0.00,-0.00,0.02
232.77,73.18,-8.76,4.26,2.70,-0.05,-0.01,0.00,0.05,1.95,9.66,0.01,-0.00,0.02
232.79,73.19,-8.77,4.27,2.70,-0.05,-0.01,0.00,0.05,1.96,9.66,0.00,-0.00,0.02
232.82,73.20,-8.76,4.27,2.70,-0.05,-0.01,0.00,0.04,1.96,9.66,0.00,-0.00,0.01
232.83,73.20,-8.76,4.27,2.70,-0.05,-0.01,-0.00,0.04,1.97,9.65,0.00,-0.00,0.01
232.84,73.20,-8.76,4.27,2.70,-0.05,-0.01,-0.00,0.04,1.98,9.65,0.00,-0.00,0.01
232.86,73.20,-8.75,4.28,2.70,-0.05,-0.01,-0.00,0.03,1.98,9.67,0.00,-0.00,0.01
232.87,73.20,-8.76,4.28,2.69,-0.05,-0.01,-0.01,0.04,1.98,9.65,0.00,-0.00,0.01
232.88,73.20,-8.76,4.28,2.69,-0.05,-0.01,-0.01,0.04,1.98,9.65,0.00,-0.00,0.01
232.89,73.19,-8.75,4.28,2.70,-0.05,-0.01,-0.01,0.04,1.99,9.64,0.00,-0.00,0.01
232.90,73.19,-8.76,4.28,2.72,-0.05,-0.02,-0.01,0.05,1.99,9.65,0.00,-0.00,0.01
232.92,73.19,-8.76,4.28,2.72,-0.05,-0.02,-0.01,0.06,1.99,9.64,0.00,-0.00,0.01
232.93,73.19,-8.76,4.28,2.72,-0.05,-0.02,-0.01,0.07,1.99,9.65,0.00,-0.00,0.01
232.95,73.19,-8.75,4.28,2.72,-0.04,-0.01,-0.01,0.07,1.99,9.65,0.00,-0.00,0.01
232.96,73.19,-8.75,4.28,2.72,-0.04,-0.02,-0.00,0.07,1.99,9.65,0.00,0.00,0.01
232.97,73.20,-8.76,4.27,2.71,-0.04,-0.02,-0.00,0.07,1.98,9.66,0.00,0.00,0.01
233.00,73.20,-8.76,4.26,2.71,-0.05,-0.01,-0.00,0.06,1.96,9.67,0.00,0.00,0.01
233.01,73.20,-8.76,4.26,2.70,-0.05,-0.01,-0.00,0.05,1.95,9.67,0.00,0.00,0.02
233.03,73.20,-8.77,4.25,2.70,-0.05,-0.01,-0.00,0.05,1.94,9.67,0.00,0.00,0.02
233.04,73.20,-8.77,4.25,2.70,-0.05,-0.01,0.00,0.05,1.92,9.67,0.00,0.00,0.02
233.05,73.20,-8.79,4.24,2.71,-0.05,-0.02,0.01,0.05,1.91,9.70,0.00,0.00,0.03
233.06,73.21,-8.80,4.25,2.70,-0.06,-0.02,0.01,0.08,1.89,9.71,-0.00,0.00,0.03
233.07,73.22,-8.82,4.24,2.69,-0.06,-0.03,0.01,0.09,1.89,9.71,-0.00,-0.00,0.04
233.09,73.25,-8.81,4.24,2.67,-0.07,-0.03,0.01,0.06,1.89,9.71,-0.00,-0.01,0.04
233.10,73.25,-8.76,4.28,2.64,-0.07,-0.04,-0.01,-0.04,1.91,9.70,-0.00,-0.03,0.05
233.13,73.24,-8.73,4.28,2.63,-0.08,-0.04,-0.03,-0.07,1.98,9.66,-0.00,-0.03,0.07
233.14,73.22,-8.73,4.27,2.61,-0.08,-0.04,-0.05,-0.10,1.99,9.68,-0.01,-0.04,0.07
233.15,73.21,-8.75,4.28,2.60,-0.08,-0.04,-0.06,-0.10,1.95,9.72,-0.01,-0.04,0.09
233.16,73.22,-8.81,4.28,2.62,-0.08,-0.04,-0.08,-0.11,1.97,9.73,-0.00,-0.06,0.10
233.18,73.21,-8.81,4.31,2.62,-0.08,-0.05,-0.07,-0.16,1.98,9.76,0.00,-0.06,0.11
233.19,73.19,-8.81,4.33,2.62,-0.07,-0.05,-0.07,-0.18,2.06,9.73,0.01,-0.07,0.12
233.20,73.17,-8.77,4.36,2.63,-0.06,-0.05,-0.07,-0.12,2.17,9.65,0.00,-0.07,0.13
233.22,73.17,-8.71,4.37,2.65,-0.05,-0.04,-0.08,-0.05,2.18,9.61,-0.00,-0.07,0.14
233.23,73.19,-8.69,4.38,2.67,-0.05,-0.04,-0.09,0.06,2.19,9.58,-0.01,-0.06,0.14
233.24,73.25,-8.66,4.34,2.79,-0.04,-0.04,-0.10,0.22,2.16,9.61,-0.01,-0.06,0.11
233.26,73.32,-8.66,4.31,2.85,-0.03,-0.04,-0.11,0.30,2.15,9.60,-0.01,-0.05,0.08
233.28,73.35,-8.68,4.30,2.91,-0.02,-0.04,-0.11,0.32,2.19,9.59,-0.03,-0.05,0.05
233.29,73.35,-8.67,4.31,2.94,-0.01,-0.03,-0.11,0.32,2.20,9.56,-0.04,-0.04,0.03
233.30,73.36,-8.67,4.30,2.96,0.00,-0.03,-0.11,0.34,2.18,9.56,-0.06,-0.04,0.02
233.32,73.35,-8.69,4.26,2.95,0.01,-0.02,-0.11,0.36,2.12,9.58,-0.07,-0.03,0.02
233.33,73.38,-8.69,4.21,2.96,0.01,-0.01,-0.10,0.36,2.02,9.62,-0.07,-0.02,0.02
233.35,73.39,-8.72,4.15,2.93,0.01,-0.00,-0.09,0.35,1.97,9.65,-0.07,-0.02,0.02
233.36,73.42,-8.75,4.09,2.92,0.01,0.00,-0.09,0.30,1.88,9.69,-0.07,-0.02,0.03
233.37,73.45,-8.82,3.99,2.88,0.02,0.01,-0.07,0.29,1.83,9.70,-0.06,-0.01,0.05
233.39,73.50,-8.90,3.94,2.87,0.02,0.01,-0.05,0.27,1.75,9.74,-0.06,-0.00,0.08
233.41,73.53,-8.93,3.96,2.86,0.02,0.01,-0.04,0.27,1.69,9.77,-0.05,-0.00,0.11
233.42,73.60,-8.95,3.93,2.85,0.00,0.02,-0.02,0.29,1.61,9.79,-0.04,-0.01,0.12
233.45,73.71,-8.94,3.88,2.82,-0.02,0.02,-0.02,0.34,1.55,9.82,-0.03,-0.02,0.13
233.46,73.82,-8.93,3.85,2.80,-0.03,0.02,-0.01,0.36,1.55,9.81,-0.02,-0.02,0.13
233.48,74.02,-8.96,3.85,2.81,-0.04,0.02,-0.02,0.41,1.68,9.71,-0.01,-0.02,0.11
233.50,74.13,-9.00,3.85,2.82,-0.04,0.02,-0.01,0.44,1.70,9.69,-0.02,-0.02,0.10
233.51,74.26,-9.02,3.86,2.81,-0.04,0.03,0.01,0.44,1.75,9.67,-0.01,-0.02,0.11
233.53,74.40,-9.01,3.89,2.76,-0.03,0.03,0.05,0.25,1.70,9.75,0.01,-0.01,0.10
233.55,74.43,-9.00,3.92,2.73,-0.02,0.04,0.06,0.13,1.65,9.79,0.02,-0.00,0.11
233.56,74.41,-8.98,4.01,2.69,-0.01,0.05,0.05,-0.02,1.55,9.83,0.03,0.00,0.17
233.57,74.37,-9.00,4.07,2.67,-0.00,0.05,0.05,-0.10,1.53,9.84,0.03,0.00,0.23
233.59,74.34,-9.01,4.18,2.64,-0.00,0.07,0.04,-0.13,1.47,9.87,0.02,-0.01,0.30
233.60,74.38,-9.00,4.19,2.63,-0.00,0.08,0.02,0.02,1.44,9.79,0.00,-0.05,0.45
233.63,74.65,-8.95,4.13,2.60,-0.02,0.09,-0.01,0.39,1.40,9.65,-0.07,-0.10,0.49
233.64,75.43,-8.95,4.08,2.59,-0.04,0.09,-0.07,0.95,1.29,9.56,-0.16,-0.15,0.49
233.67,75.91,-8.99,4.08,2.64,-0.05,0.09,-0.10,1.12,1.27,9.56,-0.19,-0.18,0.45
233.68,76.93,-9.04,4.05,2.69,-0.07,0.10,-0.13,1.12,1.30,9.55,-0.28,-0.23,0.32
233.71,77.44,-9.03,4.00,2.68,-0.08,0.10,-0.13,0.97,1.34,9.55,-0.34,-0.25,0.27
233.72,77.88,-9.02,3.95,2.63,-0.09,0.11,-0.13,0.80,1.28,9.58,-0.40,-0.27,0.23
233.74,78.19,-8.99,3.91,2.58,-0.09,0.11,-0.13,0.68,1.21,9.59,-0.43,-0.28,0.21
233.75,78.61,-8.97,3.84,2.47,-0.09,0.12,-0.14,0.53,1.16,9.61,-0.47,-0.30,0.21
233.77,79.01,-8.99,3.80,2.33,-0.10,0.12,-0.14,0.43,1.09,9.66,-0.48,-0.31,0.26
233.79,79.49,-9.08,3.80,2.19,-0.11,0.12,-0.12,0.36,1.01,9.79,-0.47,-0.31,0.31
233.80,79.84,-9.12,3.81,2.12,-0.12,0.12,-0.11,0.36,1.00,9.82,-0.45,-0.32,0.37
233.82,80.12,-9.13,3.81,2.10,-0.13,0.11,-0.11,0.38,0.99,9.82,-0.43,-0.33,0.40
233.83,80.46,-9.11,3.80,2.09,-0.13,0.11,-0.10,0.45,0.98,9.77,-0.40,-0.34,0.46
233.84,80.76,-9.08,3.81,2.07,-0.13,0.11,-0.10,0.58,0.99,9.68,-0.39,-0.34,0.49
233.86,81.11,-9.04,3.89,2.04,-0.13,0.10,-0.10,0.70,1.00,9.66,-0.38,-0.34,0.51
233.87,81.53,-9.02,3.96,2.03,-0.14,0.08,-0.11,0.88,1.01,9.61,-0.39,-0.34,0.51
233.88,81.89,-8.98,4.03,2.02,-0.15,0.07,-0.12,1.03,0.99,9.60,-0.40,-0.35,0.49
233.89,82.35,-8.92,4.10,2.01,-0.16,0.05,-0.13,1.18,1.00,9.55,-0.41,-0.36,0.44
233.91,82.72,-8.86,4.13,2.01,-0.16,0.04,-0.14,1.28,1.02,9.49,-0.42,-0.37,0.39
233.91,83.03,-8.83,4.14,2.01,-0.16,0.04,-0.15,1.35,1.03,9.43,-0.43,-0.38,0.36
233.93,83.57,-8.76,4.15,1.99,-0.17,0.02,-0.16,1.39,1.06,9.39,-0.46,-0.39,0.29
233.94,83.90,-8.71,4.17,1.99,-0.17,0.01,-0.18,1.40,1.06,9.39,-0.48,-0.39,0.22
233.95,84.46,-8.67,4.16,2.00,-0.19,-0.02,-0.22,1.38,1.01,9.40,-0.50,-0.39,0.16
233.97,84.91,-8.68,4.04,2.09,-0.20,-0.05,-0.26,1.41,1.01,9.43,-0.51,-0.38,0.11
233.99,85.17,-8.70,3.97,2.14,-0.20,-0.07,-0.28,1.46,1.00,9.47,-0.52,-0.37,0.07
234.00,85.44,-8.81,3.90,2.19,-0.20,-0.08,-0.29,1.53,0.97,9.59,-0.51,-0.35,0.03
234.01,85.61,-8.95,3.82,2.25,-0.21,-0.10,-0.29,1.58,0.95,9.73,-0.50,-0.33,-0.03
234.03,85.77,-9.05,3.76,2.29,-0.21,-0.11,-0.28,1.58,0.95,9.91,-0.47,-0.30,-0.08
234.04,85.85,-9.21,3.63,2.36,-0.21,-0.12,-0.28,1.52,0.96,10.14,-0.42,-0.26,-0.18
234.05,85.85,-9.32,3.53,2.42,-0.20,-0.13,-0.26,1.43,0.98,10.29,-0.36,-0.23,-0.26
234.06,85.76,-9.42,3.47,2.43,-0.19,-0.14,-0.25,1.28,0.99,10.41,-0.29,-0.16,-0.34
234.08,85.45,-9.51,3.49,2.44,-0.12,-0.14,-0.24,1.06,0.85,10.29,-0.14,-0.12,-0.27
234.10,85.00,-9.41,3.66,2.22,-0.02,-0.17,-0.20,0.93,0.67,9.63,-0.01,-0.11,-0.05
234.12,84.84,-9.29,3.70,2.07,0.01,-0.20,-0.18,0.92,0.60,9.48,-0.03,-0.13,0.07
234.14,84.70,-9.22,3.69,1.98,0.03,-0.24,-0.18,0.88,0.48,9.45,-0.08,-0.15,0.11
234.15,84.55,-9.20,3.63,1.93,0.04,-0.28,-0.19,0.88,0.31,9.49,-0.13,-0.19,0.11
234.16,84.48,-9.25,3.51,1.88,0.07,-0.33,-0.20,0.97,0.21,9.54,-0.18,-0.24,0.08
234.17,84.48,-9.39,3.29,1.75,0.11,-0.39,-0.23,1.12,0.14,9.56,-0.23,-0.30,0.01
234.19,84.55,-9.52,3.18,1.62,0.14,-0.44,-0.24,1.20,0.06,9.58,-0.26,-0.33,-0.04
234.20,84.70,-9.80,2.85,1.42,0.16,-0.54,-0.28,1.23,-0.18,9.66,-0.28,-0.36,-0.08
234.21,84.88,-10.24,2.40,1.33,0.18,-0.68,-0.37,1.19,-0.57,9.78,-0.25,-0.37,-0.05
234.23,84.85,-10.84,2.25,1.40,0.16,-0.89,-0.50,1.16,-1.04,9.93,-0.18,-0.35,0.03
234.24,84.74,-11.04,2.26,1.52,0.11,-0.99,-0.56,1.12,-1.40,10.03,-0.12,-0.34,0.06
234.25,84.22,-11.26,2.26,1.83,-0.05,-1.16,-0.60,1.14,-1.80,10.10,-0.00,-0.40,-0.03
234.28,83.69,-11.28,2.14,2.12,-0.19,-1.21,-0.40,1.40,-1.70,9.96,0.06,-0.54,-0.16
234.31,83.45,-10.99,2.22,2.28,-0.24,-1.22,-0.14,1.77,-1.24,9.82,0.07,-0.66,-0.23
234.32,83.29,-10.46,2.44,2.59,-0.31,-1.27,0.04,2.13,-0.77,9.67,0.09,-0.70,-0.15
234.35,83.08,-9.34,2.75,3.52,-0.45,-1.32,0.14,2.83,-0.29,9.55,0.17,-0.68,-0.09
234.36,82.96,-8.79,2.84,4.12,-0.49,-1.32,0.16,3.20,-0.05,9.50,0.23,-0.66,-0.04
234.37,82.32,-8.35,2.91,4.66,-0.53,-1.31,0.16,3.37,0.07,9.44,0.26,-0.65,-0.02
234.38,82.17,-8.06,3.02,5.03,-0.55,-1.31,0.15,3.56,0.27,9.26,0.27,-0.64,-0.04
234.40,81.77,-7.89,3.14,5.29,-0.57,-1.32,0.13,3.63,0.33,9.10,0.25,-0.64,-0.05
234.41,80.41,-7.87,3.19,5.54,-0.64,-1.38,0.07,3.62,0.38,8.93,0.20,-0.63,-0.04
234.43,79.38,-7.93,3.10,5.69,-0.71,-1.47,0.03,3.66,0.38,8.88,0.16,-0.60,-0.01
234.44,78.44,-8.01,2.89,5.90,-0.78,-1.59,-0.02,3.80,0.33,8.99,0.14,-0.56,0.04
234.46,77.64,-8.01,2.71,6.09,-0.81,-1.67,-0.04,3.94,0.26,9.10,0.15,-0.52,0.08
234.47,76.43,-7.91,2.49,6.31,-0.83,-1.73,-0.06,4.09,0.22,9.15,0.17,-0.49,0.09
234.48,75.93,-7.84,2.38,6.41,-0.84,-1.76,-0.06,4.25,0.19,9.14,0.18,-0.46,0.08
234.49,75.72,-7.82,2.35,6.44,-0.85,-1.76,-0.06,4.30,0.19,9.14,0.19,-0.45,0.07
234.51,74.87,-7.73,2.22,6.52,-0.86,-1.78,-0.04,4.38,0.11,9.11,0.19,-0.42,0.03
234.52,73.95,-7.63,2.07,6.64,-0.88,-1.80,-0.00,4.44,0.03,9.07,0.21,-0.39,-0.04
234.53,72.03,-7.30,1.80,6.88,-0.90,-1.82,0.13,4.30,0.02,9.08,0.20,-0.35,-0.11
234.55,70.93,-7.02,1.66,7.04,-0.89,-1.82,0.23,4.23,0.07,9.05,0.20,-0.34,-0.14
234.56,70.22,-6.79,1.65,7.15,-0.89,-1.81,0.30,4.15,0.18,8.99,0.20,-0.32,-0.15
234.57,69.11,-6.50,1.66,7.27,-0.88,-1.80,0.40,4.10,0.30,8.93,0.21,-0.30,-0.13
234.58,67.94,-6.22,1.73,7.38,-0.88,-1.77,0.47,4.00,0.42,8.90,0.21,-0.29,-0.10
234.59,65.15,-5.61,1.93,7.57,-0.89,-1.70,0.54,3.80,0.68,8.94,0.21,-0.25,-0.04
234.62,63.82,-5.37,1.96,7.68,-0.90,-1.67,0.54,3.71,0.74,8.97,0.22,-0.24,0.00
234.63,62.83,-5.23,2.01,7.77,-0.90,-1.64,0.54,3.61,0.85,8.96,0.22,-0.23,0.05
234.64,60.81,-5.00,2.10,7.98,-0.91,-1.61,0.50,3.56,0.98,8.94,0.22,-0.21,0.14
234.66,59.16,-4.84,2.10,8.22,-0.91,-1.58,0.46,3.68,1.13,8.87,0.21,-0.20,0.23
234.67,57.88,-4.71,2.09,8.37,-0.90,-1.56,0.43,3.73,1.20,8.81,0.21,-0.20,0.28
234.68,57.00,-4.61,2.11,8.46,-0.88,-1.55,0.42,3.85,1.30,8.69,0.18,-0.20,0.31
234.70,56.13,-4.50,2.23,8.43,-0.87,-1.55,0.39,3.94,1.36,8.63,0.15,-0.20,0.33
234.71,54.72,-4.32,2.23,8.48,-0.88,-1.55,0.35,4.05,1.39,8.65,0.11,-0.20,0.32
234.72,52.60,-3.99,2.07,8.65,-0.87,-1.53,0.27,4.00,1.33,8.77,0.04,-0.23,0.28
234.74,51.47,-3.86,2.02,8.74,-0.85,-1.53,0.22,3.95,1.35,8.76,0.02,-0.24,0.28
234.77,49.11,-3.56,1.72,8.96,-0.84,-1.54,0.13,3.98,1.30,8.60,-0.08,-0.25,0.30
234.79,47.78,-3.27,1.51,9.14,-0.83,-1.54,0.12,4.01,1.14,8.63,-0.13,-0.24,0.32
234.80,46.17,-3.00,1.33,9.33,-0.86,-1.54,0.11,4.22,0.85,8.70,-0.15,-0.23,0.37
234.83,43.57,-2.46,0.72,9.63,-0.88,-1.55,0.01,4.71,0.40,8.66,-0.16,-0.22,0.37
234.84,42.90,-2.28,0.54,9.63,-0.88,-1.55,-0.03,4.80,0.28,8.72,-0.15,-0.21,0.36
234.85,41.59,-2.01,0.08,9.70,-0.87,-1.54,-0.05,4.87,0.15,8.74,-0.14,-0.20,0.34
234.87,41.72,-2.01,0.08,9.70,-0.87,-1.54,-0.05,4.93,0.04,8.76,-0.15,-0.17,0.32
234.88,39.99,-1.90,-0.50,9.79,-0.82,-1.51,-0.05,5.06,-0.46,8.81,-0.12,-0.14,0.27
234.90,38.58,-2.05,-0.89,9.86,-0.79,-1.51,-0.06,5.01,-0.56,8.79,-0.10,-0.11,0.24
234.91,37.79,-2.15,-0.97,9.81,-0.78,-1.51,-0.03,4.92,-0.57,8.73,-0.09,-0.09,0.19
234.92,36.90,-2.33,-0.86,9.61,-0.76,-1.51,0.02,4.61,-0.52,8.59,-0.08,-0.05,0.11
234.93,36.34,-2.42,-0.72,9.47,-0.75,-1.52,0.06,4.22,-0.27,8.57,-0.08,-0.04,0.09
234.96,35.30,-2.50,-0.45,9.38,-0.73,-1.52,0.13,3.69,0.08,8.75,-0.09,-0.03,0.08
234.97,33.92,-2.55,-0.25,9.51,-0.70,-1.49,0.24,3.21,0.23,8.97,-0.10,-0.06,0.13
234.98,33.57,-2.54,-0.22,9.53,-0.69,-1.48,0.26,3.03,0.26,9.03,-0.09,-0.08,0.16
234.99,32.89,-2.53,-0.20,9.56,-0.68,-1.47,0.28,2.89,0.27,9.03,-0.09,-0.11,0.24
234.99,32.89,-2.53,-0.20,9.56,-0.68,-1.47,0.28,2.89,0.27,9.03,-0.09,-0.11,0.24
235.01,32.44,-2.51,-0.18,9.58,-0.67,-1.46,0.31,2.92,0.28,8.98,-0.09,-0.13,0.30
235.03,31.91,-2.39,-0.11,9.64,-0.63,-1.43,0.38,2.95,0.13,8.90,-0.11,-0.17,0.35
235.04,30.52,-1.95,-0.09,9.65,-0.55,-1.35,0.49,3.09,-0.23,8.97,-0.10,-0.20,0.37
235.05,29.39,-1.42,-0.35,9.61,-0.48,-1.24,0.54,3.50,-0.51,8.80,-0.10,-0.25,0.33
235.07,28.35,-0.94,-0.76,9.51,-0.41,-1.11,0.50,4.15,-0.80,8.77,-0.09,-0.31,0.22
235.09,27.52,-0.60,-1.08,9.64,-0.37,-1.00,0.38,4.28,-0.82,8.84,-0.01,-0.33,0.19
235.10,26.99,-0.51,-1.37,9.76,-0.34,-0.95,0.34,4.29,-0.82,8.87,0.02,-0.33,0.21
235.12,26.74,-0.44,-1.46,9.85,-0.32,-0.92,0.33,4.45,-0.77,8.90,0.09,-0.32,0.28
235.13,26.29,-0.26,-1.60,9.96,-0.31,-0.91,0.33,4.60,-0.76,8.91,0.11,-0.32,0.32
235.13,26.29,-0.20,-1.63,9.98,-0.30,-0.91,0.34,4.75,-0.73,8.83,0.14,-0.32,0.33
235.15,26.19,0.04,-1.71,10.02,-0.29,-0.91,0.35,5.22,-0.63,8.66,0.16,-0.32,0.31
235.17,25.93,0.40,-1.79,10.00,-0.27,-0.93,0.34,5.41,-0.54,8.50,0.17,-0.31,0.28
235.18,25.87,0.58,-1.77,9.97,-0.25,-0.97,0.32,5.58,-0.46,8.41,0.16,-0.31,0.22
235.19,25.03,0.86,-1.66,10.01,-0.22,-1.09,0.25,5.72,-0.50,8.36,0.12,-0.31,0.18
235.20,24.51,1.08,-1.56,10.04,-0.19,-1.20,0.15,5.89,-0.48,8.49,0.12,-0.30,0.11
235.22,22.86,1.04,-1.68,10.20,-0.11,-1.40,-0.09,5.63,-0.46,8.71,0.14,-0.28,-0.06
235.24,21.55,0.58,-1.79,10.10,-0.00,-1.50,-0.21,4.73,-1.02,9.16,0.17,-0.37,-0.20
235.27,20.48,-0.18,-1.79,9.98,0.06,-1.51,-0.28,3.93,-1.22,9.51,0.23,-0.39,-0.22
235.28,20.01,-0.67,-1.72,9.96,0.08,-1.50,-0.30,3.36,-1.16,9.67,0.27,-0.44,-0.24
235.29,19.55,-1.37,-1.67,10.01,0.09,-1.48,-0.31,2.79,-1.03,9.87,0.27,-0.50,-0.25
235.31,19.27,-1.69,-1.64,10.16,0.10,-1.43,-0.29,2.34,-1.04,10.09,0.28,-0.57,-0.25
235.32,19.02,-2.01,-1.56,10.47,0.15,-1.32,-0.22,1.89,-1.07,10.33,0.30,-0.64,-0.22
235.33,18.70,-2.36,-1.46,10.61,0.24,-1.19,-0.09,1.29,-1.06,10.71,0.35,-0.87,-0.06
235.35,18.59,-1.62,-1.01,10.66,0.29,-0.94,0.14,1.76,-1.11,11.05,0.42,-1.02,0.05
235.36,18.75,-0.93,-0.87,11.04,0.24,-0.82,0.27,2.28,-1.09,11.23,0.44,-1.10,0.10
235.37,18.89,-0.15,-0.65,11.66,0.17,-0.70,0.37,3.06,-0.89,11.47,0.51,-1.21,0.06
235.39,19.30,0.58,-0.17,12.53,0.12,-0.51,0.39,3.44,-0.40,11.83,0.59,-1.33,-0.07
235.41,19.69,0.45,-0.04,12.57,0.14,-0.29,0.29,3.14,-0.10,12.12,0.63,-1.41,-0.13
235.43,20.32,-0.05,0.22,12.22,0.11,-0.05,0.21,2.29,0.26,12.28,0.67,-1.53,-0.28
235.44,21.35,-0.74,0.42,11.75,0.09,0.41,0.07,1.01,0.43,12.57,0.69,-1.68,-0.39
235.46,22.17,-1.09,0.47,11.51,0.24,0.69,-0.15,0.75,0.32,12.45,0.66,-1.79,-0.41
235.48,24.36,-1.36,0.73,10.27,0.57,1.11,-0.53,1.14,-0.09,11.84,0.67,-1.97,-0.43
235.49,26.01,-1.10,0.62,9.70,0.66,1.31,-0.55,1.85,-0.48,10.83,0.71,-2.09,-0.47
235.51,28.12,-0.27,0.54,9.35,0.69,1.52,-0.42,2.43,-0.41,9.90,0.75,-2.13,-0.45
235.52,29.14,0.08,0.55,9.34,0.68,1.59,-0.37,2.87,-0.05,9.39,0.77,-2.14,-0.39
235.54,31.13,0.89,0.51,9.69,0.61,1.72,-0.23,3.62,0.69,9.01,0.79,-2.11,-0.26
235.55,33.18,1.37,0.36,10.22,0.55,1.77,-0.17,4.87,1.35,8.69,0.74,-2.01,-0.09
235.56,36.33,1.66,0.19,11.04,0.44,1.76,-0.19,6.43,1.13,7.75,0.65,-1.88,0.07
235.57,38.43,1.66,0.11,11.34,0.40,1.72,-0.23,7.27,0.60,6.84,0.61,-1.79,0.14
235.59,41.45,1.46,-0.06,11.67,0.35,1.63,-0.27,8.10,-0.14,5.77,0.59,-1.57,0.23
235.60,43.40,1.30,-0.19,11.79,0.33,1.57,-0.22,8.52,-0.26,5.32,0.59,-1.39,0.33
235.61,46.28,1.37,-0.32,11.81,0.32,1.55,-0.08,8.90,0.08,4.81,0.51,-0.92,0.40
235.63,48.16,1.55,-0.41,11.79,0.32,1.58,0.03,8.76,0.56,4.63,0.33,-0.66,0.44
235.64,49.46,1.81,-0.55,11.80,0.30,1.65,0.20,8.54,1.00,4.70,0.10,-0.30,0.48
235.65,51.11,1.99,-0.78,11.99,0.31,1.77,0.43,7.92,1.15,4.98,-0.12,0.16,0.53
235.66,51.73,1.95,-0.88,12.13,0.35,1.86,0.60,7.59,1.02,5.07,-0.15,0.51,0.62
235.68,52.27,1.86,-0.86,12.15,0.41,1.92,0.72,7.45,0.83,4.88,-0.09,0.85,0.77
235.69,52.75,1.71,-0.72,11.92,0.47,1.98,0.82,7.60,0.62,4.52,-0.00,1.18,0.94
235.70,53.10,1.61,-0.53,11.58,0.47,2.00,0.86,8.15,0.33,4.06,0.11,1.60,1.11
235.72,53.43,1.52,-0.36,11.19,0.44,2.01,0.88,8.81,0.18,3.70,0.15,1.94,1.17
235.73,53.82,1.40,-0.25,10.75,0.38,2.00,0.90,9.45,0.13,3.33,0.12,2.26,1.10
235.74,54.02,1.34,-0.22,10.37,0.32,1.95,0.90,9.92,0.16,3.04,-0.10,2.74,0.71
235.76,53.82,1.15,-0.24,9.87,0.26,1.81,0.89,9.88,-0.01,3.25,-0.35,3.14,0.19
235.78,53.40,1.15,-0.13,9.47,0.20,1.69,0.90,9.64,0.01,3.29,-0.50,3.38,-0.34
235.79,51.67,1.36,0.03,8.71,0.11,1.42,0.85,8.65,0.55,3.10,-0.77,3.61,-0.78
235.81,50.64,1.49,0.10,8.43,0.08,1.32,0.82,7.99,0.75,3.23,-0.91,3.71,-0.93
235.83,48.60,1.69,0.27,7.79,0.03,1.15,0.70,6.98,0.75,3.66,-1.04,3.83,-0.93
235.84,46.75,1.73,0.30,7.51,-0.01,1.06,0.62,6.17,0.75,4.20,-1.13,3.91,-0.80
235.86,41.30,1.50,0.34,7.05,-0.12,0.76,0.35,5.07,0.52,5.70,-1.22,4.01,-0.67
235.88,37.19,1.20,0.40,7.05,-0.17,0.58,0.17,5.00,0.67,6.17,-1.27,3.98,-0.55
235.90,34.96,0.90,0.52,7.15,-0.20,0.45,0.00,4.99,0.72,6.42,-1.30,3.96,-0.44
235.91,32.31,0.60,0.68,7.31,-0.27,0.33,-0.18,4.75,0.74,6.89,-1.33,3.91,-0.33
235.92,29.67,0.25,0.85,7.53,-0.36,0.25,-0.38,4.17,0.60,7.59,-1.33,3.81,-0.18
235.93,25.81,-0.36,0.92,7.99,-0.52,0.16,-0.64,3.19,0.34,8.71,-1.19,3.63,0.07
235.95,23.91,-0.80,0.86,8.33,-0.61,0.10,-0.80,2.75,0.40,9.09,-1.07,3.54,0.24
235.96,21.57,-1.43,0.68,8.76,-0.72,0.02,-0.99,2.46,0.50,9.53,-0.92,3.38,0.46
235.97,19.15,-2.36,0.50,9.29,-0.78,-0.08,-1.18,2.54,0.41,10.19,-0.77,3.12,0.65
235.98,17.89,-3.63,0.75,9.82,-0.74,-0.19,-1.28,2.81,0.09,10.74,-0.65,2.84,0.62
236.00,16.79,-5.22,1.14,10.23,-0.65,-0.24,-1.28,2.30,-0.21,10.91,-0.49,2.25,0.34
236.01,17.06,-9.28,1.29,10.57,-0.45,-0.15,-0.88,0.23,0.05,10.48,-0.40,1.53,0.06
236.03,17.57,-10.65,1.11,10.36,-0.38,-0.06,-0.57,-0.12,-0.03,10.35,-0.33,0.90,0.04
236.04,19.40,-10.45,0.94,9.64,-0.30,-0.00,-0.06,1.18,-0.01,9.78,-0.23,0.31,0.06
236.05,21.73,-8.46,0.81,8.99,-0.33,-0.05,0.25,3.56,0.17,8.60,-0.16,-0.34,0.02
236.07,27.09,-3.36,0.10,9.03,-0.59,-0.38,0.60,5.45,0.13,7.79,-0.28,-1.07,-0.61
236.10,28.59,0.51,0.16,10.94,-0.75,-0.83,0.49,2.36,0.64,10.97,-0.69,-1.10,-0.91
236.11,26.64,1.20,0.66,12.38,-0.63,-1.02,0.32,-2.76,0.17,15.04,-0.93,-0.50,-0.82
236.12,23.21,0.54,1.62,13.89,-0.39,-1.09,0.19,-7.09,-2.31,17.77,-0.35,-0.47,-0.12
236.14,20.55,-2.49,2.89,15.17,-0.31,-0.94,0.13,-6.67,-2.50,16.86,0.48,-0.88,1.37
236.15,19.60,-5.69,2.64,15.23,-0.60,-0.56,0.29,-2.65,-0.67,14.00,1.02,-1.24,2.35
236.16,20.55,-8.18,0.23,13.93,-0.96,-0.13,0.65,0.35,0.04,12.59,1.00,-1.32,2.57
236.18,23.66,-8.25,-3.00,11.51,-0.87,0.06,1.26,3.85,-0.40,10.38,0.84,-1.37,2.37
236.19,26.59,-6.34,-3.03,10.20,-0.51,-0.01,1.46,5.66,-0.73,8.21,0.80,-1.48,2.10
236.20,31.83,2.58,0.26,6.88,-0.22,-0.35,1.71,7.01,-0.33,5.00,0.32,-1.73,0.95
236.23,29.59,5.98,-0.76,7.52,-0.78,-1.20,0.71,6.01,-0.92,8.38,-0.20,-1.28,-0.00
236.26,27.82,3.48,-1.19,9.11,-0.82,-1.49,0.04,5.37,-1.11,9.27,-0.28,-1.01,-0.21
236.27,26.86,1.31,-2.26,10.65,-0.82,-1.61,-0.37,4.16,-1.23,9.46,-0.30,-0.83,-0.30
236.29,25.62,-0.70,-2.58,11.21,-0.57,-1.35,-0.44,3.35,-0.97,9.24,-0.28,-0.79,-0.21
236.30,25.24,-0.56,-1.84,10.52,-0.46,-1.14,-0.36,3.01,-0.94,9.15,-0.28,-0.83,-0.13
236.32,24.59,0.02,-1.21,9.72,-0.45,-0.90,-0.24,2.48,-1.11,9.07,-0.23,-0.91,0.01
236.34,24.17,0.14,-1.27,9.69,-0.46,-0.85,-0.23,2.14,-1.26,9.06,-0.22,-0.92,0.10
236.35,23.36,-0.02,-1.77,9.88,-0.45,-0.84,-0.30,1.76,-1.86,9.34,-0.25,-0.89,0.22
236.36,22.81,-0.74,-2.40,9.93,-0.42,-0.82,-0.37,2.00,-2.49,9.76,-0.25,-0.83,0.31
236.37,22.65,-1.36,-2.78,9.77,-0.39,-0.80,-0.35,2.89,-2.92,9.92,-0.18,-0.76,0.32
236.39,23.39,-1.84,-2.93,9.37,-0.37,-0.74,-0.21,3.90,-2.74,9.17,-0.08,-0.73,0.20
236.41,24.19,-1.57,-2.84,9.37,-0.38,-0.68,-0.13,4.15,-2.30,8.54,-0.06,-0.74,0.03
236.42,24.97,-0.59,-2.58,9.71,-0.39,-0.62,-0.04,3.98,-1.78,8.61,-0.08,-0.77,-0.05
236.44,25.03,0.21,-2.34,9.92,-0.37,-0.60,-0.03,3.89,-1.63,8.87,-0.07,-0.77,-0.10
236.45,24.88,0.88,-2.03,9.99,-0.34,-0.62,-0.08,3.75,-1.50,9.22,-0.04,-0.75,-0.13
236.47,23.88,1.31,-1.54,9.93,-0.27,-0.71,-0.35,3.57,-1.41,9.18,0.01,-0.71,-0.09
236.49,23.15,0.86,-1.60,10.03,-0.24,-0.75,-0.57,3.59,-1.31,8.96,0.01,-0.67,-0.02
236.51,22.79,0.06,-1.76,9.98,-0.18,-0.75,-0.66,3.77,-1.38,8.85,0.01,-0.67,-0.03
236.53,22.92,-0.33,-1.76,9.75,-0.16,-0.72,-0.59,3.99,-1.40,8.78,0.02,-0.69,-0.09
236.54,23.14,-0.37,-1.71,9.61,-0.16,-0.71,-0.54,4.16,-1.36,8.72,0.04,-0.70,-0.14
236.55,23.29,-0.31,-1.63,9.52,-0.17,-0.70,-0.49,4.23,-1.30,8.69,0.05,-0.70,-0.19
236.56,23.61,-0.13,-1.56,9.59,-0.20,-0.71,-0.44,4.18,-1.19,8.67,0.06,-0.71,-0.27
236.58,23.70,0.23,-1.44,9.96,-0.20,-0.76,-0.43,3.98,-1.17,8.74,0.06,-0.72,-0.32
236.59,23.49,0.33,-1.35,10.15,-0.14,-0.80,-0.50,3.74,-1.10,8.90,0.06,-0.75,-0.32
236.61,23.32,0.29,-1.29,10.13,-0.09,-0.82,-0.55,3.66,-1.11,9.03,0.08,-0.77,-0.31
236.62,23.17,0.20,-1.23,10.06,-0.06,-0.82,-0.60,3.57,-1.05,9.11,0.11,-0.80,-0.29
236.63,23.03,-0.04,-1.26,10.00,-0.03,-0.83,-0.64,3.51,-1.12,9.14,0.14,-0.82,-0.28
236.65,22.98,-0.18,-1.26,9.93,-0.02,-0.84,-0.66,3.56,-1.27,9.17,0.14,-0.86,-0.31
236.66,23.07,-0.50,-1.40,9.80,-0.01,-0.85,-0.66,3.66,-1.56,9.18,0.15,-0.89,-0.32
236.67,23.37,-0.86,-1.63,9.73,-0.03,-0.89,-0.66,3.87,-1.78,9.15,0.17,-0.93,-0.32
236.68,23.77,-1.12,-1.87,9.82,-0.05,-0.94,-0.64,4.20,-1.66,9.24,0.21,-1.00,-0.36
236.70,24.38,-1.21,-2.01,10.00,-0.05,-1.02,-0.60,4.23,-1.54,9.49,0.26,-1.04,-0.40
236.71,24.82,-0.94,-1.92,10.30,-0.01,-1.09,-0.55,3.75,-1.45,9.80,0.32,-1.15,-0.39
236.73,24.83,-0.64,-1.74,10.44,0.03,-1.07,-0.49,3.32,-1.41,10.04,0.34,-1.20,-0.36
236.74,24.75,-0.48,-1.50,10.53,0.03,-1.04,-0.45,3.00,-1.41,10.32,0.35,-1.26,-0.33
236.75,24.47,-0.15,-0.78,10.92,-0.03,-0.90,-0.33,2.92,-1.41,10.74,0.35,-1.37,-0.27
236.78,24.49,-0.56,-0.52,11.49,-0.15,-0.70,-0.36,3.22,-1.36,11.13,0.37,-1.44,-0.25
236.79,25.00,-1.27,-0.77,12.08,-0.17,-0.56,-0.46,3.52,-1.13,11.54,0.42,-1.57,-0.32
236.81,26.30,-2.21,-1.01,12.69,-0.11,-0.35,-0.51,3.47,-0.58,12.38,0.47,-1.65,-0.45
236.82,26.95,-2.44,-0.94,12.86,-0.04,-0.22,-0.46,3.07,-0.21,13.05,0.46,-1.73,-0.56
236.83,28.05,-2.60,-0.43,12.88,0.11,0.10,-0.34,2.13,0.18,13.54,0.48,-1.83,-0.80
236.86,29.95,-2.52,0.82,12.25,0.45,0.66,-0.30,0.71,0.74,13.35,0.48,-1.99,-0.80
236.87,31.05,-2.09,1.31,11.46,0.69,0.96,-0.35,0.47,0.70,12.44,0.41,-2.14,-0.76
236.89,31.79,-1.62,1.47,10.69,0.81,1.13,-0.36,0.79,0.40,11.50,0.39,-2.22,-0.70
236.90,33.58,-0.26,1.30,9.36,0.92,1.42,-0.35,1.77,0.46,10.00,0.37,-2.30,-0.47
236.91,34.95,0.55,1.17,8.96,0.91,1.59,-0.33,3.06,0.84,9.01,0.32,-2.35,-0.23
236.93,36.35,1.25,0.99,9.26,0.82,1.72,-0.29,4.24,1.08,8.53,0.28,-2.37,-0.05
236.94,39.18,1.96,0.73,10.22,0.68,1.80,-0.27,6.63,1.41,7.88,0.18,-2.33,-0.02
236.96,40.90,2.49,0.58,11.02,0.59,1.77,-0.31,7.83,1.29,7.40,0.11,-2.22,-0.17
236.97,42.99,2.99,0.36,11.68,0.54,1.68,-0.47,8.44,0.71,6.96,0.08,-2.08,-0.33
236.98,44.97,3.15,0.21,12.00,0.53,1.60,-0.63,8.90,-0.31,6.12,0.12,-1.83,-0.39
236.99,46.43,3.00,-0.01,12.25,0.54,1.50,-0.82,9.02,-0.68,5.33,0.19,-1.59,-0.40
237.00,48.34,2.68,-0.15,12.26,0.56,1.43,-0.93,9.15,-0.48,4.38,0.21,-1.21,-0.37
237.01,50.99,2.31,-0.21,11.90,0.57,1.44,-0.94,8.91,0.42,3.38,0.00,-0.56,-0.33
237.03,52.79,2.06,-0.28,11.46,0.54,1.52,-0.85,8.59,1.24,3.24,-0.33,-0.02,-0.31
237.04,54.12,1.72,-0.35,11.34,0.49,1.64,-0.65,8.51,1.52,3.58,-0.62,0.52,-0.30
237.06,54.80,1.44,-0.33,11.50,0.47,1.72,-0.44,8.45,1.33,3.82,-0.69,0.90,-0.25
237.07,55.68,1.26,-0.26,11.86,0.47,1.78,-0.14,8.43,1.18,3.56,-0.62,1.35,-0.17
237.08,56.02,1.34,-0.17,11.86,0.47,1.80,-0.05,8.52,1.19,3.25,-0.57,1.55,-0.15
237.10,56.42,1.50,-0.07,11.67,0.45,1.80,0.03,8.75,1.15,2.80,-0.52,1.82,-0.14
237.11,56.71,1.74,0.07,11.28,0.40,1.79,0.07,9.04,1.13,2.42,-0.51,2.13,-0.16
237.12,56.83,1.88,0.15,10.76,0.35,1.76,0.07,9.16,1.18,2.17,-0.55,2.38,-0.24
237.13,56.65,1.90,0.21,10.24,0.30,1.70,0.08,8.93,1.33,2.05,-0.75,2.80,-0.36
237.14,56.17,1.84,0.24,9.79,0.26,1.64,0.09,8.54,1.32,2.28,-0.96,3.13,-0.49
237.15,55.32,1.60,0.26,9.38,0.25,1.55,0.10,8.16,1.16,2.78,-1.13,3.40,-0.63
237.17,54.44,1.36,0.37,9.03,0.25,1.45,0.12,7.81,1.07,3.36,-1.25,3.60,-0.76
237.18,52.66,1.18,0.42,8.74,0.26,1.34,0.12,7.39,1.03,3.81,-1.35,3.73,-0.88
237.19,50.52,1.03,0.45,8.33,0.26,1.22,0.10,6.56,1.01,4.13,-1.45,3.79,-0.95
237.21,48.51,0.98,0.39,7.88,0.23,1.10,0.03,5.95,1.22,4.35,-1.49,3.83,-0.94
237.22,45.85,0.97,0.32,7.47,0.20,1.00,-0.04,5.39,1.28,4.66,-1.52,3.91,-0.83
237.23,43.93,0.91,0.21,7.11,0.15,0.90,-0.13,5.15,1.15,4.97,-1.52,3.99,-0.73
237.24,41.40,0.84,0.11,6.89,0.10,0.81,-0.19,4.95,1.02,5.60,-1.50,4.10,-0.66
237.26,35.66,0.47,-0.04,6.67,-0.07,0.54,-0.32,5.00,0.66,7.18,-1.32,4.23,-0.60
237.28,30.02,-0.10,0.48,7.26,-0.29,0.24,-0.40,4.58,1.24,7.78,-1.07,4.13,-0.54
237.31,27.34,-0.39,0.68,7.77,-0.39,0.11,-0.44,3.97,1.54,8.02,-1.00,4.05,-0.29
237.31,24.69,-0.67,0.70,8.21,-0.46,0.02,-0.48,3.29,1.64,8.42,-0.94,3.96,-0.02
237.33,22.01,-1.35,0.58,8.97,-0.51,-0.12,-0.56,2.79,1.55,9.11,-0.85,3.82,0.53
237.34,19.08,-2.04,0.75,9.44,-0.51,-0.23,-0.61,2.97,1.04,10.26,-0.70,3.54,0.83
237.35,17.75,-3.03,1.09,9.91,-0.50,-0.33,-0.65,3.30,0.41,10.86,-0.60,3.24,0.81
237.37,16.14,-4.66,1.42,10.46,-0.46,-0.39,-0.62,3.15,-0.74,11.33,-0.42,2.40,0.24
237.39,16.24,-10.56,1.01,10.76,-0.35,-0.17,-0.32,1.13,-0.98,10.42,-0.24,1.36,-0.03
237.41,19.36,-9.86,1.35,9.85,-0.32,-0.00,0.04,2.63,-0.75,9.08,-0.19,0.32,-0.06
237.42,22.66,-6.59,0.91,9.33,-0.50,-0.00,0.36,4.33,-0.43,7.85,-0.28,-0.43,-0.23
237.44,25.30,-3.61,0.23,9.45,-0.68,-0.08,0.57,5.21,0.02,7.40,-0.52,-0.98,-0.51
237.45,27.15,-1.03,-0.01,10.09,-0.73,-0.21,0.62,4.84,0.81,7.80,-0.71,-1.17,-1.15
237.47,26.36,1.17,1.40,12.28,-0.46,-0.64,0.30,-2.63,0.86,15.69,-1.22,-0.53,-1.60
237.49,23.95,0.42,3.09,13.77,-0.26,-0.81,0.04,-6.70,-1.77,17.90,-0.92,-0.50,-0.64
237.50,21.79,-1.40,3.94,14.17,-0.30,-0.82,-0.10,-7.78,-3.43,18.69,-0.03,-0.85,0.47
237.51,20.65,-3.75,3.47,13.83,-0.67,-0.74,-0.08,-6.35,-3.05,17.03,0.62,-1.12,1.55
237.52,20.39,-6.43,0.33,12.74,-0.99,-0.65,0.15,-2.84,-1.49,13.61,1.11,-1.37,2.78
237.53,21.88,-6.16,-1.63,11.58,-0.86,-0.50,0.43,3.16,-0.29,9.60,1.10,-1.45,3.19
237.54,26.21,-2.25,-0.96,9.31,-0.27,-0.24,0.74,7.47,-0.58,6.27,0.66,-1.48,2.47
237.56,28.13,-0.20,-0.68,8.01,-0.40,-0.25,0.93,7.68,-0.89,5.70,0.39,-1.54,1.82
237.58,32.15,2.64,-1.53,7.28,-0.76,-0.66,1.01,6.95,-1.94,6.33,-0.11,-1.58,0.47
237.60,32.16,2.73,-1.86,7.95,-0.76,-0.99,0.76,6.13,-1.69,7.66,-0.12,-1.47,-0.04
237.61,31.27,2.02,-1.96,8.83,-0.73,-1.28,0.42,5.40,-1.48,8.88,-0.09,-1.33,-0.19
237.62,29.84,0.23,-2.06,10.08,-0.71,-1.41,-0.01,3.61,-1.75,10.20,-0.09,-1.04,-0.37
237.64,29.37,-0.43,-2.02,10.29,-0.69,-1.33,-0.07,3.18,-1.56,9.90,-0.06,-0.99,-0.36
237.65,28.85,-0.77,-1.85,10.38,-0.63,-1.18,-0.08,3.02,-1.20,9.37,-0.02,-0.96,-0.35
237.66,27.76,0.00,-1.25,10.15,-0.48,-0.89,-0.10,2.10,-0.64,8.90,-0.05,-0.98,-0.15
237.69,26.95,0.37,-1.20,10.03,-0.41,-0.83,-0.18,1.65,-0.70,8.94,-0.08,-1.04,0.02
237.70,26.12,0.47,-1.42,10.03,-0.34,-0.79,-0.27,1.46,-0.97,9.05,-0.10,-1.08,0.14
237.71,25.30,0.26,-1.70,10.00,-0.29,-0.76,-0.35,1.58,-1.64,9.39,-0.13,-1.05,0.28
237.73,24.65,-0.19,-2.17,9.93,-0.26,-0.69,-0.41,2.69,-2.56,9.96,-0.08,-0.98,0.35
237.74,24.63,-0.56,-2.49,9.77,-0.26,-0.62,-0.40,3.66,-2.68,9.89,0.02,-0.91,0.38
237.75,25.04,-0.85,-2.72,9.61,-0.27,-0.55,-0.36,4.51,-2.40,9.33,0.09,-0.87,0.13
237.77,26.75,-0.82,-3.08,9.63,-0.29,-0.44,-0.28,5.32,-1.80,8.24,0.05,-0.89,-0.08
237.78,28.00,-0.03,-2.81,9.82,-0.26,-0.38,-0.26,5.38,-1.41,8.38,-0.03,-0.91,-0.38
237.80,28.54,0.90,-2.33,9.96,-0.22,-0.40,-0.32,4.98,-1.13,8.86,-0.04,-0.88,-0.58
237.82,28.43,1.34,-2.08,10.00,-0.19,-0.44,-0.43,4.55,-1.01,9.02,-0.03,-0.84,-0.62
237.83,27.76,1.58,-1.85,10.08,-0.18,-0.51,-0.55,4.13,-0.95,8.99,-0.01,-0.77,-0.53
237.85,27.40,1.49,-1.81,10.09,-0.17,-0.55,-0.62,4.05,-0.91,8.83,0.00,-0.73,-0.43
237.86,26.82,1.02,-1.86,10.01,-0.15,-0.60,-0.67,4.37,-0.81,8.51,0.02,-0.67,-0.24
237.88,26.73,0.29,-1.95,9.64,-0.12,-0.64,-0.55,4.99,-0.83,8.16,-0.01,-0.62,-0.15
237.90,26.97,0.17,-1.97,9.53,-0.12,-0.65,-0.48,5.13,-0.89,8.02,-0.02,-0.61,-0.17
237.91,27.25,0.26,-1.90,9.47,-0.11,-0.66,-0.36,5.13,-0.92,7.92,-0.03,-0.59,-0.23
237.93,27.38,0.51,-1.82,9.48,-0.10,-0.67,-0.30,4.96,-0.91,7.92,-0.06,-0.57,-0.28
237.95,27.17,0.76,-1.83,9.62,-0.08,-0.72,-0.33,4.68,-1.09,8.19,-0.10,-0.55,-0.31
237.97,26.74,0.76,-1.96,9.70,-0.06,-0.77,-0.39,4.52,-1.26,8.43,-0.07,-0.54,-0.29
237.98,26.40,0.63,-1.95,9.67,-0.05,-0.81,-0.44,4.47,-1.32,8.50,-0.04,-0.53,-0.26
238.00,26.03,0.45,-1.82,9.58,-0.06,-0.86,-0.47,4.50,-1.34,8.49,-0.02,-0.51,-0.18
238.01,25.82,0.35,-1.72,9.58,-0.07,-0.89,-0.47,4.58,-1.32,8.50,-0.01,-0.51,-0.13
238.02,25.62,0.20,-1.63,9.67,-0.10,-0.93,-0.46,4.72,-1.16,8.59,-0.00,-0.51,-0.08
238.03,25.42,0.04,-1.51,9.92,-0.12,-1.00,-0.40,4.87,-0.96,8.71,0.01,-0.54,-0.07
238.05,25.23,-0.19,-1.29,10.05,-0.10,-1.08,-0.38,4.67,-0.83,8.91,-0.00,-0.59,-0.14
238.07,25.06,-0.35,-1.11,10.08,-0.10,-1.12,-0.40,4.39,-0.85,9.15,-0.01,-0.61,-0.19
238.08,24.76,-0.49,-0.99,10.09,-0.10,-1.15,-0.43,3.95,-0.94,9.51,-0.00,-0.67,-0.25
238.09,24.55,-0.73,-0.93,10.19,-0.10,-1.18,-0.50,3.64,-1.04,9.71,0.01,-0.71,-0.32
238.10,24.09,-0.91,-0.89,10.28,-0.09,-1.16,-0.56,2.99,-1.26,9.96,0.06,-0.81,-0.38
238.12,23.39,-1.16,-0.91,10.38,-0.07,-1.03,-0.61,2.14,-1.52,10.20,0.13,-0.93,-0.35
238.14,23.07,-1.22,-1.00,10.47,-0.11,-0.77,-0.53,2.45,-1.54,10.29,0.23,-1.11,-0.23
238.16,23.34,-1.19,-1.12,10.70,-0.15,-0.65,-0.45,2.89,-1.49,10.39,0.28,-1.21,-0.19
238.17,23.64,-1.23,-1.25,10.98,-0.19,-0.60,-0.38,3.52,-1.38,10.64,0.32,-1.27,-0.18
238.18,24.59,-1.32,-1.47,11.55,-0.25,-0.51,-0.24,4.00,-1.12,11.22,0.39,-1.38,-0.21
238.20,25.63,-1.61,-1.69,12.06,-0.24,-0.42,-0.01,3.59,-0.71,11.66,0.47,-1.45,-0.23
238.22,26.41,-1.64,-1.45,12.38,-0.15,-0.25,0.20,2.98,-0.37,11.92,0.49,-1.51,-0.21
238.23,26.75,-1.67,-1.03,12.47,-0.08,-0.12,0.32,2.36,0.02,12.16,0.51,-1.57,-0.19
238.25,27.82,-1.81,0.20,12.41,0.16,0.24,0.44,1.66,0.69,12.39,0.52,-1.67,-0.17
238.26,28.40,-1.86,0.90,12.16,0.36,0.45,0.38,1.44,1.39,12.28,0.52,-1.77,-0.18
238.28,29.31,-1.79,1.48,11.73,0.58,0.64,0.24,1.48,1.71,12.10,0.50,-1.81,-0.29
238.29,30.75,-1.40,1.63,10.90,0.88,0.91,-0.02,1.80,1.58,11.55,0.46,-1.88,-0.37
238.31,31.53,-1.06,1.43,10.40,1.01,1.04,-0.10,2.12,1.16,10.98,0.43,-1.91,-0.36
238.33,34.42,0.32,0.32,9.25,1.24,1.46,-0.17,3.56,0.65,9.74,0.44,-1.95,-0.22
238.35,36.64,0.78,0.14,9.45,1.13,1.62,-0.07,5.20,0.83,9.47,0.44,-1.98,-0.08
238.36,39.31,1.04,0.03,10.17,0.97,1.66,0.03,7.30,0.42,8.78,0.51,-2.05,-0.12
238.38,41.12,1.32,-0.21,10.86,0.83,1.63,0.04,8.29,-0.19,8.11,0.59,-2.06,-0.16
238.39,45.26,1.73,-0.79,11.77,0.68,1.52,-0.09,9.43,-2.54,6.01,0.89,-2.01,-0.06
238.41,49.61,1.74,-1.44,12.23,0.57,1.39,-0.30,8.87,-2.17,4.05,0.88,-1.63,0.04
238.43,51.38,1.69,-1.70,12.14,0.51,1.36,-0.36,8.57,-1.59,3.46,0.75,-1.37,0.05
238.44,53.93,1.71,-1.87,11.99,0.46,1.37,-0.35,8.35,-0.77,2.99,0.45,-0.87,0.11
238.46,55.91,1.72,-2.07,11.93,0.38,1.43,-0.23,8.37,-0.55,3.26,0.24,-0.30,0.33
238.47,57.03,1.62,-2.29,12.08,0.34,1.50,-0.01,8.58,-0.53,3.73,0.26,0.17,0.61
238.48,57.59,1.51,-2.36,12.21,0.33,1.55,0.13,8.84,-0.49,3.97,0.36,0.51,0.71
238.49,58.42,1.31,-2.29,12.19,0.35,1.62,0.35,9.48,-0.66,3.71,0.66,1.14,0.91
238.51,59.04,1.09,-2.17,11.91,0.38,1.64,0.52,10.02,-0.89,3.12,0.83,1.47,0.82
238.53,59.64,0.95,-1.88,11.29,0.37,1.63,0.68,10.29,-0.99,2.52,0.92,1.78,0.56
238.54,60.10,0.80,-1.69,10.71,0.31,1.62,0.79,10.24,-0.96,2.28,0.92,1.98,0.31
238.55,60.46,0.58,-1.51,10.02,0.22,1.58,0.92,9.67,-0.91,2.18,0.82,2.39,-0.02
238.57,60.41,0.45,-1.45,9.57,0.13,1.52,1.02,9.04,-0.89,2.41,0.74,2.72,-0.30
238.58,60.25,0.27,-1.40,9.24,0.08,1.44,1.11,8.65,-0.88,2.57,0.70,2.90,-0.45
238.60,59.09,0.11,-1.38,8.85,-0.01,1.27,1.28,7.73,-0.68,2.96,0.66,3.24,-0.53
238.61,58.05,0.12,-1.40,8.58,-0.07,1.15,1.36,7.15,-0.42,3.26,0.67,3.40,-0.46
238.62,57.00,0.17,-1.45,8.32,-0.12,1.04,1.43,6.77,-0.21,3.61,0.71,3.52,-0.29
238.64,54.23,0.22,-1.46,8.07,-0.16,0.90,1.51,6.15,0.11,4.73,0.85,3.72,0.02
238.65,51.19,0.09,-1.35,7.94,-0.18,0.76,1.66,5.51,0.32,5.82,1.01,3.83,0.37
238.67,48.32,-0.18,-1.15,8.07,-0.18,0.60,1.93,4.68,0.31,6.96,1.17,3.88,0.81
238.68,44.53,-0.48,-1.00,8.32,-0.16,0.48,2.21,4.09,-0.03,7.73,1.37,3.88,1.31
238.69,42.15,-0.85,-0.87,8.65,-0.11,0.38,2.51,3.69,-0.37,8.19,1.60,3.82,1.95
238.71,37.76,-1.30,-0.79,9.01,-0.05,0.29,2.88,3.54,-0.55,8.54,1.84,3.69,2.84
238.72,34.67,-1.71,-0.81,9.33,0.02,0.25,3.29,4.23,-0.96,9.02,2.04,3.51,3.77
238.74,32.67,-1.80,-0.74,9.61,0.09,0.21,3.68,4.87,-1.05,9.42,2.23,3.25,4.29
238.75,30.52,-1.58,-0.70,9.99,0.16,0.11,4.13,7.39,-0.98,9.58,2.35,3.02,4.62
238.77,29.58,-1.32,-0.52,10.22,0.20,0.05,4.36,9.20,-1.00,9.08,2.42,2.85,4.15
238.79,28.63,-1.14,0.91,10.85,0.24,-0.07,4.43,8.48,-0.17,8.52,2.19,2.49,3.34
238.81,28.02,-1.65,1.93,11.19,0.23,-0.07,4.26,6.56,0.03,8.84,1.84,2.13,2.87
238.82,27.49,-2.72,3.63,10.91,-0.01,0.07,3.77,4.73,-0.66,8.75,1.28,1.36,2.72
238.84,27.87,-3.00,3.72,10.31,-0.21,0.12,3.58,4.81,-0.88,8.39,1.06,0.90,2.71
238.85,29.42,-2.56,3.25,9.52,-0.49,0.09,3.36,5.86,-0.43,8.10,0.69,0.15,2.52
238.88,30.46,-1.48,2.95,9.24,-0.69,0.03,3.14,6.72,-0.31,7.98,0.42,-0.34,2.25
238.89,33.09,0.96,2.44,9.74,-0.98,0.04,2.59,8.23,0.11,7.05,0.05,-0.94,1.50
238.90,34.54,2.73,1.63,10.23,-1.24,0.10,2.07,7.79,1.50,7.14,-0.17,-1.11,0.92
238.92,34.72,4.33,0.63,9.86,-1.38,0.11,1.68,6.52,1.70,8.36,-0.19,-0.97,0.55
238.93,33.19,5.91,-0.41,9.02,-1.39,0.09,1.13,4.40,0.93,9.50,-0.10,-0.67,0.67
238.95,31.05,5.85,-0.87,8.57,-1.29,0.03,0.64,3.29,0.71,9.74,-0.01,-0.48,0.98
238.96,28.87,4.64,-0.59,8.52,-1.15,-0.08,0.16,3.20,0.95,9.64,0.04,-0.35,1.41
238.97,27.06,1.77,0.49,9.27,-1.01,-0.31,-0.42,5.00,1.44,8.86,0.07,-0.29,1.54
238.99,27.23,-0.18,0.82,10.18,-0.96,-0.47,-0.57,6.16,1.70,8.08,0.05,-0.31,1.47
239.00,27.89,-1.10,0.81,10.76,-0.93,-0.54,-0.51,6.53,1.90,7.69,-0.00,-0.34,1.31
239.01,29.20,-3.02,0.61,11.02,-0.88,-0.53,-0.22,6.25,2.17,7.59,-0.08,-0.36,1.05
239.02,31.43,-3.50,0.72,11.11,-0.93,-0.47,0.55,4.10,1.95,8.62,-0.22,-0.41,0.77
239.04,31.80,-2.78,0.38,11.09,-0.96,-0.48,0.87,3.37,1.69,9.24,-0.22,-0.40,0.85
239.06,31.59,-2.14,0.17,10.85,-0.92,-0.50,1.07,2.77,1.47,9.82,-0.18,-0.37,0.94
239.07,31.04,-1.59,0.14,10.10,-0.81,-0.49,1.31,2.60,1.25,9.90,-0.10,-0.34,1.07
239.08,30.73,-1.88,0.06,9.56,-0.75,-0.46,1.47,2.75,1.07,9.56,-0.02,-0.33,1.13
239.09,30.70,-2.42,-0.22,9.45,-0.75,-0.44,1.58,2.97,0.98,9.19,0.05,-0.33,1.14
239.11,30.92,-2.93,-0.60,9.53,-0.76,-0.43,1.70,3.05,0.77,9.02,0.10,-0.34,1.12
239.12,31.16,-3.17,-1.02,9.65,-0.75,-0.42,1.87,2.97,0.42,9.21,0.10,-0.35,1.12
239.13,31.38,-3.02,-1.33,9.69,-0.72,-0.40,2.08,2.79,-0.03,9.56,0.16,-0.37,1.18
239.15,31.53,-2.49,-1.68,9.73,-0.70,-0.38,2.36,2.53,-0.02,9.83,0.32,-0.40,1.33
239.16,31.26,-2.10,-1.83,9.74,-0.68,-0.37,2.52,2.33,0.49,9.91,0.52,-0.41,1.61
239.17,30.79,-1.27,-1.81,9.73,-0.62,-0.36,2.76,2.32,1.19,9.66,0.81,-0.40,1.93
239.19,30.12,-0.68,-1.64,9.83,-0.58,-0.36,2.89,2.55,1.35,9.40,0.98,-0.40,2.25
239.20,29.70,-0.37,-1.56,9.94,-0.55,-0.37,2.96,2.72,1.31,9.20,1.08,-0.41,2.37
239.21,29.08,-0.06,-1.60,10.10,-0.51,-0.40,3.05,2.99,0.99,8.91,1.21,-0.40,2.67
239.22,28.11,0.17,-1.78,10.27,-0.42,-0.46,3.22,3.30,0.54,8.89,1.35,-0.35,3.09
239.24,27.43,0.28,-1.89,10.23,-0.37,-0.49,3.30,3.66,0.01,8.90,1.46,-0.29,3.35
239.26,26.66,0.56,-1.90,10.17,-0.30,-0.49,3.34,4.30,-0.46,8.68,1.53,-0.27,3.59
239.27,26.46,0.68,-1.89,10.13,-0.29,-0.47,3.34,4.71,-0.75,8.48,1.53,-0.27,3.62
239.29,26.49,0.78,-1.93,10.12,-0.29,-0.45,3.33,5.31,-0.97,8.26,1.52,-0.26,3.61
239.30,26.56,0.87,-2.07,10.18,-0.27,-0.42,3.22,6.12,-1.08,8.17,1.46,-0.25,3.32
239.32,27.01,0.94,-1.97,10.21,-0.28,-0.39,2.99,6.43,-1.12,8.25,1.37,-0.23,2.84
239.34,27.32,1.12,-1.94,10.23,-0.29,-0.36,2.77,6.40,-1.05,8.04,1.28,-0.20,2.49
239.36,27.50,1.26,-1.99,10.22,-0.30,-0.34,2.64,6.38,-1.01,7.88,1.23,-0.18,2.26
239.37,27.76,1.37,-2.05,10.21,-0.31,-0.32,2.55,6.33,-1.01,7.75,1.15,-0.15,2.12
239.38,27.83,1.45,-2.07,10.19,-0.31,-0.30,2.43,6.30,-1.04,7.73,1.09,-0.12,2.00
239.40,27.78,1.48,-2.03,10.14,-0.32,-0.30,2.32,6.28,-1.02,7.73,1.02,-0.07,1.86
239.41,28.02,1.50,-2.00,10.12,-0.33,-0.30,2.27,6.29,-1.01,7.63,0.94,-0.02,1.80
239.42,27.92,1.54,-1.91,10.11,-0.32,-0.32,2.14,6.30,-1.12,7.44,0.84,0.03,1.70
239.43,27.94,1.50,-1.75,10.17,-0.31,-0.37,2.02,6.27,-1.39,7.14,0.66,0.09,1.51
239.45,27.95,1.44,-1.60,10.30,-0.32,-0.41,1.90,6.36,-1.60,7.12,0.41,0.15,1.39
239.46,27.77,1.30,-1.80,10.27,-0.35,-0.43,1.71,6.38,-1.30,7.64,0.20,0.24,1.28
239.47,27.65,1.04,-1.77,10.10,-0.35,-0.43,1.60,6.36,-0.51,8.27,0.15,0.29,1.16
239.49,27.44,0.56,-1.51,9.92,-0.35,-0.44,1.47,6.13,-0.12,8.69,0.12,0.27,0.71
239.52,26.90,0.65,-0.86,10.49,-0.30,-0.42,1.30,5.46,0.56,8.52,-0.01,0.19,0.54
239.53,26.56,1.04,-0.76,10.41,-0.26,-0.42,1.26,5.26,0.61,8.46,-0.05,0.16,0.43
239.55,25.82,1.46,-0.74,10.16,-0.21,-0.46,1.10,4.95,0.49,8.61,-0.07,0.17,0.35
239.57,24.47,1.37,-1.05,10.03,-0.17,-0.55,0.79,4.61,-0.01,8.64,-0.08,0.13,0.35
239.59,23.84,0.93,-1.32,10.00,-0.14,-0.58,0.60,4.57,-0.45,8.72,-0.08,0.10,0.34
239.60,23.36,0.50,-1.49,9.95,-0.12,-0.58,0.50,4.55,-0.76,8.84,-0.07,0.08,0.32
239.62,23.06,-0.17,-1.81,9.95,-0.09,-0.57,0.44,4.36,-0.93,8.97,-0.02,0.07,0.28
239.63,22.87,-0.35,-1.90,9.94,-0.07,-0.55,0.45,4.21,-0.87,8.99,0.02,0.05,0.27
239.65,22.89,-0.54,-1.89,9.81,-0.05,-0.53,0.52,4.13,-0.81,8.90,0.06,0.04,0.24
239.66,22.71,-0.56,-1.85,9.78,-0.04,-0.53,0.57,4.06,-0.74,8.78,0.10,0.01,0.24
239.67,22.87,-0.49,-1.72,9.77,-0.00,-0.53,0.66,4.00,-0.70,8.76,0.12,-0.02,0.24
239.68,22.76,-0.35,-1.69,9.84,0.02,-0.53,0.73,3.99,-0.79,8.90,0.15,-0.06,0.24
239.70,22.67,-0.10,-1.73,9.91,0.03,-0.53,0.80,3.99,-0.91,9.01,0.18,-0.08,0.25
239.71,22.50,0.24,-1.80,9.88,0.03,-0.51,0.83,4.05,-0.95,9.02,0.25,-0.09,0.28
239.72,22.28,0.63,-1.88,9.75,0.02,-0.50,0.84,4.18,-0.88,8.90,0.29,-0.09,0.32
239.73,22.00,0.94,-1.91,9.72,0.02,-0.51,0.80,4.49,-0.81,8.70,0.37,-0.10,0.34
239.75,21.85,1.03,-1.97,9.79,0.02,-0.53,0.73,4.80,-0.79,8.61,0.43,-0.13,0.32
239.76,21.73,1.16,-1.99,9.82,0.04,-0.56,0.65,5.07,-0.78,8.60,0.47,-0.15,0.26
239.78,21.58,1.02,-2.03,9.78,0.09,-0.63,0.44,4.98,-0.83,8.61,0.52,-0.18,0.09
239.80,21.46,0.80,-2.02,9.76,0.12,-0.66,0.34,4.69,-0.86,8.77,0.54,-0.19,0.04
239.82,21.31,0.27,-2.03,9.74,0.17,-0.68,0.24,4.25,-0.75,9.09,0.62,-0.25,0.00
239.84,21.24,0.00,-1.91,9.76,0.21,-0.68,0.21,4.06,-0.57,9.19,0.68,-0.30,-0.00
239.85,21.29,-0.14,-1.75,9.93,0.28,-0.67,0.22,3.82,-0.36,9.24,0.76,-0.36,0.02
239.87,21.23,-0.12,-1.67,9.99,0.32,-0.65,0.24,3.61,-0.15,9.34,0.82,-0.42,0.06
239.88,21.15,0.03,-1.51,9.99,0.39,-0.63,0.31,3.41,0.11,9.44,0.91,-0.48,0.15
239.89,21.01,0.26,-1.31,9.99,0.46,-0.63,0.37,3.40,0.31,9.42,1.01,-0.52,0.27
239.91,20.84,0.53,-1.05,10.06,0.54,-0.64,0.44,3.65,0.60,9.34,1.11,-0.58,0.43
239.93,20.75,0.69,-0.78,10.35,0.61,-0.65,0.50,3.94,0.79,9.46,1.14,-0.63,0.53
239.94,20.74,0.65,-0.57,10.82,0.67,-0.65,0.53,4.08,0.76,9.77,1.12,-0.66,0.57
239.96,20.78,0.48,-0.49,11.21,0.71,-0.62,0.55,4.11,0.61,10.19,1.08,-0.69,0.57
239.97,20.82,0.22,-0.39,11.45,0.75,-0.56,0.55,3.93,0.46,10.61,1.03,-0.73,0.52
239.99,21.03,-0.29,-0.21,11.47,0.78,-0.40,0.55,3.39,0.19,11.17,1.02,-0.81,0.35
240.02,22.17,-1.18,0.25,11.08,0.79,0.06,0.63,2.58,-0.19,11.34,1.08,-1.03,0.31
240.03,22.92,-1.46,0.40,10.93,0.78,0.24,0.70,2.37,-0.32,11.37,1.11,-1.13,0.22
240.04,23.54,-1.65,0.44,10.87,0.78,0.37,0.76,2.24,-0.46,11.45,1.15,-1.25,0.18
240.05,24.59,-1.85,0.42,10.79,0.79,0.51,0.85,2.16,-0.53,11.44,1.21,-1.33,0.16
240.06,26.06,-1.98,0.22,10.66,0.81,0.67,0.96,2.16,-0.59,11.37,1.30,-1.42,0.19
240.08,27.34,-1.93,0.02,10.51,0.80,0.78,1.06,2.27,-0.63,11.15,1.39,-1.47,0.31
240.09,28.98,-1.63,-0.27,10.33,0.76,0.90,1.18,2.53,-0.83,10.71,1.50,-1.48,0.51
240.11,29.63,-1.46,-0.43,10.27,0.73,0.95,1.24,2.68,-0.89,10.44,1.54,-1.47,0.56
240.12,32.31,-0.51,-0.85,10.59,0.58,1.09,1.38,3.38,-1.08,9.31,1.66,-1.41,1.01
240.14,34.18,0.24,-1.39,10.95,0.52,1.15,1.42,4.40,-1.47,8.36,1.71,-1.34,1.49
240.16,36.53,0.84,-1.86,11.15,0.50,1.22,1.39,5.54,-1.84,7.49,1.75,-1.27,1.88
240.17,38.37,1.15,-2.06,11.22,0.49,1.29,1.30,6.30,-1.88,7.10,1.76,-1.24,2.27
240.19,41.03,1.22,-2.29,11.44,0.46,1.37,1.21,7.50,-1.95,6.77,1.73,-1.14,2.33
240.20,42.73,1.17,-2.41,11.63,0.45,1.42,1.19,8.05,-1.94,6.74,1.67,-1.02,2.31
240.21,44.45,1.05,-2.46,11.92,0.45,1.49,1.20,8.29,-1.95,6.88,1.61,-0.85,2.24
240.23,45.65,1.01,-2.37,12.10,0.45,1.56,1.23,8.34,-1.94,6.91,1.59,-0.68,2.15
240.24,47.28,0.82,-2.15,12.27,0.47,1.69,1.30,8.27,-1.79,6.75,1.59,-0.42,2.10
240.25,49.10,0.64,-1.76,12.23,0.49,1.84,1.40,7.91,-1.48,6.35,1.54,0.04,2.10
240.27,50.73,0.50,-1.03,12.12,0.52,1.97,1.50,7.74,-1.31,5.83,1.47,0.55,2.18
240.28,52.37,0.73,-0.06,11.79,0.52,2.08,1.56,8.05,-1.03,5.13,1.28,1.25,2.21
240.31,53.05,1.03,0.39,11.36,0.48,2.11,1.54,8.62,-1.00,4.95,1.13,1.68,2.09
240.32,53.37,1.23,0.52,11.04,0.44,2.09,1.49,9.39,-1.00,4.83,1.04,2.00,1.91
240.33,53.59,1.32,0.59,10.66,0.41,2.04,1.42,10.04,-0.97,4.69,0.94,2.31,1.38
240.35,53.54,1.32,0.61,9.76,0.29,1.87,1.27,11.11,-0.61,3.90,0.55,2.91,0.34
240.37,53.39,1.30,0.47,9.27,0.20,1.77,1.18,10.88,-0.48,3.63,0.40,3.06,-0.13
240.39,52.81,1.31,0.32,8.58,0.08,1.62,1.00,9.90,-0.10,3.16,0.11,3.31,-0.91
240.40,52.07,1.41,0.32,8.17,0.01,1.50,0.87,8.75,0.19,2.95,-0.11,3.52,-1.31
240.42,50.94,1.55,0.31,7.76,-0.07,1.33,0.70,7.41,0.41,2.96,-0.29,3.78,-1.44
240.43,49.65,1.59,0.31,7.57,-0.13,1.22,0.62,6.58,0.49,3.16,-0.40,3.95,-1.38
240.44,47.64,1.59,0.40,7.37,-0.19,1.05,0.56,5.51,0.51,3.67,-0.53,4.16,-1.14
240.45,44.03,1.44,0.56,7.30,-0.25,0.77,0.55,4.22,0.74,4.63,-0.68,4.38,-0.58
240.47,40.77,1.27,0.77,7.21,-0.25,0.58,0.54,3.85,0.90,5.14,-0.77,4.42,-0.00
240.49,33.71,1.03,1.32,7.03,-0.30,0.16,0.37,3.89,0.78,6.68,-0.94,4.37,0.24
240.50,30.48,0.95,1.36,7.11,-0.35,0.02,0.22,4.10,0.36,7.53,-0.96,4.27,0.44
240.51,27.17,0.67,1.26,7.45,-0.44,-0.13,-0.05,4.24,-0.12,8.43,-0.94,4.12,0.61
240.53,24.69,0.05,1.17,7.97,-0.52,-0.24,-0.36,4.15,-0.47,9.11,-0.90,3.96,0.66
240.54,21.52,-1.27,1.13,8.66,-0.65,-0.30,-0.75,3.86,-0.76,10.19,-0.78,3.65,0.53
240.55,19.35,-3.31,1.06,9.48,-0.77,-0.29,-1.07,3.77,-0.56,10.77,-0.59,3.34,0.35
240.57,18.25,-5.09,0.90,10.00,-0.82,-0.25,-1.17,3.22,-0.46,10.73,-0.42,2.98,0.29
240.58,18.50,-9.62,0.34,10.67,-0.82,-0.11,-0.95,1.09,-0.40,9.99,-0.30,2.03,0.26
240.60,19.18,-11.97,0.45,10.60,-0.71,0.00,-0.54,0.23,-0.77,9.80,-0.32,0.72,0.34
240.62,21.95,-9.91,1.02,9.87,-0.56,-0.05,0.18,1.07,-1.43,9.69,-0.29,0.07,0.37
240.63,23.99,-7.43,0.63,9.68,-0.61,-0.11,0.46,2.66,-0.67,9.10,-0.30,-0.50,0.03
240.65,28.08,-3.03,0.30,10.56,-0.67,-0.24,0.72,3.12,2.71,10.97,-0.61,-0.95,-0.63
240.67,27.99,-1.84,0.80,11.48,-0.63,-0.34,0.71,0.56,2.30,13.44,-0.61,-0.80,-0.63
240.68,27.05,-1.75,1.39,12.95,-0.51,-0.50,0.67,-3.31,0.69,15.67,-0.35,-0.85,0.05
240.69,24.85,-3.19,1.94,14.96,-0.25,-0.51,0.79,-4.86,-1.06,15.84,0.53,-1.30,1.54
240.71,24.31,-4.65,1.59,14.02,-0.33,-0.29,1.04,-2.76,-1.07,13.59,0.96,-1.56,2.38
240.72,25.54,-5.72,-0.66,11.22,-0.58,-0.12,1.39,1.17,-0.19,9.84,1.07,-1.69,3.06
240.74,26.99,-4.98,-1.62,9.19,-0.48,-0.16,1.59,3.50,-0.25,7.91,0.96,-1.66,3.17
240.75,29.65,-3.39,-1.32,7.96,-0.28,-0.23,1.65,5.16,-0.73,6.48,0.79,-1.61,3.01
240.76,33.21,-0.59,-0.25,6.99,-0.20,-0.30,1.65,7.48,-1.35,5.03,0.32,-1.54,2.17
240.77,34.46,2.49,-0.01,6.50,-0.52,-0.46,1.61,8.13,-1.56,5.17,0.08,-1.51,1.50
240.78,35.52,3.88,-0.60,6.58,-0.75,-0.63,1.52,8.38,-1.59,6.20,-0.07,-1.43,1.02
240.79,34.81,4.69,-1.27,7.85,-0.92,-0.97,1.08,7.57,-1.18,7.83,-0.08,-1.25,0.31
240.81,33.76,3.77,-1.32,9.19,-0.93,-1.23,0.56,6.22,-0.72,8.80,-0.05,-1.08,-0.06
240.82,32.01,1.62,-1.52,10.74,-0.86,-1.46,-0.03,4.30,0.08,9.56,-0.02,-0.91,-0.33
240.84,31.10,0.67,-1.51,11.13,-0.76,-1.44,-0.20,3.75,0.23,9.65,-0.01,-0.89,-0.34
240.85,30.11,-0.22,-1.25,11.09,-0.68,-1.36,-0.22,2.63,0.22,9.56,-0.02,-0.83,-0.14
240.86,28.80,-0.55,-0.78,10.61,-0.57,-1.16,-0.03,2.06,-0.13,9.35,-0.04,-0.78,0.19
240.88,27.99,-0.37,-0.64,10.30,-0.54,-1.08,0.09,1.99,-0.40,9.10,-0.06,-0.78,0.47
240.89,27.35,-0.14,-0.61,10.07,-0.52,-1.02,0.18,2.16,-0.61,8.83,-0.08,-0.80,0.72
240.90,26.45,0.02,-0.81,9.92,-0.50,-0.98,0.21,2.50,-0.77,8.71,-0.11,-0.83,0.93
240.91,25.87,-0.21,-1.27,9.92,-0.48,-1.00,0.18,3.28,-1.20,9.10,-0.16,-0.80,0.97
240.94,25.76,-1.06,-2.03,9.77,-0.45,-1.05,0.20,4.46,-1.77,9.54,-0.13,-0.69,0.80
240.95,25.84,-1.23,-2.15,9.69,-0.44,-1.05,0.22,4.65,-1.76,9.45,-0.10,-0.69,0.80
240.97,26.00,-1.33,-2.24,9.61,-0.44,-1.04,0.28,4.76,-1.71,9.28,-0.08,-0.67,0.70
240.98,26.37,-1.23,-2.32,9.56,-0.45,-1.01,0.35,4.72,-1.55,8.82,-0.06,-0.65,0.44
240.99,26.56,-0.78,-2.30,9.79,-0.45,-0.95,0.41,4.62,-1.51,8.71,-0.07,-0.65,0.33
241.00,26.66,-0.03,-2.19,9.99,-0.42,-0.90,0.41,4.41,-1.45,8.72,-0.08,-0.68,0.07
241.01,26.25,0.86,-1.92,10.05,-0.35,-0.86,0.28,4.05,-1.44,9.09,-0.07,-0.69,-0.14
241.03,25.07,1.37,-1.58,9.89,-0.27,-0.87,-0.04,3.42,-1.40,9.44,-0.03,-0.68,-0.14
241.04,24.08,1.25,-1.55,9.90,-0.25,-0.88,-0.21,3.30,-1.34,9.34,-0.01,-0.66,-0.07
241.06,22.93,0.56,-1.57,9.93,-0.19,-0.88,-0.41,3.64,-1.07,9.05,0.02,-0.63,0.02
241.09,22.70,0.14,-1.49,9.87,-0.15,-0.86,-0.40,3.93,-0.91,8.82,0.02,-0.64,-0.01
241.10,22.73,-0.03,-1.28,9.65,-0.15,-0.82,-0.25,4.13,-0.81,8.66,0.02,-0.65,-0.07
241.12,22.84,0.10,-1.19,9.60,-0.15,-0.81,-0.19,4.22,-0.75,8.60,0.02,-0.66,-0.12
241.13,22.90,0.37,-1.12,9.62,-0.16,-0.81,-0.14,4.28,-0.71,8.64,0.03,-0.67,-0.18
241.14,22.82,0.63,-1.06,9.76,-0.17,-0.82,-0.13,4.29,-0.71,8.73,0.04,-0.67,-0.23
241.15,22.74,0.77,-1.04,9.90,-0.17,-0.84,-0.16,4.31,-0.70,8.89,0.07,-0.68,-0.27
241.16,22.54,0.85,-1.05,10.09,-0.14,-0.88,-0.25,4.28,-0.72,8.96,0.10,-0.70,-0.34
241.17,22.30,0.70,-1.06,10.16,-0.09,-0.91,-0.37,4.04,-0.88,9.03,0.11,-0.71,-0.37
241.19,22.11,0.50,-1.07,10.15,-0.06,-0.93,-0.43,3.72,-0.97,9.11,0.10,-0.73,-0.37
241.20,21.85,0.18,-1.11,10.11,-0.03,-0.96,-0.49,3.42,-1.07,9.27,0.10,-0.74,-0.35
241.21,21.68,-0.15,-1.14,10.08,-0.01,-0.97,-0.53,3.24,-1.15,9.42,0.10,-0.76,-0.31
241.22,21.51,-0.48,-1.21,10.08,-0.00,-0.98,-0.54,3.14,-1.21,9.61,0.12,-0.78,-0.26
241.23,21.45,-0.74,-1.23,10.11,-0.00,-0.97,-0.52,3.17,-1.18,9.78,0.16,-0.84,-0.22
241.25,21.47,-0.90,-1.19,10.22,-0.01,-0.97,-0.45,3.32,-1.01,9.85,0.21,-0.92,-0.19
241.26,21.83,-0.90,-1.24,10.36,-0.01,-0.98,-0.36,3.35,-0.94,9.97,0.28,-1.02,-0.18
241.28,22.03,-0.74,-1.25,10.44,0.04,-0.98,-0.31,3.12,-0.98,10.02,0.37,-1.11,-0.15
241.30,22.11,-0.27,-1.05,10.66,0.08,-0.91,-0.29,3.06,-1.29,10.34,0.42,-1.23,-0.11
241.32,22.14,-0.04,-0.93,10.75,0.07,-0.85,-0.29,3.26,-1.38,10.49,0.46,-1.29,-0.10
241.33,22.26,0.11,-0.83,10.95,0.05,-0.77,-0.30,3.47,-1.38,10.58,0.49,-1.35,-0.10
241.34,22.54,-0.03,-0.75,11.19,0.00,-0.70,-0.34,3.79,-1.34,10.68,0.50,-1.40,-0.13
241.35,23.01,-0.34,-0.89,11.51,-0.03,-0.65,-0.38,4.12,-1.17,10.93,0.54,-1.48,-0.17
241.37,23.56,-0.67,-0.99,11.76,-0.04,-0.61,-0.40,4.21,-1.06,11.14,0.57,-1.52,-0.22
241.38,25.25,-1.71,-1.22,12.36,-0.01,-0.44,-0.32,3.65,-0.68,12.21,0.62,-1.64,-0.36
241.41,26.04,-2.18,-1.15,12.37,-0.02,-0.21,-0.08,2.69,-0.44,12.82,0.62,-1.71,-0.44
241.42,27.37,-2.88,-0.94,12.13,0.03,0.19,0.30,0.75,-0.41,13.36,0.66,-1.82,-0.51
241.44,28.92,-3.50,0.00,11.46,0.24,0.62,0.42,-0.18,-0.18,13.03,0.67,-1.96,-0.48
241.45,29.80,-3.51,0.49,10.88,0.41,0.81,0.34,-0.22,-0.05,12.63,0.67,-2.07,-0.48
241.46,31.84,-2.18,0.80,9.37,0.76,1.16,0.19,0.68,-0.87,10.90,0.78,-2.33,-0.43
241.48,33.34,-0.98,0.69,8.63,0.87,1.37,0.21,1.58,-0.91,9.41,0.86,-2.47,-0.18
241.50,36.11,1.10,0.38,8.77,0.78,1.69,0.44,3.35,0.37,8.06,0.87,-2.58,0.00
241.51,37.78,1.79,0.27,9.26,0.67,1.78,0.52,4.75,1.21,7.89,0.83,-2.55,0.16
241.52,39.32,2.47,0.08,10.21,0.51,1.82,0.53,6.31,1.55,7.93,0.75,-2.43,0.25
241.53,41.27,2.93,-0.22,11.31,0.39,1.77,0.41,7.31,1.14,7.84,0.69,-2.29,0.24
241.54,43.16,3.18,-0.44,12.06,0.34,1.69,0.27,8.27,-0.01,7.42,0.71,-2.06,0.16
241.56,45.96,2.82,-0.61,13.01,0.38,1.49,-0.12,8.97,-1.44,5.89,0.95,-1.57,0.17
241.58,50.15,1.98,-0.35,12.40,0.38,1.41,-0.22,9.39,-0.79,4.11,0.98,-0.77,0.59
241.61,52.23,1.88,-0.35,11.92,0.32,1.53,-0.08,8.93,0.59,3.41,0.67,-0.25,0.71
241.62,54.05,1.65,-0.53,11.90,0.28,1.69,0.12,8.44,1.67,3.27,0.09,0.35,0.78
241.63,55.31,1.38,-0.65,12.30,0.33,1.80,0.30,8.27,1.45,3.54,-0.13,0.73,0.86
241.65,56.06,1.23,-0.57,12.76,0.43,1.88,0.47,8.39,1.14,3.85,-0.19,1.07,0.98
241.66,56.52,1.30,-0.36,12.93,0.48,1.92,0.57,8.69,0.92,3.97,-0.16,1.32,1.04
241.67,56.92,1.45,-0.11,12.86,0.50,1.97,0.67,9.32,0.69,3.96,-0.10,1.66,0.96
241.69,57.34,2.16,0.11,12.03,0.45,2.04,0.69,10.89,0.47,3.07,-0.08,2.40,0.61
241.71,57.36,2.26,0.12,11.42,0.44,2.04,0.64,11.05,0.56,2.66,-0.19,2.63,0.15
241.72,57.00,2.11,0.18,10.28,0.38,1.97,0.60,10.43,0.74,2.26,-0.60,3.27,-0.56
241.74,56.35,1.85,0.13,9.64,0.33,1.87,0.57,9.89,0.73,2.27,-0.80,3.53,-0.84
241.75,55.62,1.73,0.10,9.30,0.30,1.81,0.54,9.19,0.75,2.31,-0.98,3.73,-1.26
241.77,54.42,1.65,0.07,8.74,0.28,1.65,0.46,8.15,0.82,2.48,-1.19,3.91,-1.49
241.78,52.67,1.65,0.07,8.00,0.23,1.49,0.37,7.13,0.83,2.76,-1.32,4.05,-1.59
241.79,50.89,1.76,0.08,7.53,0.18,1.35,0.29,6.18,0.80,3.16,-1.40,4.19,-1.47
241.81,48.98,1.81,0.04,7.32,0.16,1.27,0.23,5.66,0.82,3.51,-1.45,4.29,-1.31
241.82,46.27,1.80,-0.03,6.88,0.10,1.10,0.11,5.01,0.75,4.18,-1.51,4.40,-1.05
241.83,43.47,1.66,-0.04,6.45,0.00,0.86,-0.03,4.50,0.72,4.99,-1.55,4.49,-0.78
241.84,39.31,1.46,0.01,6.35,-0.08,0.68,-0.12,4.41,0.81,5.70,-1.60,4.55,-0.52
241.85,35.58,1.08,0.24,6.45,-0.18,0.47,-0.22,4.46,0.73,6.41,-1.61,4.59,-0.23
241.87,29.84,0.65,0.52,6.86,-0.31,0.26,-0.32,4.40,0.45,7.63,-1.44,4.49,-0.02
241.89,25.90,0.21,0.47,7.51,-0.42,0.14,-0.47,3.99,0.44,8.25,-1.28,4.31,0.24
241.90,21.26,-0.93,0.34,8.30,-0.60,-0.03,-0.77,3.85,0.07,9.26,-1.12,3.92,0.53
241.93,19.28,-2.08,0.17,8.69,-0.76,-0.15,-1.01,4.04,-0.34,9.92,-0.97,3.59,0.41
241.94,17.90,-3.27,0.05,9.03,-0.87,-0.23,-1.20,4.18,-0.51,10.49,-0.79,3.29,0.15
241.95,17.09,-5.10,-0.04,9.71,-0.90,-0.28,-1.33,3.58,-0.43,10.91,-0.59,2.88,-0.16
241.96,16.31,-8.68,-0.15,10.72,-0.73,-0.20,-1.31,0.51,-0.15,10.70,-0.38,2.09,-0.25
241.98,16.57,-11.58,0.06,10.75,-0.51,-0.03,-1.04,-1.12,-0.44,10.32,-0.28,1.31,-0.10
241.99,18.05,-11.98,0.69,10.01,-0.28,0.08,-0.50,-0.19,-0.86,9.60,-0.13,0.36,0.25
242.00,21.37,-8.74,0.50,9.30,-0.26,0.01,0.24,2.60,-0.76,8.48,-0.09,-0.40,0.53
242.03,25.59,-4.43,-0.10,9.56,-0.42,-0.19,0.73,5.05,0.14,7.53,-0.34,-1.13,0.02
242.04,27.78,-1.37,0.54,11.44,-0.40,-0.51,0.74,2.58,2.23,12.64,-0.87,-0.88,-0.79
242.06,25.51,-0.96,1.90,14.31,-0.22,-0.84,0.49,-5.25,-2.46,18.65,-0.72,-0.67,-0.46
242.08,23.55,-3.38,2.13,15.51,-0.31,-0.71,0.51,-5.90,-3.99,18.45,0.34,-1.10,0.94
242.09,22.85,-5.70,0.64,14.40,-0.64,-0.51,0.77,-4.22,-2.89,15.94,0.92,-1.31,1.74
242.10,23.15,-6.62,-0.95,13.18,-0.81,-0.39,0.98,-0.64,-0.81,12.04,1.23,-1.46,2.58
242.11,25.57,-5.76,-2.46,10.73,-0.55,-0.26,1.26,4.25,-0.14,8.39,1.06,-1.47,2.85
242.13,29.31,-1.70,-0.79,8.34,-0.15,-0.19,1.43,7.34,-0.18,6.33,0.73,-1.53,2.43
242.14,31.71,0.89,-0.17,7.22,-0.38,-0.28,1.55,8.36,-0.63,5.76,0.32,-1.63,1.48
242.16,32.86,3.47,-0.65,6.76,-0.76,-0.55,1.62,8.36,-1.19,5.88,0.15,-1.65,0.96
242.17,33.60,4.86,-1.13,7.03,-0.91,-0.81,1.50,7.87,-1.32,6.42,0.03,-1.59,0.43
242.18,32.82,5.09,-1.29,7.94,-0.89,-1.19,1.08,6.84,-0.83,7.45,0.01,-1.42,0.04
242.19,31.19,4.01,-1.16,8.99,-0.81,-1.54,0.54,5.43,-0.44,8.74,0.02,-1.16,-0.19
242.20,28.90,2.09,-1.45,10.35,-0.75,-1.77,-0.10,3.27,-0.61,9.75,0.00,-0.89,-0.16
242.22,27.68,1.16,-1.67,10.76,-0.71,-1.72,-0.25,2.79,-0.69,9.73,-0.04,-0.83,0.06
242.25,24.90,-0.14,-1.11,10.18,-0.46,-1.15,-0.29,2.99,-0.86,8.96,-0.05,-0.85,0.08
242.27,24.07,-0.18,-0.95,9.74,-0.42,-1.03,-0.40,2.42,-1.11,8.94,-0.11,-0.91,0.01
242.29,23.41,-0.58,-1.39,9.82,-0.42,-1.01,-0.48,1.78,-1.57,9.24,-0.15,-0.94,-0.00
242.30,22.94,-0.90,-1.78,9.91,-0.41,-0.97,-0.51,1.67,-2.17,9.74,-0.17,-0.91,0.03
242.31,22.67,-1.47,-2.34,9.86,-0.36,-0.89,-0.50,2.19,-2.68,10.10,-0.10,-0.86,0.05
242.33,22.73,-1.77,-2.69,9.62,-0.33,-0.81,-0.45,2.62,-2.70,9.99,-0.03,-0.80,0.05
242.35,23.42,-1.61,-2.98,9.38,-0.31,-0.68,-0.32,3.55,-2.21,9.07,0.08,-0.81,-0.02
242.36,23.95,-1.09,-2.97,9.49,-0.31,-0.62,-0.24,3.87,-1.91,8.76,0.07,-0.83,-0.10
242.37,24.40,-0.38,-2.84,9.70,-0.30,-0.59,-0.19,4.08,-1.69,8.71,0.06,-0.85,-0.20
242.39,24.72,0.82,-2.47,9.98,-0.24,-0.62,-0.21,4.23,-1.35,8.97,0.04,-0.84,-0.28
242.40,24.42,1.41,-2.16,10.01,-0.18,-0.66,-0.31,4.11,-1.30,9.12,0.04,-0.81,-0.29
242.41,23.84,1.69,-1.84,9.99,-0.14,-0.73,-0.50,3.90,-1.24,9.20,0.05,-0.73,-0.22
242.44,22.70,0.96,-1.88,10.01,-0.07,-0.84,-0.80,3.89,-1.14,9.00,0.08,-0.68,-0.13
242.45,22.44,0.25,-1.95,9.94,-0.03,-0.87,-0.83,4.03,-1.16,8.82,0.08,-0.66,-0.12
242.47,22.46,-0.21,-1.91,9.83,0.01,-0.88,-0.78,4.11,-1.16,8.68,0.08,-0.66,-0.16
242.48,22.60,-0.43,-1.83,9.75,0.03,-0.87,-0.68,4.08,-1.14,8.65,0.07,-0.66,-0.21
242.49,22.82,-0.54,-1.67,9.65,0.03,-0.84,-0.56,3.92,-1.08,8.65,0.05,-0.68,-0.28
242.51,22.97,-0.26,-1.39,9.66,0.03,-0.80,-0.40,3.64,-0.97,8.79,0.03,-0.69,-0.31
242.53,22.91,0.03,-1.23,9.73,0.01,-0.78,-0.33,3.55,-0.93,8.88,0.02,-0.70,-0.30
242.53,22.73,0.32,-1.11,9.79,0.00,-0.77,-0.30,3.53,-0.88,8.95,0.02,-0.70,-0.27
242.55,22.49,0.55,-1.02,9.85,-0.00,-0.77,-0.30,3.61,-0.88,8.95,0.02,-0.71,-0.23
242.56,22.19,0.72,-0.95,9.87,-0.00,-0.77,-0.35,3.79,-0.93,8.88,0.03,-0.71,-0.18
242.58,22.01,0.77,-0.97,9.90,-0.00,-0.77,-0.40,3.96,-0.98,8.82,0.05,-0.72,-0.16
242.59,21.85,0.74,-1.12,9.94,-0.00,-0.77,-0.44,4.15,-1.01,8.79,0.06,-0.73,-0.15
242.60,21.88,0.65,-1.33,9.97,-0.01,-0.77,-0.43,4.36,-1.02,8.85,0.07,-0.75,-0.15
242.62,21.92,0.53,-1.53,9.99,-0.01,-0.78,-0.39,4.50,-1.04,8.95,0.08,-0.77,-0.17
242.63,22.06,0.46,-1.57,9.99,-0.00,-0.79,-0.35,4.55,-1.04,9.04,0.09,-0.78,-0.20
242.64,22.21,0.34,-1.48,10.00,-0.00,-0.82,-0.28,4.51,-0.98,9.13,0.11,-0.82,-0.26
242.66,22.35,0.24,-1.24,10.03,-0.01,-0.85,-0.23,4.32,-0.89,9.27,0.13,-0.86,-0.31
242.67,22.42,0.14,-1.08,10.10,-0.02,-0.88,-0.23,4.05,-0.84,9.46,0.16,-0.89,-0.35
242.68,22.41,-0.06,-0.94,10.18,-0.02,-0.91,-0.27,3.64,-0.93,9.65,0.22,-0.95,-0.37
242.73,22.41,-0.15,-0.92,10.24,0.01,-0.90,-0.33,3.29,-1.03,9.75,0.27,-1.00,-0.35
242.74,22.25,-0.09,-0.88,10.35,0.03,-0.84,-0.37,3.10,-1.16,9.87,0.33,-1.07,-0.29
242.75,22.20,0.02,-0.84,10.54,0.03,-0.76,-0.38,3.38,-1.24,10.02,0.39,-1.15,-0.22
242.77,22.27,0.04,-0.84,10.62,0.02,-0.71,-0.39,3.56,-1.24,10.06,0.40,-1.18,-0.19
242.78,22.44,0.00,-0.88,10.78,0.00,-0.69,-0.39,3.86,-1.20,10.15,0.43,-1.22,-0.17
242.79,22.89,-0.13,-0.96,11.02,-0.02,-0.65,-0.39,4.40,-1.05,10.33,0.47,-1.29,-0.17
242.81,23.54,-0.35,-1.17,11.36,-0.03,-0.64,-0.37,4.73,-0.93,10.56,0.52,-1.36,-0.21
242.82,24.01,-0.46,-1.24,11.51,-0.03,-0.64,-0.33,4.73,-0.87,10.73,0.56,-1.39,-0.24
242.83,24.91,-0.85,-1.37,11.95,-0.01,-0.58,-0.22,4.43,-0.73,11.20,0.59,-1.52,-0.36
242.86,26.44,-1.50,-0.87,12.01,-0.01,-0.24,0.17,3.00,-0.38,12.04,0.60,-1.54,-0.38
242.87,26.92,-1.78,-0.44,11.90,0.03,0.00,0.36,1.87,-0.01,12.19,0.60,-1.65,-0.41
242.88,28.20,-2.26,0.34,11.46,0.20,0.34,0.45,1.33,0.30,12.14,0.59,-1.76,-0.43
242.90,29.95,-2.10,1.27,10.08,0.66,0.80,0.14,0.79,0.78,11.65,0.59,-2.09,-0.56
242.92,31.41,-1.01,1.40,8.67,0.94,1.06,-0.11,1.25,0.25,10.53,0.65,-2.33,-0.62
242.93,33.19,0.70,0.85,8.14,0.97,1.34,-0.15,2.23,-0.04,8.97,0.74,-2.54,-0.32
242.95,36.28,2.46,-0.07,9.39,0.71,1.57,-0.04,4.87,0.89,7.63,0.68,-2.66,-0.16
242.97,39.60,2.97,-0.33,11.12,0.50,1.50,-0.15,7.20,1.46,8.04,0.52,-2.52,-0.20
242.98,41.41,3.05,-0.28,11.91,0.44,1.40,-0.34,8.02,-0.13,8.18,0.57,-2.29,-0.32
242.99,43.46,2.81,-0.30,12.23,0.42,1.34,-0.47,8.05,-1.74,7.55,0.83,-2.08,-0.26
243.00,45.58,2.27,-0.29,12.35,0.39,1.29,-0.61,8.13,-1.99,6.10,1.11,-1.69,0.02
243.02,48.93,1.81,-0.54,12.00,0.33,1.35,-0.60,8.03,-0.23,3.96,0.97,-1.20,0.23
243.03,52.41,1.35,-0.88,11.86,0.24,1.62,-0.29,7.98,1.23,3.30,0.26,-0.39,0.52
243.05,54.53,0.87,-0.98,12.11,0.23,1.73,0.00,8.44,0.84,4.09,0.08,0.25,0.84
243.06,55.81,0.37,-0.96,12.56,0.24,1.79,0.37,8.85,0.50,4.52,0.13,0.66,1.02
243.08,56.84,0.28,-0.91,12.80,0.24,1.79,0.63,9.35,0.12,4.55,0.29,1.07,1.05
243.10,58.19,0.82,-0.80,12.27,0.24,1.82,0.85,10.46,-0.11,3.46,0.42,1.76,0.72
243.12,58.89,0.93,-0.69,11.50,0.18,1.88,0.89,10.55,-0.11,2.90,0.17,2.18,0.37
243.14,59.08,0.81,-0.72,10.99,0.12,1.91,0.93,10.14,-0.41,3.02,0.02,2.47,0.07
243.15,59.17,0.31,-0.83,10.32,0.04,1.91,1.03,9.26,-0.49,3.54,-0.09,2.89,-0.33
243.17,58.86,-0.02,-0.93,10.03,0.02,1.86,1.10,8.83,-0.43,3.72,-0.12,3.07,-0.48
243.18,58.48,-0.20,-0.96,9.80,0.02,1.80,1.16,8.41,-0.36,3.82,-0.15,3.27,-0.58
243.19,57.63,-0.34,-1.01,9.43,0.03,1.67,1.25,7.66,-0.12,3.83,-0.18,3.42,-0.51
243.21,56.15,-0.24,-0.97,9.01,0.04,1.50,1.32,6.88,0.12,3.95,-0.24,3.60,-0.27
243.22,54.81,-0.13,-0.86,8.72,0.04,1.40,1.34,6.51,0.23,4.31,-0.29,3.72,-0.09
243.23,53.09,0.07,-0.65,8.44,0.04,1.32,1.36,6.15,0.20,4.85,-0.32,3.84,0.04
243.24,51.03,0.18,-0.53,8.27,0.02,1.25,1.35,5.88,0.14,5.50,-0.35,3.93,0.26
243.26,48.06,0.24,-0.37,8.06,-0.02,1.12,1.32,5.78,-0.15,6.30,-0.36,4.00,0.34
243.27,45.61,0.14,-0.29,8.01,-0.05,1.02,1.30,5.75,-0.38,6.90,-0.34,3.99,0.47
243.28,43.20,-0.04,-0.20,8.02,-0.08,0.93,1.29,5.73,-0.45,7.18,-0.32,3.97,0.53
243.29,40.33,-0.41,-0.00,8.02,-0.12,0.83,1.26,5.53,-0.33,7.70,-0.27,3.91,0.69
243.31,37.65,-0.86,0.13,8.02,-0.19,0.78,1.18,5.19,-0.26,8.02,-0.24,3.86,0.80
243.32,35.62,-1.21,0.16,8.10,-0.25,0.75,1.07,4.51,-0.08,8.38,-0.19,3.75,0.94
243.34,33.66,-1.50,0.14,8.24,-0.31,0.74,0.93,4.11,0.02,8.66,-0.17,3.67,1.03
243.35,31.71,-1.69,0.10,8.39,-0.34,0.73,0.82,3.72,-0.05,9.06,-0.12,3.55,1.16
243.36,29.49,-1.99,0.09,8.57,-0.34,0.68,0.66,3.28,-0.18,9.39,-0.03,3.37,1.30
243.38,27.53,-2.39,0.24,8.65,-0.30,0.57,0.50,2.86,-0.20,9.64,0.08,3.20,1.38
243.39,25.67,-2.78,0.46,8.69,-0.23,0.46,0.38,2.49,-0.04,9.86,0.22,3.01,1.52
243.41,24.09,-3.43,0.71,8.85,-0.15,0.37,0.34,2.14,0.29,9.96,0.37,2.76,1.75
243.42,23.13,-4.21,0.97,9.02,-0.06,0.33,0.43,1.92,0.35,9.92,0.42,2.60,1.93
243.43,22.33,-4.91,1.24,9.11,0.00,0.31,0.59,1.66,0.19,9.86,0.46,2.35,2.22
243.45,22.34,-6.27,1.75,9.06,0.05,0.31,1.02,1.12,-0.32,9.67,0.48,1.94,2.42
243.46,22.73,-7.50,2.05,8.85,-0.01,0.31,1.53,1.03,-0.85,9.38,0.47,1.54,2.56
243.47,23.62,-8.03,1.99,8.65,-0.15,0.27,1.90,1.75,-1.37,8.85,0.42,1.02,2.64
243.49,25.14,-7.85,1.59,8.51,-0.35,0.18,2.17,2.82,-1.53,8.32,0.37,0.61,2.58
243.50,27.45,-7.06,0.97,8.41,-0.55,0.07,2.36,3.95,-1.44,7.79,0.33,0.19,2.44
243.51,30.51,-5.46,0.41,8.45,-0.73,-0.06,2.47,5.02,-1.02,7.42,0.27,-0.32,2.12
243.53,32.24,-4.10,0.23,8.62,-0.84,-0.15,2.44,5.16,-0.47,7.69,0.15,-0.79,1.71
243.54,34.71,-2.70,0.37,9.34,-0.94,-0.24,2.36,3.91,0.36,8.59,-0.13,-1.08,1.21
243.56,34.87,-2.26,0.89,11.35,-1.01,-0.36,2.19,0.03,1.58,12.76,-0.46,-0.95,1.02
243.57,33.45,-2.98,1.49,13.69,-0.88,-0.38,2.02,-4.02,0.34,15.37,-0.42,-0.76,1.38
243.58,31.89,-4.01,2.28,14.47,-0.79,-0.27,1.90,-5.18,-0.08,16.51,-0.04,-0.91,2.07
243.59,31.22,-6.32,2.81,13.08,-0.90,-0.04,1.79,-3.62,0.10,15.71,0.36,-1.20,2.69
243.61,31.90,-7.13,1.82,10.98,-0.98,0.01,1.91,-0.18,-0.17,12.36,0.64,-1.48,3.27
243.62,33.55,-6.03,1.72,10.20,-0.94,-0.03,2.00,2.50,0.14,9.06,0.67,-1.61,3.46
243.63,36.18,-2.11,1.87,9.04,-0.95,-0.02,1.99,4.82,0.81,6.48,0.41,-1.64,3.17
243.65,37.84,0.73,1.29,8.42,-1.06,0.09,1.94,6.07,0.29,5.97,0.05,-1.60,2.54
243.66,38.80,2.91,0.36,7.89,-1.17,0.21,1.89,6.59,-0.09,6.05,-0.08,-1.59,2.14
243.67,39.11,4.42,-0.54,7.56,-1.18,0.24,1.73,6.89,-0.43,6.44,-0.24,-1.54,1.53
243.69,39.50,4.71,-0.83,7.63,-1.10,0.15,1.36,6.83,-0.48,7.29,-0.37,-1.44,1.08
243.70,38.31,2.99,-0.24,8.38,-1.04,-0.14,0.49,6.40,-0.67,8.63,-0.48,-1.23,0.45
243.72,37.93,-0.14,-0.53,9.92,-1.19,-0.51,-0.35,5.31,-0.49,9.28,-0.44,-0.93,0.15
243.74,37.94,-2.43,-1.19,10.82,-1.18,-0.66,-0.52,3.89,0.29,9.05,-0.35,-0.78,-0.03
243.76,38.08,-3.64,-0.90,10.75,-1.09,-0.61,-0.31,3.09,0.47,9.14,-0.35,-0.78,0.08
243.77,38.14,-3.81,-0.43,10.16,-1.00,-0.44,0.09,2.18,0.25,9.39,-0.34,-0.81,0.39
243.79,38.17,-3.25,-0.74,9.86,-0.93,-0.33,0.47,1.95,-0.26,9.19,-0.27,-0.83,0.74
243.81,38.08,-2.85,-1.22,9.75,-0.88,-0.34,0.73,2.02,-0.50,9.04,-0.27,-0.86,1.06
243.83,37.92,-2.71,-1.47,9.56,-0.86,-0.40,0.89,2.90,-1.22,9.17,-0.31,-0.84,1.22
243.84,38.09,-2.90,-1.57,9.42,-0.87,-0.43,0.93,3.55,-1.47,9.32,-0.27,-0.79,1.25
243.85,38.52,-3.25,-1.76,9.31,-0.89,-0.46,0.98,4.14,-1.59,9.34,-0.21,-0.75,1.18
243.87,39.29,-3.55,-2.10,9.29,-0.92,-0.47,1.11,4.70,-1.69,9.14,-0.14,-0.72,1.01
243.88,39.99,-3.69,-2.30,9.32,-0.93,-0.48,1.21,4.98,-1.70,8.95,-0.09,-0.72,0.82
243.89,40.69,-3.81,-2.53,9.41,-0.96,-0.50,1.38,5.03,-1.68,8.86,-0.06,-0.72,0.63
243.90,41.45,-3.85,-2.71,9.56,-0.97,-0.52,1.57,4.88,-1.64,8.92,-0.05,-0.71,0.45
243.92,42.06,-3.75,-2.83,9.72,-0.97,-0.54,1.76,4.35,-1.59,9.16,-0.01,-0.69,0.40
243.93,42.21,-3.51,-2.89,9.84,-0.96,-0.55,1.96,3.43,-1.60,9.33,0.05,-0.66,0.47
243.95,41.95,-3.16,-2.96,9.88,-0.93,-0.56,2.09,2.89,-1.60,9.25,0.10,-0.66,0.72
243.96,41.36,-2.42,-2.97,9.73,-0.88,-0.54,2.28,2.80,-1.68,9.15,0.15,-0.66,0.99
243.98,40.58,-2.06,-2.92,9.56,-0.87,-0.49,2.35,2.98,-1.89,9.20,0.23,-0.64,1.25
243.99,40.17,-2.01,-2.92,9.53,-0.88,-0.45,2.36,3.11,-2.00,9.31,0.29,-0.61,1.42
244.00,39.67,-1.96,-2.94,9.62,-0.89,-0.36,2.37,3.27,-1.98,9.44,0.40,-0.58,1.61
244.02,39.37,-1.96,-3.02,9.77,-0.88,-0.26,2.39,3.49,-1.72,9.51,0.51,-0.58,1.71
244.04,39.14,-2.06,-3.07,10.04,-0.84,-0.17,2.41,3.79,-0.77,9.97,0.78,-0.62,1.75
244.05,39.02,-2.26,-2.84,10.13,-0.78,-0.12,2.43,3.56,-0.46,10.36,0.95,-0.64,1.80
244.06,38.97,-2.45,-2.58,10.23,-0.72,-0.07,2.45,3.09,-0.45,10.57,1.13,-0.64,1.91
244.08,38.73,-2.68,-2.49,10.30,-0.65,-0.02,2.48,2.53,-0.50,10.58,1.32,-0.64,2.13
244.09,38.37,-2.77,-2.52,10.33,-0.61,0.02,2.53,2.00,-0.56,10.53,1.52,-0.63,2.41
244.10,38.10,-2.90,-2.55,10.34,-0.52,0.09,2.63,1.61,-0.88,10.52,1.70,-0.60,2.81
244.11,37.44,-2.78,-2.83,10.23,-0.45,0.17,2.77,1.63,-2.48,9.73,1.82,-0.51,3.25
244.13,37.28,-2.29,-3.26,9.99,-0.40,0.26,2.94,2.53,-3.54,8.79,1.97,-0.50,3.73
244.15,37.59,-1.98,-3.46,9.70,-0.36,0.33,3.12,3.92,-3.68,8.19,2.19,-0.46,3.81
244.16,38.54,-1.98,-3.58,9.70,-0.38,0.36,3.22,5.47,-3.56,8.09,2.19,-0.40,3.93
244.18,39.67,-2.15,-3.66,9.71,-0.38,0.40,3.20,6.14,-3.44,8.02,2.16,-0.40,3.80
244.19,40.60,-2.35,-3.75,9.76,-0.37,0.44,3.19,6.33,-3.10,8.17,2.08,-0.42,3.58
244.21,41.72,-2.51,-3.63,9.74,-0.36,0.48,3.18,6.16,-2.93,8.41,2.04,-0.44,3.41
244.22,42.60,-2.50,-3.53,9.68,-0.36,0.53,3.18,5.44,-2.62,8.60,2.07,-0.49,3.15
244.23,43.68,-2.23,-3.38,9.33,-0.34,0.62,3.22,4.58,-2.44,8.44,2.23,-0.51,3.03
244.24,44.13,-2.05,-3.21,9.13,-0.31,0.66,3.20,4.19,-2.43,8.10,2.32,-0.51,3.03
244.25,44.73,-2.11,-2.83,8.98,-0.24,0.69,3.12,4.10,-2.86,7.89,2.35,-0.47,3.08
244.27,45.22,-2.33,-2.48,9.14,-0.23,0.70,3.02,4.19,-3.28,8.23,2.30,-0.39,3.17
244.28,45.71,-2.69,-2.43,9.66,-0.27,0.72,2.87,4.40,-3.87,9.06,2.25,-0.27,3.33
244.29,46.11,-2.91,-2.59,10.10,-0.31,0.76,2.80,4.53,-4.30,9.60,2.27,-0.24,3.44
244.31,46.33,-3.00,-2.78,10.33,-0.34,0.81,2.80,4.60,-4.40,9.71,2.35,-0.27,3.51
244.32,47.04,-3.07,-2.83,10.48,-0.35,0.86,2.87,5.22,-4.01,9.17,2.51,-0.41,3.57
244.34,48.62,-2.68,-2.20,10.26,-0.36,0.97,2.89,6.23,-3.23,8.15,2.59,-0.52,3.50
244.35,50.02,-2.52,-1.70,9.97,-0.40,1.03,2.83,7.05,-2.54,7.46,2.59,-0.51,3.30
244.37,52.49,-2.36,-0.93,9.67,-0.46,1.05,2.73,7.42,-1.85,6.99,2.52,-0.37,2.87
244.39,53.80,-2.33,-0.43,9.46,-0.47,1.04,2.66,7.20,-1.51,6.81,2.48,-0.30,2.67
244.40,55.21,-2.29,0.14,9.12,-0.47,1.00,2.59,6.57,-0.93,6.37,2.41,-0.23,2.38
244.41,56.14,-2.27,0.48,8.87,-0.47,0.97,2.54,6.05,-0.58,5.96,2.33,-0.22,2.19
244.43,56.85,-2.33,0.79,8.58,-0.45,0.92,2.49,5.66,-0.39,5.71,2.23,-0.23,2.08
244.44,57.79,-2.34,1.29,8.21,-0.43,0.88,2.43,5.20,-0.01,5.43,2.06,-0.25,1.98
244.45,58.62,-2.40,1.74,7.98,-0.39,0.84,2.36,5.18,0.34,5.32,1.90,-0.25,1.92
244.46,59.45,-2.57,2.14,7.84,-0.35,0.82,2.25,5.27,0.48,5.36,1.74,-0.23,1.87
244.47,60.23,-2.79,2.48,7.84,-0.34,0.80,2.17,5.51,0.48,5.64,1.52,-0.19,1.79
244.48,61.05,-3.06,2.78,8.06,-0.35,0.78,2.00,5.79,0.48,6.04,1.29,-0.14,1.65
244.50,61.94,-3.55,3.07,8.50,-0.33,0.78,1.82,6.03,0.55,6.47,1.06,-0.10,1.55
244.51,62.70,-4.00,3.41,8.95,-0.30,0.78,1.60,6.35,0.84,7.19,0.77,-0.06,1.36
244.52,63.61,-4.84,3.54,9.63,-0.27,0.82,1.31,6.76,1.08,8.20,0.51,-0.01,1.17
244.53,64.60,-5.18,2.87,10.07,-0.26,0.94,1.07,7.04,1.11,10.03,0.19,0.00,0.59
244.56,65.04,-5.03,2.60,9.86,-0.22,0.98,0.97,6.82,1.37,9.95,0.21,-0.12,0.25
244.57,65.65,-4.80,2.53,9.34,-0.18,1.03,0.86,6.51,1.53,9.33,0.22,-0.30,-0.09
244.58,66.42,-4.61,2.45,8.78,-0.17,1.06,0.80,6.12,1.64,8.54,0.19,-0.44,-0.42
244.59,67.47,-4.48,2.36,8.23,-0.16,1.10,0.68,5.66,1.58,7.83,0.08,-0.48,-0.58
244.61,68.14,-4.49,2.29,8.00,-0.14,1.11,0.60,5.40,1.42,7.63,0.02,-0.45,-0.63
244.62,69.11,-4.69,2.28,7.83,-0.15,1.13,0.46,5.05,1.18,7.59,0.01,-0.31,-0.59
244.63,69.61,-4.94,2.26,7.86,-0.16,1.14,0.39,4.91,1.15,7.64,0.02,-0.25,-0.55
244.64,69.94,-5.26,2.20,7.94,-0.16,1.15,0.33,4.58,1.16,7.75,0.06,-0.14,-0.42
244.66,70.09,-5.73,2.15,8.07,-0.16,1.15,0.30,4.11,1.24,7.89,0.11,-0.06,-0.04
244.67,71.18,-6.34,2.06,8.23,-0.13,1.14,0.34,3.94,1.22,8.12,0.12,-0.06,0.22
244.68,71.75,-6.60,1.99,8.16,-0.07,1.14,0.55,4.22,0.94,8.42,0.14,-0.11,0.73
244.71,72.78,-6.63,1.88,8.07,-0.06,1.14,0.71,4.85,0.75,8.27,0.17,-0.13,0.99
244.73,73.50,-6.65,1.82,8.03,-0.04,1.14,0.76,5.54,0.66,8.13,0.18,-0.14,1.08
244.74,74.39,-6.70,1.82,7.98,-0.00,1.15,0.78,6.09,0.64,8.12,0.19,-0.13,1.07
244.75,75.64,-6.70,1.93,7.93,0.04,1.17,0.80,6.68,0.68,8.08,0.20,-0.11,0.91
244.77,77.18,-6.67,2.06,7.81,0.08,1.20,0.82,7.00,0.76,7.94,0.22,-0.10,0.76
244.78,78.63,-6.65,2.18,7.66,0.10,1.21,0.82,7.03,0.94,7.76,0.23,-0.09,0.50
244.80,79.61,-6.69,2.31,7.54,0.11,1.20,0.81,6.90,0.94,7.74,0.21,-0.07,0.36
244.81,80.58,-6.73,2.41,7.44,0.12,1.19,0.77,6.74,0.88,7.75,0.21,-0.04,0.29
244.82,81.60,-6.75,2.55,7.34,0.11,1.17,0.71,6.36,0.68,7.79,0.21,0.01,0.21
244.84,82.53,-6.77,2.75,7.24,0.11,1.15,0.61,5.83,0.45,7.79,0.21,0.10,0.22
244.86,83.00,-6.76,2.90,7.12,0.11,1.15,0.55,5.65,0.39,7.75,0.20,0.14,0.27
244.87,83.36,-6.76,3.06,6.93,0.10,1.15,0.49,5.52,0.37,7.68,0.18,0.17,0.39
244.88,83.97,-6.80,3.16,6.71,0.09,1.15,0.41,5.65,0.46,7.61,0.13,0.17,0.51
244.90,84.82,-7.00,3.30,6.47,0.07,1.15,0.33,6.08,0.59,7.64,0.06,0.15,0.61
244.91,85.72,-7.16,3.43,6.35,0.04,1.12,0.26,6.38,0.63,7.69,0.03,0.13,0.61
244.93,86.32,-7.25,3.45,6.26,0.02,1.11,0.22,6.55,0.71,7.77,0.01,0.12,0.52
244.94,87.09,-7.44,3.48,6.09,0.00,1.07,0.16,6.56,0.75,7.89,-0.00,0.15,0.40
244.95,87.84,-7.72,3.47,5.96,-0.01,1.05,0.13,6.39,0.71,8.01,-0.01,0.19,0.29
244.96,88.49,-8.04,3.46,5.79,-0.02,1.03,0.12,6.11,0.64,8.12,-0.01,0.23,0.22
244.97,89.16,-8.32,3.45,5.62,-0.03,1.01,0.12,5.85,0.58,8.21,-0.01,0.26,0.17
244.99,89.66,-8.48,3.42,5.45,-0.03,1.00,0.15,5.63,0.57,8.31,-0.00,0.27,0.14
245.00,90.65,-8.51,3.44,5.19,0.00,1.02,0.23,5.33,0.57,8.38,0.01,0.26,0.13
245.02,90.92,-8.42,3.45,5.10,0.02,1.03,0.27,5.21,0.60,8.36,0.01,0.24,0.20
245.04,92.05,-8.10,3.59,4.75,0.06,1.09,0.37,4.94,0.62,8.38,0.03,0.20,0.28
245.06,92.40,-8.02,3.70,4.52,0.06,1.12,0.38,4.75,0.59,8.42,0.05,0.19,0.31
245.07,93.50,-8.09,3.89,4.07,0.05,1.16,0.34,4.70,0.57,8.48,0.08,0.18,0.37
245.09,94.10,-8.24,4.00,3.92,0.04,1.18,0.30,4.88,0.62,8.48,0.12,0.17,0.37
245.10,94.57,-8.39,4.10,3.84,0.02,1.18,0.24,5.11,0.66,8.43,0.13,0.16,0.36
245.11,96.31,-8.86,4.26,4.01,0.00,1.11,0.10,5.98,0.73,8.23,0.14,0.14,0.27
245.13,97.40,-9.19,4.27,4.32,-0.02,1.02,0.02,6.45,0.72,8.13,0.13,0.14,0.18
245.15,98.45,-9.45,4.17,4.60,-0.04,0.90,-0.04,6.76,0.65,8.02,0.11,0.17,-0.00
245.16,99.20,-9.56,4.05,4.64,-0.07,0.78,-0.07,6.54,0.62,7.95,0.09,0.19,-0.11
245.18,99.68,-9.57,3.92,4.46,-0.09,0.66,-0.08,6.07,0.61,7.94,0.07,0.23,-0.18
245.19,100.02,-9.51,3.73,4.14,-0.11,0.56,-0.07,5.42,0.56,8.03,0.04,0.27,-0.20
245.20,100.15,-9.36,3.50,3.65,-0.09,0.47,-0.02,4.72,0.49,8.16,0.01,0.30,-0.11
245.22,99.81,-9.17,3.35,3.11,-0.04,0.42,0.08,3.82,0.33,8.42,0.01,0.32,0.04
245.23,99.77,-9.04,3.29,2.87,-0.01,0.41,0.15,3.62,0.27,8.50,0.02,0.33,0.20
245.25,99.52,-8.87,3.24,2.74,0.04,0.43,0.23,3.68,0.20,8.55,0.04,0.32,0.36
245.26,99.26,-8.77,3.29,2.71,0.07,0.44,0.25,3.83,0.17,8.58,0.06,0.32,0.42
245.27,99.24,-8.66,3.40,2.67,0.10,0.46,0.26,4.11,0.17,8.58,0.08,0.31,0.47
245.28,99.44,-8.64,3.52,2.69,0.11,0.48,0.24,4.45,0.20,8.59,0.09,0.30,0.46
245.30,99.50,-8.68,3.57,2.71,0.12,0.49,0.21,4.76,0.23,8.58,0.10,0.29,0.38
245.31,99.87,-8.81,3.69,2.72,0.13,0.47,0.16,5.05,0.32,8.55,0.10,0.28,0.29
245.32,100.17,-8.96,3.77,2.71,0.14,0.46,0.12,5.15,0.36,8.59,0.09,0.27,0.12
245.34,100.66,-9.21,3.86,2.74,0.14,0.42,0.06,5.11,0.38,8.79,0.05,0.27,0.01
245.35,100.90,-9.42,3.92,2.81,0.17,0.38,0.02,4.77,0.37,9.02,0.01,0.31,-0.14
245.37,100.88,-9.43,3.94,2.85,0.18,0.36,-0.01,4.60,0.38,9.07,0.00,0.34,-0.17
245.39,100.75,-9.38,3.99,2.81,0.19,0.35,-0.02,4.30,0.41,9.13,-0.01,0.41,-0.20
245.40,100.20,-9.23,4.03,2.73,0.20,0.35,-0.04,3.97,0.44,9.21,-0.02,0.52,-0.20
245.42,99.96,-9.15,4.05,2.64,0.21,0.35,-0.04,3.78,0.42,9.29,-0.00,0.61,-0.17
245.43,98.53,-9.05,4.09,2.42,0.19,0.39,-0.08,3.42,0.53,9.34,0.05,0.84,-0.08
245.47,97.65,-9.13,3.96,2.18,0.17,0.42,-0.11,3.28,0.61,9.47,0.10,1.01,-0.04
245.48,96.94,-9.21,3.90,2.04,0.16,0.42,-0.13,3.17,0.60,9.61,0.13,1.11,0.01
245.50,96.35,-9.30,3.83,1.98,0.15,0.42,-0.16,3.11,0.56,9.65,0.15,1.16,0.04
245.51,95.66,-9.34,3.76,1.95,0.16,0.41,-0.17,3.08,0.48,9.63,0.18,1.22,0.07
245.52,95.14,-9.31,3.68,1.85,0.17,0.38,-0.18,3.00,0.43,9.52,0.24,1.28,0.08
245.53,94.47,-9.26,3.64,1.76,0.17,0.37,-0.17,2.95,0.47,9.41,0.25,1.31,0.07
245.54,93.89,-9.18,3.62,1.63,0.16,0.35,-0.16,2.79,0.43,9.32,0.26,1.34,0.07
245.56,92.88,-9.02,3.46,1.33,0.12,0.31,-0.14,2.52,0.35,9.13,0.27,1.38,0.01
245.58,91.82,-8.95,3.35,1.15,0.10,0.27,-0.13,2.27,0.34,9.08,0.29,1.41,-0.05
245.60,91.52,-8.93,3.27,1.04,0.10,0.25,-0.12,2.13,0.36,9.04,0.30,1.42,-0.09
245.61,90.74,-8.94,3.24,0.96,0.09,0.22,-0.11,1.96,0.37,9.03,0.30,1.43,-0.11
245.62,90.44,-8.95,3.24,0.88,0.08,0.19,-0.11,1.88,0.41,9.03,0.30,1.42,-0.14
245.64,89.66,-8.98,3.23,0.84,0.07,0.17,-0.10,1.68,0.40,9.06,0.30,1.41,-0.15
245.65,89.04,-9.01,3.22,0.82,0.05,0.13,-0.09,1.54,0.39,9.11,0.31,1.38,-0.17
245.67,88.18,-9.06,3.20,0.87,0.02,0.10,-0.07,1.37,0.40,9.17,0.32,1.34,-0.20
245.68,87.59,-9.06,3.18,0.93,0.00,0.08,-0.05,1.19,0.36,9.21,0.32,1.30,-0.21
245.69,86.88,-9.08,3.18,0.94,-0.00,0.07,-0.04,1.11,0.38,9.24,0.33,1.28,-0.21
245.71,86.18,-9.16,3.21,1.01,-0.02,0.04,-0.02,1.00,0.41,9.30,0.33,1.22,-0.21
245.72,85.75,-9.23,3.25,1.05,-0.04,0.02,-0.00,0.84,0.38,9.40,0.33,1.18,-0.17
245.73,84.57,-9.32,3.37,1.15,-0.07,-0.01,0.03,0.73,0.51,9.50,0.33,1.07,-0.11
245.77,83.48,-9.33,3.50,1.27,-0.11,-0.04,0.06,0.61,0.75,9.53,0.29,0.91,-0.11
245.78,82.58,-9.35,3.60,1.44,-0.14,-0.06,0.07,0.74,0.80,9.66,0.27,0.79,-0.02
245.80,82.13,-9.34,3.64,1.60,-0.17,-0.06,0.08,0.73,0.93,9.67,0.26,0.74,0.00
245.82,81.80,-9.33,3.67,1.78,-0.18,-0.06,0.09,0.80,1.08,9.65,0.24,0.69,0.00
245.83,81.45,-9.33,3.72,1.91,-0.18,-0.06,0.09,0.83,1.12,9.66,0.21,0.64,-0.01
245.84,81.18,-9.32,3.77,1.99,-0.19,-0.06,0.09,0.83,1.11,9.71,0.19,0.59,-0.01
245.85,80.79,-9.33,3.82,2.12,-0.20,-0.05,0.09,0.80,1.17,9.73,0.18,0.53,0.00
245.87,80.38,-9.38,3.87,2.18,-0.20,-0.05,0.08,0.79,1.34,9.72,0.16,0.48,-0.01
245.88,80.09,-9.43,3.89,2.21,-0.20,-0.05,0.06,0.75,1.40,9.76,0.10,0.38,-0.03
245.90,79.97,-9.46,3.91,2.18,-0.20,-0.04,0.05,0.70,1.41,9.81,0.08,0.34,-0.03
245.91,79.83,-9.47,3.94,2.14,-0.19,-0.03,0.04,0.61,1.42,9.89,0.06,0.27,-0.04
245.92,79.66,-9.48,3.96,2.01,-0.18,-0.02,0.03,0.38,1.43,9.97,0.03,0.17,-0.04
245.94,79.59,-9.43,3.94,1.88,-0.17,-0.02,0.01,0.07,1.42,10.00,0.01,0.05,-0.02
245.96,79.57,-9.32,3.91,1.80,-0.17,-0.02,-0.00,-0.06,1.45,9.90,-0.00,-0.02,-0.02
245.97,79.55,-9.26,3.90,1.74,-0.16,-0.02,-0.01,-0.18,1.52,9.80,-0.02,-0.06,-0.02
245.98,79.54,-9.20,3.93,1.64,-0.15,-0.03,-0.02,-0.40,1.66,9.71,-0.05,-0.10,-0.02
245.99,79.49,-9.20,3.93,1.58,-0.14,-0.04,-0.05,-0.50,1.69,9.72,-0.07,-0.10,-0.04
246.01,79.37,-9.22,3.96,1.55,-0.13,-0.05,-0.08,-0.64,1.62,9.82,-0.08,-0.08,-0.05
246.02,79.27,-9.26,3.94,1.58,-0.13,-0.06,-0.09,-0.68,1.65,9.88,-0.06,-0.07,-0.05
246.03,79.08,-9.31,3.87,1.66,-0.11,-0.08,-0.10,-0.56,1.71,9.87,-0.04,-0.05,-0.04
246.05,78.94,-9.34,3.82,1.72,-0.10,-0.09,-0.10,-0.42,1.73,9.82,-0.02,-0.04,-0.03
246.06,78.84,-9.35,3.80,1.77,-0.08,-0.10,-0.09,-0.26,1.73,9.77,-0.00,-0.04,-0.03
246.08,78.78,-9.34,3.78,1.86,-0.04,-0.11,-0.07,-0.07,1.67,9.73,0.01,-0.05,-0.04
246.09,78.69,-9.30,3.76,1.97,-0.02,-0.12,-0.05,-0.01,1.60,9.72,0.00,-0.05,-0.06
246.10,78.59,-9.25,3.74,2.03,-0.01,-0.12,-0.04,0.00,1.52,9.72,-0.00,-0.05,-0.10
246.12,78.41,-9.15,3.68,2.11,0.01,-0.12,-0.03,-0.03,1.40,9.70,-0.03,-0.05,-0.16
246.14,78.29,-9.11,3.65,2.11,0.02,-0.12,-0.03,-0.03,1.35,9.69,-0.04,-0.05,-0.18
246.15,78.17,-9.09,3.64,2.12,0.01,-0.11,-0.04,-0.04,1.30,9.69,-0.05,-0.04,-0.19
246.16,78.00,-9.10,3.63,2.09,-0.01,-0.11,-0.05,-0.09,1.24,9.73,-0.07,-0.03,-0.18
246.18,77.84,-9.13,3.63,2.07,-0.03,-0.10,-0.06,-0.20,1.22,9.78,-0.07,-0.03,-0.16
246.19,77.69,-9.16,3.62,2.04,-0.05,-0.09,-0.06,-0.29,1.22,9.83,-0.06,-0.03,-0.10
246.21,77.45,-9.20,3.56,2.01,-0.07,-0.07,-0.05,-0.42,1.24,9.87,-0.04,-0.03,-0.05
246.23,77.28,-9.18,3.55,2.02,-0.07,-0.06,-0.05,-0.44,1.25,9.84,-0.04,-0.03,-0.02
246.24,77.01,-9.16,3.58,2.04,-0.06,-0.04,-0.05,-0.30,1.29,9.77,-0.03,-0.02,0.04
246.26,76.95,-9.16,3.58,2.04,-0.06,-0.04,-0.05,-0.25,1.31,9.77,-0.02,-0.01,0.04
246.28,76.88,-9.21,3.59,1.97,-0.06,-0.03,-0.05,-0.18,1.33,9.76,-0.02,-0.00,0.03
246.29,76.88,-9.25,3.58,1.93,-0.06,-0.02,-0.06,-0.16,1.32,9.77,-0.02,-0.01,0.02
246.31,76.93,-9.29,3.54,1.90,-0.07,-0.02,-0.05,-0.14,1.27,9.79,-0.02,-0.01,0.00
246.32,76.97,-9.32,3.49,1.91,-0.07,-0.02,-0.04,-0.13,1.26,9.78,-0.01,-0.02,-0.01
246.34,77.01,-9.35,3.46,1.97,-0.07,-0.03,-0.02,-0.17,1.20,9.75,-0.01,-0.01,-0.02
246.37,76.99,-9.35,3.45,1.99,-0.07,-0.03,-0.02,-0.22,1.18,9.76,-0.01,-0.00,-0.02
246.38,76.95,-9.34,3.44,2.00,-0.08,-0.04,-0.02,-0.25,1.17,9.76,-0.01,0.00,-0.03
246.39,76.89,-9.33,3.44,1.99,-0.08,-0.04,-0.01,-0.28,1.16,9.78,-0.01,0.00,-0.03
246.40,76.81,-9.32,3.44,1.95,-0.07,-0.03,-0.01,-0.35,1.16,9.83,-0.01,-0.00,-0.04
246.42,76.73,-9.31,3.43,1.94,-0.06,-0.03,-0.01,-0.38,1.18,9.83,-0.01,-0.01,-0.03
246.43,76.68,-9.31,3.43,1.93,-0.06,-0.03,-0.00,-0.37,1.20,9.82,-0.01,-0.02,-0.03
246.45,76.65,-9.32,3.42,1.93,-0.06,-0.03,0.00,-0.35,1.21,9.82,-0.01,-0.02,-0.01
246.46,76.64,-9.32,3.44,1.93,-0.05,-0.02,0.01,-0.31,1.21,9.81,0.00,-0.02,0.01
246.47,76.63,-9.31,3.45,1.95,-0.05,-0.01,0.02,-0.27,1.21,9.81,0.02,-0.02,0.03
246.49,76.62,-9.30,3.48,1.99,-0.04,-0.01,0.02,-0.23,1.23,9.81,0.03,-0.02,0.03
246.51,76.62,-9.29,3.49,2.02,-0.04,-0.01,0.02,-0.22,1.24,9.79,0.04,-0.02,0.03
246.52,76.63,-9.27,3.52,2.05,-0.04,-0.01,0.03,-0.15,1.27,9.77,0.04,-0.01,0.03
246.54,76.62,-9.24,3.55,2.10,-0.04,-0.01,0.03,-0.08,1.29,9.73,0.04,-0.00,0.02
246.56,76.61,-9.22,3.58,2.12,-0.04,-0.01,0.03,-0.07,1.31,9.73,0.03,0.00,0.02
246.57,76.60,-9.20,3.59,2.14,-0.04,-0.01,0.03,-0.04,1.34,9.72,0.02,0.01,0.02
246.59,76.59,-9.20,3.61,2.13,-0.04,-0.01,0.03,-0.05,1.36,9.72,0.02,0.01,0.01
246.60,76.57,-9.19,3.63,2.09,-0.05,-0.01,0.03,-0.09,1.38,9.73,0.01,0.01,0.01
246.62,76.56,-9.20,3.64,2.07,-0.05,-0.01,0.03,-0.12,1.38,9.74,0.01,0.01,0.01
246.63,76.52,-9.20,3.63,2.04,-0.04,-0.01,0.02,-0.21,1.38,9.77,0.00,0.01,0.01
246.66,76.48,-9.21,3.64,2.00,-0.04,-0.00,0.02,-0.26,1.38,9.78,0.00,0.01,0.02
246.67,76.47,-9.21,3.64,1.99,-0.04,0.00,0.01,-0.28,1.38,9.77,0.00,0.01,0.03
246.69,76.43,-9.21,3.65,1.98,-0.04,0.00,0.01,-0.29,1.37,9.78,0.01,0.01,0.03
246.71,76.41,-9.21,3.66,1.97,-0.04,0.00,0.01,-0.27,1.38,9.77,0.00,0.01,0.03
246.72,76.40,-9.21,3.66,1.96,-0.03,0.00,0.00,-0.25,1.38,9.75,-0.00,0.01,0.02
246.73,76.42,-9.22,3.65,1.94,-0.03,-0.00,-0.00,-0.21,1.37,9.75,-0.01,0.01,0.02
246.75,76.44,-9.21,3.65,1.95,-0.03,-0.00,-0.01,-0.19,1.36,9.75,-0.01,0.01,0.01
246.76,76.46,-9.21,3.66,1.95,-0.03,-0.00,-0.02,-0.18,1.35,9.75,-0.01,0.01,-0.01
246.77,76.50,-9.22,3.65,1.95,-0.03,-0.00,-0.02,-0.19,1.34,9.75,-0.02,0.01,-0.03
246.80,76.52,-9.23,3.62,1.94,-0.03,-0.00,-0.03,-0.20,1.33,9.75,-0.03,0.01,-0.04
246.81,76.53,-9.24,3.59,1.94,-0.03,-0.00,-0.03,-0.24,1.32,9.77,-0.03,0.01,-0.05
246.82,76.54,-9.25,3.58,1.93,-0.03,-0.00,-0.03,-0.26,1.31,9.76,-0.03,0.01,-0.05
246.84,76.54,-9.25,3.57,1.92,-0.03,-0.00,-0.03,-0.28,1.30,9.76,-0.03,0.01,-0.05
246.85,76.54,-9.26,3.55,1.92,-0.03,-0.01,-0.03,-0.28,1.29,9.76,-0.03,0.01,-0.05
246.86,76.54,-9.27,3.55,1.93,-0.02,-0.01,-0.03,-0.28,1.27,9.77,-0.02,0.01,-0.04
246.88,76.53,-9.28,3.55,1.93,-0.02,-0.01,-0.03,-0.28,1.25,9.79,-0.02,0.01,-0.04
246.90,76.52,-9.29,3.54,1.93,-0.02,-0.01,-0.03,-0.29,1.22,9.78,-0.02,0.01,-0.03
246.90,76.52,-9.28,3.53,1.94,-0.02,-0.01,-0.02,-0.29,1.23,9.78,-0.01,0.00,-0.02
246.92,76.52,-9.28,3.51,1.94,-0.02,-0.01,-0.02,-0.27,1.22,9.78,-0.01,0.00,-0.01
246.94,76.51,-9.27,3.51,1.94,-0.02,-0.01,-0.02,-0.26,1.22,9.79,-0.01,0.00,-0.01
246.95,76.52,-9.27,3.51,1.94,-0.03,-0.01,-0.02,-0.25,1.22,9.78,-0.01,0.00,-0.01
246.96,76.52,-9.27,3.51,1.95,-0.03,-0.01,-0.02,-0.25,1.21,9.78,-0.01,0.00,-0.01
246.97,76.53,-9.27,3.51,1.96,-0.03,-0.01,-0.02,-0.24,1.22,9.78,-0.01,0.00,-0.01
246.98,76.54,-9.28,3.52,1.94,-0.03,-0.01,-0.02,-0.23,1.21,9.78,-0.01,0.00,-0.01
247.02,76.58,-9.29,3.52,1.94,-0.04,-0.01,-0.01,-0.23,1.21,9.78,-0.01,0.00,-0.01
247.03,76.60,-9.29,3.52,1.94,-0.04,-0.01,-0.01,-0.24,1.22,9.78,-0.01,0.00,-0.00
247.04,76.60,-9.29,3.52,1.94,-0.04,-0.00,-0.01,-0.24,1.23,9.79,-0.00,0.00,-0.00
247.05,76.61,-9.28,3.52,1.93,-0.04,-0.00,-0.01,-0.26,1.22,9.80,-0.00,0.00,-0.00
247.07,76.62,-9.29,3.52,1.93,-0.04,-0.00,-0.01,-0.26,1.22,9.79,-0.00,0.00,0.00
247.08,76.63,-9.29,3.52,1.92,-0.04,-0.00,-0.01,-0.27,1.22,9.78,-0.00,0.00,0.00
247.09,76.64,-9.29,3.52,1.91,-0.04,-0.01,-0.01,-0.26,1.22,9.79,-0.00,0.00,0.01
247.10,76.64,-9.29,3.51,1.92,-0.05,-0.01,-0.00,-0.25,1.20,9.79,-0.00,0.00,0.01
247.12,76.66,-9.29,3.52,1.93,-0.05,-0.01,-0.00,-0.25,1.21,9.78,0.00,0.00,0.02
247.14,76.67,-9.28,3.52,1.92,-0.05,-0.01,-0.00,-0.25,1.23,9.78,0.01,0.00,0.02
247.16,76.67,-9.29,3.52,1.92,-0.05,-0.01,0.00,-0.26,1.24,9.78,0.01,0.00,0.02
247.17,76.68,-9.29,3.52,1.91,-0.05,-0.01,0.00,-0.26,1.24,9.78,0.01,0.00,0.02
247.18,76.70,-9.30,3.52,1.90,-0.04,-0.00,0.00,-0.26,1.24,9.78,0.01,0.00,0.02
247.20,76.72,-9.30,3.53,1.90,-0.04,-0.01,0.00,-0.26,1.24,9.79,0.01,0.00,0.02
247.21,76.73,-9.30,3.54,1.90,-0.04,-0.01,0.00,-0.24,1.24,9.79,0.01,0.00,0.02
247.22,76.75,-9.29,3.54,1.90,-0.04,-0.01,0.01,-0.25,1.25,9.78,0.01,0.00,0.02
247.23,76.76,-9.29,3.54,1.90,-0.05,-0.01,0.01,-0.26,1.26,9.78,0.01,0.00,0.02
247.24,76.77,-9.28,3.55,1.89,-0.05,-0.01,0.00,-0.26,1.26,9.78,0.01,0.00,0.02
247.25,76.77,-9.28,3.56,1.90,-0.05,-0.01,0.00,-0.27,1.26,9.78,0.01,0.00,0.02
247.26,76.78,-9.27,3.56,1.89,-0.05,-0.01,0.00,-0.27,1.25,9.78,0.01,0.00,0.02
247.28,76.78,-9.26,3.57,1.90,-0.05,-0.01,0.00,-0.26,1.26,9.78,0.01,0.00,0.02
247.29,76.79,-9.25,3.56,1.90,-0.05,-0.01,-0.00,-0.27,1.26,9.77,0.01,-0.00,0.01
247.31,76.80,-9.26,3.55,1.91,-0.05,-0.01,-0.00,-0.24,1.26,9.76,0.01,-0.00,0.01
247.32,76.81,-9.26,3.55,1.90,-0.05,-0.01,-0.00,-0.24,1.27,9.76,0.00,-0.00,0.01
247.34,76.82,-9.27,3.55,1.90,-0.05,-0.01,-0.00,-0.24,1.27,9.77,0.00,-0.00,0.01
247.35,76.83,-9.28,3.55,1.92,-0.05,-0.01,-0.00,-0.24,1.26,9.78,0.00,-0.00,0.02
247.36,76.85,-9.29,3.54,1.92,-0.05,-0.01,-0.00,-0.24,1.27,9.77,0.01,-0.00,0.02
247.39,76.85,-9.28,3.54,1.94,-0.04,-0.01,-0.00,-0.24,1.27,9.76,0.00,-0.00,0.02
247.40,76.85,-9.28,3.55,1.94,-0.04,-0.01,-0.00,-0.23,1.26,9.77,0.00,-0.00,0.02
247.41,76.86,-9.28,3.55,1.94,-0.04,-0.01,0.00,-0.23,1.27,9.79,0.00,0.00,0.02
247.44,76.85,-9.28,3.55,1.94,-0.04,-0.01,0.00,-0.23,1.28,9.79,0.00,0.00,0.02
247.45,76.85,-9.28,3.56,1.93,-0.04,-0.01,0.00,-0.25,1.27,9.78,0.00,0.00,0.02
247.47,76.85,-9.27,3.57,1.90,-0.04,-0.01,0.00,-0.25,1.27,9.78,0.00,0.00,0.01
247.50,76.86,-9.25,3.57,1.89,-0.04,-0.01,-0.01,-0.27,1.28,9.78,-0.00,0.00,0.01
247.52,76.85,-9.27,3.57,1.89,-0.04,-0.01,-0.01,-0.27,1.29,9.77,-0.00,0.00,0.01
247.54,76.85,-9.27,3.57,1.89,-0.04,-0.01,-0.01,-0.27,1.28,9.78,-0.00,0.00,0.01
247.55,76.86,-9.27,3.58,1.89,-0.04,-0.01,-0.01,-0.27,1.28,9.78,-0.00,0.00,0.00
247.56,76.86,-9.28,3.57,1.89,-0.04,-0.01,-0.01,-0.26,1.29,9.78,-0.00,0.00,0.00
247.57,76.87,-9.28,3.57,1.89,-0.04,-0.01,-0.01,-0.26,1.28,9.79,-0.00,0.00,0.00
247.59,76.87,-9.28,3.57,1.89,-0.04,-0.01,-0.01,-0.27,1.28,9.78,-0.00,0.00,0.00
247.59,76.88,-9.27,3.56,1.89,-0.04,-0.01,-0.01,-0.26,1.28,9.78,-0.01,0.00,0.00
247.61,76.88,-9.27,3.55,1.89,-0.04,-0.01,-0.01,-0.26,1.27,9.78,-0.01,0.00,0.00
247.62,76.89,-9.27,3.54,1.89,-0.04,-0.01,-0.01,-0.26,1.27,9.77,-0.01,0.00,0.00
247.64,76.89,-9.27,3.54,1.90,-0.04,-0.01,-0.02,-0.26,1.27,9.78,-0.01,0.00,-0.00
247.65,76.90,-9.28,3.53,1.90,-0.04,-0.01,-0.02,-0.25,1.26,9.78,-0.01,0.00,-0.00
247.67,76.91,-9.29,3.53,1.90,-0.04,-0.01,-0.02,-0.24,1.26,9.78,-0