=~=~=~=~=~=~=~=~=~=~=~= PuTTY log 2024.07.01 18:21:56 =~=~=~=~=~=~=~=~=~=~=~=
378.19,88.31,-9.22,3.74,1.80,-0.05,-0.02,-0.00,1.60,0.58,9.69,0.00,-0.00,0.01
378.20,88.31,-9.22,3.74,1.80,-0.05,-0.02,-0.00,1.60,0.58,9.68,0.00,-0.00,0.01
378.22,88.32,-9.22,3.74,1.81,-0.05,-0.02,-0.00,1.61,0.58,9.68,0.00,-0.00,0.01
378.23,88.32,-9.22,3.74,1.80,-0.05,-0.02,-0.00,1.61,0.58,9.69,0.00,-0.00,0.01
378.24,88.32,-9.21,3.74,1.81,-0.05,-0.01,-0.00,1.61,0.58,9.68,0.00,0.00,0.01
378.25,88.33,-9.21,3.75,1.81,-0.05,-0.01,-0.00,1.61,0.58,9.68,0.00,0.00,0.01
378.26,88.33,-9.21,3.75,1.80,-0.05,-0.01,-0.00,1.60,0.58,9.68,0.00,0.00,0.01
378.28,88.33,-9.22,3.74,1.79,-0.05,-0.01,0.00,1.59,0.58,9.69,0.00,0.00,0.01
378.29,88.34,-9.22,3.75,1.78,-0.05,-0.01,0.00,1.59,0.58,9.67,0.00,0.00,0.02
378.30,88.34,-9.22,3.74,1.78,-0.05,-0.01,0.00,1.58,0.58,9.69,0.00,0.00,0.02
378.32,88.35,-9.22,3.75,1.78,-0.05,-0.01,0.00,1.58,0.58,9.68,0.00,0.00,0.02
378.33,88.35,-9.23,3.74,1.78,-0.05,-0.01,-0.00,1.59,0.56,9.68,0.00,0.00,0.02
378.34,88.36,-9.22,3.74,1.78,-0.05,-0.01,-0.00,1.59,0.56,9.68,0.00,0.00,0.02
378.36,88.36,-9.23,3.74,1.78,-0.05,-0.02,-0.00,1.59,0.56,9.68,0.00,0.00,0.01
378.37,88.37,-9.23,3.74,1.78,-0.05,-0.02,-0.00,1.58,0.55,9.67,0.00,0.00,0.02
378.39,88.37,-9.23,3.73,1.78,-0.05,-0.02,-0.00,1.58,0.55,9.68,0.00,0.00,0.01
378.40,88.37,-9.22,3.72,1.78,-0.05,-0.02,0.00,1.57,0.56,9.68,0.00,-0.00,0.01
378.42,88.37,-9.22,3.72,1.79,-0.05,-0.02,0.00,1.57,0.56,9.68,0.00,-0.00,0.01
378.43,88.37,-9.22,3.72,1.78,-0.05,-0.02,0.00,1.58,0.57,9.68,0.00,-0.00,0.02
378.45,88.37,-9.22,3.74,1.78,-0.05,-0.02,0.00,1.58,0.57,9.68,0.01,-0.00,0.02
378.47,88.37,-9.22,3.74,1.78,-0.05,-0.02,0.00,1.58,0.57,9.69,0.00,-0.00,0.02
378.48,88.38,-9.22,3.75,1.78,-0.05,-0.02,0.00,1.59,0.57,9.68,0.00,-0.00,0.02
378.50,88.38,-9.22,3.74,1.79,-0.05,-0.02,-0.00,1.59,0.57,9.67,0.00,-0.00,0.02
378.51,88.38,-9.22,3.75,1.79,-0.05,-0.02,-0.00,1.58,0.58,9.67,0.00,-0.00,0.01
378.53,88.37,-9.22,3.76,1.80,-0.05,-0.02,-0.00,1.58,0.59,9.67,0.00,-0.00,0.01
378.56,88.35,-9.22,3.76,1.81,-0.05,-0.02,-0.00,1.58,0.58,9.69,0.00,-0.00,0.01
378.57,88.35,-9.22,3.76,1.81,-0.05,-0.02,-0.00,1.58,0.57,9.69,0.00,-0.00,0.01
378.58,88.34,-9.22,3.76,1.81,-0.05,-0.02,-0.00,1.59,0.58,9.68,0.00,-0.00,0.01
378.60,88.34,-9.21,3.77,1.81,-0.05,-0.02,-0.00,1.60,0.57,9.67,0.00,0.00,0.02
378.61,88.34,-9.21,3.76,1.80,-0.05,-0.02,-0.00,1.59,0.57,9.68,0.00,0.00,0.01
378.63,88.34,-9.21,3.75,1.79,-0.05,-0.02,-0.00,1.59,0.57,9.66,0.00,0.00,0.01
378.64,88.34,-9.21,3.74,1.78,-0.05,-0.02,-0.00,1.59,0.57,9.68,0.00,-0.00,0.02
378.66,88.35,-9.22,3.75,1.78,-0.05,-0.02,-0.00,1.58,0.57,9.68,0.00,-0.00,0.01
378.68,88.35,-9.22,3.75,1.78,-0.05,-0.02,-0.00,1.58,0.58,9.67,0.00,-0.00,0.01
378.69,88.36,-9.22,3.75,1.79,-0.05,-0.02,-0.00,1.58,0.58,9.67,0.00,-0.00,0.01
378.70,88.35,-9.22,3.75,1.79,-0.05,-0.02,-0.00,1.58,0.59,9.68,0.00,-0.00,0.01
378.70,88.35,-9.23,3.74,1.78,-0.05,-0.02,-0.00,1.58,0.58,9.68,0.00,-0.00,0.01
378.73,88.35,-9.22,3.74,1.79,-0.05,-0.02,-0.01,1.58,0.58,9.69,0.00,-0.00,0.01
378.74,88.35,-9.21,3.74,1.79,-0.05,-0.02,-0.00,1.58,0.58,9.69,0.00,-0.00,0.01
378.76,88.34,-9.21,3.75,1.80,-0.05,-0.02,-0.00,1.59,0.58,9.68,0.00,-0.00,0.01
378.77,88.34,-9.20,3.74,1.80,-0.05,-0.02,-0.00,1.58,0.58,9.67,-0.00,-0.00,0.01
378.78,88.33,-9.21,3.75,1.80,-0.05,-0.02,-0.00,1.58,0.58,9.67,-0.00,-0.00,0.01
378.80,88.33,-9.22,3.75,1.79,-0.05,-0.02,-0.00,1.59,0.58,9.68,-0.00,-0.00,0.01
378.81,88.34,-9.22,3.74,1.80,-0.05,-0.02,-0.00,1.60,0.59,9.68,-0.00,-0.00,0.02
378.82,88.34,-9.21,3.75,1.80,-0.05,-0.02,-0.00,1.60,0.58,9.68,-0.00,-0.00,0.02
378.83,88.34,-9.21,3.74,1.79,-0.05,-0.02,-0.00,1.60,0.58,9.68,-0.00,0.00,0.01
378.85,88.35,-9.22,3.74,1.80,-0.05,-0.02,-0.00,1.61,0.57,9.67,-0.00,0.00,0.01
378.86,88.35,-9.22,3.74,1.80,-0.05,-0.02,-0.00,1.61,0.57,9.67,-0.00,0.00,0.01
378.89,88.35,-9.21,3.74,1.79,-0.05,-0.02,-0.00,1.60,0.56,9.67,-0.00,0.00,0.01
378.90,88.35,-9.21,3.73,1.79,-0.05,-0.02,-0.00,1.58,0.56,9.68,-0.00,0.00,0.01
378.91,88.35,-9.21,3.72,1.79,-0.05,-0.02,-0.00,1.58,0.55,9.68,-0.00,0.00,0.01
378.93,88.34,-9.22,3.73,1.78,-0.05,-0.02,-0.00,1.56,0.55,9.69,0.00,0.00,0.01
378.94,88.34,-9.22,3.73,1.77,-0.05,-0.02,-0.00,1.56,0.56,9.68,0.00,0.00,0.02
378.95,88.34,-9.22,3.73,1.79,-0.05,-0.02,0.00,1.55,0.56,9.70,0.00,0.00,0.02
378.96,88.33,-9.22,3.72,1.79,-0.05,-0.02,0.00,1.55,0.56,9.69,0.00,0.00,0.02
378.98,88.32,-9.22,3.73,1.78,-0.05,-0.02,0.00,1.57,0.57,9.69,0.00,0.00,0.02
378.99,88.32,-9.22,3.73,1.78,-0.05,-0.02,-0.00,1.57,0.57,9.69,0.00,0.00,0.02
379.00,88.32,-9.22,3.74,1.79,-0.05,-0.02,-0.00,1.58,0.57,9.68,0.00,0.00,0.02
379.02,88.32,-9.21,3.76,1.80,-0.05,-0.02,-0.00,1.60,0.58,9.68,0.00,0.00,0.02
379.04,88.33,-9.21,3.76,1.79,-0.05,-0.02,-0.00,1.59,0.58,9.68,0.00,0.00,0.01
379.04,88.33,-9.21,3.76,1.80,-0.05,-0.02,-0.00,1.60,0.59,9.68,0.00,0.00,0.01
379.06,88.33,-9.21,3.75,1.80,-0.04,-0.02,-0.00,1.59,0.58,9.67,0.00,-0.00,0.01
379.08,88.33,-9.21,3.75,1.80,-0.04,-0.02,-0.00,1.59,0.59,9.67,0.00,0.00,0.01
379.09,88.33,-9.21,3.75,1.80,-0.05,-0.02,-0.00,1.59,0.58,9.68,0.00,-0.00,0.01
379.10,88.32,-9.21,3.75,1.80,-0.05,-0.02,-0.00,1.58,0.57,9.67,0.00,-0.00,0.01
379.12,88.32,-9.21,3.75,1.80,-0.05,-0.02,-0.01,1.58,0.58,9.67,0.00,-0.00,0.02
379.13,88.31,-9.21,3.74,1.79,-0.05,-0.02,-0.01,1.57,0.57,9.66,0.00,-0.00,0.02
379.14,88.31,-9.22,3.74,1.79,-0.05,-0.02,-0.00,1.57,0.57,9.66,-0.00,-0.00,0.02
379.15,88.30,-9.22,3.73,1.79,-0.05,-0.02,-0.01,1.57,0.56,9.67,-0.00,-0.00,0.02
379.17,88.30,-9.22,3.74,1.80,-0.05,-0.02,-0.01,1.57,0.56,9.67,-0.00,0.00,0.02
379.18,88.30,-9.22,3.73,1.80,-0.05,-0.02,-0.01,1.58,0.55,9.68,0.00,-0.00,0.02
379.20,88.30,-9.22,3.73,1.80,-0.05,-0.02,-0.00,1.58,0.55,9.67,0.00,-0.00,0.02
379.21,88.30,-9.22,3.72,1.79,-0.05,-0.02,-0.00,1.58,0.56,9.68,0.00,-0.00,0.01
379.22,88.30,-9.22,3.72,1.79,-0.05,-0.02,-0.00,1.57,0.55,9.68,0.00,-0.00,0.01
379.24,88.30,-9.23,3.71,1.80,-0.05,-0.02,-0.00,1.58,0.55,9.69,0.00,-0.00,0.01
379.25,88.30,-9.23,3.71,1.79,-0.05,-0.02,-0.00,1.58,0.55,9.68,0.00,-0.00,0.01
379.26,88.30,-9.23,3.70,1.79,-0.05,-0.02,-0.00,1.57,0.54,9.68,0.01,-0.00,0.01
379.28,88.30,-9.23,3.71,1.80,-0.05,-0.02,0.00,1.57,0.54,9.67,0.01,-0.00,0.01
379.29,88.29,-9.23,3.74,1.80,-0.05,-0.01,0.00,1.57,0.55,9.67,0.01,-0.00,0.01
379.32,88.28,-9.21,3.75,1.80,-0.05,-0.01,0.01,1.58,0.57,9.67,0.01,-0.00,0.01
379.34,88.29,-9.20,3.76,1.80,-0.05,-0.02,0.00,1.59,0.59,9.68,0.01,-0.00,0.01
379.35,88.30,-9.20,3.76,1.81,-0.05,-0.02,0.00,1.62,0.60,9.66,0.01,-0.00,0.01
379.38,88.31,-9.20,3.76,1.82,-0.05,-0.02,0.00,1.62,0.61,9.67,0.01,-0.00,0.01
379.39,88.31,-9.20,3.77,1.82,-0.05,-0.02,-0.00,1.62,0.61,9.67,0.00,0.00,0.01
379.42,88.32,-9.20,3.77,1.81,-0.05,-0.02,-0.00,1.60,0.60,9.68,0.00,0.00,0.01
379.43,88.31,-9.20,3.77,1.81,-0.05,-0.02,-0.00,1.59,0.60,9.68,0.00,0.00,0.01
379.44,88.31,-9.20,3.77,1.80,-0.05,-0.02,-0.00,1.57,0.60,9.68,-0.00,0.00,0.01
379.46,88.29,-9.20,3.76,1.79,-0.05,-0.02,-0.00,1.56,0.60,9.68,-0.00,0.00,0.01
379.49,88.28,-9.21,3.75,1.78,-0.04,-0.01,-0.00,1.56,0.58,9.69,-0.00,0.00,0.02
379.51,88.28,-9.22,3.75,1.76,-0.04,-0.01,-0.00,1.56,0.57,9.70,-0.00,0.00,0.02
379.51,88.28,-9.22,3.74,1.77,-0.04,-0.01,-0.01,1.57,0.56,9.70,-0.00,-0.00,0.02
379.53,88.29,-9.22,3.74,1.76,-0.04,-0.01,-0.01,1.57,0.56,9.69,-0.00,-0.00,0.02
379.55,88.30,-9.22,3.73,1.77,-0.04,-0.02,-0.01,1.58,0.55,9.68,-0.00,-0.00,0.01
379.56,88.31,-9.22,3.72,1.79,-0.04,-0.02,-0.01,1.59,0.54,9.68,-0.00,-0.00,0.01
379.58,88.31,-9.23,3.71,1.82,-0.05,-0.02,-0.01,1.60,0.54,9.68,0.00,-0.00,0.01
379.60,88.31,-9.23,3.71,1.82,-0.05,-0.01,-0.01,1.60,0.54,9.69,0.00,-0.00,0.01
379.62,88.31,-9.23,3.71,1.82,-0.05,-0.01,-0.00,1.59,0.54,9.69,0.00,-0.00,0.01
379.63,88.30,-9.24,3.71,1.82,-0.05,-0.01,-0.00,1.59,0.54,9.69,0.00,-0.00,0.01
379.64,88.30,-9.24,3.71,1.82,-0.05,-0.01,-0.00,1.60,0.55,9.68,0.00,-0.00,0.02
379.65,88.30,-9.24,3.71,1.81,-0.05,-0.01,-0.00,1.60,0.55,9.69,0.01,0.00,0.02
379.66,88.30,-9.23,3.72,1.80,-0.05,-0.01,0.00,1.60,0.56,9.69,0.01,0.00,0.02
379.68,88.31,-9.23,3.73,1.80,-0.05,-0.01,0.00,1.60,0.56,9.69,0.01,0.00,0.02
379.69,88.32,-9.22,3.73,1.80,-0.05,-0.01,0.00,1.60,0.58,9.67,0.01,0.00,0.02
379.71,88.32,-9.22,3.75,1.79,-0.05,-0.01,0.00,1.59,0.58,9.67,0.00,0.00,0.01
379.73,88.33,-9.22,3.74,1.79,-0.05,-0.01,0.00,1.58,0.59,9.68,0.00,0.00,0.01
379.75,88.32,-9.22,3.74,1.79,-0.05,-0.01,0.00,1.57,0.59,9.69,0.01,0.00,0.01
379.77,88.31,-9.22,3.74,1.80,-0.05,-0.01,0.00,1.56,0.58,9.68,0.01,0.00,0.01
379.78,88.30,-9.22,3.74,1.79,-0.05,-0.01,0.00,1.56,0.57,9.68,0.01,0.00,0.02
379.80,88.29,-9.22,3.73,1.78,-0.05,-0.02,0.00,1.55,0.57,9.68,0.00,0.00,0.02
379.81,88.29,-9.22,3.73,1.77,-0.05,-0.02,-0.00,1.56,0.56,9.68,0.01,0.00,0.02
379.83,88.29,-9.22,3.74,1.76,-0.05,-0.02,-0.00,1.56,0.57,9.69,0.01,-0.00,0.02
379.84,88.31,-9.22,3.74,1.77,-0.05,-0.02,-0.00,1.58,0.58,9.69,0.01,-0.00,0.02
379.87,88.31,-9.23,3.74,1.79,-0.05,-0.02,-0.00,1.59,0.58,9.67,0.01,-0.00,0.01
379.88,88.32,-9.23,3.74,1.79,-0.05,-0.02,-0.00,1.60,0.58,9.67,0.01,-0.00,0.02
379.89,88.32,-9.22,3.74,1.81,-0.05,-0.02,-0.00,1.60,0.58,9.68,0.00,-0.00,0.01
379.90,88.32,-9.22,3.74,1.79,-0.05,-0.02,-0.00,1.59,0.58,9.68,0.00,-0.00,0.01
379.92,88.32,-9.22,3.74,1.79,-0.05,-0.02,-0.00,1.57,0.59,9.68,0.00,-0.00,0.01
379.93,88.32,-9.22,3.74,1.79,-0.05,-0.02,-0.00,1.57,0.58,9.68,0.00,-0.00,0.01
379.94,88.31,-9.22,3.74,1.81,-0.05,-0.02,-0.00,1.57,0.58,9.69,0.01,-0.00,0.01
379.96,88.31,-9.22,3.75,1.80,-0.05,-0.02,-0.00,1.57,0.59,9.69,0.01,-0.00,0.01
379.98,88.30,-9.21,3.74,1.81,-0.05,-0.02,-0.01,1.59,0.59,9.68,0.01,-0.00,0.01
379.99,88.30,-9.20,3.75,1.81,-0.05,-0.02,-0.01,1.61,0.59,9.68,0.00,-0.00,0.01
380.00,88.30,-9.20,3.75,1.81,-0.05,-0.02,-0.01,1.61,0.58,9.67,0.00,-0.00,0.02
380.02,88.31,-9.19,3.74,1.80,-0.05,-0.02,-0.01,1.60,0.57,9.67,0.01,-0.00,0.02
380.04,88.31,-9.21,3.74,1.81,-0.05,-0.02,-0.03,1.59,0.57,9.70,0.01,0.00,0.02
380.05,88.29,-9.22,3.76,1.81,-0.06,-0.03,-0.04,1.57,0.59,9.68,0.01,0.01,0.04
380.07,88.23,-9.26,3.75,1.85,-0.06,-0.04,-0.05,1.57,0.64,9.67,0.01,0.02,0.06
380.08,88.17,-9.27,3.73,1.83,-0.06,-0.04,-0.03,1.55,0.64,9.71,-0.00,0.01,0.07
380.10,88.14,-9.25,3.72,1.81,-0.05,-0.04,-0.02,1.56,0.58,9.75,-0.00,-0.01,0.08
380.12,88.12,-9.20,3.73,1.80,-0.05,-0.04,-0.02,1.56,0.54,9.72,0.00,-0.01,0.08
380.13,88.10,-9.19,3.73,1.82,-0.05,-0.04,-0.02,1.56,0.57,9.69,0.00,-0.01,0.09
380.14,88.07,-9.17,3.73,1.82,-0.05,-0.04,-0.02,1.56,0.64,9.63,-0.00,-0.01,0.09
380.16,88.06,-9.16,3.72,1.81,-0.04,-0.04,-0.03,1.58,0.65,9.62,-0.01,-0.01,0.08
380.18,88.06,-9.16,3.73,1.81,-0.04,-0.03,-0.03,1.62,0.63,9.66,-0.01,-0.01,0.07
380.19,88.10,-9.17,3.75,1.83,-0.04,-0.03,-0.03,1.69,0.62,9.67,-0.01,-0.01,0.03
380.20,88.13,-9.18,3.75,1.87,-0.03,-0.02,-0.03,1.74,0.61,9.68,-0.01,-0.01,0.01
380.22,88.20,-9.19,3.75,1.88,-0.03,-0.02,-0.03,1.73,0.61,9.66,-0.01,-0.00,-0.03
380.24,88.22,-9.20,3.74,1.91,-0.03,-0.01,-0.02,1.69,0.60,9.67,-0.02,-0.00,-0.05
380.25,88.22,-9.20,3.72,1.90,-0.03,-0.00,-0.02,1.67,0.59,9.67,-0.02,0.00,-0.05
380.27,88.21,-9.22,3.69,1.91,-0.03,0.00,-0.02,1.62,0.56,9.68,-0.02,0.00,-0.03
380.29,88.17,-9.26,3.66,1.93,-0.03,0.01,-0.00,1.58,0.55,9.69,-0.01,0.01,-0.01
380.31,88.13,-9.26,3.64,1.93,-0.03,0.02,0.01,1.59,0.53,9.68,-0.01,0.01,0.02
380.33,88.12,-9.25,3.63,1.91,-0.03,0.02,0.02,1.61,0.51,9.69,-0.00,0.02,0.04
380.35,88.13,-9.24,3.63,1.88,-0.03,0.02,0.02,1.64,0.50,9.68,-0.00,0.02,0.04
380.36,88.15,-9.24,3.63,1.86,-0.03,0.03,0.02,1.66,0.49,9.67,0.00,0.02,0.04
380.38,88.20,-9.24,3.64,1.84,-0.03,0.03,0.02,1.67,0.50,9.67,0.00,0.02,0.03
380.39,88.25,-9.24,3.64,1.82,-0.03,0.03,0.02,1.67,0.50,9.68,-0.00,0.02,0.01
380.40,88.29,-9.24,3.65,1.80,-0.03,0.03,0.02,1.66,0.51,9.68,-0.00,0.02,0.00
380.42,88.34,-9.23,3.66,1.78,-0.03,0.03,0.02,1.64,0.51,9.68,-0.00,0.02,-0.01
380.43,88.39,-9.23,3.67,1.78,-0.03,0.03,0.02,1.61,0.52,9.68,-0.00,0.03,-0.01
380.45,88.40,-9.22,3.68,1.77,-0.02,0.03,0.02,1.57,0.54,9.69,0.00,0.03,-0.01
380.46,88.41,-9.24,3.71,1.78,-0.02,0.02,0.02,1.56,0.54,9.70,0.00,0.03,-0.01
380.48,88.42,-9.24,3.73,1.78,-0.02,0.02,0.02,1.56,0.54,9.70,0.00,0.03,0.00
380.50,88.41,-9.23,3.75,1.75,-0.03,0.02,0.02,1.53,0.56,9.70,0.00,0.03,0.01
380.51,88.39,-9.23,3.75,1.74,-0.03,0.02,0.02,1.49,0.58,9.70,0.00,0.03,0.02
380.53,88.37,-9.19,3.74,1.73,-0.03,0.02,0.02,1.49,0.58,9.69,-0.00,0.03,0.04
380.54,88.35,-9.20,3.73,1.75,-0.03,0.02,0.02,1.52,0.55,9.68,-0.00,0.03,0.06
380.56,88.35,-9.21,3.72,1.78,-0.03,0.01,0.02,1.57,0.54,9.68,-0.01,0.03,0.07
380.58,88.34,-9.30,3.68,1.83,-0.02,-0.00,0.02,1.62,0.41,9.74,-0.02,0.04,0.10
380.60,88.30,-9.35,3.72,1.87,-0.03,-0.02,0.03,1.64,0.26,9.87,-0.03,0.04,0.12
380.62,88.26,-9.37,3.77,1.91,-0.05,-0.03,0.04,1.70,0.16,9.94,-0.03,0.04,0.16
380.63,88.25,-9.39,3.77,1.95,-0.07,-0.03,0.04,1.81,0.07,9.97,-0.02,0.03,0.19
380.64,88.24,-9.37,3.70,1.97,-0.11,-0.03,0.02,1.88,0.01,9.96,-0.02,0.00,0.21
380.65,88.30,-9.32,3.57,2.00,-0.15,-0.03,-0.01,1.88,0.07,9.89,-0.01,-0.03,0.22
380.66,88.30,-9.32,3.52,1.97,-0.16,-0.03,-0.03,1.78,0.12,9.84,-0.01,-0.05,0.23
380.68,88.30,-9.35,3.52,1.93,-0.18,-0.02,-0.04,1.52,0.17,9.81,0.00,-0.05,0.25
380.69,88.26,-9.39,3.58,1.89,-0.18,-0.01,-0.03,1.41,0.22,9.75,0.01,-0.04,0.28
380.70,88.21,-9.37,3.65,1.84,-0.19,0.01,-0.03,1.34,0.24,9.63,0.03,-0.03,0.30
380.71,88.19,-9.35,3.73,1.76,-0.19,0.03,-0.02,1.36,0.24,9.43,0.05,-0.02,0.35
380.72,88.24,-9.28,3.78,1.67,-0.19,0.04,-0.01,1.46,0.19,9.22,0.03,-0.01,0.41
380.74,88.35,-9.15,3.83,1.58,-0.19,0.04,0.01,1.52,0.06,9.06,-0.03,-0.01,0.47
380.75,88.49,-9.00,3.86,1.47,-0.18,0.04,0.01,1.51,-0.05,8.96,-0.08,-0.03,0.51
380.76,88.74,-8.85,3.86,1.27,-0.18,0.03,-0.02,1.43,-0.24,8.86,-0.20,-0.10,0.55
380.77,89.00,-8.75,3.84,1.12,-0.19,0.02,-0.07,1.35,-0.41,8.87,-0.33,-0.16,0.55
380.79,89.38,-8.67,3.80,0.96,-0.19,0.00,-0.16,1.35,-0.52,8.87,-0.44,-0.26,0.54
380.80,89.72,-8.65,3.75,0.90,-0.20,-0.01,-0.21,1.39,-0.56,8.82,-0.54,-0.31,0.52
380.81,90.17,-8.66,3.66,0.86,-0.21,-0.02,-0.29,1.44,-0.54,8.74,-0.64,-0.37,0.51
380.82,90.92,-8.79,3.50,0.87,-0.23,-0.04,-0.39,1.59,-0.44,8.68,-0.77,-0.42,0.47
380.84,91.34,-8.94,3.38,0.93,-0.24,-0.07,-0.43,1.69,-0.40,8.70,-0.83,-0.43,0.43
380.85,91.83,-9.08,3.29,1.04,-0.26,-0.10,-0.44,1.88,-0.40,8.83,-0.89,-0.45,0.35
380.86,92.29,-9.20,3.24,1.15,-0.27,-0.13,-0.43,2.09,-0.44,9.05,-0.92,-0.45,0.29
380.87,92.72,-9.42,3.15,1.37,-0.30,-0.15,-0.40,2.25,-0.44,9.32,-0.92,-0.45,0.14
380.89,93.16,-9.62,3.06,1.54,-0.31,-0.17,-0.36,2.34,-0.39,9.73,-0.89,-0.43,0.05
380.90,93.42,-9.98,2.95,1.78,-0.32,-0.18,-0.27,2.19,-0.29,10.23,-0.82,-0.40,-0.14
380.92,93.50,-10.11,2.90,1.85,-0.31,-0.18,-0.22,2.05,-0.20,10.58,-0.74,-0.37,-0.21
380.93,93.42,-10.27,2.85,1.93,-0.30,-0.18,-0.16,1.93,-0.14,10.84,-0.63,-0.33,-0.26
380.94,93.10,-10.46,2.83,2.03,-0.27,-0.16,-0.07,1.66,-0.04,11.35,-0.37,-0.23,-0.31
380.96,92.73,-10.47,2.93,2.04,-0.23,-0.14,-0.02,1.50,-0.03,11.52,-0.16,-0.15,-0.31
380.98,92.29,-10.33,3.18,1.99,-0.19,-0.12,0.03,1.30,-0.12,11.14,0.04,-0.14,-0.28
380.99,91.84,-9.82,3.57,1.79,-0.13,-0.11,0.09,1.23,-0.13,9.97,0.23,-0.15,-0.01
381.01,91.61,-9.24,3.82,1.54,-0.09,-0.13,0.13,1.31,-0.09,9.11,0.24,-0.17,0.11
381.03,91.53,-8.87,3.95,1.41,-0.08,-0.16,0.14,1.38,-0.11,8.89,0.19,-0.17,0.21
381.04,91.41,-8.59,4.02,1.36,-0.09,-0.23,0.11,1.56,-0.39,9.11,0.07,-0.17,0.29
381.06,91.26,-8.65,3.86,1.53,-0.12,-0.31,-0.04,1.91,-0.59,9.46,-0.01,-0.26,0.18
381.08,91.36,-8.85,3.63,1.63,-0.12,-0.36,-0.17,2.24,-0.40,9.44,-0.08,-0.34,0.06
381.10,91.44,-9.11,3.30,1.64,-0.07,-0.42,-0.28,2.33,-0.17,9.32,-0.11,-0.39,-0.06
381.12,91.67,-9.43,3.03,1.58,-0.00,-0.49,-0.35,2.36,-0.04,9.21,-0.13,-0.42,-0.21
381.14,91.84,-10.09,2.67,1.47,0.10,-0.63,-0.43,2.36,-0.32,9.22,-0.16,-0.43,-0.26
381.15,91.82,-10.72,2.53,1.37,0.18,-0.83,-0.47,2.23,-0.81,9.34,-0.15,-0.42,-0.31
381.16,91.74,-10.95,2.49,1.36,0.18,-0.95,-0.47,2.01,-1.24,9.45,-0.14,-0.42,-0.30
381.17,91.42,-11.16,2.39,1.44,0.14,-1.16,-0.48,1.60,-1.84,9.60,-0.09,-0.40,-0.24
381.18,91.05,-11.22,2.35,1.53,0.09,-1.27,-0.49,1.51,-2.02,9.62,-0.07,-0.40,-0.17
381.20,90.13,-11.29,2.31,1.79,-0.00,-1.41,-0.44,1.62,-2.32,9.61,-0.01,-0.43,-0.02
381.21,89.51,-11.05,2.36,1.95,-0.12,-1.45,-0.33,2.23,-2.39,9.54,0.03,-0.50,0.07
381.22,88.99,-10.59,2.24,2.08,-0.25,-1.41,-0.20,2.77,-2.29,9.58,0.07,-0.60,0.07
381.24,89.04,-10.17,2.32,2.32,-0.36,-1.35,-0.10,3.36,-1.97,9.58,0.14,-0.67,0.02
381.26,89.00,-9.77,2.42,2.96,-0.45,-1.31,-0.06,3.62,-1.50,9.42,0.21,-0.71,-0.03
381.28,88.57,-9.17,2.61,3.70,-0.52,-1.30,-0.03,3.85,-1.08,9.22,0.24,-0.71,-0.07
381.29,88.56,-8.86,2.71,4.04,-0.56,-1.31,-0.03,4.10,-0.86,9.09,0.26,-0.70,-0.10
381.31,88.20,-8.48,2.84,4.48,-0.62,-1.34,-0.06,4.33,-0.70,9.01,0.26,-0.69,-0.13
381.32,87.49,-8.21,2.93,4.88,-0.67,-1.39,-0.10,4.45,-0.60,8.97,0.26,-0.68,-0.16
381.33,87.25,-8.11,2.98,5.12,-0.72,-1.43,-0.15,4.51,-0.45,8.92,0.25,-0.67,-0.19
381.34,86.18,-8.05,2.96,5.45,-0.80,-1.54,-0.26,4.50,-0.27,8.84,0.24,-0.64,-0.22
381.35,85.58,-8.06,2.87,5.60,-0.83,-1.60,-0.31,4.49,-0.21,8.82,0.23,-0.62,-0.23
381.37,84.56,-8.06,2.70,5.76,-0.87,-1.68,-0.35,4.48,-0.20,8.82,0.21,-0.57,-0.17
381.38,82.45,-8.00,2.19,6.26,-0.91,-1.84,-0.38,4.78,-0.30,8.73,0.21,-0.51,-0.11
381.40,81.71,-7.94,2.00,6.47,-0.91,-1.87,-0.39,4.92,-0.34,8.70,0.21,-0.46,-0.06
381.42,80.31,-7.77,1.70,6.83,-0.91,-1.90,-0.36,5.17,-0.38,8.71,0.22,-0.39,-0.05
381.43,80.05,-7.70,1.61,6.96,-0.91,-1.90,-0.33,5.20,-0.41,8.73,0.24,-0.34,-0.07
381.44,79.10,-7.66,1.55,7.04,-0.90,-1.89,-0.31,5.19,-0.42,8.73,0.24,-0.33,-0.07
381.46,79.56,-7.66,1.55,7.04,-0.90,-1.89,-0.31,5.13,-0.39,8.72,0.26,-0.30,-0.09
381.47,78.88,-7.62,1.49,7.11,-0.90,-1.89,-0.27,5.07,-0.36,8.71,0.26,-0.28,-0.10
381.49,77.87,-7.54,1.40,7.21,-0.88,-1.89,-0.20,4.91,-0.31,8.68,0.27,-0.26,-0.12
381.49,77.64,-7.51,1.39,7.22,-0.88,-1.90,-0.18,4.80,-0.24,8.65,0.26,-0.24,-0.12
381.51,75.92,-7.31,1.25,7.28,-0.88,-1.92,-0.06,4.50,0.02,8.60,0.24,-0.21,-0.12
381.53,75.25,-7.23,1.21,7.31,-0.88,-1.93,-0.02,4.44,0.03,8.59,0.24,-0.20,-0.10
381.54,73.57,-6.96,1.18,7.34,-0.87,-1.95,0.11,4.25,0.31,8.52,0.24,-0.19,-0.05
381.56,71.82,-6.58,1.29,7.31,-0.87,-1.95,0.24,4.12,0.43,8.48,0.21,-0.20,0.01
381.56,71.13,-6.44,1.36,7.28,-0.87,-1.94,0.28,4.09,0.47,8.53,0.20,-0.21,0.05
381.58,69.75,-6.17,1.40,7.25,-0.88,-1.91,0.34,4.13,0.49,8.57,0.17,-0.21,0.18
381.60,68.50,-5.92,1.40,7.26,-0.87,-1.86,0.37,4.41,0.60,8.53,0.14,-0.22,0.22
381.62,65.82,-5.46,1.42,7.47,-0.86,-1.79,0.37,4.82,0.60,8.45,0.09,-0.22,0.26
381.64,64.48,-5.20,1.44,7.76,-0.88,-1.78,0.34,5.02,0.55,8.48,0.07,-0.22,0.25
381.65,61.02,-4.61,1.37,8.57,-0.93,-1.77,0.20,5.39,0.09,8.50,0.03,-0.21,0.21
381.68,56.43,-3.41,0.52,9.35,-0.93,-1.79,0.10,5.23,-0.19,8.45,0.05,-0.13,0.14
381.71,54.22,-3.00,0.24,9.51,-0.91,-1.73,0.06,5.18,-0.14,8.36,0.06,-0.10,0.15
381.73,52.49,-2.78,-0.02,9.59,-0.90,-1.68,0.04,5.30,-0.02,8.27,0.05,-0.05,0.20
381.74,49.93,-2.70,-0.33,9.83,-0.82,-1.60,0.03,5.55,0.14,8.14,0.03,-0.03,0.23
381.75,48.82,-2.74,-0.28,9.96,-0.79,-1.58,0.05,5.62,0.24,8.13,0.01,-0.02,0.19
381.76,47.49,-2.85,-0.16,10.04,-0.78,-1.59,0.10,5.57,0.37,8.20,0.01,-0.01,0.16
381.77,46.24,-2.85,-0.14,10.02,-0.76,-1.60,0.17,5.34,0.48,8.33,0.01,0.00,0.09
381.79,43.52,-2.44,-0.30,9.77,-0.65,-1.60,0.27,4.85,0.06,8.45,-0.01,0.06,0.14
381.82,42.11,-2.13,-0.48,9.70,-0.61,-1.59,0.31,4.90,-0.19,8.48,-0.02,0.08,0.17
381.83,40.98,-1.97,-0.64,9.63,-0.60,-1.58,0.34,4.90,-0.30,8.50,-0.01,0.09,0.17
381.84,38.67,-1.72,-0.89,9.49,-0.57,-1.57,0.31,4.53,-0.40,8.54,0.02,0.08,0.06
381.87,37.11,-1.76,-0.82,9.41,-0.56,-1.55,0.26,4.13,-0.34,8.62,0.00,0.07,0.02
381.88,35.02,-1.96,-0.79,9.46,-0.54,-1.51,0.18,3.64,-0.49,8.82,0.01,0.02,0.08
381.91,32.41,-2.22,-0.94,9.45,-0.45,-1.38,0.19,3.23,-0.31,8.91,0.01,-0.02,0.10
381.93,31.25,-2.40,-1.05,9.35,-0.39,-1.31,0.24,3.30,-0.44,8.89,-0.01,-0.10,0.09
381.95,29.53,-2.05,-1.18,9.29,-0.26,-1.21,0.34,3.14,-0.72,8.89,0.03,-0.19,0.14
381.98,29.45,-2.05,-1.18,9.29,-0.26,-1.21,0.34,3.17,-0.68,8.88,0.03,-0.22,0.15
382.00,28.58,-1.50,-1.13,9.42,-0.24,-1.17,0.38,3.61,-0.56,9.00,0.06,-0.25,0.13
382.01,27.98,-1.15,-1.16,9.64,-0.23,-1.17,0.35,3.90,-0.51,8.93,0.08,-0.29,0.11
382.02,27.09,-0.67,-1.24,9.93,-0.18,-1.20,0.27,4.27,-0.47,8.91,0.09,-0.35,0.04
382.04,26.38,-0.22,-1.23,10.01,-0.14,-1.25,0.12,4.42,-0.63,9.01,0.11,-0.40,0.00
382.06,25.66,-0.09,-1.46,10.11,-0.09,-1.29,-0.06,4.34,-0.69,9.23,0.13,-0.44,-0.03
382.07,24.96,-0.23,-1.70,10.14,-0.00,-1.35,-0.26,4.19,-0.99,9.44,0.14,-0.52,-0.09
382.10,24.11,-0.83,-1.96,10.11,0.14,-1.40,-0.46,4.06,-1.45,9.57,0.19,-0.60,-0.16
382.11,23.81,-1.19,-1.95,10.12,0.17,-1.40,-0.50,4.06,-1.45,9.68,0.22,-0.66,-0.17
382.12,23.76,-1.42,-1.85,10.22,0.15,-1.37,-0.46,4.28,-1.27,9.88,0.26,-0.74,-0.19
382.13,23.78,-1.46,-1.85,10.30,0.14,-1.37,-0.44,4.34,-1.19,9.99,0.28,-0.75,-0.19
382.15,23.79,-1.35,-1.73,10.51,0.14,-1.35,-0.34,4.26,-0.88,10.20,0.35,-0.83,-0.22
382.17,23.86,-1.21,-1.58,10.75,0.15,-1.34,-0.28,4.00,-0.65,10.41,0.38,-0.91,-0.23
382.18,23.52,-0.87,-0.90,11.28,0.15,-1.27,-0.15,3.58,-0.56,10.95,0.42,-1.01,-0.25
382.20,23.35,-0.98,-0.60,11.67,0.07,-1.20,-0.07,3.33,-0.65,11.40,0.45,-1.07,-0.25
382.21,23.16,-1.22,-0.37,12.16,0.00,-1.04,-0.02,2.71,-0.80,12.33,0.55,-1.16,-0.22
382.22,23.04,-1.36,-0.31,12.33,-0.01,-0.96,-0.01,2.47,-0.74,12.48,0.59,-1.19,-0.20
382.24,22.97,-1.36,-0.31,12.33,-0.01,-0.96,-0.01,2.26,-0.65,12.57,0.62,-1.22,-0.18
382.25,22.65,-1.51,-0.31,12.47,-0.01,-0.87,-0.02,1.71,-0.38,12.58,0.68,-1.30,-0.13
382.25,22.53,-1.59,-0.32,12.53,-0.00,-0.82,-0.02,1.62,-0.34,12.58,0.69,-1.32,-0.12
382.27,22.64,-1.83,-0.32,12.60,0.03,-0.66,0.00,1.46,-0.22,12.56,0.70,-1.37,-0.11
382.28,23.02,-2.11,-0.08,12.44,0.14,-0.37,0.07,1.30,0.02,12.53,0.71,-1.48,-0.11
382.29,24.18,-2.15,0.48,11.84,0.36,0.04,0.04,1.30,0.09,12.48,0.73,-1.55,-0.14
382.31,24.62,-2.11,0.60,11.53,0.46,0.22,-0.02,1.27,0.20,12.20,0.75,-1.66,-0.20
382.32,25.52,-1.99,0.62,11.06,0.55,0.52,-0.13,1.14,0.25,11.95,0.75,-1.74,-0.31
382.33,27.36,-1.60,0.40,10.16,0.61,0.84,-0.22,1.23,-0.33,11.29,0.74,-1.85,-0.44
382.35,30.33,-0.62,0.09,9.26,0.65,1.25,-0.17,2.05,-0.19,9.90,0.93,-1.97,-0.22
382.37,32.56,-0.18,0.14,9.42,0.59,1.43,0.01,3.27,0.63,9.44,0.97,-1.96,0.02
382.38,34.24,0.07,0.22,9.80,0.54,1.51,0.10,4.24,0.73,9.05,0.90,-1.96,0.14
382.40,36.54,0.41,0.46,10.49,0.48,1.57,0.13,5.28,0.42,8.36,0.85,-1.99,0.22
382.41,38.68,0.60,0.61,10.88,0.42,1.53,0.09,6.26,-0.06,7.45,0.83,-1.99,0.31
382.42,42.87,1.05,0.42,11.50,0.31,1.45,0.02,7.83,-0.18,5.86,0.75,-1.74,0.52
382.44,45.71,1.37,0.13,11.66,0.24,1.46,0.01,8.27,0.24,5.40,0.62,-1.48,0.56
382.45,48.50,1.61,-0.14,11.75,0.20,1.50,0.06,8.35,0.74,5.11,0.35,-0.97,0.57
382.46,50.59,1.89,-0.58,11.93,0.19,1.61,0.20,7.92,0.97,5.18,0.11,-0.44,0.60
382.48,51.83,1.83,-0.88,12.18,0.27,1.76,0.40,7.66,0.91,5.35,0.02,-0.00,0.69
382.50,52.57,1.55,-0.90,12.24,0.35,1.84,0.53,7.74,0.79,5.33,0.02,0.33,0.79
382.51,53.17,1.29,-0.82,12.23,0.40,1.89,0.63,8.01,0.66,5.10,0.05,0.64,0.87
382.52,54.05,1.04,-0.61,12.19,0.46,1.95,0.76,8.64,0.50,4.63,0.09,1.02,0.95
382.53,55.00,0.87,-0.36,12.12,0.51,2.00,0.85,9.50,0.40,4.02,0.09,1.42,0.91
382.55,55.92,0.79,-0.12,11.88,0.53,2.03,0.89,10.12,0.33,3.47,0.01,1.73,0.68
382.56,57.35,0.85,-0.11,11.06,0.44,2.04,0.91,10.24,0.30,2.81,-0.41,2.43,-0.05
382.59,57.55,0.93,-0.16,10.75,0.40,2.03,0.92,9.88,0.39,2.80,-0.61,2.71,-0.38
382.60,57.49,1.15,-0.25,10.33,0.34,1.97,0.91,9.34,0.57,2.87,-0.81,3.00,-0.63
382.61,57.23,1.30,-0.26,9.99,0.32,1.90,0.88,9.01,0.67,2.85,-0.90,3.16,-0.82
382.63,56.49,1.48,-0.16,9.52,0.30,1.75,0.84,8.38,0.96,2.69,-1.02,3.39,-0.87
382.64,55.50,1.78,-0.08,9.10,0.27,1.62,0.80,7.79,1.22,2.59,-1.11,3.62,-0.86
382.65,53.82,2.05,0.06,8.51,0.24,1.45,0.72,6.95,1.32,2.73,-1.19,3.82,-0.71
382.67,51.92,2.35,0.14,8.02,0.20,1.32,0.62,6.21,1.43,3.21,-1.26,4.07,-0.60
382.68,48.01,2.62,0.19,7.32,0.11,1.10,0.40,5.78,1.22,4.09,-1.30,4.31,-0.42
382.69,45.12,2.56,0.19,7.00,0.05,0.98,0.29,5.64,1.13,4.80,-1.34,4.43,-0.31
382.71,41.72,2.43,0.24,6.71,-0.01,0.82,0.15,5.68,0.91,5.47,-1.34,4.50,-0.27
382.72,40.31,2.40,0.27,6.66,-0.03,0.77,0.12,5.73,0.99,5.69,-1.34,4.50,-0.26
382.73,38.61,2.29,0.37,6.58,-0.06,0.69,0.06,5.83,1.02,5.78,-1.34,4.50,-0.26
382.75,35.29,2.03,0.60,6.47,-0.13,0.53,-0.08,5.85,1.03,6.03,-1.33,4.52,-0.21
382.76,31.97,1.76,0.79,6.54,-0.23,0.35,-0.29,5.29,0.97,6.46,-1.27,4.50,-0.15
382.76,28.36,1.33,0.83,6.81,-0.32,0.23,-0.48,4.43,0.92,6.99,-1.25,4.38,0.10
382.80,22.47,-0.12,0.78,8.02,-0.59,-0.02,-0.92,3.32,0.08,8.78,-1.27,3.74,0.32
382.82,14.89,-4.69,1.15,10.14,-0.95,-0.32,-1.52,2.95,0.11,10.75,-0.55,2.72,-0.14
382.85,14.95,-9.24,0.59,10.85,-0.95,-0.22,-1.51,0.37,-0.04,10.46,-0.46,1.61,-0.11
382.86,16.45,-12.83,0.23,10.23,-0.72,-0.07,-1.05,-0.67,-0.86,10.22,-0.28,0.58,0.18
382.87,18.83,-11.64,0.52,9.53,-0.53,-0.05,-0.40,1.10,-0.79,9.36,-0.11,-0.29,0.45
382.89,22.87,-7.83,0.22,8.88,-0.52,-0.16,0.27,3.87,-0.52,8.27,-0.15,-1.07,0.37
382.91,27.89,-1.53,0.50,11.17,-0.75,-0.66,0.62,2.32,2.83,12.46,-0.76,-0.93,-0.81
382.93,25.22,-0.86,1.46,13.62,-0.51,-0.99,0.56,-6.96,-1.16,18.49,-0.63,-0.66,0.28
382.95,22.16,-3.18,2.77,16.03,-0.18,-0.85,0.60,-6.48,-2.06,16.97,0.64,-1.11,1.48
382.96,21.39,-6.19,2.15,14.65,-0.41,-0.52,0.85,-4.23,-1.72,14.31,1.03,-1.39,2.46
382.98,22.14,-7.93,-0.15,12.46,-0.74,-0.35,1.13,-0.45,-1.00,11.17,1.13,-1.54,2.99
382.99,24.86,-7.28,-1.83,10.67,-0.60,-0.32,1.32,4.16,-1.00,8.91,0.88,-1.61,2.99
383.00,28.90,-3.52,-1.11,8.76,-0.22,-0.23,1.43,7.14,-1.47,7.86,0.46,-1.71,2.24
383.01,32.09,0.34,-0.28,7.81,-0.41,-0.20,1.49,7.55,-1.64,6.84,0.27,-1.83,1.30
383.03,33.56,4.62,-1.59,7.44,-0.84,-0.60,1.39,6.46,-1.66,5.97,0.04,-1.81,0.44
383.05,32.37,4.66,-1.79,8.17,-0.76,-0.99,0.70,5.18,-1.81,7.85,-0.11,-1.54,0.07
383.07,30.91,3.17,-1.88,9.02,-0.74,-1.19,0.15,4.90,-1.69,9.10,-0.12,-1.25,-0.03
383.08,29.75,1.04,-2.29,10.09,-0.72,-1.28,-0.37,4.28,-1.17,9.93,-0.11,-1.00,-0.14
383.10,29.13,-0.83,-2.41,10.57,-0.60,-1.17,-0.55,4.01,-0.95,9.36,-0.14,-0.96,-0.17
383.11,29.28,-1.07,-1.85,10.27,-0.48,-0.96,-0.37,3.42,-0.77,8.33,-0.10,-0.97,-0.10
383.13,29.16,-0.69,-1.50,10.03,-0.44,-0.85,-0.23,2.77,-0.84,8.28,-0.13,-1.00,0.03
383.14,28.68,-0.25,-1.42,9.90,-0.42,-0.78,-0.13,2.22,-1.06,8.64,-0.17,-1.05,0.25
383.16,27.69,-0.12,-1.75,9.93,-0.40,-0.79,-0.14,2.11,-1.75,9.61,-0.14,-1.01,0.55
383.18,27.16,-0.31,-1.97,9.88,-0.37,-0.81,-0.17,2.51,-1.92,9.82,-0.11,-0.95,0.68
383.19,26.85,-0.65,-2.17,9.77,-0.35,-0.83,-0.17,3.38,-2.03,9.77,-0.05,-0.85,0.77
383.20,27.05,-1.01,-2.34,9.67,-0.35,-0.83,-0.14,4.57,-1.93,9.10,0.01,-0.80,0.73
383.21,27.43,-1.16,-2.45,9.58,-0.35,-0.81,-0.08,5.06,-1.81,8.57,0.02,-0.79,0.55
383.23,28.62,-0.76,-2.41,9.58,-0.35,-0.78,-0.00,5.45,-1.50,8.07,-0.04,-0.79,0.29
383.24,29.07,-0.20,-2.32,9.70,-0.33,-0.76,-0.00,5.32,-1.53,8.36,-0.07,-0.79,0.03
383.26,29.14,0.61,-2.14,9.92,-0.29,-0.76,-0.13,4.88,-1.67,8.90,-0.07,-0.78,-0.17
383.27,28.77,0.96,-1.98,9.98,-0.27,-0.80,-0.26,4.64,-1.66,9.04,-0.06,-0.77,-0.28
383.28,28.17,1.02,-1.85,10.06,-0.24,-0.86,-0.44,4.32,-1.54,9.08,-0.03,-0.75,-0.34
383.30,27.80,0.84,-1.85,10.11,-0.22,-0.89,-0.54,4.18,-1.44,9.02,-0.02,-0.70,-0.33
383.32,27.00,-0.09,-1.91,10.01,-0.15,-0.93,-0.63,4.22,-1.31,8.84,-0.01,-0.69,-0.31
383.34,26.86,-0.40,-1.88,9.79,-0.12,-0.92,-0.53,4.28,-1.29,8.77,-0.01,-0.67,-0.30
383.35,26.77,-0.21,-1.70,9.59,-0.13,-0.92,-0.29,4.34,-1.20,8.67,0.01,-0.66,-0.30
383.38,26.58,0.19,-1.51,9.70,-0.15,-0.93,-0.19,4.34,-1.16,8.60,0.02,-0.65,-0.27
383.39,25.92,0.74,-1.27,9.91,-0.16,-0.99,-0.25,4.38,-1.17,8.74,0.02,-0.65,-0.25
383.41,25.16,0.75,-1.16,10.00,-0.15,-1.08,-0.47,4.47,-1.18,8.89,0.04,-0.66,-0.27
383.43,24.60,0.36,-1.18,10.01,-0.13,-1.14,-0.69,4.42,-1.31,9.04,0.06,-0.68,-0.36
383.45,23.96,-0.64,-1.25,10.17,-0.12,-1.17,-0.89,3.86,-1.29,9.56,0.22,-0.78,-0.57
383.48,23.81,-1.35,-1.39,10.24,-0.11,-1.19,-0.93,3.29,-1.33,9.77,0.18,-0.86,-0.70
383.50,23.74,-1.83,-1.51,10.32,-0.09,-1.21,-0.94,2.78,-1.43,10.02,0.19,-0.92,-0.75
383.51,23.80,-2.19,-1.58,10.41,-0.06,-1.21,-0.90,2.38,-1.49,10.28,0.23,-0.99,-0.73
383.52,23.56,-2.30,-1.57,10.44,-0.03,-1.19,-0.86,1.85,-1.39,10.53,0.28,-1.05,-0.70
383.54,23.39,-2.23,-1.47,10.44,0.01,-1.11,-0.76,1.41,-1.53,10.66,0.31,-1.14,-0.60
383.55,23.40,-1.93,-1.26,10.54,0.01,-1.00,-0.62,1.37,-1.55,10.78,0.35,-1.23,-0.47
383.56,23.32,-1.41,-0.94,10.74,-0.03,-0.83,-0.45,1.88,-1.38,10.75,0.40,-1.32,-0.36
383.57,23.37,-1.19,-0.80,10.87,-0.07,-0.74,-0.39,2.50,-1.31,10.74,0.40,-1.42,-0.30
383.58,24.07,-1.06,-0.77,11.35,-0.16,-0.63,-0.33,3.62,-1.14,10.99,0.44,-1.55,-0.24
383.60,24.87,-1.13,-1.08,11.97,-0.17,-0.59,-0.33,4.06,-0.88,11.24,0.47,-1.62,-0.29
383.61,25.70,-1.28,-1.34,12.33,-0.14,-0.54,-0.31,4.06,-0.68,11.67,0.52,-1.72,-0.44
383.64,27.14,-1.75,-1.16,12.52,-0.04,-0.30,-0.17,3.09,-0.41,12.65,0.55,-1.80,-0.53
383.65,27.42,-1.86,-0.94,12.47,-0.01,-0.21,-0.11,2.41,-0.22,12.91,0.57,-1.82,-0.55
383.67,28.30,-1.73,-0.11,12.26,0.13,0.16,-0.01,1.30,0.21,12.59,0.59,-1.89,-0.59
383.68,29.58,-1.59,0.68,11.57,0.39,0.57,-0.16,0.86,0.60,12.05,0.56,-1.95,-0.60
383.69,30.54,-1.26,0.78,10.61,0.60,0.88,-0.36,0.82,0.67,11.42,0.53,-2.03,-0.61
383.71,31.16,-0.94,0.65,10.00,0.71,1.06,-0.44,1.17,0.35,10.67,0.52,-2.12,-0.57
383.72,32.30,-0.43,0.49,9.35,0.84,1.27,-0.50,1.93,0.28,9.87,0.54,-2.20,-0.41
383.73,33.35,-0.05,0.42,9.14,0.87,1.45,-0.48,2.81,0.53,9.40,0.52,-2.26,-0.23
383.74,35.04,0.47,0.32,9.37,0.84,1.56,-0.42,4.25,0.93,9.01,0.45,-2.28,-0.07
383.75,37.03,0.89,0.21,10.01,0.77,1.67,-0.31,5.73,1.09,8.67,0.37,-2.25,-0.08
383.76,38.86,1.11,0.23,10.84,0.70,1.71,-0.24,6.65,1.03,8.35,0.34,-2.20,-0.19
383.77,40.97,1.22,0.29,11.42,0.67,1.69,-0.24,7.68,0.54,7.78,0.33,-2.06,-0.30
383.79,43.99,1.41,0.47,12.00,0.63,1.57,-0.36,8.56,-0.30,6.66,0.39,-1.82,-0.32
383.81,47.23,1.43,0.54,12.04,0.59,1.47,-0.46,8.85,-0.20,5.39,0.36,-1.44,-0.31
383.82,50.13,1.71,0.53,11.80,0.55,1.44,-0.51,8.66,0.54,4.56,0.10,-0.93,-0.29
383.83,51.37,1.90,0.48,11.54,0.51,1.50,-0.48,8.48,0.87,4.36,-0.08,-0.68,-0.29
383.84,52.63,1.98,0.39,11.41,0.47,1.55,-0.43,8.24,1.39,4.32,-0.32,-0.34,-0.31
383.86,53.81,1.95,0.14,11.45,0.41,1.65,-0.28,8.07,1.58,4.51,-0.55,0.12,-0.31
383.87,54.56,1.71,-0.05,11.74,0.43,1.73,-0.10,8.05,1.44,4.54,-0.60,0.54,-0.27
383.88,55.14,1.47,-0.04,11.93,0.48,1.77,0.03,8.18,1.49,4.30,-0.59,0.78,-0.20
383.89,55.55,1.42,0.03,11.98,0.51,1.79,0.11,8.34,1.59,4.03,-0.57,1.00,-0.17
383.91,56.07,1.47,0.12,11.94,0.52,1.82,0.18,8.81,1.59,3.60,-0.54,1.39,-0.12
383.92,56.49,1.59,0.19,11.81,0.51,1.85,0.19,9.34,1.50,3.16,-0.53,1.78,-0.15
383.93,56.66,1.63,0.20,11.70,0.50,1.86,0.18,9.58,1.49,2.77,-0.59,2.09,-0.24
383.94,56.88,1.75,0.25,11.33,0.46,1.87,0.14,9.51,1.54,2.53,-0.69,2.31,-0.35
383.96,56.92,1.83,0.23,10.66,0.42,1.84,0.10,9.01,1.58,2.38,-0.92,2.68,-0.57
383.97,56.27,1.70,0.17,9.81,0.37,1.77,0.08,8.18,1.38,2.75,-1.26,3.15,-0.80
383.99,55.17,1.63,0.06,9.37,0.33,1.69,0.07,7.56,1.18,3.05,-1.38,3.36,-0.86
384.01,52.94,1.43,-0.10,8.69,0.29,1.53,0.00,6.64,1.22,3.34,-1.50,3.64,-0.83
384.02,51.30,1.36,-0.13,8.29,0.26,1.44,-0.03,6.20,1.20,3.69,-1.52,3.78,-0.71
384.04,49.28,1.27,-0.07,7.89,0.21,1.32,-0.05,5.96,1.13,4.16,-1.50,3.94,-0.46
384.05,46.25,1.13,0.11,7.37,0.10,1.12,-0.04,5.63,0.86,4.91,-1.45,4.17,-0.10
384.08,40.33,1.17,-0.04,7.01,-0.05,0.87,-0.13,5.22,0.62,5.80,-1.41,4.35,-0.02
384.10,36.65,1.06,-0.12,6.93,-0.14,0.67,-0.26,5.35,0.62,6.28,-1.40,4.38,0.02
384.11,33.21,1.00,-0.02,6.95,-0.22,0.52,-0.36,5.55,0.52,6.80,-1.38,4.36,0.09
384.12,26.92,0.37,0.13,7.29,-0.53,0.16,-0.67,5.14,-0.26,7.71,-1.25,4.17,0.20
384.15,23.79,-0.01,0.10,7.53,-0.69,0.03,-0.86,4.45,0.06,8.72,-1.06,3.94,0.23
384.16,21.30,-0.73,-0.05,7.99,-0.88,-0.11,-1.12,4.33,0.20,9.27,-1.00,3.75,0.14
384.17,18.11,-2.75,-0.31,9.14,-0.97,-0.24,-1.41,4.00,0.15,10.36,-0.81,3.36,-0.09
384.19,16.78,-4.35,-0.21,9.84,-0.93,-0.24,-1.42,2.81,0.23,10.69,-0.68,3.06,-0.16
384.21,16.01,-8.69,-0.31,11.02,-0.75,-0.09,-1.16,0.34,0.08,10.69,-0.59,2.27,-0.18
384.22,16.79,-13.78,-0.55,10.89,-0.41,0.18,-0.41,-0.75,-0.54,10.31,-0.45,1.12,0.01
384.24,18.00,-13.78,-0.29,10.27,-0.23,0.18,0.00,0.16,-0.93,10.03,-0.35,0.58,0.13
384.25,21.63,-10.06,0.03,8.83,-0.10,0.07,0.70,2.79,-0.57,8.74,-0.13,-0.20,0.31
384.27,24.83,-6.64,-0.27,8.17,-0.24,-0.07,1.04,4.99,0.31,7.52,-0.06,-0.84,0.29
384.28,28.73,-3.37,-0.45,8.30,-0.40,-0.19,1.22,6.37,0.71,6.65,-0.18,-1.42,-0.15
384.29,31.27,-0.32,0.16,9.56,-0.50,-0.42,1.20,5.33,1.82,7.83,-0.62,-1.44,-0.80
384.31,30.92,0.74,1.26,11.23,-0.50,-0.76,1.01,3.42,3.34,12.07,-1.05,-1.07,-1.21
384.32,26.85,0.68,3.16,14.53,-0.22,-1.20,0.84,-10.06,-3.62,20.99,-1.03,-0.25,-0.49
384.33,22.82,-3.82,4.05,15.77,-0.28,-1.05,0.74,-10.01,-4.65,19.73,0.66,-0.93,1.75
384.35,21.37,-7.13,2.29,14.36,-0.81,-0.77,0.85,-5.09,-1.95,13.69,1.50,-1.21,3.15
384.36,22.69,-8.48,-0.96,12.09,-0.77,-0.52,1.11,1.68,-0.27,9.79,1.24,-1.34,3.87
384.38,26.09,-5.65,-0.79,10.64,-0.36,-0.36,1.27,7.39,-1.34,8.56,0.75,-1.40,3.34
384.39,28.48,-2.34,-0.28,9.57,-0.26,-0.19,1.40,8.73,-1.63,7.98,0.55,-1.57,2.24
384.40,31.27,-0.18,-0.42,8.87,-0.43,-0.14,1.50,9.08,-1.82,6.90,0.35,-1.69,1.41
384.41,32.31,2.55,-1.22,8.00,-0.73,-0.28,1.61,8.63,-1.90,6.19,0.24,-1.80,0.59
384.43,32.98,4.76,-1.78,7.40,-0.87,-0.57,1.45,7.55,-1.53,5.82,0.08,-1.78,0.03
384.43,33.37,5.36,-1.77,7.32,-0.86,-0.82,1.11,6.49,-0.90,6.47,-0.03,-1.65,-0.24
384.45,31.51,4.44,-1.56,7.99,-0.85,-1.22,0.35,5.74,-0.81,8.13,-0.08,-1.29,-0.56
384.46,29.72,2.72,-1.99,9.56,-0.87,-1.48,-0.33,4.49,-1.24,10.03,-0.12,-0.95,-0.61
384.47,27.87,0.51,-2.75,10.91,-0.76,-1.47,-0.68,3.54,-1.42,10.03,-0.03,-0.88,-0.50
384.50,27.12,-0.43,-2.59,11.09,-0.62,-1.34,-0.62,3.34,-0.96,9.15,-0.00,-0.85,-0.43
384.51,26.56,-0.65,-1.78,10.65,-0.46,-1.13,-0.44,2.66,-0.37,8.50,-0.05,-0.89,0.08
384.54,24.89,-0.01,-1.13,9.86,-0.32,-0.95,-0.30,1.26,-0.66,8.76,-0.17,-0.92,0.27
384.55,23.04,-0.51,-1.80,9.75,-0.28,-0.96,-0.23,0.98,-1.91,9.71,-0.20,-0.83,0.76
384.57,22.23,-1.55,-2.25,9.63,-0.28,-0.93,-0.13,2.15,-2.67,10.34,-0.10,-0.70,0.90
384.59,22.23,-1.98,-2.45,9.55,-0.28,-0.89,-0.05,3.21,-2.67,10.02,0.02,-0.64,0.88
384.60,22.87,-2.22,-2.66,9.51,-0.29,-0.78,0.10,4.00,-2.39,9.21,0.08,-0.65,0.71
384.61,23.38,-2.08,-2.70,9.57,-0.29,-0.72,0.16,4.36,-2.14,8.64,0.06,-0.66,0.60
384.62,24.47,-1.24,-2.71,9.80,-0.29,-0.56,0.25,4.66,-1.91,8.27,-0.03,-0.74,0.13
384.64,25.39,-0.34,-2.62,9.94,-0.28,-0.47,0.25,4.68,-1.83,8.82,-0.09,-0.78,-0.12
384.65,25.56,0.52,-2.43,9.94,-0.25,-0.44,0.17,4.58,-1.80,9.14,-0.09,-0.79,-0.31
384.67,25.43,1.31,-2.15,9.89,-0.22,-0.48,-0.03,4.23,-1.69,9.39,-0.06,-0.74,-0.46
384.68,24.23,1.61,-1.91,10.07,-0.15,-0.60,-0.49,3.79,-1.44,9.22,-0.02,-0.66,-0.42
384.70,23.57,1.22,-1.88,10.10,-0.11,-0.63,-0.67,3.80,-1.24,8.94,-0.01,-0.60,-0.33
384.71,23.12,0.71,-1.87,9.95,-0.08,-0.63,-0.74,4.03,-1.12,8.77,-0.02,-0.56,-0.22
384.74,23.06,0.48,-1.87,9.78,-0.08,-0.63,-0.70,4.21,-1.11,8.66,-0.02,-0.55,-0.20
384.75,22.96,0.39,-1.84,9.65,-0.09,-0.64,-0.61,4.25,-1.09,8.61,-0.02,-0.53,-0.18
384.77,23.04,0.41,-1.77,9.65,-0.10,-0.66,-0.56,4.25,-1.04,8.61,-0.03,-0.52,-0.18
384.78,22.84,0.55,-1.58,9.75,-0.11,-0.68,-0.51,4.21,-1.05,8.65,-0.04,-0.49,-0.19
384.79,22.60,0.61,-1.37,9.88,-0.12,-0.71,-0.51,4.13,-1.06,8.73,-0.05,-0.48,-0.21
384.81,22.16,0.38,-1.07,9.93,-0.14,-0.74,-0.58,3.96,-1.12,8.88,-0.06,-0.48,-0.26
384.83,21.93,-0.04,-0.95,9.86,-0.17,-0.74,-0.61,3.75,-1.13,8.88,-0.06,-0.50,-0.32
384.84,21.82,-0.31,-0.96,9.83,-0.20,-0.74,-0.60,3.54,-1.14,8.89,-0.06,-0.51,-0.35
384.86,21.86,-0.72,-1.10,9.87,-0.21,-0.72,-0.56,3.30,-1.15,8.91,-0.05,-0.55,-0.39
384.87,21.94,-1.12,-1.30,9.84,-0.22,-0.68,-0.44,2.96,-1.24,9.10,-0.04,-0.63,-0.36
384.89,22.02,-1.20,-1.46,9.82,-0.19,-0.64,-0.25,2.76,-1.33,9.34,0.01,-0.68,-0.29
384.91,22.14,-0.91,-1.38,9.79,-0.17,-0.63,-0.15,2.94,-1.30,9.38,0.06,-0.73,-0.22
384.93,22.25,-0.35,-1.16,9.78,-0.16,-0.65,-0.16,3.31,-1.25,9.31,0.11,-0.78,-0.18
384.94,22.34,-0.03,-1.22,9.88,-0.16,-0.68,-0.21,3.63,-1.21,9.21,0.14,-0.82,-0.17
384.95,22.40,0.13,-1.25,9.88,-0.14,-0.71,-0.27,3.76,-1.19,9.07,0.16,-0.85,-0.18
384.96,22.46,0.18,-1.44,9.76,-0.12,-0.76,-0.40,3.63,-1.41,9.07,0.21,-0.93,-0.17
384.98,22.47,0.11,-1.53,9.72,-0.12,-0.77,-0.44,3.62,-1.51,9.12,0.25,-0.96,-0.15
385.00,22.70,-0.12,-1.82,9.87,-0.15,-0.76,-0.44,4.01,-1.56,9.31,0.30,-1.03,-0.15
385.01,23.21,-0.38,-2.17,10.28,-0.18,-0.74,-0.39,4.67,-1.59,9.66,0.39,-1.11,-0.22
385.04,24.75,-0.43,-2.40,11.40,-0.22,-0.73,-0.17,5.51,-1.11,10.55,0.53,-1.22,-0.44
385.06,25.40,-0.33,-2.30,11.89,-0.18,-0.72,-0.06,5.17,-0.75,10.89,0.56,-1.24,-0.52
385.07,25.80,-0.15,-1.98,12.30,-0.12,-0.65,0.11,4.52,-0.36,11.34,0.56,-1.25,-0.51
385.08,25.97,-0.13,-1.45,12.41,-0.06,-0.55,0.24,4.14,-0.11,11.56,0.57,-1.27,-0.48
385.10,26.08,-0.20,-1.11,12.49,-0.01,-0.47,0.31,3.76,0.13,11.61,0.58,-1.29,-0.46
385.11,26.25,-0.43,-0.66,12.41,0.08,-0.36,0.35,3.30,0.38,11.49,0.60,-1.32,-0.45
385.12,26.53,-0.73,-0.29,12.21,0.20,-0.22,0.35,2.87,0.58,11.41,0.62,-1.35,-0.44
385.13,27.02,-1.08,0.31,11.56,0.45,0.05,0.28,1.89,0.88,11.36,0.63,-1.44,-0.43
385.15,27.14,-1.16,0.48,11.22,0.57,0.19,0.22,1.49,0.93,11.31,0.65,-1.51,-0.42
385.16,27.82,-1.24,0.65,10.60,0.74,0.44,0.12,1.30,0.96,11.17,0.66,-1.57,-0.39
385.17,28.16,-1.19,0.63,10.21,0.84,0.60,0.08,1.41,0.84,10.84,0.66,-1.64,-0.33
385.19,29.89,-0.52,0.42,9.22,1.01,0.98,0.06,2.10,0.41,9.89,0.67,-1.71,-0.25
385.21,30.66,-0.22,0.31,8.98,1.03,1.09,0.09,2.67,0.36,9.37,0.68,-1.73,-0.16
385.22,32.97,0.40,0.02,8.97,0.97,1.27,0.16,4.46,0.49,8.65,0.66,-1.77,0.19
385.24,34.71,0.59,-0.16,9.37,0.88,1.32,0.19,5.27,0.18,8.48,0.68,-1.79,0.31
385.26,36.69,0.67,-0.34,9.91,0.77,1.31,0.15,6.33,-0.57,8.03,0.75,-1.85,0.57
385.27,39.74,0.90,-0.66,10.51,0.68,1.27,0.03,7.54,-1.49,6.90,0.87,-1.95,0.69
385.28,41.55,1.11,-0.99,10.92,0.63,1.21,-0.08,7.79,-1.48,6.33,0.88,-1.94,0.69
385.29,44.26,1.37,-1.45,11.17,0.55,1.16,-0.18,7.77,-1.24,5.71,0.79,-1.77,0.56
385.31,46.14,1.46,-1.71,11.21,0.51,1.15,-0.21,7.69,-1.02,5.45,0.73,-1.58,0.47
385.32,47.85,1.45,-2.06,11.13,0.43,1.17,-0.18,7.76,-0.86,5.26,0.73,-1.25,0.43
385.34,50.41,1.29,-2.56,11.09,0.32,1.27,-0.02,8.09,-1.02,5.18,0.87,-0.46,0.58
385.36,51.49,0.84,-2.92,11.17,0.28,1.35,0.17,8.32,-1.15,5.30,1.02,-0.10,0.72
385.37,52.52,0.23,-3.16,11.26,0.27,1.39,0.36,8.58,-1.38,5.33,1.26,0.29,0.79
385.38,53.41,-0.08,-3.33,11.35,0.27,1.43,0.61,8.86,-1.57,5.14,1.43,0.54,0.78
385.40,54.56,-0.56,-3.25,11.26,0.25,1.47,0.94,9.11,-1.75,4.76,1.55,0.79,0.64
385.41,56.19,-0.99,-3.10,10.99,0.17,1.49,1.33,9.42,-1.97,4.12,1.63,1.03,0.45
385.42,56.87,-1.05,-3.01,10.76,0.11,1.48,1.49,9.44,-1.98,4.02,1.64,1.09,0.37
385.44,58.38,-1.10,-3.07,10.31,-0.02,1.44,1.80,9.18,-1.82,3.54,1.66,1.49,0.21
385.46,59.10,-1.01,-3.04,9.98,-0.10,1.37,2.00,8.73,-1.70,3.49,1.69,1.75,0.18
385.47,58.99,-0.66,-3.19,9.75,-0.21,1.14,2.46,7.56,-1.38,3.75,1.91,2.38,0.58
385.49,57.94,-0.24,-3.20,9.58,-0.22,0.94,2.75,7.38,-1.12,4.01,2.11,2.70,1.01
385.51,57.82,-0.00,-3.18,9.43,-0.20,0.83,2.92,7.38,-1.12,4.01,2.11,2.70,1.01
385.52,55.33,0.27,-3.11,9.26,-0.19,0.71,3.15,7.32,-0.82,4.63,2.38,3.07,1.57
385.54,53.30,0.51,-3.00,9.17,-0.19,0.65,3.28,6.98,-0.91,5.44,2.58,3.21,1.83
385.56,51.18,0.70,-2.97,9.10,-0.18,0.57,3.45,6.56,-1.10,5.96,2.73,3.25,2.07
385.57,49.57,0.78,-2.95,9.09,-0.17,0.52,3.55,6.30,-1.19,6.17,2.81,3.26,2.22
385.58,47.70,0.87,-2.94,9.08,-0.15,0.45,3.72,5.92,-1.35,6.41,2.94,3.27,2.72
385.60,43.20,1.10,-3.05,9.11,-0.09,0.30,4.11,5.36,-2.13,6.76,3.29,3.28,3.43
385.61,40.20,1.32,-3.12,9.13,-0.04,0.19,4.44,5.44,-2.87,7.05,3.54,3.27,4.24
385.62,36.82,1.45,-3.19,9.25,-0.04,0.09,4.78,6.01,-3.50,7.68,3.78,3.18,4.95
385.64,34.01,1.55,-3.23,9.47,-0.05,0.02,5.09,7.13,-3.95,8.47,3.94,3.04,5.34
385.65,32.19,1.63,-3.23,9.72,-0.06,-0.03,5.34,8.52,-4.34,9.06,4.05,2.85,5.51
385.66,30.16,1.61,-3.07,10.20,-0.06,-0.09,5.80,10.18,-4.17,9.05,4.16,2.65,5.41
385.68,28.61,1.03,-2.21,10.89,-0.01,-0.08,6.41,10.16,-2.72,7.18,4.04,2.37,5.07
385.71,28.74,-0.81,0.80,10.30,-0.13,-0.06,6.83,8.26,-1.21,5.87,3.26,1.78,5.17
385.72,29.47,-0.71,1.81,10.05,-0.26,-0.13,6.75,8.45,-1.55,5.40,2.69,1.43,5.29
385.72,31.27,-0.71,1.81,10.05,-0.26,-0.13,6.75,10.18,-2.23,4.22,1.80,0.86,5.06
385.76,33.45,0.83,2.62,9.99,-0.42,-0.28,6.38,12.81,-2.81,3.36,1.11,0.43,4.23
385.77,35.50,4.57,1.76,10.50,-0.55,-0.37,5.45,15.13,-3.34,3.05,0.12,0.01,1.68
385.80,36.88,7.13,-0.10,10.21,-0.81,-0.29,4.51,13.36,-1.92,5.33,-0.53,-0.05,0.16
385.81,36.15,8.14,-1.16,10.14,-0.93,-0.21,3.85,11.52,-0.71,7.82,-0.71,0.07,-0.90
385.82,33.80,8.76,-2.15,9.87,-0.98,-0.12,2.83,7.87,-0.43,11.47,-0.63,0.34,-1.78
385.83,30.94,8.39,-2.36,9.39,-0.98,-0.13,1.80,4.56,-0.42,12.77,-0.39,0.58,-1.80
385.85,23.99,6.28,-1.51,9.28,-1.05,-0.11,0.20,-0.54,0.61,10.75,-0.03,0.43,-0.53
385.87,20.70,4.67,-0.80,10.07,-1.16,-0.10,-0.67,-0.85,1.75,8.93,-0.03,0.37,0.12
385.88,17.89,1.26,-0.11,12.07,-1.09,-0.14,-1.56,0.35,2.50,7.87,-0.17,0.33,0.84
385.89,17.37,-1.30,0.73,12.04,-0.77,-0.16,-1.59,3.00,2.20,7.92,-0.37,0.32,1.50
385.94,20.54,-2.13,1.25,10.41,-0.68,-0.08,-0.24,5.75,1.38,8.42,-0.28,0.26,1.70
385.97,21.43,-1.75,0.82,10.22,-0.69,-0.09,0.19,5.44,1.18,8.31,-0.27,0.21,1.49
385.98,22.62,-1.14,-0.11,9.93,-0.64,-0.12,0.58,4.96,0.60,8.34,-0.26,0.21,1.22
386.00,23.24,-1.17,-0.57,9.67,-0.58,-0.15,0.76,4.92,0.45,8.40,-0.24,0.23,1.11
386.01,24.07,-1.80,-0.90,9.25,-0.57,-0.22,0.95,4.87,0.34,8.55,-0.23,0.27,0.95
386.02,25.02,-2.52,-1.11,9.15,-0.64,-0.29,1.12,4.68,0.18,8.71,-0.22,0.30,0.79
386.03,25.57,-2.87,-1.22,9.30,-0.69,-0.33,1.26,4.44,0.00,8.80,-0.21,0.30,0.64
386.04,26.50,-3.12,-1.40,9.76,-0.70,-0.39,1.56,3.85,-0.13,8.92,-0.20,0.27,0.49
386.06,26.90,-2.85,-1.51,9.98,-0.66,-0.42,1.80,3.20,-0.10,9.19,-0.20,0.20,0.44
386.08,26.93,-2.76,-1.52,10.00,-0.65,-0.42,1.84,3.04,-0.10,9.26,-0.19,0.18,0.44
386.08,26.54,-2.55,-1.54,10.00,-0.62,-0.41,1.97,2.35,-0.13,9.53,-0.17,0.11,0.53
386.12,26.23,-2.11,-1.56,9.92,-0.59,-0.38,2.11,1.75,-0.24,9.74,-0.12,0.07,0.71
386.14,25.20,-1.43,-1.65,9.81,-0.55,-0.34,2.27,1.34,-0.62,9.71,-0.00,0.05,1.20
386.16,24.76,-1.11,-1.75,9.81,-0.54,-0.32,2.35,1.60,-0.79,9.62,0.06,0.05,1.57
386.17,24.00,-0.83,-1.85,9.86,-0.52,-0.32,2.41,2.24,-0.88,9.55,0.12,0.05,1.75
386.18,23.52,-0.28,-1.98,10.03,-0.48,-0.33,2.43,4.23,-0.89,9.24,0.20,0.01,1.95
386.20,23.54,0.07,-1.99,10.12,-0.44,-0.33,2.37,4.81,-0.78,9.02,0.21,-0.01,1.87
386.21,23.88,0.82,-1.87,10.03,-0.36,-0.29,2.19,5.43,-0.43,8.54,0.19,-0.03,1.50
386.23,24.01,1.17,-1.73,9.99,-0.33,-0.28,2.06,5.29,-0.37,8.48,0.13,-0.06,1.06
386.25,23.64,1.65,-1.57,10.02,-0.30,-0.27,1.71,4.87,-0.38,8.77,0.07,-0.06,0.89
386.26,23.15,1.70,-1.52,10.09,-0.27,-0.27,1.39,4.58,-0.61,8.99,0.05,-0.06,0.66
386.31,22.56,1.44,-1.52,10.06,-0.23,-0.25,1.03,4.40,-0.69,8.98,0.07,-0.07,0.56
386.32,22.31,1.22,-1.55,10.03,-0.22,-0.22,0.77,4.35,-0.70,8.90,0.07,-0.08,0.52
386.34,22.13,1.04,-1.58,10.01,-0.20,-0.20,0.64,4.29,-0.73,8.90,0.06,-0.09,0.51
386.35,21.98,0.88,-1.68,10.04,-0.19,-0.18,0.46,4.44,-0.68,8.86,0.06,-0.09,0.52
386.37,22.02,0.90,-1.73,10.04,-0.17,-0.19,0.36,4.65,-0.62,8.82,0.06,-0.08,0.51
386.38,22.02,0.91,-1.72,10.03,-0.14,-0.21,0.31,4.81,-0.55,8.78,0.06,-0.08,0.49
386.39,22.20,0.86,-1.74,10.02,-0.13,-0.22,0.27,4.91,-0.58,8.70,0.03,-0.07,0.41
386.40,22.42,0.78,-1.82,10.03,-0.11,-0.24,0.26,4.82,-0.66,8.68,0.01,-0.07,0.31
386.42,22.55,0.75,-1.86,10.06,-0.09,-0.25,0.24,4.81,-0.77,8.80,0.01,-0.06,0.22
386.43,22.63,0.77,-1.88,10.13,-0.07,-0.26,0.22,4.79,-0.77,8.89,0.02,-0.05,0.18
386.44,22.62,0.86,-1.90,10.12,-0.05,-0.28,0.20,4.72,-0.67,8.92,0.05,-0.04,0.14
386.45,22.54,0.96,-1.90,10.05,-0.03,-0.30,0.18,4.65,-0.61,8.85,0.07,-0.04,0.10
386.47,22.41,1.03,-1.87,9.93,-0.01,-0.33,0.14,4.49,-0.62,8.78,0.09,-0.04,0.09
386.48,22.22,1.05,-1.88,9.88,-0.01,-0.35,0.11,4.38,-0.69,8.74,0.11,-0.04,0.09
386.49,21.92,0.95,-1.97,9.90,0.01,-0.37,0.08,4.29,-0.82,8.79,0.13,-0.03,0.11
386.50,21.67,0.79,-2.10,9.97,0.03,-0.38,0.06,4.28,-0.92,8.85,0.15,-0.02,0.12
386.51,21.45,0.70,-2.09,9.97,0.07,-0.35,0.09,4.34,-0.91,8.82,0.18,-0.01,0.12
386.53,21.31,0.55,-1.96,9.79,0.11,-0.33,0.16,4.24,-0.82,8.74,0.23,-0.02,0.04
386.56,21.28,0.46,-1.92,9.83,0.13,-0.33,0.21,4.07,-0.82,8.79,0.24,-0.02,0.03
386.57,21.17,0.42,-1.86,9.92,0.15,-0.33,0.27,4.00,-0.85,8.85,0.25,-0.02,0.03
386.58,21.14,0.45,-1.80,9.93,0.16,-0.33,0.32,3.98,-0.93,8.93,0.26,-0.02,0.04
386.60,21.03,0.52,-1.75,9.91,0.17,-0.32,0.35,3.97,-0.87,8.89,0.28,-0.03,0.05
386.61,20.88,0.61,-1.74,9.91,0.17,-0.31,0.38,3.97,-0.84,8.89,0.29,-0.04,0.06
386.62,20.75,0.70,-1.73,9.89,0.18,-0.31,0.37,4.01,-0.80,8.90,0.29,-0.05,0.07
386.63,20.62,0.81,-1.70,9.89,0.19,-0.30,0.35,4.04,-0.79,8.90,0.31,-0.07,0.04
386.65,20.40,0.93,-1.63,9.91,0.20,-0.28,0.26,4.09,-0.72,8.89,0.33,-0.08,0.02
386.67,20.31,0.96,-1.59,9.90,0.21,-0.27,0.22,4.10,-0.70,8.90,0.34,-0.09,-0.02
386.69,20.17,1.00,-1.58,9.88,0.22,-0.26,0.12,4.18,-0.63,8.90,0.36,-0.12,-0.07
386.70,20.14,0.98,-1.61,9.88,0.24,-0.26,0.07,4.17,-0.55,8.87,0.39,-0.14,-0.13
386.71,20.12,0.95,-1.60,9.90,0.26,-0.27,0.00,4.16,-0.52,8.90,0.41,-0.15,-0.15
386.73,20.13,0.85,-1.62,9.90,0.29,-0.27,-0.07,4.15,-0.50,8.93,0.43,-0.17,-0.18
386.74,20.15,0.77,-1.61,9.88,0.30,-0.28,-0.10,4.12,-0.50,8.93,0.46,-0.18,-0.20
386.75,20.25,0.56,-1.74,9.91,0.33,-0.30,-0.14,4.06,-0.51,9.00,0.50,-0.19,-0.21
386.77,20.34,0.46,-1.79,9.95,0.35,-0.30,-0.15,4.06,-0.52,9.04,0.54,-0.20,-0.21
386.78,20.44,0.35,-1.87,9.97,0.38,-0.31,-0.14,4.03,-0.56,9.11,0.59,-0.22,-0.20
386.80,20.65,0.19,-1.96,9.95,0.44,-0.32,-0.12,4.01,-0.59,9.16,0.65,-0.23,-0.19
386.81,20.90,0.11,-1.95,9.89,0.50,-0.32,-0.06,4.00,-0.58,9.18,0.72,-0.25,-0.15
386.83,21.20,0.14,-1.84,9.94,0.57,-0.31,0.05,4.05,-0.42,9.29,0.78,-0.27,-0.09
386.85,21.31,0.19,-1.74,9.98,0.60,-0.30,0.11,4.03,-0.20,9.37,0.82,-0.28,-0.07
386.86,21.52,0.31,-1.34,10.17,0.70,-0.29,0.22,3.96,0.14,9.53,0.87,-0.30,-0.04
386.88,21.56,0.36,-1.15,10.27,0.75,-0.28,0.27,3.87,0.29,9.67,0.90,-0.31,-0.02
386.89,21.54,0.40,-1.02,10.33,0.77,-0.28,0.30,3.84,0.43,9.79,0.93,-0.34,-0.01
386.91,21.56,0.42,-0.68,10.48,0.83,-0.24,0.34,3.87,0.69,9.92,0.95,-0.38,-0.00
386.92,21.78,0.22,-0.21,10.74,0.87,-0.17,0.33,3.91,0.88,10.11,0.93,-0.42,-0.05
386.93,22.07,-0.08,0.19,11.00,0.92,-0.06,0.29,3.72,0.98,10.44,0.90,-0.48,-0.17
386.94,22.19,-0.44,0.46,11.16,0.96,0.05,0.26,2.81,0.93,11.25,0.90,-0.55,-0.28
386.95,22.41,-0.82,0.75,11.19,0.99,0.17,0.25,2.32,0.83,11.56,0.94,-0.60,-0.35
386.96,22.69,-1.28,1.05,11.08,1.02,0.30,0.24,1.75,0.69,11.96,1.04,-0.69,-0.36
386.98,23.21,-1.94,1.30,10.78,1.03,0.47,0.27,1.22,0.45,12.07,1.22,-0.84,-0.30
387.00,24.20,-2.30,1.29,10.52,1.02,0.60,0.35,1.20,0.37,11.71,1.32,-0.93,-0.20
387.01,25.03,-2.47,1.21,10.26,0.98,0.69,0.46,1.52,0.17,11.38,1.48,-1.00,-0.10
387.02,25.55,-2.48,1.15,10.12,0.96,0.73,0.53,1.65,0.06,11.06,1.56,-1.02,0.01
387.04,27.53,-2.22,0.79,9.79,0.81,0.80,0.82,2.39,-0.46,10.31,1.70,-1.00,0.38
387.05,28.92,-1.59,0.40,9.82,0.68,0.81,1.03,2.72,-0.75,9.55,1.79,-0.98,0.66
387.06,29.99,-1.07,0.16,10.04,0.59,0.83,1.17,3.29,-0.87,8.76,1.81,-0.96,0.96
387.08,31.99,-0.18,-0.15,10.61,0.43,0.90,1.27,4.42,-0.75,7.94,1.80,-0.91,1.43
387.10,33.19,0.37,-0.19,10.91,0.34,0.94,1.27,5.12,-0.71,7.69,1.79,-0.88,1.67
387.11,34.76,1.21,-0.40,11.28,0.20,1.05,1.19,5.99,-1.01,7.52,1.78,-0.88,1.90
387.13,36.90,1.63,-0.72,11.38,0.05,1.18,1.08,6.49,-1.15,7.53,1.79,-0.89,2.03
387.15,38.09,1.74,-0.86,11.34,-0.01,1.25,1.05,6.63,-1.13,7.39,1.81,-0.83,2.10
387.16,39.30,1.60,-0.98,11.18,-0.08,1.37,1.04,6.53,-0.94,6.95,1.81,-0.70,2.33
387.17,40.29,1.14,-0.94,10.99,-0.11,1.42,1.08,6.27,-0.58,6.42,1.74,-0.51,2.42
387.18,41.87,1.01,-0.89,10.89,-0.14,1.47,1.17,5.93,-0.30,5.88,1.57,-0.18,2.68
387.20,43.12,0.59,-0.76,10.76,-0.15,1.54,1.31,6.10,-0.54,5.71,1.41,0.19,2.98
387.21,44.61,0.04,-0.46,10.64,-0.15,1.61,1.50,6.93,-0.90,5.86,1.26,0.67,3.28
387.23,45.94,-0.36,-0.20,10.62,-0.16,1.66,1.63,8.04,-1.11,5.89,1.11,1.02,3.02
387.25,48.44,-0.79,-0.06,10.63,-0.19,1.70,1.80,10.11,-1.08,5.40,0.86,1.20,2.56
387.27,49.91,-0.86,-0.01,10.59,-0.21,1.69,1.85,10.92,-0.88,5.06,0.63,1.34,1.90
387.28,51.17,-0.82,-0.02,10.55,-0.23,1.67,1.87,11.20,-0.55,4.79,0.42,1.59,0.61
387.31,53.23,-0.68,-0.04,10.45,-0.28,1.65,1.88,10.30,-0.17,4.82,0.01,1.75,-0.17
387.32,54.03,-0.54,-0.03,10.43,-0.34,1.62,1.88,9.15,0.11,4.94,-0.15,1.87,-0.58
387.33,54.47,-0.24,-0.02,10.38,-0.37,1.59,1.87,8.36,0.26,4.99,-0.28,2.00,-0.80
387.34,54.46,0.09,0.05,10.33,-0.38,1.53,1.83,7.16,0.44,5.00,-0.37,2.11,-0.84
387.35,53.90,0.34,0.13,10.21,-0.37,1.51,1.81,5.87,0.65,4.99,-0.50,2.27,-0.69
387.37,52.33,0.77,0.31,9.91,-0.35,1.45,1.71,4.31,0.80,5.22,-0.68,2.50,-0.36
387.37,51.34,0.93,0.43,9.72,-0.33,1.41,1.65,3.78,0.80,5.40,-0.75,2.59,-0.13
387.39,46.51,1.27,0.83,9.19,-0.30,1.31,1.50,3.04,0.66,6.42,-0.91,2.89,0.95
387.41,44.36,1.29,0.99,8.97,-0.30,1.24,1.39,3.35,0.52,6.90,-0.94,2.98,1.47
387.42,41.32,1.20,1.10,8.76,-0.31,1.15,1.29,4.37,0.08,7.63,-0.91,3.09,1.91
387.43,37.58,0.78,1.11,8.43,-0.35,0.97,1.07,5.97,-0.05,8.10,-0.79,3.27,2.28
387.45,36.08,0.52,1.16,8.21,-0.41,0.86,0.92,6.46,-0.01,8.13,-0.75,3.35,2.24
387.46,34.51,0.33,1.10,8.10,-0.48,0.78,0.79,6.83,0.02,8.06,-0.71,3.45,2.06
387.48,32.58,0.05,0.87,7.95,-0.61,0.66,0.59,6.77,0.02,7.92,-0.69,3.51,1.79
387.49,31.10,-0.18,0.66,7.84,-0.73,0.56,0.43,6.36,0.08,7.84,-0.70,3.49,1.44
387.50,29.54,-0.29,0.42,7.82,-0.87,0.44,0.24,5.94,0.19,7.93,-0.72,3.43,0.95
387.51,28.13,-0.28,0.27,7.91,-0.94,0.37,0.10,5.70,0.36,8.16,-0.72,3.37,0.65
387.52,22.67,-1.03,0.69,9.20,-0.99,-0.01,-0.62,4.61,0.88,9.22,-0.83,2.99,-0.39
387.57,21.07,-2.53,1.78,10.13,-0.85,-0.07,-0.84,3.01,0.46,9.42,-0.98,2.66,-0.54
387.58,20.21,-4.18,2.37,10.82,-0.75,-0.06,-0.94,1.26,0.01,9.70,-1.05,2.37,-0.58
387.60,18.49,-8.12,2.34,11.59,-0.64,0.08,-0.88,-2.88,-1.22,11.29,-0.97,1.49,-0.49
387.61,18.69,-11.72,1.61,10.68,-0.53,0.27,-0.41,-2.70,-1.34,11.69,-0.61,-0.06,0.27
387.64,23.20,-9.11,1.39,8.60,-0.61,0.11,0.33,2.61,-0.13,8.96,-0.28,-0.50,0.38
387.65,28.88,-3.52,-0.26,8.53,-1.02,-0.18,0.67,3.89,0.76,7.90,-0.25,-1.20,0.14
387.68,30.42,-2.50,-0.47,8.93,-1.05,-0.24,0.68,2.53,1.27,9.15,-0.33,-1.33,0.08
387.69,29.99,-0.87,-0.31,10.43,-1.03,-0.46,0.58,-0.45,2.12,12.84,-0.52,-1.04,0.06
387.70,28.01,-0.67,-0.15,11.95,-0.90,-0.68,0.49,-6.07,0.08,16.91,-0.50,-0.58,0.43
387.71,25.42,-1.16,0.27,13.79,-0.56,-0.86,0.48,-7.95,-2.08,18.36,0.33,-0.69,1.41
387.73,23.11,-3.77,1.13,15.37,-0.22,-0.75,0.63,-5.25,-1.67,15.45,1.29,-1.14,2.86
387.74,22.77,-6.21,0.78,14.86,-0.34,-0.47,1.06,-2.65,-1.03,12.78,1.45,-1.34,3.47
387.75,24.65,-8.59,-1.61,12.00,-0.45,-0.31,1.68,2.50,-0.82,9.85,1.24,-1.45,3.76
387.76,28.63,-6.88,-1.66,9.83,-0.10,-0.32,2.05,6.85,-1.56,8.47,0.89,-1.47,3.07
387.78,32.10,-4.31,-0.75,8.80,-0.02,-0.31,2.14,8.83,-1.72,7.20,0.67,-1.55,2.39
387.79,34.89,0.25,0.05,8.02,-0.35,-0.30,2.10,9.38,-1.48,5.69,0.43,-1.60,1.25
387.81,36.36,5.88,-1.20,7.20,-0.91,-0.82,1.70,7.79,-0.75,5.43,-0.03,-1.48,-0.12
387.83,36.05,6.40,-1.15,7.37,-0.90,-1.10,1.35,6.74,-0.39,7.06,-0.17,-1.30,-0.48
387.84,32.34,4.05,-0.50,9.00,-0.82,-1.56,0.32,4.31,-0.58,10.45,-0.24,-0.98,-1.00
387.86,30.25,2.06,-0.84,10.73,-0.82,-1.64,-0.33,2.85,-0.77,10.98,-0.12,-0.88,-1.00
387.87,28.54,0.13,-1.56,11.32,-0.75,-1.57,-0.53,1.73,-0.61,10.45,-0.01,-0.84,-0.76
387.88,27.19,-1.00,-1.77,11.29,-0.60,-1.39,-0.53,1.01,-0.47,9.65,0.04,-0.84,-0.38
387.90,25.79,-1.28,-1.22,10.37,-0.44,-1.11,-0.25,0.78,-0.65,8.87,0.04,-0.86,0.20
387.91,24.10,-0.43,-1.08,9.47,-0.47,-0.90,0.03,1.49,-1.41,8.68,-0.02,-0.92,0.77
387.94,23.35,-0.71,-1.82,9.64,-0.46,-0.92,-0.11,3.24,-2.43,10.03,-0.07,-0.82,0.88
387.97,23.41,-1.11,-2.10,9.66,-0.44,-0.92,-0.15,3.84,-2.31,9.73,-0.03,-0.75,0.76
387.98,23.77,-1.34,-2.27,9.60,-0.43,-0.89,-0.13,4.26,-1.87,9.01,-0.01,-0.71,0.56
387.99,24.55,-1.44,-2.47,9.51,-0.42,-0.81,-0.03,4.45,-1.55,8.24,-0.06,-0.71,0.25
388.00,25.35,-0.96,-2.50,9.69,-0.41,-0.73,0.06,4.37,-1.49,8.30,-0.16,-0.75,-0.08
388.02,25.76,-0.57,-2.46,9.82,-0.40,-0.70,0.07,4.26,-1.61,8.77,-0.21,-0.79,-0.21
388.03,25.95,-0.01,-2.34,9.94,-0.35,-0.67,0.01,4.01,-1.79,9.36,-0.20,-0.79,-0.44
388.05,25.41,0.83,-2.06,9.93,-0.30,-0.68,-0.18,3.48,-1.86,9.54,-0.13,-0.75,-0.40
388.07,24.33,1.05,-1.96,9.87,-0.26,-0.71,-0.49,2.94,-1.66,9.27,-0.04,-0.72,-0.27
388.08,23.66,0.83,-2.00,9.93,-0.24,-0.73,-0.64,2.94,-1.56,9.18,-0.01,-0.69,-0.12
388.10,23.35,0.66,-2.03,9.96,-0.23,-0.74,-0.70,3.20,-1.48,9.15,0.02,-0.67,-0.03
388.11,22.95,0.13,-2.10,10.00,-0.20,-0.76,-0.76,3.61,-1.45,9.10,0.05,-0.66,0.04
388.11,22.92,0.03,-2.11,10.00,-0.19,-0.76,-0.76,3.72,-1.45,9.09,0.06,-0.66,0.04
388.13,22.94,-0.23,-2.07,9.98,-0.16,-0.75,-0.74,4.02,-1.39,8.98,0.08,-0.67,0.04
388.14,23.68,-0.38,-1.73,9.75,-0.11,-0.72,-0.48,4.41,-1.03,8.50,0.07,-0.68,-0.15
388.17,24.00,0.11,-1.56,9.73,-0.09,-0.72,-0.36,4.26,-0.93,8.59,0.02,-0.69,-0.30
388.18,24.10,0.40,-1.46,9.78,-0.09,-0.73,-0.34,4.18,-1.02,8.79,0.01,-0.70,-0.38
388.20,23.92,0.73,-1.43,9.83,-0.11,-0.74,-0.37,4.19,-1.12,8.94,0.03,-0.69,-0.40
388.21,23.72,0.89,-1.48,9.85,-0.12,-0.76,-0.41,4.32,-1.17,8.95,0.05,-0.69,-0.40
388.22,23.50,0.90,-1.59,9.90,-0.13,-0.79,-0.48,4.54,-1.15,8.89,0.08,-0.69,-0.39
388.24,23.34,0.72,-1.83,10.04,-0.11,-0.89,-0.59,4.91,-1.03,8.76,0.11,-0.69,-0.41
388.25,23.43,0.56,-1.90,10.08,-0.09,-0.95,-0.62,4.97,-1.04,8.73,0.11,-0.71,-0.45
388.27,23.41,0.21,-1.90,10.10,-0.03,-1.03,-0.67,4.59,-1.19,8.93,0.09,-0.77,-0.52
388.30,23.00,-0.78,-1.36,9.94,0.03,-1.06,-0.62,3.07,-1.42,9.70,0.10,-0.87,-0.46
388.33,22.60,-1.16,-1.12,10.06,0.01,-1.01,-0.58,2.59,-1.20,9.84,0.23,-0.96,-0.40
388.35,22.63,-1.11,-1.15,10.22,0.02,-0.95,-0.57,2.60,-1.21,9.88,0.29,-1.07,-0.34
388.37,22.71,-0.64,-1.13,10.33,0.05,-0.82,-0.53,2.97,-1.28,9.98,0.35,-1.17,-0.29
388.38,22.83,-0.34,-1.07,10.42,0.04,-0.77,-0.50,3.43,-1.26,10.05,0.38,-1.23,-0.27
388.39,23.12,0.14,-0.90,10.66,0.01,-0.71,-0.46,3.95,-1.15,10.09,0.40,-1.29,-0.26
388.41,23.65,0.33,-0.91,11.05,-0.03,-0.70,-0.45,4.73,-0.99,10.27,0.43,-1.36,-0.29
388.43,24.16,0.06,-1.18,11.53,-0.06,-0.74,-0.50,5.10,-0.89,10.59,0.46,-1.41,-0.37
388.44,24.70,-0.20,-1.33,11.75,-0.06,-0.75,-0.52,5.13,-0.80,11.02,0.51,-1.45,-0.43
388.45,25.37,-0.89,-1.47,11.95,-0.08,-0.72,-0.48,4.72,-0.70,11.44,0.56,-1.49,-0.53
388.46,26.34,-1.72,-1.45,12.23,-0.16,-0.53,-0.16,3.04,-0.57,12.36,0.63,-1.57,-0.58
388.48,26.52,-2.00,-1.19,12.38,-0.16,-0.38,0.03,1.82,-0.45,12.86,0.67,-1.61,-0.56
388.49,27.01,-2.29,-0.71,12.55,-0.08,-0.10,0.23,0.76,-0.29,13.12,0.73,-1.74,-0.36
388.52,27.94,-2.49,0.51,11.89,0.31,0.46,0.27,-0.07,0.57,12.84,0.84,-1.84,-0.21
388.54,29.87,-1.66,0.83,10.04,0.77,1.00,0.07,0.56,0.11,11.25,0.89,-2.08,-0.16
388.55,30.70,-1.05,0.65,9.48,0.83,1.17,0.04,1.03,-0.29,10.39,0.91,-2.16,-0.01
388.57,31.33,-0.63,0.52,9.24,0.87,1.28,0.04,1.68,-0.34,9.61,0.93,-2.24,0.32
388.60,38.06,1.54,-0.05,10.72,0.72,1.71,0.21,6.54,0.65,8.04,0.70,-2.11,0.44
388.62,43.50,1.85,-0.14,12.19,0.59,1.48,-0.18,8.47,-1.53,6.26,0.78,-1.68,0.53
388.65,45.61,1.52,-0.11,12.14,0.57,1.41,-0.29,9.00,-1.60,5.65,0.78,-1.45,0.63
388.66,48.70,1.40,-0.24,11.79,0.51,1.44,-0.31,9.42,-0.92,4.47,0.53,-0.78,0.74
388.69,51.68,1.42,-0.63,11.47,0.41,1.63,-0.21,9.07,0.20,4.22,0.12,-0.17,0.61
388.70,52.69,1.32,-0.80,11.56,0.37,1.72,-0.13,8.92,0.54,4.33,-0.07,0.11,0.36
388.72,54.74,0.92,-1.14,12.21,0.38,1.90,0.19,8.90,0.34,4.62,-0.25,0.78,0.23
388.74,55.37,0.94,-1.17,12.39,0.42,1.94,0.30,9.17,0.22,4.50,-0.21,1.06,0.14
388.74,55.87,1.00,-1.08,12.42,0.44,1.98,0.41,9.36,0.20,4.37,-0.19,1.21,0.09
388.76,56.48,1.20,-0.89,12.27,0.44,2.02,0.47,9.85,0.11,3.96,-0.14,1.60,-0.06
388.77,57.05,1.37,-0.74,11.89,0.41,2.04,0.49,10.21,0.03,3.40,-0.14,2.01,-0.27
388.78,57.37,1.47,-0.67,11.51,0.38,2.05,0.49,10.17,0.12,2.87,-0.22,2.33,-0.49
388.79,57.64,1.47,-0.61,10.90,0.34,2.04,0.49,9.82,0.26,2.41,-0.39,2.64,-0.72
388.81,57.60,1.47,-0.58,10.57,0.32,2.02,0.49,9.25,0.43,2.22,-0.60,2.94,-0.96
388.82,57.29,1.34,-0.60,10.04,0.27,1.97,0.51,8.53,0.57,2.35,-0.84,3.28,-1.08
388.83,55.58,1.25,-0.45,9.14,0.24,1.75,0.58,7.29,0.81,2.81,-1.12,3.76,-1.03
388.87,53.45,1.41,-0.31,8.62,0.21,1.55,0.57,6.43,1.04,3.16,-1.23,4.02,-0.86
388.88,51.61,1.54,-0.24,8.34,0.20,1.45,0.56,5.95,1.04,3.55,-1.25,4.19,-0.59
388.89,49.73,1.69,-0.15,7.98,0.16,1.30,0.52,5.60,1.08,4.08,-1.26,4.34,-0.29
388.90,46.96,1.87,-0.12,7.66,0.12,1.15,0.47,5.42,1.10,4.60,-1.26,4.45,-0.08
388.91,43.22,1.89,-0.06,7.36,0.06,0.98,0.41,5.64,0.93,5.56,-1.25,4.61,0.19
388.93,39.97,1.79,0.03,7.13,-0.02,0.81,0.36,6.13,0.71,6.08,-1.19,4.68,0.30
388.94,35.04,1.48,0.33,6.89,-0.15,0.53,0.26,6.43,0.97,6.33,-1.14,4.67,0.21
388.96,32.07,1.24,0.50,6.86,-0.23,0.40,0.18,5.83,0.97,6.72,-1.14,4.55,0.02
388.97,28.39,0.79,0.47,7.01,-0.35,0.28,0.03,5.04,0.81,7.38,-1.11,4.41,-0.02
388.98,25.62,0.40,0.40,7.23,-0.42,0.21,-0.09,4.21,0.74,8.20,-1.07,4.23,0.08
388.99,21.39,-0.48,0.39,8.15,-0.60,0.03,-0.42,3.67,0.64,9.54,-0.91,3.93,0.41
389.03,17.20,-2.26,0.37,9.46,-0.68,-0.14,-0.84,3.86,0.72,10.74,-0.51,3.32,0.52
389.04,15.79,-5.06,0.56,10.41,-0.54,-0.19,-0.92,2.42,0.25,10.93,-0.33,2.80,0.52
389.05,15.45,-8.78,0.57,11.03,-0.31,-0.16,-0.81,0.88,-0.22,10.63,-0.31,1.86,0.50
389.07,16.05,-12.93,0.93,10.35,-0.10,-0.04,-0.32,-0.39,-1.49,10.55,-0.11,0.83,0.67
389.08,18.00,-11.93,1.28,9.68,-0.09,-0.04,0.07,1.70,-1.50,9.75,-0.02,-1.02,0.26
389.13,28.64,-0.60,0.26,10.40,-0.60,-0.48,0.78,4.08,2.41,11.94,-0.98,-0.78,-1.10
389.15,26.50,0.51,1.42,12.90,-0.43,-0.84,0.59,-2.67,-0.28,16.42,-0.97,-0.48,-1.15
389.16,24.37,-0.10,2.19,14.42,-0.29,-0.94,0.49,-5.73,-2.21,17.96,-0.43,-0.69,-0.42
389.17,21.99,-2.47,2.86,15.58,-0.30,-0.77,0.47,-4.86,-2.31,16.12,0.44,-1.05,0.89
389.19,21.35,-4.86,1.83,14.10,-0.65,-0.40,0.56,-2.18,-1.15,13.19,0.88,-1.23,1.76
389.20,21.71,-4.86,1.83,14.10,-0.65,-0.40,0.56,1.98,0.07,10.40,0.86,-1.35,2.34
389.21,23.96,-5.65,-1.48,10.79,-0.81,-0.17,0.82,4.08,-0.08,9.36,0.69,-1.39,2.33
389.22,26.23,-4.37,-2.18,9.05,-0.58,-0.20,0.93,5.86,-0.74,8.18,0.50,-1.48,1.94
389.24,30.13,-1.07,-1.19,7.56,-0.41,-0.39,0.92,6.55,-0.78,6.98,0.35,-1.59,1.24
389.25,30.69,2.60,-0.77,7.30,-0.72,-0.81,0.88,5.70,-1.00,6.69,0.16,-1.55,0.59
389.28,28.24,2.23,-1.16,9.32,-0.71,-1.53,0.20,3.37,-1.05,9.48,0.11,-1.05,0.28
389.30,25.87,-1.00,-2.02,10.46,-0.63,-1.55,-0.06,2.34,-1.10,9.88,0.10,-0.92,0.45
389.33,25.49,-1.84,-1.87,10.26,-0.53,-1.32,0.09,3.03,-0.96,8.94,0.05,-0.88,0.45
389.34,25.48,-1.31,-1.19,9.94,-0.45,-1.07,0.23,3.22,-0.80,8.48,0.00,-0.86,0.41
389.35,25.56,-0.79,-0.95,9.82,-0.44,-0.96,0.27,2.89,-0.71,8.36,-0.05,-0.88,0.34
389.36,25.24,-0.25,-0.96,9.74,-0.43,-0.89,0.26,2.22,-0.80,8.54,-0.10,-0.93,0.27
389.37,24.69,-0.16,-1.17,9.70,-0.41,-0.89,0.22,1.66,-1.01,8.88,-0.13,-0.98,0.34
389.40,23.14,-0.94,-1.93,9.89,-0.33,-0.88,0.08,1.78,-2.09,10.43,-0.04,-0.89,0.48
389.42,22.94,-1.32,-2.10,9.81,-0.31,-0.83,0.09,2.51,-2.11,10.21,0.05,-0.79,0.52
389.44,23.94,-0.88,-2.40,9.52,-0.32,-0.62,0.27,3.84,-1.65,8.58,0.09,-0.81,0.38
389.46,24.40,-0.36,-2.45,9.66,-0.33,-0.58,0.28,4.14,-1.58,8.57,0.06,-0.83,0.25
389.47,24.54,0.40,-2.45,9.82,-0.31,-0.56,0.24,4.36,-1.55,8.82,0.03,-0.84,0.12
389.48,24.60,1.07,-2.27,9.87,-0.28,-0.57,0.15,4.45,-1.54,9.01,0.03,-0.83,-0.03
389.50,24.35,1.58,-1.91,9.81,-0.24,-0.62,-0.06,4.33,-1.41,9.13,0.05,-0.78,-0.12
389.51,23.84,1.62,-1.63,9.78,-0.22,-0.68,-0.30,4.12,-1.23,9.04,0.05,-0.72,-0.17
389.52,23.40,1.33,-1.54,9.82,-0.21,-0.72,-0.48,3.93,-1.05,8.91,0.04,-0.70,-0.18
389.54,22.99,0.64,-1.50,9.96,-0.20,-0.75,-0.62,3.79,-0.92,8.85,0.02,-0.67,-0.19
389.55,22.89,0.17,-1.52,10.03,-0.18,-0.75,-0.64,3.72,-0.90,8.92,0.01,-0.66,-0.20
389.56,22.85,-0.33,-1.55,10.04,-0.16,-0.73,-0.59,3.64,-0.93,8.99,0.01,-0.66,-0.21
389.57,23.13,-0.61,-1.34,9.69,-0.13,-0.68,-0.29,3.52,-0.91,8.95,0.02,-0.66,-0.23
389.60,23.17,-0.50,-1.30,9.69,-0.14,-0.67,-0.22,3.43,-0.85,8.91,0.02,-0.65,-0.22
389.61,23.19,-0.23,-1.25,9.82,-0.14,-0.69,-0.14,3.38,-0.83,8.93,0.02,-0.65,-0.20
389.63,23.02,-0.03,-1.21,9.93,-0.13,-0.71,-0.13,3.38,-0.84,9.03,0.03,-0.66,-0.17
389.65,22.82,0.01,-1.22,9.95,-0.11,-0.74,-0.16,3.52,-0.90,9.12,0.06,-0.69,-0.11
389.68,22.69,-0.02,-1.34,9.96,-0.08,-0.79,-0.20,3.95,-1.02,9.05,0.12,-0.70,-0.11
389.69,22.70,-0.03,-1.45,10.00,-0.06,-0.83,-0.21,4.07,-1.01,9.03,0.14,-0.71,-0.13
389.70,22.82,-0.05,-1.62,10.03,-0.02,-0.88,-0.24,4.30,-0.99,9.09,0.17,-0.73,-0.19
389.72,22.91,-0.09,-1.64,10.01,0.01,-0.91,-0.25,4.28,-1.01,9.09,0.18,-0.75,-0.23
389.73,22.94,-0.19,-1.44,9.83,0.08,-0.99,-0.27,3.89,-1.01,9.16,0.18,-0.82,-0.33
389.76,22.74,-0.19,-0.96,9.84,0.07,-1.03,-0.29,3.58,-0.95,9.34,0.20,-0.89,-0.36
389.78,22.46,-0.18,-0.68,9.91,0.05,-1.02,-0.35,3.10,-0.89,9.54,0.25,-0.94,-0.34
389.80,22.10,-0.27,-0.64,9.94,0.05,-0.99,-0.42,2.72,-0.93,9.56,0.30,-0.99,-0.28
389.81,21.77,-0.31,-0.67,9.96,0.05,-0.95,-0.45,2.71,-1.07,9.63,0.35,-1.08,-0.18
389.83,21.95,-0.17,-0.83,10.15,0.03,-0.78,-0.49,3.79,-1.12,9.77,0.42,-1.18,-0.07
389.85,22.68,-0.02,-1.35,10.88,-0.03,-0.73,-0.43,4.83,-0.99,10.06,0.47,-1.25,-0.08
389.87,23.26,0.02,-1.67,11.33,-0.04,-0.74,-0.35,5.31,-0.87,10.47,0.52,-1.30,-0.15
389.88,23.84,-0.09,-1.90,11.70,-0.04,-0.76,-0.24,5.34,-0.76,10.74,0.56,-1.33,-0.21
389.90,24.45,-0.29,-2.03,11.99,-0.02,-0.76,-0.10,4.96,-0.63,11.23,0.61,-1.35,-0.24
389.91,24.82,-0.49,-1.97,12.11,-0.01,-0.70,0.09,4.39,-0.51,11.60,0.65,-1.37,-0.25
389.92,25.18,-0.59,-1.62,12.11,-0.02,-0.59,0.33,3.88,-0.38,11.81,0.67,-1.41,-0.25
389.93,25.40,-0.55,-1.11,12.10,-0.06,-0.42,0.60,3.02,-0.19,11.95,0.70,-1.43,-0.24
389.95,25.73,-0.60,-0.32,12.13,-0.05,-0.18,0.84,2.39,-0.00,11.91,0.73,-1.48,-0.20
389.96,25.98,-0.64,0.29,11.99,0.04,0.03,0.83,1.97,0.21,11.75,0.76,-1.53,-0.18
389.97,26.14,-0.68,0.59,11.63,0.17,0.19,0.71,1.79,0.41,11.46,0.80,-1.60,-0.16
389.98,26.74,-0.68,0.78,10.95,0.38,0.37,0.47,1.85,0.62,10.93,0.82,-1.69,-0.18
389.99,28.25,-0.08,0.70,9.46,0.67,0.67,0.10,2.40,0.75,9.64,0.87,-1.85,-0.29
390.01,29.04,0.26,0.50,9.03,0.73,0.78,-0.01,2.77,0.69,8.81,0.89,-1.94,-0.29
390.04,31.24,1.09,-0.07,8.85,0.82,1.06,-0.19,3.82,0.91,8.12,0.88,-2.02,-0.19
390.05,32.49,1.30,-0.21,9.08,0.82,1.14,-0.20,4.77,0.89,8.31,0.85,-2.00,-0.10
390.06,33.74,1.44,-0.32,9.47,0.78,1.21,-0.18,5.65,0.74,8.49,0.83,-1.94,-0.08
390.07,35.70,1.41,-0.33,10.03,0.69,1.24,-0.12,6.17,0.37,8.41,0.85,-1.86,-0.12
390.08,37.70,1.28,-0.22,10.55,0.60,1.23,-0.15,6.41,-0.53,7.87,0.95,-1.75,-0.08
390.10,39.37,1.09,-0.19,10.80,0.54,1.20,-0.22,6.59,-1.13,7.04,1.06,-1.65,0.02
390.11,41.04,0.95,-0.23,10.89,0.49,1.18,-0.26,6.84,-1.07,6.09,1.10,-1.52,0.18
390.12,42.97,0.82,-0.36,10.92,0.43,1.16,-0.29,7.11,-0.28,5.27,1.00,-1.34,0.30
390.13,45.70,0.94,-0.51,10.94,0.34,1.21,-0.26,7.46,0.58,4.65,0.66,-0.98,0.42
390.15,48.36,1.07,-0.82,11.33,0.24,1.37,-0.05,7.73,0.54,4.97,0.40,-0.51,0.57
390.17,49.39,1.06,-0.94,11.57,0.24,1.45,0.09,7.89,0.40,5.48,0.35,-0.14,0.68
390.18,50.37,1.03,-1.10,11.93,0.26,1.55,0.33,8.18,0.08,5.82,0.41,0.31,0.75
390.20,51.06,0.87,-1.28,12.10,0.29,1.62,0.52,8.37,0.02,5.67,0.46,0.56,0.82
390.21,51.86,0.65,-1.45,12.08,0.32,1.67,0.73,8.96,-0.23,5.31,0.56,1.00,0.84
390.22,52.49,0.50,-1.51,11.90,0.30,1.69,0.88,9.30,-0.28,4.97,0.58,1.18,0.82
390.23,52.97,0.36,-1.56,11.74,0.28,1.71,0.97,9.81,-0.47,4.76,0.57,1.43,0.69
390.25,53.64,0.14,-1.59,11.50,0.23,1.74,1.12,10.12,-0.57,4.51,0.55,1.60,0.61
390.26,54.51,-0.16,-1.73,11.33,0.17,1.77,1.23,10.31,-0.62,4.10,0.43,1.87,0.30
390.27,55.27,-0.26,-1.74,11.07,0.12,1.80,1.34,9.99,-0.83,4.01,0.28,2.14,-0.06
390.29,55.50,-0.31,-1.76,10.90,0.08,1.81,1.40,9.41,-0.84,3.98,0.19,2.36,-0.38
390.30,55.78,-0.25,-1.88,10.46,-0.05,1.76,1.58,8.30,-0.63,4.09,0.09,2.73,-0.42
390.32,55.29,-0.09,-1.91,10.21,-0.12,1.69,1.70,7.79,-0.51,4.34,0.11,2.98,-0.25
390.33,54.45,0.07,-1.95,10.05,-0.16,1.63,1.78,7.51,-0.34,4.55,0.19,3.19,-0.04
390.35,53.78,0.21,-1.90,9.69,-0.21,1.52,1.90,7.03,-0.12,4.71,0.28,3.37,0.22
390.36,52.02,0.36,-1.80,9.38,-0.24,1.42,1.98,6.42,0.18,5.09,0.37,3.55,0.59
390.37,48.23,0.65,-1.46,8.91,-0.25,1.23,2.11,6.00,0.48,5.86,0.41,3.74,1.17
390.40,45.39,0.74,-1.19,8.62,-0.24,1.12,2.16,5.93,0.27,6.66,0.48,3.81,1.41
390.41,43.12,0.72,-1.04,8.51,-0.23,1.05,2.20,5.96,0.19,6.96,0.56,3.81,1.60
390.42,38.97,0.53,-0.73,8.31,-0.22,0.86,2.29,5.91,0.11,7.36,0.75,3.79,2.16
390.45,35.58,0.22,-0.50,8.27,-0.20,0.71,2.36,5.50,0.24,7.82,0.91,3.75,2.37
390.46,32.78,-0.11,-0.24,8.35,-0.19,0.58,2.37,5.19,0.28,8.42,1.04,3.70,2.62
390.47,30.05,-0.39,0.18,8.59,-0.16,0.44,2.36,4.85,0.22,8.94,1.17,3.60,2.99
390.50,27.00,-0.65,0.64,9.03,-0.08,0.30,2.33,4.42,0.42,9.28,1.28,3.38,3.12
390.51,25.11,-0.99,1.00,9.56,0.05,0.18,2.32,4.32,0.56,9.39,1.28,3.20,3.27
390.52,23.82,-1.50,1.27,10.13,0.25,0.10,2.38,4.38,0.67,9.44,1.23,3.01,3.49
390.54,22.10,-2.47,1.78,10.20,0.51,0.07,2.65,4.77,0.24,9.37,1.13,2.72,3.59
390.55,21.93,-3.76,2.34,9.58,0.48,0.16,3.06,4.93,-0.16,9.16,1.07,2.54,3.62
390.57,22.42,-4.68,2.38,9.11,0.20,0.17,3.37,5.06,-0.92,8.77,0.93,2.16,3.53
390.58,24.12,-5.04,1.93,9.06,-0.09,0.11,3.58,5.72,-1.95,7.68,0.57,1.39,3.05
390.60,25.95,-4.33,1.91,9.03,-0.39,0.01,3.50,6.14,-2.28,7.28,0.38,1.08,2.58
390.61,28.51,-3.68,1.72,8.99,-0.60,-0.01,3.35,6.85,-2.62,6.92,0.05,0.43,1.91
390.62,30.02,-2.44,1.27,9.00,-0.87,0.04,3.12,6.90,-2.21,7.09,-0.12,0.01,1.37
390.63,32.84,0.01,1.03,9.89,-1.24,0.31,2.44,5.68,-0.12,8.29,-0.46,-0.62,0.34
390.66,33.18,1.03,1.46,11.23,-1.31,0.46,1.83,2.34,2.18,12.18,-0.71,-0.65,-0.20
390.67,31.85,1.23,2.16,12.33,-1.26,0.52,1.29,-1.90,1.45,15.03,-0.69,-0.43,0.47
390.69,28.96,-0.64,3.02,11.99,-1.25,0.43,0.53,-4.62,1.49,15.67,0.05,-0.63,1.72
390.71,27.47,-1.68,4.14,10.13,-1.01,0.16,0.33,1.32,2.44,9.72,0.48,-0.96,3.25
390.73,28.05,-0.62,3.96,9.66,-0.97,0.13,0.38,3.94,2.36,7.35,0.42,-0.97,3.49
390.75,29.53,0.62,3.14,9.17,-0.98,0.17,0.53,6.30,2.32,5.62,0.20,-0.91,3.29
390.75,31.42,1.07,2.31,8.83,-1.02,0.21,0.66,7.17,1.73,5.57,0.05,-0.86,2.94
390.77,32.66,0.92,0.89,8.46,-1.10,0.19,0.80,7.18,1.06,6.22,-0.15,-0.84,2.00
390.78,34.29,0.27,0.22,8.67,-1.15,0.07,0.77,6.83,0.34,7.82,-0.37,-0.79,1.40
390.79,35.15,-0.71,-0.19,9.14,-1.19,-0.09,0.63,6.41,-0.48,8.95,-0.48,-0.70,1.05
390.81,35.86,-1.73,-0.55,9.66,-1.23,-0.25,0.57,5.64,-1.04,9.49,-0.50,-0.59,0.71
390.81,36.22,-2.35,-0.91,10.08,-1.26,-0.39,0.58,4.77,-0.93,9.50,-0.48,-0.43,0.49
390.83,36.61,-2.86,-1.22,10.35,-1.24,-0.46,0.77,3.73,-0.04,9.23,-0.48,-0.34,0.41
390.85,36.61,-3.13,-1.06,10.23,-1.21,-0.46,0.97,3.09,0.36,9.25,-0.50,-0.27,0.37
390.86,36.55,-3.29,-0.91,9.98,-1.19,-0.46,1.17,2.64,0.38,9.43,-0.50,-0.25,0.41
390.87,36.10,-3.30,-0.91,9.75,-1.17,-0.46,1.33,1.91,0.14,9.88,-0.46,-0.25,0.59
390.88,35.78,-3.21,-0.94,9.68,-1.15,-0.47,1.47,1.35,-0.11,10.02,-0.40,-0.28,0.80
390.89,34.40,-2.91,-1.09,9.86,-1.07,-0.48,1.66,0.87,-0.53,9.69,-0.33,-0.35,1.19
390.92,33.67,-2.87,-1.16,9.87,-1.04,-0.48,1.71,0.89,-0.81,9.60,-0.30,-0.38,1.50
390.93,32.94,-3.05,-1.33,9.71,-1.00,-0.47,1.81,1.09,-1.18,9.79,-0.26,-0.36,1.69
390.95,32.45,-3.28,-1.44,9.53,-0.98,-0.44,1.88,1.60,-1.60,10.11,-0.22,-0.35,1.77
390.96,32.30,-3.40,-1.49,9.42,-0.97,-0.42,1.92,1.99,-1.75,10.11,-0.18,-0.34,1.72
390.98,32.58,-3.35,-1.67,9.47,-0.93,-0.34,1.98,3.09,-1.61,9.55,-0.08,-0.36,1.52
390.99,33.01,-3.20,-1.77,9.59,-0.89,-0.28,2.01,3.36,-1.40,9.20,-0.08,-0.39,1.28
391.00,33.43,-2.99,-1.78,9.72,-0.85,-0.21,2.01,3.39,-1.23,9.13,-0.10,-0.44,1.03
391.02,33.90,-2.55,-1.82,9.85,-0.79,-0.13,1.97,3.17,-1.19,9.32,-0.11,-0.50,0.81
391.03,34.04,-2.21,-1.88,9.91,-0.75,-0.08,1.94,2.79,-1.24,9.57,-0.10,-0.57,0.60
391.05,33.78,-1.30,-1.80,9.98,-0.63,0.01,1.79,2.25,-1.36,9.67,-0.06,-0.58,0.62
391.07,33.03,-0.65,-1.54,9.89,-0.55,0.09,1.51,2.15,-1.45,9.58,-0.01,-0.58,0.72
391.08,32.52,-0.45,-1.63,9.72,-0.52,0.18,1.27,2.38,-1.54,9.48,0.03,-0.57,0.81
391.10,32.24,-0.53,-1.84,9.61,-0.51,0.25,1.11,2.84,-1.63,9.33,0.07,-0.56,0.90
391.12,32.24,-0.84,-2.04,9.57,-0.50,0.32,0.94,3.34,-1.75,9.19,0.11,-0.54,0.92
391.13,32.53,-1.21,-2.24,9.63,-0.50,0.37,0.83,3.60,-1.80,9.14,0.15,-0.53,0.92
391.14,32.97,-1.52,-2.40,9.70,-0.50,0.40,0.77,3.84,-1.84,9.11,0.19,-0.52,0.89
391.15,33.52,-1.88,-2.57,9.82,-0.49,0.44,0.75,3.97,-1.81,9.15,0.24,-0.50,0.87
391.16,34.62,-2.34,-2.84,10.03,-0.47,0.48,0.83,4.02,-1.65,9.31,0.31,-0.48,0.87
391.19,36.01,-2.87,-2.83,10.15,-0.40,0.53,1.04,3.44,-0.60,10.09,0.57,-0.48,0.89
391.20,36.33,-3.11,-2.74,10.16,-0.37,0.55,1.17,2.82,-0.23,10.70,0.76,-0.46,0.98
391.21,36.83,-3.48,-2.64,10.24,-0.32,0.56,1.42,2.22,-0.30,10.97,0.97,-0.42,1.20
391.23,37.01,-3.66,-2.59,10.29,-0.28,0.56,1.59,1.93,-0.51,10.87,1.12,-0.40,1.43
391.24,37.21,-3.81,-2.53,10.27,-0.22,0.56,1.89,1.55,-0.89,10.25,1.35,-0.35,1.93
391.25,37.25,-3.67,-2.56,10.17,-0.17,0.55,2.22,1.36,-1.42,9.42,1.50,-0.27,2.63
391.26,37.21,-3.47,-2.62,10.04,-0.12,0.56,2.48,1.38,-1.98,8.83,1.55,-0.19,3.00
391.27,37.12,-3.09,-2.68,9.86,-0.07,0.56,2.73,1.78,-2.75,8.41,1.57,-0.14,3.68
391.29,37.10,-2.83,-2.63,9.74,-0.05,0.56,2.86,2.47,-3.36,8.33,1.56,-0.16,3.96
391.30,37.45,-2.63,-2.57,9.71,-0.06,0.56,2.93,3.44,-3.89,8.33,1.53,-0.19,4.21
391.31,37.95,-2.36,-2.46,9.80,-0.09,0.57,2.95,4.71,-4.25,8.30,1.48,-0.22,4.29
391.32,38.82,-2.18,-2.45,9.89,-0.13,0.58,2.93,6.12,-4.30,8.20,1.43,-0.23,4.18
391.34,41.30,-2.00,-2.33,10.03,-0.22,0.60,2.80,7.99,-3.75,7.87,1.28,-0.18,3.48
391.36,42.70,-1.99,-2.18,9.99,-0.25,0.62,2.71,8.36,-3.18,7.70,1.19,-0.15,2.73
391.37,45.00,-1.95,-1.67,9.69,-0.27,0.72,2.42,7.50,-2.17,7.80,1.01,-0.13,1.81
391.39,46.02,-1.90,-1.30,9.36,-0.27,0.80,2.15,6.23,-1.74,8.32,0.94,-0.13,1.22
391.40,46.77,-1.95,-0.81,9.13,-0.29,0.87,1.88,4.88,-1.67,8.88,0.91,-0.12,0.89
391.42,46.94,-2.31,-0.46,9.06,-0.34,0.93,1.59,3.37,-1.65,9.24,0.91,-0.08,0.84
391.44,47.12,-2.74,-0.31,9.07,-0.39,0.96,1.40,2.92,-1.63,9.30,0.91,-0.06,0.90
391.45,46.66,-3.11,-0.30,9.08,-0.42,1.00,1.28,1.79,-1.78,9.27,0.96,-0.02,1.32
391.47,46.43,-3.60,-0.29,8.97,-0.45,1.02,1.20,1.57,-1.78,9.23,1.01,-0.02,1.56
391.48,46.33,-4.01,-0.23,8.84,-0.48,1.04,1.16,1.58,-1.75,9.19,1.09,-0.04,2.25
391.50,46.81,-4.62,-0.00,8.58,-0.52,1.08,1.17,2.36,-1.72,8.97,1.17,-0.11,2.60
391.51,47.43,-4.77,0.05,8.49,-0.53,1.10,1.20,2.72,-1.70,8.91,1.17,-0.13,2.75
391.52,47.99,-4.93,0.10,8.45,-0.54,1.12,1.23,3.15,-1.70,8.89,1.18,-0.16,2.90
391.54,50.49,-5.34,0.26,8.53,-0.55,1.14,1.37,4.15,-1.30,8.66,1.18,-0.22,2.93
391.56,52.05,-5.37,0.63,8.69,-0.54,1.15,1.45,4.65,-0.92,8.48,1.12,-0.23,2.80
391.57,53.06,-5.36,0.91,8.79,-0.52,1.14,1.46,4.86,-0.69,8.40,1.07,-0.24,2.60
391.59,54.19,-5.24,1.13,8.85,-0.51,1.14,1.47,5.04,-0.39,8.33,1.02,-0.24,2.48
391.60,55.44,-5.10,1.32,8.85,-0.50,1.14,1.45,5.26,0.07,8.28,0.91,-0.24,2.07
391.61,57.07,-5.08,1.63,8.77,-0.48,1.11,1.39,5.44,0.36,8.34,0.81,-0.23,1.78
391.63,58.68,-4.99,1.81,8.74,-0.44,1.09,1.31,5.61,0.56,8.44,0.71,-0.22,1.23
391.65,60.34,-4.98,1.95,8.64,-0.39,1.09,1.21,5.64,0.73,8.45,0.60,-0.22,0.85
391.66,62.10,-5.03,2.06,8.47,-0.30,1.11,1.08,5.33,0.89,8.47,0.51,-0.22,0.50
391.68,63.00,-5.08,2.09,8.40,-0.22,1.12,0.99,4.89,1.03,8.55,0.43,-0.20,0.23
391.69,63.82,-5.15,2.14,8.32,-0.15,1.13,0.89,4.48,1.05,8.62,0.35,-0.16,0.10
391.71,64.41,-5.27,2.08,8.31,-0.09,1.14,0.80,4.03,0.95,8.65,0.28,-0.11,0.08
391.71,64.41,-5.27,2.08,8.31,-0.09,1.14,0.80,3.97,0.92,8.65,0.26,-0.11,0.10
391.74,64.80,-5.40,2.00,8.27,-0.05,1.16,0.71,3.69,0.76,8.73,0.20,-0.08,0.20
391.75,64.94,-5.48,1.88,8.23,-0.02,1.17,0.64,3.58,0.61,8.79,0.18,-0.07,0.28
391.77,65.16,-5.56,1.81,8.13,0.02,1.18,0.55,3.66,0.44,8.86,0.14,-0.07,0.39
391.77,65.09,-5.56,1.81,8.13,0.02,1.18,0.55,3.66,0.44,8.86,0.14,-0.07,0.41
391.80,65.70,-5.64,1.68,7.98,0.06,1.19,0.43,3.88,0.34,8.84,0.12,-0.06,0.47
391.81,66.56,-5.83,1.61,7.83,0.11,1.22,0.28,4.32,0.22,8.76,0.09,-0.03,0.51
391.83,67.20,-6.03,1.57,7.78,0.13,1.25,0.20,4.56,0.15,8.75,0.08,-0.01,0.51
391.84,68.50,-6.41,1.46,7.66,0.15,1.29,0.15,4.83,0.02,8.78,0.07,0.02,0.44
391.85,69.77,-6.77,1.52,7.46,0.16,1.33,0.12,4.83,-0.02,8.79,0.06,0.02,0.36
391.87,72.32,-7.37,1.53,6.91,0.21,1.35,0.14,4.62,-0.00,8.82,0.02,0.02,0.23
391.88,73.29,-7.57,1.55,6.71,0.24,1.35,0.16,4.54,0.01,8.83,0.01,0.02,0.19
391.90,74.46,-7.74,1.59,6.58,0.26,1.34,0.18,4.46,0.03,8.86,-0.00,0.04,0.13
391.91,75.62,-7.92,1.68,6.43,0.28,1.33,0.20,4.54,0.04,8.83,-0.02,0.07,0.12
391.92,76.28,-7.97,1.74,6.34,0.30,1.32,0.21,4.59,-0.02,8.85,-0.04,0.09,0.09
391.94,77.38,-7.96,1.83,6.18,0.31,1.32,0.22,4.46,-0.08,8.92,-0.04,0.10,0.03
391.95,78.61,-7.94,2.00,5.90,0.34,1.31,0.21,4.18,-0.06,8.92,-0.06,0.11,0.01
391.97,79.59,-8.00,2.09,5.61,0.34,1.30,0.19,3.99,-0.02,8.89,-0.07,0.13,0.02
391.98,80.96,-8.29,2.17,5.24,0.34,1.28,0.14,3.79,0.01,8.88,-0.10,0.21,0.12
392.01,81.63,-8.47,2.18,5.14,0.34,1.26,0.14,3.87,-0.07,8.93,-0.11,0.23,0.18
392.02,82.63,-8.72,2.26,5.02,0.35,1.26,0.15,3.93,-0.11,8.94,-0.11,0.25,0.22
392.03,83.08,-8.87,2.26,4.97,0.35,1.25,0.17,3.99,-0.16,8.99,-0.12,0.27,0.25
392.05,84.49,-9.24,2.33,4.76,0.37,1.22,0.28,4.02,-0.22,9.13,-0.12,0.28,0.25
392.06,84.96,-9.29,2.41,4.66,0.38,1.22,0.34,4.05,-0.26,9.15,-0.11,0.29,0.25
392.07,85.74,-9.36,2.52,4.51,0.37,1.22,0.42,4.12,-0.33,9.16,-0.11,0.30,0.26
392.09,86.44,-9.39,2.68,4.39,0.34,1.21,0.48,4.26,-0.38,9.17,-0.10,0.31,0.24
392.11,88.05,-9.54,2.91,4.10,0.24,1.17,0.54,4.49,-0.38,9.20,-0.09,0.32,0.21
392.12,89.43,-9.71,2.93,3.93,0.20,1.11,0.56,4.53,-0.38,9.26,-0.10,0.31,0.10
392.14,89.82,-9.79,2.98,3.82,0.19,1.09,0.57,4.47,-0.39,9.26,-0.10,0.31,0.07
392.15,91.34,-10.15,2.89,3.25,0.13,1.00,0.56,4.20,-0.45,9.31,-0.12,0.28,-0.08
392.18,92.29,-10.45,2.77,3.04,0.11,0.92,0.56,4.10,-0.67,9.31,-0.12,0.27,-0.13
392.19,92.75,-10.60,2.62,3.09,0.11,0.85,0.55,4.04,-0.92,9.31,-0.11,0.27,-0.18
392.21,93.61,-10.56,2.42,3.43,0.14,0.70,0.54,3.89,-1.33,9.30,-0.05,0.29,-0.21
392.22,93.77,-10.20,2.49,3.62,0.15,0.58,0.53,3.68,-1.51,9.19,0.01,0.33,-0.23
392.23,93.80,-9.78,2.59,3.56,0.15,0.48,0.49,3.40,-1.50,9.10,0.05,0.37,-0.24
392.25,93.49,-9.26,2.82,3.01,0.10,0.35,0.42,2.96,-1.32,9.00,0.07,0.43,-0.25
392.26,93.12,-8.94,2.97,2.36,0.08,0.29,0.34,2.47,-1.06,9.04,0.05,0.47,-0.24
392.28,92.71,-8.73,3.25,1.63,0.08,0.28,0.28,1.86,-0.73,9.27,0.02,0.46,-0.16
392.31,92.24,-8.74,3.63,1.06,0.10,0.33,0.27,1.57,-0.47,9.57,0.02,0.38,-0.11
392.32,92.44,-8.84,3.83,0.90,0.10,0.37,0.27,1.55,-0.31,9.63,0.02,0.33,-0.07
392.33,92.59,-9.00,4.09,0.84,0.07,0.39,0.27,1.64,-0.13,9.60,0.03,0.28,-0.00
392.35,92.57,-9.04,4.18,0.83,0.05,0.38,0.25,1.70,-0.04,9.54,0.04,0.26,0.03
392.36,93.00,-9.06,4.31,0.85,0.02,0.36,0.21,1.79,0.03,9.46,0.03,0.23,0.06
392.38,93.37,-9.18,4.32,1.05,-0.05,0.27,0.04,1.89,-0.06,9.50,0.03,0.16,0.03
392.41,93.48,-9.23,4.23,1.19,-0.06,0.24,-0.02,1.96,-0.12,9.49,0.03,0.14,0.02
392.42,93.62,-9.19,4.02,1.45,-0.07,0.17,-0.05,2.10,-0.18,9.47,0.02,0.12,0.02
392.44,93.58,-9.14,3.96,1.56,-0.07,0.15,-0.05,2.22,-0.20,9.43,0.01,0.12,0.05
392.45,93.55,-9.03,3.86,1.72,-0.07,0.11,-0.00,2.33,-0.23,9.41,0.01,0.11,0.13
392.47,93.49,-9.07,3.80,1.74,-0.07,0.10,0.01,2.29,-0.23,9.45,0.01,0.11,0.15
392.49,93.40,-9.12,3.75,1.75,-0.07,0.10,0.02,2.19,-0.23,9.54,0.01,0.09,0.16
392.50,93.31,-9.23,3.62,1.78,-0.07,0.10,0.01,2.15,-0.26,9.67,0.02,0.08,0.19
392.51,93.14,-9.33,3.50,1.82,-0.05,0.10,0.00,2.18,-0.34,9.72,0.05,0.09,0.21
392.52,93.00,-9.42,3.36,1.78,0.01,0.09,0.02,2.26,-0.45,9.70,0.09,0.11,0.24
392.55,92.93,-9.46,3.32,1.78,0.04,0.08,0.05,2.33,-0.50,9.67,0.12,0.12,0.24
392.56,92.89,-9.49,3.31,1.79,0.05,0.08,0.06,2.39,-0.54,9.67,0.15,0.12,0.22
392.57,92.85,-9.52,3.24,1.86,0.07,0.07,0.09,2.42,-0.60,9.68,0.16,0.11,0.21
392.58,92.79,-9.56,3.36,1.83,0.07,0.07,0.13,2.41,-0.70,9.73,0.18,0.11,0.20
392.60,92.75,-9.54,3.45,1.76,0.04,0.07,0.15,2.39,-0.79,9.73,0.22,0.12,0.19
392.62,92.73,-9.52,3.48,1.74,0.02,0.07,0.16,2.38,-0.80,9.72,0.25,0.14,0.18
392.63,92.68,-9.47,3.49,1.76,0.01,0.08,0.16,2.25,-0.75,9.68,0.29,0.15,0.15
392.64,92.59,-9.41,3.53,1.78,0.00,0.10,0.14,2.14,-0.67,9.67,0.31,0.15,0.13
392.65,92.44,-9.37,3.62,1.74,-0.01,0.11,0.12,2.03,-0.52,9.66,0.32,0.17,0.13
392.67,92.27,-9.30,3.63,1.67,-0.02,0.11,0.11,1.99,-0.43,9.63,0.32,0.19,0.15
392.68,92.12,-9.25,3.67,1.62,-0.02,0.11,0.13,1.98,-0.43,9.61,0.33,0.23,0.18
392.70,91.91,-9.18,3.75,1.61,-0.04,0.11,0.16,1.94,-0.39,9.64,0.34,0.26,0.22
392.72,91.71,-9.20,3.78,1.64,-0.06,0.12,0.16,1.92,-0.34,9.68,0.36,0.28,0.25
392.73,91.49,-9.26,3.82,1.66,-0.06,0.13,0.16,1.90,-0.25,9.73,0.37,0.31,0.27
392.75,91.25,-9.26,3.86,1.64,-0.07,0.14,0.15,1.90,-0.16,9.73,0.37,0.34,0.26
392.76,91.02,-9.18,3.90,1.60,-0.07,0.14,0.13,1.87,-0.06,9.65,0.38,0.38,0.24
392.78,90.83,-9.14,3.93,1.56,-0.07,0.14,0.13,1.85,0.03,9.56,0.38,0.42,0.22
392.79,90.52,-9.06,3.99,1.51,-0.07,0.12,0.12,1.78,0.13,9.47,0.37,0.46,0.20
392.81,90.06,-8.98,4.05,1.49,-0.07,0.11,0.11,1.69,0.23,9.45,0.34,0.54,0.19
392.83,89.51,-9.00,4.15,1.44,-0.08,0.10,0.10,1.55,0.23,9.50,0.31,0.60,0.17
392.85,89.27,-8.99,4.21,1.39,-0.10,0.09,0.09,1.47,0.26,9.49,0.30,0.63,0.16
392.86,88.91,-8.96,4.22,1.38,-0.11,0.08,0.09,1.41,0.30,9.50,0.30,0.64,0.15
392.87,88.64,-8.91,4.23,1.34,-0.11,0.08,0.09,1.34,0.36,9.49,0.28,0.65,0.14
392.88,88.30,-8.89,4.27,1.24,-0.11,0.08,0.09,1.28,0.43,9.47,0.25,0.65,0.13
392.89,87.98,-8.85,4.30,1.15,-0.12,0.07,0.08,1.22,0.46,9.48,0.22,0.65,0.12
392.90,87.66,-8.83,4.30,1.10,-0.13,0.07,0.07,1.15,0.49,9.49,0.19,0.63,0.10
392.91,87.49,-8.80,4.31,1.05,-0.13,0.06,0.04,1.07,0.51,9.51,0.16,0.62,0.09
392.92,86.95,-8.81,4.35,0.96,-0.14,0.03,-0.00,0.97,0.56,9.56,0.12,0.58,0.06
392.94,86.79,-8.86,4.33,1.00,-0.15,0.02,-0.03,0.92,0.58,9.58,0.10,0.56,0.06
392.96,86.26,-8.98,4.29,1.09,-0.15,-0.02,-0.08,0.90,0.65,9.61,0.08,0.51,0.05
392.98,86.03,-9.07,4.23,1.18,-0.15,-0.04,-0.11,0.92,0.65,9.67,0.07,0.47,0.06
392.99,85.81,-9.14,4.20,1.21,-0.15,-0.05,-0.11,0.96,0.63,9.74,0.06,0.43,0.06
393.00,85.56,-9.25,4.15,1.33,-0.15,-0.05,-0.12,1.03,0.57,9.82,0.06,0.34,0.06
393.03,85.38,-9.30,4.12,1.47,-0.14,-0.05,-0.12,1.09,0.54,9.84,0.06,0.24,0.05
393.04,85.33,-9.28,4.10,1.54,-0.14,-0.05,-0.12,1.15,0.54,9.83,0.05,0.16,0.04
393.05,85.34,-9.25,4.07,1.62,-0.12,-0.05,-0.12,1.23,0.55,9.79,0.04,0.07,0.01
393.07,85.41,-9.24,4.02,1.68,-0.11,-0.05,-0.12,1.32,0.54,9.75,0.02,-0.00,0.00
393.08,85.62,-9.18,3.93,1.79,-0.09,-0.07,-0.13,1.41,0.49,9.67,-0.02,-0.10,-0.02
393.10,85.73,-9.18,3.89,1.93,-0.08,-0.09,-0.13,1.39,0.50,9.69,-0.06,-0.13,-0.05
393.12,85.83,-9.21,3.88,2.02,-0.07,-0.10,-0.12,1.32,0.55,9.74,-0.09,-0.12,-0.08
393.13,85.73,-9.25,3.86,2.11,-0.07,-0.11,-0.12,1.25,0.56,9.75,-0.10,-0.10,-0.10
393.14,85.63,-9.27,3.85,2.16,-0.06,-0.12,-0.11,1.20,0.56,9.76,-0.10,-0.07,-0.12
393.15,85.48,-9.27,3.86,2.14,-0.05,-0.12,-0.09,1.12,0.57,9.79,-0.09,-0.04,-0.13
393.16,85.32,-9.27,3.87,2.11,-0.05,-0.12,-0.06,1.05,0.63,9.80,-0.06,-0.00,-0.13
393.18,85.06,-9.25,3.87,2.00,-0.03,-0.10,-0.03,1.03,0.65,9.79,-0.04,0.01,-0.13
393.20,84.91,-9.23,3.88,1.89,-0.02,-0.08,-0.01,1.01,0.58,9.79,-0.03,0.01,-0.15
393.21,84.82,-9.21,3.90,1.83,-0.02,-0.07,0.01,0.98,0.53,9.81,-0.04,0.02,-0.16
393.22,84.75,-9.20,3.91,1.76,-0.01,-0.07,0.03,0.89,0.48,9.81,-0.04,0.02,-0.17
393.24,84.67,-9.19,3.92,1.73,-0.02,-0.07,0.04,0.75,0.42,9.82,-0.04,0.02,-0.18
393.25,84.57,-9.17,3.95,1.65,-0.02,-0.06,0.05,0.60,0.38,9.82,-0.05,0.01,-0.18
393.26,84.45,-9.14,3.97,1.59,-0.03,-0.06,0.05,0.49,0.37,9.83,-0.05,0.00,-0.16
393.27,84.21,-9.04,3.98,1.47,-0.04,-0.05,0.02,0.25,0.37,9.85,-0.05,-0.02,-0.14
393.29,84.08,-9.00,3.97,1.41,-0.04,-0.04,0.00,0.13,0.39,9.89,-0.05,-0.03,-0.10
393.30,83.89,-8.98,3.93,1.36,-0.05,-0.04,-0.04,0.09,0.38,9.91,-0.05,-0.04,-0.04
393.32,83.74,-8.99,3.92,1.35,-0.05,-0.04,-0.05,0.09,0.38,9.90,-0.03,-0.05,0.00
393.33,83.72,-9.04,3.88,1.33,-0.06,-0.04,-0.08,0.16,0.40,9.86,-0.02,-0.05,0.05
393.34,83.65,-9.08,3.85,1.38,-0.06,-0.05,-0.10,0.27,0.41,9.84,-0.01,-0.05,0.08
393.35,83.60,-9.14,3.84,1.42,-0.06,-0.05,-0.12,0.42,0.41,9.80,-0.01,-0.05,0.11
393.37,83.61,-9.23,3.82,1.53,-0.06,-0.06,-0.13,0.61,0.39,9.79,-0.01,-0.04,0.11
393.38,83.65,-9.29,3.81,1.60,-0.05,-0.06,-0.13,0.79,0.39,9.80,-0.00,-0.04,0.09
393.40,83.75,-9.35,3.79,1.69,-0.04,-0.06,-0.11,0.95,0.38,9.80,-0.00,-0.05,0.03
393.42,83.86,-9.35,3.77,1.74,-0.03,-0.06,-0.10,1.03,0.41,9.78,-0.01,-0.06,-0.01
393.43,83.92,-9.30,3.76,1.78,-0.02,-0.07,-0.09,1.02,0.42,9.77,-0.02,-0.07,-0.03
393.44,83.99,-9.23,3.76,1.83,-0.01,-0.07,-0.09,0.99,0.42,9.77,-0.04,-0.08,-0.06
393.46,84.02,-9.18,3.76,1.87,-0.01,-0.07,-0.08,0.96,0.43,9.77,-0.05,-0.09,-0.09
393.47,84.02,-9.14,3.77,1.91,-0.00,-0.06,-0.09,0.94,0.45,9.76,-0.06,-0.08,-0.10
393.49,84.03,-9.13,3.77,1.92,0.00,-0.06,-0.09,0.93,0.46,9.77,-0.06,-0.08,-0.10
393.50,83.97,-9.15,3.77,1.97,0.00,-0.06,-0.09,0.95,0.46,9.77,-0.06,-0.06,-0.09
393.51,83.94,-9.16,3.75,1.99,0.00,-0.06,-0.09,0.96,0.46,9.79,-0.05,-0.05,-0.07
393.53,83.86,-9.20,3.71,2.03,-0.00,-0.06,-0.09,1.00,0.43,9.79,-0.05,-0.04,-0.03
393.55,83.80,-9.25,3.69,2.05,-0.00,-0.06,-0.08,1.05,0.39,9.79,-0.05,-0.02,-0.01
393.56,83.78,-9.28,3.66,2.04,-0.01,-0.05,-0.06,1.11,0.35,9.79,-0.04,-0.01,0.02
393.59,83.76,-9.30,3.63,1.98,-0.01,-0.05,-0.05,1.13,0.31,9.79,-0.04,-0.01,0.03
393.60,83.79,-9.29,3.60,1.95,-0.02,-0.04,-0.03,1.13,0.28,9.79,-0.04,-0.00,0.03
393.62,83.82,-9.29,3.60,1.93,-0.02,-0.04,-0.03,1.10,0.27,9.79,-0.04,-0.00,0.03
393.63,83.84,-9.28,3.58,1.90,-0.02,-0.03,-0.02,1.06,0.24,9.80,-0.05,0.00,0.03
393.64,83.86,-9.28,3.56,1.86,-0.03,-0.03,-0.01,0.96,0.20,9.82,-0.04,0.01,0.02
393.67,83.86,-9.29,3.54,1.82,-0.04,-0.02,-0.00,0.91,0.16,9.83,-0.03,0.01,0.02
393.68,83.85,-9.31,3.53,1.79,-0.04,-0.02,0.00,0.88,0.15,9.84,-0.03,0.01,0.01
393.70,83.86,-9.31,3.52,1.76,-0.04,-0.01,0.00,0.83,0.13,9.84,-0.02,0.02,0.01
393.72,83.86,-9.31,3.51,1.72,-0.05,-0.01,0.00,0.80,0.14,9.84,-0.01,0.02,0.01
393.73,83.87,-9.31,3.51,1.69,-0.05,-0.01,0.00,0.78,0.12,9.84,-0.00,0.01,0.01
393.74,83.88,-9.31,3.52,1.68,-0.05,-0.01,0.00,0.77,0.11,9.84,0.00,0.01,0.01
393.75,83.88,-9.32,3.51,1.69,-0.05,-0.01,0.00,0.77,0.12,9.82,0.00,0.01,0.00
393.77,83.89,-9.32,3.51,1.70,-0.05,-0.01,0.00,0.77,0.12,9.83,0.01,0.01,0.01
393.78,83.91,-9.32,3.53,1.73,-0.06,-0.01,0.01,0.80,0.15,9.84,0.01,0.00,0.01
393.81,83.91,-9.31,3.54,1.73,-0.06,-0.01,0.01,0.80,0.16,9.83,0.02,-0.00,0.02
393.81,83.92,-9.30,3.56,1.74,-0.06,-0.01,0.01,0.81,0.19,9.83,0.02,-0.00,0.02
393.83,83.92,-9.30,3.58,1.74,-0.06,-0.01,0.01,0.81,0.22,9.82,0.03,-0.01,0.02
393.85,83.94,-9.28,3.61,1.73,-0.06,-0.01,0.02,0.83,0.24,9.80,0.03,-0.01,0.03
393.86,83.96,-9.26,3.64,1.74,-0.06,-0.01,0.02,0.83,0.28,9.80,0.03,-0.01,0.03
393.87,83.97,-9.25,3.68,1.75,-0.06,-0.02,0.01,0.85,0.33,9.80,0.03,-0.01,0.02
393.89,83.99,-9.23,3.71,1.76,-0.06,-0.02,0.01,0.87,0.34,9.79,0.03,-0.01,0.02
393.91,84.03,-9.21,3.74,1.78,-0.06,-0.02,0.00,0.91,0.39,9.79,0.02,-0.01,0.02
393.94,84.04,-9.19,3.76,1.79,-0.06,-0.02,-0.01,0.91,0.41,9.78,0.02,-0.01,0.01
393.95,84.06,-9.18,3.77,1.81,-0.06,-0.02,-0.01,0.92,0.42,9.77,0.01,-0.01,0.01
393.96,84.06,-9.18,3.78,1.82,-0.06,-0.02,-0.01,0.94,0.42,9.77,0.01,-0.01,0.01
393.98,84.06,-9.18,3.78,1.84,-0.05,-0.03,-0.02,0.94,0.43,9.77,0.01,-0.01,0.00
393.99,84.07,-9.18,3.78,1.85,-0.05,-0.03,-0.02,0.95,0.43,9.77,0.00,-0.01,0.00
394.00,84.06,-9.19,3.77,1.87,-0.05,-0.03,-0.02,0.95,0.43,9.76,-0.00,-0.01,0.00
394.01,84.06,-9.20,3.77,1.88,-0.05,-0.03,-0.02,0.96,0.43,9.76,-0.01,-0.01,0.00
394.02,84.06,-9.22,3.75,1.87,-0.05,-0.03,-0.02,0.96,0.42,9.76,-0.01,-0.00,0.00
394.05,84.05,-9.24,3.72,1.85,-0.05,-0.03,-0.02,0.95,0.40,9.76,-0.01,-0.00,0.00
394.06,84.05,-9.25,3.69,1.85,-0.04,-0.02,-0.02,0.94,0.38,9.78,-0.01,0.00,0.01
394.07,84.05,-9.25,3.68,1.84,-0.04,-0.02,-0.01,0.92,0.36,9.79,-0.01,0.00,0.01
394.09,84.04,-9.25,3.65,1.83,-0.04,-0.02,-0.01,0.90,0.32,9.80,-0.01,0.00,0.01
394.11,84.02,-9.27,3.62,1.82,-0.04,-0.02,-0.01,0.87,0.28,9.80,-0.01,0.00,0.02
394.13,84.01,-9.27,3.61,1.81,-0.04,-0.02,-0.01,0.86,0.26,9.82,-0.01,0.01,0.02
394.14,84.00,-9.28,3.60,1.81,-0.04,-0.02,-0.01,0.85,0.24,9.81,-0.01,0.01,0.02
394.15,83.99,-9.28,3.58,1.80,-0.05,-0.02,-0.01,0.85,0.23,9.81,-0.01,0.01,0.03
394.17,83.98,-9.28,3.56,1.78,-0.05,-0.02,-0.01,0.86,0.20,9.81,-0.01,0.01,0.02
394.18,83.98,-9.28,3.57,1.79,-0.05,-0.02,-0.01,0.86,0.20,9.82,-0.01,0.01,0.03
394.19,83.98,-9.28,3.55,1.79,-0.05,-0.02,-0.00,0.85,0.19,9.81,-0.00,0.01,0.02
394.20,83.98,-9.28,3.55,1.79,-0.05,-0.01,-0.00,0.84,0.18,9.83,0.00,0.00,0.03
394.21,83.97,-9.28,3.55,1.79,-0.05,-0.01,-0.00,0.83,0.19,9.84,0.01,0.00,0.02
394.23,83.96,-9.29,3.56,1.80,-0.06,-0.01,0.00,0.84,0.21,9.82,0.01,-0.00,0.02
394.25,83.96,-9.29,3.58,1.80,-0.06,-0.01,0.00,0.85,0.23,9.80,0.01,-0.00,0.02
394.26,83.97,-9.27,3.59,1.80,-0.05,-0.01,0.00,0.86,0.26,9.80,0.01,-0.00,0.02
3