=~=~=~=~=~=~=~=~=~=~=~= PuTTY log 2024.07.01 17:21:06 =~=~=~=~=~=~=~=~=~=~=~=
280.87,79.86,-9.59,1.71,2.93,-0.12,0.03,0.06,1.14,-0.93,9.82,0.10,0.00,0.06
280.88,79.87,-9.59,1.78,2.91,-0.14,0.03,0.05,1.08,-0.90,9.85,0.11,0.00,0.06
280.89,79.88,-9.60,1.81,2.92,-0.17,0.03,0.04,1.03,-0.86,9.91,0.12,0.00,0.07
280.90,79.82,-9.60,1.82,2.91,-0.19,0.04,0.04,1.00,-0.80,9.95,0.13,0.01,0.09
280.91,79.82,-9.53,1.86,2.82,-0.22,0.05,0.06,1.00,-0.65,9.81,0.14,0.00,0.10
280.93,79.84,-9.46,1.89,2.75,-0.22,0.05,0.06,0.99,-0.54,9.73,0.14,-0.00,0.11
280.95,79.88,-9.45,1.93,2.70,-0.22,0.05,0.06,0.97,-0.44,9.68,0.13,-0.01,0.10
280.96,79.93,-9.49,1.95,2.70,-0.22,0.04,0.07,0.98,-0.36,9.69,0.12,-0.01,0.10
280.97,79.96,-9.50,1.95,2.74,-0.21,0.03,0.07,0.97,-0.34,9.76,0.12,-0.01,0.10
280.98,79.97,-9.54,1.95,2.78,-0.19,0.02,0.07,0.97,-0.32,9.78,0.12,-0.02,0.09
280.99,79.96,-9.54,1.99,2.81,-0.19,0.02,0.08,0.98,-0.32,9.78,0.11,-0.02,0.09
281.01,79.95,-9.47,2.08,2.83,-0.19,0.02,0.08,0.99,-0.32,9.79,0.11,-0.02,0.10
281.02,79.94,-9.34,2.24,2.81,-0.20,0.02,0.08,1.01,-0.28,9.72,0.11,-0.02,0.11
281.03,79.94,-9.29,2.39,2.78,-0.23,0.02,0.06,1.06,-0.21,9.64,0.11,-0.02,0.12
281.04,80.03,-9.36,2.43,2.71,-0.25,0.01,0.03,1.17,0.03,9.47,0.08,-0.03,0.11
281.06,80.11,-9.51,2.28,2.77,-0.24,-0.02,0.02,1.18,0.15,9.50,0.06,-0.04,0.10
281.07,80.13,-9.66,1.89,2.78,-0.12,-0.07,0.09,1.02,0.09,9.65,0.03,-0.05,0.11
281.10,80.12,-9.83,1.97,2.56,-0.05,-0.12,0.11,0.84,-0.13,9.76,0.03,-0.07,0.14
281.11,80.09,-9.86,1.99,2.48,-0.07,-0.15,0.11,0.73,-0.36,9.81,0.03,-0.09,0.16
281.12,80.04,-9.82,1.91,2.47,-0.09,-0.17,0.11,0.67,-0.58,9.83,0.03,-0.11,0.17
281.13,79.98,-9.70,1.73,2.45,-0.13,-0.19,0.14,0.63,-0.78,9.77,0.04,-0.13,0.18
281.15,79.86,-9.58,1.40,2.39,-0.20,-0.20,0.18,0.53,-1.06,9.64,0.04,-0.15,0.20
281.17,79.80,-9.62,1.35,2.36,-0.22,-0.21,0.17,0.50,-1.14,9.62,0.05,-0.15,0.21
281.18,79.72,-9.69,1.38,2.34,-0.25,-0.23,0.17,0.52,-1.19,9.65,0.06,-0.17,0.23
281.19,79.70,-9.72,1.42,2.33,-0.27,-0.24,0.16,0.55,-1.16,9.67,0.06,-0.18,0.23
281.20,79.62,-9.86,1.80,2.29,-0.32,-0.30,0.13,0.35,-0.78,9.57,0.05,-0.24,0.19
281.22,79.53,-9.82,2.02,2.22,-0.36,-0.35,0.11,0.27,-0.50,9.39,0.04,-0.26,0.19
281.23,79.40,-9.78,2.11,2.20,-0.39,-0.41,0.09,0.26,-0.25,9.20,0.03,-0.28,0.23
281.24,79.18,-9.83,2.11,2.36,-0.40,-0.51,0.08,0.36,-0.17,9.19,0.00,-0.31,0.32
281.26,78.94,-9.97,2.17,2.50,-0.40,-0.61,0.05,0.58,-0.26,9.36,-0.01,-0.34,0.49
281.29,78.66,-10.12,2.11,2.61,-0.44,-0.72,0.02,0.86,-0.37,9.50,-0.01,-0.36,0.53
281.30,78.61,-10.20,1.99,2.69,-0.46,-0.78,0.03,1.09,-0.41,9.65,-0.02,-0.37,0.54
281.31,78.55,-10.23,1.86,2.71,-0.46,-0.81,0.04,1.27,-0.43,9.76,-0.02,-0.39,0.50
281.32,78.53,-10.07,1.90,2.79,-0.46,-0.84,0.04,1.47,-0.44,9.77,-0.02,-0.43,0.40
281.34,78.31,-9.73,2.06,2.90,-0.49,-0.89,0.02,1.58,-0.43,9.67,-0.02,-0.45,0.36
281.35,78.71,-9.56,2.19,2.97,-0.51,-0.93,0.00,1.58,-0.34,9.42,-0.04,-0.53,0.24
281.37,78.16,-9.36,2.40,3.51,-0.59,-1.07,-0.08,1.86,-0.05,9.45,-0.08,-0.63,0.19
281.39,78.03,-9.23,2.47,3.88,-0.60,-1.12,-0.10,2.02,-0.00,9.54,-0.09,-0.64,0.18
281.41,77.97,-9.16,2.52,4.12,-0.61,-1.16,-0.12,2.29,0.09,9.48,-0.08,-0.67,0.17
281.42,77.41,-9.07,2.65,4.54,-0.61,-1.26,-0.13,2.55,0.20,9.37,-0.11,-0.69,0.15
281.43,77.37,-8.93,2.66,4.72,-0.61,-1.31,-0.12,2.78,0.25,9.34,-0.13,-0.70,0.12
281.45,76.55,-8.66,2.66,4.95,-0.61,-1.39,-0.13,2.91,0.26,9.32,-0.15,-0.70,0.09
281.46,76.45,-8.53,2.58,5.06,-0.61,-1.43,-0.14,3.05,0.25,9.26,-0.18,-0.71,0.04
281.48,76.10,-8.42,2.41,5.31,-0.59,-1.50,-0.17,3.16,0.14,9.19,-0.19,-0.71,0.03
281.49,74.93,-8.38,2.09,5.63,-0.56,-1.58,-0.17,3.24,-0.16,9.21,-0.21,-0.70,0.03
281.51,74.23,-8.29,1.83,5.86,-0.55,-1.64,-0.15,3.35,-0.40,9.22,-0.22,-0.69,0.02
281.53,73.32,-8.13,1.48,6.04,-0.54,-1.71,-0.11,3.46,-0.68,9.23,-0.22,-0.69,0.00
281.54,72.50,-7.99,1.16,6.18,-0.53,-1.76,-0.08,3.44,-0.93,9.31,-0.22,-0.69,-0.02
281.56,71.72,-7.84,0.89,6.35,-0.52,-1.79,-0.07,3.41,-1.18,9.49,-0.20,-0.69,-0.06
281.57,70.71,-7.52,0.74,6.57,-0.53,-1.81,-0.07,3.49,-1.34,9.56,-0.19,-0.69,-0.11
281.59,69.85,-7.25,0.59,6.79,-0.54,-1.83,-0.08,3.66,-1.38,9.56,-0.18,-0.67,-0.20
281.61,67.92,-6.62,0.38,7.31,-0.54,-1.85,-0.11,4.03,-1.44,9.37,-0.18,-0.66,-0.23
281.62,67.13,-6.22,0.32,7.53,-0.55,-1.87,-0.13,4.29,-1.47,9.21,-0.19,-0.63,-0.29
281.64,65.69,-5.80,0.35,7.84,-0.56,-1.89,-0.18,4.34,-1.48,9.07,-0.19,-0.60,-0.35
281.65,65.01,-5.61,0.34,8.05,-0.57,-1.89,-0.21,4.37,-1.47,9.03,-0.18,-0.56,-0.37
281.66,63.71,-5.42,0.29,8.32,-0.56,-1.88,-0.23,4.43,-1.36,9.06,-0.16,-0.53,-0.38
281.67,62.66,-5.30,0.33,8.55,-0.55,-1.88,-0.24,4.50,-1.18,9.08,-0.14,-0.49,-0.39
281.68,61.46,-5.23,0.36,8.74,-0.53,-1.87,-0.24,4.50,-1.04,9.04,-0.13,-0.45,-0.41
281.70,60.28,-5.16,0.38,8.78,-0.51,-1.85,-0.22,4.43,-0.99,8.92,-0.11,-0.40,-0.42
281.71,59.13,-5.14,0.34,8.69,-0.51,-1.84,-0.17,4.29,-0.99,8.79,-0.10,-0.36,-0.39
281.72,56.94,-4.91,0.13,8.16,-0.47,-1.89,-0.03,4.29,-0.90,8.63,-0.08,-0.29,-0.32
281.74,55.84,-4.60,0.19,8.11,-0.43,-1.95,0.02,4.33,-0.86,8.66,-0.08,-0.24,-0.27
281.76,53.28,-4.01,0.17,8.95,-0.41,-1.97,0.09,4.44,-0.83,8.96,-0.06,-0.20,-0.24
281.78,49.86,-3.73,-0.09,9.48,-0.39,-1.92,0.21,4.46,-1.03,8.94,-0.04,-0.15,-0.20
281.81,48.19,-3.13,-0.11,9.36,-0.40,-1.91,0.24,4.49,-1.09,8.79,-0.03,-0.14,-0.18
281.82,46.80,-2.67,-0.18,9.60,-0.41,-1.88,0.21,4.64,-1.05,8.58,-0.02,-0.10,-0.17
281.85,44.49,-2.33,-0.28,9.87,-0.39,-1.84,0.14,4.96,-1.01,8.59,-0.01,-0.08,-0.17
281.86,43.58,-2.23,-0.30,10.02,-0.37,-1.82,0.10,5.01,-1.02,8.76,-0.01,-0.06,-0.18
281.87,42.29,-2.12,-0.40,10.22,-0.36,-1.80,0.07,5.01,-1.03,8.87,0.01,-0.04,-0.19
281.88,40.39,-1.93,-0.39,10.25,-0.34,-1.76,0.04,4.93,-0.99,8.76,0.04,-0.02,-0.20
281.90,38.88,-1.80,-0.33,10.02,-0.33,-1.72,0.03,4.64,-0.92,8.71,0.04,-0.00,-0.20
281.91,37.36,-1.69,-0.25,9.84,-0.33,-1.67,0.03,4.41,-0.79,8.73,0.04,0.01,-0.20
281.93,36.39,-1.67,-0.20,9.79,-0.31,-1.64,0.03,4.16,-0.60,8.79,0.04,0.02,-0.18
281.94,34.02,-1.53,-0.13,9.83,-0.28,-1.57,0.07,4.00,-0.53,8.97,0.03,0.02,-0.14
281.96,32.89,-1.47,-0.16,9.89,-0.27,-1.53,0.10,3.96,-0.57,8.99,0.04,0.02,-0.12
281.97,31.04,-1.34,-0.43,9.84,-0.26,-1.47,0.16,3.83,-0.67,8.85,0.05,0.01,-0.06
281.99,30.02,-1.20,-0.53,9.76,-0.24,-1.44,0.20,3.72,-0.82,8.85,0.05,0.00,-0.04
282.00,28.98,-1.01,-0.59,9.68,-0.24,-1.41,0.21,3.61,-0.92,8.92,0.06,-0.01,-0.02
282.02,28.22,-0.95,-0.57,9.66,-0.23,-1.38,0.21,3.58,-0.94,8.92,0.07,-0.02,-0.01
282.03,27.12,-0.95,-0.65,9.69,-0.23,-1.33,0.19,3.57,-0.95,8.89,0.07,-0.04,-0.01
282.04,25.86,-0.93,-0.67,9.67,-0.22,-1.29,0.17,3.47,-0.93,8.95,0.07,-0.07,-0.02
282.06,24.88,-0.89,-0.60,9.68,-0.20,-1.24,0.16,3.32,-0.82,8.97,0.08,-0.11,-0.03
282.07,24.11,-0.83,-0.51,9.70,-0.19,-1.20,0.14,3.28,-0.76,9.01,0.08,-0.14,-0.04
282.08,23.50,-0.80,-0.50,9.71,-0.18,-1.16,0.10,3.26,-0.72,9.06,0.08,-0.18,-0.06
282.10,22.91,-0.80,-0.50,9.80,-0.16,-1.12,0.06,3.23,-0.63,9.13,0.07,-0.22,-0.09
282.11,22.46,-0.75,-0.42,9.86,-0.14,-1.10,0.03,3.24,-0.55,9.17,0.07,-0.27,-0.12
282.12,21.88,-0.61,-0.34,9.90,-0.12,-1.05,-0.04,3.32,-0.53,9.14,0.07,-0.32,-0.15
282.14,21.50,-0.53,-0.39,9.88,-0.10,-1.02,-0.09,3.43,-0.64,9.06,0.08,-0.38,-0.19
282.15,21.09,-0.62,-0.63,9.94,-0.08,-0.99,-0.14,3.61,-0.86,9.14,0.09,-0.44,-0.22
282.17,20.99,-0.81,-0.82,10.08,-0.08,-1.00,-0.14,3.77,-0.97,9.31,0.10,-0.47,-0.24
282.18,20.95,-0.99,-0.99,10.24,-0.09,-1.04,-0.12,3.74,-0.95,9.48,0.12,-0.51,-0.25
282.19,20.94,-1.20,-1.11,10.37,-0.08,-1.09,-0.11,3.47,-0.84,9.71,0.14,-0.64,-0.19
282.22,20.63,-2.10,-0.86,10.34,-0.02,-1.18,-0.02,2.00,-0.35,10.35,0.23,-0.70,-0.14
282.23,20.41,-2.60,-0.67,10.43,0.01,-1.17,0.07,1.19,-0.26,10.68,0.29,-0.84,-0.01
282.25,20.16,-3.17,-0.53,10.88,0.01,-1.12,0.20,0.35,-0.26,11.40,0.34,-0.97,0.13
282.26,20.01,-3.66,-0.44,11.48,0.01,-1.02,0.31,-0.09,-0.25,12.19,0.39,-1.13,0.27
282.27,20.30,-4.06,-0.25,12.51,0.02,-0.77,0.39,0.01,-0.15,13.06,0.43,-1.33,0.39
282.28,20.49,-4.13,-0.15,12.99,0.04,-0.63,0.37,0.22,0.08,13.66,0.43,-1.45,0.40
282.30,21.07,-3.98,0.05,13.49,0.11,-0.42,0.29,0.29,0.46,14.07,0.40,-1.61,0.33
282.31,23.04,-3.14,1.04,13.75,0.52,0.17,-0.16,0.06,1.57,14.13,0.21,-1.99,0.06
282.33,24.04,-2.81,1.73,13.21,0.72,0.43,-0.43,0.20,1.76,13.70,0.10,-2.12,-0.08
282.35,26.05,-2.46,2.22,11.78,0.86,0.78,-0.80,1.11,1.09,12.76,-0.01,-2.22,-0.17
282.37,27.37,-2.01,1.84,10.65,0.81,0.99,-0.86,1.67,0.43,11.75,-0.06,-2.24,-0.22
282.38,29.42,-1.59,1.15,9.66,0.69,1.19,-0.75,2.13,-0.19,10.70,-0.09,-2.22,-0.19
282.39,31.67,-1.60,0.29,8.92,0.54,1.41,-0.48,2.59,-0.90,9.76,-0.10,-2.20,-0.06
282.40,33.55,-1.75,-0.09,8.79,0.45,1.51,-0.30,3.16,-1.34,8.96,-0.08,-2.17,0.15
282.42,36.35,-1.84,-0.44,9.09,0.32,1.60,0.04,3.84,-1.69,8.29,-0.06,-2.11,0.48
282.43,39.19,-1.59,-0.56,9.68,0.21,1.61,0.30,4.50,-1.94,7.63,-0.03,-2.05,0.78
282.44,43.16,-0.69,-0.93,10.88,0.09,1.59,0.75,5.41,-1.83,7.50,0.04,-1.81,1.21
282.46,46.23,-0.04,-1.44,12.17,0.12,1.63,1.13,5.79,-1.95,7.42,0.22,-1.34,1.59
282.48,46.96,0.14,-1.56,12.47,0.17,1.68,1.24,6.11,-1.96,7.34,0.29,-1.18,1.76
282.50,48.66,0.53,-1.51,12.53,0.25,1.79,1.31,7.20,-2.35,7.12,0.49,-0.71,1.89
282.54,52.09,1.62,-0.80,11.90,0.19,2.02,1.10,9.07,-3.11,5.33,0.87,0.81,1.63
282.55,52.68,2.18,-0.68,11.95,0.11,2.08,0.90,9.46,-3.11,4.83,0.91,1.36,1.08
282.57,53.05,2.55,-0.52,11.42,0.02,2.16,0.59,9.75,-2.88,4.43,0.92,1.99,0.58
282.58,52.87,2.42,-0.27,10.72,-0.07,2.19,0.39,9.49,-2.43,4.04,0.92,2.57,0.03
282.60,52.63,2.31,-0.15,10.32,-0.12,2.17,0.32,9.19,-2.13,3.79,0.92,2.85,-0.20
282.61,52.14,2.18,0.08,9.75,-0.19,2.11,0.28,8.70,-1.69,3.45,0.94,3.20,-0.43
282.62,51.42,2.05,0.22,9.30,-0.27,2.02,0.29,8.37,-1.45,3.33,0.96,3.53,-0.57
282.63,50.15,1.83,0.38,8.69,-0.34,1.85,0.37,7.85,-1.12,3.37,1.00,3.84,-0.62
282.65,48.61,1.73,0.58,8.28,-0.38,1.73,0.44,7.45,-0.75,3.62,1.05,4.18,-0.59
282.66,46.73,1.56,0.78,7.66,-0.42,1.53,0.50,7.09,-0.37,3.89,1.06,4.40,-0.55
282.67,45.22,1.35,0.81,7.32,-0.43,1.34,0.48,6.82,-0.15,4.18,1.05,4.55,-0.54
282.68,42.93,1.21,0.79,7.12,-0.41,1.20,0.45,6.50,0.08,4.70,1.01,4.72,-0.53
282.69,40.34,1.07,0.87,6.90,-0.37,1.01,0.39,6.09,0.26,5.30,0.97,4.86,-0.52
282.71,35.84,0.51,1.18,6.70,-0.31,0.73,0.24,5.39,0.43,6.24,0.92,4.96,-0.53
282.72,33.01,0.07,1.26,6.67,-0.32,0.64,0.16,4.83,0.34,6.99,0.87,4.95,-0.55
282.73,30.79,-0.70,1.31,6.66,-0.37,0.54,0.06,4.21,0.05,7.88,0.83,4.89,-0.58
282.75,28.87,-1.65,1.31,6.78,-0.46,0.47,-0.05,3.89,0.06,8.22,0.81,4.84,-0.59
282.76,25.55,-3.09,1.22,7.30,-0.66,0.37,-0.15,2.81,0.23,8.77,0.68,4.54,-0.60
282.78,22.44,-4.24,0.95,7.73,-0.76,0.30,-0.18,1.90,0.38,8.88,0.51,4.22,-0.61
282.79,21.59,-5.56,0.55,8.12,-0.79,0.24,-0.14,1.17,0.44,9.01,0.41,3.88,-0.58
282.80,19.13,-7.55,-0.10,8.65,-0.69,0.20,-0.02,-0.81,0.45,9.28,0.20,3.06,-0.45
282.82,18.59,-8.71,-0.23,8.91,-0.48,0.19,0.11,-1.80,0.47,9.15,0.12,2.63,-0.29
282.83,16.29,-9.21,-0.03,8.84,-0.32,0.16,0.22,-2.28,0.34,8.55,-0.02,1.37,0.08
282.85,17.41,-8.72,0.14,8.68,-0.16,0.08,0.39,-1.72,0.03,8.30,-0.08,0.51,0.35
282.87,18.76,-7.21,-0.33,8.47,-0.09,-0.03,0.52,-0.92,-0.36,8.15,-0.14,-0.05,0.52
282.88,20.07,-5.83,-0.65,9.05,0.02,-0.17,0.70,-1.03,0.84,8.61,-0.36,-0.91,0.77
282.90,20.62,-5.10,0.19,11.00,0.23,-0.31,0.94,-1.93,2.56,10.88,-0.55,-1.18,0.82
282.91,20.59,-4.45,2.20,13.75,0.40,-0.37,1.25,-2.30,3.79,13.57,-0.58,-1.28,0.87
282.92,20.70,-4.99,4.65,15.78,0.28,-0.27,1.56,-2.58,4.45,17.04,-0.36,-1.16,1.44
282.93,20.96,-7.10,6.14,16.06,0.01,-0.08,1.70,-1.43,3.45,17.04,-0.14,-1.23,1.79
282.94,22.43,-7.62,5.12,15.09,-0.19,-0.06,1.60,2.77,1.64,14.32,0.20,-1.61,2.51
282.95,25.88,-0.17,0.15,12.57,-0.24,-0.34,1.15,8.15,-0.20,9.77,-0.05,-2.00,2.18
282.97,25.88,5.35,-0.84,10.55,-0.19,-0.46,0.82,8.99,-0.93,8.45,-0.30,-2.04,1.43
282.98,27.16,7.95,-1.45,7.76,-0.30,-0.56,0.30,9.37,-2.96,5.54,-0.75,-1.78,0.23
282.99,27.17,6.37,-2.13,6.36,-0.57,-0.75,-0.34,8.03,-3.74,4.62,-0.90,-1.58,-0.17
283.01,26.35,4.34,-3.58,7.35,-0.68,-0.90,-0.75,7.40,-3.78,5.77,-1.01,-1.43,-0.43
283.02,26.60,1.24,-3.64,11.02,-0.40,-1.17,-1.02,5.90,-2.63,8.31,-1.15,-1.00,-1.00
283.03,26.63,-0.71,-2.28,12.05,-0.32,-1.22,-1.05,4.38,-1.62,10.54,-1.18,-0.84,-1.19
283.05,26.33,-2.93,-0.70,11.78,-0.34,-1.21,-0.90,2.64,-1.03,11.82,-1.06,-0.78,-1.07
283.06,26.19,-3.40,-0.42,11.44,-0.37,-1.21,-0.74,1.59,-0.67,12.14,-0.94,-0.79,-0.97
283.07,26.12,-3.53,-0.31,11.27,-0.38,-1.21,-0.64,1.59,-0.67,12.14,-0.94,-0.79,-0.97
283.09,25.58,-3.17,0.02,10.40,-0.46,-1.21,-0.03,0.65,-0.16,11.62,-0.69,-0.83,-0.40
283.10,24.50,-1.04,-0.61,9.48,-0.55,-1.22,0.23,1.81,-0.78,9.66,-0.47,-0.81,0.13
283.12,23.58,0.24,-1.34,9.42,-0.55,-1.24,0.09,2.93,-1.37,8.92,-0.45,-0.77,0.16
283.13,23.08,0.35,-1.62,9.77,-0.50,-1.25,-0.20,3.83,-1.82,8.92,-0.49,-0.67,-0.07
283.14,21.65,-1.45,-0.80,10.51,-0.34,-1.23,-0.62,2.26,-1.39,10.15,-0.48,-0.54,-0.49
283.17,20.55,-1.53,-0.60,10.34,-0.31,-1.19,-0.62,1.43,-1.07,10.45,-0.39,-0.55,-0.40
283.19,19.70,-1.37,-0.68,10.03,-0.31,-1.15,-0.63,1.56,-1.20,10.07,-0.34,-0.55,-0.34
283.21,19.06,-1.38,-0.89,9.74,-0.34,-1.13,-0.63,1.63,-1.50,9.73,-0.30,-0.55,-0.35
283.22,18.54,-1.51,-1.06,9.63,-0.37,-1.11,-0.62,1.51,-1.67,9.53,-0.28,-0.57,-0.35
283.24,17.98,-1.69,-1.16,9.60,-0.41,-1.08,-0.59,1.22,-1.61,9.50,-0.24,-0.58,-0.34
283.25,17.80,-1.71,-1.16,9.66,-0.42,-1.07,-0.57,1.15,-1.54,9.52,-0.23,-0.59,-0.32
283.26,17.25,-1.58,-1.14,9.73,-0.41,-1.06,-0.54,1.13,-1.29,9.54,-0.20,-0.63,-0.24
283.28,16.85,-1.41,-1.11,9.74,-0.39,-1.05,-0.49,1.28,-1.16,9.49,-0.19,-0.65,-0.19
283.29,16.57,-1.23,-1.10,9.77,-0.36,-1.04,-0.44,1.47,-1.12,9.46,-0.18,-0.68,-0.16
283.30,16.36,-1.08,-1.10,9.76,-0.34,-1.02,-0.39,1.61,-1.09,9.42,-0.18,-0.70,-0.14
283.31,16.11,-0.88,-1.01,9.70,-0.31,-1.00,-0.34,1.78,-1.03,9.35,-0.17,-0.76,-0.15
283.33,15.79,-0.61,-0.76,9.58,-0.28,-0.97,-0.37,1.79,-0.99,9.25,-0.17,-0.79,-0.17
283.35,15.66,-0.61,-0.73,9.53,-0.27,-0.95,-0.43,1.73,-0.99,9.21,-0.17,-0.82,-0.18
283.36,15.49,-0.62,-0.80,9.55,-0.26,-0.92,-0.49,1.67,-1.03,9.15,-0.18,-0.87,-0.21
283.37,15.42,-0.60,-0.95,9.58,-0.25,-0.88,-0.55,1.73,-1.08,9.14,-0.20,-0.91,-0.23
283.38,15.44,-0.61,-1.11,9.66,-0.23,-0.85,-0.57,1.84,-1.12,9.17,-0.20,-0.95,-0.26
283.40,15.54,-0.66,-1.22,9.74,-0.21,-0.81,-0.57,1.97,-1.17,9.25,-0.22,-1.00,-0.31
283.41,15.77,-0.82,-1.33,9.75,-0.19,-0.79,-0.56,1.92,-1.22,9.32,-0.23,-1.05,-0.35
283.42,16.09,-1.25,-1.31,9.66,-0.17,-0.79,-0.54,1.57,-1.34,9.43,-0.23,-1.13,-0.38
283.44,16.49,-1.85,-1.25,9.63,-0.19,-0.78,-0.52,1.07,-1.37,9.62,-0.23,-1.20,-0.38
283.45,17.28,-2.48,-0.95,9.94,-0.20,-0.75,-0.43,0.57,-0.79,9.97,-0.22,-1.39,-0.31
283.48,17.75,-2.68,-0.81,10.23,-0.17,-0.71,-0.35,0.52,-0.52,10.23,-0.20,-1.46,-0.28
283.49,18.31,-2.83,-0.83,10.29,-0.14,-0.66,-0.29,0.42,-0.53,10.54,-0.16,-1.58,-0.24
283.50,19.16,-3.11,-1.04,10.48,-0.13,-0.60,-0.25,0.27,-0.87,11.16,-0.09,-1.75,-0.18
283.52,19.94,-3.34,-1.22,11.13,-0.11,-0.52,-0.23,0.23,-0.96,11.74,-0.05,-1.90,-0.13
283.53,20.62,-3.48,-1.27,11.82,-0.08,-0.45,-0.24,0.34,-0.63,12.37,-0.02,-2.01,-0.10
283.54,22.34,-4.05,-0.97,12.99,0.10,-0.23,-0.36,0.67,0.25,13.54,-0.08,-2.30,-0.19
283.56,24.46,-5.31,-0.17,13.27,0.30,-0.00,-0.61,0.35,1.51,14.45,-0.19,-2.47,-0.33
283.57,26.69,-6.39,1.59,13.87,0.61,0.28,-0.94,-0.31,2.83,15.66,-0.34,-2.72,-0.60
283.59,29.63,-6.46,3.65,14.15,1.01,0.65,-1.36,-0.29,2.96,16.88,-0.54,-2.89,-0.77
283.60,31.82,-5.42,3.37,13.61,1.15,0.89,-1.45,0.40,1.82,17.20,-0.65,-2.89,-0.82
283.62,33.71,-3.85,2.45,12.62,1.16,1.15,-1.35,1.01,0.58,16.67,-0.65,-2.85,-0.71
283.63,35.68,-2.45,1.33,11.68,1.04,1.44,-1.09,2.21,-0.83,14.96,-0.60,-2.79,-0.46
283.64,38.36,-1.55,0.06,11.22,0.83,1.75,-0.72,3.90,-1.94,12.32,-0.57,-2.68,-0.10
283.66,40.46,-1.00,-0.53,11.26,0.73,1.88,-0.53,4.96,-2.40,10.40,-0.56,-2.56,0.04
283.67,42.54,-0.29,-1.00,11.62,0.67,1.98,-0.36,6.02,-2.78,8.65,-0.54,-2.42,0.15
283.68,45.10,0.56,-0.84,12.10,0.64,1.99,-0.33,6.92,-3.08,7.37,-0.54,-2.27,0.21
283.69,47.70,1.01,-0.61,12.16,0.60,1.97,-0.39,8.16,-3.22,5.89,-0.52,-1.50,0.10
283.71,53.59,1.35,-0.91,12.01,0.29,1.87,-0.45,8.86,-2.86,4.04,-0.44,-1.13,0.02
283.73,55.78,1.10,-1.19,12.26,0.23,1.86,-0.33,8.33,-2.76,3.83,-0.33,-0.29,0.24
283.75,59.17,0.97,-1.70,12.28,0.19,1.88,0.25,7.28,-2.72,3.85,0.04,0.28,0.48
283.77,60.37,1.62,-1.50,11.55,0.14,1.91,0.65,7.51,-3.10,3.49,0.40,1.07,0.80
283.79,60.54,1.94,-1.40,10.90,0.08,1.91,0.75,7.87,-3.24,3.26,0.62,1.48,0.89
283.80,60.41,2.13,-1.32,10.33,0.01,1.91,0.77,8.03,-3.28,3.11,0.76,1.77,0.88
283.81,60.23,2.13,-1.21,10.01,-0.05,1.92,0.77,8.12,-3.26,2.94,0.93,2.12,0.75
283.83,59.58,2.13,-1.11,9.58,-0.17,1.92,0.81,7.77,-3.00,2.70,1.09,2.53,0.58
283.84,59.00,2.15,-1.06,9.29,-0.22,1.90,0.84,7.54,-2.59,2.49,1.17,2.85,0.37
283.85,58.16,2.11,-0.85,8.69,-0.29,1.81,0.88,7.60,-2.44,2.34,1.22,3.09,0.29
283.87,56.62,2.24,-0.58,8.22,-0.34,1.66,0.85,8.09,-1.98,2.07,1.29,3.66,0.06
283.88,55.09,2.41,-0.21,7.89,-0.38,1.50,0.80,8.49,-1.71,1.98,1.29,3.99,-0.26
283.90,52.91,2.64,0.30,7.48,-0.42,1.25,0.73,8.63,-0.96,2.03,1.18,4.42,-0.55
283.91,50.74,2.83,0.49,7.14,-0.40,1.04,0.58,8.60,-0.52,2.24,1.09,4.59,-0.87
283.92,48.57,2.87,0.46,6.91,-0.36,0.89,0.39,8.52,-0.01,2.73,0.94,4.79,-1.31
283.94,43.14,2.74,0.72,6.45,-0.16,0.55,0.00,6.93,0.29,3.93,0.64,5.09,-1.68
283.95,39.29,2.35,1.10,6.27,-0.10,0.38,-0.15,5.52,0.17,4.92,0.54,5.20,-1.70
283.96,35.89,1.42,1.28,6.25,-0.13,0.27,-0.31,4.63,-0.03,5.81,0.51,5.26,-1.59
283.98,30.03,-0.43,1.12,6.51,-0.30,0.18,-0.50,2.93,-0.70,7.96,0.54,5.25,-1.34
283.99,26.43,-2.14,0.88,6.84,-0.54,0.12,-0.59,1.90,-0.78,9.44,0.63,5.15,-1.08
284.00,22.57,-3.99,0.60,7.60,-0.85,0.01,-0.60,0.79,-0.05,10.70,0.71,4.91,-0.48
284.02,19.25,-5.65,0.32,8.75,-0.92,-0.15,-0.32,0.04,0.86,11.00,0.76,4.52,-0.20
284.03,15.81,-8.07,0.50,9.90,-0.63,-0.28,0.37,-0.43,1.26,10.57,0.67,3.70,0.38
284.06,15.00,-9.59,0.73,10.35,-0.42,-0.24,0.71,-0.84,1.06,10.18,0.57,2.86,0.48
284.07,14.11,-10.16,0.66,10.28,-0.23,-0.21,0.86,-2.14,0.63,9.34,0.36,1.71,0.53
284.09,13.57,-9.57,0.19,10.06,-0.10,-0.23,0.85,-2.35,0.03,8.82,0.21,0.94,0.75
284.10,14.46,-7.53,-0.51,9.57,0.13,-0.30,0.84,-1.22,-0.29,8.31,0.09,-0.13,0.95
284.12,15.13,-6.20,-0.57,9.58,0.26,-0.41,0.91,-0.36,0.14,8.21,-0.02,-0.44,1.04
284.12,15.79,-2.01,-0.03,11.81,0.52,-0.76,1.29,0.44,1.63,10.25,-0.36,-1.03,1.10
284.14,15.44,-0.05,2.70,14.31,0.65,-0.79,1.28,-0.39,3.21,14.97,-0.47,-0.67,0.85
284.16,14.62,-2.21,6.01,15.24,0.55,-0.57,1.09,-0.73,3.53,16.07,-0.32,-0.58,1.20
284.17,14.86,-4.87,7.05,15.47,0.16,-0.36,1.04,0.36,2.56,15.70,-0.23,-0.82,1.52
284.18,17.05,-4.81,0.96,14.27,-0.62,-0.15,1.09,4.29,1.10,13.76,-0.19,-1.49,1.59
284.20,19.40,0.90,-1.56,12.07,-0.27,-0.43,0.51,6.29,-0.69,11.32,-0.48,-1.82,0.88
284.21,20.00,4.57,-1.39,9.98,-0.11,-0.65,-0.09,6.67,-2.01,9.99,-0.63,-1.75,-0.03
284.22,19.39,3.14,-1.97,7.25,-0.41,-0.79,-0.73,4.25,-3.52,7.36,-0.55,-1.32,-0.19
284.25,19.38,2.10,-2.40,7.70,-0.49,-0.84,-0.86,4.79,-2.97,7.49,-0.69,-1.05,-0.59
284.26,19.69,0.62,-2.48,9.41,-0.46,-0.99,-0.90,4.18,-1.34,8.47,-0.66,-0.93,-0.74
284.28,19.51,-0.71,-1.39,10.38,-0.36,-1.07,-0.76,3.00,-1.11,9.11,-0.65,-0.86,-0.78
284.29,19.34,-2.63,0.04,10.82,-0.40,-1.08,-0.34,0.60,0.03,11.05,-0.52,-0.85,-0.30
284.31,19.00,-2.51,-0.15,10.34,-0.46,-1.08,-0.09,0.43,-0.57,10.85,-0.43,-0.83,-0.16
284.32,18.66,-2.00,-0.75,9.96,-0.51,-1.05,0.01,0.80,-1.22,10.08,-0.38,-0.82,-0.05
284.33,18.33,-1.58,-1.57,9.62,-0.53,-1.01,0.02,1.07,-1.80,9.68,-0.36,-0.81,-0.02
284.34,18.21,-1.49,-1.78,9.49,-0.52,-1.00,0.01,1.15,-2.06,9.56,-0.34,-0.81,-0.04
284.36,17.73,-0.92,-1.84,9.75,-0.49,-1.00,-0.16,1.78,-1.72,9.89,-0.30,-0.77,-0.20
284.39,17.40,-0.78,-1.51,10.11,-0.44,-1.01,-0.29,1.93,-1.17,10.01,-0.26,-0.76,-0.28
284.39,17.52,-0.78,-1.51,10.11,-0.44,-1.01,-0.29,1.95,-0.98,10.01,-0.25,-0.75,-0.32
284.42,16.98,-0.85,-1.05,10.21,-0.35,-1.02,-0.44,1.68,-0.86,9.90,-0.22,-0.74,-0.40
284.44,16.23,-1.16,-0.79,9.80,-0.30,-1.03,-0.54,1.14,-0.89,9.45,-0.18,-0.74,-0.38
284.45,16.04,-1.33,-0.79,9.65,-0.30,-1.03,-0.54,1.05,-0.89,9.38,-0.17,-0.74,-0.36
284.47,15.76,-1.52,-0.88,9.51,-0.30,-1.02,-0.49,0.90,-0.86,9.32,-0.16,-0.75,-0.31
284.48,15.55,-1.60,-0.94,9.48,-0.29,-1.01,-0.41,0.85,-0.83,9.31,-0.15,-0.75,-0.24
284.49,15.43,-1.64,-0.96,9.51,-0.29,-1.00,-0.34,0.97,-0.73,9.32,-0.14,-0.77,-0.16
284.50,15.30,-1.47,-0.93,9.57,-0.26,-0.99,-0.22,1.19,-0.62,9.34,-0.13,-0.78,-0.08
284.51,15.18,-1.13,-0.81,9.63,-0.22,-0.98,-0.10,1.41,-0.43,9.33,-0.13,-0.80,-0.05
284.53,15.02,-0.96,-0.70,9.60,-0.18,-0.97,-0.03,1.35,-0.41,9.27,-0.13,-0.82,-0.03
284.54,14.86,-1.12,-0.64,9.49,-0.15,-0.94,0.01,1.10,-0.48,9.23,-0.13,-0.85,-0.01
284.55,14.75,-1.40,-0.47,9.39,-0.15,-0.91,0.05,0.80,-0.57,9.29,-0.12,-0.90,0.04
284.57,14.79,-1.70,-0.47,9.42,-0.17,-0.88,0.07,0.66,-0.59,9.29,-0.11,-0.95,0.08
284.58,14.78,-1.94,-0.52,9.45,-0.17,-0.86,0.09,0.45,-0.58,9.31,-0.11,-1.01,0.11
284.59,14.98,-2.55,-0.61,9.47,-0.17,-0.81,0.13,-0.36,-0.66,9.45,-0.09,-1.22,0.20
284.62,15.60,-3.90,-0.66,9.63,-0.14,-0.64,0.24,-1.52,-0.73,9.84,-0.04,-1.36,0.28
284.63,16.37,-4.36,-0.52,9.64,-0.12,-0.51,0.38,-1.74,-0.62,9.90,-0.03,-1.52,0.38
284.65,17.06,-4.53,0.01,9.64,-0.13,-0.39,0.52,-1.71,-0.43,9.95,-0.04,-1.65,0.45
284.66,19.65,-4.57,1.11,9.76,-0.12,-0.12,0.57,-1.01,0.79,10.22,-0.11,-2.22,0.56
284.71,22.93,-5.58,1.57,9.78,0.00,0.20,0.33,-1.15,1.09,11.21,-0.13,-2.44,0.54
284.72,25.55,-6.60,1.53,10.40,0.12,0.39,0.26,-1.13,1.52,12.43,-0.23,-2.76,0.48
284.73,27.81,-7.19,1.79,11.71,0.31,0.55,0.19,-0.62,1.84,13.67,-0.34,-2.93,0.35
284.75,31.44,-7.23,1.84,13.41,0.58,0.72,0.14,1.60,1.92,17.04,-0.54,-3.16,0.20
284.76,34.47,-5.46,0.90,14.64,0.78,0.91,0.25,2.74,0.94,18.65,-0.50,-3.21,0.04
284.77,37.59,-3.13,-1.17,15.14,0.84,1.16,0.50,3.25,-1.47,18.01,-0.11,-3.10,0.12
284.79,39.35,-1.64,-3.13,14.87,0.84,1.33,0.81,2.87,-2.87,15.76,0.24,-2.91,0.47
284.80,42.25,0.04,-6.00,13.33,0.75,1.52,1.25,4.33,-5.88,9.81,0.86,-2.45,1.78
284.82,44.06,-0.11,-6.59,12.49,0.70,1.51,1.28,5.01,-8.05,7.44,1.19,-2.22,2.35
284.84,46.28,-0.43,-6.46,11.66,0.64,1.45,1.29,5.81,-8.70,5.75,1.45,-2.05,2.55
284.85,48.33,-0.82,-6.02,11.01,0.53,1.37,1.41,6.66,-8.36,4.98,1.56,-1.93,2.35
284.86,53.61,-0.66,-5.35,10.66,0.26,1.14,1.97,8.01,-7.06,4.58,1.82,-1.53,1.81
284.88,55.75,-0.16,-5.26,10.76,0.12,1.08,2.30,7.75,-6.41,4.27,2.00,-1.27,1.58
284.90,58.09,0.46,-5.33,10.71,-0.02,1.04,2.63,6.81,-6.28,3.74,2.40,-0.78,1.55
284.91,58.72,1.00,-5.29,10.48,-0.08,1.00,2.79,6.37,-6.45,3.40,2.71,-0.44,1.70
284.92,59.51,1.38,-5.16,10.10,-0.14,0.96,2.90,6.35,-6.60,3.26,2.92,-0.20,1.83
284.93,59.89,1.81,-4.70,9.61,-0.23,0.94,3.02,6.61,-6.65,3.07,3.20,0.15,1.94
284.95,59.74,1.91,-4.42,9.23,-0.35,0.91,3.14,6.82,-6.61,2.97,3.30,0.33,1.88
284.96,59.74,1.80,-4.37,9.05,-0.54,0.81,3.27,6.97,-5.96,3.02,3.46,0.79,1.74
284.98,59.41,1.85,-4.39,9.07,-0.57,0.76,3.30,6.97,-5.69,3.13,3.51,0.98,1.68
284.99,58.44,2.07,-4.22,9.05,-0.57,0.66,3.33,6.96,-5.39,3.32,3.58,1.24,1.65
285.01,57.35,2.13,-3.82,8.99,-0.57,0.58,3.38,7.01,-5.14,3.90,3.68,1.57,1.70
285.02,55.80,2.04,-3.32,8.98,-0.59,0.51,3.45,7.12,-5.01,4.49,3.77,1.80,1.78
285.03,52.99,1.51,-2.65,9.13,-0.66,0.37,3.54,7.05,-4.47,5.33,3.84,2.11,1.88
285.06,49.35,1.11,-2.19,9.35,-0.66,0.22,3.65,6.47,-3.83,5.99,3.78,2.31,1.99
285.07,47.20,0.91,-1.96,9.45,-0.62,0.14,3.72,6.10,-3.60,6.45,3.74,2.39,2.17
285.08,45.17,0.60,-1.83,9.54,-0.53,0.06,3.78,5.78,-3.56,6.89,3.72,2.44,2.39
285.10,42.72,0.21,-1.96,9.72,-0.44,-0.01,3.91,5.32,-3.68,7.43,3.72,2.50,2.76
285.11,38.59,-0.31,-2.20,10.02,-0.30,-0.13,4.16,4.52,-4.19,8.19,3.78,2.54,3.84
285.15,33.05,-0.66,-1.74,10.57,-0.06,-0.20,5.12,3.87,-4.69,8.80,3.69,2.45,5.00
285.17,29.69,0.10,-0.22,10.75,0.05,-0.15,5.90,6.27,-3.99,7.85,3.33,2.39,5.43
285.18,28.06,0.72,0.94,10.03,-0.10,-0.08,6.03,8.43,-3.82,7.33,2.76,2.26,5.34
285.19,27.06,0.93,0.36,9.76,-0.71,0.07,5.22,8.72,-2.87,6.89,1.72,1.81,4.12
285.22,27.06,0.12,0.08,10.27,-0.78,0.11,4.25,8.15,-2.52,7.46,1.13,1.42,3.34
285.23,27.36,0.35,0.33,10.30,-0.76,0.05,3.40,8.72,-2.84,7.69,0.54,0.79,2.61
285.24,27.64,1.74,0.27,10.02,-0.77,-0.05,2.80,9.43,-2.96,7.43,0.35,0.53,2.05
285.26,28.04,6.45,-0.56,9.57,-0.85,-0.32,1.91,10.63,-1.53,5.99,-0.08,0.03,1.51
285.27,26.84,5.80,0.13,9.35,-0.87,-0.41,1.64,8.87,-0.71,6.48,-0.07,0.09,1.28
285.29,26.19,3.04,0.77,9.90,-0.92,-0.46,1.61,6.79,-0.27,7.52,0.01,0.21,1.45
285.30,25.66,0.20,0.71,11.49,-1.03,-0.50,1.74,5.60,0.16,9.41,-0.00,0.33,1.63
285.31,25.32,-1.05,0.80,12.39,-1.06,-0.56,1.89,5.32,1.23,10.01,-0.04,0.44,1.61
285.33,24.93,-1.27,1.26,11.56,-1.03,-0.58,2.08,4.76,1.97,10.09,-0.03,0.48,1.55
285.34,24.46,-1.25,1.37,10.92,-1.02,-0.58,2.22,4.29,2.14,10.05,-0.02,0.47,1.44
285.36,23.06,-0.49,0.51,10.31,-0.90,-0.62,2.38,3.11,1.31,9.84,0.03,0.45,1.42
285.38,21.34,-0.15,-0.60,10.11,-0.71,-0.66,2.27,2.40,0.19,9.76,0.04,0.45,1.45
285.40,19.53,-0.35,-1.08,9.80,-0.59,-0.65,2.17,1.89,-0.60,9.73,0.04,0.44,1.47
285.41,18.45,-0.58,-1.11,9.75,-0.55,-0.63,2.10,1.79,-0.79,9.69,0.04,0.40,1.46
285.42,17.10,-0.95,-0.96,9.86,-0.49,-0.58,1.94,1.66,-0.64,9.71,0.04,0.35,1.38
285.44,16.60,-1.12,-0.78,10.04,-0.45,-0.54,1.82,1.56,-0.46,9.80,0.03,0.29,1.29
285.45,15.63,-1.36,-0.64,10.27,-0.39,-0.47,1.65,1.50,-0.18,10.07,0.03,0.19,1.14
285.47,15.39,-1.43,-0.58,10.38,-0.34,-0.42,1.50,1.43,-0.12,10.24,0.03,0.13,1.02
285.48,15.08,-1.39,-0.54,10.39,-0.31,-0.39,1.39,1.18,-0.14,10.32,0.04,0.07,0.93
285.49,14.45,-1.10,-0.59,10.32,-0.26,-0.31,1.19,1.09,-0.35,10.20,0.05,-0.01,0.84
285.51,14.10,-0.76,-0.77,10.20,-0.23,-0.27,1.08,1.61,-0.48,9.88,0.05,-0.07,0.80
285.52,13.80,0.02,-0.97,10.16,-0.19,-0.23,0.91,2.42,-0.50,9.60,0.04,-0.11,0.69
285.54,13.71,0.57,-1.00,10.15,-0.15,-0.22,0.79,3.10,-0.53,9.47,0.02,-0.14,0.59
285.55,13.67,0.96,-1.00,10.15,-0.13,-0.22,0.67,3.50,-0.51,9.36,0.01,-0.15,0.47
285.56,13.64,1.29,-0.96,10.10,-0.10,-0.23,0.53,3.89,-0.50,9.24,-0.01,-0.14,0.39
285.58,13.60,1.52,-0.91,10.07,-0.09,-0.25,0.46,4.08,-0.43,9.18,-0.02,-0.13,0.31
285.59,13.55,1.67,-0.88,10.05,-0.09,-0.27,0.40,4.23,-0.48,9.15,-0.02,-0.10,0.24
285.61,13.32,1.77,-1.00,10.00,-0.09,-0.30,0.34,4.24,-0.54,9.18,-0.01,-0.02,0.16
285.63,12.72,1.47,-1.12,9.96,-0.07,-0.37,0.29,3.86,-0.76,9.28,0.06,0.04,0.12
285.66,12.33,1.14,-1.15,9.99,-0.07,-0.39,0.26,3.46,-0.76,9.35,0.08,0.06,0.07
285.68,12.07,0.86,-1.09,10.01,-0.06,-0.40,0.25,3.21,-0.74,9.40,0.10,0.07,0.06
285.69,11.72,0.53,-0.99,10.03,-0.05,-0.41,0.25,2.75,-0.59,9.49,0.12,0.08,0.06
285.70,11.52,0.22,-0.88,10.09,-0.04,-0.41,0.25,2.50,-0.55,9.57,0.14,0.07,0.05
285.71,11.36,-0.05,-0.81,10.14,-0.03,-0.41,0.25,2.26,-0.51,9.66,0.16,0.06,0.05
285.72,10.92,-0.24,-0.76,10.13,-0.02,-0.40,0.25,1.88,-0.43,9.70,0.18,0.04,0.05
285.73,10.74,-0.49,-0.69,10.11,0.00,-0.39,0.25,1.59,-0.37,9.69,0.20,0.01,0.06
285.75,10.43,-0.64,-0.66,10.10,0.02,-0.38,0.24,1.42,-0.29,9.68,0.22,-0.03,0.06
285.76,10.27,-0.73,-0.62,10.12,0.05,-0.37,0.23,1.34,-0.28,9.70,0.23,-0.07,0.06
285.77,10.27,-0.75,-0.64,10.13,0.08,-0.35,0.21,1.27,-0.29,9.73,0.23,-0.10,0.04
285.78,10.03,-0.80,-0.67,10.14,0.12,-0.33,0.17,1.23,-0.21,9.72,0.25,-0.18,0.01
285.80,10.01,-0.76,-0.57,10.12,0.16,-0.32,0.14,1.27,-0.20,9.72,0.25,-0.23,-0.02
285.81,10.11,-0.71,-0.50,10.11,0.19,-0.31,0.11,1.34,-0.22,9.71,0.26,-0.28,-0.04
285.82,10.17,-0.66,-0.50,10.10,0.20,-0.30,0.07,1.41,-0.19,9.70,0.27,-0.33,-0.07
285.83,10.29,-0.68,-0.49,10.13,0.23,-0.29,0.03,1.45,-0.09,9.71,0.28,-0.36,-0.09
285.84,10.36,-0.74,-0.46,10.14,0.25,-0.29,0.02,1.42,-0.11,9.72,0.29,-0.41,-0.11
285.85,10.55,-0.85,-0.48,10.09,0.27,-0.28,-0.01,1.28,-0.20,9.78,0.30,-0.46,-0.12
285.86,10.71,-1.05,-0.63,10.13,0.28,-0.26,-0.02,1.13,-0.20,9.83,0.31,-0.50,-0.12
285.87,11.13,-1.43,-0.72,10.26,0.32,-0.23,-0.00,0.89,-0.23,10.02,0.35,-0.60,-0.10
285.89,11.53,-1.67,-0.63,10.35,0.37,-0.19,0.04,0.74,-0.21,10.22,0.39,-0.67,-0.07
285.90,12.09,-1.84,-0.55,10.35,0.40,-0.15,0.08,0.72,-0.16,10.27,0.41,-0.73,-0.03
285.92,13.07,-1.87,-0.42,10.44,0.48,-0.07,0.18,0.88,0.33,10.43,0.51,-0.88,0.04
285.93,13.77,-1.72,-0.28,10.62,0.54,-0.04,0.28,1.24,0.73,10.62,0.60,-0.99,0.13
285.95,14.50,-1.48,-0.10,10.91,0.61,-0.04,0.42,1.45,0.87,10.78,0.66,-1.05,0.26
285.96,15.22,-1.21,0.23,11.33,0.67,-0.05,0.57,1.72,0.99,11.08,0.74,-1.14,0.36
285.97,15.81,-1.07,0.47,11.72,0.69,-0.04,0.65,1.72,0.88,11.44,0.78,-1.22,0.50
285.99,16.77,-1.47,0.73,12.14,0.70,0.07,0.73,1.34,0.40,11.87,0.81,-1.31,0.54
286.00,17.40,-1.97,0.73,11.98,0.68,0.17,0.71,0.84,-0.16,12.07,0.82,-1.39,0.54
286.01,18.63,-3.23,0.39,11.33,0.59,0.37,0.66,0.04,-0.74,12.18,0.84,-1.52,0.52
286.02,19.95,-4.19,-0.06,10.90,0.53,0.52,0.70,-0.36,-0.71,12.07,0.85,-1.65,0.56
286.04,21.49,-4.58,-0.26,10.79,0.51,0.63,0.86,-0.40,-0.54,11.95,0.85,-1.75,0.66
286.05,23.44,-4.19,-0.04,10.83,0.55,0.72,1.11,-0.18,-0.54,11.76,0.84,-1.81,0.87
286.06,24.94,-3.45,0.13,10.80,0.55,0.80,1.28,0.43,-0.82,11.50,0.83,-1.85,1.07
286.07,26.08,-2.90,0.09,10.75,0.54,0.86,1.35,1.37,-1.28,11.15,0.82,-1.88,1.35
286.09,29.19,-1.88,-0.52,10.69,0.43,1.00,1.39,2.96,-1.99,10.39,0.81,-1.87,1.50
286.11,31.40,-1.57,-1.08,10.71,0.31,1.08,1.42,3.52,-2.71,9.87,0.82,-1.88,1.67
286.12,32.94,-1.62,-1.63,10.61,0.17,1.14,1.48,3.72,-3.60,9.62,0.88,-1.89,1.90
286.13,35.06,-1.75,-2.53,10.52,0.02,1.19,1.61,3.73,-4.28,9.48,0.99,-1.87,2.74
286.16,38.44,-1.44,-4.34,10.55,-0.13,1.33,2.14,3.23,-5.25,8.54,1.27,-1.67,3.30
286.17,40.26,-1.25,-4.50,10.57,-0.15,1.43,2.48,3.56,-5.67,7.50,1.42,-1.34,3.67
286.19,41.92,-1.14,-4.29,10.63,-0.19,1.50,2.75,5.24,-5.80,7.18,1.45,-1.02,3.92
286.20,43.97,-0.49,-3.94,11.03,-0.26,1.54,2.89,6.65,-5.66,6.91,1.44,-0.74,3.77
286.21,46.13,0.56,-3.50,11.48,-0.32,1.60,2.86,7.97,-5.26,6.62,1.36,-0.21,3.23
286.23,47.40,1.43,-2.96,11.66,-0.37,1.70,2.65,8.24,-4.95,6.55,1.32,0.12,2.42
286.26,48.42,1.73,-2.03,11.64,-0.46,1.89,2.08,7.92,-4.05,6.43,1.28,0.86,2.01
286.27,48.65,1.50,-1.67,11.51,-0.49,1.95,1.88,7.74,-3.66,6.38,1.29,1.10,1.83
286.28,48.69,1.38,-1.30,11.38,-0.51,2.01,1.76,7.47,-3.05,6.36,1.33,1.51,1.64
286.30,48.53,1.28,-0.92,11.27,-0.50,2.05,1.69,7.37,-2.67,6.33,1.37,1.76,1.60
286.31,48.07,1.28,-0.27,10.97,-0.48,2.08,1.72,7.31,-2.03,6.20,1.47,2.22,1.61
286.32,47.35,1.40,0.29,10.61,-0.48,2.08,1.78,7.37,-1.71,6.08,1.55,2.51,1.70
286.35,46.07,1.66,1.09,9.93,-0.53,1.97,1.87,7.69,-1.34,5.86,1.68,2.93,1.73
286.36,45.03,1.66,1.37,9.54,-0.57,1.86,1.92,8.04,-1.12,5.82,1.76,3.27,1.69
286.37,43.24,1.62,1.49,9.10,-0.62,1.67,1.96,8.15,-0.75,5.88,1.77,3.60,1.55
286.38,41.66,1.67,1.45,8.78,-0.62,1.49,1.94,7.96,-0.47,5.97,1.72,3.85,1.35
286.40,39.02,1.85,1.40,8.21,-0.58,1.25,1.76,7.61,-0.15,6.08,1.66,4.12,1.11
286.41,35.87,1.61,1.80,7.81,-0.52,1.08,1.51,7.33,0.22,6.41,1.59,4.38,0.82
286.43,33.91,1.10,2.40,7.55,-0.52,0.93,1.31,7.03,0.41,6.93,1.49,4.48,0.57
286.44,31.72,0.58,2.75,7.41,-0.58,0.80,1.07,6.49,0.71,7.19,1.38,4.54,0.25
286.45,28.70,-0.00,2.55,7.32,-0.62,0.65,0.72,5.67,0.99,7.50,1.11,4.54,-0.11
286.47,26.49,-0.32,2.24,7.17,-0.61,0.52,0.52,5.35,0.90,7.60,0.97,4.48,-0.28
286.48,24.47,-0.62,2.23,6.98,-0.62,0.42,0.40,4.86,0.66,7.59,0.78,4.39,-0.46
286.49,23.88,-1.26,2.44,6.81,-0.68,0.31,0.27,4.71,0.58,7.59,0.69,4.32,-0.55
286.50,19.89,-3.74,2.34,7.29,-1.01,0.22,-0.12,1.73,0.31,8.26,0.18,3.75,-0.94
286.52,18.92,-5.25,2.00,7.79,-1.13,0.20,-0.28,-0.19,0.36,8.58,-0.02,3.29,-1.00
286.53,16.75,-7.70,1.19,8.79,-1.17,0.19,-0.44,-2.45,0.33,8.57,-0.17,2.56,-0.74
286.55,16.43,-9.14,0.89,9.18,-1.08,0.18,-0.42,-3.11,0.30,8.34,-0.21,2.03,-0.45
286.56,16.00,-9.80,0.71,9.14,-0.98,0.14,-0.31,-2.92,0.29,8.03,-0.26,1.29,-0.07
286.57,16.68,-8.97,-0.22,8.80,-0.85,-0.04,-0.09,-1.47,0.17,7.82,-0.37,-0.20,0.52
286.59,17.69,-7.62,-1.14,9.43,-0.62,-0.23,0.25,-1.46,1.73,8.94,-0.50,-0.67,0.64
286.61,18.23,-4.84,-0.18,13.49,0.10,-0.54,0.79,-2.70,4.43,14.01,-0.61,-0.94,1.01
286.64,18.08,-9.08,5.29,17.18,-0.12,-0.02,1.47,-0.55,1.70,16.84,0.03,-1.35,1.93
286.65,19.89,-8.47,-0.09,15.70,-0.25,-0.01,1.40,1.97,0.16,14.76,0.13,-1.67,2.06
286.66,22.13,-3.96,-2.19,13.41,0.02,-0.28,1.11,4.75,-1.27,11.36,0.02,-2.02,1.86
286.68,22.28,6.84,-1.39,6.63,0.16,-0.58,0.26,6.07,-2.76,7.19,-0.34,-1.99,0.61
286.70,21.39,6.09,-1.35,4.57,-0.24,-0.67,-0.16,5.87,-2.93,4.51,-0.50,-1.70,0.38
286.71,21.22,3.66,-1.89,5.98,-0.51,-0.81,-0.54,6.31,-2.69,5.84,-0.66,-1.43,0.05
286.73,21.60,2.15,-2.37,7.80,-0.53,-0.93,-0.70,6.33,-2.01,7.04,-0.82,-1.26,-0.34
286.74,22.61,0.55,-2.39,10.79,-0.39,-1.06,-0.74,5.55,-0.79,9.27,-0.96,-1.05,-0.84
286.75,22.40,-1.75,-0.30,12.44,-0.20,-1.11,-0.71,2.53,0.47,11.63,-0.75,-0.94,-0.81
286.76,22.14,-2.87,0.57,11.63,-0.23,-1.15,-0.52,1.49,0.66,11.69,-0.65,-0.94,-0.53
286.78,21.89,-2.13,0.12,10.35,-0.30,-1.20,-0.28,1.81,-0.09,10.81,-0.50,-0.94,-0.20
286.80,21.73,-1.36,-0.54,9.71,-0.33,-1.21,-0.18,2.07,-1.11,9.46,-0.46,-0.92,-0.15
286.81,21.02,-0.34,-1.88,9.00,-0.42,-1.21,-0.28,2.78,-2.46,8.67,-0.48,-0.80,-0.31
286.83,20.79,-0.39,-2.06,9.23,-0.43,-1.22,-0.43,2.58,-2.55,9.05,-0.50,-0.75,-0.41
286.84,20.41,-0.63,-2.01,9.79,-0.41,-1.21,-0.54,2.19,-2.14,9.75,-0.50,-0.70,-0.51
286.85,19.56,-1.20,-1.31,10.34,-0.35,-1.21,-0.65,1.81,-1.50,10.23,-0.47,-0.67,-0.55
286.86,18.89,-1.49,-0.69,10.52,-0.30,-1.19,-0.69,1.54,-0.80,10.51,-0.41,-0.67,-0.51
286.88,18.24,-1.59,-0.53,10.39,-0.28,-1.18,-0.65,1.58,-0.75,10.27,-0.35,-0.67,-0.47
286.89,17.89,-1.50,-0.67,10.13,-0.29,-1.16,-0.59,1.63,-1.05,9.99,-0.32,-0.66,-0.41
286.91,17.49,-1.26,-1.00,9.85,-0.30,-1.17,-0.55,1.72,-1.33,9.79,-0.30,-0.65,-0.37
286.92,17.17,-1.10,-1.20,9.61,-0.31,-1.17,-0.52,1.85,-1.66,9.50,-0.28,-0.64,-0.34
286.93,16.84,-0.97,-1.37,9.37,-0.34,-1.18,-0.48,1.92,-1.78,9.30,-0.26,-0.63,-0.32
286.94,16.54,-0.91,-1.40,9.29,-0.35,-1.19,-0.46,1.95,-1.77,9.17,-0.24,-0.61,-0.31
286.95,16.07,-0.78,-1.27,9.41,-0.38,-1.20,-0.42,1.90,-1.54,9.23,-0.23,-0.60,-0.31
286.96,15.33,-0.62,-1.01,9.77,-0.39,-1.20,-0.41,1.84,-1.16,9.46,-0.21,-0.59,-0.28
286.99,14.42,-0.65,-0.81,9.93,-0.35,-1.19,-0.45,1.76,-0.91,9.58,-0.19,-0.61,-0.26
287.00,13.89,-0.78,-0.76,9.85,-0.33,-1.17,-0.47,1.51,-0.95,9.58,-0.18,-0.63,-0.25
287.02,13.40,-0.94,-0.81,9.77,-0.32,-1.14,-0.50,1.20,-1.00,9.53,-0.17,-0.68,-0.24
287.04,12.90,-1.20,-1.00,9.73,-0.31,-1.08,-0.49,0.92,-1.05,9.51,-0.17,-0.73,-0.23
287.05,12.56,-1.31,-1.03,9.75,-0.31,-1.03,-0.46,0.78,-1.07,9.50,-0.16,-0.79,-0.20
287.07,12.43,-1.22,-1.06,9.77,-0.31,-0.98,-0.42,0.92,-1.10,9.51,-0.16,-0.83,-0.18
287.08,12.32,-0.95,-1.27,9.87,-0.28,-0.93,-0.40,1.26,-1.11,9.52,-0.15,-0.90,-0.15
287.10,12.35,-0.72,-1.53,9.92,-0.21,-0.90,-0.38,1.57,-1.18,9.52,-0.14,-0.95,-0.16
287.11,12.47,-0.80,-1.57,9.86,-0.16,-0.88,-0.36,1.54,-1.20,9.50,-0.14,-1.03,-0.19
287.13,12.75,-1.30,-1.21,9.76,-0.13,-0.86,-0.35,1.02,-1.21,9.61,-0.11,-1.12,-0.20
287.15,13.05,-1.81,-1.04,9.75,-0.14,-0.84,-0.35,0.58,-1.15,9.76,-0.10,-1.24,-0.17
287.17,13.57,-2.15,-1.00,9.89,-0.17,-0.80,-0.33,0.44,-0.98,9.97,-0.09,-1.33,-0.14
287.18,14.44,-2.05,-0.79,10.34,-0.15,-0.76,-0.26,0.84,-0.38,10.24,-0.06,-1.49,-0.11
287.20,15.00,-2.00,-0.69,10.49,-0.12,-0.73,-0.23,0.92,-0.18,10.44,-0.04,-1.59,-0.11
287.21,15.63,-2.05,-0.70,10.62,-0.09,-0.69,-0.22,0.81,-0.23,10.61,-0.02,-1.68,-0.10
287.22,16.71,-2.25,-1.05,10.93,-0.04,-0.60,-0.23,0.61,-0.77,11.22,0.02,-1.90,-0.07
287.24,17.74,-2.84,-1.37,11.52,-0.01,-0.48,-0.29,0.41,-1.05,11.89,0.04,-2.09,-0.05
287.26,19.14,-3.51,-1.48,12.23,0.06,-0.33,-0.32,0.32,-0.61,12.56,0.03,-2.22,-0.05
287.27,20.37,-4.00,-1.37,12.56,0.16,-0.18,-0.33,0.39,-0.04,13.07,-0.02,-2.36,-0.09
287.28,21.93,-4.56,-0.93,12.72,0.30,0.01,-0.41,0.47,0.52,13.50,-0.07,-2.50,-0.18
287.30,24.66,-5.73,0.83,13.18,0.63,0.35,-0.76,-0.40,1.72,14.66,-0.22,-2.71,-0.37
287.31,26.18,-6.32,2.02,13.45,0.82,0.54,-0.99,-0.63,2.07,15.61,-0.37,-2.88,-0.59
287.33,30.56,-5.12,2.91,12.74,1.08,1.01,-1.32,0.04,1.22,16.44,-0.58,-2.89,-0.65
287.35,32.65,-3.51,1.85,11.96,1.02,1.25,-1.17,1.05,-0.17,15.82,-0.60,-2.84,-0.55
287.36,34.87,-2.19,0.76,11.25,0.85,1.52,-0.89,2.52,-1.79,13.67,-0.55,-2.73,-0.15
287.37,37.61,-1.16,-0.70,11.01,0.58,1.81,-0.39,3.62,-2.20,11.22,-0.49,-2.61,0.09
287.39,40.27,-0.43,-1.27,11.32,0.50,1.97,-0.14,5.38,-2.62,9.60,-0.46,-2.49,0.39
287.40,44.13,0.12,-1.33,11.93,0.47,2.02,-0.06,7.25,-3.31,7.15,-0.40,-2.19,0.51
287.42,46.40,0.79,-1.17,12.07,0.40,1.95,-0.10,7.92,-3.50,6.05,-0.39,-2.01,0.52
287.43,50.99,1.37,-1.39,11.79,0.24,1.86,-0.11,8.75,-3.53,4.49,-0.35,-1.49,0.47
287.45,53.96,1.12,-1.93,11.88,0.12,1.82,0.06,8.36,-3.49,3.95,-0.22,-1.01,0.55
287.47,56.82,0.74,-2.47,12.24,0.05,1.84,0.43,7.35,-3.42,4.11,-0.00,-0.43,0.70
287.48,58.41,0.87,-2.67,12.41,0.05,1.89,0.81,7.00,-3.55,4.15,0.26,0.10,0.98
287.50,59.42,1.26,-2.56,12.19,0.05,1.95,1.10,7.15,-3.69,3.84,0.51,0.54,1.33
287.51,60.15,1.93,-2.14,11.42,0.01,1.96,1.27,7.96,-3.98,3.41,0.94,1.30,1.48
287.53,60.24,2.08,-1.98,11.10,-0.02,1.96,1.23,8.26,-3.88,3.27,1.13,1.69,1.37
287.55,59.29,2.30,-1.34,10.18,-0.10,1.94,1.05,8.28,-3.61,3.16,1.47,2.54,0.93
287.57,58.39,2.37,-0.89,9.58,-0.18,1.92,1.03,8.16,-3.35,2.93,1.58,2.92,0.70
287.59,57.20,2.33,-0.46,9.02,-0.31,1.85,1.06,8.23,-2.81,2.57,1.66,3.28,0.34
287.61,55.69,2.31,-0.15,8.55,-0.43,1.71,1.07,8.38,-2.19,2.27,1.68,3.65,-0.13
287.63,51.92,2.46,0.49,7.52,-0.59,1.25,1.01,8.47,-1.17,2.63,1.61,4.35,-0.35
287.65,50.17,2.62,0.38,7.22,-0.58,1.10,0.87,8.15,-0.82,3.13,1.53,4.61,-0.55
287.66,47.00,2.73,0.13,6.89,-0.50,0.91,0.60,7.76,-0.65,3.74,1.45,4.81,-0.85
287.68,42.38,2.63,0.22,6.49,-0.34,0.70,0.31,7.06,-0.49,4.62,1.33,5.09,-1.00
287.69,39.02,2.26,0.55,6.30,-0.27,0.53,0.14,6.20,-0.36,5.25,1.22,5.21,-1.10
287.70,33.65,0.99,0.87,6.37,-0.29,0.31,-0.05,5.22,-0.65,6.40,1.12,5.27,-1.12
287.72,28.34,-0.91,0.90,6.66,-0.56,0.11,-0.25,4.02,-0.86,8.25,0.99,5.24,-1.12
287.73,25.35,-2.29,0.85,7.07,-0.78,0.01,-0.44,3.39,-0.67,8.95,0.88,5.13,-1.13
287.74,21.21,-4.34,0.49,7.93,-1.00,-0.10,-0.47,1.31,-0.10,9.93,0.56,4.74,-1.10
287.76,19.17,-6.65,-0.19,9.16,-0.99,-0.16,-0.30,0.02,0.40,10.12,0.41,4.32,-0.91
287.78,16.98,-9.01,-0.08,10.03,-0.75,-0.16,0.02,-1.10,0.68,9.92,0.32,3.42,-0.45
287.79,15.59,-10.66,0.22,10.28,-0.54,-0.14,0.35,-2.43,0.64,9.42,0.21,2.43,-0.13
287.81,14.32,-10.84,-0.12,10.32,-0.37,-0.15,0.53,-3.31,0.24,9.18,0.13,1.19,0.30
287.82,14.40,-9.37,-0.85,10.57,0.01,-0.27,0.76,-3.11,0.21,9.49,-0.08,0.25,0.77
287.84,14.54,-7.56,-0.86,11.76,0.28,-0.44,1.08,-2.61,0.54,11.22,-0.30,-0.49,1.17
287.86,14.69,-5.53,-0.60,13.29,0.43,-0.55,1.35,-2.05,2.35,12.91,-0.33,-0.75,1.33
287.87,14.63,-4.11,3.12,15.09,0.77,-0.48,1.60,-0.59,3.78,14.65,-0.20,-0.83,1.66
287.88,15.37,-4.95,5.10,14.95,0.53,-0.26,1.70,0.81,2.56,14.61,-0.19,-1.17,1.92
287.90,17.77,-4.88,1.83,13.78,-0.05,-0.09,1.67,4.36,0.74,13.13,-0.14,-1.76,1.97
287.91,19.66,2.41,-0.95,10.68,0.15,-0.45,0.76,6.14,-1.57,10.35,-0.34,-2.06,1.25
287.93,20.85,5.24,-0.89,8.49,0.06,-0.57,0.20,6.61,-2.76,8.26,-0.51,-1.98,0.29
287.95,20.30,3.80,-2.32,6.86,-0.42,-0.75,-0.46,5.53,-3.44,6.04,-0.66,-1.52,-0.02
287.96,20.75,2.36,-2.83,7.93,-0.44,-0.86,-0.66,5.73,-2.60,6.67,-0.80,-1.30,-0.37
287.98,21.38,0.76,-2.40,9.48,-0.39,-0.98,-0.67,5.16,-2.00,7.92,-0.86,-1.17,-0.64
287.99,21.68,-0.99,-1.28,10.77,-0.32,-1.06,-0.56,2.79,-0.82,10.01,-0.73,-1.09,-0.68
288.00,21.56,-2.21,-0.05,10.55,-0.43,-1.09,0.01,1.65,-0.39,10.75,-0.47,-1.04,-0.01
288.04,21.28,-1.04,-1.17,9.62,-0.49,-1.07,0.12,2.11,-1.55,9.53,-0.39,-1.02,0.03
288.05,21.01,-0.63,-2.14,9.28,-0.50,-1.06,0.01,2.46,-2.57,9.16,-0.37,-0.92,-0.07
288.08,20.75,-0.57,-2.30,9.52,-0.46,-1.08,-0.11,2.65,-2.49,9.45,-0.36,-0.89,-0.13
288.09,20.66,-0.60,-2.13,9.78,-0.43,-1.10,-0.19,2.77,-2.14,9.70,-0.33,-0.85,-0.21
288.10,20.26,-0.58,-1.67,10.18,-0.38,-1.13,-0.29,2.80,-1.72,9.85,-0.30,-0.80,-0.28
288.11,19.95,-0.57,-1.34,10.33,-0.34,-1.14,-0.34,2.74,-1.38,9.95,-0.26,-0.78,-0.31
288.12,19.74,-0.60,-1.17,10.34,-0.32,-1.15,-0.36,2.67,-1.16,9.95,-0.23,-0.75,-0.33
288.13,19.36,-0.61,-1.01,10.26,-0.29,-1.16,-0.37,2.66,-1.08,9.86,-0.20,-0.72,-0.32
288.14,19.01,-0.60,-0.92,10.04,-0.28,-1.19,-0.36,2.64,-1.09,9.73,-0.18,-0.70,-0.32
288.15,18.64,-0.61,-0.87,9.81,-0.28,-1.20,-0.35,2.53,-1.14,9.50,-0.17,-0.68,-0.33
288.17,18.27,-0.78,-0.84,9.64,-0.29,-1.21,-0.34,2.25,-1.16,9.29,-0.15,-0.66,-0.34
288.18,17.99,-1.01,-0.80,9.59,-0.30,-1.21,-0.34,1.86,-1.13,9.25,-0.15,-0.65,-0.35
288.19,17.61,-1.41,-0.75,9.60,-0.31,-1.20,-0.33,1.37,-1.03,9.33,-0.14,-0.65,-0.34
288.20,17.21,-1.74,-0.67,9.63,-0.30,-1.19,-0.33,1.06,-0.92,9.44,-0.14,-0.66,-0.31
288.21,16.74,-2.10,-0.57,9.68,-0.28,-1.16,-0.31,0.64,-0.73,9.61,-0.13,-0.69,-0.25
288.23,16.35,-2.30,-0.53,9.69,-0.26,-1.14,-0.28,0.42,-0.64,9.67,-0.11,-0.73,-0.20
288.24,16.17,-2.50,-0.59,9.64,-0.23,-1.10,-0.22,0.20,-0.68,9.66,-0.10,-0.79,-0.14
288.25,15.77,-2.67,-0.73,9.48,-0.21,-1.03,-0.10,-0.05,-0.91,9.56,-0.08,-0.90,-0.04
288.27,15.86,-2.78,-0.79,9.41,-0.22,-0.96,-0.01,-0.14,-0.97,9.51,-0.06,-1.01,0.04
288.29,15.82,-3.02,-0.80,9.43,-0.21,-0.90,0.07,-0.35,-0.90,9.50,-0.05,-1.09,0.09
288.30,16.25,-3.48,-0.66,9.35,-0.20,-0.81,0.16,-0.90,-0.71,9.53,-0.03,-1.24,0.16
288.32,16.54,-3.85,-0.46,9.35,-0.19,-0.74,0.22,-1.25,-0.67,9.59,-0.03,-1.33,0.20
288.33,17.79,-4.30,0.12,9.33,-0.24,-0.51,0.34,-1.33,-0.38,9.85,-0.02,-1.69,0.40
288.36,18.60,-4.05,0.25,9.49,-0.25,-0.41,0.37,-0.65,-0.09,9.91,-0.03,-1.82,0.46
288.37,19.98,-3.68,0.32,9.84,-0.23,-0.32,0.39,0.30,0.31,10.16,-0.07,-1.98,0.47
288.39,21.42,-3.68,0.31,10.23,-0.19,-0.23,0.38,0.71,0.69,10.61,-0.10,-2.12,0.46
288.40,22.78,-4.03,0.40,10.70,-0.12,-0.14,0.34,0.75,1.00,11.35,-0.13,-2.27,0.45
288.41,24.39,-4.53,0.75,11.26,-0.00,-0.03,0.26,0.54,1.20,12.06,-0.15,-2.41,0.44
288.42,25.82,-4.85,1.10,11.82,0.12,0.08,0.18,0.49,1.53,13.09,-0.19,-2.60,0.41
288.44,28.53,-5.27,1.74,13.37,0.42,0.32,0.02,1.24,2.10,14.58,-0.28,-2.81,0.35
288.45,30.38,-5.28,1.71,14.00,0.58,0.44,-0.02,2.17,1.98,16.07,-0.34,-2.91,0.24
288.46,32.29,-4.90,1.23,14.15,0.76,0.56,-0.01,2.59,1.44,16.70,-0.34,-2.96,0.14
288.47,34.14,-4.31,0.41,13.85,0.86,0.70,0.09,2.90,0.02,16.84,-0.26,-2.97,0.08
288.48,36.68,-2.59,-1.97,12.86,0.89,0.94,0.44,2.53,-1.83,15.51,-0.01,-2.86,0.22
288.50,37.98,-1.91,-3.05,12.22,0.87,1.08,0.71,2.19,-3.34,13.45,0.20,-2.68,0.84
288.51,40.18,-1.17,-4.73,10.80,0.74,1.30,1.23,3.02,-5.95,9.09,0.64,-2.36,1.55
288.53,41.90,-1.37,-4.91,10.53,0.63,1.33,1.36,3.71,-6.87,7.68,0.79,-2.24,1.91
288.54,44.04,-1.70,-4.87,10.73,0.47,1.29,1.46,4.72,-7.10,6.61,0.97,-2.08,1.98
288.55,46.32,-1.66,-4.95,11.22,0.30,1.20,1.61,5.70,-6.55,6.50,1.10,-1.88,1.85
288.56,48.27,-1.31,-5.06,11.51,0.21,1.15,1.77,6.38,-5.92,6.64,1.28,-1.61,1.70
288.58,50.03,-0.81,-5.18,11.60,0.11,1.10,2.07,6.60,-5.60,6.39,1.56,-1.27,1.58
288.59,51.65,-0.50,-5.03,11.20,0.05,1.06,2.34,6.04,-5.79,5.50,2.07,-0.70,1.75
288.61,52.68,0.00,-4.89,10.51,-0.04,1.02,2.54,5.69,-5.99,4.95,2.39,-0.35,2.07
288.63,53.26,1.04,-4.62,9.71,-0.24,0.97,2.85,5.87,-6.37,4.54,2.96,0.36,2.14
288.64,52.83,1.19,-4.41,9.49,-0.42,0.96,3.10,6.26,-6.13,4.58,3.21,0.80,2.07
288.66,52.48,1.01,-4.39,9.48,-0.51,0.94,3.24,6.45,-5.95,4.63,3.33,1.10,2.00
288.68,51.12,1.02,-4.36,9.43,-0.57,0.86,3.45,6.32,-5.55,4.99,3.52,1.61,2.01
288.69,50.13,1.06,-4.09,9.35,-0.56,0.83,3.52,6.34,-5.39,5.46,3.63,1.86,2.13
288.71,48.46,0.91,-3.41,9.36,-0.57,0.77,3.68,6.29,-5.12,6.00,3.74,2.11,2.30
288.73,44.76,0.64,-2.58,9.56,-0.53,0.69,3.88,5.95,-4.41,7.34,3.83,2.35,2.41
288.75,42.91,0.41,-2.24,9.59,-0.49,0.64,3.97,5.78,-4.24,7.84,3.87,2.44,2.61
288.76,40.66,0.23,-2.05,9.57,-0.45,0.58,4.05,5.63,-4.19,8.13,3.93,2.48,2.85
288.77,39.43,0.15,-1.98,9.50,-0.37,0.50,4.12,5.55,-4.24,8.25,3.96,2.50,3.08
288.79,36.83,0.09,-2.13,9.44,-0.31,0.45,4.16,4.97,-4.82,8.51,4.10,2.48,3.54
288.80,35.23,-0.21,-2.54,9.32,-0.23,0.38,4.27,4.20,-5.63,8.64,4.23,2.45,3.99
288.81,33.27,-0.74,-3.00,9.19,-0.18,0.31,4.51,3.78,-6.15,8.54,4.32,2.43,4.53
288.82,30.28,-1.40,-3.35,9.43,-0.15,0.22,5.35,3.61,-6.71,8.35,4.36,2.29,5.39
288.84,28.86,-1.67,-2.84,9.78,-0.13,0.24,6.34,4.91,-6.36,7.99,4.19,2.08,6.14
288.86,28.31,-1.18,-1.94,10.18,-0.20,0.31,7.04,6.63,-5.51,7.31,3.87,1.89,6.41
288.87,28.31,-0.41,-1.12,10.09,-0.35,0.38,7.26,7.51,-4.83,6.75,3.48,1.69,6.29
288.89,28.72,0.18,-0.55,9.98,-0.55,0.47,7.00,7.82,-4.33,6.32,2.96,1.41,5.77
288.90,29.34,0.31,-0.49,9.98,-0.65,0.49,6.34,7.98,-4.42,6.36,2.18,0.98,5.14
288.91,30.34,0.92,-0.69,10.11,-0.75,0.44,5.39,8.20,-4.97,6.59,1.53,0.61,4.41
288.92,30.62,2.83,-1.72,10.19,-0.79,0.32,4.05,8.51,-5.53,6.53,0.95,0.25,3.71
288.94,31.17,4.40,-2.64,10.10,-0.80,0.29,3.42,8.68,-5.81,6.34,0.48,0.01,2.73
288.95,30.66,6.29,-1.52,9.25,-1.03,0.39,2.53,8.09,-5.85,6.50,-0.02,0.06,2.24
288.96,29.54,4.33,-1.69,9.56,-1.41,0.44,1.71,7.01,-5.24,7.55,-0.21,0.21,1.89
288.98,29.31,3.06,-2.52,10.21,-1.45,0.45,1.47,6.45,-4.67,8.17,-0.26,0.30,1.73
288.99,29.11,-0.44,-2.67,11.42,-1.29,0.43,1.17,5.11,-2.73,9.62,-0.27,0.38,1.65
289.00,29.40,-3.52,0.13,11.47,-1.18,0.44,1.39,3.33,0.14,10.55,-0.24,0.37,1.78
289.02,29.87,-4.19,1.60,11.31,-1.29,0.49,1.84,3.17,1.51,10.34,-0.25,0.35,1.96
289.03,30.34,-3.83,1.87,10.90,-1.37,0.55,2.10,3.41,1.76,10.16,-0.26,0.34,2.01
289.04,30.64,-3.27,1.72,10.54,-1.39,0.58,2.22,3.96,1.59,10.04,-0.29,0.29,1.92
289.06,31.38,-2.20,1.15,10.15,-1.36,0.59,2.21,4.64,0.88,9.92,-0.34,0.24,1.71
289.07,31.74,-1.32,0.42,10.09,-1.28,0.58,2.03,4.79,0.43,9.74,-0.38,0.22,1.45
289.08,31.83,-1.04,0.10,10.06,-1.21,0.57,1.90,4.56,-0.09,9.51,-0.43,0.20,1.25
289.09,31.94,-1.19,-0.72,9.96,-0.97,0.52,1.42,3.85,-0.71,9.35,-0.45,0.16,0.98
289.11,32.11,-2.02,-0.96,9.89,-0.83,0.50,1.20,3.39,-0.98,9.34,-0.43,0.13,0.90
289.12,32.30,-2.61,-1.02,9.88,-0.77,0.48,1.13,2.98,-1.22,9.35,-0.40,0.11,0.89
289.13,32.53,-3.00,-1.04,9.90,-0.75,0.48,1.13,2.74,-1.41,9.38,-0.37,0.08,0.92
289.15,32.81,-3.27,-1.12,9.93,-0.74,0.50,1.16,2.66,-1.50,9.47,-0.35,0.07,0.94
289.16,33.02,-3.51,-1.14,10.02,-0.74,0.52,1.22,2.67,-1.54,9.65,-0.31,0.06,0.95
289.17,33.49,-3.66,-1.31,10.13,-0.74,0.56,1.32,2.74,-1.58,9.96,-0.22,0.05,0.97
289.19,33.96,-3.57,-1.48,10.18,-0.73,0.58,1.41,2.80,-1.69,10.10,-0.16,0.05,1.00
289.20,34.28,-3.27,-1.54,10.21,-0.71,0.61,1.48,2.89,-1.82,10.06,-0.08,0.04,1.05
289.21,34.54,-2.88,-1.51,10.17,-0.68,0.64,1.49,3.02,-2.00,9.80,0.01,0.03,1.12
289.22,34.77,-2.54,-1.61,10.26,-0.65,0.66,1.45,3.15,-2.02,9.65,0.05,0.03,1.15
289.23,34.92,-2.31,-1.63,10.25,-0.63,0.68,1.38,3.49,-2.00,9.60,0.10,0.03,1.18
289.24,35.29,-2.33,-1.58,10.09,-0.58,0.73,1.26,3.66,-1.92,9.59,0.16,0.03,1.17
289.26,35.90,-2.60,-1.53,9.95,-0.51,0.78,1.10,3.63,-1.88,9.65,0.26,0.00,1.15
289.28,36.35,-2.87,-1.50,9.96,-0.46,0.82,1.01,3.32,-1.90,9.64,0.32,-0.00,1.15
289.29,36.72,-3.04,-1.25,9.79,-0.43,0.87,0.97,2.90,-1.91,9.58,0.38,-0.01,1.20
289.30,37.16,-3.24,-1.02,9.59,-0.47,0.92,0.97,2.61,-1.97,9.53,0.42,-0.02,1.29
289.31,37.46,-3.58,-1.21,9.62,-0.51,0.95,1.01,2.19,-1.99,9.50,0.49,-0.03,1.47
289.33,38.26,-4.27,-1.42,9.50,-0.54,0.99,1.28,1.49,-2.20,9.80,0.59,-0.05,1.74
289.35,38.58,-4.57,-1.60,9.36,-0.56,1.01,1.48,1.19,-2.57,9.91,0.72,-0.08,2.06
289.36,38.95,-4.75,-1.67,9.32,-0.59,1.01,1.66,1.22,-2.78,9.84,0.81,-0.10,2.28
289.37,39.38,-4.69,-1.45,9.35,-0.64,1.00,1.83,1.68,-2.85,9.56,0.91,-0.10,2.57
289.38,39.91,-4.50,-1.03,9.27,-0.69,1.01,1.92,2.03,-2.58,9.30,0.94,-0.10,2.66
289.40,40.57,-4.28,-0.43,8.93,-0.70,1.05,1.91,2.64,-1.73,8.95,0.89,-0.11,2.61
289.41,41.99,-3.71,0.90,8.15,-0.66,1.13,1.69,3.11,-0.33,8.90,0.76,-0.12,2.27
289.43,42.90,-3.76,1.32,7.99,-0.61,1.18,1.46,3.11,0.28,9.10,0.67,-0.14,1.97
289.44,44.00,-4.00,1.57,8.06,-0.51,1.25,1.19,3.06,0.56,9.32,0.60,-0.18,1.76
289.46,44.94,-4.16,1.53,8.13,-0.44,1.30,1.03,3.09,0.55,9.29,0.56,-0.20,1.63
289.47,46.25,-4.42,1.40,8.14,-0.38,1.34,0.86,3.29,0.17,8.94,0.50,-0.22,1.45
289.48,47.93,-4.79,0.90,8.21,-0.35,1.36,0.71,3.42,-0.15,8.82,0.45,-0.22,1.34
289.50,48.85,-5.02,0.77,8.29,-0.33,1.35,0.65,3.53,-0.44,8.85,0.40,-0.21,1.23
289.51,50.10,-5.25,0.53,8.45,-0.30,1.34,0.58,3.43,-0.53,8.98,0.34,-0.21,1.07
289.52,51.25,-5.39,0.55,8.43,-0.25,1.34,0.54,3.39,-0.48,9.22,0.28,-0.20,0.95
289.53,52.52,-5.43,0.74,8.17,-0.19,1.36,0.52,3.31,-0.39,9.41,0.24,-0.17,0.79
289.56,54.25,-5.53,1.08,7.87,-0.13,1.41,0.47,3.39,-0.12,9.24,0.18,-0.13,0.72
289.57,55.30,-5.57,1.23,7.72,-0.10,1.44,0.44,3.51,-0.04,9.13,0.15,-0.11,0.66
289.58,56.14,-5.65,1.20,7.68,-0.08,1.46,0.41,3.66,0.04,8.94,0.12,-0.09,0.59
289.60,58.09,-5.91,1.07,7.71,0.03,1.47,0.35,3.83,0.08,8.89,0.05,-0.06,0.53
289.61,59.22,-6.15,1.04,7.78,0.10,1.47,0.34,3.88,-0.02,8.87,0.02,-0.05,0.48
289.62,60.62,-6.31,0.86,7.79,0.17,1.46,0.34,3.94,-0.38,9.04,-0.01,-0.01,0.44
289.64,61.92,-6.58,0.76,7.76,0.20,1.45,0.35,3.91,-0.81,9.15,-0.02,0.04,0.41
289.65,62.88,-6.77,0.62,7.72,0.21,1.44,0.36,3.88,-0.97,9.20,-0.03,0.06,0.38
289.67,63.80,-6.88,0.51,7.68,0.22,1.43,0.36,3.84,-1.12,9.25,-0.03,0.08,0.35
289.68,64.46,-6.99,0.43,7.64,0.23,1.43,0.36,3.78,-1.29,9.33,-0.03,0.11,0.30
289.69,65.50,-7.22,0.38,7.49,0.25,1.43,0.36,3.72,-1.42,9.38,-0.02,0.13,0.27
289.71,66.85,-7.47,0.39,7.34,0.26,1.41,0.36,3.50,-1.53,9.48,0.01,0.17,0.26
289.72,67.56,-7.57,0.61,7.20,0.26,1.39,0.37,3.42,-1.54,9.42,0.04,0.19,0.30
289.74,68.25,-7.72,0.74,7.08,0.24,1.37,0.37,3.43,-1.48,9.35,0.06,0.21,0.33
289.75,68.75,-7.82,0.84,6.99,0.23,1.35,0.38,3.55,-1.40,9.26,0.07,0.23,0.36
289.76,69.91,-8.16,1.12,6.82,0.22,1.30,0.39,3.72,-1.29,9.31,0.08,0.26,0.36
289.77,70.45,-8.28,1.19,6.75,0.21,1.27,0.40,3.75,-1.22,9.48,0.09,0.27,0.34
289.78,71.19,-8.40,1.27,6.65,0.22,1.24,0.43,3.75,-1.18,9.61,0.10,0.28,0.31
289.79,72.17,-8.43,1.34,6.42,0.24,1.21,0.47,3.65,-1.14,9.67,0.12,0.29,0.24
289.82,73.13,-8.30,1.45,6.08,0.27,1.19,0.50,3.49,-1.10,9.61,0.14,0.29,0.19
289.83,73.52,-8.39,1.51,5.96,0.30,1.19,0.51,3.35,-1.01,9.56,0.13,0.28,0.14
289.84,74.34,-8.57,1.76,5.63,0.33,1.17,0.54,3.26,-0.92,9.48,0.13,0.28,0.08
289.85,75.44,-8.86,1.91,5.44,0.35,1.12,0.55,3.18,-0.86,9.49,0.12,0.28,-0.00
289.87,76.08,-8.99,2.00,5.24,0.35,1.09,0.53,3.36,-0.99,9.45,0.13,0.28,-0.04
289.89,77.21,-9.55,2.12,5.01,0.33,1.01,0.47,3.56,-1.02,9.37,0.14,0.28,-0.12
289.90,77.95,-9.71,2.13,4.74,0.30,0.92,0.45,3.29,-0.91,9.33,0.14,0.26,-0.25
289.92,78.93,-9.64,2.17,4.37,0.28,0.78,0.38,2.83,-0.91,9.39,0.14,0.24,-0.33
289.94,79.40,-9.57,2.27,4.05,0.24,0.69,0.31,2.41,-0.88,9.30,0.17,0.21,-0.33
289.95,80.01,-9.56,2.05,3.85,0.17,0.50,0.17,2.01,-0.91,9.29,0.19,0.20,-0.32
289.97,80.00,-9.47,2.00,3.70,0.16,0.44,0.14,1.79,-0.90,9.27,0.19,0.19,-0.33
289.98,80.09,-9.33,1.94,3.43,0.14,0.35,0.09,1.51,-0.89,9.20,0.18,0.17,-0.34
290.00,80.20,-9.24,1.90,3.23,0.12,0.28,0.05,1.16,-0.84,9.21,0.15,0.15,-0.33
290.01,79.95,-9.22,1.89,3.15,0.12,0.24,0.03,0.98,-0.81,9.29,0.14,0.13,-0.29
290.03,79.91,-9.24,1.95,3.13,0.11,0.22,0.04,0.84,-0.74,9.38,0.13,0.12,-0.25
290.04,79.62,-9.24,2.01,3.11,0.11,0.21,0.05,0.80,-0.67,9.48,0.12,0.12,-0.18
290.05,79.59,-9.21,2.12,3.16,0.10,0.20,0.07,0.88,-0.61,9.53,0.12,0.11,-0.10
290.06,79.50,-9.13,2.24,3.30,0.08,0.20,0.09,1.06,-0.51,9.53,0.12,0.11,-0.03
290.08,79.25,-9.04,2.34,3.43,0.08,0.20,0.10,1.30,-0.46,9.55,0.11,0.11,0.02
290.09,79.15,-8.98,2.48,3.54,0.07,0.21,0.11,1.57,-0.42,9.56,0.11,0.11,0.06
290.10,79.06,-8.92,2.60,3.61,0.06,0.21,0.12,1.72,-0.44,9.59,0.10,0.11,0.08
290.11,79.07,-8.85,2.73,3.73,0.03,0.22,0.12,1.87,-0.45,9.64,0.10,0.11,0.10
290.12,79.06,-8.86,2.82,3.81,-0.00,0.24,0.11,2.07,-0.41,9.69,0.09,0.11,0.12
290.13,79.09,-8.86,2.86,3.91,-0.03,0.25,0.09,2.22,-0.36,9.69,0.09,0.12,0.13
290.15,79.19,-8.79,2.92,3.99,-0.07,0.28,0.02,2.45,-0.24,9.59,0.07,0.14,0.12
290.17,79.41,-8.86,2.95,3.96,-0.11,0.28,-0.06,2.57,-0.19,9.40,0.06,0.16,0.11
290.19,79.54,-8.93,2.95,3.96,-0.12,0.27,-0.08,2.62,-0.15,9.33,0.05,0.16,0.09
290.20,79.76,-9.02,2.85,4.01,-0.13,0.24,-0.13,2.68,-0.07,9.28,0.02,0.17,0.06
290.22,79.90,-9.03,2.78,4.00,-0.11,0.21,-0.16,2.70,-0.01,9.27,-0.00,0.17,0.01
290.24,80.03,-9.06,2.70,3.99,-0.08,0.17,-0.19,2.62,0.03,9.30,-0.03,0.17,-0.05
290.25,80.10,-9.13,2.53,3.93,-0.03,0.12,-0.21,2.47,0.00,9.33,-0.06,0.17,-0.10
290.27,80.11,-9.18,2.47,3.81,0.01,0.10,-0.22,2.36,-0.04,9.35,-0.07,0.18,-0.14
290.28,80.08,-9.23,2.40,3.68,0.04,0.08,-0.22,2.19,-0.16,9.42,-0.09,0.18,-0.17
290.29,80.02,-9.23,2.30,3.48,0.07,0.06,-0.22,1.90,-0.31,9.46,-0.11,0.18,-0.20
290.30,79.92,-9.25,2.23,3.26,0.09,0.04,-0.24,1.64,-0.43,9.49,-0.12,0.18,-0.23
290.32,79.78,-9.29,2.22,3.07,0.10,0.02,-0.25,1.51,-0.49,9.52,-0.14,0.18,-0.25
290.33,79.72,-9.37,2.18,2.89,0.09,0.01,-0.26,1.31,-0.52,9.51,-0.17,0.17,-0.27
290.35,79.60,-9.40,2.14,2.77,0.09,-0.01,-0.27,1.15,-0.56,9.56,-0.21,0.15,-0.29
290.36,79.42,-9.48,2.05,2.69,0.07,-0.02,-0.28,1.02,-0.64,9.69,-0.25,0.12,-0.30
290.39,79.33,-9.51,1.95,2.72,0.07,-0.02,-0.27,0.99,-0.69,9.71,-0.26,0.11,-0.30
290.40,79.23,-9.49,1.88,2.75,0.07,-0.02,-0.25,0.93,-0.82,9.71,-0.28,0.09,-0.29
290.41,79.12,-9.46,1.78,2.78,0.06,-0.03,-0.24,0.88,-0.89,9.66,-0.29,0.08,-0.28
290.43,79.00,-9.41,1.71,2.81,0.06,-0.03,-0.24,0.89,-0.98,9.62,-0.30,0.07,-0.26
290.44,78.89,-9.40,1.64,2.87,0.05,-0.02,-0.23,0.94,-1.06,9.60,-0.31,0.06,-0.24
290.45,78.78,-9.42,1.55,2.97,0.03,-0.03,-0.22,1.04,-1.15,9.59,-0.31,0.05,-0.22
290.46,78.68,-9.41,1.53,3.01,0.02,-0.03,-0.22,1.09,-1.18,9.51,-0.32,0.04,-0.20
290.47,78.61,-9.37,1.51,3.05,0.01,-0.03,-0.21,1.15,-1.30,9.46,-0.33,0.03,-0.18
290.49,78.58,-9.37,1.44,3.12,-0.01,-0.04,-0.21,1.20,-1.34,9.41,-0.33,0.03,-0.16
290.50,78.47,-9.34,1.38,3.21,-0.03,-0.05,-0.20,1.31,-1.44,9.34,-0.33,0.03,-0.14
290.52,78.43,-9.32,1.32,3.26,-0.05,-0.05,-0.20,1.37,-1.48,9.30,-0.34,0.04,-0.14
290.53,78.35,-9.29,1.29,3.31,-0.07,-0.06,-0.20,1.37,-1.52,9.30,-0.33,0.04,-0.14
290.55,78.22,-9.26,1.29,3.32,-0.10,-0.07,-0.19,1.37,-1.49,9.27,-0.32,0.04,-0.12
290.57,78.13,-9.23,1.32,3.33,-0.12,-0.07,-0.18,1.38,-1.44,9.32,-0.30,0.04,-0.06
290.60,77.94,-9.31,1.47,3.46,-0.15,-0.07,-0.16,1.46,-1.23,9.60,-0.27,0.04,-0.05
290.61,77.86,-9.35,1.56,3.53,-0.15,-0.06,-0.15,1.49,-1.14,9.71,-0.26,0.04,-0.04
290.62,77.81,-9.38,1.66,3.58,-0.15,-0.05,-0.15,1.56,-1.00,9.85,-0.24,0.04,-0.01
290.64,77.73,-9.45,1.88,3.65,-0.14,-0.02,-0.13,1.67,-0.79,10.12,-0.19,0.03,0.01
290.65,77.70,-9.51,2.02,3.69,-0.13,-0.00,-0.12,1.78,-0.64,10.19,-0.15,0.03,0.03
290.66,77.76,-9.59,2.14,3.81,-0.11,0.02,-0.09,1.94,-0.44,10.24,-0.11,0.01,0.04
290.68,77.87,-9.55,2.19,3.87,-0.08,0.03,-0.07,2.10,-0.33,10.15,-0.07,-0.01,0.05
290.69,77.93,-9.42,2.27,3.90,-0.04,0.03,-0.06,2.23,-0.29,9.87,-0.05,-0.02,0.04
290.70,78.11,-9.21,2.33,3.81,0.02,0.01,-0.06,2.22,-0.39,9.52,-0.07,-0.03,0.02
290.72,78.35,-9.10,2.20,3.66,0.07,-0.02,-0.10,2.07,-0.65,9.32,-0.10,-0.02,-0.00
290.74,78.44,-9.16,1.98,3.64,0.09,-0.04,-0.13,1.94,-0.93,9.41,-0.13,0.00,-0.03
290.75,78.51,-9.33,1.64,3.63,0.10,-0.04,-0.15,1.82,-1.28,9.59,-0.14,0.01,-0.05
290.76,78.50,-9.57,1.30,3.63,0.10,-0.04,-0.15,1.67,-1.61,9.73,-0.14,0.00,-0.04
290.78,78.42,-9.84,0.86,3.47,0.09,-0.04,-0.09,1.31,-2.05,9.78,-0.10,-0.00,0.00
290.81,78.36,-9.79,0.81,3.39,0.07,-0.04,-0.06,1.23,-2.13,9.74,-0.08,-0.00,0.02
290.83,78.32,-9.73,0.82,3.35,0.06,-0.03,-0.04,1.20,-2.14,9.74,-0.07,-0.00,0.04
290.85,78.27,-9.66,0.92,3.30,0.03,-0.03,-0.03,1.22,-2.10,9.73,-0.05,-0.01,0.04
290.86,78.25,-9.63,1.00,3.31,0.01,-0.02,-0.01,1.25,-2.01,9.72,-0.04,-0.01,0.04
290.87,78.25,-9.62,1.09,3.33,-0.01,-0.01,-0.00,1.28,-1.95,9.71,-0.03,-0.02,0.05
290.88,78.25,-9.60,1.17,3.34,-0.02,-0.01,0.01,1.34,-1.85,9.67,-0.02,-0.02,0.05
290.89,78.29,-9.55,1.31,3.39,-0.03,-0.01,0.02,1.43,-1.70,9.64,-0.02,-0.02,0.07
290.90,78.35,-9.44,1.48,3.48,-0.04,-0.01,0.03,1.54,-1.53,9.61,-0.01,-0.02,0.08
290.93,78.39,-9.37,1.59,3.50,-0.04,-0.01,0.02,1.61,-1.40,9.59,-0.02,-0.02,0.09
290.94,78.45,-9.32,1.69,3.50,-0.03,-0.01,0.01,1.68,-1.31,9.57,-0.02,-0.02,0.09
29