=~=~=~=~=~=~=~=~=~=~=~= PuTTY log 2024.07.01 13:20:12 =~=~=~=~=~=~=~=~=~=~=~=
{3.93,87.79,-9.96,1.13,1.06,-0.04,-0.01,-0.02,0.65,1.11,9.80,-0.00,-0.00,-0.01
3.96,87.79,-9.94,1.11,1.04,-0.04,-0.01,-0.02,0.64,1.08,9.78,-0.01,-0.00,-0.01
4.00,87.79,-9.95,1.10,1.05,-0.04,-0.01,-0.03,0.64,1.06,9.80,-0.01,-0.00,-0.01
4.01,87.80,-9.96,1.09,1.04,-0.04,-0.01,-0.03,0.63,1.06,9.80,-0.01,-0.00,-0.01
4.02,87.80,-9.96,1.08,1.03,-0.04,-0.01,-0.02,0.62,1.05,9.81,-0.01,-0.00,-0.01
4.03,87.80,-9.97,1.07,1.02,-0.04,-0.01,-0.02,0.63,1.05,9.81,-0.00,-0.00,-0.01
4.04,87.81,-9.97,1.06,1.02,-0.04,-0.01,-0.02,0.64,1.05,9.81,-0.00,-0.00,-0.01
4.05,87.81,-9.97,1.04,1.03,-0.04,-0.02,-0.01,0.63,1.04,9.81,-0.00,-0.00,-0.01
4.07,87.82,-9.98,1.04,1.03,-0.04,-0.02,-0.01,0.64,1.04,9.80,-0.00,-0.00,-0.00
4.08,87.82,-9.97,1.05,1.03,-0.04,-0.02,-0.01,0.64,1.03,9.80,-0.00,-0.00,-0.00
4.09,87.83,-9.98,1.07,1.03,-0.04,-0.02,-0.00,0.64,1.04,9.80,0.00,-0.00,0.00
4.10,87.83,-9.96,1.07,1.04,-0.04,-0.02,-0.00,0.64,1.04,9.80,-0.00,-0.00,0.00
4.12,87.83,-9.96,1.07,1.04,-0.04,-0.02,0.00,0.65,1.06,9.79,0.00,-0.00,0.01
4.13,87.84,-9.98,1.08,1.03,-0.04,-0.02,0.01,0.65,1.06,9.80,0.00,-0.00,0.01
4.15,87.84,-9.97,1.08,1.03,-0.04,-0.02,0.01,0.65,1.06,9.80,0.00,-0.00,0.01
4.16,87.84,-9.98,1.12,1.04,-0.04,-0.02,0.01,0.63,1.07,9.79,0.00,-0.00,0.01
4.18,87.83,-9.96,1.12,1.04,-0.04,-0.02,0.01,0.63,1.07,9.80,0.00,-0.00,0.01
4.20,87.83,-9.95,1.12,1.04,-0.04,-0.02,0.01,0.64,1.07,9.80,0.00,-0.00,0.01
4.21,87.83,-9.96,1.13,1.05,-0.04,-0.02,0.00,0.64,1.07,9.80,0.00,-0.00,0.01
4.23,87.82,-9.96,1.13,1.05,-0.04,-0.02,0.00,0.65,1.07,9.80,0.00,-0.00,0.01
4.24,87.82,-9.95,1.13,1.05,-0.04,-0.02,0.00,0.65,1.08,9.80,0.00,-0.00,0.01
4.25,87.82,-9.94,1.13,1.05,-0.04,-0.02,-0.00,0.65,1.09,9.80,-0.00,-0.00,0.00
4.28,87.82,-9.97,1.14,1.06,-0.04,-0.02,-0.01,0.65,1.10,9.81,-0.00,-0.00,0.00
4.31,87.81,-9.96,1.13,1.05,-0.04,-0.02,-0.01,0.64,1.10,9.80,-0.00,-0.00,-0.00
4.32,87.81,-9.98,1.12,1.05,-0.04,-0.02,-0.01,0.64,1.09,9.79,-0.00,-0.00,-0.00
4.33,87.81,-9.97,1.11,1.05,-0.04,-0.02,-0.01,0.64,1.08,9.80,-0.00,-0.00,-0.00
4.34,87.81,-9.96,1.10,1.05,-0.04,-0.02,-0.01,0.64,1.07,9.80,-0.00,-0.00,-0.00
4.36,87.81,-9.97,1.10,1.04,-0.04,-0.02,-0.01,0.64,1.06,9.79,-0.00,-0.00,-0.00
4.37,87.81,-9.96,1.08,1.03,-0.04,-0.02,-0.01,0.64,1.06,9.81,-0.00,-0.00,-0.00
4.38,87.81,-9.97,1.07,1.03,-0.04,-0.02,-0.01,0.62,1.05,9.80,-0.00,-0.00,0.00
4.41,87.82,-9.97,1.08,1.04,-0.04,-0.02,-0.00,0.65,1.05,9.80,-0.00,-0.00,0.00
4.42,87.82,-9.96,1.09,1.05,-0.04,-0.02,-0.00,0.65,1.05,9.80,-0.00,-0.00,0.00
4.44,87.82,-9.98,1.10,1.05,-0.04,-0.02,-0.00,0.64,1.06,9.78,-0.00,-0.00,0.00
4.45,87.81,-9.96,1.10,1.03,-0.04,-0.02,0.00,0.63,1.07,9.78,-0.00,-0.00,0.00
4.46,87.81,-9.97,1.11,1.04,-0.04,-0.02,0.00,0.62,1.07,9.79,-0.00,-0.00,0.01
4.48,87.80,-9.97,1.11,1.04,-0.04,-0.02,0.00,0.63,1.06,9.80,0.00,-0.00,0.01
4.49,87.81,-9.95,1.10,1.04,-0.04,-0.02,0.00,0.66,1.07,9.80,0.00,-0.00,0.01
4.50,87.81,-9.97,1.11,1.04,-0.04,-0.02,0.00,0.65,1.08,9.79,0.00,-0.00,0.00
4.52,87.82,-9.95,1.10,1.04,-0.04,-0.02,-0.00,0.65,1.08,9.79,-0.00,-0.00,0.00
4.53,87.82,-9.95,1.12,1.05,-0.04,-0.02,-0.00,0.66,1.08,9.79,-0.00,-0.00,0.00
4.54,87.82,-9.95,1.12,1.05,-0.04,-0.02,-0.00,0.65,1.09,9.80,-0.00,-0.00,0.00
4.55,87.82,-9.95,1.12,1.04,-0.04,-0.02,-0.01,0.64,1.08,9.80,-0.00,-0.00,0.00
4.57,87.82,-9.96,1.13,1.05,-0.04,-0.02,-0.01,0.63,1.08,9.81,-0.00,-0.00,0.00
4.58,87.82,-9.97,1.12,1.04,-0.04,-0.02,-0.01,0.64,1.07,9.81,-0.00,-0.00,-0.00
4.60,87.82,-9.97,1.10,1.04,-0.04,-0.02,-0.01,0.64,1.07,9.81,-0.00,-0.00,-0.00
4.62,87.82,-9.95,1.09,1.04,-0.04,-0.02,-0.01,0.64,1.07,9.79,-0.00,-0.00,-0.00
4.63,87.82,-9.97,1.10,1.04,-0.04,-0.02,-0.01,0.64,1.07,9.79,-0.00,-0.00,-0.00
4.64,87.81,-9.97,1.10,1.04,-0.04,-0.02,-0.01,0.64,1.07,9.80,-0.00,-0.00,-0.00
4.66,87.81,-9.97,1.10,1.04,-0.04,-0.02,-0.01,0.65,1.06,9.81,-0.00,-0.00,-0.00
4.67,87.81,-9.97,1.10,1.04,-0.04,-0.02,-0.01,0.65,1.06,9.81,-0.00,-0.00,-0.00
4.68,87.82,-9.96,1.10,1.03,-0.04,-0.02,-0.01,0.65,1.06,9.79,-0.00,-0.00,0.00
4.70,87.82,-9.95,1.11,1.03,-0.04,-0.02,-0.01,0.64,1.07,9.80,-0.00,-0.00,0.00
4.71,87.83,-9.97,1.11,1.03,-0.04,-0.02,-0.01,0.66,1.07,9.80,-0.00,-0.00,0.00
4.72,87.83,-9.97,1.11,1.04,-0.04,-0.02,-0.01,0.66,1.07,9.81,-0.00,-0.00,-0.00
4.74,87.84,-9.97,1.09,1.03,-0.04,-0.02,-0.01,0.66,1.07,9.81,-0.00,-0.00,-0.00
4.75,87.85,-9.98,1.10,1.04,-0.04,-0.02,-0.01,0.66,1.07,9.80,-0.00,-0.00,-0.00
4.76,87.86,-9.96,1.09,1.03,-0.04,-0.02,-0.01,0.66,1.07,9.79,-0.00,-0.00,-0.00
4.78,87.86,-9.97,1.10,1.04,-0.04,-0.02,-0.01,0.64,1.07,9.79,-0.00,-0.00,-0.00
4.79,87.87,-9.99,1.10,1.03,-0.04,-0.02,-0.01,0.64,1.07,9.80,0.00,-0.00,-0.00
4.80,87.87,-9.97,1.10,1.04,-0.04,-0.02,-0.01,0.64,1.06,9.80,0.00,-0.00,-0.00
4.81,87.87,-9.98,1.10,1.04,-0.04,-0.02,-0.01,0.63,1.06,9.80,0.00,-0.00,0.00
4.83,87.86,-9.97,1.09,1.04,-0.04,-0.02,-0.00,0.64,1.06,9.80,0.00,-0.00,0.00
4.83,87.86,-9.97,1.09,1.05,-0.04,-0.02,-0.00,0.64,1.06,9.81,0.00,-0.00,0.00
4.85,87.85,-9.96,1.10,1.04,-0.04,-0.02,-0.00,0.65,1.06,9.82,0.00,-0.00,0.00
4.86,87.85,-9.95,1.10,1.04,-0.04,-0.02,-0.00,0.64,1.07,9.82,0.00,-0.00,0.00
4.87,87.85,-9.96,1.11,1.05,-0.04,-0.02,-0.00,0.64,1.08,9.81,0.00,-0.00,0.00
4.88,87.84,-9.94,1.10,1.06,-0.04,-0.02,-0.00,0.66,1.09,9.79,0.00,-0.00,0.00
4.90,87.83,-9.95,1.11,1.07,-0.04,-0.02,-0.00,0.66,1.09,9.78,-0.00,-0.00,0.00
4.91,87.83,-9.96,1.10,1.07,-0.04,-0.02,-0.01,0.66,1.09,9.78,-0.00,-0.00,0.00
4.92,87.83,-9.95,1.11,1.06,-0.04,-0.02,-0.01,0.66,1.08,9.78,-0.00,-0.00,-0.00
4.93,87.83,-9.96,1.11,1.07,-0.04,-0.02,-0.01,0.66,1.08,9.78,-0.00,-0.00,-0.00
4.95,87.81,-9.96,1.11,1.06,-0.04,-0.02,-0.01,0.64,1.06,9.80,-0.00,-0.00,-0.00
4.97,87.81,-9.96,1.10,1.05,-0.04,-0.02,-0.01,0.63,1.06,9.80,-0.00,-0.00,0.00
4.99,87.80,-9.97,1.10,1.04,-0.04,-0.02,-0.01,0.63,1.06,9.79,-0.00,-0.00,0.00
5.00,87.79,-9.96,1.09,1.04,-0.04,-0.02,-0.01,0.63,1.06,9.79,-0.00,-0.00,0.00
5.02,87.79,-9.97,1.09,1.05,-0.04,-0.02,-0.01,0.64,1.06,9.79,-0.00,-0.00,0.00
5.03,87.79,-9.96,1.10,1.05,-0.04,-0.02,-0.01,0.63,1.06,9.78,-0.00,-0.00,0.00
5.05,87.78,-9.96,1.10,1.04,-0.04,-0.02,-0.01,0.64,1.07,9.79,-0.00,-0.00,0.00
5.06,87.78,-9.97,1.10,1.04,-0.04,-0.02,-0.01,0.63,1.07,9.79,-0.00,-0.00,0.00
5.07,87.78,-9.97,1.10,1.04,-0.04,-0.02,-0.01,0.64,1.07,9.79,-0.00,-0.00,0.00
5.09,87.79,-9.96,1.09,1.04,-0.04,-0.02,-0.01,0.65,1.08,9.79,-0.00,-0.00,0.00
5.10,87.79,-9.97,1.10,1.05,-0.04,-0.02,-0.01,0.65,1.07,9.79,-0.00,-0.00,0.00
5.11,87.79,-9.96,1.09,1.04,-0.04,-0.02,-0.01,0.64,1.06,9.80,-0.00,-0.00,0.00
5.12,87.79,-9.97,1.09,1.04,-0.04,-0.02,-0.01,0.65,1.08,9.81,-0.00,-0.00,0.00
5.14,87.79,-9.98,1.10,1.05,-0.04,-0.02,-0.01,0.65,1.07,9.81,-0.00,-0.00,0.00
5.15,87.79,-9.97,1.10,1.04,-0.04,-0.02,-0.01,0.65,1.07,9.80,-0.00,-0.00,0.00
5.17,87.79,-9.97,1.10,1.04,-0.04,-0.02,-0.00,0.64,1.07,9.80,-0.00,-0.00,0.00
5.18,87.79,-9.97,1.10,1.05,-0.04,-0.02,-0.00,0.64,1.07,9.80,-0.00,-0.00,0.00
5.20,87.79,-9.97,1.10,1.04,-0.04,-0.02,-0.00,0.65,1.07,9.81,0.00,-0.00,0.00
5.21,87.79,-9.97,1.10,1.05,-0.04,-0.02,-0.00,0.64,1.07,9.80,0.00,-0.00,0.00
5.22,87.79,-9.98,1.10,1.04,-0.04,-0.02,-0.00,0.64,1.08,9.80,0.00,-0.00,0.00
5.23,87.79,-9.96,1.10,1.04,-0.04,-0.02,-0.00,0.63,1.08,9.79,0.00,-0.00,0.00
5.25,87.79,-9.97,1.10,1.05,-0.04,-0.02,-0.00,0.63,1.08,9.80,0.00,-0.00,0.00
5.27,87.78,-9.96,1.10,1.05,-0.04,-0.02,-0.00,0.63,1.07,9.81,0.00,-0.00,0.00
5.28,87.77,-9.97,1.10,1.04,-0.04,-0.02,-0.01,0.62,1.06,9.79,0.00,-0.00,0.00
5.29,87.77,-9.96,1.10,1.04,-0.04,-0.02,-0.01,0.63,1.06,9.80,0.00,-0.00,0.00
5.31,87.77,-9.96,1.10,1.05,-0.04,-0.02,-0.01,0.64,1.06,9.80,0.00,-0.00,0.00
5.32,87.77,-9.97,1.09,1.05,-0.04,-0.02,-0.01,0.66,1.07,9.79,0.00,-0.00,0.00
5.33,87.78,-9.96,1.09,1.05,-0.04,-0.02,-0.01,0.66,1.07,9.78,0.00,-0.00,0.00
5.34,87.78,-9.96,1.07,1.06,-0.04,-0.02,-0.01,0.66,1.07,9.79,-0.00,-0.00,0.00
5.37,87.78,-9.98,1.08,1.07,-0.04,-0.02,-0.01,0.64,1.07,9.79,-0.00,-0.00,0.00
5.38,87.78,-9.97,1.08,1.06,-0.04,-0.02,-0.00,0.64,1.07,9.79,-0.00,-0.00,0.00
5.39,87.77,-9.98,1.09,1.06,-0.04,-0.02,-0.00,0.64,1.08,9.79,-0.00,-0.00,0.00
5.40,87.77,-9.97,1.10,1.05,-0.04,-0.02,-0.00,0.63,1.07,9.79,0.00,-0.00,0.00
5.42,87.76,-9.96,1.10,1.05,-0.04,-0.02,-0.00,0.64,1.07,9.80,-0.00,-0.00,0.00
5.43,87.77,-9.97,1.10,1.04,-0.04,-0.02,-0.00,0.64,1.07,9.80,-0.00,-0.00,0.00
5.44,87.77,-9.97,1.09,1.05,-0.04,-0.02,-0.00,0.65,1.07,9.80,-0.00,-0.00,0.00
5.45,87.76,-9.97,1.09,1.06,-0.04,-0.02,-0.00,0.65,1.07,9.81,-0.00,-0.00,0.00
5.47,87.76,-9.97,1.10,1.07,-0.04,-0.02,-0.00,0.66,1.08,9.81,-0.00,-0.00,0.00
5.49,87.76,-9.95,1.11,1.07,-0.04,-0.02,-0.00,0.65,1.07,9.81,-0.00,-0.00,0.00
5.50,87.76,-9.95,1.11,1.06,-0.04,-0.02,-0.00,0.66,1.08,9.80,0.00,-0.00,0.00
5.52,87.77,-9.96,1.12,1.04,-0.04,-0.02,-0.00,0.63,1.08,9.78,-0.00,-0.00,0.00
5.53,87.77,-9.95,1.11,1.04,-0.04,-0.02,-0.01,0.63,1.09,9.79,-0.00,-0.00,0.00
5.55,87.76,-9.96,1.11,1.06,-0.04,-0.02,-0.01,0.64,1.09,9.78,-0.00,-0.00,-0.00
5.56,87.76,-9.95,1.11,1.05,-0.04,-0.02,-0.01,0.65,1.08,9.78,-0.00,-0.00,-0.00
5.58,87.77,-9.95,1.11,1.05,-0.04,-0.02,-0.01,0.66,1.08,9.80,-0.00,-0.00,-0.00
5.59,87.78,-9.96,1.11,1.05,-0.04,-0.02,-0.01,0.66,1.09,9.79,-0.00,-0.00,-0.00
5.61,87.78,-9.94,1.10,1.05,-0.04,-0.02,-0.01,0.67,1.08,9.80,-0.00,-0.00,-0.00
5.62,87.79,-9.96,1.10,1.05,-0.04,-0.02,-0.01,0.66,1.08,9.80,-0.00,-0.00,-0.00
5.64,87.80,-9.97,1.09,1.04,-0.04,-0.02,-0.01,0.65,1.07,9.79,-0.00,-0.00,-0.00
5.65,87.81,-9.96,1.08,1.03,-0.04,-0.02,-0.01,0.66,1.07,9.79,-0.00,-0.00,-0.00
5.66,87.83,-9.96,1.07,1.02,-0.04,-0.02,-0.01,0.65,1.06,9.80,-0.00,-0.00,-0.00
5.68,87.84,-9.97,1.07,1.03,-0.04,-0.02,-0.00,0.62,1.05,9.81,-0.00,-0.00,-0.00
5.70,87.84,-9.98,1.08,1.03,-0.04,-0.02,-0.00,0.62,1.05,9.80,-0.00,-0.00,0.00
5.71,87.83,-9.97,1.08,1.04,-0.04,-0.02,-0.00,0.63,1.05,9.80,0.00,-0.00,0.00
5.74,87.82,-9.97,1.08,1.05,-0.04,-0.02,0.00,0.63,1.05,9.80,-0.00,-0.00,0.00
5.75,87.81,-9.97,1.10,1.04,-0.04,-0.02,0.00,0.64,1.07,9.79,-0.00,-0.00,0.00
5.77,87.81,-9.96,1.10,1.04,-0.04,-0.02,0.00,0.64,1.08,9.80,-0.00,-0.00,0.00
5.78,87.81,-9.96,1.10,1.04,-0.04,-0.02,0.00,0.65,1.08,9.80,-0.00,-0.00,0.00
5.79,87.81,-9.97,1.09,1.05,-0.04,-0.02,0.00,0.66,1.08,9.80,0.00,-0.00,0.01
5.80,87.81,-9.97,1.11,1.05,-0.04,-0.02,0.00,0.65,1.09,9.80,0.00,-0.00,0.00
5.82,87.81,-9.96,1.10,1.05,-0.04,-0.02,-0.00,0.65,1.07,9.80,-0.00,-0.00,0.00
5.83,87.81,-9.96,1.11,1.05,-0.04,-0.02,-0.00,0.65,1.07,9.80,-0.00,-0.00,0.00
5.84,87.81,-9.96,1.11,1.05,-0.04,-0.02,-0.00,0.64,1.07,9.80,-0.00,-0.00,0.00
5.86,87.80,-9.96,1.12,1.05,-0.04,-0.02,-0.01,0.64,1.08,9.80,-0.00,-0.00,0.00
5.88,87.80,-9.96,1.12,1.05,-0.04,-0.02,-0.01,0.64,1.07,9.81,-0.00,-0.00,0.00
5.89,87.80,-9.96,1.11,1.04,-0.04,-0.02,-0.01,0.64,1.07,9.80,-0.00,-0.00,-0.00
5.91,87.80,-9.97,1.12,1.05,-0.04,-0.02,-0.01,0.63,1.07,9.80,-0.00,-0.00,-0.00
5.92,87.80,-9.97,1.11,1.04,-0.04,-0.02,-0.01,0.65,1.08,9.79,-0.00,-0.00,-0.00
5.93,87.80,-9.96,1.12,1.04,-0.04,-0.02,-0.01,0.65,1.08,9.80,-0.00,-0.00,-0.00
5.94,87.81,-9.96,1.12,1.04,-0.04,-0.02,-0.01,0.65,1.07,9.79,-0.00,-0.00,-0.00
5.95,87.81,-9.95,1.11,1.04,-0.04,-0.02,-0.01,0.65,1.07,9.79,-0.00,-0.00,-0.00
5.97,87.82,-9.96,1.09,1.02,-0.04,-0.02,-0.01,0.64,1.06,9.81,-0.00,-0.00,-0.00
5.99,87.83,-9.97,1.09,1.02,-0.04,-0.02,-0.01,0.64,1.06,9.79,-0.00,-0.00,-0.00
6.01,87.84,-9.97,1.08,1.03,-0.04,-0.02,-0.01,0.63,1.05,9.80,-0.00,-0.00,-0.00
6.02,87.84,-9.97,1.08,1.04,-0.04,-0.02,-0.01,0.65,1.05,9.81,-0.00,-0.00,0.00
6.04,87.84,-9.98,1.08,1.05,-0.04,-0.02,-0.00,0.64,1.04,9.81,0.00,-0.00,0.00
6.06,87.84,-9.96,1.07,1.05,-0.04,-0.02,-0.00,0.65,1.05,9.81,-0.00,-0.00,0.00
6.07,87.84,-9.98,1.08,1.04,-0.04,-0.02,0.00,0.63,1.05,9.80,-0.00,-0.00,0.01
6.09,87.83,-9.97,1.08,1.04,-0.04,-0.02,0.00,0.63,1.06,9.80,0.00,-0.00,0.01
6.10,87.83,-9.96,1.10,1.04,-0.04,-0.02,0.00,0.64,1.07,9.80,0.00,-0.00,0.01
6.11,87.82,-9.96,1.11,1.05,-0.04,-0.02,0.00,0.65,1.08,9.81,0.00,-0.00,0.01
6.12,87.82,-9.96,1.11,1.04,-0.04,-0.02,0.00,0.64,1.08,9.82,0.00,-0.00,0.00
6.14,87.82,-9.96,1.11,1.05,-0.04,-0.02,0.00,0.64,1.09,9.82,0.00,-0.00,0.00
6.16,87.81,-9.97,1.11,1.06,-0.04,-0.02,-0.00,0.64,1.09,9.81,-0.00,-0.00,0.00
6.17,87.81,-9.97,1.11,1.05,-0.04,-0.02,-0.00,0.65,1.08,9.81,-0.00,-0.00,0.00
6.18,87.81,-9.96,1.10,1.04,-0.04,-0.02,-0.00,0.65,1.08,9.81,0.00,-0.00,-0.00
6.19,87.82,-9.96,1.11,1.04,-0.04,-0.02,-0.01,0.65,1.08,9.81,0.00,-0.00,-0.00
6.21,87.82,-9.97,1.11,1.04,-0.04,-0.02,-0.01,0.65,1.06,9.80,-0.00,-0.00,-0.00
6.22,87.82,-9.96,1.10,1.04,-0.04,-0.02,-0.01,0.64,1.06,9.81,-0.00,-0.00,-0.00
6.23,87.83,-9.97,1.10,1.04,-0.04,-0.02,-0.01,0.65,1.06,9.81,-0.00,-0.00,-0.00
6.25,87.83,-9.96,1.09,1.05,-0.04,-0.02,-0.01,0.65,1.06,9.81,-0.00,-0.00,0.00
6.26,87.82,-9.95,1.09,1.05,-0.04,-0.02,-0.00,0.64,1.06,9.81,-0.00,-0.00,0.00
6.28,87.82,-9.96,1.09,1.04,-0.04,-0.02,-0.00,0.64,1.06,9.80,0.00,-0.00,0.00
6.30,87.82,-9.97,1.10,1.05,-0.04,-0.02,-0.00,0.64,1.07,9.80,0.00,-0.00,0.00
6.31,87.82,-9.97,1.11,1.05,-0.04,-0.02,-0.00,0.65,1.07,9.78,-0.00,-0.00,0.00
6.33,87.82,-9.95,1.11,1.04,-0.04,-0.02,-0.00,0.64,1.07,9.79,-0.00,-0.00,0.00
6.34,87.82,-9.97,1.11,1.04,-0.04,-0.02,-0.01,0.64,1.08,9.79,-0.00,-0.00,0.00
6.35,87.82,-9.97,1.10,1.04,-0.04,-0.02,-0.01,0.64,1.07,9.79,-0.00,-0.00,0.00
6.36,87.83,-9.97,1.10,1.04,-0.04,-0.02,-0.01,0.64,1.07,9.80,-0.00,-0.00,0.00
6.37,87.83,-9.98,1.10,1.03,-0.04,-0.02,-0.01,0.64,1.06,9.80,-0.00,-0.00,0.00
6.38,87.83,-9.97,1.09,1.04,-0.04,-0.02,-0.01,0.65,1.07,9.81,-0.00,-0.00,0.00
6.40,87.84,-9.97,1.10,1.04,-0.04,-0.02,-0.01,0.64,1.06,9.81,-0.00,-0.00,-0.00
6.41,87.84,-9.97,1.10,1.04,-0.04,-0.02,-0.01,0.65,1.06,9.80,-0.00,-0.00,0.00
6.43,87.84,-9.96,1.10,1.04,-0.04,-0.02,-0.01,0.65,1.06,9.80,-0.00,-0.00,0.00
6.44,87.85,-9.98,1.10,1.04,-0.04,-0.02,-0.00,0.64,1.06,9.80,-0.00,-0.00,0.00
6.45,87.85,-9.99,1.10,1.03,-0.04,-0.02,-0.00,0.65,1.06,9.79,-0.00,-0.00,0.00
6.47,87.85,-9.97,1.10,1.03,-0.04,-0.02,-0.00,0.65,1.06,9.79,-0.00,-0.00,0.00
6.48,87.86,-9.97,1.11,1.04,-0.04,-0.02,-0.00,0.65,1.07,9.78,-0.00,-0.00,0.00
6.49,87.86,-9.96,1.11,1.04,-0.04,-0.02,-0.00,0.65,1.07,9.79,-0.00,-0.00,0.00
6.50,87.86,-9.97,1.11,1.04,-0.04,-0.02,-0.00,0.64,1.07,9.80,-0.00,-0.00,0.00
6.53,87.86,-9.96,1.11,1.04,-0.04,-0.02,-0.00,0.65,1.07,9.79,-0.00,-0.00,0.00
6.54,87.86,-9.95,1.10,1.04,-0.04,-0.02,-0.00,0.65,1.07,9.79,-0.00,-0.00,0.00
6.56,87.86,-9.96,1.11,1.04,-0.04,-0.02,-0.01,0.64,1.07,9.80,-0.00,-0.00,0.00
6.58,87.85,-9.97,1.10,1.05,-0.04,-0.02,-0.01,0.64,1.08,9.80,-0.00,-0.00,0.00
6.59,87.85,-9.96,1.10,1.05,-0.04,-0.02,-0.01,0.63,1.08,9.80,-0.00,-0.00,0.00
6.61,87.84,-9.97,1.10,1.04,-0.04,-0.02,-0.01,0.63,1.09,9.79,-0.00,-0.00,0.00
6.62,87.85,-9.97,1.11,1.04,-0.04,-0.02,-0.01,0.65,1.09,9.79,-0.00,-0.00,0.00
6.64,87.85,-9.97,1.09,1.04,-0.04,-0.02,-0.01,0.66,1.08,9.79,-0.00,-0.00,0.00
6.66,87.86,-9.96,1.09,1.04,-0.04,-0.02,-0.01,0.65,1.08,9.80,-0.00,-0.00,0.00
6.66,87.86,-9.96,1.09,1.04,-0.04,-0.02,-0.01,0.65,1.07,9.80,-0.00,-0.00,0.00
6.68,87.86,-9.96,1.10,1.05,-0.04,-0.02,-0.01,0.65,1.07,9.80,-0.00,-0.00,0.00
6.70,87.85,-9.96,1.09,1.04,-0.04,-0.02,-0.00,0.65,1.05,9.80,-0.00,-0.00,0.00
6.71,87.85,-9.96,1.09,1.05,-0.04,-0.02,-0.00,0.64,1.05,9.79,-0.00,-0.00,0.00
6.72,87.85,-9.97,1.09,1.05,-0.04,-0.02,-0.00,0.65,1.06,9.79,-0.00,-0.00,0.00
6.74,87.85,-9.96,1.09,1.04,-0.04,-0.02,-0.00,0.65,1.06,9.80,-0.00,-0.00,0.00
6.75,87.84,-9.97,1.09,1.05,-0.04,-0.02,-0.00,0.63,1.06,9.80,-0.00,-0.00,0.00
6.76,87.83,-9.97,1.10,1.05,-0.04,-0.02,-0.00,0.64,1.07,9.80,-0.00,-0.00,0.00
6.77,87.82,-9.97,1.10,1.06,-0.04,-0.02,-0.00,0.62,1.07,9.80,-0.00,-0.00,0.00
6.79,87.82,-9.97,1.11,1.04,-0.04,-0.02,-0.00,0.62,1.08,9.80,-0.00,-0.00,0.00
6.80,87.81,-9.97,1.12,1.04,-0.04,-0.02,-0.00,0.64,1.08,9.80,-0.00,-0.00,0.00
6.82,87.81,-9.97,1.12,1.04,-0.04,-0.02,-0.00,0.64,1.08,9.79,-0.00,-0.00,0.00
6.84,87.81,-9.96,1.10,1.04,-0.04,-0.02,-0.01,0.64,1.07,9.79,-0.00,-0.00,-0.00
6.86,87.81,-9.97,1.09,1.04,-0.04,-0.02,-0.01,0.66,1.08,9.78,-0.00,-0.00,-0.00
6.87,87.82,-9.98,1.09,1.04,-0.04,-0.02,-0.01,0.65,1.08,9.79,-0.00,-0.00,-0.00
6.88,87.82,-9.96,1.09,1.04,-0.04,-0.02,-0.01,0.64,1.07,9.79,-0.00,-0.00,-0.00
6.89,87.82,-9.96,1.08,1.04,-0.04,-0.02,-0.00,0.64,1.06,9.79,-0.00,-0.00,0.00
6.91,87.82,-9.96,1.09,1.03,-0.04,-0.02,-0.00,0.64,1.05,9.80,0.00,-0.00,0.00
6.93,87.82,-9.97,1.10,1.04,-0.04,-0.02,-0.00,0.64,1.07,9.80,0.00,-0.00,0.00
6.95,87.82,-9.97,1.10,1.04,-0.04,-0.02,-0.00,0.64,1.06,9.79,0.00,-0.00,0.00
6.96,87.82,-9.96,1.10,1.03,-0.04,-0.02,-0.00,0.64,1.07,9.78,-0.00,-0.00,0.00
6.98,87.82,-9.97,1.11,1.04,-0.04,-0.02,-0.00,0.63,1.06,9.78,0.00,-0.00,0.00
6.99,87.82,-9.97,1.12,1.05,-0.04,-0.02,-0.00,0.64,1.07,9.78,0.00,-0.00,0.00
7.00,87.82,-9.96,1.11,1.06,-0.04,-0.02,-0.00,0.65,1.08,9.79,0.00,-0.00,0.00
7.01,87.81,-9.97,1.11,1.06,-0.04,-0.02,-0.01,0.66,1.08,9.80,0.00,-0.00,0.00
7.02,87.81,-9.96,1.10,1.05,-0.04,-0.02,-0.01,0.66,1.08,9.80,-0.00,-0.00,0.00
7.04,87.82,-9.96,1.10,1.04,-0.04,-0.02,-0.01,0.65,1.07,9.80,-0.00,-0.00,-0.00
7.06,87.82,-9.98,1.11,1.04,-0.04,-0.02,-0.01,0.65,1.06,9.81,-0.00,-0.00,-0.00
7.07,87.82,-9.97,1.10,1.04,-0.04,-0.02,-0.01,0.63,1.06,9.81,-0.00,-0.00,-0.00
7.09,87.82,-9.97,1.10,1.04,-0.04,-0.02,-0.01,0.64,1.06,9.81,-0.00,-0.00,-0.00
7.10,87.82,-9.97,1.10,1.04,-0.04,-0.02,-0.01,0.64,1.04,9.79,-0.00,-0.00,0.00
7.12,87.81,-9.97,1.10,1.04,-0.04,-0.02,-0.01,0.63,1.06,9.79,-0.00,-0.00,0.00
7.13,87.81,-9.96,1.09,1.05,-0.04,-0.02,-0.00,0.65,1.06,9.80,-0.00,-0.00,0.00
7.14,87.81,-9.96,1.09,1.05,-0.04,-0.02,-0.00,0.64,1.07,9.81,-0.00,-0.00,0.00
7.15,87.81,-9.96,1.10,1.04,-0.04,-0.02,-0.00,0.65,1.07,9.80,-0.00,-0.00,0.00
7.16,87.81,-9.96,1.10,1.04,-0.04,-0.02,-0.00,0.65,1.08,9.80,-0.00,-0.00,0.00
7.18,87.82,-9.96,1.11,1.04,-0.04,-0.02,-0.01,0.65,1.08,9.80,-0.00,-0.00,0.00
7.20,87.82,-9.97,1.11,1.03,-0.04,-0.02,-0.01,0.64,1.08,9.80,-0.00,-0.00,0.00
7.22,87.83,-9.97,1.11,1.03,-0.04,-0.02,-0.01,0.64,1.08,9.80,-0.00,-0.00,0.00
7.23,87.83,-9.96,1.10,1.04,-0.04,-0.02,-0.01,0.63,1.08,9.79,-0.00,-0.00,0.00
7.24,87.83,-9.95,1.10,1.04,-0.04,-0.02,-0.01,0.63,1.08,9.79,-0.00,-0.00,0.00
7.27,87.83,-9.97,1.10,1.05,-0.04,-0.02,-0.01,0.64,1.07,9.79,-0.00,-0.00,0.00
7.28,87.82,-9.97,1.10,1.04,-0.04,-0.02,-0.01,0.65,1.07,9.79,-0.00,-0.00,0.00
7.29,87.82,-9.96,1.10,1.05,-0.04,-0.02,-0.01,0.65,1.07,9.79,-0.00,-0.00,0.00
7.31,87.82,-9.97,1.10,1.04,-0.04,-0.02,-0.01,0.65,1.07,9.79,-0.00,-0.00,0.00
7.32,87.83,-9.97,1.09,1.04,-0.04,-0.02,-0.01,0.66,1.06,9.79,-0.00,-0.00,0.00
7.33,87.83,-9.96,1.09,1.05,-0.04,-0.02,-0.00,0.65,1.07,9.79,-0.00,-0.00,0.00
7.34,87.83,-9.97,1.09,1.05,-0.04,-0.02,-0.01,0.65,1.06,9.79,-0.00,-0.00,0.00
7.36,87.83,-9.96,1.10,1.05,-0.04,-0.02,-0.00,0.65,1.07,9.79,-0.00,-0.00,0.00
7.37,87.83,-9.96,1.10,1.04,-0.04,-0.02,-0.00,0.65,1.07,9.80,-0.00,-0.00,0.00
7.39,87.82,-9.95,1.10,1.05,-0.04,-0.02,-0.00,0.64,1.06,9.80,-0.00,-0.00,0.00
7.41,87.82,-9.96,1.10,1.04,-0.04,-0.02,-0.00,0.63,1.07,9.81,-0.00,-0.00,0.00
7.42,87.81,-9.95,1.10,1.04,-0.04,-0.02,-0.00,0.64,1.08,9.81,-0.00,-0.00,0.00
7.43,87.82,-9.96,1.10,1.04,-0.04,-0.02,-0.01,0.65,1.08,9.79,-0.00,-0.00,0.00
7.46,87.83,-9.96,1.09,1.04,-0.04,-0.02,-0.01,0.66,1.07,9.80,-0.00,-0.00,0.00
7.47,87.83,-9.98,1.10,1.05,-0.04,-0.02,-0.01,0.66,1.08,9.79,-0.00,-0.00,0.00
7.48,87.84,-9.97,1.10,1.04,-0.04,-0.02,-0.01,0.65,1.07,9.80,-0.00,-0.00,-0.00
7.49,87.84,-9.98,1.10,1.05,-0.04,-0.02,-0.01,0.63,1.07,9.80,-0.00,-0.00,-0.00
7.50,87.84,-9.97,1.10,1.04,-0.04,-0.02,-0.01,0.63,1.06,9.79,-0.00,-0.00,-0.00
7.52,87.83,-9.97,1.10,1.04,-0.04,-0.02,-0.01,0.63,1.06,9.79,-0.00,-0.00,-0.00
7.53,87.83,-9.98,1.10,1.04,-0.04,-0.02,-0.01,0.63,1.05,9.78,-0.00,-0.00,-0.00
7.54,87.83,-9.96,1.09,1.03,-0.04,-0.02,-0.00,0.63,1.05,9.78,-0.00,-0.00,0.00
7.55,87.83,-9.96,1.09,1.03,-0.04,-0.02,-0.00,0.65,1.06,9.79,-0.00,-0.00,0.00
7.57,87.83,-9.97,1.09,1.03,-0.04,-0.02,-0.01,0.65,1.06,9.79,-0.00,-0.00,0.00
7.58,87.84,-9.96,1.09,1.04,-0.04,-0.02,-0.00,0.66,1.07,9.79,-0.00,-0.00,0.00
7.60,87.84,-9.96,1.09,1.05,-0.04,-0.02,-0.00,0.65,1.07,9.80,-0.00,-0.00,0.00
7.62,87.84,-9.96,1.09,1.05,-0.04,-0.02,-0.00,0.64,1.08,9.80,0.00,-0.00,0.00
7.63,87.84,-9.97,1.09,1.05,-0.04,-0.02,-0.00,0.64,1.08,9.79,0.00,-0.00,0.00
7.64,87.83,-9.96,1.09,1.05,-0.04,-0.02,-0.00,0.64,1.08,9.79,0.00,-0.00,0.00
7.65,87.83,-9.98,1.10,1.04,-0.04,-0.02,-0.01,0.64,1.08,9.79,0.00,-0.00,0.00
7.67,87.83,-9.97,1.10,1.05,-0.04,-0.02,-0.01,0.64,1.07,9.80,0.00,-0.00,0.00
7.68,87.83,-9.97,1.09,1.05,-0.04,-0.02,-0.00,0.65,1.07,9.79,-0.00,-0.00,0.00
7.69,87.83,-9.97,1.09,1.05,-0.04,-0.02,-0.00,0.65,1.07,9.79,0.00,-0.00,0.00
7.70,87.83,-9.96,1.08,1.05,-0.04,-0.02,-0.00,0.65,1.06,9.79,0.00,-0.00,0.00
7.72,87.82,-9.96,1.09,1.05,-0.04,-0.02,-0.00,0.65,1.07,9.79,0.00,-0.00,0.00
7.74,87.82,-9.97,1.10,1.06,-0.04,-0.02,-0.00,0.65,1.09,9.79,0.00,-0.00,0.00
7.75,87.82,-9.97,1.10,1.05,-0.04,-0.02,-0.00,0.65,1.08,9.80,-0.00,-0.00,0.00
7.76,87.82,-9.96,1.10,1.05,-0.04,-0.02,-0.00,0.64,1.08,9.79,-0.00,-0.00,0.00
7.78,87.82,-9.97,1.11,1.05,-0.04,-0.02,-0.00,0.65,1.08,9.79,-0.00,-0.00,0.00
7.79,87.82,-9.98,1.11,1.05,-0.04,-0.02,-0.01,0.65,1.08,9.81,-0.00,-0.00,0.00
7.81,87.82,-9.97,1.11,1.04,-0.04,-0.02,-0.01,0.64,1.08,9.80,0.00,-0.00,0.00
7.83,87.82,-9.96,1.10,1.04,-0.04,-0.02,-0.01,0.64,1.07,9.79,0.00,-0.00,-0.00
7.84,87.82,-9.97,1.09,1.04,-0.04,-0.02,-0.00,0.65,1.06,9.80,0.00,-0.00,0.00
7.86,87.82,-9.98,1.09,1.03,-0.04,-0.02,-0.00,0.65,1.06,9.81,0.00,-0.00,0.00
7.87,87.83,-9.96,1.10,1.03,-0.04,-0.02,-0.00,0.64,1.07,9.80,-0.00,-0.00,0.00
7.88,87.83,-9.98,1.10,1.03,-0.04,-0.02,-0.00,0.64,1.07,9.79,-0.00,-0.00,0.00
7.90,87.83,-9.97,1.11,1.04,-0.04,-0.02,-0.00,0.64,1.07,9.78,-0.00,-0.00,0.00
7.91,87.84,-9.97,1.11,1.04,-0.04,-0.02,-0.00,0.65,1.08,9.79,-0.00,-0.00,0.00
7.93,87.84,-9.97,1.10,1.04,-0.04,-0.02,-0.00,0.64,1.08,9.79,-0.00,-0.00,0.00
7.95,87.84,-9.96,1.11,1.05,-0.04,-0.02,-0.00,0.66,1.08,9.79,-0.00,-0.00,0.00
7.96,87.84,-9.95,1.11,1.04,-0.04,-0.02,-0.01,0.66,1.08,9.79,-0.00,-0.00,0.00
7.97,87.84,-9.94,1.11,1.05,-0.04,-0.02,-0.01,0.65,1.08,9.79,-0.00,-0.00,0.00
7.99,87.84,-9.96,1.10,1.04,-0.04,-0.02,-0.01,0.65,1.07,9.80,-0.00,-0.00,-0.00
8.00,87.85,-9.97,1.11,1.04,-0.04,-0.02,-0.01,0.65,1.07,9.80,-0.00,-0.00,-0.00
8.01,87.85,-9.96,1.10,1.04,-0.04,-0.02,-0.01,0.64,1.07,9.81,-0.00,-0.00,-0.00
8.02,87.85,-9.96,1.10,1.04,-0.04,-0.02,-0.01,0.64,1.06,9.80,-0.00,-0.00,-0.00
8.04,87.85,-9.97,1.10,1.04,-0.04,-0.02,-0.01,0.64,1.06,9.80,-0.00,-0.00,-0.00
8.05,87.85,-9.96,1.09,1.04,-0.04,-0.02,-0.01,0.64,1.07,9.80,-0.00,-0.00,-0.00
8.07,87.84,-9.97,1.10,1.05,-0.04,-0.02,-0.01,0.64,1.06,9.79,-0.00,-0.00,0.00
8.08,87.84,-9.96,1.09,1.04,-0.04,-0.02,-0.01,0.63,1.05,9.80,-0.00,-0.00,0.00
8.09,87.84,-9.96,1.09,1.04,-0.04,-0.02,-0.01,0.63,1.05,9.80,-0.00,-0.00,0.00
8.10,87.83,-9.97,1.09,1.04,-0.04,-0.02,-0.00,0.63,1.06,9.80,-0.00,-0.00,0.00
8.12,87.83,-9.96,1.09,1.04,-0.04,-0.02,-0.00,0.64,1.06,9.79,-0.00,-0.00,0.00
8.14,87.83,-9.97,1.09,1.04,-0.04,-0.02,-0.00,0.66,1.06,9.78,-0.00,-0.00,0.00
8.15,87.83,-9.96,1.09,1.05,-0.04,-0.02,-0.00,0.66,1.07,9.80,-0.00,-0.00,0.00
8.17,87.83,-9.96,1.09,1.06,-0.04,-0.02,-0.00,0.65,1.08,9.80,-0.00,-0.00,0.00
8.19,87.82,-9.97,1.10,1.05,-0.04,-0.02,-0.00,0.63,1.08,9.82,-0.00,-0.00,0.00
8.21,87.82,-9.98,1.11,1.04,-0.04,-0.02,-0.00,0.63,1.07,9.81,-0.00,-0.00,0.00
8.22,87.82,-9.96,1.11,1.03,-0.04,-0.02,0.00,0.65,1.06,9.80,-0.00,-0.00,0.00
8.23,87.82,-9.96,1.12,1.04,-0.04,-0.02,0.00,0.65,1.06,9.80,-0.00,-0.00,0.00
8.25,87.83,-9.96,1.12,1.04,-0.04,-0.02,-0.00,0.65,1.07,9.80,-0.00,-0.00,0.00
8.26,87.83,-9.95,1.11,1.04,-0.04,-0.02,-0.00,0.64,1.08,9.80,-0.00,-0.00,0.00
8.27,87.83,-9.97,1.11,1.03,-0.04,-0.02,-0.01,0.65,1.09,9.80,-0.00,-0.00,0.00
8.28,87.84,-9.96,1.10,1.03,-0.04,-0.02,-0.01,0.64,1.09,9.79,-0.00,-0.00,0.00
8.29,87.84,-9.97,1.10,1.04,-0.04,-0.02,-0.01,0.64,1.08,9.79,-0.00,-0.00,-0.00
8.32,87.84,-9.96,1.11,1.04,-0.04,-0.02,-0.01,0.65,1.08,9.80,-0.00,-0.00,-0.00
8.33,87.84,-9.95,1.10,1.04,-0.04,-0.02,-0.01,0.64,1.07,9.79,-0.00,-0.00,-0.00
8.34,87.84,-9.96,1.10,1.04,-0.04,-0.02,-0.01,0.64,1.06,9.80,-0.00,-0.00,-0.00
8.36,87.84,-9.98,1.10,1.05,-0.04,-0.02,-0.01,0.64,1.06,9.80,-0.00,-0.00,-0.00
8.37,87.84,-9.96,1.10,1.05,-0.04,-0.02,-0.01,0.64,1.06,9.79,-0.00,-0.00,-0.00
8.38,87.84,-9.96,1.10,1.05,-0.04,-0.02,-0.01,0.64,1.06,9.79,-0.00,-0.00,-0.00
8.40,87.83,-9.96,1.11,1.04,-0.04,-0.02,-0.01,0.63,1.06,9.79,-0.00,-0.00,-0.00
8.41,87.83,-9.95,1.11,1.04,-0.04,-0.02,-0.01,0.64,1.07,9.80,-0.00,-0.00,0.00
8.42,87.83,-9.97,1.11,1.05,-0.04,-0.02,-0.00,0.64,1.08,9.79,-0.00,-0.00,0.00
8.44,87.83,-9.97,1.11,1.04,-0.04,-0.02,-0.00,0.64,1.08,9.79,-0.00,-0.00,0.00
8.45,87.83,-9.96,1.10,1.03,-0.04,-0.02,-0.00,0.65,1.07,9.79,-0.00,-0.00,0.00
8.47,87.83,-9.96,1.10,1.04,-0.04,-0.02,-0.00,0.64,1.07,9.79,-0.00,-0.00,0.00
8.48,87.83,-9.97,1.11,1.05,-0.04,-0.02,-0.00,0.64,1.07,9.79,-0.00,-0.00,0.00
8.49,87.83,-9.97,1.11,1.05,-0.04,-0.02,-0.01,0.64,1.07,9.80,-0.00,-0.00,0.00
8.50,87.83,-9.97,1.11,1.05,-0.04,-0.02,-0.00,0.65,1.07,9.79,-0.00,-0.00,0.00
8.52,87.82,-9.96,1.11,1.06,-0.04,-0.02,-0.01,0.63,1.07,9.79,-0.00,-0.00,-0.00
8.54,87.81,-9.96,1.11,1.05,-0.04,-0.02,-0.01,0.63,1.08,9.80,-0.00,-0.00,-0.00
8.55,87.81,-9.96,1.11,1.04,-0.04,-0.02,-0.01,0.65,1.08,9.81,-0.00,-0.00,-0.00
8.57,87.81,-9.96,1.10,1.04,-0.04,-0.02,-0.01,0.65,1.08,9.80,-0.00,-0.00,-0.00
8.58,87.81,-9.96,1.09,1.04,-0.04,-0.02,-0.01,0.64,1.06,9.79,-0.00,-0.00,-0.00
8.60,87.82,-9.97,1.08,1.04,-0.04,-0.02,-0.01,0.64,1.07,9.80,-0.00,-0.00,-0.00
8.61,87.82,-9.98,1.08,1.04,-0.04,-0.02,-0.01,0.64,1.07,9.80,-0.00,-0.00,-0.00
8.64,87.81,-9.98,1.09,1.04,-0.04,-0.02,-0.01,0.64,1.06,9.80,-0.00,-0.00,-0.00
8.66,87.82,-9.98,1.09,1.04,-0.04,-0.02,-0.00,0.64,1.06,9.79,-0.00,-0.00,-0.00
8.67,87.82,-9.97,1.08,1.04,-0.04,-0.02,-0.00,0.64,1.05,9.80,-0.01,-0.00,0.00
8.68,87.82,-9.98,1.06,1.06,-0.03,-0.02,0.01,0.66,1.05,9.80,-0.01,-0.00,0.01
8.70,87.82,-9.98,1.05,1.05,-0.03,-0.02,0.01,0.67,1.04,9.81,-0.01,-0.00,0.01
8.71,87.83,-9.99,1.05,1.06,-0.03,-0.02,0.02,0.69,1.03,9.80,-0.01,-0.00,0.02
8.72,87.83,-9.98,1.04,1.07,-0.03,-0.02,0.02,0.69,1.03,9.80,-0.01,-0.00,0.02
8.74,87.84,-9.96,1.05,1.08,-0.03,-0.02,0.03,0.69,1.01,9.80,-0.01,-0.00,0.03
8.76,87.84,-9.95,1.08,1.09,-0.03,-0.01,0.03,0.69,1.01,9.80,-0.01,0.00,0.03
8.77,87.85,-9.94,1.09,1.10,-0.02,-0.01,0.04,0.71,1.05,9.79,-0.01,0.01,0.04
8.79,87.86,-9.95,1.11,1.10,-0.01,-0.01,0.04,0.71,1.08,9.78,-0.01,0.01,0.05
8.81,87.86,-9.96,1.14,1.08,-0.01,-0.00,0.04,0.70,1.08,9.80,-0.01,0.01,0.04
8.82,87.87,-9.96,1.14,1.08,-0.01,-0.00,0.04,0.70,1.08,9.82,-0.01,0.01,0.04
8.83,87.87,-9.95,1.17,1.08,-0.00,-0.00,0.04,0.70,1.11,9.85,-0.01,0.01,0.04
8.85,87.86,-9.89,1.23,1.11,-0.01,0.01,0.02,0.70,1.14,9.82,-0.01,0.02,0.04
8.87,87.85,-9.85,1.26,1.18,-0.02,0.01,0.00,0.78,1.17,9.77,-0.02,0.03,0.05
8.89,87.86,-9.90,1.23,1.19,-0.01,0.02,-0.02,0.84,1.22,9.74,-0.03,0.03,0.03
8.90,87.89,-9.92,1.21,1.19,-0.01,0.03,-0.03,0.87,1.21,9.73,-0.04,0.03,0.02
8.91,87.95,-9.93,1.21,1.15,0.00,0.03,-0.04,0.89,1.16,9.76,-0.04,0.03,0.02
8.93,87.99,-9.92,1.21,1.13,0.00,0.03,-0.04,0.85,1.14,9.78,-0.04,0.03,0.02
8.94,88.04,-9.87,1.24,1.09,-0.00,0.04,-0.05,0.80,1.12,9.79,-0.04,0.03,0.03
8.95,88.09,-9.88,1.27,1.08,-0.01,0.05,-0.06,0.78,1.05,9.80,-0.04,0.04,0.07
8.97,88.13,-9.95,1.29,1.08,-0.02,0.05,-0.06,0.82,1.12,9.77,-0.05,0.05,0.10
8.98,88.21,-10.03,1.25,1.09,-0.03,0.05,-0.06,0.81,1.10,9.92,-0.08,0.04,0.18
9.01,88.25,-10.04,1.19,1.08,-0.04,0.05,-0.09,0.85,0.99,10.01,-0.08,0.02,0.17
9.02,88.35,-10.05,1.15,1.07,-0.05,0.06,-0.12,0.91,0.98,10.01,-0.07,-0.00,0.15
9.03,88.44,-10.04,1.13,1.05,-0.06,0.07,-0.13,0.92,1.06,9.95,-0.06,-0.03,0.13
9.04,88.63,-10.00,1.16,1.01,-0.06,0.08,-0.14,0.90,1.17,9.72,-0.06,-0.04,0.12
9.05,88.78,-9.90,1.18,0.99,-0.07,0.07,-0.14,0.90,1.19,9.58,-0.08,-0.06,0.13
9.07,88.94,-9.81,1.21,0.97,-0.07,0.07,-0.16,0.91,1.16,9.45,-0.11,-0.08,0.11
9.09,89.25,-9.78,1.21,0.97,-0.07,0.06,-0.20,1.01,1.03,9.41,-0.20,-0.09,0.08
9.10,89.40,-9.77,1.18,0.99,-0.06,0.06,-0.21,1.04,0.98,9.38,-0.25,-0.10,0.03
9.11,89.65,-9.72,1.09,1.00,-0.05,0.06,-0.23,1.02,0.88,9.32,-0.34,-0.13,-0.05
9.12,89.82,-9.69,1.03,0.91,-0.03,0.06,-0.24,0.94,0.76,9.33,-0.40,-0.15,-0.12
9.13,89.94,-9.67,1.00,0.82,-0.03,0.05,-0.24,0.92,0.72,9.34,-0.41,-0.15,-0.13
9.14,90.36,-9.81,0.90,0.60,-0.04,0.03,-0.24,0.66,0.34,9.41,-0.47,-0.19,-0.20
9.16,90.52,-9.90,0.85,0.55,-0.06,0.02,-0.23,0.70,0.22,9.49,-0.47,-0.20,-0.19
9.18,90.77,-10.08,0.73,0.45,-0.08,-0.01,-0.22,0.72,0.17,9.53,-0.47,-0.20,-0.18
9.19,91.08,-10.25,0.62,0.35,-0.10,-0.08,-0.19,0.63,0.19,9.75,-0.46,-0.18,-0.16
9.21,91.16,-10.34,0.53,0.48,-0.12,-0.11,-0.18,0.52,0.13,10.07,-0.44,-0.15,-0.13
9.23,91.08,-10.34,0.46,0.62,-0.13,-0.11,-0.16,0.34,0.15,10.26,-0.41,-0.14,-0.11
9.24,90.92,-10.23,0.48,0.69,-0.13,-0.11,-0.14,0.15,0.17,10.24,-0.40,-0.13,-0.10
9.25,90.77,-10.14,0.53,0.67,-0.13,-0.11,-0.13,0.02,0.13,10.19,-0.38,-0.13,-0.08
9.27,90.35,-9.87,0.88,0.20,-0.18,-0.10,-0.12,-0.15,0.11,9.89,-0.28,-0.13,0.05
9.29,90.26,-9.90,0.95,0.01,-0.21,-0.12,-0.14,-0.31,0.12,9.75,-0.22,-0.13,0.07
9.30,90.18,-9.93,1.05,-0.18,-0.24,-0.14,-0.17,-0.39,0.15,9.67,-0.18,-0.15,0.07
9.32,90.12,-9.91,1.14,-0.32,-0.26,-0.18,-0.20,-0.43,0.29,9.58,-0.15,-0.17,0.07
9.33,90.09,-9.91,1.21,-0.39,-0.26,-0.20,-0.24,-0.42,0.45,9.67,-0.13,-0.18,0.07
9.34,90.14,-9.96,1.22,-0.40,-0.25,-0.19,-0.26,-0.44,0.49,9.69,-0.13,-0.18,0.07
9.35,90.05,-10.17,1.21,-0.51,-0.18,-0.18,-0.28,-0.63,0.84,9.77,-0.15,-0.20,0.07
9.36,90.02,-11.09,1.03,-0.94,0.09,-0.25,-0.15,-0.86,1.51,9.75,-0.24,-0.33,0.04
9.39,90.03,-11.73,0.63,-0.56,0.34,-0.38,-0.04,-0.54,0.96,9.81,-0.25,-0.39,0.08
9.40,89.99,-11.49,0.88,-0.34,0.46,-0.51,0.07,-0.33,0.19,9.85,-0.23,-0.42,0.17
9.41,89.88,-10.61,0.97,-0.24,0.42,-0.61,0.13,-0.28,-0.47,9.84,-0.19,-0.40,0.37
9.43,89.29,-10.05,-0.88,0.36,0.29,-0.77,0.03,0.06,-2.55,9.71,0.02,-0.33,0.73
9.45,89.00,-10.67,-0.95,0.32,0.19,-0.85,-0.05,0.42,-3.06,9.70,0.05,-0.32,0.92
9.46,88.81,-10.90,-0.87,0.34,0.07,-0.95,-0.12,0.86,-3.08,9.88,0.03,-0.39,0.87
9.48,88.95,-10.24,-0.18,0.57,-0.18,-1.12,-0.30,1.74,-1.41,9.76,-0.08,-0.53,0.60
9.50,88.77,-10.40,0.02,1.22,-0.29,-1.20,-0.42,1.97,-0.74,9.78,-0.10,-0.59,0.49
9.51,88.41,-10.75,0.42,1.94,-0.34,-1.28,-0.47,2.25,-0.14,9.89,-0.06,-0.62,0.40
9.52,88.15,-10.73,0.65,2.46,-0.35,-1.34,-0.47,2.43,0.37,10.00,-0.02,-0.61,0.31
9.54,87.85,-10.51,0.74,2.77,-0.34,-1.38,-0.46,2.42,0.46,10.01,-0.00,-0.61,0.29
9.54,87.85,-10.51,0.74,2.77,-0.34,-1.38,-0.46,2.42,0.46,10.01,-0.00,-0.61,0.29
9.54,87.85,-10.51,0.74,2.77,-0.34,-1.38,-0.46,2.42,0.46,10.01,-0.00,-0.61,0.29
9.58,87.22,-10.31,0.73,2.91,-0.33,-1.41,-0.46,2.42,0.46,10.01,-0.00,-0.61,0.29
9.60,86.36,-9.97,0.51,3.22,-0.30,-1.45,-0.50,2.50,0.53,9.99,0.03,-0.63,0.28
9.61,85.64,-9.79,0.27,3.55,-0.28,-1.51,-0.55,2.64,0.39,9.90,0.06,-0.65,0.33
9.62,85.04,-9.43,0.04,3.83,-0.27,-1.57,-0.62,2.75,0.04,9.70,0.08,-0.65,0.41
9.64,83.61,-9.24,-0.14,3.98,-0.29,-1.64,-0.77,2.81,-0.31,9.50,0.07,-0.64,0.46
9.65,83.11,-9.20,-0.22,3.99,-0.32,-1.66,-0.82,2.88,-0.37,9.48,0.06,-0.64,0.45
9.66,81.98,-9.11,-0.50,4.21,-0.36,-1.65,-0.96,3.17,-0.45,9.52,0.04,-0.60,0.38
9.68,81.64,-9.14,-0.62,4.39,-0.36,-1.64,-1.05,3.65,-0.35,9.69,0.03,-0.56,0.24
9.69,80.37,-9.04,-0.44,4.71,-0.33,-1.64,-1.15,4.05,-0.06,9.86,0.03,-0.51,0.06
9.70,79.84,-8.89,-0.42,4.96,-0.31,-1.68,-1.20,4.21,0.21,9.88,0.06,-0.47,-0.08
9.71,78.66,-8.74,-0.60,5.54,-0.25,-1.81,-1.28,4.11,0.62,9.56,0.09,-0.42,-0.21
9.73,77.56,-8.80,-0.78,5.95,-0.16,-1.93,-1.26,3.93,0.77,9.32,0.07,-0.37,-0.26
9.74,75.58,-8.77,-1.00,6.35,-0.03,-2.08,-1.14,3.69,0.84,9.19,0.03,-0.33,-0.26
9.76,73.71,-8.49,-1.31,6.66,0.07,-2.19,-0.98,3.47,0.83,9.25,-0.02,-0.29,-0.22
9.78,71.97,-8.13,-1.60,6.96,0.16,-2.23,-0.86,3.45,0.76,9.34,-0.05,-0.26,-0.17
9.79,70.06,-7.84,-1.92,7.24,0.24,-2.23,-0.73,3.43,0.58,9.45,-0.08,-0.23,-0.12
9.80,67.83,-7.56,-2.21,7.44,0.30,-2.18,-0.57,3.40,0.31,9.54,-0.09,-0.20,-0.08
9.81,66.79,-7.35,-2.31,7.46,0.31,-2.16,-0.49,3.38,0.06,9.56,-0.09,-0.17,-0.04
9.83,64.96,-6.95,-2.44,7.46,0.32,-2.12,-0.36,3.37,-0.44,9.52,-0.07,-0.12,0.07
9.84,63.21,-6.62,-2.48,7.43,0.30,-2.07,-0.27,3.33,-0.92,9.34,-0.08,-0.08,0.15
9.86,62.51,-6.52,-2.47,7.38,0.29,-2.05,-0.25,3.32,-0.96,9.30,-0.08,-0.06,0.18
9.87,60.81,-6.51,-2.43,7.24,0.25,-2.02,-0.21,3.32,-0.96,9.29,-0.09,-0.04,0.19
9.88,58.45,-6.57,-2.07,6.98,0.20,-2.02,-0.17,3.30,-0.71,9.46,-0.09,0.01,0.11
9.90,57.31,-6.40,-1.79,6.88,0.17,-2.04,-0.16,3.15,-0.47,9.44,-0.06,0.03,0.02
9.91,56.12,-5.93,-1.55,6.85,0.13,-2.04,-0.16,3.03,-0.31,9.35,-0.04,0.04,-0.03
9.92,54.50,-5.44,-1.51,7.05,0.08,-2.00,-0.17,2.76,-0.17,9.06,-0.03,0.04,-0.05
9.94,52.37,-4.75,-1.46,7.07,0.05,-1.92,-0.17,2.55,-0.11,8.90,-0.05,0.04,-0.04
9.95,50.85,-4.41,-1.58,7.06,0.02,-1.84,-0.18,2.46,-0.21,8.95,-0.08,0.03,-0.02
9.97,48.69,-4.27,-1.83,7.21,-0.03,-1.76,-0.19,2.34,-0.37,9.33,-0.09,0.02,-0.04
9.99,47.71,-4.29,-1.89,7.34,-0.07,-1.71,-0.19,2.28,-0.46,9.52,-0.08,0.00,-0.05
10.00,45.73,-4.37,-2.10,7.62,-0.15,-1.62,-0.16,1.87,-0.67,9.91,0.05,-0.04,0.02
10.01,44.34,-4.16,-2.27,7.82,-0.19,-1.56,-0.13,1.83,-0.72,9.86,0.08,-0.05,0.06
10.03,43.75,-3.95,-2.32,7.92,-0.21,-1.52,-0.13,1.83,-0.76,9.76,0.11,-0.06,0.11
10.04,41.99,-3.47,-2.42,8.10,-0.23,-1.42,-0.13,2.02,-0.83,9.50,0.15,-0.09,0.21
10.05,39.94,-3.06,-2.59,8.35,-0.22,-1.36,-0.17,2.50,-0.81,9.25,0.15,-0.10,0.25
10.07,38.18,-2.84,-2.85,8.71,-0.21,-1.32,-0.19,3.03,-0.80,9.06,0.10,-0.12,0.22
10.09,37.37,-2.82,-2.88,8.97,-0.21,-1.30,-0.15,3.22,-0.66,9.20,0.09,-0.12,0.18
10.10,36.57,-2.80,-2.88,9.18,-0.21,-1.28,-0.07,3.47,-0.65,9.31,0.08,-0.10,0.19
10.12,35.57,-2.74,-2.91,9.30,-0.21,-1.27,0.08,3.62,-0.58,9.39,0.08,-0.08,0.19
10.13,34.63,-2.66,-2.91,9.28,-0.22,-1.27,0.21,3.52,-0.54,9.43,0.08,-0.06,0.20
10.14,33.87,-2.58,-2.91,9.19,-0.24,-1.29,0.32,3.38,-0.62,9.48,0.08,-0.03,0.28
10.15,33.09,-2.56,-2.95,9.13,-0.27,-1.32,0.43,3.34,-0.66,9.47,0.08,-0.01,0.34
10.17,32.32,-2.48,-2.90,9.15,-0.29,-1.35,0.53,3.29,-0.58,9.42,0.08,-0.01,0.43
10.18,31.52,-2.44,-2.80,9.18,-0.30,-1.37,0.59,3.24,-0.43,9.39,0.07,-0.01,0.47
10.19,30.72,-2.33,-2.61,9.16,-0.28,-1.38,0.63,3.13,-0.22,9.41,0.05,-0.01,0.47
10.20,30.09,-2.18,-2.39,9.13,-0.26,-1.39,0.63,3.01,-0.07,9.41,0.04,-0.03,0.45
10.21,28.99,-2.00,-2.16,9.10,-0.22,-1.37,0.60,2.65,0.10,9.43,0.02,-0.06,0.38
10.23,27.77,-1.78,-1.96,9.08,-0.17,-1.33,0.53,2.28,0.10,9.43,0.01,-0.11,0.30
10.24,26.73,-1.70,-1.86,9.04,-0.13,-1.28,0.44,2.10,0.03,9.41,0.02,-0.14,0.26
10.26,25.81,-1.72,-1.76,9.08,-0.10,-1.23,0.35,2.07,0.01,9.39,0.02,-0.19,0.18
10.27,25.02,-1.78,-1.70,9.21,-0.07,-1.19,0.23,2.10,0.08,9.44,-0.01,-0.24,0.03
10.28,24.50,-1.81,-1.63,9.27,-0.03,-1.16,0.13,2.04,0.11,9.49,-0.02,-0.27,-0.11
10.29,23.71,-1.82,-1.53,9.24,0.05,-1.09,-0.07,1.68,0.08,9.50,-0.03,-0.33,-0.26
10.30,23.02,-1.99,-1.50,9.16,0.09,-1.04,-0.23,0.93,0.01,9.50,-0.01,-0.41,-0.38
10.32,22.36,-2.39,-1.57,9.08,0.13,-0.98,-0.39,0.52,-0.12,9.58,0.01,-0.47,-0.40
10.32,21.94,-2.72,-1.69,9.00,0.14,-0.94,-0.48,0.23,-0.31,9.77,0.07,-0.51,-0.36
10.34,21.40,-2.97,-2.00,8.93,0.13,-0.88,-0.54,0.13,-0.57,9.82,0.16,-0.57,-0.22
10.35,20.95,-2.76,-2.47,8.98,0.10,-0.81,-0.56,0.33,-0.86,9.83,0.21,-0.64,-0.08
10.37,20.77,-2.64,-2.69,9.02,0.08,-0.78,-0.57,0.77,-1.06,9.88,0.25,-0.70,0.00
10.38,20.86,-2.41,-2.85,9.16,0.06,-0.74,-0.58,1.54,-1.18,9.90,0.27,-0.77,0.02
10.39,21.00,-2.14,-2.75,9.37,0.04,-0.71,-0.59,1.93,-1.07,9.94,0.25,-0.83,-0.04
10.41,21.30,-1.91,-2.53,9.54,0.04,-0.67,-0.65,2.04,-0.84,10.04,0.22,-0.90,-0.15
10.42,21.56,-1.83,-2.20,9.68,0.05,-0.62,-0.77,1.73,-0.55,10.01,0.19,-1.03,-0.31
10.44,21.85,-2.02,-2.18,9.76,0.07,-0.57,-0.93,1.61,-0.50,9.97,0.16,-1.12,-0.39
10.45,22.36,-2.17,-2.48,9.88,0.07,-0.55,-1.02,2.11,-0.66,10.22,0.12,-1.20,-0.46
10.47,23.35,-2.46,-3.04,10.75,0.09,-0.56,-1.13,2.89,-0.66,11.18,0.07,-1.27,-0.61
10.49,24.18,-3.22,-3.09,11.97,0.18,-0.56,-1.29,2.25,-0.08,12.32,0.03,-1.31,-0.75
10.50,24.72,-4.38,-2.59,12.38,0.35,-0.48,-1.42,0.00,1.06,13.04,0.03,-1.39,-0.90
10.51,25.17,-5.56,-2.03,12.08,0.48,-0.34,-1.45,-1.75,1.62,13.06,0.03,-1.50,-0.98
10.53,25.68,-7.29,-1.50,10.97,0.62,-0.02,-1.30,-4.24,2.28,12.90,0.02,-1.70,-1.02
10.54,26.65,-8.22,-1.05,10.21,0.68,0.24,-1.10,-5.60,2.64,12.92,0.01,-1.84,-0.98
10.56,27.87,-9.01,-0.49,9.58,0.73,0.60,-0.81,-6.45,2.79,13.25,-0.07,-2.02,-0.86
10.57,28.88,-9.35,-0.14,9.34,0.74,0.84,-0.63,-6.36,2.61,13.63,-0.13,-2.25,-0.73
10.59,32.72,-8.80,-0.58,8.71,0.64,1.51,-0.15,-4.47,1.24,14.31,-0.30,-2.39,-0.78
10.60,35.82,-7.85,-1.14,8.35,0.50,1.89,0.15,-2.92,0.46,14.06,-0.30,-2.44,-0.79
10.62,37.89,-7.17,-1.39,8.28,0.40,2.12,0.36,-1.72,0.08,13.76,-0.25,-2.42,-0.70
10.63,42.14,-5.92,-1.43,9.04,0.20,2.58,0.79,0.78,-0.27,13.15,-0.11,-2.26,-0.23
10.65,45.57,-5.53,-1.45,10.82,0.05,2.87,0.93,4.38,-1.39,13.04,0.01,-2.11,0.04
10.66,49.91,-5.57,-2.42,13.60,-0.06,3.13,1.04,7.76,-3.11,13.37,0.18,-1.85,0.15
10.68,54.89,-4.92,-4.33,15.74,-0.15,3.10,1.18,9.98,-3.10,12.61,0.26,-1.19,0.19
10.70,58.93,-3.59,-4.77,15.14,-0.20,3.01,1.21,10.42,-2.78,11.10,0.20,-0.72,0.21
10.71,60.66,-2.67,-4.62,14.13,-0.30,3.00,1.19,9.88,-2.49,9.57,0.22,-0.20,0.27
10.72,63.12,-1.82,-4.26,12.94,-0.48,3.02,1.16,9.58,-2.10,7.21,0.33,0.58,0.48
10.74,64.82,-1.61,-3.88,12.30,-0.63,2.96,1.19,9.87,-2.19,6.08,0.47,1.20,0.79
10.75,66.24,-1.35,-3.70,12.02,-0.79,2.90,1.26,10.56,-2.36,4.95,0.57,1.69,1.05
10.77,67.09,-0.94,-3.78,11.96,-0.91,2.84,1.27,11.06,-2.35,4.35,0.64,2.16,1.12
10.78,67.59,-0.41,-3.87,11.85,-1.02,2.75,1.21,11.24,-2.04,3.59,0.67,2.73,1.15
10.79,67.54,0.69,-3.82,11.37,-1.07,2.50,1.06,11.08,-1.34,2.46,0.61,3.45,1.14
10.82,66.55,1.37,-3.21,10.38,-1.00,2.18,0.90,10.67,-0.84,1.65,0.58,4.01,1.16
10.83,65.47,1.59,-2.75,9.57,-0.97,1.91,0.81,10.39,-0.60,1.10,0.57,4.34,1.15
10.84,64.17,1.83,-2.40,8.69,-0.93,1.60,0.70,10.44,-0.32,0.30,0.56,4.69,1.12
10.86,62.47,2.12,-2.10,7.84,-0.91,1.26,0.58,10.33,0.07,-0.74,0.53,5.07,1.10
10.87,60.53,2.51,-1.93,7.10,-0.86,0.93,0.43,10.17,0.33,-1.37,0.46,5.45,1.05
10.88,58.16,2.82,-1.49,6.49,-0.77,0.61,0.32,9.51,0.32,-1.40,0.35,5.82,0.89
10.89,50.43,1.73,0.93,5.58,-0.59,-0.10,0.47,6.78,0.22,2.00,0.07,6.39,0.41
10.92,45.36,-0.68,2.30,5.30,-0.76,-0.60,0.70,6.46,0.23,5.32,-0.02,6.27,0.10
10.94,41.43,-1.97,2.21,5.65,-0.95,-0.84,0.59,6.06,0.07,8.75,-0.14,5.89,-0.07
10.95,38.61,-3.99,1.00,6.43,-1.32,-0.98,0.18,5.08,-0.13,9.75,-0.24,5.29,-0.27
10.97,32.66,-8.12,-3.47,7.67,-1.54,-1.13,-0.05,1.27,0.39,7.76,-0.48,3.32,-0.25
10.99,28.60,-10.68,-4.70,8.44,-1.04,-1.14,0.34,-1.79,-0.14,8.65,-0.54,2.32,-0.18
11.01,27.80,-10.37,-2.44,6.42,-0.51,-0.84,0.47,-2.12,-0.11,8.34,-0.54,0.70,-0.08
11.03,28.50,-9.38,-0.99,5.50,-0.53,-0.71,0.46,-0.90,-0.58,8.08,-0.49,-1.22,-0.12
11.05,30.67,-6.75,-2.29,8.71,-1.16,-0.86,0.37,-2.38,0.79,13.12,-0.88,-1.13,-0.65
11.06,27.71,-4.61,-3.76,13.30,-0.74,-1.24,0.05,-9.54,1.50,16.03,-0.52,-0.36,0.32
11.08,25.09,-6.99,-0.80,13.61,-0.15,-1.14,-0.14,-7.73,3.30,14.33,-0.26,-0.62,0.80
11.09,24.89,-11.98,0.73,11.60,-0.06,-0.65,-0.06,-3.46,4.31,12.94,-0.17,-1.18,0.71
11.11,27.02,-11.51,0.02,10.93,-0.19,-0.43,0.39,-1.16,3.50,13.02,-0.03,-1.68,0.28
11.13,28.87,-5.60,-0.13,12.16,-0.08,-0.45,0.84,-0.43,0.57,12.62,0.14,-2.05,0.41
11.14,29.25,-1.45,-2.05,11.97,0.02,-0.47,0.75,0.46,-1.23,12.56,0.27,-2.38,1.00
11.15,29.32,2.10,-3.27,10.86,0.12,-0.44,0.14,2.77,-1.16,11.15,0.39,-2.54,1.57
11.18,30.55,3.14,-4.12,9.30,0.11,-0.53,-0.68,6.45,-1.82,8.23,0.22,-2.28,1.33
11.19,31.16,2.39,-4.91,8.68,0.08,-0.71,-0.87,7.34,-2.33,7.58,0.03,-2.02,0.80
11.20,32.16,0.18,-5.47,8.48,0.02,-0.96,-0.78,7.51,-2.80,7.33,-0.23,-1.77,0.28
11.21,33.76,-0.67,-5.39,8.59,-0.01,-1.05,-0.66,6.74,-2.63,7.54,-0.36,-1.55,-0.09
11.22,34.28,-1.55,-4.85,8.91,-0.04,-1.11,-0.48,5.61,-2.30,8.06,-0.42,-1.38,-0.29
11.24,35.14,-1.91,-4.02,9.15,-0.07,-1.14,-0.20,4.54,-1.46,8.84,-0.40,-1.19,-0.30
11.25,35.30,-1.73,-3.52,9.28,-0.09,-1.14,-0.06,4.28,-1.26,9.22,-0.37,-1.13,-0.29
11.26,35.03,-1.17,-2.85,9.73,-0.14,-1.14,0.07,3.99,-0.61,9.92,-0.23,-1.05,-0.26
11.28,34.50,-1.07,-2.47,9.84,-0.11,-1.11,0.02,3.48,-0.33,10.01,-0.07,-1.04,-0.18
11.30,33.71,-1.39,-2.51,9.47,-0.05,-1.10,-0.13,2.87,-0.63,9.54,0.01,-0.97,-0.06
11.31,32.99,-1.36,-2.93,9.19,0.00,-1.09,-0.31,2.81,-0.96,9.37,0.00,-0.89,-0.05
11.33,32.69,-1.46,-3.19,8.96,0.02,-1.09,-0.39,3.09,-1.34,9.41,-0.01,-0.79,-0.12
11.35,31.97,-1.51,-3.71,8.69,0.02,-1.09,-0.55,3.60,-1.69,9.24,-0.03,-0.78,-0.27
11.36,31.81,-1.69,-3.76,8.65,0.02,-1.07,-0.62,3.17,-1.68,9.26,-0.05,-0.74,-0.44
11.37,31.53,-1.96,-3.75,8.61,0.01,-1.06,-0.69,2.78,-1.83,9.15,-0.05,-0.71,-0.53
11.38,31.30,-2.07,-3.67,8.64,0.01,-1.04,-0.72,2.95,-1.52,9.20,-0.07,-0.72,-0.61
11.38,31.30,-2.07,-3.67,8.64,0.01,-1.04,-0.72,2.95,-1.52,9.20,-0.07,-0.72,-0.61
11.40,31.26,-2.08,-3.63,8.67,0.01,-1.04,-0.72,3.13,-1.41,9.44,-0.08,-0.73,-0.65
11.42,31.19,-2.09,-3.58,8.74,0.00,-1.04,-0.75,3.06,-1.63,9.67,-0.09,-0.74,-0.73
11.43,30.75,-2.23,-3.25,8.93,-0.02,-1.05,-0.77,1.92,-1.21,9.62,-0.10,-0.76,-0.76
11.45,30.03,-2.36,-3.13,9.03,-0.04,-1.07,-0.74,1.25,-0.96,9.79,-0.08,-0.76,-0.53
11.47,29.33,-2.46,-2.85,9.08,-0.04,-1.11,-0.66,1.72,-0.58,9.83,-0.00,-0.74,-0.20
11.48,28.93,-2.36,-2.24,9.20,-0.05,-1.17,-0.56,2.39,0.02,9.53,0.03,-0.69,0.00
11.49,28.76,-2.29,-1.98,9.24,-0.04,-1.20,-0.53,2.57,0.24,9.41,0.04,-0.68,0.03
11.51,28.31,-2.05,-1.42,9.30,-0.01,-1.28,-0.56,2.61,0.57,9.33,0.03,-0.69,0.01
11.52,27.80,-1.93,-1.18,9.30,0.05,-1.31,-0.73,2.24,0.68,9.39,0.02,-0.72,-0.06
11.53,27.35,-1.99,-1.11,9.21,0.10,-1.32,-0.82,1.77,0.57,9.46,0.02,-0.75,-0.11
11.55,26.40,-2.67,-1.40,8.89,0.14,-1.28,-1.07,0.77,0.02,9.54,0.03,-0.85,-0.25
11.56,25.69,-3.11,-1.83,8.88,0.13,-1.21,-1.16,0.20,-0.26,9.74,0.04,-0.92,-0.29
11.58,24.88,-3.99,-3.09,8.80,0.12,-1.07,-1.23,-0.36,-1.11,10.31,0.09,-1.20,-0.20
11.61,24.97,-4.03,-3.23,8.75,0.14,-1.03,-1.21,-0.17,-1.39,10.28,0.12,-1.35,-0.17
11.62,25.25,-3.72,-3.15,9.16,0.11,-0.94,-1.05,0.41,-1.39,10.18,0.11,-1.49,-0.20
11.64,25.72,-3.54,-3.24,9.44,0.09,-0.89,-0.97,1.17,-1.37,10.43,0.09,-1.59,-0.27
11.65,26.62,-3.58,-3.57,10.67,0.04,-0.75,-0.85,1.51,-0.99,11.58,0.04,-1.68,-0.44
11.66,27.04,-3.79,-3.45,11.65,0.08,-0.62,-0.84,1.20,-0.48,12.33,0.01,-1.72,-0.56
11.68,27.65,-4.31,-2.74,12.03,0.20,-0.48,-0.91,0.06,0.80,13.01,-0.03,-1.85,-0.92
11.69,28.82,-5.54,-0.97,11.17,0.53,-0.12,-1.26,-2.18,2.62,12.64,-0.12,-2.03,-1.34
11.70,29.16,-5.98,-0.57,10.81,0.66,0.09,-1.39,-3.12,3.45,12.60,-0.15,-2.14,-1.60
11.72,30.39,-6.57,-0.10,10.42,0.87,0.55,-1.54,-4.87,3.80,12.93,-0.19,-2.32,-1.94
11.73,31.73,-6.93,-0.28,9.97,0.96,1.10,-1.51,-5.74,2.51,13.64,-0.28,-2.48,-1.93
11.74,33.25,-7.09,-0.52,9.41,0.91,1.54,-1.33,-5.62,1.85,14.14,-0.37,-2.56,-1.83
11.75,35.22,-7.07,-0.55,8.76,0.77,2.02,-0.98,-3.85,1.45,14.62,-0.50,-2.64,-1.69
11.77,38.70,-6.88,-0.70,8.72,0.60,2.35,-0.66,-1.41,1.63,14.62,-0.57,-2.61,-1.64
11.78,42.04,-6.36,-1.02,9.54,0.43,2.64,-0.27,2.09,1.14,14.27,-0.54,-2.03,-1.22
11.80,48.02,-5.69,-2.03,13.60,0.19,3.13,0.07,6.68,-0.46,13.82,-0.23,-1.69,-0.89
11.81,53.34,-6.02,-3.13,16.38,0.22,3.16,0.08,10.36,-1.38,12.99,-0.04,-1.15,-0.85
11.83,56.93,-4.64,-3.48,16.38,0.26,2.98,0.24,11.04,-1.09,11.62,-0.05,-0.81,-0.94
11.84,60.23,-2.29,-3.23,14.61,0.17,2.84,0.34,10.53,-0.70,9.21,-0.27,-0.26,-0.99
11.86,62.20,-1.40,-3.07,12.88,0.01,2.80,0.41,9.24,-0.49,7.33,-0.48,0.26,-0.81
11.88,63.43,-1.03,-2.93,11.68,-0.21,2.78,0.58,7.96,-0.35,5.78,-0.59,0.87,-0.52
11.89,64.24,-0.88,-2.87,11.10,-0.40,2.75,0.78,7.58,-0.46,5.03,-0.56,1.26,-0.19
11.90,65.03,-0.70,-2.67,10.49,-0.66,2.67,0.99,7.77,-0.71,3.86,-0.37,2.07,0.57
11.91,65.24,-0.39,-2.66,10.11,-0.89,2.57,1.08,8.14,-0.79,3.43,-0.26,2.45,0.91
11.93,65.24,-0.11,-2.78,9.91,-1.09,2.42,1.09,8.81,-0.77,3.11,-0.13,2.93,1.21
11.94,64.47,0.59,-2.86,9.72,-1.25,2.07,1.09,9.40,-0.23,2.66,0.04,3.68,1.45
11.96,64.00,0.82,-2.84,9.65,-1.25,2.01,1.09,9.59,0.05,2.42,0.07,3.86,1.49
11.96,63.76,0.92,-2.81,9.57,-1.25,1.95,1.09,9.59,0.05,2.42,0.07,3.86,1.49
11.96,63.76,0.92,-2.81,9.57,-1.25,1.95,1.09,9.70,0.23,2.27,0.08,3.95,1.49
11.99,60.97,1.78,-2.52,8.62,-1.21,1.42,1.01,10.65,1.10,1.53,0.10,4.58,1.43
12.02,60.03,2.04,-2.52,8.36,-1.19,1.26,0.98,10.84,1.17,1.18,0.13,4.78,1.41
12.03,58.99,2.33,-2.55,8.11,-1.16,1.08,0.93,11.05,1.39,0.56,0.18,5.08,1.39
12.04,57.24,2.81,-2.61,7.79,-1.07,0.79,0.82,11.07,1.46,0.38,0.19,5.18,1.39
12.05,54.48,3.50,-2.48,7.58,-0.87,0.44,0.62,10.58,2.06,-0.14,0.16,5.65,1.27
12.09,50.37,4.14,-1.56,7.27,-0.50,0.12,0.36,8.99,2.28,0.01,0.05,5.98,0.90
12.11,47.34,4.01,-0.49,6.65,-0.27,-0.07,0.20,7.47,1.62,0.82,-0.02,6.25,0.53
12.13,41.79,2.06,1.85,5.99,-0.23,-0.28,0.31,5.64,1.36,3.32,-0.11,6.41,0.36
12.14,36.50,-1.48,3.53,5.70,-0.49,-0.66,0.62,4.28,1.33,7.91,-0.27,6.24,0.39
12.15,34.44,-2.97,3.43,5.92,-0.68,-0.78,0.60,4.10,1.22,8.74,-0.28,6.16,0.40
12.17,32.68,-4.24,2.85,6.31,-0.87,-0.84,0.44,3.72,0.88,9.87,-0.31,5.99,0.36
12.19,28.28,-7.59,-0.91,7.56,-1.13,-0.87,0.08,1.38,0.07,9.19,-0.44,5.18,0.31
12.19,25.76,-9.95,-4.17,8.52,-1.09,-0.91,0.23,0.14,0.22,8.88,-0.49,4.69,0.30
12.19,25.76,-9.95,-4.17,8.52,-1.09,-0.91,0.23,0.14,0.22,8.88,-0.49,4.69,0.30
12.22,24.63,-10.65,-5.28,8.69,-1.02,-0.90,0.40,-0.49,0.25,8.94,-0.49,4.29,0.34
12.23,23.30,-11.13,-5.12,8.48,-0.76,-0.64,0.63,-0.75,-0.19,9.68,-0.40,3.34,0.46
12.24,23.93,-10.34,-3.34,7.91,-0.57,-0.37,0.61,-1.17,-0.31,9.80,-0.34,1.71,0.29
12.26,23.40,-7.29,-1.34,9.30,-0.66,-0.31,0.63,-1.75,0.05,8.81,-0.35,0.31,-0.10
12.28,23.30,-5.53,-2.51,10.84,-0.84,-0.50,0.57,-0.44,-0.30,8.88,-0.31,-0.86,-0.26
12.29,24.19,-3.16,-3.66,12.27,-0.72,-0.72,0.43,0.95,0.35,10.44,-0.47,-1.57,-0.63
12.29,24.19,-3.16,-3.66,12.27,-0.72,-0.72,0.43,0.89,0.77,10.94,-0.56,-1.60,-0.79
12.31,23.66,-2.08,-1.60,13.37,0.17,-0.82,-0.09,-0.33,1.80,13.02,-0.78,-1.11,-1.47
12.33,20.70,-10.20,2.30,11.18,0.36,-0.52,-1.22,-8.11,2.63,13.35,-0.12,-0.59,-0.26
12.35,21.36,-14.20,-1.84,11.62,-0.24,-0.40,-1.02,-3.95,1.10,13.53,0.10,-1.38,0.19
12.36,23.61,-9.09,-6.65,12.05,-0.06,-0.42,0.15,-2.01,-2.41,15.48,0.22,-2.19,0.91
12.38,24.84,-4.44,-5.53,10.77,0.11,-0.43,0.74,-1.11,-1.58,14.66,0.21,-2.49,1.21
12.39,24.83,3.32,-1.53,8.92,-0.01,-0.50,0.77,1.83,-0.82,10.51,0.17,-2.55,1.60
12.40,26.25,3.69,-2.03,8.12,-0.12,-0.66,-0.64,6.32,-0.55,6.56,-0.04,-2.12,0.95
12.43,28.50,1.74,-3.50,8.57,-0.10,-0.74,-0.89,6.56,-1.13,7.33,-0.13,-1.94,0.43
12.44,28.79,-0.47,-4.80,8.98,-0.01,-0.82,-0.93,6.34,-1.31,7.79,-0.16,-1.86,0.21
12.44,29.34,-2.71,-5.07,8.98,0.13,-0.93,-0.69,5.92,-1.46,8.24,-0.17,-1.77,0.05
12.47,30.57,-3.13,-3.80,8.36,0.12,-1.01,-0.18,5.00,-1.60,8.76,-0.18,-1.49,-0.20
12.50,31.64,-2.18,-3.22,8.39,-0.01,-0.97,0.17,3.83,-1.67,9.05,-0.18,-1.49,-0.20
12.53,31.93,-0.85,-3.48,9.31,-0.15,-0.88,0.41,3.32,-1.42,9.19,-0.16,-1.28,-0.14
12.55,31.81,-0.39,-3.68,9.63,-0.14,-0.86,0.38,3.57,-1.51,9.24,-0.16,-1.23,-0.14
12.56,30.99,-0.23,-3.48,9.74,-0.06,-0.86,0.21,3.71,-1.56,9.33,-0.11,-1.11,-0.05
12.59,30.92,-0.92,-3.07,9.72,-0.03,-0.95,-0.09,4.18,-0.93,9.27,0.04,-1.07,-0.00
12.60,30.22,-0.91,-3.61,9.65,0.05,-1.06,-0.36,4.44,-0.66,9.54,0.06,-0.97,-0.14
12.62,30.84,-0.96,-3.73,9.42,0.03,-1.12,-0.40,4.08,-1.10,9.92,0.07,-0.78,-0.27
12.62,30.84,-0.96,-3.73,9.42,0.03,-1.12,-0.40,4.08,-1.10,9.92,0.07,-0.78,-0.26
12.65,30.25,-1.11,-3.70,9.02,0.03,-1.20,-0.54,3.92,-1.56,9.33,0.07,-0.71,-0.29
12.71,29.20,-1.72,-3.09,8.97,0.05,-1.26,-0.81,2.85,-1.19,9.06,-0.02,-0.54,-0.50
12.72,28.85,-1.95,-2.89,9.01,0.06,-1.26,-0.87,2.92,-0.99,9.39,-0.07,-0.54,-0.58
12.74,28.70,-2.12,-2.74,9.01,0.07,-1.26,-0.88,2.59,-0.91,9.47,-0.11,-0.56,-0.64
12.76,27.21,-2.41,-2.49,8.95,0.05,-1.25,-0.89,0.72,-0.75,9.73,-0.14,-0.65,-0.41
12.78,25.44,-3.04,-2.30,8.75,-0.03,-1.20,-0.68,0.80,-0.23,9.41,-0.10,-0.68,-0.13
12.79,25.42,-3.31,-2.10,8.68,-0.05,-1.20,-0.54,0.89,-0.10,9.35,-0.08,-0.70,-0.09
12.80,23.77,-3.55,-1.85,8.66,-0.05,-1.21,-0.41,0.73,-0.06,9.91,0.09,-0.87,0.08
12.81,22.48,-3.12,-1.57,8.95,-0.05,-1.25,-0.27,-0.46,0.32,9.82,0.18,-1.14,-0.11
12.82,21.35,-3.40,-1.18,9.47,0.09,-1.00,-0.93,-1.77,0.31,9.99,0.21,-1.42,-0.19
12.84,21.71,-5.29,-1.01,8.62,0.10,-0.69,-0.88,-1.56,0.24,10.15,0.26,-1.75,-0.10
12.85,23.66,-5.86,-1.52,8.65,0.01,-0.56,-0.62,-1.44,0.22,10.25,0.26,-1.78,-0.10
12.86,23.83,-5.90,-1.65,8.76,-0.01,-0.53,-0.56,-1.16,0.24,10.50,0.26,-1.85,-0.09
12.88,23.83,-5.90,-1.65,8.76,-0.01,-0.53,-0.56,-1.16,0.24,10.50,0.26,-1.85,-0.09
12.90,25.76,-6.13,-2.02,9.90,-0.05,-0.37,-0.23,-0.87,0.39,10.80,0.25,-1.91,-0.10
12.96,26.38,-6.22,-1.85,10.37,-0.02,-0.30,-0.15,-0.29,1.24,11.52,0.22,-2.05,-0.20
12.97,27.48,-6.36,-1.19,11.06,0.08,-0.19,-0.10,0.19,2.32,12.14,0.18,-2.15,-0.39
13.00,28.67,-6.45,-0.36,11.62,0.25,-0.08,-0.13,0.47,4.00,12.72,0.14,-2.27,-0.73
13.00,29.49,-6.36,-0.00,11.88,0.40,-0.01,-0.18,0.43,5.19,13.10,0.13,-2.36,-1.02
13.01,30.29,-6.17,0.15,12.00,0.58,0.06,-0.24,0.24,5.90,13.42,0.15,-2.45,-1.32
13.03,31.05,-5.83,0.03,11.96,0.76,0.13,-0.29,-0.15,5.89,13.61,0.21,-2.54,-1.78
13.06,32.68,-4.15,-0.66,11.40,1.15,0.47,-0.49,-2.91,3.12,14.15,0.43,-2.73,-1.89
13.07,32.85,-4.01,-0.82,11.28,1.17,0.55,-0.50,-3.19,2.64,14.23,0.45,-2.72,-1.84
13.09,33.38,-4.07,-1.36,10.93,1.17,0.81,-0.41,-3.64,1.25,14.44,0.51,-2.63,-1.57
13.10,33.54,-4.69,-1.83,10.67,1.09,1.09,-0.15,-3.29,-0.90,15.32,0.56,-2.33,-0.47
13.10,33.54,-4.69,-1.83,10.67,1.09,1.09,-0.15,-3.29,-0.90,15.32,0.56,-2.33,-0.47
13.13,36.16,-4.69,-1.83,10.67,1.09,1.09,-0.15,10.68,-5.77,11.46,1.63,-0.80,2.26
13.16,39.80,-6.68,-2.85,10.03,0.87,1.58,0.56,11.64,-6.32,11.00,1.63,-0.64,2.26
13.18,42.91,-7.95,-3.82,10.00,0.65,1.91,1.13,11.64,-6.32,11.00,1.63,-0.64,2.24
13.18,45.56,-7.95,-4.43,10.53,0.55,2.05,1.44,12.09,-6.63,10.53,1.60,-0.46,2.20
13.21,52.13,-5.71,-6.16,13.89,0.11,2.31,2.00,11.18,-6.48,7.80,1.51,0.11,1.33
13.23,56.50,-5.37,-6.23,14.73,0.06,2.21,1.99,10.66,-6.26,6.55,1.53,0.34,0.99
13.24,59.83,-1.43,-6.41,11.83,-0.17,1.94,2.43,10.07,-5.83,5.01,1.58,0.77,0.54
13.26,62.63,0.35,-6.32,9.80,-0.74,1.89,2.28,10.56,-4.70,2.59,2.08,2.51,0.57
13.27,60.77,1.76,-6.10,9.18,-1.47,1.65,1.85,11.21,-3.29,2.97,2.39,3.41,0.44
13.28,59.91,1.84,-6.14,9.47,-1.62,1.52,1.83,9.54,-2.92,2.90,2.47,3.67,0.64
13.29,53.19,0.96,-6.08,8.73,-1.72,0.89,2.26,5.34,-2.77,4.63,2.87,4.29,5.10
13.31,30.71,-2.71,-5.62,7.01,-1.83,-2.16,6.85,5.38,-6.85,9.03,4.52,4.11,8.58
13.32,25.71,-3.27,-5.29,6.87,-1.80,-2.45,8.24,8.00,-6.05,7.95,4.42,3.16,8.72
13.34,25.10,-3.32,-5.17,6.96,-1.83,-2.51,8.56,8.74,-4.93,7.06,4.08,2.89,8.72
13.35,24.98,-3.26,-5.14,7.05,-1.85,-2.54,8.71,9.00,-4.66,6.82,3.95,2.80,8.72
13.35,24.98,-3.26,-5.14,7.05,-1.85,-2.54,8.71,9.00,-4.66,6.82,3.95,2.80,8.72
13.37,25.16,-3.26,-5.14,7.05,-1.85,-2.54,8.71,9.21,-4.51,6.60,3.81,2.70,8.72
13.37,25.16,-3.26,-5.14,7.05,-1.85,-2.54,8.71,9.21,-4.51,6.60,3.81,2.70,8.72
13.37,25.16,-3.26,-5.14,7.05,-1.85,-2.54,8.71,9.21,-4.51,6.60,3.81,2.70,8.72
13.41,24.70,-2.86,-5.07,7.37,-1.90,-2.60,8.73,9.64,-4.60,6.32,3.53,2.51,8.72
13.42,24.64,-2.68,-5.02,7.50,-1.92,-2.62,8.73,9.96,-4.61,6.19,3.40,2.42,8.72
13.43,24.54,-2.24,-4.93,7.82,-1.93,-2.65,8.73,10.42,-4.33,5.60,2.94,2.19,8.32
13.48,24.89,-1.97,-4.88,7.99,-1.94,-2.66,8.73,10.65,-3.99,5.44,2.78,2.12,8.06
13.49,21.75,1.44,-4.20,9.09,-1.95,-2.38,8.20,10.80,-3.87,5.00,2.08,1.88,6.51
13.63,21.12,2.92,-3.87,9.30,-1.98,-2.15,7.43,10.26,-4.20,4.97,1.38,1.66,5.55
13.63,20.06,4.63,-3.89,9.16,-2.04,-1.77,5.92,9.63,-4.79,5.35,0.91,1.53,4.64
13.69,18.54,6.10,-4.42,8.68,-2.14,-1.19,4.73,7.77,-4.88,6.34,0.33,1.40,3.53
13.70,14.23,3.89,-2.51,12.29,-2.02,-0.33,2.78,5.12,-1.80,8.76,-0.28,1.30,2.31
13.71,14.74,1.84,1.12,12.85,-0.85,0.57,0.28,4.18,1.34,10.72,-0.54,1.26,1.67
13.72,14.62,1.84,1.22,12.30,-0.84,0.54,0.24,3.93,2.20,11.86,-0.62,1.21,1.36
13.74,14.47,1.84,1.22,12.30,-0.84,0.54,0.24,3.92,2.50,12.98,-0.64,1.12,1.12
13.75,21.45,-4.39,-3.44,11.13,-0.98,-0.37,0.82,4.15,2.93,6.91,-0.18,0.13,2.50
13.76,34.43,-3.12,-4.27,8.64,-0.92,-0.93,2.64,2.47,0.73,9.70,-0.34,0.29,0.69
13.78,29.15,-1.38,-3.57,9.30,-0.89,-0.87,2.47,3.62,-0.93,9.72,0.14,0.12,1.60
13.78,29.16,-1.25,-3.54,9.36,-0.88,-0.86,2.43,3.67,-0.87,9.65,0.14,0.10,1.52
13.78,29.16,-1.25,-3.54,9.36,-0.88,-0.86,2.43,3.67,-0.87,9.65,0.14,0.10,1.52
13.78,29.16,-1.25,-3.54,9.36,-0.88,-0.86,1.96,3.67,-0.87,9.65,0.14,0.10,1.52
13.82,27.74,0.38,-2.78,10.14,-0.52,-0.65,1.19,4.62,-0.14,9.15,0.12,0.02,0.78
13.84,27.55,0.21,-2.65,10.10,-0.38,-0.63,0.91,4.65,0.06,9.08,0.11,0.03,0.56
13.85,27.12,-0.25,-2.46,9.94,-0.28,-0.63,0.67,4.55,0.19,9.08,0.10,0.04,0.46
13.87,27.03,-0.73,-2.41,9.92,-0.21,-0.69,0.60,4.36,0.32,9.07,0.10,0.06,0.36
13.88,27.07,-0.81,-2.44,9.88,-0.20,-0.70,0.61,4.25,0.37,9.09,0.10,0.07,0.31
13.89,27.26,-0.90,-2.42,9.76,-0.16,-0.75,0.64,4.03,0.44,9.22,0.13,0.12,0.35
13.90,27.18,-1.08,-2.55,9.72,-0.15,-0.82,0.70,3.82,0.36,9.15,0.14,0.15,0.38
13.92,26.72,-0.84,-2.47,9.35,-0.14,-0.84,0.82,3.78,0.29,9.10,0.15,0.17,0.37
13.93,26.28,-0.90,-2.50,9.49,-0.14,-0.86,0.85,3.46,0.30,9.26,0.11,0.16,0.37
13.94,25.68,-1.02,-2.38,9.64,-0.09,-0.89,0.86,3.04,0.42,9.42,0.10,0.14,0.35
13.96,25.16,-1.09,-2.12,9.52,-0.02,-0.93,0.86,2.72,0.52,9.45,0.10,0.12,0.33
13.98,24.09,-1.23,-1.85,9.31,0.01,-0.96,0.88,1.97,0.37,9.44,0.14,0.04,0.33
13.99,23.44,-1.27,-1.79,9.29,0.00,-0.96,0.89,1.86,0.34,9.52,0.18,-0.00,0.37
14.01,22.84,-1.29,-1.77,9.32,-0.01,-0.97,0.87,1.74,0.35,9.51,0.19,-0.03,0.38
14.02,22.21,-1.29,-1.76,9.36,0.00,-0.97,0.80,1.44,0.29,9.53,0.20,-0.09,0.38
14.04,21.67,-1.39,-1.79,9.38,0.02,-0.96,0.74,0.90,0.11,9.57,0.21,-0.16,0.39
14.05,20.96,-1.65,-1.81,9.36,0.04,-0.92,0.66,0.30,-0.28,9.58,0.21,-0.24,0.43
14.07,20.25,-1.93,-1.91,9.31,0.04,-0.86,0.61,0.02,-0.65,9.63,0.22,-0.30,0.49
14.08,19.85,-2.21,-2.19,9.14,0.01,-0.71,0.53,0.15,-1.33,9.69,0.27,-0.41,0.57
14.11,19.84,-2.18,-2.27,9.15,-0.01,-0.60,0.42,0.83,-1.67,9.72,0.31,-0.52,0.45
14.16,20.65,-2.10,-2.24,9.21,-0.03,-0.44,0.20,1.42,-1.48,9.79,0.36,-0.69,0.10
14.18,21.29,-2.00,-2.16,9.27,-0.03,-0.36,0.05,1.54,-0.99,9.87,0.44,-0.81,-0.19
14.19,22.37,-1.79,-1.99,9.45,0.01,-0.28,-0.20,1.58,0.17,10.09,0.51,-0.95,-0.49
14.21,23.10,-1.69,-1.98,9.73,0.04,-0.23,-0.42,1.53,0.54,10.32,0.54,-1.02,-0.56
14.22,24.01,-1.89,-2.10,10.10,0.09,-0.21,-0.66,1.20,1.82,10.97,0.67,-1.13,-0.44
14.24,25.76,-3.14,-1.72,11.98,0.23,-0.32,-0.60,-0.27,1.49,14.23,0.87,-1.31,0.21
14.25,27.55,-5.46,-2.49,12.74,0.48,-0.22,-0.10,-2.13,1.06,14.23,0.90,-1.37,0.27
14.26,27.74,-6.73,-1.98,11.34,0.52,-0.03,0.19,-4.28,0.20,13.81,0.96,-1.53,0.35
14.28,28.52,-7.83,-1.51,10.32,0.49,0.26,0.56,-5.80,-0.30,13.24,1.02,-1.69,0.47
14.29,30.22,-8.16,-1.27,9.28,0.35,0.64,0.98,-6.67,-0.67,12.96,1.13,-1.83,0.80
14.30,32.69,-7.66,-1.67,8.39,0.21,1.30,1.68,-5.49,-1.14,12.39,1.15,-1.99,1.52
14.32,34.77,-7.20,-1.65,8.19,0.17,1.59,2.00,-3.74,-1.05,11.87,1.08,-2.05,1.88
14.33,37.05,-6.54,-1.57,8.50,0.09,1.86,2.25,-1.36,-1.44,11.71,0.99,-2.07,2.27
14.34,42.25,-5.46,-1.89,10.32,-0.01,2.34,2.39,3.44,-3.03,12.71,0.83,-2.04,2.71
14.36,45.22,-5.10,-2.83,11.73,-0.14,2.52,2.47,5.53,-3.60,13.29,0.87,-1.93,2.77
14.37,49.74,-4.65,-4.18,13.44,-0.25,2.62,2.53,8.14,-3.21,13.18,0.84,-1.58,2.52
14.39,52.98,-3.71,-5.04,14.47,-0.20,2.64,2.47,9.07,-3.16,12.16,0.66,-1.06,1.99
14.40,56.56,-2.13,-5.10,14.07,-0.05,2.76,2.18,9.25,-3.21,10.66,0.53,-0.61,1.72
14.41,58.04,-1.53,-4.83,13.55,0.01,2.86,1.96,9.38,-3.20,9.69,0.50,-0.22,1.51
14.43,59.80,-1.00,-4.45,12.94,0.01,2.98,1.62,9.94,-3.18,8.42,0.52,0.35,1.36
14.44,60.62,-0.81,-4.32,12.69,-0.02,3.03,1.46,10.34,-3.19,7.83,0.54,0.64,1.25
14.46,61.13,-0.63,-4.23,12.47,-0.05,3.08,1.30,10.74,-3.21,7.28,0.56,0.95,1.12
14.47,63.07,-0.01,-4.11,12.08,-0.15,3.17,0.97,11.48,-3.29,5.84,0.59,1.70,0.76
14.49,64.30,0.82,-4.02,11.89,-0.25,3.23,0.65,12.29,-2.67,4.64,0.49,2.43,0.28
14.50,64.64,1.07,-3.97,11.83,-0.29,3.23,0.52,12.52,-2.39,4.26,0.41,2.72,0.07
14.51,65.22,1.84,-3.53,11.40,-0.41,3.09,0.12,12.67,-1.42,2.80,0.15,3.69,-0.68
14.58,63.88,2.00,-2.76,9.59,-0.55,2.33,-0.48,11.47,0.51,0.05,-0.06,5.20,-0.71
14.60,62.68,2.12,-2.55,8.86,-0.62,1.93,-0.71,9.65,0.90,-0.33,-0.09,5.79,-0.43
14.62,60.54,2.35,-2.21,8.24,-0.64,1.44,-0.86,7.45,1.19,-0.37,-0.21,6.66,1.16
14.65,40.37,-7.63,-0.83,4.67,-1.68,-0.64,0.92,2.55,1.38,8.59,-0.12,4.76,1.94
14.67,39.34,-8.56,-3.53,6.46,-1.70,-0.78,1.27,1.60,1.45,7.87,-0.18,4.23,1.79
14.68,37.79,-9.79,-5.00,8.17,-1.36,-0.97,1.71,0.25,0.70,8.10,-0.21,3.37,1.64
14.69,35.86,-9.93,-4.51,8.34,-0.70,-1.09,2.12,0.40,-0.04,8.69,-0.24,1.84,1.36
14.70,36.09,-9.51,-3.21,7.31,-0.35,-0.99,2.22,1.45,-0.19,8.56,-0.37,0.55,0.81
14.72,36.78,-9.13,-2.61,6.74,-0.29,-0.96,2.20,2.24,-0.51,8.45,-0.42,0.04,0.60
14.73,39.02,-7.62,-1.50,5.95,-0.38,-0.84,1.90,2.39,0.28,9.34,-0.65,-0.93,-0.14
14.74,40.51,-5.74,-1.27,7.20,-0.69,-0.83,1.43,1.14,1.12,10.66,-0.89,-1.11,-0.81
14.75,40.07,-3.72,-2.32,9.58,-1.05,-0.93,1.12,-2.84,1.24,13.02,-1.07,-0.54,-0.74
14.78,32.64,-4.14,1.02,12.25,-0.01,-0.91,-0.06,-6.26,2.76,12.97,-0.17,-0.81,0.55
14.79,32.13,-10.15,2.83,10.80,-0.04,-0.68,-0.74,-2.46,0.24,13.40,0.12,-1.62,1.47
14.81,34.19,-12.44,-0.41,11.17,-0.45,-0.66,-0.52,0.10,-0.47,14.74,0.07,-2.17,1.75
14.82,36.64,-10.43,-4.90,11.89,-0.53,-0.69,0.01,2.75,0.06,13.02,-0.02,-2.45,1.76
14.83,38.75,-3.35,-4.79,11.30,-0.33,-0.71,0.82,5.62,-0.38,9.68,-0.13,-2.42,1.62
14.84,40.72,3.44,-2.31,9.84,-0.32,-0.79,0.64,6.45,-0.69,7.29,-0.20,-2.13,1.27
14.86,39.12,4.75,-2.76,8.27,-0.36,-0.94,-0.33,6.03,-1.39,7.15,-0.31,-1.97,0.89
14.87,39.34,2.74,-4.03,8.40,-0.37,-1.04,-0.60,5.41,-2.09,8.38,-0.33,-1.73,0.56
14.88,39.29,-1.42,-5.97,9.16,-0.29,-1.23,-0.62,4.43,-2.13,9.21,-0.34,-1.45,0.49
14.89,40.03,-3.41,-4.70,8.48,-0.17,-1.34,0.02,3.68,-1.64,9.39,-0.35,-1.25,0.50
14.91,40.74,-2.03,-3.48,8.40,-0.32,-1.32,0.41,4.48,-1.10,9.30,-0.36,-1.12,0.34
14.92,40.57,-0.45,-3.12,9.09,-0.46,-1.25,0.54,5.05,-0.27,9.18,-0.38,-1.09,0.04
14.93,39.90,0.74,-2.85,10.19,-0.46,-1.17,0.35,5.08,0.06,9.34,-0.41,-1.09,-0.49
14.95,37.70,0.13,-2.13,10.40,-0.15,-1.07,-0.73,4.19,-0.15,9.82,-0.40,-1.03,-0.81
14.96,37.19,-0.78,-2.50,9.95,-0.06,-1.05,-1.01,3.82,-0.60,9.95,-0.37,-0.97,-0.88
14.97,36.37,-3.12,-3.51,8.47,-0.04,-1.12,-0.84,2.61,-1.75,9.36,-0.20,-0.72,-0.72
15.00,36.25,-3.51,-3.61,8.34,-0.14,-1.16,-0.57,1.94,-1.68,9.04,-0.12,-0.62,-0.46
15.01,36.00,-2.87,-3.68,8.26,-0.16,-1.24,-0.24,3.12,-0.96,9.19,-0.11,-0.69,-0.30
15.03,35.42,-1.76,-3.19,8.58,-0.20,-1.27,-0.22,2.33,-0.74,9.52,-0.16,-0.65,-0.28
15.04,34.57,-1.44,-2.84,9.27,-0.22,-1.30,-0.30,2.14,-0.57,9.77,-0.18,-0.66,-0.21
15.05,33.41,-1.50,-2.85,9.61,-0.20,-1.33,-0.33,2.41,-0.29,9.81,-0.12,-0.65,-0.07
15.06,32.33,-1.56,-2.49,9.34,-0.10,-1.38,-0.27,2.98,0.23,9.30,-0.05,-0.60,0.10
15.08,31.40,-1.39,-1.83,8.98,-0.09,-1.46,-0.26,3.33,0.46,9.27,-0.04,-0.58,0.03
15.09,30.29,-1.58,-1.88,9.12,-0.07,-1.58,-0.39,2.79,0.35,9.74,-0.06,-0.58,-0.21
15.11,29.16,-1.84,-1.63,9.08,0.00,-1.67,-0.60,1.52,0.31,9.99,-0.06,-0.62,-0.32
15.12,28.11,-2.38,-1.15,9.06,0.05,-1.73,-0.94,0.38,0.20,10.11,-0.04,-0.67,-0.36
15.13,26.84,-3.02,-1.11,9.16,0.08,-1.70,-1.19,-1.18,0.08,10.12,0.01,-0.78,-0.35
15.14,25.87,-3.30,-1.25,9.28,0.09,-1.64,-1.31,-1.59,-0.10,10.18,0.03,-0.86,-0.31
15.15,24.33,-3.71,-1.68,9.33,0.09,-1.52,-1.42,-2.22,-0.54,10.38,0.07,-1.02,-0.25
15.17,23.62,-4.53,-2.38,9.27,0.08,-1.35,-1.48,-2.56,-1.13,10.64,0.13,-1.17,-0.22
15.18,22.93,-5.04,-2.73,9.10,0.09,-1.24,-1.47,-2.91,-1.65,10.74,0.17,-1.30,-0.19
15.19,22.77,-5.55,-2.92,8.76,0.08,-1.09,-1.41,-3.15,-2.09,10.73,0.20,-1.48,-0.17
15.20,23.22,-5.79,-3.14,8.57,0.02,-0.94,-1.28,-2.97,-2.23,10.66,0.20,-1.64,-0.16
15.21,23.83,-5.68,-3.86,9.21,-0.12,-0.69,-1.04,-2.19,-2.47,11.31,0.19,-2.10,-0.36
15.25,25.97,-5.78,-3.33,11.85,-0.07,-0.22,-0.75,-1.27,-0.15,13.04,0.03,-2.22,-0.58
15.26,28.45,-5.38,-0.41,12.17,0.29,0.17,-1.05,-1.51,3.06,13.13,-0.17,-2.51,-1.37
15.28,29.97,-5.26,0.35,12.30,0.71,0.61,-1.51,-2.99,5.33,13.14,-0.31,-2.72,-2.15
15.30,31.05,-5.17,0.48,12.02,0.90,0.90,-1.74,-4.61,4.67,13.62,-0.32,-2.81,-2.44
15.31,32.73,-5.53,-0.50,11.14,1.04,1.46,-1.89,-5.57,3.44,14.54,-0.36,-2.87,-2.37
15.32,34.57,-6.55,-0.87,10.44,0.96,1.94,-1.70,-4.71,2.52,15.91,-0.40,-2.87,-2.05
15.33,37.95,-7.79,-0.76,9.87,0.77,2.45,-1.19,-2.41,2.17,16.65,-0.43,-2.78,-1.79
15.35,42.09,-7.70,-0.87,9.79,0.59,2.84,-0.52,0.28,1.80,16.37,-0.44,-2.53,-1.54
15.36,44.69,-7.51,-0.91,10.45,0.44,3.00,-0.15,1.56,1.32,16.01,-0.41,-2.37,-1.37
15.38,48.18,-6.95,-1.61,12.62,0.22,3.11,0.27,4.55,0.23,14.90,-0.13,-1.84,-0.76
15.39,52.68,-7.09,-3.03,16.15,0.18,3.25,0.47,8.70,-0.29,14.06,0.16,-1.27,-0.31
15.40,55.77,-6.73,-3.68,17.44,0.28,3.17,0.63,10.92,-1.10,13.15,0.24,-0.93,-0.12
15.42,59.52,-4.80,-4.12,17.06,0.35,2.99,0.92,11.90,-1.12,11.61,0.16,-0.50,-0.23
15.44,62.28,-2.32,-4.02,14.95,0.26,2.85,1.16,11.38,-1.25,9.56,0.01,-0.04,-0.28
15.45,64.78,-0.73,-3.78,12.53,0.02,2.76,1.49,8.56,-0.80,5.88,-0.19,0.83,-0.08
15.47,65.39,0.37,-3.28,11.23,-0.20,2.76,1.73,7.71,-0.91,4.45,-0.15,1.53,0.33
15.48,65.91,0.82,-2.96,9.84,-0.58,2.73,1.92,7.65,-1.69,2.68,0.16,2.36,1.40
15.51,65.65,1.80,-3.15,9.37,-0.91,2.58,1.78,9.51,-1.80,1.99,0.44,3.28,1.66
15.52,64.71,2.46,-3.62,9.23,-1.08,2.41,1.43,10.16,-1.78,1.91,0.56,3.74,1.65
15.54,62.34,2.69,-3.70,8.39,-1.05,2.00,0.88,11.27,-0.90,1.12,0.75,4.60,1.47
15.56,60.55,2.88,-3.44,7.78,-0.97,1.67,0.63,11.52,-0.56,0.76,0.80,4.86,1.35
15.57,58.37,3.06,-3.12,7.25,-0.84,1.29,0.40,11.15,0.07,0.06,0.84,5.29,1.23
15.58,56.54,3.18,-2.70,6.98,-0.71,1.04,0.24,10.69,0.45,-0.14,0.84,5.45,1.21
15.59,53.10,3.45,-1.87,6.58,-0.47,0.68,-0.06,8.97,1.17,-0.24,0.70,5.87,0.96
15.61,49.95,3.35,-1.00,6.19,-0.30,0.45,-0.30,8.01,0.88,0.17,0.58,6.05,0.74
15.62,47.11,2.73,-0.24,5.89,-0.22,0.28,-0.33,6.79,0.52,1.31,0.43,6.25,0.55
15.63,43.66,1.10,1.10,5.55,-0.24,0.01,-0.04,5.47,0.15,3.56,0.26,6.35,0.38
15.64,38.78,-1.19,2.26,5.67,-0.35,-0.29,0.47,4.18,0.24,7.02,0.08,6.21,0.12
15.65,35.84,-3.41,2.70,6.01,-0.50,-0.53,0.83,3.51,0.26,9.60,-0.12,5.86,-0.10
15.67,31.54,-6.44,1.91,6.42,-0.81,-0.61,0.71,2.73,0.62,8.92,-0.38,5.10,-0.20
15.68,29.79,-8.83,-0.24,6.36,-1.15,-0.56,0.41,1.38,0.61,8.41,-0.42,4.62,-0.18
15.69,29.41,-10.68,-2.32,6.93,-1.39,-0.60,0.43,0.33,0.48,8.49,-0.44,4.04,-0.09
15.71,26.58,-11.92,-4.59,9.01,-1.34,-0.68,0.96,-2.64,-0.15,9.71,-0.40,1.59,0.54
15.73,24.07,-10.68,-3.13,8.61,-0.77,-0.57,1.18,-3.26,-0.06,9.59,-0.35,0.31,0.74
15.75,25.13,-8.84,-1.59,7.21,-0.66,-0.44,1.14,-0.82,-0.26,9.11,-0.26,-1.13,0.93
15.76,27.37,-6.86,-1.38,8.60,-0.94,-0.49,1.11,1.05,1.77,10.77,-0.53,-1.56,0.57
15.78,28.37,-4.12,-3.37,11.45,-1.13,-0.80,1.02,-1.50,1.96,13.44,-0.74,-1.06,-0.16
15.79,27.81,-2.94,-3.85,12.18,-0.94,-0.90,0.94,-3.37,1.72,13.39,-0.63,-0.73,0.09
15.80,25.20,-2.84,-1.68,12.07,-0.22,-0.93,0.52,-5.34,3.11,12.65,-0.22,-0.71,0.68
15.81,23.81,-6.14,1.63,10.96,0.07,-0.82,0.24,-3.35,2.54,12.49,0.05,-1.09,1.34
15.83,24.94,-10.49,2.44,12.02,-0.31,-0.71,0.02,-0.50,-0.10,14.21,0.14,-1.65,1.51
15.84,25.53,-11.83,0.59,12.96,-0.56,-0.70,0.08,-0.14,-0.25,14.83,0.12,-1.78,1.53
15.85,26.97,-11.37,-3.62,14.10,-0.64,-0.71,0.34,0.91,0.09,15.81,-0.02,-2.20,1.48
15.86,28.38,-8.03,-5.53,13.91,-0.33,-0.65,0.68,2.07,0.68,14.87,-0.08,-2.33,1.41
15.87,30.17,-1.75,-3.81,12.12,-0.06,-0.56,1.11,4.00,0.98,11.75,-0.21,-2.38,1.28
15.89,27.88,6.33,-1.27,8.89,-0.26,-0.68,0.46,5.82,0.26,8.85,-0.23,-2.25,1.19
15.90,26.62,6.62,-2.18,8.34,-0.28,-0.76,-0.43,6.85,-0.03,7.28,-0.23,-2.10,1.11
15.91,28.43,3.10,-4.21,9.34,-0.16,-0.97,-1.23,7.26,-0.77,7.20,-0.24,-1.79,0.53
15.93,29.32,2.28,-4.57,9.58,-0.13,-1.01,-1.28,6.91,-1.29,7.91,-0.21,-1.68,0.27
15.94,30.17,-2.75,-5.65,9.90,0.09,-1.25,-1.14,5.75,-1.69,9.04,-0.18,-1.41,0.09
15.95,31.38,-4.80,-4.81,8.92,0.11,-1.35,-0.67,4.03,-1.67,9.56,-0.22,-1.29,0.14
15.97,32.51,-4.42,-3.47,8.14,-0.11,-1.39,0.18,2.14,-1.38,9.68,-0.27,-1.11,0.34
15.98,32.64,-3.46,-3.38,8.33,-0.25,-1.34,0.58,2.13,-1.32,9.67,-0.23,-1.03,0.52
15.99,32.50,-2.88,-3.41,8.58,-0.34,-1.29,0.83,2.25,-1.33,9.67,-0.20,-1.02,0.60
16.00,32.45,-2.43,-3.34,8.74,-0.40,-1.25,0.95,2.50,-1.16,9.47,-0.08,-0.99,0.71
16.02,32.18,-1.88,-3.05,8.81,-0.39,-1.24,0.95,2.50,-0.73,9.31,0.01,-0.96,0.82
16.03,31.67,-1.65,-3.04,8.97,-0.38,-1.27,0.87,2.48,-0.48,9.45,0.10,-0.89,0.83
16.04,30.31,-1.10,-3.02,9.20,-0.33,-1.23,0.54,2.96,-1.09,9.82,0.00,-0.81,0.65
16.07,29.77,-1.11,-3.26,9.19,-0.30,-1.21,0.35,3.65,-1.34,9.78,-0.04,-0.78,0.49
16.08,29.62,-0.93,-3.25,9.19,-0.29,-1.18,0.18,4.51,-1.32,9.62,-0.10,-0.76,0.20
16.09,29.54,-0.78,-3.18,9.26,-0.28,-1.19,-0.01,4.99,-1.13,9.47,-0.13,-0.67,-0.37
16.11,29.01,-0.34,-3.06,9.59,-0.16,-1.30,-0.43,5.09,-0.37,9.07,-0.19,-0.55,-0.89
16.13,28.24,-0.36,-2.58,9.62,-0.01,-1.41,-0.78,4.35,-0.09,9.33,-0.24,-0.50,-1.15
16.14,27.64,-0.56,-2.40,9.68,0.02,-1.47,-0.90,3.38,-0.00,9.88,-0.28,-0.52,-1.25
16.16,26.74,-0.90,-2.20,9.70,0.07,-1.54,-1.01,2.45,-0.01,10.02,-0.27,-0.51,-1.19
16.17,25.50,-1.40,-1.91,9.52,0.11,-1.60,-1.08,1.69,0.15,9.96,-0.22,-0.48,-0.99
16.18,24.57,-2.04,-1.56,9.21,0.14,-1.65,-1.05,0.79,0.24,9.80,-0.14,-0.47,-0.74
16.19,23.46,-2.86,-1.22,8.93,0.13,-1.68,-0.97,-0.02,0.28,9.70,-0.08,-0.49,-0.46
16.20,21.46,-4.67,-0.85,8.48,0.05,-1.62,-0.64,-1.95,-0.05,9.75,0.02,-0.60,-0.06
16.23,20.43,-5.25,-0.87,8.45,0.00,-1.56,-0.51,-2.62,-0.34,9.95,0.07,-0.75,0.15
16.24,19.56,-5.95,-1.19,8.62,-0.08,-1.40,-0.30,-3.27,-0.77,10.22,0.14,-0.97,0.22
16.26,19.08,-6.32,-1.41,8.80,-0.11,-1.22,-0.22,-3.80,-0.79,10.50,0.28,-1.14,0.23
16.27,19.27,-6.36,-1.26,8.99,-0.12,-1.06,-0.22,-4.13,-0.49,10.63,0.39,-1.36,0.22
16.29,18.89,-6.34,-0.94,9.18,-0.13,-0.92,-0.24,-4.70,0.15,10.73,0.57,-1.66,0.22
16.31,19.60,-6.41,-0.30,9.16,-0.10,-0.56,-0.31,-4.69,1.20,10.45,0.70,-2.12,0.23
16.33,20.89,-6.02,-0.39,9.27,-0.07,-0.34,-0.29,-2.73,1.82,10.07,0.58,-2.28,0.20
16.34,21.99,-5.69,-0.63,9.60,-0.05,-0.26,-0.26,-1.27,2.06,10.30,0.44,-2.46,0.08
16.35,23.59,-5.35,-0.97,10.52,-0.01,-0.15,-0.21,-0.01,2.39,11.12,0.30,-2.61,-0.11
16.36,25.49,-5.46,-1.31,11.83,0.10,-0.01,-0.20,0.49,2.99,12.13,0.21,-2.71,-0.32
16.37,27.19,-5.79,-1.29,12.69,0.27,0.14,-0.22,0.29,4.38,13.69,0.14,-2.81,-0.69
16.39,29.50,-6.30,-0.58,13.10,0.80,0.47,-0.26,-1.30,4.99,15.15,0.14,-2.93,-1.31
16.40,31.95,-6.26,-0.54,11.64,1.14,0.81,-0.20,-3.66,4.18,15.74,0.27,-3.02,-1.65
16.42,34.50,-6.54,-0.89,10.01,1.13,1.36,0.02,-4.64,1.34,15.65,0.42,-2.86,-0.84
16.44,38.45,-7.46,-2.34,9.36,0.74,1.92,0.88,-1.93,-1.18,15.84,0.60,-2.42,-0.12
16.45,40.37,-7.44,-2.98,10.32,0.43,2.15,1.64,-0.44,-2.03,15.72,0.71,-2.15,0.56
16.47,43.61,-6.91,-4.16,12.21,0.14,2.29,2.39,2.86,-3.84,15.16,0.98,-1.80,1.38
16.48,46.47,-6.43,-5.40,14.92,-0.07,2.28,2.84,6.38,-4.41,14.20,1.31,-1.28,2.15
16.50,48.82,-6.25,-6.52,16.22,-0.00,2.19,2.83,8.44,-4.34,13.57,1.45,-0.99,2.31
16.50,50.66,-5.77,-6.88,16.40,0.10,2.15,2.79,11.07,-5.26,12.36,1.62,-0.67,2.43
16.52,53.89,-3.19,-6.88,15.04,0.25,2.05,2.64,12.49,-5.65,9.46,1.66,-0.26,2.34
16.53,55.84,-1.57,-6.77,13.42,0.15,1.99,2.60,12.33,-5.60,7.97,1.65,-0.07,2.11
16.54,57.50,-0.49,-6.48,12.15,-0.00,1.96,2.54,11.69,-5.58,6.19,1.64,0.21,1.74
16.56,59.67,0.76,-5.96,10.21,-0.42,1.91,2.35,9.96,-5.28,4.03,1.73,0.90,1.34
16.58,59.95,1.30,-5.74,9.00,-0.81,1.89,2.12,9.46,-5.33,3.21,1.89,1.41,1.09
16.59,60.25,1.51,-5.73,8.58,-1.02,1.85,1.92,9.69,-5.16,2.55,2.11,1.93,0.96
16.60,60.27,1.82,-5.74,8.53,-1.20,1.77,1.70,10.56,-4.51,1.88,2.28,2.55,0.74
16.61,60.08,2.01,-5.74,8.61,-1.31,1.67,1.56,10.84,-4.14,1.69,2.30,2.78,0.64
16.63,59.08,2.54,-5.60,8.86,-1.44,1.37,1.33,11.22,-2.65,1.25,2.27,3.52,0.32
16.64,57.82,3.00,-5.47,8.90,-1.46,1.13,1.25,10.96,-2.21,1.31,2.26,3.82,0.28
16.65,56.03,3.15,-5.20,8.70,-1.42,0.89,1.25,9.96,-1.73,1.51,2.27,4.20,0.34
16.67,53.80,2.83,-4.68,8.36,-1.34,0.66,1.38,8.09,-1.15,1.82,2.24,4.53,0.52
16.68,48.64,0.96,-3.15,7.49,-1.17,0.15,2.02,4.67,-0.66,3.54,2.23,4.92,1.26
16.70,43.61,-0.89,-2.17,7.05,-1.17,-0.26,2.85,2.54,-0.51,5.37,2.30,5.11,2.29
16.71,40.41,-1.62,-1.96,6.91,-1.25,-0.50,3.46,1.76,-0.71,6.53,2.40,5.17,3.13
16.72,34.95,-3.53,-2.23,6.77,-1.48,-0.94,4.52,1.19,-1.42,8.42,2.67,5.17,4.75
16.74,30.17,-4.52,-2.73,6.98,-1.68,-1.32,5.40,1.78,-3.34,10.21,3.07,5.06,6.86
16.75,26.61,-5.56,-3.30,7.47,-1.85,-1.69,6.54,1.51,-4.91,11.49,3.36,4.82,7.80
16.76,24.14,-6.16,-3.65,7.93,-1.88,-2.03,7.21,1.67,-5.84,12.03,3.54,4.23,8.72
16.78,19.49,-7.19,-3.70,8.13,-1.68,-2.36,8.52,3.70,-5.21,10.38,3.50,3.68,8.72
16.80,18.21,-7.51,-3.62,7.80,-1.70,-2.37,8.73,5.64,-4.69,8.92,3.17,3.27,8.72
16.81,18.42,-6.92,-3.94,7.60,-1.93,-2.28,8.73,7.15,-4.36,7.63,2.69,2.87,8.72
16.82,19.08,-5.35,-4.44,7.78,-2.13,-2.13,8.73,7.73,-4.20,6.87,1.94,2.40,8.72
16.84,19.63,-2.05,-5.25,7.88,-2.39,-1.81,8.32,7.21,-4.86,7.71,1.11,1.90,6.88
16.85,19.22,-0.15,-5.87,8.06,-2.52,-1.52,7.40,5.60,-3.39,8.78,0.47,1.59,5.50
16.86,17.42,2.28,-6.50,8.81,-2.56,-1.10,6.09,5.57,-0.31,9.43,-0.06,1.34,4.23
16.88,15.77,3.65,-4.92,11.27,-2.24,-0.67,4.72,5.77,1.27,10.68,-0.31,0.81,2.67
16.89,15.04,3.66,-3.36,14.86,-1.84,-0.42,3.79,5.29,-1.36,12.88,-0.19,0.09,2.36
16.90,14.85,3.87,-3.39,17.01,-1.59,-0.18,3.32,4.54,-1.91,13.73,-0.26,-0.31,2.40
16.92,14.84,4.12,-3.68,17.61,-1.42,0.07,2.99,4.47,-1.63,13.97,-0.29,-0.40,2.43
16.93,15.01,4.48,-3.61,15.84,-0.93,0.74,1.82,5.18,-0.95,13.78,-0.28,-0.52,2.55
16.94,15.72,5.05,-2.68,12.81,-0.89,0.97,0.95,6.30,-0.86,11.14,-0.31,-0.26,2.72
16.95,16.89,5.43,-2.58,10.20,-1.05,0.90,0.10,7.41,-0.89,8.06,-0.54,0.04,2.71
16.97,18.49,4.27,-2.45,8.59,-1.06,0.77,-0.32,9.71,-0.29,6.83,-0.78,0.22,2.40
16.98,20.75,1.04,-2.13,8.73,-1.03,0.38,-0.82,10.72,0.69,7.89,-0.87,0.35,1.08
16.99,23.21,-1.22,-2.38,9.75,-1.01,0.23,-0.86,8.90,1.17,8.53,-0.85,0.40,0.30
17.00,24.84,-3.60,-2.82,10.72,-0.94,0.10,-0.75,5.90,1.37,9.29,-0.79,0.45,-0.13
17.01,25.95,-5.05,-2.94,10.95,-0.84,-0.01,-0.53,3.35,1.42,9.82,-0.73,0.48,-0.16
17.03,27.07,-6.38,-2.09,9.67,-0.73,-0.15,0.18,0.24,1.63,10.19,-0.64,0.47,0.40
17.04,27.09,-6.52,-1.84,8.57,-0.83,-0.17,0.81,-0.64,1.40,10.27,-0.57,0.44,0.96
17.06,27.85,-6.25,-2.12,8.01,-1.00,-0.17,1.44,-0.13,0.90,10.27,-0.48,0.42,1.51
17.07,28.23,-5.82,-2.65,7.97,-1.15,-0.20,1.94,0.74,0.33,10.13,-0.38,0.41,1.90
17.08,29.07,-5.38,-3.27,8.15,-1.24,-0.27,2.30,1.50,-0.10,9.96,-0.28,0.40,2.11
17.09,29.63,-4.94,-3.77,8.38,-1.28,-0.36,2.54,2.02,-0.43,9.83,-0.21,0.39,2.18
17.10,30.31,-4.41,-4.11,8.57,-1.31,-0.48,2.73,2.38,-0.72,9.81,-0.15,0.38,2.14
17.12,30.76,-3.73,-4.24,8.75,-1.31,-0.56,2.85,2.75,-0.80,9.91,-0.11,0.37,2.06
17.14,30.97,-3.01,-4.10,9.08,-1.30,-0.57,2.87,3.29,-0.61,10.09,-0.11,0.34,1.90
17.15,31.09,-2.27,-4.00,9.47,-1.26,-0.58,2.73,3.72,-0.34,10.13,-0.12,0.31,1.62
17.16,30.90,-1.59,-3.82,9.71,-1.17,-0.59,2.51,3.60,-0.08,9.91,-0.11,0.29,1.42
17.18,30.54,-0.98,-3.49,9.84,-1.04,-0.59,2.23,3.46,0.03,9.75,-0.10,0.28,1.29
17.19,29.75,-0.52,-2.97,9.78,-0.83,-0.55,1.75,3.13,0.07,9.52,-0.07,0.26,1.09
17.21,29.08,-0.79,-2.77,9.64,-0.69,-0.50,1.38,2.79,0.05,9.46,-0.03,0.26,0.99
17.22,28.74,-1.17,-2.71,9.52,-0.61,-0.47,1.14,2.60,0.03,9.47,-0.01,0.26,0.94
17.23,28.32,-2.18,-2.63,9.36,-0.50,-0.42,0.89,2.26,-0.11,9.57,0.02,0.24,0.85
17.25,28.31,-2.73,-2.56,9.31,-0.43,-0.38,0.78,2.05,-0.31,9.57,0.05,0.21,0.81
17.27,28.32,-2.85,-2.55,9.23,-0.40,-0.35,0.75,1.92,-0.35,9.51,0.07,0.19,0.79
17.28,28.41,-2.96,-2.61,9.07,-0.36,-0.30,0.70,1.62,-0.47,9.50,0.10,0.16,0.78
17.29,28.60,-3.25,-2.77,8.88,-0.32,-0.20,0.69,0.80,-0.51,9.66,0.15,0.14,0.75
17.30,28.61,-3.49,-2.83,8.81,-0.30,-0.11,0.73,0.32,-0.56,9.87,0.18,0.12,0.75
17.32,28.42,-3.65,-2.82,8.79,-0.30,-0.02,0.79,-0.00,-0.73,10.14,0.24,0.08,0.77
17.33,28.83,-3.75,-2.88,8.72,-0.32,0.16,0.93,0.31,-0.82,10.28,0.30,0.02,0.80
17.34,29.31,-3.39,-3.10,8.80,-0.39,0.30,1.09,1.08,-0.66,10.12,0.31,-0.03,0.81
17.36,29.87,-2.83,-3.45,9.07,-0.44,0.39,1.22,1.86,-0.58,9.99,0.33,-0.04,0.84
17.37,30.35,-2.39,-3.66,9.31,-0.46,0.43,1.29,2.51,-0.39,9.87,0.35,-0.04,0.86
17.38,31.09,-1.72,-3.58,9.67,-0.47,0.45,1.36,3.06,0.23,9.78,0.42,0.00,0.92
17.39,31.48,-1.34,-3.15,9.96,-0.47,0.43,1.40,3.09,0.87,9.75,0.52,0.06,1.10
17.41,31.69,-1.33,-2.51,10.30,-0.44,0.38,1.46,2.60,1.26,9.68,0.64,0.17,1.39
17.42,31.65,-1.61,-2.11,10.37,-0.40,0.33,1.56,2.39,1.22,9.64,0.70,0.24,1.66
17.43,31.63,-2.06,-1.72,10.19,-0.34,0.29,1.71,2.26,1.17,9.50,0.73,0.29,1.90
17.45,31.69,-2.54,-1.41,9.83,-0.29,0.30,1.85,2.14,0.89,9.35,0.72,0.33,2.09
17.46,31.90,-2.77,-1.21,9.53,-0.28,0.35,1.95,2.32,0.68,9.17,0.68,0.33,2.12
17.48,32.42,-2.75,-1.22,9.29,-0.28,0.47,2.04,2.46,0.50,8.93,0.60,0.31,2.03
17.49,32.97,-2.50,-1.21,8.94,-0.26,0.62,2.01,2.16,0.18,8.71,0.42,0.28,1.77
17.50,33.40,-2.42,-1.12,8.59,-0.24,0.76,1.87,1.91,-0.23,8.60,0.23,0.20,1.41
17.52,34.10,-2.42,-0.98,8.20,-0.21,0.97,1.61,1.83,-0.35,8.48,0.01,0.10,1.15
17.53,35.04,-2.34,-0.73,7.94,-0.18,1.19,1.23,2.03,0.09,8.72,-0.22,-0.01,0.70
17.55,36.91,-2.21,-1.02,7.98,-0.20,1.49,0.65,3.32,0.48,9.56,-0.29,-0.07,0.07
17.57,38.40,-2.20,-1.35,8.15,-0.18,1.60,0.29,3.94,0.47,10.01,-0.24,-0.08,-0.19
17.58,40.26,-2.96,-1.72,8.27,-0.11,1.65,-0.17,3.87,0.33,10.03,-0.15,-0.07,-0.58
17.60,43.44,-4.87,-1.89,7.92,0.02,1.56,-0.54,2.35,0.14,9.43,-0.11,-0.07,-0.67
17.62,44.18,-5.29,-1.85,7.79,0.03,1.55,-0.53,1.59,0.10,9.22,-0.14,-0.09,-0.66
17.63,46.00,-5.98,-1.63,7.69,-0.02,1.54,-0.43,0.95,0.04,9.22,-0.17,-0.11,-0.60
17.64,47.13,-6.49,-1.63,7.76,-0.08,1.56,-0.27,0.82,-0.03,9.32,-0.18,-0.12,-0.51
17.65,48.98,-7.39,-2.15,7.90,-0.21,1.59,0.11,1.05,-0.19,9.84,-0.17,-0.12,-0.30
17.67,50.98,-7.19,-2.76,7.88,-0.27,1.63,0.46,1.80,-0.43,10.21,-0.10,-0.08,0.04
17.69,53.04,-6.59,-2.44,7.50,-0.27,1.61,0.58,2.40,-0.66,9.99,0.01,-0.07,0.27
17.70,55.34,-6.22,-2.06,7.08,-0.28,1.51,0.68,2.24,-0.53,9.31,0.03,-0.08,0.35
17.71,57.00,-6.31,-2.01,6.86,-0.25,1.43,0.75,2.03,-0.37,9.09,0.02,-0.08,0.37
17.73,58.25,-6.69,-1.75,6.62,-0.23,1.40,0.74,1.80,-0.19,9.14,-0.02,-0.06,0.36
17.74,59.86,-7.13,-1.76,6.52,-0.21,1.38,0.82,1.83,-0.05,9.46,-0.04,-0.03,0.35
17.75,61.42,-7.44,-1.52,6.47,-0.18,1.33,0.85,2.07,-0.10,9.81,-0.00,-0.01,0.38
17.77,62.58,-7.41,-1.49,6.69,-0.19,1.30,0.92,2.19,-0.03,9.81,0.02,0.00,0.40
17.78,63.36,-7.33,-1.56,7.08,-0.18,1.32,1.00,2.23,0.06,9.71,0.02,-0.01,0.40
17.80,65.26,-6.88,-1.52,8.08,-0.05,1.45,1.13,2.68,0.57,9.47,-0.02,0.02,0.36
17.82,66.06,-6.69,-1.06,8.08,0.02,1.50,1.16,3.04,0.68,9.50,-0.04,0.06,0.33
17.83,66.92,-6.44,-0.63,7.94,0.06,1.54,1.12,3.66,0.83,9.40,-0.07,0.13,0.27
17.84,67.72,-6.20,-0.36,7.74,0.06,1.58,1.04,4.08,0.93,9.24,-0.09,0.16,0.22
17.85,68.80,-5.70,-0.29,7.65,0.04,1.60,0.88,4.57,0.80,9.32,-0.11,0.23,0.18
17.87,69.66,-5.75,-0.46,7.92,0.02,1.64,0.70,4.64,0.80,9.32,-0.12,0.28,0.15
17.88,70.58,-6.38,-0.59,8.23,0.01,1.69,0.58,4.54,0.73,9.37,-0.13,0.37,0.11
17.89,71.62,-7.53,-0.70,8.31,0.02,1.71,0.56,4.21,0.68,9.50,-0.15,0.45,0.09
17.91,72.45,-8.20,-0.61,7.95,0.04,1.69,0.66,3.75,0.60,9.60,-0.17,0.50,0.11
17.92,73.44,-8.55,-0.33,7.18,0.08,1.67,0.90,3.13,0.63,9.66,-0.17,0.54,0.18
17.93,73.85,-8.57,-0.12,6.76,0.12,1.68,1.06,2.54,0.80,9.64,-0.18,0.57,0.27
17.94,74.30,-8.53,-0.04,6.44,0.18,1.70,1.22,2.29,0.93,9.60,-0.19,0.59,0.36
17.96,75.23,-8.19,0.21,5.71,0.34,1.77,1.40,2.36,0.92,9.59,-0.21,0.65,0.43
17.97,76.27,-7.99,0.39,4.83,0.44,1.79,1.37,2.85,0.52,9.83,-0.21,0.72,0.45
17.98,78.12,-8.01,0.63,3.64,0.50,1.76,1.18,2.75,-0.17,9.74,-0.17,0.73,0.26
18.00,79.79,-8.44,0.50,2.84,0.49,1.75,1.08,2.25,-0.60,9.68,-0.19,0.68,0.04
18.02,81.40,-8.91,0.38,2.36,0.46,1.74,0.94,1.62,-1.09,9.88,-0.20,0.63,-0.14
18.03,82.60,-9.51,0.46,2.07,0.43,1.71,0.84,1.24,-1.29,10.05,-0.19,0.61,-0.22
18.04,83.42,-10.13,0.64,1.97,0.40,1.68,0.83,0.82,-1.32,10.20,-0.16,0.59,-0.34
18.06,85.03,-10.63,1.32,1.96,0.37,1.59,0.98,0.50,-0.90,10.17,-0.12,0.55,-0.41
18.08,85.68,-10.93,1.84,1.96,0.33,1.50,1.08,0.78,-0.67,10.19,-0.10,0.53,-0.48
18.09,86.90,-11.21,1.95,2.01,0.25,1.33,1.04,1.35,-0.50,10.06,-0.08,0.50,-0.55
18.10,87.52,-11.59,1.81,2.04,0.21,1.19,0.95,1.84,-0.47,9.87,-0.06,0.48,-0.61
18.11,88.64,-12.15,1.59,1.79,0.17,0.90,0.80,1.85,-0.71,9.80,-0.06,0.46,-0.68
18.12,89.65,-11.75,1.61,0.80,0.17,0.53,0.64,0.42,-1.28,9.94,-0.05,0.38,-0.76
18.15,89.90,-10.65,1.97,-0.03,0.15,0.33,0.47,-0.90,-1.24,9.80,-0.02,0.28,-0.63
18.17,89.79,-9.94,2.27,-0.37,0.12,0.27,0.37,-1.80,-1.04,9.72,-0.02,0.20,-0.44
18.18,89.61,-9.39,2.54,-0.52,0.09,0.26,0.25,-2.13,-0.95,9.68,-0.01,0.15,-0.29
18.19,89.47,-9.04,2.74,-0.46,0.02,0.27,0.12,-1.83,-0.87,9.60,0.03,0.09,-0.04
18.21,89.42,-9.00,2.83,-0.08,-0.06,0.28,0.01,-1.45,-0.77,9.64,0.05,0.08,0.08
18.22,89.23,-9.19,2.88,0.39,-0.12,0.29,-0.05,-0.87,-0.54,9.67,0.05,0.09,0.11
18.23,89.30,-9.45,2.91,0.87,-0.15,0.27,-0.09,-0.36,-0.25,9.70,0.04,0.09,0.10
18.24,89.22,-9.77,2.85,1.38,-0.16,0.23,-0.10,0.29,0.08,9.72,0.01,0.07,0.05
18.26,89.27,-9.97,2.61,1.69,-0.15,0.17,-0.10,0.90,0.24,9.73,-0.03,0.05,-0.03
18.27,89.39,-10.10,2.28,1.77,-0.13,0.12,-0.09,1.16,0.19,9.75,-0.04,0.03,-0.07
18.28,89.55,-10.18,1.98,1.82,-0.12,0.08,-0.07,1.29,0.01,9.83,-0.03,0.02,-0.10
18.30,89.66,-10.25,1.47,2.07,-0.06,0.02,-0.01,1.20,-0.27,9.94,0.00,-0.01,-0.10
18.31,89.59,-10.26,1.31,2.27,-0.00,0.01,0.06,1.07,-0.45,10.03,0.02,-0.03,-0.08
18.33,89.35,-10.29,1.39,2.31,0.10,0.01,0.14,0.99,-0.55,10.07,0.04,-0.03,-0.05
18.34,89.18,-10.21,1.61,2.13,0.16,0.00,0.22,0.85,-0.50,10.02,0.04,-0.03,-0.02
18.36,89.03,-10.16,1.77,1.81,0.20,0.00,0.29,0.60,-0.51,9.95,0.02,-0.01,-0.01
18.37,88.89,-10.10,1.90,1.53,0.22,-0.00,0.34,0.39,-0.56,9.92,0.02,0.00,-0.00
18.39,88.65,-10.08,1.97,1.34,0.23,-0.01,0.38,0.04,-0.64,9.92,0.03,0.03,0.04
18.40,88.49,-10.09,2.03,1.27,0.24,-0.02,0.40,-0.09,-0.65,9.93,0.04,0.04,0.06
18.41,88.25,-10.03,2.14,1.27,0.25,-0.04,0.42,-0.15,-0.64,9.93,0.06,0.05,0.09
18.43,88.00,-9.93,2.34,1.24,0.27,-0.07,0.43,-0.10,-0.53,9.87,0.07,0.05,0.10
18.44,87.77,-9.84,2.49,1.20,0.28,-0.09,0.44,0.08,-0.48,9.84,0.08,0.05,0.12
18.45,87.50,-9.82,2.53,1.27,0.25,-0.12,0.45,0.35,-0.55,9.95,0.11,0.06,0.17
18.47,87.38,-9.80,2.50,1.36,0.23,-0.12,0.44,0.42,-0.60,10.03,0.13,0.07,0.20
18.48,87.19,-9.74,2.50,1.50,0.22,-0.12,0.43,0.39,-0.60,10.07,0.15,0.06,0.22
18.50,86.99,-9.67,2.62,1.58,0.21,-0.11,0.44,0.37,-0.55,10.05,0.16,0.06,0.23
18.51,86.76,-9.58,2.85,1.61,0.21,-0.10,0.45,0.38,-0.39,9.96,0.17,0.06,0.22
18.52,86.57,-9.50,3.07,1.63,0.20,-0.10,0.46,0.43,-0.26,9.90,0.17,0.06,0.21
18.53,86.44,-9.43,3.16,1.63,0.18,-0.09,0.46,0.52,-0.13,9.84,0.16,0.07,0.19
18.54,86.26,-9.31,3.19,1.61,0.14,-0.07,0.45,0.59,-0.11,9.89,0.15,0.09,0.22
18.56,86.17,-9.21,3.17,1.59,0.11,-0.06,0.44,0.59,-0.17,9.95,0.16,0.10,0.25
18.58,85.93,-8.88,3.27,1.66,0.06,-0.03,0.38,0.51,-0.18,9.96,0.19,0.11,0.26
18.59,85.66,-8.80,3.39,1.78,0.03,-0.02,0.30,0.50,-0.12,9.88,0.20,0.09,0.26
18.61,85.43,-8.78,3.63,1.81,0.03,-0.02,0.25,0.56,0.02,9.76,0.20,0.08,0.24
18.62,85.32,-8.85,3.82,1.78,0.01,-0.02,0.19,0.77,0.26,9.60,0.18,0.05,0.20
18.64,85.26,-8.94,3.82,1.78,-0.05,-0.02,0.10,0.87,0.37,9.61,0.14,0.04,0.15
18.66,85.23,-8.95,3.80,1.81,-0.07,-0.02,0.04,0.75,0.48,9.62,0.11,0.03,0.11
18.67,85.01,-8.97,3.79,1.83,-0.06,-0.03,-0.05,0.53,0.60,9.68,0.06,0.02,0.02
18.70,84.87,-9.16,3.60,1.79,-0.07,-0.03,-0.10,0.61,0.52,9.78,0.04,0.01,-0.00
18.71,84.88,-9.28,3.47,1.76,-0.08,-0.02,-0.12,0.75,0.35,9.84,0.05,0.00,-0.01
18.72,84.90,-9.34,3.41,1.77,-0.09,-0.01,-0.12,0.77,0.25,9.83,0.05,0.00,-0.01
18.74,84.93,-9.42,3.27,1.79,-0.12,-0.00,-0.11,0.73,0.07,9.84,0.05,-0.00,-0.01
18.75,84.93,-9.44,3.19,1.84,-0.14,0.01,-0.07,0.61,-0.08,9.89,0.05,-0.01,0.00
18.76,84.90,-9.43,3.19,1.89,-0.16,0.03,-0.04,0.49,-0.13,9.95,0.04,-0.01,0.02
18.77,84.81,-9.40,3.24,1.89,-0.18,0.05,-0.04,0.43,-0.11,10.00,0.03,0.01,0.04
18.78,84.69,-9.37,3.20,1.75,-0.18,0.06,-0.03,0.36,0.07,9.87,0.03,0.02,0.05
18.80,84.64,-9.32,3.11,1.72,-0.17,0.06,-0.00,0.40,0.17,9.82,0.02,0.03,0.04
18.81,84.62,-9.31,3.16,1.72,-0.15,0.06,-0.01,0.59,0.29,9.75,0.02,0.04,0.03
18.82,84.63,-9.29,3.26,1.71,-0.12,0.06,-0.04,0.66,0.35,9.70,0.01,0.04,-0.01
18.84,84.72,-9.20,3.40,1.66,-0.06,0.02,-0.14,0.72,0.43,9.61,-0.01,0.01,-0.12
18.88,84.80,-9.30,3.27,1.74,-0.03,-0.01,-0.20,0.72,0.40,9.73,-0.05,-0.02,-0.15
18.89,84.84,-9.35,3.19,1.75,-0.01,-0.01,-0.21,0.69,0.33,9.78,-0.05,-0.03,-0.17
18.90,84.83,-9.42,3.12,1.78,-0.01,-0.01,-0.20,0.67,0.23,9.81,-0.05,-0.03,-0.18
18.92,84.83,-9.47,3.10,1.77,-0.01,-0.01,-0.21,0.66,0.13,9.84,-0.05,-0.03,-0.17
18.93,84.84,-9.53,3.05,1.71,-0.01,-0.01,-0.21,0.62,0.03,9.85,-0.05,-0.03,-0.17
18.94,84.85,-9.61,2.97,1.64,-0.02,-0.02,-0.20,0.55,-0.08,9.85,-0.05,-0.04,-0.18
18.95,84.84,-9.64,2.84,1.62,-0.04,-0.03,-0.18,0.46,-0.15,9.89,-0.05,-0.04,-0.18
18.97,84.81,-9.66,2.75,1.61,-0.04,-0.03,-0.16,0.39,-0.20,9.93,-0.05,-0.04,-0.16
18.98,84.72,-9.72,2.61,1.60,-0.03,-0.03,-0.09,0.31,-0.28,9.97,-0.04,-0.03,-0.13
19.00,84.67,-9.77,2.53,1.59,-0.02,-0.04,-0.05,0.27,-0.32,9.99,-0.02,-0.02,-0.09
19.01,84.59,-9.81,2.51,1.58,-0.01,-0.04,-0.01,0.27,-0.35,10.00,-0.01,-0.02,-0.05
19.02,84.53,-9.81,2.54,1.57,-0.01,-0.05,0.02,0.26,-0.38,10.01,0.00,-0.01,-0.02
19.03,84.42,-9.76,2.64,1.59,-0.01,-0.06,0.07,0.28,-0.37,9.99,0.01,-0.01,0.04
19.04,84.31,-9.66,2.76,1.62,-0.01,-0.06,0.10,0.38,-0.29,9.95,0.02,-0.00,0.08
19.06,84.17,-9.50,2.93,1.69,-0.03,-0.06,0.12,0.49,-0.11,9.91,0.03,0.00,0.12
19.08,84.11,-9.42,3.04,1.74,-0.04,-0.05,0.13,0.55,-0.00,9.90,0.03,0.00,0.12
19