=~=~=~=~=~=~=~=~=~=~=~= PuTTY log 2024.07.01 13:20:58 =~=~=~=~=~=~=~=~=~=~=~=
49.71,83.13,-9.54,2.76,1.67,-0.04,-0.02,-0.00,0.51,0.37,9.85,-0.00,-0.00,0.01
49.73,83.13,-9.55,2.76,1.67,-0.04,-0.02,-0.00,0.50,0.37,9.86,-0.00,-0.00,0.01
49.75,83.12,-9.54,2.75,1.67,-0.04,-0.02,-0.00,0.51,0.37,9.85,-0.00,-0.00,0.01
49.78,83.12,-9.55,2.76,1.69,-0.04,-0.02,-0.00,0.52,0.37,9.85,-0.00,-0.00,0.00
49.79,83.11,-9.54,2.76,1.68,-0.04,-0.02,-0.01,0.52,0.37,9.85,-0.00,-0.00,0.00
49.81,83.11,-9.54,2.75,1.68,-0.04,-0.02,-0.01,0.53,0.37,9.86,-0.00,-0.00,0.00
49.83,83.11,-9.55,2.74,1.67,-0.04,-0.02,-0.01,0.52,0.37,9.86,-0.00,-0.00,-0.00
49.84,83.12,-9.55,2.74,1.67,-0.04,-0.02,-0.01,0.53,0.36,9.86,-0.00,-0.00,0.00
49.85,83.12,-9.55,2.74,1.67,-0.04,-0.02,-0.01,0.52,0.36,9.86,-0.00,-0.00,0.00
49.87,83.12,-9.55,2.74,1.66,-0.04,-0.02,-0.01,0.50,0.35,9.86,-0.00,-0.00,0.00
49.88,83.12,-9.57,2.74,1.66,-0.04,-0.02,-0.01,0.49,0.35,9.86,-0.00,-0.00,0.00
49.89,83.11,-9.56,2.73,1.65,-0.04,-0.02,-0.00,0.49,0.34,9.85,-0.00,-0.00,0.00
49.90,83.11,-9.56,2.73,1.66,-0.04,-0.02,-0.00,0.49,0.34,9.85,0.00,-0.00,0.01
49.92,83.11,-9.56,2.74,1.66,-0.04,-0.02,-0.00,0.50,0.35,9.85,0.00,-0.00,0.01
49.93,83.11,-9.56,2.74,1.67,-0.04,-0.02,-0.00,0.51,0.34,9.85,0.00,-0.00,0.01
49.94,83.11,-9.56,2.74,1.67,-0.04,-0.02,-0.00,0.53,0.36,9.84,0.00,-0.00,0.01
49.95,83.11,-9.56,2.73,1.69,-0.04,-0.02,-0.00,0.55,0.36,9.84,0.00,-0.00,0.01
49.97,83.12,-9.56,2.72,1.69,-0.04,-0.02,-0.00,0.55,0.37,9.83,0.00,-0.00,0.01
49.98,83.12,-9.55,2.72,1.68,-0.04,-0.02,-0.00,0.55,0.38,9.84,0.00,-0.00,0.00
49.99,83.12,-9.55,2.73,1.69,-0.04,-0.02,-0.00,0.54,0.37,9.84,0.00,-0.00,0.00
50.00,83.13,-9.55,2.74,1.68,-0.04,-0.02,-0.00,0.52,0.37,9.84,0.00,-0.00,0.00
50.01,83.13,-9.54,2.75,1.68,-0.04,-0.02,-0.00,0.51,0.36,9.84,-0.00,-0.00,0.00
50.03,83.12,-9.55,2.75,1.67,-0.04,-0.02,-0.00,0.50,0.35,9.84,-0.00,-0.00,0.00
50.03,83.11,-9.54,2.75,1.67,-0.04,-0.02,-0.00,0.49,0.35,9.84,0.00,-0.00,0.00
50.06,83.11,-9.53,2.76,1.66,-0.04,-0.02,-0.00,0.49,0.35,9.84,0.00,-0.00,0.00
50.07,83.11,-9.53,2.77,1.65,-0.04,-0.02,-0.00,0.51,0.36,9.85,0.00,-0.00,0.00
50.08,83.12,-9.53,2.77,1.66,-0.04,-0.02,-0.00,0.52,0.37,9.85,-0.00,-0.00,0.00
50.09,83.12,-9.54,2.77,1.67,-0.04,-0.02,-0.01,0.53,0.38,9.84,-0.00,-0.00,0.00
50.10,83.12,-9.53,2.77,1.67,-0.04,-0.02,-0.01,0.53,0.39,9.85,-0.00,-0.00,-0.00
50.12,83.13,-9.52,2.76,1.67,-0.04,-0.02,-0.01,0.53,0.38,9.85,-0.00,-0.00,-0.00
50.14,83.14,-9.54,2.76,1.66,-0.04,-0.02,-0.01,0.53,0.38,9.85,-0.00,-0.00,-0.01
50.15,83.15,-9.53,2.75,1.65,-0.04,-0.02,-0.01,0.54,0.36,9.84,-0.00,-0.00,-0.01
50.16,83.16,-9.54,2.74,1.66,-0.04,-0.02,-0.01,0.52,0.35,9.86,-0.00,-0.00,-0.01
50.19,83.16,-9.54,2.74,1.66,-0.04,-0.02,-0.01,0.52,0.34,9.86,-0.00,-0.00,-0.00
50.20,83.17,-9.54,2.74,1.66,-0.04,-0.02,-0.01,0.52,0.34,9.86,-0.00,-0.00,-0.00
50.24,83.17,-9.55,2.73,1.66,-0.04,-0.02,-0.01,0.52,0.34,9.86,-0.00,-0.00,-0.00
50.24,83.17,-9.55,2.73,1.66,-0.04,-0.02,-0.01,0.52,0.34,9.86,-0.00,-0.00,-0.00
50.26,83.17,-9.54,2.73,1.66,-0.04,-0.02,-0.01,0.52,0.34,9.87,-0.00,-0.00,-0.00
50.27,83.17,-9.55,2.73,1.67,-0.04,-0.02,-0.01,0.53,0.35,9.86,-0.00,-0.00,-0.00
50.29,83.17,-9.54,2.73,1.66,-0.04,-0.02,-0.01,0.53,0.35,9.86,-0.00,-0.00,-0.00
50.31,83.17,-9.55,2.73,1.66,-0.04,-0.02,-0.01,0.53,0.35,9.87,-0.00,-0.00,-0.00
50.32,83.18,-9.55,2.73,1.67,-0.04,-0.02,-0.01,0.53,0.37,9.87,-0.00,-0.00,-0.00
50.34,83.18,-9.55,2.72,1.66,-0.04,-0.02,-0.01,0.53,0.36,9.86,-0.00,-0.00,-0.00
50.35,83.19,-9.56,2.73,1.65,-0.04,-0.02,-0.01,0.52,0.36,9.86,-0.00,-0.00,-0.00
50.37,83.19,-9.55,2.73,1.65,-0.04,-0.02,-0.00,0.51,0.36,9.87,-0.00,-0.00,-0.00
50.38,83.20,-9.57,2.73,1.65,-0.04,-0.02,-0.00,0.51,0.35,9.87,-0.00,-0.00,-0.00
50.40,83.20,-9.56,2.74,1.66,-0.04,-0.02,-0.00,0.51,0.35,9.86,-0.00,-0.00,0.00
50.41,83.19,-9.55,2.74,1.65,-0.04,-0.02,0.00,0.50,0.35,9.86,-0.00,-0.00,0.00
50.42,83.19,-9.54,2.75,1.65,-0.04,-0.02,0.00,0.51,0.35,9.86,-0.00,-0.00,0.00
50.43,83.19,-9.54,2.75,1.67,-0.04,-0.02,-0.00,0.52,0.37,9.84,-0.00,-0.00,0.00
50.46,83.18,-9.55,2.75,1.67,-0.04,-0.02,-0.00,0.52,0.37,9.84,-0.00,-0.00,0.00
50.47,83.18,-9.54,2.75,1.67,-0.04,-0.02,-0.00,0.53,0.36,9.86,-0.00,-0.00,0.00
50.49,83.17,-9.54,2.75,1.67,-0.04,-0.02,-0.00,0.51,0.36,9.86,-0.00,-0.00,0.00
50.50,83.17,-9.55,2.76,1.67,-0.04,-0.02,-0.01,0.52,0.36,9.86,-0.00,-0.00,0.00
50.51,83.17,-9.54,2.75,1.67,-0.04,-0.02,-0.01,0.52,0.36,9.86,-0.00,-0.00,-0.00
50.52,83.17,-9.54,2.75,1.67,-0.04,-0.02,-0.01,0.52,0.35,9.87,-0.00,-0.00,-0.00
50.53,83.17,-9.54,2.75,1.66,-0.04,-0.02,-0.01,0.51,0.36,9.86,-0.00,-0.00,-0.00
50.55,83.17,-9.55,2.75,1.66,-0.04,-0.02,-0.01,0.52,0.36,9.85,-0.00,-0.00,-0.00
50.56,83.17,-9.55,2.75,1.66,-0.04,-0.02,-0.01,0.52,0.35,9.85,-0.00,-0.00,-0.00
50.57,83.17,-9.55,2.74,1.66,-0.04,-0.02,-0.01,0.52,0.35,9.87,-0.00,-0.00,-0.00
50.58,83.17,-9.56,2.74,1.67,-0.04,-0.02,-0.01,0.52,0.35,9.85,-0.00,-0.00,-0.00
50.60,83.17,-9.54,2.74,1.67,-0.04,-0.02,-0.01,0.51,0.36,9.85,-0.00,-0.00,-0.00
50.62,83.17,-9.55,2.74,1.67,-0.04,-0.02,-0.01,0.51,0.36,9.86,-0.00,-0.00,0.00
50.64,83.17,-9.55,2.74,1.67,-0.04,-0.02,-0.01,0.51,0.36,9.85,-0.00,-0.00,-0.00
50.65,83.15,-9.56,2.74,1.67,-0.04,-0.02,-0.00,0.51,0.35,9.85,-0.00,-0.00,-0.00
50.68,83.15,-9.56,2.73,1.67,-0.04,-0.02,-0.01,0.51,0.34,9.86,-0.00,-0.00,0.00
50.69,83.15,-9.55,2.73,1.67,-0.04,-0.02,-0.00,0.51,0.34,9.87,0.00,-0.00,0.00
50.70,83.14,-9.56,2.73,1.67,-0.04,-0.02,-0.00,0.51,0.34,9.86,0.00,-0.00,0.00
50.72,83.14,-9.55,2.74,1.67,-0.04,-0.02,-0.01,0.51,0.35,9.86,-0.00,-0.00,0.00
50.73,83.13,-9.56,2.73,1.68,-0.04,-0.02,-0.01,0.51,0.36,9.85,-0.00,-0.00,0.00
50.74,83.13,-9.56,2.73,1.67,-0.04,-0.02,-0.01,0.53,0.36,9.85,-0.00,-0.00,0.00
50.77,83.13,-9.57,2.74,1.67,-0.04,-0.02,-0.00,0.52,0.35,9.87,-0.00,-0.00,0.00
50.79,83.12,-9.55,2.75,1.67,-0.04,-0.02,-0.00,0.51,0.35,9.87,-0.00,-0.00,0.00
50.80,83.12,-9.55,2.75,1.68,-0.04,-0.02,-0.00,0.51,0.35,9.86,-0.00,-0.00,0.00
50.81,83.11,-9.54,2.75,1.68,-0.04,-0.02,-0.00,0.51,0.36,9.87,0.00,-0.00,0.00
50.82,83.10,-9.54,2.76,1.68,-0.04,-0.02,-0.00,0.51,0.36,9.86,0.00,-0.00,0.01
50.83,83.09,-9.55,2.75,1.69,-0.04,-0.02,-0.01,0.53,0.37,9.86,-0.00,-0.00,0.00
50.85,83.11,-9.54,2.74,1.67,-0.04,-0.02,-0.01,0.53,0.37,9.85,-0.00,-0.00,-0.00
50.88,83.12,-9.55,2.74,1.67,-0.04,-0.02,-0.01,0.53,0.37,9.85,-0.00,-0.00,-0.01
50.89,83.13,-9.56,2.74,1.67,-0.04,-0.02,-0.01,0.53,0.36,9.85,-0.00,-0.00,-0.01
50.91,83.13,-9.55,2.73,1.67,-0.04,-0.02,-0.01,0.53,0.34,9.86,0.00,-0.00,-0.01
50.92,83.14,-9.56,2.73,1.67,-0.04,-0.02,-0.01,0.52,0.34,9.86,-0.00,-0.00,-0.00
50.95,83.14,-9.55,2.73,1.66,-0.04,-0.02,-0.01,0.52,0.34,9.87,0.00,-0.00,0.00
50.96,83.14,-9.55,2.73,1.66,-0.04,-0.02,-0.00,0.52,0.34,9.86,0.00,-0.00,0.00
50.97,83.15,-9.57,2.74,1.66,-0.04,-0.02,-0.00,0.53,0.35,9.86,0.00,-0.00,0.00
50.99,83.15,-9.57,2.73,1.67,-0.04,-0.02,-0.00,0.53,0.35,9.86,-0.00,-0.00,0.01
51.00,83.15,-9.56,2.73,1.67,-0.04,-0.02,-0.00,0.52,0.35,9.85,-0.00,-0.00,0.00
51.03,83.16,-9.56,2.74,1.68,-0.04,-0.02,-0.00,0.53,0.36,9.87,-0.00,-0.00,0.00
51.04,83.16,-9.56,2.74,1.68,-0.04,-0.02,-0.00,0.53,0.37,9.87,0.00,-0.00,0.00
51.06,83.16,-9.56,2.74,1.68,-0.04,-0.02,-0.00,0.53,0.36,9.87,0.00,-0.00,0.00
51.07,83.15,-9.54,2.74,1.68,-0.04,-0.02,-0.00,0.53,0.36,9.85,0.00,-0.00,0.00
51.08,83.15,-9.55,2.73,1.69,-0.04,-0.02,-0.00,0.52,0.36,9.86,0.00,-0.00,0.00
51.11,83.13,-9.55,2.74,1.68,-0.04,-0.02,-0.00,0.50,0.37,9.86,-0.00,-0.00,0.00
51.13,83.13,-9.55,2.74,1.67,-0.04,-0.02,-0.00,0.50,0.37,9.85,-0.00,-0.00,0.00
51.14,83.12,-9.54,2.74,1.67,-0.04,-0.02,-0.00,0.52,0.38,9.86,-0.00,-0.00,0.00
51.15,83.12,-9.55,2.75,1.68,-0.04,-0.02,-0.00,0.52,0.37,9.85,-0.00,-0.00,0.00
51.16,83.11,-9.54,2.75,1.67,-0.04,-0.02,-0.00,0.52,0.37,9.86,-0.00,-0.00,0.00
51.17,83.12,-9.53,2.75,1.68,-0.04,-0.02,-0.00,0.53,0.36,9.86,-0.00,-0.00,-0.00
51.19,83.12,-9.53,2.74,1.67,-0.04,-0.02,-0.01,0.53,0.36,9.86,-0.00,-0.00,-0.00
51.20,83.12,-9.54,2.74,1.67,-0.04,-0.02,-0.01,0.53,0.37,9.86,-0.00,-0.00,-0.00
51.22,83.13,-9.53,2.73,1.66,-0.04,-0.02,-0.01,0.52,0.36,9.86,-0.00,-0.00,-0.00
51.23,83.14,-9.55,2.73,1.66,-0.04,-0.02,-0.01,0.51,0.36,9.86,-0.00,-0.00,-0.00
51.24,83.14,-9.56,2.73,1.67,-0.04,-0.02,-0.01,0.51,0.36,9.86,-0.00,-0.00,-0.00
51.26,83.14,-9.55,2.72,1.66,-0.04,-0.02,-0.01,0.52,0.35,9.86,-0.00,-0.00,-0.00
51.27,83.14,-9.56,2.73,1.68,-0.04,-0.02,-0.01,0.51,0.35,9.86,-0.00,-0.00,-0.00
51.28,83.14,-9.56,2.73,1.67,-0.04,-0.02,-0.01,0.52,0.35,9.85,-0.00,-0.00,0.00
51.29,83.15,-9.56,2.73,1.68,-0.04,-0.02,-0.00,0.52,0.36,9.85,-0.00,-0.00,0.00
51.30,83.15,-9.55,2.74,1.67,-0.04,-0.02,-0.00,0.53,0.36,9.85,-0.00,-0.00,0.00
51.32,83.15,-9.54,2.74,1.67,-0.04,-0.02,-0.00,0.53,0.35,9.85,-0.00,-0.00,0.00
51.33,83.15,-9.55,2.74,1.68,-0.04,-0.02,-0.00,0.53,0.36,9.85,-0.00,-0.00,0.00
51.34,83.16,-9.54,2.74,1.67,-0.04,-0.02,-0.00,0.53,0.36,9.84,-0.00,-0.00,0.00
51.35,83.16,-9.55,2.74,1.67,-0.04,-0.02,-0.00,0.53,0.36,9.85,-0.00,-0.00,0.00
51.37,83.16,-9.55,2.74,1.67,-0.04,-0.02,-0.00,0.53,0.36,9.85,-0.00,-0.00,0.00
51.38,83.16,-9.54,2.74,1.66,-0.04,-0.02,-0.00,0.52,0.36,9.85,-0.00,-0.00,0.00
51.39,83.16,-9.54,2.73,1.66,-0.04,-0.02,-0.00,0.52,0.36,9.85,-0.00,-0.00,0.00
51.41,83.17,-9.55,2.73,1.67,-0.04,-0.02,-0.01,0.53,0.37,9.85,-0.00,-0.00,0.00
51.42,83.17,-9.54,2.73,1.66,-0.04,-0.02,-0.01,0.53,0.36,9.85,-0.00,-0.00,0.00
51.44,83.17,-9.56,2.74,1.67,-0.04,-0.02,-0.00,0.52,0.36,9.86,-0.00,-0.00,0.00
51.45,83.18,-9.57,2.74,1.66,-0.04,-0.02,-0.00,0.51,0.36,9.87,-0.00,-0.00,-0.00
51.46,83.18,-9.55,2.74,1.66,-0.04,-0.02,-0.00,0.52,0.36,9.86,-0.00,-0.00,-0.00
51.48,83.18,-9.57,2.73,1.66,-0.04,-0.02,-0.00,0.51,0.35,9.85,-0.00,-0.00,0.00
51.49,83.18,-9.56,2.73,1.66,-0.04,-0.02,-0.00,0.51,0.35,9.86,0.00,-0.00,0.00
51.50,83.18,-9.55,2.74,1.66,-0.04,-0.02,-0.00,0.51,0.35,9.86,0.00,-0.00,0.00
51.51,83.18,-9.56,2.73,1.67,-0.04,-0.02,-0.00,0.52,0.36,9.86,0.00,-0.00,0.00
51.52,83.18,-9.54,2.73,1.67,-0.04,-0.02,-0.00,0.53,0.36,9.87,-0.00,-0.00,0.00
51.54,83.18,-9.54,2.74,1.67,-0.04,-0.02,-0.00,0.53,0.37,9.86,-0.00,-0.00,0.00
51.55,83.18,-9.54,2.75,1.67,-0.04,-0.02,-0.00,0.52,0.38,9.86,-0.00,-0.00,0.00
51.57,83.18,-9.54,2.76,1.66,-0.04,-0.02,-0.01,0.53,0.39,9.87,-0.00,-0.00,-0.00
51.58,83.18,-9.54,2.76,1.67,-0.04,-0.02,-0.01,0.52,0.38,9.87,-0.00,-0.00,-0.00
51.60,83.18,-9.55,2.75,1.67,-0.04,-0.02,-0.01,0.52,0.37,9.87,-0.00,-0.00,-0.00
51.62,83.18,-9.55,2.74,1.67,-0.04,-0.02,-0.01,0.52,0.37,9.87,0.00,-0.00,-0.00
51.63,83.18,-9.54,2.74,1.66,-0.04,-0.02,-0.01,0.51,0.35,9.88,-0.00,-0.00,-0.00
51.64,83.18,-9.56,2.73,1.65,-0.04,-0.02,-0.01,0.51,0.34,9.88,-0.00,-0.00,-0.00
51.65,83.18,-9.54,2.73,1.66,-0.04,-0.02,-0.00,0.51,0.35,9.88,-0.00,-0.00,0.00
51.66,83.18,-9.55,2.74,1.66,-0.04,-0.02,-0.00,0.50,0.35,9.86,-0.00,-0.00,0.00
51.67,83.18,-9.56,2.74,1.66,-0.04,-0.02,-0.00,0.52,0.37,9.86,-0.00,-0.00,0.00
51.71,83.18,-9.55,2.73,1.68,-0.04,-0.02,-0.00,0.52,0.37,9.84,-0.00,-0.00,0.00
51.72,83.18,-9.56,2.73,1.67,-0.04,-0.02,-0.00,0.53,0.36,9.85,-0.00,-0.00,0.00
51.73,83.18,-9.54,2.73,1.68,-0.04,-0.02,-0.00,0.53,0.36,9.85,-0.00,-0.00,0.00
51.74,83.18,-9.56,2.73,1.68,-0.04,-0.02,-0.00,0.53,0.36,9.85,-0.00,-0.00,0.00
51.75,83.18,-9.55,2.74,1.67,-0.04,-0.02,-0.00,0.51,0.36,9.86,-0.00,-0.00,0.00
51.78,83.17,-9.55,2.74,1.66,-0.04,-0.02,-0.00,0.50,0.36,9.86,-0.00,-0.00,0.00
51.79,83.16,-9.55,2.74,1.67,-0.04,-0.02,-0.00,0.51,0.36,9.86,-0.00,-0.00,0.00
51.80,83.15,-9.56,2.74,1.68,-0.04,-0.02,-0.00,0.50,0.37,9.86,-0.00,-0.00,0.00
51.82,83.15,-9.54,2.73,1.68,-0.04,-0.02,-0.00,0.53,0.37,9.87,-0.00,-0.00,0.00
51.83,83.13,-9.56,2.73,1.68,-0.04,-0.02,-0.00,0.51,0.36,9.88,0.00,-0.00,0.00
51.86,83.12,-9.54,2.73,1.68,-0.04,-0.02,-0.00,0.52,0.35,9.88,0.00,-0.00,0.00
51.87,83.12,-9.55,2.74,1.68,-0.04,-0.02,-0.00,0.51,0.35,9.87,-0.00,-0.00,0.00
51.88,83.11,-9.54,2.75,1.67,-0.04,-0.02,-0.00,0.50,0.36,9.86,-0.00,-0.00,0.00
51.90,83.11,-9.56,2.75,1.66,-0.04,-0.02,-0.01,0.51,0.37,9.86,-0.00,-0.00,0.00
51.92,83.11,-9.55,2.75,1.67,-0.04,-0.02,-0.00,0.51,0.36,9.86,-0.00,-0.00,0.00
51.92,83.11,-9.57,2.74,1.66,-0.04,-0.02,-0.00,0.51,0.35,9.86,0.00,-0.00,0.00
51.94,83.12,-9.55,2.73,1.65,-0.04,-0.02,-0.00,0.52,0.34,9.85,0.00,-0.00,0.01
51.95,83.12,-9.54,2.73,1.66,-0.04,-0.02,-0.00,0.51,0.35,9.85,0.00,-0.00,0.01
51.97,83.13,-9.55,2.74,1.66,-0.04,-0.02,-0.00,0.51,0.35,9.86,0.00,-0.00,0.01
51.99,83.13,-9.55,2.75,1.67,-0.04,-0.02,-0.00,0.52,0.36,9.85,0.00,-0.00,0.01
52.00,83.13,-9.55,2.75,1.66,-0.04,-0.02,0.00,0.52,0.36,9.86,-0.00,-0.00,0.01
52.01,83.13,-9.55,2.75,1.66,-0.04,-0.02,0.00,0.50,0.36,9.87,-0.00,0.00,0.01
52.03,83.13,-9.55,2.74,1.66,-0.04,-0.02,-0.00,0.49,0.36,9.87,0.00,0.00,0.01
52.05,83.12,-9.56,2.74,1.66,-0.04,-0.02,-0.00,0.49,0.36,9.86,0.00,0.00,0.01
52.06,83.12,-9.55,2.73,1.65,-0.04,-0.02,-0.00,0.51,0.35,9.85,0.00,0.00,0.01
52.08,83.12,-9.55,2.75,1.68,-0.04,-0.02,-0.00,0.53,0.36,9.84,0.00,0.00,0.01
52.10,83.13,-9.54,2.76,1.68,-0.04,-0.02,-0.00,0.54,0.38,9.84,-0.00,0.00,0.01
52.12,83.13,-9.53,2.77,1.69,-0.04,-0.02,-0.01,0.54,0.40,9.86,-0.00,0.00,0.01
52.13,83.13,-9.54,2.78,1.69,-0.04,-0.02,-0.01,0.55,0.42,9.86,-0.00,-0.00,0.00
52.14,83.13,-9.53,2.78,1.69,-0.04,-0.01,-0.01,0.55,0.42,9.86,-0.00,-0.00,-0.00
52.16,83.14,-9.54,2.80,1.68,-0.04,-0.01,-0.02,0.53,0.42,9.86,-0.00,-0.00,-0.01
52.17,83.15,-9.53,2.80,1.66,-0.04,-0.01,-0.02,0.53,0.41,9.86,-0.00,-0.00,-0.02
52.18,83.15,-9.53,2.79,1.67,-0.04,-0.01,-0.03,0.51,0.39,9.86,-0.01,-0.00,-0.02
52.20,83.15,-9.55,2.78,1.66,-0.04,-0.01,-0.03,0.48,0.37,9.85,-0.01,-0.00,-0.02
52.21,83.15,-9.55,2.75,1.64,-0.04,-0.01,-0.03,0.47,0.37,9.85,-0.01,-0.00,-0.02
52.22,83.15,-9.57,2.74,1.65,-0.04,-0.01,-0.03,0.49,0.33,9.85,-0.01,-0.00,-0.02
52.23,83.15,-9.57,2.70,1.64,-0.04,-0.01,-0.03,0.50,0.32,9.86,-0.00,-0.00,-0.02
52.24,83.16,-9.57,2.68,1.64,-0.04,-0.01,-0.03,0.51,0.31,9.85,-0.00,-0.00,-0.01
52.26,83.17,-9.59,2.67,1.64,-0.04,-0.02,-0.02,0.51,0.30,9.85,-0.00,-0.00,-0.01
52.27,83.18,-9.59,2.66,1.64,-0.04,-0.02,-0.01,0.51,0.30,9.85,-0.00,-0.00,-0.00
52.28,83.18,-9.60,2.66,1.65,-0.04,-0.02,-0.01,0.49,0.29,9.86,-0.00,-0.00,0.00
52.30,83.19,-9.59,2.67,1.64,-0.04,-0.02,0.01,0.49,0.30,9.87,0.00,-0.00,0.01
52.32,83.19,-9.59,2.68,1.63,-0.04,-0.02,0.01,0.49,0.31,9.86,0.00,-0.00,0.02
52.33,83.18,-9.57,2.68,1.64,-0.04,-0.02,0.02,0.50,0.32,9.85,0.00,-0.00,0.02
52.34,83.18,-9.58,2.69,1.66,-0.04,-0.03,0.02,0.49,0.34,9.85,0.00,-0.00,0.02
52.35,83.17,-9.56,2.72,1.67,-0.04,-0.03,0.02,0.51,0.35,9.86,0.00,-0.00,0.02
52.37,83.16,-9.54,2.74,1.67,-0.04,-0.02,0.02,0.54,0.38,9.85,0.00,-0.00,0.02
52.38,83.16,-9.54,2.76,1.69,-0.04,-0.02,0.02,0.54,0.39,9.86,0.00,0.00,0.02
52.40,83.15,-9.54,2.77,1.70,-0.04,-0.02,0.02,0.55,0.40,9.86,0.00,0.00,0.02
52.41,83.14,-9.53,2.78,1.70,-0.04,-0.02,0.02,0.55,0.41,9.85,0.00,0.00,0.01
52.43,83.14,-9.53,2.80,1.71,-0.04,-0.02,0.01,0.54,0.41,9.84,0.00,-0.00,0.01
52.44,83.14,-9.51,2.81,1.68,-0.04,-0.02,0.00,0.54,0.41,9.85,-0.00,-0.00,0.00
52.45,83.13,-9.50,2.82,1.66,-0.04,-0.01,-0.01,0.50,0.40,9.85,-0.00,-0.00,-0.00
52.47,83.13,-9.49,2.81,1.65,-0.04,-0.01,-0.02,0.49,0.39,9.85,-0.00,-0.00,-0.01
52.49,83.12,-9.51,2.80,1.66,-0.04,-0.01,-0.02,0.48,0.37,9.84,-0.00,-0.00,-0.01
52.50,83.12,-9.53,2.79,1.66,-0.04,-0.01,-0.03,0.49,0.37,9.84,-0.00,-0.00,-0.01
52.52,83.13,-9.56,2.75,1.65,-0.04,-0.01,-0.03,0.50,0.37,9.84,-0.01,-0.00,-0.01
52.54,83.15,-9.57,2.72,1.64,-0.04,-0.01,-0.03,0.54,0.37,9.83,-0.01,-0.00,-0.01
52.55,83.18,-9.59,2.68,1.66,-0.04,-0.01,-0.03,0.56,0.35,9.84,-0.00,-0.00,-0.01
52.56,83.22,-9.62,2.64,1.65,-0.03,-0.01,-0.02,0.57,0.33,9.85,-0.00,-0.01,-0.01
52.58,83.25,-9.64,2.62,1.64,-0.03,-0.02,-0.01,0.54,0.30,9.87,-0.00,-0.01,-0.01
52.60,83.26,-9.64,2.61,1.64,-0.03,-0.02,0.01,0.50,0.27,9.88,-0.00,-0.01,-0.00
52.61,83.27,-9.65,2.61,1.61,-0.03,-0.02,0.03,0.47,0.25,9.88,0.00,-0.01,0.01
52.62,83.26,-9.63,2.63,1.60,-0.03,-0.02,0.04,0.46,0.23,9.88,0.01,-0.01,0.02
52.63,83.26,-9.63,2.65,1.61,-0.03,-0.03,0.05,0.44,0.23,9.87,0.01,-0.00,0.04
52.65,83.24,-9.61,2.68,1.61,-0.03,-0.03,0.06,0.44,0.23,9.86,0.01,-0.00,0.05
52.66,83.22,-9.58,2.73,1.60,-0.04,-0.03,0.07,0.45,0.27,9.85,0.01,0.00,0.06
52.67,83.21,-9.55,2.79,1.61,-0.05,-0.03,0.07,0.47,0.31,9.87,0.01,0.00,0.07
52.69,83.18,-9.50,2.84,1.66,-0.05,-0.03,0.06,0.52,0.42,9.85,0.01,0.00,0.06
52.71,83.17,-9.47,2.91,1.70,-0.05,-0.03,0.04,0.57,0.51,9.82,0.01,0.00,0.05
52.72,83.17,-9.46,2.94,1.71,-0.05,-0.02,0.03,0.60,0.54,9.81,0.00,0.00,0.03
52.73,83.17,-9.45,2.97,1.73,-0.04,-0.02,0.01,0.62,0.57,9.82,0.00,-0.00,0.02
52.75,83.19,-9.45,2.97,1.72,-0.04,-0.02,-0.01,0.63,0.54,9.84,-0.00,-0.00,-0.01
52.76,83.20,-9.44,2.95,1.73,-0.04,-0.01,-0.03,0.61,0.52,9.84,-0.01,-0.01,-0.03
52.77,83.21,-9.47,2.87,1.68,-0.04,-0.01,-0.06,0.56,0.46,9.84,-0.01,-0.01,-0.05
52.80,83.23,-9.50,2.83,1.66,-0.04,-0.01,-0.07,0.51,0.40,9.84,-0.01,-0.01,-0.06
52.82,83.24,-9.55,2.76,1.63,-0.04,-0.01,-0.08,0.47,0.33,9.86,-0.01,-0.01,-0.06
52.83,83.25,-9.57,2.72,1.60,-0.04,-0.01,-0.07,0.45,0.30,9.87,-0.01,-0.01,-0.05
52.84,83.25,-9.60,2.69,1.60,-0.04,-0.01,-0.07,0.44,0.27,9.88,-0.01,-0.01,-0.05
52.86,83.24,-9.62,2.66,1.59,-0.04,-0.01,-0.05,0.42,0.24,9.89,-0.01,-0.00,-0.03
52.87,83.25,-9.64,2.62,1.59,-0.04,-0.02,-0.03,0.44,0.23,9.89,-0.00,-0.00,-0.02
52.88,83.24,-9.62,2.62,1.61,-0.04,-0.02,-0.02,0.45,0.23,9.88,-0.00,-0.00,0.00
52.90,83.23,-9.62,2.64,1.63,-0.04,-0.02,-0.01,0.48,0.26,9.87,0.00,-0.00,0.01
52.91,83.23,-9.60,2.66,1.65,-0.04,-0.02,0.00,0.51,0.31,9.86,0.00,0.00,0.02
52.93,83.22,-9.57,2.69,1.66,-0.04,-0.02,0.01,0.54,0.34,9.85,0.00,0.00,0.02
52.94,83.23,-9.57,2.71,1.67,-0.04,-0.03,0.01,0.55,0.38,9.86,0.00,-0.00,0.02
52.95,83.23,-9.56,2.73,1.67,-0.04,-0.02,0.01,0.55,0.41,9.86,0.00,-0.00,0.02
52.97,83.22,-9.54,2.75,1.67,-0.04,-0.02,0.01,0.54,0.41,9.86,0.00,-0.00,0.01
52.98,83.22,-9.55,2.77,1.66,-0.03,-0.02,0.01,0.54,0.41,9.87,0.00,-0.00,0.01
52.99,83.22,-9.54,2.78,1.65,-0.03,-0.02,0.00,0.54,0.39,9.85,0.00,-0.00,0.01
53.01,83.22,-9.52,2.78,1.66,-0.03,-0.02,-0.00,0.53,0.38,9.84,0.00,-0.00,0.01
53.02,83.23,-9.53,2.79,1.67,-0.04,-0.02,-0.01,0.56,0.39,9.84,-0.00,-0.00,0.00
53.04,83.23,-9.54,2.76,1.70,-0.03,-0.02,-0.02,0.60,0.39,9.84,-0.00,-0.00,-0.00
53.05,83.24,-9.53,2.74,1.74,-0.03,-0.01,-0.02,0.60,0.39,9.86,-0.01,-0.00,-0.00
53.06,83.24,-9.54,2.73,1.76,-0.02,-0.01,-0.02,0.63,0.42,9.87,-0.01,0.00,-0.01
53.08,83.26,-9.55,2.79,1.75,-0.01,-0.00,-0.03,0.65,0.41,9.88,-0.01,0.00,-0.01
53.09,83.33,-9.58,2.68,1.81,0.01,0.01,-0.04,0.76,0.38,9.92,-0.01,0.00,-0.03
53.12,83.39,-9.59,2.58,1.79,0.03,0.02,-0.05,0.75,0.34,9.95,-0.00,-0.00,-0.04
53.13,83.43,-9.61,2.50,1.76,0.05,0.03,-0.04,0.67,0.30,9.97,-0.00,-0.00,-0.04
53.15,83.48,-9.62,2.47,1.58,0.09,0.04,0.00,0.43,0.23,9.90,-0.00,-0.00,-0.03
53.17,83.54,-9.62,2.62,1.39,0.09,0.03,0.05,0.28,0.19,9.78,-0.00,0.00,0.02
53.19,83.62,-9.64,2.66,1.44,0.06,0.01,0.09,0.36,0.21,9.77,0.00,0.01,0.05
53.21,83.66,-9.63,2.69,1.52,0.04,0.00,0.10,0.56,0.24,9.82,0.01,0.02,0.07
53.23,83.70,-9.62,2.69,1.55,0.03,0.00,0.11,0.64,0.28,9.86,0.01,0.02,0.07
53.24,83.74,-9.58,2.74,1.59,0.03,0.01,0.12,0.65,0.33,9.87,0.01,0.01,0.06
53.25,83.77,-9.52,2.81,1.60,0.03,0.01,0.13,0.63,0.38,9.85,0.01,0.01,0.06
53.26,83.83,-9.45,2.98,1.58,0.02,0.02,0.14,0.62,0.45,9.80,0.01,0.00,0.04
53.28,83.89,-9.40,3.10,1.60,-0.00,0.02,0.11,0.66,0.52,9.75,0.01,-0.00,0.04
53.29,83.96,-9.32,3.12,1.71,-0.03,0.03,0.04,0.78,0.55,9.75,0.01,0.00,0.03
53.31,84.05,-9.29,3.11,1.76,-0.04,0.04,0.01,0.87,0.60,9.74,-0.01,0.00,-0.01
53.33,84.13,-9.27,3.13,1.78,-0.05,0.05,-0.00,0.91,0.61,9.76,-0.02,0.00,-0.04
53.34,84.18,-9.25,3.16,1.78,-0.06,0.06,-0.02,0.93,0.62,9.78,-0.03,0.00,-0.07
53.35,84.27,-9.24,3.18,1.77,-0.07,0.08,-0.04,0.94,0.62,9.80,-0.04,-0.00,-0.10
53.36,84.39,-9.25,3.16,1.76,-0.09,0.09,-0.08,0.91,0.62,9.79,-0.05,-0.01,-0.14
53.38,84.50,-9.27,3.13,1.75,-0.09,0.10,-0.11,0.90,0.64,9.78,-0.05,-0.01,-0.17
53.39,84.57,-9.30,3.09,1.77,-0.10,0.11,-0.14,0.87,0.65,9.78,-0.06,-0.02,-0.20
53.40,84.69,-9.35,3.07,1.75,-0.10,0.13,-0.16,0.86,0.65,9.79,-0.07,-0.01,-0.22
53.41,84.77,-9.45,3.03,1.72,-0.11,0.15,-0.17,0.86,0.64,9.80,-0.08,-0.01,-0.24
53.42,84.92,-9.52,3.08,1.63,-0.12,0.14,-0.19,0.83,0.60,9.80,-0.10,-0.01,-0.26
53.44,85.11,-9.52,3.10,1.49,-0.13,0.12,-0.25,0.82,0.54,9.83,-0.11,-0.01,-0.27
53.45,85.23,-9.50,3.00,1.44,-0.15,0.10,-0.28,0.82,0.50,9.84,-0.12,-0.01,-0.27
53.46,85.39,-9.48,2.77,1.44,-0.17,0.08,-0.29,0.74,0.50,9.86,-0.13,-0.01,-0.26
53.47,85.46,-9.51,2.62,1.44,-0.16,0.07,-0.29,0.64,0.49,9.84,-0.13,-0.02,-0.26
53.49,85.52,-9.52,2.54,1.38,-0.12,0.06,-0.30,0.60,0.47,9.86,-0.14,-0.03,-0.28
53.50,85.58,-9.56,2.62,1.34,-0.08,0.04,-0.32,0.56,0.45,9.90,-0.14,-0.04,-0.30
53.51,85.71,-9.87,2.81,1.25,-0.09,0.03,-0.37,0.51,0.32,10.02,-0.14,-0.05,-0.39
53.54,85.85,-10.07,2.78,1.14,-0.15,-0.00,-0.39,0.33,0.28,10.01,-0.13,-0.07,-0.43
53.55,85.79,-9.93,2.42,0.90,-0.18,-0.06,-0.37,-0.22,0.15,9.90,-0.12,-0.11,-0.50
53.58,85.69,-9.83,2.23,0.65,-0.13,-0.10,-0.36,-0.57,0.11,9.81,-0.12,-0.14,-0.51
53.59,85.60,-9.90,2.30,0.22,-0.06,-0.15,-0.33,-0.81,0.08,9.74,-0.10,-0.15,-0.49
53.60,85.59,-10.27,2.73,-0.62,-0.02,-0.24,-0.26,-1.38,0.17,9.61,-0.08,-0.19,-0.39
53.62,85.52,-10.57,3.02,-1.28,0.02,-0.32,-0.23,-2.06,0.38,9.58,-0.08,-0.28,-0.27
53.64,85.15,-10.91,3.05,-1.60,0.13,-0.42,-0.15,-2.70,0.81,9.55,-0.14,-0.35,-0.17
53.65,85.10,-10.99,2.59,-1.43,0.29,-0.50,-0.01,-2.72,0.81,9.56,-0.18,-0.41,-0.02
53.66,84.80,-11.03,2.10,-1.05,0.47,-0.57,0.16,-2.56,0.36,9.61,-0.20,-0.46,0.28
53.67,83.75,-9.89,0.56,0.17,0.30,-0.79,0.25,-1.83,-2.99,9.78,0.06,-0.42,1.21
53.72,83.13,-10.22,0.78,-0.05,0.13,-0.85,0.07,-1.52,-3.93,9.82,0.22,-0.34,1.50
53.72,82.72,-10.56,1.26,-0.18,-0.07,-0.89,-0.07,-0.96,-3.95,9.80,0.28,-0.24,1.57
53.74,83.07,-9.80,2.36,0.33,-0.47,-1.01,-0.38,1.82,-0.75,9.59,-0.11,-0.45,0.76
53.77,83.69,-9.18,2.75,1.02,-0.55,-1.02,-0.56,2.29,0.24,9.65,-0.16,-0.55,0.49
53.78,83.96,-8.92,2.95,1.59,-0.56,-1.02,-0.69,2.25,0.86,9.58,-0.12,-0.64,0.20
53.79,84.13,-8.99,2.94,2.21,-0.54,-1.03,-0.85,2.14,1.24,9.59,-0.04,-0.72,0.03
53.80,84.41,-9.39,2.72,2.65,-0.51,-1.08,-1.00,2.18,1.18,9.81,0.01,-0.80,-0.05
53.82,84.12,-9.77,2.36,2.95,-0.48,-1.14,-1.06,2.21,0.82,10.06,0.07,-0.92,-0.11
53.84,84.07,-9.95,1.60,3.25,-0.44,-1.28,-1.05,1.89,0.10,10.07,0.14,-0.97,-0.09
53.85,83.17,-9.63,0.99,3.36,-0.47,-1.43,-1.08,1.88,-0.36,9.76,0.18,-1.02,0.00
53.87,82.88,-9.56,0.82,3.54,-0.49,-1.49,-1.12,2.40,-0.26,9.68,0.19,-1.00,0.01
53.89,82.52,-9.33,0.83,3.81,-0.50,-1.58,-1.17,3.07,-0.01,9.63,0.21,-0.95,-0.03
53.90,82.66,-9.22,0.93,4.02,-0.50,-1.63,-1.20,3.60,0.34,9.51,0.22,-0.91,-0.10
53.91,82.12,-8.92,0.96,4.45,-0.49,-1.70,-1.27,3.92,0.65,9.42,0.21,-0.88,-0.23
53.93,81.83,-8.39,0.90,5.13,-0.43,-1.83,-1.44,4.50,1.19,9.30,0.17,-0.81,-0.36
53.95,80.73,-8.15,0.80,5.73,-0.36,-1.94,-1.59,4.53,1.35,9.26,0.14,-0.77,-0.45
53.96,79.85,-8.11,0.62,6.30,-0.29,-2.03,-1.67,4.38,1.50,9.25,0.11,-0.72,-0.51
53.97,79.25,-8.12,0.46,6.76,-0.23,-2.08,-1.71,4.17,1.63,9.25,0.07,-0.67,-0.52
53.98,77.76,-8.14,0.24,7.28,-0.13,-2.13,-1.70,3.97,1.65,9.23,0.05,-0.64,-0.49
53.99,76.36,-8.17,0.01,7.62,-0.04,-2.17,-1.65,3.86,1.68,9.23,0.02,-0.60,-0.42
54.00,75.43,-8.21,-0.24,7.82,0.03,-2.19,-1.58,3.85,1.55,9.29,-0.01,-0.55,-0.31
54.01,72.97,-8.15,-0.62,8.07,0.14,-2.22,-1.40,3.89,1.37,9.34,-0.03,-0.50,-0.21
54.03,71.68,-8.02,-0.79,8.18,0.21,-2.22,-1.26,4.04,1.13,9.39,-0.05,-0.43,-0.12
54.05,68.63,-7.36,-1.22,8.10,0.31,-2.20,-1.03,4.55,0.67,9.52,-0.07,-0.36,-0.12
54.07,66.68,-6.67,-1.54,8.10,0.35,-2.18,-0.95,4.73,0.36,9.55,-0.06,-0.30,-0.18
54.09,64.39,-6.12,-1.61,8.21,0.33,-2.06,-0.88,4.66,-0.03,9.45,-0.03,-0.26,-0.25
54.11,63.14,-6.06,-1.62,8.14,0.32,-2.00,-0.86,4.52,-0.06,9.38,-0.03,-0.25,-0.29
54.12,61.88,-5.97,-1.51,7.82,0.34,-1.98,-0.85,4.27,0.00,9.22,-0.03,-0.23,-0.33
54.13,60.76,-5.82,-1.13,7.30,0.37,-2.00,-0.92,3.71,0.19,8.88,-0.06,-0.21,-0.39
54.15,58.96,-5.64,-1.13,6.66,0.40,-2.06,-1.08,3.04,0.40,8.66,-0.09,-0.20,-0.37
54.16,58.04,-5.67,-1.29,6.47,0.42,-2.08,-1.12,2.76,0.38,8.73,-0.10,-0.20,-0.34
54.17,56.52,-5.79,-1.65,6.37,0.44,-2.09,-1.13,2.50,0.12,9.07,-0.08,-0.19,-0.15
54.20,54.03,-5.83,-2.14,7.00,0.39,-2.09,-0.94,2.67,-0.51,9.51,0.05,-0.17,-0.02
54.21,52.87,-5.76,-2.32,7.43,0.31,-2.09,-0.78,2.75,-0.76,9.44,0.09,-0.17,0.09
54.22,51.60,-5.50,-2.62,7.69,0.23,-2.11,-0.66,2.70,-0.79,9.31,0.11,-0.16,0.15
54.23,50.53,-5.18,-2.77,7.72,0.21,-2.11,-0.57,2.62,-0.77,9.17,0.14,-0.16,0.23
54.24,49.20,-4.67,-2.69,7.70,0.18,-2.10,-0.44,2.72,-0.74,9.14,0.17,-0.15,0.34
54.26,47.10,-3.93,-2.59,7.97,0.05,-2.08,-0.25,3.44,-0.73,9.26,0.24,-0.13,0.53
54.27,45.75,-3.63,-2.61,8.53,-0.05,-2.07,-0.13,3.90,-0.60,9.32,0.27,-0.10,0.60
54.29,43.85,-3.18,-2.39,9.14,-0.12,-2.08,0.07,4.46,0.01,9.19,0.31,-0.05,0.59
54.31,42.15,-2.87,-1.87,9.18,-0.14,-2.08,0.20,4.40,0.38,9.08,0.30,-0.03,0.58
54.32,40.49,-2.61,-1.53,9.13,-0.18,-2.04,0.36,4.23,0.74,9.04,0.29,-0.01,0.58
54.33,39.51,-2.49,-1.50,9.16,-0.20,-2.02,0.46,4.01,0.92,9.04,0.28,-0.01,0.58
54.34,38.13,-2.49,-1.54,9.13,-0.19,-1.96,0.58,3.56,1.05,9.08,0.26,-0.01,0.58
54.36,36.78,-2.69,-1.56,8.94,-0.17,-1.92,0.71,3.11,1.12,9.16,0.24,-0.01,0.58
54.37,35.63,-2.80,-1.56,8.79,-0.14,-1.89,0.80,2.36,1.13,9.24,0.21,-0.03,0.56
54.38,34.30,-2.99,-1.57,8.54,-0.10,-1.84,0.91,1.56,0.85,9.37,0.19,-0.09,0.52
54.39,32.88,-3.23,-1.62,8.35,-0.10,-1.77,1.02,1.06,0.57,9.50,0.19,-0.16,0.50
54.40,31.20,-3.56,-1.73,8.05,-0.12,-1.64,1.16,0.89,0.45,9.42,0.18,-0.26,0.51
54.42,29.22,-3.37,-1.78,7.89,-0.23,-1.41,1.26,0.46,0.57,9.40,0.14,-0.51,0.43
54.45,28.53,-3.03,-1.38,7.94,-0.23,-1.32,1.17,0.19,0.46,9.58,0.13,-0.64,0.43
54.46,27.74,-2.91,-1.14,8.12,-0.27,-1.25,1.03,0.23,0.38,9.61,0.15,-0.73,0.46
54.47,27.06,-2.68,-1.04,8.39,-0.30,-1.20,0.89,0.85,0.37,9.40,0.17,-0.85,0.51
54.49,26.25,-1.53,-0.93,8.92,-0.28,-1.14,0.52,1.86,0.62,9.09,0.16,-0.98,0.45
54.51,26.03,-1.08,-0.91,9.22,-0.25,-1.12,0.31,2.21,0.81,9.06,0.13,-1.04,0.36
54.51,25.54,-0.67,-0.90,9.57,-0.20,-1.06,-0.00,2.54,0.83,9.14,0.12,-1.11,0.25
54.53,25.28,-0.51,-0.91,9.83,-0.14,-1.00,-0.28,3.02,0.78,9.26,0.10,-1.15,0.18
54.54,25.29,-0.29,-1.14,10.21,-0.09,-0.94,-0.57,3.98,0.65,9.44,0.07,-1.19,-0.05
54.56,25.56,-0.42,-1.50,10.88,-0.02,-0.89,-0.88,4.35,0.65,10.08,-0.00,-1.22,-0.25
54.57,25.85,-1.20,-1.79,11.37,0.07,-0.82,-1.09,3.82,0.73,10.72,-0.03,-1.24,-0.39
54.59,26.17,-1.90,-2.01,11.47,0.13,-0.78,-1.15,3.29,0.60,11.42,-0.03,-1.27,-0.48
54.60,26.71,-3.54,-2.63,11.73,0.16,-0.70,-1.07,2.63,0.38,12.35,0.02,-1.29,-0.50
54.62,27.69,-5.40,-3.04,12.04,0.19,-0.62,-0.72,1.21,0.68,13.36,0.09,-1.33,-0.43
54.63,28.16,-6.09,-2.36,11.58,0.28,-0.54,-0.52,-0.59,1.16,13.24,0.13,-1.43,-0.34
54.65,28.83,-6.44,-1.63,11.06,0.41,-0.35,-0.45,-2.20,1.82,12.87,0.12,-1.53,-0.39
54.66,29.24,-6.38,-1.13,10.59,0.59,-0.03,-0.47,-3.67,1.96,12.82,0.07,-1.76,-0.61
54.69,30.45,-6.40,-1.39,9.26,0.72,0.83,-0.45,-3.74,0.72,13.57,-0.05,-1.92,-0.79
54.71,32.66,-6.54,-1.65,8.40,0.62,1.32,-0.25,-2.54,0.48,13.83,-0.09,-2.03,-1.02
54.72,34.89,-6.21,-1.82,7.79,0.48,1.70,0.00,-1.47,0.55,13.89,-0.07,-2.04,-1.12
54.73,38.16,-6.25,-1.61,8.37,0.23,2.11,0.31,0.32,0.06,13.63,0.03,-1.98,-1.11
54.75,41.80,-6.00,-1.96,10.55,0.09,2.46,0.52,3.45,-1.00,13.90,0.29,-1.77,-0.47
54.78,48.30,-5.72,-3.10,15.65,0.10,2.83,0.83,8.37,-1.62,13.38,0.59,-1.33,-0.28
54.79,51.11,-4.72,-3.71,16.45,0.15,2.79,0.85,9.53,-1.36,12.58,0.56,-1.07,-0.19
54.80,54.07,-3.01,-3.81,15.85,0.18,2.66,0.82,10.28,-1.04,10.56,0.42,-0.38,0.01
54.82,55.83,-1.65,-3.52,14.85,0.10,2.60,0.80,10.05,-0.88,9.42,0.36,0.00,0.28
54.84,58.48,-0.70,-2.89,12.55,-0.19,2.63,0.86,9.49,-0.86,6.41,0.33,1.09,0.45
54.86,59.46,-0.70,-2.64,11.79,-0.35,2.66,0.96,9.68,-1.04,5.49,0.33,1.55,0.57
54.87,60.11,-0.59,-2.54,11.34,-0.49,2.67,1.03,10.06,-1.22,4.88,0.31,2.01,0.69
54.88,60.95,-0.46,-2.60,10.87,-0.76,2.65,1.12,10.45,-1.19,4.29,0.29,2.60,0.77
54.89,61.41,-0.08,-2.98,10.69,-1.04,2.51,1.18,10.22,-0.75,3.46,0.24,3.27,0.90
54.92,60.71,0.80,-3.30,10.30,-1.23,2.22,1.19,9.59,-0.25,2.90,0.24,3.95,1.18
54.93,59.71,1.39,-3.19,9.81,-1.28,2.05,1.17,9.32,-0.18,2.76,0.29,4.20,1.31
54.94,58.58,1.82,-3.03,9.35,-1.31,1.91,1.14,9.36,0.10,2.56,0.35,4.52,1.53
54.96,55.53,2.52,-2.56,8.44,-1.25,1.56,0.98,9.24,0.78,1.47,0.35,5.07,1.52
54.97,53.47,2.67,-1.93,7.95,-1.08,1.33,0.95,9.26,1.14,1.17,0.23,5.39,1.36
54.99,50.37,2.63,-0.81,7.21,-0.79,1.03,0.96,8.39,1.10,1.38,0.03,5.72,1.04
55.00,47.73,2.23,0.15,6.48,-0.60,0.80,0.94,7.30,0.83,1.98,-0.10,5.90,0.87
55.01,40.59,0.11,1.41,5.19,-0.57,0.33,0.94,5.76,0.01,5.19,-0.28,5.80,0.55
55.04,37.52,-1.12,1.32,5.18,-0.70,0.10,0.92,5.57,-0.30,7.22,-0.37,5.56,0.37
55.05,34.88,-2.28,0.86,5.56,-0.92,-0.13,0.78,5.43,-0.53,8.32,-0.43,5.32,0.18
55.06,32.53,-3.00,0.01,6.00,-1.05,-0.25,0.60,4.67,-0.47,8.73,-0.51,4.96,-0.11
55.07,29.99,-4.43,-1.94,7.18,-1.17,-0.43,0.05,2.75,-0.17,8.48,-0.66,4.32,-0.48
55.09,26.97,-5.83,-3.15,8.23,-1.10,-0.51,-0.29,0.87,-0.02,8.82,-0.75,3.61,-0.65
55.10,25.76,-7.12,-3.38,8.80,-0.94,-0.52,-0.35,-0.52,-0.02,9.21,-0.78,2.92,-0.70
55.12,23.42,-8.91,-2.95,8.70,-0.63,-0.47,-0.32,-2.17,-0.27,9.37,-0.79,1.70,-0.76
55.14,23.35,-9.61,-2.19,8.08,-0.53,-0.40,-0.30,-2.79,-0.27,9.24,-0.77,0.82,-0.76
55.15,23.41,-9.76,-1.66,7.39,-0.55,-0.30,-0.31,-2.91,-0.16,9.04,-0.72,-0.13,-0.68
55.16,24.59,-9.42,-1.52,7.01,-0.63,-0.23,-0.33,-2.34,-0.10,9.09,-0.65,-1.05,-0.55
55.17,27.37,-7.96,-1.96,8.21,-0.82,-0.31,-0.25,-1.08,-1.58,10.27,-0.58,-1.85,-0.32
55.19,28.42,-6.88,-3.17,9.46,-1.01,-0.46,-0.21,-2.97,0.90,13.42,-0.92,-1.56,-0.70
55.20,27.16,-4.69,-4.72,11.22,-0.76,-0.79,-0.40,-8.33,0.73,15.55,-0.71,-0.73,-0.35
55.22,26.49,-4.96,-3.94,11.53,-0.52,-0.83,-0.48,-8.89,0.96,15.33,-0.58,-0.60,0.26
55.23,24.46,-7.46,-1.84,11.52,-0.10,-0.81,-0.48,-8.70,2.82,13.03,-0.05,-0.75,1.36
55.24,24.08,-11.08,-0.99,10.93,0.03,-0.61,0.12,-5.37,3.33,11.96,0.13,-1.18,1.88
55.25,25.64,-13.47,-1.17,9.55,-0.06,-0.42,1.14,-2.46,3.80,11.81,0.21,-1.47,1.91
55.26,29.83,-8.23,0.80,10.52,-0.12,-0.51,2.00,0.80,0.97,11.06,0.46,-2.11,1.91
55.29,32.62,-2.24,-1.81,11.67,-0.20,-0.62,1.94,2.09,-0.67,12.23,0.42,-2.66,2.11
55.30,32.69,2.63,-2.74,10.90,-0.13,-0.66,1.11,4.57,-0.61,10.07,0.36,-2.69,2.15
55.32,32.93,4.56,-2.99,9.89,-0.12,-0.71,0.40,6.98,-1.16,7.75,0.18,-2.38,1.86
55.34,33.22,4.73,-3.69,8.91,-0.10,-0.78,-0.20,8.19,-1.84,6.74,-0.05,-2.09,1.27
55.35,32.19,3.03,-4.65,8.50,-0.11,-0.92,-0.59,8.53,-2.21,6.56,-0.15,-1.95,0.93
55.37,33.47,0.76,-5.05,8.92,-0.08,-1.03,-0.72,7.87,-2.62,7.15,-0.40,-1.61,-0.03
55.38,35.33,-1.70,-4.64,9.33,-0.05,-1.12,-0.66,5.13,-2.30,8.53,-0.49,-1.40,-0.52
55.40,35.87,-2.56,-4.03,9.33,-0.11,-1.18,-0.44,3.91,-1.75,9.36,-0.48,-1.25,-0.48
55.42,35.97,-2.39,-3.67,9.43,-0.17,-1.20,-0.21,3.58,-1.39,9.82,-0.42,-1.19,-0.35
55.43,35.77,-1.98,-3.26,9.55,-0.19,-1.22,-0.02,3.53,-0.96,9.83,-0.26,-1.09,-0.07
55.44,35.51,-1.82,-2.83,9.55,-0.20,-1.24,0.08,3.47,-0.59,9.75,-0.11,-1.03,0.19
55.46,34.84,-2.00,-2.62,9.54,-0.19,-1.27,0.08,3.44,-0.31,9.60,0.03,-0.97,0.31
55.47,34.53,-2.10,-2.77,9.54,-0.14,-1.29,0.04,3.45,-0.27,9.54,0.07,-0.91,0.37
55.48,34.19,-2.23,-3.11,9.31,-0.10,-1.31,0.06,3.72,-0.69,9.66,0.09,-0.85,0.36
55.50,34.07,-2.22,-3.23,9.15,-0.08,-1.33,0.10,3.75,-0.99,9.53,0.09,-0.79,0.33
55.51,33.91,-2.15,-3.27,9.02,-0.07,-1.33,0.14,3.81,-1.10,9.27,0.09,-0.76,0.27
55.52,33.79,-2.08,-3.24,8.90,-0.08,-1.34,0.16,4.02,-1.08,9.13,0.07,-0.73,0.17
55.53,33.72,-2.05,-3.21,8.78,-0.10,-1.35,0.19,4.03,-0.99,9.06,0.05,-0.67,0.02
55.54,33.43,-1.86,-3.08,8.89,-0.13,-1.38,0.22,4.17,-0.81,9.15,0.02,-0.62,-0.17
55.55,32.77,-1.34,-2.72,8.94,-0.10,-1.42,0.22,3.41,-0.42,9.14,-0.03,-0.60,-0.20
55.57,31.41,-0.81,-2.33,9.27,-0.12,-1.51,0.14,3.17,-0.15,9.46,-0.07,-0.58,-0.15
55.58,29.83,-0.39,-2.03,9.57,-0.07,-1.59,0.01,3.70,0.19,9.64,-0.04,-0.54,0.04
55.60,28.53,-0.04,-1.61,9.64,-0.01,-1.67,-0.14,4.01,0.39,9.41,-0.04,-0.51,0.06
55.62,27.50,0.15,-1.26,9.56,0.05,-1.72,-0.32,3.97,0.49,9.11,-0.06,-0.50,-0.07
55.63,26.90,0.17,-1.08,9.35,0.10,-1.74,-0.53,3.42,0.28,9.00,-0.10,-0.51,-0.21
55.64,25.22,-0.43,-0.71,8.88,0.15,-1.75,-0.94,2.54,-0.07,9.01,-0.13,-0.55,-0.39
55.65,24.09,-1.29,-0.89,8.68,0.13,-1.75,-1.24,1.61,-0.34,9.24,-0.14,-0.58,-0.47
55.66,22.84,-2.45,-1.44,8.77,0.09,-1.73,-1.43,0.44,-0.63,9.91,-0.12,-0.66,-0.48
55.68,21.86,-4.29,-2.31,8.96,0.09,-1.73,-1.45,-1.15,-1.00,10.56,-0.01,-0.75,-0.39
55.69,20.68,-5.54,-2.73,8.80,0.06,-1.65,-1.27,-3.29,-1.58,10.91,0.18,-0.93,-0.18
55.71,20.01,-6.03,-3.13,8.78,0.02,-1.52,-1.14,-4.04,-2.08,10.91,0.30,-1.15,-0.01
55.72,19.97,-6.41,-3.86,8.73,-0.01,-1.30,-0.99,-4.15,-2.65,11.02,0.43,-1.30,0.03
55.74,19.62,-6.72,-4.17,8.76,-0.04,-1.15,-0.95,-4.18,-3.10,11.41,0.62,-1.53,0.02
55.75,20.19,-7.30,-4.09,9.30,-0.04,-0.77,-0.86,-5.05,-2.13,11.72,0.78,-1.97,-0.13
55.77,20.78,-7.38,-3.30,9.61,0.01,-0.50,-0.78,-5.40,-1.27,11.52,0.75,-2.23,-0.23
55.78,21.48,-7.24,-2.45,9.87,0.06,-0.22,-0.72,-4.61,0.03,11.37,0.60,-2.48,-0.35
55.79,22.95,-6.93,-1.84,10.62,0.11,0.07,-0.69,-3.71,1.75,11.88,0.41,-2.70,-0.58
55.80,24.17,-6.58,-1.41,11.84,0.23,0.37,-0.76,-2.65,3.25,12.58,0.25,-2.83,-0.85
55.81,25.99,-6.32,-0.66,12.50,0.40,0.61,-0.91,-2.27,4.32,13.33,0.09,-2.95,-1.27
55.82,31.54,-5.83,0.32,11.96,0.84,1.51,-1.39,-2.50,2.75,15.72,-0.42,-3.37,-2.18
55.85,34.08,-5.00,0.27,10.88,0.85,1.92,-1.44,-2.40,2.56,15.57,-0.51,-3.39,-2.40
55.90,43.43,-3.69,-0.15,11.34,0.44,3.24,-0.95,3.50,1.27,14.17,-0.69,-2.64,-1.86
55.91,48.39,-4.25,-1.47,15.34,0.19,3.50,-0.71,7.55,0.97,13.88,-0.56,-1.83,-1.12
55.93,52.46,-4.44,-2.42,17.48,0.27,3.41,-0.62,10.22,0.43,12.82,-0.48,-1.30,-0.81
55.94,57.01,-2.85,-2.03,16.99,0.29,3.22,-0.65,11.19,1.98,10.30,-0.67,-0.61,-0.91
55.96,59.59,-1.91,-1.43,15.64,0.23,3.18,-0.65,11.09,2.59,8.21,-0.83,0.04,-0.84
55.97,61.45,-1.36,-1.00,14.28,0.13,3.14,-0.59,10.23,2.79,6.93,-0.91,0.47,-0.71
55.98,63.31,-1.12,-0.75,12.84,-0.03,3.07,-0.37,9.08,2.58,4.96,-0.93,1.17,-0.23
55.99,64.72,-0.85,-0.57,11.84,-0.14,2.99,-0.02,8.69,2.33,3.60,-0.95,2.06,0.49
56.02,65.91,-0.18,-0.47,10.84,-0.36,2.95,0.33,9.05,1.70,3.09,-1.01,2.58,0.72
56.03,65.52,1.03,-1.26,9.84,-0.74,2.71,0.67,9.48,0.91,2.33,-0.98,3.84,0.70
56.06,64.66,1.50,-1.43,9.33,-0.76,2.53,0.67,9.35,1.04,1.85,-0.93,4.37,0.56
56.08,62.48,2.00,-1.30,8.34,-0.76,2.15,0.48,9.97,1.06,1.45,-0.84,4.96,0.52
56.10,59.01,2.70,-1.41,7.16,-0.79,1.52,0.13,10.14,1.87,-0.14,-0.71,5.68,0.47
56.12,56.44,3.09,-1.45,6.58,-0.74,1.16,-0.10,9.02,2.20,-0.78,-0.71,6.11,0.35
56.13,54.24,3.17,-1.11,6.10,-0.65,0.91,-0.26,7.69,1.81,-0.65,-0.68,6.32,0.21
56.14,53.57,3.16,-0.90,5.92,-0.62,0.83,-0.32,7.69,1.81,-0.65,-0.68,6.32,0.21
56.14,53.57,3.16,-0.90,5.92,-0.62,0.83,-0.32,7.69,1.81,-0.65,-0.68,6.32,0.21
56.16,49.35,2.48,0.49,4.79,-0.47,0.43,-0.62,6.59,0.97,0.63,-0.58,6.54,0.02
56.18,46.67,1.55,1.32,4.05,-0.46,0.18,-0.83,6.20,0.59,1.90,-0.52,6.58,-0.08
56.18,45.57,1.24,1.50,3.84,-0.48,0.10,-0.88,5.99,0.41,2.73,-0.49,6.59,-0.13
56.21,41.84,-0.43,1.89,3.26,-0.62,-0.18,-1.06,4.79,0.10,6.95,-0.42,6.39,-0.44
56.22,37.21,-2.76,1.25,3.69,-0.97,-0.46,-1.11,3.35,0.55,10.13,-0.49,5.88,-0.77
56.23,32.73,-7.34,-2.68,7.39,-1.45,-0.76,-0.90,1.10,1.17,9.43,-0.52,5.28,-0.68
56.25,28.67,-12.66,-6.75,10.01,-0.68,-0.92,0.11,-1.80,1.69,8.17,-0.40,4.30,-0.15
56.32,25.78,-13.54,-5.69,9.49,-0.18,-0.90,0.58,-3.49,0.82,9.11,-0.21,2.08,0.54
56.38,23.99,-11.82,-0.78,5.35,-0.03,-0.68,1.16,-3.76,0.61,9.43,-0.12,0.38,0.53
56.39,24.07,-10.85,-0.59,5.46,-0.18,-0.71,1.20,-3.24,0.60,8.82,-0.08,-0.20,0.54
56.40,24.54,-9.81,-0.50,6.30,-0.38,-0.76,1.25,-2.81,0.33,8.81,-0.04,-0.77,0.58
56.42,26.02,-6.31,-3.59,11.18,-1.12,-1.13,1.35,-0.65,-0.73,10.51,-0.09,-1.88,0.64
56.44,26.00,-3.83,-5.46,12.72,-0.95,-1.31,1.24,-1.43,1.41,14.15,-0.55,-0.60,0.11
56.49,22.11,-4.56,-0.31,12.51,0.21,-1.07,0.68,-7.64,3.10,13.19,-0.08,-1.97,0.75
56.50,27.61,-6.18,-1.57,12.28,-0.26,-0.39,1.23,1.74,0.25,12.33,0.03,-2.75,1.03
56.53,32.95,5.28,-2.37,10.54,0.26,-0.53,0.02,6.51,-1.44,7.65,0.05,-2.45,1.14
56.54,35.29,5.87,-3.44,8.79,0.27,-0.59,-1.00,7.29,-3.02,7.42,-0.33,-1.41,-0.49
56.56,33.74,-4.11,-5.66,9.07,0.14,-1.09,-1.09,3.37,-1.98,9.20,-0.49,-1.22,-0.47
56.58,34.40,-3.70,-3.80,8.57,0.01,-1.13,-0.26,2.82,-1.41,9.84,-0.41,-1.07,0.05
56.60,34.44,-2.21,-3.18,9.28,-0.14,-1.04,0.38,3.08,-0.83,9.89,-0.04,-0.99,0.58
56.67,33.62,-1.69,-2.71,9.45,-0.14,-1.12,0.51,3.04,-0.85,9.53,0.19,-0.93,0.67
56.69,32.80,-1.66,-2.97,9.45,-0.12,-1.19,0.37,3.55,-1.01,9.70,0.19,-0.79,0.62
56.73,32.46,-1.80,-3.19,9.34,-0.09,-1.22,0.27,3.73,-1.42,9.75,0.18,-0.73,0.54
56.74,32.23,-1.84,-3.25,9.23,-0.09,-1.24,0.20,4.06,-1.52,9.69,0.18,-0.69,0.42
56.75,32.05,-1.86,-3.28,9.12,-0.10,-1.26,0.12,4.12,-1.51,9.58,0.17,-0.66,0.27
56.81,32.05,-1.86,-3.28,9.12,-0.10,-1.26,0.12,4.12,-1.51,9.58,0.17,-0.66,0.27
56.83,31.73,-1.85,-3.34,9.09,-0.09,-1.26,0.02,4.02,-1.46,9.45,0.17,-0.63,0.13
56.85,31.22,-1.75,-3.15,9.16,-0.05,-1.27,-0.16,3.80,-1.24,9.08,0.16,-0.62,-0.13
56.86,29.87,-1.62,-2.38,9.42,0.07,-1.37,-0.49,3.57,-0.91,9.36,0.09,-0.61,-0.38
56.87,29.11,-1.87,-2.25,9.44,0.08,-1.41,-0.55,2.80,-0.62,9.67,0.04,-0.60,-0.51
56.90,28.35,-2.76,-1.51,8.68,0.07,-1.47,-0.55,2.48,-0.37,9.73,0.05,-0.61,-0.47
56.91,26.81,-3.45,-1.19,8.45,0.07,-1.48,-0.59,0.50,0.02,9.32,0.06,-0.70,-0.33
56.93,31.76,-5.29,-0.89,8.84,-0.02,-0.79,-0.29,-2.73,-0.44,10.10,0.29,-1.07,0.05
56.94,25.29,-4.77,-0.65,8.95,0.01,-0.69,-0.35,-1.15,0.99,10.11,0.46,-1.83,-0.01
56.95,25.71,-4.36,-0.75,9.10,0.04,-0.61,-0.42,-0.36,1.03,9.79,0.39,-1.98,-0.14
56.96,26.15,-4.14,-0.96,9.29,0.06,-0.56,-0.47,0.08,0.99,9.73,0.35,-2.05,-0.20
56.99,26.49,-4.05,-1.10,9.59,0.09,-0.50,-0.50,0.48,0.98,9.82,0.30,-2.11,-0.27
57.00,27.74,-3.88,-1.64,10.54,0.14,-0.36,-0.57,1.34,1.40,11.09,0.16,-2.27,-0.96
57.05,33.00,-6.60,-0.64,11.92,0.84,0.10,-0.77,-0.17,4.43,14.60,0.11,-2.59,-1.65
57.10,34.40,-6.42,-0.57,11.67,1.02,0.26,-0.71,-1.75,3.69,14.82,0.22,-2.71,-2.05
57.10,34.98,-5.98,-0.58,11.39,1.11,0.47,-0.64,-2.68,3.26,14.90,0.30,-2.74,-2.14
57.13,36.07,-5.45,-0.60,10.55,1.20,0.74,-0.57,-3.73,2.00,14.85,0.43,-2.67,-2.05
57.16,36.60,-5.60,-0.73,10.04,1.17,0.94,-0.47,-3.91,0.47,14.79,0.44,-2.59,-1.85
57.17,37.09,-5.96,-0.94,9.59,1.08,1.15,-0.32,-3.61,-0.27,14.84,0.43,-2.49,-1.59
57.18,44.43,-7.95,-3.71,10.86,0.16,2.12,1.58,1.43,-3.43,15.87,0.53,-1.78,0.21
57.20,46.06,-7.27,-4.80,12.36,-0.00,2.18,1.98,2.02,-3.81,15.74,0.59,-1.70,0.40
57.21,49.88,-5.48,-7.21,14.38,-0.27,2.14,2.22,2.64,-4.15,15.55,0.64,-1.62,0.59
57.22,49.93,-5.48,-7.21,14.38,-0.27,2.14,2.22,3.28,-4.45,15.29,0.70,-1.54,0.78
57.23,55.66,-3.23,-7.76,13.96,-0.34,1.91,2.32,11.27,-5.44,8.37,1.39,-0.13,2.01
57.34,59.63,0.59,-6.49,10.58,-0.67,1.79,2.27,10.28,-4.25,4.33,1.55,0.99,1.42
57.35,59.82,1.24,-6.03,9.72,-0.89,1.77,2.19,10.10,-4.19,3.73,1.68,1.38,1.34
57.38,57.37,2.78,-5.91,8.79,-1.67,1.14,1.99,10.98,-2.32,2.05,2.51,3.34,1.23
57.40,53.75,3.18,-4.79,8.44,-1.58,0.70,2.10,9.89,-1.52,2.17,2.63,3.72,1.35
57.44,48.63,0.79,-3.64,8.53,-1.69,-0.06,2.90,7.65,-1.11,2.91,2.95,4.28,1.89
57.47,48.63,0.79,-3.64,8.53,-1.69,-0.06,2.90,7.65,-1.11,2.91,2.95,4.28,8.72
57.60,24.93,-3.22,-4.53,9.09,-2.07,-2.70,8.73,12.81,-3.32,6.02,3.10,2.12,8.72
57.61,24.19,-1.30,-4.39,9.29,-2.11,-2.66,8.73,12.90,-2.80,5.76,2.74,1.99,8.42
57.62,23.90,0.67,-4.17,9.36,-2.10,-2.56,8.65,12.71,-2.61,5.51,2.17,1.79,7.20
57.66,23.55,1.97,-4.09,9.35,-2.10,-2.46,8.13,12.43,-2.85,5.37,1.79,1.66,4.08
57.69,19.42,6.82,-5.76,8.18,-1.99,-1.43,4.99,6.88,-4.25,6.76,0.40,1.09,2.09
57.73,18.48,7.13,-6.12,8.15,-1.96,-1.19,4.49,5.36,-3.65,8.79,-0.28,0.39,1.59
57.74,16.65,7.04,-6.37,9.13,-1.86,-0.70,3.61,4.60,-1.26,13.54,-0.53,-0.11,0.57
57.76,15.19,-0.57,-1.69,12.12,-0.40,0.59,-0.63,3.45,2.12,9.36,-0.28,0.16,1.88
57.89,21.92,-4.62,0.86,9.50,-0.69,0.14,-0.28,4.43,-0.62,9.27,-0.11,0.17,1.83
57.90,33.77,-1.85,-3.89,9.88,-0.90,-0.33,2.31,4.92,-0.46,9.39,-0.04,0.24,0.99
57.92,33.47,-0.76,-3.38,9.83,-0.73,-0.41,1.90,4.62,-0.34,9.37,-0.04,0.24,0.95
57.93,32.60,-0.60,-2.71,10.01,-0.58,-0.39,1.17,4.14,-0.06,9.46,-0.08,0.24,0.60
57.94,32.31,-1.00,-2.52,9.99,-0.43,-0.34,0.79,4.14,0.20,9.25,-0.05,0.22,0.36
57.96,32.34,-1.43,-2.30,9.71,-0.24,-0.28,0.23,3.71,-0.31,9.41,0.06,0.19,0.22
57.98,30.89,-1.95,-2.56,9.51,-0.21,-0.34,0.16,2.60,0.64,9.34,0.33,-0.02,0.25
57.99,32.82,-2.46,-2.24,9.42,0.01,-0.69,0.88,1.76,0.52,9.89,0.39,-0.12,0.20
58.00,32.14,-2.80,-2.33,9.36,0.06,-0.56,0.91,1.27,-0.25,10.42,0.45,-0.23,0.25
58.02,31.90,-3.23,-3.09,9.43,0.08,-0.45,1.03,1.26,-0.21,10.42,0.52,-0.29,0.32
58.03,31.95,-3.44,-3.22,9.32,0.09,-0.39,1.15,1.21,0.08,10.13,0.56,-0.34,0.38
58.04,32.23,-3.58,-2.86,9.16,0.09,-0.34,1.27,0.88,0.31,10.00,0.59,-0.43,0.41
58.05,32.43,-3.85,-2.34,9.31,0.14,-0.24,1.41,-0.11,0.14,10.50,0.66,-0.60,0.38
58.07,32.49,-4.32,-2.20,9.49,0.19,-0.11,1.46,-0.98,-0.38,11.60,0.70,-0.73,0.33
58.09,33.14,-6.39,-2.41,9.57,0.22,0.35,1.44,-3.49,-1.54,13.32,0.82,-0.91,0.43
58.11,35.53,-8.76,-2.30,8.35,0.08,1.01,1.79,-4.43,-2.47,13.99,0.99,-1.12,0.93
58.14,36.09,-9.01,-1.99,8.21,-0.03,1.21,1.99,-3.88,-2.56,13.91,1.04,-1.15,1.09
58.15,38.09,-8.82,-1.77,8.29,-0.15,1.39,2.16,-3.05,-2.58,13.70,1.09,-1.16,1.37
58.16,40.49,-7.92,-2.09,8.80,-0.35,1.65,2.48,-0.84,-2.89,12.90,1.15,-1.14,2.01
58.17,43.13,-6.57,-2.87,9.65,-0.53,1.86,2.85,1.61,-3.13,12.07,1.16,-1.03,2.63
58.19,46.21,-4.90,-3.92,10.71,-0.67,2.03,3.05,4.09,-4.00,11.28,1.15,-0.93,2.96
58.20,48.32,-4.15,-4.72,11.10,-0.73,2.08,2.99,4.81,-4.43,10.89,1.10,-0.82,3.13
58.21,50.72,-3.66,-5.52,11.20,-0.80,2.08,2.81,5.21,-4.65,10.78,1.14,-0.71,3.15
58.22,52.40,-3.61,-5.64,11.21,-0.82,2.08,2.70,6.08,-3.81,10.05,1.17,-0.41,3.21
58.23,54.61,-3.66,-5.29,11.26,-0.85,2.07,2.41,6.71,-3.45,9.42,1.11,-0.06,3.27
58.25,57.20,-3.29,-3.80,11.76,-0.81,2.03,2.02,7.73,-3.03,7.56,1.06,0.95,3.36
58.27,58.76,-2.59,-2.96,11.59,-0.71,1.98,1.72,9.00,-2.80,6.71,1.01,1.67,3.05
58.28,59.53,-1.91,-2.02,10.76,-0.68,1.91,1.39,10.06,-2.23,5.72,0.92,2.43,2.32
58.29,59.95,-0.50,-1.27,9.24,-0.91,1.76,0.91,10.84,-0.90,4.15,0.35,3.55,-0.36
58.33,58.40,0.03,-1.30,8.16,-0.99,1.52,0.46,9.07,0.65,3.76,-0.40,4.53,-1.02
58.34,56.48,-0.34,-0.89,7.57,-0.98,1.38,0.24,4.99,1.29,4.06,-0.46,4.83,-1.05
58.35,52.13,-1.53,-0.14,6.72,-0.98,1.08,0.16,0.42,1.35,5.00,-0.36,4.85,-0.28
58.36,46.34,-2.45,0.38,6.29,-0.98,0.84,0.27,-1.81,0.92,6.71,-0.18,4.69,0.73
58.37,43.25,-3.59,0.85,5.65,-0.99,0.51,0.55,-1.92,0.52,7.87,-0.01,4.49,1.75
58.39,39.42,-4.95,1.13,5.13,-1.04,0.22,0.83,-0.84,-0.07,9.31,0.30,4.28,2.70
58.40,37.22,-6.09,0.91,4.77,-1.14,-0.10,1.12,1.16,-0.08,9.90,0.53,3.96,3.05
58.42,36.49,-7.00,0.10,5.03,-1.31,-0.46,1.33,3.00,0.94,8.88,0.51,3.33,2.67
58.43,36.35,-7.00,-0.62,6.20,-1.41,-0.67,1.35,3.15,1.40,7.94,0.29,2.43,1.62
58.45,36.37,-6.66,-1.33,8.35,-1.19,-0.79,1.30,1.52,0.92,8.17,-0.06,1.07,0.85
58.47,36.29,-6.48,-1.35,8.41,-0.83,-0.78,1.06,0.89,0.38,8.25,-0.26,0.09,0.29
58.48,37.29,-6.41,-1.11,7.52,-0.60,-0.69,0.57,1.20,-0.35,8.63,-0.36,-1.20,-0.09
58.52,38.36,-6.28,-1.22,6.96,-0.55,-0.64,0.24,1.23,-0.47,9.23,-0.47,-1.20,-0.09
58.54,39.67,-6.03,-1.34,6.99,-0.59,-0.63,-0.06,0.08,0.56,11.77,-0.74,-1.34,-1.35
58.56,39.98,-5.96,-2.97,9.75,-1.05,-0.78,-0.45,-4.12,1.28,15.54,-0.83,-0.85,-1.67
58.57,38.18,-5.93,-4.35,12.44,-0.87,-0.88,-0.58,-6.78,1.52,13.72,-0.39,-0.63,-1.00
58.58,35.19,-9.10,1.10,11.29,0.10,-0.50,-0.49,-5.19,1.82,11.71,-0.02,-1.10,0.27
58.60,35.64,-10.52,0.70,9.75,-0.03,-0.32,-0.29,-2.40,2.20,11.21,0.09,-1.41,0.68
58.62,37.98,-9.24,-1.19,8.54,-0.20,-0.32,-0.01,0.26,2.58,10.04,0.13,-1.55,0.71
58.63,40.04,-7.38,-1.18,8.51,-0.16,-0.44,0.23,1.38,2.50,8.70,0.13,-1.52,0.58
58.64,41.14,-3.44,-0.00,8.82,-0.05,-0.66,0.40,1.15,1.15,8.68,0.12,-1.51,0.63
58.65,40.06,-1.59,0.31,8.66,0.08,-0.87,-0.06,0.98,-0.21,10.44,0.14,-1.63,0.99
58.67,40.00,-3.03,-1.77,8.89,0.03,-0.94,-0.42,2.89,-0.61,11.06,0.14,-1.66,1.04
58.68,40.89,-3.98,-3.81,9.81,-0.04,-0.98,-0.44,4.12,-0.84,10.38,0.06,-1.50,0.85
58.69,42.37,-3.31,-4.20,9.89,-0.03,-1.04,-0.22,4.52,-1.03,8.92,-0.09,-1.30,0.58
58.71,42.87,-2.08,-3.77,9.44,-0.04,-1.17,-0.02,4.54,-0.90,8.31,-0.23,-1.17,0.37
58.72,42.55,-1.54,-3.50,9.20,-0.10,-1.25,0.11,4.84,-0.81,8.70,-0.33,-1.05,0.16
58.74,42.99,-1.46,-3.38,9.36,-0.15,-1.25,0.20,4.59,-0.58,9.48,-0.29,-0.99,0.15
58.75,42.56,-1.43,-3.15,9.48,-0.17,-1.23,0.28,4.19,-0.43,9.64,-0.22,-0.94,0.24
58.76,41.35,-1.33,-2.81,9.70,-0.22,-1.25,0.42,3.92,-0.37,9.67,-0.08,-0.81,0.51
58.78,38.85,-0.83,-2.90,9.81,-0.16,-1.32,0.41,4.29,-0.73,9.59,-0.04,-0.70,0.55
58.80,37.81,-0.84,-3.08,9.51,-0.14,-1.33,0.29,4.33,-0.96,9.43,-0.05,-0.64,0.49
58.81,36.86,-1.13,-3.30,9.32,-0.15,-1.38,0.15,4.44,-1.28,9.35,-0.07,-0.52,0.31
58.83,35.79,-1.31,-3.65,8.93,-0.13,-1.46,0.01,3.61,-1.40,9.50,-0.11,-0.46,0.21
58.84,34.93,-1.64,-3.47,8.87,-0.15,-1.49,-0.10,3.13,-1.26,9.74,-0.14,-0.39,0.06
58.86,33.52,-1.90,-3.04,9.10,-0.13,-1.49,-0.25,3.21,-0.67,9.73,-0.19,-0.32,-0.21
58.88,32.00,-1.61,-2.09,9.18,0.01,-1.42,-0.40,2.92,-0.21,9.56,-0.24,-0.31,-0.63
58.90,31.25,-1.49,-1.83,9.22,0.04,-1.42,-0.46,2.36,0.08,9.42,-0.25,-0.34,-0.72
58.91,30.32,-1.52,-1.62,9.30,0.08,-1.41,-0.55,1.89,0.06,9.40,-0.26,-0.39,-0.84
58.92,28.72,-1.83,-1.49,9.32,0.14,-1.38,-0.66,0.60,-0.12,9.71,-0.25,-0.45,-0.92
58.95,27.13,-2.50,-1.48,9.10,0.17,-1.31,-0.79,-0.87,-0.38,9.90,-0.19,-0.53,-0.82
58.96,25.03,-4.11,-1.39,8.50,0.14,-1.21,-0.91,-1.90,-0.65,9.87,-0.11,-0.70,-0.61
58.98,24.58,-5.01,-1.26,8.18,0.00,-1.17,-0.85,-1.81,-0.79,10.01,-0.01,-0.84,-0.36
59.00,24.42,-4.79,-1.34,8.44,-0.04,-1.16,-0.84,-1.50,-0.65,10.23,0.05,-0.94,-0.31
59.01,24.17,-4.65,-1.38,8.56,-0.05,-1.16,-0.84,-1.25,-0.58,10.28,0.07,-0.96,-0.29
59.02,24.01,-3.95,-1.59,9.08,-0.05,-1.14,-0.90,-0.81,-0.26,10.39,0.15,-1.09,-0.30
59.03,23.56,-3.08,-1.55,9.54,0.00,-1.09,-1.04,-0.70,0.11,10.37,0.26,-1.21,-0.33
59.04,23.11,-2.81,-1.48,9.74,0.06,-0.99,-1.29,-1.02,0.11,10.37,0.35,-1.37,-0.35
59.05,22.88,-3.23,-1.73,9.64,0.09,-0.91,-1.42,-1.29,-0.02,10.42,0.39,-1.47,-0.32
59.07,22.98,-3.88,-2.10,9.39,0.11,-0.84,-1.45,-1.58,-0.28,10.51,0.42,-1.58,-0.28
59.08,23.26,-4.55,-2.57,9.13,0.12,-0.76,-1.36,-1.80,-0.77,10.69,0.47,-1.75,-0.17
59.09,24.40,-5.45,-3.30,9.27,0.06,-0.55,-1.08,-2.04,-1.37,11.22,0.50,-2.01,-0.01
59.11,26.07,-6.39,-3.60,10.20,0.03,-0.27,-0.77,-2.19,-0.02,12.22,0.29,-2.37,-0.36
59.17,30.17,-7.83,-0.83,11.54,0.37,0.35,-0.74,-3.79,3.77,13.83,-0.14,-2.72,-1.21
59.24,33.73,-8.25,0.00,10.90,0.70,0.92,-0.77,-4.27,1.88,15.24,-0.18,-3.04,-1.66
59.27,39.10,-7.07,-0.40,8.97,0.60,1.78,-0.42,-2.41,1.09,14.89,-0.29,-2.85,-1.30
59.28,43.30,-6.32,-0.52,8.64,0.30,2.37,-0.00,0.79,0.48,14.76,-0.26,-2.63,-0.94
59.29,46.69,-5.58,-0.83,9.50,0.11,2.74,0.32,3.24,-0.20,14.49,-0.17,-2.20,-0.33
59.30,50.34,-5.35,-0.92,12.45,-0.10,3.08,0.63,5.99,-0.16,13.99,-0.02,-1.75,0.19
59.31,54.31,-5.63,-2.48,16.09,-0.21,3.17,0.70,10.70,-1.03,12.26,0.14,-1.21,0.43
59.33,57.53,-5.29,-3.50,17.85,-0.07,3.06,0.66,12.78,-0.25,10.84,0.08,-0.86,0.28
59.35,61.08,-3.52,-3.69,17.97,0.11,2.92,0.59,13.41,0.46,9.02,-0.11,-0.29,-0.11
59.36,63.82,-1.71,-3.28,16.49,0.16,2.85,0.55,12.65,1.00,7.10,-0.33,0.36,-0.44
59.37,66.76,0.21,-2.08,12.91,-0.01,2.81,0.57,8.83,0.98,4.13,-0.35,1.94,-0.08
59.39,67.16,0.45,-1.66,11.80,-0.13,2.81,0.69,8.53,0.75,3.24,-0.27,2.33,0.17
59.42,67.15,0.59,-1.34,10.97,-0.28,2.78,0.81,8.58,0.58,2.87,-0.23,2.57,0.39
59.46,67.05,0.84,-1.23,10.28,-0.53,2.63,0.92,9.44,0.38,2.46,-0.16,3.35,0.62
59.48,66.10,1.34,-1.57,9.76,-0.71,2.36,0.87,9.92,0.57,1.97,-0.13,3.97,0.61
59.50,64.78,1.59,-1.86,9.10,-0.73,2.03,0.74,9.88,0.89,1.18,-0.13,4.53,0.58
59.51,62.39,2.12,-1.86,7.90,-0.70,1.51,0.52,10.01,1.22,0.50,-0.09,5.02,0.68
59.53,59.61,2.86,-1.77,7.07,-0.64,1.10,0.19,9.83,1.89,-0.22,-0.01,5.53,0.78
59.54,56.16,3.29,-1.41,6.30,-0.50,0.69,-0.26,9.41,1.86,-0.22,0.01,5.77,0.79
59.55,51.99,3.11,-0.40,5.57,-0.33,0.44,-0.40,7.48,1.32,0.27,0.02,6.12,0.61
59.56,47.91,1.89,0.96,4.95,-0.23,0.09,-0.22,5.56,0.70,1.84,0.00,6.35,0.51
59.57,42.67,-0.45,2.53,4.30,-0.31,-0.21,0.07,4.68,0.53,5.17,-0.02,6.31,0.31
59.58,39.81,-2.22,2.90,4.23,-0.54,-0.45,0.21,4.63,0.35,7.77,-0.07,6.09,-0.22
59.62,35.24,-5.85,-0.41,5.87,-1.29,-0.49,-0.01,3.76,0.21,9.26,-0.34,5.21,-0.37
59.63,30.83,-11.12,-6.43,9.75,-1.18,-0.81,0.22,-0.43,-0.30,8.39,-0.45,3.88,-0.46
59.65,28.92,-10.86,-5.11,9.57,-0.48,-0.74,0.41,-1.94,-0.83,9.64,-0.41,2.68,-0.20
59.66,26.79,-10.00,-2.35,7.37,-0.14,-0.48,0.35,-3.01,-0.63,9.79,-0.42,1.10,-0.03
59.68,27.28,-8.71,-1.24,6.73,-0.35,-0.39,0.27,-2.11,-0.77,9.14,-0.44,-0.24,0.04
59.69,28.64,-6.79,-2.53,9.56,-0.89,-0.56,0.16,-0.33,-0.76,10.19,-0.50,-1.25,0.01
59.70,29.03,-4.90,-4.17,11.96,-0.77,-0.79,0.06,-1.18,1.64,12.93,-0.86,-1.22,-0.79
59.72,28.02,-5.08,-2.16,12.59,-0.21,-0.85,-0.00,-4.96,1.69,14.11,-0.80,-0.71,-0.91
59.73,26.00,-10.32,1.10,10.94,0.13,-0.67,-0.01,-7.23,3.35,13.66,-0.18,-0.71,0.18
59.75,26.99,-11.30,-0.75,11.37,-0.28,-0.66,0.57,-3.14,2.76,13.02,0.28,-1.47,1.21
59.77,28.30,-4.65,-3.21,11.68,-0.04,-0.76,1.13,0.50,0.42,13.26,0.39,-2.15,1.58
59.78,28.79,2.61,-1.95,10.14,0.04,-0.83,0.94,2.45,0.23,11.62,0.28,-2.57,1.67
59.80,27.85,5.35,-1.69,8.81,-0.02,-0.87,0.07,4.03,-0.07,8.90,0.18,-2.58,1.69
59.81,28.39,2.34,-4.10,8.07,-0.03,-1.00,-0.92,5.74,-1.25,7.23,-0.04,-2.10,1.21
59.84,29.67,-0.76,-5.05,8.62,-0.02,-1.17,-0.93,6.12,-2.08,7.69,-0.16,-1.90,0.77
59.85,31.25,-2.68,-5.13,8.70,-0.00,-1.22,-0.77,5.82,-2.36,7.98,-0.25,-1.69,0.39
59.86,32.98,-3.24,-4.05,8.38,-0.08,-1.26,-0.28,4.62,-2.25,8.41,-0.39,-1.34,-0.05
59.88,34.08,-2.53,-3.54,8.72,-0.25,-1.13,0.16,3.06,-1.69,9.22,-0.49,-1.18,-0.18
59.89,34.19,-2.23,-3.19,8.89,-0.27,-1.06,0.28,2.75,-1.36,9.72,-0.42,-1.12,-0.17
59.92,33.82,-2.09,-2.56,9.24,-0.28,-1.05,0.27,2.41,-0.70,9.93,-0.18,-1.11,0.00
59.93,33.34,-2.25,-2.24,9.53,-0.23,-1.09,0.23,2.22,-0.20,9.89,-0.05,-1.10,0.16
59.94,32.82,-2.20,-2.24,9.54,-0.15,-1.12,0.17,2.02,0.04,9.95,0.12,-1.06,0.41
59.95,32.22,-2.08,-2.46,9.23,-0.09,-1.12,0.13,2.53,-0.07,9.67,0.15,-1.00,0.53
59.97,31.94,-1.92,-2.68,9.01,-0.08,-1.11,0.07,3.07,-0.26,9.56,0.14,-0.97,0.43
59.98,31.91,-1.67,-2.84,8.86,-0.03,-1.05,-0.13,3.31,-0.73,9.02,0.09,-0.95,0.10
60.00,31.67,-1.66,-2.78,8.85,0.00,-1.01,-0.29,2.91,-0.90,8.95,0.06,-0.95,-0.10
60.01,31.62,-1.89,-2.68,8.89,0.03,-0.98,-0.46,3.13,-0.83,9.06,0.04,-0.95,-0.33
60.03,31.59,-2.28,-2.52,9.02,0.05,-0.98,-0.56,2.31,-0.75,9.27,0.04,-0.99,-0.41
60.04,31.42,-2.46,-2.42,9.09,0.06,-0.99,-0.57,1.92,-0.59,9.35,0.04,-1.00,-0.35
60.05,31.20,-2.56,-2.24,9.04,0.08,-1.02,-0.51,2.04,-0.45,9.45,0.08,-1.01,-0.24
60.06,31.05,-2.54,-2.07,8.98,0.07,-1.04,-0.43,2.29,-0.27,9.41,0.10,-0.98,-0.08
60.07,31.05,-2.50,-1.93,8.81,0.08,-1.07,-0.39,2.63,-0.10,9.24,0.11,-0.99,-0.03
60.09,31.09,-2.37,-1.73,8.73,0.07,-1.12,-0.40,2.87,-0.06,9.03,0.10,-1.00,-0.04
60.10,31.10,-2.17,-1.55,8.79,0.06,-1.17,-0.46,2.82,0.00,9.02,0.10,-1.02,-0.05
60.11,30.92,-2.00,-1.66,8.90,0.08,-1.22,-0.60,2.63,0.12,9.09,0.08,-1.06,-0.06
60.13,30.16,-2.03,-2.02,9.06,0.15,-1.24,-0.88,2.11,0.10,9.29,0.12,-1.13,-0.09
60.16,29.68,-2.41,-2.16,9.19,0.17,-1.20,-0.93,2.04,-0.09,9.50,0.14,-1.27,-0.07
60.18,29.64,-2.55,-2.13,9.20,0.16,-1.18,-0.92,2.35,-0.35,9.72,0.11,-1.31,-0.06
60.19,29.87,-2.69,-2.12,9.36,0.11,-1.17,-0.91,2.77,-0.53,9.99,0.06,-1.34,-0.06
60.20,30.15,-2.75,-2.15,9.74,0.07,-1.15,-0.86,2.96,-0.40,10.34,0.01,-1.37,-0.08
60.23,30.35,-2.74,-2.14,10.24,0.03,-1.13,-0.82,2.91,-0.26,10.76,-0.01,-1.38,-0.13
60.24,30.46,-3.24,-2.58,10.95,0.02,-1.06,-0.79,2.04,0.03,12.00,-0.02,-1.45,-0.24
60.26,30.39,-3.80,-2.83,11.34,0.04,-0.95,-0.77,1.27,0.33,12.86,-0.00,-1.51,-0.28
60.27,30.81,-4.85,-2.51,11.74,0.09,-0.79,-0.74,0.78,0.85,13.18,-0.02,-1.58,-0.36
60.28,31.42,-5.40,-1.51,11.81,0.19,-0.62,-0.79,0.79,1.48,13.18,-0.08,-1.63,-0.45
60.29,31.98,-5.38,-0.87,11.87,0.31,-0.46,-0.87,0.69,2.54,13.04,-0.15,-1.69,-0.70
60.30,32.65,-5.09,-0.24,11.85,0.53,-0.21,-1.03,0.31,3.69,12.60,-0.29,-1.82,-1.27
60.32,33.40,-4.78,-0.21,11.59,0.75,0.04,-1.18,-0.13,3.63,12.52,-0.37,-1.90,-1.61
60.33,34.09,-4.55,-1.28,10.77,0.94,0.55,-1.26,-1.49,1.69,13.32,-0.48,-2.06,-2.40
60.35,35.82,-5.31,-2.22,9.88,0.88,1.13,-0.98,-1.71,0.59,14.15,-0.43,-2.06,-2.53
60.38,37.59,-6.20,-2.75,9.28,0.68,1.55,-0.52,-1.58,-0.45,14.63,-0.23,-1.88,-2.13
60.41,40.94,-7.15,-2.93,9.69,0.39,2.03,-0.01,0.08,-1.21,14.70,0.13,-1.61,-1.01
60.43,43.49,-7.86,-2.89,10.96,0.27,2.30,0.16,3.18,-1.88,14.45,0.40,-1.51,-0.46
60.44,46.29,-7.67,-2.80,12.89,0.22,2.45,0.47,5.28,-1.85,13.78,0.55,-1.39,-0.10
60.45,49.27,-6.27,-2.90,14.74,0.22,2.46,0.97,7.71,-0.91,12.16,0.51,-1.02,0.20
60.46,52.48,-3.29,-3.21,15.23,0.31,2.29,1.29,9.14,-0.75,10.52,0.41,-0.65,0.19
60.47,54.65,-1.14,-2.89,13.94,0.28,2.16,1.39,9.03,-0.57,8.29,0.32,-0.02,0.07
60.48,55.46,-0.09,-2.55,12.57,0.17,2.15,1.39,8.62,-0.51,7.01,0.30,0.42,-0.02
60.51,56.20,0.15,-2.34,10.79,-0.07,2.21,1.35,8.53,-0.53,6.37,0.30,0.75,-0.08
60.52,57.23,-0.48,-2.76,9.57,-0.44,2.26,1.20,8.92,-1.38,5.80,0.45,1.52,-0.04
60.54,57.76,-0.84,-3.20,9.30,-0.65,2.27,1.02,9.05,-1.85,5.80,0.58,2.03,0.02
60.55,58.00,-1.06,-3.76,9.32,-0.91,2.23,0.92,8.96,-1.89,5.66,0.68,2.51,0.13
60.56,57.90,-1.12,-4.24,9.48,-1.14,2.15,0.92,7.87,-1.76,5.65,0.72,3.00,0.55
60.58,55.58,-1.21,-4.83,9.13,-1.54,1.86,1.43,6.49,-1.84,6.21,1.03,3.51,1.60
60.60,53.86,-0.94,-4.99,8.92,-1.70,1.74,1.63,7.27,-1.69,6.40,1.29,3.78,2.19
60.60,51.23,-0.50,-4.85,8.86,-1.80,1.49,2.02,8.36,-1.11,5.89,1.51,4.18,2.60
60.63,46.93,-0.68,-3.51,8.11,-1.44,1.05,2.43,7.62,-0.64,6.14,1.59,4.49,2.54
60.66,44.82,-1.08,-2.92,7.92,-1.37,0.94,2.64,6.73,-0.37,6.31,1.64,4.48,2.58
60.67,43.05,-1.52,-2.69,7.78,-1.34,0.84,2.86,6.12,-0.25,6.52,1.66,4.44,2.70
60.68,41.19,-2.23,-2.55,7.61,-1.29,0.59,3.27,5.67,-0.18,6.45,1.71,4.44,2.94
60.69,39.40,-2.50,-2.47,7.56,-1.24,0.39,3.51,4.82,-0.17,6.70,1.78,4.48,3.28
60.70,36.45,-2.66,-2.39,7.39,-1.17,0.02,3.86,3.36,-0.77,7.36,1.99,4.50,4.10
60.72,33.32,-2.48,-2.30,7.02,-1.15,-0.34,4.20,2.34,-1.78,8.18,2.27,4.40,4.92
60.73,29.46,-2.91,-2.07,6.99,-1.19,-0.67,4.60,2.56,-3.61,9.63,2.55,4.24,5.80
60.75,27.42,-3.22,-2.02,7.13,-1.26,-0.86,4.89,3.06,-4.41,10.27,2.71,3.73,7.10
60.77,23.79,-4.66,-2.22,7.66,-1.22,-1.29,5.66,5.97,-3.86,9.49,2.53,3.39,7.27
60.78,23.57,-5.33,-2.22,7.43,-1.28,-1.42,6.00,7.57,-3.69,7.99,2.33,3.10,7.21
60.79,26.34,-5.64,-2.87,6.95,-1.93,-1.57,6.05,7.72,-4.35,5.65,1.16,1.83,5.76
60.82,27.57,-4.44,-4.05,6.91,-2.15,-1.58,5.56,7.99,-4.54,5.37,0.53,1.33,4.89
60.83,29.37,-2.52,-4.43,7.04,-2.22,-1.58,4.86,6.65,-2.93,6.26,-0.29,0.90,3.73
60.85,28.79,-0.36,-4.48,7.60,-2.21,-1.53,4.12,4.74,-0.39,8.69,-0.78,0.57,2.72
60.86,27.17,1.29,-4.05,9.12,-2.11,-1.42,3.55,2.78,3.80,12.13,-0.89,0.52,1.88
60.87,24.72,0.90,-1.60,12.42,-1.80,-1.29,3.14,0.94,7.77,15.87,-0.69,0.55,1.64
60.88,22.57,-2.70,4.95,19.49,-1.32,-1.25,2.71,-2.87,6.81,20.75,-0.27,0.02,2.05
60.89,21.77,-7.99,5.83,22.19,-1.18,-0.84,2.35,-3.74,3.95,20.54,0.26,-0.90,3.41
60.90,22.88,-7.17,0.74,18.07,-1.30,0.22,2.34,0.67,2.84,12.78,0.22,-1.20,4.39
60.92,25.04,-3.55,0.87,15.42,-1.44,0.62,2.10,5.39,0.18,6.76,-0.48,-1.02,4.26
60.93,27.31,1.61,0.74,11.22,-1.75,0.80,1.72,7.40,-1.38,4.05,-0.85,-0.77,3.74
60.94,29.22,6.73,-1.62,7.63,-1.93,0.72,1.26,9.36,-2.25,3.63,-1.23,-0.70,3.17
60.95,30.35,8.32,-2.91,6.43,-1.89,0.71,0.90,11.75,-2.36,6.42,-1.37,-0.78,2.08
60.96,29.06,6.91,-4.94,5.14,-1.55,0.61,-0.37,11.62,-2.20,8.83,-1.26,-0.74,0.54
60.98,28.80,3.64,-5.49,6.32,-1.29,0.28,-0.88,9.45,-1.70,10.10,-1.05,-0.67,-0.17
60.99,29.41,-0.78,-5.19,9.76,-1.00,-0.23,-1.08,5.74,-1.62,10.61,-0.90,-0.48,-0.58
61.00,29.93,-4.80,-4.97,12.40,-0.88,-0.57,-0.90,2.14,-1.19,9.78,-0.80,-0.29,0.05
61.02,30.16,-6.20,-4.06,12.02,-0.79,-0.75,-0.49,1.64,-0.48,9.12,-0.81,-0.19,0.87
61.03,30.70,-6.07,-2.47,10.61,-0.89,-0.87,-0.00,3.25,0.43,9.13,-0.84,-0.09,1.64
61.04,31.64,-5.39,-2.05,9.75,-1.08,-0.93,0.47,4.57,0.86,9.53,-0.84,-0.04,1.84
61.06,31.96,-5.39,-2.05,9.75,-1.08,-0.93,0.47,5.04,0.90,9.64,-0.79,-0.02,1.75
61.07,33.00,-4.86,-2.26,9.45,-1.23,-0.98,0.99,4.69,0.63,9.39,-0.71,-0.01,1.51
61.08,34.13,-4.41,-3.42,8.49,-1.32,-1.11,1.65,2.92,-0.11,9.17,-0.59,0.02,1.11
61.10,34.18,-4.73,-3.92,7.65,-1.35,-1.21,1.98,1.58,-0.74,9.72,-0.52,0.04,1.10
61.12,33.94,-4.80,-4.22,7.56,-1.43,-1.25,2.22,1.32,-1.12,10.09,-0.44,0.09,1.23
61.13,33.32,-4.41,-4.53,7.99,-1.50,-1.26,2.56,1.13,-0.90,10.25,-0.32,0.14,1.52
61.15,33.12,-3.88,-4.46,8.32,-1.51,-1.25,2.69,1.21,-0.78,10.23,-0.28,0.13,1.60
61.16,32.27,-3.31,-4.30,8.62,-1.50,-1.22,2.75,1.64,-0.37,10.02,-0.23,0.12,1.76
61.18,31.30,-2.77,-4.01,8.82,-1.44,-1.18,2.73,1.88,0.13,9.85,-0.18,0.09,1.81
61.19,29.99,-2.39,-3.33,8.85,-1.34,-1.14,2.63,1.54,0.52,9.85,-0.16,0.01,1.77
61.22,29.14,-2.38,-2.97,8.98,-1.28,-1.06,2.55,1.23,0.59,9.98,-0.13,-0.05,1.77
61.23,28.41,-2.27,-2.85,9.29,-1.22,-0.97,2.51,1.23,0.60,10.01,-0.10,-0.11,1.79
61.24,27.74,-2.18,-2.77,9.70,-1.16,-0.87,2.46,1.82,0.47,9.88,-0.07,-0.14,1.79
61.25,27.37,-1.63,-3.08,9.73,-1.07,-0.78,2.43,2.03,0.60,9.72,-0.04,-0.16,1.79
61.26,27.06,-1.13,-3.03,9.59,-0.98,-0.67,2.35,2.30,0.52,9.76,-0.00,-0.18,1.81
61.28,26.72,-0.87,-3.15,9.53,-0.96,-0.61,2.27,2.64,0.69,9.93,0.13,-0.22,1.88
61.29,26.39,-0.89,-3.35,9.62,-0.94,-0.55,2.15,2.58,1.00,10.15,0.32,-0.22,2.02
61.30,26.04,-1.28,-3.36,9.80,-0.89,-0.52,2.09,2.00,1.59,10.49,0.55,-0.22,2.25
61.31,25.76,-1.80,-3.09,9.97,-0.83,-0.53,2.15,1.46,1.72,10.63,0.79,-0.23,2.68
61.33,25.26,-2.41,-2.71,10.06,-0.77,-0.57,2.40,0.55,1.43,10.61,1.01,-0.25,3.63
61.35,24.47,-2.90,-2.90,9.95,-0.77,-0.62,3.05,0.36,-0.10,10.32,1.33,-0.22,3.99
61.36,23.97,-2.92,-3.39,9.74,-0.81,-0.62,3.46,0.83,-1.41,10.36,1.46,-0.13,4.57
61.38,23.87,-2.88,-3.77,9.50,-0.86,-0.59,3.77,1.46,-2.15,10.43,1.51,-0.02,4.91
61.40,24.29,-2.40,-4.49,9.37,-1.09,-0.44,4.38,2.95,-2.85,10.42,1.56,0.12,4.75
61.43,24.95,-1.41,-4.90,9.92,-1.19,-0.24,4.58,4.09,-2.71,10.07,1.60,0.17,4.63
61.44,25.28,-0.44,-4.89,10.27,-1.14,-0.14,4.52,4.62,-2.58,9.60,1.61,0.26,4.42
61.45,25.44,0.14,-4.76,10.30,-1.07,-0.09,4.40,4.64,-2.65,9.32,1.60,0.34,4.23
61.46,25.19,0.60,-4.50,10.07,-0.99,-0.03,4.17,4.59,-2.75,9.26,1.58,0.39,4.08
61.48,25.00,0.70,-4.23,9.39,-0.89,0.06,3.84,4.21,-2.78,9.43,1.54,0.50,3.79
61.49,24.69,-0.78,-3.65,8.65,-0.91,0.19,3.36,3.41,-2.70,9.39,1.54,0.59,3.55
61.51,24.81,-1.34,-3.46,8.59,-0.91,0.23,3.24,3.44,-2.33,8.86,1.55,0.65,3.46
61.52,25.65,-1.98,-2.94,8.51,-0.88,0.30,3.05,3.67,-1.97,8.02,1.51,0.71,3.32
61.54,26.66,-2.10,-2.48,8.39,-0.83,0.33,2.85,3.87,-1.78,7.79,1.39,0.72,3.03
61.56,27.72,-2.36,-2.06,8.25,-0.79,0.37,2.59,3.75,-1.67,7.92,1.24,0.70,2.72
61.58,29.66,-2.89,-1.62,8.16,-0.66,0.48,1.98,3.57,-1.01,7.81,0.70,0.62,1.90
61.60,30.79,-3.14,-1.28,8.13,-0.61,0.59,1.69,3.35,-0.39,7.85,0.47,0.59,1.27
61.61,32.06,-3.28,-1.14,8.08,-0.58,0.77,1.34,2.47,0.61,8.53,0.20,0.55,0.67
61.63,33.11,-3.98,-1.06,8.23,-0.52,1.03,0.87,0.90,1.48,9.89,0.09,0.46,0.34
61.64,33.85,-5.13,-0.72,8.51,-0.44,1.20,0.58,0.10,1.52,10.55,0.08,0.36,0.18
61.65,34.49,-6.12,-0.47,8.60,-0.37,1.34,0.40,-0.54,1.27,10.44,0.09,0.29,0.21
61.67,35.03,-6.46,-0.61,8.39,-0.34,1.44,0.33,-0.47,1.16,9.98,0.06,0.23,0.32
61.68,38.29,-6.20,-0.63,7.72,-0.37,1.58,0.37,0.38,0.85,9.43,-0.05,0.20,0.19
61.72,42.98,-5.07,-1.76,7.32,-0.26,1.65,0.32,1.89,0.43,9.54,-0.17,0.11,0.06
61.74,44.96,-5.13,-2.33,7.45,-0.23,1.69,0.32,2.07,0.18,9.60,-0.16,0.10,-0.07
61.75,46.53,-5.61,-2.64,7.67,-0.17,1.73,0.33,1.96,-0.10,9.78,-0.15,0.10,-0.13
61.76,49.01,-6.45,-2.61,7.74,-0.18,1.70,0.39,1.29,-0.59,10.02,-0.05,0.11,0.00
61.79,51.94,-7.36,-2.44,6.98,-0.18,1.58,0.71,1.13,-0.37,9.82,-0.01,0.13,0.18
61.81,53.77,-7.70,-2.29,6.79,-0.19,1.53,0.92,1.24,-0.21,9.64,0.00,0.15,0.29
61.82,55.26,-7.85,-2.40,6.76,-0.16,1.51,1.17,1.31,-0.17,9.61,0.01,0.14,0.34
61.83,56.67,-7.88,-2.28,6.64,-0.10,1.51,1.36,1.34,-0.20,9.63,0.01,0.13,0.35
61.85,59.02,-7.33,-1.74,6.34,-0.04,1.61,1.63,1.36,0.01,9.78,0.02,0.06,0.30
61.87,60.04,-7.04,-1.61,6.16,0.02,1.70,1.72,1.49,0.14,9.81,0.04,0.04,0.29
61.88,61.79,-6.78,-1.30,5.88,0.06,1.79,1.73,1.74,0.23,9.88,0.07,0.04,0.29
61.90,64.41,-6.82,-1.19,5.65,0.05,1.92,1.59,2.25,-0.00,10.12,0.15,0.09,0.28
61.91,66.02,-7.21,-1.14,5.81,0.05,1.98,1.50,2.51,0.00,10.12,0.19,0.15,0.24
61.92,67.97,-7.75,-0.76,5.83,0.08,2.03,1.48,2.45,0.05,10.04,0.21,0.19,0.15
61.94,69.90,-8.04,-0.46,5.59,0.09,2.05,1.47,2.22,0.31,9.83,0.21,0.21,0.05
61.95,71.02,-8.11,-0.32,5.51,0.13,2.06,1.46,2.17,0.55,9.82,0.19,0.24,0.00
61.97,73.44,-7.77,0.34,5.36,0.22,2.10,1.42,2.23,0.76,9.85,0.19,0.29,-0.03
61.99,75.71,-7.75,0.79,4.79,0.30,2.16,1.27,2.37,1.06,9.82,0.16,0.39,-0.05
62.01,76.78,-8.12,1.06,4.49,0.34,2.19,1.21,2.47,1.24,9.78,0.14,0.44,-0.12
62.02,79.02,-8.82,1.60,4.37,0.35,2.22,1.20,2.42,1.29,9.93,0.10,0.50,-0.19
62.03,80.05,-9.46,1.94,4.56,0.33,2.17,1.19,2.34,1.41,10.03,0.08,0.52,-0.26
62.04,81.31,-10.24,2.46,4.88,0.31,2.05,1.24,2.30,1.76,10.10,0.05,0.54,-0.35
62.06,82.07,-10.51,2.76,5.34,0.36,1.90,1.30,2.50,2.47,10.05,-0.00,0.58,-0.49
62.07,83.92,-9.80,4.26,5.09,0.51,1.59,1.03,3.60,3.62,9.72,-0.17,0.64,-0.77
62.09,84.91,-9.97,3.93,4.79,0.50,1.35,0.59,4.25,3.41,9.57,-0.24,0.67,-0.93
62.10,86.60,-10.55,2.08,3.68,0.58,0.93,-0.12,3.88,1.81,9.52,-0.26,0.70,-1.08
62.12,87.30,-10.78,1.52,2.61,0.66,0.76,-0.30,2.33,0.77,9.55,-0.23,0.69,-1.11
62.13,87.56,-11.03,1.38,1.02,0.78,0.59,-0.39,-0.65,-0.17,9.47,-0.17,0.59,-1.05
62.15,86.97,-11.08,1.56,-0.02,0.83,0.50,-0.39,-2.84,-0.58,9.47,-0.13,0.42,-0.83
62.16,86.90,-10.54,2.07,-2.30,0.69,0.33,-0.36,-4.10,-1.10,9.49,-0.04,0.22,-0.35
62.18,86.54,-10.29,1.99,-2.47,0.53,0.27,-0.39,-3.67,-1.12,9.44,0.02,0.16,-0.17
62.19,86.80,-10.03,1.57,-2.19,0.36,0.21,-0.41,-2.83,-1.07,9.47,0.05,0.12,0.01
62.20,87.32,-9.99,1.47,-1.53,0.24,0.21,-0.31,-1.74,-0.83,9.64,0.04,0.10,0.06
62.22,87.99,-10.00,1.75,-0.76,0.10,0.24,-0.20,-1.25,-0.57,9.81,-0.01,0.11,-0.03
62.23,88.09,-10.34,1.75,-0.30,0.01,0.26,-0.16,-1.10,-0.38,10.00,-0.07,0.14,-0.28
62.25,88.16,-10.52,1.27,0.89,-0.13,0.20,-0.12,-0.84,0.07,10.07,-0.20,0.16,-0.35
62.27,88.03,-10.26,1.18,1.28,-0.11,0.16,-0.10,-0.63,0.11,10.09,-0.21,0.16,-0.33
62.28,87.88,-10.19,1.20,1.50,-0.09,0.13,-0.10,-0.39,0.11,10.07,-0.19,0.15,-0.28
62.30,87.71,-10.13,1.20,1.65,-0.09,0.12,-0.09,0.06,0.20,10.02,-0.15,0.14,-0.20
62.31,87.59,-10.11,1.04,1.87,-0.09,0.10,-0.08,0.44,0.33,9.98,-0.10,0.13,-0.16
62.32,87.62,-10.09,0.92,1.91,-0.07,0.10,-0.07,0.67,0.37,9.97,-0.07,0.11,-0.11
62.33,87.61,-10.10,0.81,1.93,-0.04,0.09,-0.04,0.81,0.39,9.97,-0.05,0.08,-0.06
62.34,87.70,-10.11,0.79,1.98,0.01,0.09,0.00,0.92,0.42,9.95,-0.03,0.06,-0.05
62.36,87.84,-10.12,0.83,2.02,0.04,0.08,0.03,0.94,0.42,9.90,-0.03,0.03,-0.07
62.37,87.93,-10.05,0.99,2.04,0.10,0.08,0.05,0.78,0.42,9.83,-0.05,0.01,-0.10
62.38,87.85,-9.99,1.12,1.96,0.14,0.08,0.06,0.62,0.45,9.81,-0.07,0.00,-0.13
62.40,87.87,-9.92,1.26,1.82,0.18,0.08,0.06,0.39,0.48,9.79,-0.10,0.00,-0.18
62.41,87.82,-9.84,1.37,1.66,0.21,0.08,0.05,0.20,0.48,9.76,-0.12,0.01,-0.19
62.42,87.76,-9.80,1.42,1.55,0.22,0.08,0.05,0.05,0.45,9.77,-0.13,0.02,-0.20
62.43,87.66,-9.77,1.48,1.38,0.23,0.07,0.03,-0.01,0.34,9.79,-0.13,0.03,-0.20
62.45,87.59,-9.82,1.46,1.29,0.23,0.06,0.02,-0.04,0.21,9.86,-0.12,0.05,-0.19
62.46,87.51,-9.86,1.42,1.22,0.21,0.06,-0.00,-0.10,0.08,9.92,-0.11,0.06,-0.19
62.47,87.43,-9.95,1.39,1.12,0.21,0.06,-0.03,-0.20,-0.03,9.98,-0.11,0.06,-0.19
62.48,87.36,-10.11,1.34,0.99,0.20,0.06,-0.02,-0.39,-0.14,10.07,-0.10,0.04,-0.17
62.51,87.23,-10.22,1.32,0.79,0.20,0.05,-0.02,-0.66,-0.16,10.12,-0.09,0.03,-0.16
62.52,86.90,-10.36,1.35,0.67,0.22,0.01,-0.04,-1.03,-0.08,10.13,-0.06,-0.01,-0.15
62.55,86.66,-10.35,1.29,0.71,0.24,-0.03,-0.02,-1.10,-0.02,10.13,-0.04,-0.02,-0.12
62.56,86.51,-10.33,1.22,0.75,0.27,-0.06,0.01,-1.10,0.02,10.13,-0.02,-0.03,-0.08
62.57,86.24,-10.30,1.22,0.76,0.30,-0.08,0.06,-0.95,0.07,10.10,0.01,-0.03,-0.04
62.58,86.12,-10.30,1.24,0.79,0.32,-0.10,0.09,-0.76,0.08,10.08,0.02,-0.03,-0.00
62.60,86.01,-10.33,1.32,0.93,0.38,-0.12,0.18,-0.30,0.05,10.06,0.06,-0.02,0.04
62.61,86.02,-10.35,1.35,1.03,0.40,-0.14,0.21,0.12,0.04,10.11,0.08,-0.03,0.05
62.63,86.08,-10.30,1.35,1.14,0.41,-0.15,0.23,0.46,0.07,10.12,0.10,-0.04,0.03
62.64,86.28,-10.04,1.39,1.33,0.40,-0.16,0.23,0.64,0.16,10.00,0.09,-0.09,-0.05
62.66,86.44,-9.80,1.49,1.45,0.39,-0.16,0.22,0.65,0.14,9.88,0.07,-0.11,-0.07
62.68,86.50,-9.40,1.98,1.69,0.34,-0.14,0.16,0.56,0.52,9.60,0.05,-0.14,-0.06
62.70,86.47,-9.26,2.11,1.68,0.32,-0.12,0.11,0.53,0.62,9.66,0.01,-0.15,-0.11
62.71,86.42,-9.26,2.17,1.54,0.31,-0.11,0.03,0.54,0.65,9.74,0.01,-0.18,-0.18
62.73,86.59,-9.34,2.15,1.39,0.31,-0.10,-0.06,0.53,0.79,9.76,0.01,-0.21,-0.22
62.74,86.94,-9.62,1.83,1.21,0.33,-0.11,-0.12,0.40,0.66,9.47,0.01,-0.33,-0.25
62.77,87.31,-9.58,1.74,1.19,0.37,-0.15,-0.05,0.38,0.54,9.13,-0.02,-0.46,-0.25
62.78,87.56,-9.33,1.81,1.25,0.42,-0.18,0.03,0.36,0.46,9.01,-0.08,-0.55,-0.26
62.79,87.77,-9.16,2.01,1.27,0.45,-0.19,0.10,0.32,0.35,9.04,-0.14,-0.64,-0.29
62.81,88.22,-9.07,2.34,1.23,0.44,-0.19,0.17,0.15,0.31,9.16,-0.22,-0.73,-0.30
62.83,88.35,-9.18,2.41,1.26,0.41,-0.19,0.20,0.14,0.29,9.30,-0.25,-0.75,-0.24
62.84,88.60,-9.35,2.48,1.34,0.34,-0.18,0.19,0.19,0.17,9.63,-0.27,-0.72,-0.16
62.86,88.93,-9.54,2.59,1.46,0.24,-0.15,0.13,0.42,-0.03,10.08,-0.28,-0.63,-0.13
62.88,89.06,-9.78,2.50,1.51,0.14,-0.12,0.06,0.58,-0.19,10.37,-0.26,-0.48,-0.13
62.89,89.11,-10.10,2.24,1.66,0.02,-0.07,0.00,0.55,-0.28,10.61,-0.22,-0.31,-0.15
62.91,89.01,-10.21,2.02,1.81,-0.04,-0.04,-0.02,0.52,-0.18,10.59,-0.18,-0.14,-0.16
62.92,88.85,-10.20,1.89,1.97,-0.06,-0.01,-0.03,0.71,-0.00,10.40,-0.13,-0.05,-0.15
62.93,88.63,-9.97,1.83,1.97,-0.06,0.00,-0.06,1.23,-0.02,9.99,-0.03,0.05,-0.07
62.95,88.66,-9.81,1.89,1.81,-0.07,0.00,-0.10,1.67,-0.18,9.65,-0.01,0.04,-0.00
62.96,89.01,-9.65,2.00,1.65,-0.10,-0.01,-0.16,1.97,-0.38,9.50,-0.03,0.01,0.00
62.97,89.30,-9.60,1.97,1.63,-0.16,-0.00,-0.21,1.75,-0.47,9.74,-0.08,-0.02,-0.05
62.99,89.42,-9.72,1.53,1.72,-0.24,0.03,-0.24,1.29,-0.44,9.97,-0.06,-0.04,-0.07
63.01,89.42,-9.78,1.36,1.72,-0.23,0.05,-0.24,1.10,-0.37,10.01,-0.04,-0.04,-0.01
63.03,89.36,-9.93,1.32,1.58,-0.19,0.06,-0.22,0.86,-0.35,9.91,-0.01,-0.03,-0.00
63.04,89.29,-9.96,1.36,1.44,-0.17,0.06,-0.21,0.67,-0.35,9.85,-0.01,-0.01,-0.02
63.05,89.20,-10.03,1.44,1.22,-0.15,0.05,-0.19,0.48,-0.34,9.80,-0.03,-0.01,-0.02
63.06,89.13,-10.05,1.53,1.02,-0.14,0.02,-0.15,0.34,-0.32,9.79,-0.04,-0.02,-0.01
63.08,89.12,-10.02,1.58,0.89,-0.15,0.00,-0.09,0.28,-0.28,9.82,-0.04,-0.04,0.08
63.10,89.13,-9.85,1.75,0.92,-0.15,-0.03,-0.01,0.53,0.02,9.79,-0.03,-0.07,0.13
63.12,89.20,-9.78,1.91,1.14,-0.13,-0.04,-0.01,1.00,0.33,9.67,-0.05,-0.08,0.09
63.13,89.29,-9.72,2.02,1.38,-0.10,-0.04,-0.05,1.24,0.49,9.62,-0.06,-0.09,0.04
63.14,89.56,-9.62,2.23,1.94,-0.01,-0.05,-0.17,1.73,0.81,9.65,-0.13,-0.08,-0.14
63.17,89.57,-9.61,2.22,2.22,0.05,-0.04,-0.26,1.83,0.79,9.74,-0.16,-0.07,-0.23
63.19,89.49,-9.66,2.08,2.27,0.07,-0.04,-0.30,1.86,0.71,9.74,-0.17,-0.06,-0.25
63.20,89.48,-9.68,1.91,2.25,0.10,-0.03,-0.33,1.88,0.55,9.72,-0.18,-0.06,-0.27
63.21,89.57,-9.74,1.59,2.16,0.12,-0.01,-0.35,1.91,0.30,9.70,-0.18,-0.05,-0.27
63.23,89.64,-9.80,1.25,2.00,0.14,0.00,-0.35,1.87,-0.17,9.71,-0.16,-0.04,-0.24
63.24,89.76,-9.83,1.07,1.88,0.14,0.02,-0.35,1.78,-0.44,9.70,-0.15,-0.04,-0.21
63.26,89.85,-9.91,0.97,1.78,0.14,0.02,-0.34,1.64,-0.69,9.73,-0.14,-0.04,-0.20
63.27,89.99,-10.02,0.75,1.53,0.12,0.03,-0.33,1.37,-1.03,9.79,-0.14,-0.03,-0.19
63.29,90.06,-10.15,0.61,1.41,0.10,0.03,-0.31,1.24,-1.13,9.83,-0.13,-0.03,-0.17
63.30,90.16,-10.27,0.39,1.20,0.06,0.03,-0.25,1.00,-1.31,9.91,-0.10,-0.02,-0.13
63.32,90.19,-10.34,0.32,1.10,0.04,0.03,-0.19,0.91,-1.37,9.96,-0.08,-0.01,-0.10
63.33,90.18,-10.38,0.31,1.02,0.01,0.02,-0.13,0.87,-1.37,9.99,-0.06,-0.00,-0.08
63.34,90.25,-10.41,0.35,0.97,-0.01,0.01,-0.06,0.84,-1.29,10.00,-0.03,0.01,-0.05
63.35,90.26,-10.41,0.43,0.99,-0.02,-0.00,0.02,0.80,-1.17,10.01,-0.01,0.01,0.00
63.38,90.17,-10.29,0.68,1.10,-0.05,-0.02,0.14,0.82,-0.87,10.00,0.02,0.01,0.05
63.40,90.02,-10.18,0.98,1.19,-0.07,-0.06,0.23,0.90,-0.54,9.95,0.08,0.01,0.09
63.42,89.79,-10.04,1.24,1.35,-0.08,-0.08,0.31,1.00,-0.30,9.86,0.11,0.00,0.14
63.45,89.69,-9.96,1.35,1.40,-0.07,-0.08,0.33,1.02,-0.20,9.81,0.11,0.00,0.14
63.46,89.58,-9.86,1.47,1.43,-0.05,-0.08,0.34,1.07,-0.05,9.74,0.10,-0.00,0.13
63.48,89.43,-9.74,1.71,1.50,-0.03,-0.08,0.32,1.12,0.09,9.71,0.08,-0.00,0.10
63.50,89.20,-9.70,1.85,1.55,-0.04,-0.07,0.26,1.18,-0.05,9.81,0.08,0.01,0.12
63.53,89.08,-9.66,1.82,1.59,-0.06,-0.06,0.24,1.17,-0.14,9.85,0.08,0.01,0.13
63.54,88.92,-9.57,1.82,1.55,-0.09,-0.04,0.20,1.17,-0.28,9.86,0.08,0.00,0.13
63.57,88.85,-9.59,1.84,1.49,-0.12,-0.02,0.17,1.11,-0.32,9.83,0.08,-0.00,0.12
63.58,88.73,-9.64,1.89,1.43,-0.18,0.01,0.11,0.95,-0.17,9.78,0.06,0.01,0.09
63.61,88.65,-9.70,1.87,1.45,-0.20,0.02,0.08,0.95,-0.21,9.84,0.04,0.03,0.09
63.63,88.58,-9.76,1.83,1.49,-0.22,0.03,0.07,0.97,-0.24,9.90,0.03,0.05,0.10
63.64,88.53,-9.79,1.77,1.53,-0.23,0.04,0.06,0.99,-0.15,9.90,0.03,0.05,0.10
63.65,88.45,-9.78,1.72,1.55,-0.24,0.04,0.07,0.92,-0.12,9.89,0.01,0.05,0.08
63.67,88.36,-9.76,1.72,1.54,-0.23,0.04,0.06,0.94,-0.16,9.96,0.00,0.03,0.06
63.68,88.33,-9.80,1.74,1.53,-0.20,0.05,0.06,1.09,0.12,9.94,0.01,0.01,0.03
63.69,88.35,-9.87,1.77,1.54,-0.18,0.05,0.06,1.13,0.17,9.95,0.02,0.00,0.03
63.70,88.36,-9.91,1.77,1.56,-0.16,0.05,0.06,1.11,0.22,9.94,0.04,0.00,0.03
63.72,88.36,-9.89,1.77,1.55,-0.14,0.04,0.07,1.08,0.26,9.91,0.07,0.00,0.03
63.73,88.35,-9.86,1.76,1.53,-0.12,0.03,0.08,1.08,0.27,9.89,0.12,0.01,0.03
63.74,88.35,-9.82,1.76,1.50,-0.10,0.02,0.09,1.11,0.29,9.88,0.15,0.01,0.03
63.75,88.35,-9.80,1.79,1.49,-0.08,0.02,0.08,1.17,0.30,9.87,0.20,0.02,0.02
63.76,88.40,-9.77,1.89,1.47,-0.04,0.01,0.07,1.23,0.33,9.78,0.26,0.01,-0.01
63.78,88.45,-9.72,2.02,1.46,-0.01,-0.00,0.04,1.26,0.36,9.68,0.27,-0.00,-0.03
63.79,88.55,-9.67,2.11,1.45,0.02,-0.01,0.01,1.37,0.33,9.51,0.27,-0.02,-0.05
63.81,88.70,-9.61,2.17,1.46,0.04,-0.02,-0.03,1.47,0.24,9.31,0.23,-0.03,-0.06
63.83,88.90,-9.56,2.16,1.49,0.05,-0.04,-0.08,1.48,0.05,9.15,0.14,-0.04,-0.07
63.84,88.97,-9.52,2.09,1.47,0.05,-0.05,-0.13,1.43,-0.11,9.13,0.07,-0.04,-0.06
63.85,89.02,-9.53,1.92,1.41,0.02,-0.06,-0.18,1.29,-0.29,9.23,-0.01,-0.04,-0.06
63.86,89.05,-9.60,1.77,1.36,-0.00,-0.06,-0.21,1.18,-0.39,9.48,-0.08,-0.02,-0.08
63.87,89.02,-9.78,1.49,1.36,-0.04,-0.05,-0.23,1.06,-0.44,9.86,-0.12,0.00,-0.09
63.89,88.91,-10.15,1.23,1.42,-0.06,-0.04,-0.20,0.97,-0.38,10.17,-0.11,0.02,-0.10
63.90,88.74,-10.22,1.19,1.42,-0.04,-0.03,-0.10,0.95,-0.24,10.15,-0.06,0.00,-0.03
63.93,88.66,-10.07,1.31,1.38,-0.03,-0.04,-0.02,0.97,-0.14,9.98,-0.01,-0.01,0.01
63.95,88.61,-9.97,1.42,1.37,-0.03,-0.04,0.02,1.00,-0.09,9.87,0.02,-0.01,0.04
63.96,88.59,-9.91,1.52,1.39,-0.03,-0.05,0.05,1.02,-0.07,9.83,0.03,-0.01,0.07
63.98,88.53,-9.85,1.61,1.44,-0.05,-0.05,0.08,1.06,-0.03,9.81,0.04,-0.00,0.08
63.99,88.46,-9.82,1.67,1.50,-0.05,-0.05,0.08,1.13,0.01,9.82,0.03,-0.00,0.07
64.01,88.44,-9.81,1.71,1.51,-0.05,-0.04,0.07,1.16,0.03,9.82,0.02,-0.00,0.06
64.02,88.39,-9.79,1.77,1.50,-0.05,-0.04,0.06,1.15,0.08,9.80,0.01,0.00,0.03
64.04,88.34,-9.74,1.84,1.50,-0.05,-0.03,0.04,1.11,0.14,9.80,0.01,0.00,0.02
64.07,88.27,-9.71,1.88,1.55,-0.05,-0.03,0.02,1.11,0.22,9.80,0.00,-0.00,0.02
64.08,88.19,-9.73,1.89,1.55,-0.04,-0.02,-0.01,1.17,0.26,9.80,-0.00,-0.00,-0.00
64.11,88.16,-9.75,1.86,1.55,-0.03,-0.02,-0.05,1.19,0.22,9.79,-0.01,-0.00,-0.03
64.14,88.17,-9.77,1.79,1.53,-0.03,-0.01,-0.07,1.18,0.12,9.78,-0.02,-0.00,-0.05
64.16,88.17,-9.77,1.71,1.52,-0.03,-0.01,-0.08,1.15,0.05,9.79,-0.02,-0.01,-0.05
64.17,88.17,-9.80,1.67,1.51,-0.03,-0.01,-0.08,1.14,0.01,9.79,-0.02,-0.01,-0.05
64.18,88.17,-9.84,1.59,1.49,-0.03,-0.01,-0.08,1.11,-0.03,9.82,-0.02,-0.01,-0.05
64.21,88.17,-9.87,1.57,1.47,-0.03,-0.01,-0.07,1.11,-0.04,9.82,-0.02,-0.00,-0.05
64.22,88.18,-9.87,1.57,1.46,-0.02,-0.01,-0.07,1.09,-0.05,9.82,-0.02,-0.00,-0.05
64.24,88.18,-9.88,1.56,1.45,-0.03,-0.01,-0.06,1.08,-0.04,9.82,-0.02,-0.00,-0.04
64.26,88.19,-9.88,1.56,1.45,-0.03,-0.01,-0.05,1.08,-0.04,9.82,-0.02,-0.00,-0.03
64.27,88.19,-9.88,1.55,1.44,-0.03,-0.01,-0.04,1.09,-0.04,9.80,-0.01,-0.00,-0.02
64.30,88.20,-9.88,1.57,1.45,-0.03,-0.02,-0.03,1.11,-0.02,9.80,-0.01,-0.00,-0.02
64.31,88.20,-9.87,1.58,1.45,-0.03,-0.02,-0.02,1.12,-0.00,9.80,-0.01,-0.00,-0.02
64.32,88.21,-9.86,1.58,1.46,-0.02,-0.02,-0.02,1.11,0.01,9.80,-0.01,-0.00,-0.02
64.34,88.20,-9.85,1.58,1.46,-0.02,-0.02,-0.01,1.10,0.00,9.81,-0.00,-0.00,-0.01
64.37,88.18,-9.83,1.59,1.47,-0.02,-0.03,-0.01,1.11,0.00,9.80,-0.00,-0.00,-0.01
64.38,88.17,-9.84,1.60,1.49,-0.02,-0.03,-0.01,1.10,0.01,9.80,-0.00,-0.00,-0.01
64.39,88.15,-9.84,1.60,1.49,-0.02,-0.03,-0.01,1.12,0.00,9.80,-0.00,-0.00,-0.01
64.40,88.14,-9.84,1.59,1.49,-0.02,-0.03,-0.01,1.13,-0.00,9.80,-0.00,-0.00,-0.01
64.42,88.12,-9.85,1.60,1.50,-0.03,-0.03,-0.01,1.13,-0.01,9.81,-0.00,-0.00,-0.01
64.43,88.12,-9.83,1.59,1.48,-0.03,-0.02,-0.01,1.13,-0.02,9.80,-0.00,-0.00,-0.01
64.45,88.11,-9.84,1.60,1.49,-0.03,-0.02,-0.01,1.12,-0.01,9.80,-0.00,-0.00,-0.01
64.46,88.11,-9.84,1.61,1.48,-0.03,-0.02,-0.01,1.13,-0.01,9.80,-0.00,-0.00,-0.01
64.47,88.11,-9.83,1.61,1.49,-0.03,-0.02,-0.01,1.13,0.01,9.80,-0.00,-0.00,-0.01
64.48,88.11,-9.83,1.61,1.49,-0.03,-0.02,-0.01,1.14,0.02,9.81,-0.00,-0.00,-0.01
64.50,88.11,-9.83,1.62,1.48,-0.03,-0.02,-0.01,1.15,0.03,9.82,-0.00,-0.00,-0.01
64.52,88.11,-9.84,1.62,1.48,-0.03,-0.02,-0.02,1.13,0.03,9.80,-0.00,-0.00,-0.01
64.53,88.11,-9.83,1.62,1.49,-0.03,-0.02,-0.02,1.12,0.03,9.80,-0.01,-0.00,-0.01
64