=~=~=~=~=~=~=~=~=~=~=~= PuTTY log 2024.07.01 13:21:40 =~=~=~=~=~=~=~=~=~=~=~=
91.77,89.74,-9.94,1.09,1.24,-0.04,-0.02,-0.00,1.17,-0.19,9.79,0.00,-0.00,0.00
91.78,89.73,-9.94,1.09,1.25,-0.04,-0.02,0.00,1.18,-0.19,9.79,0.00,-0.00,0.01
91.79,89.73,-9.93,1.09,1.24,-0.04,-0.02,0.00,1.18,-0.19,9.79,0.00,-0.00,0.01
91.80,89.73,-9.92,1.10,1.25,-0.04,-0.02,0.01,1.17,-0.18,9.79,0.00,0.00,0.01
91.81,89.73,-9.94,1.11,1.25,-0.05,-0.02,0.01,1.17,-0.17,9.78,0.00,0.00,0.01
91.82,89.73,-9.93,1.12,1.25,-0.05,-0.02,0.01,1.17,-0.15,9.79,0.00,0.00,0.02
91.84,89.73,-9.93,1.12,1.26,-0.05,-0.02,0.01,1.19,-0.14,9.79,0.00,-0.00,0.02
91.86,89.73,-9.93,1.14,1.27,-0.05,-0.02,0.01,1.21,-0.12,9.77,0.00,-0.00,0.01
91.87,89.73,-9.94,1.14,1.27,-0.05,-0.02,0.00,1.22,-0.10,9.77,0.00,-0.00,0.01
91.89,89.74,-9.93,1.14,1.28,-0.04,-0.02,0.00,1.22,-0.11,9.77,-0.00,-0.00,0.01
91.90,89.74,-9.94,1.14,1.29,-0.04,-0.02,-0.00,1.23,-0.10,9.79,-0.00,-0.00,0.00
91.91,89.74,-9.93,1.14,1.29,-0.04,-0.02,-0.01,1.23,-0.10,9.80,-0.00,-0.00,-0.00
91.92,89.74,-9.94,1.14,1.29,-0.04,-0.02,-0.01,1.22,-0.12,9.80,-0.00,-0.00,-0.00
91.93,89.74,-9.93,1.13,1.29,-0.03,-0.02,-0.01,1.23,-0.13,9.80,-0.00,-0.00,-0.01
91.94,89.74,-9.93,1.12,1.30,-0.03,-0.02,-0.01,1.22,-0.14,9.79,-0.00,-0.00,-0.01
91.95,89.74,-9.94,1.11,1.28,-0.03,-0.02,-0.01,1.20,-0.15,9.80,-0.00,-0.00,-0.01
91.97,89.73,-9.93,1.10,1.27,-0.03,-0.02,-0.01,1.18,-0.17,9.80,-0.00,-0.00,-0.01
91.99,89.73,-9.93,1.11,1.26,-0.03,-0.02,-0.01,1.18,-0.18,9.80,-0.00,-0.00,-0.01
92.00,89.73,-9.95,1.11,1.25,-0.04,-0.02,-0.01,1.18,-0.18,9.80,-0.00,-0.00,-0.00
92.02,89.72,-9.94,1.10,1.26,-0.04,-0.02,-0.01,1.18,-0.18,9.79,-0.00,-0.00,-0.00
92.03,89.72,-9.93,1.11,1.26,-0.04,-0.02,-0.01,1.18,-0.17,9.79,-0.00,-0.00,-0.00
92.04,89.72,-9.94,1.11,1.27,-0.04,-0.02,-0.01,1.19,-0.16,9.79,-0.00,-0.00,-0.00
92.05,89.71,-9.94,1.12,1.27,-0.04,-0.02,-0.01,1.19,-0.15,9.80,-0.00,-0.00,-0.00
92.07,89.72,-9.93,1.12,1.27,-0.04,-0.02,-0.01,1.20,-0.15,9.79,-0.00,-0.00,0.00
92.09,89.72,-9.93,1.14,1.28,-0.04,-0.02,-0.01,1.20,-0.14,9.79,-0.00,-0.00,0.00
92.11,89.72,-9.91,1.13,1.26,-0.04,-0.02,-0.01,1.18,-0.15,9.78,-0.00,-0.00,-0.00
92.13,89.72,-9.92,1.13,1.24,-0.04,-0.01,-0.01,1.17,-0.15,9.79,-0.01,-0.00,-0.00
92.15,89.72,-9.93,1.14,1.23,-0.04,-0.02,-0.00,1.16,-0.15,9.79,-0.00,0.00,0.00
92.16,89.72,-9.94,1.13,1.22,-0.04,-0.02,-0.01,1.16,-0.16,9.79,-0.00,0.00,0.00
92.17,89.72,-9.93,1.12,1.22,-0.04,-0.02,-0.00,1.16,-0.17,9.80,-0.00,0.00,0.01
92.19,89.73,-9.94,1.14,1.21,-0.05,-0.02,-0.00,1.17,-0.16,9.80,-0.00,-0.00,0.01
92.21,89.74,-9.94,1.14,1.24,-0.05,-0.02,-0.00,1.19,-0.14,9.78,-0.00,-0.00,0.01
92.22,89.75,-9.94,1.13,1.25,-0.05,-0.02,-0.01,1.22,-0.14,9.79,-0.00,-0.00,0.00
92.24,89.75,-9.92,1.11,1.26,-0.05,-0.02,-0.01,1.22,-0.13,9.78,-0.00,-0.00,0.00
92.25,89.76,-9.93,1.09,1.27,-0.05,-0.02,-0.01,1.22,-0.15,9.80,-0.00,-0.00,0.00
92.28,89.76,-9.93,1.06,1.27,-0.04,-0.02,-0.01,1.21,-0.17,9.80,0.00,-0.00,0.00
92.29,89.77,-9.96,1.06,1.27,-0.04,-0.02,-0.01,1.20,-0.18,9.80,0.00,-0.00,0.00
92.30,89.77,-9.95,1.05,1.25,-0.04,-0.02,-0.00,1.17,-0.20,9.81,0.00,-0.00,0.00
92.31,89.76,-9.97,1.06,1.22,-0.04,-0.02,0.01,1.13,-0.22,9.81,0.00,-0.00,0.01
92.33,89.75,-9.97,1.05,1.21,-0.04,-0.02,0.02,1.13,-0.23,9.81,0.01,-0.00,0.01
92.34,89.74,-9.96,1.07,1.21,-0.04,-0.02,0.02,1.14,-0.23,9.81,0.01,0.00,0.02
92.36,89.74,-9.96,1.07,1.22,-0.04,-0.02,0.03,1.15,-0.22,9.81,0.01,0.00,0.03
92.37,89.74,-9.98,1.09,1.25,-0.05,-0.02,0.04,1.20,-0.19,9.80,0.01,0.00,0.03
92.39,89.75,-9.93,1.15,1.30,-0.05,-0.03,0.03,1.25,-0.13,9.77,0.01,-0.00,0.02
92.41,89.76,-9.91,1.18,1.32,-0.04,-0.03,0.02,1.27,-0.07,9.77,0.01,-0.00,0.01
92.43,89.76,-9.88,1.20,1.32,-0.04,-0.02,0.01,1.27,-0.05,9.76,0.00,-0.00,0.01
92.44,89.77,-9.88,1.21,1.33,-0.04,-0.02,0.01,1.25,-0.03,9.76,0.00,-0.00,0.00
92.45,89.76,-9.90,1.22,1.31,-0.03,-0.02,-0.00,1.25,-0.04,9.77,-0.00,-0.00,-0.00
92.46,89.76,-9.92,1.21,1.30,-0.03,-0.02,-0.02,1.22,-0.08,9.78,-0.00,-0.01,-0.02
92.49,89.76,-9.90,1.19,1.28,-0.02,-0.02,-0.03,1.20,-0.12,9.78,-0.01,-0.01,-0.03
92.50,89.76,-9.93,1.14,1.24,-0.02,-0.02,-0.04,1.16,-0.17,9.78,-0.01,-0.01,-0.03
92.54,89.75,-9.95,1.10,1.22,-0.03,-0.02,-0.02,1.13,-0.23,9.82,-0.01,-0.00,-0.02
92.56,89.75,-9.97,1.09,1.22,-0.03,-0.02,-0.02,1.15,-0.24,9.82,-0.00,-0.00,-0.01
92.57,89.75,-9.95,1.09,1.21,-0.04,-0.02,-0.01,1.14,-0.25,9.82,-0.00,-0.00,-0.00
92.58,89.74,-9.94,1.10,1.22,-0.04,-0.02,-0.00,1.15,-0.23,9.80,-0.00,-0.00,0.01
92.60,89.74,-9.91,1.12,1.25,-0.05,-0.02,0.00,1.16,-0.20,9.80,-0.00,-0.00,0.01
92.62,89.74,-9.91,1.15,1.26,-0.05,-0.01,0.00,1.19,-0.16,9.80,-0.00,0.00,0.01
92.63,89.73,-9.91,1.17,1.26,-0.06,-0.01,-0.00,1.20,-0.12,9.79,-0.00,0.00,0.01
92.65,89.74,-9.91,1.19,1.27,-0.06,-0.01,-0.01,1.21,-0.08,9.78,-0.00,0.00,0.01
92.67,89.75,-9.92,1.18,1.28,-0.05,-0.01,-0.02,1.23,-0.07,9.79,-0.00,0.00,0.00
92.68,89.76,-9.92,1.18,1.29,-0.05,-0.01,-0.03,1.23,-0.07,9.78,-0.01,-0.00,-0.00
92.70,89.77,-9.92,1.15,1.28,-0.05,-0.01,-0.03,1.23,-0.09,9.78,-0.01,-0.00,-0.01
92.71,89.79,-9.95,1.09,1.26,-0.05,-0.01,-0.04,1.20,-0.14,9.79,-0.01,-0.00,-0.01
92.74,89.80,-9.96,1.05,1.26,-0.04,-0.01,-0.03,1.21,-0.17,9.79,-0.01,-0.00,-0.01
92.75,89.80,-9.97,1.03,1.26,-0.04,-0.01,-0.03,1.20,-0.19,9.80,-0.01,-0.00,-0.01
92.76,89.81,-9.99,0.99,1.26,-0.04,-0.02,-0.02,1.20,-0.23,9.81,-0.01,-0.00,-0.01
92.78,89.81,-10.01,0.98,1.25,-0.04,-0.02,-0.01,1.19,-0.24,9.81,-0.00,-0.00,-0.01
92.79,89.81,-9.99,0.97,1.25,-0.03,-0.02,-0.00,1.19,-0.26,9.81,-0.00,-0.00,-0.00
92.81,89.82,-9.98,0.99,1.24,-0.03,-0.02,0.02,1.19,-0.25,9.81,0.00,-0.00,0.01
92.83,89.82,-9.97,1.02,1.25,-0.03,-0.02,0.02,1.18,-0.24,9.81,0.01,-0.00,0.01
92.85,89.80,-9.96,1.07,1.27,-0.03,-0.03,0.03,1.18,-0.21,9.80,0.01,-0.00,0.02
92.86,89.80,-9.95,1.10,1.26,-0.04,-0.03,0.04,1.19,-0.19,9.79,0.01,-0.00,0.02
92.87,89.78,-9.93,1.14,1.28,-0.04,-0.03,0.04,1.19,-0.15,9.80,0.01,-0.00,0.02
92.89,89.77,-9.93,1.16,1.27,-0.04,-0.02,0.03,1.19,-0.12,9.81,0.01,-0.00,0.02
92.91,89.75,-9.91,1.19,1.27,-0.04,-0.02,0.02,1.19,-0.10,9.80,0.01,-0.00,0.02
92.93,89.75,-9.91,1.20,1.27,-0.04,-0.02,0.02,1.20,-0.08,9.79,0.00,-0.00,0.01
92.94,89.74,-9.92,1.22,1.26,-0.04,-0.02,0.00,1.19,-0.08,9.80,0.00,-0.00,0.01
92.96,89.74,-9.90,1.21,1.26,-0.04,-0.02,-0.00,1.20,-0.09,9.80,-0.00,-0.00,0.00
92.97,89.74,-9.92,1.20,1.27,-0.04,-0.02,-0.01,1.20,-0.09,9.79,-0.00,-0.00,0.00
92.98,89.74,-9.91,1.19,1.27,-0.04,-0.02,-0.01,1.20,-0.10,9.81,-0.00,-0.00,-0.00
93.00,89.74,-9.92,1.17,1.25,-0.04,-0.02,-0.02,1.20,-0.13,9.80,-0.00,-0.00,-0.01
93.02,89.74,-9.93,1.14,1.25,-0.04,-0.02,-0.02,1.18,-0.14,9.80,-0.00,-0.00,-0.01
93.03,89.75,-9.96,1.13,1.26,-0.04,-0.02,-0.02,1.19,-0.16,9.80,-0.00,-0.00,-0.01
93.04,89.74,-9.94,1.11,1.26,-0.04,-0.02,-0.02,1.19,-0.17,9.80,-0.00,-0.00,-0.01
93.05,89.74,-9.94,1.09,1.25,-0.04,-0.02,-0.02,1.19,-0.20,9.80,-0.00,-0.00,-0.00
93.08,89.75,-9.95,1.08,1.26,-0.04,-0.02,-0.02,1.20,-0.19,9.79,-0.00,-0.00,-0.00
93.09,89.75,-9.95,1.08,1.27,-0.04,-0.02,-0.01,1.21,-0.18,9.80,-0.00,-0.00,-0.00
93.11,89.76,-9.94,1.08,1.26,-0.04,-0.02,-0.01,1.20,-0.18,9.80,-0.00,-0.00,0.00
93.12,89.76,-9.94,1.08,1.26,-0.04,-0.02,-0.00,1.20,-0.17,9.80,-0.00,-0.00,0.00
93.14,89.76,-9.94,1.09,1.26,-0.04,-0.02,-0.00,1.18,-0.17,9.80,0.00,-0.00,0.00
93.15,89.77,-9.96,1.10,1.26,-0.04,-0.02,-0.00,1.19,-0.15,9.79,0.00,-0.00,0.00
93.17,89.77,-9.95,1.12,1.26,-0.04,-0.02,-0.00,1.20,-0.15,9.79,0.00,-0.00,0.00
93.19,89.77,-9.95,1.12,1.27,-0.04,-0.02,-0.00,1.22,-0.15,9.78,0.00,-0.00,0.00
93.22,89.78,-9.94,1.12,1.27,-0.04,-0.02,-0.00,1.20,-0.16,9.78,0.00,-0.00,0.00
93.24,89.78,-9.94,1.12,1.26,-0.04,-0.02,-0.00,1.20,-0.16,9.79,0.00,-0.00,0.00
93.26,89.78,-9.94,1.12,1.26,-0.04,-0.02,0.00,1.19,-0.17,9.78,0.00,-0.00,0.00
93.27,89.78,-9.93,1.11,1.26,-0.04,-0.02,0.00,1.19,-0.16,9.77,0.00,-0.00,0.00
93.28,89.77,-9.92,1.11,1.27,-0.04,-0.02,0.00,1.19,-0.16,9.78,0.00,-0.00,0.00
93.30,89.77,-9.93,1.12,1.28,-0.04,-0.02,0.00,1.20,-0.15,9.79,0.00,-0.00,0.00
93.31,89.77,-9.92,1.12,1.27,-0.04,-0.02,0.00,1.20,-0.15,9.80,0.00,-0.00,0.00
93.32,89.76,-9.94,1.12,1.27,-0.04,-0.02,0.00,1.19,-0.15,9.78,0.00,-0.00,0.00
93.33,89.76,-9.93,1.12,1.26,-0.04,-0.02,0.00,1.18,-0.16,9.80,0.00,-0.00,0.00
93.34,89.76,-9.94,1.14,1.26,-0.04,-0.02,0.00,1.18,-0.15,9.78,0.00,-0.00,0.00
93.35,89.76,-9.92,1.13,1.25,-0.04,-0.02,-0.00,1.18,-0.15,9.79,0.00,-0.00,0.00
93.36,89.75,-9.94,1.14,1.27,-0.04,-0.02,-0.00,1.19,-0.14,9.79,0.00,-0.00,0.00
93.38,89.75,-9.93,1.15,1.26,-0.04,-0.02,-0.00,1.19,-0.15,9.78,0.00,-0.00,0.00
93.39,89.75,-9.93,1.14,1.27,-0.04,-0.02,-0.00,1.20,-0.14,9.79,-0.00,-0.00,0.00
93.40,89.75,-9.95,1.14,1.27,-0.04,-0.02,-0.00,1.20,-0.14,9.79,-0.00,-0.00,0.00
93.42,89.75,-9.93,1.14,1.27,-0.04,-0.02,-0.00,1.20,-0.13,9.79,-0.00,-0.00,0.00
93.43,89.75,-9.92,1.15,1.27,-0.04,-0.02,-0.01,1.21,-0.13,9.78,-0.00,-0.00,-0.00
93.45,89.75,-9.93,1.15,1.28,-0.04,-0.02,-0.01,1.21,-0.13,9.77,-0.00,-0.00,-0.00
93.47,89.74,-9.93,1.14,1.30,-0.04,-0.02,-0.01,1.20,-0.14,9.78,-0.00,-0.00,-0.00
93.48,89.74,-9.94,1.14,1.29,-0.04,-0.02,-0.01,1.21,-0.14,9.78,-0.00,-0.00,-0.01
93.49,89.73,-9.93,1.13,1.28,-0.04,-0.02,-0.01,1.20,-0.15,9.79,-0.01,-0.00,-0.01
93.50,89.74,-9.95,1.12,1.27,-0.04,-0.02,-0.02,1.20,-0.14,9.80,-0.01,-0.00,-0.01
93.52,89.74,-9.94,1.11,1.26,-0.04,-0.01,-0.01,1.20,-0.17,9.81,-0.00,-0.00,-0.01
93.54,89.75,-9.95,1.11,1.25,-0.04,-0.02,-0.01,1.18,-0.18,9.80,-0.00,-0.00,-0.00
93.56,89.75,-9.94,1.10,1.23,-0.04,-0.02,-0.01,1.17,-0.19,9.80,-0.00,-0.00,-0.00
93.57,89.76,-9.95,1.11,1.24,-0.04,-0.02,-0.01,1.17,-0.18,9.80,-0.00,-0.00,-0.00
93.58,89.76,-9.95,1.10,1.23,-0.04,-0.02,-0.01,1.18,-0.17,9.79,-0.00,-0.00,0.00
93.59,89.76,-9.95,1.10,1.24,-0.04,-0.02,-0.00,1.18,-0.17,9.80,-0.00,-0.00,0.00
93.60,89.76,-9.95,1.11,1.25,-0.04,-0.02,-0.00,1.20,-0.17,9.79,-0.00,-0.00,0.01
93.62,89.76,-9.95,1.10,1.25,-0.04,-0.02,0.00,1.20,-0.16,9.80,-0.00,-0.00,0.01
93.63,89.77,-9.95,1.11,1.28,-0.04,-0.02,0.00,1.21,-0.14,9.79,-0.00,-0.00,0.01
93.65,89.76,-9.93,1.12,1.29,-0.04,-0.02,-0.00,1.20,-0.14,9.78,-0.00,-0.00,0.00
93.67,89.74,-9.93,1.12,1.27,-0.04,-0.02,-0.00,1.19,-0.16,9.79,-0.00,-0.00,0.00
93.70,89.74,-9.92,1.12,1.28,-0.04,-0.02,-0.00,1.20,-0.17,9.80,-0.00,-0.00,0.00
93.71,89.73,-9.94,1.12,1.28,-0.04,-0.02,-0.00,1.18,-0.17,9.79,-0.00,-0.00,0.00
93.72,89.73,-9.92,1.11,1.27,-0.04,-0.02,-0.00,1.18,-0.18,9.79,-0.00,-0.00,0.00
93.73,89.73,-9.94,1.12,1.27,-0.04,-0.02,-0.00,1.17,-0.17,9.79,-0.00,-0.00,0.00
93.75,89.72,-9.93,1.12,1.27,-0.04,-0.02,-0.00,1.17,-0.16,9.79,-0.00,-0.00,0.00
93.76,89.72,-9.94,1.13,1.27,-0.04,-0.02,-0.00,1.18,-0.16,9.79,-0.00,-0.00,0.00
93.77,89.72,-9.93,1.12,1.25,-0.04,-0.02,-0.00,1.18,-0.15,9.78,-0.00,-0.00,0.00
93.78,89.72,-9.93,1.12,1.26,-0.04,-0.02,-0.01,1.20,-0.14,9.79,-0.00,-0.00,0.00
93.80,89.72,-9.94,1.13,1.26,-0.04,-0.02,-0.01,1.21,-0.14,9.79,-0.00,-0.00,-0.00
93.81,89.73,-9.94,1.14,1.26,-0.04,-0.02,-0.01,1.21,-0.13,9.80,-0.00,-0.00,-0.00
93.82,89.73,-9.93,1.13,1.26,-0.04,-0.02,-0.01,1.21,-0.13,9.79,-0.00,-0.00,-0.00
93.84,89.74,-9.93,1.13,1.25,-0.04,-0.02,-0.01,1.20,-0.13,9.78,-0.00,-0.00,-0.00
93.86,89.76,-9.93,1.11,1.25,-0.04,-0.02,-0.01,1.19,-0.15,9.78,-0.00,-0.00,-0.01
93.87,89.76,-9.93,1.12,1.25,-0.04,-0.02,-0.01,1.20,-0.17,9.78,-0.00,-0.00,-0.01
93.89,89.77,-9.93,1.11,1.25,-0.04,-0.02,-0.01,1.18,-0.18,9.79,-0.00,-0.00,-0.00
93.90,89.77,-9.95,1.10,1.25,-0.04,-0.02,-0.01,1.18,-0.18,9.79,-0.00,-0.00,-0.00
93.91,89.78,-9.94,1.09,1.24,-0.04,-0.02,-0.01,1.19,-0.18,9.79,-0.00,-0.00,-0.00
93.92,89.78,-9.93,1.09,1.24,-0.04,-0.02,-0.01,1.18,-0.18,9.80,0.00,-0.00,0.00
93.94,89.77,-9.94,1.09,1.25,-0.04,-0.02,-0.01,1.18,-0.18,9.78,0.00,-0.00,0.00
93.96,89.78,-9.95,1.10,1.25,-0.05,-0.02,-0.01,1.20,-0.18,9.78,0.00,-0.00,0.01
93.97,89.78,-9.94,1.09,1.25,-0.04,-0.02,-0.00,1.19,-0.17,9.77,0.00,-0.00,0.01
93.99,89.78,-9.95,1.09,1.26,-0.04,-0.02,-0.00,1.19,-0.16,9.78,0.00,-0.00,0.01
94.00,89.78,-9.96,1.09,1.27,-0.04,-0.02,-0.00,1.20,-0.15,9.79,0.00,-0.00,0.01
94.01,89.79,-9.94,1.10,1.27,-0.04,-0.02,-0.00,1.22,-0.16,9.77,0.00,-0.00,0.01
94.03,89.79,-9.95,1.10,1.27,-0.04,-0.02,-0.00,1.21,-0.15,9.78,0.00,-0.00,0.01
94.04,89.79,-9.96,1.11,1.27,-0.04,-0.02,-0.00,1.21,-0.16,9.79,0.00,-0.00,0.01
94.06,89.79,-9.94,1.10,1.27,-0.04,-0.02,0.00,1.21,-0.15,9.79,0.00,-0.00,0.01
94.07,89.79,-9.95,1.11,1.27,-0.04,-0.02,0.00,1.19,-0.15,9.80,0.00,-0.00,0.00
94.08,89.78,-9.94,1.11,1.26,-0.04,-0.02,0.00,1.19,-0.16,9.80,0.00,-0.00,0.00
94.09,89.78,-9.94,1.12,1.26,-0.04,-0.02,0.00,1.18,-0.14,9.80,0.00,-0.00,0.00
94.10,89.77,-9.95,1.13,1.26,-0.04,-0.02,0.00,1.17,-0.14,9.79,0.00,-0.00,0.00
94.11,89.76,-9.94,1.15,1.26,-0.04,-0.02,0.00,1.18,-0.14,9.80,-0.00,-0.00,0.00
94.14,89.75,-9.93,1.16,1.27,-0.04,-0.02,-0.00,1.19,-0.14,9.80,-0.00,-0.00,0.00
94.16,89.74,-9.92,1.15,1.27,-0.04,-0.02,-0.00,1.20,-0.13,9.78,-0.00,-0.00,-0.00
94.17,89.74,-9.93,1.15,1.28,-0.04,-0.02,-0.01,1.19,-0.13,9.78,-0.00,-0.00,-0.00
94.19,89.74,-9.92,1.15,1.29,-0.04,-0.02,-0.01,1.21,-0.13,9.78,-0.00,-0.00,-0.00
94.20,89.73,-9.91,1.13,1.28,-0.04,-0.02,-0.01,1.21,-0.14,9.79,-0.00,-0.00,-0.00
94.21,89.73,-9.93,1.13,1.27,-0.04,-0.02,-0.02,1.20,-0.14,9.79,-0.00,-0.00,-0.01
94.22,89.73,-9.94,1.12,1.27,-0.04,-0.02,-0.02,1.19,-0.16,9.79,-0.00,-0.00,-0.01
94.24,89.73,-9.94,1.11,1.26,-0.04,-0.02,-0.02,1.18,-0.17,9.80,-0.00,-0.00,-0.01
94.25,89.73,-9.95,1.11,1.25,-0.04,-0.02,-0.02,1.18,-0.18,9.81,-0.00,-0.00,-0.01
94.26,89.74,-9.95,1.10,1.24,-0.04,-0.02,-0.01,1.18,-0.18,9.80,-0.00,-0.00,-0.00
94.28,89.74,-9.94,1.09,1.24,-0.04,-0.02,-0.01,1.17,-0.18,9.79,-0.00,-0.00,-0.00
94.29,89.74,-9.95,1.10,1.25,-0.04,-0.02,-0.01,1.19,-0.18,9.80,-0.00,-0.00,-0.00
94.30,89.75,-9.95,1.09,1.25,-0.04,-0.02,-0.01,1.20,-0.19,9.80,-0.00,-0.00,-0.00
94.32,89.75,-9.94,1.09,1.26,-0.04,-0.02,-0.01,1.20,-0.18,9.80,-0.00,-0.00,-0.00
94.33,89.76,-9.95,1.09,1.26,-0.04,-0.02,-0.01,1.21,-0.17,9.79,-0.00,-0.00,-0.00
94.34,89.76,-9.94,1.08,1.27,-0.04,-0.02,-0.00,1.21,-0.18,9.79,-0.00,-0.00,0.00
94.35,89.76,-9.94,1.09,1.26,-0.04,-0.02,-0.00,1.20,-0.18,9.79,0.00,-0.00,0.00
94.37,89.77,-9.96,1.09,1.27,-0.04,-0.02,0.00,1.19,-0.18,9.80,0.00,-0.00,0.00
94.39,89.76,-9.95,1.10,1.27,-0.04,-0.02,0.00,1.20,-0.17,9.78,0.00,-0.00,0.01
94.41,89.77,-9.93,1.10,1.25,-0.04,-0.02,0.00,1.20,-0.17,9.78,0.00,-0.00,0.01
94.42,89.77,-9.94,1.11,1.26,-0.04,-0.02,0.00,1.19,-0.16,9.78,0.00,-0.00,0.01
94.43,89.77,-9.94,1.12,1.25,-0.04,-0.02,0.00,1.19,-0.15,9.78,0.00,-0.00,0.01
94.44,89.77,-9.93,1.13,1.25,-0.04,-0.02,0.00,1.19,-0.15,9.79,0.00,-0.00,0.01
94.46,89.77,-9.93,1.12,1.27,-0.04,-0.02,-0.00,1.18,-0.14,9.79,0.00,-0.00,0.01
94.47,89.76,-9.92,1.12,1.28,-0.04,-0.02,-0.01,1.21,-0.12,9.79,0.00,-0.00,0.00
94.49,89.77,-9.93,1.14,1.27,-0.04,-0.02,-0.01,1.21,-0.12,9.78,0.00,-0.00,-0.00
94.51,89.76,-9.92,1.13,1.27,-0.04,-0.02,-0.01,1.21,-0.12,9.77,-0.00,-0.00,-0.00
94.52,89.77,-9.93,1.13,1.28,-0.04,-0.02,-0.02,1.21,-0.13,9.78,-0.00,-0.00,-0.00
94.53,89.77,-9.92,1.11,1.28,-0.04,-0.02,-0.02,1.21,-0.13,9.78,-0.00,-0.00,-0.00
94.54,89.76,-9.94,1.09,1.27,-0.04,-0.02,-0.02,1.20,-0.14,9.78,-0.00,-0.00,-0.01
94.57,89.75,-9.94,1.09,1.28,-0.03,-0.02,-0.02,1.20,-0.16,9.80,-0.00,-0.00,-0.01
94.58,89.75,-9.96,1.10,1.27,-0.03,-0.02,-0.01,1.18,-0.16,9.79,-0.00,-0.00,-0.01
94.59,89.75,-9.96,1.10,1.26,-0.03,-0.02,-0.01,1.17,-0.17,9.80,-0.00,-0.00,-0.01
94.61,89.74,-9.95,1.10,1.25,-0.03,-0.02,-0.01,1.15,-0.18,9.78,0.00,-0.00,-0.01
94.62,89.73,-9.95,1.10,1.24,-0.03,-0.02,-0.00,1.14,-0.19,9.78,0.00,-0.00,-0.00
94.64,89.72,-9.95,1.10,1.23,-0.04,-0.02,0.00,1.15,-0.19,9.78,0.00,-0.00,0.00
94.65,89.72,-9.93,1.10,1.24,-0.04,-0.02,0.00,1.17,-0.19,9.78,0.00,-0.00,0.01
94.67,89.71,-9.93,1.11,1.25,-0.04,-0.02,0.00,1.17,-0.18,9.78,0.00,-0.00,0.01
94.68,89.70,-9.91,1.12,1.27,-0.05,-0.02,0.01,1.19,-0.16,9.79,0.00,0.00,0.01
94.70,89.70,-9.93,1.13,1.27,-0.05,-0.02,0.00,1.21,-0.14,9.78,0.00,0.00,0.01
94.71,89.70,-9.92,1.13,1.27,-0.05,-0.02,0.00,1.23,-0.13,9.78,0.00,0.00,0.01
94.73,89.71,-9.94,1.14,1.28,-0.05,-0.02,0.00,1.23,-0.12,9.78,0.00,0.00,0.01
94.74,89.72,-9.95,1.14,1.27,-0.05,-0.02,-0.01,1.22,-0.11,9.78,-0.00,-0.00,0.00
94.76,89.73,-9.93,1.13,1.26,-0.04,-0.02,-0.01,1.21,-0.11,9.78,-0.00,-0.00,0.00
94.77,89.74,-9.95,1.11,1.27,-0.04,-0.02,-0.01,1.21,-0.12,9.78,0.00,-0.00,-0.00
94.78,89.75,-9.95,1.09,1.25,-0.04,-0.02,-0.01,1.21,-0.14,9.78,0.00,-0.00,-0.00
94.79,89.76,-9.95,1.08,1.25,-0.04,-0.02,-0.01,1.20,-0.16,9.79,-0.00,-0.00,-0.00
94.81,89.76,-9.98,1.07,1.25,-0.04,-0.02,-0.01,1.18,-0.18,9.81,0.00,-0.00,-0.00
94.82,89.75,-9.97,1.06,1.25,-0.04,-0.02,0.00,1.17,-0.20,9.80,0.00,-0.00,0.00
94.84,89.74,-9.95,1.04,1.28,-0.04,-0.02,0.01,1.21,-0.21,9.78,0.01,0.00,0.01
94.86,89.74,-9.93,1.05,1.30,-0.04,-0.02,0.02,1.23,-0.21,9.78,0.01,0.00,0.02
94.88,89.74,-9.93,1.09,1.29,-0.04,-0.02,0.02,1.23,-0.17,9.79,0.00,-0.00,0.02
94.89,89.73,-9.95,1.13,1.30,-0.04,-0.02,0.02,1.21,-0.14,9.80,0.00,-0.00,0.01
94.92,89.72,-9.92,1.17,1.28,-0.03,-0.02,0.02,1.19,-0.10,9.79,0.00,-0.00,0.01
94.93,89.71,-9.93,1.19,1.28,-0.03,-0.02,0.01,1.20,-0.09,9.78,0.00,-0.00,0.01
94.94,89.71,-9.90,1.20,1.28,-0.03,-0.02,0.01,1.20,-0.09,9.78,0.00,-0.00,0.00
94.96,89.71,-9.90,1.22,1.28,-0.03,-0.02,0.00,1.20,-0.09,9.78,0.00,-0.00,-0.00
94.97,89.71,-9.91,1.23,1.28,-0.03,-0.02,-0.01,1.21,-0.09,9.78,-0.00,-0.00,-0.01
94.98,89.71,-9.89,1.21,1.28,-0.03,-0.02,-0.01,1.20,-0.09,9.79,-0.00,-0.00,-0.01
94.99,89.70,-9.90,1.20,1.29,-0.04,-0.02,-0.02,1.19,-0.10,9.79,-0.00,-0.00,-0.01
95.02,89.69,-9.90,1.17,1.28,-0.04,-0.02,-0.03,1.17,-0.14,9.80,-0.01,-0.00,-0.01
95.03,89.68,-9.93,1.15,1.29,-0.04,-0.01,-0.03,1.16,-0.14,9.81,-0.01,-0.00,-0.01
95.04,89.66,-9.91,1.14,1.29,-0.04,-0.01,-0.03,1.17,-0.14,9.80,-0.01,-0.00,-0.01
95.06,89.66,-9.93,1.12,1.27,-0.04,-0.01,-0.03,1.18,-0.15,9.79,-0.01,-0.00,-0.01
95.07,89.66,-9.92,1.11,1.27,-0.04,-0.01,-0.03,1.18,-0.16,9.79,-0.01,-0.00,-0.01
95.08,89.67,-9.96,1.08,1.28,-0.04,-0.01,-0.03,1.20,-0.16,9.79,-0.01,-0.00,-0.01
95.11,89.68,-9.96,1.08,1.27,-0.04,-0.02,-0.03,1.20,-0.16,9.79,-0.01,-0.00,-0.01
95.14,89.69,-9.95,1.08,1.26,-0.04,-0.02,-0.02,1.18,-0.16,9.78,-0.01,-0.00,-0.01
95.15,89.69,-9.95,1.08,1.25,-0.04,-0.02,-0.02,1.18,-0.16,9.78,-0.01,-0.00,-0.01
95.17,89.70,-9.95,1.07,1.25,-0.04,-0.02,-0.02,1.18,-0.16,9.78,-0.00,-0.00,-0.01
95.18,89.71,-9.95,1.07,1.25,-0.04,-0.02,-0.01,1.18,-0.17,9.78,-0.00,-0.00,-0.01
95.18,89.71,-9.94,1.07,1.25,-0.04,-0.02,-0.01,1.18,-0.17,9.79,-0.00,-0.00,-0.00
95.20,89.72,-9.95,1.07,1.26,-0.04,-0.02,-0.01,1.19,-0.17,9.79,-0.00,-0.00,0.00
95.22,89.73,-9.95,1.07,1.26,-0.04,-0.01,-0.00,1.21,-0.18,9.79,-0.00,-0.00,0.00
95.23,89.73,-9.94,1.07,1.27,-0.04,-0.01,0.00,1.20,-0.17,9.79,-0.00,-0.00,0.00
95.24,89.73,-9.93,1.08,1.29,-0.04,-0.01,0.00,1.20,-0.16,9.80,-0.00,-0.00,0.00
95.26,89.73,-9.93,1.10,1.28,-0.04,-0.01,0.00,1.19,-0.16,9.79,-0.00,0.00,0.00
95.28,89.73,-9.95,1.11,1.28,-0.04,-0.01,0.00,1.21,-0.15,9.80,-0.00,-0.00,-0.00
95.30,89.75,-9.94,1.10,1.27,-0.03,-0.01,0.00,1.21,-0.14,9.79,-0.00,-0.00,-0.00
95.33,89.76,-9.93,1.10,1.25,-0.04,-0.01,0.00,1.22,-0.15,9.79,-0.00,-0.00,-0.00
95.34,89.77,-9.93,1.10,1.25,-0.04,-0.01,0.00,1.20,-0.16,9.79,-0.00,-0.00,0.00
95.35,89.78,-9.93,1.09,1.25,-0.04,-0.01,0.00,1.19,-0.15,9.79,-0.00,-0.00,0.00
95.37,89.78,-9.95,1.10,1.26,-0.04,-0.01,0.01,1.18,-0.16,9.79,-0.00,-0.00,0.00
95.38,89.78,-9.93,1.12,1.24,-0.04,-0.01,0.00,1.18,-0.15,9.79,-0.00,-0.00,0.00
95.39,89.79,-9.91,1.14,1.23,-0.04,-0.01,0.00,1.17,-0.15,9.79,-0.00,-0.00,0.00
95.41,89.80,-9.91,1.15,1.23,-0.04,-0.01,-0.00,1.19,-0.14,9.78,-0.00,-0.00,0.00
95.43,89.81,-9.92,1.14,1.25,-0.04,-0.02,-0.01,1.21,-0.13,9.77,-0.00,-0.00,-0.00
95.44,89.82,-9.91,1.14,1.26,-0.04,-0.02,-0.02,1.21,-0.13,9.78,-0.00,-0.00,-0.00
95.47,89.83,-9.92,1.13,1.25,-0.04,-0.02,-0.02,1.21,-0.13,9.79,-0.00,-0.00,-0.01
95.48,89.83,-9.92,1.13,1.27,-0.04,-0.02,-0.02,1.21,-0.13,9.79,-0.01,-0.01,-0.01
95.50,89.84,-9.92,1.12,1.27,-0.04,-0.02,-0.03,1.20,-0.15,9.79,-0.01,-0.00,-0.01
95.52,89.83,-9.93,1.10,1.28,-0.04,-0.02,-0.03,1.19,-0.15,9.80,-0.01,-0.00,-0.01
95.53,89.83,-9.94,1.09,1.27,-0.04,-0.01,-0.03,1.19,-0.15,9.80,-0.01,-0.00,-0.01
95.54,89.83,-9.96,1.08,1.27,-0.03,-0.01,-0.02,1.21,-0.16,9.81,-0.01,-0.00,-0.01
95.56,89.83,-9.96,1.06,1.26,-0.03,-0.01,-0.02,1.20,-0.17,9.82,-0.01,-0.00,-0.01
95.58,89.84,-9.96,1.05,1.26,-0.03,-0.01,-0.02,1.20,-0.18,9.81,-0.01,-0.00,-0.01
95.60,89.84,-9.97,1.05,1.25,-0.03,-0.01,-0.01,1.20,-0.18,9.81,-0.01,-0.00,-0.01
95.61,89.85,-9.95,1.04,1.22,-0.03,-0.01,-0.01,1.19,-0.19,9.82,-0.01,-0.00,-0.01
95.62,89.86,-9.95,1.06,1.22,-0.03,-0.01,-0.01,1.19,-0.20,9.81,-0.00,-0.00,-0.01
95.63,89.87,-9.96,1.06,1.21,-0.03,-0.01,-0.00,1.19,-0.20,9.80,-0.00,-0.00,-0.00
95.64,89.88,-9.95,1.08,1.21,-0.04,-0.01,-0.00,1.17,-0.21,9.80,-0.00,-0.00,-0.00
95.66,89.88,-9.95,1.09,1.21,-0.04,-0.02,-0.00,1.16,-0.21,9.80,-0.00,-0.00,0.00
95.67,89.88,-9.94,1.08,1.22,-0.04,-0.02,0.00,1.15,-0.20,9.80,-0.00,-0.00,0.00
95.68,89.87,-9.96,1.10,1.22,-0.05,-0.02,0.00,1.16,-0.19,9.82,-0.00,-0.00,0.01
95.69,89.87,-9.94,1.09,1.22,-0.05,-0.02,0.00,1.17,-0.18,9.81,0.00,-0.00,0.01
95.70,89.87,-9.94,1.09,1.23,-0.05,-0.02,0.01,1.17,-0.17,9.80,0.00,0.00,0.01
95.71,89.86,-9.94,1.09,1.25,-0.05,-0.02,0.01,1.19,-0.15,9.79,0.00,-0.00,0.01
95.73,89.86,-9.94,1.09,1.25,-0.05,-0.02,0.01,1.20,-0.16,9.79,0.00,-0.00,0.01
95.75,89.86,-9.95,1.07,1.26,-0.04,-0.02,0.01,1.22,-0.15,9.78,0.00,-0.00,0.01
95.76,89.87,-9.95,1.07,1.27,-0.04,-0.02,0.01,1.22,-0.17,9.80,0.00,-0.00,0.01
95.78,89.87,-9.95,1.07,1.26,-0.04,-0.02,0.01,1.23,-0.16,9.78,0.00,-0.00,0.01
95.80,89.88,-9.96,1.08,1.23,-0.04,-0.02,0.01,1.21,-0.16,9.78,0.00,-0.00,0.00
95.81,89.89,-9.94,1.09,1.22,-0.03,-0.02,0.01,1.20,-0.16,9.78,0.00,-0.00,0.00
95.83,89.89,-9.94,1.11,1.22,-0.04,-0.03,0.01,1.18,-0.17,9.78,0.00,-0.00,0.00
95.84,89.88,-9.94,1.12,1.22,-0.04,-0.03,0.01,1.16,-0.17,9.79,0.00,-0.00,0.01
95.86,89.88,-9.92,1.14,1.23,-0.04,-0.03,0.00,1.17,-0.16,9.79,0.00,-0.00,0.01
95.87,89.87,-9.92,1.14,1.25,-0.04,-0.03,0.00,1.19,-0.15,9.80,0.00,-0.00,0.01
95.88,89.85,-9.91,1.15,1.28,-0.04,-0.03,-0.01,1.21,-0.12,9.80,-0.00,-0.00,0.00
95.91,89.84,-9.92,1.15,1.30,-0.04,-0.02,-0.01,1.22,-0.11,9.78,-0.00,-0.00,-0.00
95.92,89.83,-9.92,1.14,1.30,-0.04,-0.02,-0.02,1.24,-0.10,9.79,-0.00,-0.00,-0.00
95.93,89.83,-9.91,1.13,1.30,-0.04,-0.02,-0.02,1.24,-0.10,9.80,-0.00,-0.00,-0.01
95.95,89.83,-9.92,1.11,1.28,-0.04,-0.02,-0.03,1.22,-0.12,9.80,-0.01,-0.00,-0.01
95.96,89.84,-9.93,1.11,1.26,-0.04,-0.02,-0.03,1.21,-0.15,9.80,-0.01,-0.00,-0.01
95.97,89.84,-9.94,1.09,1.24,-0.04,-0.02,-0.03,1.17,-0.19,9.81,-0.00,-0.00,-0.01
96.00,89.83,-9.95,1.08,1.21,-0.04,-0.02,-0.02,1.15,-0.21,9.81,-0.00,-0.00,-0.01
96.01,89.84,-9.96,1.07,1.22,-0.04,-0.02,-0.02,1.14,-0.22,9.81,-0.00,-0.00,-0.00
96.02,89.83,-9.97,1.05,1.22,-0.05,-0.02,-0.01,1.15,-0.22,9.79,-0.00,-0.00,0.00
96.04,89.83,-9.97,1.04,1.23,-0.05,-0.02,-0.01,1.18,-0.20,9.80,-0.00,-0.00,0.01
96.06,89.82,-9.97,1.04,1.25,-0.05,-0.02,-0.00,1.18,-0.20,9.81,0.00,0.00,0.01
96.07,89.82,-9.96,1.05,1.25,-0.05,-0.02,0.00,1.19,-0.19,9.81,0.00,0.00,0.01
96.08,89.82,-9.96,1.06,1.25,-0.05,-0.02,0.01,1.20,-0.18,9.80,0.00,-0.00,0.01
96.09,89.82,-9.96,1.07,1.25,-0.05,-0.02,0.01,1.19,-0.17,9.80,0.00,-0.00,0.01
96.10,89.81,-9.94,1.09,1.26,-0.05,-0.02,0.02,1.20,-0.17,9.79,0.00,-0.00,0.02
96.12,89.81,-9.93,1.09,1.26,-0.05,-0.02,0.02,1.20,-0.16,9.79,0.00,-0.00,0.02
96.14,89.80,-9.94,1.10,1.27,-0.05,-0.02,0.02,1.20,-0.16,9.79,0.00,-0.00,0.01
96.15,89.80,-9.92,1.12,1.26,-0.05,-0.02,0.01,1.20,-0.15,9.79,0.00,-0.00,0.01
96.17,89.79,-9.93,1.13,1.27,-0.05,-0.02,0.01,1.20,-0.14,9.79,0.00,-0.00,0.01
96.19,89.78,-9.93,1.14,1.26,-0.05,-0.02,0.01,1.18,-0.14,9.78,0.00,-0.00,0.01
96.21,89.78,-9.93,1.15,1.25,-0.05,-0.02,0.00,1.19,-0.13,9.78,0.00,-0.00,0.01
96.22,89.77,-9.94,1.14,1.26,-0.05,-0.02,-0.00,1.18,-0.13,9.79,0.00,-0.00,0.01
96.23,89.77,-9.94,1.14,1.26,-0.05,-0.02,-0.01,1.19,-0.12,9.78,0.00,-0.00,0.00
96.24,89.77,-9.94,1.13,1.27,-0.04,-0.02,-0.01,1.20,-0.12,9.78,-0.00,-0.00,0.00
96.25,89.77,-9.95,1.11,1.26,-0.04,-0.02,-0.01,1.21,-0.13,9.79,-0.00,-0.00,-0.00
96.28,89.76,-9.95,1.09,1.25,-0.04,-0.02,-0.01,1.17,-0.18,9.82,0.00,-0.00,0.00
96.29,89.75,-9.94,1.07,1.25,-0.04,-0.02,-0.00,1.14,-0.22,9.83,0.00,-0.00,0.01
96.30,89.73,-9.95,1.04,1.23,-0.05,-0.02,0.02,1.11,-0.27,9.84,0.01,0.00,0.02
96.32,89.70,-9.98,1.01,1.21,-0.06,-0.02,0.04,1.09,-0.30,9.84,0.01,0.01,0.05
96.34,89.67,-9.99,1.02,1.20,-0.07,-0.02,0.06,1.10,-0.31,9.82,0.02,0.01,0.05
96.36,89.66,-10.00,1.05,1.20,-0.08,-0.02,0.08,1.10,-0.28,9.83,0.02,0.01,0.07
96.37,89.64,-9.99,1.09,1.18,-0.08,-0.02,0.09,1.13,-0.23,9.81,0.03,0.01,0.08
96.39,89.67,-9.94,1.17,1.22,-0.10,-0.03,0.09,1.22,-0.16,9.74,0.03,0.00,0.08
96.43,89.71,-9.86,1.24,1.38,-0.10,-0.04,0.05,1.35,-0.00,9.70,0.02,-0.00,0.06
96.44,89.70,-9.84,1.29,1.44,-0.09,-0.03,0.04,1.36,0.05,9.72,0.02,-0.00,0.05
96.45,89.69,-9.83,1.34,1.47,-0.07,-0.03,0.02,1.36,0.11,9.76,0.01,-0.00,0.03
96.47,89.66,-9.83,1.39,1.44,-0.05,-0.02,-0.01,1.32,0.15,9.77,-0.00,-0.00,0.01
96.49,89.65,-9.83,1.38,1.42,-0.05,-0.01,-0.03,1.30,0.13,9.77,-0.00,-0.00,-0.01
96.50,89.65,-9.84,1.35,1.38,-0.03,-0.01,-0.05,1.29,0.10,9.75,-0.01,-0.01,-0.03
96.51,89.66,-9.87,1.31,1.35,-0.03,-0.01,-0.07,1.28,0.06,9.75,-0.01,-0.01,-0.04
96.52,89.67,-9.88,1.27,1.32,-0.02,-0.01,-0.09,1.24,-0.01,9.76,-0.02,-0.01,-0.05
96.53,89.68,-9.92,1.20,1.29,-0.01,-0.01,-0.10,1.18,-0.09,9.79,-0.02,-0.01,-0.06
96.54,89.68,-9.96,1.12,1.25,-0.01,-0.01,-0.10,1.15,-0.16,9.81,-0.02,-0.01,-0.06
96.56,89.68,-9.98,1.07,1.22,-0.01,-0.01,-0.09,1.12,-0.23,9.82,-0.02,-0.01,-0.06
96.57,89.69,-10.02,1.00,1.18,-0.01,-0.02,-0.07,1.11,-0.30,9.83,-0.02,-0.01,-0.04
96.59,89.70,-10.04,0.95,1.15,-0.02,-0.02,-0.04,1.06,-0.41,9.85,-0.01,-0.01,-0.02
96.60,89.68,-10.03,0.94,1.14,-0.03,-0.02,-0.02,1.06,-0.42,9.85,-0.00,-0.00,-0.01
96.61,89.68,-10.03,0.93,1.15,-0.03,-0.03,-0.00,1.06,-0.42,9.84,0.00,-0.00,0.00
96.62,89.68,-10.02,0.95,1.17,-0.04,-0.03,0.03,1.09,-0.39,9.83,0.01,-0.00,0.04
96.64,89.67,-9.99,0.98,1.20,-0.05,-0.03,0.05,1.12,-0.34,9.81,0.02,0.00,0.05
96.65,89.66,-9.96,1.03,1.23,-0.06,-0.03,0.07,1.16,-0.28,9.81,0.02,0.00,0.06
96.67,89.65,-9.93,1.14,1.29,-0.07,-0.03,0.07,1.22,-0.15,9.79,0.02,0.00,0.07
96.69,89.63,-9.89,1.27,1.37,-0.07,-0.03,0.05,1.27,0.02,9.77,0.02,-0.00,0.05
96.72,89.63,-9.87,1.33,1.36,-0.06,-0.02,0.03,1.28,0.08,9.78,0.01,-0.00,0.03
96.73,89.61,-9.86,1.37,1.37,-0.05,-0.02,0.01,1.24,0.11,9.76,0.01,-0.00,0.01
96.75,89.59,-9.87,1.37,1.36,-0.04,-0.02,-0.01,1.20,0.09,9.77,-0.00,-0.00,-0.00
96.77,89.56,-9.87,1.35,1.34,-0.03,-0.02,-0.03,1.19,0.05,9.77,-0.01,-0.00,-0.01
96.79,89.54,-9.89,1.26,1.30,-0.03,-0.02,-0.05,1.19,-0.05,9.78,-0.01,-0.00,-0.03
96.81,89.54,-9.90,1.18,1.31,-0.03,-0.01,-0.06,1.19,-0.13,9.79,-0.01,-0.00,-0.03
96.82,89.54,-9.91,1.14,1.31,-0.03,-0.01,-0.06,1.19,-0.18,9.79,-0.01,-0.00,-0.03
96.83,89.55,-9.94,1.10,1.31,-0.03,-0.01,-0.06,1.22,-0.20,9.79,-0.01,-0.00,-0.03
96.85,89.56,-9.94,1.09,1.31,-0.03,-0.01,-0.05,1.23,-0.21,9.80,-0.01,-0.00,-0.02
96.86,89.57,-9.95,1.08,1.31,-0.04,-0.01,-0.05,1.23,-0.20,9.80,-0.01,-0.00,-0.02
96.87,89.60,-9.97,1.05,1.30,-0.03,-0.01,-0.04,1.22,-0.17,9.80,-0.01,-0.00,-0.02
96.90,89.61,-9.96,1.04,1.33,-0.03,-0.01,-0.02,1.23,-0.14,9.81,-0.01,-0.00,-0.02
96.93,89.60,-10.00,1.06,1.45,-0.02,-0.01,-0.00,1.30,-0.08,9.81,-0.01,0.00,-0.02
96.94,89.59,-9.99,0.98,1.51,-0.01,0.01,0.02,1.35,-0.07,9.85,-0.02,0.01,-0.03
96.95,89.60,-9.94,1.03,1.29,0.02,0.01,0.03,1.31,-0.12,9.81,-0.02,0.01,-0.04
96.96,89.68,-9.99,1.09,1.07,0.02,-0.00,0.02,1.20,-0.17,9.74,-0.01,0.00,-0.04
96.97,89.81,-10.07,1.16,0.84,0.01,-0.03,0.02,1.06,-0.25,9.68,-0.01,-0.01,-0.04
96.99,89.86,-10.07,1.22,0.81,-0.02,-0.04,0.02,1.02,-0.27,9.68,-0.00,-0.01,-0.04
97.00,89.93,-10.03,1.20,0.91,-0.04,-0.06,0.01,0.93,-0.33,9.70,0.01,-0.02,-0.02
97.01,89.83,-10.07,1.03,1.13,-0.05,-0.08,0.02,0.90,-0.38,9.84,0.02,-0.02,0.03
97.03,89.72,-9.93,1.23,1.29,-0.06,-0.08,0.02,0.97,-0.32,9.88,0.02,-0.02,0.04
97.05,89.53,-9.69,1.36,1.41,-0.08,-0.06,0.03,1.11,-0.16,9.86,0.01,-0.01,0.04
97.06,89.49,-9.65,1.34,1.46,-0.08,-0.05,0.03,1.20,-0.06,9.84,-0.00,-0.01,0.03
97.08,89.37,-9.78,1.14,1.48,-0.05,-0.02,-0.00,1.36,0.01,9.82,-0.01,0.00,0.02
97.10,89.39,-9.93,1.06,1.43,-0.04,-0.01,-0.00,1.44,-0.01,9.78,0.00,0.00,0.01
97.12,89.49,-9.97,1.03,1.44,-0.03,-0.00,0.00,1.45,-0.06,9.77,0.01,0.00,-0.00
97.13,89.53,-10.01,1.07,1.43,-0.02,-0.00,0.00,1.35,-0.14,9.78,0.00,-0.01,-0.02
97.14,89.57,-9.98,1.21,1.35,-0.01,-0.00,-0.01,1.25,-0.16,9.76,-0.01,-0.01,-0.02
97.15,89.58,-9.85,1.36,1.27,-0.02,-0.01,-0.03,1.15,-0.13,9.75,-0.01,-0.01,-0.02
97.17,89.57,-9.79,1.43,1.25,-0.03,-0.01,-0.04,1.11,-0.09,9.75,-0.02,-0.00,-0.02
97.18,89.57,-9.75,1.44,1.22,-0.05,-0.00,-0.06,1.09,-0.02,9.77,-0.02,0.00,-0.03
97.19,89.56,-9.84,1.33,1.26,-0.06,0.01,-0.08,1.16,0.03,9.79,-0.03,0.00,-0.05
97.21,89.60,-9.98,1.20,1.28,-0.05,0.01,-0.09,1.23,0.02,9.79,-0.03,-0.00,-0.06
97.23,89.63,-10.04,1.13,1.31,-0.04,-0.00,-0.10,1.23,-0.02,9.79,-0.03,-0.01,-0.07
97.23,89.66,-9.96,1.01,1.32,-0.01,-0.01,-0.09,1.23,-0.17,9.78,-0.02,-0.01,-0.05
97.26,89.67,-9.93,0.97,1.29,-0.01,-0.01,-0.08,1.25,-0.24,9.77,-0.02,-0.01,-0.05
97.27,89.72,-9.95,0.89,1.24,-0.01,-0.01,-0.07,1.25,-0.32,9.78,-0.02,-0.00,-0.05
97.30,89.76,-10.03,0.84,1.22,-0.01,-0.01,-0.05,1.19,-0.40,9.82,-0.02,-0.00,-0.04
97.31,89.80,-10.11,0.81,1.18,-0.01,-0.01,-0.02,1.15,-0.42,9.84,-0.01,-0.00,-0.03
97.32,89.81,-10.12,0.81,1.15,-0.01,-0.01,-0.00,1.11,-0.44,9.85,-0.00,-0.00,-0.02
97.34,89.83,-10.07,0.87,1.13,-0.02,-0.02,0.03,1.09,-0.43,9.84,0.00,-0.00,0.00
97.35,89.84,-10.02,0.95,1.12,-0.03,-0.03,0.06,1.08,-0.40,9.80,0.01,-0.00,0.03
97.37,89.83,-9.99,1.04,1.16,-0.05,-0.03,0.08,1.10,-0.33,9.78,0.02,-0.00,0.05
97.38,89.82,-9.96,1.09,1.19,-0.06,-0.03,0.08,1.14,-0.25,9.78,0.02,-0.00,0.06
97.41,89.79,-9.96,1.17,1.28,-0.07,-0.04,0.08,1.20,-0.14,9.78,0.02,0.00,0.06
97.42,89.77,-9.92,1.21,1.32,-0.06,-0.03,0.07,1.24,-0.06,9.79,0.02,-0.00,0.05
97.43,89.76,-9.89,1.26,1.35,-0.06,-0.03,0.06,1.25,-0.02,9.78,0.02,-0.00,0.05
97.44,89.74,-9.85,1.28,1.36,-0.06,-0.03,0.04,1.28,0.02,9.76,0.02,-0.00,0.04
97.46,89.72,-9.84,1.29,1.38,-0.05,-0.03,0.03,1.29,0.04,9.75,0.01,-0.00,0.03
97.47,89.72,-9.84,1.29,1.38,-0.05,-0.03,0.02,1.30,0.04,9.74,0.01,-0.00,0.01
97.49,89.70,-9.86,1.28,1.38,-0.04,-0.02,-0.01,1.28,0.01,9.77,-0.00,-0.00,-0.00
97.50,89.70,-9.89,1.28,1.37,-0.04,-0.02,-0.02,1.26,-0.01,9.77,-0.00,-0.00,-0.01
97.51,89.69,-9.87,1.26,1.36,-0.03,-0.02,-0.03,1.23,-0.04,9.78,-0.01,-0.00,-0.02
97.52,89.67,-9.88,1.21,1.31,-0.03,-0.01,-0.05,1.20,-0.08,9.79,-0.01,-0.00,-0.03
97.53,89.67,-9.91,1.18,1.29,-0.03,-0.01,-0.05,1.18,-0.10,9.79,-0.01,-0.00,-0.03
97.55,89.67,-9.92,1.15,1.27,-0.03,-0.01,-0.06,1.17,-0.14,9.79,-0.01,-0.00,-0.03
97.56,89.68,-9.93,1.11,1.26,-0.03,-0.01,-0.06,1.18,-0.16,9.80,-0.01,-0.00,-0.03
97.58,89.68,-9.96,1.09,1.26,-0.03,-0.01,-0.06,1.17,-0.18,9.80,-0.01,-0.00,-0.03
97.59,89.68,-9.95,1.06,1.26,-0.03,-0.01,-0.06,1.18,-0.19,9.81,-0.01,-0.00,-0.03
97.60,89.69,-9.97,1.04,1.27,-0.03,-0.01,-0.05,1.19,-0.20,9.81,-0.01,-0.00,-0.03
97.62,89.70,-9.98,1.01,1.26,-0.03,-0.01,-0.04,1.20,-0.22,9.80,-0.01,-0.00,-0.02
97.63,89.71,-9.97,1.01,1.27,-0.03,-0.01,-0.03,1.20,-0.23,9.81,-0.01,-0.00,-0.01
97.65,89.71,-9.96,1.00,1.27,-0.03,-0.01,-0.02,1.19,-0.23,9.82,-0.01,-0.00,-0.01
97.66,89.72,-9.98,1.01,1.27,-0.03,-0.02,-0.01,1.19,-0.23,9.81,-0.00,-0.00,-0.00
97.67,89.72,-9.97,1.01,1.27,-0.03,-0.02,-0.00,1.19,-0.23,9.79,-0.00,-0.00,-0.00
97.68,89.72,-9.98,1.03,1.27,-0.04,-0.02,0.00,1.19,-0.22,9.78,-0.00,-0.00,0.00
97.69,89.73,-9.97,1.04,1.26,-0.04,-0.02,0.01,1.20,-0.21,9.79,0.00,-0.00,0.00
97.70,89.74,-9.98,1.06,1.26,-0.04,-0.02,0.01,1.21,-0.19,9.79,0.00,0.00,0.01
97.72,89.75,-9.96,1.08,1.27,-0.04,-0.02,0.02,1.22,-0.15,9.80,0.00,-0.00,0.01
97.73,89.77,-9.94,1.12,1.28,-0.04,-0.02,0.02,1.22,-0.13,9.79,0.00,-0.00,0.01
97.75,89.77,-9.92,1.13,1.28,-0.03,-0.02,0.01,1.22,-0.11,9.78,-0.00,-0.00,0.00
97.76,89.77,-9.93,1.15,1.28,-0.03,-0.02,0.01,1.20,-0.09,9.79,-0.00,-0.00,-0.00
97.78,89.76,-9.92,1.16,1.27,-0.03,-0.02,0.00,1.19,-0.10,9.79,-0.00,-0.00,-0.00
97.79,89.75,-9.92,1.17,1.27,-0.03,-0.02,0.00,1.18,-0.11,9.80,-0.00,-0.00,-0.01
97.80,89.75,-9.92,1.17,1.27,-0.03,-0.02,-0.00,1.18,-0.12,9.79,-0.00,-0.00,-0.01
97.81,89.74,-9.92,1.16,1.27,-0.03,-0.02,-0.00,1.18,-0.13,9.80,-0.00,-0.00,-0.01
97.82,89.73,-9.92,1.12,1.27,-0.03,-0.02,-0.01,1.20,-0.16,9.79,-0.00,-0.00,-0.00
97.86,89.74,-9.89,1.09,1.27,-0.03,-0.02,-0.02,1.21,-0.20,9.79,-0.00,-0.00,-0.00
97.87,89.75,-9.91,1.08,1.25,-0.04,-0.02,-0.02,1.20,-0.21,9.79,-0.00,-0.00,-0.00
97.88,89.76,-9.92,1.06,1.23,-0.04,-0.02,-0.02,1.19,-0.21,9.77,0.00,-0.01,-0.00
97.89,89.77,-9.92,1.05,1.23,-0.04,-0.02,-0.02,1.19,-0.21,9.77,0.00,-0.01,0.00
97.90,89.78,-9.92,1.05,1.24,-0.04,-0.02,-0.02,1.18,-0.20,9.77,0.00,-0.00,0.00
97.92,89.78,-9.93,1.07,1.25,-0.04,-0.02,-0.02,1.17,-0.20,9.78,0.00,-0.00,0.00
97.92,89.78,-9.96,1.10,1.26,-0.04,-0.02,-0.02,1.19,-0.18,9.79,0.00,-0.00,0.01
97.95,89.78,-9.96,1.07,1.30,-0.05,-0.02,-0.01,1.23,-0.16,9.80,0.00,-0.00,0.01
97.97,89.78,-9.96,1.05,1.35,-0.04,-0.02,-0.00,1.26,-0.14,9.81,0.00,-0.00,0.01
98.01,89.78,-9.93,1.14,1.32,-0.03,-0.01,-0.00,1.27,-0.09,9.75,-0.00,-0.00,0.00
98.03,89.79,-9.90,1.16,1.32,-0.03,-0.01,-0.01,1.25,-0.09,9.76,-0.01,-0.00,-0.01
98.05,89.80,-9.90,1.17,1.31,-0.03,-0.01,-0.02,1.23,-0.08,9.78,-0.01,-0.00,-0.01
98.06,89.80,-9.87,1.17,1.28,-0.03,-0.01,-0.02,1.21,-0.10,9.80,-0.01,-0.00,-0.01
98.07,89.80,-9.90,1.17,1.27,-0.03,-0.01,-0.03,1.20,-0.09,9.79,-0.01,-0.00,-0.02
98.09,89.81,-9.90,1.16,1.27,-0.03,-0.00,-0.03,1.21,-0.11,9.78,-0.01,-0.00,-0.02
98.12,89.83,-9.93,1.10,1.28,-0.03,-0.00,-0.04,1.21,-0.13,9.79,-0.02,-0.00,-0.02
98.14,89.84,-9.95,1.06,1.26,-0.03,-0.00,-0.04,1.21,-0.16,9.80,-0.02,0.00,-0.03
98.15,89.85,-9.98,1.04,1.22,-0.03,-0.01,-0.04,1.19,-0.18,9.81,-0.02,-0.00,-0.03
98.17,89.87,-9.99,1.03,1.18,-0.03,-0.01,-0.03,1.14,-0.21,9.81,-0.01,-0.00,-0.02
98.18,89.89,-9.99,1.03,1.15,-0.03,-0.01,-0.03,1.11,-0.24,9.82,-0.01,-0.00,-0.02
98.18,89.88,-9.99,1.02,1.16,-0.03,-0.02,-0.02,1.09,-0.26,9.82,-0.01,-0.01,-0.02
98.20,89.88,-9.98,1.00,1.17,-0.04,-0.02,-0.01,1.07,-0.27,9.82,-0.00,-0.00,-0.01
98.21,89.85,-9.98,1.01,1.18,-0.05,-0.02,-0.00,1.08,-0.28,9.83,0.00,-0.00,0.00
98.22,89.84,-9.97,1.02,1.20,-0.05,-0.02,0.00,1.11,-0.27,9.82,0.00,-0.00,0.01
98.23,89.83,-9.95,1.02,1.22,-0.06,-0.02,0.01,1.16,-0.25,9.81,0.00,0.00,0.02
98.25,89.82,-9.94,1.02,1.26,-0.06,-0.02,0.02,1.20,-0.22,9.79,0.00,0.00,0.02
98.26,89.82,-9.94,1.02,1.28,-0.06,-0.02,0.02,1.24,-0.18,9.79,0.00,0.00,0.02
98.27,89.82,-9.94,1.03,1.29,-0.06,-0.02,0.02,1.25,-0.17,9.79,0.00,0.00,0.02
98.28,89.83,-9.96,1.03,1.31,-0.06,-0.02,0.02,1.28,-0.14,9.80,0.00,0.00,0.02
98.30,89.84,-9.96,1.04,1.32,-0.05,-0.02,0.01,1.29,-0.11,9.78,0.00,0.00,0.02
98.31,89.85,-9.95,1.05,1.32,-0.04,-0.02,0.01,1.28,-0.11,9.78,0.00,-0.00,0.01
98.33,89.86,-9.93,1.06,1.30,-0.03,-0.02,0.01,1.26,-0.12,9.78,0.00,-0.00,0.00
98.34,89.86,-9.93,1.06,1.28,-0.03,-0.02,0.01,1.24,-0.14,9.77,-0.00,-0.00,-0.00
98.35,89.87,-9.93,1.07,1.26,-0.03,-0.02,0.00,1.22,-0.15,9.78,-0.00,-0.00,-0.01
98.37,89.87,-9.94,1.07,1.25,-0.03,-0.02,0.00,1.20,-0.17,9.77,-0.00,-0.00,-0.01
98.38,89.88,-9.95,1.08,1.25,-0.03,-0.02,0.00,1.19,-0.19,9.78,-0.00,-0.00,-0.01
98.40,89.85,-9.94,1.09,1.26,-0.03,-0.02,0.00,1.17,-0.17,9.79,-0.00,-0.00,-0.01
98.43,89.84,-9.93,1.11,1.27,-0.03,-0.02,0.00,1.19,-0.16,9.79,-0.00,-0.00,-0.00
98.44,89.83,-9.91,1.12,1.27,-0.03,-0.02,0.00,1.21,-0.14,9.79,-0.00,-0.00,-0.00
98.47,89.82,-9.92,1.12,1.27,-0.03,-0.02,-0.00,1.20,-0.15,9.79,-0.00,-0.00,-0.00
98.48,89.80,-9.93,1.11,1.27,-0.04,-0.02,-0.00,1.17,-0.17,9.80,-0.00,-0.00,-0.00
98.51,89.80,-9.95,1.11,1.25,-0.04,-0.02,-0.01,1.17,-0.18,9.79,-0.00,-0.00,-0.00
98.52,89.79,-9.94,1.10,1.23,-0.04,-0.02,-0.01,1.17,-0.19,9.79,-0.00,-0.00,0.00
98.53,89.79,-9.96,1.09,1.24,-0.04,-0.02,-0.00,1.15,-0.20,9.79,0.00,-0.00,0.00
98.55,89.79,-9.95,1.09,1.22,-0.05,-0.02,-0.00,1.15,-0.21,9.79,0.00,-0.00,0.01
98.56,89.78,-9.97,1.08,1.22,-0.06,-0.02,0.00,1.15,-0.23,9.81,0.00,-0.00,0.02
98.58,89.78,-9.96,1.08,1.23,-0.06,-0.02,0.01,1.16,-0.21,9.80,0.01,0.00,0.02
98.59,89.77,-9.96,1.07,1.24,-0.06,-0.02,0.01,1.17,-0.20,9.80,0.01,0.00,0.02
98.60,89.78,-9.96,1.07,1.25,-0.06,-0.02,0.01,1.22,-0.18,9.80,0.01,0.00,0.02
98.62,89.79,-9.93,1.08,1.28,-0.06,-0.02,0.01,1.25,-0.14,9.78,0.01,-0.00,0.02
98.64,89.80,-9.93,1.09,1.31,-0.05,-0.02,0.00,1.27,-0.12,9.76,0.00,-0.00,0.01
98.65,89.81,-9.94,1.09,1.33,-0.05,-0.02,-0.00,1.29,-0.09,9.76,0.00,-0.00,0.01
98.66,89.81,-9.93,1.10,1.33,-0.04,-0.02,-0.00,1.29,-0.09,9.76,0.00,-0.00,0.01
98.67,89.81,-9.93,1.11,1.33,-0.04,-0.02,-0.01,1.28,-0.08,9.76,-0.00,-0.00,-0.00
98.69,89.82,-9.93,1.11,1.31,-0.03,-0.02,-0.02,1.27,-0.09,9.76,-0.00,-0.01,-0.01
98.71,89.82,-9.93,1.10,1.27,-0.03,-0.02,-0.02,1.19,-0.14,9.80,-0.01,-0.01,-0.02
98.73,89.81,-9.95,1.09,1.25,-0.03,-0.02,-0.02,1.16,-0.18,9.81,-0.01,-0.00,-0.01
98.75,89.80,-9.94,1.07,1.22,-0.03,-0.02,-0.02,1.14,-0.21,9.83,-0.00,-0.00,-0.01
98.76,89.79,-9.95,1.03,1.22,-0.04,-0.02,-0.01,1.15,-0.25,9.81,0.00,-0.00,-0.00
98.78,89.78,-9.97,0.99,1.23,-0.04,-0.02,0.00,1.16,-0.28,9.81,0.00,-0.00,0.01
98.79,89.79,-9.99,0.98,1.22,-0.04,-0.02,0.01,1.17,-0.29,9.82,0.00,-0.00,0.02
98.80,89.78,-9.98,0.98,1.23,-0.05,-0.03,0.03,1.18,-0.29,9.83,0.01,0.00,0.03
98.82,89.77,-9.98,1.02,1.24,-0.05,-0.03,0.04,1.17,-0.27,9.83,0.01,0.00,0.04
98.84,89.76,-9.99,1.04,1.24,-0.05,-0.03,0.05,1.16,-0.25,9.82,0.01,0.00,0.04
98.85,89.75,-9.98,1.06,1.24,-0.05,-0.03,0.06,1.15,-0.22,9.82,0.02,0.00,0.05
98.87,89.73,-9.97,1.09,1.25,-0.05,-0.03,0.07,1.14,-0.20,9.81,0.02,0.00,0.05
98.88,89.68,-9.95,1.13,1.25,-0.06,-0.03,0.08,1.14,-0.19,9.81,0.02,0.00,0.06
98.91,89.66,-9.94,1.15,1.25,-0.06,-0.03,0.08,1.15,-0.19,9.80,0.03,0.00,0.06
98.93,89.62,-9.93,1.19,1.25,-0.07,-0.03,0.09,1.15,-0.19,9.81,0.03,0.00,0.06
98.95,89.60,-9.92,1.22,1.26,-0.07,-0.03,0.08,1.16,-0.18,9.79,0.03,0.00,0.07
98.97,89.58,-9.91,1.25,1.27,-0.08,-0.03,0.08,1.17,-0.15,9.78,0.03,0.00,0.07
98.99,89.54,-9.85,1.35,1.32,-0.09,-0.03,0.06,1.20,-0.07,9.77,0.02,0.00,0.06
99.01,89.52,-9.83,1.39,1.35,-0.09,-0.03,0.04,1.23,0.01,9.77,0.02,0.00,0.05
99.03,89.49,-9.81,1.41,1.39,-0.08,-0.02,0.01,1.27,0.07,9.76,0.01,0.00,0.04
99.04,89.51,-9.81,1.41,1.40,-0.08,-0.02,0.00,1.30,0.10,9.73,0.00,0.00,0.02
99.05,89.49,-9.81,1.39,1.43,-0.07,-0.01,-0.03,1.34,0.11,9.73,-0.00,0.00,0.00
99.06,89.55,-9.85,1.33,1.42,-0.04,-0.00,-0.09,1.33,0.07,9.73,-0.02,-0.00,-0.05
99.10,89.57,-9.88,1.28,1.38,-0.03,-0.00,-0.10,1.31,0.03,9.74,-0.03,-0.01,-0.06
99.11,89.59,-9.90,1.22,1.36,-0.03,-0.00,-0.11,1.29,-0.02,9.75,-0.03,-0.01,-0.07
99.12,89.63,-9.93,1.12,1.33,-0.01,-0.00,-0.12,1.26,-0.12,9.77,-0.03,-0.01,-0.07
99.14,89.65,-9.93,1.09,1.30,-0.01,-0.00,-0.12,1.25,-0.16,9.77,-0.03,-0.01,-0.07
99.15,89.68,-9.95,1.04,1.27,-0.01,-0.00,-0.11,1.22,-0.25,9.79,-0.03,-0.01,-0.07
99.17,89.72,-9.98,1.00,1.25,-0.01,-0.01,-0.10,1.19,-0.30,9.79,-0.03,-0.01,-0.06
99.19,89.74,-9.99,0.96,1.25,-0.02,-0.01,-0.08,1.18,-0.33,9.81,-0.02,-0.01,-0.05
99.20,89.75,-9.99,0.96,1.24,-0.02,-0.01,-0.07,1.18,-0.34,9.81,-0.02,-0.01,-0.04
99.21,89.77,-10.01,0.96,1.23,-0.03,-0.01,-0.05,1.18,-0.32,9.82,-0.02,-0.01,-0.03
99.22,89.79,-10.00,0.97,1.23,-0.03,-0.01,-0.04,1.18,-0.31,9.81,-0.01,-0.01,-0.03
99.24,89.79,-10.00,0.98,1.24,-0.03,-0.01,-0.03,1.17,-0.27,9.81,-0.01,-0.01,-0.02
99.25,89.80,-10.00,1.01,1.23,-0.03,-0.01,-0.02,1.17,-0.25,9.82,-0.01,-0.01,-0.01
99.26,89.80,-9.99,1.02,1.24,-0.03,-0.01,-0.01,1.17,-0.22,9.81,-0.00,-0.00,-0.01
99.27,89.81,-9.97,1.04,1.25,-0.03,-0.01,-0.00,1.18,-0.19,9.81,-0.00,-0.00,-0.01
99.28,89.82,-9.96,1.06,1.27,-0.03,-0.01,0.00,1.19,-0.18,9.81,-0.00,-0.00,-0.00
99.29,89.81,-9.95,1.09,1.29,-0.03,-0.01,0.01,1.20,-0.15,9.81,-0.00,-0.00,-0.00
99.30,89.80,-9.96,1.12,1.33,-0.03,-0.01,0.01,1.20,-0.14,9.79,-0.00,-0.00,-0.01
99.31,89.77,-9.98,1.14,1.43,-0.03,-0.00,0.02,1.21,-0.09,9.79,-0.01,0.00,-0.01
99.33,89.74,-9.99,1.14,1.45,-0.03,0.00,0.04,1.25,-0.06,9.81,-0.01,0.01,-0.01
99.34,89.75,-9.98,1.35,1.21,-0.02,0.00,0.06,1.25,0.00,9.79,-0.02,0.01,-0.02
99.35,89.84,-10.01,1.71,0.93,-0.08,-0.01,0.06,1.22,0.05,9.73,-0.03,0.01,-0.03
99.36,89.95,-9.80,1.44,1.10,-0.15,-0.02,0.03,1.19,0.05,9.59,-0.03,-0.00,-0.05
99.37,89.93,-9.61,0.95,1.38,-0.08,-0.02,-0.04,1.19,-0.01,9.64,-0.03,-0.01,-0.05
99.39,89.91,-9.63,0.91,1.24,-0.02,-0.03,-0.12,1.18,-0.12,9.69,-0.02,-0.02,-0.06
99.40,89.92,-9.59,1.02,1.12,0.00,-0.04,-0.21,1.17,-0.10,9.67,-0.01,-0.02,-0.06
99.41,89.88,-9.93,0.92,1.27,0.03,-0.05,-0.18,1.05,-0.26,9.85,-0.02,-0.02,-0.06
99.43,89.80,-10.23,0.79,1.24,0.02,-0.03,-0.10,1.03,-0.46,10.02,-0.02,-0.02,-0.04
99.44,89.79,-10.34,0.66,1.19,0.01,-0.03,-0.05,1.07,-0.55,10.01,-0.01,-0.01,-0.01
99.46,89.77,-10.34,0.65,1.16,0.00,-0.03,-0.02,1.11,-0.59,9.96,-0.00,-0.01,0.02
99.47,89.82,-10.21,0.70,1.20,-0.03,-0.03,0.01,1.18,-0.54,9.85,0.02,-0.01,0.04
99.48,89.82,-10.10,0.71,1.26,-0.05,-0.04,0.06,1.18,-0.48,9.83,0.02,0.00,0.04
99.50,89.78,-10.04,0.72,1.33,-0.05,-0.04,0.10,1.17,-0.42,9.83,0.02,0.01,0.08
99.52,89.71,-9.96,0.80,1.36,-0.04,-0.03,0.17,1.27,-0.31,9.84,0.03,0.02,0.09
99.53,89.71,-9.94,0.97,1.33,-0.03,-0.02,0.20,1.34,-0.21,9.81,0.03,0.01,0.09
99.55,89.73,-9.93,1.22,1.31,-0.03,-0.02,0.18,1.30,-0.09,9.75,0.04,0.00,0.08
99.56,89.75,-9.83,1.46,1.27,-0.05,-0.02,0.13,1.28,0.04,9.70,0.04,0.00,0.07
99.57,89.77,-9.85,1.50,1.30,-0.05,-0.03,0.10,1.29,0.10,9.68,0.03,0.00,0.04
99.59,89.77,-9.88,1.50,1.34,-0.06,-0.03,0.07,1.28,0.15,9.70,0.02,0.01,0.03
99.60,89.72,-9.62,1.53,1.40,-0.07,-0.03,0.04,1.22,0.18,9.72,0.01,0.00,0.02
99.62,89.64,-9.57,1.49,1.41,-0.05,-0.02,-0.01,1.21,0.16,9.78,-0.00,0.00,0.01
99.63,89.60,-9.70,1.53,1.34,-0.03,-0.00,-0.06,1.20,0.12,9.80,-0.01,-0.00,-0.02
99.65,89.61,-9.86,1.38,1.25,-0.03,0.01,-0.11,1.17,0.08,9.75,-0.03,-0.00,-0.07
99.67,89.69,-10.00,1.15,1.22,-0.03,-0.01,-0.13,1.18,-0.12,9.74,-0.03,-0.00,-0.08
99.69,89.73,-9.94,1.09,1.28,-0.03,-0.01,-0.13,1.21,-0.23,9.79,-0.03,-0.01,-0.05
99.72,89.72,-9.92,1.07,1.33,-0.04,-0.01,-0.12,1.23,-0.25,9.82,-0.03,-0.01,-0.05
99.74,89.74,-9.93,1.01,1.33,-0.05,-0.00,-0.10,1.28,-0.22,9.85,-0.03,-0.00,-0.05
99.75,89.76,-10.01,0.97,1.33,-0.05,0.01,-0.08,1.27,-0.21,9.84,-0.03,-0.00,-0.05
99.76,89.77,-10.02,0.96,1.32,-0.05,0.01,-0.07,1.26,-0.21,9.81,-0.03,0.00,-0.04
99.78,89.80,-10.02,0.95,1.27,-0.04,0.01,-0.06,1.25,-0.20,9.78,-0.03,0.00,-0.04
99.79,89.83,-10.01,0.93,1.22,-0.04,0.00,-0.05,1.22,-0.25,9.77,-0.03,0.00,-0.04
99.80,89.88,-9.99,0.86,1.16,-0.03,-0.01,-0.05,1.19,-0.29,9.78,-0.02,-0.00,-0.03
99.81,89.91,-9.98,0.81,1.12,-0.02,-0.01,-0.04,1.13,-0.34,9.80,-0.01,-0.01,-0.03
99.83,89.93,-10.03,0.77,1.13,-0.02,-0.02,-0.02,1.08,-0.40,9.83,-0.00,-0.01,-0.02
99.85,89.94,-10.08,0.81,1.12,-0.02,-0.02,0.01,1.09,-0.44,9.84,0.01,-0.01,0.00
99.86,89.93,-10.06,0.85,1.14,-0.03,-0.03,0.02,1.10,-0.44,9.83,0.01,-0.00,0.02
99.87,89.93,-10.03,0.93,1.16,-0.04,-0.03,0.03,1.13,-0.41,9.81,0.01,-0.00,0.03
99.88,89.93,-9.97,0.98,1.19,-0.05,-0.03,0.04,1.16,-0.37,9.80,0.01,-0.00,0.04
99.89,89.91,-9.95,0.99,1.26,-0.07,-0.03,0.05,1.20,-0.29,9.82,0.01,0.00,0.05
99.91,89.90,-9.95,0.99,1.31,-0.07,-0.03,0.06,1.25,-0.19,9.82,0.01,0.00,0.05
99.92,89.88,-9.95,0.99,1.34,-0.07,-0.02,0.07,1.27,-0.14,9.82,0.01,0.00,0.05
99.93,89.88,-9.97,1.02,1.34,-0.06,-0.02,0.07,1.31,-0.07,9.79,0.02,0.00,0.04
99.95,89.89,-9.96,1.07,1.33,-0.04,-0.02,0.06,1.31,-0.05,9.77,0.02,-0.00,0.03
99.96,89.90,-9.94,1.09,1.30,-0.03,-0.03,0.05,1.29,-0.06,9.76,0.02,-0.00,0.02
99.97,89.90,-9.93,1.11,1.30,-0.03,-0.03,0.04,1.25,-0.08,9.76,0.01,-0.00,0.02
99.98,89.89,-9.90,1.12,1.30,-0.02,-0.03,0.03,1.21,-0.10,9.78,0.01,-0.01,0.01
99.99,89.87,-9.90,1.15,1.29,-0.02,-0.03,0.03,1.18,-0.11,9.78,0.01,-0.01,0.01
100.00,89.84,-9.89,1.17,1.27,-0.02,-0.03,0.03,1.16,-0.14,9.80,0.01,-0.00,0.01
100.02,89.83,-9.91,1.19,1.27,-0.03,-0.02,0.02,1.16,-0.14,9.81,0.01,-0.00,0.01
100.03,89.80,-9.91,1.20,1.26,-0.03,-0.02,0.01,1.17,-0.14,9.80,0.00,-0.00,0.00
100.04,89.79,-9.89,1.20,1.27,-0.04,-0.02,0.00,1.18,-0.13,9.78,-0.00,-0.00,0.00
100.06,89.78,-9.88,1.19,1.28,-0.04,-0.02,-0.01,1.19,-0.12,9.78,-0.00,-0.00,-0.00
100.08,89.77,-9.89,1.17,1.28,-0.04,-0.02,-0.02,1.22,-0.10,9.78,-0.00,-0.00,-0.00
100.10,89.77,-9.91,1.16,1.29,-0.04,-0.02,-0.03,1.23,-0.11,9.78,-0.01,-0.00,-0.01
100.11,89.78,-9.94,1.11,1.29,-0.04,-0.02,-0.04,1.23,-0.14,9.77,-0.01,-0.00,-0.02
100.13,89.78,-9.93,1.08,1.29,-0.04,-0.01,-0.05,1.22,-0.17,9.78,-0.01,-0.00,-0.02
100.14,89.79,-9.96,1.02,1.27,-0.04,-0.01,-0.04,1.20,-0.20,9.80,-0.01,-0.00,-0.02
100.17,89.80,-9.96,1.00,1.25,-0.04,-0.01,-0.03,1.19,-0.23,9.81,-0.01,-0.00,-0.01
100.18,89.80,-9.97,0.98,1.23,-0.04,-0.01,-0.02,1.17,-0.26,9.81,-0.00,-0.00,-0.01
100.20,89.81,-9.98,0.98,1.24,-0.04,-0.02,-0.01,1.17,-0.26,9.80,-0.00,-0.00,-0.00
100.22,89.81,-9.98,0.99,1.24,-0.05,-0.02,-0.01,1.17,-0.25,9.79,-0.00,-0.00,0.00
100.23,89.80,-9.97,1.01,1.23,-0.05,-0.02,0.00,1.17,-0.22,9.79,0.00,-0.00,0.01
100.25,89.80,-9.97,1.04,1.24,-0.05,-0.02,0.01,1.19,-0.20,9.80,0.00,-0.00,0.01
100.26,89.81,-9.97,1.04,1.24,-0.05,-0.02,0.01,1.20,-0.18,9.80,0.00,-0.00,0.02
100.28,89.81,-9.95,1.06,1.27,-0.04,-0.02,0.01,1.23,-0.16,9.78,0.00,-0.00,0.01
100.31,89.82,-9.94,1.07,1.27,-0.04,-0.02,0.01,1.24,-0.16,9.78,0.00,-0.00,0.01
100.33,89.82,-9.93,1.08,1.28,-0.04,-0.02,0.01,1.22,-0.17,9.79,0.00,-0.00,0.01
100.34,89.81,-9.93,1.08,1.29,-0.04,-0.02,0.01,1.21,-0.16,9.80,0.00,-0.00,0.00
100.36,89.81,-9.94,1.09,1.27,-0.04,-0.02,0.01,1.20,-0.16,9.80,0.00,-0.00,0.00
100.37,89.80,-9.93,1.08,1.27,-0.04,-0.02,0.01,1.19,-0.16,9.79,0.00,-0.00,0.00
100.38,89.80,-9.94,1.09,1.26,-0.04,-0.02,0.00,1.19,-0.17,9.80,0.00,-0.00,0.00
100.39,89.79,-9.93,1.09,1.27,-0.04,-0.02,0.00,1.18,-0.17,9.79,0.00,-0.00,0.01
100.42,89.78,-9.93,1.09,1.27,-0.04,-0.02,0.00,1.21,-0.17,9.78,0.00,-0.00,0.01
100.43,89.78,-9.93,1.09,1.28,-0.04,-0.02,0.00,1.22,-0.16,9.79,-0.00,-0.00,0.00
100.44,89.78,-9.93,1.10,1.27,-0.04,-0.02,-0.00,1.22,-0.16,9.78,-0.00,-0.00,0.00
100.46,89.77,-9.92,1.11,1.27,-0.04,-0.02,-0.01,1.21,-0.15,9.80,-0.00,-0.00,0.00
100.47,89.77,-9.94,1.11,1.27,-0.04,-0.02,-0.01,1.20,-0.14,9.80,-0.00,-0.00,0.00
100.48,89.77,-9.93,1.12,1.28,-0.04,-0.02,-0.01,1.21,-0.14,9.80,-0.00,-0.00,-0.00
100.49,89.76,-9.93,1.11,1.28,-0.04,-0.02,-0.01,1.20,-0.14,9.80,-0.00,-0.00,-0.00
100.51,89.76,-9.94,1.10,1.29,-0.04,-0.02,-0.01,1.21,-0.14,9.80,-0.00,-0.00,-0.00
100.52,89.76,-9.92,1.08,1.27,-0.04,-0.02,-0.02,1.21,-0.15,9.80,-0.00,-0.00,-0.01
100.53,89.75,-9.93,1.06,1.28,-0.04,-0.02,-0.02,1.21,-0.17,9.79,-0.00,-0.00,-0.01
100.54,89.75,-9.93,1.06,1.28,-0.04,-0.02,-0.02,1.21,-0.18,9.79,-0.00,-0.00,-0.01
100.56,89.76,-9.94,1.06,1.27,-0.04,-0.02,-0.02,1.21,-0.19,9.79,-0.00,-0.00,-0.00
100.57,89.76,-9.93,1.05,1.27,-0.04,-0.02,-0.02,1.22,-0.20,9.79,-0.00,-0.00,-0.00
100.58,89.76,-9.94,1.05,1.28,-0.04,-0.02,-0.01,1.21,-0.21,9.79,-0.00,-0.00,-0.00
100.59,89.76,-9.94,1.05,1.28,-0.04,-0.02,-0.01,1.21,-0.21,9.78,-0.00,-0.00,-0.00
100.60,89.76,-9.94,1.04,1.28,-0.04,-0.02,-0.01,1.20,-0.21,9.79,-0.00,-0.00,0.00
100.61,89.76,-9.97,1.04,1.28,-0.04,-0.02,-0.01,1.19,-0.20,9.79,-0.00,-0.00,0.00
100.62,89.75,-9.96,1.04,1.28,-0.04,-0.02,-0.00,1.19,-0.20,9.79,-0.00,-0.00,0.00
100.63,89.75,-9.96,1.05,1.28,-0.04,-0.02,-0.00,1.19,-0.20,9.79,0.00,-0.00,0.00
100.64,89.74,-9.95,1.04,1.27,-0.04,-0.02,0.00,1.18,-0.19,9.80,0.00,-0.00,0.01
100.65,89.74,-9.96,1.06,1.27,-0.04,-0.02,0.00,1.18,-0.18,9.79,0.00,-0.00,0.01
100.67,89.74,-9.93,1.06,1.27,-0.04,-0.02,0.00,1.20,-0.18,9.80,0.00,-0.00,0.01
100.68,89.74,-9.93,1.08,1.27,-0.04,-0.02,0.00,1.22,-0.16,9.79,0.00,-0.00,0.01
100.70,89.75,-9.92,1.08,1.27,-0.04,-0.02,0.00,1.22,-0.16,9.79,0.00,-0.00,0.00
100.71,89.75,-9.93,1.08,1.27,-0.04,-0.02,0.00,1.23,-0.15,9.79,-0.00,-0.00,0.00
100.73,89.76,-9.93,1.09,1.27,-0.04,-0.02,-0.00,1.23,-0.16,9.79,-0.00,-0.00,0.00
100.74,89.76,-9.94,1.09,1.28,-0.04,-0.02,-0.00,1.23,-0.15,9.78,-0.00,-0.00,0.00
100.75,89.76,-9.93,1.09,1.28,-0.04,-0.02,-0.00,1.22,-0.15,9.79,-0.00,-0.00,0.00
100.77,89.76,-9.93,1.09,1.27,-0.04,-0.02,-0.01,1.21,-0.17,9.80,-0.00,-0.00,0.00
100.78,89.77,-9.94,1.09,1.28,-0.04,-0.02,-0.01,1.21,-0.17,9.80,-0.00,-0.00,-0.00
100.79,89.76,-9.94,1.08,1.27,-0.04,-0.02,-0.01,1.20,-0.18,9.80,-0.00,-0.00,-0.00
100.81,89.77,-9.93,1.08,1.26,-0.04,-0.02,-0.01,1.20,-0.18,9.79,-0.00,-0.00,-0.00
100.82,89.77,-9.94,1.07,1.27,-0.04,-0.02,-0.01,1.18,-0.18,9.78,-0.00,-0.00,0.00
100.83,89.76,-9.93,1.07,1.26,-0.04,-0.02,-0.01,1.19,-0.18,9.78,-0.00,-0.00,0.00
100.84,89.77,-9.94,1.07,1.26,-0.04,-0.02,-0.01,1.19,-0.17,9.78,-0.00,-0.00,0.00
100.86,89.77,-9.93,1.07,1.26,-0.04,-0.02,-0.01,1.20,-0.18,9.80,-0.00,-0.00,0.00
100.89,89.77,-9.94,1.06,1.26,-0.04,-0.02,-0.01,1.21,-0.18,9.80,-0.00,-0.00,0.00
100.90,89.77,-9.94,1.05,1.27,-0.04,-0.02,-0.00,1.21,-0.19,9.79,-0.00,-0.00,0.00
100.92,89.78,-9.96,1.05,1.27,-0.04,-0.02,-0.00,1.20,-0.19,9.79,0.00,-0.00,0.00
100.94,89.78,-9.96,1.05,1.27,-0.04,-0.02,-0.00,1.20,-0.19,9.78,0.00,-0.00,0.00
100.95,89.78,-9.95,1.06,1.27,-0.04,-0.02,-0.00,1.22,-0.19,9.78,0.00,-0.00,0.01
100.97,89.79,-9.94,1.06,1.27,-0.04,-0.02,0.00,1.20,-0.18,9.79,-0.00,-0.00,0.00
100.98,89.79,-9.95,1.08,1.27,-0.04,-0.02,0.00,1.20,-0.16,9.80,-0.00,-0.00,0.00
101.00,89.78,-9.94,1.08,1.27,-0.04,-0.02,0.00,1.21,-0.17,9.80,0.00,-0.00,0.00
101.02,89.79,-9.95,1.09,1.28,-0.04,-0.02,0.00,1.22,-0.16,9.80,0.00,-0.00,0.00
101.05,89.79,-9.93,1.08,1.27,-0.04,-0.02,-0.00,1.22,-0.18,9.78,-0.00,-0.00,-0.00
101.07,89.80,-9.93,1.08,1.27,-0.04,-0.02,-0.01,1.22,-0.17,9.79,-0.00,-0.00,-0.00
101.10,89.81,-9.94,1.08,1.27,-0.04,-0.02,-0.01,1.21,-0.17,9.78,-0.00,-0.00,-0.00
101.11,89.80,-9.94,1.08,1.27,-0.04,-0.02,-0.01,1.19,-0.17,9.78,-0.00,-0.00,-0.00
101.12,89.80,-9.94,1.09,1.26,-0.04,-0.02,-0.01,1.19,-0.19,9.78,-0.00,-0.00,0.00
101.14,89.80,-9.93,1.07,1.25,-0.04,-0.02,-0.01,1.19,-0.19,9.78,-0.00,-0.00,0.00
101.15,89.80,-9.94,1.07,1.25,-0.04,-0.02,-0.01,1.18,-0.19,9.80,-0.00,-0.00,0.00
101.18,89.80,-9.95,1.07,1.26,-0.04,-0.02,-0.00,1.19,-0.18,9.80,-0.00,-0.00,0.00
101.19,89.80,-9.95,1.07,1.25,-0.04,-0.02,-0.00,1.20,-0.18,9.80,-0.00,-0.00,0.00
101.21,89.81,-9.94,1.08,1.27,-0.04,-0.02,-0.00,1.21,-0.16,9.79,0.00,-0.00,0.00
101.24,89.80,-9.93,1.08,1.28,-0.04,-0.02,-0.00,1.22,-0.16,9.79,-0.00,-0.00,0.00
101.26,89.80,-9.95,1.08,1.28,-0.04,-0.02,-0.00,1.21,-0.16,9.80,-0.00,-0.00,0.00
101.27,89.80,-9.95,1.08,1.29,-0.04,-0.02,-0.00,1.21,-0.15,9.80,-0.00,-0.00,0.00
101.28,89.80,-9.95,1.08,1.27,-0.04,-0.02,-0.00,1.21,-0.15,9.80,-0.00,-0.00,0.00
101.29,89.80,-9.96,1.09,1.27,-0.04,-0.02,-0.00,1.21,-0.16,9.79,-0.00,-0.00,0.00
101.31,89.80,-9.95,1.09,1.26,-0.04,-0.02,-0.01,1.21,-0.15,9.79,-0.00,-0.00,-0.00
101.33,89.80,-9.95,1.08,1.27,-0.04,-0.02,-0.01,1.20,-0.16,9.79,-0.00,-0.00,-0.00
101.34,89.81,-9.95,1.09,1.26,-0.04,-0.02,-0.01,1.21,-0.17,9.79,-0.00,-0.00,-0.00
101.35,89.81,-9.95,1.09,1.26,-0.04,-0.02,-0.01,1.21,-0.19,9.80,-0.00,-0.00,-0.00
101.36,89.81,-9.95,1.09,1.26,-0.04,-0.02,-0.01,1.21,-0.19,9.80,-0.00,-0.00,0.00
101.39,89.81,-9.96,1.07,1.27,-0.04,-0.02,-0.01,1.20,-0.22,9.80,-0.00,-0.00,0.00
101.39,89.80,-9.94,1.05,1.27,-0.04,-0.02,-0.01,1.17,-0.22,9.80,-0.00,-0.00,0.00
101.41,89.79,-9.94,1.04,1.27,-0.04,-0.02,-0.00,1.17,-0.23,9.80,0.00,-0.00,0.02
101.44,89.75,-9.95,1.04,1.24,-0.04,-0.02,-0.00,1.15,-0.21,9.79,0.00,-0.00,0.02
101.46,89.75,-9.94,1.05,1.23,-0.05,-0.02,0.01,1.16,-0.18,9.80,0.00,0.00,0.02
101.48,89.75,-9.96,1.06,1.23,-0.05,-0.02,0.01,1.17,-0.19,9.81,0.01,0.00,0.02
101.49,89.75,-9.97,1.07,1.23,-0.05,-0.02,0.01,1.20,-0.20,9.81,0.01,-0.00,0.02
101.50,89.76,-9.96,1.08,1.25,-0.05,-0.03,0.01,1.22,-0.20,9.79,0.01,0.00,0.03
101.52,89.77,-9.96,1.09,1.26,-0.06,-0.03,0.02,1.24,-0.19,9.78,0.01,0.00,0.03
101.53,89.79,-9.96,1.09,1.27,-0.06,-0.03,0.02,1.27,-0.17,9.77,0.01,0.00,0.03
101.54,89.79,-9.95,1.07,1.28,-0.06,-0.03,0.02,1.28,-0.14,9.78,0.01,0.00,0.03
101.55,89.80,-9.93,1.08,1.30,-0.06,-0.02,0.03,1.28,-0.12,9.78,0.00,0.00,0.02
101.57,89.81,-9.92,1.12,1.33,-0.06,-0.02,0.02,1.27,-0.09,9.79,0.00,-0.00,0.01
101.58,89.79,-9.91,1.15,1.32,-0.05,-0.02,0.01,1.25,-0.07,9.79,-0.00,-0.00,0.00
101.60,89.79,-9.92,1.17,1.31,-0.05,-0.02,-0.00,1.22,-0.09,9.79,-0.00,-0.00,-0.00
101.62,89.78,-9.92,1.18,1.29,-0.04,-0.02,-0.01,1.20,-0.11,9.79,-0.00,-0.00,-0.01
101.64,89.77,-9.92,1.18,1.26,-0.04,-0.02,-0.02,1.16,-0.15,9.79,-0.00,-0.00,-0.01
101.66,89.75,-9.91,1.15,1.24,-0.05,-0.02,-0.03,1.15,-0.18,9.81,-0.00,-0.00,-0.01
101.67,89.75,-9.93,1.13,1.25,-0.05,-0.02,-0.03,1.15,-0.19,9.80,-0.00,-0.00,-0.01
101.68,89.74,-9.93,1.10,1.25,-0.05,-0.02,-0.04,1.17,-0.19,9.80,-0.00,-0.00,-0.01
101.69,89.74,-9.94,1.08,1.28,-0.05,-0.02,-0.03,1.20,-0.19,9.81,-0.00,-0.00,-0.01
101.71,89.74,-9.96,1.05,1.30,-0.05,-0.02,-0.03,1.22,-0.19,9.81,-0.00,-0.00,-0.01
101.72,89.74,-9.97,1.04,1.30,-0.05,-0.02,-0.03,1.23,-0.19,9.81,-0.00,-0.00,-0.00
101.73,89.75,-9.97,1.01,1.29,-0.04,-0.02,-0.02,1.24,-0.19,9.81,-0.00,-0.00,-0.00
101.75,89.77,-9.98,1.00,1.26,-0.04,-0.02,-0.01,1.23,-0.21,9.80,0.00,-0.00,0.00
101.76,89.79,-9.99,0.99,1.24,-0.04,-0.02,0.00,1.17,-0.25,9.80,0.00,-0.00,0.01
101.80,89.79,-9.99,0.98,1.24,-0.04,-0.02,0.01,1.16,-0.25,9.81,0.01,-0.00,0.01
101.81,89.79,-10.01,1.00,1.22,-0.04,-0.03,0.02,1.16,-0.25,9.81,0.01,-0.00,0.02
101.82,89.78,-9.99,1.01,1.21,-0.04,-0.03,0.03,1.16,-0.26,9.81,0.01,-0.00,0.03
101.84,89.78,-10.00,1.03,1.21,-0.05,-0.03,0.04,1.15,-0.26,9.81,0.01,-0.00,0.03
101.85,89.77,-9.98,1.05,1.22,-0.05,-0.03,0.05,1.16,-0.24,9.82,0.02,-0.00,0.04
101.86,89.76,-9.95,1.07,1.23,-0.05,-0.03,0.06,1.16,-0.23,9.81,0.02,-0.00,0.05
101.87,89.75,-9.96,1.08,1.25,-0.06,-0.03,0.06,1.17,-0.22,9.80,0.02,-0.00,0.05
101.89,89.74,-9.93,1.11,1.27,-0.06,-0.03,0.06,1.19,-0.20,9.79,0.02,-0.00,0.05
101.90,89.72,-9.93,1.15,1.28,-0.06,-0.03,0.06,1.21,-0.14,9.78,0.02,-0.00,0.05
101.92,89.70,-9.90,1.21,1.31,-0.06,-0.03,0.05,1.22,-0.11,9.78,0.02,-0.00,0.05
101.94,89.69,-9.89,1.22,1.32,-0.06,-0.03,0.05,1.22,-0.09,9.78,0.02,-0.00,0.05
101.95,89.67,-9.86,1.25,1.33,-0.06,-0.03,0.04,1.24,-0.08,9.76,0.02,-0.00,0.04
101.96,89.66,-9.86,1.26,1.36,-0.06,-0.03,0.03,1.25,-0.05,9.75,0.01,-0.00,0.04
101.97,89.65,-9.85,1.27,1.36,-0.06,-0.02,0.02,1.29,-0.03,9.74,0.01,-0.00,0.03
101.98,89.64,-9.85,1.28,1.38,-0.06,-0.02,0.00,1.29,-0.02,9.75,0.00,-0.00,0.02
101.99,89.65,-9.86,1.28,1.39,-0.05,-0.02,-0.01,1.29,0.01,9.75,-0.00,-0.00,0.01
102.01,89.65,-9.87,1.27,1.38,-0.05,-0.02,-0.03,1.28,0.03,9.75,-0.01,-0.00,-0.00
102.02,89.66,-9.92,1.20,1.33,-0.03,-0.01,-0.06,1.24,-0.03,9.77,-0.01,-0.01,-0.03
102.05,89.66,-9.94,1.14,1.30,-0.02,-0.02,-0.06,1.20,-0.12,9.80,-0.01,-0.01,-0.04
102.07,89.66,-9.98,1.05,1.24,-0.02,-0.02,-0.05,1.14,-0.26,9.83,-0.01,-0.01,-0.03
102.09,89.67,-9.98,0.99,1.21,-0.02,-0.02,-0.04,1.12,-0.31,9.83,-0.01,-0.01,-0.02
102.10,89.67,-9.98,0.96,1.22,-0.03,-0.02,-0.02,1.13,-0.35,9.82,-0.00,-0.00,-0.01
102.12,89.66,-9.98,0.96,1.22,-0.03,-0.02,-0.01,1.14,-0.36,9.81,0.00,-0.00,-0.00
102.13,89.66,-9.98,0.98,1.25,-0.04,-0.02,0.01,1.15,-0.33,9.80,0.00,-0.00,0.01
102.14,89.65,-9.97,1.03,1.27,-0.04,-0.02,0.03,1.17,-0.28,9.80,0.00,0.00,0.02
102.15,89.64,-9.94,1.06,1.28,-0.05,-0.02,0.04,1.18,-0.24,9.80,0.00,0.00,0.03
102.17,89.63,-9.93,1.10,1.30,-0.05,-0.02,0.04,1.20,-0.18,9.80,0.01,0.00,0.03
102.18,89.62,-9.92,1.15,1.32,-0.05,-0.02,0.04,1.21,-0.12,9.79,0.01,0.00,0.03
102.19,89.61,-9.89,1.21,1.34,-0.05,-0.02,0.03,1.24,-0.06,9.79,0.01,0.00,0.03
102.21,89.61,-9.89,1.23,1.35,-0.05,-0.02,0.03,1.26,-0.04,9.79,0.00,0.00,0.02
102.22,89.60,-9.88,1.24,1.34,-0.04,-0.02,0.02,1.26,-0.04,9.80,0.00,-0.00,0.01
102.23,89.61,-9.87,1.23,1.33,-0.04,-0.01,0.01,1.23,-0.05,9.78,0.00,-0.00,0.01
102.25,89.60,-9.88,1.23,1.32,-0.04,-0.01,-0.00,1.19,-0.08,9.78,-0.00,-0.00,-0.00
102.26,89.59,-9.91,1.23,1.29,-0.04,-0.01,-0.01,1.16,-0.10,9.80,-0.00,-0.00,-0.01
102.28,89.58,-9.92,1.23,1.26,-0.05,-0.01,-0.01,1.13,-0.14,9.81,-0.00,0.00,-0.01
102.29,89.57,-9.92,1.22,1.23,-0.06,-0.01,-0.01,1.12,-0.18,9.80,-0.00,0.00,0.00
102.31,89.57,-9.91,1.21,1.24,-0.07,-0.01,-0.02,1.15,-0.17,9.80,-0.00,0.00,0.01
102.33,89.58,-9.92,1.18,1.26,-0.07,-0.01,-0.03,1.18,-0.15,9.77,-0.01,0.00,0.01
102.34,89.60,-9.93,1.16,1.27,-0.08,-0.01,-0.03,1.22,-0.13,9.77,-0.01,0.00,0.01
102.35,89.63,-9.95,1.13,1.29,-0.07,-0.01,-0.03,1.26,-0.10,9.78,-0.01,0.00,0.00
102.37,89.66,-9.95,1.10,1.32,-0.06,-0.01,-0.04,1.28,-0.08,9.77,-0.01,-0.00,-0.01
102.39,89.69,-9.95,1.07,1.33,-0.05,-0.01,-0.05,1.30,-0.09,9.76,-0.01,-0.01,-0.01
102.40,89.73,-9.98,1.01,1.33,-0.03,-0.02,-0.04,1.28,-0.15,9.79,-0.01,-0.01,-0.03
102.43,89.74,-9.99,0.96,1.32,-0.02,-0.02,-0.03,1.27,-0.21,9.80,-0.01,-0.01,-0.03
102.44,89.75,-9.99,0.93,1.31,-0.02,-0.02,-0.03,1.26,-0.25,9.80,-0.01,-0.01,-0.02
102.45,89.76,-10.00,0.92,1.30,-0.01,-0.02,-0.02,1.24,-0.30,9.80,-0.00,-0.01,-0.02
102.46,89.76,-10.00,0.93,1.27,-0.01,-0.02,0.00,1.21,-0.33,9.81,0.00,-0.01,-0.02
102.47,89.77,-10.00,0.95,1.24,-0.01,-0.02,0.02,1.16,-0.35,9.81,0.00,-0.01,-0.01
102.48,89.76,-9.99,0.97,1.24,-0.02,-0.02,0.03,1.14,-0.34,9.81,0.01,-0.00,0.00
102.49,89.75,-9.99,1.00,1.23,-0.02,-0.02,0.05,1.12,-0.32,9.81,0.01,-0.00,0.02
102.51,89.73,-9.96,1.07,1.21,-0.03,-0.03,0.07,1.10,-0.27,9.81,0.02,-0.00,0.03
102.53,89.71,-9.95,1.11,1.20,-0.03,-0.03,0.07,1.09,-0.25,9.80,0.02,0.00,0.04
102.54,89.70,-9.95,1.15,1.20,-0.03,-0.03,0.07,1.10,-0.23,9.81,0.02,0.00,0.05
102.56,89.64,-9.93,1.20,1.24,-0.05,-0.03,0.08,1.14,-0.16,9.80,0.02,0.00,0.06
102.57,89.63,-9.93,1.22,1.26,-0.05,-0.03,0.08,1.17,-0.14,9.78,0.02,0.00,0.06
102.59,89.62,-9.89,1.24,1.27,-0.05,-0.03,0.07,1.20,-0.10,9.77,0.02,0.00,0.06
102.60,89.61,-9.87,1.30,1.30,-0.05,-0.03,0.06,1.23,-0.04,9.75,0.02,-0.00,0.05
102.62,89.61,-9.85,1.34,1.32,-0.05,-0.03,0.05,1.25,0.00,9.74,0.01,-0.00,0.03
102.63,89.61,-9.82,1.38,1.34,-0.05,-0.03,0.03,1.28,0.04,9.73,0.01,-0.00,0.02
102.65,89.61,-9.80,1.42,1.40,-0.05,-0.02,-0.00,1.31,0.08,9.73,0.00,-0.00,0.00
102.66,89.59,-9.79,1.43,1.43,-0.05,-0.02,-0.02,1.32,0.10,9.73,-0.01,-0.01,-0.01
102.67,89.60,-9.80,1.41,1.44,-0.04,-0.01,-0.05,1.33,0.11,9.73,-0.01,-0.01,-0.03
102.68,89.59,-9.81,1.40,1.43,-0.04,-0.01,-0.07,1.31,0.10,9.75,-0.02,-0.01,-0.04
102.70,89.59,-9.83,1.36,1.41,-0.03,-0.00,-0.09,1.28,0.07,9.76,-0.03,-0.01,-0.06
102.71,89.59,-9.84,1.32,1.39,-0.02,-0.00,-0.10,1.22,0.01,9.80,-0.03,-0.01,-0.07
102.72,89.57,-9.89,1.22,1.33,-0.02,0.00,-0.11,1.17,-0.08,9.81,-0.04,-0.00,-0.08
102.74,89.57,-9.92,1.14,1.27,-0.01,0.00,-0.11,1.15,-0.18,9.82,-0.03,-0.00,-0.08
102.76,89.61,-9.96,1.00,1.22,-0.02,0.00,-0.09,1.15,-0.31,9.80,-0.03,-0.00,-0.06
102.79,89.66,-10.01,0.93,1.18,-0.03,0.00,-0.06,1.12,-0.43,9.84,-0.02,-0.00,-0.04
102.81,89.68,-10.02,0.92,1.16,-0.04,0.00,-0.04,1.10,-0.43,9.83,-0.01,-0.00,-0.02
102.83,89.72,-10.03,0.96,1.16,-0.06,-0.00,-0.01,1.11,-0.35,9.80,-0.00,0.00,0.01
102.84,89.72,-10.01,0.98,1.17,-0.06,-0.01,0.00,1.13,-0.30,9.78,0.00,0.00,0.02
102.86,89.76,-9.98,1.04,1.23,-0.07,-0.02,0.02,1.20,-0.20,9.77,0.01,0.00,0.03
102.88,89.78,-9.98,1.09,1.28,-0.06,-0.02,0.03,1.26,-0.14,9.78,0.01,-0.00,0.03
102.90,89.79,-9.96,1.09,1.31,-0.06,-0.02,0.03,1.26,-0.13,9.78,0.01,-0.00,0.03
102.91,89.79,-9.96,1.11,1.33,-0.05,-0.02,0.02,1.26,-0.09,9.78,0.01,-0.00,0.02
102.92,89.78,-9.94,1.13,1.33,-0.05,-0.02,0.02,1.26,-0.08,9.78,0.01,-0.00,0.02
102.93,89.79,-9.94,1.13,1.33,-0.04,-0.02,0.02,1.26,-0.07,9.78,0.01,-0.00,0.01
102.94,89.79,-9.94,1.13,1.30,-0.03,-0.02,0.01,1.22,-0.09,9.77,0.00,-0.00,-0.00
102.96,89.78,-9.94,1.13,1.29,-0.03,-0.02,0.00,1.21,-0.10,9.77,-0.00,-0.00,-0.01
102.98,89.77,-9.93,1.13,1.27,-0.02,-0.02,0.00,1.19,-0.13,9.79,-0.00,-0.00,-0.01
102.99,89.75,-9.92,1.12,1.27,-0.02,-0.02,0.00,1.17,-0.18,9.80,-0.00,-0.00,-0.01
103.01,89.74,-9.93,1.12,1.27,-0.02,-0.02,0.01,1.16,-0.20,9.81,0.00,-0.00,-0.00
103.02,89.72,-9.91,1.13,1.25,-0.03,-0.02,0.01,1.17,-0.21,9.81,0.00,-0.00,-0.00
103.03,89.72,-9.92,1.14,1.26,-0.03,-0.02,0.01,1.17,-0.22,9.80,0.00,-0.00,-0.00
103.04,89.72,-9.91,1.15,1.25,-0.04,-0.02,0.01,1.18,-0.21,9.80,0.00,-0.00,0.00
103.06,89.72,-9.89,1.15,1.25,-0.04,-0.02,0.00,1.18,-0.20,9.79,0.00,-0.00,0.01
103.07,89.72,-9.89,1.15,1.26,-0.04,-0.02,0.00,1.21,-0.17,9.78,0.00,-0.00,0.01
103.08,89.72,-9.91,1.14,1.27,-0.04,-0.02,-0.01,1.22,-0.15,9.78,0.00,-0.00,0.01
103.10,89.72,-9.91,1.14,1.27,-0.04,-0.02,-0.01,1.21,-0.15,9.78,0.00,-0.00,0.01
103.11,89.73,-9.94,1.14,1.27,-0.04,-0.02,-0.01,1.20,-0.14,9.79,0.00,-0.00,0.01
103.12,89.73,-9.95,1.12,1.25,-0.04,-0.02,-0.02,1.19,-0.15,9.79,0.00,-0.00,0.01
103.14,89.73,-9.95,1.09,1.26,-0.04,-0.02,-0.02,1.18,-0.18,9.79,0.01,-0.01,0.01
103.15,89.73,-9.97,1.08,1.27,-0.04,-0.02,-0.01,1.20,-0.19,9.79,0.01,-0.00,0.01
103.17,89.73,-9.97,1.08,1.29,-0.04,-0.02,-0.01,1.21,-0.18,9.80,0.01,-0.00,0.01
103.18,89.72,-9.99,1.09,1.31,-0.04,-0.02,0.01,1.23,-0.18,9.83,0.01,-0.00,0.01
103.21,89.72,-9.98,1.08,1.31,-0.04,-0.02,0.01,1.24,-0.18,9.82,0.01,-0.00,0.02
103.22,89.72,-9.94,1.10,1.32,-0.04,-0.02,0.02,1.26,-0.16,9.80,0.01,-0.00,0.02
103.23,89.73,-9.95,1.11,1.33,-0.04,-0.02,0.02,1.30,-0.17,9.79,0.01,-0.00,0.02
103.25,89.75,-9.92,1.13,1.33,-0.05,-0.02,0.01,1.31,-0.18,9.78,0.01,-0.00,0.03
103.26,89.77,-9.94,1.13,1.34,-0.05,-0.01,0.01,1.33,-0.19,9.78,0.01,-0.00,0.03
103.27,89.78,-9.94,1.11,1.35,-0.06,-0.01,0.01,1.34,-0.20,9.79,0.01,0.00,0.03
103.30,89.87,-9.96,1.02,1.39,-0.07,-0.00,0.01,1.44,-0.25,9.78,0.03,0.01,0.04
103.31,89.90,-9.96,1.02,1.40,-0.08,0.00,0.02,1.47,-0.28,9.78,0.03,0.01,0.04
103.33,89.99,-9.97,1.06,1.40,-0.10,0.01,0.03,1.46,-0.28,9.79,0.04,0.01,0.04
103.35,90.04,-9.95,1.08,1.40,-0.12,0.01,0.04,1.41,-0.23,9.80,0.04,0.02,0.04
103.37,90.06,-9.94,1.12,1.36,-0.13,0.02,0.05,1.31,-0.20,9.82,0.04,0.03,0.05
103.39,90.05,-9.95,1.17,1.33,-0.13,0.02,0.06,1.24,-0.12,9.83,0.04,0.03,0.06
103.40,90.04,-9.93,1.22,1.29,-0.13,0.03,0.06,1.22,-0.08,9.82,0.04,0.04,0.07
103.42,90.02,-9.92,1.26,1.27,-0.14,0.03,0.06,1.20,-0.05,9.82,0.04,0.04,0.08
103.43,90.03,-9.92,1.29,1.23,-0.14,0.03,0.05,1.18,-0.03,9.81,0.04,0.03,0.08
103.44,90.03,-9.91,1.34,1.21,-0.14,0.03,0.04,1.15,0.01,9.79,0.04,0.03,0.07
103.45,90.02,-9.90,1.37,1.19,-0.14,0.03,0.03,1.11,0.06,9.77,0.03,0.03,0.06
103.47,90.00,-9.88,1.37,1.20,-0.14,0.02,0.02,1.09,0.11,9.74,0.02,0.02,0.06
103.48,89.98,-9.87,1.36,1.21,-0.13,0.02,0.01,1.13,0.11,9.74,0.02,0.02,0.06
103.50,89.96,-9.86,1.31,1.23,-0.12,0.01,-0.01,1.17,0.10,9.74,0.01,0.03,0.05
103.51,89.95,-9.85,1.29,1.28,-0.11,0.01,-0.03,1.21,0.09,9.73,0.00,0.03,0.04
103.53,89.94,-9.85,1.27,1.29,-0.11,0.01,-0.04,1.22,0.08,9.74,-0.01,0.03,0.03
103.54,89.92,-9.87,1.24,1.31,-0.10,0.01,-0.05,1.23,0.05,9.76,-0.02,0.03,0.01
103.55,89.90,-9.88,1.21,1.32,-0.09,0.01,-0.05,1.21,0.01,9.78,-0.02,0.03,0.00
103.57,89.87,-9.92,1.18,1.30,-0.08,0.02,-0.05,1.18,-0.02,9.80,-0.02,0.03,0.00
103.58,89.84,-9.93,1.17,1.29,-0.08,0.02,-0.05,1.17,-0.05,9.81,-0.02,0.04,0.00
103.59,89.81,-9.94,1.15,1.26,-0.08,0.02,-0.05,1.13,-0.09,9.81,-0.02,0.04,0.01
103.61,89.77,-9.95,1.13,1.23,-0.08,0.01,-0.04,1.13,-0.11,9.80,-0.03,0.05,0.02
103.62,89.75,-9.96,1.13,1.22,-0.09,0.01,-0.04,1.13,-0.12,9.79,-0.03,0.05,0.02
103.63,89.73,-9.97,1.12,1.18,-0.09,0.00,-0.03,1.10,-0.13,9.79,-0.03,0.05,0.03
103.64,89.71,-9.99,1.13,1.16,-0.09,-0.01,-0.03,1.10,-0.15,9.80,-0.03,0.05,0.04
103.66,89.66,-10.03,1.12,1.14,-0.11,-0.02,-0.02,1.07,-0.19,9.85,-0.02,0.05,0.05
103.67,89.64,-10.03,1.12,1.14,-0.11,-0.02,-0.02,1.04,-0.18,9.85,-0.02,0.05,0.05
103.69,89.59,-10.04,1.12,1.12,-0.11,-0.03,-0.01,0.99,-0.18,9.83,-0.02,0.05,0.05
103.70,89.56,-10.04,1.11,1.06,-0.11,-0.05,-0.01,0.94,-0.17,9.81,-0.02,0.04,0.05
103.70,89.56,-10.04,1.11,1.06,-0.11,-0.05,-0.01,0.94,-0.17,9.81,-0.02,0.04,0.05
103.77,89.44,-10.06,1.12,0.99,-0.11,-0.06,-0.00,0.86,-0.17,9.79,-0.01,0.04,0.05
103.79,89.39,-10.07,1.17,0.89,-0.11,-0.08,-0.00,0.81,-0.17,9.78,-0.01,0.03,0.04
103.81,89.30,-10.07,1.35,0.66,-0.13,-0.14,-0.03,0.60,-0.14,9.73,-0.00,-0.00,0.02
103.83,89.19,-10.09,1.43,0.51,-0.16,-0.20,-0.07,0.46,-0.16,9.73,0.00,-0.03,-0.01
103.85,88.95,-10.06,1.45,0.47,-0.21,-0.25,-0.11,0.28,-0.10,9.72,0.01,-0.05,-0.02
103.87,88.64,-10.04,1.32,0.58,-0.22,-0.30,-0.11,0.11,-0.02,9.74,0.01,-0.07,-0.01
103.89,88.26,-9.90,1.02,0.71,-0.15,-0.31,-0.09,0.08,0.03,9.77,-0.00,-0.11,0.02
103.91,87.95,-9.90,0.71,0.72,-0.05,-0.26,-0.04,0.22,-0.03,9.87,-0.01,-0.12,0.05
103.92,87.82,-10.21,0.64,0.76,0.06,-0.24,0.05,0.36,-0.25,9.94,-0.01,-0.15,0.09
103.93,87.80,-10.46,0.69,0.71,0.08,-0.24,0.11,0.45,-0.56,9.95,0.01,-0.16,0.15
103.94,87.82,-10.83,0.57,0.79,0.04,-0.31,0.22,0.58,-0.87,9.83,0.03,-0.18,0.32
103.96,87.79,-10.83,0.45,0.94,-0.01,-0.37,0.27,0.69,-1.05,9.70,0.05,-0.17,0.41
103.97,87.63,-10.65,0.02,1.42,-0.06,-0.49,0.29,1.02,-1.32,9.81,0.07,-0.16,0.55
103.99,87.07,-10.40,0.38,1.73,-0.10,-0.59,0.25,1.19,-1.28,9.79,0.09,-0.15,0.64
104.01,86.70,-10.31,0.47,1.90,-0.20,-0.68,0.20,1.58,-1.33,9.82,0.10,-0.15,0.67
104.02,86.56,-10.03,0.57,1.98,-0.26,-0.72,0.15,1.74,-1.23,9.79,0.12,-0.17,0.67
104.03,86.22,-9.66,1.22,2.12,-0.32,-0.71,0.09,1.71,-0.84,9.82,0.12,-0.21,0.59
104.04,85.70,-9.47,1.50,2.60,-0.38,-0.67,0.00,1.81,-0.34,9.97,0.13,-0.23,0.46
104.06,85.16,-9.20,1.82,3.25,-0.37,-0.63,-0.07,2.24,0.27,10.00,0.18,-0.23,0.39
104.07,84.91,-9.03,2.06,3.70,-0.34,-0.60,-0.13,2.58,0.74,9.79,0.20,-0.22,0.34
104.09,84.43,-8.81,2.26,4.31,-0.27,-0.57,-0.19,2.97,1.33,9.45,0.14,-0.18,0.20
104.10,84.28,-8.74,2.23,4.60,-0.22,-0.55,-0.24,3.13,1.40,9.46,0.07,-0.13,0.10
104.11,83.36,-8.72,2.01,4.82,-0.13,-0.52,-0.33,3.15,1.26,9.58,-0.01,-0.05,-0.02
104.13,82.69,-8.74,1.81,4.84,-0.09,-0.50,-0.37,3.04,1.12,9.57,-0.05,-0.01,-0.09
104.15,82.22,-8.83,1.59,4.77,-0.04,-0.48,-0.40,2.86,0.91,9.53,-0.08,0.04,-0.14
104.16,81.60,-8.95,1.33,4.62,-0.01,-0.46,-0.39,2.64,0.62,9.50,-0.11,0.09,-0.15
104.17,81.07,-9.00,0.93,4.49,0.01,-0.45,-0.35,2.48,0.27,9.52,-0.12,0.15,-0.11
104.18,80.48,-9.05,0.64,4.37,0.03,-0.43,-0.30,2.37,-0.07,9.64,-0.11,0.22,-0.03
104.19,79.90,-9.05,0.40,4.27,0.02,-0.40,-0.25,2.26,-0.37,9.78,-0.09,0.27,0.07
104.21,78.86,-8.94,0.03,4.12,-0.00,-0.29,-0.15,2.25,-0.68,9.97,-0.03,0.33,0.09
104.23,78.49,-8.91,-0.05,4.06,-0.01,-0.23,-0.12,2.24,-0.75,10.00,0.00,0.35,0.07
104.24,78.05,-8.91,-0.11,3.83,-0.03,-0.14,-0.06,2.04,-0.82,9.98,0.03,0.37,0.02
104.26,77.68,-8.83,-0.05,3.45,-0.06,-0.03,0.01,1.58,-0.91,9.95,0.08,0.37,-0.01
104.27,77.39,-8.76,0.04,3.00,-0.09,0.12,0.09,1.15,-0.92,9.90,0.13,0.36,-0.02
104.28,77.17,-8.72,0.13,2.80,-0.11,0.20,0.14,0.82,-0.88,9.89,0.16,0.35,-0.02
104.30,77.24,-8.66,0.27,2.51,-0.12,0.32,0.21,0.44,-0.74,9.83,0.18,0.34,-0.04
104.31,77.23,-8.65,0.54,2.21,-0.13,0.44,0.29,0.10,-0.57,9.77,0.18,0.33,-0.06
104.32,77.07,-8.72,0.80,1.98,-0.13,0.53,0.35,-0.31,-0.31,9.70,0.17,0.30,-0.07
104.33,77.24,-9.00,1.20,1.59,-0.12,0.68,0.53,-0.70,0.06,9.70,0.15,0.27,-0.06
104.34,77.78,-9.20,1.60,1.29,-0.11,0.82,0.67,-0.92,0.32,9.76,0.12,0.23,-0.02
104.36,78.25,-9.59,1.99,1.30,-0.13,0.92,0.87,-0.87,0.54,9.86,0.10,0.21,0.04
104.37,78.52,-9.82,2.31,1.61,-0.18,0.95,1.04,-0.49,0.63,9.94,0.11,0.20,0.09
104.39,78.99,-9.89,2.64,2.14,-0.24,0.96,1.21,0.11,0.79,9.95,0.13,0.20,0.11
104.40,79.49,-9.77,2.92,2.74,-0.29,0.95,1.34,0.88,1.06,9.85,0.13,0.22,0.09
104.41,79.96,-9.25,3.36,3.04,-0.32,0.92,1.27,1.88,1.46,9.69,0.12,0.24,0.02
104.42,80.59,-9.13,3.38,3.38,-0.35,0.84,0.95,2.73,1.71,9.57,0.09,0.26,-0.07
104.43,81.43,-9.17,2.53,4.21,-0.28,0.67,0.36,4.05,1.71,9.38,0.04,0.28,-0.28
104.45,82.19,-9.29,2.04,4.47,-0.20,0.57,0.01,4.66,1.32,9.41,-0.00,0.28,-0.46
104.46,82.69,-9.52,1.21,4.53,-0.04,0.45,-0.35,4.53,0.72,9.56,-0.06,0.27,-0.70
104.47,83.21,-9.74,0.93,4.17,0.08,0.42,-0.46,3.67,0.19,9.72,-0.11,0.26,-0.81
104.48,83.48,-10.20,0.92,3.04,0.24,0.40,-0.56,2.03,-0.10,9.81,-0.17,0.23,-0.88
104.50,83.52,-10.46,1.06,1.62,0.35,0.39,-0.57,-0.34,-0.38,9.90,-0.23,0.15,-0.77
104.51,83.39,-10.47,1.15,0.54,0.39,0.40,-0.51,-1.65,-0.63,10.03,-0.26,0.09,-0.56
104.53,83.36,-10.50,1.38,-0.66,0.38,0.37,-0.34,-2.29,-0.94,10.14,-0.19,0.06,-0.33
104.55,83.29,-10.54,1.60,-1.12,0.31,0.34,-0.22,-2.14,-1.09,10.09,-0.12,0.05,-0.25
104.56,83.81,-10.59,1.79,-1.36,0.20,0.29,-0.12,-1.96,-1.08,10.00,-0.07,0.05,-0.19
104.57,85.02,-10.78,1.95,-1.19,0.01,0.20,-0.03,-1.90,-1.05,9.93,-0.04,0.05,-0.17
104.59,85.05,-10.74,1.85,-0.69,-0.11,0.11,0.02,-1.73,-0.93,9.82,-0.00,0.06,-0.11
104.60,84.71,-10.46,1.55,0.02,-0.18,0.01,0.07,-1.25,-0.60,9.73,0.02,0.08,-0.03
104.61,84.22,-10.29,1.43,0.45,-0.19,-0.05,0.10,-0.77,-0.37,9.79,0.02,0.10,0.01
104.62,84.02,-10.08,1.35,0.89,-0.18,-0.09,0.12,-0.16,-0.24,9.96,0.03,0.12,0.07
104.64,83.88,-10.04,1.26,1.25,-0.17,-0.10,0.12,0.30,-0.19,10.08,0.06,0.12,0.10
104.66,83.77,-10.06,1.05,1.67,-0.14,-0.09,0.15,0.77,-0.12,10.14,0.11,0.09,0.16
104.68,83.68,-10.09,0.99,1.84,-0.08,-0.08,0.18,0.90,-0.06,10.08,0.13,0.07,0.17
104.69,83.68,-10.08,1.06,1.87,-0.02,-0.08,0.21,0.98,0.04,9.96,0.14,0.05,0.18
104.70,83.71,-10.01,1.23,1.86,0.05,-0.07,0.24,1.00,0.17,9.80,0.13,0.02,0.18
104.72,83.83,-9.86,1.44,1.85,0.10,-0.07,0.26,0.95,0.21,9.74,0.11,-0.00,0.17
104.74,83.84,-9.72,1.61,1.82,0.15,-0.06,0.27,0.79,0.23,9.71,0.08,-0.01,0.15
104.75,83.76,-9.65,1.77,1.75,0.18,-0.05,0.27,0.57,0.21,9.72,0.06,-0.01,0.13
104.76,83.70,-9.70,1.88,1.63,0.20,-0.04,0.28,0.43,0.18,9.78,0.04,-0.01,0.11
104.77,83.66,-9.79,1.95,1.53,0.19,-0.04,0.29,0.34,0.11,9.87,0.03,0.00,0.10
104.79,83.58,-9.85,2.01,1.45,0.18,-0.03,0.29,0.15,0.08,9.98,0.02,0.01,0.07
104.82,83.41,-9.84,2.18,1.24,0.16,-0.02,0.28,-0.00,0.07,9.97,0.03,0.02,0.07
104.83,83.37,-9.84,2.27,1.17,0.14,-0.03,0.27,-0.03,0.08,9.91,0.03,0.02,0.07
104.84,83.31,-9.82,2.30,1.16,0.12,-0.05,0.25,-0.01,0.09,9.89,0.04,0.02,0.08
104.86,83.27,-9.80,2.27,1.20,0.08,-0.07,0.23,0.08,0.10,9.89,0.05,0.01,0.09
104.87,83.24,-9.78,2.19,1.31,0.07,-0.08,0.21,0.19,0.13,9.92,0.05,0.01,0.10
104.89,83.23,-9.77,2.13,1.41,0.07,-0.08,0.21,0.38,0.19,9.96,0.05,0.01,0.11
104.90,83.20,-9.75,2.08,1.57,0.08,-0.08,0.21,0.49,0.28,9.97,0.04,0.00,0.10
104.92,83.17,-9.74,2.08,1.68,0.11,-0.08,0.21,0.54,0.42,9.99,0.02,-0.01,0.05
104.93,83.14,-9.74,2.15,1.72,0.15,-0.07,0.21,0.57,0.37,10.07,0.01,-0.03,-0.02
104.94,83.26,-9.79,2.32,1.70,0.17,-0.04,0.18,0.79,0.47,10.22,0.03,-0.03,-0.05
104.97,83.41,-9.78,2.46,1.67,0.16,-0.01,0.13,0.71,0.39,10.30,0.15,-0.02,-0.03
105.00,83.48,-9.68,2.50,1.59,0.15,-0.00,0.11,0.62,0.36,10.25,0.21,-0.02,-0.02
105.01,83.55,-9.53,2.54,1.47,0.14,-0.00,0.12,0.51,0.41,10.07,0.33,-0.05,-0.01
105.02,83.64,-9.38,2.61,1.38,0.12,-0.01,0.13,0.44,0.49,9.98,0.40,-0.07,0.01
105.03,83.74,-9.30,2.71,1.35,0.11,-0.01,0.13,0.39,0.66,9.85,0.49,-0.11,0.04
105.05,83.91,-9.29,2.85,1.40,0.09,-0.01,0.10,0.36,0.80,9.67,0.58,-0.18,0.11
105.06,84.07,-9.23,3.02,1.50,0.08,-0.02,0.06,0.51,0.87,9.47,0.60,-0.22,0.14
105.08,84.32,-9.11,3.13,1.56,0.07,-0.03,0.02,0.93,0.88,9.18,0.56,-0.27,0.15
105.09,84.74,-8.95,3.17,1.63,0.05,-0.05,-0.04,1.35,0.87,8.93,0.49,-0.30,0.11
105.11,85.21,-8.87,3.17,1.65,0.03,-0.06,-0.08,1.73,0.84,8.72,0.40,-0.32,0.01
105.12,86.01,-8.94,3.06,1.72,-0.03,-0.08,-0.18,1.84,0.79,8.68,0.21,-0.34,-0.30
105.26,86.65,-9.12,2.90,1.78,-0.07,-0.08,-0.23,1.41,0.80,9.14,0.01,-0.33,-0.32
105.27,86.76,-9.39,2.72,1.84,-0.10,-0.07,-0.25,1.18,0.81,9.47,-0.06,-0.31,-0.38
105.28,86.88,-9.77,2.46,1.84,-0.12,-0.05,-0.27,0.81,0.77,10.18,-0.15,-0.24,-0.44
105.31,86.84,-9.89,2.33,1.82,-0.13,-0.03,-0.26,0.65,0.77,10.37,-0.14,-0.16,-0.42
105.33,86.58,-9.93,2.02,1.64,-0.05,0.00,-0.24,0.34,0.80,10.06,-0.07,-0.09,-0.23
105.36,86.43,-10.03,1.85,1.37,-0.02,-0.04,-0.05,0.70,0.02,10.06,-0.04,-0.03,-0.05
105.39,86.40,-9.93,1.79,1.45,-0.06,-0.04,0.04,0.66,0.12,9.99,-0.02,-0.02,-0.01
105.40,86.35,-9.89,1.85,1.50,-0.08,-0.04,0.08,0.70,0.26,9.89,-0.01,-0.01,0.03
105.41,86.29,-9.79,1.98,1.55,-0.08,-0.04,0.11,0.83,0.44,9.81,0.00,0.00,0.10
105.43,86.25,-9.66,2.31,1.66,-0.08,-0.03,0.12,1.08,0.79,9.77,-0.01,0.02,0.07
105.45,86.28,-9.62,2.42,1.65,-0.07,-0.03,0.09,1.14,0.93,9.79,-0.02,0.01,0.03
105.46,86.30,-9.61,2.43,1.64,-0.06,-0.02,0.05,1.11,0.98,9.78,-0.02,0.00,0.01
105.48,86.34,-9.65,2.37,1.61,-0.05,-0.02,0.01,1.01,0.91,9.78,-0.00,-0.01,0.00
105.49,86.35,-9.68,2.33,1.58,-0.05,-0.02,-0.00,0.95,0.85,9.79,0.00,-0.01,-0.02
105.52,86.34,-9.74,2.29,1.49,-0.04,-0.02,-0.01,0.79,0.69,9.84,0.00,-0.01,-0.02
105.53,86.30,-9.74,2.26,1.47,-0.05,-0.02,0.00,0.71,0.64,9.87,-0.00,-0.01,-0.01
105.54,86.28,-9.72,2.22,1.46,-0.05,-0.02,0.02,0.68,0.62,9.87,-0.00,-0.01,0.00
105.55,86.17,-9.70,2.24,1.44,-0.05,-0.03,0.05,0.65,0.60,9.85,0.00,0.00,0.03
105.57,86.07,-9.72,2.25,1.43,-0.07,-0.04,0.07,0.69,0.58,9.86,0.01,0.00,0.07
105.59,86.06,-9.76,2.25,1.44,-0.09,-0.04,0.09,0.72,0.58,9.91,0.02,-0.00,0.10
105.60,86.01,-9.79,2.23,1.49,-0.11,-0.04,0.11,0.77,0.59,9.97,0.05,-0.01,0.12
105.62,86.00,-9.82,2.24,1.52,-0.12,-0.04,0.12,0.81,0.67,9.99,0.07,-0.03,0.13
105.64,86.00,-9.84,2.25,1.54,-0.12,-0.04,0.14,0.84,0.70,10.02,0.09,-0.04,0.15
105.65,86.05,-9.77,2.35,1.60,-0.11,-0.04,0.16,0.97,0.80,9.98,0.13,-0.07,0.15
105.67,86.12,-9.72,2.42,1.64,-0.09,-0.03,0.17,0.98,0.84,9.93,0.15,-0.09,0.14
105.68,86.21,-9.69,2.49,1.65,-0.07,-0.03,0.16,0.97,0.89,9.91,0.15,-0.11,0.13
105.69,86.48,-9.56,2.60,1.61,-0.05,-0.01,0.13,1.04,0.90,9.82,0.14,-0.12,0.09
105.72,86.56,-9.46,2.64,1.57,-0.04,-0.02,0.12,0.97,0.90,9.70,0.13,-0.12,0.07
105.74,86.61,-9.33,2.68,1.57,-0.04,-0.02,0.10,0.92,0.90,9.60,0.12,-0.13,0.06
105.75,86.63,-9.31,2.68,1.61,-0.05,-0.03,0.08,0.91,0.88,9.44,0.11,-0.13,0.08
105.76,86.69,-9.32,2.68,1.65,-0.05,-0.04,0.07,1.01,0.86,9.27,0.09,-0.12,0.12
105.77,86.75,-9.34,2.68,1.69,-0.05,-0.05,0.06,1.14,0.86,9.17,0.05,-0.10,0.14
105.78,86.86,-9.37,2.71,1.74,-0.06,-0.05,0.05,1.23,0.92,9.15,-0.01,-0.07,0.13
105.79,86.90,-9.38,2.76,1.78,-0.06,-0.06,0.03,1.28,1.04,9.19,-0.09,-0.00,0.08
105.80,86.87,-9.42,2.79,1.81,-0.05,-0.06,-0.00,1.26,1.14,9.27,-0.14,0.05,0.03
105.82,86.78,-9.50,2.86,1.83,-0.04,-0.06,-0.05,1.30,1.30,9.58,-0.18,0.13,-0.03
105.83,86.66,-9.60,2.91,1.84,-0.04,-0.05,-0.08,1.36,1.29,9.93,-0.18,0.19,-0.09
105.84,86.51,-9.54,2.78,1.79,-0.03,-0.03,-0.13,1.38,1.20,10.07,-0.16,0.17,-0.11
105.85,86.48,-9.47,2.74,1.77,-0.02,-0.03,-0.16,1.43,1.13,10.09,-0.15,0.13,-0.14
105.86,86.47,-9.74,2.57,1.76,-0.02,-0.02,-0.17,1.38,0.97,10.10,-0.15,0.06,-0.19
105.88,86.49,-9.65,2.57,1.74,-0.01,-0.00,-0.13,1.25,0.94,10.11,-0.15,0.04,-0.21
105.89,86.43,-9.28,2.74,1.77,-0.01,0.01,-0.18,0.97,0.97,9.88,-0.09,0.00,-0.19
105.91,86.35,-9.47,2.57,1.63,0.01,0.02,-0.27,0.92,1.04,9.92,-0.03,-0.03,-0.17
105.93,86.39,-9.60,2.50,1.52,0.02,0.03,-0.28,0.92,1.09,9.86,-0.03,-0.02,-0.20
105.94,86.43,-9.76,2.39,1.45,0.03,0.02,-0.28,0.85,0.93,9.76,-0.05,-0.01,-0.22
105.96,86.50,-9.88,2.12,1.40,0.04,0.01,-0.24,0.85,0.76,9.75,-0.05,-0.00,-0.24
105.98,86.52,-9.93,1.87,1.42,0.05,-0.01,-0.19,0.81,0.44,9.85,-0.03,0.01,-0.22
105.99,86.53,-9.97,1.87,1.42,0.05,-0.02,-0.16,0.77,0.29,9.95,-0.02,0.00,-0.18
106.00,86.49,-9.99,1.94,1.42,0.03,-0.03,-0.10,0.66,0.16,10.01,0.01,-0.00,-0.03
106.04,86.34,-9.84,1.97,1.44,-0.03,-0.03,0.05,0.65,0.25,9.85,0.03,-0.01,0.04
106.05,86.26,-9.78,2.11,1.47,-0.07,-0.04,0.14,0.73,0.42,9.77,0.02,0.00,0.10
106.07,86.19,-9.76,2.25,1.51,-0.08,-0.04,0.17,0.76,0.56,9.75,0.01,0.02,0.12
106.08,86.14,-9.74,2.31,1.53,-0.09,-0.04,0.17,0.82,0.67,9.73,0.00,0.03,0.13
106.09,86.09,-9.65,2.37,1.54,-0.09,-0.05,0.17,0.92,0.78,9.73,-0.00,0.03,0.12
106.11,86.07,-9.56,2.39,1.56,-0.09,-0.05,0.16,0.96,0.83,9.74,-0.01,0.03,0.11
106.13,86.04,-9.51,2.44,1.61,-0.06,-0.05,0.13,1.02,0.91,9.78,-0.00,0.02,0.10
106.14,86.03,-9.52,2.47,1.64,-0.05,-0.05,0.12,1.04,0.93,9.79,0.00,0.01,0.09
106.15,86.01,-9.55,2.52,1.67,-0.03,-0.04,0.10,1.07,0.97,9.79,0.00,-0.00,0.08
106.16,86.04,-9.58,2.56,1.67,-0.03,-0.04,0.08,1.11,0.99,9.77,0.00,-0.01,0.06
106.17,86.07,-9.60,2.59,1.69,-0.02,-0.04,0.06,1.14,0.99,9.76,0.00,-0.01,0.02
106.19,86.09,-9.59,2.62,1.73,-0.02,-0.03,0.02,1.17,0.98,9.75,-0.00,-0.01,0.00
106.20,86.12,-9.58,2.63,1.73,-0.02,-0.03,0.00,1.14,0.94,9.77,-0.01,-0.00,-0.04
106.22,86.13,-9.54,2.61,1.71,-0.03,-0.02,-0.03,1.08,0.90,9.79,-0.02,-0.00,-0.06
106.24,86.15,-9.54,2.51,1.66,-0.03,-0.01,-0.06,1.01,0.84,9.77,-0.02,-0.01,-0.07
106.26,86.16,-9.55,2.51,1.63,-0.03,-0.00,-0.08,0.99,0.82,9.78,-0.02,-0.01,-0.07
106.28,86.17,-9.55,2.51,1.62,-0.03,0.00,-0.09,0.98,0.82,9.77,-0.02,-0.01,-0.08
106.29,86.20,-9.58,2.51,1.61,-0.03,0.00,-0.10,0.97,0.82,9.77,-0.01,-0.01,-0.08
106.30,86.22,-9.59,2.50,1.61,-0.04,0.01,-0.11,0.98,0.81,9.78,-0.02,-0.01,-0.09
106.31,86.24,-9.62,2.47,1.61,-0.04,0.01,-0.12,0.99,0.80,9.78,-0.02,-0.01,-0.09
106.32,86.26,-9.63,2.43,1.61,-0.04,0.01,-0.13,0.99,0.79,9.78,-0.02,-0.01,-0.09
106.34,86.29,-9.67,2.34,1.61,-0.04,0.01,-0.13,0.98,0.77,9.78,-0.02,-0.01,-0.10
106.35,86.32,-9.70,2.30,1.60,-0.04,0.01,-0.13,0.98,0.76,9.81,-0.02,-0.01,-0.10
106.36,86.35,-9.73,2.24,1.56,-0.03,0.00,-0.11,0.93,0.72,9.80,-0.02,-0.01,-0.09
106.38,86.37,-9.75,2.22,1.55,-0.03,-0.00,-0.09,0.91,0.70,9.84,-0.01,-0.01,-0.07
106.40,86.38,-9.76,2.21,1.53,-0.02,-0.01,-0.08,0.90,0.67,9.84,-0.01,-0.01,-0.07
106.41,86.40,-9.76,2.20,1.51,-0.02,-0.01,-0.07,0.89,0.66,9.83,-0.01,-0.01,-0.07
106.42,86.40,-9.75,2.18,1.50,-0.02,-0.01,-0.06,0.87,0.64,9.82,-0.00,-0.01,-0.06
106.43,86.40,-9.75,2.18,1.51,-0.03,-0.01,-0.04,0.86,0.63,9.81,-0.00,-0.01,-0.04
106.45,86.39,-9.74,2.17,1.53,-0.03,-0.02,-0.02,0.85,0.60,9.81,-0.00,-0.01,-0.03
106.47,86.37,-9.74,2.20,1.53,-0.03,-0.02,0.00,0.86,0.60,9.81,-0.00,-0.00,-0.01
106.48,86.35,-9.73,2.21,1.55,-0.03,-0.03,0.01,0.87,0.62,9.81,-0.00,-0.00,0.00
106.49,86.34,-9.74,2.23,1.55,-0.03,-0.03,0.02,0.89,0.64,9.82,-0.00,-0.00,0.02
106.51,86.31,-9.72,2.25,1.57,-0.03,-0.03,0.04,0.90,0.68,9.81,-0.00,-0.00,0.03
106.52,86.30,-9.72,2.27,1.58,-0.03,-0.03,0.04,0.92,0.71,9.80,-0.00,0.00,0.03
106.53,86.28,-9.69,2.30,1.59,-0.03,-0.03,0.04,0.95,0.75,9.79,-0.01,0.00,0.04
106.54,86.27,-9.67,2.33,1.60,-0.03,-0.03,0.04,0.97,0.77,9.80,-0.01,0.00,0.04
106.55,86.25,-9.64,2.35,1.62,-0.03,-0.03,0.03,1.00,0.80,9.80,-0.01,0.00,0.03
106.58,86.26,-9.63,2.35,1.62,-0.03,-0.03,0.03,1.03,0.82,9.78,-0.01,-0.00,0.02
106.59,86.26,-9.61,2.38,1.62,-0.02,-0.03,0.02,1.03,0.83,9.77,-0.01,-0.00,0.01
106.61,86.26,-9.61,2.40,1.63,-0.02,-0.03,0.01,1.01,0.82,9.76,-0.01,-0.01,0.00
106.62,86.26,-9.62,2.41,1.63,-0.02,-0.02,-0.00,1.01,0.81,9.75,-0.01,-0.01,-0.00
106.63,86.26,-9.63,2.40,1.65,-0.03,-0.02,-0.03,1.01,0.79,9.77,-0.02,-0.00,-0.01
106.65,86.25,-9.62,2.40,1.65,-0.03,-0.02,-0.04,1.01,0.79,9.78,-0.02,-0.00,-0.01
106.66,86.25,-9.65,2.38,1.62,-0.03,-0.02,-0.04,0.99,0.77,9.81,-0.03,-0.00,-0.02
106.67,86.26,-9.65,2.36,1.61,-0.04,-0.01,-0.05,0.98,0.76,9.82,-0.03,-0.00,-0.02
106.68,86.26,-9.66,2.32,1.61,-0.04,-0.01,-0.05,0.98,0.75,9.83,-0.02,-0.00,-0.02
106.70,86.27,-9.67,2.31,1.59,-0.04,-0.01,-0.05,0.98,0.74,9.81,-0.02,-0.00,-0.03
106.71,86.29,-9.69,2.31,1.58,-0.04,-0.01,-0.05,0.97,0.75,9.81,-0.02,-0.00,-0.03
106.72,86.30,-9.69,2.31,1.57,-0.04,-0.01,-0.06,0.97,0.75,9.82,-0.02,-0.00,-0.03
106.73,86.31,-9.70,2.29,1.57,-0.04,-0.01,-0.06,0.95,0.76,9.81,-0.01,-0.01,-0.03
106.74,86.33,-9.71,2.29,1.56,-0.04,-0.01,-0.06,0.96,0.77,9.81,-0.01,-0.01,-0.04
106.75,86.35,-9.72,2.27,1.56,-0.04,-0.01,-0.06,0.96,0.77,9.82,-0.01,-0.01,-0.04
106.76,86.36,-9.73,2.25,1.57,-0.04,-0.01,-0.06,0.96,0.76,9.81,-0.01,-0.01,-0.05
106.78,86.36,-9.74,2.23,1.57,-0.03,-0.02,-0.05,0.92,0.76,9.81,-0.00,-0.01,-0.04
106.79,86.37,-9.74,2.22,1.56,-0.03,-0.02,-0.04,0.92,0.76,9.81,-0.00,-0.01,-0.04
106.81,86.39,-9.75,2.20,1.55,-0.02,-0.02,-0.03,0.97,0.71,9.84,0.01,-0.01,-0.04
106.82,86.40,-9.77,2.19,1.55,-0.02,-0.02,-0.02,0.97,0.70,9.84,0.01,-0.01,-0.04
106.83,86.42,-9.77,2.17,1.55,-0.02,-0.03,-0.01,0.97,0.69,9.84,0.02,-0.01,-0.05
106.85,86.43,-9.76,2.17,1.57,-0.02,-0.03,-0.00,0.96,0.68,9.83,0.02,-0.01,-0.05
106.87,86.42,-9.71,2.20,1.56,-0.01,-0.03,0.02,0.91,0.68,9.79,0.02,-0.01,-0.04
106.89,86.40,-9.70,2.23,1.56,-0.01,-0.03,0.02,0.89,0.69,9.78,0.02,-0.01,-0.04
106.90,86.36,-9.67,2.27,1.56,-0.01,-0.03,0.03,0.89,0.71,9.77,0.02,-0.00,-0.03
106.92,86.33,-9.66,2.30,1.59,-0.01,-0.03,0.03,0.89,0.72,9.77,0.02,-0.00,-0.03
106.92,86.30,-9.65,2.32,1.60,-0.01,-0.03,0.03,0.93,0.75,9.74,0.01,-0.00,-0.02
106.94,86.28,-9.63,2.35,1.60,-0.01,-0.03,0.03,0.97,0.77,9.73,0.00,-0.00,-0.02
106.95,86.28,-9.62,2.35,1.61,-0.01,-0.03,0.02,0.99,0.78,9.75,-0.00,-0.00,-0.02
106.97,86.27,-9.61,2.38,1.63,-0.01,-0.03,0.01,1.01,0.78,9.75,-0.01,-0.00,-0.02
106.98,86.27,-9.61,2.39,1.63,-0.02,-0.03,-0.00,1.01,0.78,9.75,-0.02,-0.00,-0.01
107.00,86.27,-9.64,2.36,1.64,-0.03,-0.02,-0.03,1.01,0.76,9.78,-0.02,-0.00,-0.01
107.03,86.27,-9.64,2.35,1.63,-0.03,-0.02,-0.03,1.01,0.76,9.79,-0.02,-0.00,-0.01
107.04,86.27,-9.65,2.34,1.63,-0.04,-0.01,-0.04,0.99,0.76,9.80,-0.02,-0.00,-0.01
107.05,86.28,-9.67,2.32,1.62,-0.04,-0.01,-0.05,0.99,0.76,9.79,-0.02,-0.00,-0.02
107.06,86.29,-9.68,2.30,1.61,-0.04,-0.01,-0.05,0.98,0.76,9.80,-0.03,-0.00,-0.02
107.08,86.29,-9.68,2.29,1.60,-0.04,-0.01,-0.05,0.96,0.76,9.81,-0.03,-0.00,-0.01
107.09,86.30,-9.72,2.25,1.57,-0.04,-0.01,-0.05,0.94,0.76,9.83,-0.02,-0.00,-0.02
107.11,86.31,-9.74,2.24,1.55,-0.03,-0.01,-0.05,0.92,0.75,9.82,-0.02,-0.00,-0.02
107.12,86.31,-9.75,2.19,1.56,-0.03,-0.02,-0.04,0.92,0.72,9.82,-0.02,-0.00,-0.02
107.14,86.32,-9.74,2.17,1.56,-0.03,-0.02,-0.04,0.93,0.70,9.82,-0.01,-0.00,-0.01
107.15,86.32,-9.75,2.16,1.57,-0.02,-0.02,-0.03,0.94,0.69,9.82,-0.01,-0.00,-0.01
107.16,86.33,-9.74,2.15,1.57,-0.02,-0.02,-0.02,0.95,0.67,9.82,-0.01,-0.01,-0.01
107.18,86.34,-9.74,2.15,1.57,-0.02,-0.02,-0.02,0.98,0.65,9.79,-0.01,-0.01,-0.01
107.19,86.36,-9.73,2.14,1.60,-0.03,-0.02,-0.01,1.01,0.62,9.79,-0.01,-0.00,-0.01
107.21,86.39,-9.70,2.13,1.59,-0.02,-0.02,-0.00,1.03,0.65,9.79,-0.01,-0.00,-0.00
107.22,86.41,-9.70,2.15,1.62,-0.03,-0.02,0.01,1.03,0.65,9.80,-0.00,-0.00,0.00
107.23,86.41,-9.70,2.19,1.63,-0.03,-0.02,0.01,1.02,0.68,9.80,0.00,-0.00,0.01
107.26,86.42,-9.65,2.33,1.62,-0.04,-0.01,0.01,0.99,0.76,9.80,0.00,-0.00,0.01
107.28,86.43,-9.64,2.36,1.61,-0.05,-0.00,0.01,1.00,0.79,9.79,-0.00,-0.00,0.01
107.30,86.44,-9.64,2.36,1.57,-0.05,-0.00,-0.01,0.99,0.80,9.78,-0.00,-0.00,0.00
107.31,86.46,-9.65,2.35,1.55,-0.06,-0.00,-0.02,0.97,0.82,9.76,-0.00,-0.00,-0.01
107.32,86.49,-9.68,2.32,1.53,-0.06,-0.00,-0.03,0.97,0.81,9.74,-0.01,-0.00,-0.02
107.33,86.52,-9.72,2.25,1.54,-0.06,-0.01,-0.04,0.96,0.77,9.76,-0.01,-0.01,-0.03
107.36,86.54,-9.77,2.19,1.52,-0.05,-0.02,-0.04,0.94,0.71,9.81,-0.00,-0.01,-0.03
107.37,86.54,-9.78,2.14,1.53,-0.05,-0.02,-0.03,0.91,0.65,9.83,0.00,-0.01,-0.02
107.39,86.55,-9.78,2.12,1.53,-0.05,-0.03,-0.02,0.91,0.62,9.84,0.01,-0.01,-0.01
107.40,86.54,-9.79,2.11,1.55,-0.05,-0.03,-0.00,0.90,0.60,9.84,0.01,-0.01,-0.00
107.41,86.52,-9.78,2.11,1.55,-0.05,-0.03,0.01,0.91,0.59,9.81,0.01,-0.01,0.01
107.42,86.49,-9.75,2.14,1.55,-0.05,-0.03,0.04,0.92,0.61,9.80,0.01,-0.00,0.04
107.45,86.48,-9.73,2.16,1.57,-0.05,-0.03,0.05,0.92,0.63,9.80,0.01,-0.00,0.04
107.46,86.45,-9.71,2.19,1.58,-0.06,-0.03,0.06,0.92,0.66,9.82,0.01,-0.00,0.05
107.47,86.42,-9.71,2.22,1.60,-0.06,-0.03,0.06,0.92,0.69,9.83,0.01,0.00,0.05
107.48,86.38,-9.68,2.26,1.60,-0.05,-0.03,0.07,0.93,0.74,9.84,0.01,0.00,0.05
107.51,86.31,-9.62,2.39,1.62,-0.05,-0.02,0.04,0.97,0.84,9.79,0.00,0.00,0.04
107.53,86.30,-9.61,2.41,1.63,-0.04,-0.02,0.03,0.98,0.86,9.78,-0.00,0.00,0.02
107.54,86.28,-9.59,2.43,1.64,-0.04,-0.02,-0.00,1.00,0.87,9.78,-0.01,0.00,0.00
107.56,86.28,-9.60,2.40,1.64,-0.04,-0.01,-0.03,1.01,0.84,9.77,-0.01,0.00,-0.01
107.57,86.28,-9.62,2.35,1.64,-0.04,-0.01,-0.04,1.02,0.82,9.77,-0.01,0.00,-0.02
107.58,86.30,-9.66,2.27,1.63,-0.03,-0.01,-0.05,1.01,0.76,9.78,-0.01,-0.00,-0.03
107.61,86.31,-9.69,2.23,1.61,-0.03,-0.00,-0.05,0.99,0.70,9.79,-0.01,-0.00,-0.03
107.62,86.33,-9.71,2.19,1.60,-0.03,-0.00,-0.05,0.97,0.66,9.80,-0.01,-0.00,-0.03
107.64,86.33,-9.73,2.18,1.58,-0.03,-0.01,-0.04,0.95,0.65,9.79,-0.01,-0.00,-0.02
107.65,86.34,-9.73,2.17,1.56,-0.03,-0.01,-0.03,0.93,0.65,9.78,-0.01,-0.00,-0.02
107.66,86.35,-9.73,2.18,1.54,-0.03,-0.01,-0.03,0.93,0.65,9.78,-0.01,0.00,-0.01
107.68,86.37,-9.74,2.21,1.55,-0.03,-0.01,-0.02,0.95,0.70,9.78,-0.01,0.00,-0.00
107.69,86.39,-9.73,2.23,1.55,-0.03,-0.02,-0.02,0.97,0.74,9.79,-0.01,0.00,-0.00
107.71,86.40,-9.72,2.26,1.56,-0.03,-0.02,-0.02,0.99,0.75,9.79,-0.01,-0.00,-0.01
107.72,86.41,-9.71,2.27,1.59,-0.03,-0.02,-0.02,1.00,0.76,9.81,-0.01,-0.00,-0.02
107.74,86.42,-9.71,2.27,1.60,-0.03,-0.02,-0.02,0.98,0.76,9.82,-0.01,-0.00,-0.02
107.75,86.42,-9.70,2.29,1.59,-0.03,-0.02,-0.02,0.98,0.74,9.81,-0.00,-0.00,-0.02
107.77,86.42,-9.67,2.30,1.58,-0.04,-0.02,-0.02,0.96,0.72,9.80,-0.00,-0.00,-0.02
107.79,86.43,-9.65,2.28,1.56,-0.04,-0.01,-0.03,0.96,0.71,9.80,-0.01,-0.00,-0.02
107.80,86.43,-9.68,2.27,1.56,-0.04,-0.01,-0.03,0.95,0.70,9.79,-0.01,-0.00,-0.02
107.81,86.43,-9.68,2.26,1.55,-0.05,-0.01,-0.03,0.95,0.69,9.79,-0.01,-0.00,-0.02
107.82,86.44,-9.71,2.23,1.56,-0.05,-0.01,-0.03,0.94,0.68,9.80,-0.01,-0.00,-0.02
107.83,86.44,-9.73,2.18,1.56,-0.05,-0.01,-0.03,0.94,0.67,9.82,-0.01,0.00,-0.02
107.84,86.44,-9.74,2.15,1.57,-0.05,-0.02,-0.03,0.94,0.66,9.83,-0.01,-0.00,-0.01
107.85,86.44,-9.74,2.12,1.55,-0.05,-0.02,-0.03,0.95,0.65,9.83,-0.00,-0.00,-0.01
107.87,86.44,-9.73,2.11,1.53,-0.04,-0.02,-0.02,0.95,0.65,9.82,-0.00,-0.00,-0.00
107.88,86.46,-9.74,2.12,1.54,-0.04,-0.02,-0.01,0.94,0.63,9.82,-0.00,-0.00,0.00
107.90,86.46,-9.75,2.15,1.55,-0.04,-0.02,0.00,0.94,0.65,9.82,0.00,-0.00,0.00
107.91,86.46,-9.73,2.15,1.55,-0.04,-0.02,0.01,0.95,0.65,9.81,0.00,-0.00,0.01
107.93,86.46,-9.70,2.16,1.57,-0.04,-0.02,0.02,0.96,0.65,9.80,0.00,0.00,0.02
107.94,86.46,-9.71,2.17,1.58,-0.04,-0.02,0.02,0.97,0.64,9.78,0.01,0.00,0.03
107.96,86.45,-9.71,2.19,1.58,-0.04,-0.02,0.03,0.98,0.65,9.78,0.01,0.00,0.03
107.98,86.46,-9.70,2.22,1.56,-0.04,-0.02,0.04,0.99,0.69,9.78,0.00,0.00,0.04
108.00,86.49,-9.69,2.30,1.59,-0.04,-0.02,0.02,1.00,0.79,9.77,-0.00,-0.00,0.03
108.02,86.49,-9.67,2.33,1.58,-0.04,-0.02,0.01,0.99,0.81,9.77,-0.01,-0.00,0.02
108.03,86.50,-9.65,2.34,1.57,-0.04,-0.02,-0.00,1.00,0.81,9.78,-0.01,-0.00,0.00
108.05,86.50,-9.65,2.33,1.58,-0.04,-0.02,-0.02,0.99,0.78,9.80,-0.01,-0.00,-0.01
108.06,86.50,-9.67,2.32,1.58,-0.04,-0.02,-0.02,0.98,0.77,9.80,-0.01,-0.01,-0.02
108.08,86.50,-9.67,2.28,1.58,-0.04,-0.02,-0.03,0.97,0.74,9.81,-0.01,-0.01,-0.02
108.09,86.50,-9.68,2.24,1.58,-0.04,-0.02,-0.04,0.98,0.71,9.81,-0.01,-0.01,-0.02
108.11,86.51,-9.70,2.21,1.60,-0.04,-0.02,-0.04,0.97,0.68,9.79,-0.01,-0.01,-0.02
108.12,86.50,-9.70,2.18,1.59,-0.04,-0.02,-0.04,0.97,0.66,9.79,-0.01,-0.01,-0.02
108.14,86.50,-9.70,2.17,1.58,-0.04,-0.02,-0.03,0.96,0.65,9.80,-0.01,-0.00,-0.02
108.15,86.50,-9.72,2.16,1.58,-0.04,-0.02,-0.03,0.97,0.64,9.81,-0.01,-0.00,-0.01
108.16,86.50,-9.72,2.17,1.58,-0.04,-0.02,-0.02,0.96,0.65,9.81,-0.01,-0.00,-0.01
108.18,86.50,-9.70,2.18,1.57,-0.04,-0.02,-0.02,0.95,0.66,9.80,-0.01,-0.00,-0.01
108.19,86.49,-9.70,2.20,1.57,-0.04,-0.01,-0.02,0.94,0.68,9.81,-0.01,-0.00,-0.00
108.20,86.49,-9.71,2.22,1.58,-0.04,-0.01,-0.02,0.94,0.71,9.80,-0.01,-0.00,-0.00
108.22,86.48,-9.70,2.22,1.57,-0.04,-0.01,-0.02,0.94,0.71,9.80,-0.01,-0.00,-0.00
108.24,86.48,-9.71,2.22,1.55,-0.04,-0.02,-0.02,0.94,0.71,9.81,-0.01,-0.00,-0.01
108.25,86.48,-9.72,2.22,1.54,-0.04,-0.02,-0.02,0.92,0.69,9.81,-0.01,-0.00,-0.01
108.26,86.48,-9.72,2.20,1.53,-0.04,-0.02,-0.02,0.93,0.68,9.81,-0.01,-0.00,-0.01
108.28,86.48,-9.73,2.19,1.53,-0.04,-0.02,-0.02,0.92,0.67,9.82,-0.00,-0.00,-0.01
108.29,86.48,-9.74,2.19,1.54,-0.04,-0.02,-0.02,0.91,0.66,9.82,-0.00,-0.00,-0.00
108.30,86.48,-9.74,2.16,1.55,-0.04,-0.02,-0.01,0.95,0.66,9.79,-0.00,-0.00,0.00
108.32,86.48,-9.73,2.14,1.56,-0.04,-0.02,-0.00,1.00,0.65,9.79,-0.00,0.00,0.01
108.33,86.49,-9.73,2.14,1.58,-0.04,-0.02,-0.00,1.02,0.65,9.79,-0.00,0.00,0.01
108.34,86.50,-9.71,2.15,1.60,-0.04,-0.02,0.00,1.04,0.65,9.79,-0.00,0.00,0.01
108.36,86.51,-9.70,2.16,1.61,-0.04,-0.02,0.00,1.04,0.66,9.79,-0.00,0.00,0.01
108.37,86.52,-9.69,2.17,1.61,-0.04,-0.02,0.00,1.04,0.67,9.80,-0.00,-0.00,0.01
108.38,86.53,-9.68,2.18,1.61,-0.04,-0.02,0.00,1.03,0.68,9.81,-0.01,-0.00,0.01
108.39,86.53,-9.68,2.22,1.61,-0.04,-0.01,0.00,1.02,0.71,9.82,-0.01,-0.00,0.01
108.40,86.53,-9.67,2.26,1.58,-0.04,-0.01,-0.01,0.98,0.72,9.81,-0.01,-0.00,0.00
108.42,86.54,-9.67,2.28,1.55,-0.04,-0.01,-0.02,0.96,0.73,9.80,-0.00,-0.00,-0.00
108.43,86.58,-9.69,2.26,1.54,-0.05,-0.01,-0.03,0.98,0.75,9.77,-0.01,-0.00,-0.02
108.46,86.60,-9.72,2.22,1.55,-0.05,-0.01,-0.04,0.98,0.74,9.77,-0.01,-0.00,-0.03
108.48,86.62,-9.74,2.16,1.55,-0.04,-0.01,-0.05,0.98,0.71,9.78,-0.01,-0.01,-0.03
108.49,86.64,-9.76,2.13,1.54,-0.04,-0.01,-0.05,0.98,0.68,9.78,-0.01,-0.01,-0.03
108.50,86.64,-9.77,2.10,1.55,-0.04,-0.02,-0.04,0.95,0.64,9.78,-0.01,-0.01,-0.03
108.51,86.65,-9.77,2.08,1.52,-0.03,-0.02,-0.03,0.94,0.62,9.78,-0.01,-0.01,-0.02
108.52,86.65,-9.78,2.07,1.53,-0.04,-0.02,-0.01,0.93,0.57,9.81,-0.00,-0.01,-0.00
108.55,86.64,-9.79,2.05,1.53,-0.04,-0.03,0.02,0.91,0.54,9.83,0.00,-0.01,0.01
108.57,86.62,-9.79,2.07,1.53,-0.04,-0.03,0.04,0.91,0.57,9.82,0.01,-0.00,0.03
108.59,86.60,-9.77,2.10,1.54,-0.04,-0.03,0.05,0.91,0.58,9.83,0.01,-0.00,0.04
108.60,86.56,-9.72,2.17,1.55,-0.05,-0.03,0.07,0.91,0.63,9.81,0.01,-0.00,0.05
108.62,86.54,-9.70,2.20,1.56,-0.05,-0.03,0.07,0.92,0.66,9.80,0.01,-0.00,0.05
108.62,86.51,-9.68,2.25,1.58,-0.05,-0.03,0.07,0.92,0.69,9.81,0.01,-0.00,0.05
108.64,86.48,-9.66,2.28,1.58,-0.05,-0.03,0.06,0.93,0.73,9.79,0.01,-0.00,0.05
108.66,86.45,-9.64,2.33,1.58,-0.05,-0.03,0.05,0.95,0.75,9.79,0.01,-0.00,0.04
108.67,86.43,-9.62,2.35,1.60,-0.05,-0.02,0.03,0.97,0.77,9.78,0.00,0.00,0.03
108.68,86.43,-9.62,2.36,1.61,-0.05,-0.02,0.02,1.01,0.80,9.79,0.00,0.00,0.02
108.70,86.42,-9.63,2.37,1.62,-0.05,-0.02,-0.00,1.02,0.81,9.78,-0.00,0.00,0.01
108.71,86.43,-9.63,2.35,1.62,-0.05,-0.01,-0.02,1.04,0.81,9.77,-0.01,0.00,-0.00
108.72,86.44,-9.63,2.31,1.63,-0.05,-0.01,-0.03,1.05,0.80,9.78,-0.01,0.00,-0.02
108.73,86.46,-9.65,2.26,1.63,-0.04,-0.00,-0.05,1.05,0.78,9.78,-0.01,-0.00,-0.03
108.75,86.48,-9.67,2.24,1.63,-0.04,-0.00,-0.06,1.04,0.75,9.79,-0.01,-0.00,-0.04
108.76,86.50,-9.69,2.22,1.60,-0.03,0.00,-0.06,1.02,0.71,9.80,-0.01,-0.00,-0.05
108.78,86.51,-9.69,2.19,1.59,-0.03,0.00,-0.06,1.00,0.69,9.80,-0.01,-0.00,-0.05
108.79,86.53,-9.71,2.17,1.57,-0.03,0.00,-0.06,0.96,0.66,9.79,-0.01,-0.00,-0.05
108.80,86.54,-9.72,2.16,1.54,-0.03,0.00,-0.06,0.94,0.63,9.80,-0.01,-0.00,-0.05
108.81,86.54,-9.74,2.15,1.52,-0.03,0.00,-0.05,0.90,0.62,9.80,-0.01,0.00,-0.04
108.82,86.55,-9.76,2.14,1.49,-0.03,-0.00,-0.05,0.90,0.61,9.80,-0.01,0.00,-0.04
108.83,86.56,-9.77,2.11,1.48,-0.04,-0.00,-0.04,0.89,0.59,9.80,-0.01,0.00,-0.03
108.84,86.57,-9.79,2.11,1.48,-0.04,-0.01,-0.03,0.89,0.59,9.80,-0.01,0.00,-0.02
108.86,86.58,-9.78,2.10,1.50,-0.04,-0.02,-0.01,0.91,0.59,9.80,-0.01,0.00,-0.00
108.88,86.59,-9.77,2.10,1.52,-0.04,-0.02,0.00,0.94,0.61,9.81,-0.00,-0.00,0.01
108.90,86.58,-9.75,2.11,1.54,-0.04,-0.02,0.01,0.95,0.62,9.80,0.00,-0.00,0.02
108.91,86.58,-9.75,2.12,1.56,-0.04,-0.03,0.02,0.95,0.64,9.80,0.00,-0.00,0.02
108.93,86.57,-9.73,2.15,1.56,-0.04,-0.03,0.03,0.95,0.65,9.80,0.00,0.00,0.03
108.94,86.56,-9.72,2.17,1.57,-0.04,-0.03,0.03,0.97,0.66,9.81,0.00,0.00,0.03
108.95,86.55,-9.71,2.20,1.58,-0.04,-0.03,0.03,0.98,0.68,9.81,0.00,0.00,0.03
108.96,86.54,-9.69,2.23,1.57,-0.04,-0.02,0.02,0.99,0.70,9.80,0.00,0.00,0.02
108.99,86.53,-9.68,2.25,1.59,-0.04,-0.02,0.01,0.98,0.72,9.80,0.00,-0.00,0.02
109.00,86.53,-9.68,2.25,1.58,-0.04,-0.02,0.01,0.99,0.73,9.81,-0.00,-0.00,0.01
109.01,86.53,-9.70,2.26,1.58,-0.04,-0.02,-0.00,0.98,0.74,9.81,-0.00,0.00,0.00
109.03,86.53,-9.70,2.25,1.56,-0.04,-0.01,-0.01,0.98,0.7