=~=~=~=~=~=~=~=~=~=~=~= PuTTY log 2024.07.01 13:22:27 =~=~=~=~=~=~=~=~=~=~=~=
û3.80,86.93,-9.81,1.83,1.48,-0.04,-0.01,-0.02,0.94,0.54,9.82,-0.01,0.00,-0.01
3.82,86.94,-9.81,1.83,1.47,-0.04,-0.01,-0.01,0.93,0.54,9.81,-0.00,0.00,-0.00
3.85,86.94,-9.81,1.83,1.48,-0.04,-0.02,-0.01,0.93,0.54,9.81,-0.00,0.00,-0.00
3.86,86.94,-9.82,1.83,1.49,-0.04,-0.02,-0.00,0.93,0.54,9.82,-0.00,0.00,0.00
3.88,86.93,-9.81,1.82,1.49,-0.04,-0.02,0.00,0.94,0.54,9.82,-0.00,0.00,0.00
3.90,86.93,-9.81,1.82,1.48,-0.04,-0.02,0.00,0.94,0.55,9.82,-0.00,0.00,0.00
3.91,86.93,-9.80,1.83,1.48,-0.04,-0.02,0.01,0.94,0.54,9.82,-0.00,0.00,0.01
3.92,86.92,-9.81,1.83,1.48,-0.04,-0.02,0.01,0.94,0.54,9.81,0.00,0.00,0.01
3.93,86.92,-9.80,1.85,1.48,-0.04,-0.02,0.01,0.95,0.54,9.81,0.00,0.00,0.01
3.95,86.92,-9.80,1.85,1.48,-0.04,-0.02,0.02,0.94,0.55,9.80,0.00,0.00,0.01
3.96,86.93,-9.80,1.86,1.48,-0.04,-0.02,0.02,0.94,0.55,9.80,0.00,0.00,0.01
3.97,86.93,-9.79,1.86,1.48,-0.04,-0.02,0.02,0.95,0.56,9.80,0.00,0.00,0.01
3.99,86.93,-9.80,1.86,1.47,-0.04,-0.02,0.02,0.95,0.55,9.81,0.00,-0.00,0.01
4.00,86.94,-9.80,1.87,1.48,-0.04,-0.02,0.02,0.95,0.56,9.80,0.00,-0.00,0.01
4.01,86.94,-9.79,1.88,1.48,-0.04,-0.02,0.02,0.95,0.58,9.80,0.00,0.00,0.01
4.02,86.94,-9.78,1.90,1.49,-0.04,-0.02,0.01,0.95,0.58,9.81,0.00,-0.00,0.01
4.04,86.94,-9.78,1.91,1.48,-0.04,-0.02,0.01,0.95,0.58,9.81,-0.00,-0.00,0.01
4.05,86.94,-9.78,1.90,1.48,-0.04,-0.02,0.00,0.95,0.58,9.81,-0.00,-0.00,0.00
4.07,86.95,-9.78,1.89,1.48,-0.04,-0.01,-0.01,0.95,0.58,9.81,-0.00,0.00,-0.00
4.09,86.95,-9.78,1.89,1.48,-0.04,-0.01,-0.01,0.95,0.58,9.81,-0.00,0.00,-0.00
4.10,86.95,-9.78,1.89,1.47,-0.04,-0.01,-0.01,0.95,0.57,9.81,-0.00,0.00,-0.01
4.11,86.95,-9.78,1.88,1.47,-0.04,-0.01,-0.01,0.93,0.55,9.82,-0.00,-0.00,-0.00
4.12,86.96,-9.79,1.86,1.46,-0.04,-0.01,-0.01,0.93,0.54,9.80,-0.00,0.00,-0.00
4.14,86.95,-9.80,1.85,1.46,-0.04,-0.01,-0.00,0.91,0.53,9.82,-0.00,0.00,-0.00
4.15,86.96,-9.80,1.85,1.45,-0.04,-0.01,-0.00,0.92,0.53,9.82,0.00,0.00,0.01
4.17,86.96,-9.80,1.85,1.44,-0.04,-0.02,0.00,0.92,0.52,9.81,0.00,0.00,0.01
4.18,86.97,-9.80,1.85,1.45,-0.04,-0.02,0.00,0.93,0.53,9.80,0.00,-0.00,0.02
4.20,86.97,-9.79,1.86,1.45,-0.05,-0.02,0.01,0.93,0.54,9.80,0.00,-0.00,0.02
4.21,86.98,-9.80,1.88,1.45,-0.05,-0.02,0.01,0.96,0.56,9.80,0.00,-0.00,0.02
4.22,86.99,-9.81,1.90,1.46,-0.05,-0.02,0.01,0.95,0.57,9.79,0.00,-0.00,0.02
4.24,87.00,-9.81,1.92,1.46,-0.05,-0.03,0.01,0.96,0.59,9.80,0.00,-0.00,0.02
4.25,87.00,-9.81,1.93,1.46,-0.05,-0.03,0.00,0.96,0.59,9.80,0.00,-0.00,0.01
4.26,87.00,-9.80,1.94,1.46,-0.06,-0.03,-0.00,0.95,0.59,9.79,0.00,-0.00,0.01
4.28,87.00,-9.81,1.95,1.47,-0.07,-0.03,-0.00,0.94,0.59,9.81,0.00,-0.00,0.01
4.29,87.00,-9.81,1.96,1.48,-0.07,-0.03,-0.01,0.94,0.59,9.81,0.00,-0.00,0.00
4.30,86.97,-9.79,1.98,1.49,-0.09,-0.03,-0.02,0.94,0.59,9.81,-0.00,-0.00,0.00
4.32,86.95,-9.78,1.95,1.51,-0.10,-0.03,-0.03,0.94,0.59,9.81,-0.00,0.00,-0.00
4.33,86.93,-9.77,1.84,1.51,-0.10,-0.03,-0.03,0.94,0.58,9.81,-0.00,-0.00,-0.01
4.35,86.91,-9.76,1.77,1.50,-0.08,-0.03,-0.03,0.94,0.57,9.80,-0.00,-0.00,-0.01
4.36,86.90,-9.77,1.73,1.47,-0.07,-0.03,-0.02,0.91,0.54,9.81,-0.00,-0.00,-0.01
4.37,86.89,-9.80,1.72,1.46,-0.06,-0.03,-0.01,0.91,0.50,9.82,0.00,-0.01,-0.00
4.39,86.88,-9.84,1.72,1.47,-0.04,-0.03,0.00,0.91,0.47,9.81,0.01,-0.01,0.01
4.40,86.87,-9.86,1.72,1.47,-0.04,-0.04,0.01,0.91,0.45,9.80,0.01,-0.01,0.02
4.41,86.86,-9.86,1.75,1.47,-0.03,-0.04,0.02,0.92,0.45,9.79,0.01,-0.01,0.03
4.42,86.85,-9.84,1.78,1.48,-0.03,-0.04,0.03,0.94,0.47,9.78,0.01,-0.01,0.04
4.44,86.85,-9.82,1.82,1.49,-0.04,-0.05,0.04,0.94,0.50,9.79,0.01,-0.01,0.05
4.45,86.83,-9.79,1.86,1.49,-0.04,-0.05,0.04,0.93,0.56,9.80,0.01,-0.01,0.05
4.46,86.80,-9.77,1.92,1.50,-0.03,-0.05,0.04,0.91,0.59,9.82,0.01,-0.01,0.05
4.48,86.76,-9.74,1.96,1.51,-0.03,-0.04,0.03,0.91,0.64,9.82,0.01,-0.01,0.04
4.49,86.73,-9.71,2.01,1.52,-0.03,-0.04,0.01,0.92,0.67,9.81,0.01,-0.01,0.03
4.51,86.72,-9.70,2.03,1.54,-0.03,-0.03,-0.00,0.97,0.70,9.80,0.01,-0.01,0.02
4.52,86.70,-9.68,2.04,1.58,-0.03,-0.03,-0.02,0.99,0.70,9.79,0.01,-0.00,0.01
4.54,86.70,-9.69,2.03,1.62,-0.03,-0.02,-0.04,1.06,0.71,9.77,0.00,0.00,-0.00
4.55,86.70,-9.70,1.99,1.64,-0.03,-0.02,-0.05,1.09,0.71,9.75,-0.00,0.00,-0.01
4.56,86.71,-9.75,1.90,1.66,-0.03,-0.01,-0.07,1.15,0.68,9.76,-0.01,0.00,-0.04
4.58,86.75,-9.78,1.85,1.65,-0.02,-0.01,-0.07,1.16,0.66,9.77,-0.02,0.00,-0.05
4.59,86.78,-9.79,1.84,1.65,-0.02,-0.01,-0.07,1.13,0.63,9.78,-0.02,0.00,-0.05
4.60,86.81,-9.84,1.78,1.60,-0.02,-0.00,-0.06,1.06,0.56,9.78,-0.02,-0.00,-0.05
4.62,86.86,-9.87,1.76,1.50,-0.02,-0.00,-0.02,0.98,0.49,9.80,-0.01,-0.01,-0.04
4.64,86.88,-9.86,1.77,1.44,-0.03,-0.01,-0.00,0.88,0.45,9.81,-0.01,-0.01,-0.03
4.65,86.89,-9.86,1.79,1.39,-0.04,-0.02,0.02,0.82,0.44,9.83,-0.01,-0.01,-0.02
4.66,86.85,-9.85,1.81,1.38,-0.04,-0.02,0.03,0.76,0.44,9.83,-0.01,-0.01,-0.00
4.68,86.84,-9.82,1.83,1.36,-0.05,-0.03,0.04,0.75,0.45,9.85,-0.00,-0.01,0.01
4.70,86.81,-9.81,1.83,1.39,-0.06,-0.04,0.05,0.75,0.47,9.84,0.00,-0.00,0.02
4.70,86.77,-9.81,1.84,1.41,-0.06,-0.04,0.06,0.77,0.48,9.84,0.01,-0.00,0.03
4.72,86.72,-9.79,1.84,1.46,-0.06,-0.05,0.07,0.83,0.51,9.83,0.01,-0.00,0.04
4.73,86.68,-9.79,1.86,1.48,-0.05,-0.05,0.07,0.87,0.53,9.82,0.02,-0.00,0.04
4.75,86.66,-9.77,1.89,1.51,-0.05,-0.05,0.08,0.91,0.55,9.81,0.02,-0.01,0.05
4.76,86.63,-9.76,1.93,1.54,-0.05,-0.05,0.07,0.94,0.58,9.79,0.02,-0.01,0.05
4.77,86.61,-9.73,1.99,1.57,-0.05,-0.05,0.07,0.97,0.60,9.79,0.02,-0.01,0.05
4.78,86.59,-9.70,2.05,1.60,-0.05,-0.05,0.06,1.01,0.64,9.76,0.02,-0.01,0.05
4.80,86.56,-9.64,2.13,1.66,-0.06,-0.04,0.03,1.06,0.72,9.75,0.01,-0.01,0.03
4.82,86.55,-9.60,2.17,1.70,-0.07,-0.03,-0.01,1.10,0.79,9.77,-0.00,-0.01,0.01
4.83,86.52,-9.59,2.18,1.71,-0.07,-0.01,-0.04,1.11,0.81,9.79,-0.01,-0.00,-0.01
4.84,86.55,-9.61,2.16,1.71,-0.07,-0.00,-0.07,1.13,0.81,9.79,-0.02,-0.00,-0.05
4.86,86.56,-9.63,2.11,1.70,-0.07,0.01,-0.10,1.11,0.79,9.78,-0.02,-0.00,-0.07
4.87,86.58,-9.70,1.98,1.68,-0.07,0.01,-0.13,1.09,0.73,9.80,-0.03,-0.00,-0.10
4.89,86.60,-9.73,1.92,1.66,-0.07,0.01,-0.14,1.06,0.68,9.80,-0.03,0.00,-0.11
4.90,86.62,-9.78,1.85,1.62,-0.07,0.02,-0.14,1.03,0.62,9.81,-0.04,0.00,-0.12
4.91,86.65,-9.82,1.77,1.56,-0.06,0.02,-0.13,0.98,0.54,9.83,-0.04,0.00,-0.12
4.93,86.67,-9.86,1.71,1.53,-0.05,0.01,-0.12,0.96,0.49,9.82,-0.04,0.01,-0.11
4.94,86.72,-9.90,1.63,1.47,-0.05,0.01,-0.10,0.92,0.43,9.82,-0.03,0.01,-0.10
4.96,86.77,-9.94,1.57,1.42,-0.04,0.00,-0.07,0.90,0.39,9.84,-0.03,-0.00,-0.09
4.98,86.80,-9.96,1.55,1.40,-0.04,-0.00,-0.05,0.89,0.35,9.85,-0.03,-0.00,-0.07
4.99,86.84,-9.98,1.55,1.37,-0.04,-0.01,-0.01,0.85,0.32,9.84,-0.02,-0.01,-0.05
5.01,86.87,-9.95,1.58,1.35,-0.04,-0.03,0.03,0.83,0.32,9.83,-0.01,-0.01,-0.02
5.02,86.88,-9.93,1.61,1.36,-0.04,-0.03,0.05,0.80,0.34,9.84,-0.00,-0.01,-0.00
5.03,86.86,-9.89,1.66,1.39,-0.04,-0.05,0.08,0.78,0.36,9.85,0.00,-0.02,0.02
5.04,86.83,-9.88,1.68,1.41,-0.04,-0.05,0.09,0.78,0.38,9.85,0.01,-0.02,0.03
5.07,86.80,-9.86,1.75,1.43,-0.04,-0.05,0.11,0.79,0.41,9.87,0.01,-0.02,0.05
5.08,86.75,-9.83,1.81,1.46,-0.04,-0.06,0.12,0.81,0.46,9.86,0.02,-0.01,0.06
5.10,86.71,-9.81,1.87,1.47,-0.04,-0.06,0.12,0.82,0.49,9.84,0.02,-0.01,0.07
5.11,86.63,-9.76,1.95,1.53,-0.05,-0.06,0.12,0.89,0.57,9.82,0.02,-0.01,0.08
5.13,86.53,-9.65,2.08,1.61,-0.06,-0.06,0.09,0.97,0.64,9.79,0.02,-0.01,0.07
5.15,86.45,-9.58,2.15,1.70,-0.07,-0.04,0.05,1.04,0.70,9.77,0.01,-0.00,0.05
5.17,86.41,-9.57,2.17,1.72,-0.07,-0.03,0.00,1.10,0.75,9.75,0.00,-0.00,0.02
5.18,86.41,-9.58,2.17,1.73,-0.07,-0.02,-0.03,1.13,0.78,9.76,-0.00,-0.00,0.01
5.19,86.43,-9.60,2.14,1.73,-0.07,-0.00,-0.07,1.16,0.80,9.75,-0.01,-0.00,-0.03
5.20,86.50,-9.64,2.07,1.70,-0.07,0.01,-0.11,1.15,0.76,9.77,-0.02,-0.00,-0.08
5.22,86.51,-9.68,2.02,1.67,-0.07,0.01,-0.13,1.12,0.74,9.77,-0.03,-0.00,-0.10
5.23,86.58,-9.77,1.91,1.61,-0.06,0.01,-0.15,1.04,0.66,9.79,-0.04,-0.01,-0.12
5.25,86.60,-9.81,1.84,1.56,-0.06,0.01,-0.15,0.97,0.59,9.80,-0.04,-0.01,-0.13
5.26,86.63,-9.86,1.76,1.53,-0.05,0.00,-0.14,0.93,0.56,9.82,-0.04,-0.01,-0.13
5.28,86.64,-9.91,1.65,1.49,-0.04,-0.00,-0.12,0.86,0.47,9.86,-0.04,-0.01,-0.12
5.29,86.65,-9.93,1.60,1.45,-0.04,-0.00,-0.10,0.83,0.41,9.88,-0.03,-0.01,-0.11
5.30,86.65,-9.94,1.53,1.43,-0.02,-0.01,-0.07,0.82,0.33,9.89,-0.02,-0.01,-0.09
5.32,86.65,-9.94,1.51,1.43,-0.02,-0.01,-0.04,0.80,0.28,9.87,-0.01,-0.01,-0.07
5.33,86.66,-9.93,1.52,1.43,-0.02,-0.02,-0.01,0.80,0.26,9.86,-0.01,-0.01,-0.05
5.34,86.63,-9.91,1.54,1.44,-0.02,-0.02,0.01,0.81,0.27,9.85,-0.00,-0.00,-0.03
5.35,86.62,-9.88,1.59,1.47,-0.02,-0.03,0.03,0.81,0.30,9.85,-0.00,-0.00,-0.02
5.38,86.63,-9.85,1.65,1.50,-0.02,-0.03,0.06,0.82,0.31,9.85,-0.00,-0.00,-0.01
5.41,86.63,-9.82,1.71,1.52,-0.02,-0.03,0.07,0.82,0.31,9.85,-0.00,-0.00,-0.01
5.42,86.60,-9.80,1.74,1.54,-0.02,-0.03,0.08,0.83,0.34,9.84,0.00,-0.00,0.01
5.43,86.58,-9.78,1.78,1.56,-0.02,-0.03,0.08,0.85,0.37,9.83,0.00,0.00,0.02
5.45,86.53,-9.76,1.87,1.60,-0.03,-0.03,0.08,0.87,0.39,9.82,0.00,0.00,0.02
5.47,86.49,-9.74,1.94,1.61,-0.03,-0.02,0.07,0.90,0.44,9.81,0.00,0.00,0.03
5.48,86.46,-9.71,2.00,1.61,-0.03,-0.02,0.04,0.96,0.56,9.81,0.00,0.00,0.04
5.49,86.43,-9.67,2.04,1.61,-0.03,-0.01,0.01,1.02,0.65,9.78,0.00,0.00,0.03
5.51,86.46,-9.66,2.04,1.62,-0.04,-0.00,-0.04,1.06,0.72,9.76,-0.00,0.00,-0.00
5.53,86.49,-9.68,1.97,1.60,-0.04,0.00,-0.07,1.06,0.72,9.75,-0.01,0.00,-0.02
5.54,86.56,-9.72,1.88,1.55,-0.04,0.01,-0.09,1.04,0.70,9.77,-0.01,-0.00,-0.05
5.56,86.62,-9.77,1.80,1.52,-0.03,0.01,-0.09,1.01,0.66,9.79,-0.02,-0.00,-0.07
5.57,86.66,-9.80,1.75,1.49,-0.03,0.01,-0.09,0.97,0.61,9.80,-0.02,0.00,-0.08
5.58,86.72,-9.86,1.70,1.47,-0.03,0.01,-0.08,0.93,0.55,9.81,-0.03,0.00,-0.08
5.60,86.75,-9.88,1.70,1.47,-0.03,0.01,-0.07,0.91,0.49,9.82,-0.03,0.00,-0.08
5.61,86.77,-9.90,1.69,1.48,-0.04,0.00,-0.05,0.88,0.44,9.84,-0.02,0.00,-0.07
5.62,86.77,-9.90,1.63,1.50,-0.04,-0.00,-0.03,0.88,0.41,9.84,-0.02,0.00,-0.05
5.64,86.76,-9.89,1.60,1.51,-0.04,-0.01,-0.01,0.89,0.39,9.84,-0.02,0.00,-0.04
5.65,86.76,-9.90,1.64,1.51,-0.03,-0.01,0.01,0.91,0.40,9.83,-0.01,0.00,-0.03
5.66,86.75,-9.89,1.68,1.50,-0.04,-0.01,0.02,0.93,0.41,9.83,-0.01,0.01,-0.01
5.67,86.76,-9.87,1.69,1.50,-0.04,-0.02,0.04,0.97,0.41,9.84,-0.01,0.01,-0.00
5.69,86.76,-9.85,1.70,1.49,-0.04,-0.02,0.05,0.97,0.42,9.82,-0.01,0.01,0.00
5.70,86.77,-9.83,1.72,1.48,-0.04,-0.02,0.05,0.96,0.43,9.82,-0.00,0.01,0.01
5.71,86.79,-9.83,1.76,1.47,-0.03,-0.03,0.06,0.95,0.44,9.82,0.00,0.00,0.02
5.73,86.79,-9.84,1.77,1.46,-0.04,-0.03,0.07,0.94,0.46,9.81,0.01,-0.00,0.03
5.74,86.79,-9.86,1.76,1.45,-0.05,-0.04,0.08,0.90,0.47,9.81,0.01,-0.00,0.04
5.76,86.78,-9.87,1.75,1.45,-0.05,-0.04,0.08,0.91,0.46,9.81,0.01,-0.00,0.05
5.77,86.76,-9.86,1.76,1.46,-0.06,-0.05,0.10,0.90,0.41,9.82,0.02,-0.00,0.07
5.78,86.73,-9.83,1.78,1.49,-0.07,-0.05,0.10,0.89,0.38,9.82,0.03,-0.01,0.09
5.79,86.71,-9.82,1.80,1.51,-0.07,-0.05,0.11,0.89,0.37,9.83,0.03,-0.01,0.10
5.80,86.66,-9.79,1.84,1.53,-0.08,-0.05,0.11,0.91,0.40,9.84,0.03,-0.01,0.12
5.82,86.62,-9.77,1.89,1.54,-0.08,-0.05,0.11,0.94,0.47,9.82,0.03,-0.01,0.13
5.84,86.61,-9.77,1.93,1.54,-0.08,-0.05,0.11,0.96,0.52,9.82,0.03,-0.01,0.13
5.85,86.60,-9.77,1.95,1.55,-0.08,-0.05,0.11,0.95,0.52,9.82,0.04,-0.01,0.13
5.86,86.58,-9.76,1.98,1.56,-0.09,-0.05,0.10,0.94,0.51,9.84,0.04,-0.01,0.14
5.87,86.56,-9.75,1.98,1.58,-0.09,-0.05,0.09,0.93,0.50,9.84,0.04,-0.01,0.14
5.88,86.50,-9.74,1.96,1.60,-0.09,-0.04,0.07,0.95,0.54,9.81,0.04,-0.01,0.14
5.90,86.48,-9.72,1.96,1.60,-0.09,-0.04,0.07,0.96,0.58,9.79,0.04,-0.01,0.14
5.91,86.46,-9.70,1.99,1.61,-0.08,-0.04,0.07,0.98,0.62,9.79,0.03,-0.01,0.13
5.92,86.44,-9.69,2.01,1.61,-0.08,-0.04,0.07,0.98,0.66,9.79,0.03,-0.01,0.12
5.93,86.43,-9.67,2.04,1.64,-0.07,-0.03,0.06,1.00,0.71,9.80,0.02,-0.00,0.10
5.95,86.41,-9.65,2.07,1.66,-0.05,-0.03,0.04,1.02,0.76,9.80,0.02,-0.00,0.06
5.97,86.38,-9.67,2.10,1.70,-0.01,-0.01,0.01,1.07,0.78,9.82,0.01,0.01,0.02
5.99,86.38,-9.69,2.09,1.70,-0.01,-0.01,0.00,1.09,0.77,9.82,0.01,0.01,-0.00
6.01,86.38,-9.67,2.02,1.69,0.02,0.00,-0.02,1.10,0.68,9.82,0.00,0.01,-0.01
6.03,86.42,-9.64,1.91,1.70,0.03,0.02,-0.03,1.16,0.59,9.80,0.00,0.01,-0.02
6.04,86.48,-9.63,1.83,1.71,0.05,0.03,-0.04,1.17,0.52,9.78,-0.00,0.01,-0.01
6.06,86.55,-9.61,1.83,1.67,0.07,0.05,-0.04,1.17,0.47,9.76,-0.01,0.01,-0.01
6.07,86.66,-9.62,1.91,1.62,0.08,0.06,-0.05,1.15,0.43,9.78,-0.02,0.00,-0.01
6.09,86.75,-9.66,1.96,1.59,0.06,0.07,-0.05,1.08,0.44,9.84,-0.02,0.00,0.01
6.11,86.90,-9.83,2.00,1.57,0.02,0.09,-0.04,1.10,0.48,9.85,-0.01,0.01,0.04
6.12,86.98,-9.90,2.01,1.57,-0.00,0.09,-0.03,1.13,0.48,9.85,-0.00,0.01,0.06
6.14,87.06,-9.94,2.02,1.55,-0.03,0.09,-0.01,1.16,0.48,9.84,0.00,0.01,0.07
6.16,87.15,-9.96,2.01,1.53,-0.05,0.09,-0.00,1.15,0.51,9.79,-0.00,0.02,0.08
6.17,87.30,-9.93,1.97,1.51,-0.07,0.08,0.02,1.08,0.54,9.79,-0.01,0.02,0.07
6.19,87.39,-9.91,1.94,1.46,-0.08,0.08,0.04,0.95,0.54,9.86,-0.01,0.02,0.06
6.20,87.46,-9.91,1.98,1.34,-0.09,0.08,0.07,0.87,0.55,9.88,-0.01,0.02,0.06
6.22,87.50,-9.90,2.05,1.24,-0.09,0.07,0.08,0.81,0.56,9.85,0.00,0.02,0.07
6.23,87.57,-9.87,2.09,1.20,-0.10,0.05,0.08,0.81,0.59,9.77,0.01,0.02,0.08
6.24,87.62,-9.82,2.10,1.18,-0.10,0.03,0.07,0.82,0.61,9.72,0.01,0.01,0.07
6.25,87.69,-9.74,2.11,1.21,-0.09,-0.00,0.06,0.84,0.65,9.71,-0.01,0.01,0.05
6.27,87.71,-9.72,2.12,1.24,-0.08,-0.02,0.05,0.88,0.68,9.71,-0.01,0.00,0.03
6.28,87.71,-9.74,2.13,1.31,-0.08,-0.03,0.05,0.91,0.71,9.69,-0.02,-0.00,-0.01
6.29,87.69,-9.78,2.11,1.41,-0.06,-0.04,0.04,0.94,0.71,9.72,-0.02,-0.01,-0.06
6.31,87.65,-9.82,2.14,1.43,-0.04,-0.05,0.02,0.92,0.69,9.78,-0.02,-0.02,-0.09
6.32,87.61,-9.83,2.17,1.42,-0.03,-0.06,0.01,0.89,0.70,9.80,-0.02,-0.02,-0.12
6.33,87.56,-9.78,2.22,1.37,-0.02,-0.07,-0.01,0.86,0.71,9.78,-0.02,-0.02,-0.15
6.35,87.51,-9.70,2.24,1.27,-0.01,-0.08,-0.04,0.81,0.70,9.77,-0.02,-0.03,-0.18
6.36,87.47,-9.66,2.27,1.19,0.00,-0.09,-0.06,0.72,0.69,9.79,-0.02,-0.03,-0.21
6.37,87.45,-9.65,2.29,1.09,0.01,-0.09,-0.09,0.64,0.68,9.81,-0.02,-0.03,-0.23
6.38,87.45,-9.79,2.30,0.95,0.01,-0.10,-0.11,0.56,0.66,9.85,-0.02,-0.03,-0.24
6.39,87.39,-9.47,2.92,0.74,-0.06,-0.10,-0.16,0.42,0.67,9.80,-0.02,-0.03,-0.25
6.41,87.42,-9.35,3.74,0.54,-0.15,-0.12,-0.29,0.45,0.71,9.72,-0.01,-0.04,-0.23
6.42,87.49,-9.03,3.97,0.74,-0.38,-0.14,-0.54,0.61,0.73,9.76,-0.01,-0.04,-0.20
6.43,87.40,-9.20,2.45,1.45,-0.58,-0.12,-0.55,0.77,0.67,9.92,-0.01,-0.04,-0.17
6.44,87.21,-9.40,0.69,1.85,-0.47,-0.06,-0.48,0.87,0.68,10.09,-0.01,-0.05,-0.12
6.46,87.10,-10.58,0.45,1.77,-0.02,0.00,-0.40,1.18,0.74,10.37,-0.01,-0.08,-0.11
6.47,87.19,-11.28,0.90,1.65,0.09,-0.01,-0.30,1.25,0.66,10.45,-0.02,-0.11,-0.09
6.49,87.39,-11.39,1.31,1.47,0.09,-0.09,-0.16,0.87,0.44,10.42,0.03,-0.18,-0.02
6.50,87.42,-10.50,1.39,1.13,0.06,-0.13,-0.01,0.35,0.61,9.95,0.06,-0.24,0.08
6.51,87.35,-9.57,1.48,0.81,0.05,-0.14,0.11,-0.21,0.60,9.13,0.07,-0.29,0.19
6.53,87.26,-8.61,1.67,0.50,0.07,-0.16,0.20,-0.52,0.64,8.29,0.07,-0.31,0.35
6.54,87.18,-7.72,2.51,0.00,0.14,-0.22,0.21,-0.47,0.79,7.08,-0.02,-0.38,0.44
6.55,87.53,-8.77,3.54,-0.41,0.12,-0.27,-0.01,-0.08,1.01,7.34,-0.14,-0.44,0.40
6.57,87.93,-10.00,3.83,-0.52,0.07,-0.29,-0.17,0.30,1.17,8.55,-0.29,-0.47,0.31
6.58,88.35,-11.08,3.52,-0.30,0.00,-0.32,-0.27,0.43,0.95,10.01,-0.41,-0.48,0.12
6.60,88.03,-11.26,0.89,1.04,0.37,-0.54,0.06,-0.13,-0.15,11.05,-0.37,-0.37,0.17
6.62,87.80,-11.28,0.92,0.87,0.37,-0.58,0.15,0.21,-1.05,11.04,-0.20,-0.29,0.29
6.63,87.64,-11.02,0.96,0.60,0.32,-0.63,0.24,0.52,-1.67,10.44,-0.05,-0.28,0.51
6.65,87.61,-10.30,0.90,0.67,0.22,-0.72,0.17,0.91,-1.54,9.55,0.01,-0.37,0.51
6.66,87.60,-10.31,1.04,0.86,0.17,-0.81,0.15,1.09,-1.11,9.34,-0.01,-0.42,0.46
6.67,87.55,-10.24,1.43,1.01,0.10,-0.90,0.11,1.08,-0.64,9.31,-0.06,-0.45,0.43
6.69,87.46,-9.99,1.74,1.10,0.04,-0.96,0.06,1.22,-0.22,9.45,-0.10,-0.48,0.45
6.70,87.30,-9.77,1.87,1.21,-0.00,-1.00,0.02,1.22,-0.22,9.45,-0.10,-0.48,0.45
6.71,87.18,-9.52,2.00,1.49,-0.05,-1.03,-0.04,1.46,0.09,9.54,-0.11,-0.52,0.47
6.72,86.60,-9.34,2.22,2.12,-0.12,-1.07,-0.21,1.94,0.48,9.68,-0.08,-0.58,0.45
6.74,86.60,-9.34,2.22,2.42,-0.15,-1.08,-0.28,2.15,0.62,9.74,-0.06,-0.61,0.38
6.75,86.53,-9.29,2.08,2.68,-0.17,-1.08,-0.36,2.23,0.58,9.88,-0.02,-0.63,0.34
6.76,85.93,-9.34,1.85,2.92,-0.19,-1.07,-0.51,2.18,0.36,9.90,0.01,-0.67,0.34
6.78,85.56,-9.45,1.59,3.17,-0.22,-1.06,-0.65,2.29,0.00,9.87,0.03,-0.70,0.33
6.79,85.49,-9.56,1.42,3.41,-0.26,-1.09,-0.74,2.62,-0.24,9.79,0.04,-0.73,0.27
6.80,85.05,-9.62,1.31,3.66,-0.29,-1.13,-0.82,2.98,-0.29,9.64,0.05,-0.76,0.15
6.81,84.85,-9.52,1.19,3.83,-0.33,-1.19,-0.92,3.22,-0.25,9.50,0.05,-0.77,-0.05
6.83,85.10,-9.31,1.11,3.97,-0.36,-1.23,-1.02,3.45,-0.09,9.43,0.05,-0.76,-0.13
6.84,84.91,-9.20,1.12,4.14,-0.38,-1.24,-1.10,3.58,0.06,9.41,0.06,-0.76,-0.17
6.85,84.38,-9.33,0.97,4.48,-0.43,-1.26,-1.16,3.77,0.19,9.42,0.07,-0.73,-0.18
6.87,84.21,-9.55,0.64,4.72,-0.45,-1.32,-1.18,3.89,0.21,9.38,0.10,-0.67,-0.14
6.89,83.70,-9.59,0.45,4.68,-0.45,-1.43,-1.18,3.83,0.21,9.33,0.12,-0.61,-0.02
6.91,82.90,-9.64,0.06,4.59,-0.47,-1.71,-1.15,3.98,0.28,9.33,0.15,-0.56,0.08
6.92,81.93,-9.54,-0.26,4.98,-0.49,-1.92,-1.04,4.39,0.42,9.50,0.17,-0.42,0.20
6.95,80.63,-9.15,-0.38,5.76,-0.49,-2.09,-0.93,4.43,0.60,9.62,0.21,-0.30,0.28
6.96,79.83,-8.89,-0.40,6.27,-0.48,-2.16,-0.89,4.52,0.75,9.66,0.21,-0.22,0.33
6.97,77.92,-8.31,-0.52,7.22,-0.42,-2.29,-0.83,4.82,0.78,9.66,0.20,-0.12,0.41
6.99,76.23,-7.74,-0.51,7.90,-0.35,-2.40,-0.80,5.22,0.84,9.57,0.17,-0.03,0.47
7.00,74.38,-7.16,-0.50,8.57,-0.29,-2.46,-0.79,5.61,1.00,9.47,0.12,0.05,0.48
7.01,71.94,-6.52,-0.42,9.34,-0.22,-2.47,-0.76,6.01,1.17,9.34,0.06,0.13,0.39
7.03,69.30,-5.88,-0.58,9.87,-0.17,-2.40,-0.70,6.05,1.16,9.19,0.00,0.18,0.27
7.04,68.39,-5.62,-0.67,9.96,-0.15,-2.36,-0.67,5.94,1.09,9.02,-0.03,0.22,0.22
7.05,65.83,-4.93,-0.92,9.83,-0.10,-2.24,-0.64,5.62,0.89,8.71,-0.06,0.27,0.12
7.06,64.21,-4.53,-0.97,9.56,-0.07,-2.16,-0.65,5.43,0.76,8.61,-0.06,0.30,0.09
7.07,63.25,-4.36,-1.01,9.30,-0.05,-2.11,-0.67,5.12,0.54,8.51,-0.06,0.33,0.06
7.08,60.75,-4.43,-1.18,8.57,-0.01,-2.03,-0.71,4.71,0.24,8.39,-0.04,0.38,0.04
7.10,58.64,-4.77,-1.35,7.79,0.02,-2.00,-0.73,4.50,0.08,8.33,-0.04,0.39,0.04
7.10,58.64,-4.77,-1.35,7.79,0.02,-2.00,-0.73,4.50,0.08,8.33,-0.04,0.39,0.04
7.13,57.55,-5.07,-1.51,7.38,0.02,-2.01,-0.75,4.20,-0.13,8.30,-0.03,0.41,0.05
7.16,56.53,-5.40,-1.67,7.04,0.01,-2.02,-0.77,3.87,-0.26,8.35,-0.03,0.43,0.05
7.17,54.52,-6.08,-2.02,6.59,-0.02,-2.04,-0.76,2.98,-0.43,8.77,-0.02,0.44,0.05
7.19,53.07,-6.45,-2.18,6.45,-0.06,-2.04,-0.71,2.32,-0.50,9.20,-0.00,0.41,0.02
7.20,50.97,-6.59,-2.36,6.34,-0.06,-2.05,-0.54,1.57,-0.47,9.43,-0.00,0.33,-0.04
7.22,48.75,-6.31,-1.70,6.34,-0.07,-1.97,-0.32,0.89,-0.24,9.43,0.01,0.23,-0.06
7.24,46.55,-5.98,-1.38,6.73,-0.17,-1.85,-0.12,0.25,0.21,9.61,0.08,0.16,-0.02
7.25,44.14,-5.55,-1.59,7.51,-0.27,-1.75,0.04,0.47,0.36,9.87,0.16,0.10,0.17
7.26,41.93,-4.69,-1.74,8.03,-0.29,-1.67,0.18,1.14,0.41,9.54,0.20,0.06,0.33
7.28,40.23,-4.02,-1.51,8.08,-0.28,-1.58,0.28,1.51,0.45,9.10,0.21,0.03,0.40
7.29,38.72,-3.71,-1.27,8.02,-0.32,-1.46,0.36,1.45,0.57,8.81,0.15,0.01,0.44
7.30,37.25,-3.80,-1.36,8.10,-0.37,-1.35,0.46,1.15,0.71,8.76,0.07,0.01,0.52
7.32,35.85,-3.74,-1.50,8.28,-0.40,-1.24,0.60,1.07,0.70,9.00,0.01,-0.02,0.62
7.33,34.69,-3.42,-1.53,8.46,-0.42,-1.13,0.71,1.17,0.68,9.29,-0.05,-0.08,0.68
7.34,33.44,-2.96,-1.56,8.57,-0.43,-1.04,0.77,1.33,0.63,9.40,-0.10,-0.15,0.72
7.35,32.34,-2.61,-1.66,8.77,-0.43,-0.93,0.78,1.55,0.47,9.43,-0.16,-0.23,0.72
7.36,30.85,-2.17,-2.09,9.39,-0.42,-0.83,0.68,2.93,0.17,9.44,-0.22,-0.33,0.63
7.39,30.46,-1.93,-2.63,9.65,-0.38,-0.82,0.61,3.60,-0.08,9.42,-0.23,-0.34,0.52
7.40,30.12,-1.84,-2.92,9.80,-0.36,-0.83,0.55,3.99,-0.25,9.49,-0.21,-0.32,0.41
7.41,30.34,-1.80,-3.14,9.89,-0.33,-0.85,0.50,4.37,-0.48,9.70,-0.15,-0.29,0.28
7.42,30.47,-1.75,-3.30,9.91,-0.29,-0.90,0.44,4.17,-0.79,9.81,-0.07,-0.22,0.18
7.44,29.80,-1.83,-3.26,9.76,-0.24,-0.96,0.35,3.70,-0.80,9.85,-0.03,-0.21,0.19
7.45,29.25,-1.97,-3.02,9.58,-0.20,-1.00,0.26,3.15,-0.65,9.88,0.02,-0.25,0.22
7.49,28.11,-2.26,-2.31,9.29,-0.14,-1.02,0.21,2.85,-0.26,9.55,0.08,-0.27,0.22
7.50,27.78,-2.24,-2.11,9.25,-0.12,-1.02,0.20,2.89,-0.13,9.38,0.10,-0.29,0.17
7.51,27.41,-2.11,-1.96,9.18,-0.09,-1.02,0.18,2.88,-0.04,9.23,0.11,-0.31,0.12
7.53,27.05,-1.97,-1.90,9.13,-0.09,-1.01,0.16,2.77,-0.04,9.20,0.12,-0.32,0.11
7.54,26.77,-1.91,-1.91,9.12,-0.09,-1.01,0.14,2.50,0.01,9.17,0.14,-0.32,0.11
7.55,26.27,-1.91,-1.97,9.12,-0.08,-1.01,0.11,2.09,0.02,9.16,0.16,-0.33,0.15
7.56,26.03,-1.95,-1.97,9.12,-0.08,-1.01,0.10,1.97,0.01,9.17,0.16,-0.33,0.17
7.56,25.99,-1.95,-1.97,9.12,-0.08,-1.01,0.10,1.86,-0.01,9.18,0.17,-0.33,0.19
7.59,25.48,-2.25,-1.94,9.07,-0.06,-0.99,0.09,1.65,-0.04,9.19,0.18,-0.33,0.24
7.59,25.35,-2.32,-1.93,9.04,-0.06,-0.99,0.10,1.56,-0.04,9.19,0.18,-0.33,0.26
7.62,24.98,-2.56,-1.90,8.94,-0.06,-0.96,0.13,1.40,-0.09,9.21,0.19,-0.35,0.34
7.63,24.58,-2.61,-1.94,8.92,-0.09,-0.89,0.22,1.56,-0.28,9.27,0.20,-0.40,0.43
7.65,24.37,-2.24,-1.99,9.10,-0.09,-0.84,0.24,2.16,-0.32,9.31,0.20,-0.46,0.37
7.67,24.33,-2.03,-2.02,9.18,-0.06,-0.82,0.19,2.35,-0.26,9.30,0.19,-0.51,0.32
7.68,24.30,-1.87,-2.04,9.24,-0.03,-0.81,0.11,2.41,-0.23,9.29,0.17,-0.56,0.23
7.69,24.20,-1.76,-2.12,9.33,0.04,-0.78,-0.09,2.29,-0.16,9.34,0.17,-0.63,0.09
7.70,24.09,-1.75,-2.14,9.35,0.06,-0.77,-0.16,2.23,-0.14,9.36,0.17,-0.65,0.06
7.72,23.99,-1.75,-2.17,9.37,0.08,-0.74,-0.26,2.16,-0.13,9.39,0.17,-0.67,0.03
7.74,23.92,-1.77,-2.18,9.38,0.11,-0.69,-0.41,1.77,-0.10,9.55,0.18,-0.78,-0.08
7.75,23.91,-1.84,-2.16,9.35,0.12,-0.63,-0.53,1.72,-0.08,9.60,0.18,-0.84,-0.11
7.76,24.03,-1.99,-2.10,9.34,0.12,-0.55,-0.67,1.57,-0.19,9.71,0.17,-0.91,-0.13
7.77,24.22,-2.27,-2.15,9.43,0.11,-0.50,-0.77,1.48,-0.25,9.79,0.18,-1.00,-0.13
7.78,24.69,-2.88,-2.34,9.77,0.11,-0.43,-0.87,1.44,-0.30,9.83,0.16,-1.08,-0.13
7.80,25.50,-3.69,-2.74,10.38,0.12,-0.37,-0.91,1.60,-0.38,9.96,0.15,-1.18,-0.13
7.81,27.29,-5.81,-3.44,12.23,0.21,-0.14,-0.96,1.79,-0.34,10.37,0.11,-1.30,-0.16
7.83,29.18,-8.17,-2.72,12.52,0.34,0.03,-0.88,1.27,-0.24,11.34,0.08,-1.40,-0.23
7.84,31.40,-10.21,-0.68,11.96,0.53,0.27,-0.72,-0.29,0.42,13.03,0.05,-1.52,-0.31
7.85,33.06,-10.73,0.59,11.25,0.64,0.48,-0.57,-1.82,1.61,14.47,0.01,-1.62,-0.33
7.86,36.38,-9.14,0.05,10.24,0.71,1.21,-0.51,-3.90,3.77,15.76,-0.15,-1.90,-0.41
7.88,38.77,-8.74,-0.93,9.14,0.70,1.81,-0.41,-4.96,3.64,15.93,-0.27,-2.16,-0.67
7.89,41.74,-8.50,-1.16,8.75,0.51,2.35,0.09,-6.06,2.69,16.34,-0.36,-2.44,-0.99
7.91,43.14,-7.70,-0.89,9.61,0.34,2.65,0.46,-5.96,1.72,16.48,-0.41,-2.67,-1.15
7.92,45.29,-6.90,-0.60,12.30,0.13,3.03,0.72,-3.94,0.82,16.44,-0.40,-2.75,-1.04
7.93,49.57,-7.11,-3.32,17.18,0.04,3.23,0.66,1.67,-0.51,16.02,-0.20,-2.54,-0.38
7.94,52.67,-6.26,-4.20,17.72,0.22,3.06,0.51,5.99,-0.93,15.33,-0.26,-2.06,-0.14
7.95,57.97,-2.55,-3.55,14.68,0.23,2.91,0.33,10.27,-1.50,12.82,-0.15,-1.06,-0.36
7.97,59.84,-0.98,-3.10,12.85,0.06,2.87,0.28,10.35,-1.03,10.43,-0.28,-0.37,-0.44
7.99,61.81,-0.01,-2.58,11.12,-0.14,2.83,0.41,9.25,-0.67,7.59,-0.33,0.54,-0.36
8.00,62.93,0.57,-2.24,10.03,-0.27,2.82,0.51,8.83,-0.82,5.11,-0.21,1.52,-0.13
8.02,63.24,0.86,-2.08,9.37,-0.37,2.79,0.56,8.90,-0.99,4.09,-0.13,2.05,-0.04
8.03,63.44,1.03,-2.07,8.81,-0.48,2.71,0.53,8.89,-1.14,3.22,-0.07,2.70,0.03
8.04,62.94,1.12,-2.18,8.09,-0.61,2.51,0.44,8.68,-1.00,2.62,-0.06,3.33,0.07
8.05,62.30,1.20,-2.13,7.54,-0.68,2.26,0.40,8.23,-0.77,1.94,-0.04,3.90,0.20
8.07,60.87,1.42,-1.90,6.97,-0.77,1.92,0.36,7.91,-0.48,1.23,0.01,4.47,0.40
8.08,59.38,1.73,-1.81,6.71,-0.85,1.67,0.33,8.27,-0.41,0.90,0.14,4.94,0.73
8.09,57.45,2.00,-1.72,6.67,-0.86,1.39,0.27,8.67,-0.09,0.89,0.19,5.22,0.91
8.10,55.14,2.29,-1.48,6.70,-0.77,1.12,0.23,8.88,0.93,0.95,0.15,5.52,0.96
8.11,53.36,2.43,-0.99,6.64,-0.69,0.91,0.18,8.91,1.13,0.98,0.12,5.60,0.93
8.13,49.65,1.87,0.10,6.57,-0.56,0.55,0.22,8.21,0.77,1.52,-0.05,6.02,0.70
8.14,47.49,1.42,0.69,6.54,-0.52,0.40,0.33,7.24,0.74,2.77,-0.21,6.20,0.54
8.15,45.70,0.86,1.33,6.48,-0.51,0.25,0.46,7.00,0.62,3.91,-0.25,6.21,0.41
8.16,42.62,0.27,2.23,6.43,-0.55,0.01,0.64,6.79,0.40,6.85,-0.30,6.05,-0.06
8.17,38.46,-1.24,2.87,6.58,-0.70,-0.25,0.68,6.23,0.12,9.15,-0.41,5.55,-0.53
8.19,35.30,-2.68,2.55,6.83,-0.98,-0.44,0.38,4.91,0.10,8.83,-0.50,5.03,-0.96
8.20,32.44,-5.24,-0.43,6.76,-1.42,-0.52,-0.15,2.13,0.41,8.19,-0.64,4.22,-1.28
8.21,30.61,-7.95,-4.61,7.36,-1.68,-0.65,-0.35,-0.12,0.17,8.65,-0.66,3.63,-1.24
8.22,28.03,-10.87,-6.01,9.27,-1.32,-0.62,-0.06,-3.65,-0.36,10.19,-0.54,2.22,-0.64
8.24,26.65,-11.05,-4.23,9.21,-0.69,-0.49,0.23,-3.64,-0.19,9.95,-0.41,-0.78,0.23
8.26,27.53,-9.89,-1.93,7.23,-0.28,-0.35,0.45,-0.92,0.13,8.63,-0.34,-0.78,0.23
8.28,29.55,-8.82,-1.11,6.79,-0.29,-0.35,0.48,0.66,-0.76,9.45,-0.47,-1.67,-0.17
8.30,31.51,-5.84,-3.76,11.11,-0.88,-0.77,0.24,-3.56,1.23,15.21,-0.98,-1.19,-1.04
8.31,30.07,-4.63,-3.89,12.49,-0.57,-0.83,0.01,-5.80,2.63,15.26,-0.56,-0.87,-0.72
8.33,28.77,-7.07,-0.32,12.79,0.09,-0.71,-0.30,-3.81,3.28,13.77,-0.18,-1.14,-0.08
8.34,29.22,-10.33,1.35,11.43,0.16,-0.53,-0.05,-1.94,3.67,12.72,-0.00,-1.56,0.14
8.35,30.92,-8.54,1.47,11.15,0.02,-0.36,0.14,-0.13,2.68,12.49,0.13,-1.98,0.60
8.37,32.42,-0.17,-1.38,11.37,0.13,-0.55,0.10,3.46,-0.14,10.84,0.29,-2.30,1.05
8.39,32.85,2.83,-3.42,11.11,0.19,-0.67,-0.44,5.52,-1.03,9.99,0.37,-2.39,1.28
8.40,33.14,2.94,-4.13,10.70,0.24,-0.74,-0.87,6.55,-1.44,9.65,0.42,-2.37,1.17
8.41,34.43,1.85,-4.55,10.21,0.23,-0.90,-1.06,7.37,-1.74,8.70,0.29,-2.14,0.92
8.42,34.34,0.56,-4.81,9.93,0.20,-1.05,-1.01,7.51,-1.98,8.42,0.18,-1.98,0.78
8.43,36.25,-1.64,-4.92,9.47,0.10,-1.25,-0.69,6.72,-2.14,8.12,-0.08,-1.52,0.36
8.45,37.20,-2.62,-4.53,9.19,0.02,-1.35,-0.37,5.77,-1.68,8.15,-0.19,-1.32,0.12
8.46,37.96,-2.23,-3.76,9.29,-0.08,-1.39,0.06,5.05,-1.23,8.76,-0.25,-1.11,-0.07
8.48,37.92,-1.54,-3.49,9.52,-0.08,-1.35,0.21,4.97,-1.02,9.42,-0.19,-1.02,-0.15
8.49,37.44,-0.90,-3.18,9.69,-0.05,-1.31,0.23,4.88,-0.63,9.91,-0.02,-0.93,-0.18
8.51,36.50,-0.70,-3.03,9.78,-0.01,-1.29,0.14,4.32,-0.60,9.93,0.09,-0.88,-0.17
8.52,35.92,-0.86,-3.03,9.77,0.01,-1.28,0.09,3.72,-0.74,9.90,0.15,-0.86,-0.14
8.53,35.17,-1.21,-3.35,9.57,0.05,-1.30,0.02,3.40,-1.01,9.89,0.20,-0.81,-0.12
8.54,34.33,-1.39,-3.27,9.18,0.11,-1.31,-0.05,2.91,-1.33,9.81,0.19,-0.77,-0.12
8.55,33.59,-1.63,-3.38,8.85,0.10,-1.34,-0.16,2.91,-1.60,9.77,0.18,-0.74,-0.14
8.56,32.86,-1.62,-3.63,8.74,0.06,-1.37,-0.28,3.08,-1.70,9.66,0.16,-0.68,-0.16
8.57,32.38,-1.62,-3.71,8.72,0.05,-1.37,-0.37,3.24,-1.69,9.62,0.15,-0.66,-0.21
8.59,31.62,-1.65,-3.57,8.80,0.04,-1.37,-0.59,3.14,-1.59,9.48,0.14,-0.63,-0.33
8.60,30.67,-1.60,-3.36,8.98,0.07,-1.36,-0.78,3.06,-1.21,9.41,0.12,-0.61,-0.50
8.61,29.99,-1.65,-3.19,9.17,0.14,-1.36,-0.95,3.21,-0.90,9.49,0.11,-0.61,-0.65
8.64,29.13,-1.99,-2.81,9.23,0.24,-1.38,-1.08,2.30,-0.50,9.58,0.09,-0.67,-0.81
8.66,28.34,-2.30,-2.53,9.11,0.29,-1.41,-1.07,1.84,-0.39,9.67,0.08,-0.70,-0.78
8.67,27.54,-2.53,-2.29,8.92,0.30,-1.44,-0.98,1.40,-0.28,9.63,0.08,-0.69,-0.67
8.68,27.02,-2.79,-2.00,8.67,0.26,-1.46,-0.85,0.80,-0.12,9.38,0.09,-0.68,-0.52
8.69,26.05,-3.20,-1.49,8.36,0.18,-1.49,-0.66,0.04,0.02,9.18,0.10,-0.71,-0.31
8.71,25.10,-3.86,-0.97,8.21,0.12,-1.49,-0.51,-0.70,0.41,9.16,0.10,-0.77,-0.00
8.72,24.29,-4.14,-0.34,8.14,0.04,-1.47,-0.35,-0.99,0.65,9.41,0.13,-0.83,0.25
8.73,23.71,-3.97,-0.21,8.22,-0.02,-1.46,-0.27,-0.85,0.66,9.50,0.16,-0.89,0.39
8.75,22.99,-3.39,-0.82,8.96,-0.08,-1.42,-0.29,-0.42,0.31,9.73,0.16,-1.05,0.41
8.76,22.33,-3.20,-1.29,9.31,-0.05,-1.35,-0.40,-0.49,-0.07,10.14,0.17,-1.16,0.29
8.78,21.88,-3.24,-1.62,9.35,-0.02,-1.24,-0.56,-0.98,-0.35,10.35,0.19,-1.29,0.17
8.79,21.52,-3.58,-1.98,9.17,-0.00,-1.11,-0.72,-1.58,-0.68,10.40,0.24,-1.44,0.07
8.80,21.59,-4.00,-2.42,9.03,0.00,-0.97,-0.85,-1.76,-0.89,10.40,0.26,-1.56,0.02
8.81,22.73,-4.21,-2.92,9.63,0.07,-0.63,-0.99,0.11,-0.74,10.80,0.27,-2.03,-0.23
8.85,23.92,-4.21,-3.18,10.80,0.08,-0.50,-0.99,0.38,0.16,12.27,0.22,-2.15,-0.45
8.86,26.27,-5.43,-2.27,12.21,0.34,-0.17,-0.98,-0.53,2.28,13.52,0.12,-2.31,-0.84
8.89,28.21,-6.64,-0.55,11.85,0.63,0.07,-1.13,-1.54,3.38,13.67,0.05,-2.40,-1.16
8.90,29.16,-7.02,-0.10,11.52,0.79,0.24,-1.19,-2.96,4.17,13.71,-0.02,-2.54,-1.40
8.91,30.12,-7.05,0.13,11.16,0.94,0.54,-1.26,-3.98,4.16,13.74,-0.03,-2.62,-1.57
8.92,31.67,-6.53,-0.44,10.21,1.05,0.95,-1.29,-5.67,2.54,14.13,-0.10,-2.75,-1.65
8.93,32.75,-6.50,-0.92,9.54,1.01,1.31,-1.20,-6.05,1.59,14.66,-0.14,-2.80,-1.59
8.95,34.01,-6.88,-1.28,8.83,0.89,1.68,-0.98,-5.38,0.80,15.20,-0.19,-2.83,-1.42
8.96,36.67,-7.52,-1.49,8.07,0.64,2.14,-0.53,-4.03,0.41,15.61,-0.19,-2.78,-1.20
8.97,40.74,-7.77,-1.71,8.43,0.23,2.69,0.34,-0.88,0.00,15.82,-0.11,-2.58,-0.88
8.98,44.84,-6.74,-2.06,10.42,0.06,3.00,0.86,2.78,-1.08,15.57,0.11,-2.16,0.07
9.00,48.86,-6.83,-2.67,14.93,-0.23,3.22,1.02,6.84,-2.13,14.78,0.33,-1.66,0.40
9.01,53.18,-6.45,-4.86,18.03,-0.17,3.15,1.00,10.81,-2.85,13.57,0.46,-1.23,0.59
9.02,56.19,-4.95,-5.29,18.28,0.04,2.97,0.96,12.68,-2.37,12.00,0.49,-0.85,0.46
9.04,57.91,-3.93,-5.17,17.83,0.10,2.88,0.94,13.11,-1.88,10.70,0.45,-0.43,0.16
9.05,60.58,-1.42,-4.45,15.96,0.10,2.76,0.89,12.62,-1.25,8.33,0.30,0.03,-0.14
9.06,62.16,-0.08,-3.67,13.62,-0.02,2.72,0.84,11.42,-0.89,6.72,0.17,0.53,-0.25
9.07,63.67,0.18,-3.23,12.22,-0.18,2.71,0.89,9.70,-0.85,4.73,0.16,1.28,-0.16
9.09,64.44,0.16,-2.87,11.37,-0.31,2.71,1.01,9.22,-0.88,3.62,0.25,1.80,0.10
9.10,65.07,0.29,-2.50,10.72,-0.48,2.68,1.17,9.35,-0.88,2.78,0.34,2.31,0.41
9.11,65.31,0.49,-2.27,10.30,-0.68,2.61,1.27,9.50,-1.06,2.33,0.39,2.69,0.65
9.13,65.41,0.77,-2.27,10.13,-0.87,2.44,1.31,9.78,-1.12,1.92,0.45,3.18,0.84
9.14,65.17,1.09,-2.30,10.07,-0.96,2.28,1.32,9.98,-0.93,1.58,0.45,3.69,1.01
9.16,63.12,2.26,-1.97,9.31,-1.01,1.74,1.29,10.05,-0.07,0.62,0.43,4.62,1.11
9.17,61.39,2.63,-1.59,8.52,-1.00,1.42,1.24,10.42,0.26,0.17,0.42,5.00,1.18
9.18,59.78,2.95,-1.27,8.02,-1.01,1.18,1.19,10.51,0.51,-0.06,0.42,5.26,1.24
9.19,56.69,3.39,-1.15,7.43,-1.00,0.81,0.99,10.44,1.33,-0.65,0.37,5.62,1.20
9.22,52.39,3.85,-1.01,6.79,-0.78,0.38,0.49,10.26,1.88,-0.67,0.22,5.90,0.91
9.23,48.96,4.08,-0.45,6.38,-0.60,0.13,0.09,9.85,2.09,-0.43,0.00,6.20,0.37
9.25,45.18,3.45,0.66,6.08,-0.46,-0.10,-0.10,8.58,1.11,0.59,-0.20,6.54,-0.22
9.26,37.50,0.14,3.03,6.02,-0.48,-0.55,0.15,3.99,0.03,6.69,-0.61,6.51,-0.78
9.28,28.02,-3.79,2.22,7.16,-0.97,-0.82,-0.46,1.29,-0.95,9.68,-0.89,5.36,-0.70
9.30,23.18,-9.01,-2.91,7.43,-1.15,-0.85,-1.13,-0.52,-0.74,9.04,-0.95,4.87,-0.54
9.31,18.62,-13.29,-7.05,8.07,-1.01,-0.78,-0.73,-4.67,-1.15,9.69,-0.84,2.85,-0.13
9.33,18.05,-13.19,-4.74,7.15,-0.66,-0.34,-0.23,-5.33,-0.86,9.29,-0.76,1.27,-0.10
9.35,18.19,-12.14,-2.99,6.27,-0.58,-0.16,0.12,-4.64,-0.30,8.25,-0.64,-0.34,-0.15
9.36,20.75,-10.08,-1.69,6.00,-0.66,-0.08,0.49,-1.66,-0.76,8.33,-0.51,-1.79,-0.06
9.37,22.92,-8.53,-1.73,7.49,-0.87,-0.10,0.65,-0.87,-0.00,9.68,-0.69,-2.21,-0.45
9.39,24.72,-6.03,-3.49,10.21,-1.17,-0.39,0.81,-1.93,2.55,13.64,-1.06,-1.38,-1.17
9.40,22.82,-2.96,-2.61,12.84,-0.26,-0.67,0.63,-8.38,3.54,14.12,-0.44,-0.91,-0.17
9.41,22.57,-2.96,-2.61,12.84,-0.26,-0.67,0.63,-8.38,3.54,14.12,-0.44,-0.91,-0.17
9.42,22.07,-3.27,-1.53,12.92,-0.09,-0.68,0.58,-8.23,4.01,13.69,-0.32,-0.92,0.08
9.44,21.43,-4.42,0.83,12.87,0.17,-0.67,0.47,-7.89,4.31,13.36,-0.22,-0.95,0.71
9.45,20.93,-8.92,4.88,12.12,0.23,-0.53,0.10,-3.30,2.94,13.09,0.17,-1.58,1.12
9.47,23.59,-12.12,0.26,12.33,-0.41,-0.30,0.28,0.39,-0.72,15.28,0.28,-2.42,1.62
9.48,26.03,-8.88,-5.22,12.91,-0.40,-0.16,1.14,2.74,0.10,15.06,0.26,-2.79,1.80
9.49,27.78,-1.87,-4.03,12.93,-0.22,-0.16,1.49,4.96,0.44,12.99,0.22,-2.94,1.74
9.52,29.19,5.02,-2.35,11.95,-0.28,-0.34,1.08,7.56,-0.18,9.48,0.17,-2.89,1.61
9.53,29.92,8.89,-2.94,10.65,-0.22,-0.55,0.40,9.53,-0.57,6.92,0.11,-2.70,1.46
9.54,30.36,9.04,-3.84,10.02,-0.10,-0.68,-0.32,10.41,-0.59,6.04,0.01,-2.50,1.17
9.56,31.04,6.24,-5.13,9.88,0.09,-0.95,-1.17,10.61,-1.56,6.66,-0.17,-2.15,0.49
9.57,31.67,2.81,-5.78,10.45,0.16,-1.20,-1.44,9.77,-2.34,7.93,-0.20,-1.81,-0.05
9.59,32.25,0.10,-6.14,10.85,0.18,-1.33,-1.43,8.47,-2.29,8.85,-0.19,-1.55,-0.18
9.60,33.30,-3.08,-5.68,10.26,0.28,-1.40,-1.08,5.81,-2.16,9.50,-0.16,-1.12,-0.35
9.62,33.78,-3.32,-5.37,10.02,0.30,-1.41,-0.97,5.64,-2.08,9.48,-0.16,-1.07,-0.37
9.64,34.25,-3.13,-4.44,9.46,0.28,-1.41,-0.63,5.50,-1.82,9.53,-0.12,-0.95,-0.35
9.65,34.47,-2.28,-3.80,9.35,0.19,-1.39,-0.37,5.01,-1.30,9.74,0.03,-0.84,-0.27
9.66,34.20,-1.36,-3.51,9.62,0.08,-1.37,-0.18,4.14,-0.85,9.87,0.13,-0.80,-0.19
9.67,33.45,-1.16,-3.53,9.96,0.04,-1.38,-0.14,3.27,-0.82,9.98,0.17,-0.78,-0.11
9.68,32.39,-1.33,-3.35,9.67,0.14,-1.42,-0.19,3.09,-0.93,9.99,0.17,-0.77,-0.09
9.69,31.68,-1.85,-3.31,9.14,0.20,-1.48,-0.30,3.03,-0.99,9.99,0.16,-0.75,-0.16
9.70,30.94,-2.23,-3.53,8.84,0.17,-1.51,-0.38,2.88,-1.12,9.98,0.15,-0.70,-0.18
9.73,30.27,-2.43,-3.73,8.66,0.13,-1.50,-0.32,2.93,-1.38,10.10,0.12,-0.66,-0.25
9.74,30.09,-2.41,-3.73,8.62,0.13,-1.51,-0.30,3.00,-1.58,10.02,0.12,-0.64,-0.33
9.79,29.49,-2.08,-3.70,8.45,0.09,-1.52,-0.22,2.63,-1.56,9.46,0.12,-0.61,-0.44
9.80,28.58,-1.50,-3.46,8.51,0.08,-1.50,-0.25,1.93,-1.45,9.13,0.09,-0.63,-0.48
9.82,27.72,-1.35,-3.25,8.73,0.08,-1.49,-0.30,1.67,-1.29,8.91,0.05,-0.65,-0.47
9.83,26.70,-1.50,-2.90,8.87,0.12,-1.47,-0.36,1.93,-0.85,9.18,0.01,-0.71,-0.51
9.85,25.99,-1.91,-2.43,8.62,0.13,-1.47,-0.35,1.67,-0.64,9.38,-0.01,-0.71,-0.47
9.87,25.28,-2.12,-2.19,8.58,0.07,-1.52,-0.30,1.23,-0.55,9.45,-0.01,-0.72,-0.39
9.88,24.45,-2.11,-1.94,8.75,0.04,-1.53,-0.23,1.05,-0.10,9.46,0.03,-0.73,0.03
9.89,21.77,-1.57,-0.92,9.22,-0.03,-1.53,-0.20,1.51,0.58,9.40,0.09,-0.74,0.05
9.95,20.89,-1.50,-0.92,9.32,0.02,-1.51,-0.38,1.40,0.59,9.57,0.09,-0.79,0.04
9.96,20.04,-1.86,-1.30,9.43,0.11,-1.40,-0.83,1.01,0.31,9.56,0.07,-0.88,-0.11
9.99,19.39,-2.39,-1.60,9.58,0.13,-1.32,-1.01,0.26,-0.15,9.70,0.05,-0.95,-0.23
10.02,19.33,-2.63,-1.68,9.62,0.14,-1.29,-1.06,0.03,-0.30,9.77,0.05,-0.97,-0.25
10.03,18.66,-3.21,-1.85,9.64,0.15,-1.23,-1.16,-1.14,-0.89,10.21,0.07,-1.05,-0.32
10.05,18.17,-5.09,-1.81,9.56,0.13,-0.98,-1.31,-3.13,-1.25,10.80,0.16,-1.25,-0.34
10.07,17.77,-5.69,-1.63,9.49,0.11,-0.89,-1.31,-3.86,-1.06,10.90,0.20,-1.38,-0.33
10.08,17.82,-6.29,-1.43,9.39,0.09,-0.79,-1.30,-4.22,-0.83,10.88,0.22,-1.48,-0.33
10.09,17.98,-6.84,-1.25,9.26,0.07,-0.70,-1.27,-4.50,-0.51,10.83,0.23,-1.59,-0.33
10.09,21.88,-8.12,-0.82,11.35,0.04,0.07,-0.53,-3.19,3.50,12.84,0.23,-2.50,-0.65
10.22,23.26,-8.12,-0.20,11.97,0.20,0.23,-0.43,-2.89,4.85,13.29,0.22,-2.60,-0.84
10.28,23.26,-8.12,-0.20,11.97,0.20,0.23,-0.43,-2.89,4.85,13.29,0.22,-2.60,-0.84
10.31,24.20,-8.02,0.24,12.03,0.36,0.31,-0.40,-2.89,4.85,13.29,0.22,-2.60,-0.84
10.31,24.20,-8.02,0.24,12.03,0.36,0.31,-0.40,-2.89,4.85,13.29,0.22,-2.60,-0.84
10.33,24.67,-7.94,0.41,11.97,0.44,0.35,-0.40,-2.89,4.85,13.29,0.22,-2.60,-0.84
10.33,24.67,-7.94,0.41,11.97,0.44,0.35,-0.40,-2.89,4.85,13.29,0.22,-2.60,-0.84
10.36,26.57,-7.30,0.31,11.41,0.76,0.53,-0.41,-3.29,6.29,13.79,0.25,-2.88,-1.41
10.37,28.71,-5.91,-0.85,10.82,0.98,0.94,-0.38,-4.78,4.90,13.98,0.30,-3.00,-1.55
10.40,29.63,-5.67,-1.30,10.68,1.00,1.16,-0.32,-4.78,4.90,13.98,0.30,-3.00,-1.55
10.47,34.96,-8.00,-2.64,10.32,0.57,2.11,0.64,-4.78,4.90,13.98,0.30,-3.00,-1.55
10.47,34.96,-8.00,-2.64,10.32,0.57,2.11,0.64,-4.78,4.90,13.98,0.30,-3.00,-1.55
10.50,34.58,-8.00,-2.64,10.32,0.57,2.11,0.64,-2.74,-0.38,16.77,0.33,-2.86,-0.53
10.51,40.00,-8.71,-4.34,11.60,0.16,2.46,1.78,-0.18,-1.57,17.59,0.35,-2.54,0.07
10.56,45.78,-6.94,-5.79,15.25,-0.10,2.60,2.38,4.96,-4.50,15.83,0.92,-1.70,1.69
10.58,48.84,-6.34,-6.87,16.71,-0.10,2.51,2.39,8.07,-4.67,14.27,1.22,-1.39,2.00
10.59,51.50,-4.78,-7.46,14.13,0.10,1.96,2.62,11.23,-5.95,12.54,1.40,-1.08,2.20
10.60,56.86,3.98,-5.83,7.10,-1.36,1.24,1.46,10.19,-3.51,0.34,2.55,3.44,0.47
10.61,41.96,-3.37,-4.56,7.22,-1.56,-1.67,5.28,7.24,-5.17,10.27,4.71,4.06,8.72
10.62,26.22,-1.90,-6.67,9.33,-2.33,-2.52,8.73,8.50,-3.68,7.60,0.72,1.57,4.66
10.65,16.37,-3.24,2.11,12.72,-0.50,0.26,-0.84,6.00,2.95,10.88,-0.19,0.38,1.78
10.66,21.54,-3.56,0.61,11.72,-0.55,0.09,-0.41,8.81,4.05,7.75,-0.59,0.47,0.97
10.67,24.03,-3.27,-0.79,10.85,-0.49,0.03,-0.12,6.82,2.81,8.47,-0.66,0.44,0.28
10.68,26.49,-3.45,-2.43,8.32,-0.40,-0.04,0.80,2.91,1.21,9.83,-0.54,0.44,0.02
10.70,27.11,-4.14,-2.74,7.57,-0.51,-0.09,1.06,1.21,0.29,10.12,-0.43,0.43,0.27
10.71,28.23,-5.41,-3.41,7.29,-0.73,-0.23,1.34,0.14,-0.55,10.01,-0.36,0.43,0.69
10.73,28.76,-5.47,-3.85,7.66,-0.88,-0.40,1.60,0.27,-0.89,9.85,-0.30,0.45,1.12
10.75,28.97,-5.06,-3.97,8.00,-0.93,-0.49,1.76,0.72,-0.84,9.82,-0.28,0.46,1.33
10.76,28.94,-4.36,-3.87,8.42,-0.95,-0.59,1.96,1.60,-0.60,9.78,-0.24,0.43,1.53
10.77,29.12,-3.65,-3.29,8.73,-0.92,-0.64,2.13,2.10,-0.17,9.69,-0.19,0.36,1.52
10.79,29.21,-3.04,-2.60,9.00,-0.91,-0.64,2.23,2.55,0.16,9.56,-0.17,0.31,1.44
10.80,29.35,-2.10,-2.24,9.43,-0.89,-0.61,2.20,3.15,0.33,9.48,-0.16,0.25,1.30
10.82,29.26,-1.24,-2.20,9.49,-0.83,-0.64,2.05,3.81,0.64,9.30,-0.18,0.21,1.04
10.83,28.99,-0.58,-2.07,9.44,-0.76,-0.71,1.76,3.66,0.86,9.17,-0.17,0.19,0.79
10.85,28.37,-0.72,-1.99,9.67,-0.69,-0.73,1.43,2.62,0.63,9.28,-0.16,0.15,0.63
10.86,27.55,-0.81,-2.26,9.65,-0.53,-0.65,1.15,1.78,0.29,9.48,-0.15,0.11,0.55
10.87,26.61,-1.42,-2.09,9.44,-0.41,-0.48,0.82,1.41,0.04,9.71,-0.11,0.06,0.53
10.89,26.22,-1.73,-2.29,9.63,-0.36,-0.36,0.62,1.66,0.25,9.86,-0.10,-0.02,0.46
10.90,26.04,-1.91,-2.51,9.88,-0.30,-0.26,0.51,1.98,0.34,10.15,0.02,-0.11,0.36
10.91,26.19,-1.95,-2.67,9.99,-0.24,-0.19,0.48,2.08,0.16,10.19,0.09,-0.16,0.33
10.93,26.46,-1.74,-2.93,9.99,-0.18,-0.13,0.48,2.48,-0.04,10.04,0.14,-0.19,0.32
10.94,26.79,-1.42,-3.06,9.95,-0.14,-0.08,0.50,2.87,-0.08,9.84,0.17,-0.20,0.33
10.95,27.15,-1.10,-2.96,10.00,-0.11,-0.06,0.50,3.39,-0.01,9.63,0.19,-0.19,0.33
10.97,27.60,-0.69,-2.85,10.09,-0.09,-0.06,0.46,4.05,0.15,9.48,0.18,-0.18,0.30
10.97,27.79,-0.43,-2.86,10.13,-0.03,-0.07,0.39,4.30,0.26,9.41,0.18,-0.17,0.27
10.99,28.22,-0.47,-2.81,9.98,0.02,-0.10,0.33,4.25,0.46,9.32,0.18,-0.14,0.19
11.00,28.67,-0.88,-2.58,9.71,0.03,-0.12,0.37,3.68,0.40,9.23,0.19,-0.12,0.20
11.02,28.94,-1.17,-2.39,9.47,-0.00,-0.12,0.50,3.20,0.14,9.19,0.19,-0.11,0.25
11.03,29.20,-1.21,-2.41,9.36,-0.05,-0.12,0.63,3.11,-0.17,9.10,0.20,-0.08,0.38
11.04,29.41,-1.17,-2.53,9.33,-0.09,-0.13,0.72,3.33,-0.29,9.00,0.21,-0.05,0.48
11.04,29.61,-1.13,-2.64,9.36,-0.12,-0.14,0.77,3.67,-0.35,8.93,0.21,-0.02,0.53
11.06,29.83,-1.08,-2.75,9.43,-0.13,-0.15,0.79,3.85,-0.35,8.89,0.20,0.00,0.54
11.07,30.21,-1.00,-2.76,9.56,-0.13,-0.16,0.80,4.15,-0.27,8.93,0.19,0.04,0.51
11.09,30.36,-0.97,-2.69,9.60,-0.12,-0.18,0.79,4.20,-0.12,8.96,0.18,0.05,0.46
11.10,30.59,-0.92,-2.55,9.68,-0.10,-0.21,0.74,4.15,-0.03,9.01,0.17,0.05,0.38
11.11,30.78,-0.96,-2.55,9.81,-0.06,-0.22,0.63,3.89,0.05,9.09,0.16,0.04,0.26
11.12,30.86,-1.08,-2.57,9.81,0.04,-0.22,0.49,3.51,0.08,9.20,0.14,0.00,0.15
11.14,30.90,-1.19,-2.51,9.73,0.10,-0.22,0.36,3.36,0.07,9.23,0.14,-0.03,0.06
11.16,31.04,-1.72,-2.35,9.39,0.21,-0.20,0.19,2.71,0.19,9.30,0.16,-0.08,-0.04
11.16,31.16,-2.37,-2.20,9.27,0.25,-0.17,0.09,2.14,0.21,9.39,0.16,-0.12,-0.09
11.18,31.12,-3.04,-2.17,9.22,0.27,-0.13,0.04,1.21,0.12,9.66,0.17,-0.19,-0.11
11.19,31.34,-4.34,-2.19,9.15,0.30,-0.02,0.03,0.03,-0.07,10.21,0.21,-0.30,-0.10
11.20,31.67,-5.33,-2.24,9.13,0.31,0.08,0.11,-0.74,-0.06,10.66,0.26,-0.39,-0.07
11.22,32.60,-6.61,-2.16,9.03,0.33,0.25,0.34,-1.35,0.14,11.31,0.36,-0.59,-0.04
11.23,33.20,-7.26,-1.91,9.00,0.34,0.38,0.53,-2.07,0.27,11.64,0.40,-0.74,-0.10
11.25,33.87,-7.63,-1.60,9.05,0.36,0.49,0.67,-2.68,0.40,11.88,0.43,-0.86,-0.19
11.28,35.71,-8.40,-0.94,9.37,0.46,0.83,0.91,-3.59,0.52,12.78,0.47,-1.17,-0.25
11.29,37.22,-8.80,-0.74,9.41,0.53,1.06,1.01,-4.13,0.43,13.52,0.49,-1.31,-0.32
11.30,39.74,-8.80,-0.48,8.91,0.59,1.43,1.24,-3.80,-0.02,14.30,0.62,-1.47,-0.17
11.32,41.53,-7.85,-0.49,8.84,0.52,1.61,1.44,-2.95,-0.64,14.33,0.73,-1.50,0.08
11.33,43.22,-6.65,-0.94,9.20,0.34,1.78,1.68,-0.95,-1.64,13.82,0.90,-1.41,0.65
11.34,44.54,-5.89,-1.59,9.66,0.16,1.89,1.85,0.16,-1.86,13.33,0.96,-1.31,1.26
11.36,47.39,-4.87,-3.22,10.76,-0.17,2.07,2.07,3.28,-2.39,12.24,1.04,-1.00,2.09
11.38,51.77,-4.06,-4.69,11.75,-0.33,2.20,1.96,6.63,-4.06,10.37,1.13,-0.53,2.49
11.40,53.72,-3.70,-4.93,11.79,-0.33,2.21,1.81,7.48,-4.49,9.44,1.13,-0.37,2.51
11.41,56.31,-3.12,-5.02,11.40,-0.32,2.18,1.64,7.90,-4.07,8.59,1.08,-0.17,2.31
11.43,58.34,-2.71,-4.49,10.73,-0.40,2.11,1.27,8.12,-3.68,8.12,0.99,0.02,2.16
11.45,59.20,-2.80,-4.19,10.71,-0.52,2.07,1.08,8.25,-3.36,7.91,0.96,0.14,2.05
11.45,60.12,-2.95,-4.02,10.80,-0.59,2.05,0.99,8.35,-3.02,7.65,0.91,0.27,1.87
11.47,62.57,-3.25,-3.25,10.78,-0.68,2.00,0.84,8.37,-2.21,6.90,0.75,0.94,1.60
11.49,63.96,-3.30,-2.30,10.07,-0.81,1.88,0.79,8.28,-1.78,6.40,0.67,1.53,1.40
11.50,64.92,-2.63,-1.50,9.06,-1.08,1.56,0.65,8.11,-1.10,5.47,0.51,2.50,1.14
11.52,64.85,-2.52,-1.26,8.65,-1.13,1.42,0.59,7.83,-0.70,5.02,0.31,2.88,0.93
11.53,63.59,-2.52,-0.54,7.30,-1.25,1.06,0.59,6.50,0.25,4.49,-0.19,3.60,0.39
11.56,62.25,-2.71,-0.28,6.57,-1.35,0.86,0.69,5.29,0.68,4.60,-0.39,3.85,0.38
11.57,60.21,-2.99,-0.07,6.05,-1.43,0.65,0.82,3.49,1.15,5.09,-0.46,4.04,0.62
11.58,55.48,-3.76,0.35,5.78,-1.54,0.28,1.11,0.96,1.42,6.49,-0.42,4.17,1.27
11.60,52.16,-4.35,0.46,5.90,-1.55,0.04,1.24,0.24,1.10,7.46,-0.27,4.16,1.91
11.61,48.94,-4.85,0.41,6.02,-1.54,-0.14,1.29,0.16,0.73,8.37,-0.15,4.11,2.27
11.62,48.94,-4.85,0.41,6.02,-1.54,-0.14,1.30,0.16,0.73,8.37,-0.15,4.11,2.27
11.64,47.43,-5.20,0.26,6.12,-1.51,-0.24,1.31,0.25,0.58,8.78,-0.07,4.06,2.69
11.66,42.33,-5.92,-0.55,6.44,-1.42,-0.38,1.19,0.95,0.12,9.87,0.11,3.69,2.65
11.67,40.90,-6.27,-1.18,6.63,-1.35,-0.39,1.09,1.24,0.11,9.90,0.10,3.49,2.43
11.68,39.71,-6.48,-1.60,6.80,-1.28,-0.39,1.00,1.49,0.24,9.74,0.06,3.26,2.19
11.71,38.79,-6.64,-1.90,7.08,-1.12,-0.36,0.85,1.66,0.37,9.43,0.00,2.91,1.91
11.72,36.90,-6.53,-1.53,7.65,-0.78,-0.29,0.62,1.16,0.73,8.36,-0.23,2.09,1.09
11.74,36.44,-6.57,-1.10,7.55,-0.60,-0.24,0.48,0.43,0.74,8.11,-0.48,1.29,0.41
11.75,36.18,-6.70,-0.78,7.28,-0.48,-0.23,0.32,0.26,0.66,8.32,-0.65,0.70,-0.01
11.76,36.74,-6.72,-0.57,7.02,-0.44,-0.26,0.15,0.17,0.65,8.48,-0.78,0.12,-0.35
11.77,37.73,-6.53,-0.50,6.92,-0.45,-0.34,-0.05,0.27,0.62,8.49,-0.89,-0.53,-0.65
11.79,41.73,-5.93,-0.61,7.15,-0.50,-0.64,-0.47,1.35,-0.22,9.01,-0.89,-2.00,-0.83
11.81,43.03,-5.30,-4.09,10.60,-0.88,-1.13,-1.19,-3.52,-0.92,14.63,-1.11,-1.76,-1.32
11.84,39.80,-7.21,-4.07,11.38,-0.66,-0.89,-0.53,-3.29,1.27,14.45,0.10,-0.57,0.52
11.86,39.21,-9.05,-1.86,11.33,-0.42,-0.82,-0.12,-0.51,0.83,11.58,0.52,-0.70,1.30
11.87,39.52,-9.75,-1.38,10.87,-0.30,-0.91,0.38,0.21,0.76,11.30,0.57,-1.02,1.56
11.88,40.98,-7.44,-1.40,11.07,-0.18,-1.15,0.93,2.92,2.35,11.72,0.34,-1.45,1.39
11.90,41.33,-3.47,-0.43,10.89,-0.05,-1.30,1.08,4.37,2.33,10.77,0.24,-1.53,1.16
11.91,41.62,-0.36,-0.29,10.25,-0.11,-1.40,0.93,4.18,1.59,9.45,0.15,-1.48,0.99
11.92,40.46,0.57,-1.24,9.93,-0.17,-1.50,0.56,3.59,0.60,9.38,0.13,-1.40,0.97
11.94,39.60,0.27,-2.24,9.87,-0.13,-1.52,0.21,3.19,-0.34,9.68,0.19,-1.26,1.00
11.95,38.20,-0.61,-2.98,9.41,-0.03,-1.43,-0.14,3.01,-0.93,9.67,0.20,-1.08,0.88
11.96,36.58,-1.61,-3.07,8.90,-0.06,-1.16,-0.38,3.79,-1.44,8.89,-0.09,-0.88,-0.06
11.99,36.51,-1.26,-3.38,9.17,-0.03,-1.07,-0.53,3.61,-1.63,9.07,-0.18,-0.85,-0.49
12.00,35.88,-1.06,-3.40,9.22,0.03,-1.02,-0.70,3.04,-1.46,9.16,-0.16,-0.81,-0.68
12.01,34.79,-1.47,-3.11,9.10,0.14,-0.93,-1.02,2.37,-1.19,9.47,-0.16,-0.77,-0.82
12.03,34.27,-2.28,-3.12,9.02,0.18,-0.88,-1.18,2.17,-1.10,9.77,-0.12,-0.75,-0.91
12.04,33.90,-2.92,-3.32,8.94,0.21,-0.87,-1.19,1.91,-1.22,9.83,-0.06,-0.73,-0.86
12.06,33.69,-3.00,-3.58,8.98,0.21,-0.89,-1.05,2.02,-1.27,9.68,-0.01,-0.70,-0.73
12.07,33.58,-2.92,-4.02,9.05,0.22,-0.91,-0.92,2.53,-1.22,9.64,0.07,-0.64,-0.66
12.09,33.32,-2.66,-3.75,8.89,0.26,-1.00,-0.71,2.94,-1.14,9.88,0.11,-0.57,-0.57
12.11,32.95,-2.23,-3.63,9.08,0.23,-1.16,-0.51,2.96,-0.88,9.53,0.14,-0.54,-0.50
12.13,31.78,-1.58,-3.16,9.19,0.23,-1.34,-0.31,3.17,-0.35,9.71,0.11,-0.47,-0.24
12.15,30.79,-1.21,-2.55,9.20,0.24,-1.45,-0.22,3.09,-0.01,9.60,0.10,-0.39,-0.10
12.16,29.47,-1.02,-1.82,9.28,0.25,-1.57,-0.15,2.58,0.43,9.41,0.09,-0.35,0.05
12.18,26.73,-1.21,-1.10,9.08,0.23,-1.63,-0.12,1.58,0.41,9.41,0.03,-0.37,0.10
12.20,25.43,-1.64,-0.87,8.75,0.19,-1.61,-0.14,0.71,0.12,9.37,0.01,-0.41,0.12
12.21,24.89,-2.12,-0.73,8.48,0.13,-1.59,-0.17,0.45,0.01,9.36,0.00,-0.42,0.13
12.21,24.89,-2.12,-0.73,8.48,0.13,-1.59,-0.17,0.45,0.01,9.36,0.00,-0.42,0.13
12.21,24.89,-2.12,-0.73,8.48,0.13,-1.59,-0.17,0.45,0.01,9.36,0.00,-0.42,0.13
12.21,24.89,-2.12,-0.73,8.48,0.13,-1.59,-0.17,0.45,0.01,9.36,0.00,-0.42,0.13
12.26,23.90,-2.30,-0.69,8.40,0.10,-1.58,-0.18,-0.36,-0.47,9.35,-0.01,-0.49,0.19
12.27,23.58,-2.68,-0.63,8.28,0.05,-1.55,-0.20,-0.43,-0.54,9.36,-0.01,-0.52,0.20
12.29,22.44,-3.51,-0.88,8.47,-0.11,-1.45,-0.29,-0.22,-0.34,9.79,-0.02,-0.68,0.05
12.30,21.97,-3.58,-1.30,8.99,-0.16,-1.39,-0.35,-0.24,-0.17,10.09,-0.00,-0.74,-0.01
12.32,21.80,-3.58,-1.30,8.99,-0.16,-1.39,-0.35,-0.31,-0.13,10.19,0.01,-0.77,-0.05
12.32,21.80,-3.58,-1.30,8.99,-0.16,-1.39,-0.35,-0.31,-0.13,10.19,0.01,-0.77,-0.05
12.35,20.74,-3.31,-1.90,9.88,-0.10,-1.30,-0.65,-1.51,-0.46,10.75,0.19,-1.05,-0.20
12.37,20.10,-3.39,-2.15,9.88,-0.05,-1.22,-0.83,-1.88,-0.75,10.82,0.28,-1.12,-0.18
12.39,19.88,-3.56,-2.46,9.81,-0.01,-1.13,-1.00,-2.11,-0.88,10.83,0.34,-1.18,-0.16
12.40,19.26,-3.76,-2.76,9.77,0.05,-0.99,-1.16,-2.44,-1.17,10.76,0.45,-1.42,-0.10
12.41,20.09,-4.36,-3.22,10.32,0.12,-0.51,-1.22,-1.54,-1.02,10.76,0.45,-1.78,-0.21
12.44,20.87,-4.78,-3.39,11.20,0.13,-0.34,-1.15,-1.16,-0.99,11.38,0.42,-1.92,-0.32
12.46,21.38,-4.94,-3.27,11.58,0.15,-0.25,-1.09,-1.17,-0.64,11.99,0.38,-2.01,-0.40
12.46,21.63,-5.01,-3.15,11.73,0.17,-0.21,-1.06,-1.17,-0.64,11.99,0.38,-2.04,-0.43
12.49,25.10,-5.93,-1.07,11.52,0.45,0.30,-0.95,-2.66,2.48,12.86,0.18,-2.40,-0.92
12.51,26.57,-6.26,-0.65,11.17,0.62,0.58,-1.00,-3.14,3.02,12.78,0.14,-2.46,-1.03
12.55,27.64,-6.55,-0.38,10.89,0.75,0.82,-1.02,-4.07,4.21,12.68,0.07,-2.59,-1.25
12.57,32.79,-7.05,-1.09,9.39,0.79,1.95,-0.75,-5.79,2.27,14.17,-0.08,-2.80,-1.38
12.59,38.86,-6.50,-1.30,8.61,0.40,2.73,0.05,-3.20,1.44,15.24,-0.24,-2.78,-1.05
12.60,43.44,-5.40,-1.62,10.24,0.19,3.09,0.57,3.32,-0.14,14.92,-0.04,-2.21,-0.34
12.65,46.93,-5.66,-1.47,13.46,-0.02,3.35,0.71,6.80,-0.92,14.58,0.12,-1.82,0.13
12.66,61.15,-0.20,-3.17,16.20,0.27,2.90,0.46,12.71,0.12,7.45,-0.11,0.11,-0.87
12.68,62.32,0.56,-2.61,14.34,0.17,2.88,0.32,11.47,0.38,6.33,-0.30,0.62,-0.99
12.69,64.14,0.63,-1.96,12.29,-0.01,2.82,0.25,8.90,0.35,4.07,-0.34,1.40,-0.65
12.71,64.87,0.34,-1.41,10.96,-0.17,2.74,0.42,8.26,0.57,2.69,-0.26,2.04,-0.05
12.73,65.45,0.86,-1.04,9.42,-0.88,2.52,0.77,8.40,0.25,2.36,-0.19,3.19,0.54
12.74,64.68,0.96,-1.41,9.47,-0.98,2.37,0.70,8.44,0.48,2.59,-0.18,3.66,0.76
12.75,63.50,0.75,-1.45,9.04,-1.01,2.12,0.68,8.62,1.06,2.82,-0.20,4.04,0.96
12.76,61.58,0.61,-1.21,8.12,-1.05,1.70,0.77,8.61,0.99,2.84,-0.18,4.44,1.13
12.78,59.10,0.79,-1.23,7.15,-1.16,1.28,0.87,8.64,0.83,2.23,0.03,4.81,1.46
12.79,56.02,0.98,-1.60,6.72,-1.19,0.88,0.87,8.17,1.41,1.41,0.17,5.21,1.73
12.80,53.13,1.16,-1.43,6.36,-0.99,0.54,0.73,7.36,1.23,1.45,0.22,5.56,1.55
12.82,49.95,1.15,-0.80,6.10,-0.86,0.33,0.62,6.50,0.76,2.53,0.21,5.86,1.25
12.83,46.33,0.45,0.07,5.83,-0.73,0.17,0.60,5.96,0.42,4.35,0.17,5.96,0.98
12.84,42.28,-1.24,0.95,5.79,-0.69,-0.12,0.74,5.39,0.31,7.56,-0.00,5.81,0.49
12.85,38.12,-3.11,1.09,6.27,-0.73,-0.35,0.87,4.72,0.25,9.30,-0.17,5.38,-0.11
12.86,34.70,-4.43,-0.15,6.77,-0.78,-0.42,0.67,3.30,0.60,8.90,-0.34,4.92,-0.42
12.87,32.50,-6.14,-2.07,7.41,-0.75,-0.41,0.36,1.57,0.77,8.56,-0.45,4.34,-0.58
12.89,31.43,-6.98,-2.66,7.67,-0.74,-0.42,0.26,0.04,0.68,8.72,-0.50,3.83,-0.62
12.90,30.39,-7.75,-2.98,8.00,-0.73,-0.43,0.24,-0.42,0.59,8.84,-0.50,3.64,-0.61
12.90,30.39,-7.75,-2.98,8.00,-0.73,-0.43,0.24,-0.84,0.50,8.96,-0.50,3.26,-0.56
12.93,27.46,-9.05,-2.82,8.74,-0.61,-0.43,0.37,-2.11,0.23,9.49,-0.48,2.43,-0.41
12.94,26.19,-9.59,-1.82,8.58,-0.36,-0.37,0.41,-2.40,0.24,9.53,-0.46,1.37,-0.26
12.95,26.53,-9.19,-0.59,7.29,-0.34,-0.32,0.31,-1.95,0.27,9.05,-0.43,-0.35,-0.08
12.97,28.62,-7.67,-0.64,6.47,-0.50,-0.33,0.25,-0.07,-0.18,8.66,-0.32,-1.43,0.18
12.99,30.60,-6.31,-0.93,7.00,-0.62,-0.43,0.23,1.73,-0.50,9.59,-0.31,-1.92,0.28
12.99,31.10,-6.31,-0.93,7.00,-0.62,-0.43,0.23,1.73,-0.50,9.59,-0.31,-1.92,0.28
13.01,32.66,-4.78,-1.97,10.26,-1.03,-0.79,0.07,-0.22,1.66,13.50,-0.85,-1.39,-0.94
13.03,30.49,-2.66,-4.43,12.35,-0.81,-1.02,-0.22,-6.05,2.00,14.35,-0.42,-0.57,-0.41
13.04,26.77,-5.83,-0.41,12.01,-0.02,-0.89,-0.62,-4.54,2.53,12.46,0.11,-0.98,1.08
13.06,27.11,-11.26,0.29,10.84,-0.04,-0.64,-0.43,-1.09,0.72,12.59,0.24,-1.47,1.22
13.07,30.80,-11.81,-2.97,11.30,-0.31,-0.62,0.49,0.16,-0.36,13.69,0.17,-2.16,1.40
13.09,33.21,-6.95,-4.41,11.50,-0.10,-0.64,0.93,2.11,0.14,11.55,0.09,-2.38,1.38
13.10,34.70,-2.01,-2.87,10.61,-0.03,-0.65,1.23,4.06,-0.21,9.50,0.07,-2.37,1.47
13.11,35.48,2.67,-1.44,9.19,-0.18,-0.76,0.97,5.91,-0.58,8.02,0.08,-2.20,1.52
13.12,35.29,3.87,-2.24,8.63,-0.32,-0.93,0.25,6.59,-0.65,7.81,0.07,-1.96,1.25
13.14,34.35,2.78,-3.38,9.12,-0.30,-1.15,-0.29,6.49,-0.84,8.01,0.04,-1.64,0.71
13.16,34.45,-1.08,-4.36,10.08,-0.06,-1.38,-0.45,5.14,-0.84,8.92,-0.10,-1.40,0.41
13.17,34.42,-2.51,-3.59,9.49,0.02,-1.41,-0.23,4.20,-0.73,9.31,-0.15,-1.21,0.29
13.18,34.57,-2.43,-3.05,9.22,-0.06,-1.39,-0.00,3.98,-0.71,9.53,-0.14,-1.11,0.25
13.19,34.53,-2.01,-3.07,9.33,-0.12,-1.35,0.12,4.00,-0.80,9.67,-0.12,-1.07,0.23
13.20,33.99,-0.93,-3.21,9.54,-0.12,-1.20,0.18,3.59,-0.77,9.69,0.10,-1.00,0.17
13.22,33.19,-0.83,-3.02,9.40,-0.09,-1.17,0.09,3.16,-0.66,9.32,0.16,-0.93,0.24
13.23,32.38,-1.13,-2.88,9.24,-0.06,-1.16,-0.07,3.31,-0.82,9.30,0.14,-0.86,0.16
13.25,31.99,-1.48,-2.93,9.18,-0.03,-1.17,-0.19,3.54,-0.98,9.34,0.11,-0.82,-0.01
13.26,31.77,-1.87,-3.13,9.10,-0.00,-1.18,-0.30,3.58,-1.26,9.44,0.05,-0.79,-0.18
13.27,31.64,-1.98,-3.43,8.90,0.03,-1.17,-0.41,3.43,-1.33,9.56,-0.01,-0.77,-0.34
13.28,31.47,-2.00,-3.46,8.84,0.04,-1.16,-0.45,3.20,-1.37,9.56,-0.02,-0.76,-0.45
13.29,31.11,-1.85,-3.44,8.82,0.06,-1.13,-0.59,3.00,-1.13,9.48,-0.04,-0.74,-0.65
13.30,30.70,-2.17,-3.17,8.99,0.09,-1.12,-0.77,2.76,-1.02,9.43,-0.02,-0.69,-0.85
13.32,29.56,-2.30,-2.77,8.76,0.25,-1.08,-1.00,0.79,-0.82,9.40,-0.01,-0.71,-0.94
13.33,28.06,-3.07,-2.64,8.69,0.25,-1.05,-1.07,0.07,-0.54,9.83,0.07,-0.79,-0.57
13.35,27.34,-3.48,-2.51,8.62,0.25,-1.05,-0.98,0.16,-0.44,9.72,0.10,-0.79,-0.35
13.37,26.95,-3.91,-2.26,8.55,0.21,-1.06,-0.72,0.38,-0.23,9.54,0.14,-0.86,0.01
13.39,26.89,-3.99,-2.14,8.54,0.18,-1.07,-0.58,0.59,-0.10,9.47,0.14,-0.89,0.09
13.40,26.87,-4.01,-2.02,8.52,0.15,-1.09,-0.38,1.08,0.19,9.41,0.13,-0.95,0.15
13.41,27.25,-3.75,-1.66,8.62,0.08,-1.13,-0.20,1.85,0.57,9.43,0.13,-1.00,0.22
13.43,27.65,-2.81,-1.13,9.01,0.04,-1.20,-0.02,2.34,0.99,9.48,0.11,-1.04,0.19
13.44,27.61,-2.32,-0.91,9.15,0.03,-1.29,-0.06,2.17,1.13,9.48,0.12,-1.08,0.15
13.46,26.55,-1.74,-0.63,9.23,0.07,-1.37,-0.39,1.09,1.14,9.47,0.18,-1.15,0.18
13.47,25.23,-2.16,-0.97,8.99,0.09,-1.33,-0.64,0.90,0.55,9.48,0.26,-1.27,0.35
13.49,25.12,-2.59,-1.52,8.99,0.05,-1.24,-0.58,1.95,0.21,9.64,0.25,-1.39,0.30
13.52,25.59,-2.51,-1.80,9.16,0.02,-1.21,-0.50,2.46,-0.02,9.67,0.23,-1.46,0.15
13.53,26.25,-1.95,-2.18,9.56,-0.03,-1.18,-0.42,2.93,-0.38,9.95,0.15,-1.50,0.07
13.54,26.38,-1.51,-2.28,9.94,-0.05,-1.15,-0.42,3.16,-0.32,10.19,0.12,-1.51,0.03
13.55,26.52,-1.16,-2.48,10.82,-0.04,-1.08,-0.52,3.55,0.01,11.04,0.07,-1.53,-0.12
13.57,26.73,-1.57,-2.94,11.73,0.01,-0.99,-0.69,3.31,0.18,12.03,0.08,-1.56,-0.30
13.58,26.91,-2.49,-3.09,12.68,0.07,-0.88,-0.79,2.26,1.06,13.35,0.10,-1.60,-0.46
13.59,27.14,-3.61,-2.47,13.04,0.22,-0.77,-0.86,1.47,1.66,13.63,0.10,-1.64,-0.59
13.60,27.82,-5.10,-0.98,12.36,0.45,-0.60,-1.06,0.21,2.71,13.43,0.07,-1.73,-0.83
13.62,28.45,-5.76,-0.08,12.06,0.66,-0.35,-1.20,-0.95,4.76,12.96,-0.03,-1.92,-1.34
13.63,29.26,-5.66,0.25,11.71,0.90,-0.06,-1.33,-2.37,4.89,12.50,-0.05,-2.09,-1.82
13.64,29.43,-5.47,-0.10,11.05,1.05,0.20,-1.43,-3.77,3.69,12.54,-0.05,-2.26,-2.15
13.65,29.99,-5.60,-1.15,9.76,1.13,0.61,-1.45,-5.41,2.03,13.14,-0.03,-2.35,-2.26
13.67,31.38,-6.53,-2.34,8.18,1.01,1.16,-1.10,-6.12,1.12,14.18,0.04,-2.41,-2.13
13.68,32.24,-7.08,-2.70,7.80,0.91,1.39,-0.85,-5.93,0.65,14.67,0.09,-2.39,-1.99
13.69,35.35,-8.59,-3.61,7.66,0.52,1.95,-0.01,-4.79,-1.12,16.21,0.23,-2.20,-1.30
13.71,37.81,-9.28,-4.29,8.42,0.25,2.35,0.71,-3.81,-2.30,17.31,0.38,-1.95,-0.35
13.72,41.29,-9.69,-4.53,10.98,-0.07,2.66,1.36,-1.10,-3.37,17.16,0.74,-1.65,1.10
13.73,44.73,-9.30,-5.01,14.46,-0.22,2.76,1.83,4.02,-4.42,16.12,1.09,-1.53,2.04
13.74,47.37,-8.40,-5.14,15.46,-0.23,2.71,2.10,8.26,-5.06,14.85,1.31,-1.41,2.57
13.76,52.74,-3.61,-5.79,17.16,-0.20,2.47,2.58,12.33,-3.91,11.85,1.29,-1.02,2.58
13.78,55.29,-1.22,-5.62,16.54,-0.17,2.37,2.63,13.07,-3.45,9.82,1.24,-0.72,2.14
13.79,57.48,1.21,-4.82,14.61,-0.15,2.34,2.42,12.56,-3.25,7.15,1.17,-0.13,1.15
13.81,59.84,0.71,-4.20,12.16,-0.32,2.43,2.03,11.74,-3.22,5.35,1.18,0.61,0.58
13.83,61.05,0.22,-4.35,11.34,-0.47,2.45,1.95,11.23,-3.54,4.66,1.27,1.14,0.43
13.84,61.99,0.20,-4.61,10.44,-0.68,2.45,1.89,10.92,-3.73,4.29,1.39,1.64,0.30
13.85,62.64,0.73,-4.68,9.93,-1.05,2.43,1.79,10.77,-4.06,3.89,1.53,2.33,0.29
13.87,62.63,1.13,-4.96,10.14,-1.27,2.39,1.76,10.49,-4.05,3.39,1.62,2.72,0.35
13.88,62.39,1.30,-5.14,10.22,-1.38,2.30,1.78,10.29,-3.75,2.82,1.70,3.05,0.62
13.89,61.79,1.38,-4.90,9.86,-1.44,2.09,1.87,10.34,-3.15,2.32,1.77,3.43,0.82
13.91,60.90,1.51,-4.44,9.18,-1.51,1.80,1.97,9.79,-2.67,1.84,1.86,3.77,1.06
13.92,59.87,1.61,-4.14,8.66,-1.56,1.54,1.99,9.54,-1.81,1.48,1.88,4.00,1.25
13.94,57.55,1.45,-3.69,7.98,-1.46,1.10,2.01,9.22,-0.93,1.42,1.80,4.32,1.24
13.95,56.34,1.32,-3.31,7.81,-1.37,0.94,2.06,8.42,-0.60,1.65,1.73,4.51,1.21
13.97,52.96,0.50,-2.52,7.61,-1.19,0.60,2.26,7.30,0.03,2.55,1.67,4.71,1.42
13.99,49.94,-0.57,-1.87,7.67,-1.07,0.23,2.65,6.62,0.30,3.93,1.63,4.77,1.80
14.00,47.43,-1.29,-1.39,7.84,-1.03,-0.06,3.01,5.69,0.43,5.31,1.63,4.77,2.43
14.02,42.92,-2.09,-1.36,8.07,-1.04,-0.52,3.57,4.43,0.07,6.73,1.69,4.74,2.86
14.03,38.08,-2.44,-1.69,8.09,-1.03,-0.80,3.96,3.71,-1.10,8.20,1.89,4.65,3.98
14.05,34.04,-2.82,-2.07,8.03,-1.01,-1.06,4.38,4.06,-1.55,9.55,2.05,4.44,4.93
14.07,30.31,-3.26,-2.43,8.01,-1.03,-1.32,4.92,4.85,-2.61,10.54,2.14,4.13,5.45
14.08,28.17,-3.65,-2.74,8.16,-1.10,-1.49,5.29,4.86,-2.73,10.62,2.14,3.90,5.65
14.09,24.92,-3.88,-3.37,8.42,-1.19,-1.64,5.65,5.14,-1.72,9.95,1.99,3.50,5.85
14.11,23.08,-4.13,-3.57,8.61,-1.26,-1.68,5.93,5.42,-1.69,8.88,1.78,3.08,5.85
14.12,21.86,-4.32,-3.31,8.80,-1.33,-1.65,6.12,4.28,-2.03,8.30,1.44,2.66,5.64
14.13,20.62,-4.18,-2.80,8.81,-1.56,-1.39,5.98,3.39,-2.86,7.87,0.79,1.49,4.91
14.16,20.40,-2.99,-2.40,8.70,-1.82,-1.07,5.29,2.42,-2.30,8.43,-0.08,0.88,4.16
14.17,19.87,-2.21,-2.73,8.71,-2.11,-0.85,4.45,1.50,-1.07,9.76,-0.41,0.46,3.54
14.19,18.35,-1.11,-2.92,10.68,-2.07,-0.69,3.44,-0.48,0.52,12.36,-0.63,0.35,3.27
14.21,16.64,-2.11,-1.06,13.28,-1.74,-0.48,2.90,-1.86,4.41,15.32,-0.49,0.18,3.49
14.22,17.30,-5.46,2.70,17.24,-1.28,0.01,2.67,3.62,2.55,14.99,-0.18,-0.75,4.12
14.24,19.40,-1.65,2.02,14.99,-1.47,0.47,2.46,6.35,2.62,11.57,-0.03,-1.00,4.27
14.26,23.89,5.36,0.36,11.23,-1.83,0.74,1.92,9.38,1.31,5.77,-0.32,-0.89,3.46
14.28,24.50,7.87,-0.50,9.95,-1.74,0.71,1.32,9.36,0.72,4.85,-0.60,-0.75,2.73
14.29,25.75,7.40,-1.70,9.13,-1.27,0.65,0.06,9.54,0.19,6.25,-0.91,-0.55,1.73
14.31,26.32,5.46,-2.34,9.19,-1.03,0.61,-0.70,9.61,0.19,8.04,-1.00,-0.45,1.06
14.32,27.45,2.69,-2.94,9.66,-0.87,0.52,-1.22,8.67,0.31,9.47,-1.01,-0.26,0.45
14.33,28.43,-0.45,-3.36,10.31,-0.77,0.37,-1.41,6.97,0.48,9.91,-0.94,-0.08,0.02
14.34,29.49,-3.18,-3.44,10.68,-0.69,0.18,-1.35,5.42,0.56,9.94,-0.90,0.03,-0.13
14.35,30.36,-4.58,-3.20,10.61,-0.66,0.04,-1.18,3.79,0.53,9.76,-0.86,0.12,-0.11
14.36,31.31,-5.14,-2.64,10.26,-0.67,-0.10,-0.83,3.14,0.49,9.46,-0.84,0.14,0.10
14.38,32.20,-4.95,-2.32,9.87,-0.73,-0.19,-0.44,3.09,0.55,9.35,-0.84,0.15,0.41
14.39,33.02,-4.38,-2.22,9.35,-0.83,-0.27,0.03,3.14,0.54,9.45,-0.82,0.14,0.57
14.40,33.71,-4.05,-2.49,8.91,-0.93,-0.35,0.43,3.00,0.36,9.52,-0.78,0.15,0.69
14.42,34.05,-4.28,-3.04,8.45,-1.02,-0.46,0.77,2.42,-0.22,9.60,-0.69,0.27,0.98
14.45,34.51,-5.97,-3.97,7.68,-1.27,-0.77,1.59,0.98,-0.86,9.67,-0.60,0.31,1.15
14.46,35.10,-6.38,-4.19,7.60,-1.37,-0.88,2.03,0.63,-0.93,9.78,-0.57,0.33,1.30
14.48,34.76,-6.34,-4.22,7.69,-1.47,-0.93,2.50,0.27,-0.89,9.99,-0.49,0.34,1.61
14.49,34.31,-6.04,-4.10,7.89,-1.54,-0.94,2.82,0.31,-0.74,10.19,-0.39,0.33,1.82
14.50,33.82,-4.99,-3.95,8.47,-1.62,-0.93,3.31,0.85,-0.36,10.37,-0.26,0.27,2.18
14.52,33.35,-3.74,-3.75,8.93,-1.63,-0.90,3.50,1.39,-0.11,10.28,-0.17,0.25,2.29
14.53,32.77,-3.05,-3.61,9.19,-1.62,-0.88,3.53,1.96,0.08,10.14,-0.10,0.26,2.34
14.54,32.09,-2.18,-3.32,9.48,-1.56,-0.86,3.47,2.47,0.16,10.02,-0.04,0.26,2.34
14.55,31.12,-1.25,-2.90,9.71,-1.46,-0.83,3.25,3.03,0.33,9.86,0.01,0.27,2.21
14.57,29.47,-0.60,-2.78,10.00,-1.24,-0.75,2.65,3.55,0.69,9.71,0.03,0.24,1.77
14.59,28.64,-0.33,-2.44,9.85,-1.06,-0.64,2.29,3.48,0.59,9.76,-0.00,0.21,1.47
14.61,27.87,-0.43,-2.44,9.73,-0.97,-0.50,1.93,3.17,0.42,9.69,-0.01,0.19,1.23
14.62,27.39,-0.63,-2.54,9.66,-0.91,-0.42,1.72,2.49,0.17,9.80,-0.01,0.20,1.13
14.63,26.70,-1.25,-2.56,9.48,-0.83,-0.26,1.42,1.69,-0.04,10.07,0.00,0.20,1.05
14.64,26.13,-1.74,-2.45,9.32,-0.81,-0.16,1.26,0.79,-0.01,10.23,0.04,0.19,1.03
14.66,25.51,-2.46,-2.28,8.98,-0.80,0.03,1.11,-0.15,0.37,10.35,0.10,0.15,1.09
14.68,25.05,-3.34,-2.31,8.63,-0.87,0.33,1.19,-0.96,1.57,10.68,0.35,0.06,1.42
14.69,25.13,-4.05,-2.37,8.75,-0.91,0.43,1.44,-1.34,2.26,11.14,0.61,0.00,1.86
14.71,25.61,-4.72,-2.49,8.91,-0.91,0.46,1.73,-1.72,2.38,11.48,0.78,-0.02,2.33
14.72,25.78,-5.18,-2.66,9.02,-0.88,0.46,2.01,-2.53,1.84,11.89,1.05,-0.06,2.73
14.73,25.73,-5.04,-2.92,9.23,-0.77,0.45,2.73,-1.96,0.71,11.68,1.44,-0.11,3.72
14.75,26.23,-4.17,-3.24,9.52,-0.72,0.42,3.22,-0.32,-0.13,11.45,1.68,-0.09,4.33
14.76,26.81,-3.70,-3.55,10.13,-0.77,0.32,3.62,2.03,-1.50,11.25,1.84,-0.01,4.76
14.77,27.41,-3.34,-3.98,10.42,-0.82,0.23,3.78,3.58,-2.57,10.51,2.04,0.11,4.96
14.78,28.07,-2.33,-5.03,10.53,-0.82,-0.03,4.13,4.13,-3.42,9.51,2.18,0.31,5.13
14.80,28.54,-2.02,-4.98,9.82,-0.79,-0.13,4.28,4.33,-3.96,8.49,2.25,0.45,5.14
14.81,29.46,-1.94,-4.34,8.46,-0.76,-0.15,4.38,4.13,-4.16,7.31,2.15,0.55,4.95
14.83,29.93,-2.22,-3.57,7.81,-0.75,-0.11,4.33,4.01,-3.96,7.16,2.01,0.56,4.69
14.84,30.66,-2.54,-2.90,7.55,-0.76,-0.06,4.20,3.86,-3.43,7.29,1.77,0.55,4.40
14.85,31.51,-2.97,-2.09,7.62,-0.78,0.05,3.83,3.73,-2.61,7.77,1.42,0.53,3.87
14.86,32.31,-3.41,-1.41,8.12,-0.73,0.22,3.26,3.54,-1.95,8.30,1.10,0.50,3.15
14.87,32.96,-3.68,-1.18,8.45,-0.67,0.39,2.82,2.86,-0.89,8.99,0.64,0.44,2.15
14.89,34.16,-3.69,-1.21,8.24,-0.56,0.72,2.07,2.50,0.12,9.14,0.29,0.41,1.28
14.90,35.72,-4.03,-0.74,7.56,-0.51,1.05,1.30,2.06,1.10,9.78,0.06,0.27,0.05
14.92,36.97,-4.71,-0.52,7.23,-0.49,1.23,0.76,1.36,1.03,10.14,0.07,0.19,-0.38
14.93,37.76,-5.19,-0.47,7.06,-0.48,1.33,0.40,0.20,0.89,10.26,0.10,0.08,-0.53
14.94,39.51,-6.08,-0.32,6.93,-0.44,1.41,-0.09,-0.92,0.93,10.08,0.15,-0.14,-0.37
14.96,42.62,-6.82,-0.66,6.99,-0.57,1.41,-0.13,-0.72,1.09,9.92,0.17,-0.27,0.08
14.99,44.08,-6.68,-0.88,7.01,-0.62,1.44,0.06,0.06,1.05,9.79,0.21,-0.30,0.31
15.00,45.69,-6.46,-1.07,7.18,-0.70,1.46,0.26,0.74,1.02,9.62,0.25,-0.29,0.53
15.01,47.35,-6.05,-1.28,7.53,-0.76,1.44,0.39,1.82,1.08,9.27,0.30,-0.23,0.70
15.02,49.07,-5.84,-1.38,7.82,-0.77,1.40,0.43,2.64,1.30,8.97,0.30,-0.15,0.80
15.04,51.25,-5.47,-0.60,7.91,-0.68,1.31,0.37,2.95,1.79,8.63,0.23,-0.10,0.75
15.05,52.90,-6.01,-0.40,7.88,-0.70,1.35,0.45,2.67,2.50,8.64,0.11,-0.09,0.59
15.07,54.48,-7.04,-0.46,8.00,-0.60,1.36,0.58,2.47,3.03,8.81,0.01,-0.10,0.48
15.08,56.05,-7.82,-0.30,7.90,-0.48,1.27,0.75,2.42,3.29,9.11,-0.05,-0.09,0.47
15.09,57.77,-7.97,-0.28,7.88,-0.39,1.15,0.88,2.50,3.13,9.39,-0.10,-0.07,0.53
15.11,59.90,-7.85,-0.90,8.07,-0.28,1.17,1.33,2.49,2.37,9.52,-0.14,-0.08,0.60
15.13,60.97,-7.39,-1.35,7.90,-0.19,1.20,1.59,2.68,1.92,9.49,-0.14,-0.08,0.67
15.14,61.88,-6.78,-1.58,7.76,-0.12,1.21,1.69,3.12,1.24,9.42,-0.15,-0.06,0.71
15.15,62.85,-5.88,-1.86,7.74,-0.05,1.28,1.71,3.30,0.59,9.44,-0.15,-0.04,0.70
15.16,63.79,-5.40,-2.01,7.51,-0.02,1.40,1.58,3.50,0.08,9.57,-0.13,-0.01,0.67
15.17,64.59,-5.52,-2.03,7.23,-0.04,1.47,1.44,3.70,-0.28,9.67,-0.10,0.02,0.59
15.18,66.30,-6.24,-2.28,6.85,-0.09,1.59,1.20,3.80,-0.50,9.77,-0.06,0.08,0.45
15.20,67.84,-6.68,-2.11,6.83,-0.09,1.68,1.05,3.61,-0.29,9.71,-0.06,0.11,0.30
15.22,68.77,-6.96,-1.82,6.78,-0.07,1.75,0.98,3.51,-0.07,9.67,-0.05,0.13,0.21
15.23,70.05,-7.31,-1.55,6.73,-0.05,1.79,0.94,3.55,0.31,9.58,-0.06,0.18,0.10
15.24,72.00,-7.65,-0.94,6.57,0.02,1.82,0.89,3.80,0.72,9.50,-0.07,0.25,0.03
15.26,73.39,-7.77,-0.70,6.53,0.06,1.81,0.84,4.06,0.97,9.57,-0.08,0.34,-0.04
15.27,74.94,-7.87,-0.43,6.52,0.12,1.79,0.79,4.35,1.07,9.60,-0.08,0.40,-0.13
15.29,76.54,-8.01,-0.17,6.28,0.17,1.78,0.74,4.23,1.10,9.48,-0.08,0.43,-0.19
15.30,78.05,-8.46,-0.04,6.03,0.21,1.78,0.73,4.05,1.21,9.39,-0.10,0.46,-0.29
15.31,79.51,-8.94,0.25,5.78,0.26,1.77,0.84,3.77,1.22,9.49,-0.12,0.51,-0.35
15.33,80.57,-9.16,0.62,5.45,0.30,1.75,0.98,3.26,1.36,9.58,-0.14,0.56,-0.41
15.34,81.46,-9.24,0.96,5.06,0.33,1.70,1.08,2.74,1.66,9.61,-0.18,0.60,-0.46
15.35,82.29,-9.29,1.33,4.55,0.41,1.64,1.14,2.29,1.94,9.62,-0.22,0.62,-0.50
15.37,83.02,-9.50,1.67,4.04,0.47,1.60,1.16,2.01,2.03,9.66,-0.24,0.63,-0.52
15.38,83.59,-9.68,2.01,3.67,0.51,1.56,1.19,1.92,2.06,9.71,-0.27,0.62,-0.56
15.40,84.77,-10.00,2.63,3.24,0.49,1.43,1.21,1.94,1.93,9.66,-0.28,0.61,-0.61
15.41,85.71,-9.99,2.53,2.96,0.45,1.23,1.04,2.07,1.67,9.61,-0.27,0.59,-0.67
15.42,86.47,-10.21,2.35,2.67,0.44,1.04,0.71,2.30,1.28,9.50,-0.25,0.57,-0.73
15.43,87.37,-10.48,1.97,2.37,0.38,0.83,0.30,2.18,0.58,9.55,-0.23,0.56,-0.78
15.45,87.95,-10.68,1.46,1.95,0.39,0.61,0.00,0.91,0.01,9.76,-0.22,0.53,-0.81
15.47,88.23,-10.83,1.44,1.38,0.42,0.49,-0.12,0.09,-0.14,9.88,-0.22,0.50,-0.76
15.48,87.86,-10.76,1.61,0.74,0.43,0.40,-0.19,-0.91,-0.24,10.02,-0.20,0.44,-0.65
15.49,87.80,-10.69,1.65,0.48,0.41,0.36,-0.23,-1.07,-0.29,10.05,-0.19,0.42,-0.57
15.50,87.47,-10.33,1.53,0.16,0.36,0.29,-0.30,-0.93,-0.46,9.93,-0.09,0.36,-0.37
15.52,88.04,-10.00,1.56,-0.01,0.31,0.26,-0.32,-0.87,-0.31,9.69,-0.05,0.31,-0.30
15.53,88.08,-9.90,1.77,0.05,0.26,0.26,-0.24,-1.02,-0.11,9.61,-0.05,0.28,-0.24
15.54,87.83,-9.85,1.93,0.20,0.23,0.28,-0.16,-1.25,0.13,9.71,-0.06,0.23,-0.19
15.55,87.80,-9.69,2.26,0.25,0.18,0.33,-0.09,-1.25,0.46,9.84,-0.08,0.19,-0.14
15.56,88.07,-9.58,2.53,0.37,0.06,0.37,-0.06,-0.97,0.68,9.91,-0.12,0.14,-0.16
15.58,88.25,-9.58,2.38,0.59,0.00,0.37,-0.13,-0.51,0.74,9.87,-0.11,0.11,-0.24
15.60,88.33,-9.66,2.21,0.84,-0.04,0.36,-0.18,-0.18,0.70,9.88,-0.09,0.10,-0.30
15.61,88.59,-9.84,1.96,1.16,-0.09,0.33,-0.22,0.02,0.67,9.87,-0.08,0.08,-0.34
15.63,88.63,-9.94,1.81,1.28,-0.11,0.32,-0.23,0.14,0.67,9.89,-0.07,0.06,-0.34
15.64,88.74,-10.15,1.50,1.48,-0.14,0.28,-0.19,0.17,0.54,9.95,-0.06,0.04,-0.30
15.65,88.83,-10.26,1.13,1.56,-0.15,0.25,-0.17,0.31,0.40,9.99,-0.03,0.03,-0.24
15.67,88.88,-10.44,0.84,1.60,-0.14,0.21,-0.12,0.47,0.27,9.98,-0.01,0.03,-0.18
15.68,88.94,-10.51,0.62,1.64,-0.12,0.17,-0.05,0.58,0.17,9.96,0.01,0.03,-0.11
15.69,89.08,-10.58,0.59,1.68,-0.07,0.10,0.09,0.67,0.06,9.88,0.04,0.02,0.01
15.72,89.07,-10.51,0.64,1.65,-0.01,0.05,0.18,0.57,0.12,9.91,0.03,0.01,0.07
15.73,89.03,-10.48,0.69,1.62,0.03,0.04,0.22,0.49,0.18,9.94,0.02,0.01,0.09
15.74,88.93,-10.38,0.84,1.55,0.10,0.00,0.28,0.43,0.24,9.95,0.02,0.01,0.11
15.76,88.86,-10.32,0.95,1.52,0.13,-0.01,0.32,0.41,0.27,9.95,0.03,0.01,0.14
15.77,88.74,-10.22,1.09,1.52,0.16,-0.03,0.38,0.40,0.28,9.94,0.05,0.02,0.19
15.79,88.45,-10.02,1.40,1.54,0.19,-0.07,0.43,0.36,0.36,9.89,0.08,0.03,0.22
15.81,88.27,-9.95,1.54,1.52,0.21,-0.08,0.43,0.37,0.46,9.87,0.10,0.03,0.21
15.82,88.07,-9.89,1.72,1.50,0.23,-0.08,0.43,0.37,0.57,9.90,0.10,0.02,0.19
15.83,87.93,-9.89,1.79,1.51,0.25,-0.08,0.43,0.39,0.65,9.93,0.10,0.02,0.17
15.84,87.80,-9.81,1.89,1.54,0.27,-0.07,0.43,0.44,0.69,10.00,0.11,0.02,0.14
15.86,87.68,-9.81,1.92,1.53,0.29,-0.07,0.43,0.49,0.69,9.99,0.12,0.02,0.13
15.87,87.59,-9.77,2.06,1.46,0.28,-0.08,0.43,0.52,0.65,9.93,0.13,0.01,0.12
15.89,87.44,-9.65,2.38,1.37,0.24,-0.11,0.37,0.37,0.72,9.81,0.15,0.01,0.10
15.89,87.42,-9.65,2.38,1.37,0.24,-0.11,0.37,0.37,0.72,9.81,0.15,0.01,0.10
15.91,87.40,-9.66,2.41,1.37,0.23,-0.11,0.37,0.37,0.72,9.81,0.15,0.01,0.09
15.93,87.22,-9.62,2.56,1.35,0.19,-0.12,0.35,0.25,0.78,9.80,0.14,0.00,0.07
15.95,87.09,-9.62,2.61,1.37,0.18,-0.12,0.34,0.24,0.83,9.83,0.14,-0.00,0.05
15.96,86.94,-9.67,2.62,1.42,0.15,-0.13,0.34,0.27,0.91,9.84,0.14,-0.01,0.04
15.98,86.94,-9.67,2.62,1.42,0.15,-0.13,0.34,0.27,0.91,9.84,0.14,-0.01,0.04
15.98,86.94,-9.67,2.62,1.42,0.15,-0.13,0.34,0.27,0.91,9.84,0.14,-0.01,0.04
16.02,86.86,-9.66,2.62,1.46,0.14,-0.13,0.34,0.35,0.96,9.84,0.14,-0.01,0.03
16.02,86.69,-9.56,2.62,1.57,0.13,-0.12,0.33,0.43,0.96,9.83,0.14,-0.01,0.02
16.08,86.65,-9.54,2.62,1.59,0.12,-0.12,0.33,0.44,0.95,9.83,0.14,-0.01,0.02
16.09,86.53,-9.44,2.63,1.64,0.11,-0.12,0.32,0.52,0.91,9.81,0.15,-0.01,0.02
16.13,86.51,-9.41,2.64,1.66,0.10,-0.11,0.32,0.55,0.89,9.79,0.15,-0.01,0.02
16.15,86.33,-9.28,2.74,1.70,0.07,-0.10,0.31,0.54,0.87,9.78,0.15,-0.00,0.03
16.16,86.22,-9.22,2.81,1.74,0.04,-0.09,0.30,0.53,0.86,9.75,0.15,0.00,0.04
16.17,86.05,-9.16,2.91,1.81,0.01,-0.07,0.27,0.52,0.89,9.72,0.15,0.01,0.06
16.18,85.84,-9.09,3.01,1.88,-0.02,-0.06,0.24,0.54,0.98,9.71,0.15,0.01,0.07
16.19,85.70,-9.06,3.04,1.93,-0.05,-0.04,0.19,0.63,1.11,9.68,0.13,0.00,0.07
16.21,85.50,-9.25,3.02,1.95,-0.06,-0.00,0.05,0.88,1.35,9.68,0.07,-0.00,0.03
16.22,85.52,-9.49,2.72,1.89,0.01,0.01,-0.11,0.83,1.43,9.68,-0.01,-0.01,-0.18
16.23,85.62,-9.54,2.62,1.84,0.03,0.01,-0.11,0.81,1.15,9.72,-0.02,-0.00,-0.19
16.24,85.63,-9.54,2.57,1.78,0.03,0.01,-0.10,0.74,0.97,9.72,-0.01,0.00,-0.17
16.26,85.65,-9.57,2.53,1.67,0.03,0.01,-0.09,0.68,0.89,9.72,-0.01,-0.00,-0.15
16.27,85.67,-9.61,2.54,1.56,0.02,-0.00,-0.07,0.47,0.78,9.76,-0.02,-0.02,-0.12
16.29,85.62,-9.59,2.59,1.54,-0.02,-0.01,-0.04,0.36,0.75,9.78,-0.02,-0.02,-0.09
16.30,85.56,-9.54,2.61,1.54,-0.03,-0.01,-0.03,0.33,0.72,9.79,-0.02,-0.02,-0.04
16.32,85.45,-9.57,2.72,1.56,-0.07,-0.01,-0.04,0.39,0.79,9.77,-0.01,-0.00,-0.01
16.34,85.40,-9.83,3.00,1.66,-0.16,0.00,0.04,0.52,1.02,9.73,-0.02,0.00,-0.01
16.35,85.37,-9.33,3.53,1.72,-0.21,0.01,-0.01,0.64,1.27,9.65,-0.05,0.01,-0.04
16.36,85.20,-8.49,3.66,2.12,-0.28,0.03,-0.32,0.82,1.48,9.58,-0.08,0.01,-0.08
16.38,84.98,-8.25,2.53,2.29,-0.24,0.07,-0.49,0.99,1.59,9.57,-0.09,0.01,-0.13
16.39,84.97,-8.71,1.74,2.10,-0.06,0.12,-0.54,1.13,1.61,9.61,-0.11,0.00,-0.24
16.40,85.17,-9.80,1.78,1.73,0.15,0.15,-0.52,1.03,1.47,9.71,-0.14,-0.01,-0.28
16.42,85.45,-10.60,1.90,1.63,0.17,0.15,-0.39,0.89,1.26,9.81,-0.16,-0.02,-0.29
16.43,85.82,-10.85,1.70,1.40,0.16,0.08,-0.27,0.59,0.68,10.05,-0.15,-0.02,-0.25
16.45,86.05,-10.15,1.68,1.22,0.08,-0.01,-0.16,0.45,0.22,10.06,-0.08,-0.02,-0.17
16.47,86.10,-9.87,1.72,1.22,0.04,-0.02,-0.08,0.39,0.04,9.98,-0.03,-0.03,-0.13
16.48,86.13,-9.69,1.76,1.20,0.01,-0.02,0.02,0.29,-0.05,9.94,0.01,-0.03,-0.07
16.49,86.09,-9.66,1.86,1.21,-0.01,-0.02,0.08,0.18,-0.02,9.87,0.02,-0.02,-0.04
16.50,86.03,-9.73,2.03,1.24,-0.02,-0.02,0.11,0.09,0.09,9.83,0.01,-0.02,-0.00
16.52,85.88,-9.84,2.34,1.32,-0.07,-0.03,0.12,0.08,0.28,9.85,-0.02,-0.01,0.04
16.54,85.52,-9.76,2.34,1.60,-0.12,-0.05,0.09,0.21,0.60,9.93,-0.01,0.01,0.07
16.56,85.21,-9.63,2.29,1.69,-0.09,-0.04,0.07,0.33,0.83,9.94,0.01,0.02,0.09
16.57,85.00,-9.56,2.27,1.70,-0.07,-0.03,0.06,0.50,1.01,9.89,0.03,0.02,0.10
16.59,84.91,-9.60,2.27,1.66,-0.04,-0.02,0.04,0.65,1.10,9.88,0.02,0.02,0.10
16.60,84.92,-9.65,2.30,1.62,-0.02,-0.02,0.03,0.73,1.11,9.85,0.02,0.01,0.06
16.62,84.98,-9.71,2.34,1.57,-0.01,-0.02,0.00,0.68,1.04,9.79,0.01,-0.00,0.03
16.63,85.00,-9.74,2.31,1.55,-0.01,-0.03,-0.02,0.58,0.95,9.79,0.01,-0.01,0.01
16.65,84.98,-9.73,2.26,1.53,-0.01,-0.03,-0.02,0.47,0.87,9.82,0.01,-0.00,0.00
16.66,84.93,-9.74,2.23,1.51,-0.02,-0.03,-0.02,0.45,0.82,9.83,0.01,-0.00,0.01
16.67,84.89,-9.75,2.18,1.51,-0.02,-0.03,-0.01,0.47,0.77,9.82,0.01,0.00,0.02
16.68,84.86,-9.76,2.15,1.51,-0.02,-0.03,0.01,0.51,0.75,9.81,0.01,-0.00,0.02
16.69,84.86,-9.76,2.13,1.51,-0.02,-0.04,0.02,0.55,0.74,9.78,0.01,-0.00,0.04
16.71,84.86,-9.78,2.13,1.53,-0.02,-0.04,0.04,0.57,0.71,9.80,0.00,-0.01,0.05
16.73,84.85,-9.78,2.15,1.56,-0.02,-0.04,0.06,0.58,0.74,9.84,0.01,-0.01,0.05
16.74,84.84,-9.73,2.24,1.60,-0.03,-0.04,0.08,0.61,0.86,9.86,0.02,-0.02,0.07
16.77,84.85,-9.73,2.28,1.60,-0.03,-0.04,0.09,0.65,0.92,9.93,0.04,-0.03,0.07
16.79,84.87,-9.76,2.30,1.60,-0.04,-0.04,0.09,0.67,0.93,10.04,0.05,-0.04,0.06
16.80,84.89,-9.79,2.32,1.63,-0.04,-0.02,0.09,0.69,0.93,10.15,0.08,-0.05,0.03
16.81,84.93,-9.77,2.34,1.67,-0.03,-0.02,0.09,0.71,0.95,10.14,0.10,-0.07,0.01
16.82,84.98,-9.63,2.42,1.66,-0.01,-0.01,0.08,0.66,1.01,9.98,0.11,-0.09,-0.01
16.84,85.02,-9.52,2.52,1.66,-0.00,-0.01,0.06,0.61,1.06,9.78,0.11,-0.10,-0.02
16.85,85.04,-9.45,2.54,1.65,0.00,-0.01,0.04,0.57,1.05,9.58,0.10,-0.09,-0.01
16.87,85.04,-9.42,2.59,1.59,0.01,-0.01,0.01,0.54,1.01,9.45,0.08,-0.07,0.00
16.88,85.02,-9.41,2.59,1.57,-0.01,-0.02,-0.01,0.49,0.94,9.48,0.04,-0.04,-0.00
16.90,84.97,-9.45,2.54,1.57,-0.02,-0.02,-0.03,0.46,0.90,9.56,0.02,-0.02,-0.01
16.91,84.89,-9.55,2.44,1.55,-0.04,-0.02,-0.04,0.48,0.86,9.67,-0.01,0.00,-0.01
16.92,84.84,-9.59,2.39,1.55,-0.05,-0.01,-0.05,0.51,0.84,9.76,-0.02,0.02,-0.01
16.94,84.77,-9.68,2.31,1.56,-0.05,-0.01,-0.04,0.53,0.88,9.84,-0.03,0.02,-0.02
16.96,84.70,-9.69,2.32,1.57,-0.05,-0.01,-0.03,0.58,0.92,9.82,-0.03,0.03,-0.01
16.97,84.67,-9.67,2.36,1.60,-0.05,-0.01,-0.03,0.64,0.95,9.76,-0.02,0.03,-0.00
16.99,84.66,-9.64,2.39,1.59,-0.05,-0.01,-0.03,0.68,0.97,9.73,-0.02,0.03,0.01
17.00,84.66,-9.64,2.39,1.61,-0.05,-0.02,-0.03,0.71,0.98,9.73,-0.02,0.03,0.01
17.01,84.66,-9.67,2.38,1.60,-0.05,-0.02,-0.04,0.72,0.97,9.76,-0.02,0.04,-0.01
17.04,84.66,-9.71,2.34,1.59,-0.04,-0.02,-0.05,0.71,0.93,9.81,-0.03,0.04,-0.02
17.05,84.66,-9.72,2.31,1.59,-0.04,-0.02,-0.05,0.68,0.90,9.84,-0.03,0.03,-0.03
17.06,84.65,-9.73,2.27,1.58,-0.04,-0.02,-0.05,0.64,0.87,9.86,-0.03,0.03,-0.04
17.07,84.65,-9.73,2.24,1.56,-0.03,-0.02,-0.05,0.62,0.85,9.86,-0.03,0.02,-0.04
17.08,84.64,-9.72,2.23,1.55,-0.03,-0.02,-0.03,0.59,0.83,9.87,-0.03,0.02,-0.03
17.10,84.63,-9.72,2.23,1.55,-0.04,-0.02,-0.02,0.57,0.82,9.84,-0.02,0.01,-0.01
17.11,84.62,-9.71,2.24,1.55,-0.04,-0.02,-0.01,0.58,0.82,9.83,-0.01,0.01,0.00
17.12,84.61,-9.71,2.26,1.56,-0.04,-0.02,-0.00,0.58,0.84,9.82,-0.01,0.01,0.01
17.14,84.59,-9.71,2.28,1.55,-0.04,-0.02,-0.00,0.56,0.87,9.83,-0.01,0.01,0.02
17.15,84.57,-9.70,2.31,1.56,-0.04,-0.02,0.00,0.54,0.89,9.84,-0.01,0.00,0.01
17.17,84.52,-9.70,2.32,1.56,-0.04,-0.02,0.00,0.51,0.90,9.86,-0.02,0.00,0.01
17.19,84.48,-9.68,2.32,1.53,-0.05,-0.02,0.01,0.49,0.88,9.86,-0.01,0.01,0.01
17.21,84.43,-9.68,2.31,1.53,-0.05,-0.02,0.01,0.49,0.87,9.85,-0.00,0.01,0.02
17.23,84.42,-9.69,2.31,1.54,-0.05,-0.02,0.01,0.50,0.87,9.85,0.00,0.00,0.03
17.24,84.40,-9.67,2.32,1.55,-0.05,-0.02,0.01,0.52,0.87,9.84,0.00,0.00,0.03
17.25,84.37,-9.68,2.32,1.55,-0.05,-0.02,0.01,0.53,0.88,9.83,0.00,0.00,0.03
17.26,84.34,-9.69,2.32,1.58,-0.05,-0.02,0.01,0.56,0.90,9.80,0.00,0.00,0.02
17.30,84.33,-9.69,2.32,1.57,-0.05,-0.02,0.01,0.56,0.90,9.81,0.00,0.00,0.02
17.31,84.32,-9.68,2.32,1.56,-0.05,-0.02,0.01,0.57,0.90,9.81,-0.00,0.00,0.02
17.32,84.31,-9.69,2.33,1.56,-0.05,-0.02,0.01,0.56,0.90,9.81,-0.00,0.00,0.02
17.35,84.30,-9.69,2.34,1.57,-0.04,-0.02,0.01,0.56,0.91,9.82,-0.00,0.00,0.02
17.36,84.30,-9.69,2.34,1.56,-0.04,-0.02,0.01,0.56,0.91,9.83,0.00,-0.00,0.01
17.38,84.29,-9.68,2.34,1.56,-0.04,-0.02,0.01,0.57,0.91,9.83,0.00,-0.00,0.01
17.39,84.29,-9.68,2.34,1.58,-0.04,-0.02,0.01,0.56,0.90,9.82,0.00,-0.00,0.01
17.40,84.28,-9.67,2.34,1.59,-0.04,-0.02,0.01,0.57,0.89,9.83,0.00,-0.00,0.01
17.41,84.27,-9.67,2.34,1.59,-0.04,-0.02,0.01,0.56,0.89,9.83,0.00,-0.00,0.01
17.42,84.26,-9.67,2.34,1.58,-0.04,-0.02,0.00,0.56,0.89,9.83,-0.00,-0.00,0.01
17.44,84.24,-9.66,2.36,1.58,-0.04,-0.02,-0.00,0.55,0.90,9.82,-0.00,-0.00,0.00
17.46,84.23,-9.66,2.36,1.58,-0.04,-0.02,-0.00,0.56,0.91,9.83,-0.00,-0.00,0.00
17.47,84.23,-9.67,2.36,1.57,-0.04,-0.02,-0.01,0.57,0.91,9.82,-0.00,-0.00,0.00
17.48,84.23,-9.66,2.34,1.57,-0.04,-0.02,-0.01,0.57,0.90,9.81,-0.00,-0.00,0.00
17.49,84.22,-9.68,2.34,1.57,-0.04,-0.02,-0.01,0.56,0.90,9.81,-0.00,-0.00,0.00
17.51,84.22,-9.69,2.33,1.57,-0.04,-0.02,-0.01,0.55,0.89,9.81,-0.00,-0.00,0.00
17.52,84.22,-9.67,2.33,1.56,-0.04,-0.02,-0.01,0.55,0.89,9.81,-0.00,-0.00,0.00
17.54,84.21,-9.70,2.32,1.57,-0.04,-0.02,-0.01,0.55,0.87,9.80,-0.00,-0.00,0.01
17.57,84.20,-9.68,2.32,1.57,-0.04,-0.02,-0.00,0.54,0.87,9.81,-0.00,-0.00,0.01
17.58,84.18,-9.69,2.33,1.57,-0.04,-0.02,0.00,0.53,0.87,9.83,0.00,-0.00,0.01
17.60,84.17,-9.68,2.33,1.57,-0.04,-0.02,0.01,0.54,0.87,9.84,0.00,-0.00,0.01
17.61,84.16,-9.69,2.35,1.58,-0.04,-0.02,0.01,0.54,0.88,9.83,0.00,-0.00,0.01
17.63,84.13,-9.68,2.36,1.58,-0.04,-0.02,0.01,0.56,0.90,9.84,0.00,-0.00,0.01
17.67,84.12,-9.66,2.36,1.59,-0.04,-0.02,0.01,0.55,0.89,9.83,0.00,-0.00,0.01
17.68,84.11,-9.68,2.36,1.60,-0.04,-0.02,0.01,0.55,0.90,9.83,0.00,-0.00,0.01
17.69,84.10,-9.67,2.36,1.60,-0.04,-0.02,0.01,0.55,0.90,9.83,0.00,-0.00,0.01
17.71,84.08,-9.65,2.37,1.60,-0.04,-0.02,0.01,0.56,0.90,9.83,0.00,-0.00,0.01
17.72,84.07,-9.66,2.37,1.60,-0.04,-0.02,0.01,0.55,0.91,9.81,0.00,-0.00,0.01
17.73,84.07,-9.65,2.38,1.59,-0.04,-0.02,0.01,0.56,0.91,9.81,0.00,-0.00,0.01
17.75,84.06,-9.65,2.38,1.59,-0.04,-0.02,0.01,0.56,0.91,9.80,0.00,-0.00,0.01
17.76,84.06,-9.66,2.39,1.58,-0.04,-0.02,0.00,0.55,0.91,9.80,0.00,-0.00,0.01
17.77,84.05,-9.65,2.39,1.57,-0.04,-0.02,0.00,0.54,0.91,9.80,0.00,-0.00,0.01
17.78,84.05,-9.67,2.39,1.58,-0.04,-0.02,-0.00,0.55,0.91,9.80,-0.00,-0.00,0.01
17.79,84.05,-9.66,2.39,1.58,-0.05,-0.02,-0.00,0.57,0.91,9.80,0.00,-0.00,0.01
17.81,84.05,-9.65,2.38,1.59,-0.05,-0.02,-0.01,0.56,0.92,9.80,0.00,-0.00,0.01
17.83,84.05,-9.65,2.38,1.59,-0.05,-0.02,-0.01,0.56,0.92,9.80,-0.00,-0.00,0.01
17.84,84.05,-9.65,2.38,1.59,-0.05,-0.02,-0.01,0.58,0.93,9.80,-0.00,-0.00,0.00
17.85,84.06,-9.65,2.37,1.58,-0.05,-0.02,-0.01,0.58,0.92,9.80,-0.00,-0.00,-0.00
17.87,84.07,-9.66,2.36,1.60,-0.05,-0.02,-0.01,0.58,0.91,9.81,-0.00,-0.00,-0.00
17.88,84.07,-9.66,2.36,1.58,-0.05,-0.02,-0.02,0.57,0.91,9.81,-0.00,-0.00,-0.00
17.89,84.08,-9.66,2.36,1.58,-0.05,-0.02,-0.02,0.56,0.90,9.81,-0.00,-0.00,-0.00
17.90,84.08,-9.68,2.36,1.58,-0.05,-0.02,-0.02,0.55,0.89,9.83,-0.00,-0.00,-0.01
17.91,84.08,-9.69,2.35,1.58,-0.04,-0.02,-0.02,0.54,0.88,9.84,-0.00,-0.00,-0.01
17.93,84.07,-9.68,2.34,1.56,-0.04,-0.02,-0.02,0.53,0.87,9.84,-0.00,-0.00,-0.00
17.95,84.07,-9.69,2.33,1.56,-0.04,-0.02,-0.01,0.52,0.86,9.83,-0.00,-0.00,-0.00
17.96,84.07,-9.68,2.32,1.54,-0.04,-0.02,-0.01,0.52,0.84,9.82,0.00,-0.00,0.00
17.97,84.06,-9.68,2.32,1.55,-0.05,-0.02,-0.00,0.52,0.85,9.82,0.00,-0.00,0.01
17.98,84.06,-9.68,2.32,1.55,-0.05,-0.02,-0.00,0.53,0.85,9.82,0.00,-0.00,0.01
17.99,84.06,-9.68,2.33,1.57,-0.05,-0.02,0.00,0.54,0.86,9.82,0.00,-0.00,0.01
18.01,84.05,-9.67,2.32,1.58,-0.05,-0.02,0.01,0.56,0.88,9.83,0.00,-0.00,0.02
18.04,84.04,-9.67,2.34,1.59,-0.05,-0.02,0.01,0.57,0.90,9.83,0.00,-0.00,0.02
18.06,84.03,-9.67,2.36,1.60,-0.05,-0.02,0.01,0.57,0.91,9.83,0.00,-0.00,0.02
18.08,84.02,-9.66,2.37,1.60,-0.05,-0.02,0.01,0.57,0.92,9.82,0.00,-0.00,0.01
18.09,84.02,-9.68,2.37,1.60,-0.05,-0.02,0.01,0.57,0.92,9.82,0.00,-0.00,0.01
18.10,84.01,-9.67,2.37,1.60,-0.04,-0.02,0.01,0.56,0.92,9.81,0.00,-0.00,0.01
18.12,84.01,-9.67,2.38,1.59,-0.04,-0.02,0.01,0.56,0.92,9.80,0.00,-0.00,0.01
18.13,84.01,-9.67,2.37,1.59,-0.04,-0.02,0.00,0.56,0.92,9.81,0.00,-0.00,0.01
18.14,84.01,-9.66,2.37,1.58,-0.04,-0.02,0.00,0.56,0.91,9.82,0.00,-0.00,0.01
18.16,84.01,-9.65,2.37,1.58,-0.05,-0.02,0.00,0.56,0.91,9.81,0.00,-0.00,0.01
18.18,84.01,-9.65,2.38,1.58,-0.05,-0.02,0.00,0.56,0.91,9.82,0.00,-0.00,0.00
18.20,84.01,-9.65,2.37,1.60,-0.04,-0.02,-0.00,0.58,0.93,9.82,-0.00,-0.00,0.00
18.22,84.01,-9.66,2.38,1.60,-0.04,-0.02,-0.00,0.57,0.92,9.81,-0.00,-0.00,0.00
18.23,84.01,-9.66,2.38,1.59,-0.04,-0.02,-0.01,0.56,0.91,9.80,-0.00,-0.00,-0.00
18.25,84.01,-9.66,2.38,1.59,-0.04,-0.02,-0.01,0.56,0.91,9.81,-0.00,-0.00,-0.00
18.26,84.01,-9.64,2.37,1.58,-0.04,-0.02,-0.01,0.56,0.91,9.81,-0.00,-0.00,-0.00
18.28,84.01,-9.65,2.37,1.59,-0.04,-0.02,-0.01,0.55,0.91,9.80,-0.00,-0.00,-0.00
18.29,84.01,-9.66,2.38,1.58,-0.04,-0.02,-0.01,0.56,0.91,9.81,-0.00,-0.00,-0.01
18.30,84.01,-9.65,2.37,1.58,-0.04,-0.02,-0.01,0.55,0.91,9.80,-0.00,-0.00,-0.01
18.32,84.01,-9.67,2.36,1.58,-0.04,-0.02,-0.01,0.55,0.90,9.80,-0.00,-0.00,-0.01
18.32,84.01,-9.65,2.36,1.59,-0.04,-0.02,-0.01,0.55,0.90,9.80,-0.00,-0.00,-0.01
18.34,84.01,-9.67,2.36,1.59,-0.04,-0.02,-0.01,0.56,0.90,9.80,-0.00,-0.00,-0.01
18.35,84.01,-9.66,2.37,1.58,-0.04,-0.02,-0.01,0.56,0.90,9.80,-0.00,-0.00,-0.01
18.37,84.00,-9.65,2.36,1.60,-0.04,-0.02,-0.01,0.56,0.90,9.80,-0.00,-0.00,-0.01
18.38,84.01,-9.66,2.36,1.60,-0.04,-0.02,-0.01,0.57,0.91,9.81,-0.00,-0.00,-0.01
18.39,84.01,-9.67,2.37,1.60,-0.04,-0.02,-0.01,0.57,0.91,9.81,-0.00,-0.00,-0.01
18.41,84.00,-9.66,2.37,1.61,-0.04,-0.02,-0.01,0.56,0.91,9.81,-0.00,-0.00,-0.01
18.42,84.00,-9.68,2.37,1.60,-0.04,-0.02,-0.01,0.56,0.91,9.81,-0.00,-0.00,-0.01
18.43,84.00,-9.67,2.36,1.59,-0.04,-0.02,-0.01,0.56,0.90,9.81,-0.00,-0.00,-0.01
18.44,84.00,-9.67,2.35,1.59,-0.04,-0.02,-0.01,0.56,0.90,9.80,-0.00,-0.00,-0.01
18.45,84.00,-9.66,2.35,1.58,-0.04,-0.02,-0.01,0.57,0.89,9.81,-0.00,-0.00,-0.01
18.47,84.01,-9.66,2.34,1.58,-0.04,-0.02,-0.01,0.57,0.88,9.81,-0.00,-0.00,-0.00
18.48,84.02,-9.67,2.34,1.58,-0.04,-0.02,-0.01,0.56,0.88,9.82,-0.00,-0.00,-0.00
18.49,84.02,-9.67,2.34,1.59,-0.04,-0.02,-0.01,0.56,0.88,9.82,-0.00,-0.00,-0.00
18.50,84.01,-9.69,2.34,1.60,-0.04,-0.02,-0.01,0.55,0.89,9.82,-0.00,-0.00,-0.00
18.51,84.01,-9.67,2.34,1.60,-0.04,-0.02,-0.01,0.54,0.88,9.82,-0.00,-0.00,-0.00
18.52,84.00,-9.68,2.34,1.59,-0.04,-0.02,-0.00,0.54,0.88,9.83,-0.00,-0.00,-0.00
18.53,84.00,-9.66,2.35,1.58,-0.04,-0.02,-0.00,0.54,0.88,9.83,-0.00,-0.00,0.00
18.55,83.99,-9.67,2.36,1.60,-0.04,-0.02,0.00,0.55,0.89,9.84,0.00,-0.00,0.00
18.56,83.99,-9.68,2.37,1.59,-0.04,-0.02,-0.00,0.56,0.90,9.83,0.00,-0.00,0.00
18.57,83.98,-9.66,2.36,1.60,-0.04,-0.02,-0.00,0.56,0.90,9.82,0.00,-0.00,0.00
18.59,83.98,-9.67,2.36,1.60,-0.04,-0.02,-0.00,0.57,0.91,9.81,0.00,-0.00,0.00
18.60,83.98,-9.65,2.37,1.59,-0.04,-0.02,-0.00,0.57,0.92,9.81,0.00,-0.00,0.00
18.61,83.98,-9.65,2.37,1.60,-0.04,-0.02,-0.00,0.57,0.91,9.81,-0.00,-0.00,-0.00
18.63,83.98,-9.67,2.37,1.60,-0.04,-0.02,-0.00,0.56,0.91,9.82,-0.00,-0.00,-0.00
18.64,83.98,-9.67,2.37,1.59,-0.04,-0.02,-0.01,0.56,0.91,9.81,-0.00,-0.00,-0.00
18.66,83.99,-9.67,2.37,1.59,-0.04,-0.02,-0.01,0.58,0.90,9.82,-0.00,-0.00,-0.00
18.67,83.99,-9.67,2.36,1.59,-0.04,-0.02,-0.01,0.57,0.91,9.82,-0.00,-0.00,-0.00
18.68,84.00,-9.67,2.36,1.58,-0.04,-0.02,-0.01,0.56,0.90,9.82,-0.00,-0.00,-0.00
18.70,84.00,-9.66,2.36,1.59,-0.04,-0.02,-0.01,0.56,0.90,9.82,-0.00,-0.00,-0.00
18.71,84.00,-9.67,2.36,1.59,-0.04,-0.02,-0.01,0.55,0.89,9.82,-0.00,-0.00,-0.00
18.73,84.00,-9.68,2.34,1.59,-0.04,-0.02,-0.01,0.56,0.89,9.80,-0.00,-0.00,0.00
18.74,84.00,-9.68,2.34,1.59,-0.04,-0.02,-0.00,0.56,0.88,9.81,0.00,-0.00,0.00
18.76,84.00,-9.67,2.34,1.59,-0.04,-0.02,-0.00,0.56,0.88,9.81,0.00,-0.00,0.00
18.77,84.00,-9.67,2.34,1.59,-0.04,-0.02,0.00,0.55,0.89,9.81,0.00,-0.00,0.01
18.79,83.99,-9.66,2.35,1.58,-0.04,-0.02,0.00,0.55,0.89,9.80,0.00,-0.00,0.01
18.81,83.98,-9.66,2.36,1.59,-0.04,-0.02,0.01,0.55,0.90,9.81,0.00,-0.00,0.01
18.83,83.98,-9.67,2.37,1.58,-0.04,-0.02,0.00,0.55,0.90,9.81,0.00,-0.00,0.01
18.84,83.97,-9.66,2.37,1.60,-0.04,-0.02,0.00,0.57,0.92,9.83,0.00,-0.00,0.01
18.86,83.97,-9.65,2.37,1.59,-0.04,-0.02,0.00,0.56,0.92,9.81,0.00,-0.00,0.01
18.88,83.97,-9.65,2.36,1.59,-0.04,-0.02,0.00,0.57,0.93,9.80,0.00,-0.00,0.01
18.89,83.98,-9.67,2.36,1.57,-0.04,-0.02,0.00,0.57,0.91,9.80,-0.00,-0.01,0.02
18.91,84.00,-9.67,2.35,1.56,-0.05,-0.02,0.01,0.55,0.92,9.82,-0.00,-0.01,0.02
18.92,84.00,-9.69,2.34,1.58,-0.05,-0.02,0.01,0.54,0.92,9.85,-0.01,-0.02,0.03
18.94,84.00,-9.70,2.33,1.58,-0.05,-0.02,0.02,0.49,0.97,9.87,-0.01,-0.03,0.03
18.95,83.99,-9.74,2.33,1.55,-0.05,-0.02,0.03,0.44,0.99,9.97,-0.01,-0.05,0.03
18.97,84.03,-9.80,2.34,1.57,-0.05,-0.01,0.04,0.54,0.98,10.16,0.03,-0.07,0.00
18.99,84.10,-9.77,2.40,1.64,-0.04,-0.00,0.03,0.63,0.98,10.12,0.05,-0.09,-0.00
19.00,84.18,-9.71,2.46,1.67,-0.02,-0.00,0.03,0.67,1.00,9.97,0.07,-0.11,0.01
19.01,84.27,-9.61,2.51,1.66,-0.01,0.00,0.02,0.67,0.96,9.77,0.07,-0.13,0.03
19.03,84.40,-9.50,2.51,1.62,-0.01,-0.00,0.01,0.65,0.87,9.55,0.06,-0.15,0.08
19.04,84.53,-9.47,2.50,1.59,-0.01,-0.01,-0.00,0.63,0.78,9.42,0.03,-0.14,0.13
19.07,84.65,-9.52,2.41,1.52,-0.03,-0.02,-0.01,0.58,0.66,9.42,-0.01,-0.12,0.15
19.09,84.73,-9.62,2.26,1.51,-0.06,-0.03,0.01,0.58,0.59,9.59,-0.06,-0.05,0.14
19.10,84.76,-9.70,2.24,1.51,-0.07,-0.03,0.03,0.68,0.66,9.72,-0.07,-0.02,0.14
19.12,84.78,-9.73,2.28,1.52,-0.08,-0.03,0.04,0.74,0.74,9.82,-0.07,0.01,0.11
19.13,84.78,-9.76,2.32,1.57,-0.09,-0.03,0.04,0.77,0.86,9.90,-0.06,0.04,0.09
19.14,84.75,-9.73,2.40,1.64,-0.09,-0.03,0.04,0.78,0.98,9.91,-0.04,0.07,0.04
19.15,84.70,-9.64,2.48,1.68,-0.08,-0.03,0.04,0.82,1.05,9.80,-0.03,0.07,0.02
19.17,84.64,-9.55,2.61,1.65,-0.06,-0.03,0.02,0.84,1.08,9.69,-0.04,0.07,0.02
19.18,84.59,-9.58,2.59,1.66,-0.06,-0.03,-0.00,0.77,1.09,9.75,-0.05,0.06,0.02
19.20,84.55,-9.60,2.53,1.66,-0.05,-0.03,-0.02,0.75,1.05,9.84,-0.05,0.05,0.02
19.21,84.51,-9.65,2.45,1.65,-0.05,-0.03,-0.03,0.76,0.98,9.95,-0.04,0.04,0.01
19.23,84.49,-9.70,2.41,1.64,-0.04,-0.02,-0.03,0.75,0.95,9.97,-0.03,0.03,-0.01
19.24,84.48,-9.70,2.39,1.63,-0.03,-0.02,-0.03,0.69,0.89,9.95,-0.02,0.02,-0.02
19.25,84.47,-9.67,2.38,1.61,-0.03,-0.02,-0.03,0.65,0.86,9.91,-0.02,0.01,-0.02
19.27,84.46,-9.66,2.40,1.61,-0.03,-0.01,-0.03,0.62,0.83,9.84,-0.01,0.01,-0.02
19.28,84.44,-9.63,2.42,1.58,-0.03,-0.02,-0.02,0.61,0.82,9.81,-0.01,0.00,-0.00
19.29,84.43,-9.64,2.42,1.59,-0.04,-0.02,-0.02,0.62,0.82,9.80,-0.00,0.00,0.00
19.31,84.42,-9.65,2.41,1.61,-0.04,-0.02,-0.02,0.64,0.82,9.83,-0.01,0.00,0.01
19.32,84.42,-9.66,2.40,1.61,-0.04,-0.02,-0.02,0.66,0.83,9.84,-0.01,0.00,-0.00
19.35,84.42,-9.67,2.40,1.61,-0.04,-0.02,-0.02,0.66,0.85,9.84,-0.01,-0.00,-0.01
19.36,84.42,-9.67,2.40,1.59,-0.04,-0.02,-0.02,0.65,0.85,9.84,-0.01,-0.00,-0.01
19.37,84.43,-9.66,2.40,1.60,-0.04,-0.02,-0.01,0.66,0.85,9.83,-0.00,-0.00,-0.00
19.39,84.43,-9.65,2.40,1.60,-0.04,-0.02,-0.01,0.65,0.85,9.83,0.00,-0.00,-0.00
19.41,84.43,-9.66,2.40,1.59,-0.04,-0.02,-0.01,0.66,0.84,9.82,0.00,-0.00,0.00
19.43,84.44,-9.67,2.38,1.59,-0.04,-0.02,-0.01,0.66,0.82,9.83,0.00,-0.00,0.00
19.44,84.44,-9.65,2.38,1.59,-0.04,-0.02,-0.00,0.64,0.81,9.83,0.00,-0.00,0.00
19.45,84.44,-9.66,2.38,1.60,-0.04,-0.02,-0.00,0.63,0.81,9.82,-0.00,-0.00,0.00
19.47,84.43,-9.66,2.39,1.60,-0.04,-0.02,0.00,0.63,0.82,9.81,-0.00,-0.00,0.01
19.48,84.43,-9.65,2.38,1.60,-0.04,-0.02,0.00,0.65,0.83,9.82,-0.00,-0.00,0.01
19.49,84.43,-9.67,2.39,1.59,-0.04,-0.02,0.00,0.65,0.83,9.83,-0.00,-0.00,0.01
19.51,84.43,-9.66,2.40,1.59,-0.04,-0.02,0.00,0.66,0.84,9.83,-0.00,-0.00,0.01
19.52,84.43,-9.65,2.41,1.61,-0.04,-0.02,0.00,0.66,0.86,9.83,-0.00,-0.00,0.01
19.53,84.43,-9.66,2.42,1.61,-0.04,-0.02,-0.00,0.66,0.87,9.81,-0.00,-0.00,0.00
19.55,84.44,-9.65,2.42,1.61,-0.04,-0.02,-0.01,0.66,0.87,9.78,-0.00,-0.00,-0.00
19.57,84.44,-9.64,2.42,1.60,-0.04,-0.02,-0.01,0.67,0.86,9.78,-0.00,-0.00,-0.00
19.58,84.45,-9.65,2.41,1.61,-0.04,-0.02,-0.01,0.67,0.86,9.78,-0.00,-0.00,-0.01
19.59,84.45,-9.65,2.40,1.61,-0.04,-0.02,-0.01,0.66,0.84,9.80,-0.00,-0.00,-0.01
19.61,84.45,-9.66,2.39,1.60,-0.04,-0.02,-0.01,0.64,0.84,9.81,-0.00,-0.00,-0.01
19.63,84.45,-9.66,2.39,1.59,-0.04,-0.02,-0.01,0.62,0.82,9.82,-0.00,-0.00,-0.01
19.65,84.44,-9.66,2.40,1.59,-0.04,-0.02,-0.01,0.62,0.82,9.81,-0.00,-0.00,-0.00
19.67,84.44,-9.66,2.39,1.58,-0.04,-0.02,-0.01,0.62,0.82,9.83,-0.00,-0.00,-0.00
19.68,84.43,-9.67,2.39,1.59,-0.04,-0.02,-0.01,0.63,0.83,9.83,0.00,-0.00,0.00
19.70,84.43,-9.66,2.40,1.60,-0.04,-0.02,-0.01,0.64,0.83,9.83,-0.00,-0.00,0.00
19.71,84.42,-9.65,2.39,1.61,-0.04,-0.02,-0.01,0.65,0.83,9.83,-0.00,-0.00,0.00
19.73,84.41,-9.66,2.39,1.62,-0.04,-0.02,-0.01,0.64,0.83,9.82,-0.00,-0.00,0.00
19.74,84.39,-9.65,2.40,1.61,-0.04,-0.02,-0.01,0.66,0.85,9.82,-0.00,-0.00,0.00
19.77,84.40,-9.66,2.40,1.61,-0.04,-0.02,-0.01,0.66,0.85,9.82,-0.00,-0.00,-0.00
19.78,84.40,-9.67,2.40,1.62,-0.04,-0.02,-0.01,0.65,0.85,9.82,-0.00,-0.00,-0.00
19.80,84.40,-9.67,2.39,1.60,-0.04,-0.02,-0.01,0.66,0.85,9.81,0.00,-0.00,-0.01
19.81,84.40,-9.66,2.39,1.61,-0.04,-0.02,-0.01,0.65,0.84,9.82,0.00,-0.00,-0.01
19.82,84.40,-9.67,2.39,1.60,-0.04,-0.02,-0.01,0.65,0.83,9.81,0.00,-0.00,-0.01
19.83,84.41,-9.65,2.38,1.60,-0.04,-0.02,-0.01,0.64,0.82,9.81,0.00,-0.00,-0.00
19.84,84.41,-9.67,2.38,1.60,-0.04,-0.02,-0.01,0.63,0.82,9.82,0.00,-0.00,-0.00
19.85,84.40,-9.66,2.38,1.59,-0.04,-0.02,-0.00,0.63,0.82,9.82,0.00,-0.00,-0.00
19.87,84.40,-9.66,2.38,1.60,-0.04,-0.02,-0.00,0.62,0.83,9.83,0.00,-0.00,0.00
19.88,84.40,-9.67,2.39,1.59,-0.04,-0.02,-0.00,0.63,0.82,9.83,0.00,-0.00,0.00
19.90,84.40,-9.66,2.39,1.59,-0.04,-0.02,0.00,0.64,0.83,9.82,0.00,-0.00,0.00
19.91,84.40,-9.67,2.39,1.60,-0.04,-0.02,0.00,0.65,0.84,9.82,0.00,-0.00,0.00
19.92,84.40,-9.65,2.40,1.60,-0.04,-0.02,0.00,0.65,0.85,9.82,0.00,-0.00,0.01
19.93,84.40,-9.65,2.41,1.61,-0.04,-0.02,0.01,0.66,0.86,9.82,0.00,-0.00,0.01
19.95,84.39,-9.64,2.41,1.61,-0.04,-0.02,0.00,0.66,0.86,9.79,0.00,-0.00,0.00
19.97,84.39,-9.65,2.41,1.61,-0.04,-0.02,0.00,0.66,0.87,9.80,-0.00,-0.00,0.00
19.98,84.40,-9.65,2.41,1.60,-0.04,-0.02,-0.00,0.65,0.86,9.80,-0.00,-0.00,-0.00
20.00,84.39,-9.64,2.41,1.60,-0.04,-0.02,-0.00,0.64,0.85,9.80,-0.00,-0.00,-0.00
20.01,84.40,-9.65,2.42,1.58,-0.04,-0.02,-0.01,0.64,0.85,9.81,-0.00,-0.00,-0.00
20.02,84.40,-9.64,2.43,1.59,-0.04,-0.02,-0.01,0.64,0.85,9.81,-0.00,-0.00,-0.00
20.03,84.41,-9.65,2.42,1.59,-0.04,-0.02,-0.01,0.65,0.85,9.82,-0.00,-0.00,-0.00
20.04,84.41,-9.64,2.41,1.60,-0.04,-0.02,-0.01,0.64,0.84,9.81,-0.00,-0.00,-0.00
20.05,84.40,-9.65,2.41,1.61,-0.04,-0.02,-0.01,0.63,0.84,9.81,-0.00,-0.00,-0.00
20.06,84.40,-9.65,2.41,1.60,-0.04,-0.02,-0.02,0.64,0.85,9.81,-0.00,-0.00,-0.00
20.08,84.40,-9.65,2.41,1.61,-0.04,-0.02,-0.02,0.65,0.86,9.81,-0.00,-0.00,-0.01
20.09,84.41,-9.65,2.40,1.60,-0.04,-0.02,-0.02,0.66,0.85,9.81,-0.00,-0.00,-0.01
20.10,84.41,-9.65,2.40,1.60,-0.04,-0.02,-0.02,0.65,0.84,9.81,-0.00,-0.00,-0.01
20.12,84.42,-9.65,2.37,1.60,-0.04,-0.02,-0.02,0.65,0.83,9.81,-0.00,-0.00,-0.01
20.13,84.42,-9.67,2.36,1.60,-0.04,-0.02,-0.01,0.64,0.83,9.82,-0.00,-0.00,-0.01
20.15,84.42,-9.68,2.35,1.59,-0.04,-0.02,-0.01,0.64,0.82,9.82,-0.00,-0.00,-0.00
20.17,84.42,-9.67,2.35,1.59,-0.04,-0.02,-0.01,0.64,0.81,9.82,0.00,-0.00,0.00
20.18,84.42,-9.67,2.34,1.59,-0.04,-0.02,-0.00,0.63,0.81,9.82,0.00,-0.00,0.00
20.19,84.42,-9.66,2.34,1.58,-0.04,-0.02,-0.00,0.64,0.80,9.83,0.00,-0.00,0.00
20.20,84.42,-9.66,2.35,1.60,-0.04,-0.02,0.00,0.65,0.81,9.83,0.00,-0.00,0.01
20.22,84.42,-9.67,2.36,1.60,-0.04,-0.02,0.01,0.65,0.81,9.84,0.00,-0.00,0.01
20.23,84.42,-9.66,2.37,1.59,-0.04,-0.02,0.01,0.64,0.82,9.83,0.00,-0.00,0.01
20.24,84.41,-9.65,2.39,1.59,-0.04,-0.02,0.01,0.63,0.83,9.83,0.00,-0.00,0.01
20.26,84.40,-9.64,2.41,1.61,-0.04,-0.02,0.01,0.64,0.86,9.82,0.00,-0.00,0.01
20.27,84.39,-9.64,2.42,1.61,-0.04,-0.02,0.01,0.65,0.88,9.82,0.00,-0.00,0.01
20.29,84.39,-9.62,2.43,1.60,-0.04,-0.02,0.01,0.65,0.87,9.82,0.00,-0.00,0.01
20.30,84.39,-9.64,2.42,1.61,-0.04,-0.02,0.01,0.65,0.88,9.82,0.00,-0.00,0.01
20.32,84.38,-9.64,2.43,1.60,-0.04,-0.02,0.00,0.65,0.87,9.82,0.00,-0.00,0.00
20.34,84.38,-9.65,2.41,1.60,-0.04,-0.02,-0.00,0.65,0.86,9.81,-0.00,-0.00,0.00
20.35,84.39,-9.65,2.42,1.59,-0.04,-0.02,-0.01,0.64,0.85,9.80,-0.00,-0.00,0.00
20.37,84.39,-9.63,2.43,1.58,-0.04,-0.02,-0.01,0.64,0.86,9.81,-0.00,-0.00,-0.00
20.38,84.39,-9.64,2.42,1.60,-0.04,-0.02,-0.01,0.64,0.85,9.80,-0.00,-0.00,-0.00
20.40,84.40,-9.64,2.42,1.58,-0.04,-0.02,-0.01,0.65,0.86,9.81,-0.00,-0.00,-0.00
20.42,84.40,-9.65,2.41,1.59,-0.04,-0.02,-0.01,0.66,0.85,9.82,-0.00,-0.00,-0.00
20.43,84.41,-9.65,2.40,1.59,-0.04,-0.02,-0.01,0.66,0.85,9.82,-0.00,-0.00,-0.00
20.44,84.42,-9.66,2.40,1.59,-0.04,-0.02,-0.01,0.66,0.84,9.82,-0.00,-0.00,-0.00
20.45,84.42,-9.65,2.38,1.59,-0.04,-0.02,-0.01,0.65,0.83,9.82,-0.00,-0.00,-0.00
20.47,84.43,-9.65,2.39,1.60,-0.04,-0.02,-0.01,0.65,0.83,9.82,-0.00,-0.00,-0.00
20.48,84.43,-9.68,2.38,1.59,-0.04,-0.02,-0.01,0.65,0.83,9.82,-0.00,-0.00,-0.00
20.50,84.44,-9.67,2.38,1.59,-0.04,-0.02,-0.01,0.65,0.83,9.81,-0.00,-0.00,-0.00
20.51,84.44,-9.66,2.37,1.59,-0.04,-0.02,-0.01,0.65,0.83,9.81,-0.00,-0.00,-0.00
20.52,84.44,-9.66,2.37,1.58,-0.04,-0.02,-0.00,0.65,0.82,9.81,0.00,-0.00,0.00
20.54,84.44,-9.67,2.38,1.59,-0.04,-0.02,-0.00,0.64,0.82,9.81,0.00,-0.00,0.00
20.55,84.44,-9.66,2.38,1.59,-0.04,-0.02,0.00,0.64,0.83,9.82,0.00,-0.00,0.00
20.57,84.45,-9.65,2.39,1.59,-0.04,-0.02,0.00,0.64,0.84,9.82,0.00,-0.00,0.00
20.58,84.45,-9.65,2.39,1.58,-0.04,-0.02,0.00,0.66,0.84,9.82,0.00,-0.00,0.00
20.59,84.45,-9.65,2.40,1.60,-0.04,-0.02,0.00,0.66,0.85,9.81,0.00,-0.00,0.00
20.63,84.45,-9.65,2.41,1.60,-0.04,-0.02,-0.00,0.66,0.86,9.82,0.00,-0.00,0.00
20.64,84.45,-9.64,2.41,1.61,-0.04,-0.02,-0.00,0.66,0.86,9.83,-0.00,-0.00,-0.00
20.65,84.44,-9.65,2.42,1.60,-0.04,-0.02,-0.01,0.66,0.87,9.83,-0.00,-0.00,-0.00
20.66,84.44,-9.64,2.42,1.61,-0.04,-0.02,-0.01,0.66,0.87,9.83,-0.00,-0.00,-0.01
20.68,84.44,-9.65,2.41,1.61,-0.04,-0.02,-0.01,0.66,0.87,9.83,-0.00,-0.00,-0.01
20