=~=~=~=~=~=~=~=~=~=~=~= PuTTY log 2024.07.01 13:23:13 =~=~=~=~=~=~=~=~=~=~=~=
50.07,85.95,-9.71,2.21,1.62,-0.04,-0.02,-0.00,0.91,0.76,9.81,0.00,-0.00,0.00
50.09,85.95,-9.70,2.21,1.60,-0.04,-0.02,-0.01,0.91,0.75,9.81,0.00,-0.00,0.00
50.10,85.95,-9.70,2.20,1.61,-0.04,-0.02,-0.01,0.90,0.74,9.82,0.00,-0.00,0.00
50.12,85.95,-9.71,2.19,1.59,-0.04,-0.02,-0.01,0.90,0.72,9.80,0.00,-0.00,0.00
50.13,85.95,-9.70,2.19,1.59,-0.04,-0.02,-0.00,0.88,0.71,9.80,0.00,-0.00,0.00
50.14,85.95,-9.72,2.18,1.58,-0.04,-0.02,0.00,0.88,0.70,9.80,0.00,-0.00,0.01
50.17,85.94,-9.71,2.18,1.59,-0.04,-0.02,0.01,0.89,0.70,9.80,0.00,-0.00,0.01
50.19,85.93,-9.72,2.20,1.61,-0.04,-0.02,0.01,0.89,0.71,9.81,0.00,-0.00,0.01
50.19,85.93,-9.71,2.20,1.60,-0.04,-0.02,0.01,0.90,0.72,9.81,0.00,-0.00,0.01
50.21,85.93,-9.71,2.21,1.61,-0.04,-0.02,0.01,0.91,0.73,9.80,0.00,-0.00,0.01
50.22,85.92,-9.71,2.23,1.63,-0.04,-0.02,0.01,0.91,0.74,9.80,0.00,-0.00,0.01
50.25,85.90,-9.68,2.24,1.62,-0.04,-0.02,0.00,0.91,0.75,9.79,0.00,-0.00,0.01
50.27,85.89,-9.69,2.25,1.63,-0.04,-0.02,0.00,0.90,0.75,9.79,-0.00,-0.00,0.00
50.28,85.88,-9.68,2.24,1.61,-0.04,-0.02,-0.00,0.90,0.74,9.80,-0.00,-0.00,-0.00
50.30,85.87,-9.68,2.24,1.61,-0.04,-0.02,-0.01,0.90,0.73,9.80,-0.00,-0.00,-0.00
50.31,85.87,-9.67,2.23,1.61,-0.04,-0.02,-0.01,0.89,0.72,9.80,-0.00,-0.00,-0.00
50.33,85.86,-9.69,2.24,1.62,-0.04,-0.02,-0.01,0.90,0.74,9.80,-0.00,-0.00,-0.00
50.35,85.85,-9.68,2.23,1.61,-0.04,-0.02,-0.01,0.89,0.74,9.81,-0.01,0.00,-0.01
50.37,85.85,-9.70,2.23,1.62,-0.04,-0.01,-0.02,0.89,0.74,9.80,-0.01,0.00,-0.01
50.39,85.85,-9.70,2.23,1.61,-0.04,-0.01,-0.02,0.91,0.74,9.79,-0.01,-0.00,-0.01
50.40,85.86,-9.69,2.23,1.59,-0.04,-0.01,-0.02,0.91,0.74,9.79,-0.01,-0.00,-0.01
50.41,85.87,-9.71,2.23,1.59,-0.04,-0.01,-0.02,0.90,0.74,9.79,-0.01,-0.00,-0.01
50.42,85.88,-9.71,2.21,1.58,-0.04,-0.01,-0.02,0.89,0.72,9.79,-0.01,-0.00,-0.01
50.44,85.90,-9.72,2.18,1.57,-0.04,-0.02,-0.02,0.88,0.71,9.80,-0.00,-0.00,-0.01
50.46,85.90,-9.70,2.17,1.57,-0.04,-0.02,-0.02,0.88,0.68,9.80,-0.00,-0.00,-0.01
50.47,85.90,-9.73,2.16,1.58,-0.04,-0.02,-0.02,0.88,0.68,9.80,-0.00,-0.00,-0.01
50.48,85.91,-9.72,2.15,1.57,-0.04,-0.02,-0.01,0.88,0.68,9.80,-0.00,-0.00,0.00
50.51,85.91,-9.73,2.18,1.59,-0.04,-0.02,-0.00,0.89,0.70,9.82,-0.00,-0.00,0.00
50.54,85.92,-9.70,2.19,1.59,-0.04,-0.02,0.00,0.89,0.72,9.80,-0.00,-0.00,0.01
50.55,85.92,-9.70,2.21,1.60,-0.04,-0.02,0.00,0.90,0.73,9.80,0.00,-0.00,0.01
50.57,85.92,-9.71,2.21,1.60,-0.04,-0.02,0.00,0.90,0.74,9.80,0.00,-0.00,0.00
50.59,85.92,-9.70,2.21,1.60,-0.04,-0.02,-0.00,0.91,0.74,9.81,-0.00,-0.00,0.00
50.60,85.92,-9.69,2.21,1.60,-0.04,-0.02,-0.00,0.91,0.74,9.82,-0.00,-0.00,0.00
50.62,85.92,-9.70,2.20,1.61,-0.04,-0.02,-0.00,0.91,0.73,9.82,-0.00,-0.00,-0.00
50.63,85.92,-9.72,2.19,1.60,-0.04,-0.02,-0.01,0.91,0.72,9.81,0.00,-0.00,-0.00
50.64,85.93,-9.70,2.19,1.58,-0.04,-0.02,-0.00,0.90,0.71,9.82,0.00,-0.00,0.00
50.65,85.93,-9.71,2.18,1.59,-0.04,-0.02,-0.00,0.90,0.71,9.81,0.00,-0.00,0.00
50.67,85.94,-9.71,2.18,1.59,-0.04,-0.02,-0.00,0.90,0.71,9.80,0.00,-0.00,0.01
50.69,85.94,-9.70,2.18,1.59,-0.04,-0.02,0.00,0.89,0.70,9.80,0.00,-0.00,0.01
50.70,85.94,-9.71,2.17,1.59,-0.04,-0.02,0.00,0.90,0.71,9.82,0.00,-0.00,0.01
50.72,85.94,-9.70,2.18,1.59,-0.04,-0.02,0.01,0.90,0.71,9.81,0.00,-0.00,0.01
50.74,85.94,-9.71,2.20,1.60,-0.04,-0.02,0.01,0.89,0.72,9.81,0.00,-0.00,0.01
50.75,85.94,-9.72,2.21,1.57,-0.04,-0.02,0.01,0.90,0.73,9.81,0.00,-0.00,0.01
50.76,85.94,-9.70,2.22,1.59,-0.04,-0.02,0.01,0.89,0.74,9.79,0.00,-0.00,0.01
50.78,85.92,-9.72,2.21,1.61,-0.04,-0.02,0.01,0.88,0.74,9.80,0.00,-0.00,0.01
50.82,85.90,-9.70,2.21,1.62,-0.04,-0.02,0.01,0.90,0.74,9.80,0.00,-0.00,0.01
50.84,85.90,-9.68,2.23,1.62,-0.04,-0.02,0.00,0.92,0.76,9.78,0.00,-0.00,0.01
50.86,85.90,-9.68,2.24,1.61,-0.04,-0.02,-0.00,0.92,0.77,9.79,-0.00,-0.00,0.00
50.87,85.90,-9.67,2.24,1.63,-0.04,-0.02,-0.00,0.92,0.76,9.79,-0.00,-0.00,0.00
50.88,85.90,-9.67,2.24,1.62,-0.04,-0.02,-0.01,0.91,0.77,9.79,-0.00,-0.00,-0.00
50.90,85.89,-9.67,2.24,1.62,-0.04,-0.02,-0.01,0.91,0.76,9.81,-0.00,-0.00,-0.00
50.91,85.89,-9.68,2.23,1.61,-0.04,-0.02,-0.01,0.91,0.76,9.81,-0.00,-0.00,-0.01
50.94,85.90,-9.69,2.25,1.58,-0.04,-0.01,-0.02,0.87,0.73,9.80,-0.01,-0.00,-0.01
50.95,85.91,-9.70,2.23,1.57,-0.04,-0.01,-0.03,0.86,0.73,9.82,-0.01,-0.00,-0.02
50.96,85.91,-9.71,2.20,1.56,-0.04,-0.01,-0.03,0.86,0.72,9.81,-0.00,-0.00,-0.02
50.98,85.91,-9.70,2.18,1.57,-0.04,-0.01,-0.02,0.86,0.70,9.81,-0.00,-0.00,-0.01
50.99,85.91,-9.73,2.17,1.59,-0.04,-0.01,-0.02,0.86,0.69,9.81,-0.00,-0.00,-0.01
51.00,85.91,-9.74,2.16,1.60,-0.04,-0.02,-0.01,0.88,0.67,9.80,-0.00,-0.00,-0.00
51.01,85.91,-9.73,2.14,1.60,-0.04,-0.02,-0.01,0.90,0.68,9.80,-0.00,0.00,-0.00
51.03,85.91,-9.72,2.15,1.60,-0.04,-0.02,0.01,0.89,0.69,9.79,-0.00,-0.00,0.01
51.05,85.91,-9.72,2.17,1.60,-0.04,-0.02,0.01,0.87,0.71,9.80,-0.00,-0.00,0.01
51.06,85.91,-9.72,2.19,1.59,-0.04,-0.02,0.01,0.88,0.73,9.80,0.00,-0.00,0.01
51.08,85.90,-9.71,2.23,1.58,-0.04,-0.02,0.01,0.89,0.75,9.79,0.00,-0.00,0.01
51.10,85.92,-9.72,2.24,1.57,-0.04,-0.02,0.01,0.90,0.76,9.81,0.00,-0.00,0.01
51.12,85.92,-9.70,2.23,1.58,-0.04,-0.02,0.01,0.90,0.75,9.81,0.00,-0.00,0.01
51.13,85.92,-9.72,2.23,1.58,-0.04,-0.02,0.01,0.89,0.73,9.81,0.00,-0.00,0.00
51.14,85.93,-9.70,2.22,1.57,-0.04,-0.02,0.01,0.89,0.72,9.81,0.00,-0.00,0.00
51.15,85.93,-9.70,2.21,1.57,-0.04,-0.02,0.00,0.89,0.71,9.79,0.00,-0.00,0.00
51.17,85.94,-9.71,2.22,1.59,-0.04,-0.02,0.01,0.89,0.72,9.80,0.00,-0.00,0.01
51.19,85.94,-9.71,2.22,1.60,-0.04,-0.02,0.00,0.89,0.71,9.79,0.00,-0.00,0.01
51.20,85.93,-9.69,2.22,1.62,-0.04,-0.02,0.01,0.90,0.72,9.79,-0.00,-0.00,0.01
51.21,85.92,-9.70,2.22,1.61,-0.04,-0.02,0.00,0.90,0.73,9.80,0.00,-0.00,0.01
51.22,85.92,-9.68,2.22,1.60,-0.04,-0.02,0.00,0.89,0.73,9.80,0.00,-0.00,0.01
51.24,85.92,-9.69,2.24,1.60,-0.04,-0.02,0.00,0.91,0.75,9.78,0.00,-0.00,0.00
51.26,85.92,-9.70,2.24,1.61,-0.04,-0.02,-0.00,0.92,0.76,9.79,-0.00,-0.00,0.00
51.27,85.93,-9.69,2.25,1.61,-0.04,-0.02,-0.01,0.92,0.76,9.79,-0.00,-0.00,-0.00
51.28,85.93,-9.68,2.24,1.61,-0.04,-0.02,-0.01,0.91,0.76,9.80,-0.00,-0.00,-0.01
51.30,85.93,-9.69,2.24,1.60,-0.04,-0.02,-0.01,0.90,0.74,9.81,-0.00,-0.00,-0.01
51.31,85.93,-9.69,2.24,1.59,-0.04,-0.02,-0.02,0.89,0.75,9.80,-0.00,-0.00,-0.01
51.32,85.93,-9.70,2.24,1.60,-0.04,-0.02,-0.02,0.89,0.74,9.81,-0.00,-0.00,-0.01
51.33,85.94,-9.70,2.23,1.60,-0.04,-0.02,-0.02,0.90,0.74,9.81,-0.00,-0.00,-0.01
51.35,85.93,-9.69,2.23,1.61,-0.04,-0.02,-0.02,0.89,0.72,9.81,-0.00,-0.00,-0.01
51.37,85.94,-9.69,2.22,1.60,-0.04,-0.02,-0.02,0.91,0.73,9.81,-0.00,-0.00,-0.01
51.39,85.94,-9.69,2.22,1.60,-0.04,-0.02,-0.02,0.90,0.73,9.81,-0.00,-0.00,-0.01
51.40,85.94,-9.70,2.22,1.60,-0.04,-0.02,-0.02,0.90,0.73,9.81,-0.00,-0.00,-0.01
51.41,85.94,-9.70,2.22,1.60,-0.04,-0.01,-0.02,0.90,0.74,9.81,-0.00,-0.00,-0.01
51.42,85.94,-9.70,2.22,1.60,-0.04,-0.01,-0.02,0.89,0.73,9.80,-0.01,-0.00,-0.01
51.44,85.95,-9.70,2.21,1.59,-0.04,-0.01,-0.02,0.89,0.72,9.81,-0.00,-0.00,-0.01
51.46,85.95,-9.72,2.21,1.58,-0.04,-0.01,-0.02,0.89,0.72,9.80,-0.00,-0.00,-0.01
51.47,85.96,-9.72,2.19,1.59,-0.04,-0.01,-0.02,0.89,0.71,9.80,-0.00,-0.00,-0.01
51.49,85.96,-9.71,2.18,1.59,-0.04,-0.01,-0.02,0.90,0.70,9.81,-0.00,-0.00,-0.01
51.50,85.97,-9.73,2.17,1.59,-0.04,-0.01,-0.02,0.91,0.70,9.81,-0.00,-0.00,-0.01
51.51,85.97,-9.72,2.14,1.60,-0.04,-0.01,-0.02,0.91,0.70,9.80,-0.00,-0.00,-0.00
51.53,85.97,-9.73,2.14,1.60,-0.04,-0.02,-0.01,0.90,0.70,9.81,-0.00,-0.00,-0.00
51.54,85.97,-9.73,2.16,1.58,-0.04,-0.02,-0.00,0.89,0.70,9.81,-0.00,-0.00,0.00
51.55,85.97,-9.73,2.16,1.56,-0.04,-0.02,0.00,0.87,0.70,9.81,-0.00,-0.00,0.00
51.56,85.97,-9.75,2.17,1.56,-0.04,-0.02,0.00,0.85,0.70,9.81,-0.00,-0.00,0.01
51.58,85.98,-9.74,2.19,1.54,-0.04,-0.02,0.01,0.84,0.70,9.81,0.00,-0.00,0.01
51.59,85.97,-9.71,2.20,1.55,-0.04,-0.02,0.01,0.84,0.71,9.80,0.00,-0.00,0.01
51.61,85.96,-9.70,2.22,1.58,-0.04,-0.02,0.01,0.86,0.72,9.79,0.00,-0.00,0.01
51.62,85.95,-9.70,2.23,1.59,-0.04,-0.02,0.01,0.89,0.73,9.79,0.00,-0.00,0.01
51.63,85.95,-9.70,2.23,1.59,-0.04,-0.02,0.01,0.90,0.74,9.79,0.00,-0.00,0.01
51.65,85.95,-9.68,2.24,1.61,-0.05,-0.02,0.01,0.93,0.76,9.78,0.00,-0.00,0.01
51.66,85.96,-9.67,2.24,1.63,-0.05,-0.02,-0.00,0.95,0.79,9.78,-0.00,-0.00,0.01
51.67,85.96,-9.68,2.24,1.63,-0.04,-0.02,-0.01,0.96,0.80,9.77,-0.00,-0.00,-0.00
51.68,85.97,-9.68,2.25,1.64,-0.04,-0.02,-0.02,0.98,0.79,9.77,-0.00,-0.00,-0.01
51.70,85.98,-9.69,2.23,1.63,-0.04,-0.02,-0.03,0.94,0.78,9.79,-0.01,-0.00,-0.01
51.71,85.98,-9.72,2.22,1.61,-0.04,-0.02,-0.03,0.92,0.75,9.80,-0.01,-0.00,-0.02
51.72,85.99,-9.74,2.16,1.57,-0.04,-0.02,-0.03,0.87,0.69,9.81,-0.00,-0.01,-0.02
51.74,85.99,-9.74,2.13,1.56,-0.04,-0.02,-0.02,0.84,0.65,9.80,-0.00,-0.00,-0.01
51.75,85.97,-9.76,2.09,1.54,-0.04,-0.02,-0.01,0.82,0.61,9.81,0.00,-0.00,-0.00
51.76,85.97,-9.75,2.07,1.53,-0.04,-0.02,0.00,0.82,0.59,9.80,0.00,-0.00,0.00
51.77,85.96,-9.76,2.07,1.54,-0.04,-0.02,0.02,0.83,0.59,9.80,0.01,-0.00,0.01
51.79,85.96,-9.75,2.08,1.54,-0.04,-0.03,0.03,0.84,0.59,9.81,0.01,-0.00,0.02
51.80,85.94,-9.73,2.12,1.58,-0.04,-0.03,0.05,0.89,0.66,9.79,0.01,-0.00,0.04
51.82,85.93,-9.71,2.17,1.61,-0.04,-0.03,0.06,0.90,0.71,9.80,0.01,-0.00,0.04
51.83,85.92,-9.72,2.21,1.62,-0.04,-0.03,0.06,0.91,0.74,9.80,0.01,-0.00,0.04
51.85,85.90,-9.70,2.25,1.63,-0.04,-0.03,0.06,0.91,0.78,9.80,0.01,-0.00,0.04
51.86,85.89,-9.66,2.31,1.61,-0.03,-0.03,0.05,0.91,0.81,9.79,0.01,-0.00,0.04
51.87,85.88,-9.66,2.33,1.61,-0.03,-0.03,0.04,0.91,0.82,9.78,0.01,-0.00,0.03
51.88,85.88,-9.64,2.34,1.61,-0.03,-0.03,0.04,0.92,0.82,9.78,0.01,-0.00,0.02
51.91,85.87,-9.64,2.34,1.62,-0.04,-0.03,0.01,0.94,0.81,9.78,0.00,-0.00,0.01
51.92,85.87,-9.66,2.33,1.62,-0.04,-0.03,0.00,0.93,0.79,9.78,0.00,-0.00,0.00
51.93,85.87,-9.66,2.30,1.61,-0.04,-0.02,-0.01,0.93,0.78,9.79,0.00,-0.00,-0.00
51.94,85.87,-9.66,2.29,1.61,-0.04,-0.02,-0.01,0.91,0.76,9.78,0.00,-0.00,-0.00
51.95,85.87,-9.65,2.31,1.62,-0.04,-0.02,-0.02,0.90,0.76,9.76,-0.00,-0.00,-0.00
51.97,85.86,-9.64,2.33,1.63,-0.05,-0.02,-0.02,0.89,0.76,9.77,-0.00,-0.00,-0.00
51.98,85.84,-9.65,2.33,1.66,-0.05,-0.02,-0.03,0.89,0.76,9.79,-0.01,-0.00,-0.00
52.00,85.83,-9.68,2.31,1.63,-0.05,-0.01,-0.04,0.90,0.79,9.83,-0.01,-0.00,-0.01
52.01,85.83,-9.69,2.25,1.61,-0.05,-0.01,-0.04,0.89,0.78,9.83,-0.01,0.00,-0.02
52.02,85.83,-9.71,2.20,1.59,-0.04,-0.01,-0.04,0.87,0.75,9.82,-0.01,0.00,-0.02
52.03,85.84,-9.73,2.17,1.56,-0.04,-0.01,-0.03,0.88,0.71,9.79,-0.00,0.00,-0.01
52.04,85.86,-9.74,2.19,1.56,-0.04,-0.01,-0.03,0.89,0.69,9.78,0.00,-0.00,-0.01
52.05,85.88,-9.72,2.20,1.57,-0.04,-0.02,-0.03,0.88,0.67,9.78,0.00,-0.00,-0.01
52.07,85.88,-9.69,2.20,1.58,-0.04,-0.02,-0.02,0.89,0.69,9.79,-0.00,-0.00,-0.00
52.08,85.88,-9.70,2.20,1.62,-0.04,-0.02,-0.01,0.89,0.71,9.80,-0.00,-0.00,-0.00
52.10,85.87,-9.70,2.19,1.65,-0.04,-0.02,-0.01,0.93,0.73,9.82,-0.00,-0.00,0.00
52.11,85.87,-9.70,2.20,1.63,-0.04,-0.02,-0.01,0.94,0.74,9.82,-0.00,-0.00,-0.00
52.13,85.88,-9.72,2.20,1.64,-0.04,-0.01,-0.01,0.95,0.75,9.80,-0.00,-0.00,-0.01
52.15,85.90,-9.72,2.20,1.61,-0.04,-0.01,-0.01,0.93,0.75,9.79,-0.00,-0.00,-0.01
52.16,85.92,-9.72,2.20,1.59,-0.03,-0.01,-0.01,0.90,0.74,9.78,-0.00,-0.00,-0.01
52.17,85.94,-9.71,2.21,1.57,-0.03,-0.02,-0.01,0.87,0.71,9.79,-0.00,-0.00,-0.01
52.20,85.94,-9.70,2.20,1.56,-0.03,-0.02,-0.01,0.86,0.70,9.81,0.00,-0.00,-0.01
52.21,85.94,-9.71,2.20,1.58,-0.04,-0.02,-0.00,0.84,0.69,9.81,0.00,-0.00,-0.00
52.22,85.92,-9.72,2.20,1.58,-0.04,-0.02,-0.00,0.84,0.68,9.82,-0.00,-0.00,0.00
52.23,85.92,-9.71,2.19,1.58,-0.04,-0.02,0.00,0.85,0.68,9.83,-0.00,-0.00,0.01
52.24,85.91,-9.71,2.21,1.58,-0.04,-0.02,0.01,0.86,0.69,9.83,-0.00,-0.00,0.01
52.26,85.90,-9.70,2.23,1.58,-0.04,-0.02,0.01,0.87,0.72,9.81,0.00,-0.00,0.01
52.27,85.89,-9.69,2.24,1.58,-0.04,-0.02,0.01,0.87,0.74,9.81,0.00,-0.00,0.02
52.29,85.89,-9.70,2.25,1.61,-0.05,-0.02,0.01,0.89,0.77,9.80,0.00,-0.00,0.01
52.30,85.88,-9.70,2.26,1.61,-0.05,-0.02,0.00,0.90,0.78,9.80,0.00,0.00,0.01
52.31,85.88,-9.69,2.25,1.61,-0.05,-0.02,-0.00,0.92,0.79,9.80,-0.00,0.00,0.01
52.33,85.88,-9.70,2.24,1.62,-0.04,-0.02,-0.00,0.92,0.77,9.79,0.00,-0.00,0.00
52.34,85.89,-9.70,2.23,1.62,-0.04,-0.02,-0.01,0.93,0.75,9.80,0.00,-0.00,-0.00
52.35,85.89,-9.70,2.20,1.62,-0.04,-0.02,-0.00,0.94,0.72,9.80,-0.00,-0.00,-0.00
52.37,85.90,-9.72,2.19,1.61,-0.04,-0.02,-0.00,0.92,0.72,9.79,-0.00,-0.00,-0.00
52.38,85.90,-9.71,2.18,1.59,-0.04,-0.02,-0.00,0.90,0.70,9.78,-0.00,-0.00,-0.00
52.40,85.91,-9.72,2.20,1.58,-0.04,-0.02,0.00,0.89,0.70,9.78,-0.00,-0.00,-0.00
52.41,85.92,-9.71,2.22,1.60,-0.04,-0.02,0.01,0.89,0.72,9.78,-0.00,-0.00,0.00
52.43,85.92,-9.70,2.23,1.60,-0.04,-0.02,0.01,0.91,0.74,9.79,-0.00,-0.00,0.00
52.44,85.92,-9.69,2.25,1.61,-0.04,-0.02,0.01,0.91,0.76,9.79,-0.00,-0.00,0.00
52.45,85.93,-9.68,2.28,1.62,-0.04,-0.02,-0.00,0.92,0.78,9.79,-0.00,-0.00,-0.00
52.47,85.93,-9.67,2.29,1.62,-0.04,-0.02,-0.01,0.93,0.78,9.78,-0.00,-0.00,-0.00
52.48,85.93,-9.65,2.29,1.63,-0.04,-0.02,-0.01,0.94,0.80,9.77,-0.00,-0.00,-0.01
52.49,85.94,-9.67,2.30,1.63,-0.04,-0.01,-0.02,0.92,0.79,9.78,-0.01,-0.00,-0.02
52.51,85.94,-9.66,2.29,1.62,-0.04,-0.01,-0.04,0.92,0.78,9.79,-0.01,-0.00,-0.02
52.53,85.94,-9.66,2.26,1.62,-0.04,-0.01,-0.04,0.91,0.77,9.81,-0.01,-0.00,-0.03
52.54,85.94,-9.68,2.26,1.61,-0.04,-0.01,-0.05,0.89,0.76,9.80,-0.01,-0.00,-0.03
52.56,85.93,-9.69,2.22,1.58,-0.04,-0.01,-0.05,0.86,0.72,9.81,-0.01,-0.00,-0.03
52.58,85.92,-9.72,2.19,1.58,-0.04,-0.01,-0.05,0.83,0.71,9.81,-0.01,-0.00,-0.02
52.59,85.93,-9.71,2.19,1.57,-0.04,-0.01,-0.04,0.85,0.71,9.80,-0.01,-0.00,-0.01
52.61,85.92,-9.70,2.18,1.56,-0.04,-0.01,-0.04,0.85,0.71,9.80,-0.01,-0.00,-0.01
52.62,85.93,-9.71,2.17,1.58,-0.04,-0.01,-0.03,0.89,0.71,9.81,-0.01,-0.00,-0.00
52.63,85.96,-9.75,2.10,1.60,-0.04,-0.01,-0.03,0.94,0.68,9.82,-0.01,-0.00,-0.01
52.65,85.97,-9.74,2.08,1.59,-0.04,-0.01,-0.03,0.94,0.67,9.84,-0.01,-0.00,-0.01
52.67,85.98,-9.76,2.05,1.60,-0.04,-0.01,-0.02,0.91,0.64,9.83,-0.00,-0.00,-0.01
52.68,85.98,-9.75,2.04,1.59,-0.04,-0.01,-0.02,0.91,0.63,9.83,-0.00,-0.00,-0.01
52.69,85.99,-9.76,2.05,1.57,-0.04,-0.02,-0.01,0.91,0.63,9.82,-0.00,-0.00,-0.01
52.71,86.00,-9.77,2.05,1.57,-0.03,-0.02,-0.00,0.88,0.62,9.82,-0.00,-0.00,-0.00
52.73,86.00,-9.78,2.07,1.53,-0.03,-0.02,0.01,0.84,0.60,9.82,0.00,-0.00,0.01
52.74,86.00,-9.76,2.07,1.54,-0.03,-0.02,0.03,0.83,0.60,9.82,0.00,-0.00,0.02
52.76,85.99,-9.76,2.11,1.53,-0.04,-0.03,0.04,0.84,0.64,9.81,0.01,-0.00,0.03
52.77,85.99,-9.75,2.15,1.55,-0.04,-0.03,0.05,0.87,0.68,9.81,0.01,0.00,0.03
52.78,85.98,-9.72,2.21,1.59,-0.04,-0.03,0.06,0.90,0.72,9.80,0.01,0.00,0.04
52.80,85.97,-9.68,2.27,1.62,-0.04,-0.03,0.05,0.93,0.76,9.79,0.01,0.00,0.03
52.82,85.96,-9.65,2.32,1.62,-0.04,-0.03,0.04,0.95,0.81,9.79,0.01,-0.00,0.03
52.83,85.96,-9.63,2.35,1.61,-0.04,-0.02,0.02,0.93,0.83,9.78,0.00,-0.00,0.02
52.85,85.95,-9.65,2.35,1.62,-0.04,-0.02,-0.01,0.93,0.83,9.79,-0.00,-0.00,-0.00
52.86,85.96,-9.65,2.34,1.61,-0.04,-0.01,-0.02,0.92,0.82,9.79,-0.00,-0.00,-0.01
52.88,85.96,-9.66,2.29,1.61,-0.04,-0.01,-0.04,0.92,0.79,9.80,-0.01,-0.00,-0.02
52.89,85.97,-9.69,2.21,1.60,-0.04,-0.01,-0.04,0.91,0.74,9.79,-0.01,-0.00,-0.03
52.91,85.99,-9.71,2.19,1.58,-0.04,-0.01,-0.04,0.90,0.71,9.80,-0.01,-0.00,-0.03
52.92,86.00,-9.72,2.17,1.56,-0.04,-0.01,-0.03,0.88,0.67,9.81,-0.01,-0.00,-0.02
52.95,86.00,-9.74,2.16,1.56,-0.04,-0.01,-0.03,0.86,0.66,9.80,-0.01,-0.00,-0.01
52.96,86.00,-9.73,2.15,1.55,-0.04,-0.01,-0.02,0.86,0.66,9.79,-0.01,-0.00,-0.01
52.97,86.01,-9.73,2.16,1.54,-0.04,-0.01,-0.02,0.87,0.67,9.80,-0.00,-0.00,-0.01
52.98,86.02,-9.72,2.16,1.55,-0.04,-0.01,-0.01,0.88,0.69,9.81,-0.00,-0.00,-0.00
52.99,86.03,-9.73,2.16,1.56,-0.04,-0.02,-0.01,0.88,0.70,9.81,-0.00,-0.00,0.00
53.00,86.04,-9.72,2.17,1.55,-0.04,-0.02,-0.00,0.89,0.71,9.81,-0.00,-0.00,0.00
53.01,86.04,-9.73,2.18,1.57,-0.04,-0.02,0.00,0.89,0.72,9.81,-0.00,-0.00,0.01
53.02,86.04,-9.72,2.19,1.57,-0.04,-0.02,0.00,0.90,0.72,9.80,0.00,-0.00,0.01
53.04,86.05,-9.71,2.20,1.59,-0.04,-0.02,0.00,0.90,0.73,9.79,0.00,-0.00,0.01
53.06,86.04,-9.70,2.21,1.60,-0.04,-0.02,0.01,0.90,0.73,9.79,0.00,-0.00,0.01
53.07,86.04,-9.71,2.22,1.59,-0.04,-0.02,0.00,0.89,0.72,9.80,0.00,-0.00,0.01
53.08,86.03,-9.70,2.21,1.59,-0.04,-0.02,0.00,0.89,0.73,9.80,-0.00,-0.00,0.01
53.09,86.03,-9.71,2.21,1.59,-0.04,-0.02,0.00,0.90,0.72,9.80,0.00,0.00,0.01
53.10,86.01,-9.70,2.20,1.61,-0.04,-0.02,0.00,0.91,0.73,9.80,0.00,0.00,0.01
53.13,86.02,-9.70,2.20,1.63,-0.04,-0.02,-0.00,0.94,0.72,9.80,0.00,0.00,0.01
53.14,86.02,-9.69,2.19,1.65,-0.04,-0.01,-0.00,0.98,0.70,9.79,0.00,0.00,0.02
53.17,86.06,-9.67,2.18,1.67,-0.04,-0.01,-0.01,1.02,0.70,9.78,0.00,0.00,0.02
53.18,86.07,-9.65,2.13,1.70,-0.03,0.00,-0.01,1.08,0.69,9.75,0.00,0.00,0.02
53.20,86.11,-9.66,2.10,1.71,-0.02,0.01,-0.01,1.11,0.67,9.76,0.00,0.00,0.02
53.21,86.13,-9.66,2.10,1.70,-0.02,0.01,-0.02,1.10,0.66,9.77,0.00,0.00,0.02
53.24,86.17,-9.66,2.16,1.65,-0.01,0.02,-0.01,0.94,0.65,9.80,-0.01,0.00,0.04
53.26,86.17,-9.69,2.18,1.59,-0.02,0.03,0.01,0.82,0.65,9.88,-0.00,0.01,0.06
53.29,86.21,-9.73,2.21,1.49,-0.04,0.04,0.01,0.88,0.65,9.84,0.00,0.01,0.07
53.30,86.38,-9.81,2.23,1.46,-0.07,0.03,0.02,1.09,0.68,9.72,0.01,0.01,0.06
53.33,86.59,-9.77,2.21,1.56,-0.10,0.02,0.02,1.18,0.65,9.69,0.02,-0.00,0.05
53.34,86.71,-9.67,2.25,1.64,-0.12,0.01,0.02,1.16,0.70,9.71,0.02,-0.01,0.04
53.36,86.75,-9.65,2.29,1.65,-0.12,0.01,0.01,1.08,0.76,9.74,0.02,-0.01,0.03
53.37,86.75,-9.64,2.29,1.65,-0.13,0.01,0.01,1.02,0.80,9.76,0.02,-0.02,0.03
53.38,86.76,-9.61,2.25,1.63,-0.13,0.02,0.01,1.00,0.81,9.78,0.02,-0.02,0.03
53.40,86.79,-9.60,2.24,1.59,-0.13,0.03,0.01,1.02,0.82,9.78,0.02,-0.02,0.04
53.41,86.86,-9.64,2.26,1.55,-0.13,0.03,0.00,1.08,0.81,9.78,0.01,-0.02,0.03
53.42,86.94,-9.69,2.29,1.53,-0.13,0.03,-0.00,1.11,0.79,9.80,0.01,-0.02,0.02
53.44,87.09,-9.73,2.34,1.52,-0.14,0.03,-0.02,1.11,0.77,9.80,0.01,-0.02,0.01
53.45,87.17,-9.70,2.37,1.55,-0.16,0.03,-0.03,1.11,0.78,9.79,-0.00,-0.02,0.00
53.47,87.22,-9.68,2.37,1.58,-0.17,0.03,-0.04,1.11,0.80,9.78,-0.01,-0.02,-0.00
53.48,87.29,-9.62,2.39,1.66,-0.19,0.04,-0.06,1.16,0.83,9.80,-0.01,-0.02,-0.00
53.50,87.32,-9.62,2.41,1.68,-0.19,0.04,-0.07,1.23,0.87,9.82,-0.02,-0.01,-0.00
53.51,87.39,-9.66,2.43,1.73,-0.18,0.04,-0.09,1.41,0.96,9.81,-0.02,-0.02,-0.07
53.53,87.88,-9.80,2.24,1.64,-0.10,0.03,-0.17,1.65,1.38,9.71,-0.11,-0.05,-0.23
53.55,88.06,-9.76,2.20,1.58,-0.06,0.02,-0.20,1.42,1.36,9.78,-0.17,-0.07,-0.36
53.56,88.15,-9.74,2.20,1.55,-0.02,0.02,-0.21,1.22,1.29,9.82,-0.19,-0.09,-0.45
53.57,88.22,-9.69,2.19,1.54,0.01,0.01,-0.23,1.08,1.11,9.82,-0.19,-0.11,-0.47
53.59,88.35,-9.81,2.04,1.40,0.04,-0.03,-0.24,0.91,0.88,9.71,-0.15,-0.16,-0.43
53.61,88.38,-9.79,2.01,1.41,0.05,-0.06,-0.23,0.79,0.65,9.71,-0.14,-0.20,-0.39
53.63,88.35,-9.77,2.02,1.35,0.06,-0.08,-0.23,0.62,0.43,9.76,-0.14,-0.21,-0.37
53.64,88.28,-9.68,2.07,1.10,0.04,-0.08,-0.23,0.35,0.33,9.67,-0.16,-0.22,-0.35
53.66,88.24,-9.60,2.11,0.80,0.01,-0.09,-0.23,0.09,0.27,9.49,-0.17,-0.23,-0.33
53.67,88.31,-9.55,2.21,0.32,-0.05,-0.13,-0.23,-0.19,0.21,9.27,-0.17,-0.27,-0.27
53.69,88.13,-9.62,2.31,-0.09,-0.12,-0.18,-0.21,-0.69,0.07,9.08,-0.19,-0.31,-0.22
53.70,88.17,-9.43,2.28,-0.66,-0.28,-0.25,-0.11,-1.36,0.18,9.33,-0.25,-0.41,-0.12
53.73,88.07,-10.59,1.89,-0.58,-0.10,-0.20,-0.07,-1.70,0.61,9.86,-0.32,-0.38,0.04
53.75,88.05,-11.62,1.67,-0.34,0.10,-0.23,-0.03,-1.79,0.68,10.07,-0.34,-0.36,0.13
53.76,87.57,-12.29,1.89,0.20,0.26,-0.32,0.12,-1.54,0.91,10.27,-0.32,-0.27,0.49
53.77,87.10,-11.09,1.90,0.35,0.34,-0.46,0.30,-0.62,0.33,10.17,-0.23,-0.24,0.65
53.78,86.95,-9.77,1.43,0.43,0.37,-0.52,0.35,0.38,-0.46,9.97,-0.10,-0.21,0.84
53.80,87.12,-9.42,1.31,0.75,0.32,-0.57,0.18,1.57,-1.35,9.64,-0.03,-0.21,0.89
53.81,87.24,-10.05,1.36,1.09,0.17,-0.68,-0.09,2.06,-1.69,9.47,0.01,-0.23,0.79
53.83,87.49,-10.10,1.43,1.29,0.05,-0.80,-0.26,1.89,-1.37,9.49,-0.05,-0.31,0.58
53.84,87.40,-9.81,1.71,1.32,-0.09,-0.92,-0.46,1.45,-0.51,9.76,-0.17,-0.42,0.42
53.86,87.02,-9.99,1.87,1.67,-0.21,-1.02,-0.62,1.35,-0.15,9.87,-0.20,-0.48,0.40
53.87,86.69,-10.11,1.96,2.10,-0.28,-1.09,-0.73,1.55,0.25,9.97,-0.19,-0.52,0.42
53.88,86.58,-10.19,2.02,2.42,-0.30,-1.13,-0.78,2.00,0.55,9.98,-0.14,-0.54,0.42
53.89,86.11,-10.26,2.10,2.78,-0.30,-1.18,-0.82,2.33,0.73,9.93,-0.10,-0.56,0.36
53.90,85.90,-10.29,2.06,2.98,-0.29,-1.22,-0.83,2.56,0.89,9.88,-0.08,-0.57,0.30
53.91,84.10,-10.06,1.84,3.30,-0.24,-1.34,-0.83,2.65,0.93,9.87,-0.08,-0.59,0.24
53.96,82.68,-9.68,1.55,3.47,-0.21,-1.42,-0.87,2.68,0.90,9.86,-0.08,-0.61,0.12
54.00,81.12,-9.53,1.31,3.66,-0.19,-1.50,-0.92,2.61,0.78,9.84,-0.08,-0.65,0.08
54.02,80.70,-9.50,1.13,3.85,-0.20,-1.56,-0.98,2.41,0.57,9.72,-0.08,-0.68,0.09
54.03,79.33,-9.57,0.92,4.11,-0.24,-1.63,-1.02,2.45,0.34,9.53,-0.07,-0.69,0.12
54.05,78.81,-9.47,0.71,4.32,-0.25,-1.67,-1.03,2.75,0.22,9.54,-0.07,-0.68,0.11
54.06,78.28,-9.26,0.55,4.50,-0.25,-1.71,-1.05,2.92,0.13,9.55,-0.06,-0.66,0.06
54.07,77.88,-9.05,0.52,4.56,-0.24,-1.75,-1.07,3.19,0.18,9.54,-0.06,-0.64,0.01
54.08,77.21,-8.72,0.50,4.59,-0.23,-1.83,-1.12,3.44,0.22,9.59,-0.05,-0.60,-0.08
54.09,76.47,-8.59,0.42,4.63,-0.22,-1.91,-1.17,3.60,0.25,9.63,-0.04,-0.58,-0.13
54.10,75.56,-8.50,-0.02,4.97,-0.19,-2.08,-1.22,3.78,0.31,9.56,-0.03,-0.53,-0.22
54.13,73.57,-8.23,-0.47,5.67,-0.12,-2.25,-1.20,3.80,0.42,9.35,-0.04,-0.51,-0.27
54.14,72.43,-7.89,-0.72,6.19,-0.08,-2.31,-1.14,3.70,0.47,9.18,-0.06,-0.49,-0.29
54.15,70.74,-7.45,-1.05,6.82,-0.04,-2.32,-1.09,3.57,0.38,9.19,-0.08,-0.48,-0.28
54.16,68.89,-7.18,-1.48,7.21,0.00,-2.30,-1.04,3.42,0.25,9.29,-0.09,-0.46,-0.25
54.18,67.04,-6.91,-1.67,7.54,0.04,-2.26,-0.98,3.32,0.14,9.35,-0.09,-0.43,-0.19
54.19,65.92,-6.77,-1.75,7.71,0.05,-2.21,-0.96,3.31,0.08,9.37,-0.09,-0.42,-0.16
54.20,64.89,-6.64,-1.81,7.90,0.06,-2.15,-0.91,3.38,-0.04,9.34,-0.09,-0.38,-0.11
54.22,62.02,-6.30,-1.88,8.52,0.13,-2.02,-0.80,3.70,-0.33,9.36,-0.09,-0.35,-0.10
54.23,60.82,-6.05,-1.73,8.59,0.19,-1.95,-0.75,3.90,-0.46,9.41,-0.08,-0.33,-0.11
54.25,59.88,-5.84,-1.56,8.49,0.23,-1.91,-0.75,3.99,-0.53,9.45,-0.07,-0.31,-0.14
54.27,58.71,-5.62,-1.46,8.25,0.28,-1.88,-0.76,4.08,-0.58,9.49,-0.05,-0.26,-0.20
54.29,56.83,-5.29,-1.41,7.76,0.34,-1.85,-0.79,4.11,-0.41,9.42,-0.01,-0.23,-0.29
54.31,55.21,-5.33,-1.53,7.52,0.31,-1.85,-0.77,4.11,-0.07,9.21,-0.01,-0.19,-0.35
54.32,54.19,-5.42,-1.63,7.51,0.22,-1.82,-0.63,4.00,0.16,8.98,-0.04,-0.16,-0.38
54.33,53.04,-5.43,-2.00,7.55,0.11,-1.82,-0.45,3.89,0.15,8.96,-0.06,-0.13,-0.38
54.35,51.71,-5.31,-2.13,7.65,-0.01,-1.86,-0.20,3.85,0.10,9.00,-0.06,-0.12,-0.37
54.36,50.34,-4.65,-2.03,7.82,-0.16,-1.85,0.04,3.60,-0.03,9.16,-0.04,-0.11,-0.35
54.38,48.91,-4.02,-1.96,7.94,-0.25,-1.82,0.17,3.29,-0.25,9.28,-0.01,-0.12,-0.29
54.39,47.06,-3.45,-1.85,8.19,-0.34,-1.78,0.28,2.82,-0.65,9.31,0.06,-0.12,-0.02
54.42,44.96,-2.87,-1.83,8.79,-0.42,-1.70,0.36,2.64,-0.88,9.12,0.11,-0.11,0.16
54.43,42.91,-2.42,-1.83,9.22,-0.43,-1.66,0.37,2.72,-0.81,8.94,0.12,-0.09,0.33
54.44,40.78,-2.07,-2.02,9.56,-0.41,-1.62,0.39,2.99,-0.55,8.88,0.11,-0.06,0.52
54.46,38.16,-2.03,-2.42,9.62,-0.37,-1.61,0.43,3.46,-0.13,9.01,0.10,-0.05,0.60
54.47,36.99,-2.29,-2.57,9.36,-0.36,-1.59,0.49,3.94,0.15,9.16,0.09,-0.06,0.63
54.48,35.88,-2.64,-2.65,9.05,-0.36,-1.58,0.57,4.37,0.29,9.18,0.11,-0.05,0.63
54.50,35.22,-3.07,-2.51,8.72,-0.38,-1.55,0.68,4.73,0.01,9.21,0.13,-0.03,0.59
54.52,34.73,-3.13,-2.47,8.65,-0.39,-1.53,0.79,4.58,-0.14,9.22,0.15,-0.02,0.54
54.53,33.97,-2.74,-2.33,8.73,-0.39,-1.48,0.92,4.11,-0.30,9.27,0.17,-0.01,0.53
54.55,33.27,-2.34,-2.21,8.80,-0.39,-1.45,0.95,3.57,-0.41,9.34,0.19,-0.01,0.56
54.56,31.95,-1.83,-2.10,8.97,-0.37,-1.42,0.91,2.87,-0.43,9.48,0.21,-0.02,0.62
54.57,29.63,-1.10,-1.97,9.27,-0.29,-1.41,0.69,2.67,-0.37,9.56,0.27,-0.06,0.71
54.60,26.94,-0.70,-1.75,9.39,-0.16,-1.37,0.30,3.40,-0.09,9.26,0.31,-0.11,0.57
54.62,26.09,-0.83,-1.64,9.35,-0.10,-1.35,0.11,3.62,0.12,9.13,0.28,-0.15,0.36
54.63,25.29,-1.25,-1.53,9.19,-0.02,-1.29,-0.19,3.61,0.41,9.10,0.17,-0.23,0.01
54.65,24.85,-1.82,-1.44,9.02,0.04,-1.22,-0.43,2.90,0.38,9.17,0.10,-0.30,-0.22
54.66,24.61,-2.21,-1.39,8.93,0.06,-1.16,-0.55,2.32,0.28,9.22,0.07,-0.36,-0.31
54.68,24.34,-2.57,-1.34,8.84,0.08,-1.10,-0.64,1.83,0.20,9.25,0.07,-0.40,-0.35
54.69,23.49,-3.08,-1.61,9.18,0.06,-0.84,-0.64,0.25,0.06,9.51,0.14,-0.63,-0.23
54.74,22.71,-2.56,-1.70,9.35,0.04,-0.79,-0.51,0.86,0.32,9.75,0.18,-0.88,-0.20
54.75,22.72,-2.10,-1.75,9.38,0.01,-0.79,-0.48,1.60,0.32,9.84,0.17,-1.04,-0.19
54.76,22.74,-1.59,-1.70,9.60,-0.02,-0.80,-0.49,1.98,0.21,9.83,0.16,-1.13,-0.17
54.78,22.77,-0.58,-2.45,10.39,-0.04,-0.85,-0.70,2.98,0.03,9.82,0.16,-1.20,-0.20
54.80,23.36,-0.91,-3.79,12.28,0.06,-0.89,-0.95,5.08,-0.20,10.46,0.17,-1.21,-0.30
54.81,24.25,-1.98,-3.58,12.22,0.21,-0.88,-1.02,4.75,0.13,11.50,0.20,-1.20,-0.43
54.83,25.29,-4.01,-2.62,11.34,0.37,-0.79,-1.02,1.84,0.54,12.08,0.29,-1.24,-0.48
54.84,25.50,-5.48,-2.01,11.11,0.49,-0.50,-0.84,-1.99,1.28,12.33,0.31,-1.46,-0.52
54.86,25.65,-6.10,-1.47,11.20,0.57,-0.09,-0.65,-4.44,1.77,12.89,0.28,-1.61,-0.54
54.89,25.54,-6.60,-1.25,11.04,0.59,0.22,-0.53,-5.05,1.56,13.39,0.25,-1.71,-0.54
54.90,26.30,-7.27,-1.08,10.46,0.57,0.62,-0.33,-5.22,1.17,14.02,0.23,-1.86,-0.56
54.91,27.87,-7.68,-1.10,9.72,0.50,0.99,-0.10,-4.88,0.76,14.28,0.24,-2.00,-0.54
54.92,29.93,-7.78,-1.45,9.06,0.36,1.41,0.25,-4.30,1.27,14.06,0.20,-2.12,-0.48
54.93,32.09,-7.46,-1.70,8.97,0.25,1.72,0.57,-3.41,0.71,13.74,0.23,-2.15,0.31
54.96,39.00,-5.62,-1.64,11.96,0.01,2.48,1.27,4.30,-0.93,14.05,0.28,-1.69,0.96
54.98,47.12,-3.96,-2.59,16.67,0.19,2.74,1.38,10.92,-0.26,12.66,0.41,-1.05,0.68
55.01,49.82,-2.09,-2.76,16.78,0.29,2.70,1.23,12.03,-0.01,11.54,0.31,-0.77,0.22
55.02,52.48,0.02,-2.62,15.76,0.37,2.72,0.85,11.76,0.42,9.58,0.13,-0.23,-0.21
55.03,53.71,1.04,-2.28,14.52,0.39,2.76,0.50,11.02,0.57,8.47,0.03,0.26,-0.53
55.05,55.41,1.31,-1.70,12.73,0.34,2.85,0.06,9.86,0.46,6.54,-0.04,1.00,-0.58
55.06,56.32,1.14,-1.36,11.87,0.23,2.91,-0.12,9.68,0.40,5.47,-0.05,1.37,-0.58
55.08,57.20,0.81,-1.30,11.24,0.09,2.96,-0.19,9.76,0.35,4.66,-0.08,2.00,-0.64
55.10,58.13,0.61,-1.26,10.61,-0.06,2.97,-0.16,9.84,0.40,3.79,-0.19,2.61,-0.71
55.11,58.76,0.71,-1.15,9.96,-0.26,2.87,-0.03,9.66,0.64,3.23,-0.31,3.17,-0.79
55.13,58.77,0.88,-1.13,9.56,-0.36,2.73,0.03,9.25,1.05,2.67,-0.40,3.68,-0.67
55.14,58.46,1.02,-1.12,9.16,-0.44,2.55,0.09,8.91,1.30,2.21,-0.44,4.05,-0.52
55.17,57.43,1.19,-0.79,8.29,-0.54,2.22,0.21,8.20,1.72,1.51,-0.43,4.67,-0.17
55.18,55.63,1.40,-0.55,7.57,-0.68,1.84,0.30,7.65,2.23,1.14,-0.43,5.13,0.20
55.19,53.09,1.93,-0.60,7.21,-0.70,1.40,0.26,7.60,2.66,1.05,-0.52,5.52,0.37
55.20,50.79,1.93,-0.09,7.01,-0.61,1.08,0.29,7.40,2.45,1.31,-0.60,5.85,0.41
55.21,47.52,1.33,1.16,6.53,-0.46,0.64,0.44,6.31,2.19,2.09,-0.72,6.16,0.40
55.23,41.53,-0.18,2.40,5.48,-0.41,0.15,0.39,4.55,1.51,5.51,-0.78,6.33,0.37
55.24,38.19,-1.25,2.76,5.03,-0.51,-0.04,0.26,4.35,1.08,7.52,-0.75,6.18,-0.11
55.26,32.65,-3.48,1.77,4.95,-1.04,-0.26,-0.33,2.71,0.23,9.28,-0.66,5.38,-0.33
55.28,28.09,-6.81,-2.65,6.08,-1.32,-0.34,-0.69,-1.00,0.45,8.58,-0.62,4.52,-0.38
55.29,26.30,-8.88,-4.69,7.23,-1.24,-0.41,-0.60,-2.29,0.35,8.67,-0.56,3.91,-0.19
55.30,24.20,-11.34,-5.66,8.82,-0.69,-0.40,-0.10,-3.33,-0.30,9.20,-0.46,2.41,0.14
55.32,23.72,-11.20,-2.70,6.28,-0.15,-0.13,0.33,-2.26,-0.03,8.48,-0.38,0.05,0.08
55.35,26.37,-9.60,-1.73,5.48,-0.30,-0.08,0.46,-0.36,-0.15,8.26,-0.32,-1.84,0.13
55.37,31.31,-6.24,-1.96,9.59,-0.86,-0.45,0.58,0.39,1.66,11.45,-0.69,-2.05,-0.50
55.39,31.66,-4.48,-3.73,11.91,-1.01,-0.72,0.56,-3.37,2.08,15.96,-1.00,-1.11,-1.30
55.40,28.78,-3.84,-2.18,13.83,-0.11,-0.82,0.44,-7.57,2.90,14.46,-0.29,-0.86,-0.24
55.41,27.32,-6.70,1.68,12.48,0.41,-0.65,0.30,-6.82,2.96,12.42,-0.01,-1.10,0.86
55.42,27.11,-8.93,2.70,10.55,0.39,-0.48,0.24,-3.52,2.86,10.95,0.21,-1.49,1.46
55.44,28.98,-9.82,1.48,8.56,-0.08,-0.29,0.46,-0.25,2.69,10.70,0.25,-1.81,1.53
55.45,31.82,-7.89,0.55,9.51,-0.32,-0.32,0.66,1.92,0.30,11.50,0.25,-2.15,1.56
55.46,33.21,-4.78,-1.19,11.57,-0.39,-0.44,0.78,2.92,0.06,12.05,0.20,-2.45,1.58
55.47,34.18,-2.05,-2.89,12.40,-0.30,-0.53,0.79,3.86,-0.02,11.93,0.15,-2.56,1.57
55.48,35.65,0.48,-3.65,12.35,-0.16,-0.58,0.70,5.61,-0.40,10.65,0.15,-2.67,1.63
55.49,34.76,2.93,-3.65,11.35,-0.04,-0.65,0.37,6.51,-0.53,9.81,0.15,-2.65,1.65
55.51,35.17,3.83,-3.75,10.49,0.00,-0.72,0.03,7.85,-0.99,8.58,0.13,-2.50,1.56
55.52,35.43,3.90,-3.91,10.05,0.01,-0.77,-0.18,8.18,-1.15,8.14,0.10,-2.37,1.43
55.53,37.51,3.17,-4.29,9.63,-0.01,-0.88,-0.43,8.27,-1.72,7.69,-0.00,-2.09,1.02
55.54,38.00,1.36,-4.82,9.47,-0.04,-1.07,-0.58,7.75,-2.23,7.73,-0.11,-1.78,0.58
55.55,38.72,-1.20,-5.07,9.59,-0.07,-1.26,-0.48,6.26,-2.05,8.20,-0.22,-1.35,0.07
55.57,39.06,-3.17,-4.28,9.27,-0.13,-1.37,0.10,4.75,-1.46,8.92,-0.26,-1.18,0.03
55.58,39.28,-2.46,-3.51,9.18,-0.19,-1.36,0.46,4.54,-1.14,9.42,-0.25,-1.02,0.10
55.59,38.77,-1.46,-3.04,9.42,-0.25,-1.32,0.61,4.65,-0.87,9.94,-0.13,-0.95,0.25
55.62,37.53,-0.61,-2.75,9.82,-0.26,-1.37,0.54,4.10,-0.30,9.83,0.14,-0.88,0.41
55.64,36.40,-0.48,-2.61,9.78,-0.20,-1.40,0.40,4.02,-0.14,9.45,0.20,-0.84,0.47
55.65,35.10,-1.00,-2.73,9.58,-0.15,-1.44,0.20,4.02,-0.31,9.41,0.20,-0.81,0.41
55.67,34.33,-1.45,-3.09,9.37,-0.11,-1.46,0.05,3.91,-0.69,9.46,0.19,-0.75,0.29
55.69,33.38,-1.38,-3.01,9.05,-0.07,-1.46,-0.13,3.68,-0.81,9.50,0.13,-0.66,0.12
55.70,32.69,-1.42,-2.96,8.96,-0.07,-1.46,-0.25,3.59,-0.87,9.63,0.10,-0.63,0.00
55.71,31.64,-1.60,-2.79,9.08,-0.01,-1.43,-0.53,3.65,-0.47,9.48,0.05,-0.60,-0.35
55.73,31.38,-1.65,-2.69,9.11,0.02,-1.43,-0.61,3.61,-0.42,9.47,0.04,-0.60,-0.40
55.74,30.69,-1.90,-2.46,9.15,0.08,-1.43,-0.74,2.90,-0.26,9.43,-0.02,-0.65,-0.67
55.76,29.54,-2.19,-1.99,8.99,0.16,-1.47,-0.80,2.18,-0.10,9.47,-0.04,-0.68,-0.78
55.78,28.64,-2.29,-1.78,8.81,0.15,-1.49,-0.76,1.27,-0.11,9.59,-0.01,-0.66,-0.66
55.79,27.33,-2.61,-1.57,8.63,0.12,-1.49,-0.70,0.63,-0.03,9.36,0.03,-0.69,-0.47
55.80,26.35,-3.32,-1.29,8.61,0.08,-1.45,-0.60,0.04,0.06,9.27,0.06,-0.73,-0.21
55.82,25.75,-3.58,-1.20,8.62,0.06,-1.43,-0.57,-0.20,0.25,9.46,0.08,-0.76,-0.14
55.83,25.43,-3.99,-0.97,8.65,0.03,-1.38,-0.50,-0.44,0.45,9.75,0.12,-0.82,0.00
55.85,24.83,-4.26,-0.79,8.74,-0.01,-1.32,-0.41,-0.93,0.71,10.02,0.23,-0.93,0.11
55.86,24.20,-4.25,-0.93,8.90,-0.03,-1.23,-0.35,-1.18,0.73,10.03,0.30,-1.06,0.21
55.87,23.46,-4.03,-1.06,8.93,-0.02,-1.18,-0.36,-1.15,0.54,10.02,0.34,-1.20,0.27
55.88,23.04,-3.59,-1.39,8.92,0.00,-1.09,-0.43,-0.89,0.24,10.01,0.37,-1.34,0.30
55.89,22.95,-3.36,-1.63,8.96,0.02,-1.02,-0.49,-0.59,-0.04,10.00,0.37,-1.46,0.27
55.91,23.03,-3.20,-1.92,9.04,0.03,-0.93,-0.59,-0.23,-0.19,9.98,0.36,-1.58,0.20
55.91,23.29,-3.18,-2.04,9.10,0.04,-0.85,-0.65,0.01,-0.21,10.01,0.35,-1.64,0.16
55.93,23.79,-3.23,-2.22,9.23,0.04,-0.76,-0.70,0.77,-0.09,10.02,0.30,-1.79,0.03
55.95,25.33,-3.43,-3.08,10.20,0.05,-0.62,-0.73,1.68,-0.13,11.08,0.24,-1.94,-0.23
55.97,26.56,-3.95,-3.40,11.48,0.12,-0.49,-0.76,1.28,0.80,12.30,0.23,-2.05,-0.43
55.99,27.68,-4.82,-2.53,11.78,0.31,-0.37,-0.83,0.04,1.40,12.91,0.20,-2.07,-0.48
56.00,29.82,-6.10,-0.62,11.11,0.59,-0.06,-0.93,-1.82,3.10,12.92,0.12,-2.21,-0.56
56.03,29.96,-6.16,-0.49,11.08,0.62,-0.00,-0.93,-1.97,3.21,12.89,0.10,-2.23,-0.58
56.04,31.65,-6.28,-0.35,10.53,0.77,0.41,-0.85,-2.94,2.86,13.03,-0.00,-2.40,-0.78
56.06,33.44,-5.95,-0.92,9.47,0.76,0.98,-0.71,-4.09,1.40,13.82,-0.12,-2.58,-0.99
56.07,36.24,-6.46,-1.31,8.49,0.57,1.64,-0.36,-3.58,0.65,14.35,-0.23,-2.66,-1.03
56.10,38.80,-6.78,-1.61,8.25,0.31,2.17,0.16,-1.38,0.10,14.78,-0.26,-2.61,-0.97
56.11,41.75,-6.22,-1.88,8.75,0.19,2.47,0.50,0.25,-0.03,14.76,-0.22,-2.47,-0.79
56.12,43.27,-6.07,-1.81,9.60,0.09,2.65,0.66,1.49,-0.16,14.69,-0.18,-2.34,-0.72
56.13,45.53,-5.75,-2.02,11.63,-0.04,2.86,0.80,4.16,-1.21,14.16,-0.01,-1.96,-0.37
56.13,46.27,-5.71,-2.16,12.42,-0.07,2.91,0.81,4.16,-1.21,14.16,-0.01,-1.96,-0.37
56.15,52.11,-5.17,-3.81,17.08,-0.05,3.00,0.61,9.39,-2.37,13.00,0.17,-1.27,0.06
56.17,55.11,-3.57,-3.83,17.42,0.01,2.80,0.45,11.44,-1.28,11.59,0.16,-0.91,-0.12
56.19,58.32,-1.14,-3.08,16.22,-0.01,2.66,0.34,12.58,-0.09,9.49,-0.00,-0.37,-0.34
56.20,61.36,-0.01,-2.14,14.07,-0.09,2.65,0.34,11.29,0.89,6.72,-0.22,0.49,-0.46
56.21,62.18,0.15,-1.79,13.10,-0.16,2.66,0.40,10.39,0.90,5.69,-0.26,0.89,-0.40
56.23,63.33,-0.06,-1.24,11.61,-0.27,2.66,0.52,9.30,0.86,4.12,-0.24,1.64,-0.05
56.24,64.30,0.02,-0.78,10.57,-0.52,2.62,0.73,8.93,0.82,3.06,-0.24,2.09,0.23
56.25,64.28,0.10,-0.77,10.47,-0.57,2.60,0.76,8.93,0.81,2.92,-0.25,2.21,0.29
56.27,64.68,0.59,-1.03,10.03,-0.88,2.38,0.85,9.05,0.64,2.41,-0.36,2.98,0.76
56.30,63.50,1.25,-1.35,9.43,-1.02,1.95,0.81,8.98,0.68,2.26,-0.44,3.78,0.87
56.31,62.13,1.48,-1.41,8.84,-1.06,1.72,0.79,8.96,0.80,2.28,-0.44,4.12,1.08
56.33,58.36,2.12,-1.69,7.50,-1.13,1.16,0.69,9.31,0.78,1.57,-0.25,4.75,1.54
56.38,55.83,2.56,-1.79,6.95,-1.13,0.83,0.55,9.49,1.03,0.95,-0.08,5.22,1.54
56.43,54.14,2.72,-1.73,6.60,-1.08,0.60,0.40,9.31,1.54,0.51,-0.01,5.66,1.42
56.44,51.22,2.83,-1.35,6.36,-0.99,0.38,0.25,8.92,1.53,0.52,-0.04,5.92,1.16
56.44,51.22,2.83,-1.35,6.36,-0.99,0.38,0.25,8.92,1.53,0.52,-0.04,5.92,1.16
56.47,50.56,2.83,-1.17,6.29,-0.95,0.31,0.21,8.92,1.53,0.52,-0.04,5.92,1.16
56.48,48.04,2.62,-0.49,6.08,-0.82,0.13,0.10,8.08,1.28,0.87,-0.12,6.18,0.85
56.48,47.14,2.46,-0.22,5.99,-0.78,0.07,0.07,7.79,1.13,1.17,-0.14,6.25,0.75
56.50,47.14,2.46,-0.22,5.99,-0.78,0.07,0.07,7.79,1.13,1.17,-0.14,6.25,0.75
56.52,43.21,1.38,0.93,5.63,-0.66,-0.18,-0.01,6.16,0.29,3.94,-0.23,6.45,0.25
56.55,36.47,-0.98,2.13,5.39,-0.73,-0.54,-0.08,4.37,0.14,8.96,-0.36,6.12,-0.39
56.58,32.39,-2.65,1.78,5.86,-0.97,-0.66,-0.29,3.43,0.47,9.89,-0.46,5.81,-0.68
56.63,30.74,-4.36,0.23,6.55,-1.12,-0.69,-0.57,2.81,0.69,9.68,-0.51,5.58,-0.78
56.64,29.27,-5.78,-1.36,7.16,-1.14,-0.70,-0.74,2.02,0.82,8.92,-0.55,5.21,-0.79
56.68,23.77,-11.21,-5.89,9.03,-0.79,-0.72,-0.51,-2.39,0.60,8.47,-0.54,3.96,-0.52
56.69,27.82,-11.13,-1.13,5.58,-0.37,-0.21,0.63,-4.20,-0.09,9.38,-0.49,2.97,-0.29
56.71,22.09,-3.08,-3.54,12.36,-0.57,-0.77,0.81,-2.02,-0.79,8.17,-0.30,-1.20,0.23
56.72,22.87,-6.90,2.84,11.48,0.23,-0.56,0.29,-6.23,2.48,14.40,-0.64,-0.81,-0.67
56.79,22.91,-7.46,3.14,11.17,0.20,-0.51,0.27,-6.23,2.48,14.40,-0.64,-0.81,-0.67
56.81,22.31,-8.21,1.91,11.35,-0.18,-0.29,0.39,-3.58,4.47,11.85,0.08,-1.31,0.72
56.81,22.31,-8.21,1.91,11.35,-0.18,-0.29,0.39,-3.58,4.47,11.85,0.08,-1.31,0.72
56.81,22.31,-8.21,1.91,11.35,-0.18,-0.29,0.39,-3.58,4.47,11.85,0.08,-1.31,0.72
56.81,22.31,-8.21,1.91,11.35,-0.18,-0.29,0.39,-3.58,4.47,11.85,0.08,-1.31,0.72
56.81,22.31,-8.21,1.91,11.35,-0.18,-0.29,0.39,-3.58,4.47,11.85,0.08,-1.31,0.72
56.86,23.48,-8.21,1.91,11.35,-0.18,-0.29,0.39,0.24,3.12,12.27,0.28,-1.71,1.03
56.89,31.17,4.57,-3.25,10.61,0.23,-0.41,-0.07,7.63,-1.23,7.77,0.31,-2.56,1.44
56.94,34.01,4.57,-3.25,10.61,0.23,-0.41,-0.07,8.11,-1.36,7.15,0.16,-2.38,1.20
56.95,32.51,5.19,-3.45,9.94,0.22,-0.47,-0.36,8.11,-1.36,7.15,0.16,-2.38,1.20
56.95,32.51,5.33,-3.61,9.67,0.22,-0.51,-0.49,8.11,-1.36,7.15,0.16,-2.38,1.20
56.97,33.80,-2.22,-6.27,9.97,0.15,-1.15,-0.88,6.20,-2.40,8.51,-0.29,-1.40,-0.10
57.02,34.64,-3.07,-5.96,9.74,0.18,-1.19,-0.70,5.16,-2.04,8.86,-0.31,-1.22,-0.12
57.03,35.29,-3.47,-4.59,8.93,0.14,-1.19,-0.13,4.42,-1.87,9.21,-0.31,-0.97,-0.14
57.05,35.41,-3.32,-4.34,8.84,0.11,-1.18,-0.03,4.36,-1.84,9.32,-0.31,-0.97,-0.14
57.06,35.33,-3.13,-4.12,8.78,0.09,-1.17,0.06,4.33,-1.80,9.44,-0.29,-0.94,-0.14
57.07,35.48,-2.65,-3.81,8.76,0.04,-1.15,0.20,4.32,-1.77,9.56,-0.28,-0.91,-0.13
57.08,35.51,-2.42,-3.71,8.78,0.02,-1.14,0.26,4.32,-1.72,9.69,-0.26,-0.88,-0.13
57.09,35.52,-2.20,-3.63,8.82,-0.00,-1.13,0.31,4.32,-1.67,9.82,-0.23,-0.86,-0.12
57.11,32.94,-1.58,-3.11,9.33,-0.01,-1.25,0.27,2.86,-1.02,9.80,0.13,-0.83,0.15
57.12,31.34,-1.89,-3.27,9.15,-0.03,-1.29,0.01,3.30,-1.39,9.81,0.22,-0.64,0.30
57.13,28.80,-1.93,-2.01,9.50,0.19,-1.24,-0.81,3.59,-0.56,9.16,0.16,-0.64,-0.78
57.19,29.14,-3.65,-1.28,8.28,0.10,-1.26,-0.42,1.73,0.04,9.80,0.08,-0.66,-0.76
57.20,28.19,-4.18,-1.35,8.46,0.03,-1.15,-0.44,0.50,0.02,9.38,0.19,-0.73,-0.28
57.20,23.50,-4.83,-1.26,8.76,0.01,-1.00,-0.36,-1.65,0.39,9.92,0.37,-1.45,0.22
57.26,24.15,-4.74,-0.67,8.89,-0.01,-0.78,-0.24,-1.53,0.91,10.04,0.40,-1.49,0.22
57.26,25.31,-3.65,-1.32,9.37,0.03,-0.65,-0.19,-1.27,1.04,9.99,0.40,-1.57,0.21
57.34,25.77,-3.08,-2.46,11.02,0.08,-0.52,-0.15,0.42,1.21,9.79,0.36,-1.96,-0.14
57.35,26.65,-3.28,-2.54,11.52,0.12,-0.47,-0.16,1.84,1.07,10.22,0.31,-1.96,-0.14
57.37,28.67,-4.32,-2.13,12.00,0.30,-0.35,-0.22,0.83,2.31,12.55,0.30,-2.12,-0.41
57.38,31.12,-5.88,-1.22,11.74,0.62,-0.00,-0.12,-0.76,2.57,13.61,0.30,-2.18,-0.29
57.41,35.46,-6.70,-1.45,9.28,0.80,0.88,0.38,-2.68,1.49,13.85,0.37,-2.37,-0.90
57.42,38.01,-7.24,-2.04,8.20,0.63,1.38,0.79,-2.27,-1.09,14.27,0.31,-2.12,-0.58
57.43,44.72,-6.42,-4.32,10.88,0.05,2.19,2.29,1.91,-4.56,14.83,0.77,-1.46,1.22
57.44,60.24,-0.74,-7.37,12.43,-0.60,1.91,2.38,11.23,-5.13,4.44,1.84,0.74,1.41
57.47,60.93,0.89,-6.98,10.99,-1.00,1.85,2.16,11.18,-4.97,3.72,2.01,1.14,1.31
57.47,61.71,1.31,-6.83,10.67,-1.13,1.83,2.06,11.34,-4.93,2.91,2.24,1.68,1.23
57.50,60.73,3.26,-6.56,9.88,-1.58,1.49,1.75,11.74,-3.64,1.44,2.55,3.25,1.01
57.58,59.52,3.52,-6.36,9.78,-1.65,1.27,1.77,10.94,-2.65,1.14,2.57,3.63,1.09
57.59,57.51,3.58,-6.08,9.64,-1.63,0.95,1.87,9.76,-2.08,0.96,2.61,3.93,1.32
57.61,55.66,3.34,-5.41,9.31,-1.54,0.70,2.00,8.67,-1.60,1.12,2.68,4.18,1.43
57.61,55.66,3.34,-5.41,9.31,-1.54,0.70,2.00,8.67,-1.60,1.12,2.68,4.18,1.43
57.65,52.06,1.76,-3.77,8.19,-1.47,0.10,2.53,7.68,-1.68,1.91,2.81,4.41,1.80
57.66,46.99,0.00,-2.69,7.20,-1.49,-0.62,3.71,4.99,-1.79,4.02,3.19,4.88,6.12
57.69,31.72,-3.59,-3.88,7.54,-1.79,-1.94,6.41,2.24,-6.61,10.33,4.77,2.21,8.72
57.73,22.69,0.81,-4.77,11.00,-2.13,-2.11,7.78,13.75,-3.54,5.20,2.07,1.77,7.47
57.75,19.14,5.49,-6.15,11.57,-2.00,-1.86,6.68,13.73,-3.67,5.54,1.62,1.49,6.56
57.78,10.64,11.88,-6.71,11.62,-1.86,-0.77,3.70,13.73,-3.67,5.54,1.62,1.49,6.56
57.78,10.64,11.88,-6.71,11.62,-1.86,-0.77,3.70,13.73,-3.67,5.54,1.62,1.49,6.56
57.78,9.94,11.82,-6.61,11.71,-1.81,-0.64,3.34,13.73,-3.67,5.54,1.62,1.49,6.56
57.99,9.94,11.82,-6.61,11.71,-1.81,-0.64,3.34,13.73,-3.67,5.54,1.62,1.49,1.32
58.06,16.05,8.03,-4.75,11.82,-1.29,0.06,1.10,6.38,3.73,8.81,-0.32,0.58,1.20
58.07,15.49,3.08,-1.45,11.70,-0.81,0.35,-0.47,6.46,4.25,8.22,-0.39,0.59,0.91
58.08,16.81,-0.59,0.71,11.54,-0.54,0.29,-1.09,5.74,4.29,8.16,-0.51,0.55,0.63
58.09,14.43,-3.24,1.55,11.33,-0.44,0.04,-1.02,-0.33,-0.15,10.16,-0.56,0.20,0.39
58.12,12.19,-3.70,1.54,10.99,-0.48,-0.10,-0.82,2.68,-0.58,9.53,-0.22,-0.05,1.01
58.13,23.35,-5.24,-2.47,7.99,-0.64,-0.08,0.07,3.89,-0.44,9.50,0.20,-0.06,0.69
58.15,32.78,-1.65,-3.62,9.82,-0.23,-0.52,1.32,3.55,-0.70,9.67,0.23,-0.07,0.67
58.17,32.44,-2.17,-4.09,9.66,-0.22,-0.57,1.43,3.37,-0.64,9.95,0.32,-0.06,0.66
58.17,32.44,-2.08,-4.07,9.55,-0.20,-0.57,1.50,3.32,-0.56,9.94,0.34,-0.05,0.67
58.18,32.40,-1.82,-3.37,9.32,-0.19,-0.54,1.65,3.41,-0.31,9.72,0.39,-0.05,0.70
58.21,32.32,-1.51,-2.84,9.51,-0.25,-0.54,1.75,3.51,0.20,9.26,0.41,-0.04,0.74
58.22,32.28,-1.35,-2.74,9.70,-0.24,-0.55,1.77,3.53,0.38,9.10,0.42,-0.04,0.73
58.24,32.12,-1.18,-2.61,9.77,-0.18,-0.54,1.75,3.16,0.58,9.00,0.43,-0.05,0.71
58.24,31.76,-1.06,-2.37,9.64,-0.12,-0.52,1.68,2.63,0.54,9.06,0.43,-0.07,0.68
58.26,30.63,-1.49,-1.96,9.23,-0.04,-0.38,1.42,1.40,0.20,9.40,0.44,-0.16,0.60
58.28,29.99,-3.24,-1.77,8.83,-0.01,-0.11,1.25,-0.02,-0.04,9.96,0.47,-0.35,0.40
58.30,30.18,-4.43,-1.55,8.69,0.01,0.07,1.23,-0.80,0.13,10.23,0.47,-0.45,0.33
58.31,31.06,-5.73,-1.17,8.53,0.08,0.32,1.26,-1.99,0.37,10.98,0.47,-0.71,0.28
58.33,31.09,-6.16,-1.04,8.54,0.11,0.44,1.28,-2.53,0.37,11.58,0.49,-0.84,0.32
58.34,32.45,-6.78,-0.95,8.77,0.18,0.64,1.31,-3.13,0.28,12.60,0.53,-0.98,0.41
58.35,33.48,-7.30,-0.88,9.11,0.24,0.82,1.33,-3.28,0.21,13.24,0.57,-1.04,0.49
58.37,34.20,-7.72,-0.82,9.33,0.32,1.02,1.34,-3.15,0.16,14.02,0.63,-1.10,0.62
58.38,35.73,-8.20,-0.66,9.59,0.39,1.23,1.35,-2.43,0.00,14.81,0.73,-1.16,0.79
58.39,39.24,-8.35,-0.57,9.91,0.42,1.51,1.49,-0.03,-0.21,15.13,0.98,-1.20,1.15
58.40,40.91,-8.01,-0.74,10.28,0.38,1.64,1.65,0.77,-0.06,14.82,1.06,-1.20,1.25
58.42,48.14,-4.95,-2.19,12.06,0.19,1.92,2.37,5.70,-0.75,10.77,1.13,-0.84,1.62
58.48,50.37,-3.60,-2.40,12.38,0.17,1.98,2.44,6.86,-1.42,9.63,1.13,-0.55,1.79
58.49,52.67,-2.23,-2.56,12.28,0.14,2.06,2.20,7.43,-2.06,9.05,1.12,-0.31,1.63
58.50,54.75,-1.48,-2.67,11.70,0.08,2.08,1.73,7.61,-1.95,8.10,1.09,0.03,1.49
58.52,56.39,-1.20,-2.50,11.13,-0.00,2.05,1.15,7.48,-1.62,7.40,0.99,0.35,1.29
58.53,57.50,-1.40,-2.34,10.86,-0.05,2.03,0.81,7.27,-1.08,7.03,0.92,0.56,1.19
58.54,60.93,-3.67,-0.77,9.18,-0.32,1.74,0.13,6.16,0.06,5.26,0.58,1.76,1.07
58.65,61.62,-3.62,-0.51,8.46,-0.38,1.60,0.18,5.90,0.20,4.90,0.49,2.19,0.96
58.68,62.04,-3.33,-0.30,7.70,-0.45,1.40,0.22,5.82,0.62,4.50,0.39,2.60,0.79
58.69,62.10,-3.01,-0.03,6.68,-0.52,1.18,0.20,5.66,0.94,4.41,0.13,3.12,0.55
58.71,62.02,-3.04,0.28,6.01,-0.56,0.98,0.20,5.46,1.01,4.64,-0.01,3.33,0.37
58.72,61.68,-3.09,0.33,5.90,-0.57,0.95,0.22,5.21,1.07,4.88,-0.08,3.44,0.26
58.74,60.82,-3.44,0.51,5.54,-0.63,0.82,0.34,4.38,1.04,5.48,-0.17,3.63,0.09
58.75,49.74,-6.49,0.44,4.38,-1.30,-0.39,1.39,2.29,0.01,8.21,0.65,2.94,2.43
58.76,49.40,-6.62,-1.00,6.14,-1.43,-0.59,1.09,3.55,0.40,7.51,0.46,2.24,1.95
58.77,48.42,-5.40,-1.35,8.48,-1.13,-0.73,0.59,3.94,0.59,7.09,0.32,1.87,1.61
58.78,48.96,-5.27,-0.09,9.41,-0.75,-0.79,-0.13,3.34,2.03,7.63,-0.48,0.47,-0.14
58.80,48.51,-7.29,0.30,9.93,-0.62,-0.75,-0.56,0.71,2.53,9.27,-0.71,0.19,-0.78
58.81,46.36,-12.25,0.04,11.25,-0.15,-0.59,-0.73,-6.19,3.19,15.66,-0.67,-0.40,-1.31
58.83,45.44,-12.97,0.58,10.79,0.08,-0.53,-0.51,-5.91,3.36,14.31,-0.27,-0.68,-0.28
58.84,45.50,-10.86,2.36,9.50,0.09,-0.42,0.21,-2.03,2.58,11.52,0.06,-1.23,1.18
58.85,46.39,-6.68,2.90,8.72,-0.35,-0.38,0.66,0.70,1.99,10.83,0.13,-1.55,1.64
58.86,47.89,-1.89,0.63,8.87,-0.66,-0.50,0.58,4.56,2.15,9.51,0.10,-1.80,1.64
58.88,47.56,0.66,-1.06,9.83,-0.67,-0.68,0.31,6.16,2.00,8.71,0.03,-1.78,1.09
58.89,47.88,1.04,-2.62,11.29,-0.22,-1.01,-0.53,7.88,1.02,7.79,-0.31,-1.39,0.38
58.94,47.55,-0.67,-2.96,11.01,-0.07,-1.16,-0.86,7.31,0.22,8.20,-0.46,-1.23,-0.00
58.95,47.73,-1.94,-3.07,10.66,-0.09,-1.21,-0.88,6.24,-0.22,8.78,-0.53,-1.07,-0.17
58.96,48.07,-2.73,-3.34,10.40,-0.15,-1.25,-0.76,4.90,-0.43,9.42,-0.53,-1.00,-0.11
58.98,47.78,-3.49,-3.59,10.22,-0.18,-1.30,-0.62,4.02,-0.56,9.98,-0.47,-0.92,0.09
58.98,47.23,-3.77,-3.70,9.87,-0.18,-1.37,-0.41,3.77,-0.76,10.30,-0.38,-0.81,0.30
59.00,46.76,-3.84,-3.45,9.20,-0.20,-1.40,-0.10,3.49,-0.96,10.28,-0.28,-0.65,0.49
59.01,44.99,-3.36,-2.83,8.75,-0.38,-1.30,0.35,3.11,-0.83,9.35,-0.16,-0.51,0.53
59.04,44.46,-3.12,-2.75,9.03,-0.42,-1.32,0.45,3.09,-0.67,9.42,-0.15,-0.46,0.59
59.06,42.42,-2.76,-2.65,9.05,-0.43,-1.36,0.53,2.95,-0.64,9.77,-0.14,-0.40,0.61
59.08,41.27,-2.70,-2.58,8.94,-0.43,-1.38,0.53,2.77,-0.61,9.83,-0.13,-0.36,0.59
59.10,40.32,-2.72,-2.56,8.88,-0.44,-1.39,0.51,2.55,-0.61,9.86,-0.11,-0.35,0.58
59.10,39.42,-2.79,-2.58,8.90,-0.44,-1.39,0.45,2.41,-0.62,9.85,-0.09,-0.35,0.57
59.12,37.16,-2.69,-2.65,8.98,-0.42,-1.39,0.31,2.45,-0.69,9.80,0.01,-0.35,0.51
59.14,35.25,-2.28,-2.12,9.13,-0.35,-1.33,0.12,2.57,-0.32,9.66,0.03,-0.38,0.38
59.16,34.38,-2.01,-1.97,9.34,-0.29,-1.29,-0.04,3.25,0.01,9.67,-0.00,-0.38,0.07
59.18,33.52,-1.70,-1.79,9.42,-0.20,-1.31,-0.24,3.43,0.25,9.41,-0.03,-0.44,-0.57
59.24,30.92,-1.78,-1.65,9.47,-0.02,-1.41,-0.52,2.67,0.61,9.54,-0.10,-0.46,-0.61
59.24,29.65,-2.01,-1.46,9.28,-0.00,-1.47,-0.43,1.80,0.56,9.70,-0.06,-0.52,-0.42
59.27,28.47,-2.41,-1.04,9.02,-0.02,-1.51,-0.41,1.15,0.49,9.71,-0.01,-0.55,-0.28
59.28,27.88,-2.80,-0.82,8.81,-0.04,-1.51,-0.43,0.68,0.45,9.69,-0.00,-0.57,-0.18
59.29,26.77,-3.56,-0.67,8.61,-0.10,-1.46,-0.45,-0.27,0.45,9.65,0.01,-0.66,-0.01
59.31,25.61,-3.98,-0.91,8.69,-0.15,-1.37,-0.43,-1.16,0.43,9.71,0.07,-0.75,0.09
59.32,24.49,-4.13,-1.41,9.12,-0.15,-1.22,-0.33,-1.55,0.31,9.89,0.16,-0.94,0.22
59.34,23.66,-3.97,-1.72,9.20,-0.14,-1.05,-0.32,-1.57,-0.10,10.24,0.23,-1.17,0.21
59.36,23.15,-3.66,-2.17,9.19,-0.14,-0.82,-0.42,-1.33,-0.60,10.35,0.29,-1.47,0.15
59.37,23.33,-3.41,-2.55,9.21,-0.12,-0.72,-0.49,-0.84,-0.78,10.27,0.28,-1.62,0.08
59.38,24.22,-3.13,-3.06,9.81,-0.07,-0.49,-0.69,0.26,-0.89,10.58,0.23,-1.85,-0.11
59.40,25.66,-3.28,-3.00,11.07,0.05,-0.24,-0.85,0.96,0.00,11.38,0.12,-2.02,-0.37
59.42,26.66,-3.64,-2.44,11.77,0.13,-0.13,-0.93,1.13,0.81,11.87,0.06,-2.10,-0.55
59.43,29.05,-4.80,-1.17,12.39,0.44,0.16,-1.29,0.38,3.31,13.13,-0.09,-2.31,-1.16
59.45,31.30,-5.89,-0.45,12.41,0.76,0.50,-1.54,-1.23,3.96,13.96,-0.15,-2.48,-1.65
59.46,32.65,-5.96,0.02,12.19,0.98,0.92,-1.54,-3.11,3.90,14.59,-0.13,-2.57,-1.85
59.47,33.99,-5.57,0.24,11.46,1.03,1.20,-1.50,-3.74,2.98,14.67,-0.18,-2.62,-1.81
59.49,36.50,-5.31,-0.14,9.99,0.93,1.78,-1.21,-3.16,1.90,14.43,-0.26,-2.60,-1.62
59.50,38.64,-5.23,-0.60,9.43,0.76,2.22,-0.79,-1.11,1.49,14.04,-0.34,-2.53,-1.47
59.51,43.35,-4.90,-1.12,10.48,0.46,2.66,-0.19,3.31,0.80,13.76,-0.29,-2.21,-1.19
59.52,49.04,-4.16,-1.76,13.96,0.23,2.87,0.25,7.41,0.12,12.38,-0.06,-1.43,-0.64
59.55,53.58,-3.91,-2.37,15.62,0.27,2.89,0.11,10.35,-0.33,11.03,-0.03,-0.90,-0.55
59.56,56.56,-3.09,-2.18,15.30,0.28,2.79,0.08,11.02,0.05,9.77,-0.08,-0.61,-0.66
59.58,59.80,-1.54,-1.70,13.82,0.14,2.64,0.13,10.46,0.63,7.70,-0.26,-0.04,-0.74
59.59,61.50,-0.74,-1.49,12.51,-0.05,2.56,0.24,9.55,0.91,6.27,-0.39,0.35,-0.65
59.60,62.90,-0.43,-1.36,11.50,-0.22,2.52,0.40,8.12,0.93,5.25,-0.43,0.76,-0.45
59.62,64.24,-0.40,-1.07,10.35,-0.43,2.51,0.61,7.01,0.78,3.98,-0.35,1.79,0.52
59.64,64.58,-0.32,-1.07,9.70,-0.76,2.48,0.68,8.16,0.62,3.99,-0.33,2.76,0.96
59.66,63.38,0.17,-1.56,9.69,-0.90,2.22,0.56,8.84,0.88,3.84,-0.40,3.50,1.08
59.68,62.59,0.15,-1.55,9.21,-0.86,2.06,0.54,8.71,0.98,3.62,-0.45,3.79,1.04
59.70,60.39,0.16,-1.40,7.98,-0.84,1.66,0.56,8.18,0.92,3.05,-0.48,4.21,1.02
59.71,58.21,0.46,-1.44,7.09,-0.89,1.29,0.50,8.10,0.71,2.17,-0.40,4.62,1.13
59.74,55.31,0.76,-1.51,6.59,-0.89,0.82,0.23,7.95,0.82,1.88,-0.41,5.14,1.04
59.75,49.62,0.38,-0.18,5.92,-0.71,0.32,-0.12,6.35,0.22,3.39,-0.46,5.68,0.42
59.77,46.52,-0.25,0.29,5.40,-0.68,0.11,-0.30,5.47,0.01,5.09,-0.46,5.76,0.11
59.78,43.62,-1.45,0.69,5.07,-0.72,-0.03,-0.42,4.48,0.05,7.43,-0.50,5.58,-0.25
59.79,40.41,-2.39,0.66,4.91,-0.81,-0.14,-0.51,3.94,0.04,8.95,-0.55,5.06,-0.70
59.81,37.36,-4.89,-0.99,5.55,-1.04,-0.23,-0.70,2.55,0.32,9.09,-0.58,4.53,-0.92
59.82,35.30,-6.37,-2.38,6.36,-1.11,-0.28,-0.74,1.48,0.59,8.63,-0.60,4.06,-0.98
59.83,34.21,-8.35,-4.03,7.65,-1.08,-0.39,-0.68,0.19,0.81,8.60,-0.60,3.33,-0.93
59.85,31.71,-9.96,-4.31,8.81,-0.68,-0.57,-0.28,-2.00,0.43,9.40,-0.53,1.83,-0.46
59.86,30.41,-9.98,-2.92,8.17,-0.27,-0.60,0.03,-2.02,0.04,9.55,-0.45,0.70,-0.02
59.88,30.31,-9.46,-1.30,7.28,-0.20,-0.61,0.16,-1.71,0.15,9.85,-0.47,-0.07,0.06
59.89,30.92,-9.14,-0.60,7.95,-0.40,-0.67,0.15,-1.92,1.80,11.38,-0.62,-0.57,-0.18
59.90,30.04,-8.69,-2.58,11.96,-0.42,-0.88,0.51,-6.53,3.88,14.19,-0.44,-0.94,0.26
59.94,28.74,-10.64,1.92,11.30,0.14,-0.61,1.19,-5.21,3.17,13.41,0.28,-1.31,1.79
59.97,31.24,-9.27,1.17,11.52,-0.06,-0.43,1.37,0.43,-0.85,12.96,0.62,-2.35,2.30
59.98,32.58,-4.90,-2.50,11.47,-0.01,-0.30,1.25,2.30,-0.71,12.22,0.60,-2.55,2.36
59.99,34.09,-2.58,-3.07,11.18,0.01,-0.30,1.20,4.24,-0.88,10.71,0.55,-2.61,2.27
60.01,34.75,3.02,-3.04,10.25,-0.07,-0.48,0.81,6.88,-1.59,7.97,0.41,-2.48,1.78
60.02,35.48,5.99,-4.24,8.96,-0.02,-0.71,-0.42,9.10,-1.98,6.42,0.03,-2.16,1.01
60.04,35.81,3.95,-4.95,9.26,0.03,-0.91,-1.14,9.21,-2.52,6.62,-0.27,-1.86,0.14
60.05,36.59,-2.22,-5.26,10.45,0.07,-1.22,-1.27,5.94,-1.84,8.74,-0.52,-1.21,-0.83
60.08,37.21,-4.13,-4.26,9.66,0.09,-1.26,-0.80,3.67,-1.26,9.60,-0.52,-1.03,-0.77
60.10,37.40,-4.03,-3.33,9.09,0.01,-1.22,-0.36,2.78,-0.91,10.00,-0.43,-0.92,-0.57
60.11,37.01,-2.84,-2.91,9.01,-0.13,-1.15,0.17,2.94,-0.78,10.09,-0.26,-0.86,-0.23
60.13,36.80,-2.42,-2.90,9.16,-0.16,-1.14,0.33,3.15,-0.76,9.98,-0.13,-0.87,-0.03
60.14,36.32,-2.06,-2.96,9.30,-0.17,-1.15,0.39,3.28,-0.73,9.76,0.01,-0.87,0.17
60.15,35.94,-1.83,-3.08,9.47,-0.19,-1.22,0.41,3.51,-0.72,9.51,0.15,-0.83,0.34
60.16,35.25,-1.45,-3.19,9.40,-0.15,-1.26,0.42,3.19,-0.64,9.46,0.21,-0.77,0.49
60.17,33.75,-1.75,-3.26,9.25,-0.16,-1.31,0.28,3.10,-1.13,9.65,0.19,-0.69,0.57
60.19,32.69,-2.04,-3.66,9.02,-0.16,-1.32,0.14,3.29,-1.62,9.90,0.11,-0.62,0.49
60.22,32.19                                                                                                                                                                                                                                                                                                                                                                                                                                                                                                                                                                                                                                                                                                                                                                                                                                                                     
Time, Pitch Difference, Acc_x_T, Acc_y_T, Acc_z_T, Gyr_x_T, Gyr_y_T, Gyr_z_T, Acc_x_C, Acc_y_C, Acc_z_C, Gyr_x_C, Gyr_y_C, Gyr_z_C
0.00,0.00,0.00,0.00,0.00Guru Meditation Error: Core  0 panic'ed (StoreProhibited). Exception was unhandled.

Core  0 register dump:
PC      : 0x400052b4  PS      : 0x00060030  A0      : 0x820907bd  A1      : 0x3fcf7600  
A2      : 0x3fca2804  A3      : 0x3fc9f1c8  A4      : 0x000000d0  A5      : 0x3fcf7610  
A6      : 0x00000000  A7      : 0x00000000  A8      : 0x82065440  A9      : 0x00000034  
A10     : 0x00000000  A11     : 0x3fcf76b0  A12     : 0x00000011  A13     : 0x3fcf3a04  
A14     : 0x4037a4dc  A15     : 0xb33fffff  SAR     : 0x00000000  EXCCAUSE: 0x0000001d  
EXCVADDR: 0x820907bd  LBEG    : 0x40056f5c  LEND    : 0x40056f72  LCOUNT  : 0xffffffff  


Backtrace: 0x400052b1:0x3fcf7600 0x420907ba:0x3fcf7700 0x4209081d:0x3fcf7750 0x42091e95:0x3fcf7770 0x4208ebab:0x3fcf7790 0x4037eeda:0x3fcf77c0




ELF file SHA256: a35e249b310490f9

Rebooting...
                                                                                                                                                                                                                                                                                                                                                                                                                                                                                                                                                                                                                                                                                                                                                                                                                                                                          
Time, Pitch Difference, Acc_x_T, Acc_y_T, Acc_z_T, Gyr_x_T, Gyr_y_T, Gyr_z_T, Acc_x_C, Acc_y_C, Acc_z_C, Gyr_x_C, Gyr_y_C, Gyr_z_C
0.00,0.00,0.00,0.00,0.00,0.00,0.00,0.00,2.36,0.78,10.18,0.64,5.37,1.36
0.28,15.52,-4.00,-3.22,8.60,-0.58,-0.98,1.03,0.52,0.41,8.47,-0.04,0.16,0.39
0.29,6.06,-2.31,-2.48,9.53,0.06,-1.22,-0.48,-2.99,2.57,11.76,-0.17,-1.66,1.27
0.31,27.74,-5.63,-1.48,8.56,-0.15,-0.73,0.33,2.03,-0.43,9.82,-0.05,-0.76,0.99
0.32,39.09,-2.27,-0.98,12.68,0.57,0.75,0.11,0.53,0.05,9.99,-0.09,-0.43,-0.63
0.34,50.97,-6.80,-3.53,9.09,0.13,1.67,1.50,10.68,-4.83,6.38,2.25,0.23,2.24
0.35,57.47,0.49,-4.96,9.02,-1.86,0.48,2.40,8.81,-2.79,3.52,2.41,2.81,1.77
0.37,55.03,0.01,-4.75,8.36,-1.90,0.13,2.58,6.91,-2.18,3.92,2.48,3.23,2.27
0.38,52.21,-0.48,-4.34,7.96,-1.85,-0.25,2.93,5.57,-1.96,4.57,2.55,3.48,2.83
0.41,49.58,-1.07,-3.76,7.83,-1.82,-0.53,3.29,5.01,-2.10,5.30,2.65,3.66,3.41
0.41,47.41,-1.29,-3.55,7.77,-1.82,-0.67,3.50,4.74,-2.21,5.91,2.73,3.79,3.92
0.43,43.47,-1.71,-3.22,7.78,-1.86,-1.01,4.07,4.60,-2.71,6.84,2.91,3.95,4.88
0.44,40.84,-2.15,-3.25,7.92,-1.93,-1.33,4.69,4.76,-3.01,7.24,3.05,4.02,5.48
0.45,36.00,-2.75,-3.63,7.81,-2.05,-1.66,5.47,5.12,-3.82,8.09,3.34,4.08,6.78
0.47,29.80,-3.56,-4.45,7.84,-2.28,-1.99,6.72,4.77,-4.58,9.34,3.73,3.59,8.72
0.50,24.11,-4.64,-4.63,9.11,-2.32,-2.00,7.80,5.47,-3.68,10.45,3.48,3.14,8.72
0.52,22.73,-4.99,-4.39,10.08,-2.29,-1.82,8.00,6.22,-2.93,10.19,3.07,2.65,8.72
0.53,22.37,-4.99,-4.32,10.50,-2.23,-1.55,7.79,7.13,-1.90,8.94,2.50,1.92,8.06
0.54,22.77,-4.21,-4.17,10.70,-2.15,-1.26,7.15,7.93,-1.65,8.37,2.09,1.53,7.44
0.55,23.83,-1.07,-3.27,10.69,-1.90,-1.06,6.02,9.99,-2.24,7.30,1.27,0.75,5.78
0.56,24.89,3.14,-3.76,10.65,-1.68,-0.92,4.60,10.51,-2.45,6.67,0.62,0.28,4.06
0.58,24.84,6.92,-4.34,10.46,-1.58,-0.82,3.62,9.73,-2.22,6.81,0.04,0.04,2.85
0.59,24.19,9.50,-4.49,10.67,-1.45,-0.56,2.56,8.37,-2.01,7.88,-0.15,0.01,2.02
0.60,22.99,9.18,-3.58,11.26,-1.26,-0.31,1.62,7.87,-1.02,8.71,-0.23,0.01,1.61
0.61,22.09,6.14,-2.37,11.48,-1.04,-0.07,0.57,8.02,0.31,9.43,-0.23,0.08,1.23
0.62,22.17,2.14,-1.09,11.78,-0.76,0.01,-0.41,7.85,1.48,9.02,-0.19,0.18,0.96
0.64,23.50,-0.67,-0.47,11.63,-0.54,-0.09,-0.72,7.15,2.50,8.28,-0.24,0.30,0.75
0.65,25.07,-2.61,-0.14,11.07,-0.44,-0.21,-0.52,5.07,2.96,8.28,-0.32,0.40,0.65
0.66,26.48,-4.28,-0.23,10.00,-0.54,-0.16,-0.07,3.12,2.77,9.03,-0.41,0.45,0.77
0.68,27.97,-5.19,-1.01,9.32,-0.64,-0.01,0.20,2.46,2.40,9.76,-0.45,0.43,0.83
0.69,29.00,-5.42,-1.73,8.86,-0.69,0.09,0.46,1.98,1.86,10.13,-0.46,0.37,0.79
0.70,30.46,-5.35,-2.51,8.26,-0.71,0.14,0.73,1.56,1.02,9.94,-0.45,0.31,0.71
Guru Meditation Error: Core  0 panic'ed (StoreProhibited). Exception was unhandled.

Core  0 register dump:
PC      : 0x42025dc4  PS      : 0x00060c30  A0      : 0x82017641  A1      : 0x3fcedc50  
A2      : 0x00000001  A3      : 0x00000000  A4      : 0x00060420  A5      : 0x00000000  
A6      : 0xb33fffff  A7      : 0xb33fffff  A8      : 0x820268ed  A9      : 0x3fcedc30  
A10     : 0x00000000  A11     : 0x00000000  A12     : 0xb33fffff  A13     : 0x00060623  
A14     : 0xb33fffff  A15     : 0xb33fffff  SAR     : 0x0000001f  EXCCAUSE: 0x0000001d  
EXCVADDR: 0xb33fffff  LBEG    : 0x400570e8  LEND    : 0x400570f3  LCOUNT  : 0x00000000  


Backtrace: 0x42025dc1:0x3fcedc50 0x4201763e:0x3fcedc70 0x420176eb:0x3fcedc90 0x4201d0c1:0x3fcedcb0 0x42017231:0x3fcedcd0 0x4037eeda:0x3fcedd00




ELF file SHA256: a35e249b310490f9

Rebooting...
                                                                                                                                                                                                                                                                                                                                                                                                                                                                                                                                                                                                                                                                                                                                                                                                                                                                                                                                                                                                                                                                                                                                                                                                                                                                                                                                                                                                                                                                                                                                                                                                                                                                                                                                             
Time, Pitch Difference, Acc_x_T, Acc_y_T, Acc_z_T, Gyr_x_T, Gyr_y_T, Gyr_z_T, Acc_x_C, Acc_y_C, Acc_z_C, Gyr_x_C, Gyr_y_C, Gyr_z_C
0.00,0.00,0.00,0.00,0.00,0.00,0.00,0.00,0.00,-0.38,9.81,-0.22,0.09,0.85
0.28,106.87,-9.67,2.09,1.15,0.07,0.25,-0.25,2.58,-0.17,9.89,-0.16,0.07,0.80
0.30,100.15,-10.46,1.31,0.75,-0.07,0.05,-0.14,2.02,-0.75,9.69,0.19,0.14,0.85
0.31,100.13,-10.00,1.53,1.07,0.00,-0.11,0.08,2.80,-0.17,9.42,0.03,0.20,0.37
0.32,98.22,-9.93,1.70,1.27,-0.01,-0.06,0.32,2.52,-0.46,10.32,-0.04,0.37,0.06
0.34,88.80,-9.40,2.61,1.37,-0.02,-0.05,0.12,0.90,-0.18,9.84,0.12,0.04,-0.00
0.35,88.68,-9.82,1.97,1.39,-0.04,-0.04,-0.10,0.80,0.24,9.98,-0.07,0.00,-0.12
0.37,88.32,-9.84,1.99,1.34,0.01,-0.03,-0.04,0.82,0.22,9.85,-0.00,-0.01,-0.03
0.38,88.26,-9.77,2.03,1.34,-0.01,-0.03,-0.03,0.72,0.12,9.84,0.01,-0.02,-0.01
0.40,88.20,-9.77,2.06,1.32,-0.02,-0.02,-0.03,0.68,0.10,9.84,0.00,-0.01,-0.01
0.41,88.14,-9.76,2.07,1.30,-0.03,-0.02,-0.03,0.66,0.11,9.82,-0.01,-0.01,-0.02
0.43,88.07,-9.74,2.10,1.28,-0.03,-0.02,-0.03,0.65,0.18,9.80,-0.02,-0.00,-0.03
0.44,87.98,-9.72,2.14,1.30,-0.04,-0.01,-0.06,0.69,0.24,9.83,-0.03,-0.00,-0.05
0.46,87.94,-9.72,2.14,1.30,-0.03,-0.01,-0.08,0.65,0.27,9.81,-0.04,-0.01,-0.07
0.47,87.88,-9.73,2.12,1.33,-0.03,-0.01,-0.09,0.68,0.33,9.80,-0.04,-0.01,-0.05
0.49,87.84,-9.75,2.07,1.33,-0.02,-0.01,-0.11,0.74,0.33,9.84,-0.03,-0.01,-0.04
0.50,87.83,-9.76,2.01,1.33,-0.01,-0.01,-0.12,0.78,0.29,9.85,-0.03,-0.01,-0.05
0.51,87.82,-9.79,1.97,1.35,-0.00,-0.01,-0.13,0.76,0.23,9.84,-0.02,-0.01,-0.06
0.52,87.81,-9.80,1.94,1.32,0.01,-0.01,-0.14,0.75,0.19,9.84,-0.03,-0.01,-0.06
0.53,87.79,-9.81,1.89,1.28,0.01,-0.01,-0.14,0.71,0.12,9.84,-0.03,-0.02,-0.07
0.54,87.79,-9.84,1.83,1.26,0.02,-0.01,-0.14,0.70,0.08,9.86,-0.03,-0.02,-0.07
0.56,87.78,-9.89,1.77,1.25,0.02,-0.01,-0.13,0.68,0.01,9.87,-0.03,-0.01,-0.07
0.57,87.77,-9.95,1.68,1.22,0.01,-0.02,-0.10,0.67,-0.06,9.88,-0.02,-0.01,-0.05
0.59,87.76,-9.98,1.64,1.21,0.01,-0.03,-0.07,0.68,-0.10,9.88,-0.01,-0.01,-0.03
0.60,87.76,-9.97,1.62,1.21,0.00,-0.03,-0.04,0.71,-0.13,9.89,-0.01,-0.01,-0.02
0.61,87.75,-9.97,1.65,1.22,-0.01,-0.04,-0.00,0.70,-0.11,9.87,0.00,-0.01,0.03
0.63,87.71,-9.94,1.70,1.24,-0.02,-0.04,0.04,0.67,-0.02,9.85,0.01,-0.00,0.07
0.65,87.65,-9.90,1.80,1.26,-0.02,-0.04,0.06,0.66,0.07,9.85,0.01,-0.00,0.09
0.66,87.61,-9.87,1.83,1.27,-0.02,-0.04,0.06,0.67,0.16,9.84,0.01,-0.00,0.09
0.67,87.57,-9.83,1.91,1.28,-0.02,-0.05,0.06,0.72,0.24,9.82,0.01,-0.00,0.07
0.68,87.53,-9.75,2.01,1.32,-0.01,-0.05,0.04,0.80,0.31,9.80,0.00,-0.01,0.02
0.70,87.51,-9.70,2.06,1.33,-0.01,-0.04,0.01,0.83,0.33,9.80,-0.01,-0.01,-0.02
0.71,87.50,-9.68,2.07,1.37,-0.01,-0.04,-0.03,0.85,0.31,9.81,-0.01,-0.01,-0.07
0.73,87.49,-9.69,2.05,1.38,-0.00,-0.03,-0.06,0.83,0.28,9.80,-0.02,-0.02,-0.10
0.74,87.46,-9.72,1.99,1.37,0.00,-0.02,-0.09,0.77,0.24,9.78,-0.03,-0.02,-0.10
0.76,87.42,-9.78,1.89,1.35,0.01,-0.01,-0.12,0.73,0.14,9.85,-0.03,-0.01,-0.10
0.78,87.39,-9.82,1.84,1.33,0.02,-0.01,-0.12,0.68,0.09,9.88,-0.03,-0.01,-0.09
0.79,87.37,-9.85,1.79,1.27,0.02,-0.01,-0.12,0.63,0.05,9.88,-0.02,-0.01,-0.09
0.80,87.36,-9.89,1.73,1.21,0.02,-0.02,-0.10,0.60,0.01,9.89,-0.02,-0.01,-0.08
0.81,87.33,-9.91,1.70,1.18,0.01,-0.02,-0.08,0.58,-0.04,9.89,-0.01,-0.01,-0.06
0.82,87.32,-9.94,1.67,1.18,0.01,-0.03,-0.06,0.59,-0.07,9.90,-0.01,-0.01,-0.03
0.85,87.30,-9.94,1.65,1.21,-0.00,-0.03,-0.03,0.62,-0.07,9.87,-0.00,-0.00,-0.02
0.86,87.29,-9.91,1.65,1.19,-0.00,-0.03,-0.01,0.66,-0.03,9.87,0.00,-0.00,0.00
0.87,87.27,-9.90,1.65,1.27,-0.02,-0.04,0.02,0.71,-0.06,9.86,0.01,-0.00,0.03
0.89,87.23,-9.88,1.72,1.28,-0.01,-0.04,0.05,0.74,0.07,9.83,0.01,0.00,0.05
0.91,87.21,-9.86,1.78,1.30,-0.02,-0.04,0.06,0.74,0.11,9.85,0.01,0.00,0.06
0.92,87.19,-9.83,1.84,1.30,-0.02,-0.04,0.06,0.74,0.14,9.87,0.01,-0.00,0.05
0.93,87.17,-9.80,1.87,1.31,-0.02,-0.04,0.06,0.75,0.18,9.85,0.01,-0.00,0.04
0.95,87.15,-9.79,1.88,1.33,-0.02,-0.03,0.05,0.76,0.20,9.83,0.01,-0.00,0.03
0.96,87.12,-9.78,1.90,1.33,-0.02,-0.03,0.03,0.75,0.20,9.82,0.01,-0.00,0.00
0.98,87.10,-9.78,1.93,1.32,-0.03,-0.03,0.01,0.74,0.19,9.83,0.00,-0.00,-0.01
1.00,87.09,-9.77,1.92,1.33,-0.03,-0.03,0.00,0.74,0.16,9.84,-0.00,-0.01,-0.01
1.01,87.07,-9.78,1.89,1.33,-0.03,-0.03,-0.01,0.73,0.14,9.84,-0.00,-0.01,-0.02
1.02,87.05,-9.78,1.87,1.32,-0.04,-0.02,-0.01,0.71,0.12,9.85,-0.00,-0.00,-0.02
1.03,87.03,-9.79,1.86,1.30,-0.04,-0.02,-0.01,0.69,0.12,9.85,-0.00,-0.00,-0.02
1.05,87.01,-9.80,1.86,1.30,-0.04,-0.02,-0.01,0.68,0.12,9.85,-0.00,-0.00,-0.02
1.06,87.00,-9.80,1.86,1.29,-0.04,-0.02,-0.01,0.69,0.13,9.86,-0.01,-0.00,-0.02
1.07,86.98,-9.80,1.86,1.30,-0.04,-0.02,-0.01,0.71,0.14,9.86,-0.01,-0.00,-0.02
1.09,86.98,-9.80,1.86,1.29,-0.04,-0.01,-0.02,0.70,0.14,9.86,-0.01,-0.00,-0.02
1.10,86.96,-9.80,1.86,1.29,-0.04,-0.01,-0.02,0.71,0.14,9.86,-0.01,-0.00,-0.03
1.12,86.96,-9.81,1.85,1.31,-0.04,-0.01,-0.02,0.69,0.16,9.84,-0.01,-0.00,-0.02
1.13,86.94,-9.82,1.85,1.32,-0.04,-0.01,-0.03,0.69,0.19,9.83,-0.01,-0.00,-0.01
1.14,86.93,-9.82,1.83,1.32,-0.04,-0.01,-0.03,0.72,0.18,9.85,-0.01,-0.00,-0.00
1.15,86.93,-9.82,1.84,1.32,-0.03,-0.01,-0.03,0.75,0.16,9.84,-0.01,-0.00,-0.01
1.17,86.94,-9.82,1.83,1.31,-0.03,-0.01,-0.03,0.74,0.15,9.84,-0.01,-0.00,-0.01
1.18,86.94,-9.81,1.80,1.31,-0.03,-0.01,-0.04,0.75,0.13,9.84,-0.01,-0.01,-0.01
1.20,86.96,-9.83,1.78,1.31,-0.03,-0.01,-0.04,0.76,0.09,9.84,-0.01,-0.01,-0.02
1.22,86.97,-9.85,1.76,1.32,-0.03,-0.01,-0.04,0.76,0.08,9.84,-0.01,-0.00,-0.02
1.23,86.99,-9.87,1.74,1.30,-0.03,-0.01,-0.04,0.76,0.07,9.84,-0.01,-0.00,-0.02
1.25,87.01,-9.87,1.73,1.28,-0.03,-0.01,-0.04,0.75,0.05,9.84,-0.01,-0.00,-0.02
1.26,87.02,-9.87,1.73,1.28,-0.03,-0.01,-0.04,0.74,0.06,9.85,-0.01,-0.00,-0.02
1.27,87.02,-9.87,1.73,1.29,-0.03,-0.01,-0.03,0.72,0.06,9.86,-0.01,-0.00,-0.02
1.29,87.02,-9.86,1.72,1.28,-0.03,-0.02,-0.02,0.73,0.06,9.85,-0.01,-0.00,-0.01
1.30,87.02,-9.87,1.72,1.29,-0.03,-0.02,-0.02,0.73,0.07,9.83,-0.01,-0.00,-0.01
1.32,87.02,-9.87,1.73,1.28,-0.03,-0.02,-0.01,0.74,0.08,9.84,-0.00,-0.00,-0.01
1.33,87.03,-9.87,1.75,1.27,-0.03,-0.02,-0.01,0.73,0.08,9.84,-0.00,-0.00,-0.00
1.35,87.04,-9.85,1.76,1.27,-0.03,-0.02,-0.01,0.74,0.09,9.83,-0.00,-0.00,-0.00
1.37,87.04,-9.84,1.76,1.28,-0.03,-0.02,-0.01,0.74,0.11,9.84,-0.00,-0.00,0.00
1.39,87.03,-9.84,1.76,1.29,-0.03,-0.02,-0.01,0.73,0.11,9.84,-0.00,-0.00,0.00
1.40,87.03,-9.85,1.77,1.29,-0.03,-0.02,-0.01,0.73,0.11,9.84,-0.00,-0.00,-0.00
1.41,87.02,-9.84,1.77,1.29,-0.03,-0.02,-0.01,0.74,0.10,9.85,-0.00,-0.00,-0.01
1.42,87.01,-9.85,1.76,1.29,-0.03,-0.02,-0.01,0.72,0.10,9.85,-0.00,-0.00,-0.01
1.44,87.00,-9.85,1.77,1.28,-0.02,-0.03,-0.01,0.71,0.10,9.85,-0.00,-0.01,-0.01
1.45,86.99,-9.83,1.78,1.27,-0.03,-0.03,-0.01,0.71,0.09,9.84,0.00,-0.01,-0.01
1.47,86.98,-9.83,1.79,1.29,-0.03,-0.03,-0.00,0.70,0.09,9.83,0.00,-0.00,-0.00
1.48,86.96,-9.82,1.79,1.29,-0.03,-0.03,-0.00,0.72,0.09,9.84,0.00,-0.00,-0.00
1.49,86.95,-9.82,1.79,1.30,-0.03,-0.03,-0.00,0.73,0.10,9.85,-0.00,-0.00,0.00
1.50,86.94,-9.81,1.81,1.31,-0.03,-0.02,-0.01,0.73,0.11,9.84,-0.00,-0.00,0.00
1.52,86.93,-9.80,1.82,1.31,-0.04,-0.02,-0.01,0.74,0.12,9.84,-0.00,-0.00,-0.00
1.53,86.92,-9.79,1.83,1.31,-0.04,-0.02,-0.02,0.74,0.13,9.84,-0.01,-0.00,-0.01
1.54,86.91,-9.79,1.83,1.30,-0.04,-0.01,-0.03,0.72,0.14,9.85,-0.01,-0.00,-0.02
1.56,86.90,-9.80,1.83,1.29,-0.04,-0.01,-0.03,0.66,0.14,9.84,-0.01,-0.00,-0.02
1.57,86.89,-9.81,1.82,1.28,-0.04,-0.01,-0.04,0.68,0.16,9.84,-0.01,-0.00,-0.01
1.58,86.88,-9.81,1.82,1.28,-0.04,-0.01,-0.04,0.67,0.16,9.85,-0.01,-0.00,0.00
1.59,86.87,-9.81,1.80,1.27,-0.04,-0.01,-0.03,0.67,0.14,9.86,-0.01,0.00,0.01
1.61,86.86,-9.82,1.79,1.27,-0.04,-0.01,-0.03,0.68,0.12,9.86,-0.01,-0.00,0.01
1.62,86.86,-9.82,1.78,1.27,-0.04,-0.01,-0.03,0.68,0.11,9.86,-0.01,-0.00,0.01
1.64,86.86,-9.84,1.74,1.27,-0.04,-0.01,-0.03,0.70,0.08,9.85,-0.01,-0.00,0.01
1.65,86.88,-9.86,1.72,1.28,-0.04,-0.01,-0.03,0.73,0.07,9.86,-0.01,-0.00,0.01
1.66,86.89,-9.87,1.70,1.27,-0.04,-0.01,-0.03,0.74,0.04,9.84,-0.01,-0.00,0.01
1.68,86.92,-9.88,1.68,1.25,-0.04,-0.01,-0.03,0.75,0.04,9.84,-0.01,-0.00,0.01
1.69,86.94,-9.88,1.67,1.25,-0.04,-0.01,-0.03,0.76,0.05,9.82,-0.00,-0.00,0.01
1.70,86.98,-9.87,1.66,1.25,-0.04,-0.01,-0.02,0.78,0.04,9.82,-0.00,-0.00,0.01
1.72,87.02,-9.87,1.65,1.27,-0.04,-0.02,-0.01,0.79,0.05,9.82,-0.00,-0.00,0.01
1.74,87.04,-9.88,1.65,1.28,-0.04,-0.02,-0.01,0.79,0.06,9.83,-0.00,-0.00,0.01
1.75,87.05,-9.89,1.66,1.28,-0.04,-0.02,-0.00,0.77,0.06,9.85,0.00,-0.00,0.01
1.76,87.05,-9.88,1.66,1.29,-0.03,-0.02,0.00,0.76,0.06,9.86,0.00,-0.00,0.02
1.77,87.05,-9.88,1.67,1.28,-0.03,-0.02,0.01,0.74,0.07,9.86,0.00,-0.00,0.01
1.78,87.05,-9.86,1.69,1.27,-0.03,-0.02,0.01,0.74,0.08,9.86,0.01,-0.00,0.02
1.80,87.03,-9.85,1.71,1.26,-0.03,-0.03,0.02,0.73,0.07,9.86,0.01,-0.00,0.02
1.81,87.02,-9.86,1.73,1.26,-0.03,-0.03,0.02,0.71,0.07,9.86,0.00,-0.00,0.02
1.83,87.02,-9.85,1.74,1.26,-0.03,-0.03,0.02,0.71,0.06,9.86,0.01,-0.00,0.03
1.84,86.99,-9.85,1.74,1.27,-0.03,-0.03,0.02,0.70,0.07,9.87,0.01,-0.00,0.03
1.86,86.97,-9.85,1.75,1.27,-0.03,-0.03,0.02,0.70,0.08,9.85,0.01,0.00,0.03
1.87,86.95,-9.84,1.76,1.28,-0.03,-0.03,0.02,0.70,0.09,9.85,0.01,0.00,0.03
1.88,86.94,-9.82,1.76,1.28,-0.03,-0.03,0.02,0.72,0.10,9.84,0.01,0.00,0.03
1.90,86.92,-9.82,1.77,1.29,-0.04,-0.03,0.02,0.73,0.11,9.84,0.01,0.00,0.03
1.91,86.92,-9.80,1.78,1.28,-0.04,-0.03,0.02,0.74,0.12,9.84,0.01,0.00,0.03
1.92,86.90,-9.82,1.79,1.31,-0.04,-0.02,0.01,0.74,0.14,9.84,0.00,-0.00,0.02
1.94,86.89,-9.81,1.79,1.31,-0.04,-0.02,0.01,0.76,0.14,9.83,0.00,-0.00,0.01
1.95,86.89,-9.83,1.79,1.30,-0.04,-0.02,-0.00,0.74,0.14,9.83,0.00,-0.00,0.01
1.97,86.88,-9.81,1.80,1.29,-0.04,-0.02,-0.01,0.74,0.14,9.84,0.00,-0.00,0.00
1.98,86.88,-9.82,1.80,1.30,-0.04,-0.02,-0.01,0.73,0.14,9.82,-0.00,-0.00,0.00
1.99,86.88,-9.82,1.79,1.29,-0.04,-0.02,-0.01,0.75,0.13,9.82,-0.00,-0.00,-0.00
2.01,86.88,-9.82,1.79,1.31,-0.04,-0.02,-0.01,0.74,0.12,9.82,-0.00,-0.00,-0.01
2.02,86.88,-9.83,1.79,1.30,-0.04,-0.02,-0.02,0.72,0.11,9.84,-0.00,-0.00,-0.01
2.03,86.88,-9.83,1.78,1.28,-0.04,-0.02,-0.02,0.74,0.11,9.86,-0.01,-0.00,-0.02
2.05,86.88,-9.83,1.77,1.30,-0.04,-0.02,-0.02,0.73,0.11,9.84,-0.01,-0.00,-0.02
2.06,86.87,-9.83,1.76,1.29,-0.04,-0.02,-0.02,0.72,0.10,9.84,-0.01,-0.00,-0.02
2.08,86.87,-9.84,1.76,1.28,-0.04,-0.01,-0.02,0.71,0.09,9.84,-0.01,-0.00,-0.02
2.09,86.88,-9.83,1.76,1.27,-0.05,-0.01,-0.02,0.72,0.09,9.84,-0.00,-0.00,-0.01
2.10,86.88,-9.84,1.74,1.28,-0.05,-0.01,-0.02,0.73,0.10,9.85,-0.00,-0.00,-0.01
2.12,86.88,-9.86,1.73,1.27,-0.05,-0.01,-0.02,0.72,0.09,9.84,-0.00,-0.00,-0.01
2.13,86.89,-9.85,1.73,1.28,-0.05,-0.01,-0.02,0.74,0.10,9.84,-0.00,-0.00,-0.01
2.14,86.89,-9.86,1.73,1.29,-0.05,-0.01,-0.02,0.73,0.10,9.83,-0.00,-0.00,-0.01
2.15,86.90,-9.85,1.73,1.28,-0.04,-0.02,-0.02,0.74,0.10,9.83,-0.00,-0.00,-0.01
2.16,86.91,-9.85,1.72,1.28,-0.04,-0.02,-0.02,0.74,0.09,9.85,-0.01,-0.00,-0.01
2.18,86.92,-9.86,1.72,1.28,-0.04,-0.02,-0.02,0.72,0.09,9.84,-0.00,-0.00,-0.01
2.19,86.92,-9.86,1.71,1.27,-0.04,-0.02,-0.02,0.72,0.08,9.85,-0.00,-0.00,-0.01
2.21,86.92,-9.87,1.70,1.28,-0.04,-0.02,-0.01,0.71,0.07,9.84,-0.00,-0.00,-0.00
2.22,86.91,-9.86,1.71,1.27,-0.04,-0.02,-0.01,0.70,0.08,9.84,-0.00,-0.00,0.00
2.23,86.91,-9.86,1.71,1.27,-0.04,-0.02,-0.01,0.71,0.07,9.85,-0.00,-0.00,0.00
2.24,86.91,-9.87,1.71,1.27,-0.04,-0.02,-0.00,0.70,0.06,9.84,-0.00,-0.00,0.00
2.26,86.91,-9.86,1.71,1.26,-0.04,-0.02,-0.00,0.71,0.08,9.86,0.00,-0.00,0.00
2.27,86.91,-9.85,1.71,1.27,-0.04,-0.02,0.00,0.72,0.08,9.86,0.00,-0.00,0.01
2.29,86.91,-9.86,1.72,1.29,-0.04,-0.02,0.00,0.72,0.09,9.87,0.00,-0.00,0.01
2.30,86.90,-9.85,1.73,1.29,-0.04,-0.02,0.00,0.71,0.10,9.84,0.00,-0.00,0.00
2.31,86.89,-9.84,1.74,1.28,-0.04,-0.02,0.00,0.74,0.11,9.83,0.00,-0.00,0.00
2.33,86.89,-9.85,1.74,1.29,-0.04,-0.02,-0.00,0.73,0.11,9.83,0.00,-0.00,0.00
2.35,86.89,-9.85,1.75,1.30,-0.04,-0.02,-0.01,0.74,0.11,9.83,0.00,-0.00,-0.00
2.36,86.89,-9.83,1.74,1.29,-0.04,-0.02,-0.01,0.74,0.12,9.83,0.00,-0.00,-0.00
2.37,86.89,-9.85,1.74,1.29,-0.04,-0.02,-0.01,0.73,0.11,9.83,0.00,-0.00,-0.00
2.38,86.89,-9.84,1.75,1.28,-0.04,-0.02,-0.01,0.73,0.10,9.83,-0.00,-0.00,-0.01
2.39,86.88,-9.86,1.74,1.29,-0.04,-0.02,-0.01,0.71,0.10,9.83,-0.00,-0.00,-0.01
2.40,86.88,-9.86,1.74,1.27,-0.04,-0.02,-0.01,0.70,0.10,9.84,-0.00,-0.00,-0.00
2.42,86.88,-9.87,1.73,1.27,-0.04,-0.02,-0.01,0.72,0.09,9.84,-0.00,-0.00,0.00
2.43,86.88,-9.87,1.71,1.27,-0.04,-0.02,-0.01,0.71,0.08,9.84,0.00,-0.00,0.00
2.44,86.89,-9.86,1.70,1.27,-0.04,-0.02,-0.01,0.74,0.08,9.84,0.00,-0.00,0.00
2.45,86.89,-9.86,1.69,1.27,-0.04,-0.02,-0.00,0.73,0.08,9.84,0.00,-0.00,0.00
2.46,86.90,-9.86,1.70,1.28,-0.04,-0.02,-0.00,0.73,0.08,9.84,0.00,-0.00,0.00
2.48,86.90,-9.85,1.72,1.27,-0.04,-0.02,-0.00,0.73,0.09,9.85,0.00,-0.00,0.00
2.50,86.90,-9.85,1.72,1.27,-0.04,-0.02,-0.00,0.73,0.10,9.84,0.00,-0.00,0.01
2.52,86.90,-9.85,1.72,1.28,-0.04,-0.02,-0.00,0.73,0.11,9.84,0.00,-0.00,0.01
2.53,86.90,-9.84,1.72,1.29,-0.04,-0.02,-0.00,0.74,0.11,9.84,0.00,-0.00,0.00
2.54,86.89,-9.84,1.73,1.30,-0.04,-0.02,-0.00,0.75,0.11,9.84,0.00,-0.00,0.00
2.55,86.89,-9.84,1.73,1.30,-0.04,-0.02,-0.00,0.73,0.11,9.85,0.00,-0.00,-0.00
2.56,86.89,-9.84,1.74,1.30,-0.04,-0.02,-0.00,0.73,0.11,9.83,0.00,-0.00,-0.00
2.57,86.88,-9.84,1.75,1.29,-0.04,-0.02,-0.01,0.73,0.11,9.85,0.00,-0.00,-0.00
2.58,86.88,-9.82,1.75,1.29,-0.04,-0.02,-0.01,0.74,0.11,9.83,-0.00,-0.00,-0.01
2.60,86.87,-9.82,1.74,1.29,-0.04,-0.02,-0.01,0.74,0.11,9.85,-0.00,-0.00,-0.01
2.62,86.87,-9.83,1.74,1.29,-0.04,-0.02,-0.02,0.74,0.12,9.85,-0.00,-0.00,-0.01
2.64,86.87,-9.84,1.73,1.28,-0.04,-0.02,-0.02,0.72,0.12,9.84,-0.00,-0.00,-0.02
2.65,86.86,-9.83,1.73,1.28,-0.03,-0.02,-0.02,0.72,0.13,9.84,-0.01,-0.00,-0.01
2.66,86.86,-9.82,1.73,1.29,-0.03,-0.02,-0.02,0.73,0.11,9.85,-0.01,-0.00,-0.01
2.68,86.86,-9.85,1.72,1.29,-0.03,-0.02,-0.02,0.73,0.13,9.84,-0.01,-0.01,-0.01
2.69,86.86,-9.83,1.73,1.28,-0.03,-0.02,-0.02,0.74,0.13,9.84,-0.01,-0.01,-0.01
2.70,86.87,-9.83,1.72,1.28,-0.03,-0.02,-0.03,0.77,0.10,9.85,-0.01,-0.01,-0.01
2.72,86.88,-9.85,1.73,1.28,-0.02,-0.02,-0.03,0.73,0.09,9.85,-0.01,-0.01,-0.01
2.73,86.89,-9.83,1.72,1.26,-0.03,-0.02,-0.03,0.73,0.08,9.85,-0.01,-0.01,-0.02
2.75,86.90,-9.83,1.70,1.26,-0.03,-0.02,-0.03,0.73,0.07,9.84,-0.01,-0.01,-0.02
2.77,86.91,-9.84,1.69,1.28,-0.03,-0.02,-0.03,0.72,0.07,9.85,-0.01,-0.00,-0.02
2.78,86.91,-9.87,1.68,1.28,-0.03,-0.02,-0.02,0.72,0.07,9.84,-0.01,-0.00,-0.01
2.79,86.92,-9.85,1.67,1.27,-0.03,-0.02,-0.02,0.73,0.06,9.84,-0.01,-0.00,-0.01
2.80,86.92,-9.87,1.67,1.27,-0.03,-0.02,-0.02,0.73,0.06,9.84,-0.01,-0.00,-0.01
2.81,86.93,-9.87,1.68,1.28,-0.04,-0.02,-0.01,0.73,0.07,9.85,-0.01,-0.00,-0.01
2.84,86.93,-9.87,1.69,1.28,-0.04,-0.02,-0.01,0.73,0.08,9.86,-0.01,-0.00,-0.01
2.