=~=~=~=~=~=~=~=~=~=~=~= PuTTY log 2024.05.21 12:35:09 =~=~=~=~=~=~=~=~=~=~=~=
,72.87,-9.27,2.84,2.80,-0.05,-0.04,-0.00,-0.01,0.90,9.95,0.03,0.01,0.00
4325.98,72.87,-9.26,2.88,2.79,-0.05,-0.04,-0.01,0.01,0.91,9.95,0.03,0.01,0.00
4326.00,72.86,-9.25,2.90,2.80,-0.05,-0.04,-0.01,0.00,0.91,9.96,0.02,0.01,-0.00
4326.02,72.85,-9.26,2.89,2.81,-0.05,-0.04,-0.02,0.01,0.90,9.97,0.02,0.01,-0.00
4326.03,72.83,-9.27,2.88,2.82,-0.05,-0.05,-0.02,0.01,0.90,9.97,0.01,0.00,0.00
4326.04,72.83,-9.27,2.87,2.82,-0.05,-0.05,-0.02,0.02,0.90,9.99,0.01,0.00,-0.00
4326.05,72.82,-9.27,2.85,2.82,-0.05,-0.05,-0.02,0.01,0.89,9.98,0.00,-0.00,-0.00
4326.07,72.81,-9.28,2.82,2.82,-0.05,-0.04,-0.02,-0.02,0.89,9.99,-0.00,-0.00,-0.00
4326.08,72.79,-9.30,2.81,2.82,-0.05,-0.04,-0.01,-0.04,0.89,10.01,-0.00,-0.01,-0.00
4326.09,72.78,-9.31,2.80,2.82,-0.05,-0.05,-0.00,-0.04,0.90,10.03,-0.00,-0.01,0.00
4326.11,72.76,-9.31,2.79,2.83,-0.05,-0.05,0.01,-0.06,0.91,10.04,0.00,-0.01,0.01
4326.12,72.74,-9.30,2.80,2.84,-0.05,-0.05,0.02,-0.05,0.92,10.05,0.00,-0.01,0.01
4326.14,72.72,-9.29,2.82,2.85,-0.05,-0.04,0.02,-0.06,0.93,10.07,0.01,-0.01,0.02
4326.15,72.70,-9.29,2.83,2.87,-0.05,-0.04,0.02,-0.05,0.95,10.07,0.01,-0.01,0.02
4326.16,72.68,-9.30,2.85,2.89,-0.04,-0.04,0.02,-0.02,0.96,10.08,0.01,-0.01,0.02
4326.17,72.67,-9.31,2.87,2.89,-0.04,-0.04,0.02,0.00,0.97,10.06,0.01,-0.01,0.01
4326.19,72.67,-9.28,2.88,2.89,-0.03,-0.03,0.02,0.03,0.96,10.04,0.01,-0.01,0.01
4326.20,72.67,-9.27,2.89,2.88,-0.03,-0.03,0.02,0.02,0.95,10.01,0.01,-0.00,0.01
4326.21,72.67,-9.25,2.88,2.87,-0.03,-0.03,0.02,0.01,0.94,9.98,0.01,-0.00,0.01
4326.23,72.67,-9.24,2.86,2.84,-0.03,-0.03,0.02,0.01,0.92,9.96,0.01,0.00,0.01
4326.25,72.68,-9.23,2.86,2.83,-0.04,-0.03,0.02,0.01,0.90,9.95,0.02,0.00,0.01
4326.27,72.69,-9.24,2.87,2.85,-0.04,-0.03,0.03,0.02,0.91,9.97,0.02,0.00,0.01
4326.28,72.69,-9.25,2.88,2.86,-0.04,-0.03,0.03,0.01,0.92,10.01,0.01,0.00,0.01
4326.29,72.69,-9.26,2.90,2.87,-0.04,-0.03,0.03,0.01,0.94,10.04,0.01,-0.00,0.01
4326.31,72.69,-9.27,2.92,2.87,-0.04,-0.03,0.02,0.01,0.96,10.04,0.01,-0.00,0.00
4326.32,72.70,-9.25,2.92,2.87,-0.04,-0.02,0.02,-0.00,0.98,10.03,0.01,-0.00,0.00
4326.34,72.70,-9.24,2.93,2.86,-0.04,-0.02,0.01,0.00,1.00,10.00,0.01,-0.00,0.00
4326.35,72.71,-9.23,2.93,2.84,-0.03,-0.02,0.01,-0.01,1.00,9.98,0.01,-0.00,0.00
4326.36,72.72,-9.22,2.94,2.84,-0.03,-0.02,0.00,-0.02,1.00,9.97,0.01,-0.00,0.00
4326.37,72.72,-9.21,2.94,2.84,-0.03,-0.02,-0.01,-0.01,0.99,9.97,0.01,-0.00,-0.00
4326.39,72.72,-9.22,2.93,2.85,-0.03,-0.03,-0.01,-0.00,0.98,9.96,0.01,-0.00,-0.00
4326.40,72.72,-9.23,2.91,2.84,-0.03,-0.03,-0.01,-0.02,0.96,9.97,0.01,-0.00,-0.01
4326.41,72.72,-9.24,2.91,2.85,-0.03,-0.03,-0.01,-0.01,0.95,9.98,0.01,-0.00,-0.00
4326.43,72.72,-9.25,2.90,2.85,-0.03,-0.03,-0.01,-0.01,0.93,9.99,0.01,-0.00,-0.00
4326.44,72.72,-9.25,2.88,2.86,-0.03,-0.03,-0.01,-0.02,0.93,9.99,0.01,-0.00,-0.00
4326.45,72.71,-9.26,2.87,2.85,-0.04,-0.03,-0.01,-0.03,0.92,10.00,0.01,-0.00,-0.00
4326.46,72.71,-9.27,2.87,2.86,-0.04,-0.03,-0.00,-0.03,0.92,10.01,0.01,-0.00,-0.00
4326.47,72.70,-9.28,2.86,2.86,-0.04,-0.03,0.00,-0.02,0.91,10.04,0.01,-0.00,0.00
4326.50,72.69,-9.29,2.87,2.86,-0.04,-0.03,0.00,-0.01,0.92,10.05,0.01,-0.00,0.01
4326.51,72.70,-9.29,2.87,2.87,-0.04,-0.03,0.01,-0.01,0.93,10.03,0.01,-0.00,0.00
4326.52,72.70,-9.29,2.88,2.87,-0.04,-0.02,0.01,-0.01,0.94,10.01,0.01,-0.00,0.00
4326.53,72.71,-9.27,2.89,2.85,-0.03,-0.02,0.01,-0.00,0.95,10.01,0.01,-0.00,0.00
4326.55,72.72,-9.26,2.90,2.85,-0.03,-0.02,0.01,-0.02,0.95,9.99,0.01,-0.00,0.00
4326.56,72.72,-9.25,2.89,2.85,-0.03,-0.02,0.01,-0.02,0.95,9.98,0.01,-0.00,0.01
4326.58,72.71,-9.25,2.90,2.85,-0.03,-0.02,0.01,-0.02,0.95,9.98,0.01,-0.00,0.01
4326.59,72.71,-9.25,2.89,2.85,-0.03,-0.02,0.01,-0.01,0.95,9.99,0.01,-0.00,0.01
4326.60,72.71,-9.24,2.91,2.86,-0.04,-0.02,0.01,-0.01,0.95,9.99,0.01,-0.00,0.01
4326.62,72.71,-9.25,2.91,2.87,-0.04,-0.02,0.01,0.00,0.96,10.00,0.01,-0.00,0.01
4326.63,72.72,-9.25,2.93,2.87,-0.04,-0.02,0.01,0.01,0.97,9.98,0.01,-0.00,0.01
4326.64,72.72,-9.23,2.93,2.88,-0.04,-0.02,0.01,0.01,0.97,9.98,0.01,-0.00,0.01
4326.66,72.72,-9.22,2.93,2.87,-0.04,-0.02,0.01,0.02,0.98,9.95,0.01,-0.00,0.01
4326.67,72.72,-9.22,2.92,2.87,-0.04,-0.02,0.00,0.02,0.97,9.95,0.01,-0.00,0.00
4326.68,72.73,-9.22,2.93,2.87,-0.04,-0.03,0.00,0.02,0.97,9.95,0.01,-0.00,0.00
4326.70,72.73,-9.22,2.93,2.86,-0.04,-0.03,-0.00,0.02,0.98,9.95,0.01,-0.00,0.00
4326.71,72.74,-9.21,2.93,2.86,-0.04,-0.03,-0.00,0.02,0.98,9.97,0.00,-0.00,0.00
4326.72,72.74,-9.24,2.92,2.86,-0.04,-0.03,-0.01,0.01,0.96,9.97,0.00,-0.00,0.00
4326.73,72.75,-9.25,2.91,2.87,-0.04,-0.03,-0.01,0.01,0.96,9.96,0.00,-0.00,0.00
4326.75,72.75,-9.25,2.91,2.86,-0.04,-0.03,-0.01,0.01,0.95,9.98,0.00,-0.00,-0.00
4326.76,72.75,-9.24,2.91,2.87,-0.04,-0.03,-0.01,-0.00,0.96,9.99,0.00,-0.00,-0.00
4326.77,72.74,-9.24,2.91,2.87,-0.04,-0.03,-0.01,-0.01,0.95,9.99,0.00,-0.00,-0.00
4326.78,72.74,-9.24,2.91,2.86,-0.04,-0.03,-0.01,-0.00,0.96,9.99,0.00,-0.00,-0.00
4326.80,72.75,-9.24,2.91,2.86,-0.04,-0.03,-0.01,0.01,0.96,9.98,0.00,-0.00,-0.00
4326.81,72.75,-9.24,2.91,2.87,-0.04,-0.03,-0.01,0.01,0.97,9.99,0.00,-0.00,-0.00
4326.83,72.74,-9.25,2.91,2.87,-0.04,-0.03,-0.01,0.00,0.97,10.01,0.00,-0.00,-0.00
4326.85,72.74,-9.25,2.91,2.89,-0.04,-0.03,-0.01,0.01,0.95,10.02,0.00,0.00,-0.00
4326.86,72.73,-9.25,2.90,2.90,-0.04,-0.02,-0.01,0.01,0.96,10.01,0.00,0.00,-0.00
4326.87,72.73,-9.25,2.90,2.90,-0.04,-0.02,-0.01,0.01,0.95,10.01,0.00,0.00,-0.00
4326.88,72.72,-9.25,2.90,2.90,-0.04,-0.02,-0.01,0.02,0.95,9.99,-0.00,0.00,-0.00
4326.89,72.72,-9.24,2.89,2.90,-0.04,-0.02,-0.01,0.02,0.95,10.00,-0.00,0.00,-0.00
4326.91,72.71,-9.25,2.89,2.89,-0.04,-0.02,-0.01,0.02,0.96,10.00,-0.00,0.00,-0.01
4326.92,72.71,-9.25,2.89,2.89,-0.04,-0.02,-0.01,-0.00,0.95,10.00,-0.00,0.00,-0.00
4326.93,72.71,-9.25,2.88,2.88,-0.04,-0.02,-0.01,0.00,0.96,10.01,-0.00,0.00,-0.00
4326.95,72.71,-9.25,2.89,2.87,-0.03,-0.02,-0.01,-0.00,0.95,10.01,0.00,0.00,-0.00
4326.96,72.71,-9.25,2.88,2.88,-0.03,-0.02,-0.01,-0.00,0.95,9.99,0.00,0.00,-0.00
4326.97,72.71,-9.25,2.88,2.87,-0.03,-0.02,-0.01,0.01,0.95,9.99,0.00,0.00,-0.00
4326.98,72.72,-9.25,2.88,2.86,-0.03,-0.02,-0.01,0.00,0.94,9.98,0.00,0.00,-0.00
4327.00,72.72,-9.25,2.88,2.86,-0.03,-0.02,-0.01,-0.01,0.93,10.00,0.00,0.00,-0.00
4327.01,72.72,-9.25,2.87,2.88,-0.03,-0.02,-0.01,-0.01,0.93,9.99,0.00,0.00,-0.00
4327.02,72.71,-9.25,2.87,2.88,-0.03,-0.02,-0.01,-0.01,0.93,9.99,0.00,0.00,-0.00
4327.03,72.71,-9.25,2.87,2.87,-0.03,-0.02,-0.01,-0.02,0.93,10.00,0.00,0.00,-0.00
4327.05,72.70,-9.24,2.88,2.88,-0.03,-0.02,-0.01,0.01,0.94,10.00,0.00,0.00,-0.00
4327.06,72.71,-9.25,2.88,2.88,-0.03,-0.02,-0.01,0.01,0.94,10.00,0.00,0.00,-0.00
4327.08,72.71,-9.25,2.88,2.87,-0.03,-0.02,-0.01,0.01,0.95,10.00,0.00,0.00,-0.00
4327.09,72.72,-9.26,2.88,2.88,-0.03,-0.02,-0.01,0.01,0.95,10.00,0.00,0.00,-0.00
4327.10,72.72,-9.25,2.88,2.88,-0.03,-0.02,-0.01,0.01,0.95,10.00,0.00,0.00,-0.00
4327.12,72.72,-9.25,2.88,2.89,-0.03,-0.02,-0.01,0.01,0.95,9.99,0.00,0.00,-0.00
4327.13,72.72,-9.25,2.88,2.88,-0.03,-0.02,-0.01,0.01,0.94,10.00,0.00,0.00,-0.00
4327.15,72.73,-9.25,2.88,2.87,-0.03,-0.02,-0.01,-0.01,0.93,10.01,0.00,0.00,-0.00
4327.16,72.73,-9.24,2.89,2.87,-0.03,-0.02,-0.01,0.00,0.94,10.00,0.00,0.00,-0.00
4327.17,72.73,-9.24,2.89,2.87,-0.03,-0.02,-0.01,0.00,0.94,9.98,0.00,0.00,-0.00
4327.19,72.73,-9.25,2.89,2.87,-0.03,-0.02,-0.01,-0.01,0.94,9.99,0.00,0.00,-0.00
4327.20,72.74,-9.25,2.89,2.86,-0.04,-0.02,-0.01,0.00,0.95,9.99,0.00,0.00,-0.00
4327.21,72.73,-9.25,2.87,2.87,-0.04,-0.02,-0.01,-0.01,0.95,10.00,0.00,0.00,-0.00
4327.23,72.73,-9.24,2.87,2.87,-0.04,-0.02,-0.01,-0.01,0.94,10.00,0.00,0.00,-0.00
4327.25,72.73,-9.25,2.88,2.87,-0.04,-0.02,-0.01,-0.01,0.94,10.00,0.00,0.00,-0.00
4327.26,72.73,-9.26,2.88,2.87,-0.04,-0.02,-0.01,0.00,0.94,10.00,0.00,0.00,-0.00
4327.27,72.73,-9.26,2.87,2.87,-0.04,-0.02,-0.01,-0.01,0.94,10.01,0.00,0.00,-0.00
4327.29,72.73,-9.26,2.86,2.87,-0.04,-0.02,-0.01,-0.01,0.93,10.01,-0.00,0.01,-0.00
4327.31,72.73,-9.26,2.86,2.87,-0.03,-0.02,-0.01,-0.00,0.93,10.02,0.00,0.01,-0.00
4327.32,72.73,-9.26,2.86,2.86,-0.03,-0.02,-0.01,-0.01,0.93,10.01,0.00,0.00,-0.00
4327.34,72.74,-9.27,2.86,2.86,-0.03,-0.02,-0.01,0.01,0.93,10.01,0.00,0.00,-0.00
4327.35,72.75,-9.26,2.85,2.86,-0.03,-0.02,-0.01,-0.01,0.93,10.01,0.00,0.00,-0.00
4327.36,72.76,-9.26,2.85,2.85,-0.03,-0.02,-0.01,-0.00,0.93,10.00,0.00,0.00,-0.00
4327.37,72.77,-9.26,2.85,2.85,-0.03,-0.02,-0.00,-0.00,0.93,9.99,0.00,0.00,-0.00
4327.39,72.78,-9.26,2.86,2.85,-0.03,-0.02,-0.00,0.00,0.92,9.99,0.00,0.00,0.00
4327.40,72.79,-9.26,2.86,2.85,-0.03,-0.02,-0.00,0.01,0.92,9.99,0.00,0.00,0.00
4327.42,72.79,-9.26,2.86,2.86,-0.03,-0.02,-0.00,-0.00,0.91,9.99,0.00,0.00,0.00
4327.43,72.80,-9.27,2.86,2.86,-0.03,-0.02,-0.00,-0.01,0.93,10.00,0.00,0.00,0.00
4327.44,72.80,-9.27,2.86,2.85,-0.03,-0.02,-0.00,-0.01,0.93,10.00,0.00,0.00,-0.00
4327.45,72.81,-9.27,2.87,2.85,-0.03,-0.02,-0.00,-0.01,0.93,10.01,0.00,0.00,-0.00
4327.47,72.82,-9.27,2.86,2.84,-0.03,-0.02,-0.00,-0.02,0.94,10.02,0.00,0.00,-0.00
4327.48,72.83,-9.28,2.87,2.85,-0.03,-0.02,-0.00,-0.02,0.94,10.01,0.00,0.00,-0.00
4327.49,72.83,-9.27,2.86,2.86,-0.03,-0.02,-0.00,-0.01,0.93,9.99,0.00,0.00,0.00
4327.51,72.83,-9.26,2.86,2.86,-0.03,-0.02,-0.01,-0.01,0.93,10.00,0.00,0.00,0.00
4327.52,72.83,-9.27,2.85,2.86,-0.03,-0.02,-0.01,-0.01,0.93,10.00,0.00,0.00,0.00
4327.54,72.83,-9.26,2.85,2.85,-0.03,-0.02,-0.01,-0.01,0.92,10.00,0.00,0.00,0.00
4327.56,72.83,-9.26,2.85,2.85,-0.03,-0.02,-0.01,-0.01,0.93,10.00,0.00,0.00,0.00
4327.57,72.84,-9.26,2.85,2.85,-0.03,-0.02,-0.01,-0.00,0.92,10.00,0.00,0.00,0.00
4327.58,72.84,-9.25,2.85,2.86,-0.03,-0.02,-0.00,-0.01,0.92,10.00,0.00,0.00,0.00
4327.59,72.84,-9.26,2.86,2.84,-0.04,-0.02,-0.00,-0.02,0.93,10.01,0.00,0.00,0.00
4327.61,72.84,-9.25,2.86,2.84,-0.04,-0.02,-0.00,-0.03,0.94,10.02,0.00,0.00,0.00
4327.62,72.84,-9.26,2.85,2.84,-0.04,-0.02,-0.00,-0.02,0.94,10.01,0.00,0.00,0.00
4327.64,72.84,-9.27,2.85,2.84,-0.04,-0.02,-0.00,-0.02,0.93,10.00,0.00,0.00,0.00
4327.65,72.85,-9.27,2.85,2.83,-0.04,-0.02,-0.00,-0.02,0.93,10.01,0.01,0.00,0.00
4327.66,72.85,-9.27,2.85,2.84,-0.04,-0.02,-0.00,-0.02,0.93,10.00,0.00,0.00,0.00
4327.67,72.85,-9.28,2.85,2.85,-0.04,-0.02,0.00,-0.03,0.93,10.00,0.01,0.00,0.00
4327.69,72.85,-9.28,2.85,2.84,-0.04,-0.02,0.00,-0.02,0.93,10.01,0.00,0.00,0.00
4327.70,72.86,-9.27,2.86,2.84,-0.04,-0.02,0.00,-0.02,0.93,10.00,0.00,0.00,0.00
4327.71,72.86,-9.26,2.85,2.83,-0.04,-0.02,-0.00,-0.01,0.94,10.00,0.00,0.00,0.00
4327.73,72.87,-9.25,2.85,2.83,-0.04,-0.02,-0.00,-0.01,0.93,9.99,0.00,0.00,0.00
4327.74,72.87,-9.25,2.85,2.84,-0.04,-0.02,-0.00,-0.01,0.93,9.98,0.00,0.00,0.00
4327.75,72.87,-9.26,2.85,2.84,-0.04,-0.02,-0.00,-0.02,0.93,9.99,0.00,0.00,0.00
4327.76,72.87,-9.26,2.85,2.85,-0.04,-0.02,0.00,-0.01,0.93,10.00,0.00,0.00,0.00
4327.78,72.87,-9.27,2.85,2.86,-0.04,-0.02,0.00,-0.01,0.93,10.01,0.00,0.00,0.00
4327.79,72.86,-9.27,2.85,2.86,-0.04,-0.02,0.00,-0.01,0.92,10.01,0.00,0.00,0.00
4327.80,72.86,-9.28,2.85,2.86,-0.04,-0.02,0.00,-0.01,0.92,10.01,0.00,0.00,0.00
4327.81,72.86,-9.28,2.86,2.86,-0.04,-0.02,0.00,-0.00,0.93,10.01,0.01,0.00,0.00
4327.83,72.86,-9.27,2.86,2.86,-0.04,-0.02,0.00,-0.01,0.93,10.00,0.00,0.00,0.00
4327.84,72.86,-9.26,2.86,2.86,-0.04,-0.02,-0.00,-0.00,0.94,9.99,0.00,0.00,-0.00
4327.85,72.86,-9.26,2.85,2.86,-0.04,-0.02,-0.00,-0.01,0.94,9.97,0.00,0.00,-0.00
4327.87,72.86,-9.25,2.85,2.86,-0.03,-0.02,-0.00,-0.01,0.94,9.98,0.01,0.00,0.00
4327.88,72.85,-9.25,2.85,2.86,-0.03,-0.02,-0.00,-0.01,0.93,9.98,0.01,0.00,0.00
4327.90,72.85,-9.25,2.85,2.87,-0.03,-0.02,-0.00,-0.02,0.93,10.00,0.01,0.00,0.00
4327.91,72.85,-9.27,2.85,2.86,-0.03,-0.02,-0.00,-0.01,0.92,10.01,0.01,0.00,0.00
4327.92,72.85,-9.27,2.85,2.86,-0.04,-0.02,-0.00,-0.03,0.93,10.02,0.01,-0.00,0.00
4327.94,72.84,-9.26,2.85,2.86,-0.04,-0.02,0.00,-0.03,0.93,10.00,0.01,-0.00,0.00
4327.96,72.84,-9.26,2.85,2.86,-0.04,-0.02,0.00,-0.02,0.93,10.00,0.01,-0.00,0.00
4327.97,72.83,-9.25,2.85,2.85,-0.04,-0.02,0.00,-0.02,0.93,10.00,0.01,-0.00,0.00
4327.98,72.83,-9.25,2.85,2.85,-0.04,-0.02,0.00,-0.02,0.93,9.98,0.01,0.00,0.00
4328.00,72.83,-9.25,2.85,2.86,-0.04,-0.02,0.00,-0.02,0.93,10.00,0.01,0.00,0.00
4328.01,72.82,-9.27,2.85,2.86,-0.04,-0.02,0.00,-0.02,0.93,10.01,0.01,0.00,0.00
4328.02,72.82,-9.28,2.85,2.86,-0.04,-0.02,0.00,-0.01,0.93,10.02,0.01,0.00,0.00
4328.04,72.82,-9.28,2.85,2.86,-0.04,-0.02,0.00,-0.01,0.93,10.02,0.00,0.00,0.00
4328.05,72.82,-9.27,2.85,2.86,-0.04,-0.02,0.00,-0.02,0.93,10.02,0.00,0.00,0.00
4328.06,72.82,-9.27,2.85,2.86,-0.04,-0.02,0.00,-0.02,0.93,10.02,0.01,0.00,0.00
4328.08,72.82,-9.27,2.85,2.86,-0.04,-0.02,0.00,-0.01,0.94,10.01,0.01,0.00,0.00
4328.09,72.82,-9.27,2.86,2.86,-0.04,-0.02,0.01,-0.01,0.94,10.01,0.01,0.00,0.00
4328.10,72.82,-9.26,2.87,2.88,-0.03,-0.02,0.01,-0.00,0.94,10.01,0.01,0.00,0.01
4328.11,72.82,-9.26,2.87,2.87,-0.03,-0.02,0.00,-0.01,0.94,10.01,0.01,0.00,0.01
4328.13,72.82,-9.25,2.87,2.86,-0.03,-0.02,0.00,0.01,0.94,10.00,0.01,0.00,0.00
4328.14,72.82,-9.25,2.86,2.86,-0.03,-0.02,0.00,0.01,0.93,10.01,0.01,0.00,0.00
4328.15,72.82,-9.26,2.86,2.86,-0.03,-0.02,0.00,0.00,0.93,10.00,0.01,0.00,0.00
4328.17,72.83,-9.25,2.85,2.85,-0.04,-0.02,0.00,0.01,0.93,10.00,0.01,-0.00,0.00
4328.18,72.84,-9.25,2.85,2.86,-0.04,-0.02,0.00,-0.00,0.93,10.01,0.01,-0.00,0.00
4328.19,72.84,-9.25,2.86,2.86,-0.04,-0.02,0.00,-0.00,0.93,10.02,0.01,-0.00,0.00
4328.21,72.85,-9.26,2.86,2.86,-0.04,-0.02,0.00,-0.00,0.93,10.00,0.01,-0.00,0.00
4328.22,72.85,-9.25,2.87,2.86,-0.04,-0.02,0.00,0.00,0.94,9.99,0.01,-0.00,0.00
4328.23,72.85,-9.25,2.88,2.86,-0.04,-0.02,-0.00,0.00,0.94,9.97,0.01,-0.00,0.00
4328.24,72.86,-9.25,2.87,2.85,-0.03,-0.02,-0.00,0.01,0.95,9.97,0.01,-0.00,0.00
4328.26,72.86,-9.24,2.87,2.84,-0.03,-0.03,-0.00,-0.01,0.94,9.96,0.00,-0.00,-0.00
4328.27,72.87,-9.25,2.86,2.83,-0.03,-0.03,-0.00,-0.02,0.93,9.96,0.00,-0.00,-0.00
4328.29,72.86,-9.25,2.85,2.84,-0.04,-0.03,-0.00,-0.03,0.92,9.97,0.00,-0.00,0.00
4328.31,72.85,-9.27,2.84,2.85,-0.04,-0.03,0.00,-0.04,0.90,10.02,0.00,-0.00,0.00
4328.32,72.83,-9.28,2.83,2.86,-0.04,-0.03,0.00,-0.04,0.89,10.05,0.00,-0.00,0.01
4328.34,72.82,-9.28,2.83,2.88,-0.04,-0.02,0.01,-0.04,0.89,10.06,0.00,0.00,0.01
4328.35,72.80,-9.28,2.83,2.89,-0.04,-0.02,0.01,-0.03,0.90,10.06,0.01,0.00,0.01
4328.36,72.79,-9.28,2.84,2.89,-0.04,-0.02,0.01,-0.01,0.91,10.05,0.01,0.00,0.01
4328.38,72.79,-9.26,2.85,2.88,-0.04,-0.02,0.01,-0.01,0.91,10.03,0.01,0.00,0.01
4328.39,72.79,-9.25,2.87,2.86,-0.04,-0.02,0.01,-0.01,0.93,10.01,0.01,0.00,0.01
4328.40,72.79,-9.25,2.88,2.85,-0.04,-0.02,0.01,0.00,0.96,9.97,0.01,0.00,0.01
4328.42,72.80,-9.24,2.88,2.84,-0.04,-0.02,0.01,-0.00,0.96,9.96,0.01,0.00,0.01
4328.43,72.81,-9.24,2.89,2.85,-0.04,-0.02,0.00,-0.00,0.97,9.96,0.00,0.00,0.00
4328.44,72.82,-9.24,2.88,2.85,-0.04,-0.02,-0.00,0.00,0.96,9.96,0.00,0.00,0.00
4328.45,72.82,-9.25,2.88,2.86,-0.04,-0.02,-0.00,-0.00,0.95,9.97,0.00,0.00,0.00
4328.47,72.82,-9.25,2.88,2.86,-0.03,-0.02,-0.00,-0.01,0.95,9.98,0.00,0.00,0.00
4328.48,72.81,-9.25,2.87,2.87,-0.03,-0.02,-0.00,-0.02,0.96,10.00,0.00,-0.00,0.00
4328.49,72.81,-9.27,2.87,2.87,-0.03,-0.02,-0.00,-0.02,0.95,10.02,0.00,-0.00,0.00
4328.50,72.81,-9.28,2.87,2.88,-0.03,-0.02,-0.00,-0.02,0.94,10.05,0.00,-0.00,0.00
4328.51,72.80,-9.28,2.86,2.88,-0.03,-0.02,-0.00,-0.02,0.94,10.07,0.01,0.00,0.00
4328.53,72.79,-9.30,2.84,2.89,-0.03,-0.01,-0.00,-0.04,0.91,10.13,0.01,0.00,0.01
4328.55,72.78,-9.33,2.82,2.91,-0.03,-0.00,0.00,-0.04,0.91,10.20,0.01,0.00,0.01
4328.56,72.78,-9.37,2.79,2.92,-0.03,0.01,0.00,-0.04,0.89,10.31,0.02,0.01,0.02
4328.58,72.78,-9.42,2.77,2.96,-0.02,0.02,0.01,-0.04,0.88,10.43,0.03,0.01,0.02
4328.59,72.79,-9.48,2.75,3.01,-0.00,0.05,0.02,-0.03,0.89,10.51,0.03,0.01,0.03
4328.60,72.84,-9.53,2.78,3.00,0.03,0.09,0.03,-0.03,0.89,10.58,0.04,0.00,0.06
4328.63,72.96,-9.56,2.81,2.99,0.07,0.13,0.03,-0.03,0.86,10.63,0.03,-0.00,0.06
4328.65,73.06,-9.58,2.81,2.97,0.09,0.16,0.03,-0.01,0.85,10.62,0.02,-0.00,0.07
4328.66,73.21,-9.54,2.82,2.90,0.11,0.19,0.04,-0.00,0.82,10.55,0.01,-0.00,0.07
4328.67,73.36,-9.48,2.84,2.82,0.12,0.21,0.04,-0.01,0.82,10.42,0.01,-0.01,0.06
4328.69,73.54,-9.40,2.86,2.73,0.13,0.22,0.05,-0.01,0.81,10.17,0.00,-0.01,0.06
4328.70,73.73,-9.31,2.91,2.64,0.13,0.23,0.05,-0.01,0.81,9.95,-0.00,-0.00,0.06
4328.71,73.93,-9.22,2.96,2.56,0.12,0.22,0.05,0.02,0.81,9.73,-0.01,0.00,0.07
4328.72,74.15,-9.13,3.00,2.49,0.11,0.21,0.04,0.08,0.82,9.55,-0.02,0.01,0.07
4328.73,74.36,-9.06,3.02,2.46,0.09,0.19,0.04,0.11,0.83,9.38,-0.03,0.01,0.06
4328.75,74.62,-9.00,3.05,2.39,0.06,0.17,0.03,0.11,0.83,9.23,-0.05,0.02,0.05
4328.77,74.88,-8.97,3.06,2.31,0.03,0.13,0.03,0.08,0.82,9.16,-0.08,0.03,0.06
4328.78,75.05,-8.99,3.04,2.25,-0.01,0.09,0.04,0.04,0.80,9.16,-0.10,0.03,0.06
4328.79,75.18,-9.03,3.02,2.21,-0.03,0.06,0.05,0.02,0.78,9.22,-0.11,0.02,0.06
4328.81,75.28,-9.08,3.02,2.18,-0.05,0.03,0.06,-0.03,0.77,9.31,-0.13,0.01,0.05
4328.82,75.43,-9.16,3.03,2.12,-0.08,-0.02,0.08,-0.11,0.80,9.44,-0.15,-0.01,0.05
4328.84,75.50,-9.21,3.04,2.10,-0.10,-0.05,0.09,-0.13,0.82,9.52,-0.16,-0.04,0.04
4328.85,75.56,-9.25,3.04,2.11,-0.11,-0.08,0.10,-0.12,0.83,9.60,-0.17,-0.07,0.03
4328.86,75.63,-9.28,3.04,2.13,-0.12,-0.11,0.11,-0.11,0.84,9.67,-0.18,-0.09,0.02
4328.87,75.70,-9.31,3.05,2.16,-0.13,-0.14,0.12,-0.08,0.82,9.70,-0.19,-0.12,0.02
4328.89,75.74,-9.31,3.07,2.20,-0.13,-0.16,0.12,-0.07,0.80,9.73,-0.21,-0.15,0.03
4328.90,75.83,-9.33,3.08,2.22,-0.13,-0.18,0.12,0.01,0.77,9.79,-0.22,-0.18,0.05
4328.91,75.87,-9.35,3.09,2.27,-0.13,-0.20,0.12,0.09,0.74,9.84,-0.22,-0.21,0.05
4328.93,76.00,-9.34,3.09,2.34,-0.13,-0.22,0.12,0.21,0.73,9.89,-0.22,-0.25,0.05
4328.94,76.11,-9.31,3.11,2.38,-0.13,-0.24,0.11,0.25,0.75,9.90,-0.22,-0.28,0.03
4328.95,76.27,-9.25,3.16,2.39,-0.13,-0.26,0.11,0.21,0.78,9.84,-0.21,-0.31,0.02
4328.97,76.38,-9.15,3.20,2.39,-0.14,-0.28,0.11,0.16,0.79,9.74,-0.21,-0.34,0.04
4328.98,76.35,-9.13,3.20,2.38,-0.14,-0.28,0.11,0.16,0.79,9.74,-0.21,-0.34,0.04
4329.01,76.39,-9.06,3.23,2.35,-0.14,-0.31,0.11,0.14,0.79,9.67,-0.20,-0.36,0.06
4329.04,76.37,-9.05,3.24,2.35,-0.14,-0.31,0.11,0.14,0.78,9.65,-0.20,-0.37,0.07
4329.06,76.48,-9.03,3.22,2.32,-0.15,-0.35,0.11,0.17,0.73,9.54,-0.19,-0.40,0.13
4329.07,76.58,-9.03,3.16,2.30,-0.15,-0.41,0.11,0.22,0.69,9.45,-0.19,-0.43,0.14
4329.09,76.65,-9.19,3.19,2.29,-0.14,-0.44,0.10,0.22,0.66,9.50,-0.20,-0.46,0.13
4329.10,76.70,-9.39,3.08,2.45,-0.14,-0.47,0.09,0.06,0.53,10.07,-0.28,-0.49,0.11
4329.11,76.51,-9.49,3.05,2.55,-0.12,-0.47,0.10,-0.12,0.42,10.51,-0.23,-0.50,0.02
4329.13,76.41,-9.54,3.17,2.58,-0.09,-0.47,0.10,-0.20,0.64,10.52,-0.14,-0.47,0.00
4329.14,76.22,-9.52,3.28,2.62,-0.03,-0.46,0.09,-0.20,0.75,10.48,-0.08,-0.42,0.08
4329.15,76.05,-9.46,3.37,2.69,0.02,-0.46,0.07,-0.08,0.74,10.42,-0.05,-0.36,0.17
4329.16,75.73,-9.15,3.36,2.84,0.11,-0.47,0.05,0.27,0.43,10.16,-0.10,-0.33,0.21
4329.18,75.61,-8.92,3.28,2.80,0.14,-0.49,0.05,0.56,0.23,9.88,-0.14,-0.34,0.20
4329.19,75.49,-8.91,3.29,3.00,0.11,-0.56,0.01,0.86,0.01,9.44,-0.19,-0.36,0.15
4329.20,75.54,-8.89,3.25,3.11,0.08,-0.61,-0.01,1.07,-0.12,9.20,-0.21,-0.37,0.11
4329.21,75.32,-9.15,3.18,3.51,0.06,-0.67,-0.07,1.17,-0.19,9.31,-0.24,-0.37,0.10
4329.23,75.18,-9.68,3.36,4.04,0.10,-0.65,-0.14,1.28,-0.17,10.17,-0.27,-0.34,0.08
4329.24,74.71,-9.68,3.25,4.57,0.12,-0.62,-0.21,1.34,-0.16,11.33,-0.26,-0.32,0.04
4329.25,74.41,-9.28,3.22,4.44,0.17,-0.63,-0.26,1.46,-0.10,11.43,-0.21,-0.31,0.02
4329.26,73.98,-8.79,3.47,4.12,0.17,-0.66,-0.35,1.68,0.00,10.50,-0.15,-0.31,0.04
4329.28,73.94,-8.64,3.67,4.13,0.10,-0.71,-0.44,1.84,-0.09,9.57,-0.11,-0.30,0.14
4329.29,74.14,-8.73,3.60,4.33,0.03,-0.74,-0.52,2.12,-0.27,9.66,-0.11,-0.22,0.21
4329.31,73.76,-8.88,3.36,4.59,-0.06,-0.79,-0.62,2.28,-0.35,9.95,-0.11,-0.19,0.19
4329.32,73.36,-8.89,3.28,4.66,-0.11,-0.82,-0.67,2.23,-0.31,10.01,-0.10,-0.18,0.14
4329.33,72.99,-8.89,3.15,4.63,-0.17,-0.86,-0.71,1.98,-0.25,9.96,-0.09,-0.18,0.09
4329.35,72.53,-8.89,3.03,4.56,-0.22,-0.89,-0.71,1.87,-0.22,9.86,-0.08,-0.16,0.10
4329.36,72.15,-8.90,2.95,4.51,-0.27,-0.91,-0.69,1.74,-0.19,9.84,-0.07,-0.15,0.16
4329.38,71.44,-8.86,2.85,4.60,-0.34,-0.95,-0.66,1.62,-0.06,10.00,-0.05,-0.13,0.19
4329.39,70.92,-8.82,2.78,4.70,-0.37,-0.97,-0.64,1.64,0.02,10.08,-0.04,-0.14,0.22
4329.40,70.37,-8.74,2.73,4.82,-0.40,-0.99,-0.61,1.68,0.05,10.07,-0.03,-0.14,0.24
4329.41,69.69,-8.63,2.64,4.96,-0.44,-1.01,-0.59,1.73,0.04,10.01,-0.03,-0.14,0.25
4329.43,69.15,-8.44,2.53,5.04,-0.46,-1.03,-0.58,1.75,-0.01,9.89,-0.03,-0.15,0.26
4329.44,68.36,-8.10,2.36,5.17,-0.48,-1.06,-0.60,1.75,-0.07,9.81,-0.04,-0.15,0.25
4329.46,67.37,-7.90,2.10,5.32,-0.49,-1.07,-0.67,1.75,-0.14,9.78,-0.04,-0.15,0.24
4329.47,66.70,-7.88,1.97,5.43,-0.50,-1.07,-0.74,1.75,-0.17,9.80,-0.05,-0.14,0.23
4329.48,65.86,-7.95,1.77,5.59,-0.50,-1.08,-0.78,1.71,-0.20,9.88,-0.06,-0.15,0.19
4329.50,65.02,-8.05,1.57,5.70,-0.48,-1.08,-0.80,1.63,-0.20,9.97,-0.06,-0.15,0.15
4329.51,64.36,-8.12,1.45,5.72,-0.47,-1.08,-0.79,1.54,-0.20,10.00,-0.07,-0.17,0.12
4329.52,63.73,-8.23,1.32,5.73,-0.47,-1.09,-0.74,1.45,-0.23,9.98,-0.07,-0.18,0.12
4329.54,63.14,-8.40,1.26,5.74,-0.47,-1.11,-0.68,1.41,-0.26,9.97,-0.07,-0.20,0.14
4329.55,62.59,-8.52,1.20,5.74,-0.49,-1.14,-0.59,1.36,-0.28,10.02,-0.07,-0.22,0.16
4329.56,62.06,-8.54,1.12,5.82,-0.51,-1.17,-0.48,1.35,-0.32,10.07,-0.06,-0.24,0.18
4329.57,61.52,-8.48,0.99,5.92,-0.54,-1.21,-0.38,1.40,-0.40,10.12,-0.05,-0.26,0.22
4329.59,60.97,-8.36,0.91,6.07,-0.56,-1.23,-0.28,1.50,-0.42,10.11,-0.03,-0.27,0.27
4329.60,60.42,-8.10,0.94,6.23,-0.58,-1.25,-0.20,1.65,-0.38,10.07,-0.02,-0.28,0.29
4329.61,59.87,-7.79,0.97,6.40,-0.61,-1.26,-0.14,1.74,-0.35,10.02,-0.02,-0.29,0.29
4329.62,59.21,-7.51,0.99,6.53,-0.64,-1.26,-0.10,1.75,-0.33,9.96,-0.02,-0.29,0.28
4329.63,58.55,-7.32,0.97,6.65,-0.66,-1.25,-0.07,1.79,-0.26,9.89,-0.02,-0.29,0.30
4329.65,57.95,-7.29,1.00,6.70,-0.68,-1.24,-0.05,1.82,-0.19,9.93,-0.02,-0.29,0.31
4329.66,57.34,-7.37,0.98,6.77,-0.71,-1.23,-0.04,1.81,-0.13,10.00,-0.02,-0.29,0.32
4329.67,56.76,-7.38,0.96,6.87,-0.72,-1.23,-0.01,1.85,-0.04,9.99,-0.03,-0.29,0.33
4329.68,56.18,-7.33,0.94,6.96,-0.72,-1.24,0.02,1.89,0.02,9.94,-0.03,-0.29,0.34
4329.69,55.67,-7.22,0.97,7.06,-0.72,-1.24,0.05,1.98,0.10,9.88,-0.04,-0.29,0.35
4329.71,54.97,-6.99,0.98,7.17,-0.71,-1.25,0.08,1.97,0.17,9.77,-0.06,-0.29,0.34
4329.72,54.17,-6.62,1.04,7.21,-0.71,-1.24,0.10,1.95,0.20,9.61,-0.09,-0.28,0.33
4329.73,53.54,-6.38,1.09,7.22,-0.70,-1.23,0.11,1.93,0.27,9.54,-0.11,-0.27,0.34
4329.75,52.91,-6.29,1.19,7.21,-0.70,-1.22,0.10,2.00,0.27,9.51,-0.14,-0.26,0.34
4329.76,52.28,-6.18,1.16,7.30,-0.71,-1.21,0.07,2.08,0.27,9.47,-0.16,-0.26,0.34
4329.77,51.53,-5.98,1.05,7.50,-0.70,-1.20,-0.01,2.22,0.24,9.49,-0.18,-0.25,0.33
4329.78,50.98,-5.82,0.95,7.70,-0.69,-1.19,-0.06,2.39,0.14,9.46,-0.20,-0.24,0.33
4329.80,50.15,-5.64,0.93,7.96,-0.67,-1.19,-0.13,2.52,0.04,9.50,-0.23,-0.23,0.31
4329.81,49.52,-5.53,0.67,8.13,-0.66,-1.20,-0.19,2.63,-0.09,9.53,-0.24,-0.22,0.28
4329.82,48.72,-5.31,0.33,8.34,-0.63,-1.22,-0.20,2.75,-0.24,9.52,-0.25,-0.21,0.25
4329.84,48.08,-4.97,0.21,8.38,-0.61,-1.23,-0.20,2.83,-0.50,9.48,-0.24,-0.19,0.23
4329.85,47.31,-4.59,0.08,8.45,-0.61,-1.24,-0.23,2.86,-0.67,9.40,-0.24,-0.18,0.22
4329.86,46.48,-4.35,-0.24,8.59,-0.63,-1.24,-0.27,2.94,-0.85,9.38,-0.24,-0.16,0.21
4329.88,45.61,-4.29,-0.40,8.68,-0.63,-1.23,-0.31,3.01,-0.99,9.42,-0.25,-0.15,0.17
4329.89,44.47,-4.22,-0.94,8.73,-0.62,-1.23,-0.35,2.89,-1.29,9.65,-0.27,-0.15,0.09
4329.91,43.35,-4.08,-1.19,8.76,-0.62,-1.22,-0.37,2.59,-1.39,9.69,-0.26,-0.16,0.05
4329.92,42.42,-4.04,-1.22,8.70,-0.61,-1.20,-0.39,2.27,-1.39,9.65,-0.26,-0.17,0.04
4329.93,41.51,-4.02,-1.22,8.64,-0.60,-1.18,-0.40,2.14,-1.29,9.55,-0.25,-0.18,0.05
4329.94,40.66,-3.96,-1.26,8.59,-0.58,-1.14,-0.42,2.11,-1.22,9.50,-0.26,-0.19,0.05
4329.96,39.63,-3.87,-1.53,8.64,-0.55,-1.08,-0.41,1.96,-1.22,9.55,-0.25,-0.22,0.05
4329.97,38.89,-3.92,-1.68,8.64,-0.51,-1.03,-0.40,1.83,-1.26,9.62,-0.24,-0.24,0.10
4329.99,37.98,-3.90,-1.88,8.72,-0.50,-0.97,-0.35,1.72,-1.43,9.69,-0.22,-0.25,0.16
4330.00,37.33,-3.90,-2.04,8.90,-0.51,-0.93,-0.28,2.05,-1.66,9.69,-0.20,-0.27,0.22
4330.01,36.85,-3.86,-2.13,9.11,-0.51,-0.91,-0.20,2.37,-1.67,9.70,-0.19,-0.28,0.23
4330.03,36.39,-3.74,-2.05,9.35,-0.52,-0.89,-0.10,2.78,-1.48,9.65,-0.18,-0.30,0.22
4330.04,36.04,-3.29,-1.76,9.64,-0.51,-0.88,-0.02,3.32,-1.22,9.56,-0.18,-0.30,0.21
4330.06,35.63,-2.92,-1.66,9.84,-0.48,-0.87,0.00,3.48,-1.12,9.51,-0.18,-0.30,0.18
4330.07,35.39,-2.60,-1.57,9.94,-0.43,-0.86,0.01,3.66,-1.03,9.52,-0.18,-0.30,0.14
4330.08,34.91,-2.44,-1.58,10.01,-0.38,-0.85,-0.01,3.68,-1.00,9.56,-0.19,-0.28,0.08
4330.09,34.70,-2.38,-1.69,10.03,-0.34,-0.84,-0.03,3.59,-1.18,9.60,-0.20,-0.27,0.03
4330.10,34.09,-2.40,-2.06,9.93,-0.29,-0.82,-0.05,3.46,-1.53,9.66,-0.20,-0.27,-0.02
4330.12,33.67,-2.53,-2.31,9.78,-0.26,-0.81,-0.06,3.26,-1.84,9.71,-0.20,-0.26,-0.06
4330.13,33.24,-2.70,-2.51,9.58,-0.25,-0.81,-0.06,3.10,-2.04,9.60,-0.18,-0.26,-0.08
4330.14,32.82,-2.66,-2.44,9.44,-0.23,-0.81,-0.07,3.15,-1.95,9.49,-0.17,-0.27,-0.11
4330.16,32.57,-2.55,-2.42,9.49,-0.20,-0.80,-0.11,3.14,-1.79,9.50,-0.16,-0.29,-0.16
4330.18,32.08,-2.54,-2.24,9.55,-0.12,-0.80,-0.22,2.93,-1.56,9.54,-0.15,-0.31,-0.20
4330.19,31.74,-2.56,-2.05,9.48,-0.07,-0.80,-0.29,2.89,-1.50,9.49,-0.15,-0.32,-0.24
4330.20,31.45,-2.56,-1.99,9.41,-0.03,-0.79,-0.35,2.81,-1.50,9.43,-0.15,-0.34,-0.28
4330.21,31.19,-2.55,-2.05,9.34,0.00,-0.79,-0.39,2.71,-1.61,9.46,-0.14,-0.36,-0.31
4330.22,30.91,-2.56,-2.12,9.29,0.01,-0.79,-0.40,2.68,-1.69,9.46,-0.12,-0.38,-0.29
4330.24,30.63,-2.52,-2.15,9.32,-0.00,-0.80,-0.40,2.85,-1.73,9.38,-0.10,-0.40,-0.27
4330.25,30.49,-2.45,-2.13,9.36,0.00,-0.83,-0.39,3.12,-1.68,9.33,-0.09,-0.42,-0.25
4330.26,30.36,-2.32,-2.11,9.42,0.01,-0.86,-0.38,3.18,-1.62,9.34,-0.09,-0.43,-0.25
4330.27,30.17,-2.31,-2.13,9.50,0.02,-0.89,-0.39,3.06,-1.65,9.43,-0.09,-0.44,-0.24
4330.29,29.95,-2.47,-2.13,9.51,0.03,-0.91,-0.40,2.84,-1.61,9.52,-0.09,-0.47,-0.24
4330.30,29.80,-2.72,-2.14,9.46,0.04,-0.92,-0.42,2.48,-1.50,9.62,-0.10,-0.50,-0.24
4330.31,29.53,-3.33,-2.13,9.27,0.06,-0.92,-0.43,1.76,-1.31,9.73,-0.13,-0.58,-0.24
4330.33,29.34,-4.17,-2.03,9.05,0.07,-0.90,-0.41,0.89,-0.99,9.90,-0.17,-0.69,-0.23
4330.34,29.46,-5.05,-1.83,8.92,0.08,-0.85,-0.34,0.38,-0.71,10.07,-0.22,-0.79,-0.21
4330.35,29.66,-5.52,-1.60,8.83,0.09,-0.81,-0.25,0.11,-0.40,10.11,-0.25,-0.95,-0.21
4330.37,30.11,-5.67,-1.26,8.79,0.12,-0.72,-0.13,0.02,-0.13,10.10,-0.31,-1.10,-0.23
4330.38,30.61,-5.54,-0.95,8.89,0.13,-0.64,-0.06,0.11,0.02,10.12,-0.37,-1.21,-0.26
4330.39,31.24,-5.43,-0.77,9.19,0.16,-0.54,-0.03,0.35,0.13,10.30,-0.45,-1.41,-0.33
4330.40,32.46,-5.69,-0.83,9.94,0.26,-0.36,-0.14,0.50,0.04,11.16,-0.54,-1.62,-0.42
4330.42,33.45,-6.28,-0.76,10.57,0.35,-0.21,-0.26,0.38,0.51,12.43,-0.62,-1.82,-0.46
4330.43,34.73,-6.99,-0.55,11.20,0.49,-0.05,-0.38,0.63,1.39,13.47,-0.70,-1.96,-0.48
4330.45,36.20,-7.60,-0.24,11.76,0.68,0.09,-0.44,0.89,2.30,14.36,-0.80,-2.09,-0.52
4330.46,38.64,-8.32,0.67,12.13,1.01,0.32,-0.43,1.17,3.14,15.45,-0.93,-2.25,-0.61
4330.48,40.52,-8.30,1.33,11.96,1.18,0.48,-0.37,1.23,2.76,16.01,-1.01,-2.36,-0.72
4330.49,42.42,-7.71,1.32,11.51,1.22,0.67,-0.29,0.93,1.78,16.02,-1.03,-2.45,-0.77
4330.50,44.57,-5.88,0.90,11.16,1.10,0.98,-0.19,0.82,0.47,15.48,-0.96,-2.48,-0.61
4330.52,46.17,-4.33,0.43,11.11,0.97,1.28,-0.14,1.47,-1.22,14.11,-0.88,-2.36,-0.07
4330.53,47.55,-3.13,0.04,11.41,0.85,1.57,-0.12,2.42,-2.37,12.75,-0.82,-2.25,0.66
4330.54,49.99,-2.04,-0.38,12.51,0.63,1.89,-0.15,4.66,-3.63,10.83,-0.82,-2.09,1.13
4330.56,51.88,-1.68,-0.66,13.03,0.52,1.96,-0.19,6.50,-4.47,9.77,-0.84,-1.93,1.16
4330.57,53.97,-1.39,-0.95,13.17,0.43,1.98,-0.20,8.03,-4.93,8.90,-0.79,-1.68,0.87
4330.58,56.60,-1.37,-1.27,13.00,0.33,2.00,-0.18,9.20,-4.30,7.51,-0.64,-1.25,0.05
4330.60,59.38,-1.46,-1.55,12.44,0.24,2.00,-0.13,9.26,-3.57,5.88,-0.49,-0.75,-0.42
4330.61,61.31,-1.29,-1.45,12.07,0.25,2.00,-0.13,8.55,-2.92,5.00,-0.40,-0.28,-0.80
4330.63,62.99,-1.00,-1.32,11.44,0.28,2.01,-0.18,7.07,-2.44,4.36,-0.23,0.37,-0.96
4330.64,63.74,-0.98,-1.26,10.88,0.29,1.99,-0.20,6.10,-2.22,4.18,-0.06,0.88,-0.70
4330.66,63.96,-1.25,-1.19,10.13,0.27,1.94,-0.18,5.50,-2.26,4.44,0.17,1.43,-0.50
4330.67,63.48,-1.47,-0.96,9.58,0.17,1.90,-0.05,5.58,-2.52,4.79,0.49,1.96,-0.16
4330.68,63.14,-1.41,-0.82,9.23,0.06,1.87,0.13,5.62,-2.59,4.75,0.71,2.27,0.04
4330.69,62.13,-1.57,-0.82,8.83,-0.12,1.80,0.40,5.44,-2.47,4.51,0.98,2.63,0.30
4330.71,61.27,-1.53,-0.93,8.61,-0.23,1.72,0.58,5.33,-2.42,4.39,1.19,2.92,0.53
4330.72,60.21,-1.42,-1.02,8.41,-0.30,1.64,0.71,5.40,-2.55,4.38,1.43,3.20,0.77
4330.74,58.29,-1.22,-1.09,8.06,-0.45,1.45,0.95,5.88,-2.85,4.57,1.77,3.56,0.96
4330.75,57.10,-1.03,-1.14,7.86,-0.51,1.32,1.05,6.26,-2.96,4.82,1.96,3.77,0.90
4330.76,55.44,-0.78,-1.22,7.70,-0.57,1.19,1.09,6.80,-2.98,5.05,2.07,3.91,0.75
4330.78,53.54,-0.28,-1.35,7.58,-0.60,1.05,1.05,7.34,-2.88,5.34,2.18,4.10,0.46
4330.79,51.10,0.06,-1.37,7.46,-0.60,0.92,0.93,8.02,-2.69,5.59,2.28,4.32,0.07
4330.80,48.60,-0.12,-0.87,7.38,-0.56,0.71,0.78,8.21,-2.22,5.78,2.29,4.50,-0.22
4330.81,46.27,-0.31,-0.19,7.21,-0.54,0.52,0.70,7.95,-1.70,6.10,2.23,4.65,-0.46
4330.83,43.99,-0.43,0.22,7.09,-0.56,0.36,0.65,7.13,-1.36,6.53,2.14,4.74,-0.63
4330.84,41.41,-0.98,0.62,7.01,-0.59,0.12,0.59,6.21,-1.27,7.01,2.06,4.73,-0.67
4330.85,35.92,-2.03,0.93,6.92,-0.61,-0.07,0.51,3.72,-1.33,8.89,1.80,4.45,-0.45
4330.87,33.82,-3.20,0.85,7.12,-0.61,-0.15,0.35,3.15,-1.40,9.41,1.67,4.16,-0.26
4330.88,31.16,-4.76,0.65,7.57,-0.59,-0.22,0.13,2.74,-1.51,9.65,1.49,3.78,-0.15
4330.89,30.24,-6.36,0.58,8.02,-0.57,-0.30,-0.13,2.85,-1.46,9.56,1.28,3.31,-0.15
4330.90,29.62,-8.04,0.67,8.21,-0.56,-0.35,-0.36,2.93,-1.09,9.08,1.07,2.74,-0.22
4330.92,29.66,-9.62,0.57,8.12,-0.62,-0.35,-0.43,2.06,-0.52,8.47,0.64,2.25,-0.38
4330.93,29.71,-10.32,0.20,8.07,-0.70,-0.34,-0.40,0.85,-0.51,8.18,0.24,1.51,-0.41
4330.94,30.76,-9.69,-0.68,8.12,-0.75,-0.32,-0.39,0.30,-1.00,8.03,-0.25,0.38,-0.22
4330.96,31.88,-7.94,-1.23,7.93,-0.71,-0.34,-0.46,0.31,-1.38,8.30,-0.51,-0.30,0.04
4330.97,32.91,-6.49,-1.94,7.58,-0.77,-0.40,-0.42,0.46,-1.14,8.84,-0.69,-0.92,0.40
4330.98,33.64,-5.12,-2.64,8.23,-0.77,-0.56,-0.16,0.19,0.82,11.33,-0.83,-0.96,0.46
4331.00,33.23,-4.41,-1.23,10.41,-0.67,-0.82,0.31,-1.51,3.17,13.89,-0.69,-0.72,0.30
4331.01,32.06,-6.22,1.34,11.93,-0.66,-1.02,0.77,-2.78,2.82,14.48,-0.30,-0.55,1.69
4331.02,31.99,-11.54,1.29,11.82,-1.14,-0.99,1.56,0.43,1.79,13.65,-0.19,-0.84,2.48
4331.04,32.32,-11.54,0.16,12.13,-1.27,-0.96,1.86,1.66,1.38,13.23,-0.23,-0.95,2.57
4331.05,33.99,-6.88,-1.69,12.96,-1.10,-0.79,2.01,3.49,0.08,11.90,-0.40,-1.24,2.25
4331.07,33.81,1.73,-2.13,11.34,-0.75,-0.72,1.36,4.16,-1.27,10.46,-0.57,-1.38,2.03
4331.08,32.90,3.99,-1.65,10.11,-0.76,-0.77,0.92,5.13,-1.88,9.29,-0.61,-1.33,1.61
4331.09,32.02,3.17,-1.62,8.95,-0.77,-0.87,0.07,6.30,-2.46,8.11,-0.75,-1.17,1.19
4331.11,32.27,1.02,-3.13,8.73,-0.67,-0.95,-0.61,5.97,-2.73,8.37,-0.96,-0.96,0.14
4331.12,31.84,-0.37,-3.92,9.20,-0.59,-1.02,-0.79,5.14,-2.67,9.20,-1.02,-0.87,-0.40
4331.14,31.43,-1.73,-3.52,10.39,-0.42,-1.10,-0.81,2.60,-1.89,10.61,-0.87,-0.82,-0.28
4331.15,30.78,-2.35,-2.83,10.33,-0.31,-1.12,-0.78,2.14,-1.48,10.69,-0.74,-0.77,-0.02
4331.17,30.18,-3.22,-2.23,9.58,-0.27,-1.12,-0.62,1.79,-1.25,10.37,-0.63,-0.75,0.05
4331.18,29.93,-3.41,-2.35,9.23,-0.30,-1.09,-0.50,1.57,-1.36,10.09,-0.59,-0.72,0.04
4331.20,29.62,-3.34,-2.64,9.10,-0.32,-1.06,-0.44,1.24,-1.63,9.95,-0.57,-0.71,-0.06
4331.21,29.18,-3.40,-2.99,9.03,-0.27,-1.00,-0.47,1.02,-1.64,9.95,-0.55,-0.72,-0.14
4331.23,28.94,-3.59,-3.01,8.94,-0.21,-0.97,-0.49,0.89,-1.50,9.94,-0.54,-0.74,-0.19
4331.24,28.71,-3.66,-2.91,8.87,-0.16,-0.95,-0.48,0.68,-1.33,9.92,-0.52,-0.76,-0.21
4331.25,28.43,-3.59,-2.67,8.83,-0.10,-0.93,-0.46,0.52,-1.23,9.86,-0.49,-0.79,-0.16
4331.27,28.13,-3.35,-2.47,8.88,-0.06,-0.91,-0.44,0.68,-1.24,9.76,-0.46,-0.82,-0.12
4331.28,27.95,-3.15,-2.32,8.96,-0.05,-0.89,-0.42,1.01,-1.25,9.68,-0.46,-0.84,-0.13
4331.29,27.87,-3.01,-2.27,9.04,-0.03,-0.87,-0.42,1.41,-1.22,9.64,-0.47,-0.86,-0.18
4331.30,27.84,-2.87,-2.19,9.11,-0.02,-0.86,-0.42,1.54,-1.20,9.63,-0.48,-0.89,-0.23
4331.32,27.80,-2.71,-2.09,9.14,-0.00,-0.85,-0.43,1.55,-1.21,9.63,-0.48,-0.90,-0.24
4331.33,27.75,-2.63,-2.03,9.16,0.00,-0.85,-0.44,1.54,-1.30,9.62,-0.48,-0.92,-0.22
4331.34,27.68,-2.56,-2.02,9.19,-0.00,-0.84,-0.45,1.67,-1.34,9.58,-0.47,-0.94,-0.20
4331.35,27.74,-2.50,-2.02,9.20,-0.00,-0.85,-0.46,1.94,-1.37,9.52,-0.47,-0.96,-0.18
4331.37,27.77,-2.46,-1.96,9.18,-0.00,-0.85,-0.48,2.04,-1.39,9.48,-0.48,-0.97,-0.19
4331.38,27.87,-2.53,-1.97,9.15,0.00,-0.85,-0.49,2.02,-1.45,9.43,-0.48,-0.99,-0.20
4331.39,28.00,-2.78,-2.04,9.14,0.00,-0.85,-0.50,1.87,-1.48,9.47,-0.50,-1.02,-0.22
4331.41,28.25,-3.15,-2.04,9.07,0.01,-0.84,-0.49,1.71,-1.36,9.57,-0.52,-1.07,-0.23
4331.42,28.78,-3.87,-1.83,8.96,-0.02,-0.82,-0.41,1.18,-1.13,9.72,-0.55,-1.15,-0.23
4331.44,29.18,-4.26,-1.62,8.92,-0.05,-0.80,-0.35,0.94,-0.89,9.87,-0.58,-1.23,-0.20
4331.45,29.66,-4.54,-1.37,8.95,-0.09,-0.78,-0.30,0.83,-0.71,10.03,-0.61,-1.34,-0.18
4331.46,30.26,-4.65,-1.27,9.02,-0.12,-0.76,-0.25,0.95,-0.52,10.14,-0.65,-1.44,-0.18
4331.48,30.94,-4.56,-1.28,9.15,-0.11,-0.72,-0.23,1.05,-0.41,10.22,-0.69,-1.56,-0.17
4331.49,31.60,-4.48,-1.16,9.35,-0.07,-0.67,-0.23,1.12,-0.28,10.32,-0.72,-1.67,-0.18
4331.50,32.48,-4.57,-0.90,9.61,-0.00,-0.61,-0.26,1.39,0.13,10.48,-0.77,-1.80,-0.20
4331.51,33.47,-4.73,-0.54,9.84,0.12,-0.53,-0.32,1.68,0.56,10.65,-0.84,-1.91,-0.27
4331.52,34.50,-4.94,-0.31,10.04,0.27,-0.41,-0.44,1.80,0.69,11.04,-0.92,-2.03,-0.37
4331.53,35.76,-5.44,-0.24,10.54,0.46,-0.27,-0.66,1.64,0.75,11.61,-0.98,-2.12,-0.44
4331.55,37.55,-6.85,-0.17,11.21,0.78,-0.06,-1.02,1.44,1.67,13.03,-1.12,-2.27,-0.62
4331.56,39.27,-8.32,0.38,11.40,1.09,0.09,-1.19,1.16,2.30,14.70,-1.27,-2.33,-0.79
4331.57,41.14,-9.62,1.06,11.41,1.29,0.27,-1.14,0.53,2.58,16.63,-1.38,-2.38,-1.00
4331.59,43.08,-9.67,1.69,11.42,1.38,0.56,-0.91,-0.05,2.61,18.02,-1.43,-2.45,-1.08
4331.60,45.00,-8.33,1.49,11.31,1.38,0.91,-0.66,0.05,1.35,17.89,-1.40,-2.49,-1.15
4331.61,46.77,-6.04,0.48,11.10,1.30,1.25,-0.45,0.73,-0.16,16.42,-1.33,-2.48,-1.11
4331.62,47.45,-5.45,0.32,11.06,1.27,1.33,-0.35,1.76,-1.01,14.68,-1.24,-2.44,-0.35
4331.64,51.05,-2.36,-0.79,11.81,0.83,2.01,-0.16,3.58,-3.18,12.06,-1.09,-2.35,0.14
4331.65,53.09,-2.45,-1.23,12.83,0.68,2.14,-0.23,4.86,-4.97,10.91,-1.13,-2.21,0.58
4331.67,55.68,-3.05,-1.82,13.86,0.54,2.17,-0.26,6.70,-6.02,9.97,-0.97,-1.90,0.48
4331.68,57.62,-3.10,-1.85,13.84,0.46,2.10,-0.24,7.95,-5.96,8.54,-0.74,-1.57,0.14
4331.69,60.58,-2.23,-1.82,13.57,0.31,2.04,-0.17,9.49,-5.16,6.65,-0.53,-1.19,-0.33
4331.71,62.83,-1.23,-1.82,13.36,0.24,2.02,-0.13,9.69,-4.24,4.98,-0.39,-0.62,-0.80
4331.72,64.70,-0.44,-1.72,12.98,0.23,2.03,-0.15,8.86,-3.13,3.96,-0.29,-0.21,-0.97
4331.73,66.27,-0.05,-1.62,12.46,0.26,2.05,-0.21,7.39,-2.41,3.37,-0.08,0.54,-0.94
4331.75,67.08,0.03,-1.34,11.61,0.31,2.04,-0.27,6.87,-2.26,2.84,0.22,1.23,-0.69
4331.76,67.49,-0.11,-0.98,10.89,0.33,1.98,-0.25,7.15,-2.36,2.56,0.44,1.69,-0.39
4331.77,67.79,-0.46,-0.58,10.08,0.24,1.88,-0.13,7.45,-2.40,2.51,0.69,2.29,-0.34
4331.79,67.61,-0.34,-0.43,9.69,0.10,1.80,0.02,7.29,-2.37,2.56,0.83,2.68,-0.44
4331.80,66.84,-0.43,-0.59,9.20,-0.06,1.66,0.25,6.52,-1.99,2.44,1.02,3.16,-0.44
4331.82,66.04,-0.48,-0.79,8.76,-0.17,1.52,0.43,6.19,-1.76,2.49,1.20,3.53,-0.29
4331.83,64.47,-0.45,-1.02,8.34,-0.25,1.38,0.59,6.10,-1.60,2.82,1.43,3.91,-0.05
4331.84,62.51,-0.20,-1.20,7.89,-0.31,1.20,0.73,6.34,-1.53,3.33,1.64,4.20,0.06
4331.86,60.19,0.18,-1.34,7.58,-0.31,1.07,0.79,6.73,-1.54,4.12,1.82,4.43,-0.00
4331.87,57.42,0.56,-1.29,7.28,-0.26,0.95,0.77,7.15,-1.52,4.92,1.97,4.58,-0.18
4331.88,53.67,0.59,-0.83,6.97,-0.19,0.81,0.66,7.58,-1.31,5.67,2.07,4.71,-0.46
4331.90,50.66,0.24,-0.22,6.76,-0.17,0.69,0.54,7.56,-1.03,6.26,2.14,4.83,-0.67
4331.91,45.56,-0.72,0.53,6.70,-0.23,0.43,0.42,6.14,-0.48,7.46,2.19,4.92,-0.36
4331.93,40.00,-2.37,1.07,6.83,-0.38,0.06,0.56,3.91,-0.59,8.91,2.27,4.76,0.42
4331.95,37.28,-4.15,1.04,6.98,-0.48,-0.15,0.84,3.50,-1.08,9.44,2.30,4.45,0.99
4331.96,34.81,-5.98,0.62,7.29,-0.60,-0.32,1.22,3.26,-1.71,9.66,2.24,4.06,1.40
4331.98,33.00,-6.78,0.13,7.65,-0.64,-0.43,1.30,3.30,-2.23,9.72,2.05,3.41,1.49
4331.99,32.55,-6.97,-0.09,8.00,-0.59,-0.52,1.05,3.55,-2.24,9.41,1.78,2.84,1.23
4332.00,32.20,-7.36,0.10,8.19,-0.50,-0.52,0.57,3.53,-1.57,7.91,1.21,2.07,0.89
4332.02,32.76,-7.86,0.20,8.21,-0.51,-0.48,0.36,3.17,-1.62,7.42,0.65,1.41,0.51
4332.02,33.17,-7.89,0.15,8.24,-0.53,-0.45,0.30,2.87,-1.82,7.12,0.39,1.06,0.37
4332.04,34.58,-7.09,-0.13,8.32,-0.57,-0.37,0.10,2.38,-2.23,7.39,-0.22,0.07,0.11
4332.05,35.97,-5.66,-0.39,8.21,-0.63,-0.36,-0.37,1.43,-0.14,9.24,-0.83,-0.56,-0.11
4332.07,36.05,-4.89,-0.38,10.13,-0.65,-0.51,-0.45,-0.64,3.68,13.58,-0.96,-0.61,-0.83
4332.08,34.94,-6.29,2.24,12.35,-0.53,-0.70,-0.06,-2.72,3.22,14.68,-0.62,-0.55,-0.04
4332.10,34.47,-9.51,3.24,12.22,-0.71,-0.70,0.28,-1.77,2.69,14.36,-0.49,-0.74,1.24
4332.11,35.09,-11.12,1.35,12.16,-1.03,-0.66,0.70,0.61,1.34,13.80,-0.48,-0.97,2.17
4332.12,36.46,-8.68,-1.03,12.48,-1.08,-0.58,0.93,2.77,-0.12,12.40,-0.56,-1.23,2.40
4332.13,37.08,-3.90,-2.54,12.02,-0.86,-0.45,0.87,3.55,-1.17,11.27,-0.69,-1.39,2.12
4332.14,37.25,0.69,-2.72,10.56,-0.72,-0.46,0.82,4.34,-2.49,9.88,-0.78,-1.43,1.82
4332.16,36.70,3.11,-2.24,9.18,-0.78,-0.59,0.67,5.53,-3.07,8.56,-0.86,-1.35,1.55
4332.17,36.27,2.81,-2.63,8.58,-0.78,-0.74,0.15,7.04,-3.12,7.69,-0.98,-1.18,0.96
4332.18,36.27,1.19,-3.31,8.44,-0.66,-0.88,-0.38,7.09,-2.63,7.63,-1.10,-0.99,0.08
4332.19,36.48,-0.71,-3.47,8.73,-0.58,-0.99,-0.64,5.77,-2.31,8.81,-1.16,-0.90,-0.39
4332.20,36.26,-2.63,-3.16,9.96,-0.57,-1.12,-0.59,2.65,-2.08,10.55,-1.05,-0.85,-0.35
4332.22,35.50,-2.88,-2.95,10.48,-0.51,-1.14,-0.48,1.42,-1.99,11.14,-0.90,-0.82,0.08
4332.23,34.71,-2.88,-2.70,10.31,-0.45,-1.13,-0.37,1.75,-2.02,10.89,-0.77,-0.81,0.22
4332.25,34.19,-2.74,-2.76,9.84,-0.44,-1.12,-0.27,2.54,-2.04,10.33,-0.70,-0.79,0.25
4332.26,33.87,-2.48,-2.96,9.49,-0.44,-1.10,-0.23,3.00,-2.03,9.90,-0.66,-0.75,0.12
4332.27,33.57,-2.36,-3.00,9.36,-0.42,-1.07,-0.26,2.86,-2.05,9.78,-0.65,-0.73,-0.04
4332.28,33.04,-2.46,-2.93,9.35,-0.34,-1.03,-0.35,2.28,-1.93,9.87,-0.63,-0.71,-0.14
4332.30,32.44,-2.80,-2.78,9.28,-0.24,-1.00,-0.43,2.04,-1.72,9.96,-0.58,-0.72,-0.19
4332.31,32.11,-2.76,-2.69,9.26,-0.17,-0.99,-0.46,2.06,-1.57,9.88,-0.55,-0.72,-0.21
4332.33,31.75,-2.58,-2.58,9.27,-0.11,-0.98,-0.50,2.05,-1.50,9.74,-0.52,-0.72,-0.23
4332.34,31.35,-2.44,-2.40,9.26,-0.04,-0.97,-0.55,1.96,-1.47,9.56,-0.49,-0.72,-0.26
4332.35,30.97,-2.41,-2.24,9.21,0.00,-0.96,-0.59,1.91,-1.41,9.47,-0.48,-0.72,-0.28
4332.36,30.60,-2.54,-2.09,9.13,0.04,-0.94,-0.61,1.76,-1.33,9.41,-0.48,-0.72,-0.29
4332.38,30.21,-2.76,-1.89,9.03,0.05,-0.91,-0.61,1.61,-1.22,9.40,-0.48,-0.73,-0.30
4332.39,29.91,-2.92,-1.87,9.00,0.04,-0.88,-0.58,1.48,-1.22,9.44,-0.48,-0.75,-0.29
4332.40,29.72,-3.03,-1.91,8.98,0.03,-0.85,-0.54,1.40,-1.25,9.44,-0.48,-0.78,-0.25
4332.42,29.58,-3.14,-1.90,8.95,0.00,-0.83,-0.48,1.44,-1.32,9.46,-0.48,-0.80,-0.23
4332.43,29.57,-3.14,-1.80,8.99,-0.03,-0.81,-0.43,1.64,-1.32,9.46,-0.49,-0.83,-0.20
4332.44,29.63,-3.01,-1.66,9.11,-0.06,-0.80,-0.40,1.90,-1.26,9.45,-0.50,-0.86,-0.20
4332.46,29.72,-2.84,-1.65,9.25,-0.08,-0.78,-0.38,2.09,-1.22,9.44,-0.52,-0.88,-0.20
4332.47,29.81,-2.79,-1.76,9.37,-0.06,-0.77,-0.39,2.10,-1.22,9.49,-0.55,-0.92,-0.24
4332.48,29.91,-2.97,-1.84,9.37,-0.05,-0.75,-0.40,1.91,-1.27,9.63,-0.57,-0.96,-0.25
4332.50,30.11,-3.41,-1.76,9.24,-0.06,-0.73,-0.38,1.65,-1.28,9.77,-0.59,-1.01,-0.24
4332.51,30.41,-3.77,-1.65,9.14,-0.09,-0.71,-0.33,1.57,-1.22,9.83,-0.59,-1.07,-0.22
4332.52,30.82,-3.97,-1.53,9.10,-0.12,-0.69,-0.29,1.58,-1.01,9.91,-0.60,-1.14,-0.20
4332.53,31.29,-4.00,-1.46,9.20,-0.14,-0.67,-0.27,1.58,-0.92,9.99,-0.62,-1.22,-0.18
4332.54,31.76,-3.99,-1.48,9.31,-0.11,-0.66,-0.30,1.56,-0.83,10.09,-0.63,-1.28,-0.17
4332.55,32.24,-4.00,-1.52,9.34,-0.06,-0.63,-0.34,1.46,-0.84,10.16,-0.63,-1.37,-0.15
4332.57,32.77,-4.10,-1.49,9.38,-0.00,-0.60,-0.40,1.38,-0.88,10.23,-0.64,-1.46,-0.12
4332.58,33.39,-4.24,-1.51,9.48,0.05,-0.54,-0.43,1.46,-0.93,10.34,-0.65,-1.56,-0.11
4332.59,34.94,-4.47,-1.60,9.75,0.18,-0.39,-0.50,1.98,-0.83,10.58,-0.72,-1.74,-0.15
4332.61,35.86,-4.59,-1.66,10.03,0.30,-0.30,-0.61,2.08,-0.90,10.86,-0.77,-1.82,-0.21
4332.62,36.96,-5.02,-1.57,10.49,0.45,-0.19,-0.78,2.16,-0.60,11.50,-0.84,-1.87,-0.32
4332.64,38.59,-6.03,-0.93,10.89,0.68,-0.05,-1.01,2.53,0.13,12.44,-0.94,-1.91,-0.47
4332.65,40.19,-6.87,-0.15,11.13,0.87,0.10,-1.10,2.52,0.81,13.61,-1.10,-1.94,-0.79
4332.67,42.17,-7.44,0.95,11.39,1.09,0.36,-1.03,2.51,1.53,14.67,-1.24,-1.99,-0.97
4332.68,43.84,-6.97,1.67,11.57,1.21,0.63,-0.89,2.46,1.65,15.55,-1.35,-2.02,-1.19
4332.69,45.42,-5.71,1.64,11.44,1.27,0.94,-0.77,2.53,0.95,15.45,-1.39,-2.03,-1.35
4332.70,47.12,-3.49,0.87,11.07,1.17,1.32,-0.68,2.78,-0.91,14.02,-1.33,-2.00,-1.32
4332.72,48.39,-1.98,0.15,11.06,1.01,1.60,-0.65,3.47,-2.00,12.07,-1.27,-1.97,-0.99
4332.73,50.06,-1.31,-0.60,11.64,0.85,1.87,-0.71,5.00,-2.78,10.72,-1.26,-1.90,-0.69
4332.74,51.44,-1.33,-0.72,12.34,0.77,1.99,-0.78,5.90,-3.58,10.15,-1.28,-1.81,-0.52
4332.76,53.85,-1.51,-0.74,13.05,0.70,2.07,-0.92,7.37,-4.82,9.13,-1.23,-1.59,-0.60
4332.77,56.30,-1.36,-0.80,13.21,0.61,2.06,-1.04,8.33,-4.73,7.61,-1.13,-1.32,-0.88
4332.78,58.55,-0.87,-1.12,13.06,0.46,2.02,-1.06,9.05,-4.16,5.90,-1.01,-1.00,-1.24
4332.80,61.16,-0.24,-1.34,12.81,0.37,1.97,-1.05,9.17,-3.11,3.86,-0.91,-0.50,-1.58
4332.81,63.36,0.21,-1.46,12.32,0.30,1.92,-1.05,8.15,-2.09,2.97,-0.82,0.13,-1.65
4332.82,64.48,0.30,-1.39,11.70,0.25,1.88,-1.01,7.05,-1.78,2.83,-0.65,0.66,-1.47
4332.84,65.09,0.35,-1.11,11.10,0.20,1.82,-0.92,6.48,-1.63,2.62,-0.40,1.15,-1.11
4332.85,65.52,0.14,-0.78,10.30,0.13,1.73,-0.71,6.67,-1.52,2.31,-0.11,1.68,-0.59
4332.87,65.73,-0.20,-0.53,9.80,0.03,1.66,-0.47,7.04,-1.58,2.15,0.09,2.04,-0.29
4332.88,65.87,-0.42,-0.36,9.52,-0.12,1.56,-0.18,7.25,-1.70,2.02,0.32,2.48,-0.05
4332.89,65.72,-0.54,-0.47,9.34,-0.25,1.42,0.09,7.22,-1.68,1.93,0.48,2.83,0.11
4332.90,65.16,-0.45,-0.83,9.03,-0.34,1.23,0.33,6.95,-1.47,1.94,0.62,3.17,0.27
4332.92,64.20,-0.20,-1.12,8.77,-0.35,1.10,0.40,6.79,-1.48,2.31,0.76,3.49,0.40
4332.93,62.67,0.24,-1.35,8.58,-0.33,0.96,0.40,6.93,-1.57,2.93,0.91,3.77,0.40
4332.94,60.24,0.69,-1.33,8.43,-0.23,0.85,0.35,7.44,-1.41,3.90,1.04,4.05,0.12
4332.96,57.43,0.92,-0.80,8.17,-0.06,0.73,0.22,8.04,-1.24,4.67,1.10,4.23,-0.22
4332.97,54.82,0.85,-0.30,7.94,0.06,0.65,0.06,8.70,-1.10,5.19,1.09,4.28,-0.61
4332.98,52.35,0.38,0.19,7.79,0.13,0.55,-0.10,9.09,-1.12,5.46,1.03,4.34,-0.90
4332.99,49.73,-0.43,0.50,7.77,0.14,0.40,-0.20,8.41,-1.23,5.83,0.92,4.39,-1.28
4333.01,46.70,-1.11,0.59,7.81,0.08,0.12,-0.27,6.94,-1.56,6.50,0.79,4.33,-1.24
4333.02,43.76,-1.30,0.46,7.99,0.02,-0.04,-0.33,6.21,-2.02,7.05,0.69,4.19,-1.05
4333.03,41.80,-1.47,0.06,8.17,-0.01,-0.17,-0.49,6.31,-2.46,7.40,0.59,4.03,-1.11
4333.05,39.06,-1.62,-0.70,8.29,-0.02,-0.25,-0.94,6.85,-3.40,8.10,0.44,3.78,-1.43
4333.06,37.27,-1.67,-1.49,8.40,-0.01,-0.22,-1.52,7.20,-3.89,8.42,0.25,3.48,-2.12
4333.07,35.87,-1.96,-2.14,8.62,0.03,-0.16,-2.23,6.82,-3.89,8.35,0.02,3.12,-2.92
4333.09,34.81,-2.40,-2.59,8.89,0.11,-0.13,-2.94,5.89,-3.52,8.27,-0.25,2.71,-3.63
4333.10,33.75,-3.90,-2.61,9.06,0.29,-0.09,-3.59,3.84,-2.78,8.57,-0.65,2.02,-4.29
4333.11,33.29,-5.64,-2.19,8.70,0.33,-0.06,-3.68,1.72,-2.40,9.15,-0.86,1.54,-4.35
4333.13,33.05,-7.70,-2.18,8.02,0.14,-0.07,-3.58,-0.40,-1.94,10.12,-0.96,1.05,-4.05
4333.14,32.97,-9.42,-2.67,7.91,-0.08,-0.14,-3.32,-2.39,-1.50,11.31,-0.86,0.56,-3.43
4333.15,32.86,-10.06,-3.37,8.55,-0.15,-0.26,-2.81,-3.76,-0.54,11.98,-0.59,0.01,-2.22
4333.16,32.33,-9.78,-3.40,9.27,-0.08,-0.36,-2.04,-4.08,0.89,12.15,-0.26,-0.23,-1.32
4333.18,32.29,-9.09,-1.77,10.61,-0.04,-0.45,-1.15,-3.53,1.69,12.56,-0.04,-0.44,-0.18
4333.19,32.10,-8.97,-0.57,11.33,-0.12,-0.53,-0.36,-2.29,1.42,13.35,0.07,-0.54,0.68
4333.20,32.33,-8.68,-0.79,11.23,-0.23,-0.55,0.22,-0.20,0.82,13.43,0.15,-0.61,1.06
4333.21,33.10,-7.37,-1.63,10.82,-0.27,-0.53,0.66,1.88,0.21,11.99,0.14,-0.70,0.85
4333.23,33.85,-3.70,-1.78,9.96,-0.24,-0.48,0.91,2.55,-0.30,10.27,0.07,-0.74,0.73
4333.24,33.54,-0.97,-1.61,9.11,-0.24,-0.46,0.72,1.88,-0.96,8.99,-0.02,-0.75,0.60
4333.26,32.79,-0.64,-1.65,8.96,-0.23,-0.43,0.43,1.52,-1.18,8.88,-0.07,-0.73,0.53
4333.27,32.15,-1.06,-1.80,9.01,-0.19,-0.39,0.08,1.76,-1.27,9.11,-0.13,-0.71,0.41
4333.28,31.97,-1.61,-2.13,9.23,-0.13,-0.35,-0.25,2.24,-1.27,9.54,-0.19,-0.68,0.21
4333.30,31.74,-2.23,-2.64,9.61,-0.06,-0.33,-0.54,2.30,-1.39,9.92,-0.23,-0.66,0.06
4333.31,31.81,-2.46,-2.99,9.92,-0.01,-0.29,-0.63,2.11,-1.70,10.17,-0.23,-0.64,-0.04
4333.32,31.68,-2.42,-3.19,10.11,0.05,-0.23,-0.67,2.05,-1.88,10.19,-0.21,-0.62,-0.10
4333.34,31.65,-2.27,-3.27,10.19,0.18,-0.12,-0.71,2.34,-1.93,10.11,-0.18,-0.59,-0.11
4333.35,31.74,-2.29,-3.20,10.07,0.26,-0.09,-0.73,2.63,-1.90,10.03,-0.16,-0.57,-0.13
4333.37,31.93,-2.28,-3.05,9.88,0.30,-0.07,-0.74,2.91,-1.92,9.88,-0.15,-0.52,-0.21
4333.38,32.16,-2.16,-2.94,9.72,0.31,-0.07,-0.73,3.12,-2.00,9.75,-0.15,-0.49,-0.27
4333.39,32.34,-1.92,-2.92,9.64,0.30,-0.06,-0.74,3.17,-2.02,9.63,-0.15,-0.44,-0.35
4333.40,32.39,-1.67,-2.89,9.59,0.30,-0.06,-0.78,3.05,-2.10,9.53,-0.15,-0.38,-0.42
4333.42,32.32,-1.55,-2.81,9.66,0.33,-0.05,-0.91,2.86,-1.98,9.47,-0.13,-0.31,-0.49
4333.43,32.13,-1.70,-2.75,9.70,0.38,-0.04,-1.02,2.83,-1.89,9.48,-0.12,-0.28,-0.53
4333.44,32.04,-1.92,-2.73,9.66,0.42,-0.02,-1.11,2.81,-1.81,9.46,-0.11,-0.25,-0.55
4333.45,32.03,-2.25,-2.65,9.44,0.45,-0.00,-1.16,2.70,-1.77,9.37,-0.11,-0.20,-0.58
4333.47,32.11,-2.68,-2.67,9.31,0.45,0.02,-1.15,2.47,-1.78,9.42,-0.12,-0.18,-0.63
4333.49,32.15,-2.87,-2.81,9.38,0.44,0.04,-1.11,2.29,-1.81,9.61,-0.12,-0.16,-0.66
4333.50,32.25,-3.02,-2.96,9.41,0.45,0.06,-1.08,2.18,-1.84,9.72,-0.11,-0.14,-0.67
4333.51,32.30,-3.13,-2.91,9.35,0.47,0.07,-1.06,2.04,-1.86,9.80,-0.10,-0.14,-0.68
4333.53,32.28,-3.16,-2.86,9.32,0.48,0.08,-1.06,1.97,-1.89,9.85,-0.08,-0.14,-0.69
4333.54,32.39,-3.09,-2.81,9.35,0.50,0.10,-1.09,2.09,-1.79,9.85,-0.06,-0.13,-0.71
4333.55,32.43,-3.02,-2.76,9.47,0.53,0.11,-1.14,2.19,-1.65,9.87,-0.05,-0.13,-0.76
4333.56,32.49,-3.09,-2.74,9.53,0.59,0.12,-1.22,2.23,-1.52,9.83,-0.04,-0.13,-0.84
4333.58,32.62,-3.23,-2.62,9.47,0.68,0.13,-1.31,2.12,-1.44,9.86,-0.03,-0.13,-0.89
4333.60,32.71,-3.25,-2.63,9.43,0.72,0.15,-1.35,2.03,-1.48,9.89,-0.03,-0.14,-0.95
4333.61,32.77,-3.21,-2.76,9.41,0.76,0.19,-1.41,1.98,-1.65,9.91,-0.01,-0.16,-0.99
4333.62,32.92,-3.20,-2.86,9.38,0.79,0.21,-1.46,1.99,-1.73,9.90,-0.01,-0.17,-1.03
4333.64,33.15,-3.15,-2.82,9.35,0.82,0.25,-1.52,2.24,-1.71,9.77,-0.00,-0.19,-1.07
4333.65,33.41,-3.11,-2.73,9.33,0.84,0.26,-1.57,2.52,-1.61,9.65,-0.01,-0.20,-1.17
4333.67,33.72,-3.10,-2.70,9.28,0.87,0.27,-1.64,2.56,-1.52,9.63,-0.02,-0.21,-1.25
4333.68,34.01,-3.18,-2.73,9.24,0.90,0.28,-1.70,2.48,-1.50,9.64,-0.02,-0.22,-1.35
4333.69,34.38,-3.53,-2.77,9.14,0.95,0.28,-1.78,2.15,-1.43,9.65,-0.03,-0.24,-1.41
4333.71,34.80,-4.00,-2.65,8.98,0.98,0.28,-1.81,1.95,-1.21,9.76,-0.05,-0.27,-1.46
4333.72,35.38,-4.25,-2.51,8.96,1.00,0.29,-1.79,1.90,-1.14,9.84,-0.05,-0.29,-1.51
4333.73,35.80,-4.21,-2.43,9.02,1.01,0.32,-1.77,1.93,-0.97,9.93,-0.03,-0.32,-1.57
4333.75,36.27,-3.97,-2.47,9.15,1.05,0.34,-1.75,1.84,-1.05,9.99,0.00,-0.34,-1.59
4333.76,36.74,-3.68,-2.58,9.19,1.11,0.37,-1.74,2.01,-1.19,9.90,0.03,-0.36,-1.59
4333.78,36.99,-3.49,-2.56,9.16,1.15,0.38,-1.76,2.30,-1.27,9.79,0.03,-0.37,-1.60
4333.79,37.54,-3.34,-2.52,9.11,1.19,0.38,-1.81,2.63,-1.34,9.65,0.03,-0.37,-1.65
4333.81,37.97,-3.33,-2.53,9.13,1.21,0.37,-1.84,2.74,-1.34,9.68,0.03,-0.37,-1.70
4333.82,38.42,-3.40,-2.54,9.26,1.23,0.36,-1.88,2.83,-1.34,9.77,0.03,-0.36,-1.75
4333.84,38.78,-3.51,-2.53,9.32,1.25,0.35,-1.90,2.88,-1.33,9.78,0.03,-0.35,-1.79
4333.85,39.16,-3.55,-2.47,9.33,1.27,0.34,-1.89,3.06,-1.33,9.75,0.02,-0.34,-1.83
4333.86,39.57,-3.46,-2.36,9.35,1.27,0.33,-1.85,3.36,-1.36,9.62,0.01,-0.31,-1.89
4333.87,39.99,-3.26,-2.19,9.44,1.26,0.32,-1.81,3.76,-1.45,9.44,-0.01,-0.27,-1.96
4333.88,40.40,-2.92,-1.96,9.63,1.25,0.32,-1.78,4.24,-1.50,9.26,-0.06,-0.20,-2.09
4333.90,40.89,-2.46,-1.71,9.87,1.24,0.32,-1.79,4.85,-1.40,9.03,-0.14,-0.08,-2.36
4333.91,41.14,-1.98,-1.48,10.02,1.27,0.34,-1.86,5.16,-1.26,8.89,-0.21,0.03,-2.71
4333.92,41.12,-1.56,-1.20,10.03,1.33,0.36,-2.02,5.19,-1.09,8.80,-0.28,0.16,-2.99
4333.94,41.07,-1.49,-0.90,9.99,1.38,0.37,-2.18,4.97,-0.95,8.79,-0.35,0.24,-3.24
4333.95,40.93,-1.82,-0.36,9.92,1.45,0.40,-2.38,4.46,-0.85,8.80,-0.46,0.30,-3.38
4333.96,40.71,-2.10,0.00,9.87,1.46,0.42,-2.47,4.27,-0.84,8.76,-0.56,0.31,-3.47
4333.98,40.65,-2.36,0.20,9.89,1.42,0.45,-2.60,4.27,-0.86,8.71,-0.72,0.30,-3.52
4333.99,40.73,-2.51,0.20,10.03,1.39,0.48,-2.72,4.41,-0.94,8.73,-0.88,0.27,-3.61
4334.00,40.99,-2.52,0.14,10.28,1.38,0.51,-2.89,4.78,-1.20,8.69,-1.13,0.21,-3.83
4334.02,41.34,-2.36,-0.09,10.51,1.42,0.55,-3.14,5.08,-1.67,8.40,-1.39,0.16,-3.97
4334.03,41.87,-2.16,-0.41,10.45,1.49,0.57,-3.39,5.15,-2.34,8.17,-1.75,0.08,-4.33
4334.05,42.22,-1.94,-1.03,10.23,1.58,0.58,-3.74,5.02,-2.82,8.28,-2.02,-0.00,-4.51
4334.06,42.62,-1.88,-1.50,10.01,1.66,0.57,-4.02,4.62,-3.12,8.65,-2.29,-0.13,-4.75
4334.07,42.73,-2.00,-1.76,9.76,1.74,0.53,-4.24,4.33,-3.16,8.76,-2.40,-0.24,-4.80
4334.08,42.94,-2.28,-1.84,9.46,1.78,0.47,-4.37,4.01,-3.12,8.74,-2.50,-0.32,-4.75
4334.09,43.34,-2.73,-1.83,9.14,1.78,0.40,-4.38,3.92,-3.01,8.71,-2.57,-0.42,-4.59
4334.11,43.74,-3.25,-1.65,8.86,1.74,0.30,-4.27,3.93,-2.84,8.65,-2.59,-0.48,-4.46
4334.12,44.42,-3.63,-1.37,8.66,1.66,0.18,-4.08,3.90,-2.65,8.64,-2.59,-0.52,-4.32
4334.13,44.91,-3.78,-1.10,8.50,1.58,0.05,-3.84,3.81,-2.51,8.66,-2.56,-0.55,-4.19
4334.14,45.36,-3.71,-0.94,8.45,1.49,-0.07,-3.58,3.70,-2.33,8.72,-2.51,-0.57,-4.07
4334.16,45.65,-3.51,-0.92,8.49,1.37,-0.21,-3.24,3.48,-2.08,8.79,-2.41,-0.58,-3.90
4334.17,45.62,-3.35,-0.89,8.56,1.30,-0.31,-2.99,3.20,-1.93,8.90,-2.31,-0.57,-3.72
4334.18,45.45,-3.21,-0.80,8.65,1.23,-0.39,-2.75,2.97,-1.78,9.02,-2.20,-0.55,-3.57
4334.19,44.91,-3.06,-0.74,8.79,1.16,-0.46,-2.56,2.81,-1.67,9.19,-2.05,-0.51,-3.30
4334.21,44.37,-2.97,-0.74,8.93,1.09,-0.50,-2.41,2.75,-1.67,9.25,-1.95,-0.45,-3.10
4334.22,43.50,-2.96,-0.83,9.09,1.00,-0.55,-2.26,2.68,-1.72,9.35,-1.79,-0.34,-2.82
4334.23,42.50,-3.08,-0.97,9.23,0.93,-0.57,-2.17,2.77,-1.82,9.50,-1.61,-0.27,-2.68
4334.25,41.60,-3.20,-1.09,9.34,0.87,-0.58,-2.12,2.87,-1.96,9.57,-1.46,-0.17,-2.57
4334.26,41.00,-3.27,-1.18,9.40,0.82,-0.58,-2.09,2.92,-2.04,9.59,-1.38,-0.10,-2.52
4334.27,40.16,-3.32,-1.23,9.44,0.75,-0.57,-2.06,2.96,-2.19,9.59,-1.26,0.05,-2.48
4334.30,38.76,-3.29,-1.32,9.48,0.61,-0.55,-2.04,2.86,-2.48,9.59,-1.09,0.13,-2.46
4334.31,37.85,-3.31,-1.37,9.51,0.54,-0.53,-2.05,2.70,-2.56,9.63,-0.99,0.22,-2.44
4334.32,37.22,-3.37,-1.43,9.50,0.46,-0.51,-2.07,2.61,-2.58,9.64,-0.94,0.33,-2.36
4334.34,35.58,-3.51,-1.46,9.34,0.30,-0.49,-2.10,2.23,-2.60,9.65,-0.80,0.43,-2.22
4334.36,34.73,-3.59,-1.51,9.23,0.22,-0.47,-2.10,1.98,-2.57,9.67,-0.73,0.48,-2.12
4334.37,34.06,-3.68,-1.62,9.16,0.16,-0.46,-2.09,1.67,-2.55,9.70,-0.66,0.53,-1.96
4334.38,33.16,-3.84,-1.79,9.06,0.09,-0.44,-2.06,1.47,-2.53,9.75,-0.60,0.59,-1.66
4334.40,31.24,-4.35,-2.02,8.78,-0.02,-0.40,-1.92,1.04,-2.36,9.88,-0.42,0.63,-1.35
4334.42,30.83,-4.64,-2.08,8.62,-0.08,-0.39,-1.80,0.94,-2.25,9.92,-0.36,0.63,-1.12
4334.43,29.97,-4.99,-2.08,8.52,-0.17,-0.38,-1.57,0.75,-1.88,9.93,-0.27,0.63,-0.99
4334.44,29.62,-5.26,-1.95,8.50,-0.25,-0.38,-1.36,0.57,-1.67,9.98,-0.22,0.61,-0.80
4334.46,28.98,-5.44,-1.75,8.62,-0.35,-0.38,-1.11,0.26,-1.36,10.28,-0.17,0.60,-0.59
4334.47,28.57,-5.64,-1.62,8.97,-0.46,-0.37,-0.85,-0.07,-0.77,10.87,-0.09,0.64,-0.34
4334.49,27.40,-6.66,-0.75,9.85,-0.54,-0.32,-0.44,-0.34,0.42,11.57,-0.01,0.60,-0.07
4334.50,27.12,-7.35,-0.21,9.95,-0.57,-0.25,-0.22,0.01,0.67,11.84,0.00,0.48,0.19
4334.51,27.23,-7.24,-0.12,9.84,-0.63,-0.18,0.15,0.28,0.72,11.64,0.03,0.38,0.34
4334.53,27.40,-6.20,-0.21,9.77,-0.65,-0.15,0.40,0.59,0.59,11.12,0.08,0.30,0.50
4334.54,27.54,-4.49,-0.34,9.66,-0.64,-0.12,0.56,1.35,0.27,10.26,0.11,0.21,0.73
4334.56,27.56,-3.23,-0.51,9.57,-0.64,-0.11,0.57,2.13,-0.18,9.73,0.09,0.15,0.78
4334.57,27.65,-2.08,-0.79,9.52,-0.61,-0.12,0.43,3.12,-0.65,9.15,0.03,0.13,0.66
4334.58,27.70,-1.53,-1.02,9.49,-0.56,-0.14,0.22,3.73,-0.88,8.90,-0.04,0.12,0.53
4334.59,27.74,-1.29,-1.29,9.49,-0.50,-0.16,-0.02,3.98,-1.07,8.88,-0.13,0.14,0.26
4334.61,27.53,-1.36,-1.53,9.56,-0.43,-0.19,-0.22,3.84,-1.10,8.93,-0.17,0.15,0.05
4334.62,27.57,-1.82,-1.67,9.63,-0.36,-0.23,-0.41,3.40,-1.04,9.14,-0.22,0.15,-0.03
4334.63,27.44,-2.28,-1.66,9.69,-0.31,-0.26,-0.49,3.09,-0.89,9.44,-0.23,0.14,-0.04
4334.65,27.31,-2.61,-1.54,9.75,-0.27,-0.29,-0.51,2.97,-0.76,9.56,-0.23,0.13,0.02
4334.66,27.34,-2.71,-1.38,9.77,-0.22,-0.32,-0.47,2.94,-0.59,9.59,-0.22,0.11,0.06
4334.68,27.31,-2.55,-1.28,9.72,-0.21,-0.34,-0.42,2.95,-0.59,9.48,-0.22,0.10,0.08
4334.69,27.16,-2.36,-1.21,9.60,-0.20,-0.35,-0.37,2.88,-0.63,9.36,-0.22,0.08,0.10
4334.72,26.70,-2.41,-1.61,9.34,-0.23,-0.36,-0.28,2.11,-1.12,9.42,-0.24,0.07,0.12
4334.73,26.34,-2.69,-1.94,9.35,-0.25,-0.35,-0.24,1.87,-1.44,9.70,-0.24,0.06,0.15
4334.74,26.18,-2.99,-2.25,9.44,-0.29,-0.33,-0.17,1.89,-1.57,9.86,-0.23,0.04,0.16
4334.75,26.12,-3.18,-2.48,9.56,-0.31,-0.32,-0.09,2.02,-1.60,10.00,-0.22,0.00,0.15
4334.77,26.14,-3.20,-2.62,9.65,-0.31,-0.32,-0.01,2.11,-1.57,10.01,-0.21,-0.03,0.13
4334.78,26.17,-3.09,-2.57,9.64,-0.29,-0.32,0.03,2.05,-1.55,9.96,-0.20,-0.06,0.11
4334.79,26.16,-2.92,-2.51,9.60,-0.27,-0.31,0.05,1.95,-1.62,9.90,-0.19,-0.11,0.09
4334.81,26.10,-2.72,-2.53,9.61,-0.25,-0.30,0.02,1.97,-1.68,9.91,-0.18,-0.14,0.06
4334.82,26.04,-2.51,-2.57,9.67,-0.22,-0.29,-0.04,2.10,-1.71,9.94,-0.17,-0.17,0.01
4334.83,26.00,-2.22,-2.62,9.73,-0.18,-0.29,-0.16,2.42,-1.75,9.89,-0.16,-0.20,-0.09
4334.84,26.07,-1.95,-2.64,9.81,-0.12,-0.29,-0.30,2.70,-1.74,9.80,-0.15,-0.23,-0.19
4334.86,26.05,-1.68,-2.58,9.91,-0.03,-0.30,-0.46,2.90,-1.70,9.74,-0.14,-0.26,-0.30
4334.88,25.93,-1.55,-2.46,9.91,0.04,-0.31,-0.57,2.98,-1.64,9.68,-0.14,-0.27,-0.36
4334.89,26.03,-1.49,-2.35,9.85,0.08,-0.32,-0.65,3.02,-1.63,9.57,-0.14,-0.28,-0.40
4334.90,25.93,-1.50,-2.26,9.77,0.11,-0.33,-0.71,2.99,-1.59,9.46,-0.14,-0.30,-0.44
4334.91,25.94,-1.56,-2.21,9.68,0.13,-0.34,-0.76,2.94,-1.57,9.41,-0.15,-0.32,-0.48
4334.92,26.02,-1.79,-2.19,9.58,0.15,-0.36,-0.80,2.87,-1.54,9.36,-0.16,-0.33,-0.51
4334.94,26.21,-2.01,-2.17,9.51,0.16,-0.38,-0.78,2.76,-1.43,9.35,-0.17,-0.35,-0.52
4334.95,26.28,-2.26,-2.13,9.43,0.16,-0.40,-0.73,2.69,-1.39,9.36,-0.18,-0.37,-0.51
4334.96,26.49,-2.43,-2.08,9.37,0.13,-0.42,-0.64,2.59,-1.34,9.40,-0.19,-0.39,-0.49
4334.98,26.89,-2.43,-2.05,9.42,0.09,-0.47,-0.45,2.69,-1.31,9.47,-0.19,-0.44,-0.40
4335.00,26.98,-2.32,-2.05,9.49,0.07,-0.50,-0.36,2.67,-1.31,9.51,-0.20,-0.47,-0.37
4335.01,27.12,-2.27,-2.09,9.59,0.06,-0.53,-0.32,2.59,-1.36,9.58,-0.20,-0.50,-0.35
4335.02,27.27,-2.42,-2.07,9.65,0.07,-0.55,-0.31,2.45,-1.33,9.69,-0.23,-0.58,-0.34
4335.04,27.46,-2.69,-2.03,9.58,0.08,-0.56,-0.33,2.30,-1.17,9.72,-0.24,-0.65,-0.36
4335.05,27.71,-2.99,-1.91,9.50,0.10,-0.56,-0.35,1.94,-0.96,9.73,-0.27,-0.74,-0.37
4335.07,27.92,-3.25,-1.79,9.50,0.12,-0.56,-0.36,1.80,-0.81,9.77,-0.28,-0.82,-0.35
4335.08,28.20,-3.45,-1.66,9.51,0.15,-0.56,-0.35,1.72,-0.63,9.84,-0.30,-0.94,-0.31
4335.10,28.72,-3.65,-1.48,9.57,0.19,-0.55,-0.31,1.76,-0.42,9.91,-0.32,-1.02,-0.29
4335.10,29.57,-3.74,-1.23,9.62,0.22,-0.53,-0.22,1.91,-0.21,9.96,-0.36,-1.19,-0.29
4335.13,30.31,-3.78,-0.90,9.71,0.24,-0.51,-0.16,1.92,-0.08,10.03,-0.39,-1.33,-0.29
4335.14,30.94,-3.85,-0.73,9.89,0.24,-0.46,-0.13,1.75,0.02,10.28,-0.42,-1.42,-0.30
4335.15,31.80,-4.28,-0.79,10.17,0.25,-0.38,-0.15,1.17,-0.20,10.95,-0.42,-1.58,-0.23
4335.16,32.49,-4.98,-0.90,10.52,0.28,-0.27,-0.21,0.65,-0.03,11.54,-0.41,-1.71,-0.13
4335.17,33.18,-5.87,-1.04,10.83,0.34,-0.14,-0.24,0.38,0.32,12.37,-0.41,-1.82,-0.03
4335.19,34.66,-6.74,-1.11,11.09,0.45,0.02,-0.19,0.52,0.98,13.18,-0.46,-1.99,0.08
4335.20,36.61,-7.65,-0.82,11.34,0.59,0.22,-0.04,0.84,1.97,13.95,-0.57,-2.14,0.06
4335.22,38.93,-8.60,0.02,11.34,0.78,0.38,0.16,0.80,2.55,14.93,-0.69,-2.26,-0.01
4335.23,41.24,-8.49,1.11,11.20,0.97,0.58,0.35,0.45,2.09,15.50,-0.78,-2.33,-0.15
4335.25,43.09,-7.05,0.93,10.67,0.97,0.85,0.49,-0.06,0.25,15.48,-0.78,-2.39,-0.19
4335.26,45.67,-4.38,0.04,10.43,0.77,1.28,0.54,0.76,-1.35,13.83,-0.70,-2.29,0.15
4335.28,47.00,-3.04,-0.32,10.68,0.66,1.62,0.48,2.20,-2.37,12.60,-0.66,-2.18,0.70
4335.29,48.31,-2.26,-0.38,11.27,0.58,1.90,0.39,3.45,-2.98,11.67,-0.68,-2.12,1.24
4335.30,50.58,-1.60,-0.28,12.49,0.47,2.13,0.28,5.70,-3.95,10.66,-0.80,-2.08,1.46
4335.31,53.18,-1.21,-0.38,13.51,0.42,2.23,0.18,8.06,-4.92,9.87,-0.85,-1.94,1.18
4335.33,56.19,-1.05,-0.96,14.19,0.39,2.24,-0.02,9.75,-4.85,8.48,-0.78,-1.64,0.45
4335.34,58.63,-0.91,-1.28,13.98,0.37,2.20,-0.15,10.40,-4.18,7.05,-0.69,-1.31,-0.07
4335.35,60.45,-0.82,-1.37,13.71,0.37,2.17,-0.25,10.37,-3.56,5.67,-0.62,-0.89,-0.66
4335.37,62.99,-0.56,-1.28,13.32,0.39,2.15,-0.40,9.49,-2.95,4.70,-0.55,-0.37,-1.06
4335.38,64.18,-0.40,-1.13,12.79,0.44,2.15,-0.51,8.51,-2.54,4.28,-0.47,0.21,-1.21
4335.39,65.53,-0.27,-0.95,11.98,0.46,2.17,-0.59,6.72,-2.12,3.94,-0.24,0.90,-1.03
4335.40,65.75,-0.30,-0.81,11.35,0.45,2.17,-0.58,6.38,-2.15,3.95,-0.09,1.27,-0.57
4335.42,65.69,-0.52,-0.42,10.32,0.30,2.13,-0.39,6.79,-2.35,3.83,0.35,2.18,-0.30
4335.45,65.22,-0.73,-0.53,9.89,0.11,2.05,-0.17,6.89,-2.12,3.36,0.62,2.74,-0.22
4335.46,64.83,-0.76,-0.58,9.47,-0.01,1.94,0.02,6.71,-1.93,3.14,0.76,3.13,-0.09
4335.47,63.94,-0.78,-0.56,8.95,-0.12,1.80,0.23,6.35,-1.79,2.93,1.03,3.51,0.09
4335.48,63.07,-0.62,-0.71,8.49,-0.24,1.62,0.40,6.30,-1.83,2.96,1.20,3.86,0.26
4335.49,61.74,-0.46,-0.90,8.07,-0.34,1.44,0.56,6.35,-1.90,3.22,1.42,4.09,0.35
4335.51,58.61,-0.10,-1.24,7.49,-0.43,1.19,0.73,6.53,-1.89,4.08,1.72,4.45,0.17
4335.54,52.11,0.37,-1.41,6.98,-0.40,0.87,0.58,7.67,-1.69,5.60,2.15,4.84,-0.07
4335.55,49.68,0.07,-0.78,6.81,-0.34,0.73,0.48,7.70,-1.54,6.06,2.23,4.93,-0.25
4335.56,47.07,-0.33,-0.06,6.64,-0.34,0.56,0.47,7.42,-1.22,6.58,2.31,5.00,-0.34
4335.57,42.60,-0.94,0.60,6.43,-0.40,0.32,0.56,5.89,-0.79,7.49,2.32,5.00,-0.26
4335.59,40.23,-1.86,0.86,6.32,-0.47,0.13,0.71,5.00,-0.87,8.09,2.32,4.92,0.03
4335.60,37.54,-3.14,0.81,6.29,-0.57,-0.04,0.96,4.09,-1.04,8.93,2.28,4.73,0.42
4335.61,35.16,-4.15,0.54,6.52,-0.67,-0.16,1.20,3.44,-1.33,9.63,2.24,4.41,0.77
4335.63,32.70,-6.12,0.21,7.27,-0.72,-0.27,1.32,3.11,-1.40,9.77,2.08,3.71,0.98
4335.64,31.75,-6.99,0.24,7.87,-0.65,-0.37,1.13,3.18,-1.30,9.27,1.84,3.14,0.96
4335.66,31.44,-8.18,0.84,8.14,-0.51,-0.39,0.86,2.72,-0.88,8.20,1.31,2.31,0.77
4335.67,31.76,-9.18,1.14,8.10,-0.52,-0.37,0.70,1.80,-1.02,7.75,0.79,1.57,0.53
4335.68,32.43,-9.31,0.98,8.19,-0.59,-0.33,0.60,1.20,-1.42,7.55,0.32,0.78,0.46
4335.69,33.32,-8.39,0.52,8.43,-0.63,-0.29,0.38,1.07,-1.78,7.64,-0.02,0.21,0.48
4335.71,34.68,-6.10,-0.22,8.55,-0.70,-0.25,-0.17,1.01,-0.61,8.95,-0.68,-0.69,0.37
4335.72,35.10,-4.28,-0.47,10.42,-0.70,-0.33,-0.41,-0.31,2.83,13.85,-0.83,-0.69,-0.47
4335.74,34.06,-4.88,1.62,12.13,-0.56,-0.51,-0.31,-1.56,2.63,14.06,-0.50,-0.61,0.44
4335.75,33.75,-8.32,2.18,11.58,-0.73,-0.56,-0.03,-0.29,1.98,13.30,-0.39,-0.84,1.80
4335.77,35.71,-9.16,-0.67,11.39,-1.05,-0.59,0.68,3.16,0.19,12.05,-0.42,-1.08,2.10
4335.79,37.26,-4.57,-2.14,11.68,-0.88,-0.53,0.80,4.17,-1.48,10.61,-0.58,-1.25,1.84
4335.80,37.25,-0.73,-2.77,10.74,-0.73,-0.56,0.71,4.26,-2.18,9.99,-0.66,-1.31,1.65
4335.81,37.22,1.79,-2.47,9.55,-0.70,-0.71,0.51,5.15,-2.30,8.78,-0.77,-1.24,1.40
4335.83,36.78,1.55,-1.94,8.99,-0.70,-0.86,0.18,5.98,-2.18,8.29,-0.86,-1.08,0.99
4335.84,36.59,0.42,-2.00,8.78,-0.68,-0.96,-0.19,6.11,-2.07,8.31,-0.96,-0.92,0.39
4335.85,36.21,-0.80,-2.49,8.97,-0.65,-1.03,-0.43,5.66,-1.92,8.62,-1.03,-0.83,-0.15
4335.86,34.70,-2.22,-2.51,10.34,-0.49,-1.14,-0.51,1.67,-1.26,10.66,-0.80,-0.73,0.05
4335.90,33.87,-2.72,-2.24,10.00,-0.42,-1.13,-0.47,1.74,-1.32,10.47,-0.72,-0.72,0.22
4335.91,33.33,-3.06,-2.28,9.55,-0.41,-1.13,-0.40,2.14,-1.56,10.14,-0.66,-0.69,0.20
4335.93,32.94,-2.88,-2.63,9.14,-0.43,-1.10,-0.35,2.34,-2.00,9.81,-0.62,-0.67,0.08
4335.94,32.50,-2.55,-2.87,9.13,-0.44,-1.08,-0.37,2.22,-2.12,9.81,-0.61,-0.64,-0.04
4335.95,32.11,-2.42,-2.99,9.24,-0.42,-1.06,-0.45,2.12,-2.06,9.87,-0.59,-0.64,-0.13
4335.96,31.61,-2.48,-2.96,9.37,-0.34,-1.04,-0.53,2.21,-1.80,9.90,-0.57,-0.64,-0.19
4335.97,31.10,-2.56,-2.74,9.45,-0.26,-1.03,-0.59,2.25,-1.44,9.92,-0.54,-0.64,-0.27
4335.99,30.48,-2.57,-2.41,9.47,-0.13,-1.02,-0.65,1.99,-1.27,9.93,-0.51,-0.64,-0.33
4336.01,29.69,-2.80,-2.30,9.36,-0.04,-1.00,-0.72,1.36,-1.31,9.88,-0.46,-0.64,-0.32
4336.02,29.15,-3.19,-2.34,9.19,0.01,-0.97,-0.71,1.15,-1.27,9.78,-0.44,-0.65,-0.30
4336.04,28.86,-3.42,-2.28,9.01,0.02,-0.94,-0.64,1.14,-1.17,9.73,-0.44,-0.67,-0.30
4336.05,28.63,-3.51,-2.18,8.96,0.02,-0.92,-0.55,1.10,-1.05,9.69,-0.44,-0.70,-0.30
4336.06,28.55,-3.44,-2.09,8.96,0.01,-0.90,-0.47,1.10,-1.03,9.66,-0.44,-0.73,-0.29
4336.08,28.36,-3.28,-2.04,8.94,0.00,-0.89,-0.40,1.18,-1.05,9.58,-0.45,-0.76,-0.25
4336.09,28.29,-3.10,-2.04,8.97,-0.01,-0.88,-0.35,1.28,-1.08,9.54,-0.45,-0.79,-0.21
4336.10,28.18,-2.95,-2.00,9.06,-0.01,-0.88,-0.31,1.58,-1.15,9.51,-0.47,-0.82,-0.18
4336.11,28.15,-2.82,-1.88,9.13,-0.02,-0.88,-0.29,1.74,-1.21,9.52,-0.48,-0.85,-0.17
4336.12,28.15,-2.69,-1.78,9.17,-0.04,-0.88,-0.28,1.89,-1.29,9.54,-0.49,-0.86,-0.17
4336.14,28.14,-2.62,-1.78,9.23,-0.06,-0.88,-0.30,1.93,-1.30,9.56,-0.50,-0.89,-0.17
4336.15,28.13,-2.73,-1.81,9.28,-0.06,-0.87,-0.33,1.85,-1.23,9.58,-0.51,-0.94,-0.18
4336.16,28.25,-3.33,-1.76,9.22,-0.05,-0.86,-0.34,1.42,-0.94,9.73,-0.54,-1.00,-0.18
4336.18,28.41,-3.88,-1.56,9.09,-0.08,-0.85,-0.30,0.99,-0.81,9.88,-0.57,-1.11,-0.14
4336.20,28.78,-4.46,-1.34,8.96,-0.13,-0.83,-0.21,0.75,-0.63,10.00,-0.59,-1.18,-0.11
4336.21,29.25,-4.65,-1.31,8.97,-0.19,-0.81,-0.13,0.80,-0.58,10.11,-0.61,-1.28,-0.07
4336.22,29.94,-4.45,-1.42,9.10,-0.21,-0.78,-0.07,1.03,-0.60,10.14,-0.63,-1.41,-0.02
4336.23,30.49,-4.18,-1.48,9.29,-0.19,-0.75,-0.04,1.19,-0.62,10.17,-0.64,-1.57,0.01
4336.25,31.72,-3.93,-1.24,9.63,-0.13,-0.66,-0.03,1.72,-0.47,10.29,-0.68,-1.70,-0.00
4336.27,32.41,-3.86,-0.98,9.78,-0.09,-0.58,-0.06,1.90,-0.32,10.34,-0.71,-1.83,-0.07
4336.28,33.46,-3.82,-0.92,10.09,0.01,-0.45,-0.19,2.19,-0.26,10.65,-0.77,-1.90,-0.12
4336.29,34.70,-4.11,-1.00,10.66,0.16,-0.32,-0.42,2.13,-0.10,11.47,-0.83,-2.01,-0.22
4336.31,35.71,-5.06,-1.06,11.19,0.39,-0.19,-0.74,2.10,0.44,12.09,-0.89,-2.07,-0.35
4336.32,37.13,-6.38,-0.62,11.40,0.68,-0.08,-1.06,2.10,1.30,13.12,-1.01,-2.13,-0.56
4336.33,39.63,-8.41,0.58,11.69,1.06,0.16,-1.18,1.47,2.53,15.42,-1.23,-2.19,-0.94
4336.35,40.97,-8.86,1.41,11.62,1.23,0.41,-0.98,0.72,2.97,16.79,-1.30,-2.24,-1.08
4336.36,43.07,-7.97,1.66,11.40,1.29,0.73,-0.68,-0.04,1.94,16.74,-1.31,-2.28,-1.13
4336.37,44.60,-6.11,0.75,11.12,1.25,1.05,-0.46,0.17,0.18,15.91,-1.28,-2.26,-0.93
4336.38,45.58,-4.54,-0.21,10.84,1.14,1.37,-0.30,0.84,-0.94,14.34,-1.23,-2.20,-0.64
4336.39,47.04,-2.71,-0.71,10.85,0.98,1.67,-0.24,1.89,-2.07,12.74,-1.16,-2.16,0.25
4336.41,48.60,-2.21,-0.96,11.57,0.81,1.94,-0.30,3.72,-3.95,11.40,-1.18,-2.13,0.62
4336.42,52.16,-2.87,-1.07,13.06,0.64,2.11,-0.40,6.82,-5.83,10.74,-1.22,-1.95,0.54
4336.44,54.23,-3.18,-1.26,13.62,0.53,2.13,-0.38,8.03,-5.82,10.15,-1.13,-1.76,0.04
4336.45,57.09,-2.66,-1.38,13.59,0.38,2.11,-0.28,9.24,-4.84,8.32,-0.92,-1.35,-0.63
4336.46,58.86,-2.03,-1.48,13.53,0.33,2.10,-0.26,9.46,-4.27,6.95,-0.78,-1.05,-1.04
4336.48,61.03,-0.83,-1.69,13.16,0.27,2.12,-0.29,8.85,-3.25,5.10,-0.58,-0.44,-1.45
4336.49,62.95,-0.34,-1.80,12.57,0.29,2.14,-0.39,7.77,-2.70,4.25,-0.41,0.11,-1.51
4336.50,64.27,-0.09,-1.58,11.71,0.36,2.13,-0.47,6.30,-2.26,3.67,-0.10,0.92,-0.93
4336.53,64.75,-0.77,-1.28,10.58,0.37,2.07,-0.46,6.09,-2.05,3.47,0.27,1.69,-0.62
4336.54,64.83,-0.98,-0.78,9.86,0.19,1.88,-0.09,6.51,-2.32,3.22,0.63,2.39,-0.20
4336.56,62.72,-0.32,-0.89,8.62,-0.22,1.45,0.57,5.93,-2.17,2.87,1.24,3.55,0.38
4336.60,60.44,-0.11,-1.18,8.06,-0.36,1.24,0.78,6.14,-2.37,3.26,1.63,4.04,0.54
4336.61,56.70,0.33,-1.64,7.37,-0.45,0.97,0.85,7.17,-2.49,4.07,1.98,4.49,0.36
4336.64,54.47,0.68,-1.82,7.09,-0.44,0.84,0.77,7.60,-2.55,4.58,2.09,4.63,0.04
4336.64,50.87,0.99,-1.70,6.85,-0.39,0.68,0.59,8.32,-2.35,5.28,2.22,4.88,-0.43
4336.66,47.83,0.84,-1.09,6.72,-0.33,0.52,0.46,8.12,-1.93,5.70,2.21,4.99,-0.99
4336.69,41.19,-0.04,0.13,6.62,-0.40,0.12,0.34,5.66,-0.90,7.68,2.11,5.20,-0.93
4336.70,36.23,-0.90,0.53,6.80,-0.44,-0.05,0.41,3.84,-0.45,8.99,2.05,5.16,-0.42
4336.71,33.33,-2.27,0.84,6.98,-0.44,-0.16,0.57,3.01,-0.70,9.56,2.02,5.02,0.13
4336.72,30.39,-4.46,1.03,7.19,-0.51,-0.22,0.84,2.33,-1.32,10.11,1.97,4.69,0.59
4336.73,27.63,-6.79,0.69,7.65,-0.68,-0.26,1.10,1.77,-1.76,10.68,1.90,4.10,0.90
4336.75,27.02,-8.57,0.25,7.99,-0.77,-0.29,1.06,1.96,-1.68,10.53,1.83,3.66,1.07
4336.76,26.32,-11.23,0.73,8.20,-0.75,-0.26,0.65,0.47,-0.52,8.06,0.89,1.93,0.76
4336.78,27.16,-11.25,0.24,8.49,-0.81,-0.18,0.62,0.46,-0.82,7.60,0.55,1.29,0.70
4336.79,28.03,-10.18,-0.25,8.66,-0.80,-0.10,0.52,1.20,-1.53,7.40,0.11,0.44,0.74
4336.81,29.78,-7.92,-0.71,8.74,-0.71,-0.04,0.25,1.95,-1.92,7.79,-0.32,-0.30,0.70
4336.82,31.75,-4.96,-1.09,8.93,-0.59,-0.05,-0.13,1.96,0.04,9.47,-0.84,-0.89,0.36
4336.83,32.10,-3.23,-0.86,9.83,-0.50,-0.20,-0.37,1.33,2.34,12.15,-0.99,-0.86,-0.36
4336.84,31.84,-3.22,0.07,11.70,-0.47,-0.44,-0.30,-0.95,2.44,14.60,-0.71,-0.74,-0.25
4336.85,31.11,-5.41,1.48,12.30,-0.44,-0.59,-0.06,-1.63,2.24,14.21,-0.48,-0.79,0.83
4336.86,31.56,-9.92,1.20,11.67,-0.64,-0.61,0.35,0.37,0.78,13.40,-0.39,-1.05,2.36
4336.88,33.51,-9.93,-1.60,11.65,-1.00,-0.59,1.12,2.63,-0.37,12.18,-0.43,-1.30,2.46
4336.90,35.71,-3.86,-2.94,11.26,-0.79,-0.50,1.10,3.97,-2.14,10.20,-0.62,-1.53,2.09
4336.91,35.75,0.29,-2.96,9.99,-0.64,-0.54,1.01,4.37,-2.52,9.39,-0.69,-1.56,1.83
4336.92,36.04,2.92,-2.20,9.03,-0.70,-0.68,0.89,5.99,-2.52,8.20,-0.82,-1.43,1.49
4336.94,35.05,2.96,-1.79,8.62,-0.73,-0.83,0.45,6.87,-2.36,7.72,-0.88,-1.28,0.94
4336.95,35.54,1.97,-2.15,8.54,-0.67,-0.94,-0.09,6.90,-2.16,7.57,-0.99,-1.09,0.43
4336.96,35.42,-1.34,-2.74,9.04,-0.56,-1.09,-0.54,4.07,-1.84,9.49,-1.07,-0.95,-0.42
4336.98,34.87,-2.18,-2.73,9.88,-0.55,-1.15,-0.53,2.65,-1.73,10.38,-1.00,-0.91,-0.27
4336.99,34.31,-2.36,-2.63,10.45,-0.49,-1.15,-0.49,1.48,-1.58,10.86,-0.87,-0.88,-0.03
4337.00,33.16,-2.66,-2.35,10.13,-0.39,-1.12,-0.43,1.91,-1.63,10.42,-0.73,-0.84,0.19
4337.02,32.77,-2.85,-2.56,9.39,-0.38,-1.07,-0.34,2.57,-1.79,9.84,-0.69,-0.82,0.13
4337.04,32.56,-2.79,-2.83,9.16,-0.39,-1.04,-0.34,2.44,-2.05,9.70,-0.68,-0.79,-0.08
4337.05,32.23,-2.77,-3.02,9.23,-0.34,-0.99,-0.39,2.02,-2.10,9.89,-0.66,-0.78,-0.21
4337.07,31.94,-2.82,-3.13,9.32,-0.28,-0.96,-0.45,1.96,-2.07,10.00,-0.63,-0.79,-0.24
4337.08,31.70,-2.83,-3.13,9.38,-0.21,-0.95,-0.50,2.12,-1.92,10.01,-0.59,-0.79,-0.25
4337.09,31.49,-2.74,-2.96,9.38,-0.14,-0.94,-0.51,2.23,-1.83,9.91,-0.56,-0.79,-0.25
4337.10,31.28,-2.48,-2.66,9.35,-0.08,-0.94,-0.49,2.38,-1.68,9.64,-0.53,-0.79,-0.26
4337.12,31.03,-2.24,-2.46,9.33,-0.04,-0.94,-0.49,2.43,-1.61,9.50,-0.52,-0.78,-0.27
4337.13,30.87,-2.13,-2.27,9.33,-0.01,-0.94,-0.48,2.44,-1.49,9.37,-0.51,-0.77,-0.27
4337.14,30.43,-2.21,-1.98,9.25,0.02,-0.93,-0.50,2.29,-1.35,9.33,-0.52,-0.76,-0.29
4337.16,30.18,-2.30,-1.80,9.18,0.01,-0.92,-0.51,2.09,-1.32,9.36,-0.52,-0.76,-0.29
4337.17,29.86,-2.44,-1.74,9.13,0.01,-0.89,-0.54,1.87,-1.28,9.34,-0.52,-0.77,-0.27
4337.19,29.62,-2.73,-1.78,9.05,-0.01,-0.86,-0.55,1.75,-1.32,9.32,-0.52,-0.80,-0.25
4337.20,29.53,-2.90,-1.73,9.01,-0.03,-0.83,-0.53,1.78,-1.35,9.29,-0.54,-0.84,-0.24
4337.22,29.59,-2.94,-1.71,9.01,-0.05,-0.80,-0.52,1.78,-1.37,9.29,-0.55,-0.87,-0.24
4337.23,29.65,-2.99,-1.72,9.00,-0.06,-0.77,-0.52,1.81,-1.41,9.32,-0.56,-0.91,-0.23
4337.24,29.84,-3.13,-1.80,9.07,-0.07,-0.73,-0.51,1.90,-1.38,9.40,-0.56,-0.95,-0.23
4337.26,30.13,-3.39,-1.88,9.10,-0.07,-0.71,-0.47,1.93,-1.35,9.47,-0.57,-1.00,-0.22
4337.27,30.60,-3.68,-1.84,9.03,-0.08,-0.69,-0.40,1.68,-1.30,9.62,-0.58,-1.07,-0.19
4337.28,31.03,-3.89,-1.67,8.97,-0.09,-0.68,-0.35,1.48,-1.21,9.66,-0.59,-1.14,-0.16
4337.29,31.42,-4.09,-1.51,8.94,-0.11,-0.67,-0.33,1.23,-1.10,9.89,-0.62,-1.22,-0.14
4337.31,32.04,-4.34,-1.46,8.95,-0.12,-0.64,-0.36,1.14,-1.02,10.02,-0.63,-1.33,-0.10
4337.32,32.80,-4.42,-1.66,8.98,-0.09,-0.60,-0.40,1.24,-0.97,10.07,-0.65,-1.46,-0.07
4337.34,33.48,-4.40,-1.73,9.05,-0.04,-0.56,-0.41,1.35,-1.02,10.11,-0.66,-1.57,-0.05
4337.35,34.12,-4.37,-1.70,9.19,-0.00,-0.51,-0.41,1.63,-0.99,10.18,-0.68,-1.65,-0.05
4337.36,35.61,-4.32,-1.62,9.54,0.09,-0.45,-0.45,2.39,-0.78,10.25,-0.74,-1.78,-0.10
4337.38,37.00,-4.24,-1.72,10.04,0.28,-0.36,-0.61,2.81,-0.91,10.76,-0.83,-1.86,-0.23
4337.39,38.09,-4.53,-1.57,10.64,0.46,-0.25,-0.85,2.75,-0.67,11.61,-0.90,-1.91,-0.31
4337.40,39.56,-5.38,-1.18,11.05,0.60,-0.14,-1.00,2.98,-0.32,12.75,-1.00,-1.94,-0.45
4337.42,40.81,-6.20,-0.70,11.38,0.75,0.01,-1.05,2.95,-0.00,13.40,-1.07,-1.96,-0.59
4337.43,42.01,-6.73,-0.03,11.65,0.91,0.21,-0.99,2.87,0.56,14.34,-1.16,-1.99,-0.71
4337.44,44.27,-6.93,1.08,11.80,1.08,0.52,-0.81,2.59,1.10,15.31,-1.29,-2.04,-0.96
4337.46,45.81,-6.09,1.37,11.64,1.15,0.80,-0.66,2.26,0.62,15.18,-1.36,-2.03,-1.07
4337.47,47.07,-4.46,0.97,11.34,1.12,1.08,-0.53,2.30,-0.28,14.43,-1.36,-2.01,-0.97
4337.48,48.22,-2.66,0.08,11.18,1.00,1.42,-0.46,3.12,-1.81,12.39,-1.29,-1.93,-0.74
4337.50,49.39,-1.43,-0.50,11.45,0.90,1.66,-0.50,4.50,-2.54,10.77,-1.29,-1.89,-0.39
4337.51,51.33,-0.83,-0.66,12.01,0.83,1.83,-0.61,6.53,-3.66,9.69,-1.35,-1.83,-0.21
4337.52,53.23,-0.88,-0.44,12.83,0.76,1.95,-0.74,7.77,-4.53,9.02,-1.36,-1.72,-0.30
4337.53,55.85,-0.92,-0.30,13.53,0.71,2.01,-0.89,8.96,-4.52,7.81,-1.31,-1.43,-0.72
4337.55,57.58,-0.74,-0.25,13.73,0.65,2.00,-0.98,9.54,-3.94,6.71,-1.26,-1.18,-1.25
4337.56,59.66,-0.30,-0.41,13.72,0.59,1.98,-1.07,10.02,-3.21,5.02,-1.18,-0.75,-1.61
4337.57,61.65,0.30,-0.60,13.49,0.56,1.95,-1.18,9.82,-2.41,3.63,-1.11,-0.24,-1.91
4337.58,63.47,0.85,-0.62,12.90,0.53,1.91,-1.31,8.80,-1.68,2.94,-0.99,0.49,-1.96
4337.60,64.32,0.93,-0.50,12.36,0.50,1.87,-1.33,7.87,-1.43,2.78,-0.80,1.04,-1.73
4337.61,64.79,0.94,-0.25,11.70,0.46,1.84,-1.28,7.20,-1.22,2.71,-0.56,1.62,-1.37
4337.62,64.73,0.82,-0.06,11.06,0.40,1.81,-1.17,7.10,-1.16,2.63,-0.38,2.03,-1.02
4337.63,64.52,0.17,0.08,10.44,0.29,1.75,-0.89,7.24,-1.31,2.48,-0.16,2.53,-0.61
4337.65,64.20,-0.13,0.13,10.05,0.18,1.66,-0.62,7.10,-1.28,2.27,-0.00,2.92,-0.32
4337.66,63.74,-0.02,-0.11,9.72,0.07,1.55,-0.39,6.89,-1.18,2.20,0.10,3.21,-0.12
4337.67,62.82,0.12,-0.66,9.38,0.02,1.41,-0.27,6.85,-1.22,2.45,0.30,3.68,-0.01
4337.69,61.46,0.27,-1.07,8.93,0.02,1.28,-0.26,7.08,-1.31,2.72,0.43,3.96,0.01
4337.70,59.19,0.65,-1.44,8.50,0.05,1.11,-0.34,7.98,-1.64,3.53,0.66,4.42,-0.26
4337.71,56.27,1.10,-1.51,8.10,0.17,0.98,-0.53,8.69,-1.87,4.18,0.75,4.62,-0.73
4337.73,54.00,1.16,-1.33,7.72,0.26,0.90,-0.77,9.37,-1.99,4.60,0.77,4.76,-1.36
4337.74,48.94,0.39,-0.75,6.91,0.26,0.69,-1.26,8.47,-1.98,5.23,0.60,4.92,-2.59
4337.76,44.39,-0.77,-0.55,6.85,0.13,0.43,-1.36,5.53,-1.67,6.16,0.38,4.86,-2.79
4337.78,40.88,-1.38,-0.56,7.17,0.12,0.37,-1.33,4.58,-1.72,6.99,0.22,4.68,-2.57
4337.80,39.01,-2.19,-0.55,7.52,0.15,0.36,-1.28,4.57,-1.91,7.45,0.12,4.51,-2.46
4337.81,36.60,-3.11,-0.75,7.83,0.18,0.38,-1.35,5.02,-2.29,7.92,-0.07,4.16,-2.52
4337.82,35.17,-4.02,-1.32,7.95,0.21,0.42,-1.62,5.52,-2.92,8.07,-0.36,3.56,-2.87
4337.84,34.84,-4.10,-2.13,7.88,0.27,0.43,-2.07,5.44,-3.23,8.12,-0.57,3.07,-3.24
4337.85,34.81,-4.21,-2.62,7.74,0.31,0.41,-2.52,4.41,-3.23,8.13,-0.81,2.39,-3.72
4337.87,34.90,-4.89,-2.88,7.44,0.33,0.33,-3.01,2.94,-3.04,8.41,-0.95,1.81,-3.79
4337.88,35.91,-7.51,-2.96,6.98,0.26,0.09,-3.11,0.55,-1.90,9.50,-0.92,0.81,-3.23
4337.90,36.04,-8.45,-2.95,7.22,0.14,-0.09,-2.72,-1.68,-1.33,10.56,-0.67,0.16,-2.47
4337.91,36.05,-8.87,-3.09,8.06,-0.04,-0.28,-1.96,-3.67,-0.43,11.64,-0.28,-0.33,-0.95
4337.93,36.08,-8.61,-2.80,9.33,-0.09,-0.40,-1.26,-3.66,0.02,12.15,-0.05,-0.52,0.24
4337.94,35.76,-8.47,-1.50,11.03,-0.07,-0.50,-0.63,-2.70,0.13,13.01,0.08,-0.67,0.97
4337.95,35.73,-8.85,-0.77,12.17,-0.12,-0.52,-0.21,-0.20,-0.05,14.55,0.13,-0.77,1.16
4337.97,36.85,-8.57,-1.82,11.62,-0.14,-0.47,0.27,3.54,0.36,12.63,0.17,-0.86,0.76
4337.99,38.95,-3.07,-1.39,9.85,-0.12,-0.51,0.79,4.13,-0.66,9.76,0.09,-0.91,0.50
4338.02,38.51,0.25,-1.69,9.28,-0.23,-0.53,0.45,2.70,-1.69,8.70,-0.01,-0.86,0.44
4338.03,37.57,0.08,-2.01,9.30,-0.17,-0.49,0.04,2.66,-1.76,8.86,-0.04,-0.79,0.36
4338.04,36.87,-0.70,-2.29,9.32,-0.09,-0.45,-0.33,2.82,-1.61,9.15,-0.08,-0.71,0.24
4338.05,36.27,-1.79,-2.34,9.50,-0.03,-0.41,-0.57,2.91,-1.45,9.62,-0.14,-0.64,0.06
4338.07,36.13,-2.52,-2.40,9.81,0.03,-0.37,-0.70,2.69,-1.55,9.90,-0.17,-0.59,-0.09
4338.08,36.03,-2.67,-2.60,9.97,0.08,-0.32,-0.74,2.42,-1.80,10.01,-0.18,-0.57,-0.16
4338.09,35.91,-2.41,-2.84,10.08,0.14,-0.25,-0.81,2.35,-2.03,10.01,-0.18,-0.51,-0.32
4338.13,35.34,-1.90,-3.19,9.96,0.35,-0.05,-1.15,3.02,-2.18,9.66,-0.20,-0.49,-0.43
4338.14,35.42,-2.24,-3.24,9.84,0.42,-0.00,-1.24,3.17,-2.15,9.61,-0.21,-0.45,-0.66
4338.16,35.79,-2.78,-3.26,9.58,0.50,0.04,-1.30,2.96,-2.19,9.68,-0.22,-0.40,-0.73
4338.17,35.97,-2.77,-3.24,9.45,0.52,0.06,-1.29,2.75,-2.34,9.63,-0.21,-0.36,-0.75
4338.18,36.03,-2.56,-3.28,9.40,0.52,0.08,-1.28,2.61,-2.47,9.56,-0.18,-0.33,-0.74
4338.20,36.00,-2.38,-3.37,9.45,0.54,0.09,-1.30,2.58,-2.50,9.53,-0.14,-0.29,-0.71
4338.21,35.91,-2.33,-3.34,9.49,0.56,0.10,-1.33,2.81,-2.42,9.50,-0.12,-0.25,-0.70
4338.22,35.89,-2.40,-3.22,9.48,0.59,0.10,-1.36,2.95,-2.37,9.49,-0.11,-0.22,-0.73
4338.23,35.96,-2.51,-3.17,9.45,0.62,0.11,-1.38,3.04,-2.25,9.45,-0.09,-0.17,-0.81
4338.25,36.00,-2.62,-3.22,9.44,0.64,0.12,-1.38,2.92,-2.22,9.44,-0.07,-0.13,-0.83
4338.27,36.00,-2.74,-3.20,9.44,0.67,0.13,-1.38,2.72,-2.20,9.49,-0.05,-0.10,-0.87
4338.28,35.93,-2.95,-3.21,9.41,0.71,0.16,-1.40,2.41,-2.17,9.59,-0.03,-0.08,-0.88
4338.30,35.82,-3.08,-3.15,9.29,0.73,0.19,-1.43,2.29,-2.17,9.62,-0.01,-0.07,-0.89
4338.31,35.88,-3.16,-3.15,9.22,0.76,0.22,-1.47,2.37,-2.11,9.62,0.00,-0.06,-0.93
4338.33,35.87,-3.20,-3.15,9.22,0.78,0.24,-1.50,2.47,-2.08,9.67,0.01,-0.06,-0.97
4338.34,36.07,-3.25,-3.13,9.23,0.83,0.26,-1.54,2.46,-1.98,9.62,0.02,-0.06,-1.03
4338.35,36.09,-3.29,-3.02,9.17,0.87,0.28,-1.58,2.35,-1.87,9.62,0.03,-0.06,-1.09
4338.36,36.26,-3.41,-2.97,9.11,0.90,0.30,-1.63,2.23,-1.83,9.66,0.03,-0.06,-1.13
4338.38,36.27,-3.49,-3.00,9.09,0.93,0.32,-1.66,2.09,-1.82,9.73,0.03,-0.07,-1.17
4338.39,36.76,-3.67,-3.20,9.04,0.99,0.40,-1.69,2.11,-1.89,9.73,0.06,-0.12,-1.21
4338.42,36.92,-3.66,-3.27,9.02,1.01,0.43,-1.70,2.24,-1.89,9.72,0.06,-0.14,-1.24
4338.43,37.33,-3.67,-3.32,8.89,1.06,0.46,-1.72,2.19,-1.95,9.65,0.08,-0.15,-1.28
4338.45,37.60,-3.61,-3.35,8.81,1.09,0.48,-1.73,2.11,-1.90,9.52,0.09,-0.16,-1.30
4338.46,38.08,-3.83,-3.16,8.72,1.12,0.49,-1.73,2.36,-1.84,9.53,0.09,-0.19,-1.34
4338.47,38.60,-4.04,-2.97,8.74,1.13,0.48,-1.71,2.62,-1.61,9.54,0.10,-0.21,-1.39
4338.48,39.02,-4.13,-2.89,8.84,1.14,0.47,-1.69,2.59,-1.47,9.63,0.10,-0.21,-1.43
4338.50,39.89,-4.24,-2.64,8.96,1.17,0.46,-1.63,2.51,-1.23,9.74,0.13,-0.23,-1.46
4338.52,40.42,-4.24,-2.46,9.06,1.19,0.45,-1.56,2.52,-1.12,9.77,0.16,-0.24,-1.46
4338.54,41.03,-4.09,-2.26,9.08,1.19,0.46,-1.49,2.67,-1.03,9.68,0.18,-0.24,-1.47
4338.55,41.42,-3.95,-2.23,9.12,1.21,0.45,-1.47,2.82,-0.98,9.64,0.18,-0.25,-1.50
4338.56,41.78,-3.78,-2.23,9.18,1.23,0.46,-1.48,3.02,-1.00,9.59,0.19,-0.25,-1.55
4338.57,42.58,-3.41,-2.19,9.25,1.31,0.46,-1.52,3.47,-1.16,9.47,0.17,-0.21,-1.72
4338.60,42.87,-3.34,-2.26,9.30,1.34,0.46,-1.56,3.57,-1.26,9.47,0.16,-0.19,-1.81
4338.61,43.15,-3.27,-2.31,9.37,1.37,0.46,-1.58,3.68,-1.40,9.50,0.15,-0.15,-1.89
4338.62,43.52,-2.93,-2.28,9.65,1.40,0.43,-1.62,4.27,-1.61,9.41,0.13,-0.06,-2.07
4338.64,43.76,-2.68,-2.20,9.84,1.43,0.41,-1.67,4.82,-1.63,9.25,0.10,0.02,-2.29
4338.66,43.86,-2.10,-1.99,10.07,1.49,0.40,-1.79,5.49,-1.52,9.03,0.04,0.15,-2.56
4338.67,43.91,-1.75,-1.81,10.16,1.57,0.39,-1.94,5.88,-1.39,8.86,-0.00,0.27,-2.88
4338.68,43.87,-1.49,-1.61,10.12,1.66,0.38,-2.11,5.94,-1.26,8.72,-0.05,0.39,-3.18
4338.69,43.82,-1.39,-1.39,9.98,1.74,0.37,-2.28,5.69,-1.15,8.68,-0.09,0.50,-3.45
4338.71,43.34,-1.50,-1.17,9.83,1.81,0.36,-2.43,5.35,-1.08,8.67,-0.12,0.59,-3.63
4338.72,43.08,-1.68,-1.00,9.75,1.85,0.34,-2.57,5.07,-1.06,8.71,-0.18,0.64,-3.76
4338.73,42.42,-2.47,-0.60,9.73,1.88,0.33,-2.73,4.44,-1.13,8.89,-0.28,0.64,-3.90
4338.75,42.18,-2.87,-0.55,9.78,1.87,0.33,-2.82,4.09,-1.05,9.04,-0.40,0.61,-4.01
4338.76,41.78,-3.59,-0.73,10.02,1.83,0.39,-3.05,3.62,-0.87,9.52,-0.56,0.55,-4.21
4338.78,41.58,-3.90,-0.83,10.04,1.84,0.45,-3.25,3.44,-0.80,9.60,-0.71,0.49,-4.39
4338.78,41.66,-4.31,-0.85,9.96,1.87,0.50,-3.41,3.24,-0.94,9.45,-0.85,0.42,-4.50
4338.81,41.67,-4.57,-0.84,9.84,1.89,0.55,-3.63,2.79,-1.24,9.25,-1.08,0.29,-4.62
4338.82,42.40,-4.88,-1.20,9.35,1.94,0.66,-4.00,2.49,-1.88,9.13,-1.54,-0.10,-4.73
4338.84,42.95,-4.86,-1.64,8.98,1.96,0.66,-4.17,2.37,-2.14,9.23,-1.71,-0.34,-4.66
4338.85,43.98,-5.00,-1.99,8.68,2.00,0.60,-4.22,2.09,-2.17,9.27,-1.85,-0.63,-4.41
4338.86,45.03,-5.39,-2.18,8.25,2.06,0.50,-4.11,1.96,-1.96,9.20,-1.92,-0.89,-3.95
4338.88,46.78,-6.12,-1.93,7.76,2.03,0.36,-3.56,2.36,-1.68,9.12,-1.94,-1.14,-3.44
4338.89,47.98,-6.35,-1.62,7.51,1.94,0.26,-3.04,2.50,-1.69,9.17,-1.93,-1.25,-3.23
4338.90,49.59,-6.21,-1.06,7.38,1.81,0.17,-2.51,2.47,-1.70,9.22,-1.88,-1.33,-2.85
4338.92,51.47,-5.29,-0.49,7.54,1.56,0.01,-1.75,2.48,-1.55,9.28,-1.76,-1.39,-2.58
4338.94,52.15,-4.78,-0.17,7.70,1.41,-0.08,-1.47,2.63,-1.43,9.26,-1.66,-1.39,-2.41
4338.95,52.63,-3.94,0.05,8.04,1.22,-0.22,-1.25,2.77,-1.26,9.16,-1.53,-1.31,-2.15
4338.97,52.69,-3.81,-0.04,8.21,1.09,-0.34,-1.15,2.94,-1.17,9.03,-1.38,-1.19,-2.07
4338.99,52.61,-3.97,-0.17,8.34,1.00,-0.46,-1.08,2.97,-1.33,9.07,-1.21,-1.00,-1.96
4339.01,52.22,-4.17,-0.32,8.42,0.94,-0.51,-1.05,2.75,-1.46,9.23,-1.12,-0.85,-1.89
4339.03,51.27,-4.38,-0.48,8.50,0.81,-0.55,-0.99,2.02,-1.52,9.58,-0.91,-0.67,-1.81
4339.04,49.60,-4.52,-0.56,8.66,0.64,-0.53,-0.91,1.56,-1.47,9.90,-0.64,-0.43,-1.46
4339.06,48.38,-4.66,-0.58,8.80,0.55,-0.50,-0.87,1.44,-1.42,10.06,-0.48,-0.28,-1.28
4339.08,47.43,-4.85,-0.53,8.81,0.49,-0.46,-0.84,1.45,-1.36,10.09,-0.36,-0.15,-1.13
4339.09,46.54,-4.97,-0.43,8.70,0.43,-0.43,-0.82,1.47,-1.31,10.04,-0.26,-0.03,-1.00
4339.10,45.67,-5.10,-0.28,8.57,0.37,-0.40,-0.80,1.50,-1.19,10.04,-0.18,0.09,-0.94
4339.11,44.67,-5.14,-0.06,8.42,0.24,-0.35,-0.73,1.46,-0.87,9.98,-0.09,0.23,-0.91
4339.13,43.28,-5.28,0.21,8.52,0.18,-0.29,-0.72,0.83,-0.39,10.06,-0.07,0.44,-0.85
4339.15,42.00,-5.49,0.29,8.59,0.13,-0.23,-0.75,-0.16,-0.14,10.93,-0.05,0.67,-0.82
4339.16,39.95,-6.95,0.80,8.97,0.10,-0.08,-0.82,-1.62,0.86,12.37,0.07,0.89,-0.70
4339.18,38.84,-8.86,1.30,8.98,0.07,0.10,-0.86,-1.96,1.01,13.61,0.06,0.90,-0.50
4339.19,38.43,-10.21,0.88,8.72,-0.11,0.36,-0.62,-1.00,0.85,13.84,0.13,0.73,-0.28
4339.21,38.23,-9.37,0.68,8.68,-0.20,0.49,-0.38,-0.11,0.99,12.62,0.19,0.57,-0.11
4339.22,38.46,-7.42,0.64,8.48,-0.20,0.54,-0.24,0.60,0.82,11.02,0.25,0.45,0.21
4339.23,38.82,-4.00,0.72,7.90,-0.09,0.55,-0.37,2.10,0.44,8.65,0.27,0.33,0.39
4339.25,38.97,-3.51,0.63,7.85,-0.04,0.55,-0.58,2.79,0.12,8.47,0.20,0.29,0.32
4339.27,39.36,-3.92,0.26,8.20,-0.00,0.57,-0.78,3.27,-0.09,9.05,0.12,0.25,0.12
4339.28,39.82,-4.58,0.12,8.59,0.02,0.61,-0.83,3.26,-0.08,9.40,0.07,0.23,-0.08
4339.29,40.58,-5.72,-0.07,8.78,0.04,0.65,-0.76,2.95,0.10,9.63,0.02,0.22,-0.21
4339.30,41.25,-6.27,-0.07,8.88,0.07,0.67,-0.57,2.52,0.25,9.85,-0.00,0.23,-0.23
4339.31,41.68,-6.37,0.05,8.90,0.09,0.69,-0.32,2.22,0.27,9.95,0.01,0.24,-0.14
4339.32,42.55,-6.08,0.43,8.96,0.15,0.72,-0.01,2.15,0.60,9.89,0.04,0.22,0.11
4339.34,42.90,-5.90,0.61,8.91,0.22,0.76,0.10,2.38,0.83,9.88,0.02,0.21,0.20
4339.35,43.53,-5.49,1.00,8.77,0.30,0.80,0.13,2.77,0.95,9.81,0.01,0.21,0.24
4339.37,44.11,-5.17,1.10,8.66,0.36,0.85,0.08,3.16,0.90,9.68,-0.02,0.22,0.22
4339.38,44.67,-5.03,1.09,8.60,0.42,0.89,-0.01,3.43,0.82,9.53,-0.06,0.22,0.08
4339.40,45.78,-5.10,0.92,8.38,0.50,0.94,-0.16,3.43,0.62,9.54,-0.16,0.22,-0.09
4339.41,46.76,-5.19,0.64,8.19,0.57,0.99,-0.27,3.06,0.25,9.75,-0.24,0.22,-0.31
4339.43,47.21,-5.28,0.59,8.02,0.56,1.02,-0.31,2.69,-0.03,9.77,-0.25,0.22,-0.38
4339.44,47.88,-5.60,0.39,7.88,0.54,1.06,-0.34,2.43,-0.21,9.73,-0.24,0.22,-0.35
4339.45,48.68,-6.02,0.25,7.79,0.51,1.10,-0.28,2.42,-0.41,9.69,-0.21,0.23,-0.25
4339.47,49.23,-6.20,0.19,7.82,0.49,1.11,-0.21,2.58,-0.51,9.74,-0.19,0.24,-0.16
4339.48,50.57,-6.42,0.18,7.98,0.46,1.12,-0.07,2.88,-0.59,9.90,-0.16,0.24,-0.16
4339.50,51.21,-6.51,0.22,8.09,0.45,1.12,0.00,3.04,-0.61,9.93,-0.13,0.24,-0.16
4339.51,52.13,-6.54,0.17,8.14,0.45,1.11,0.05,3.11,-0.64,9.95,-0.10,0.25,-0.17
4339.52,52.72,-6.57,0.21,8.09,0.45,1.11,0.09,3.09,-0.63,9.95,-0.08,0.27,-0.20
4339.53,53.53,-6.53,0.49,8.00,0.44,1.10,0.16,2.99,-0.60,9.94,-0.05,0.28,-0.23
4339.54,54.01,-6.41,0.62,7.95,0.43,1.09,0.21,3.00,-0.57,9.84,-0.02,0.28,-0.25
4339.56,54.84,-6.19,0.75,7.96,0.42,1.07,0.22,3.28,-0.53,9.62,0.03,0.31,-0.23
4339.57,55.35,-6.15,0.80,8.01,0.43,1.05,0.20,3.62,-0.49,9.48,0.07,0.34,-0.23
4339.59,56.22,-6.36,0.84,8.14,0.45,1.01,0.17,4.00,-0.55,9.50,0.10,0.38,-0.26
4339.60,56.88,-6.65,0.88,8.14,0.48,0.98,0.16,4.15,-0.60,9.65,0.11,0.41,-0.34
4339.61,57.55,-7.05,0.94,8.04,0.50,0.96,0.15,4.06,-0.62,9.85,0.12,0.43,-0.45
4339.62,58.20,-7.36,0.98,7.77,0.52,0.93,0.18,3.72,-0.56,9.85,0.14,0.45,-0.54
4339.63,58.78,-7.50,1.04,7.30,0.55,0.91,0.24,3.04,-0.41,9.70,0.14,0.46,-0.66
4339.65,59.64,-7.63,1.30,6.37,0.53,0.85,0.31,2.18,-0.22,9.59,0.13,0.46,-0.68
4339.67,59.85,-7.77,1.39,5.97,0.51,0.83,0.32,1.76,-0.12,9.63,0.15,0.46,-0.61
4339.69,60.74,-7.90,1.46,5.35,0.47,0.82,0.31,1.04,0.01,9.66,0.17,0.43,-0.55
4339.70,60.78,-7.90,1.45,5.10,0.44,0.83,0.34,0.59,0.10,9.63,0.17,0.39,-0.50
4339.72,61.49,-8.04,1.71,4.80,0.39,0.85,0.40,0.15,0.18,9.61,0.17,0.34,-0.39
4339.74,61.53,-8.12,1.78,4.74,0.37,0.86,0.44,0.21,0.21,9.67,0.18,0.32,-0.28
4339.75,61.96,-8.28,1.89,4.70,0.33,0.87,0.50,0.25,0.25,9.72,0.18,0.30,-0.17
4339.77,62.74,-8.24,2.15,4.62,0.31,0.88,0.59,0.31,0.49,9.74,0.16,0.27,-0.07
4339.78,62.95,-8.25,2.33,4.54,0.31,0.89,0.61,0.51,0.66,9.78,0.14,0.27,-0.01
4339.80,63.90,-8.42,2.63,4.54,0.31,0.91,0.63,1.02,0.88,9.92,0.12,0.24,0.01
4339.81,64.39,-8.41,2.77,4.62,0.33,0.91,0.64,1.31,0.96,9.90,0.09,0.20,-0.02
4339.82,65.31,-8.32,3.10,4.67,0.35,0.91,0.62,1.48,1.03,9.87,0.06,0.15,-0.09
4339.84,65.88,-8.27,3.30,4.74,0.36,0.91,0.57,1.61,1.10,9.85,0.03,0.12,-0.14
4339.85,66.58,-8.27,3.53,4.78,0.36,0.90,0.54,1.70,1.17,9.84,0.01,0.11,-0.16
4339.86,67.46,-8.20,3.76,4.82,0.35,0.89,0.51,1.86,1.26,9.84,-0.03,0.10,-0.20
4339.87,68.05,-8.25,3.81,4.86,0.34,0.88,0.48,2.08,1.22,9.88,-0.06,0.09,-0.23
4339.89,69.29,-8.51,3.78,5.00,0.32,0.85,0.47,2.46,1.03,9.92,-0.07,0.10,-0.24
4339.90,69.94,-8.60,3.73,5.07,0.29,0.81,0.47,2.57,0.92,9.97,-0.07,0.11,-0.27
4339.92,70.97,-8.66,3.70,5.07,0.25,0.75,0.47,2.36,0.80,10.02,-0.09,0.12,-0.30
4339.93,71.47,-8.62,3.75,5.01,0.22,0.71,0.46,2.26,0.66,9.98,-0.10,0.13,-0.35
4339.94,72.31,-8.65,3.68,4.98,0.14,0.61,0.38,2.42,0.37,9.94,-0.07,0.18,-0.39
4339.97,72.61,-8.71,3.60,4.99,0.10,0.55,0.32,2.32,0.19,10.04,-0.06,0.21,-0.44
4339.98,72.91,-8.89,3.44,4.93,0.06,0.49,0.25,2.01,0.03,10.22,-0.01,0.27,-0.50
4340.00,72.96,-8.96,3.37,4.85,0.03,0.46,0.21,1.76,0.02,10.36,0.03,0.32,-0.52
4340.01,72.86,-9.00,3.31,4.76,0.01,0.44,0.18,1.47,0.01,10.58,0.08,0.38,-0.53
4340.02,72.68,-9.19,3.34,4.39,0.01,0.46,0.14,1.03,0.06,10.96,0.16,0.47,-0.52
4340.04,72.42,-9.36,3.35,4.22,0.01,0.48,0.11,0.78,0.18,11.23,0.22,0.51,-0.54
4340.05,72.32,-9.58,3.44,4.01,0.05,0.52,0.07,0.57,0.38,11.48,0.27,0.55,-0.54
4340.07,72.14,-9.64,3.55,3.90,0.11,0.57,0.02,0.36,0.55,11.52,0.29,0.56,-0.50
4340.08,71.88,-9.30,3.70,3.58,0.28,0.66,-0.10,0.46,0.83,10.89,0.28,0.53,-0.37
4340.11,72.11,-9.02,3.79,3.39,0.31,0.68,-0.14,0.59,0.79,10.48,0.25,0.51,-0.33
4340.13,72.19,-8.86,3.83,3.22,0.33,0.69,-0.19,0.72,0.79,10.03,0.21,0.47,-0.32
4340.14,72.55,-8.58,3.86,3.10,0.32,0.67,-0.25,0.85,0.84,9.45,0.15,0.43,-0.33
4340.15,73.20,-8.28,3.85,2.82,0.30,0.62,-0.31,0.87,0.93,8.84,0.08,0.39,-0.37
4340.17,74.06,-8.22,3.66,2.33,0.27,0.49,-0.42,0.71,1.08,8.25,0.01,0.36,-0.42
4340.20,74.43,-8.31,3.58,2.14,0.25,0.42,-0.44,0.56,1.10,8.18,-0.01,0.35,-0.43
4340.21,74.62,-8.41,3.49,2.03,0.23,0.35,-0.45,0.34,1.09,8.22,-0.03,0.33,-0.43
4340.22,75.00,-8.53,3.36,1.86,0.19,0.26,-0.44,-0.02,1.01,8.37,-0.04,0.29,-0.42
4340.24,74.97,-8.64,3.30,1.79,0.14,0.20,-0.41,-0.28,0.89,8.59,-0.05,0.27,-0.36
4340.25,75.10,-8.86,3.19,1.74,0.07,0.14,-0.38,-0.49,0.72,8.88,-0.05,0.24,-0.30
4340.26,74.99,-8.98,3.09,1.78,0.01,0.09,-0.34,-0.54,0.60,9.10,-0.04,0.21,-0.24
4340.28,75.04,-9.17,2.94,1.87,-0.04,0.05,-0.30,-0.52,0.55,9.26,-0.03,0.18,-0.19
4340.29,74.97,-9.29,2.86,1.99,-0.09,-0.00,-0.23,-0.45,0.52,9.33,-0.03,0.14,-0.15
4340.31,74.81,-9.34,2.77,2.26,-0.15,-0.09,-0.12,-0.22,0.48,9.52,-0.03,0.09,-0.12
4340.33,74.69,-9.35,2.73,2.43,-0.17,-0.12,-0.07,-0.11,0.50,9.73,-0.02,0.08,-0.12
4340.35,74.53,-9.37,2.74,2.65,-0.17,-0.14,-0.03,-0.02,0.57,9.99,-0.02,0.07,-0.12
4340.36,74.28,-9.44,2.82,2.94,-0.16,-0.13,0.01,0.07,0.70,10.31,-0.02,0.07,-0.11
4340.38,74.00,-9.44,2.97,3.09,-0.13,-0.11,0.02,0.13,0.79,10.50,-0.01,0.07,-0.10
4340.39,73.78,-9.41,3.07,3.19,-0.11,-0.08,0.01,0.18,0.88,10.62,-0.01,0.07,-0.08
4340.41,73.66,-9.38,3.12,3.23,-0.09,-0.05,-0.01,0.20,0.93,10.63,-0.01,0.08,-0.07
4340.42,73.44,-9.33,3.21,3.24,-0.06,-0.02,-0.06,0.23,0.99,10.57,-0.02,0.08,-0.07
4340.44,73.32,-9.28,3.23,3.22,-0.04,0.00,-0.10,0.25,1.01,10.47,-0.03,0.09,-0.07
4340.45,73.26,-9.25,3.22,3.20,-0.02,0.02,-0.14,0.27,0.99,10.34,-0.03,0.10,-0.07
4340.46,73.10,-9.15,3.10,3.10,-0.00,0.04,-0.20,0.26,0.91,10.08,-0.04,0.13,-0.09
4340.48,73.06,-9.12,3.04,3.04,0.00,0.04,-0.22,0.23,0.85,9.94,-0.04,0.15,-0.11
4340.50,72.96,-9.10,2.93,2.92,-0.00,0.04,-0.22,0.14,0.80,9.80,-0.04,0.16,-0.12
4340.51,72.89,-9.11,2.88,2.86,-0.01,0.04,-0.21,0.03,0.74,9.74,-0.04,0.17,-0.13
4340.52,72.81,-9.15,2.83,2.74,-0.01,0.03,-0.20,-0.07,0.70,9.72,-0.04,0.18,-0.12
4340.53,72.72,-9.20,2.79,2.69,-0.02,0.02,-0.18,-0.16,0.66,9.74,-0.04,0.18,-0.10
4340.54,72.65,-9.28,2.75,2.62,-0.04,0.01,-0.16,-0.24,0.65,9.78,-0.04,0.17,-0.09
4340.56,72.55,-9.30,2.75,2.58,-0.05,-0.00,-0.14,-0.30,0.66,9.82,-0.03,0.16,-0.09
4340.57,72.46,-9.32,2.73,2.56,-0.07,-0.02,-0.10,-0.35,0.70,9.83,-0.02,0.15,-0.09
4340.59,72.33,-9.32,2.75,2.58,-0.08,-0.04,-0.08,-0.36,0.76,9.82,-0.00,0.13,-0.09
4340.60,72.19,-9.27,2.78,2.62,-0.09,-0.06,-0.06,-0.31,0.83,9.79,0.02,0.12,-0.09
4340.61,72.05,-9.20,2.78,2.70,-0.09,-0.08,-0.05,-0.27,0.86,9.79,0.03,0.12,-0.08
4340.63,71.95,-9.18,2.79,2.73,-0.10,-0.09,-0.04,-0.25,0.88,9.81,0.03,0.11,-0.07
4340.64,71.81,-9.17,2.82,2.84,-0.10,-0.10,-0.04,-0.18,0.87,9.82,0.03,0.10,-0.07
4340.65,71.69,-9.21,2.83,2.92,-0.10,-0.10,-0.05,-0.14,0.83,9.91,0.03,0.10,-0.05
4340.67,71.60,-9.22,2.83,3.00,-0.10,-0.10,-0.06,-0.12,0.78,10.06,0.03,0.09,-0.03
4340.68,71.37,-9.36,2.74,3.16,-0.09,-0.07,-0.07,-0.08,0.76,10.33,0.02,0.09,-0.01
4340.70,71.24,-9.42,2.71,3.19,-0.07,-0.05,-0.08,-0.07,0.76,10.44,0.02,0.08,-0.01
4340.71,71.12,-9.47,2.70,3.19,-0.05,-0.02,-0.09,-0.10,0.79,10.49,0.02,0.07,-0.03
4340.73,71.06,-9.50,2.70,3.12,-0.03,-0.00,-0.11,-0.18,0.81,10.45,0.01,0.05,-0.05
4340.74,71.04,-9.49,2.69,3.08,-0.02,0.01,-0.12,-0.24,0.81,10.39,0.00,0.04,-0.06
4340.76,71.03,-9.45,2.66,2.98,-0.00,0.02,-0.12,-0.30,0.76,10.26,0.00,0.03,-0.05
4340.77,71.03,-9.42,2.62,2.95,-0.00,0.03,-0.11,-0.32,0.72,10.19,0.01,0.02,-0.03
4340.79,71.04,-9.41,2.59,2.91,-0.00,0.03,-0.10,-0.34,0.69,10.12,0.01,0.02,-0.02
4340.80,71.08,-9.39,2.58,2.84,-0.00,0.03,-0.08,-0.39,0.68,10.05,0.01,0.01,-0.02
4340.81,71.09,-9.38,2.58,2.80,-0.01,0.02,-0.07,-0.40,0.70,9.97,0.01,-0.00,-0.02
4340.82,71.15,-9.34,2.59,2.75,-0.02,0.02,-0.05,-0.38,0.72,9.89,0.02,-0.01,-0.03
4340.84,71.22,-9.29,2.61,2.74,-0.03,0.00,-0.03,-0.38,0.75,9.82,0.03,-0.02,-0.02
4340.85,71.25,-9.27,2.61,2.74,-0.04,-0.01,-0.02,-0.35,0.78,9.78,0.03,-0.02,-0.02
4340.87,71.28,-9.24,2.64,2.77,-0.05,-0.02,-0.01,-0.32,0.80,9.77,0.04,-0.02,-0.01
4340.89,71.32,-9.22,2.67,2.80,-0.06,-0.04,-0.01,-0.25,0.82,9.78,0.05,-0.02,0.01
4340.91,71.33,-9.27,2.66,2.94,-0.06,-0.05,-0.03,-0.18,0.84,9.92,0.03,-0.02,0.01
4340.93,71.35,-9.33,2.66,2.93,-0.06,-0.05,-0.05,-0.19,0.87,10.01,0.01,-0.02,-0.01
4340.95,71.35,-9.37,2.62,2.91,-0.05,-0.05,-0.07,-0.26,0.88,10.07,-0.00,-0.03,-0.04
4340.97,71.34,-9.42,2.54,2.89,-0.03,-0.05,-0.07,-0.32,0.85,10.09,-0.01,-0.03,-0.05
4340.98,71.32,-9.43,2.51,2.89,-0.03,-0.06,-0.07,-0.36,0.82,10.10,-0.01,-0.03,-0.04
4341.00,71.30,-9.44,2.45,2.89,-0.02,-0.06,-0.05,-0.36,0.79,10.10,0.00,-0.04,-0.02
4341.03,71.24,-9.40,2.41,2.91,-0.02,-0.06,0.02,-0.34,0.73,10.02,0.03,-0.04,-0.01
4341.05,71.23,-9.39,2.44,2.91,-0.03,-0.07,0.04,-0.33,0.74,10.00,0.03,-0.04,0.01
4341.06,71.18,-9.37,2.47,2.93,-0.03,-0.07,0.06,-0.34,0.75,9.98,0.04,-0.03,0.03
4341.07,71.15,-9.36,2.51,2.93,-0.04,-0.07,0.08,-0.33,0.76,9.99,0.04,-0.03,0.06
4341.08,71.10,-9.31,2.59,2.95,-0.05,-0.07,0.09,-0.26,0.78,9.99,0.04,-0.03,0.09
4341.10,71.08,-9.30,2.64,2.97,-0.05,-0.07,0.09,-0.20,0.81,10.01,0.04,-0.03,0.09
4341.11,71.07,-9.27,2.70,2.99,-0.06,-0.07,0.08,-0.16,0.87,10.02,0.03,-0.03,0.07
4341.13,71.08,-9.26,2.73,3.01,-0.05,-0.07,0.06,-0.14,0.92,10.02,0.03,-0.03,0.05
4341.14,71.06,-9.25,2.74,3.02,-0.05,-0.06,0.04,-0.13,0.96,10.03,0.02,-0.03,0.04
4341.15,71.06,-9.25,2.74,3.03,-0.05,-0.06,0.02,-0.15,0.97,10.04,0.02,-0.02,0.03
4341.16,71.04,-9.26,2.72,3.03,-0.04,-0.05,0.01,-0.17,0.97,10.05,0.02,-0.02,0.02
4341.18,71.03,-9.27,2.71,3.02,-0.04,-0.05,-0.00,-0.17,0.96,10.03,0.02,-0.02,0.01
4341.19,71.02,-9.28,2.68,3.01,-0.03,-0.05,-0.01,-0.18,0.95,10.02,0.02,-0.02,0.00
4341.20,71.01,-9.30,2.63,2.99,-0.03,-0.05,-0.02,-0.20,0.89,10.02,0.02,-0.02,0.00
4341.22,70.99,-9.31,2.56,3.01,-0.03,-0.05,-0.01,-0.21,0.83,10.02,0.03,-0.02,0.01
4341.25,70.97,-9.32,2.57,3.02,-0.03,-0.04,0.00,-0.21,0.79,10.03,0.04,-0.02,0.02
4341.26,70.97,-9.32,2.57,3.02,-0.03,-0.04,0.01,-0.19,0.79,10.02,0.04,-0.02,0.02
4341.27,70.97,-9.31,2.60,3.04,-0.03,-0.04,0.02,-0.16,0.81,10.01,0.04,-0.02,0.01
4341.29,70.97,-9.32,2.62,3.04,-0.03,-0.03,0.02,-0.16,0.82,10.00,0.03,-0.01,-0.01
4341.32,70.95,-9.27,2.66,3.04,-0.03,-0.03,0.02,-0.19,0.87,10.04,0.02,-0.01,-0.01
4341.33,70.94,-9.27,2.68,3.04,-0.03,-0.03,0.01,-0.20,0.89,10.04,0.02,-0.00,-0.02
4341.34,70.92,-9.27,2.69,3.05,-0.03,-0.02,0.01,-0.20,0.91,10.03,0.02,-0.00,-0.01
4341.35,70.90,-9.26,2.69,3.02,-0.03,-0.02,-0.01,-0.19,0.93,10.01,0.01,0.00,-0.01
4341.38,70.89,-9.26,2.68,3.01,-0.03,-0.02,-0.02,-0.20,0.92,9.98,0.00,0.01,-0.01
4341.40,70.89,-9.25,2.66,3.01,-0.03,-0.02,-0.02,-0.20,0.90,9.96,0.00,0.01,-0.01
4341.41,70.88,-9.26,2.65,3.00,-0.03,-0.02,-0.02,-0.20,0.89,9.95,0.00,0.01,-0.00
4341.43,70.86,-9.27,2.62,3.00,-0.03,-0.03,-0.02,-0.22,0.86,9.95,0.00,0.01,-0.01
4341.45,70.84,-9.28,2.62,3.00,-0.04,-0.03,-0.02,-0.22,0.86,9.97,0.00,0.01,-0.01
4341.46,70.83,-9.28,2.63,3.00,-0.04,-0.03,-0.01,-0.21,0.87,9.97,0.00,0.02,-0.01
4341.47,70.81,-9.26,2.64,3.01,-0.04,-0.03,-0.01,-0.22,0.88,9.97,0.00,0.02,-0.01
4341.48,70.78,-9.28,2.66,3.02,-0.04,-0.03,-0.01,-0.19,0.90,9.98,0.00,0.02,-0.01
4341.50,70.77,-9.27,2.64,3.03,-0.04,-0.03,-0.01,-0.19,0.92,9.98,0.00,0.02,-0.02
4341.52,70.75,-9.28,2.64,3.02,-0.04,-0.03,-0.02,-0.20,0.93,10.00,-0.00,0.02,-0.03
4341.53,70.72,-9.30,2.63,3.01,-0.03,-0.03,-0.03,-0.21,0.90,10.04,-0.00,0.02,-0.02
43