=~=~=~=~=~=~=~=~=~=~=~= PuTTY log 2024.05.21 12:47:03 =~=~=~=~=~=~=~=~=~=~=~=
5039.89,90.15,-9.84,1.48,1.67,-0.04,-0.02,-0.00,1.68,1.53,9.73,0.00,0.00,0.00
5039.90,90.15,-9.84,1.48,1.67,-0.04,-0.02,-0.00,1.66,1.52,9.73,0.00,0.00,0.00
5039.91,90.15,-9.84,1.47,1.68,-0.04,-0.02,-0.00,1.67,1.53,9.73,0.00,0.00,0.00
5039.92,90.15,-9.84,1.47,1.68,-0.04,-0.02,-0.00,1.68,1.52,9.73,0.00,0.00,0.00
5039.94,90.15,-9.84,1.48,1.68,-0.04,-0.02,-0.00,1.67,1.52,9.74,0.00,0.00,0.00
5039.95,90.15,-9.84,1.47,1.67,-0.04,-0.02,-0.00,1.67,1.52,9.73,0.00,0.00,0.00
5039.96,90.14,-9.84,1.47,1.67,-0.04,-0.02,-0.00,1.67,1.53,9.73,0.00,0.00,0.00
5039.98,90.14,-9.84,1.47,1.67,-0.04,-0.02,-0.00,1.68,1.52,9.74,0.00,0.00,0.00
5039.99,90.15,-9.84,1.46,1.66,-0.04,-0.02,-0.00,1.68,1.52,9.75,0.01,0.00,0.00
5040.01,90.16,-9.85,1.46,1.66,-0.04,-0.02,-0.00,1.68,1.52,9.74,0.01,0.00,0.00
5040.02,90.16,-9.85,1.47,1.65,-0.04,-0.02,-0.00,1.67,1.51,9.74,0.01,0.00,0.00
5040.03,90.17,-9.85,1.47,1.65,-0.04,-0.02,-0.00,1.67,1.52,9.73,0.01,0.00,0.00
5040.05,90.17,-9.85,1.47,1.66,-0.04,-0.02,-0.00,1.67,1.52,9.74,0.01,0.00,0.00
5040.06,90.18,-9.84,1.48,1.66,-0.04,-0.02,-0.00,1.66,1.52,9.72,0.01,0.00,0.00
5040.07,90.18,-9.84,1.48,1.67,-0.04,-0.02,-0.00,1.67,1.53,9.72,0.01,0.00,0.00
5040.08,90.18,-9.84,1.47,1.68,-0.04,-0.02,-0.00,1.67,1.52,9.71,0.01,0.00,0.00
5040.10,90.17,-9.84,1.47,1.67,-0.04,-0.02,-0.00,1.67,1.52,9.72,0.01,0.00,0.00
5040.11,90.17,-9.84,1.47,1.67,-0.04,-0.02,-0.00,1.67,1.52,9.72,0.01,0.00,0.00
5040.12,90.17,-9.84,1.47,1.68,-0.04,-0.02,-0.00,1.68,1.53,9.73,0.00,0.00,0.00
5040.13,90.17,-9.83,1.47,1.68,-0.04,-0.02,-0.00,1.68,1.53,9.72,0.00,0.00,0.00
5040.14,90.17,-9.83,1.47,1.67,-0.04,-0.02,-0.00,1.67,1.53,9.72,0.00,0.00,0.00
5040.15,90.17,-9.84,1.47,1.67,-0.04,-0.02,-0.00,1.68,1.53,9.72,0.01,0.00,0.00
5040.17,90.17,-9.84,1.47,1.67,-0.04,-0.02,-0.00,1.67,1.52,9.73,0.01,0.00,0.00
5040.18,90.17,-9.84,1.46,1.67,-0.04,-0.02,-0.00,1.68,1.52,9.73,0.01,0.00,0.00
5040.20,90.17,-9.84,1.46,1.67,-0.04,-0.02,-0.00,1.66,1.52,9.74,0.01,0.00,0.00
5040.22,90.17,-9.84,1.46,1.67,-0.04,-0.02,-0.00,1.67,1.52,9.74,0.01,0.00,0.00
5040.23,90.16,-9.84,1.46,1.69,-0.04,-0.02,-0.00,1.67,1.52,9.72,0.01,0.00,0.00
5040.25,90.16,-9.84,1.46,1.68,-0.04,-0.02,-0.00,1.68,1.52,9.72,0.01,0.00,0.00
5040.26,90.16,-9.84,1.46,1.68,-0.04,-0.02,-0.00,1.67,1.52,9.72,0.01,0.00,0.00
5040.27,90.15,-9.83,1.47,1.67,-0.04,-0.02,-0.00,1.67,1.52,9.73,0.01,0.00,0.00
5040.29,90.15,-9.84,1.47,1.68,-0.04,-0.02,-0.00,1.67,1.52,9.73,0.01,0.00,0.00
5040.30,90.15,-9.84,1.47,1.68,-0.04,-0.02,-0.00,1.67,1.52,9.73,0.01,0.00,0.00
5040.31,90.14,-9.84,1.48,1.68,-0.04,-0.02,-0.00,1.68,1.53,9.73,0.01,0.00,0.00
5040.33,90.14,-9.84,1.48,1.68,-0.04,-0.02,-0.00,1.67,1.53,9.74,0.01,0.00,0.00
5040.34,90.13,-9.84,1.48,1.69,-0.04,-0.02,-0.00,1.67,1.52,9.73,0.01,0.00,0.00
5040.35,90.13,-9.84,1.48,1.69,-0.04,-0.02,-0.00,1.67,1.53,9.73,0.01,0.00,0.00
5040.36,90.12,-9.84,1.48,1.69,-0.04,-0.02,-0.00,1.67,1.53,9.73,0.01,0.00,0.00
5040.38,90.12,-9.84,1.48,1.68,-0.04,-0.02,-0.00,1.67,1.53,9.74,0.01,0.00,0.00
5040.39,90.12,-9.84,1.48,1.68,-0.04,-0.02,-0.00,1.67,1.52,9.73,0.01,0.00,0.00
5040.40,90.11,-9.84,1.48,1.68,-0.04,-0.02,-0.00,1.68,1.52,9.74,0.01,0.00,0.00
5040.42,90.11,-9.84,1.47,1.68,-0.04,-0.02,-0.00,1.68,1.53,9.74,0.01,0.00,0.00
5040.43,90.12,-9.84,1.47,1.67,-0.04,-0.02,-0.00,1.68,1.53,9.73,0.01,0.00,0.00
5040.45,90.13,-9.84,1.47,1.66,-0.04,-0.02,-0.00,1.67,1.51,9.72,0.00,0.00,0.00
5040.46,90.13,-9.84,1.47,1.67,-0.04,-0.02,-0.00,1.67,1.51,9.74,0.01,0.00,0.00
5040.48,90.13,-9.84,1.47,1.68,-0.04,-0.02,-0.00,1.67,1.52,9.75,0.01,0.00,0.00
5040.49,90.13,-9.84,1.46,1.68,-0.04,-0.02,-0.00,1.67,1.52,9.74,0.01,0.00,0.00
5040.51,90.13,-9.85,1.46,1.68,-0.04,-0.02,0.00,1.67,1.51,9.74,0.01,0.00,0.00
5040.52,90.13,-9.85,1.46,1.67,-0.04,-0.02,0.00,1.68,1.52,9.74,0.01,0.00,0.00
5040.54,90.13,-9.85,1.46,1.67,-0.04,-0.02,0.00,1.67,1.52,9.73,0.01,0.00,0.00
5040.55,90.13,-9.84,1.47,1.67,-0.04,-0.02,0.00,1.67,1.52,9.74,0.01,0.00,0.00
5040.56,90.13,-9.84,1.47,1.67,-0.04,-0.02,-0.00,1.67,1.53,9.73,0.01,0.00,0.00
5040.57,90.13,-9.84,1.48,1.67,-0.04,-0.02,-0.00,1.68,1.53,9.73,0.01,0.00,0.00
5040.59,90.14,-9.84,1.47,1.67,-0.04,-0.02,-0.00,1.67,1.53,9.73,0.01,0.00,0.00
5040.60,90.14,-9.85,1.47,1.67,-0.04,-0.02,-0.00,1.67,1.53,9.73,0.01,0.00,0.00
5040.61,90.14,-9.84,1.47,1.68,-0.04,-0.02,-0.00,1.67,1.53,9.73,0.01,0.00,0.00
5040.62,90.14,-9.84,1.48,1.68,-0.04,-0.02,-0.00,1.67,1.54,9.73,0.01,0.00,0.00
5040.64,90.13,-9.84,1.48,1.68,-0.04,-0.02,0.00,1.66,1.53,9.72,0.01,0.00,0.00
5040.65,90.13,-9.84,1.48,1.68,-0.03,-0.02,0.00,1.67,1.53,9.73,0.01,0.00,0.00
5040.66,90.13,-9.84,1.49,1.68,-0.03,-0.02,0.00,1.67,1.53,9.74,0.01,0.00,0.00
5040.67,90.12,-9.84,1.48,1.68,-0.03,-0.02,0.00,1.67,1.53,9.74,0.01,0.00,0.00
5040.69,90.12,-9.84,1.48,1.68,-0.03,-0.02,0.00,1.67,1.53,9.74,0.01,0.00,0.00
5040.70,90.12,-9.84,1.48,1.67,-0.03,-0.02,0.00,1.67,1.53,9.74,0.01,0.00,0.00
5040.72,90.12,-9.85,1.48,1.69,-0.03,-0.02,0.00,1.67,1.53,9.74,0.01,0.00,0.00
5040.73,90.12,-9.85,1.48,1.68,-0.03,-0.02,0.00,1.68,1.52,9.73,0.01,0.00,0.00
5040.74,90.12,-9.85,1.47,1.69,-0.03,-0.02,0.00,1.67,1.51,9.73,0.01,0.00,0.00
5040.76,90.12,-9.85,1.46,1.68,-0.03,-0.02,0.00,1.68,1.52,9.73,0.01,-0.00,0.00
5040.77,90.12,-9.84,1.46,1.67,-0.03,-0.02,-0.00,1.68,1.51,9.73,0.01,-0.00,0.00
5040.78,90.13,-9.84,1.46,1.67,-0.03,-0.02,-0.00,1.67,1.52,9.73,0.01,0.00,0.00
5040.80,90.13,-9.84,1.47,1.68,-0.04,-0.02,-0.00,1.68,1.52,9.73,0.01,0.00,0.00
5040.82,90.13,-9.83,1.47,1.67,-0.04,-0.02,-0.00,1.67,1.51,9.73,0.01,0.00,0.00
5040.83,90.13,-9.83,1.47,1.68,-0.04,-0.02,-0.00,1.67,1.51,9.73,0.00,0.00,0.00
5040.85,90.13,-9.83,1.47,1.68,-0.04,-0.02,-0.00,1.67,1.52,9.73,0.00,0.00,0.00
5040.86,90.12,-9.84,1.47,1.67,-0.04,-0.02,-0.00,1.66,1.52,9.73,0.00,0.00,0.00
5040.87,90.12,-9.83,1.48,1.67,-0.04,-0.02,-0.00,1.66,1.52,9.73,0.00,0.00,0.00
5040.88,90.12,-9.83,1.48,1.66,-0.04,-0.02,-0.00,1.66,1.52,9.74,0.00,0.00,0.00
5040.90,90.13,-9.83,1.48,1.66,-0.04,-0.02,-0.00,1.67,1.52,9.73,0.00,0.00,0.00
5040.91,90.13,-9.84,1.48,1.66,-0.04,-0.02,-0.00,1.66,1.52,9.73,0.00,0.00,0.00
5040.92,90.13,-9.84,1.48,1.67,-0.04,-0.02,-0.00,1.66,1.53,9.73,0.00,0.00,0.00
5040.94,90.13,-9.85,1.48,1.67,-0.04,-0.02,-0.00,1.66,1.52,9.72,0.00,0.00,0.00
5040.95,90.13,-9.85,1.48,1.67,-0.04,-0.02,-0.00,1.67,1.52,9.73,0.00,0.00,0.00
5040.97,90.13,-9.84,1.47,1.66,-0.04,-0.02,-0.00,1.66,1.52,9.73,0.00,0.00,0.00
5040.98,90.13,-9.84,1.47,1.67,-0.04,-0.02,-0.00,1.66,1.51,9.73,0.01,0.00,0.00
5040.99,90.13,-9.85,1.48,1.67,-0.04,-0.02,-0.00,1.67,1.51,9.73,0.00,0.00,0.00
5041.01,90.13,-9.84,1.48,1.67,-0.04,-0.02,-0.00,1.67,1.51,9.73,0.01,0.00,0.00
5041.02,90.13,-9.85,1.47,1.68,-0.04,-0.02,-0.00,1.68,1.52,9.74,0.01,0.00,0.00
5041.04,90.12,-9.83,1.48,1.69,-0.04,-0.02,-0.00,1.68,1.52,9.73,0.00,0.00,0.00
5041.06,90.12,-9.84,1.48,1.68,-0.04,-0.02,-0.00,1.68,1.51,9.73,0.00,0.00,0.00
5041.07,90.12,-9.85,1.48,1.67,-0.04,-0.02,-0.00,1.68,1.52,9.74,0.00,0.00,0.00
5041.08,90.12,-9.84,1.48,1.67,-0.04,-0.02,-0.00,1.68,1.51,9.74,0.01,0.00,0.00
5041.09,90.13,-9.85,1.48,1.66,-0.04,-0.02,-0.00,1.68,1.52,9.73,0.00,0.00,0.00
5041.11,90.14,-9.85,1.47,1.67,-0.04,-0.02,-0.00,1.67,1.52,9.73,0.00,0.00,0.00
5041.12,90.14,-9.84,1.48,1.67,-0.04,-0.02,-0.00,1.67,1.52,9.73,0.00,0.00,0.00
5041.13,90.14,-9.84,1.47,1.67,-0.04,-0.02,-0.00,1.68,1.52,9.73,0.01,0.00,0.00
5041.15,90.14,-9.84,1.47,1.67,-0.04,-0.02,-0.00,1.68,1.51,9.73,0.00,0.00,0.00
5041.16,90.14,-9.84,1.47,1.68,-0.04,-0.02,-0.00,1.68,1.52,9.73,0.01,0.00,0.00
5041.17,90.14,-9.85,1.48,1.68,-0.04,-0.02,-0.00,1.68,1.52,9.73,0.00,0.00,0.00
5041.18,90.14,-9.84,1.47,1.68,-0.04,-0.02,-0.00,1.68,1.52,9.74,0.00,0.00,0.00
5041.20,90.14,-9.84,1.46,1.68,-0.04,-0.02,-0.00,1.68,1.52,9.74,0.01,0.00,0.00
5041.21,90.14,-9.84,1.47,1.68,-0.04,-0.02,-0.00,1.68,1.53,9.74,0.01,0.00,0.00
5041.23,90.13,-9.84,1.47,1.68,-0.04,-0.02,-0.00,1.68,1.52,9.75,0.01,0.00,0.00
5041.24,90.13,-9.84,1.48,1.68,-0.04,-0.02,-0.00,1.67,1.52,9.75,0.01,0.00,0.00
5041.26,90.13,-9.84,1.47,1.68,-0.04,-0.02,-0.00,1.68,1.51,9.75,0.01,0.00,0.00
5041.27,90.13,-9.84,1.47,1.68,-0.04,-0.02,-0.00,1.68,1.52,9.74,0.01,0.00,0.00
5041.28,90.13,-9.84,1.47,1.67,-0.04,-0.02,-0.00,1.68,1.52,9.73,0.01,0.00,0.00
5041.29,90.14,-9.84,1.47,1.66,-0.04,-0.02,-0.00,1.67,1.52,9.73,0.01,0.00,0.00
5041.30,90.14,-9.84,1.47,1.66,-0.04,-0.02,-0.00,1.67,1.52,9.73,0.01,0.00,0.00
5041.32,90.14,-9.84,1.47,1.67,-0.04,-0.02,-0.00,1.67,1.52,9.72,0.01,0.00,0.00
5041.33,90.14,-9.84,1.48,1.67,-0.04,-0.02,-0.00,1.68,1.51,9.71,0.01,0.00,0.00
5041.34,90.14,-9.84,1.47,1.67,-0.04,-0.02,-0.00,1.67,1.51,9.72,0.01,0.00,0.00
5041.35,90.14,-9.83,1.48,1.68,-0.04,-0.02,-0.00,1.67,1.51,9.72,0.01,0.00,0.00
5041.36,90.14,-9.83,1.47,1.67,-0.04,-0.02,-0.00,1.68,1.51,9.72,0.01,0.00,0.00
5041.38,90.15,-9.84,1.48,1.67,-0.04,-0.02,-0.00,1.68,1.52,9.73,0.01,0.00,0.00
5041.39,90.15,-9.84,1.47,1.67,-0.04,-0.02,-0.00,1.68,1.52,9.73,0.01,0.00,0.00
5041.40,90.15,-9.83,1.47,1.67,-0.04,-0.02,-0.00,1.67,1.52,9.72,0.01,0.00,0.00
5041.41,90.15,-9.83,1.47,1.68,-0.04,-0.02,-0.00,1.67,1.53,9.72,0.01,0.00,0.00
5041.43,90.15,-9.83,1.47,1.68,-0.04,-0.02,-0.00,1.68,1.53,9.72,0.01,0.00,0.00
5041.44,90.15,-9.84,1.47,1.68,-0.04,-0.02,-0.00,1.66,1.52,9.73,0.01,0.00,0.00
5041.45,90.14,-9.83,1.47,1.68,-0.04,-0.02,-0.00,1.66,1.52,9.73,0.01,0.00,0.00
5041.46,90.14,-9.83,1.47,1.68,-0.04,-0.02,-0.00,1.67,1.52,9.74,0.01,0.00,0.00
5041.48,90.13,-9.83,1.47,1.69,-0.04,-0.02,-0.00,1.67,1.52,9.73,0.01,0.00,0.00
5041.49,90.12,-9.83,1.47,1.68,-0.04,-0.02,-0.00,1.67,1.52,9.73,0.01,0.00,0.00
5041.51,90.12,-9.83,1.47,1.68,-0.04,-0.02,-0.00,1.68,1.53,9.72,0.01,0.00,0.00
5041.52,90.12,-9.83,1.47,1.68,-0.04,-0.02,-0.00,1.68,1.53,9.72,0.01,0.00,0.00
5041.53,90.12,-9.83,1.46,1.69,-0.04,-0.02,-0.00,1.68,1.53,9.73,0.01,0.00,0.00
5041.55,90.11,-9.83,1.46,1.69,-0.04,-0.02,-0.00,1.67,1.52,9.73,0.01,0.00,0.00
5041.56,90.11,-9.83,1.46,1.69,-0.04,-0.02,-0.00,1.67,1.52,9.73,0.01,0.00,0.00
5041.57,90.11,-9.83,1.46,1.68,-0.04,-0.02,-0.00,1.67,1.52,9.73,0.01,0.00,0.00
5041.59,90.11,-9.83,1.47,1.66,-0.04,-0.02,-0.00,1.67,1.51,9.73,0.01,0.00,0.00
5041.60,90.11,-9.84,1.47,1.67,-0.04,-0.02,-0.00,1.67,1.52,9.73,0.01,0.00,0.00
5041.62,90.11,-9.84,1.47,1.67,-0.04,-0.02,-0.00,1.66,1.52,9.74,0.01,0.00,0.00
5041.63,90.11,-9.84,1.46,1.67,-0.04,-0.02,-0.00,1.67,1.52,9.73,0.01,0.00,0.00
5041.64,90.11,-9.84,1.47,1.68,-0.04,-0.02,-0.00,1.68,1.52,9.73,0.01,0.00,0.00
5041.65,90.11,-9.84,1.47,1.67,-0.04,-0.02,-0.00,1.68,1.53,9.73,0.01,0.00,0.00
5041.67,90.12,-9.84,1.47,1.67,-0.04,-0.02,-0.00,1.68,1.53,9.74,0.01,0.00,0.00
5041.68,90.12,-9.84,1.47,1.68,-0.04,-0.02,-0.00,1.68,1.52,9.74,0.01,0.00,0.00
5041.69,90.12,-9.85,1.47,1.68,-0.04,-0.02,-0.00,1.67,1.52,9.73,0.01,0.00,0.00
5041.71,90.12,-9.84,1.47,1.67,-0.04,-0.02,-0.00,1.68,1.52,9.75,0.01,0.00,0.00
5041.72,90.12,-9.84,1.47,1.67,-0.03,-0.02,-0.00,1.67,1.52,9.75,0.01,0.00,0.00
5041.74,90.12,-9.85,1.47,1.67,-0.03,-0.02,0.00,1.66,1.52,9.74,0.01,0.00,0.00
5041.75,90.12,-9.85,1.47,1.67,-0.03,-0.02,0.00,1.67,1.52,9.74,0.01,0.00,0.00
5041.76,90.12,-9.85,1.48,1.68,-0.03,-0.02,0.00,1.66,1.52,9.74,0.01,0.00,0.00
5041.78,90.12,-9.84,1.48,1.67,-0.03,-0.02,0.01,1.67,1.52,9.74,0.01,0.00,0.00
5041.79,90.12,-9.84,1.48,1.67,-0.03,-0.02,0.01,1.67,1.52,9.74,0.01,0.00,0.00
5041.80,90.12,-9.83,1.48,1.67,-0.03,-0.02,0.00,1.67,1.52,9.74,0.01,0.00,0.00
5041.81,90.12,-9.84,1.48,1.68,-0.03,-0.02,0.00,1.67,1.52,9.73,0.01,0.00,0.00
5041.83,90.13,-9.84,1.48,1.67,-0.03,-0.02,0.00,1.68,1.52,9.73,0.01,0.00,0.00
5041.84,90.13,-9.84,1.48,1.67,-0.03,-0.02,0.00,1.67,1.51,9.72,0.01,0.00,0.00
5041.85,90.13,-9.85,1.47,1.67,-0.03,-0.02,0.00,1.68,1.52,9.73,0.01,0.00,0.00
5041.86,90.13,-9.84,1.47,1.67,-0.03,-0.02,-0.00,1.67,1.51,9.73,0.01,0.00,0.00
5041.87,90.13,-9.84,1.47,1.67,-0.03,-0.02,-0.00,1.67,1.52,9.74,0.01,0.00,0.00
5041.89,90.14,-9.85,1.46,1.67,-0.04,-0.02,-0.00,1.66,1.50,9.74,0.01,0.00,0.00
5041.90,90.13,-9.85,1.46,1.68,-0.04,-0.02,-0.00,1.66,1.51,9.73,0.01,0.00,0.00
5041.92,90.13,-9.85,1.47,1.67,-0.04,-0.02,-0.00,1.67,1.52,9.73,0.01,0.00,0.00
5041.93,90.13,-9.85,1.47,1.67,-0.04,-0.02,-0.00,1.67,1.52,9.74,0.01,0.00,0.00
5041.94,90.13,-9.85,1.47,1.67,-0.04,-0.02,-0.00,1.67,1.52,9.73,0.01,0.00,0.00
5041.95,90.13,-9.85,1.47,1.67,-0.04,-0.02,-0.00,1.68,1.52,9.74,0.00,0.00,0.00
5041.97,90.14,-9.85,1.48,1.67,-0.04,-0.02,-0.00,1.67,1.52,9.74,0.00,0.00,0.00
5041.98,90.13,-9.84,1.47,1.68,-0.04,-0.02,-0.00,1.67,1.52,9.75,0.00,0.00,0.00
5042.00,90.13,-9.85,1.47,1.68,-0.04,-0.02,-0.00,1.68,1.52,9.73,0.00,0.00,0.00
5042.01,90.13,-9.85,1.47,1.68,-0.04,-0.02,-0.00,1.66,1.51,9.72,0.00,0.00,0.00
5042.02,90.12,-9.85,1.47,1.69,-0.04,-0.02,-0.00,1.67,1.52,9.73,0.01,0.00,0.00
5042.05,90.12,-9.84,1.47,1.68,-0.04,-0.02,-0.00,1.67,1.52,9.72,0.01,0.00,0.00
5042.06,90.12,-9.84,1.47,1.68,-0.04,-0.02,-0.00,1.68,1.53,9.72,0.01,0.00,0.00
5042.07,90.13,-9.84,1.47,1.67,-0.04,-0.02,-0.00,1.67,1.52,9.74,0.01,0.00,0.00
5042.09,90.12,-9.85,1.48,1.68,-0.04,-0.02,-0.00,1.67,1.51,9.73,0.01,0.00,0.00
5042.10,90.12,-9.84,1.48,1.68,-0.04,-0.02,-0.00,1.67,1.52,9.73,0.01,0.00,0.00
5042.11,90.12,-9.85,1.48,1.69,-0.04,-0.02,-0.00,1.67,1.52,9.73,0.01,0.00,0.00
5042.13,90.11,-9.84,1.48,1.68,-0.04,-0.02,-0.00,1.66,1.53,9.72,0.01,0.00,0.00
5042.14,90.11,-9.84,1.48,1.67,-0.04,-0.02,-0.00,1.67,1.53,9.73,0.01,0.00,0.00
5042.15,90.11,-9.85,1.48,1.67,-0.04,-0.02,-0.00,1.67,1.54,9.73,0.00,0.00,0.00
5042.17,90.11,-9.84,1.48,1.68,-0.04,-0.02,-0.00,1.66,1.53,9.73,0.01,0.00,0.00
5042.19,90.11,-9.84,1.48,1.68,-0.04,-0.02,-0.00,1.67,1.53,9.73,0.01,0.00,0.00
5042.20,90.10,-9.84,1.48,1.69,-0.04,-0.02,-0.00,1.67,1.52,9.73,0.01,0.00,0.00
5042.21,90.10,-9.85,1.48,1.69,-0.04,-0.02,-0.00,1.67,1.52,9.73,0.01,0.00,0.00
5042.23,90.10,-9.85,1.48,1.68,-0.04,-0.02,-0.00,1.67,1.52,9.73,0.01,0.00,0.00
5042.24,90.10,-9.85,1.48,1.68,-0.04,-0.02,-0.00,1.67,1.52,9.74,0.01,0.00,0.00
5042.25,90.09,-9.85,1.47,1.68,-0.04,-0.02,-0.00,1.67,1.52,9.73,0.01,0.00,0.00
5042.26,90.09,-9.84,1.46,1.68,-0.04,-0.02,-0.00,1.67,1.52,9.74,0.01,0.00,0.00
5042.28,90.09,-9.85,1.47,1.68,-0.04,-0.02,-0.00,1.67,1.51,9.74,0.01,0.00,0.00
5042.30,90.09,-9.85,1.47,1.68,-0.04,-0.02,-0.00,1.68,1.51,9.74,0.01,0.00,0.00
5042.31,90.09,-9.84,1.47,1.68,-0.04,-0.02,-0.00,1.68,1.52,9.73,0.01,0.00,0.00
5042.32,90.09,-9.84,1.47,1.68,-0.04,-0.02,-0.00,1.68,1.52,9.73,0.01,0.00,0.00
5042.33,90.09,-9.84,1.48,1.68,-0.04,-0.02,-0.00,1.66,1.52,9.73,0.01,0.00,0.00
5042.35,90.09,-9.84,1.48,1.68,-0.04,-0.02,-0.00,1.67,1.53,9.73,0.01,0.00,0.00
5042.36,90.09,-9.83,1.49,1.67,-0.04,-0.02,-0.00,1.66,1.53,9.73,0.01,0.00,0.00
5042.38,90.09,-9.84,1.48,1.67,-0.04,-0.02,-0.00,1.67,1.52,9.73,0.01,0.00,0.00
5042.39,90.09,-9.84,1.48,1.67,-0.04,-0.02,-0.00,1.66,1.52,9.73,0.01,0.00,0.00
5042.40,90.10,-9.84,1.48,1.68,-0.04,-0.02,-0.00,1.67,1.52,9.73,0.01,0.00,0.00
5042.42,90.09,-9.85,1.48,1.68,-0.04,-0.02,-0.00,1.67,1.52,9.72,0.01,0.00,0.00
5042.43,90.10,-9.85,1.47,1.67,-0.04,-0.02,-0.00,1.67,1.52,9.73,0.01,0.00,0.00
5042.44,90.10,-9.84,1.47,1.67,-0.04,-0.02,-0.00,1.68,1.52,9.73,0.01,0.00,0.00
5042.46,90.10,-9.84,1.46,1.68,-0.04,-0.02,-0.00,1.68,1.52,9.73,0.01,0.00,0.00
5042.47,90.10,-9.84,1.46,1.67,-0.04,-0.02,-0.00,1.68,1.52,9.73,0.01,0.00,0.00
5042.48,90.11,-9.84,1.46,1.67,-0.04,-0.02,-0.00,1.67,1.52,9.73,0.01,0.00,0.00
5042.49,90.11,-9.84,1.46,1.67,-0.04,-0.02,-0.00,1.67,1.52,9.74,0.00,0.00,0.00
5042.50,90.11,-9.84,1.46,1.66,-0.04,-0.02,-0.00,1.66,1.52,9.74,0.00,0.00,0.00
5042.52,90.11,-9.84,1.46,1.67,-0.04,-0.02,-0.00,1.66,1.51,9.73,0.00,0.00,0.00
5042.53,90.11,-9.84,1.47,1.67,-0.04,-0.02,-0.00,1.65,1.51,9.73,0.01,0.00,0.00
5042.54,90.11,-9.83,1.49,1.67,-0.04,-0.02,-0.00,1.67,1.52,9.74,0.01,0.00,0.00
5042.56,90.11,-9.84,1.48,1.68,-0.04,-0.02,0.00,1.68,1.51,9.74,0.01,0.00,0.00
5042.57,90.11,-9.84,1.48,1.68,-0.04,-0.02,0.00,1.68,1.51,9.74,0.01,0.00,0.00
5042.58,90.11,-9.84,1.46,1.69,-0.04,-0.02,0.00,1.67,1.51,9.73,0.01,0.00,0.00
5042.60,90.11,-9.84,1.46,1.68,-0.04,-0.02,0.00,1.67,1.52,9.72,0.01,0.00,0.00
5042.61,90.11,-9.84,1.46,1.68,-0.04,-0.02,-0.00,1.68,1.52,9.73,0.01,0.00,0.00
5042.62,90.11,-9.84,1.46,1.68,-0.04,-0.02,-0.00,1.67,1.51,9.74,0.01,0.00,0.00
5042.64,90.11,-9.84,1.47,1.68,-0.04,-0.02,-0.00,1.66,1.51,9.75,0.01,0.00,0.00
5042.65,90.10,-9.84,1.47,1.67,-0.04,-0.02,-0.00,1.66,1.52,9.74,0.01,0.00,0.00
5042.66,90.10,-9.85,1.47,1.67,-0.04,-0.02,-0.00,1.65,1.51,9.73,0.01,0.00,0.00
5042.68,90.10,-9.84,1.46,1.67,-0.04,-0.02,0.00,1.65,1.52,9.73,0.01,0.00,0.00
5042.69,90.10,-9.84,1.47,1.67,-0.04,-0.02,0.00,1.66,1.52,9.75,0.01,0.00,0.00
5042.71,90.09,-9.84,1.47,1.67,-0.04,-0.02,0.00,1.66,1.52,9.74,0.01,0.00,0.00
5042.72,90.09,-9.83,1.47,1.68,-0.04,-0.02,0.00,1.66,1.53,9.73,0.01,0.00,0.00
5042.73,90.09,-9.83,1.48,1.68,-0.04,-0.02,0.00,1.68,1.54,9.72,0.01,0.00,0.00
5042.74,90.09,-9.84,1.47,1.68,-0.04,-0.02,0.00,1.68,1.54,9.72,0.01,0.00,0.00
5042.75,90.10,-9.84,1.48,1.68,-0.04,-0.02,0.00,1.68,1.54,9.73,0.01,0.00,0.00
5042.77,90.10,-9.84,1.48,1.68,-0.04,-0.02,-0.00,1.68,1.53,9.72,0.01,0.00,0.00
5042.78,90.11,-9.83,1.48,1.68,-0.03,-0.02,-0.00,1.69,1.53,9.72,0.01,0.00,0.00
5042.79,90.11,-9.84,1.47,1.69,-0.03,-0.02,-0.00,1.69,1.52,9.72,0.01,0.00,0.00
5042.81,90.12,-9.84,1.46,1.69,-0.03,-0.02,-0.00,1.68,1.52,9.72,0.01,0.00,0.00
5042.82,90.12,-9.84,1.46,1.68,-0.03,-0.02,-0.00,1.68,1.52,9.73,0.00,0.00,0.00
5042.83,90.12,-9.86,1.46,1.66,-0.03,-0.02,-0.00,1.67,1.51,9.73,0.00,0.00,0.00
5042.85,90.13,-9.86,1.46,1.66,-0.03,-0.02,-0.00,1.67,1.52,9.74,0.01,0.00,0.00
5042.86,90.13,-9.86,1.47,1.66,-0.03,-0.02,-0.00,1.66,1.52,9.75,0.01,0.00,0.00
5042.87,90.12,-9.85,1.48,1.67,-0.03,-0.02,0.00,1.65,1.53,9.77,0.01,0.00,0.00
5042.88,90.12,-9.86,1.48,1.66,-0.03,-0.02,0.00,1.65,1.54,9.76,0.01,0.00,0.00
5042.90,90.12,-9.85,1.49,1.67,-0.04,-0.02,0.01,1.66,1.55,9.75,0.01,0.00,0.00
5042.91,90.12,-9.84,1.49,1.67,-0.04,-0.02,0.01,1.67,1.54,9.75,0.01,0.00,0.00
5042.92,90.12,-9.84,1.49,1.67,-0.03,-0.02,0.01,1.67,1.55,9.74,0.01,0.00,0.00
5042.93,90.12,-9.84,1.49,1.67,-0.03,-0.02,0.00,1.68,1.54,9.73,0.01,0.00,0.00
5042.94,90.13,-9.83,1.48,1.67,-0.03,-0.02,0.00,1.69,1.54,9.73,0.01,0.00,0.00
5042.96,90.13,-9.83,1.48,1.68,-0.03,-0.02,-0.00,1.68,1.54,9.73,0.00,0.00,0.00
5042.97,90.14,-9.83,1.47,1.68,-0.03,-0.02,-0.00,1.68,1.53,9.73,0.00,0.00,0.00
5042.98,90.14,-9.84,1.47,1.68,-0.03,-0.02,-0.00,1.67,1.52,9.75,0.00,0.00,0.00
5043.00,90.13,-9.84,1.48,1.66,-0.04,-0.02,-0.00,1.65,1.52,9.76,0.00,0.00,0.00
5043.01,90.13,-9.84,1.47,1.66,-0.04,-0.02,0.00,1.65,1.52,9.76,0.00,0.00,0.00
5043.03,90.12,-9.84,1.45,1.68,-0.04,-0.02,0.00,1.65,1.51,9.75,0.01,0.00,0.00
5043.04,90.11,-9.84,1.45,1.70,-0.04,-0.02,0.00,1.69,1.51,9.73,0.01,0.00,0.00
5043.06,90.11,-9.84,1.46,1.72,-0.04,-0.02,0.00,1.72,1.52,9.72,0.01,0.00,0.00
5043.07,90.11,-9.84,1.48,1.72,-0.04,-0.02,0.00,1.74,1.54,9.71,0.01,0.00,0.00
5043.09,90.12,-9.83,1.49,1.72,-0.03,-0.02,-0.00,1.73,1.52,9.70,0.00,0.00,0.00
5043.10,90.13,-9.83,1.46,1.69,-0.03,-0.02,-0.00,1.71,1.52,9.73,0.00,0.00,0.00
5043.12,90.14,-9.84,1.45,1.67,-0.03,-0.02,-0.00,1.67,1.51,9.76,0.01,0.00,0.00
5043.13,90.13,-9.85,1.46,1.65,-0.04,-0.02,-0.00,1.64,1.50,9.76,0.01,0.00,0.00
5043.14,90.13,-9.86,1.48,1.64,-0.04,-0.02,-0.00,1.62,1.52,9.78,0.01,0.00,0.00
5043.15,90.12,-9.86,1.50,1.64,-0.04,-0.02,0.00,1.61,1.52,9.78,0.01,0.00,0.00
5043.17,90.10,-9.86,1.52,1.64,-0.04,-0.02,0.01,1.60,1.55,9.76,0.01,0.00,0.00
5043.19,90.09,-9.84,1.51,1.65,-0.04,-0.02,0.01,1.62,1.56,9.75,0.01,0.00,0.00
5043.20,90.08,-9.81,1.52,1.67,-0.04,-0.02,0.01,1.66,1.57,9.71,0.01,0.00,0.00
5043.21,90.09,-9.81,1.52,1.69,-0.04,-0.02,0.01,1.71,1.58,9.68,0.01,0.00,0.00
5043.22,90.10,-9.79,1.52,1.72,-0.03,-0.02,0.00,1.74,1.57,9.68,0.01,0.00,0.00
5043.24,90.11,-9.83,1.53,1.71,-0.03,-0.02,-0.01,1.76,1.56,9.67,0.00,0.00,-0.00
5043.25,90.14,-9.84,1.49,1.71,-0.03,-0.02,-0.01,1.74,1.53,9.67,0.00,0.00,-0.00
5043.27,90.15,-9.84,1.48,1.70,-0.02,-0.02,-0.01,1.72,1.50,9.71,-0.00,-0.00,-0.01
5043.28,90.16,-9.85,1.45,1.69,-0.03,-0.02,-0.02,1.69,1.47,9.73,-0.00,-0.00,-0.00
5043.29,90.15,-9.86,1.44,1.69,-0.03,-0.02,-0.01,1.65,1.46,9.75,0.00,-0.00,-0.00
5043.31,90.14,-9.86,1.44,1.67,-0.03,-0.02,-0.01,1.63,1.47,9.76,0.00,0.00,0.00
5043.32,90.13,-9.86,1.44,1.67,-0.04,-0.02,-0.00,1.63,1.47,9.78,0.01,0.00,0.01
5043.33,90.11,-9.85,1.44,1.68,-0.04,-0.02,0.00,1.64,1.49,9.78,0.01,0.00,0.01
5043.34,90.10,-9.85,1.46,1.66,-0.04,-0.02,0.00,1.63,1.52,9.76,0.01,0.00,0.01
5043.36,90.09,-9.85,1.48,1.66,-0.04,-0.02,0.00,1.64,1.54,9.74,0.01,0.00,0.00
5043.37,90.09,-9.85,1.50,1.65,-0.04,-0.02,0.00,1.65,1.56,9.72,0.00,0.00,0.00
5043.38,90.10,-9.84,1.51,1.65,-0.04,-0.02,0.00,1.65,1.57,9.72,0.00,0.00,0.00
5043.40,90.10,-9.84,1.50,1.65,-0.04,-0.02,0.00,1.66,1.56,9.73,0.00,0.00,0.00
5043.41,90.10,-9.84,1.50,1.67,-0.03,-0.02,0.00,1.65,1.55,9.73,0.01,0.00,0.00
5043.42,90.10,-9.84,1.49,1.66,-0.03,-0.02,0.00,1.65,1.52,9.74,0.01,0.00,0.00
5043.44,90.10,-9.84,1.47,1.66,-0.03,-0.02,0.00,1.67,1.51,9.73,0.01,0.00,0.00
5043.45,90.10,-9.84,1.47,1.68,-0.03,-0.02,0.00,1.68,1.50,9.73,0.01,0.00,0.00
5043.46,90.11,-9.85,1.44,1.67,-0.03,-0.02,0.00,1.68,1.48,9.75,0.01,0.00,0.00
5043.48,90.11,-9.85,1.44,1.67,-0.04,-0.02,0.00,1.67,1.48,9.74,0.01,-0.00,0.00
5043.49,90.11,-9.85,1.44,1.65,-0.04,-0.02,0.01,1.65,1.48,9.76,0.01,-0.00,0.00
5043.51,90.11,-9.83,1.46,1.67,-0.04,-0.02,0.01,1.64,1.49,9.76,0.01,-0.00,0.00
5043.52,90.11,-9.85,1.46,1.65,-0.04,-0.02,0.01,1.63,1.50,9.76,0.01,0.00,0.01
5043.53,90.11,-9.85,1.46,1.66,-0.04,-0.02,0.02,1.64,1.52,9.75,0.01,0.00,0.01
5043.55,90.11,-9.85,1.46,1.66,-0.04,-0.01,0.02,1.68,1.53,9.74,0.02,0.00,0.01
5043.56,90.12,-9.86,1.47,1.69,-0.04,-0.02,0.02,1.69,1.52,9.72,0.02,0.00,0.01
5043.57,90.13,-9.85,1.48,1.69,-0.04,-0.02,0.01,1.72,1.53,9.71,0.02,0.00,0.01
5043.58,90.15,-9.84,1.49,1.71,-0.04,-0.02,0.01,1.73,1.55,9.70,0.01,-0.00,0.00
5043.60,90.17,-9.82,1.51,1.70,-0.03,-0.02,0.00,1.72,1.55,9.70,0.01,-0.00,0.00
5043.62,90.18,-9.82,1.52,1.69,-0.03,-0.02,-0.00,1.69,1.56,9.72,0.01,-0.00,0.00
5043.64,90.18,-9.82,1.52,1.69,-0.04,-0.02,-0.00,1.68,1.56,9.73,0.01,0.00,0.00
5043.66,90.17,-9.82,1.53,1.68,-0.04,-0.02,0.00,1.66,1.56,9.74,0.01,0.00,0.00
5043.67,90.15,-9.82,1.56,1.67,-0.04,-0.02,0.00,1.64,1.59,9.73,0.01,0.00,0.01
5043.69,90.15,-9.83,1.58,1.65,-0.04,-0.02,0.00,1.64,1.60,9.72,0.01,0.01,0.01
5043.70,90.15,-9.83,1.58,1.63,-0.04,-0.02,0.00,1.63,1.61,9.72,0.00,0.00,0.00
5043.72,90.15,-9.83,1.58,1.62,-0.04,-0.02,-0.00,1.62,1.61,9.72,0.00,0.00,0.00
5043.73,90.15,-9.83,1.57,1.62,-0.04,-0.02,-0.00,1.63,1.59,9.73,0.00,0.00,0.00
5043.74,90.15,-9.84,1.55,1.64,-0.04,-0.02,-0.00,1.63,1.56,9.73,0.00,0.00,0.00
5043.76,90.14,-9.84,1.52,1.65,-0.03,-0.02,-0.00,1.64,1.54,9.73,0.00,0.00,0.00
5043.77,90.14,-9.85,1.50,1.66,-0.04,-0.02,-0.00,1.67,1.52,9.73,0.00,0.00,0.00
5043.78,90.14,-9.85,1.49,1.66,-0.04,-0.02,-0.01,1.68,1.51,9.73,0.00,0.00,0.00
5043.79,90.15,-9.85,1.47,1.68,-0.03,-0.02,-0.01,1.69,1.50,9.73,-0.00,0.00,0.00
5043.81,90.15,-9.85,1.46,1.68,-0.03,-0.02,-0.01,1.70,1.50,9.74,-0.00,0.00,0.00
5043.82,90.15,-9.85,1.45,1.69,-0.03,-0.02,-0.01,1.70,1.50,9.74,-0.00,-0.00,-0.00
5043.83,90.15,-9.84,1.45,1.68,-0.03,-0.02,-0.01,1.69,1.49,9.73,-0.00,0.00,-0.00
5043.84,90.15,-9.84,1.44,1.68,-0.03,-0.02,-0.01,1.68,1.48,9.73,-0.00,0.00,-0.00
5043.85,90.15,-9.84,1.43,1.69,-0.03,-0.02,-0.01,1.71,1.48,9.73,0.00,0.00,0.00
5043.87,90.16,-9.85,1.43,1.69,-0.03,-0.02,-0.01,1.72,1.47,9.73,0.01,0.00,0.00
5043.88,90.16,-9.86,1.42,1.69,-0.03,-0.02,-0.00,1.71,1.46,9.73,0.01,0.00,0.00
5043.89,90.17,-9.84,1.43,1.71,-0.03,-0.02,-0.00,1.71,1.46,9.74,0.01,0.00,0.00
5043.90,90.17,-9.86,1.47,1.65,-0.03,-0.02,-0.00,1.67,1.49,9.74,0.01,0.00,-0.00
5043.92,90.17,-9.88,1.41,1.67,-0.03,-0.02,0.00,1.66,1.49,9.77,0.01,-0.00,-0.00
5043.93,90.16,-9.85,1.48,1.62,-0.03,-0.02,0.01,1.61,1.49,9.79,0.01,0.00,0.00
5043.95,90.14,-9.87,1.46,1.64,-0.04,-0.02,0.01,1.59,1.50,9.79,0.02,0.00,0.00
5043.96,90.13,-9.86,1.46,1.62,-0.04,-0.02,0.02,1.58,1.52,9.78,0.02,0.00,0.00
5043.97,90.13,-9.86,1.49,1.61,-0.04,-0.02,0.03,1.58,1.54,9.76,0.02,0.00,0.01
5043.98,90.11,-9.86,1.52,1.63,-0.04,-0.02,0.03,1.61,1.55,9.74,0.02,0.00,0.01
5044.00,90.10,-9.85,1.52,1.66,-0.04,-0.02,0.03,1.64,1.54,9.73,0.02,0.00,0.01
5044.01,90.10,-9.83,1.50,1.69,-0.04,-0.02,0.03,1.69,1.53,9.72,0.02,0.00,0.01
5044.02,90.10,-9.82,1.49,1.70,-0.04,-0.02,0.02,1.73,1.54,9.70,0.02,0.00,0.00
5044.04,90.12,-9.82,1.50,1.71,-0.04,-0.02,0.02,1.75,1.53,9.69,0.03,0.00,0.00
5044.05,90.13,-9.81,1.50,1.71,-0.04,-0.02,0.01,1.74,1.54,9.68,0.02,0.00,0.00
5044.06,90.14,-9.82,1.51,1.69,-0.04,-0.02,0.01,1.72,1.55,9.70,0.02,0.00,0.00
5044.07,90.15,-9.83,1.51,1.67,-0.04,-0.02,0.01,1.67,1.55,9.74,0.02,0.00,-0.00
5044.09,90.15,-9.88,1.48,1.63,-0.04,-0.02,0.01,1.61,1.50,9.79,0.02,0.01,0.00
5044.10,90.13,-9.88,1.45,1.64,-0.04,-0.02,0.02,1.58,1.47,9.84,0.03,0.01,0.02
5044.11,90.09,-9.87,1.43,1.67,-0.05,-0.01,0.05,1.59,1.44,9.88,0.04,0.02,0.04
5044.13,90.05,-9.90,1.38,1.70,-0.06,-0.00,0.08,1.65,1.36,9.87,0.07,0.03,0.07
5044.15,90.02,-9.87,1.39,1.75,-0.07,0.00,0.09,1.75,1.32,9.82,0.09,0.04,0.08
5044.16,90.02,-9.84,1.38,1.78,-0.08,0.00,0.10,1.81,1.33,9.73,0.10,0.04,0.09
5044.18,90.02,-9.82,1.37,1.81,-0.08,0.01,0.10,1.85,1.32,9.73,0.11,0.04,0.10
5044.19,90.03,-9.84,1.37,1.81,-0.08,0.01,0.10,1.85,1.33,9.73,0.11,0.04,0.10
5044.20,90.04,-9.84,1.36,1.81,-0.08,0.01,0.10,1.82,1.35,9.78,0.11,0.05,0.11
5044.21,90.04,-9.78,1.50,1.75,-0.09,0.02,0.10,1.78,1.40,9.81,0.11,0.05,0.12
5044.23,90.04,-9.80,1.66,1.69,-0.11,0.02,0.09,1.73,1.48,9.78,0.11,0.05,0.12
5044.24,90.07,-9.85,1.59,1.70,-0.13,0.02,0.09,1.76,1.64,9.70,0.11,0.05,0.10
5044.25,90.10,-9.81,1.60,1.67,-0.12,0.03,0.10,1.76,1.74,9.63,0.10,0.04,0.09
5044.27,90.15,-9.73,1.70,1.64,-0.10,0.03,0.09,1.70,1.78,9.64,0.10,0.04,0.08
5044.28,90.18,-9.71,1.82,1.62,-0.10,0.03,0.06,1.65,1.82,9.67,0.09,0.04,0.07
5044.29,90.20,-9.74,1.86,1.60,-0.10,0.03,0.03,1.61,1.89,9.64,0.09,0.03,0.05
5044.31,90.22,-9.74,1.89,1.57,-0.09,0.03,0.03,1.62,1.94,9.58,0.08,0.03,0.05
5044.32,90.28,-9.73,1.87,1.57,-0.08,0.03,0.01,1.65,2.00,9.54,0.06,0.03,0.04
5044.34,90.32,-9.72,1.86,1.59,-0.06,0.03,-0.01,1.64,2.01,9.55,0.04,0.03,0.03
5044.35,90.35,-9.75,1.86,1.58,-0.04,0.03,-0.03,1.62,1.98,9.58,0.03,0.03,0.02
5044.37,90.37,-9.77,1.87,1.55,-0.02,0.02,-0.04,1.59,1.95,9.62,0.03,0.03,0.02
5044.38,90.39,-9.80,1.86,1.55,-0.02,0.02,-0.04,1.58,1.92,9.62,0.02,0.03,0.02
5044.40,90.43,-9.82,1.78,1.54,-0.01,0.02,-0.03,1.60,1.85,9.67,0.01,0.02,0.01
5044.41,90.46,-9.81,1.76,1.50,-0.00,0.02,-0.04,1.55,1.78,9.70,0.00,0.02,0.01
5044.42,90.48,-9.82,1.72,1.50,-0.00,0.02,-0.05,1.52,1.74,9.73,-0.00,0.01,0.00
5044.44,90.49,-9.82,1.67,1.51,0.00,0.02,-0.05,1.53,1.71,9.71,-0.00,0.01,-0.00
5044.45,90.52,-9.83,1.62,1.51,0.00,0.02,-0.06,1.57,1.69,9.66,-0.01,-0.00,-0.01
5044.46,90.57,-9.83,1.61,1.49,-0.00,0.02,-0.06,1.59,1.66,9.65,-0.02,-0.00,-0.03
5044.48,90.61,-9.83,1.57,1.49,-0.00,0.02,-0.07,1.57,1.64,9.70,-0.03,-0.01,-0.04
5044.49,90.64,-9.86,1.55,1.50,-0.01,0.02,-0.06,1.55,1.63,9.73,-0.03,-0.01,-0.04
5044.50,90.66,-9.89,1.51,1.53,-0.02,0.02,-0.06,1.55,1.61,9.75,-0.02,-0.01,-0.03
5044.51,90.67,-9.90,1.50,1.52,-0.03,0.02,-0.04,1.57,1.60,9.74,-0.02,-0.01,-0.02
5044.53,90.70,-9.91,1.51,1.49,-0.03,0.01,-0.04,1.58,1.59,9.74,-0.01,-0.01,-0.02
5044.54,90.74,-9.94,1.49,1.47,-0.04,0.02,-0.04,1.58,1.58,9.81,-0.00,-0.01,-0.02
5044.55,90.77,-10.00,1.40,1.49,-0.05,0.02,-0.03,1.58,1.53,9.93,0.01,-0.01,-0.02
5044.56,90.80,-10.07,1.35,1.53,-0.06,0.03,-0.01,1.59,1.43,10.08,0.02,-0.00,-0.01
5044.57,90.80,-10.13,1.33,1.56,-0.08,0.04,0.01,1.58,1.34,10.18,0.05,0.00,0.01
5044.59,90.81,-10.17,1.25,1.55,-0.10,0.05,0.03,1.58,1.33,10.17,0.07,0.00,0.02
5044.60,90.85,-10.16,1.25,1.49,-0.12,0.06,0.05,1.61,1.33,10.11,0.08,0.00,0.01
5044.61,90.91,-10.14,1.27,1.48,-0.13,0.07,0.06,1.62,1.36,10.07,0.08,0.00,-0.01
5044.63,90.98,-10.07,1.33,1.45,-0.15,0.08,0.06,1.56,1.39,10.11,0.08,0.00,-0.04
5044.64,91.04,-9.96,1.37,1.36,-0.17,0.09,0.05,1.44,1.46,10.03,0.09,0.00,-0.08
5044.65,91.06,-9.83,1.44,1.26,-0.20,0.10,0.02,1.29,1.52,9.84,0.09,0.01,-0.11
5044.67,91.12,-9.80,1.49,1.16,-0.21,0.10,-0.00,1.25,1.61,9.73,0.09,0.02,-0.14
5044.68,91.18,-9.87,1.53,0.89,-0.22,0.08,-0.03,1.07,1.70,9.63,0.07,0.01,-0.17
5044.70,91.25,-9.79,1.61,0.64,-0.20,0.06,-0.04,0.85,1.86,9.44,0.04,-0.02,-0.20
5044.71,91.43,-9.79,1.76,0.22,-0.19,0.03,-0.04,0.57,2.03,9.33,-0.01,-0.06,-0.24
5044.72,91.58,-9.93,1.89,-0.15,-0.16,-0.01,-0.04,0.22,2.22,9.31,-0.06,-0.12,-0.26
5044.74,91.75,-10.22,2.00,-0.53,-0.12,-0.07,-0.04,-0.22,2.47,9.55,-0.14,-0.19,-0.27
5044.75,91.85,-10.45,2.08,-0.78,-0.08,-0.13,-0.02,-0.53,2.67,9.82,-0.20,-0.24,-0.27
5044.76,91.72,-10.52,2.28,-0.94,-0.05,-0.18,0.05,-0.97,2.61,9.90,-0.22,-0.25,-0.23
5044.77,91.76,-10.29,2.46,-1.18,-0.06,-0.25,0.13,-1.39,2.35,9.56,-0.17,-0.25,-0.12
5044.79,91.55,-9.88,2.30,-1.32,-0.11,-0.35,0.12,-1.43,2.15,9.13,-0.07,-0.24,0.06
5044.80,91.18,-9.70,1.81,-1.09,-0.13,-0.45,0.04,-0.92,2.05,8.91,0.02,-0.23,0.25
5044.81,91.07,-10.11,1.32,-0.56,-0.07,-0.57,-0.16,0.01,1.91,9.15,0.08,-0.24,0.36
5044.83,90.97,-10.66,1.14,-0.02,-0.03,-0.66,-0.35,0.70,1.72,9.54,0.09,-0.29,0.33
5044.84,90.85,-11.62,1.08,0.22,-0.01,-0.84,-0.53,1.23,1.22,9.99,0.10,-0.40,0.27
5044.86,90.94,-11.29,0.98,0.37,-0.12,-1.07,-0.49,1.20,1.09,9.96,0.06,-0.61,0.24
5044.88,90.71,-10.82,0.60,0.81,-0.13,-1.16,-0.46,1.37,1.13,9.85,0.03,-0.68,0.21
5044.90,90.63,-10.35,0.79,1.18,-0.14,-1.25,-0.49,1.62,1.15,9.60,0.05,-0.73,0.18
5044.91,89.91,-9.88,1.07,2.06,-0.22,-1.41,-0.58,2.11,1.45,9.27,0.12,-0.76,0.21
5044.94,89.55,-9.46,1.18,2.84,-0.25,-1.48,-0.63,2.65,1.81,9.22,0.16,-0.75,0.22
5044.95,89.04,-9.16,1.28,3.40,-0.24,-1.52,-0.68,3.16,2.09,9.18,0.16,-0.74,0.21
5044.96,88.04,-9.29,1.43,4.18,-0.23,-1.59,-0.71,3.93,2.42,9.02,0.10,-0.74,0.14
5044.98,87.29,-9.37,1.34,4.42,-0.22,-1.65,-0.69,4.15,2.40,8.94,0.07,-0.75,0.10
5045.00,86.84,-9.48,1.16,4.48,-0.22,-1.73,-0.68,4.26,2.25,8.91,0.05,-0.75,0.08
5045.01,86.65,-9.64,0.76,4.61,-0.21,-1.82,-0.65,4.30,2.04,8.92,0.04,-0.75,0.08
5045.02,85.85,-9.67,0.41,4.86,-0.18,-1.92,-0.59,4.34,1.81,9.01,0.05,-0.74,0.11
5045.03,85.19,-9.48,0.17,5.12,-0.15,-2.01,-0.53,4.41,1.61,9.15,0.05,-0.72,0.13
5045.05,84.22,-9.31,-0.16,5.32,-0.10,-2.10,-0.43,4.48,1.48,9.29,0.06,-0.69,0.16
5045.06,83.16,-9.09,0.08,5.40,-0.08,-2.17,-0.32,4.52,1.44,9.33,0.05,-0.65,0.17
5045.07,82.41,-8.65,0.17,5.58,-0.10,-2.21,-0.21,4.51,1.48,9.31,0.04,-0.63,0.16
5045.09,81.15,-8.15,0.23,5.83,-0.13,-2.21,-0.13,4.43,1.55,9.21,0.02,-0.59,0.14
5045.10,79.98,-7.72,0.23,6.02,-0.14,-2.20,-0.07,4.40,1.64,9.12,0.01,-0.55,0.13
5045.11,78.77,-7.43,0.31,6.07,-0.14,-2.17,-0.04,4.39,1.71,9.04,0.02,-0.51,0.13
5045.12,77.85,-7.22,0.35,6.10,-0.14,-2.13,-0.03,4.33,1.78,8.99,0.02,-0.50,0.13
5045.13,76.77,-7.02,0.39,6.08,-0.13,-2.10,-0.03,4.26,1.94,8.90,0.01,-0.46,0.14
5045.15,75.59,-6.83,0.39,6.15,-0.09,-2.04,-0.02,4.24,2.03,8.80,0.01,-0.44,0.13
5045.16,74.09,-6.65,0.47,6.27,-0.02,-1.95,-0.02,4.32,2.06,8.68,0.01,-0.41,0.14
5045.17,73.05,-6.47,0.58,6.41,0.02,-1.87,-0.02,4.33,2.07,8.66,0.00,-0.41,0.13
5045.18,72.02,-6.35,0.58,6.64,0.04,-1.81,-0.02,4.29,2.05,8.68,-0.02,-0.41,0.10
5045.20,70.53,-6.31,0.65,7.06,0.07,-1.72,-0.05,4.15,2.08,8.70,-0.05,-0.39,0.08
5045.21,68.86,-6.43,0.69,7.35,0.06,-1.65,-0.08,4.13,2.07,8.67,-0.06,-0.38,0.07
5045.23,67.56,-6.49,0.69,7.60,0.03,-1.60,-0.05,4.20,2.01,8.73,-0.09,-0.36,0.07
5045.25,66.43,-6.33,0.60,7.74,-0.02,-1.56,0.02,4.18,1.86,8.79,-0.09,-0.35,0.07
5045.26,65.55,-6.19,0.53,7.85,-0.07,-1.53,0.08,4.26,1.78,8.74,-0.09,-0.33,0.09
5045.28,64.70,-6.11,0.51,7.99,-0.11,-1.50,0.11,4.32,1.71,8.64,-0.09,-0.31,0.11
5045.29,63.94,-6.03,0.46,8.09,-0.17,-1.49,0.14,4.40,1.69,8.58,-0.09,-0.29,0.12
5045.30,63.13,-5.90,0.47,8.24,-0.24,-1.49,0.14,4.45,1.73,8.65,-0.10,-0.28,0.13
5045.31,62.12,-5.87,0.44,8.31,-0.29,-1.49,0.15,4.49,1.84,8.66,-0.10,-0.26,0.15
5045.34,61.00,-5.77,0.47,8.28,-0.35,-1.49,0.17,4.60,1.88,8.50,-0.11,-0.24,0.18
5045.35,60.14,-5.54,0.46,8.26,-0.43,-1.50,0.15,4.60,1.92,8.47,-0.13,-0.25,0.16
5045.36,59.16,-5.25,0.54,8.28,-0.48,-1.50,0.16,4.44,1.95,8.51,-0.16,-0.25,0.15
5045.38,58.41,-5.41,0.59,8.28,-0.54,-1.52,0.18,4.33,1.97,8.53,-0.18,-0.24,0.16
5045.39,57.69,-5.45,0.42,8.33,-0.57,-1.54,0.20,4.23,2.00,8.51,-0.20,-0.24,0.18
5045.40,56.90,-5.20,0.38,8.35,-0.57,-1.55,0.23,4.15,1.99,8.48,-0.22,-0.25,0.21
5045.42,55.88,-4.75,0.45,8.28,-0.58,-1.55,0.25,4.19,1.93,8.47,-0.24,-0.26,0.22
5045.43,55.06,-4.35,0.47,8.17,-0.61,-1.54,0.28,4.34,1.75,8.54,-0.25,-0.26,0.23
5045.44,53.35,-4.29,-0.31,8.65,-0.65,-1.52,0.27,4.52,1.25,8.82,-0.25,-0.28,0.27
5045.46,52.60,-4.59,-0.51,8.88,-0.67,-1.54,0.32,4.50,1.13,8.88,-0.25,-0.29,0.30
5045.47,51.52,-4.59,-0.54,8.87,-0.72,-1.59,0.45,4.38,1.29,8.76,-0.25,-0.29,0.37
5045.49,50.77,-4.20,-0.43,8.90,-0.72,-1.61,0.56,4.48,1.50,8.62,-0.24,-0.29,0.41
5045.50,49.52,-3.09,-0.09,9.14,-0.68,-1.58,0.64,4.95,1.70,8.46,-0.24,-0.31,0.44
5045.52,48.33,-2.21,-0.13,9.59,-0.65,-1.51,0.62,5.26,1.68,8.32,-0.26,-0.32,0.40
5045.54,47.10,-1.71,-0.17,9.89,-0.57,-1.44,0.54,5.45,1.53,8.15,-0.30,-0.32,0.37
5045.55,45.98,-1.48,-0.14,9.65,-0.51,-1.45,0.39,5.55,1.36,8.08,-0.36,-0.33,0.30
5045.57,44.64,-1.58,-0.48,9.56,-0.48,-1.41,0.20,5.09,0.93,8.40,-0.41,-0.35,0.20
5045.59,43.24,-2.11,-0.83,9.31,-0.48,-1.32,0.06,4.04,0.59,8.98,-0.42,-0.37,0.16
5045.60,41.84,-2.70,-1.03,9.05,-0.48,-1.18,-0.03,3.31,0.33,9.23,-0.39,-0.39,0.19
5045.62,41.08,-2.87,-1.16,8.91,-0.47,-1.08,-0.10,3.46,0.19,9.10,-0.37,-0.43,0.21
5045.64,40.52,-2.65,-1.31,9.01,-0.46,-1.03,-0.17,3.77,0.13,8.91,-0.38,-0.46,0.17
5045.65,40.02,-2.46,-1.40,9.19,-0.44,-0.97,-0.27,3.95,0.14,8.86,-0.39,-0.52,0.10
5045.66,39.67,-2.69,-1.35,9.17,-0.42,-0.94,-0.34,3.83,0.15,8.91,-0.39,-0.57,0.06
5045.68,39.49,-2.82,-1.31,9.09,-0.42,-0.93,-0.36,3.81,0.20,8.89,-0.37,-0.61,0.07
5045.69,39.36,-2.75,-1.27,9.13,-0.43,-0.93,-0.35,4.01,0.24,8.82,-0.35,-0.64,0.08
5045.70,39.28,-2.49,-1.23,9.24,-0.44,-0.94,-0.34,4.32,0.31,8.69,-0.35,-0.68,0.09
5045.71,39.30,-2.10,-1.27,9.45,-0.44,-0.95,-0.35,4.66,0.37,8.50,-0.36,-0.72,0.07
5045.73,39.27,-1.76,-1.23,9.54,-0.44,-0.95,-0.38,4.92,0.37,8.39,-0.38,-0.76,0.03
5045.74,39.11,-1.56,-1.20,9.72,-0.42,-0.95,-0.46,5.14,0.47,8.46,-0.41,-0.80,-0.03
5045.75,39.12,-1.62,-1.12,9.88,-0.40,-0.96,-0.53,5.20,0.60,8.57,-0.43,-0.85,-0.08
5045.77,39.26,-1.76,-0.99,10.05,-0.38,-0.97,-0.60,5.17,0.79,8.75,-0.46,-0.90,-0.13
5045.78,39.32,-1.99,-0.85,10.25,-0.36,-0.98,-0.67,5.09,1.02,9.04,-0.50,-0.95,-0.19
5045.79,39.40,-2.32,-0.78,10.50,-0.33,-0.99,-0.75,4.94,1.22,9.40,-0.54,-1.02,-0.26
5045.80,39.52,-2.85,-0.73,10.54,-0.27,-0.98,-0.86,4.44,1.34,9.79,-0.59,-1.12,-0.36
5045.82,39.65,-3.21,-0.73,10.45,-0.24,-0.97,-0.92,4.09,1.32,9.98,-0.62,-1.20,-0.41
5045.83,39.91,-3.43,-0.93,10.38,-0.18,-0.94,-1.02,3.96,1.13,10.17,-0.63,-1.31,-0.48
5045.84,40.23,-3.58,-1.21,10.48,-0.14,-0.92,-1.10,3.99,0.96,10.39,-0.65,-1.40,-0.55
5045.85,40.59,-3.75,-1.48,10.64,-0.08,-0.88,-1.20,4.06,0.88,10.68,-0.66,-1.51,-0.66
5045.87,41.11,-4.10,-1.71,10.90,-0.01,-0.84,-1.32,4.00,0.90,11.13,-0.68,-1.62,-0.78
5045.88,41.84,-5.07,-1.85,11.35,0.10,-0.77,-1.45,3.55,1.26,11.99,-0.68,-1.77,-0.93
5045.89,42.76,-6.63,-1.42,11.64,0.23,-0.67,-1.49,2.29,2.32,13.17,-0.64,-1.92,-1.01
5045.91,43.40,-7.83,-0.66,11.51,0.32,-0.54,-1.41,0.80,3.36,14.19,-0.57,-2.03,-0.98
5045.93,44.33,-9.31,0.19,11.03,0.44,-0.27,-1.24,-1.24,4.39,15.49,-0.43,-2.15,-0.86
5045.94,45.56,-10.48,0.44,10.38,0.53,0.04,-1.13,-2.22,4.26,16.65,-0.25,-2.23,-0.62
5045.95,48.15,-11.47,0.14,9.35,0.54,0.59,-0.90,-2.83,3.88,18.62,0.19,-2.38,0.04
5045.98,51.15,-11.24,-1.38,9.75,0.37,1.13,-0.41,-1.98,1.66,19.54,0.77,-2.45,0.58
5045.99,53.98,-11.07,-2.13,10.77,0.25,1.40,0.16,1.28,1.21,18.43,1.08,-2.47,1.13
5046.01,56.92,-9.50,-1.88,12.81,0.15,1.49,0.72,5.54,0.88,15.53,1.30,-2.28,1.50
5046.02,59.27,-7.63,-1.36,14.74,0.01,1.55,1.06,7.71,0.22,13.32,1.36,-2.06,1.65
5046.03,62.66,-5.62,-1.49,16.74,-0.12,1.56,1.28,11.11,-0.13,9.41,1.22,-1.55,1.74
5046.05,64.50,-3.82,-1.71,17.98,-0.09,1.57,1.38,12.91,-0.28,8.03,0.98,-1.23,1.64
5046.06,66.44,-1.47,-1.62,18.26,0.04,1.60,1.45,13.96,-0.72,6.98,0.74,-0.88,1.52
5046.07,67.89,1.01,-1.48,17.66,0.17,1.73,1.37,13.89,-0.66,5.98,0.55,-0.47,1.23
5046.08,69.27,2.57,-1.34,16.43,0.29,1.96,1.17,13.36,-0.45,5.02,0.41,-0.02,0.82
5046.10,69.61,3.56,-1.22,15.15,0.38,2.25,0.89,12.91,-0.65,4.24,0.32,0.48,0.42
5046.11,70.36,3.82,-1.37,14.06,0.46,2.54,0.55,12.65,-1.09,3.40,0.30,0.98,0.03
5046.12,70.76,3.76,-1.76,13.15,0.57,2.79,0.23,12.47,-1.58,2.48,0.26,1.48,-0.43
5046.13,71.11,3.82,-1.92,12.39,0.67,3.00,-0.13,12.34,-2.09,1.70,0.17,1.97,-0.93
5046.14,71.20,3.62,-2.09,11.60,0.70,3.16,-0.46,11.98,-2.47,1.25,0.06,2.46,-1.38
5046.15,71.36,3.31,-2.32,10.81,0.67,3.26,-0.68,11.25,-2.60,0.97,-0.03,2.92,-1.76
5046.17,71.26,2.91,-2.63,10.05,0.63,3.32,-0.77,10.37,-2.63,0.54,-0.06,3.36,-2.05
5046.18,71.03,2.71,-2.89,8.94,0.65,3.32,-0.69,9.54,-2.78,-0.67,0.02,3.95,-2.08
5046.20,70.84,2.61,-2.66,8.28,0.65,3.23,-0.55,9.44,-2.88,-1.59,0.11,4.30,-2.01
5046.21,70.45,2.89,-2.48,7.73,0.61,3.03,-0.42,9.69,-2.79,-2.40,0.14,4.69,-1.94
5046.23,69.37,3.15,-2.29,7.32,0.53,2.61,-0.31,10.25,-2.62,-2.92,0.06,5.08,-2.02
5046.24,68.20,3.31,-2.10,7.00,0.51,2.29,-0.23,10.54,-2.15,-3.23,-0.09,5.27,-2.17
5046.25,66.34,3.77,-1.84,6.46,0.53,1.86,-0.15,9.98,-1.65,-3.78,-0.41,5.43,-2.53
5046.27,64.40,4.43,-1.54,6.07,0.60,1.50,-0.07,9.06,-1.64,-3.65,-0.60,5.55,-2.85
5046.28,61.89,5.17,-1.08,5.59,0.71,1.12,0.03,7.98,-1.70,-2.60,-0.77,5.66,-3.10
5046.29,58.40,5.99,-0.04,5.12,0.77,0.75,0.05,6.68,-1.68,-0.35,-0.89,5.65,-3.21
5046.31,51.72,5.14,1.35,5.24,0.69,0.63,-0.18,4.56,-0.73,3.21,-1.07,5.57,-3.18
5046.32,45.58,2.44,1.87,5.82,0.68,0.78,-0.52,2.15,-0.86,6.18,-1.14,5.48,-2.90
5046.33,41.42,-4.80,2.60,4.84,0.29,1.15,-0.85,-0.69,-1.14,9.59,-0.91,5.08,-2.21
5046.35,39.62,-12.30,1.61,4.02,-0.40,1.23,-0.90,-4.48,-0.50,11.67,-0.63,4.21,-1.66
5046.36,36.74,-21.12,-4.05,4.21,-0.83,1.13,-1.07,-7.55,0.49,13.55,-0.39,3.03,-1.15
5046.38,36.26,-19.36,-3.57,6.26,0.04,1.09,-0.36,-7.89,1.64,12.93,-0.23,1.70,-0.54
5046.39,37.37,-16.98,0.28,6.18,0.16,0.95,0.00,-4.22,2.11,11.06,-0.13,0.40,0.20
5046.41,38.62,-13.94,0.75,6.30,0.10,0.46,0.31,-0.19,2.34,9.68,-0.05,-0.40,0.72
5046.42,41.40,-7.88,0.97,7.87,0.07,-0.43,0.89,2.92,4.34,9.61,-0.06,-0.94,0.70
5046.44,42.12,-5.57,1.98,10.56,0.14,-0.71,1.00,1.77,4.21,11.05,0.08,-0.93,0.70
5046.45,41.69,-7.23,2.83,12.14,0.22,-0.63,1.00,0.20,4.39,13.11,0.33,-1.07,1.07
5046.46,42.03,-9.99,3.42,11.82,0.11,-0.57,1.16,1.14,2.86,14.56,0.55,-1.42,1.70
5046.48,42.90,-8.85,2.23,11.19,-0.25,-0.63,1.17,3.19,0.63,14.26,0.63,-1.64,2.15
5046.49,44.06,-4.24,-1.90,10.89,-0.73,-0.76,1.20,5.89,-0.85,11.93,0.55,-1.78,2.43
5046.50,44.37,0.59,-4.03,11.53,-0.78,-0.89,0.99,8.46,-1.92,8.94,0.38,-1.79,2.28
5046.52,44.53,4.03,-4.45,11.98,-0.61,-0.96,0.25,11.30,-2.57,6.09,0.13,-1.78,1.75
5046.53,45.05,4.81,-4.66,12.32,-0.46,-0.91,-0.42,13.04,-2.92,5.09,-0.16,-1.78,0.89
5046.54,46.88,2.83,-3.93,12.38,-0.37,-0.92,-0.81,12.60,-2.15,5.69,-0.37,-1.76,0.06
5046.55,47.16,-0.35,-3.13,12.05,-0.31,-1.04,-0.93,10.50,-1.09,7.35,-0.44,-1.68,-0.43
5046.56,48.62,-4.35,-1.68,11.86,-0.27,-1.30,-0.61,6.86,0.31,10.63,-0.27,-1.52,-0.31
5046.58,49.05,-4.89,-0.67,11.37,-0.28,-1.43,-0.19,4.95,0.99,10.29,-0.08,-1.39,0.17
5046.59,48.80,-4.28,0.22,10.07,-0.35,-1.52,0.26,4.58,1.27,8.66,0.08,-1.20,0.72
5046.60,48.96,-2.45,0.79,8.75,-0.47,-1.65,0.68,6.09,1.58,7.10,0.18,-1.01,1.10
5046.62,48.49,-1.09,0.54,9.24,-0.57,-1.72,0.78,7.71,1.58,7.01,0.16,-0.94,1.05
5046.63,48.15,-0.35,-0.43,11.12,-0.55,-1.74,0.60,8.34,1.45,7.25,0.05,-0.91,0.65
5046.65,47.93,-0.60,-1.04,11.31,-0.42,-1.77,0.41,7.51,1.09,7.97,-0.06,-0.88,0.31
5046.66,47.09,-1.12,-0.75,10.53,-0.31,-1.78,0.22,6.14,0.88,8.70,-0.13,-0.84,0.09
5046.67,46.06,-1.83,-0.56,9.85,-0.27,-1.78,0.05,4.79,0.88,9.16,-0.16,-0.80,0.02
5046.68,45.08,-2.67,-0.48,9.42,-0.25,-1.71,-0.01,3.95,1.06,9.30,-0.17,-0.77,0.06
5046.70,44.13,-3.62,-0.18,9.15,-0.22,-1.65,0.02,3.59,1.13,9.27,-0.15,-0.75,0.15
5046.71,43.53,-3.77,-0.20,9.06,-0.22,-1.64,0.05,3.48,0.99,9.27,-0.13,-0.75,0.18
5046.72,42.72,-3.38,-0.43,8.88,-0.23,-1.62,0.03,3.29,0.76,9.38,-0.11,-0.77,0.19
5046.74,41.86,-3.13,-0.61,8.84,-0.24,-1.55,-0.02,3.15,0.61,9.38,-0.13,-0.79,0.15
5046.75,41.19,-3.19,-0.83,8.89,-0.23,-1.49,-0.10,3.09,0.49,9.33,-0.14,-0.81,0.10
5046.76,40.60,-3.29,-0.85,8.95,-0.21,-1.45,-0.20,2.95,0.47,9.33,-0.15,-0.85,0.04
5046.77,40.21,-3.35,-0.77,9.00,-0.19,-1.41,-0.28,2.84,0.50,9.39,-0.15,-0.89,-0.01
5046.78,39.74,-3.42,-0.72,9.02,-0.18,-1.37,-0.34,2.83,0.56,9.44,-0.14,-0.92,-0.02
5046.80,39.12,-3.23,-0.70,9.08,-0.18,-1.32,-0.39,3.18,0.62,9.33,-0.13,-0.96,-0.04
5046.81,38.95,-3.03,-0.83,9.09,-0.19,-1.30,-0.41,3.40,0.57,9.21,-0.12,-0.99,-0.06
5046.83,38.74,-2.94,-0.86,9.15,-0.19,-1.29,-0.43,3.44,0.71,9.01,-0.12,-1.02,-0.09
5046.84,38.57,-2.97,-0.75,9.12,-0.17,-1.28,-0.42,3.45,0.80,9.02,-0.11,-1.05,-0.10
5046.85,38.45,-3.01,-0.83,9.22,-0.16,-1.27,-0.40,3.57,0.78,9.16,-0.09,-1.09,-0.07
5046.87,38.35,-2.71,-1.01,9.39,-0.17,-1.26,-0.35,3.90,0.61,9.16,-0.06,-1.12,-0.04
5046.89,38.31,-2.40,-1.18,9.56,-0.18,-1.25,-0.34,4.25,0.57,9.02,-0.05,-1.15,-0.05
5046.90,38.29,-2.22,-1.16,9.67,-0.17,-1.25,-0.36,4.43,0.68,8.98,-0.06,-1.20,-0.12
5046.92,38.37,-2.12,-1.04,9.88,-0.12,-1.24,-0.46,4.48,0.91,9.04,-0.10,-1.27,-0.21
5046.93,38.39,-2.21,-1.00,10.12,-0.06,-1.23,-0.60,4.34,1.06,9.40,-0.14,-1.35,-0.35
5046.94,38.43,-2.79,-0.91,10.38,0.02,-1.20,-0.78,3.85,1.31,9.92,-0.18,-1.43,-0.51
5046.95,38.58,-3.86,-0.73,10.43,0.10,-1.17,-0.92,2.92,1.58,10.54,-0.21,-1.51,-0.65
5046.97,38.91,-5.49,-0.38,9.84,0.20,-1.11,-0.96,1.35,1.95,11.13,-0.19,-1.62,-0.66
5046.98,39.08,-6.16,-0.26,9.34,0.24,-1.04,-0.90,0.61,2.09,11.17,-0.12,-1.72,-0.57
5047.00,39.81,-6.51,-0.46,9.15,0.27,-0.94,-0.81,0.44,1.96,11.28,-0.01,-1.84,-0.44
5047.01,40.24,-6.88,-0.68,9.08,0.30,-0.87,-0.72,0.47,1.85,11.52,0.07,-1.95,-0.34
5047.03,41.73,-7.36,-0.78,9.28,0.35,-0.74,-0.58,0.49,2.07,12.22,0.20,-2.17,-0.26
5047.05,42.68,-7.73,-0.64,9.79,0.40,-0.65,-0.56,0.34,2.74,12.99,0.26,-2.32,-0.24
5047.06,43.85,-8.40,-0.45,10.18,0.50,-0.51,-0.60,0.18,3.17,13.84,0.32,-2.47,-0.19
5047.07,45.05,-9.29,-0.36,10.08,0.61,-0.33,-0.69,-0.22,2.95,15.07,0.39,-2.61,-0.10
5047.08,46.52,-10.15,-0.52,9.84,0.64,-0.07,-0.74,-1.15,2.90,16.77,0.52,-2.71,0.02
5047.09,48.20,-11.22,-0.54,9.58,0.64,0.24,-0.73,-2.02,3.01,18.70,0.67,-2.77,0.14
5047.11,50.98,-11.92,-1.58,9.30,0.35,0.79,-0.00,-3.37,0.30,20.58,0.96,-2.77,0.93
5047.13,54.81,-10.49,-2.76,10.43,0.01,1.27,0.84,1.68,0.32,18.16,1.27,-2.75,1.39
5047.15,57.39,-8.06,-2.62,12.12,-0.08,1.57,1.31,5.76,0.02,15.29,1.48,-2.55,1.69
5047.16,59.81,-6.37,-1.54,14.25,-0.27,1.71,1.62,9.19,-0.85,11.25,1.62,-2.15,1.76
5047.17,62.41,-3.91,-1.51,16.70,-0.50,1.68,1.58,11.68,-1.07,7.40,1.47,-1.72,1.73
5047.18,65.59,-1.92,-1.94,19.03,-0.52,1.60,1.32,13.89,-0.09,5.31,1.08,-1.35,1.49
5047.19,67.20,0.69,-2.05,20.18,-0.30,1.52,1.08,15.23,0.53,4.12,0.59,-0.93,1.13
5047.21,68.77,3.54,-1.27,19.22,0.05,1.54,0.85,15.21,1.10,3.19,0.24,-0.41,0.73
5047.22,69.71,5.12,-0.35,17.01,0.33,1.69,0.60,14.19,0.98,2.51,0.07,0.15,0.36
5047.23,70.52,5.38,0.46,14.78,0.48,1.89,0.37,13.03,0.44,2.10,0.11,0.69,0.13
5047.24,70.37,4.76,0.68,12.18,0.52,2.30,0.02,11.57,-0.60,1.51,0.39,1.53,-0.00
5047.26,70.56,4.04,0.39,10.96,0.47,2.53,-0.16,10.71,-0.90,0.97,0.46,1.93,-0.07
5047.27,70.71,2.82,-0.05,9.99,0.36,2.70,-0.25,10.28,-1.20,0.53,0.39,2.32,-0.25
5047.29,71.03,1.50,-0.53,9.22,0.20,2.76,-0.22,9.92,-1.44,0.69,0.20,2.82,-0.55
5047.30,71.12,1.44,-0.70,9.03,0.05,2.78,-0.17,9.74,-1.47,0.99,0.11,3.12,-0.71
5047.31,70.73,1.37,-1.22,8.85,-0.09,2.80,-0.10,9.27,-1.33,1.17,0.06,3.67,-0.91
5047.33,70.29,1.19,-1.42,8.67,-0.11,2.80,0.00,9.23,-1.17,0.85,0.07,3.96,-1.01
5047.34,69.92,0.75,-1.34,8.29,-0.11,2.74,0.11,9.43,-1.01,0.50,0.07,4.20,-1.14
5047.35,69.57,0.52,-1.25,8.04,-0.11,2.63,0.20,9.63,-0.76,0.30,0.06,4.40,-1.29
5047.36,69.02,0.40,-1.11,7.87,-0.13,2.46,0.31,9.30,-0.41,0.26,0.02,4.57,-1.46
5047.38,68.31,0.65,-0.99,7.81,-0.14,2.25,0.43,8.65,-0.23,0.37,0.00,4.72,-1.58
5047.39,67.34,1.07,-0.94,7.74,-0.12,2.02,0.55,8.02,-0.09,0.71,0.05,4.88,-1.57
5047.40,64.38,1.33,-0.44,7.19,-0.03,1.72,0.72,7.35,0.31,1.69,0.19,5.14,-1.42
5047.42,61.82,1.23,0.08,6.72,-0.03,1.51,0.84,6.55,0.57,2.56,0.27,5.22,-1.28
5047.43,59.44,0.69,0.60,6.41,-0.10,1.27,0.92,6.15,0.80,3.34,0.29,5.21,-1.14
5047.44,56.21,0.11,0.85,6.42,-0.16,1.09,0.98,5.78,1.16,4.37,0.29,5.11,-1.07
5047.45,53.11,-0.78,0.96,6.72,-0.15,0.87,0.95,5.34,1.58,5.43,0.25,4.96,-1.06
5047.47,50.28,-2.05,1.31,6.77,-0.07,0.78,0.87,4.16,1.64,6.42,0.24,4.81,-1.01
5047.48,48.47,-3.90,1.88,6.64,-0.06,0.77,0.96,2.22,2.02,7.49,0.31,4.58,-0.80
5047.49,45.64,-6.78,2.60,6.45,-0.13,0.78,1.02,0.24,2.32,9.01,0.43,4.08,-0.42
5047.51,43.20,-11.90,1.99,6.15,-0.13,0.69,0.89,-2.41,2.79,9.96,0.38,3.16,-0.06
5047.52,42.13,-14.74,0.90,6.04,-0.02,0.56,0.92,-3.66,2.79,10.31,0.26,2.40,0.19
5047.54,41.35,-14.63,1.34,6.02,0.05,0.48,0.95,-3.74,1.80,10.84,0.17,1.41,0.45
5047.55,40.96,-12.79,1.39,5.78,-0.14,0.36,1.02,-2.61,0.70,10.63,0.17,0.69,0.84
5047.56,41.90,-10.21,0.06,5.69,-0.47,0.14,1.18,-0.59,-0.20,9.68,0.24,0.13,1.31
5047.57,43.06,-7.35,-1.44,5.97,-0.69,-0.29,1.47,1.70,-0.56,8.04,0.32,-0.40,1.94
5047.59,44.04,-5.17,-1.08,7.04,-0.72,-0.66,1.71,3.19,1.10,7.43,0.25,-0.62,2.20
5047.60,44.34,-3.53,0.81,10.39,-0.73,-0.86,1.90,2.93,3.31,10.13,0.22,-0.52,1.99
5047.62,43.45,-5.96,2.72,12.72,-0.66,-0.62,1.89,0.91,5.44,14.47,0.35,-0.55,2.03
5047.63,43.15,-10.28,4.97,13.29,-0.58,-0.40,1.78,0.11,6.24,15.72,0.36,-0.74,2.16
5047.64,43.67,-10.47,6.10,11.46,-0.80,-0.52,1.56,1.48,3.84,14.34,0.34,-1.21,2.57
5047.65,44.74,-5.29,2.98,10.17,-1.18,-0.70,1.47,4.79,2.80,11.57,0.36,-1.37,2.83
5047.67,44.56,1.37,-0.68,10.10,-1.31,-0.79,1.20,8.59,0.16,7.84,0.22,-1.39,2.62
5047.68,44.54,3.96,-2.30,10.36,-1.28,-0.79,0.65,9.90,-1.29,5.53,0.09,-1.37,2.08
5047.69,45.81,3.49,-2.60,11.61,-1.23,-0.69,0.14,10.44,-1.41,5.36,-0.00,-1.33,1.52
5047.71,46.58,1.28,-2.67,13.30,-1.14,-0.67,-0.20,10.96,-0.26,6.75,-0.04,-1.32,1.15
5047.72,47.47,-0.92,-3.07,14.03,-0.94,-0.78,-0.06,10.93,0.75,8.95,-0.11,-1.29,0.86
5047.73,47.64,-1.70,-1.14,13.13,-0.73,-0.97,0.15,9.91,1.54,9.37,-0.17,-1.19,0.72
5047.74,48.01,-1.33,0.16,11.92,-0.74,-1.19,0.30,8.52,1.70,8.93,-0.19,-1.06,0.75
5047.75,47.93,-0.81,0.04,11.14,-0.79,-1.28,0.40,7.49,1.68,8.08,-0.18,-0.94,0.85
5047.77,47.90,-1.19,-0.10,10.41,-0.77,-1.32,0.54,6.90,1.58,7.43,-0.14,-0.76,0.87
5047.79,47.59,-1.87,-0.18,10.57,-0.74,-1.34,0.60,6.64,1.73,8.23,-0.15,-0.67,0.77
5047.80,46.99,-1.82,0.06,10.36,-0.68,-1.40,0.59,6.07,1.79,9.05,-0.21,-0.61,0.61
5047.82,46.12,-1.38,0.20,10.22,-0.67,-1.38,0.50,5.69,1.77,9.17,-0.27,-0.58,0.48
5047.83,45.40,-1.60,-0.12,10.10,-0.63,-1.34,0.35,5.36,1.61,9.00,-0.32,-0.56,0.32
5047.84,44.59,-1.89,-0.41,9.81,-0.56,-1.30,0.20,4.56,1.28,9.07,-0.32,-0.55,0.18
5047.85,43.82,-2.60,-0.63,9.53,-0.52,-1.25,0.10,3.61,1.07,9.39,-0.29,-0.55,0.13
5047.86,42.96,-3.64,-0.88,9.23,-0.48,-1.19,0.09,2.98,0.89,9.79,-0.25,-0.53,0.20
5047.88,42.40,-3.87,-0.89,9.20,-0.48,-1.16,0.15,3.04,0.93,9.85,-0.22,-0.50,0.26
5047.90,41.64,-3.70,-0.72,9.27,-0.48,-1.16,0.22,3.26,1.01,9.56,-0.20,-0.47,0.27
5047.91,41.21,-3.60,-0.58,9.31,-0.49,-1.16,0.25,3.36,1.16,9.28,-0.17,-0.47,0.25
5047.92,40.67,-3.51,-0.53,9.23,-0.48,-1.16,0.29,3.15,1.27,9.16,-0.14,-0.48,0.22
5047.94,40.17,-3.65,-0.47,9.14,-0.47,-1.15,0.32,2.66,1.32,9.30,-0.10,-0.49,0.24
5047.95,39.61,-3.95,-0.46,9.04,-0.47,-1.13,0.38,2.20,1.33,9.49,-0.05,-0.50,0.33
5047.96,38.98,-4.15,-0.51,8.95,-0.47,-1.09,0.46,2.04,1.28,9.58,-0.00,-0.51,0.40
5047.97,38.63,-4.12,-0.56,8.94,-0.46,-1.04,0.51,2.04,1.27,9.51,0.03,-0.53,0.45
5047.99,38.11,-4.15,-0.57,8.91,-0.45,-1.01,0.52,2.02,1.24,9.47,0.05,-0.57,0.45
5048.00,37.84,-4.21,-0.59,8.98,-0.44,-0.97,0.51,1.97,1.28,9.50,0.07,-0.62,0.44
5048.01,37.76,-4.28,-0.54,9.14,-0.43,-0.93,0.50,1.88,1.32,9.64,0.09,-0.68,0.42
5048.02,37.55,-4.47,-0.53,9.32,-0.41,-0.88,0.50,1.87,1.47,9.91,0.11,-0.74,0.43
5048.04,37.49,-4.64,-0.43,9.46,-0.39,-0.84,0.53,1.88,1.74,10.04,0.14,-0.80,0.45
5048.05,37.40,-5.01,-0.23,9.56,-0.37,-0.82,0.60,1.76,2.02,10.14,0.18,-0.86,0.50
5048.06,37.74,-5.60,0.07,9.67,-0.37,-0.80,0.76,1.56,2.41,10.41,0.24,-0.96,0.58
5048.08,37.86,-6.23,0.28,9.68,-0.38,-0.79,0.94,1.15,2.68,10.78,0.28,-1.03,0.65
5048.09,38.60,-7.51,0.50,8.93,-0.40,-0.79,1.32,-0.32,2.81,11.29,0.35,-1.18,0.83
5048.11,38.98,-7.98,0.51,8.26,-0.41,-0.77,1.59,-1.29,2.44,11.38,0.44,-1.28,0.98
5048.12,38.98,-7.96,0.37,7.87,-0.43,-0.72,1.78,-1.66,1.96,11.37,0.54,-1.35,1.13
5048.13,40.04,-7.77,-0.86,7.75,-0.42,-0.49,2.08,-1.63,0.91,11.72,0.86,-1.52,1.44
5048.15,40.58,-7.53,-1.43,7.85,-0.36,-0.30,2.11,-1.03,0.41,12.46,1.05,-1.64,1.50
5048.17,41.65,-7.09,-2.01,8.42,-0.28,-0.05,2.02,0.19,-0.05,13.63,1.23,-1.74,1.52
5048.18,42.88,-6.57,-2.82,9.16,-0.21,0.25,1.84,1.05,-0.50,14.79,1.39,-1.82,1.50
5048.19,44.24,-6.64,-3.74,9.42,-0.15,0.55,1.69,1.10,-1.57,15.52,1.58,-1.89,1.52
5048.20,45.78,-7.21,-5.07,9.35,-0.20,0.79,1.68,1.08,-3.23,15.65,1.89,-1.87,1.74
5048.21,47.53,-7.77,-6.51,9.08,-0.32,0.96,1.81,1.37,-4.87,15.30,2.25,-1.81,2.17
5048.23,49.41,-7.56,-7.54,9.04,-0.47,1.03,2.05,2.38,-6.36,14.61,2.66,-1.71,2.69
5048.24,51.21,-6.96,-8.41,9.48,-0.71,1.03,2.37,4.02,-7.62,13.42,3.06,-1.59,3.21
5048.25,52.96,-5.60,-9.28,10.34,-1.04,0.91,2.80,5.83,-8.41,11.68,3.36,-1.45,3.62
5048.26,54.34,-3.30,-9.57,11.62,-1.31,0.84,3.10,7.42,-8.85,9.78,3.60,-1.31,3.86
5048.27,55.73,-2.23,-10.05,12.43,-1.51,0.82,3.32,9.44,-8.56,7.85,3.76,-1.19,3.89
5048.28,57.43,-1.66,-10.18,12.82,-1.65,0.77,3.62,11.17,-8.29,6.42,3.80,-1.06,3.65
5048.30,59.20,-0.99,-10.32,12.76,-1.68,0.65,3.92,12.20,-7.96,5.49,3.81,-0.91,3.24
5048.31,61.20,0.85,-9.55,12.65,-1.67,0.58,4.30,11.98,-7.11,4.80,3.89,-0.53,2.68
5048.33,62.35,1.97,-8.80,12.41,-1.63,0.57,4.41,11.28,-6.37,4.47,3.94,-0.17,2.46
5048.34,61.97,2.94,-7.73,11.74,-1.45,0.54,4.37,9.74,-5.99,3.90,4.08,0.37,2.39
5048.35,61.50,3.33,-6.23,11.18,-1.38,0.56,4.34,8.72,-5.87,3.02,4.25,0.87,2.58
5048.37,60.93,3.02,-5.54,10.88,-1.43,0.68,4.39,8.17,-5.54,2.18,4.39,1.37,2.87
5048.38,60.36,2.76,-5.24,10.98,-1.48,0.71,4.56,8.32,-5.09,1.55,4.48,1.96,3.22
5048.39,59.64,3.25,-5.02,10.67,-1.46,0.72,4.75,8.91,-4.92,1.38,4.52,2.49,3.41
5048.41,58.53,3.87,-4.63,10.23,-1.39,0.69,4.80,9.90,-4.74,1.30,4.51,2.84,3.41
5048.42,57.07,4.11,-4.44,9.90,-1.31,0.64,4.77,10.81,-4.32,1.22,4.49,3.16,3.33
5048.43,55.59,3.92,-3.77,9.78,-1.19,0.59,4.72,11.09,-3.35,1.18,4.41,3.45,3.21
5048.44,53.80,3.12,-2.03,9.75,-0.97,0.49,4.74,10.82,-2.01,0.97,4.25,3.68,3.09
5048.46,52.55,2.50,-0.34,9.42,-0.82,0.37,4.78,10.65,-1.40,0.72,4.04,3.76,2.99
5048.47,51.43,2.00,1.07,8.82,-0.81,0.24,4.81,10.13,-1.04,1.00,3.80,3.74,2.86
5048.49,49.48,1.55,1.85,8.42,-1.02,0.04,4.74,9.66,-0.10,2.55,3.37,3.59,2.70
5048.50,48.00,1.05,1.93,8.73,-1.07,-0.01,4.60,9.61,0.75,3.84,2.98,3.45,2.53
5048.51,46.72,0.34,2.12,9.36,-1.10,-0.05,4.31,9.63,1.39,4.25,2.54,3.27,2.32
5048.53,45.51,0.16,1.58,9.82,-1.00,-0.19,3.73,9.52,1.28,3.53,1.84,2.91,1.98
5048.54,44.61,0.55,0.35,9.22,-0.83,-0.29,2.98,7.52,-0.76,4.09,1.25,2.39,1.30
5048.56,43.89,-0.94,-0.74,8.38,-0.73,-0.22,2.18,6.94,-2.16,6.60,0.77,1.69,0.97
5048.57,44.05,-2.21,-2.65,7.91,-0.74,-0.20,1.37,9.01,-3.41,7.70,0.22,0.86,0.74
5048.58,44.79,-1.39,-4.51,9.91,-0.88,-0.38,0.85,10.06,-1.63,7.65,-0.13,0.39,0.22
5048.60,44.81,-1.55,-5.14,14.29,-0.91,-0.55,0.64,7.36,-0.12,9.56,-0.03,0.35,-0.26
5048.61,44.13,-3.94,-2.99,14.93,-0.34,-0.49,0.58,3.36,2.01,13.24,0.13,0.35,0.02
5048.62,43.37,-6.93,1.32,11.34,-0.14,-0.37,0.90,1.78,2.90,12.95,0.29,0.29,0.80
5048.63,43.45,-6.94,2.60,9.16,-0.48,-0.40,1.37,4.36,3.04,10.43,0.46,0.30,1.50
5048.64,44.28,-3.78,0.74,10.21,-0.75,-0.57,1.72,7.67,2.81,8.44,0.48,0.23,1.67
5048.66,45.07,-0.64,0.18,11.57,-0.71,-0.76,1.61,9.17,1.92,6.06,0.35,0.13,1.18
5048.67,45.18,1.09,0.06,11.75,-0.63,-0.77,1.34,8.77,1.70,6.55,0.26,0.11,0.78
5048.68,44.85,1.00,-0.13,11.40,-0.56,-0.70,1.03,7.70,1.76,7.83,0.15,0.10,0.48
5048.70,44.34,-0.33,-0.19,10.97,-0.50,-0.64,0.81,6.49,1.86,8.88,0.06,0.11,0.33
5048.71,43.91,-1.86,-0.03,10.43,-0.45,-0.60,0.73,5.16,1.83,9.15,0.02,0.13,0.33
5048.72,43.34,-2.70,-0.01,9.82,-0.44,-0.58,0.77,4.06,1.59,9.02,0.04,0.15,0.46
5048.73,42.88,-3.11,-0.20,9.36,-0.45,-0.56,0.84,3.50,1.50,8.88,0.10,0.17,0.63
5048.74,42.56,-3.46,-0.20,9.26,-0.44,-0.54,0.89,3.66,1.65,8.91,0.15,0.18,0.75
5048.75,42.40,-3.42,0.16,9.38,-0.41,-0.54,0.95,4.14,1.85,9.12,0.15,0.16,0.77
5048.79,42.25,-3.00,0.21,9.60,-0.41,-0.54,0.94,4.13,1.83,9.12,0.12,0.10,0.65
5048.80,41.93,-2.86,0.18,9.67,-0.41,-0.54,0.90,3.97,1.73,9.03,0.10,0.07,0.59
5048.81,41.51,-2.76,-0.01,9.55,-0.38,-0.53,0.78,3.73,1.49,8.95,0.09,0.02,0.53
5048.83,41.23,-2.64,-0.23,9.39,-0.34,-0.47,0.69,3.63,1.26,9.01,0.10,-0.01,0.50
5048.84,40.82,-2.78,-0.46,9.45,-0.32,-0.43,0.61,3.43,1.09,9.19,0.12,-0.03,0.52
5048.85,40.58,-3.37,-0.59,9.31,-0.30,-0.40,0.61,3.08,0.95,9.24,0.15,-0.04,0.59
5048.86,40.68,-3.77,-0.56,9.04,-0.31,-0.38,0.65,2.93,0.87,9.21,0.19,-0.06,0.63
5048.87,41.12,-3.74,-0.46,9.15,-0.32,-0.36,0.70,3.26,1.05,9.20,0.23,-0.10,0.65
5048.89,41.27,-3.05,-0.32,9.48,-0.30,-0.38,0.64,4.13,1.34,9.05,0.21,-0.16,0.55
5048.90,41.35,-2.56,-0.27,9.72,-0.26,-0.40,0.53,4.37,1.43,8.89,0.18,-0.21,0.42
5048.92,41.45,-2.52,-0.36,9.80,-0.19,-0.42,0.39,4.31,1.39,8.76,0.16,-0.27,0.28
5048.93,41.55,-2.56,-0.35,9.69,-0.14,-0.44,0.30,4.24,1.30,8.76,0.15,-0.31,0.20
5048.95,41.74,-2.38,-0.39,9.73,-0.10,-0.45,0.24,4.55,1.23,8.77,0.15,-0.35,0.16
5048.96,41.89,-2.02,-0.45,9.86,-0.07,-0.47,0.17,4.94,1.28,8.63,0.13,-0.38,0.10
5048.97,42.03,-1.74,-0.52,10.01,-0.02,-0.49,0.07,5.16,1.29,8.51,0.11,-0.41,0.00
5048.98,42.28,-2.06,-0.59,9.93,0.06,-0.52,-0.09,4.96,1.18,8.63,0.08,-0.46,-0.15
5049.01,42.54,-2.13,-0.52,9.93,0.12,-0.58,-0.17,5.02,1.29,8.72,0.08,-0.49,-0.24
5049.03,42.64,-2.13,-0.60,10.01,0.15,-0.61,-0.23,4.91,1.29,8.73,0.08,-0.53,-0.31
5049.04,42.77,-2.45,-0.75,9.93,0.19,-0.63,-0.25,4.59,1.11,8.84,0.10,-0.56,-0.34
5049.05,42.93,-2.70,-0.77,9.74,0.21,-0.66,-0.22,4.52,0.92,8.95,0.15,-0.57,-0.31
5049.06,43.16,-2.33,-0.78,9.91,0.21,-0.71,-0.17,5.13,0.92,8.80,0.19,-0.59,-0.27
5049.08,43.22,-1.82,-0.82,10.18,0.21,-0.76,-0.18,5.64,1.07,8.55,0.18,-0.61,-0.32
5049.09,43.43,-1.47,-0.90,10.26,0.25,-0.82,-0.25,5.73,1.13,8.45,0.17,-0.65,-0.45
5049.11,43.37,-1.54,-1.07,10.19,0.32,-0.85,-0.34,5.41,1.04,8.60,0.17,-0.69,-0.59
5049.13,43.42,-2.29,-1.28,9.89,0.38,-0.88,-0.42,4.74,0.76,9.05,0.20,-0.74,-0.62
5049.14,43.41,-3.04,-1.60,9.78,0.42,-0.90,-0.44,4.11,0.45,9.51,0.23,-0.79,-0.62
5049.15,43.49,-3.58,-1.81,9.62,0.44,-0.90,-0.43,3.66,0.28,9.88,0.28,-0.84,-0.62
5049.17,43.47,-4.02,-2.03,9.54,0.46,-0.91,-0.42,3.30,0.11,10.30,0.33,-0.89,-0.63
5049.18,43.66,-4.59,-2.19,9.60,0.48,-0.89,-0.41,2.70,0.20,10.85,0.42,-0.97,-0.66
5049.19,43.55,-5.12,-1.71,9.81,0.51,-0.83,-0.37,1.93,1.11,11.29,0.52,-1.04,-0.65
5049.21,43.77,-5.78,-0.65,10.27,0.56,-0.75,-0.32,1.48,2.12,11.72,0.59,-1.10,-0.60
5049.22,43.92,-6.68,0.36,10.70,0.59,-0.67,-0.22,1.19,2.73,12.55,0.63,-1.18,-0.50
5049.23,44.18,-7.34,0.76,11.10,0.55,-0.58,-0.05,1.10,3.22,13.36,0.68,-1.25,-0.36
5049.25,44.41,-7.79,0.68,11.31,0.50,-0.47,0.16,1.13,3.09,13.77,0.78,-1.32,-0.13
5049.26,45.26,-7.96,0.60,10.95,0.38,-0.27,0.42,0.14,2.59,14.23,0.95,-1.45,0.07
5049.27,45.81,-7.70,0.01,10.44,0.22,-0.05,0.63,-0.49,1.09,14.90,1.18,-1.56,0.34
5049.28,46.24,-7.33,-1.04,9.95,0.02,0.22,0.74,-0.80,-0.34,15.61,1.44,-1.64,0.66
5049.30,47.31,-7.23,-2.09,9.30,-0.14,0.52,0.77,-0.89,-1.04,15.97,1.70,-1.69,0.94
5049.31,48.84,-7.67,-2.65,8.65,-0.28,0.86,0.79,-0.41,-0.18,15.16,1.95,-1.73,1.16
5049.32,50.40,-8.15,-2.17,8.92,-0.32,1.02,0.99,0.70,1.06,13.68,2.03,-1.69,1.31
5049.34,52.05,-8.19,-1.16,9.73,-0.38,1.01,1.36,1.95,1.23,12.22,2.10,-1.56,1.62
5049.35,53.68,-7.21,-0.19,10.64,-0.48,0.98,1.67,3.16,1.23,10.85,2.10,-1.45,2.03
5049.36,55.17,-5.64,0.18,11.27,-0.62,0.94,1.91,4.79,0.96,9.50,2.03,-1.37,2.36
5049.37,56.60,-3.77,-0.29,11.88,-0.80,0.86,2.13,6.41,0.32,8.38,1.96,-1.27,2.53
5049.38,57.79,-1.78,-1.37,12.45,-0.93,0.83,2.30,7.18,-0.51,7.97,1.95,-1.09,2.59
5049.40,58.52,-0.81,-2.53,12.47,-0.99,0.86,2.47,7.05,-1.32,7.94,1.99,-0.77,2.74
5049.41,58.80,-0.61,-3.54,12.04,-1.02,0.93,2.70,6.32,-1.98,7.97,2.06,-0.36,3.12
5049.42,58.69,-0.62,-4.01,11.60,-1.01,1.03,2.86,5.87,-3.08,7.40,2.16,0.09,3.69
5049.43,58.60,-0.95,-4.00,11.11,-1.00,1.23,2.91,6.32,-3.95,6.41,2.26,0.51,4.29
5049.44,58.91,-1.61,-3.64,10.83,-1.01,1.43,2.93,7.80,-4.36,5.84,2.31,0.85,4.71
5049.46,59.62,-1.17,-3.04,11.09,-1.05,1.59,2.98,9.94,-3.80,5.57,2.18,1.07,4.77
5049.47,60.81,1.19,-2.54,12.75,-1.13,1.83,2.84,14.29,-3.03,4.25,1.83,1.33,3.60
5049.49,62.04,3.87,-2.44,13.17,-0.92,2.18,2.04,15.20,-2.56,2.79,1.11,1.47,1.70
5049.51,63.20,4.26,-2.12,11.93,-0.51,2.41,0.96,13.91,-2.35,2.75,0.35,1.65,-0.45
5049.53,63.31,3.48,-1.93,11.23,-0.36,2.48,0.34,12.47,-1.97,2.78,0.05,1.89,-1.33
5049.54,63.68,2.26,-2.02,10.73,-0.27,2.56,-0.15,10.53,-1.58,2.99,-0.11,2.22,-1.83
5049.55,63.93,0.94,-1.97,10.44,-0.21,2.62,-0.41,8.43,-1.38,3.41,-0.11,2.58,-1.82
5049.57,63.72,-0.35,-1.38,10.04,-0.17,2.69,-0.41,6.69,-1.13,3.98,0.04,3.04,-1.42
5049.58,63.63,-1.13,-0.56,9.50,-0.20,2.71,-0.21,6.20,-0.80,4.18,0.20,3.39,-0.83
5049.59,62.81,-1.66,0.35,9.01,-0.35,2.68,0.18,6.41,-0.44,4.22,0.40,3.76,-0.06
5049.60,62.51,-1.88,0.66,9.03,-0.55,2.50,0.62,7.63,-0.18,4.26,0.61,4.09,0.64
5049.62,61.67,-1.33,0.74,8.93,-0.70,2.24,0.83,8.89,0.16,4.06,0.71,4.33,0.79
5049.64,60.92,-0.93,0.44,8.51,-0.77,2.04,0.83,9.24,0.30,3.72,0.69,4.45,0.58
5049.65,59.27,-0.36,-0.18,7.78,-0.82,1.64,0.64,9.55,0.27,3.36,0.43,4.58,-0.20
5049.67,58.11,-0.21,-0.40,7.25,-0.79,1.45,0.44,9.71,0.12,3.31,0.26,4.64,-0.73
5049.69,56.72,-0.19,-0.66,6.77,-0.74,1.29,0.24,9.49,0.08,3.38,0.01,4.67,-1.29
5049.70,55.45,-0.44,-0.76,6.40,-0.69,1.14,0.06,8.78,0.23,3.47,-0.32,4.63,-1.86
5049.71,54.41,-0.94,-0.72,6.39,-0.64,0.96,-0.10,7.37,0.53,3.67,-0.70,4.51,-2.35
5049.72,52.85,-1.67,-0.36,6.75,-0.48,0.71,-0.28,5.49,1.33,4.38,-1.15,4.29,-2.84
5049.74,50.11,-2.90,0.57,6.78,-0.16,0.48,-0.52,2.62,0.91,5.83,-1.49,4.02,-2.99
5049.76,47.92,-5.34,1.17,6.15,-0.05,0.40,-0.77,-0.42,-0.74,7.49,-1.48,3.67,-2.92
5049.77,44.51,-8.91,0.56,4.95,-0.09,0.41,-1.13,-5.30,-1.05,9.66,-1.41,3.08,-2.66
5049.78,42.12,-17.78,-2.32,3.82,-0.21,0.69,-1.47,-10.72,0.36,13.64,-1.15,1.89,-1.76
5049.80,42.40,-20.06,-1.05,4.43,-0.14,0.74,-0.99,-10.91,1.42,13.83,-0.70,1.02,-0.93
5049.81,42.47,-18.23,0.07,4.50,-0.21,0.64,-0.22,-7.77,1.57,11.36,-0.28,0.13,0.58
5049.84,43.64,-12.78,-0.31,4.62,-0.33,0.20,0.86,-2.15,1.91,8.60,0.15,-0.77,1.21
5049.85,45.45,-7.71,-0.20,6.34,-0.23,-0.40,1.41,0.92,3.37,8.28,0.27,-1.10,1.49
5049.86,45.92,-5.80,1.09,9.72,0.00,-0.73,1.56,0.60,4.44,11.49,0.44,-0.99,1.42
5049.88,45.46,-9.01,2.71,12.27,0.19,-0.56,1.41,-0.89,5.45,15.66,0.76,-1.12,1.74
5049.89,45.84,-11.72,3.75,12.24,0.20,-0.52,1.48,0.23,5.19,15.74,0.85,-1.31,2.01
5049.90,46.73,-9.79,2.97,11.81,-0.00,-0.70,1.57,2.97,2.24,13.05,0.81,-1.65,2.33
5049.92,47.87,-4.04,-1.00,11.10,-0.39,-0.85,1.55,6.02,-0.47,10.58,0.71,-1.87,2.47
5049.94,49.21,3.26,-3.95,10.92,-0.49,-1.02,0.74,9.71,-2.84,7.20,0.37,-1.87,1.84
5049.95,48.36,4.63,-5.07,11.87,-0.43,-0.92,-0.14,11.49,-3.03,6.29,0.05,-1.86,1.14
5049.97,48.98,3.32,-5.38,12.49,-0.29,-0.84,-0.59,12.26,-2.70,6.09,-0.20,-1.82,0.38
5049.98,50.61,-0.65,-3.23,12.16,-0.09,-0.99,-0.76,11.27,-1.62,7.74,-0.25,-1.63,-0.37
5050.00,51.77,-3.28,-2.32,12.05,-0.21,-1.26,-0.53,9.42,-0.70,9.12,-0.20,-1.45,-0.46
5050.01,52.74,-3.97,-1.86,12.08,-0.28,-1.50,-0.09,7.16,-0.01,9.75,-0.08,-1.29,-0.21
5050.02,52.31,-2.15,-0.21,10.51,-0.36,-1.67,0.41,6.27,1.38,8.26,0.17,-1.07,0.52
5050.04,51.44,-0.94,0.59,10.25,-0.41,-1.66,0.58,6.60,1.88,7.36,0.23,-0.93,0.79
5050.05,50.64,-0.22,0.54,10.77,-0.43,-1.68,0.63,7.41,1.86,7.09,0.18,-0.77,0.80
5050.07,49.73,-0.53,-0.43,11.07,-0.35,-1.72,0.46,8.12,1.50,7.82,0.04,-0.66,0.51
5050.09,49.14,-0.76,-0.63,10.64,-0.27,-1.74,0.27,7.54,1.22,8.02,-0.10,-0.66,0.18
5050.10,48.55,-1.11,-0.71,10.17,-0.20,-1.75,0.05,6.06,0.91,8.41,-0.22,-0.67,-0.12
5050.11,46.69,-3.12,-0.68,9.36,-0.11,-1.66,-0.28,3.29,0.52,9.70,-0.29,-0.68,-0.32
5050.13,45.45,-4.53,-0.65,8.76,-0.09,-1.59,-0.35,1.60,0.32,10.28,-0.25,-0.66,-0.24
5050.14,44.67,-5.35,-0.79,8.15,-0.12,-1.51,-0.31,1.07,0.22,10.39,-0.19,-0.66,-0.06
5050.16,44.01,-5.29,-0.96,8.06,-0.17,-1.45,-0.24,1.31,0.20,10.11,-0.14,-0.67,0.04
5050.17,43.23,-4.93,-1.09,8.20,-0.19,-1.41,-0.20,1.68,0.19,9.79,-0.12,-0.69,0.06
5050.18,42.90,-4.44,-1.05,8.40,-0.20,-1.37,-0.22,1.95,0.27,9.54,-0.13,-0.73,0.02
5050.19,42.39,-4.16,-0.93,8.59,-0.20,-1.33,-0.27,2.12,0.42,9.41,-0.15,-0.81,-0.10
5050.21,41.74,-4.02,-0.74,8.79,-0.18,-1.27,-0.37,2.16,0.71,9.46,-0.18,-0.89,-0.18
5050.23,41.19,-3.96,-0.59,8.89,-0.15,-1.22,-0.43,2.20,0.92,9.56,-0.17,-0.93,-0.19
5050.24,40.91,-3.84,-0.55,8.90,-0.14,-1.19,-0.44,2.40,1.00,9.47,-0.12,-0.97,-0.17
5050.25,40.74,-3.72,-0.58,8.92,-0.13,-1.18,-0.41,2.73,1.09,9.26,-0.09,-1.02,-0.17
5050.27,40.65,-3.46,-0.62,8.95,-0.11,-1.18,-0.39,2.96,1.05,9.07,-0.07,-1.06,-0.18
5050.28,40.57,-3.13,-0.77,9.03,-0.09,-1.17,-0.39,3.09,0.88,8.94,-0.07,-1.10,-0.20
5050.29,40.46,-2.82,-1.12,9.11,-0.07,-1.13,-0.38,3.29,0.52,8.95,-0.09,-1.13,-0.20
5050.30,40.38,-2.53,-1.51,9.22,-0.06,-1.10,-0.39,3.79,0.13,8.94,-0.09,-1.15,-0.20
5050.32,40.48,-2.20,-1.60,9.48,-0.04,-1.09,-0.46,4.44,0.07,8.87,-0.12,-1.21,-0.28
5050.34,40.69,-2.14,-1.60,9.86,0.00,-1.11,-0.63,4.63,0.18,9.17,-0.17,-1.30,-0.44
5050.36,40.88,-2.52,-1.63,10.05,0.06,-1.12,-0.82,4.34,0.24,9.67,-0.20,-1.38,-0.58
5050.38,41.06,-3.20,-1.60,9.99,0.12,-1.13,-0.96,3.78,0.40,10.01,-0.23,-1.44,-0.67
5050.39,41.27,-3.87,-1.44,9.70,0.16,-1.15,-1.04,3.05,0.58,10.23,-0.25,-1.50,-0.74
5050.40,41.46,-4.38,-1.17,9.30,0.21,-1.13,-1.10,2.15,0.88,10.22,-0.24,-1.58,-0.76
5050.42,41.75,-4.93,-1.04,9.20,0.28,-1.04,-1.15,1.62,1.28,10.46,-0.20,-1.68,-0.77
5050.44,42.11,-5.28,-1.06,9.13,0.33,-0.96,-1.13,1.54,1.30,10.74,-0.14,-1.76,-0.75
5050.44,42.72,-5.68,-1.21,9.32,0.37,-0.86,-1.07,1.45,1.20,11.25,-0.06,-1.86,-0.66
5050.46,43.55,-6.31,-1.35,9.93,0.39,-0.76,-0.96,1.34,1.48,12.09,0.04,-1.96,-0.57
5050.48,44.25,-6.88,-1.14,10.23,0.44,-0.68,-0.86,1.23,1.94,12.75,0.12,-2.05,-0.47
5050.49,45.03,-7.14,-0.72,10.43,0.49,-0.59,-0.76,1.15,2.50,13.13,0.19,-2.15,-0.36
5050.50,45.87,-7.54,-0.55,10.72,0.57,-0.46,-0.76,1.39,2.34,13.58,0.30,-2.26,-0.20
5050.51,47.13,-8.66,-0.58,10.66,0.62,-0.30,-0.79,1.35,2.38,14.44,0.37,-2.40,-0.05
5050.52,48.63,-9.34,-0.52,10.32,0.61,-0.14,-0.77,1.02,2.80,15.72,0.45,-2.55,0.01
5050.53,50.23,-9.57,-0.19,10.31,0.61,0.07,-0.73,0.38,3.19,16.85,0.54,-2.66,-0.03
5050.55,52.02,-9.37,-0.63,10.36,0.51,0.44,-0.46,-1.04,1.49,18.02,0.72,-2.65,-0.02
5050.56,53.44,-8.89,-1.14,10.37,0.32,0.81,-0.10,-0.83,0.53,17.65,0.80,-2.62,0.26
5050.57,55.68,-7.99,-1.80,10.80,0.17,1.16,0.30,2.42,2.00,15.58,0.84,-2.59,0.52
5050.59,58.82,-5.81,-1.11,12.23,0.15,1.46,0.63,7.01,1.59,11.86,1.07,-2.23,0.68
5050.61,61.11,-4.33,-0.48,13.40,0.02,1.57,0.76,8.72,0.14,8.86,1.15,-1.80,0.80
5050.62,63.79,-2.52,-0.49,14.47,-0.13,1.63,0.75,9.71,-0.21,6.44,0.95,-1.44,0.95
5050.63,65.51,-1.49,-0.41,15.64,-0.22,1.53,0.62,11.14,0.39,5.04,0.63,-1.17,1.03
5050.64,67.95,-0.17,-0.98,16.35,-0.22,1.38,0.51,12.23,0.65,4.36,0.27,-0.86,0.93
5050.65,69.32,1.44,-1.00,16.01,-0.05,1.34,0.46,12.32,0.49,3.79,0.02,-0.46,0.76
5050.67,70.09,3.18,-0.68,13.73,0.19,1.52,0.46,11.14,0.44,2.88,-0.21,0.17,0.47
5050.69,70.67,3.34,-0.48,11.84,0.29,1.73,0.41,10.10,-0.14,2.79,-0.18,0.60,0.35
5050.70,70.45,2.89,-0.23,10.21,0.29,1.92,0.30,9.27,-0.56,2.58,-0.06,1.03,0.32
5050.71,70.35,2.06,-0.63,8.92,0.12,2.19,0.17,8.19,-1.35,2.15,0.18,1.66,0.39
5050.73,70.28,1.20,-1.26,8.63,-0.13,2.47,0.09,8.35,-2.32,1.99,0.43,2.46,0.46
5050.75,70.19,0.82,-1.50,8.73,-0.27,2.54,0.11,8.87,-2.31,2.20,0.41,2.81,0.35
5050.77,69.74,0.31,-2.17,9.29,-0.44,2.55,0.15,9.49,-2.02,2.47,0.28,3.38,0.07
5050.78,69.27,0.09,-2.43,9.61,-0.41,2.47,0.16,9.75,-1.76,2.06,0.17,3.71,-0.23
5050.80,68.66,0.47,-2.36,9.42,-0.36,2.34,0.17,10.11,-1.72,1.40,0.08,3.98,-0.56
5050.81,68.00,0.86,-2.20,9.07,-0.34,2.22,0.20,10.17,-1.85,1.07,0.04,4.18,-0.84
5050.83,67.11,1.15,-1.90,8.76,-0.35,2.06,0.26,9.86,-1.87,1.04,0.03,4.39,-1.07
5050.84,65.80,1.67,-1.47,8.42,-0.42,1.92,0.31,9.25,-1.73,1.37,0.08,4.63,-1.19
5050.85,63.97,1.89,-1.21,8.04,-0.51,1.76,0.28,8.88,-1.40,1.90,0.17,4.86,-1.15
5050.86,61.78,1.73,-1.02,7.85,-0.57,1.55,0.19,8.64,-0.77,2.36,0.18,5.03,-1.06
5050.87,58.26,1.02,-0.83,7.86,-0.63,1.13,0.04,8.76,0.23,2.67,-0.01,5.08,-1.10
5050.89,56.11,0.56,-0.78,7.99,-0.59,0.86,-0.01,8.60,0.72,2.45,-0.23,5.08,-1.35
5050.90,53.14,0.29,-0.40,7.85,-0.38,0.59,-0.01,7.28,1.23,3.02,-0.56,5.00,-1.92
5050.92,50.52,0.09,0.48,7.50,-0.15,0.45,-0.08,5.85,1.19,4.47,-0.89,4.80,-2.36
5050.93,47.92,-0.85,1.47,7.06,-0.06,0.45,-0.34,2.97,0.77,6.66,-1.19,4.54,-2.59
5050.95,42.17,-9.12,2.44,5.74,-0.42,0.79,-1.31,-4.02,0.12,10.38,-1.31,3.69,-2.30
5050.97,40.07,-15.96,-1.09,4.52,-0.79,0.95,-1.74,-6.52,0.66,12.02,-1.34,2.47,-1.91
5050.98,38.84,-16.63,-2.81,5.06,-0.57,0.98,-1.53,-6.38,0.79,12.25,-1.31,1.64,-1.66
5051.00,39.65,-15.34,-1.97,5.80,-0.45,0.99,-1.23,-6.29,0.65,12.32,-1.21,0.91,-1.26
5051.01,40.30,-13.09,-1.92,5.89,-0.52,0.76,-0.75,-4.37,0.59,11.58,-0.77,0.08,-0.37
5051.03,40.91,-11.12,-2.53,5.74,-0.46,0.51,-0.31,-2.44,0.51,10.26,-0.43,-0.35,0.30
5051.04,42.20,-9.15,-2.54,5.75,-0.34,0.16,0.24,-0.54,1.01,9.05,-0.08,-0.69,1.10
5051.05,43.69,-7.92,-0.63,7.14,-0.23,-0.29,0.96,0.53,2.83,8.61,0.20,-0.93,1.59
5051.07,44.04,-8.71,0.89,9.57,-0.29,-0.58,1.47,-0.01,4.55,11.34,0.42,-0.89,1.82
5051.08,44.09,-10.61,1.43,12.30,-0.35,-0.65,1.89,-0.11,5.34,16.48,0.70,-0.80,2.09
5051.09,44.22,-12.65,2.71,12.33,-0.29,-0.53,2.22,-0.59,4.65,16.83,0.99,-0.91,2.63
5051.10,44.66,-10.79,2.56,10.92,-0.50,-0.65,2.46,1.16,3.56,14.30,1.06,-1.18,3.12
5051.11,45.82,-4.77,-0.04,11.45,-0.63,-0.86,2.52,5.81,1.70,10.57,0.99,-1.51,3.43
5051.13,46.00,1.89,-1.60,11.87,-0.61,-1.04,2.01,10.82,-0.84,6.60,0.81,-1.58,2.80
5051.15,46.34,4.83,-2.70,11.98,-0.66,-1.10,1.26,12.59,-2.20,5.10,0.44,-1.56,1.91
5051.16,47.59,5.38,-4.46,12.42,-0.65,-1.11,0.48,12.87,-2.55,5.33,0.05,-1.54,0.92
5051.17,47.11,2.85,-4.74,12.67,-0.30,-1.10,-0.25,11.56,-1.66,7.21,-0.14,-1.50,-0.09
5051.19,47.55,-0.26,-3.01,12.30,-0.19,-1.12,-0.39,9.71,-0.73,9.07,-0.10,-1.37,-0.35
5051.20,47.97,-3.04,-2.22,11.92,-0.22,-1.26,-0.16,6.78,0.02,10.40,-0.10,-1.20,-0.16
5051.22,47.83,-3.07,-1.54,11.28,-0.24,-1.36,0.19,5.36,0.37,9.61,-0.06,-1.03,0.25
5051.23,47.34,-2.34,-0.93,10.49,-0.29,-1.42,0.45,5.14,0.67,8.50,0.03,-0.86,0.64
5051.24,46.78,-1.54,-0.42,10.11,-0.33,-1.43,0.60,5.97,1.05,7.85,0.07,-0.71,0.84
5051.25,46.27,-0.78,-0.11,10.33,-0.36,-1.41,0.64,7.14,1.37,7.72,0.06,-0.62,0.80
5051.26,45.79,-0.26,-0.09,10.83,-0.36,-1.38,0.55,7.57,1.52,7.76,-0.00,-0.58,0.49
5051.28,45.27,-0.24,-0.25,10.81,-0.29,-1.36,0.29,6.80,1.29,8.23,-0.11,-0.56,0.08
5051.30,43.76,-1.41,-0.58,9.98,-0.19,-1.28,-0.13,4.81,0.76,8.92,-0.21,-0.55,-0.15
5051.31,42.66,-2.81,-0.83,9.54,-0.13,-1.17,-0.36,3.39,0.51,9.45,-0.21,-0.54,-0.26
5051.33,41.88,-3.60,-1.00,9.33,-0.10,-1.10,-0.44,2.83,0.37,9.76,-0.20,-0.53,-0.25
5051.34,41.40,-4.08,-1.21,9.13,-0.08,-1.04,-0.48,2.60,0.20,9.95,-0.19,-0.52,-0.22
5051.36,40.97,-4.05,-1.42,9.08,-0.08,-1.00,-0.47,2.70,0.06,9.88,-0.19,-0.51,-0.21
5051.37,40.43,-3.82,-1.73,9.06,-0.09,-0.95,-0.48,2.89,-0.18,9.62,-0.22,-0.52,-0.24
5051.39,40.01,-3.60,-1.81,9.07,-0.09,-0.93,-0.49,2.97,-0.25,9.48,-0.23,-0.53,-0.28
5051.40,39.81,-3.36,-1.72,9.08,-0.09,-0.90,-0.52,2.98,-0.22,9.42,-0.23,-0.55,-0.35
5051.42,39.17,-3.30,-1.54,9.19,-0.08,-0.83,-0.59,2.86,0.07,9.47,-0.23,-0.57,-0.38
5051.44,38.92,-3.47,-1.43,9.19,-0.07,-0.79,-0.61,2.76,0.25,9.50,-0.23,-0.58,-0.39
5051.45,38.74,-3.70,-1.46,9.09,-0.06,-0.77,-0.61,2.67,0.12,9.60,-0.20,-0.59,-0.37
5051.47,38.40,-4.04,-1.63,8.95,-0.07,-0.74,-0.56,2.39,0.10,9.61,-0.15,-0.61,-0.33
5051.48,38.48,-4.16,-1.68,8.93,-0.07,-0.72,-0.51,2.29,0.05,9.64,-0.13,-0.62,-0.30
5051.49,38.32,-4.22,-1.75,8.93,-0.07,-0.71,-0.46,2.30,0.04,9.67,-0.10,-0.64,-0.26
5051.50,38.45,-4.28,-1.75,8.98,-0.08,-0.71,-0.43,2.34,0.04,9.72,-0.08,-0.66,-0.25
5051.52,38.50,-4.40,-1.70,9.02,-0.08,-0.71,-0.40,2.33,0.12,9.77,-0.06,-0.69,-0.24
5051.53,38.60,-4.54,-1.56,8.95,-0.09,-0.71,-0.38,2.24,0.25,9.79,-0.06,-0.74,-0.25
5051.54,38.74,-4.67,-1.39,8.85,-0.11,-0.71,-0.35,2.07,0.41,9.76,-0.07,-0.79,-0.25
5051.55,38.80,-4.73,-1.20,8.73,-0.12,-0.71,-0.31,1.94,0.63,9.65,-0.07,-0.84,-0.24
5051.56,39.03,-4.69,-0.92,8.65,-0.14,-0.71,-0.26,1.84,0.97,9.44,-0.07,-0.91,-0.22
5051.58,39.30,-4.66,-0.82,8.71,-0.14,-0.71,-0.21,1.78,1.10,9.45,-0.06,-0.95,-0.18
5051.59,39.40,-4.62,-0.79,8.82,-0.15,-0.71,-0.16,1.89,1.21,9.56,-0.04,-1.00,-0.13
5051.60,39.63,-4.56,-0.77,8.97,-0.14,-0.71,-0.11,2.13,1.31,9.61,-0.03,-1.04,-0.07
5051.61,39.92,-4.45,-0.62,9.07,-0.14,-0.71,-0.06,2.38,1.44,9.53,-0.03,-1.09,-0.03
5051.63,40.47,-4.24,-0.28,9.02,-0.12,-0.72,0.00,2.53,1.80,9.21,-0.07,-1.17,-0.02
5051.65,41.03,-4.36,-0.01,8.84,-0.08,-0.71,0.04,2.09,2.19,9.19,-0.09,-1.27,-0.02
5051.67,41.48,-4.61,0.06,8.72,-0.01,-0.65,0.11,1.72,2.15,9.44,-0.08,-1.36,0.05
5051.69,41.98,-4.87,-0.16,8.62,0.01,-0.59,0.18,1.58,1.69,9.80,-0.06,-1.44,0.10
5051.70,42.45,-4.92,-0.63,8.69,0.02,-0.52,0.25,1.90,1.10,10.10,-0.02,-1.51,0.16
5051.71,43.21,-5.10,-1.33,9.49,0.03,-0.41,0.26,3.00,0.37,10.71,0.06,-1.59,0.24
5051.73,44.43,-5.57,-2.10,10.68,0.05,-0.32,0.29,4.57,0.63,12.19,0.12,-1.70,0.20
5051.74,45.76,-5.60,-2.33,11.53,0.11,-0.21,0.32,5.10,0.92,13.14,0.14,-1.79,0.09
5051.75,47.44,-5.73,-1.83,11.67,0.25,-0.05,0.29,4.26,1.76,13.66,0.19,-1.91,-0.13
5051.77,48.42,-5.92,-1.83,11.42,0.34,0.10,0.35,3.55,1.78,13.97,0.32,-1.95,-0.15
5051.78,49.47,-5.81,-2.06,11.05,0.40,0.28,0.46,2.96,1.11,13.92,0.58,-1.91,-0.00
5051.80,50.48,-5.76,-2.45,10.59,0.43,0.45,0.63,3.04,0.38,13.46,0.86,-1.83,0.32
5051.81,52.35,-5.10,-3.19,10.02,0.34,0.72,1.03,3.66,-1.16,12.00,1.37,-1.62,1.10
5051.83,53.44,-4.88,-3.84,9.82,0.23,0.78,1.32,4.04,-2.25,10.98,1.68,-1.50,1.52
5051.84,54.61,-4.65,-4.58,9.54,0.11,0.78,1.54,4.55,-3.33,9.76,1.95,-1.39,1.91
5051.85,55.84,-4.21,-5.09,9.26,-0.01,0.72,1.71,5.17,-4.26,8.62,2.16,-1.30,2.20
5051.86,57.34,-3.68,-5.51,9.02,-0.17,0.60,1.89,5.82,-4.88,7.64,2.32,-1.20,2.38
5051.88,58.32,-2.87,-5.84,9.07,-0.34,0.48,2.10,6.35,-5.04,6.88,2.45,-1.10,2.44
5051.89,59.43,-2.32,-6.03,9.24,-0.46,0.44,2.33,7.31,-4.89,6.07,2.54,-0.99,2.37
5051.90,60.59,-1.42,-5.82,9.54,-0.52,0.38,2.52,8.64,-4.70,5.04,2.60,-0.84,2.20
5051.91,63.42,0.29,-5.25,9.87,-0.73,0.31,2.46,10.77,-4.30,3.40,2.58,-0.44,1.12
5051.94,63.86,0.75,-5.54,10.28,-0.79,0.28,2.28,11.09,-3.77,3.79,2.56,-0.20,0.31
5051.96,64.54,0.54,-5.83,10.43,-0.68,0.29,2.19,10.33,-3.13,4.81,2.60,0.04,-0.37
5051.97,64.28,0.12,-5.68,10.37,-0.54,0.32,2.26,8.95,-3.17,5.77,2.73,0.34,-0.66
5051.98,63.57,-0.49,-5.32,10.13,-0.50,0.40,2.40,6.94,-3.54,6.61,2.97,0.74,-0.43
5052.00,61.29,-1.66,-5.04,9.78,-0.64,0.51,2.75,4.49,-3.94,6.53,3.47,1.36,0.57
5052.01,60.14,-2.14,-4.72,9.66,-0.78,0.56,3.13,4.44,-4.08,6.24,3.70,1.63,1.37
5052.02,58.86,-2.26,-4.50,9.64,-0.93,0.57,3.56,6.07,-3.99,6.10,3.98,1.98,2.57
5052.03,57.75,-2.31,-4.76,9.83,-1.12,0.54,3.95,8.43,-3.80,6.33,4.05,2.15,3.17
5052.05,57.06,-1.97,-4.95,10.04,-1.22,0.49,4.14,10.24,-3.66,5.83,3.99,2.18,3.03
5052.07,56.51,-1.28,-4.68,9.98,-1.24,0.46,4.19,10.64,-3.11,5.33,3.75,2.11,2.52
5052.08,56.14,-1.15,-4.41,9.93,-1.22,0.45,4.12,10.17,-2.55,5.47,3.56,2.07,2.07
5052.10,55.70,-1.33,-3.84,9.88,-1.19,0.46,4.05,9.06,-1.95,5.86,3.37,2.09,1.79
5052.11,55.05,-1.64,-3.08,9.77,-1.17,0.47,4.00,7.64,-1.43,6.32,3.21,2.13,1.76
5052.12,54.16,-1.90,-2.39,9.64,-1.19,0.49,3.96,6.60,-1.14,6.61,3.11,2.16,2.00
5052.13,53.17,-2.04,-1.96,9.57,-1.23,0.51,3.94,6.32,-1.07,6.66,3.06,2.18,2.37
5052.14,52.01,-2.06,-1.81,9.58,-1.28,0.51,3.91,6.57,-1.06,6.69,3.01,2.20,2.72
5052.15,50.71,-1.95,-2.17,9.78,-1.32,0.48,3.75,7.53,-1.14,6.81,2.87,2.18,3.03
5052.18,50.12,-1.87,-2.46,9.87,-1.30,0.45,3.59,7.92,-1.23,6.77,2.77,2.17,3.02
5052.19,49.69,-1.85,-2.68,9.83,-1.25,0.41,3.40,8.12,-1.30,6.65,2.67,2.16,2.94
5052.20,49.24,-2.01,-2.77,9.69,-1.20,0.36,3.25,8.07,-1.26,6.55,2.54,2.16,2.82
5052.22,48.78,-2.18,-2.68,9.54,-1.14,0.32,3.16,7.85,-1.25,6.45,2.36,2.16,2.75
5052.23,48.45,-2.21,-2.52,9.42,-1.11,0.29,3.10,7.86,-1.22,6.43,2.24,2.16,2.72
5052.24,48.04,-2.24,-2.08,9.50,-1.11,0.24,3.05,8.05,-0.73,6.12,1.98,2.11,2.64
5052.26,47.94,-2.07,-1.80,9.59,-1.07,0.19,3.01,8.11,-0.44,5.70,1.80,2.07,2.54
5052.27,47.87,-1.79,-1.32,9.53,-1.03,0.13,2.97,7.96,-0.26,5.35,1.62,2.03,2.44
5052.28,47.66,-1.51,-0.67,9.39,-1.00,0.03,2.95,7.63,-0.18,5.21,1.41,1.99,2.35
5052.30,47.33,-1.22,-0.43,9.19,-1.01,-0.04,2.97,6.99,-0.21,5.25,1.29,1.94,2.32
5052.31,46.86,-0.88,-0.43,8.95,-1.04,-0.09,2.97,7.11,-0.26,5.25,1.22,1.88,2.33
5052.32,46.32,-0.83,-0.58,8.61,-1.06,-0.14,2.85,7.88,-0.14,5.56,1.15,1.80,2.25
5052.34,46.01,-1.00,-0.66,8.66,-1.08,-0.20,2.72,8.54,0.44,5.67,1.05,1.70,2.11
5052.35,45.92,-0.92,-0.85,9.05,-1.07,-0.31,2.57,8.84,0.74,5.41,0.90,1.59,1.88
5052.36,45.90,-0.45,-0.82,9.48,-0.92,-0.45,2.40,7.86,1.16,5.24,0.71,1.49,1.51
5052.38,45.27,-0.40,-0.40,9.30,-0.79,-0.49,2.25,6.26,0.66,5.89,0.60,1.32,1.25
5052.39,44.51,-1.22,0.29,8.57,-0.78,-0.44,2.08,5.09,0.59,7.01,0.57,1.05,1.21
5052.40,43.94,-3.13,0.75,7.99,-0.91,-0.34,1.85,4.86,1.09,8.01,0.58,0.68,1.35
5052.42,44.44,-4.11,0.60,8.68,-0.99,-0.37,1.69,5.95,1.16,7.66,0.48,0.34,1.49
5052.43,45.24,-3.43,0.29,10.01,-1.01,-0.52,1.63,6.78,1.21,7.37,0.38,0.09,1.42
5052.44,45.57,-1.50,-0.55,11.72,-0.95,-0.69,1.41,6.44,1.25,8.65,0.24,0.04,1.08
5052.46,45.07,-1.71,-1.09,12.47,-0.81,-0.56,1.03,5.73,1.06,10.75,0.09,0.16,0.80
5052.47,44.53,-4.02,-1.10,11.91,-0.70,-0.31,0.62,4.70,0.75,11.39,0.00,0.30,0.73
5052.48,44.65,-4.85,-0.53,10.43,-0.68,-0.15,0.42,4.35,1.59,10.40,-0.01,0.27,0.84
5052.51,44.88,-3.05,0.25,10.13,-0.74,-0.16,0.52,5.26,2.14,8.54,-0.06,0.25,0.82
5052.52,45.05,-2.67,0.76,10.30,-0.71,-0.17,0.50,5.55,2.56,7.94,-0.05,0.27,0.79
5052.53,45.42,-2.90,1.27,10.27,-0.67,-0.20,0.50,5.81,2.94,8.01,-0.06,0.27,0.75
5052.54,45.70,-3.18,1.48,10.31,-0.68,-0.26,0.52,5.99,3.05,8.49,-0.09,0.27,0.70
5052.55,46.01,-3.34,1.18,10.56,-0.69,-0.30,0.53,5.82,3.15,8.90,-0.19,0.28,0.60
5052.57,46.03,-2.83,0.68,10.56,-0.65,-0.35,0.49,5.59,2.60,9.15,-0.37,0.27,0.41
5052.58,45.84,-2.31,0.36,10.17,-0.62,-0.36,0.40,5.20,2.03,9.05,-0.46,0.25,0.26
5052.59,45.54,-2.44,0.03,9.80,-0.61,-0.34,0.30,4.63,1.72,9.00,-0.52,0.22,0.13
5052.60,45.21,-3.22,-0.32,9.49,-0.59,-0.31,0.25,3.93,1.58,9.12,-0.57,0.18,0.02
5052.62,45.23,-4.31,-0.46,9.09,-0.56,-0.28,0.27,3.24,1.54,9.44,-0.67,0.13,-0.14
5052.63,45.18,-4.83,-0.45,8.76,-0.55,-0.27,0.31,3.11,1.37,9.50,-0.75,0.06,-0.30
5052.64,45.55,-4.92,-0.44,8.51,-0.54,-0.27,0.32,3.05,1.25,9.43,-0.79,-0.02,-0.48
5052.66,45.70,-4.78,-0.45,8.49,-0.52,-0.26,0.29,2.89,1.08,9.26,-0.80,-0.10,-0.66
5052.67,46.23,-4.67,-0.72,8.59,-0.47,-0.22,0.17,2.92,0.81,9.27,-0.78,-0.27,-0.96
5052.69,46.69,-4.73,-0.76,8.63,-0.45,-0.20,0.14,2.95,0.82,9.28,-0.77,-0.37,-1.11
5052.71,47.21,-4.67,-0.76,8.73,-0.45,-0.19,0.15,2.40,-0.09,9.48,-0.69,-0.34,-1.06
5052.72,47.10,-4.48,-0.83,8.88,-0.46,-0.19,0.19,2.64,0.61,9.15,-0.57,-0.33,-0.79
5052.73,47.11,-4.31,-0.83,9.10,-0.47,-0.18,0.26,2.67,-0.12,9.56,-0.44,-0.30,-0.44
5052.75,46.97,-4.12,-0.93,9.28,-0.48,-0.18,0.33,2.27,-0.71,9.84,-0.29,-0.22,-0.07
5052.76,46.61,-3.99,-1.06,9.31,-0.48,-0.16,0.41,1.96,-0.89,9.76,0.03,-0.09,0.73
5052.77,45.90,-4.06,-1.09,9.24,-0.50,-0.15,0.51,1.83,-0.82,9.74,0.45,0.06,1.74
5052.79,45.26,-3.78,-1.09,9.28,-0.51,-0.14,0.63,2.92,0.20,9.49,1.32,0.34,2.75
5052.80,45.48,-3.39,-1.17,9.48,-0.52,-0.12,0.69,6.25,1.20,9.06,0.91,0.19,2.06
5052.82,46.04,-2.48,-1.51,9.80,-0.49,-0.16,0.60,5.82,0.77,8.52,0.50,0.04,1.36
5052.83,46.27,-2.35,-1.55,9.86,-0.44,-0.18,0.48,5.05,0.55,8.60,0.33,-0.04,1.02
5052.85,46.24,-2.61,-1.42,9.64,-0.39,-0.17,0.38,4.79,0.51,8.89,0.19,-0.09,0.77
5052.86,46.34,-3.03,-1.57,9.59,-0.38,-0.14,0.30,4.41,0.37,9.26,0.11,-0.13,0.60
5052.87,46.43,-3.56,-1.88,9.55,-0.36,-0.12,0.27,3.75,0.14,9.57,0.09,-0.16,0.51
5052.88,46.48,-4.12,-2.01,9.20,-0.34,-0.08,0.32,3.28,-0.16,9.68,0.10,-0.18,0.52
5052.90,46.77,-4.18,-1.97,8.99,-0.35,-0.05,0.42,3.57,-0.24,9.44,0.10,-0.18,0.55
5052.91,47.06,-3.90,-1.82,9.09,-0.36,-0.05,0.50,4.11,-0.15,9.14,0.09,-0.18,0.53
5052.93,47.49,-2.98,-1.64,9.54,-0.37,-0.06,0.55,4.79,0.05,8.68,0.07,-0.20,0.38
5052.96,47.86,-2.44,-1.48,9.88,-0.31,-0.05,0.46,4.79,0.35,8.72,0.08,-0.18,0.34
5052.97,47.84,-2.83,-1.53,9.73,-0.30,-0.04,0.46,4.44,0.26,9.03,0.11,-0.15,0.37
5052.99,47.88,-3.02,-1.57,9.63,-0.30,-0.01,0.50,4.38,0.17,9.13,0.13,-0.13,0.43
5053.00,47.93,-3.02,-1.59,9.61,-0.30,0.03,0.53,4.51,0.14,9.09,0.14,-0.10,0.47
5053.01,48.10,-3.01,-1.37,9.69,-0.30,0.07,0.57,4.84,0.32,8.78,0.13,-0.08,0.47
5053.02,48.32,-2.83,-1.14,9.76,-0.30,0.07,0.58,5.12,0.51,8.53,0.11,-0.08,0.43
5053.04,48.54,-2.56,-1.00,9.81,-0.29,0.06,0.57,5.27,0.60,8.39,0.08,-0.09,0.36
5053.05,48.70,-2.34,-1.15,9.72,-0.27,0.07,0.51,5.11,0.38,8.53,0.07,-0.09,0.30
5053.06,48.74,-2.48,-1.50,9.58,-0.27,0.09,0.45,4.65,0.02,8.94,0.11,-0.09,0.30
5053.07,48.75,-3.08,-1.83,9.46,-0.29,0.16,0.42,4.19,-0.20,9.43,0.16,-0.06,0.38
5053.09,48.82,-4.06,-1.87,9.32,-0.31,0.23,0.52,3.87,-0.23,9.66,0.23,-0.04,0.52
5053.10,49.12,-4.54,-1.71,9.24,-0.34,0.24,0.65,3.85,-0.01,9.44,0.28,-0.04,0.62
5053.11,49.58,-4.65,-1.51,9.18,-0.36,0.23,0.77,3.83,0.20,9.13,0.33,-0.07,0.67
5053.12,49.96,-4.53,-1.32,9.04,-0.36,0.23,0.88,3.61,0.32,8.90,0.38,-0.11,0.68
5053.14,50.29,-4.27,-1.13,8.88,-0.36,0.25,0.97,3.60,0.33,8.76,0.42,-0.14,0.70
5053.15,50.70,-4.08,-1.31,8.68,-0.37,0.29,1.04,3.55,0.11,8.91,0.49,-0.14,0.72
5053.16,50.93,-4.15,-1.58,8.72,-0.37,0.35,1.05,3.29,-0.11,9.52,0.57,-0.13,0.77
5053.18,51.10,-4.43,-2.03,8.96,-0.34,0.42,1.08,3.24,-0.27,10.06,0.64,-0.11,0.86
5053.19,51.31,-4.55,-2.12,9.30,-0.33,0.51,1.21,3.66,-0.33,10.12,0.71,-0.07,1.04
5053.20,51.66,-4.87,-2.31,9.64,-0.33,0.56,1.30,4.16,-0.17,9.77,0.75,-0.05,1.16
5053.22,52.31,-4.71,-2.09,9.74,-0.32,0.56,1.36,4.32,-0.05,9.45,0.83,-0.07,1.22
5053.23,52.74,-4.49,-1.95,9.51,-0.34,0.59,1.41,4.06,-0.03,9.45,0.95,-0.10,1.30
5053.25,53.37,-4.48,-1.74,8.94,-0.41,0.71,1.50,3.40,-0.25,9.57,1.24,-0.09,1.56
5053.27,53.78,-4.68,-2.02,8.62,-0.50,0.80,1.66,3.17,-0.65,9.40,1.45,-0.05,1.83
5053.28,54.40,-4.86,-2.02,8.55,-0.57,0.84,1.91,3.49,-1.01,9.08,1.66,0.00,2.15
5053.30,55.40,-4.31,-2.17,8.80,-0.70,0.81,2.21,4.69,-1.25,8.29,1.81,0.09,2.47
5053.32,56.20,-3.82,-2.06,9.09,-0.77,0.77,2.26,5.14,-1.20,7.93,1.82,0.12,2.50
5053.33,56.64,-3.65,-1.87,9.23,-0.79,0.73,2.21,5.49,-0.95,7.84,1.78,0.14,2.45
5053.34,57.20,-3.67,-1.42,9.27,-0.77,0.71,2.10,5.95,-0.50,7.79,1.69,0.15,2.35
5053.35,58.03,-3.67,-0.96,9.28,-0.73,0.70,1.91,6.28,-0.04,7.60,1.54,0.13,2.15
5053.37,58.62,-3.65,-0.63,9.14,-0.67,0.71,1.69,6.25,0.15,7.26,1.36,0.08,1.89
5053.38,59.80,-3.52,-0.34,8.70,-0.62,0.70,1.41,5.83,0.15,6.77,1.13,0.03,1.57
5053.39,60.38,-3.37,-0.06,8.18,-0.61,0.68,1.23,5.51,0.17,6.45,0.97,0.03,1.37
5053.41,61.28,-3.36,0.12,7.80,-0.62,0.68,1.06,5.49,0.46,6.44,0.81,0.05,1.17
5053.42,61.97,-3.86,0.27,7.54,-0.60,0.70,0.87,5.93,0.90,7.13,0.64,0.08,0.94
5053.43,63.12,-5.13,0.08,7.71,-0.57,0.74,0.62,5.73,1.43,9.21,0.51,0.07,0.63
5053.44,63.87,-6.27,-0.07,8.23,-0.54,0.80,0.53,4.68,1.55,10.38,0.45,0.02,0.48
5053.46,64.51,-6.65,0.05,8.87,-0.53,0.87,0.62,3.97,1.34,9.88,0.41,-0.07,0.58
5053.47,64.94,-6.27,0.09,8.97,-0.57,0.88,0.75,4.27,1.12,8.82,0.40,-0.06,0.74
5053.48,65.49,-5.88,0.07,8.83,-0.60,0.88,0.81,4.97,1.06,7.85,0.39,-0.00,0.83
5053.50,66.72,-5.32,-0.06,8.36,-0.60,0.84,0.78,5.84,1.16,7.46,0.40,0.08,0.81
5053.51,67.46,-5.15,-0.05,8.23,-0.56,0.80,0.71,6.03,1.33,7.65,0.39,0.10,0.71
5053.52,68.25,-5.14,-0.00,8.28,-0.52,0.77,0.63,5.83,1.44,7.93,0.36,0.10,0.64
5053.53,68.76,-5.35,0.06,8.29,-0.47,0.76,0.55,5.56,1.44,8.11,0.33,0.09,0.62
5053.55,69.43,-5.76,0.02,8.16,-0.41,0.75,0.47,5.24,1.22,8.29,0.31,0.10,0.65
5053.56,69.91,-6.04,-0.02,7.96,-0.40,0.75,0.45,4.99,0.89,8.53,0.30,0.12,0.70
5053.57,70.51,-6.54,-0.56,7.75,-0.45,0.76,0.48,4.74,0.38,8.88,0.34,0.18,0.78
5053.59,70.99,-6.96,-0.96,7.48,-0.48,0.77,0.54,4.63,0.05,9.11,0.37,0.22,0.86
5053.60,71.42,-7.25,-1.20,7.32,-0.50,0.77,0.57,4.68,-0.11,9.26,0.41,0.24,0.92
5053.61,72.04,-7.41,-1.18,7.24,-0.51,0.74,0.57,4.84,-0.16,9.23,0.42,0.24,0.93
5053.63,72.78,-7.30,-1.18,7.06,-0.52,0.71,0.54,4.95,-0.07,9.20,0.41,0.21,0.87
5053.64,73.35,-7.41,-1.13,7.07,-0.55,0.73,0.50,4.96,0.14,9.20,0.41,0.18,0.79
5053.65,73.99,-7.62,-0.83,6.94,-0.56,0.73,0.49,4.85,0.36,9.12,0.41,0.15,0.73
5053.66,74.64,-7.73,-0.70,6.86,-0.57,0.71,0.52,4.73,0.51,9.01,0.42,0.13,0.70
5053.68,75.47,-7.83,-0.54,6.80,-0.57,0.68,0.59,4.71,0.68,8.82,0.43,0.13,0.71
5053.69,76.53,-7.65,-0.43,6.91,-0.57,0.64,0.68,4.97,0.85,8.67,0.42,0.13,0.71
5053.71,77.06,-7.47,-0.39,6.99,-0.55,0.64,0.71,5.07,0.89,8.64,0.41,0.13,0.69
5053.73,77.59,-7.41,-0.40,7.11,-0.52,0.63,0.74,5.17,0.90,8.59,0.40,0.12,0.65
5053.74,78.18,-7.37,-0.37,7.21,-0.49,0.63,0.75,5.36,0.92,8.54,0.37,0.12,0.60
5053.75,78.75,-7.28,-0.35,7.32,-0.46,0.63,0.72,5.42,0.81,8.60,0.34,0.13,0.55
5053.77,79.13,-7.23,-0.36,7.43,-0.44,0.63,0.71,5.50,0.69,8.59,0.34,0.14,0.52
5053.78,79.50,-7.17,-0.43,7.47,-0.44,0.64,0.69,5.67,0.62,8.52,0.33,0.16,0.48
5053.79,80.13,-7.18,-0.33,7.48,-0.44,0.66,0.63,5.85,0.62,8.44,0.30,0.18,0.43
5053.81,80.56,-7.13,-0.43,7.53,-0.44,0.67,0.56,5.69,0.70,8.48,0.28,0.20,0.36
5053.82,80.88,-7.25,-0.32,7.40,-0.41,0.69,0.52,5.44,0.85,8.49,0.27,0.23,0.33
5053.84,81.17,-7.29,-0.01,7.24,-0.39,0.70,0.48,5.21,0.99,8.40,0.26,0.27,0.36
5053.85,81.38,-7.32,0.16,7.11,-0.37,0.70,0.45,5.13,1.08,8.27,0.26,0.32,0.39
5053.87,81.66,-7.50,0.21,6.94,-0.35,0.69,0.41,5.18,1.18,8.21,0.26,0.38,0.43
5053.88,81.96,-7.81,0.18,6.80,-0.33,0.66,0.37,5.19,1.24,8.47,0.25,0.43,0.43
5053.90,82.16,-8.01,0.07,6.65,-0.29,0.65,0.36,5.08,1.19,8.85,0.24,0.44,0.40
5053.91,82.41,-8.07,0.03,6.49,-0.27,0.67,0.39,4.80,0.97,8.96,0.23,0.44,0.40
5053.93,82.47,-8.07,-0.07,6.22,-0.25,0.68,0.40,4.63,0.74,8.92,0.23,0.44,0.41
5053.94,82.84,-8.14,-0.27,5.84,-0.24,0.71,0.40,4.40,0.40,8.95,0.24,0.47,0.44
5053.96,83.05,-8.38,-0.29,5.54,-0.26,0.70,0.36,4.20,0.31,9.06,0.24,0.48,0.44
5053.97,83.20,-8.27,-0.41,5.46,-0.26,0.72,0.35,4.01,0.25,9.18,0.24,0.48,0.43
5053.99,83.32,-8.80,-0.01,4.98,-0.30,0.72,0.32,3.66,0.28,9.24,0.26,0.50,0.45
5054.00,83.67,-8.95,-0.11,4.81,-0.34,0.68,0.31,3.47,0.39,9.19,0.28,0.51,0.48
5054.01,83.58,-8.54,-0.17,5.01,-0.34,0.71,0.36,3.47,0.54,9.24,0.30,0.54,0.52
5054.02,83.81,-8.41,0.41,4.68,-0.35,0.72,0.38,3.42,0.76,9.19,0.32,0.56,0.55
5054.04,83.89,-8.29,0.34,4.81,-0.37,0.78,0.43,3.46,1.13,9.04,0.33,0.59,0.58
5054.05,83.89,-8.16,0.70,4.68,-0.34,0.83,0.45,3.57,1.38,9.00,0.33,0.60,0.59
5054.06,84.20,-8.25,0.85,4.71,-0.32,0.88,0.45,3.72,1.58,8.97,0.31,0.60,0.59
5054.07,84.53,-8.21,1.39,4.54,-0.31,0.94,0.46,3.79,1.79,8.91,0.28,0.59,0.57
5054.09,84.88,-8.45,1.18,4.76,-0.30,0.99,0.49,3.86,1.91,8.90,0.24,0.58,0.55
5054.10,85.25,-8.54,1.50,4.79,-0.27,1.04,0.53,3.98,1.97,8.94,0.21,0.57,0.52
5054.11,85.50,-8.71,1.52,4.78,-0.26,1.06,0.58,4.00,1.95,8.96,0.19,0.57,0.49
5054.12,86.17,-8.82,1.25,4.72,-0.23,1.09,0.72,4.00,1.66,9.04,0.17,0.56,0.45
5054.14,86.70,-8.74,1.21,4.63,-0.21,1.11,0.76,3.96,1.38,9.12,0.16,0.57,0.44
5054.16,87.17,-8.73,1.10,4.54,-0.20,1.14,0.80,3.89,1.24,9.17,0.14,0.57,0.43
5054.17,87.53,-8.77,1.12,4.33,-0.18,1.17,0.78,3.80,1.21,9.23,0.12,0.57,0.40
5054.18,88.09,-8.93,1.42,4.03,-0.17,1.21,0.77,3.65,1.21,9.32,0.09,0.57,0.37
5054.19,88.72,-9.41,1.58,3.99,-0.20,1.22,0.75,3.51,1.28,9.37,0.06,0.58,0.32
5054.21,89.25,-9.57,1.40,3.79,-0.18,1.21,0.79,3.44,1.31,9.41,0.05,0.58,0.27
5054.22,90.00,-9.51,1.49,3.22,-0.15,1.21,0.79,3.25,1.24,9.44,0.04,0.58,0.26
5054.24,90.58,-9.62,1.56,2.90,-0.16,1.23,0.76,3.06,1.13,9.49,0.04,0.58,0.27
5054.25,91.42,-9.84,1.48,2.98,-0.19,1.24,0.74,3.02,0.93,9.53,0.05,0.57,0.30
5054.27,91.94,-10.18,1.54,2.91,-0.19,1.19,0.71,3.13,0.84,9.58,0.08,0.58,0.29
5054.28,92.49,-10.63,1.39,2.73,-0.20,1.11,0.62,3.17,0.82,9.71,0.10,0.57,0.26
5054.29,93.15,-11.16,1.20,2.49,-0.15,0.98,0.51,3.04,0.68,9.88,0.12,0.52,0.21
5054.31,93.56,-11.19,1.17,2.41,-0.09,0.84,0.41,2.73,0.58,9.88,0.12,0.46,0.13
5054.32,93.89,-10.85,0.88,2.18,-0.02,0.68,0.32,2.43,0.42,9.76,0.12,0.41,0.07
5054.33,94.05,-10.77,1.06,1.81,0.04,0.56,0.29,2.08,0.41,9.58,0.12,0.37,0.03
5054.35,94.28,-10.70,1.61,1.15,0.06,0.36,0.20,1.77,0.48,9.31,0.11,0.30,0.01
5054.36,94.39,-10.49,1.75,0.97,0.05,0.26,0.17,1.65,0.62,9.17,0.09,0.25,0.01
5054.38,94.50,-10.18,2.03,0.89,0.04,0.12,0.10,1.51,0.96,9.12,0.03,0.19,-0.02
5054.39,94.40,-9.86,2.35,0.75,0.04,0.00,0.03,1.33,1.35,9.14,-0.03,0.14,-0.07
5054.40,94.34,-9.51,2.65,0.63,0.03,-0.07,-0.03,1.15,1.70,9.23,-0.05,0.09,-0.12
5054.42,94.24,-9.32,2.85,0.63,0.01,-0.10,-0.07,1.04,1.91,9.36,-0.06,0.07,-0.15
5054.43,94.21,-9.30,2.90,0.71,0.01,-0.11,-0.12,1.03,2.05,9.60,-0.04,0.06,-0.17
5054.44,94.03,-9.31,2.95,0.88,0.01,-0.09,-0.16,1.01,2.04,9.77,-0.03,0.05,-0.17
5054.45,93.79,-9.28,2.92,1.09,0.00,-0.08,-0.18,0.99,1.96,9.84,-0.04,0.04,-0.16
5054.47,93.53,-9.26,2.67,1.31,-0.01,-0.05,-0.19,1.16,1.83,9.79,-0.04,0.03,-0.14
5054.48,93.17,-9.14,2.34,1.60,-0.00,-0.03,-0.20,1.48,1.56,9.57,-0.06,0.03,-0.11
5054.50,92.93,-9.21,2.04,1.86,0.01,-0.00,-0.22,1.75,1.32,9.50,-0.09,0.03,-0.11
5054.51,92.77,-9.43,1.79,2.06,0.02,0.02,-0.24,2.05,1.06,9.64,-0.11,0.03,-0.12
5054.52,92.66,-9.60,1.61,2.18,0.02,0.04,-0.24,2.15,0.84,9.74,-0.12,0.05,-0.11
5054.54,92.56,-9.73,1.48,2.25,0.01,0.05,-0.24,2.25,0.66,9.86,-0.12,0.06,-0.08
5054.55,92.46,-9.90,1.27,2.34,0.01,0.08,-0.22,2.41,0.53,10.00,-0.11,0.08,-0.05
5054.57,92.40,-9.96,1.21,2.33,0.00,0.10,-0.19,2.44,0.44,10.01,-0.10,0.09,-0.05
5054.58,92.38,-10.01,1.07,2.28,-0.00,0.11,-0.17,2.41,0.37,9.96,-0.09,0.11,-0.05
5054.59,92.36,-10.04,1.03,2.19,-0.01,0.12,-0.15,2.30,0.32,9.95,-0.05,0.12,-0.04
5054.61,92.33,-10.09,1.05,2.12,-0.02,0.11,-0.12,2.24,0.31,9.95,-0.02,0.14,-0.02
5054.62,92.28,-10.15,1.04,2.06,-0.03,0.11,-0.10,2.17,0.31,9.96,0.01,0.16,-0.01
5054.63,92.21,-10.21,1.03,2.03,-0.04,0.10,-0.07,2.15,0.36,10.00,0.05,0.17,0.01
5054.65,92.09,-10.18,1.12,1.94,-0.04,0.08,-0.04,2.09,0.52,9.95,0.08,0.19,0.01
5054.67,92.04,-10.08,1.22,1.90,-0.04,0.07,-0.02,2.05,0.66,9.85,0.09,0.19,0.01
5054.68,91.95,-9.96,1.34,1.86,-0.04,0.06,-0.01,1.99,0.79,9.74,0.10,0.19,0.00
5054.69,91.87,-9.85,1.43,1.83,-0.04,0.05,-0.02,1.97,0.89,9.66,0.10,0.19,-0.00
5054.70,91.75,-9.75,1.52,1.81,-0.03,0.04,-0.03,1.94,0.97,9.60,0.10,0.18,-0.01
5054.71,91.67,-9.72,1.58,1.82,-0.03,0.04,-0.04,1.92,1.00,9.59,0.09,0.18,-0.02
5054.73,91.55,-9.70,1.56,1.88,-0.02,0.03,-0.05,2.01,0.98,9.61,0.08,0.16,-0.02
5054.74,91.48,-9.78,1.49,1.90,-0.01,0.03,-0.06,2.04,0.96,9.72,0.06,0.13,-0.03
5054.76,91.43,-9.82,1.46,1.93,-0.00,0.03,-0.05,2.04,0.93,9.75,0.03,0.12,-0.04
5054.77,91.36,-9.85,1.36,1.91,0.01,0.03,-0.06,1.95,0.88,9.76,0.02,0.10,-0.07
5054.79,91.31,-9.86,1.31,1.87,0.01,0.03,-0.06,1.88,0.90,9.80,0.01,0.10,-0.08
5054.80,91.19,-9.84,1.33,1.80,0.02,0.03,-0.05,1.70,0.87,9.83,0.03,0.11,-0.08
5054.81,91.11,-9.83,1.34,1.76,0.01,0.03,-0.03,1.65,0.86,9.85,0.05,0.12,-0.07
5054.83,90.94,-9.81,1.34,1.76,0.01,0.04,-0.02,1.65,0.88,9.87,0.08,0.13,-0.05
5054.84,90.86,-9.82,1.40,1.78,0.00,0.04,-0.02,1.68,0.88,9.90,0.09,0.14,-0.03
5054.85,90.74,-9.89,1.41,1.80,-0.00,0.05,-0.01,1.76,0.92,9.95,0.09,0.14,-0.02
5054.86,90.69,-9.96,1.38,1.84,0.00,0.05,-0.00,1.79,0.97,9.95,0.07,0.14,-0.03
5054.88,90.60,-9.93,1.40,1.87,0.00,0.06,-0.01,1.81,1.01,9.94,0.06,0.15,-0.05
5054.89,90.54,-9.91,1.42,1.87,0.00,0.06,-0.01,1.78,1.05,9.91,0.07,0.17,-0.07
5054.90,90.41,-9.85,1.46,1.83,0.00,0.07,-0.03,1.70,1.10,9.84,0.08,0.19,-0.08
5054.92,90.25,-9.82,1.48,1.81,0.00,0.07,-0.03,1.61,1.15,9.80,0.09,0.22,-0.08
5054.93,90.09,-9.76,1.50,1.76,0.01,0.07,-0.05,1.55,1.16,9.78,0.11,0.25,-0.08
5054.94,89.98,-9.76,1.50,1.75,0.01,0.07,-0.06,1.53,1.18,9.78,0.13,0.27,-0.07
5054.95,89.76,-9.80,1.52,1.73,0.01,0.08,-0.08,1.53,1.19,9.85,0.13,0.30,-0.07
5054.96,89.64,-9.84,1.47,1.73,0.01,0.08,-0.09,1.53,1.18,9.88,0.13,0.32,-0.07
5054.98,89.38,-9.86,1.39,1.68,0.00,0.08,-0.10,1.46,1.14,9.81,0.13,0.34,-0.08
5054.99,89.10,-9.81,1.31,1.64,0.00,0.08,-0.09,1.36,1.09,9.71,0.13,0.35,-0.10
5055.01,88.97,-9.74,1.30,1.59,-0.00,0.07,-0.10,1.30,1.03,9.63,0.13,0.36,-0.11
5055.02,88.64,-9.74,1.26,1.54,-0.00,0.06,-0.09,1.20,1.06,9.62,0.13,0.37,-0.11
5055.03,88.50,-9.74,1.29,1.52,-0.02,0.05,-0.09,1.15,1.03,9.65,0.13,0.38,-0.10
5055.05,88.20,-9.76,1.26,1.51,-0.03,0.04,-0.08,1.12,1.01,9.69,0.14,0.37,-0.09
5055.06,88.00,-9.79,1.25,1.51,-0.04,0.03,-0.08,1.14,1.00,9.73,0.14,0.36,-0.07
5055.07,87.87,-9.84,1.17,1.53,-0.05,0.03,-0.07,1.16,1.00,9.76,0.13,0.33,-0.06
5055.08,87.70,-9.77,1.15,1.59,-0.05,0.02,-0.04,1.20,1.02,9.70,0.12,0.30,-0.05
5055.10,87.55,-9.89,1.20,1.53,-0.05,0.01,-0.03,1.19,1.08,9.75,0.10,0.25,-0.04
5055.11,87.43,-9.89,1.18,1.55,-0.06,-0.01,-0.01,1.19,1.09,9.73,0.08,0.18,-0.03
5055.13,87.40,-9.85,1.21,1.54,-0.06,-0.02,-0.01,1.21,1.11,9.70,0.07,0.13,-0.01
5055.14,87.38,-9.84,1.15,1.61,-0.06,-0.03,-0.01,1.23,1.13,9.67,0.06,0.08,0.00
5055.15,87.39,-9.83,1.19,1.64,-0.05,-0.05,-0.01,1.26,1.23,9.68,0.04,0.04,0.01
5055.16,87.40,-9.82,1.29,1.67,-0.05,-0.05,-0.01,1.23,1.29,9.77,0.02,0.01,0.01
5055.17,87.38,-9.93,1.33,1.71,-0.05,-0.05,-0.01,1.19,1.33,9.86,0.02,-0.01,-0.00
5055.19,87.37,-9.96,1.32,1.70,-0.05,-0.05,-0.00,1.12,1.37,9.88,0.02,-0.01,-0.00
5055.20,87.33,-9.96,1.26,1.68,-0.04,-0.05,0.00,1.04,1.35,9.90,0.03,-0.01,0.01
5055.21,87.28,-9.87,1.35,1.63,-0.03,-0.05,-0.01,1.02,1.34,9.84,0.06,-0.00,0.02
5055.22,87.24,-9.87,1.35,1.60,-0.02,-0.05,-0.02,0.97,1.40,9.88,0.06,0.00,0.03
5055.24,87.19,-9.86,1.42,1.61,-0.02,-0.05,-0.02,0.97,1.42,9.86,0.06,0.00,0.04
5055.25,87.14,-9.75,1.42,1.64,-0.03,-0.05,-0.03,1.06,1.40,9.78,0.05,0.00,0.03
5055.26,87.11,-9.84,1.30,1.64,-0.02,-0.05,-0.05,1.05,1.43,9.85,0.03,0.00,0.02
5055.27,87.08,-9.87,1.32,1.67,-0.02,-0.05,-0.06,1.04,1.38,9.86,0.02,-0.00,0.01
5055.28,87.04,-9.87,1.31,1.66,-0.03,-0.05,-0.06,1.05,1.29,9.90,0.01,-0.01,0.01
5055.30,87.00,-9.82,1.17,1.75,-0.03,-0.04,-0.06,1.07,1.21,9.86,0.01,-0.01,0.01
5055.31,86.97,-9.91,1.11,1.72,-0.02,-0.04,-0.05,1.09,1.27,9.92,0.00,-0.01,0.00
5055.32,86.94,-9.96,1.11,1.69,-0.01,-0.04,-0.03,1.01,1.22,9.94,-0.00,-0.01,0.01
5055.34,86.90,-9.91,1.16,1.62,-0.02,-0.04,-0.02,1.01,1.17,9.94,0.00,-0.01,0.01
5055.35,86.85,-9.88,1.11,1.67,-0.03,-0.04,-0.04,1.01,1.16,9.94,0.01,-0.01,0.01
5055.37,86.81,-9.90,1.08,1.68,-0.04,-0.03,-0.01,1.00,1.16,9.92,0.01,-0.00,0.01
5055.39,86.79,-9.94,1.13,1.68,-0.04,-0.03,-0.00,1.04,1.19,9.92,0.01,-0.00,0.02
5055.40,86.77,-9.92,1.15,1.68,-0.04,-0.03,0.00,1.06,1.22,9.91,0.01,-0.00,0.02
5055.41,86.76,-9.93,1.13,1.70,-0.05,-0.03,0.01,1.07,1.25,9.91,0.01,-0.00,0.02
5055.42,86.75,-9.89,1.20,1.69,-0.05,-0.03,0.01,1.07,1.29,9.88,0.01,-0.00,0.01
5055.44,86.74,-9.88,1.23,1.70,-0.05,-0.03,0.00,1.08,1.32,9.86,0.01,-0.00,0.01
5055.45,86.74,-9.87,1.23,1.71,-0.05,-0.03,0.00,1.09,1.34,9.86,0.01,-0.00,0.01
5055.46,86.72,-9.87,1.23,1.72,-0.05,-0.03,0.00,1.09,1.35,9.86,0.01,-0.00,0.01
5055.48,86.71,-9.87,1.24,1.72,-0.04,-0.03,-0.00,1.08,1.37,9.86,0.01,-0.00,0.01
5055.49,86.69,-9.88,1.24,1.72,-0.04,-0.03,-0.01,1.06,1.37,9.86,0.01,-0.00,0.00
5055.50,86.68,-9.87,1.25,1.71,-0.04,-0.03,-0.01,1.05,1.36,9.86,0.01,-0.00,0.00
5055.52,86.66,-9.86,1.25,1.69,-0.04,-0.03,-0.01,1.04,1.34,9.86,0.01,-0.00,0.00
5055.53,86.64,-9.87,1.22,1.68,-0.04,-0.03,-0.01,1.02,1.32,9.88,0.01,-0.00,0.00
5055.55,86.63,-9.87,1.21,1.67,-0.04,-0.02,-0.01,1.01,1.30,9.89,0.01,0.00,0.00
5055.56,86.61,-9.87,1.21,1.66,-0.04,-0.02,-0.01,1.01,1.29,9.89,0.01,0.00,0.00
5055.57,86.60,-9.87,1.20,1.66,-0.04,-0.02,-0.01,1.01,1.29,9.88,0.01,0.00,0.00
5055.58,86.59,-9.88,1.18,1.67,-0.05,-0.02,-0.01,1.02,1.28,9.86,0.01,0.00,0.00
5055.60,86.58,-9.89,1.17,1.68,-0.05,-0.02,-0.00,1.02,1.28,9.86,0.01,0.00,0.01
5055.61,86.57,-9.90,1.16,1.68,-0.05,-0.02,-0.00,1.02,1.28,9.87,0.01,0.00,0.01
5055.62,86.56,-9.91,1.16,1.68,-0.04,-0.02,0.00,1.03,1.29,9.88,0.01,0.00,0.01
5055.63,86.55,-9.90,1.16,1.70,-0.05,-0.03,0.00,1.03,1.28,9.89,0.01,0.00,0.01
5055.65,86.53,-9.89,1.18,1.70,-0.04,-0.02,0.00,1.04,1.29,9.89,0.01,0.00,0.01
5055.66,86.52,-9.89,1.18,1.70,-0.04,-0.02,0.00,1.05,1.30,9.88,0.01,0.00,0.01
5055.68,86.51,-9.89,1.19,1.71,-0.04,-0.02,0.00,1.06,1.31,9.87,0.01,0.00,0.01
5055.69,86.51,-9.89,1.19,1.71,-0.04,-0.02,0.00,1.06,1.31,9.88,0.01,-0.00,0.01
5055.70,86.50,-9.89,1.20,1.70,-0.04,-0.02,0.00,1.05,1.31,9.88,0.01,-0.00,0.01
5055.72,86.50,-9.89,1.20,1.71,-0.04,-0.02,0.00,1.05,1.32,9.88,0.01,-0.00,0.01
5055.73,86.49,-9.89,1.20,1.70,-0.04,-0.02,0.00,1.04,1.32,9.88,0.01,-0.00,0.01
5055.74,86.49,-9.89,1.19,1.70,-0.04,-0.02,0.00,1.04,1.31,9.88,0.01,-0.00,0.01
5055.75,86.48,-9.89,1.20,1.70,-0.04,-0.02,0.00,1.04,1.30,9.88,0.01,-0.00,0.01
5055.76,86.47,-9.88,1.20,1.70,-0.04,-0.02,0.00,1.04,1.31,9.88,0.01,-0.00,0.01
5055.78,86.47,-9.88,1.20,1.71,-0.04,-0.02,0.00,1.04,1.31,9.87,0.01,0.00,0.01
5055.79,86.46,-9.88,1.21,1.71,-0.04,-0.02,0.00,1.05,1.31,9.88,0.01,0.00,0.01
5055.80,86.45,-9.88,1.21,1.70,-0.04,-0.02,0.00,1.05,1.32,9.87,0.01,0.00,0.01
5055.82,86.44,-9.87,1.21,1.70,-0.04,-0.02,0.00,1.05,1.33,9.87,0.01,0.00,0.01
5055.83,86.44,-9.87,1.22,1.71,-0.04,-0.02,0.00,1.05,1.33,9.86,0.01,0.00,0.01
5055.85,86.42,-9.87,1.22,1.71,-0.04,-0.02,0.00,1.04,1.34,9.86,0.01,0.00,0.01
5055.86,86.42,-9.87,1.22,1.72,-0.04,-0.02,-0.00,1.05,1.34,9.87,0.01,0.00,0.00
5055.88,86.41,-9.88,1.22,1.72,-0.04,-0.02,-0.00,1.05,1.34,9.87,0.01,0.00,0.00
5055.89,86.41,-9.88,1.21,1.71,-0.04,-0.02,-0.00,1.06,1.33,9.87,0.01,0.00,0.00
5055.90,86.40,-9.88,1.21,1.69,-0.04,-0.02,-0.00,1.04,1.33,9.88,0.01,0.00,0.00
5055.92,86.41,-9.88,1.21,1.70,-0.04,-0.02,-0.00,1.06,1.32,9.87,0.01,-0.00,0.00
5055.93,86.41,-9.88,1.20,1.70,-0.04,-0.02,-0.00,1.04,1.31,9.87,0.01,0.00,0.00
5055.94,86.40,-9.89,1.19,1.69,-0.04,-0.02,-0.00,1.04,1.32,9.87,0.01,-0.00,0.00
5055.96,86.40,-9.89,1.18,1.69,-0.04,-0.02,0.00,1.04,1.31,9.87,0.01,0.00,0.00
5055.98,86.40,-9.89,1.20,1.68,-0.04,-0.02,0.00,1.04,1.32,9.86,0.01,0.00,0.00
5055.99,86.40,-9.89,1.20,1.68,-0.04,-0.02,0.00,1.04,1.33,9.87,0.01,0.00,0.00
5056.01,86.40,-9.88,1.20,1.67,-0.04,-0.02,0.00,1.03,1.33,9.87,0.01,0.00,0.00
5056.02,86.41,-9.88,1.21,1.68,-0.04,-0.02,0.00,1.04,1.33,9.85,0.01,0.00,0.00
5056.03,86.41,-9.88,1.21,1.70,-0.04,-0.02,0.00,1.05,1.33,9.85,0.01,0.00,0.00
5056.04,86.41,-9.88,1.21,1.70,-0.04,-0.02,0.00,1.05,1.32,9.85,0.01,0.00,0.00
5056.06,86.41,-9.87,1.21,1.69,-0.04,-0.02,0.00,1.06,1.33,9.84,0.01,-0.00,0.00
5056.07,86.41,-9.88,1.21,1.69,-0.04,-0.02,-0.00,1.06,1.32,9.85,0.01,-0.00,0.00
5056.09,86.42,-9.88,1.20,1.70,-0.04,-0.02,-0.00,1.06,1.32,9.86,0.01,-0.00,0.00
5056.10,86.42,-9.87,1.21,1.71,-0.04,-0.02,-0.00,1.05,1.32,9.86,0.01,-0.00,0.00
5056.11,86.42,-9.87,1.20,1.70,-0.04,-0.02,-0.00,1.05,1.32,9.86,0.01,-0.00,0.00
5056.12,86.42,-9.87,1.20,1.70,-0.04,-0.02,-0.00,1.05,1.32,9.86,0.01,-0.00,0.00
5056.13,86.42,-9.87,1.20,1.69,-0.04,-0.02,-0.00,1.04,1.31,9.86,0.01,-0.00,0.00
5056.15,86.42,-9.87,1.20,1.69,-0.04,-0.02,-0.00,1.05,1.31,9.87,0.01,-0.00,0.00
5056.16,86.42,-9.87,1.20,1.69,-0.04,-0.02,-0.00,1.03,1.31,9.88,0.01,-0.00,0.00
5056.17,86.41,-9.87,1.20,1.70,-0.04,-0.02,-0.00,1.04,1.31,9.87,0.01,-0.00,0.00
5056.18,86.41,-9.87,1.19,1.70,-0.04,-0.02,-0.00,1.05,1.31,9.88,0.01,-0.00,0.00
5056.19,86.41,-9.87,1.20,1.70,-0.04,-0.02,-0.00,1.05,1.31,9.88,0.01,0.00,0.00
5056.21,86.40,-9.87,1.20,1.71,-0.04,-0.02,-0.00,1.04,1.32,9.88,0.01,0.00,0.00
5056.22,86.40,-9.87,1.20,1.69,-0.04,-0.02,-0.00,1.05,1.33,9.87,0.01,-0.00,0.00
5056.23,86.41,-9.87,1.21,1.68,-0.04,-0.02,-0.00,1.05,1.34,9.87,0.01,-0.00,0.00
5056.25,86.41,-9.87,1.21,1.69,-0.04,-0.02,-0.00,1.06,1.33,9.87,0.01,-0.00,0.00
5056.26,86.41,-9.87,1.21,1.70,-0.04,-0.02,-0.00,1.04,1.33,9.88,0.01,-0.00,0.00
5056.29,86.41,-9.87,1.21,1.70,-0.04,-0.02,-0.00,1.05,1.33,9.87,0.01,-0.00,0.00
5056.30,86.41,-9.88,1.21,1.69,-0.04,-0.02,-0.00,1.05,1.32,9.88,0.01,0.00,0.00
5056.31,86.41,-9.87,1.21,1.69,-0.04,-0.02,-0.00,1.05,1.33,9.87,0.01,0.00,0.00
5056.33,86.41,-9.87,1.21,1.69,-0.04,-0.02,-0.00,1.05,1.33,9.87,0.01,0.00,0.00
5056.34,86.41,-9.87,1.21,1.70,-0.04,-0.02,-0.00,1.06,1.33,9.87,0.01,0.00,0.00
5056.35,86.41,-9.88,1.21,1.71,-0.04,-0.02,-0.00,1.05,1.32,9.86,0.01,0.00,0.00
5056.36,86.41,-9.88,1.21,1.71,-0.04,-0.02,-0.00,1.05,1.32,9.85,0.01,0.00,0.00
5056.38,86.41,-9.88,1.20,1.70,-0.04,-0.02,-0.00,1.06,1.32,9.85,0.01,0.00,0.00
5056.39,86.41,-9.88,1.19,1.70,-0.04,-0.02,-0.00,1.05,1.32,9.86,0.01,0.00,0.00
5056.40,86.41,-9.88,1.19,1.70,-0.04,-0.02,-0.00,1.05,1.31,9.86,0.01,0.00,0.00
5056.41,86.40,-9.88,1.18,1.70,-0.04,-0.02,-0.00,1.05,1.31,9.87,0.01,0.00,0.00
5056.42,86.40,-9.88,1.19,1.70,-0.04,-0.02,-0.00,1.05,1.31,9.87,0.01,0.00,0.00
5056.44,86.40,-9.89,1.19,1.70,-0.04,-0.02,-0.00,1.04,1.32,9.88,0.01,0.00,0.00
5056.45,86.40,-9.88,1.19,1.70,-0.04,-0.02,-0.00,1.04,1.32,9.87,0.01,0.00,0.00
5056.46,86.39,-9.88,1.20,1.70,-0.04,-0.02,-0.00,1.03,1.33,9.87,0.01,0.00,0.00
5056.48,86.38,-9.88,1.20,1.70,-0.04,-0.02,-0.00,1.03,1.33,9.88,0.01,0.00,0.00
5056.49,86.38,-9.88,1.20,1.71,-0.04,-0.02,-0.00,1.04,1.33,9.88,0.01,0.00,0.00
5056.50,86.37,-9.87,1.20,1.71,-0.04,-0.02,-0.00,1.06,1.32,9.87,0.01,0.00,0.00
5056.51,86.