=~=~=~=~=~=~=~=~=~=~=~= PuTTY log 2024.05.21 14:06:42 =~=~=~=~=~=~=~=~=~=~=~=
327.93,-70.18,8.64,2.21,3.73,-0.04,-0.02,0.00,-0.61,1.06,9.98,0.00,0.00,0.00
327.95,-70.18,8.64,2.21,3.73,-0.04,-0.02,0.00,-0.60,1.05,9.99,0.00,0.00,0.00
327.96,-70.18,8.64,2.21,3.74,-0.04,-0.02,0.00,-0.60,1.05,10.00,0.00,0.00,0.00
327.98,-70.18,8.63,2.21,3.73,-0.04,-0.02,0.00,-0.60,1.06,9.99,0.00,0.00,0.00
327.99,-70.17,8.63,2.20,3.73,-0.04,-0.02,-0.00,-0.61,1.05,9.98,0.00,0.00,0.00
328.01,-70.17,8.63,2.20,3.73,-0.04,-0.02,-0.00,-0.60,1.05,9.98,0.00,0.00,0.00
328.02,-70.16,8.63,2.21,3.73,-0.04,-0.02,-0.00,-0.61,1.05,9.99,0.01,0.00,0.00
328.04,-70.16,8.63,2.22,3.72,-0.04,-0.02,-0.00,-0.60,1.06,9.97,0.01,0.00,0.00
328.05,-70.16,8.64,2.21,3.72,-0.04,-0.02,-0.00,-0.61,1.06,9.97,0.01,0.00,0.00
328.06,-70.16,8.63,2.22,3.72,-0.04,-0.02,-0.00,-0.60,1.05,9.96,0.01,0.00,0.00
328.08,-70.16,8.63,2.22,3.73,-0.04,-0.02,-0.00,-0.61,1.05,9.98,0.01,0.00,0.00
328.09,-70.17,8.63,2.21,3.73,-0.04,-0.02,-0.00,-0.62,1.05,9.98,0.01,0.00,0.00
328.11,-70.17,8.63,2.21,3.72,-0.04,-0.02,-0.00,-0.62,1.06,9.98,0.01,0.00,0.00
328.13,-70.17,8.63,2.21,3.73,-0.04,-0.02,-0.00,-0.62,1.07,9.97,0.01,0.00,0.00
328.14,-70.17,8.63,2.22,3.72,-0.04,-0.02,-0.00,-0.62,1.06,9.97,0.01,0.00,0.00
328.15,-70.18,8.63,2.21,3.73,-0.04,-0.02,-0.00,-0.62,1.06,9.96,0.00,0.00,0.00
328.17,-70.19,8.62,2.22,3.72,-0.03,-0.02,-0.00,-0.62,1.07,9.96,0.00,0.00,0.00
328.19,-70.19,8.62,2.22,3.73,-0.03,-0.02,-0.00,-0.61,1.07,9.99,0.00,0.00,0.00
328.20,-70.19,8.64,2.22,3.73,-0.04,-0.02,0.00,-0.62,1.06,9.99,0.01,0.00,0.00
328.21,-70.19,8.63,2.22,3.73,-0.04,-0.02,0.00,-0.61,1.06,9.97,0.01,0.00,0.00
328.23,-70.20,8.63,2.21,3.72,-0.04,-0.02,0.00,-0.62,1.06,9.98,0.01,0.00,0.00
328.24,-70.20,8.63,2.21,3.72,-0.04,-0.02,0.00,-0.62,1.06,9.97,0.01,0.00,0.00
328.25,-70.20,8.63,2.21,3.72,-0.04,-0.02,0.00,-0.61,1.06,9.97,0.01,0.00,0.00
328.26,-70.20,8.62,2.21,3.72,-0.04,-0.02,0.00,-0.60,1.07,9.96,0.01,0.00,0.00
328.28,-70.20,8.62,2.22,3.72,-0.04,-0.02,0.00,-0.62,1.08,9.96,0.01,-0.00,0.00
328.29,-70.20,8.63,2.22,3.72,-0.04,-0.02,0.00,-0.62,1.08,9.97,0.01,-0.00,0.00
328.30,-70.20,8.63,2.22,3.74,-0.04,-0.02,0.00,-0.63,1.08,9.96,0.01,0.00,0.00
328.32,-70.21,8.63,2.21,3.74,-0.04,-0.02,0.00,-0.63,1.08,9.96,0.01,0.00,0.00
328.33,-70.21,8.63,2.22,3.75,-0.04,-0.02,0.00,-0.63,1.07,9.97,0.01,0.00,0.01
328.34,-70.21,8.63,2.22,3.75,-0.03,-0.02,0.00,-0.64,1.06,9.98,0.01,0.00,0.00
328.35,-70.20,8.63,2.22,3.74,-0.03,-0.02,0.00,-0.64,1.05,9.98,0.01,0.00,0.00
328.36,-70.20,8.62,2.22,3.74,-0.03,-0.02,0.00,-0.61,1.05,9.98,0.01,0.00,0.00
328.38,-70.20,8.62,2.22,3.74,-0.04,-0.02,0.00,-0.61,1.05,9.97,0.01,0.00,0.00
328.39,-70.19,8.63,2.22,3.74,-0.04,-0.02,0.00,-0.62,1.05,9.99,0.00,0.00,0.00
328.40,-70.19,8.64,2.21,3.74,-0.04,-0.02,0.00,-0.61,1.06,9.99,0.01,0.00,0.00
328.42,-70.19,8.64,2.21,3.72,-0.04,-0.02,0.00,-0.62,1.06,9.99,0.01,0.00,0.00
328.43,-70.20,8.63,2.21,3.73,-0.04,-0.02,0.00,-0.62,1.07,9.98,0.00,0.00,0.00
328.45,-70.20,8.63,2.21,3.73,-0.04,-0.02,0.00,-0.61,1.07,9.97,0.00,0.00,0.00
328.47,-70.20,8.63,2.20,3.72,-0.04,-0.02,-0.00,-0.61,1.06,9.98,0.00,0.00,0.00
328.48,-70.20,8.63,2.20,3.73,-0.04,-0.02,-0.00,-0.61,1.06,9.98,0.01,0.00,0.00
328.50,-70.20,8.63,2.20,3.73,-0.04,-0.02,-0.00,-0.61,1.06,9.98,0.01,0.00,0.00
328.51,-70.20,8.63,2.21,3.73,-0.04,-0.02,-0.00,-0.62,1.06,9.97,0.00,0.00,0.00
328.52,-70.20,8.63,2.21,3.73,-0.04,-0.02,-0.00,-0.62,1.06,9.98,0.00,0.00,0.00
328.54,-70.20,8.63,2.21,3.74,-0.04,-0.02,0.00,-0.62,1.05,9.99,0.00,0.00,0.00
328.55,-70.20,8.63,2.21,3.73,-0.04,-0.02,-0.00,-0.62,1.05,9.99,0.00,0.00,0.00
328.56,-70.21,8.63,2.21,3.72,-0.04,-0.02,-0.00,-0.62,1.05,9.99,0.00,0.00,0.00
328.58,-70.21,8.63,2.21,3.73,-0.04,-0.02,-0.00,-0.63,1.05,9.99,0.01,0.00,0.00
328.59,-70.21,8.63,2.21,3.74,-0.04,-0.02,0.00,-0.63,1.06,10.00,0.01,0.00,0.00
328.60,-70.21,8.63,2.21,3.73,-0.04,-0.02,-0.00,-0.62,1.05,9.99,0.01,0.00,0.00
328.61,-70.21,8.62,2.21,3.73,-0.04,-0.02,-0.00,-0.61,1.06,9.98,0.01,0.00,0.00
328.63,-70.21,8.63,2.21,3.73,-0.04,-0.02,0.00,-0.61,1.06,9.98,0.01,0.00,0.00
328.64,-70.21,8.63,2.21,3.73,-0.04,-0.02,0.00,-0.61,1.06,9.99,0.01,0.00,0.00
328.65,-70.21,8.63,2.21,3.72,-0.04,-0.02,0.00,-0.61,1.06,9.99,0.01,-0.00,0.00
328.68,-70.22,8.63,2.21,3.71,-0.04,-0.02,-0.00,-0.62,1.06,9.98,0.01,0.00,0.00
328.69,-70.22,8.63,2.22,3.72,-0.04,-0.02,-0.00,-0.62,1.06,9.98,0.01,0.00,0.00
328.70,-70.23,8.63,2.22,3.72,-0.04,-0.02,-0.00,-0.62,1.06,9.98,0.00,0.00,0.00
328.71,-70.23,8.63,2.22,3.71,-0.04,-0.02,0.00,-0.63,1.05,9.98,0.00,0.00,0.00
328.73,-70.24,8.63,2.23,3.72,-0.04,-0.02,-0.00,-0.62,1.06,9.98,0.00,0.00,0.00
328.75,-70.25,8.63,2.22,3.72,-0.04,-0.02,-0.00,-0.63,1.06,9.98,0.00,0.00,0.00
328.77,-70.25,8.63,2.21,3.72,-0.04,-0.02,0.00,-0.62,1.06,9.97,0.01,-0.00,0.00
328.78,-70.25,8.63,2.20,3.73,-0.04,-0.02,0.00,-0.61,1.06,9.99,0.00,0.00,0.00
328.80,-70.25,8.63,2.20,3.73,-0.04,-0.02,0.00,-0.63,1.06,10.00,0.00,0.00,0.00
328.82,-70.25,8.62,2.20,3.73,-0.04,-0.02,-0.00,-0.62,1.05,10.00,0.00,0.00,0.00
328.83,-70.25,8.62,2.20,3.72,-0.04,-0.02,-0.00,-0.62,1.06,9.99,0.00,0.00,0.00
328.84,-70.25,8.62,2.20,3.72,-0.04,-0.02,-0.00,-0.61,1.06,9.99,0.01,0.00,0.00
328.86,-70.24,8.63,2.20,3.73,-0.04,-0.02,-0.00,-0.61,1.05,9.99,0.01,0.00,0.00
328.88,-70.24,8.63,2.21,3.72,-0.04,-0.02,-0.00,-0.62,1.06,9.98,0.01,0.00,0.00
328.89,-70.24,8.63,2.20,3.73,-0.04,-0.02,-0.00,-0.62,1.06,9.98,0.01,0.00,0.00
328.91,-70.24,8.63,2.21,3.74,-0.04,-0.02,-0.00,-0.63,1.07,9.97,0.01,0.00,0.00
328.92,-70.24,8.63,2.20,3.73,-0.04,-0.02,-0.00,-0.62,1.08,9.98,0.00,0.00,0.00
328.94,-70.24,8.63,2.21,3.73,-0.04,-0.02,-0.00,-0.61,1.07,9.98,0.01,0.00,0.00
328.95,-70.23,8.63,2.22,3.72,-0.04,-0.02,-0.00,-0.62,1.07,9.99,0.01,0.00,0.00
328.97,-70.24,8.63,2.22,3.73,-0.04,-0.02,-0.00,-0.62,1.06,9.99,0.01,0.00,0.00
328.98,-70.23,8.63,2.21,3.73,-0.04,-0.02,0.00,-0.61,1.06,9.98,0.01,0.00,0.00
329.00,-70.23,8.63,2.21,3.72,-0.04,-0.02,0.00,-0.62,1.06,9.98,0.01,-0.00,0.00
329.01,-70.23,8.63,2.22,3.74,-0.04,-0.02,0.00,-0.62,1.06,9.97,0.01,-0.00,0.00
329.02,-70.22,8.63,2.22,3.72,-0.04,-0.02,0.00,-0.62,1.07,9.97,0.01,-0.00,0.00
329.04,-70.22,8.63,2.21,3.73,-0.04,-0.02,0.00,-0.61,1.07,9.97,0.01,-0.00,0.00
329.05,-70.21,8.63,2.21,3.73,-0.04,-0.02,0.00,-0.62,1.07,9.98,0.01,-0.00,0.00
329.07,-70.21,8.63,2.20,3.74,-0.04,-0.02,0.00,-0.63,1.06,9.99,0.01,0.00,0.00
329.09,-70.22,8.63,2.21,3.74,-0.04,-0.02,0.00,-0.64,1.06,9.98,0.01,0.00,0.00
329.10,-70.22,8.63,2.20,3.73,-0.04,-0.02,0.00,-0.63,1.05,9.97,0.01,0.00,0.00
329.11,-70.22,8.63,2.21,3.72,-0.03,-0.02,0.00,-0.62,1.05,9.97,0.01,0.00,0.00
329.12,-70.22,8.63,2.21,3.71,-0.04,-0.02,0.00,-0.61,1.05,9.97,0.01,0.00,0.00
329.13,-70.22,8.63,2.21,3.71,-0.04,-0.02,0.00,-0.61,1.05,9.98,0.01,0.00,0.00
329.15,-70.22,8.63,2.20,3.73,-0.04,-0.02,0.00,-0.62,1.05,9.98,0.01,0.00,0.00
329.16,-70.22,8.63,2.20,3.73,-0.04,-0.02,-0.00,-0.61,1.06,9.97,0.01,0.00,0.00
329.17,-70.22,8.63,2.21,3.72,-0.04,-0.02,-0.00,-0.61,1.06,9.97,0.01,0.00,0.00
329.18,-70.22,8.63,2.22,3.72,-0.04,-0.02,-0.00,-0.61,1.07,9.97,0.01,0.00,0.00
329.20,-70.22,8.63,2.22,3.72,-0.04,-0.02,-0.00,-0.61,1.07,9.97,0.00,0.00,0.00
329.21,-70.22,8.63,2.21,3.73,-0.04,-0.02,-0.00,-0.61,1.06,9.97,0.00,0.00,0.00
329.22,-70.22,8.63,2.21,3.73,-0.04,-0.02,-0.00,-0.61,1.07,9.98,0.00,0.00,0.00
329.23,-70.22,8.62,2.21,3.73,-0.04,-0.02,-0.00,-0.62,1.06,9.96,0.01,0.00,0.00
329.25,-70.21,8.63,2.21,3.73,-0.04,-0.02,-0.00,-0.61,1.06,9.97,0.01,0.00,0.00
329.26,-70.21,8.64,2.20,3.73,-0.04,-0.02,-0.00,-0.61,1.06,9.98,0.01,0.00,0.00
329.28,-70.21,8.63,2.20,3.74,-0.04,-0.02,-0.00,-0.62,1.06,9.99,0.01,0.00,0.00
329.29,-70.20,8.63,2.21,3.73,-0.04,-0.02,-0.00,-0.61,1.06,9.98,0.01,0.00,0.00
329.31,-70.20,8.63,2.21,3.73,-0.04,-0.02,-0.00,-0.63,1.07,9.98,0.01,0.00,0.00
329.32,-70.20,8.63,2.21,3.73,-0.04,-0.02,-0.00,-0.61,1.06,9.96,0.01,0.00,0.00
329.34,-70.20,8.62,2.22,3.72,-0.04,-0.02,-0.00,-0.62,1.07,9.98,0.01,0.00,0.00
329.35,-70.20,8.63,2.21,3.73,-0.04,-0.02,-0.00,-0.61,1.07,9.97,0.01,0.00,0.00
329.36,-70.20,8.63,2.21,3.73,-0.04,-0.02,-0.00,-0.61,1.06,9.97,0.01,0.00,0.00
329.37,-70.20,8.63,2.21,3.71,-0.04,-0.02,-0.00,-0.62,1.05,9.98,0.01,0.00,0.00
329.39,-70.21,8.63,2.22,3.71,-0.04,-0.02,-0.00,-0.61,1.05,9.97,0.00,0.00,0.00
329.40,-70.21,8.63,2.21,3.72,-0.04,-0.02,-0.00,-0.61,1.06,9.97,0.01,0.00,0.00
329.42,-70.21,8.63,2.22,3.73,-0.04,-0.02,-0.00,-0.61,1.05,9.96,0.01,0.00,0.00
329.43,-70.21,8.63,2.21,3.73,-0.04,-0.02,-0.00,-0.61,1.05,9.97,0.01,0.00,0.00
329.45,-70.21,8.63,2.21,3.74,-0.04,-0.02,-0.00,-0.61,1.06,9.97,0.01,-0.00,0.00
329.47,-70.20,8.63,2.21,3.73,-0.04,-0.02,0.00,-0.63,1.06,9.98,0.01,0.00,0.00
329.49,-70.20,8.63,2.22,3.74,-0.04,-0.02,0.00,-0.62,1.05,9.97,0.01,0.00,0.00
329.50,-70.20,8.62,2.21,3.74,-0.04,-0.02,0.00,-0.61,1.06,9.98,0.01,0.00,0.00
329.51,-70.19,8.62,2.21,3.74,-0.04,-0.02,0.00,-0.61,1.06,9.98,0.00,0.00,0.00
329.52,-70.19,8.63,2.21,3.73,-0.04,-0.02,0.00,-0.61,1.06,9.97,0.00,0.00,0.00
329.54,-70.18,8.63,2.21,3.72,-0.04,-0.02,0.00,-0.60,1.06,9.96,0.00,0.00,0.00
329.55,-70.18,8.63,2.20,3.73,-0.04,-0.02,0.00,-0.61,1.06,9.97,0.00,0.00,0.00
329.57,-70.18,8.63,2.20,3.72,-0.04,-0.02,0.00,-0.60,1.06,9.97,0.00,0.00,0.00
329.58,-70.18,8.63,2.20,3.72,-0.04,-0.02,-0.00,-0.60,1.06,9.99,0.00,0.00,0.00
329.59,-70.18,8.64,2.20,3.73,-0.04,-0.02,-0.00,-0.60,1.05,9.99,0.00,0.00,0.00
329.60,-70.18,8.64,2.20,3.73,-0.04,-0.02,-0.00,-0.61,1.05,9.98,0.01,0.00,0.00
329.62,-70.17,8.63,2.21,3.73,-0.04,-0.02,-0.00,-0.60,1.05,9.99,0.01,0.00,0.00
329.63,-70.17,8.63,2.21,3.73,-0.04,-0.02,-0.00,-0.60,1.06,10.00,0.01,0.00,0.00
329.65,-70.17,8.63,2.21,3.72,-0.04,-0.02,-0.00,-0.62,1.06,9.99,0.01,0.00,0.00
329.67,-70.17,8.63,2.21,3.71,-0.04,-0.02,-0.00,-0.62,1.06,9.99,0.01,0.00,0.00
329.68,-70.18,8.63,2.21,3.72,-0.04,-0.02,-0.00,-0.62,1.06,9.99,0.01,-0.00,0.00
329.70,-70.19,8.62,2.22,3.72,-0.03,-0.02,-0.00,-0.63,1.06,9.98,0.00,0.00,0.00
329.71,-70.19,8.62,2.22,3.72,-0.03,-0.02,-0.00,-0.62,1.06,9.99,0.00,0.00,0.00
329.73,-70.19,8.64,2.22,3.74,-0.04,-0.02,0.00,-0.62,1.06,9.97,0.01,0.00,0.00
329.75,-70.19,8.64,2.21,3.73,-0.04,-0.02,0.00,-0.61,1.06,9.98,0.01,0.00,0.00
329.77,-70.19,8.64,2.21,3.73,-0.04,-0.02,0.00,-0.61,1.06,9.98,0.01,-0.00,0.00
329.78,-70.19,8.64,2.22,3.72,-0.03,-0.02,0.00,-0.61,1.06,9.98,0.01,0.00,0.00
329.79,-70.18,8.63,2.22,3.73,-0.03,-0.02,0.00,-0.60,1.06,9.99,0.01,-0.00,0.00
329.81,-70.18,8.63,2.22,3.73,-0.04,-0.02,0.00,-0.60,1.06,9.98,0.01,0.00,0.00
329.82,-70.18,8.63,2.21,3.73,-0.04,-0.02,0.00,-0.61,1.07,9.99,0.01,0.00,0.00
329.84,-70.18,8.64,2.22,3.74,-0.04,-0.02,0.00,-0.62,1.06,9.99,0.01,0.00,0.00
329.85,-70.18,8.64,2.20,3.73,-0.04,-0.02,0.00,-0.63,1.05,9.99,0.01,0.00,0.00
329.86,-70.18,8.63,2.20,3.72,-0.04,-0.02,0.00,-0.61,1.05,10.00,0.01,0.00,0.00
329.87,-70.19,8.63,2.20,3.72,-0.04,-0.02,0.00,-0.62,1.05,9.98,0.01,0.00,0.00
329.89,-70.19,8.63,2.20,3.73,-0.04,-0.02,0.00,-0.62,1.05,9.98,0.01,0.00,0.00
329.90,-70.19,8.63,2.20,3.73,-0.04,-0.02,-0.00,-0.61,1.06,9.98,0.01,0.00,0.00
329.92,-70.19,8.64,2.20,3.73,-0.04,-0.02,-0.00,-0.61,1.06,9.99,0.01,0.00,0.00
329.93,-70.19,8.64,2.21,3.73,-0.04,-0.02,-0.00,-0.61,1.06,9.98,0.01,0.00,0.00
329.94,-70.19,8.64,2.21,3.73,-0.04,-0.02,-0.00,-0.62,1.06,9.98,0.01,0.00,0.00
329.96,-70.20,8.63,2.20,3.73,-0.04,-0.02,-0.00,-0.62,1.07,9.98,0.01,0.00,0.00
329.97,-70.20,8.64,2.21,3.73,-0.04,-0.02,-0.00,-0.62,1.07,9.97,0.01,0.00,0.00
329.99,-70.20,8.63,2.21,3.73,-0.04,-0.02,-0.00,-0.62,1.06,9.98,0.00,0.00,0.00
330.00,-70.20,8.64,2.21,3.73,-0.04,-0.02,-0.00,-0.62,1.07,9.98,0.00,0.00,0.00
330.03,-70.20,8.63,2.21,3.73,-0.04,-0.02,-0.00,-0.62,1.06,9.98,0.00,0.00,0.00
330.04,-70.20,8.63,2.21,3.73,-0.04,-0.02,-0.00,-0.62,1.06,9.98,0.00,0.00,0.00
330.06,-70.20,8.63,2.21,3.73,-0.04,-0.02,-0.00,-0.63,1.06,9.97,0.00,0.00,0.00
330.07,-70.20,8.63,2.21,3.73,-0.04,-0.02,-0.00,-0.61,1.06,9.98,0.01,0.00,0.00
330.08,-70.20,8.63,2.21,3.73,-0.04,-0.02,-0.00,-0.63,1.05,9.99,0.01,0.00,0.00
330.10,-70.20,8.63,2.21,3.73,-0.04,-0.02,-0.00,-0.62,1.06,9.99,0.01,0.00,0.00
330.12,-70.21,8.63,2.22,3.72,-0.04,-0.02,-0.00,-0.62,1.08,9.98,0.01,0.00,0.00
330.13,-70.21,8.64,2.22,3.72,-0.04,-0.02,-0.00,-0.62,1.08,9.98,0.01,0.00,0.00
330.14,-70.22,8.64,2.22,3.73,-0.04,-0.02,-0.00,-0.63,1.07,9.98,0.01,0.00,0.00
330.16,-70.22,8.64,2.22,3.73,-0.04,-0.02,-0.00,-0.62,1.07,9.98,0.01,0.00,0.00
330.17,-70.22,8.63,2.21,3.73,-0.04,-0.02,0.00,-0.62,1.07,9.98,0.01,0.00,0.00
330.19,-70.22,8.63,2.21,3.72,-0.04,-0.02,0.00,-0.61,1.07,9.98,0.00,0.00,0.00
330.20,-70.22,8.63,2.21,3.73,-0.04,-0.02,0.00,-0.61,1.06,9.98,0.00,0.00,0.00
330.22,-70.22,8.63,2.21,3.73,-0.04,-0.02,0.00,-0.61,1.06,9.98,0.01,0.00,0.00
330.23,-70.22,8.63,2.21,3.72,-0.04,-0.02,0.00,-0.62,1.06,9.97,0.00,0.00,0.00
330.25,-70.22,8.63,2.21,3.72,-0.04,-0.02,0.00,-0.62,1.06,9.97,0.01,0.00,0.00
330.26,-70.22,8.63,2.21,3.71,-0.04,-0.02,0.00,-0.61,1.06,9.97,0.00,0.00,0.00
330.27,-70.23,8.63,2.21,3.72,-0.04,-0.02,0.00,-0.61,1.06,9.96,0.00,0.00,0.00
330.28,-70.23,8.63,2.21,3.72,-0.04,-0.02,0.00,-0.62,1.07,9.97,0.00,0.00,0.00
330.30,-70.23,8.63,2.21,3.72,-0.04,-0.02,0.00,-0.60,1.07,9.97,0.00,0.00,0.00
330.31,-70.23,8.62,2.21,3.72,-0.04,-0.02,0.00,-0.61,1.06,9.98,0.00,0.00,0.00
330.33,-70.22,8.63,2.22,3.71,-0.04,-0.02,0.00,-0.61,1.07,9.99,0.00,0.00,0.00
330.34,-70.23,8.63,2.22,3.71,-0.04,-0.02,0.00,-0.61,1.06,9.99,0.00,0.00,0.00
330.36,-70.23,8.63,2.21,3.72,-0.04,-0.02,0.00,-0.61,1.06,9.99,0.00,0.00,0.00
330.38,-70.22,8.63,2.22,3.72,-0.04,-0.02,-0.00,-0.61,1.06,9.98,0.01,0.00,0.00
330.39,-70.22,8.63,2.21,3.72,-0.04,-0.02,-0.00,-0.62,1.05,9.97,0.01,0.00,0.00
330.40,-70.22,8.63,2.22,3.72,-0.04,-0.02,-0.00,-0.61,1.06,9.98,0.01,0.00,0.00
330.42,-70.23,8.63,2.22,3.72,-0.04,-0.02,-0.00,-0.63,1.06,9.98,0.01,0.00,0.00
330.43,-70.23,8.64,2.22,3.71,-0.04,-0.02,-0.00,-0.62,1.06,9.98,0.01,0.00,0.00
330.45,-70.24,8.64,2.21,3.72,-0.04,-0.02,-0.00,-0.63,1.06,9.97,0.00,0.00,0.00
330.46,-70.24,8.65,2.22,3.73,-0.04,-0.02,-0.00,-0.62,1.06,9.97,0.01,0.00,0.00
330.48,-70.24,8.65,2.22,3.73,-0.04,-0.02,-0.00,-0.61,1.06,9.96,0.01,0.00,0.00
330.49,-70.24,8.64,2.21,3.73,-0.04,-0.02,-0.00,-0.63,1.05,9.97,0.01,0.00,0.00
330.50,-70.24,8.63,2.21,3.74,-0.04,-0.02,-0.00,-0.62,1.06,9.98,0.01,0.00,0.00
330.52,-70.24,8.63,2.21,3.73,-0.04,-0.02,-0.00,-0.63,1.06,9.98,0.00,0.00,0.00
330.53,-70.24,8.63,2.21,3.73,-0.04,-0.02,-0.00,-0.63,1.06,9.98,0.00,0.00,0.00
330.54,-70.24,8.64,2.22,3.72,-0.04,-0.02,0.00,-0.61,1.06,9.98,0.00,0.00,0.00
330.56,-70.24,8.64,2.22,3.73,-0.04,-0.02,0.00,-0.61,1.06,9.99,0.01,0.00,0.00
330.57,-70.24,8.64,2.21,3.73,-0.04,-0.02,0.00,-0.60,1.06,9.99,0.01,0.00,0.00
330.58,-70.24,8.63,2.21,3.72,-0.04,-0.02,0.00,-0.61,1.06,9.99,0.01,0.00,0.00
330.60,-70.24,8.64,2.20,3.70,-0.03,-0.02,0.00,-0.62,1.05,9.99,0.01,0.00,0.00
330.61,-70.24,8.64,2.21,3.72,-0.03,-0.02,-0.00,-0.62,1.05,10.00,0.01,0.00,0.00
330.62,-70.24,8.65,2.19,3.73,-0.03,-0.02,-0.00,-0.62,1.06,10.00,0.01,-0.00,0.00
330.64,-70.24,8.64,2.19,3.75,-0.03,-0.02,-0.01,-0.64,1.05,10.00,0.01,-0.00,-0.00
330.65,-70.24,8.64,2.19,3.75,-0.03,-0.02,-0.01,-0.63,1.05,10.01,0.01,-0.00,-0.00
330.66,-70.23,8.63,2.18,3.75,-0.02,-0.02,-0.01,-0.62,1.05,10.01,0.01,-0.00,-0.00
330.67,-70.22,8.60,2.19,3.74,-0.02,-0.03,-0.00,-0.61,1.04,10.02,0.01,-0.00,-0.01
330.69,-70.20,8.55,2.22,3.73,-0.02,-0.03,-0.01,-0.58,1.02,10.03,0.01,-0.00,-0.02
330.70,-70.18,8.56,2.22,3.71,-0.02,-0.04,-0.00,-0.54,1.00,10.04,0.02,-0.01,-0.02
330.71,-70.16,8.61,2.19,3.70,-0.02,-0.05,0.00,-0.51,0.99,10.06,0.02,-0.01,-0.03
330.72,-70.15,8.64,2.17,3.70,-0.03,-0.06,0.00,-0.50,0.96,10.07,0.03,-0.02,-0.05
330.74,-70.12,8.65,2.14,3.69,-0.03,-0.06,-0.01,-0.49,0.87,10.09,0.04,-0.03,-0.08
330.75,-70.11,8.66,2.12,3.68,-0.03,-0.07,-0.03,-0.51,0.78,10.11,0.06,-0.04,-0.12
330.77,-70.10,8.68,2.08,3.70,-0.03,-0.07,-0.03,-0.54,0.74,10.15,0.07,-0.04,-0.16
330.78,-70.10,8.71,2.07,3.72,-0.04,-0.08,-0.04,-0.56,0.73,10.22,0.09,-0.05,-0.20
330.79,-70.11,8.74,2.06,3.72,-0.05,-0.09,-0.05,-0.59,0.75,10.29,0.11,-0.05,-0.24
330.80,-70.14,8.76,2.06,3.71,-0.06,-0.09,-0.10,-0.60,0.84,10.32,0.13,-0.06,-0.27
330.82,-70.18,8.76,2.13,3.65,-0.07,-0.10,-0.16,-0.58,0.98,10.29,0.15,-0.06,-0.28
330.83,-70.21,8.75,2.21,3.65,-0.08,-0.11,-0.20,-0.59,1.14,10.25,0.17,-0.06,-0.28
330.85,-70.25,8.70,2.31,3.67,-0.09,-0.12,-0.22,-0.62,1.25,10.19,0.17,-0.06,-0.28
330.86,-70.29,8.66,2.39,3.70,-0.09,-0.13,-0.21,-0.65,1.33,10.12,0.17,-0.07,-0.28
330.87,-70.33,8.61,2.44,3.70,-0.09,-0.13,-0.18,-0.71,1.39,10.08,0.17,-0.09,-0.27
330.88,-70.43,8.63,2.48,3.70,-0.10,-0.15,-0.14,-0.84,1.44,10.15,0.15,-0.11,-0.23
330.90,-70.52,8.68,2.44,3.76,-0.10,-0.17,-0.12,-0.88,1.44,10.31,0.12,-0.12,-0.16
330.92,-70.60,8.75,2.38,3.84,-0.09,-0.20,-0.09,-0.87,1.35,10.63,0.09,-0.14,-0.12
330.93,-70.66,8.79,2.30,3.87,-0.07,-0.24,-0.07,-0.83,1.33,10.68,0.09,-0.16,-0.08
330.94,-70.71,8.80,2.27,3.85,-0.06,-0.27,-0.06,-0.81,1.30,10.60,0.08,-0.16,-0.06
330.96,-70.78,8.80,2.26,3.81,-0.04,-0.30,-0.06,-0.78,1.31,10.47,0.07,-0.16,-0.05
330.97,-70.93,8.79,2.26,3.72,-0.02,-0.33,-0.07,-0.77,1.30,10.34,0.07,-0.16,-0.03
330.98,-71.10,8.75,2.30,3.61,-0.00,-0.35,-0.07,-0.73,1.28,10.17,0.06,-0.16,-0.03
331.00,-71.25,8.71,2.32,3.52,0.01,-0.35,-0.08,-0.70,1.28,9.97,0.06,-0.16,-0.06
331.01,-71.52,8.68,2.43,3.40,0.03,-0.34,-0.10,-0.69,1.28,9.70,0.06,-0.15,-0.07
331.03,-71.78,8.62,2.51,3.28,0.04,-0.33,-0.10,-0.73,1.27,9.49,0.05,-0.14,-0.07
331.04,-72.13,8.53,2.61,3.18,0.04,-0.30,-0.10,-0.77,1.28,9.32,0.03,-0.13,-0.07
331.06,-72.38,8.49,2.64,3.13,0.04,-0.27,-0.09,-0.81,1.27,9.24,0.02,-0.11,-0.05
331.07,-72.69,8.47,2.70,3.11,0.03,-0.25,-0.07,-0.83,1.31,9.22,-0.01,-0.08,0.00
331.09,-72.99,8.44,2.78,3.06,0.03,-0.22,-0.05,-0.78,1.35,9.21,-0.03,-0.06,0.05
331.10,-73.21,8.43,2.81,3.02,0.01,-0.20,-0.03,-0.68,1.41,9.21,-0.05,-0.03,0.08
331.12,-73.39,8.43,2.80,2.98,0.00,-0.17,0.00,-0.57,1.43,9.21,-0.06,-0.00,0.09
331.13,-73.54,8.43,2.79,2.94,-0.01,-0.15,0.03,-0.50,1.42,9.19,-0.08,0.02,0.09
331.14,-73.67,8.44,2.77,2.89,-0.02,-0.13,0.05,-0.44,1.40,9.17,-0.09,0.05,0.08
331.15,-73.80,8.50,2.75,2.86,-0.03,-0.11,0.06,-0.34,1.37,9.19,-0.11,0.08,0.07
331.16,-73.92,8.58,2.69,2.83,-0.05,-0.08,0.08,-0.25,1.31,9.22,-0.14,0.11,0.06
331.18,-74.02,8.66,2.64,2.78,-0.06,-0.06,0.09,-0.17,1.24,9.27,-0.16,0.15,0.05
331.19,-74.11,8.74,2.62,2.74,-0.07,-0.03,0.09,-0.04,1.21,9.32,-0.18,0.19,0.02
331.20,-74.20,8.75,2.64,2.67,-0.10,0.01,0.08,0.09,1.18,9.35,-0.20,0.23,-0.03
331.22,-74.24,8.74,2.62,2.64,-0.13,0.03,0.08,0.17,1.11,9.38,-0.22,0.26,-0.08
331.23,-74.28,8.76,2.66,2.62,-0.16,0.07,0.06,0.22,1.06,9.40,-0.23,0.28,-0.13
331.24,-74.30,8.74,2.64,2.60,-0.21,0.11,0.05,0.22,0.98,9.43,-0.25,0.32,-0.19
331.26,-74.32,8.73,2.59,2.61,-0.26,0.15,0.05,0.19,0.88,9.40,-0.27,0.36,-0.24
331.27,-74.33,8.74,2.57,2.64,-0.31,0.21,0.04,0.13,0.74,9.27,-0.28,0.40,-0.30
331.29,-74.33,8.71,2.51,2.68,-0.35,0.27,0.05,0.02,0.64,9.10,-0.29,0.42,-0.32
331.30,-74.31,8.66,2.45,2.71,-0.38,0.34,0.05,-0.10,0.53,8.97,-0.29,0.44,-0.34
331.32,-74.30,8.58,2.41,2.71,-0.40,0.40,0.05,-0.18,0.46,8.83,-0.29,0.46,-0.34
331.33,-74.30,8.54,2.35,2.70,-0.42,0.46,0.05,-0.28,0.46,8.86,-0.31,0.48,-0.29
331.34,-74.33,8.63,2.26,2.75,-0.44,0.52,0.04,-0.28,0.32,9.45,-0.34,0.48,-0.22
331.36,-74.21,8.85,2.02,2.91,-0.44,0.55,0.01,-0.19,0.51,10.40,-0.31,0.45,-0.16
331.37,-73.97,9.18,1.70,3.19,-0.44,0.55,-0.03,-0.03,0.68,11.22,-0.29,0.40,-0.13
331.38,-73.44,9.60,1.54,3.54,-0.41,0.55,-0.12,0.34,0.94,12.00,-0.20,0.28,-0.13
331.39,-72.84,9.68,1.58,3.69,-0.36,0.56,-0.17,0.47,1.20,12.11,-0.11,0.16,-0.17
331.41,-72.25,9.63,1.57,3.70,-0.31,0.57,-0.19,0.48,1.36,11.81,-0.03,0.05,-0.19
331.42,-71.33,9.54,1.65,3.43,-0.18,0.63,-0.20,0.24,1.48,10.78,0.01,-0.01,-0.24
331.43,-70.84,9.50,1.88,3.20,-0.11,0.72,-0.18,-0.27,1.43,9.85,0.00,-0.00,-0.25
331.44,-70.57,9.40,2.14,3.10,-0.06,0.85,-0.10,-0.94,1.26,9.32,-0.03,0.05,-0.21
331.46,-70.48,9.39,2.46,3.22,-0.06,0.98,0.03,-1.49,1.02,9.37,-0.06,0.11,-0.12
331.47,-70.17,9.22,2.34,3.65,-0.13,1.14,0.24,-1.71,0.89,9.81,-0.07,0.16,0.05
331.49,-69.70,9.08,2.26,4.18,-0.11,1.20,0.43,-1.44,0.94,10.30,-0.05,0.19,0.13
331.50,-69.03,9.11,2.23,4.57,-0.08,1.24,0.61,-1.31,0.82,10.60,-0.05,0.21,0.08
331.52,-68.42,9.18,2.10,4.72,-0.07,1.25,0.75,-1.37,0.59,10.71,-0.04,0.24,0.02
331.53,-67.66,9.08,1.86,4.80,-0.09,1.21,0.94,-1.45,0.31,10.69,-0.04,0.28,-0.01
331.54,-67.20,9.01,1.84,4.83,-0.12,1.16,1.08,-1.50,0.08,10.58,-0.04,0.31,-0.02
331.56,-66.84,8.97,1.87,4.78,-0.16,1.11,1.16,-1.51,-0.03,10.39,-0.03,0.33,-0.03
331.57,-66.55,8.99,1.84,4.65,-0.21,1.06,1.19,-1.36,-0.01,10.22,-0.01,0.36,-0.06
331.58,-66.42,9.09,1.91,4.51,-0.24,1.01,1.17,-1.28,0.19,10.04,-0.00,0.42,-0.12
331.59,-66.34,8.98,1.90,4.57,-0.30,0.99,1.14,-1.50,0.37,10.09,0.01,0.49,-0.20
331.61,-66.18,8.68,1.77,4.97,-0.35,0.99,1.15,-1.85,0.51,10.18,0.01,0.54,-0.25
331.62,-66.03,8.31,1.74,5.59,-0.37,1.00,1.13,-2.16,0.64,10.19,0.01,0.57,-0.23
331.64,-65.90,7.87,1.70,6.15,-0.37,1.04,1.07,-2.47,0.82,10.03,-0.01,0.59,-0.14
331.65,-65.44,7.47,1.71,6.40,-0.38,1.08,1.03,-2.49,0.94,9.86,-0.02,0.59,-0.10
331.67,-64.95,7.26,1.66,6.53,-0.41,1.12,1.01,-2.39,0.99,9.78,-0.04,0.57,-0.07
331.68,-64.06,7.08,1.47,6.64,-0.47,1.17,1.01,-2.28,0.96,9.75,-0.05,0.55,-0.06
331.69,-63.39,7.08,1.27,6.71,-0.52,1.21,0.99,-2.25,0.94,9.77,-0.06,0.53,-0.07
331.70,-62.56,7.30,1.04,6.83,-0.55,1.26,0.93,-2.29,0.89,9.83,-0.07,0.50,-0.10
331.72,-61.92,7.48,0.86,6.89,-0.57,1.30,0.85,-2.38,0.83,9.87,-0.08,0.48,-0.11
331.73,-61.04,7.54,0.49,7.16,-0.58,1.37,0.70,-2.62,0.79,9.89,-0.09,0.47,-0.13
331.75,-60.54,7.35,0.25,7.36,-0.55,1.41,0.59,-2.80,0.79,9.78,-0.10,0.45,-0.13
331.76,-59.87,7.01,0.18,7.55,-0.50,1.45,0.45,-2.95,0.75,9.68,-0.11,0.43,-0.11
331.77,-58.74,6.42,0.14,7.70,-0.45,1.50,0.27,-3.16,0.59,9.62,-0.11,0.39,-0.10
331.80,-57.33,5.98,0.01,7.80,-0.46,1.56,0.18,-3.18,0.57,9.59,-0.11,0.35,-0.09
331.81,-56.39,5.76,-0.11,7.86,-0.48,1.59,0.17,-3.19,0.59,9.58,-0.11,0.32,-0.08
331.82,-55.49,5.61,-0.14,7.93,-0.49,1.62,0.18,-3.25,0.52,9.63,-0.11,0.30,-0.08
331.83,-54.50,5.45,-0.20,8.00,-0.50,1.64,0.19,-3.32,0.45,9.64,-0.10,0.28,-0.08
331.85,-53.50,5.32,-0.33,8.08,-0.51,1.64,0.20,-3.35,0.41,9.70,-0.10,0.27,-0.08
331.86,-52.18,5.18,-0.41,8.17,-0.51,1.65,0.21,-3.33,0.37,9.73,-0.10,0.26,-0.05
331.88,-50.63,4.90,-0.48,8.22,-0.50,1.66,0.21,-3.22,0.42,9.64,-0.10,0.25,-0.03
331.89,-49.56,4.65,-0.48,8.20,-0.50,1.67,0.23,-3.11,0.49,9.53,-0.10,0.25,-0.01
331.90,-48.25,4.57,-0.50,8.12,-0.50,1.67,0.30,-2.90,0.62,9.53,-0.10,0.25,0.03
331.93,-46.07,4.34,-0.85,7.84,-0.48,1.66,0.30,-2.65,0.31,9.83,-0.06,0.23,0.01
331.94,-44.67,3.97,-1.00,7.77,-0.48,1.63,0.26,-2.60,0.14,9.87,-0.04,0.21,-0.03
331.96,-43.49,3.66,-1.08,7.91,-0.52,1.59,0.23,-2.55,0.12,9.81,-0.03,0.20,-0.05
331.97,-42.25,3.42,-1.21,8.14,-0.55,1.55,0.23,-2.37,0.31,9.63,-0.05,0.18,-0.03
331.98,-40.91,3.25,-1.28,8.35,-0.55,1.50,0.25,-2.19,0.43,9.54,-0.08,0.16,-0.02
332.00,-39.32,3.29,-1.38,8.57,-0.54,1.42,0.31,-2.21,0.41,9.52,-0.09,0.13,-0.03
332.01,-37.98,3.60,-1.50,8.70,-0.52,1.36,0.34,-2.24,0.33,9.52,-0.09,0.10,-0.03
332.02,-36.85,3.90,-1.67,8.76,-0.52,1.32,0.29,-2.42,0.12,9.64,-0.09,0.07,-0.05
332.04,-36.14,4.11,-1.82,8.88,-0.54,1.31,0.19,-2.55,0.10,9.60,-0.10,0.09,-0.04
332.05,-35.37,4.10,-2.14,9.01,-0.54,1.30,0.06,-2.63,0.09,9.61,-0.11,0.13,-0.03
332.07,-34.64,3.79,-2.38,8.94,-0.49,1.29,-0.01,-2.57,-0.02,9.70,-0.11,0.15,-0.03
332.08,-33.76,3.40,-2.47,8.74,-0.45,1.29,-0.05,-2.21,-0.16,9.79,-0.10,0.18,-0.06
332.10,-32.27,3.00,-2.55,8.55,-0.45,1.30,-0.07,-1.86,-0.34,9.91,-0.08,0.21,-0.16
332.12,-31.18,2.77,-2.54,8.50,-0.46,1.30,-0.06,-2.04,-0.43,9.94,-0.07,0.23,-0.25
332.13,-30.38,2.56,-2.47,8.56,-0.47,1.29,-0.07,-2.39,-0.28,9.85,-0.07,0.26,-0.29
332.14,-29.67,2.34,-2.41,8.72,-0.49,1.27,-0.05,-2.61,-0.10,9.78,-0.08,0.28,-0.28
332.15,-28.94,2.10,-2.43,8.94,-0.51,1.26,-0.01,-2.64,0.04,9.81,-0.09,0.31,-0.24
332.17,-27.45,1.72,-2.47,9.35,-0.49,1.24,0.16,-2.85,0.13,9.98,-0.09,0.33,-0.23
332.19,-26.49,1.52,-2.40,9.57,-0.45,1.23,0.23,-3.44,0.14,9.82,-0.10,0.37,-0.19
332.21,-26.06,1.38,-2.44,9.71,-0.41,1.22,0.25,-3.75,0.13,9.58,-0.11,0.40,-0.09
332.22,-25.81,1.28,-2.58,9.82,-0.35,1.23,0.28,-3.77,0.15,9.39,-0.12,0.42,0.01
332.24,-25.09,1.23,-2.58,9.80,-0.20,1.24,0.29,-3.47,0.23,9.37,-0.11,0.43,0.08
332.25,-24.39,1.18,-2.44,9.69,-0.07,1.24,0.26,-3.19,0.37,9.52,-0.10,0.45,0.12
332.27,-23.88,1.13,-2.34,9.55,0.02,1.21,0.23,-3.00,0.43,9.62,-0.08,0.47,0.14
332.28,-23.39,1.08,-2.19,9.36,0.08,1.17,0.18,-2.81,0.42,9.68,-0.05,0.50,0.16
332.30,-22.65,0.96,-2.04,9.13,0.10,1.08,0.11,-2.65,0.33,9.70,-0.03,0.56,0.18
332.31,-22.23,0.88,-1.99,9.05,0.06,1.02,0.05,-2.59,0.31,9.67,-0.04,0.60,0.19
332.32,-21.86,0.80,-2.03,9.07,-0.01,0.98,0.01,-2.65,0.26,9.77,-0.05,0.66,0.20
332.33,-21.60,0.65,-2.09,9.23,-0.08,0.97,0.03,-2.84,0.21,9.89,-0.06,0.72,0.21
332.35,-21.12,0.38,-1.96,9.49,-0.17,0.97,0.16,-3.01,0.24,9.97,-0.10,0.76,0.24
332.37,-20.73,0.08,-1.89,9.69,-0.23,0.98,0.33,-3.03,0.37,10.02,-0.13,0.81,0.28
332.38,-20.38,0.04,-2.00,9.87,-0.25,0.97,0.46,-2.93,0.53,10.06,-0.15,0.83,0.29
332.39,-20.10,0.39,-2.11,10.05,-0.26,0.99,0.55,-2.59,0.69,10.24,-0.17,0.87,0.29
332.40,-19.76,1.14,-2.19,10.11,-0.29,1.01,0.59,-2.07,0.77,10.50,-0.19,0.92,0.24
332.42,-19.62,1.93,-2.31,9.98,-0.32,1.01,0.48,-1.69,0.71,10.69,-0.20,0.99,0.13
332.44,-19.70,2.53,-2.43,9.97,-0.35,0.98,0.27,-1.32,0.79,10.82,-0.21,1.08,0.02
332.45,-19.99,2.92,-2.70,10.48,-0.36,0.94,-0.01,-1.00,1.02,11.11,-0.23,1.18,-0.08
332.47,-20.11,2.90,-2.81,10.89,-0.33,0.89,-0.17,-0.84,1.16,11.64,-0.25,1.27,-0.16
332.48,-20.28,2.74,-2.87,11.29,-0.29,0.80,-0.27,-0.77,1.36,12.12,-0.26,1.35,-0.23
332.49,-20.46,2.57,-2.84,11.57,-0.24,0.68,-0.33,-0.71,1.60,12.51,-0.27,1.42,-0.28
332.50,-20.73,2.48,-2.64,11.73,-0.18,0.53,-0.35,-0.80,1.81,12.71,-0.28,1.52,-0.31
332.52,-21.43,2.46,-2.61,11.85,-0.07,0.28,-0.33,-0.95,2.06,12.56,-0.30,1.60,-0.22
332.54,-22.48,2.65,-2.79,11.48,0.24,-0.03,-0.19,0.13,2.60,11.66,-0.37,1.76,-0.08
332.56,-23.30,3.18,-2.56,10.72,0.63,-0.34,0.05,1.68,3.03,11.22,-0.48,1.88,-0.04
332.57,-24.02,3.73,-1.91,10.07,0.88,-0.60,0.22,2.10,3.09,11.30,-0.55,1.94,-0.10
332.59,-26.00,4.34,-0.57,9.27,1.12,-1.04,0.33,1.46,2.80,12.05,-0.64,1.94,-0.17
332.60,-28.20,4.14,0.34,9.30,1.17,-1.40,0.20,-0.47,2.66,13.09,-0.73,1.84,-0.45
332.62,-32.08,3.26,0.87,10.67,1.10,-1.90,-0.25,-3.73,2.04,13.38,-0.79,1.67,-0.65
332.64,-37.59,1.58,-0.07,13.04,1.03,-2.22,-0.92,-7.07,0.32,11.61,-0.86,1.35,-0.61
332.67,-40.42,0.44,-1.18,13.87,1.10,-2.23,-1.01,-8.42,-1.67,10.49,-0.71,1.06,-0.45
332.68,-42.44,-0.45,-1.83,13.84,1.22,-2.21,-0.90,-9.24,-2.73,9.73,-0.54,0.82,-0.23
332.69,-44.32,-0.98,-2.13,13.19,1.33,-2.24,-0.61,-9.22,-2.68,8.83,-0.50,0.55,0.08
332.71,-46.55,-0.69,-2.27,12.34,1.24,-2.33,-0.35,-8.53,-2.57,8.00,-0.50,0.05,0.37
332.73,-48.30,-0.07,-2.40,11.95,0.97,-2.43,-0.26,-7.99,-3.00,7.72,-0.34,-0.50,0.18
332.74,-49.24,-0.07,-2.64,11.78,0.82,-2.49,-0.32,-8.06,-3.32,7.47,-0.10,-0.88,-0.12
332.75,-50.04,-0.03,-2.75,11.62,0.72,-2.56,-0.41,-8.50,-3.70,7.05,0.17,-1.24,-0.41
332.77,-50.80,0.04,-2.55,11.52,0.63,-2.60,-0.56,-9.03,-4.13,6.57,0.45,-1.61,-0.63
332.78,-51.47,-0.27,-2.25,11.28,0.49,-2.61,-0.73,-9.38,-4.36,6.04,0.73,-1.97,-0.76
332.79,-51.96,-0.43,-2.11,11.11,0.37,-2.64,-0.86,-9.51,-4.49,5.53,1.01,-2.29,-0.80
332.80,-52.34,-0.56,-2.03,10.77,0.25,-2.61,-0.95,-9.70,-4.46,5.12,1.27,-2.56,-0.73
332.81,-52.60,-0.61,-2.23,10.49,0.16,-2.56,-0.97,-9.89,-4.23,4.73,1.50,-2.79,-0.59
332.83,-52.80,-0.55,-2.33,10.14,0.08,-2.44,-0.92,-9.71,-3.76,4.07,1.73,-3.08,-0.35
332.84,-52.92,-0.54,-2.31,9.50,-0.01,-2.23,-0.82,-9.29,-3.24,3.27,1.92,-3.28,-0.27
332.86,-52.76,-0.66,-2.16,8.74,-0.09,-1.97,-0.72,-9.17,-2.95,2.80,2.08,-3.50,-0.24
332.87,-52.43,-0.81,-1.95,8.14,-0.17,-1.74,-0.65,-9.30,-3.03,2.44,2.25,-3.74,-0.18
332.88,-51.79,-0.96,-1.67,7.63,-0.25,-1.49,-0.60,-9.36,-3.03,2.35,2.42,-3.97,-0.03
332.89,-50.29,-1.07,-1.10,7.08,-0.34,-1.09,-0.61,-9.03,-2.05,2.27,2.57,-4.19,0.38
332.91,-49.00,-1.01,-0.62,6.86,-0.36,-0.81,-0.71,-8.58,-1.39,2.41,2.54,-4.26,0.63
332.93,-46.57,-0.83,0.24,6.50,-0.29,-0.39,-0.96,-7.42,-0.36,2.97,2.47,-4.31,0.74
332.94,-43.80,-0.54,0.81,6.12,-0.20,-0.08,-1.14,-5.88,0.55,3.97,2.35,-4.34,0.87
332.96,-40.21,-0.02,1.05,5.88,-0.12,0.18,-1.21,-4.36,1.08,5.54,2.14,-4.25,0.95
332.97,-36.85,0.59,1.15,5.93,-0.07,0.32,-1.16,-3.09,1.43,7.19,1.98,-4.11,0.96
332.98,-31.43,2.00,1.72,6.90,-0.00,0.43,-0.79,-0.89,2.52,9.54,1.77,-3.85,0.85
333.00,-27.28,3.44,2.46,8.13,0.04,0.39,-0.30,0.98,3.45,10.33,1.59,-3.44,0.69
333.02,-24.44,5.24,2.98,8.98,0.01,0.24,0.12,2.30,3.82,10.22,1.40,-2.94,0.58
333.03,-21.78,8.12,3.18,9.54,-0.10,-0.04,0.40,3.38,3.40,9.78,1.06,-2.15,0.47
333.04,-21.50,10.81,2.73,10.08,-0.23,-0.28,0.37,3.55,2.80,9.36,0.70,-1.47,0.39
333.06,-20.94,10.78,1.79,10.17,-0.36,-0.37,0.23,2.44,1.89,8.89,0.34,-0.80,0.31
333.07,-22.15,8.72,0.38,9.69,-0.49,-0.33,0.29,0.02,0.47,8.19,-0.08,0.02,0.24
333.08,-24.11,5.95,-1.00,8.75,-0.56,-0.19,0.61,-1.75,-0.39,7.93,-0.48,0.74,0.26
333.10,-26.41,3.68,-1.49,7.95,-0.60,-0.06,1.11,-2.42,-0.29,7.97,-0.82,1.18,0.39
333.11,-28.44,2.07,-1.30,7.97,-0.71,0.10,1.64,-1.57,3.49,8.85,-1.38,1.48,0.92
333.13,-28.34,1.79,-0.52,10.06,-0.84,0.26,1.83,0.80,5.75,13.91,-1.70,1.08,1.15
333.14,-26.17,6.20,0.19,15.29,-0.21,0.61,1.22,4.45,3.87,17.02,-0.70,1.01,-0.27
333.17,-26.10,9.28,-0.09,13.65,0.13,0.49,0.99,2.13,2.80,13.51,-0.36,1.29,-1.00
333.18,-27.84,10.29,-0.23,10.74,0.07,0.44,0.39,-1.07,1.39,10.57,-0.27,1.50,-1.40
333.20,-30.24,7.51,-0.39,9.56,-0.18,0.44,-0.20,-3.38,0.13,8.78,-0.37,1.60,-1.47
333.21,-32.55,3.77,-0.58,8.77,-0.46,0.47,-0.57,-4.67,-0.74,7.75,-0.55,1.58,-1.30
333.22,-34.58,0.76,-1.04,8.27,-0.81,0.59,-0.72,-5.33,-1.33,7.61,-0.67,1.43,-0.97
333.23,-34.27,-1.45,-2.30,8.17,-1.13,0.85,-0.72,-5.35,-1.32,8.15,-0.69,1.22,-0.73
333.24,-33.14,-2.45,-3.60,8.68,-1.19,1.16,-0.41,-4.94,-1.12,9.24,-0.73,0.91,-0.50
333.26,-31.81,-1.20,-4.09,9.93,-0.92,1.42,-0.00,-4.67,-0.99,10.07,-0.73,0.73,-0.32
333.27,-30.62,0.33,-3.92,10.40,-0.70,1.55,0.25,-4.67,-0.58,10.23,-0.69,0.69,-0.17
333.29,-30.26,1.71,-3.24,10.28,-0.58,1.57,0.37,-4.20,-0.10,10.29,-0.64,0.72,-0.03
333.30,-29.84,2.39,-2.44,10.01,-0.57,1.54,0.34,-3.29,0.01,10.51,-0.57,0.78,0.02
333.31,-29.14,2.04,-2.09,9.82,-0.62,1.46,0.24,-2.41,-0.10,10.39,-0.47,0.81,-0.11
333.33,-27.90,1.40,-2.39,9.82,-0.61,1.41,0.17,-1.96,-0.23,9.95,-0.39,0.75,-0.20
333.34,-26.95,1.12,-2.70,9.68,-0.57,1.42,0.16,-2.20,-0.26,10.01,-0.38,0.69,-0.26
333.36,-26.07,0.99,-2.88,9.48,-0.52,1.44,0.23,-2.71,-0.33,10.24,-0.37,0.65,-0.22
333.37,-25.22,1.19,-3.08,9.21,-0.47,1.44,0.38,-3.20,-0.29,10.31,-0.36,0.65,-0.11
333.38,-24.59,1.40,-3.16,9.12,-0.46,1.40,0.54,-3.21,-0.16,10.20,-0.34,0.68,0.03
333.40,-23.80,1.52,-2.86,9.35,-0.44,1.31,0.71,-2.49,0.15,9.99,-0.30,0.73,0.25
333.42,-23.03,1.44,-2.65,9.56,-0.35,1.24,0.69,-1.88,0.13,9.91,-0.32,0.76,0.27
333.44,-22.52,1.34,-2.58,9.55,-0.28,1.24,0.65,-1.93,0.10,9.96,-0.34,0.78,0.28
333.45,-21.90,1.10,-2.49,9.37,-0.22,1.24,0.62,-2.18,0.03,10.13,-0.36,0.79,0.32
333.47,-21.46,1.02,-2.49,9.24,-0.22,1.21,0.61,-2.29,0.07,10.20,-0.37,0.81,0.36
333.48,-21.07,0.97,-2.47,9.18,-0.22,1.18,0.62,-2.34,0.12,10.11,-0.40,0.83,0.42
333.49,-20.68,0.88,-2.38,9.25,-0.23,1.14,0.60,-2.47,0.12,10.03,-0.43,0.87,0.48
333.50,-20.42,0.74,-2.24,9.24,-0.25,1.14,0.59,-2.55,0.07,10.00,-0.46,0.90,0.58
333.52,-20.09,0.53,-1.97,9.25,-0.31,1.18,0.64,-2.19,0.09,9.98,-0.47,0.93,0.66
333.53,-19.31,0.18,-1.80,9.34,-0.38,1.21,0.80,-1.48,0.30,9.92,-0.47,0.96,0.70
333.54,-18.55,0.13,-1.91,9.42,-0.40,1.21,0.97,-0.87,0.44,9.84,-0.47,0.98,0.70
333.56,-17.49,0.41,-1.99,9.24,-0.38,1.19,1.13,-0.18,0.57,9.72,-0.45,0.99,0.67
333.57,-16.75,0.99,-2.11,8.94,-0.35,1.15,1.24,0.46,0.69,9.57,-0.42,1.02,0.59
333.58,-15.56,2.02,-2.28,8.86,-0.34,1.06,1.29,0.85,0.78,9.68,-0.39,1.11,0.48
333.60,-15.48,2.57,-2.28,9.02,-0.33,0.98,1.23,0.77,0.74,10.02,-0.38,1.19,0.39
333.61,-15.73,2.86,-2.02,9.57,-0.33,0.83,1.02,0.43,0.74,10.55,-0.38,1.32,0.34
333.63,-15.86,2.80,-1.95,9.89,-0.34,0.78,0.94,0.03,0.84,10.97,-0.38,1.44,0.29
333.64,-16.22,2.65,-2.04,10.32,-0.33,0.74,0.86,-0.24,0.99,11.19,-0.39,1.55,0.27
333.65,-16.69,2.54,-2.19,10.61,-0.30,0.71,0.83,-0.32,1.10,11.31,-0.40,1.65,0.27
333.67,-17.49,2.69,-2.37,10.85,-0.26,0.63,0.85,-0.20,1.27,11.47,-0.42,1.79,0.29
333.68,-18.34,3.04,-2.53,11.01,-0.25,0.52,0.81,-0.08,1.34,11.76,-0.44,1.93,0.29
333.69,-18.96,3.29,-2.65,11.18,-0.24,0.44,0.74,0.03,1.55,12.11,-0.44,2.04,0.25
333.71,-20.14,3.63,-2.74,11.47,-0.17,0.28,0.52,0.28,2.08,12.55,-0.46,2.16,0.21
333.72,-21.18,3.80,-2.47,11.62,-0.08,0.12,0.34,0.61,2.71,12.65,-0.48,2.26,0.17
333.73,-22.29,4.01,-2.30,11.90,0.04,-0.07,0.18,0.92,3.55,12.61,-0.53,2.35,0.14
333.75,-23.46,4.27,-2.16,12.20,0.25,-0.30,0.07,1.26,4.44,12.59,-0.64,2.43,0.16
333.76,-26.26,4.90,-0.69,11.75,0.82,-0.78,0.10,1.56,5.17,12.94,-0.89,2.49,0.19
333.78,-27.89,4.96,0.13,11.19,1.10,-1.02,0.19,1.42,4.86,13.20,-0.95,2.44,0.17
333.79,-30.47,3.93,0.68,10.13,1.40,-1.42,0.19,0.07,3.48,13.16,-0.89,2.31,0.03
333.81,-32.50,2.88,0.80,10.04,1.44,-1.74,0.08,-2.01,2.71,13.10,-0.86,2.17,-0.32
333.83,-35.35,1.78,0.81,10.80,1.37,-2.08,-0.20,-5.13,1.51,12.92,-0.78,1.97,-0.67
333.84,-38.49,0.99,0.23,12.28,1.18,-2.33,-0.65,-7.71,0.27,12.23,-0.78,1.75,-0.72
333.86,-42.15,0.24,-1.72,14.65,1.08,-2.38,-1.06,-9.30,-1.94,11.32,-0.55,1.37,-0.46
333.87,-43.99,-0.20,-2.66,15.42,1.23,-2.30,-1.01,-10.27,-3.33,10.69,-0.37,1.07,-0.09
333.89,-46.99,-0.52,-3.05,14.77,1.45,-2.27,-0.50,-10.64,-3.71,9.50,-0.30,0.76,0.39
333.90,-49.08,-0.39,-3.00,13.81,1.48,-2.29,-0.13,-9.82,-3.14,8.28,-0.35,0.43,0.68
333.91,-50.39,-0.12,-2.67,12.85,1.41,-2.33,0.06,-9.08,-3.14,7.39,-0.35,0.04,0.72
333.93,-52.41,-0.08,-2.34,11.71,1.11,-2.40,0.04,-8.70,-3.37,6.42,-0.17,-0.48,0.47
333.94,-53.91,-0.17,-2.37,11.17,0.87,-2.47,-0.08,-9.06,-3.63,5.42,0.25,-1.14,0.04
333.96,-54.69,-0.44,-2.15,10.92,0.71,-2.51,-0.23,-9.39,-3.89,4.82,0.54,-1.59,-0.23
333.97,-55.47,-0.77,-1.69,10.81,0.51,-2.55,-0.44,-9.41,-4.20,4.22,0.79,-2.02,-0.43
333.98,-55.88,-1.03,-1.45,10.69,0.32,-2.58,-0.69,-9.48,-4.37,3.63,1.00,-2.41,-0.55
333.99,-56.23,-1.50,-1.77,10.70,0.12,-2.56,-0.95,-9.76,-4.34,3.15,1.18,-2.80,-0.57
334.01,-56.35,-1.52,-2.38,10.61,0.07,-2.44,-0.99,-10.21,-4.27,2.80,1.39,-3.07,-0.47
334.02,-56.36,-1.26,-2.56,10.18,0.07,-2.29,-0.91,-10.37,-4.05,2.31,1.58,-3.37,-0.20
334.04,-56.23,-1.06,-2.48,9.41,0.02,-2.09,-0.80,-10.23,-3.89,1.86,1.69,-3.57,0.04
334.05,-56.04,-1.06,-2.45,8.49,-0.09,-1.87,-0.68,-9.98,-3.74,1.40,1.81,-3.80,0.25
334.06,-55.41,-1.26,-2.34,7.51,-0.27,-1.55,-0.51,-9.68,-3.51,0.75,1.98,-3.99,0.33
334.07,-54.72,-1.53,-2.16,6.94,-0.43,-1.28,-0.40,-9.36,-3.46,0.46,2.10,-4.24,0.52
334.09,-53.27,-1.83,-1.94,6.42,-0.60,-0.91,-0.33,-8.84,-3.04,0.33,2.16,-4.40,0.73
334.10,-51.65,-2.04,-1.79,6.09,-0.70,-0.60,-0.31,-8.61,-2.30,0.44,2.11,-4.58,0.91
334.11,-49.60,-2.09,-1.41,5.84,-0.72,-0.28,-0.35,-7.88,-1.42,0.87,2.03,-4.79,1.02
334.13,-47.07,-2.06,-0.66,5.66,-0.69,0.01,-0.48,-6.27,-0.47,1.97,1.90,-4.99,1.24
334.14,-39.13,-1.33,0.95,5.68,-0.57,0.45,-0.87,-2.39,1.35,5.80,1.36,-4.90,1.32
334.16,-36.01,-0.67,1.51,5.95,-0.54,0.60,-1.02,-1.82,1.48,6.98,1.22,-4.79,1.29
334.18,-32.19,0.18,1.84,6.41,-0.51,0.70,-1.11,-1.30,1.18,9.38,1.00,-4.56,1.20
334.19,-25.83,2.69,1.64,7.61,-0.47,0.68,-0.79,-0.28,1.00,10.82,0.89,-4.21,1.06
334.20,-20.75,5.34,1.20,8.56,-0.55,0.48,-0.23,2.53,2.24,10.38,0.67,-3.54,0.83
334.21,-19.62,9.15,0.52,9.32,-0.66,0.14,0.36,4.52,2.70,10.07,0.48,-2.92,0.57
334.23,-17.59,11.66,0.46,9.39,-0.69,-0.10,0.48,5.91,2.52,9.71,0.19,-2.00,0.17
334.24,-15.96,11.55,0.59,8.90,-0.70,-0.22,0.33,5.30,2.03,9.17,-0.10,-1.04,-0.25
334.25,-16.76,9.79,0.21,8.34,-0.81,-0.22,0.10,2.51,1.54,8.65,-0.44,-0.00,-0.75
334.27,-18.50,7.36,-0.28,8.36,-0.85,-0.12,-0.01,0.82,1.40,8.84,-0.66,0.60,-0.90
334.29,-20.17,4.75,-0.22,9.31,-0.89,0.03,0.03,0.34,3.92,9.84,-0.95,0.84,-0.78
334.30,-20.54,3.76,0.42,11.05,-0.99,0.16,0.05,0.82,6.71,12.45,-1.11,0.72,-0.63
334.31,-19.92,4.18,0.60,15.03,-0.85,0.35,-0.08,2.80,5.59,16.80,-0.84,0.67,-0.73
334.33,-19.48,6.00,0.09,16.03,-0.35,0.38,-0.13,3.47,4.66,16.80,-0.51,0.96,-1.07
334.35,-19.96,8.45,-0.12,14.07,0.02,0.19,-0.26,1.90,3.12,14.67,-0.23,1.35,-1.48
334.36,-21.97,8.84,-0.63,11.86,0.06,0.06,-0.52,-0.84,1.32,11.62,-0.15,1.71,-1.91
334.37,-23.99,6.71,-1.14,10.77,0.02,0.05,-0.78,-3.05,-0.07,9.75,-0.24,1.85,-1.94
334.38,-27.02,2.67,-0.91,9.51,-0.19,0.15,-1.13,-4.94,-1.47,8.42,-0.47,1.87,-1.69
334.40,-29.68,-0.31,-1.23,8.55,-0.65,0.32,-1.27,-6.77,-2.49,7.86,-0.69,1.77,-1.18
334.41,-30.54,-2.92,-2.58,8.23,-1.11,0.58,-1.23,-7.75,-2.29,7.76,-0.68,1.60,-0.80
334.41,-29.84,-3.44,-2.97,8.23,-1.19,0.65,-1.18,-7.88,-2.23,7.73,-0.68,1.55,-0.72
334.45,-29.37,-4.58,-5.04,8.82,-1.28,0.99,-0.48,-7.14,-1.92,8.06,-0.68,1.16,-0.31
334.46,-31.37,-4.26,-5.36,9.11,-1.18,1.09,-0.19,-5.23,-1.09,9.29,-0.60,0.81,-0.13
334.48,-31.17,-4.02,-5.42,9.26,-1.11,1.13,-0.05,-4.67,-0.76,9.59,-0.56,0.75,-0.11
334.50,-30.88,-3.74,-5.42,9.39,-1.05,1.17,0.09,-3.84,-0.25,9.92,-0.50,0.70,-0.12
334.50,-30.38,-3.42,-5.35,9.50,-0.98,1.22,0.22,-3.84,-0.25,9.92,-0.50,0.70,-0.12
334.53,-28.98,-2.22,-4.82,9.80,-0.80,1.33,0.61,-2.85,0.28,10.18,-0.45,0.67,-0.22
334.55,-26.30,0.93,-2.87,10.30,-0.59,1.46,0.74,-2.17,0.37,10.15,-0.43,0.67,-0.52
334.56,-25.48,2.47,-1.88,10.29,-0.54,1.39,0.59,-2.58,0.01,9.97,-0.43,0.67,-0.64
334.58,-25.28,2.51,-1.79,10.25,-0.54,1.23,0.32,-3.23,-0.55,10.15,-0.40,0.62,-0.59
334.59,-25.05,1.84,-2.30,10.11,-0.54,1.14,0.15,-3.56,-0.52,10.32,-0.38,0.56,-0.46
334.60,-24.79,1.27,-2.90,9.61,-0.56,1.10,0.09,-3.48,-0.31,10.27,-0.31,0.54,-0.28
334.61,-24.26,1.09,-3.08,9.27,-0.57,1.07,0.11,-2.97,-0.03,10.00,-0.21,0.55,-0.14
334.62,-23.58,1.23,-3.21,9.33,-0.57,1.06,0.23,-2.42,0.36,9.90,-0.15,0.55,-0.09
334.64,-22.86,1.27,-3.15,9.52,-0.53,1.06,0.37,-2.00,0.57,9.90,-0.14,0.55,-0.12
334.65,-22.08,1.28,-2.56,9.64,-0.45,1.04,0.47,-2.09,0.35,9.88,-0.16,0.57,-0.13
334.66,-21.40,1.11,-2.08,9.70,-0.39,1.01,0.45,-2.37,0.22,9.81,-0.16,0.57,-0.09
334.68,-20.89,0.72,-2.18,9.75,-0.34,0.98,0.45,-2.69,0.31,9.85,-0.15,0.58,0.12
334.69,-20.31,0.52,-2.44,9.80,-0.22,0.93,0.65,-2.93,0.15,9.81,-0.23,0.62,0.26
334.70,-19.92,0.54,-2.51,9.75,-0.13,0.88,0.76,-2.88,0.08,9.72,-0.27,0.66,0.47
334.72,-19.74,0.62,-2.56,9.64,-0.06,0.81,0.82,-2.53,0.20,9.65,-0.27,0.68,0.56
334.73,-19.41,0.86,-2.48,9.46,-0.01,0.74,0.84,-1.92,0.38,9.69,-0.26,0.68,0.59
334.74,-19.06,1.05,-2.33,9.34,-0.01,0.69,0.86,-1.48,0.39,9.85,-0.23,0.69,0.53
334.75,-18.88,1.18,-2.10,9.32,-0.04,0.71,0.91,-1.47,0.51,9.88,-0.22,0.74,0.49
334.77,-18.82,1.26,-2.04,9.49,-0.07,0.73,0.93,-1.80,0.26,9.90,-0.27,0.78,0.47
334.79,-18.80,1.27,-2.24,9.49,-0.07,0.74,0.94,-2.01,-0.03,9.84,-0.31,0.84,0.50
334.80,-18.90,1.16,-2.44,9.32,-0.06,0.74,0.96,-2.11,-0.19,9.78,-0.34,0.89,0.58
334.82,-18.91,0.81,-2.60,9.15,-0.10,0.77,1.04,-1.89,-0.23,9.76,-0.37,0.93,0.64
334.83,-18.76,0.85,-2.72,9.27,-0.12,0.79,1.16,-1.63,-0.18,9.87,-0.38,0.96,0.66
334.84,-18.55,1.30,-2.84,9.47,-0.12,0.78,1.27,-1.07,-0.13,10.09,-0.38,0.99,0.66
334.86,-18.28,1.91,-2.87,9.59,-0.10,0.73,1.34,-0.36,0.09,10.47,-0.37,1.07,0.62
334.88,-18.41,2.50,-2.79,9.72,-0.11,0.65,1.32,-0.04,0.28,10.74,-0.37,1.14,0.55
334.89,-18.45,2.97,-2.77,10.02,-0.14,0.57,1.22,0.23,0.68,11.15,-0.37,1.25,0.48
334.90,-18.91,3.31,-2.70,10.37,-0.15,0.46,1.07,0.27,0.98,11.52,-0.37,1.35,0.41
334.91,-19.31,3.46,-2.49,10.64,-0.15,0.33,0.90,0.29,1.22,11.85,-0.38,1.45,0.34
334.93,-20.39,3.62,-2.26,11.14,-0.13,0.10,0.68,0.30,1.78,12.08,-0.39,1.59,0.30
334.94,-21.22,3.63,-2.19,11.47,-0.06,-0.06,0.58,0.21,2.34,12.14,-0.44,1.71,0.30
334.96,-22.43,3.48,-1.96,11.70,0.09,-0.29,0.51,0.15,3.14,12.06,-0.55,1.88,0.35
334.97,-23.81,3.39,-1.60,11.71,0.28,-0.52,0.51,0.20,3.53,12.02,-0.66,1.99,0.47
334.98,-25.03,3.40,-1.22,11.55,0.44,-0.71,0.58,0.40,4.18,12.03,-0.83,2.12,0.62
335.00,-26.34,3.54,-0.64,11.22,0.63,-0.90,0.70,0.47,4.96,12.13,-1.00,2.15,0.79
335.01,-28.24,3.96,0.35,10.68,0.92,-1.13,0.97,0.27,5.52,12.33,-1.20,2.14,0.94
335.02,-30.59,4.07,1.15,9.99,1.15,-1.46,1.15,-0.71,4.57,12.94,-1.38,2.13,1.21
335.04,-33.98,3.64,1.84,9.68,1.24,-1.95,1.14,-2.56,3.34,13.22,-1.42,2.04,1.08
335.06,-37.53,2.45,2.20,10.57,1.18,-2.26,0.89,-5.72,2.01,12.21,-1.38,1.89,0.82
335.07,-39.90,1.10,1.98,11.77,1.02,-2.36,0.57,-7.49,0.83,11.16,-1.36,1.77,0.62
335.08,-43.14,-0.70,0.62,13.45,0.77,-2.34,0.13,-9.73,-0.34,9.75,-1.33,1.61,0.66
335.10,-46.04,-2.16,-1.37,14.59,0.76,-2.27,-0.03,-10.67,-1.67,8.24,-1.27,1.39,1.06
335.11,-47.59,-3.38,-2.53,14.63,0.99,-2.20,0.13,-10.87,-2.03,7.07,-1.22,1.19,1.40
335.12,-50.34,-3.67,-2.72,13.25,1.19,-2.16,0.58,-10.16,-1.32,5.56,-1.29,0.70,1.78
335.14,-52.17,-2.53,-2.86,11.75,1.08,-2.19,1.01,-8.99,-1.12,4.61,-1.24,0.23,1.74
335.15,-53.55,-1.57,-2.81,11.10,0.91,-2.23,1.14,-8.61,-1.08,4.23,-1.05,-0.74,0.94
335.18,-55.73,-0.51,-2.42,10.72,0.60,-2.25,1.18,-8.83,-1.26,3.78,-0.50,-1.27,0.48
335.19,-56.76,-0.60,-2.02,10.66,0.40,-2.17,1.14,-8.75,-1.43,3.69,-0.23,-1.83,-0.06
335.20,-57.00,-1.05,-1.67,10.43,0.25,-2.07,0.99,-8.25,-1.61,3.88,0.22,-2.30,-0.56
335.22,-56.64,-1.38,-1.37,10.17,0.16,-1.97,0.80,-8.21,-1.81,3.94,0.49,-2.60,-0.81
335.23,-55.83,-1.52,-1.15,9.82,0.08,-1.83,0.56,-8.68,-2.07,3.80,0.63,-2.91,-0.78
335.25,-55.13,-1.36,-1.03,9.55,0.04,-1.70,0.43,-9.51,-2.46,3.45,0.63,-3.09,-0.53
335.26,-54.47,-1.18,-1.04,9.20,0.01,-1.54,0.35,-10.43,-2.74,3.14,0.59,-3.24,-0.11
335.27,-53.89,-0.92,-0.98,8.74,-0.01,-1.37,0.35,-10.76,-2.79,2.73,0.62,-3.39,0.33
335.28,-53.38,-0.57,-0.63,8.25,-0.03,-1.20,0.37,-10.74,-2.64,2.26,0.74,-3.59,0.81
335.30,-52.72,-0.06,0.25,7.53,-0.14,-0.90,0.28,-10.20,-2.04,1.79,0.89,-3.65,1.13
335.31,-52.32,0.13,0.53,7.20,-0.26,-0.67,0.11,-9.30,-1.33,1.64,0.81,-3.64,1.51
335.32,-51.67,0.29,0.41,7.09,-0.35,-0.36,-0.16,-8.07,-0.81,1.97,0.58,-3.57,2.03
335.34,-50.36,0.22,-0.08,7.08,-0.30,-0.06,-0.38,-6.75,-0.62,3.18,0.23,-3.45,2.39
335.35,-48.65,0.10,-0.43,7.07,-0.21,0.13,-0.39,-6.27,-0.72,4.21,-0.02,-3.38,2.66
335.37,-46.51,0.10,-0.67,7.07,-0.11,0.26,-0.20,-5.97,-1.09,5.32,-0.25,-3.34,2.94
335.38,-43.57,0.26,-0.85,7.00,-0.05,0.36,0.27,-5.59,-1.78,6.26,-0.51,-3.14,3.42
335.39,-40.85,0.44,-0.96,7.05,-0.05,0.39,0.78,-4.79,-2.33,7.38,-0.77,-2.84,4.00
335.40,-38.87,0.77,-1.11,7.31,-0.09,0.39,1.35,-4.23,-2.50,8.46,-0.92,-2.54,4.51
335.42,-36.05,1.16,-1.59,8.01,-0.16,0.37,2.08,-3.14,-2.53,9.31,-1.01,-2.22,5.03
335.43,-33.69,1.37,-2.10,8.58,-0.14,0.29,2.66,-1.49,-2.27,9.84,-1.05,-1.88,5.42
335.44,-31.26,1.93,-2.41,9.26,-0.12,0.24,3.19,0.46,-1.61,10.42,-1.07,-1.49,5.58
335.45,-28.34,3.28,-2.74,9.88,-0.12,0.08,3.63,3.06,-1.03,11.62,-1.06,-1.02,5.26
335.47,-26.48,5.11,-2.80,10.07,-0.14,-0.12,3.78,4.89,0.17,12.98,-0.85,-0.64,4.71
335.48,-24.70,7.64,-2.41,10.36,-0.21,-0.29,3.72,6.28,1.67,13.66,-0.56,-0.37,3.91
335.49,-24.68,10.77,-1.86,11.33,-0.27,-0.33,3.34,7.08,3.28,14.33,-0.42,-0.04,3.02
335.51,-24.52,12.22,-1.23,12.60,-0.19,-0.28,2.76,7.56,4.62,15.12,-0.31,0.25,1.63
335.52,-24.16,12.32,-0.29,13.99,0.09,-0.24,1.83,6.74,4.73,16.00,-0.08,0.55,0.34
335.54,-24.97,10.17,0.57,13.41,0.61,-0.28,0.54,3.90,2.96,14.30,0.14,0.77,-0.58
335.56,-25.63,7.80,0.15,11.88,0.83,-0.18,-0.09,1.11,1.07,11.69,0.17,0.90,-1.05
335.57,-26.85,4.69,-0.36,9.93,0.84,-0.03,-0.55,-2.31,-0.61,9.66,0.14,0.92,-1.21
335.58,-27.82,0.91,-1.28,7.96,0.39,0.15,-0.78,-4.41,-2.18,8.22,0.12,0.88,-1.10
335.60,-28.85,-1.44,-2.64,7.27,-0.12,0.28,-0.57,-6.33,-3.32,7.40,0.09,0.77,-0.63
335.61,-28.13,-3.14,-4.22,7.40,-0.48,0.42,0.06,-7.09,-3.29,7.38,0.04,0.67,-0.07
335.62,-27.99,-3.07,-4.60,8.29,-0.52,0.50,0.80,-6.50,-1.89,8.08,0.01,0.48,0.95
335.65,-26.56,-1.20,-4.10,10.00,-0.30,0.56,1.53,-3.80,-0.27,9.68,0.01,0.27,1.07
335.66,-25.52,0.03,-3.61,10.61,-0.12,0.53,1.75,-2.53,0.30,10.62,0.04,0.20,1.01
335.67,-24.13,1.50,-3.00,10.92,0.09,0.41,1.87,-0.71,0.50,11.15,0.12,0.20,0.75
335.69,-23.49,2.51,-2.56,10.68,0.21,0.29,1.83,-0.22,0.39,10.92,0.15,0.21,0.36
335.70,-22.79,3.25,-2.19,9.84,0.26,0.16,1.51,-0.10,-0.03,10.13,0.15,0.21,0.13
335.72,-22.54,3.53,-2.24,9.30,0.21,0.11,1.17,0.06,-0.35,9.97,0.15,0.18,-0.08
335.73,-22.28,3.66,-2.58,9.07,0.12,0.10,0.83,-0.28,-0.65,10.06,0.15,0.14,-0.27
335.74,-22.37,3.77,-3.19,9.18,0.06,0.12,0.51,-0.86,-0.85,10.20,0.13,0.13,-0.35
335.75,-22.69,3.76,-3.49,9.34,0.08,0.16,0.33,-1.56,-0.91,10.36,0.11,0.13,-0.36
335.77,-23.09,3.47,-3.53,9.42,0.10,0.19,0.17,-2.46,-0.88,10.41,0.12,0.14,-0.22
335.79,-23.74,1.80,-3.33,9.58,0.06,0.19,0.01,-2.92,-0.79,10.18,0.14,0.19,0.02
335.81,-23.59,0.74,-3.39,9.84,0.09,0.17,0.13,-2.92,-0.70,9.91,0.15,0.21,0.14
335.82,-23.16,-0.02,-3.49,9.94,0.16,0.14,0.32,-2.90,-0.59,9.76,0.15,0.20,0.25
335.83,-22.62,-0.51,-3.57,9.91,0.26,0.10,0.61,-2.68,-0.51,9.77,0.14,0.18,0.35
335.85,-21.92,-0.59,-3.61,9.83,0.34,0.06,0.95,-2.59,-0.50,9.86,0.13,0.16,0.43
335.86,-21.33,-0.45,-3.70,9.79,0.42,0.03,1.30,-2.62,-0.55,9.90,0.12,0.16,0.52
335.87,-20.82,-0.18,-3.75,9.73,0.51,-0.01,1.62,-2.61,-0.57,9.94,0.13,0.15,0.62
335.88,-20.47,0.17,-3.69,9.60,0.59,-0.07,1.87,-2.53,-0.56,9.94,0.13,0.14,0.69
335.91,-20.35,0.37,-3.60,9.51,0.63,-0.11,1.96,-2.40,-0.47,9.94,0.13,0.14,0.81
335.92,-20.25,1.18,-3.12,9.28,0.65,-0.22,2.15,-2.20,-0.46,9.94,0.14,0.14,0.93
335.93,-20.35,1.55,-3.08,9.36,0.60,-0.27,2.19,-2.03,-0.47,9.94,0.15,0.15,1.00
335.94,-20.72,1.88,-3.23,9.54,0.59,-0.31,2.16,-2.03,-0.44,9.93,0.16,0.15,1.07
335.96,-21.19,1.96,-3.23,9.54,0.62,-0.31,2.13,-2.10,-0.40,10.01,0.16,0.15,1.12
335.97,-21.53,2.05,-3.05,9.49,0.63,-0.30,2.10,-2.07,-0.28,9.99,0.17,0.15,1.19
335.98,-21.78,2.18,-2.87,9.49,0.63,-0.28,2.07,-1.88,-0.11,9.95,0.16,0.15,1.26
336.00,-22.20,2.33,-2.54,9.35,0.63,-0.24,2.01,-1.51,0.14,9.96,0.15,0.16,1.31
336.01,-22.18,2.29,-2.34,9.16,0.63,-0.25,1.99,-1.08,0.31,10.00,0.14,0.17,1.31
336.02,-22.38,2.66,-2.06,9.18,0.54,-0.29,1.98,-0.73,0.40,10.16,0.13,0.20,1.28
336.04,-22.31,2.89,-2.18,9.26,0.48,-0.31,1.94,-0.30,0.48,10.47,0.16,0.26,1.23
336.06,-22.51,3.03,-2.19,9.29,0.47,-0.34,1.91,-0.18,0.93,10.54,0.22,0.31,1.21
336.07,-22.57,3.09,-1.91,9.36,0.47,-0.37,1.88,-0.36,1.52,10.40,0.24,0.39,1.24
336.08,-23.16,2.88,-1.36,9.51,0.49,-0.43,1.85,-0.97,1.96,10.12,0.23,0.51,1.33
336.10,-23.64,2.63,-1.25,9.65,0.51,-0.51,1.88,-1.20,2.20,9.91,0.20,0.58,1.50
336.11,-24.12,2.62,-1.39,9.79,0.55,-0.61,1.97,-0.83,2.53,9.86,0.14,0.65,1.71
336.12,-24.53,2.94,-1.53,9.81,0.62,-0.72,2.12,-0.06,3.08,9.89,0.05,0.73,1.89
336.13,-24.85,3.46,-1.40,9.76,0.71,-0.86,2.27,0.64,3.90,9.94,-0.08,0.80,2.03
336.14,-25.51,3.88,-0.94,9.71,0.81,-1.05,2.35,0.38,4.69,9.87,-0.26,0.90,2.23
336.17,-28.79,3.61,0.71,10.29,1.05,-1.55,2.30,-2.78,4.89,9.17,-0.74,1.07,2.39
336.18,-31.14,2.80,0.97,10.85,1.18,-1.75,2.22,-5.00,4.12,8.76,-0.97,1.06,2.70
336.20,-33.76,1.78,0.92,11.40,1.37,-1.89,2.13,-6.90,3.33,8.60,-1.17,0.97,3.16
336.21,-37.27,0.36,0.53,12.01,1.63,-1.94,2.05,-8.41,2.41,8.97,-1.35,0.78,3.82
336.22,-38.63,-0.56,-0.00,12.23,1.78,-1.87,2.09,-8.36,1.80,9.64,-1.44,0.63,4.33
336.24,-40.19,-1.04,-0.56,12.16,1.90,-1.76,2.25,-7.57,1.23,10.19,-1.50,0.51,4.73
336.25,-40.57,-1.35,-1.01,11.81,1.99,-1.68,2.57,-6.76,0.79,10.49,-1.52,0.40,4.93
336.26,-40.93,-1.27,-1.33,11.23,2.06,-1.63,2.99,-5.39,0.41,10.44,-1.47,0.33,4.95
336.27,-40.78,-0.65,-1.59,10.35,2.08,-1.61,3.50,-4.39,0.36,9.94,-1.32,0.20,4.75
336.29,-40.66,-0.03,-1.79,9.78,2.05,-1.60,3.75,-4.00,0.56,9.49,-1.18,0.07,4.52
336.30,-40.60,1.05,-1.91,9.29,1.97,-1.56,3.95,-3.64,0.96,9.30,-0.99,-0.13,4.19
336.31,-40.72,1.90,-1.81,9.04,1.88,-1.50,4.02,-3.69,1.26,9.29,-0.81,-0.30,3.93
336.32,-41.09,2.81,-1.58,8.91,1.78,-1.41,4.03,-3.81,1.61,9.30,-0.62,-0.45,3.70
336.34,-41.38,3.71,-1.37,8.93,1.68,-1.31,3.96,-4.04,1.90,9.26,-0.48,-0.54,3.56
336.35,-42.26,4.57,-1.27,9.03,1.60,-1.20,3.80,-4.29,2.19,9.19,-0.31,-0.65,3.39
336.36,-43.21,5.23,-1.05,9.11,1.59,-1.06,3.50,-4.44,2.26,9.10,-0.11,-0.72,3.29
336.38,-43.89,5.43,-0.69,9.03,1.61,-0.98,3.22,-4.17,2.24,8.90,0.05,-0.80,3.19
336.39,-44.27,5.53,-0.28,8.76,1.63,-0.90,2.86,-3.50,2.04,8.71,0.21,-0.89,3.03
336.41,-44.49,5.50,0.13,8.22,1.61,-0.77,2.24,-2.47,1.78,8.59,0.36,-0.99,2.85
336.42,-44.43,5.40,0.15,7.73,1.51,-0.64,1.63,-1.75,1.59,8.49,0.43,-1.04,2.68
336.44,-44.00,5.28,0.03,7.45,1.44,-0.56,1.26,-1.42,1.36,8.44,0.49,-1.07,2.50
336.45,-43.21,5.11,-0.07,7.15,1.38,-0.47,0.96,-1.36,0.96,8.43,0.55,-1.07,2.32
336.46,-43.09,4.94,-0.11,6.90,1.33,-0.39,0.76,-1.39,0.79,8.45,0.57,-1.07,2.26
336.48,-42.21,4.91,-0.11,6.86,1.31,-0.37,0.72,-1.49,0.51,8.45,0.58,-1.04,2.20
336.49,-41.76,4.54,-0.06,6.51,1.16,-0.20,0.48,-1.68,0.25,8.28,0.56,-0.97,2.20
336.50,-40.95,4.20,-0.04,6.37,0.96,-0.03,0.36,-1.79,0.01,7.91,0.53,-0.88,2.32
336.52,-40.25,3.76,-0.35,6.50,0.76,0.11,0.39,-1.64,-0.27,7.69,0.46,-0.78,2.48
336.54,-39.06,3.47,-0.78,6.89,0.69,0.22,0.56,-1.43,-0.55,7.86,0.37,-0.66,2.58
336.55,-38.09,3.36,-1.11,7.16,0.66,0.28,0.74,-1.14,-0.77,8.25,0.29,-0.55,2.68
336.56,-36.99,3.32,-1.37,7.38,0.62,0.32,0.96,-0.71,-0.93,8.80,0.22,-0.40,2.70
336.57,-35.78,3.37,-1.52,7.58,0.54,0.33,1.22,-0.18,-0.98,9.03,0.18,-0.28,2.65
336.59,-34.35,3.56,-1.53,7.77,0.44,0.32,1.49,0.47,-0.74,9.08,0.12,-0.15,2.45
336.60,-32.41,4.47,-1.26,7.97,0.22,0.30,1.88,1.32,-0.01,9.08,-0.03,0.11,2.19
336.62,-31.75,5.29,-0.88,8.07,0.13,0.34,1.97,1.63,0.10,9.25,-0.16,0.26,1.95
336.63,-30.83,6.15,-0.49,8.24,0.08,0.40,1.93,2.42,0.61,9.58,-0.28,0.41,1.67
336.64,-30.38,6.83,-0.15,8.53,0.05,0.48,1.78,2.97,1.03,10.23,-0.41,0.51,1.37
336.65,-29.01,7.43,0.45,9.38,-0.01,0.55,1.40,4.04,1.93,11.71,-0.54,0.55,0.78
336.68,-27.99,7.85,0.73,10.27,-0.16,0.52,1.03,4.40,2.48,13.04,-0.52,0.47,0.43
336.69,-27.17,8.07,0.66,10.78,-0.29,0.45,0.71,4.59,2.70,13.61,-0.42,0.38,0.04
336.70,-26.62,8.15,0.37,10.89,-0.38,0.36,0.46,4.57,2.68,13.10,-0.27,0.37,-0.35
336.71,-25.80,8.15,0.20,10.63,-0.41,0.28,0.28,3.63,2.95,11.94,-0.20,0.47,-0.67
336.72,-25.74,7.92,0.13,10.22,-0.42,0.23,0.16,2.50,2.86,10.94,-0.22,0.60,-0.79
336.74,-25.93,7.14,-0.01,9.94,-0.42,0.23,0.07,0.89,2.40,10.16,-0.30,0.72,-0.78
336.75,-26.37,5.73,-0.25,9.77,-0.43,0.28,0.03,-0.45,1.85,9.57,-0.38,0.80,-0.65
336.76,-26.80,4.00,-0.35,9.51,-0.42,0.34,0.06,-1.48,1.46,9.21,-0.43,0.83,-0.47
336.77,-27.01,2.34,-0.23,9.13,-0.44,0.38,0.15,-2.14,1.15,8.95,-0.50,0.80,-0.26
336.78,-27.14,1.05,-0.27,8.74,-0.50,0.42,0.27,-2.49,0.90,9.13,-0.54,0.75,0.03
336.81,-25.83,0.15,-1.17,8.50,-0.56,0.48,0.60,-2.56,0.55,9.51,-0.56,0.66,0.21
336.82,-25.14,0.35,-1.55,8.62,-0.55,0.51,0.82,-2.52,0.50,9.64,-0.56,0.60,0.30
336.83,-24.68,0.71,-1.83,8.90,-0.54,0.54,1.03,-2.33,0.59,9.70,-0.55,0.55,0.34
336.84,-23.90,1.13,-2.03,9.25,-0.52,0.58,1.19,-2.11,0.73,9.79,-0.53,0.52,0.32
336.85,-23.43,1.58,-2.00,9.65,-0.48,0.61,1.29,-1.81,0.90,9.88,-0.50,0.49,0.21
336.87,-22.47,2.37,-1.73,10.29,-0.45,0.68,1.24,-1.84,1.06,10.00,-0.45,0.45,0.10
336.89,-22.24,2.63,-1.74,10.46,-0.41,0.70,1.13,-2.01,1.10,10.04,-0.43,0.43,0.06
336.90,-21.90,2.84,-1.82,10.38,-0.36,0.75,1.03,-2.11,1.02,10.05,-0.42,0.43,0.08
336.91,-21.73,2.91,-1.94,10.10,-0.31,0.80,0.94,-2.13,0.71,9.99,-0.42,0.43,0.13
336.92,-21.62,2.84,-2.15,9.75,-0.30,0.84,0.83,-1.96,0.38,9.96,-0.43,0.43,0.19
336.93,-21.28,2.71,-2.41,9.43,-0.31,0.88,0.72,-1.80,0.09,10.01,-0.43,0.43,0.23
336.95,-20.94,2.49,-2.67,9.22,-0.33,0.91,0.63,-1.48,-0.24,10.12,-0.41,0.43,0.25
336.96,-20.40,2.30,-2.86,9.12,-0.35,0.92,0.55,-1.32,-0.30,10.21,-0.40,0.42,0.25
336.97,-19.69,2.17,-2.97,9.19,-0.37,0.94,0.48,-1.22,-0.19,10.26,-0.38,0.42,0.22
336.99,-18.91,1.96,-2.98,9.34,-0.36,0.95,0.44,-1.29,-0.12,10.29,-0.35,0.43,0.19
337.00,-18.16,1.71,-2.99,9.47,-0.33,0.94,0.42,-1.52,-0.08,10.30,-0.34,0.44,0.16
337.01,-17.62,1.48,-2.99,9.50,-0.30,0.93,0.44,-1.84,-0.11,10.25,-0.33,0.45,0.13
337.03,-17.06,1.18,-3.00,9.49,-0.26,0.92,0.49,-2.30,-0.21,10.12,-0.32,0.47,0.12
337.04,-16.65,0.86,-3.03,9.47,-0.25,0.93,0.53,-2.58,-0.32,10.03,-0.28,0.47,0.14
337.05,-15.92,0.48,-3.13,9.48,-0.23,0.97,0.62,-2.43,-0.35,10.04,-0.23,0.46,0.18
337.07,-15.49,0.40,-3.16,9.49,-0.20,0.99,0.66,-2.10,-0.20,10.07,-0.21,0.45,0.20
337.08,-14.25,0.70,-2.89,9.56,-0.11,1.01,0.72,-1.81,0.13,10.07,-0.18,0.44,0.19
337.11,-13.58,1.08,-2.52,9.58,-0.08,0.99,0.69,-1.87,0.27,10.06,-0.18,0.46,0.19
337.12,-13.26,1.35,-2.30,9.54,-0.08,0.97,0.62,-1.76,0.38,10.13,-0.14,0.50,0.17
337.13,-12.98,1.53,-2.22,9.51,-0.08,0.94,0.52,-1.61,0.49,10.12,-0.08,0.54,0.16
337.14,-12.59,1.55,-2.24,9.49,-0.06,0.92,0.37,-1.09,0.64,10.12,-0.05,0.60,0.14
337.16,-12.22,1.48,-2.19,9.48,-0.05,0.93,0.29,-0.74,0.59,10.17,-0.05,0.64,0.12
337.17,-11.81,1.46,-2.14,9.54,-0.06,0.93,0.23,-0.54,0.57,10.17,-0.09,0.69,0.12
337.19,-11.25,1.52,-2.05,9.48,-0.09,0.88,0.20,-0.34,0.35,10.21,-0.19,0.77,0.15
337.20,-10.87,1.55,-1.86,9.32,-0.16,0.82,0.25,-0.18,0.31,10.23,-0.28,0.86,0.22
337.22,-10.71,1.50,-1.72,9.21,-0.23,0.78,0.33,-0.21,0.30,10.15,-0.33,0.93,0.30
337.24,-10.59,1.07,-1.74,9.11,-0.36,0.73,0.49,-0.75,0.42,9.89,-0.37,1.03,0.38
337.25,-10.57,0.65,-1.94,9.09,-0.42,0.72,0.60,-0.95,0.57,9.68,-0.39,1.09,0.44
337.26,-10.51,0.31,-2.21,9.22,-0.44,0.71,0.73,-0.81,0.76,9.66,-0.40,1.15,0.47
337.27,-10.25,0.17,-2.41,9.48,-0.42,0.72,0.85,-0.65,0.81,9.80,-0.39,1.19,0.47
337.29,-10.00,0.33,-2.29,9.70,-0.35,0.70,0.94,-0.49,0.74,10.06,-0.37,1.23,0.38
337.31,-10.00,0.87,-1.90,9.85,-0.34,0.58,0.90,-0.79,0.78,10.38,-0.35,1.34,0.31
337.33,-10.51,1.27,-2.05,10.34,-0.37,0.49,0.82,-1.13,1.14,10.72,-0.37,1.42,0.30
337.34,-11.23,1.63,-2.22,10.93,-0.38,0.43,0.75,-1.23,1.56,11.18,-0.39,1.50,0.31
337.35,-12.57,2.21,-2.35,11.66,-0.33,0.36,0.66,-1.07,1.90,12.08,-0.42,1.65,0.28
337.37,-13.33,2.37,-2.26,11.82,-0.29,0.30,0.60,-0.99,1.96,12.41,-0.43,1.75,0.25
337.38,-14.32,2.45,-2.33,12.09,-0.24,0.23,0.52,-0.71,2.31,12.57,-0.45,1.84,0.22
337.40,-15.11,2.49,-2.48,12.42,-0.15,0.13,0.43,-0.46,2.58,12.63,-0.48,1.93,0.19
337.41,-16.03,2.56,-2.38,12.55,-0.00,0.02,0.35,0.07,3.01,12.62,-0.52,2.01,0.16
337.42,-16.85,2.79,-2.08,12.51,0.15,-0.13,0.28,0.48,3.31,12.54,-0.57,2.10,0.14
337.43,-17.80,3.23,-1.82,12.39,0.32,-0.31,0.23,1.00,3.90,12.43,-0.62,2.16,0.14
337.44,-18.89,3.80,-1.76,12.09,0.54,-0.51,0.23,1.42,4.44,12.33,-0.72,2.24,0.18
337.46,-20.60,4.80,-1.02,11.16,0.86,-0.79,0.36,1.99,4.92,12.38,-0.87,2.33,0.23
337.47,-22.26,5.55,0.01,10.17,1.09,-1.01,0.44,2.33,5.30,12.41,-0.96,2.33,0.18
337.48,-24.22,5.61,1.14,9.21,1.26,-1.25,0.39,1.91,4.87,12.32,-1.00,2.30,0.02
337.50,-26.45,4.82,1.84,8.84,1.29,-1.55,0.20,0.37,3.87,12.27,-1.03,2.23,-0.24
337.51,-29.17,3.56,1.86,9.53,1.22,-1.89,-0.07,-3.08,2.49,12.55,-1.13,2.09,-0.60
337.52,-32.33,1.89,1.02,11.27,1.14,-2.24,-0.52,-6.01,1.12,12.85,-1.21,1.92,-0.75
337.53,-34.98,0.92,-0.27,12.90,1.02,-2.39,-0.89,-7.72,-0.53,12.65,-1.19,1.73,-0.68
337.55,-37.40,0.22,-2.45,14.45,1.01,-2.39,-1.09,-8.38,-1.64,11.85,-1.03,1.50,-0.42
337.56,-39.57,-0.31,-3.69,15.09,1.27,-2.32,-0.99,-8.90,-2.99,10.98,-0.87,1.25,-0.09
337.57,-42.28,-0.76,-3.35,14.22,1.56,-2.28,-0.65,-8.90,-4.26,9.59,-0.69,0.86,0.32
337.58,-43.60,-0.76,-2.88,13.02,1.61,-2.33,-0.36,-8.54,-3.76,8.67,-0.65,0.46,0.59
337.60,-45.43,-0.23,-2.36,11.88,1.42,-2.43,-0.11,-7.86,-3.14,8.11,-0.63,0.17,0.60
337.61,-46.78,0.19,-2.24,11.52,1.14,-2.50,-0.04,-7.87,-3.33,7.42,-0.50,-0.25,0.46
337.62,-47.97,0.16,-2.63,11.34,0.88,-2.59,-0.02,-8.16,-3.58,7.04,-0.26,-0.69,0.23
337.64,-49.12,0.23,-2.89,11.35,0.75,-2.65,-0.04,-8.77,-3.82,6.56,0.09,-1.35,-0.11
337.65,-50.21,-0.11,-2.44,11.19,0.65,-2.73,-0.12,-9.27,-4.03,5.87,0.45,-1.74,-0.24
337.66,-50.90,-0.60,-1.99,10.85,0.54,-2.78,-0.22,-9.52,-3.99,5.26,0.70,-2.10,-0.28
337.68,-51.51,-0.79,-1.98,10.62,0.37,-2.81,-0.35,-9.74,-3.83,4.63,0.93,-2.49,-0.26
337.69,-51.98,-0.80,-2.10,10.42,0.29,-2.77,-0.40,-9.92,-3.58,4.03,1.13,-2.70,-0.23
337.70,-52.46,-0.72,-2.13,10.11,0.23,-2.67,-0.40,-10.06,-3.39,3.28,1.41,-3.11,-0.11
337.72,-52.93,-0.53,-1.91,9.50,0.17,-2.46,-0.37,-9.95,-3.18,2.35,1.64,-3.34,-0.03
337.73,-53.23,-0.41,-1.59,8.66,0.08,-2.18,-0.35,-9.81,-3.03,1.60,1.77,-3.55,0.09
337.74,-53.55,-0.49,-1.34,7.98,-0.04,-1.92,-0.37,-9.50,-2.71,0.73,1.93,-3.92,0.26
337.76,-53.33,-0.75,-1.14,7.22,-0.22,-1.55,-0.44,-8.92,-2.33,0.24,2.04,-4.12,0.33
337.77,-52.81,-1.01,-0.96,6.71,-0.34,-1.24,-0.55,-8.45,-2.05,0.14,2.14,-4.37,0.42
337.78,-51.86,-1.29,-0.77,6.26,-0.42,-0.91,-0.68,-8.00,-1.90,0.37,2.27,-4.59,0.58
337.80,-50.27,-1.56,-0.65,5.96,-0.47,-0.57,-0.81,-7.91,-1.47,0.68,2.28,-4.74,0.82
337.81,-47.64,-1.73,-0.44,5.74,-0.44,-0.19,-0.91,-7.43,-0.53,1.40,2.19,-4.81,0.93
337.82,-44.44,-1.45,0.02,5.59,-0.36,0.08,-0.93,-6.13,0.27,3.56,2.04,-4.90,1.08
337.83,-40.43,-0.84,0.62,5.40,-0.31,0.31,-0.95,-4.55,0.70,5.97,1.94,-4.92,1.20
337.85,-35.70,-0.05,1.03,5.26,-0.30,0.49,-0.93,-2.43,1.27,7.99,1.88,-4.77,1.23
337.86,-32.04,1.13,1.28,5.46,-0.31,0.61,-0.82,-1.28,1.66,9.81,1.83,-4.53,1.13
337.87,-25.94,2.70,2.10,6.27,-0.30,0.71,-0.55,1.29,3.13,10.91,1.73,-4.17,0.95
337.89,-21.24,5.17,3.21,8.25,-0.36,0.54,0.02,4.30,4.64,10.88,1.45,-3.62,0.78
337.90,-17.26,9.17,2.58,9.80,-0.42,0.10,0.50,6.86,4.26,10.42,1.15,-2.71,0.41
337.92,-16.39,13.58,1.83,11.07,-0.34,-0.31,0.52,7.66,3.62,9.98,0.83,-1.83,0.05
337.93,-15.43,14.23,1.62,11.25,-0.25,-0.43,0.26,7.14,2.78,9.51,0.55,-1.18,-0.19
337.94,-15.32,12.74,1.10,10.56,-0.29,-0.40,0.12,4.84,1.81,8.65,0.18,-0.35,-0.42
337.95,-16.28,10.31,0.03,9.33,-0.38,-0.31,0.17,2.01,0.79,7.88,-0.15,0.43,-0.54
337.96,-18.28,7.43,-0.81,8.16,-0.43,-0.22,0.39,-0.24,0.26,7.55,-0.50,1.47,-0.36
337.98,-22.09,4.01,-0.47,7.57,-0.54,-0.11,0.87,-2.22,2.70,7.96,-1.13,1.68,0.01
337.99,-23.86,2.50,0.25,8.85,-0.68,-0.05,1.11,-2.13,6.49,10.51,-1.57,1.58,0.75
338.00,-24.33,2.44,1.32,12.18,-0.81,0.03,1.11,-0.34,5.24,16.61,-1.68,1.19,0.92
338.02,-24.00,3.69,0.98,15.94,-0.64,0.26,0.95,2.28,3.74,19.22,-1.23,1.10,0.49
338.03,-23.62,5.77,-0.30,16.79,-0.16,0.39,0.83,2.47,2.91,16.04,-0.60,1.38,-0.51
338.04,-24.87,8.49,-0.76,12.67,0.29,0.36,0.49,-1.56,1.71,11.68,-0.31,1.68,-1.20
338.06,-28.72,6.07,-0.24,10.26,0.04,0.41,-0.10,-5.84,-0.35,8.76,-0.43,1.78,-1.28
338.07,-31.49,3.13,-0.49,9.18,-0.32,0.48,-0.54,-7.00,-1.43,7.92,-0.66,1.79,-0.95
338.09,-32.63,0.25,-1.27,8.75,-0.73,0.63,-0.80,-7.43,-1.94,7.92,-0.77,1.73,-0.62
338.10,-33.25,-2.96,-3.18,8.84,-1.17,1.00,-0.74,-7.37,-2.09,8.11,-0.78,1.50,-0.26
338.11,-32.92,-4.06,-4.60,9.09,-1.26,1.31,-0.34,-6.23,-2.25,8.63,-0.78,1.21,-0.07
338.12,-31.03,-3.39,-5.40,9.52,-1.10,1.52,0.16,-5.53,-2.04,9.44,-0.72,0.94,-0.02
338.14,-29.52,-2.01,-5.34,9.91,-0.84,1.69,0.57,-5.02,-1.49,9.95,-0.63,0.76,0.00
338.15,-28.23,0.24,-4.27,9.90,-0.60,1.79,0.82,-4.30,-0.46,10.11,-0.51,0.68,0.06
338.16,-27.15,1.97,-2.74,9.64,-0.51,1.73,0.82,-2.82,0.19,10.28,-0.46,0.68,0.09
338.18,-26.24,2.57,-1.81,9.60,-0.56,1.60,0.70,-1.94,0.14,10.49,-0.43,0.74,-0.02
338.20,-25.04,2.26,-2.25,9.92,-0.61,1.47,0.55,-1.66,-0.00,10.21,-0.38,0.74,-0.18
338.21,-24.31,1.89,-2.80,9.84,-0.59,1.43,0.50,-1.83,-0.03,10.21,-0.35,0.71,-0.29
338.23,-23.61,1.58,-3.09,9.55,-0.53,1.40,0.53,-2.30,-0.11,10.34,-0.36,0.68,-0.31
338.24,-23.09,1.52,-3.14,9.24,-0.47,1.36,0.60,-2.79,-0.35,10.32,-0.36,0.68,-0.24
338.25,-22.72,1.54,-3.17,9.09,-0.41,1.35,0.70,-3.07,-0.07,9.65,-0.30,0.71,0.04
338.27,-22.42,1.55,-3.11,9.16,-0.36,1.36,0.73,-2.85,0.14,9.46,-0.29,0.72,0.16
338.28,-22.06,1.56,-2.90,9.23,-0.30,1.37,0.75,-2.33,0.23,9.49,-0.28,0.72,0.21
338.29,-21.53,1.60,-2.64,9.31,-0.23,1.38,0.72,-1.76,0.24,9.63,-0.27,0.71,0.20
338.31,-20.75,1.73,-2.44,9.44,-0.15,1.37,0.66,-1.47,0.24,9.88,-0.25,0.71,0.12
338.32,-20.21,1.75,-2.35,9.50,-0.08,1.35,0.59,-1.69,0.29,10.09,-0.23,0.71,0.06
338.33,-19.88,1.72,-2.28,9.49,-0.05,1.31,0.52,-1.93,0.34,10.26,-0.22,0.72,0.01
338.36,-19.49,1.44,-1.92,9.21,-0.06,1.26,0.28,-2.82,0.33,10.29,-0.24,0.78,0.08
338.37,-19.24,0.54,-1.63,9.09,-0.34,1.27,-0.02,-3.14,0.13,10.07,-0.29,0.84,0.20
338.39,-18.58,-0.28,-1.72,9.19,-0.50,1.31,0.00,-2.70,0.18,9.94,-0.30,0.86,0.29
338.40,-17.71,-0.72,-1.94,9.42,-0.55,1.33,0.16,-1.91,0.41,9.83,-0.29,0.87,0.37
338.41,-16.51,-0.74,-2.15,9.55,-0.50,1.33,0.44,-0.82,0.78,9.77,-0.29,0.87,0.39
338.43,-15.11,-0.18,-2.11,9.44,-0.40,1.30,0.75,0.42,1.03,9.71,-0.29,0.88,0.38
338.44,-13.73,0.84,-1.97,9.25,-0.33,1.24,1.00,1.44,1.06,9.72,-0.28,0.92,0.32
338.45,-12.70,2.01,-1.89,9.12,-0.32,1.16,1.14,1.76,0.89,9.81,-0.28,0.98,0.24
338.46,-12.06,2.85,-1.93,9.11,-0.34,1.05,1.15,1.11,0.63,10.15,-0.31,1.12,0.20
338.48,-12.44,2.92,-2.14,9.27,-0.35,0.89,1.02,0.33,0.47,10.47,-0.35,1.28,0.23
338.49,-12.85,2.46,-2.18,9.54,-0.35,0.77,0.90,-0.38,0.47,10.83,-0.37,1.39,0.30
338.50,-13.49,1.79,-2.18,10.16,-0.36,0.67,0.80,-0.74,0.65,11.04,-0.38,1.49,0.35
338.51,-13.99,1.48,-2.41,10.69,-0.34,0.65,0.81,-0.96,0.93,11.18,-0.39,1.59,0.45
338.53,-14.79,1.79,-2.80,10.95,-0.25,0.60,0.97,-0.56,1.19,11.30,-0.38,1.71,0.48
338.55,-15.36,2.27,-2.84,10.85,-0.21,0.53,1.04,-0.19,1.22,11.40,-0.37,1.81,0.47
338.56,-15.88,2.63,-2.86,10.87,-0.18,0.47,1.03,0.07,1.23,11.52,-0.36,1.91,0.42
338.57,-16.86,3.14,-2.81,11.16,-0.10,0.32,0.89,0.53,1.71,11.86,-0.37,2.04,0.33
338.58,-17.77,3.37,-2.57,11.44,0.01,0.17,0.71,0.70,2.20,12.17,-0.40,2.13,0.25
338.60,-18.80,3.56,-2.14,11.65,0.12,-0.01,0.51,0.88,2.73,12.40,-0.43,2.21,0.19
338.61,-19.95,3.81,-1.86,11.91,0.23,-0.22,0.30,1.09,3.55,12.40,-0.50,2.32,0.15
338.62,-21.27,4.13,-1.66,12.10,0.41,-0.44,0.16,1.23,4.53,12.39,-0.67,2.47,0.22
338.63,-22.77,4.52,-1.11,11.98,0.66,-0.67,0.13,1.35,5.82,12.50,-0.86,2.56,0.33
338.65,-24.96,5.08,0.31,11.29,1.02,-0.94,0.27,1.58,6.13,12.87,-1.03,2.61,0.49
338.66,-27.39,4.96,1.06,10.08,1.31,-1.24,0.39,1.60,4.90,13.09,-1.06,2.63,0.52
338.67,-29.66,4.27,1.43,9.12,1.42,-1.53,0.41,-0.01,3.80,12.77,-1.04,2.58,0.24
338.69,-32.54,3.09,1.83,9.02,1.42,-1.83,0.31,-3.46,2.31,12.32,-0.95,2.48,-0.47
338.70,-35.85,1.35,1.90,10.28,1.24,-2.14,-0.09,-6.12,1.17,11.88,-0.94,2.31,-0.76
338.71,-38.66,0.14,0.88,12.01,0.91,-2.27,-0.60,-8.15,-0.31,11.17,-0.93,2.15,-0.79
338.73,-41.67,-0.76,-1.85,14.00,0.66,-2.27,-1.00,-9.27,-2.54,10.78,-0.72,1.83,-0.47
338.74,-44.02,-1.36,-4.60,15.70,0.96,-2.18,-0.91,-9.82,-3.84,10.27,-0.51,1.58,-0.11
338.75,-46.02,-1.25,-4.62,15.28,1.31,-2.15,-0.54,-9.55,-4.00,9.34,-0.45,1.25,0.25
338.76,-48.10,-0.63,-3.96,13.94,1.47,-2.19,-0.15,-8.48,-3.16,8.27,-0.52,0.90,0.41
338.78,-49.74,0.34,-3.26,12.59,1.44,-2.24,0.08,-7.94,-2.93,7.41,-0.52,0.50,0.32
338.79,-51.35,0.80,-2.51,11.64,1.26,-2.28,0.10,-8.01,-3.09,6.68,-0.40,0.07,-0.05
338.80,-53.47,0.74,-2.25,11.06,0.87,-2.37,-0.12,-8.79,-3.43,6.01,-0.09,-0.49,-0.39
338.82,-54.82,0.42,-2.09,11.25,0.66,-2.41,-0.25,-9.61,-3.62,5.48,0.20,-0.96,-0.63
338.83,-55.89,-0.26,-1.85,11.41,0.47,-2.46,-0.42,-10.17,-3.94,4.97,0.44,-1.42,-0.75
338.84,-56.63,-0.78,-1.74,11.56,0.31,-2.50,-0.60,-10.41,-4.28,4.49,0.66,-1.84,-0.77
338.85,-57.14,-1.18,-1.61,11.57,0.20,-2.51,-0.80,-10.44,-4.51,3.84,0.95,-2.29,-0.73
338.87,-57.39,-1.93,-1.87,11.24,0.14,-2.53,-0.99,-10.49,-4.43,3.29,1.15,-2.66,-0.59
338.88,-57.43,-1.97,-2.11,10.83,0.13,-2.49,-1.00,-10.54,-4.24,2.87,1.32,-2.94,-0.41
338.89,-57.45,-1.56,-2.16,10.32,0.07,-2.39,-0.89,-10.64,-4.06,2.35,1.53,-3.20,-0.20
338.90,-57.39,-1.13,-2.07,9.75,-0.05,-2.22,-0.76,-10.56,-4.00,1.89,1.69,-3.43,0.00
338.92,-57.35,-0.88,-2.01,9.13,-0.21,-2.00,-0.66,-9.99,-3.69,1.33,1.87,-3.65,0.14
338.93,-57.13,-0.86,-1.95,8.56,-0.37,-1.76,-0.59,-9.52,-3.23,0.93,2.05,-4.00,0.22
338.95,-56.20,-1.22,-1.86,7.88,-0.55,-1.35,-0.58,-9.19,-2.94,0.71,2.28,-4.23,0.26
338.96,-55.10,-1.55,-1.75,7.45,-0.61,-1.05,-0.62,-9.17,-2.74,0.67,2.39,-4.43,0.34
338.97,-53.59,-1.87,-1.59,7.01,-0.67,-0.74,-0.68,-9.15,-2.32,0.63,2.41,-4.56,0.46
338.98,-51.16,-2.09,-1.35,6.59,-0.70,-0.32,-0.74,-9.09,-1.32,0.89,2.31,-4.73,0.67
339.00,-48.69,-1.99,-0.92,6.35,-0.70,0.01,-0.78,-8.53,-0.58,1.85,2.18,-4.86,0.86
339.01,-44.52,-1.68,-0.05,6.15,-0.63,0.37,-0.88,-6.15,0.44,3.90,2.00,-4.98,1.17
339.02,-38.68,-1.05,0.79,5.99,-0.54,0.65,-1.00,-2.97,1.66,6.38,1.75,-4.90,1.29
339.04,-33.27,-0.22,1.35,6.16,-0.47,0.81,-1.03,-1.14,2.28,8.75,1.58,-4.71,1.20
339.05,-25.80,1.25,1.93,7.15,-0.37,0.90,-0.92,0.77,2.74,11.06,1.45,-4.41,0.83
339.07,-21.43,3.76,2.01,8.47,-0.27,0.73,-0.44,2.37,3.58,10.89,1.36,-4.03,0.54
339.08,-18.16,7.27,1.72,9.27,-0.25,0.37,0.10,4.32,3.98,10.16,1.24,-3.44,0.25
339.09,-15.89,11.37,1.59,9.90,-0.22,-0.01,0.34,6.12,3.84,9.65,1.07,-2.73,-0.17
339.11,-14.48,13.42,1.83,10.10,-0.20,-0.21,0.15,6.85,3.29,9.50,0.80,-1.96,-0.45
339.12,-13.81,12.85,1.66,9.69,-0.27,-0.25,-0.15,6.00,2.54,9.29,0.50,-1.22,-0.81
339.13,-14.05,10.53,0.65,8.77,-0.46,-0.23,-0.36,3.84,1.53,8.80,0.13,-0.39,-1.20
339.14,-14.82,8.41,-0.14,8.29,-0.61,-0.18,-0.35,2.12,0.52,8.65,-0.16,0.28,-1.36
339.16,-16.12,6.48,-0.56,8.16,-0.71,-0.13,-0.27,1.26,1.07,8.67,-0.44,0.67,-1.31
339.17,-17.57,4.68,-0.47,9.04,-0.82,-0.06,-0.13,0.37,4.25,9.70,-0.85,0.81,-1.01
339.18,-18.23,3.97,-0.34,10.89,-0.93,0.02,-0.02,0.46,5.36,12.55,-1.14,0.72,-0.68
339.19,-18.44,3.89,-0.47,13.33,-0.84,0.10,-0.03,1.41,4.87,15.63,-1.00,0.70,-0.57
339.21,-18.35,4.80,-0.65,14.92,-0.46,0.14,-0.18,2.18,4.18,15.94,-0.75,0.86,-0.77
339.22,-18.66,6.76,-0.59,13.96,-0.08,0.02,-0.37,1.77,3.56,14.68,-0.46,1.19,-1.15
339.23,-20.47,8.26,-0.18,11.74,-0.01,-0.12,-0.65,-0.85,2.17,11.48,-0.29,1.48,-1.48
339.24,-22.63,6.98,0.35,10.70,-0.14,-0.11,-0.88,-2.96,1.52,9.85,-0.26,1.62,-1.58
339.26,-26.25,3.38,0.41,10.45,-0.33,0.00,-1.07,-6.28,0.49,7.97,-0.40,1.63,-1.28
339.27,-28.72,0.67,0.00,10.10,-0.51,0.19,-1.26,-7.44,-0.25,7.39,-0.66,1.54,-0.76
339.28,-30.87,-1.71,-1.06,9.62,-0.71,0.46,-1.37,-7.38,-0.63,7.75,-0.75,1.30,-0.13
339.30,-30.53,-4.19,-2.75,9.14,-0.87,0.89,-0.97,-6.09,-0.39,8.22,-0.65,1.10,0.03
339.31,-28.85,-4.24,-3.57,9.12,-0.79,1.04,-0.40,-5.20,-0.24,8.87,-0.66,0.89,0.07
339.32,-27.38,-3.16,-3.96,9.30,-0.58,1.12,0.23,-4.43,-0.17,9.59,-0.65,0.71,0.05
339.34,-26.00,-1.67,-3.68,9.42,-0.39,1.17,0.75,-3.84,-0.00,10.24,-0.56,0.63,0.01
339.35,-25.05,-0.00,-2.98,9.48,-0.30,1.15,1.08,-2.86,0.28,10.33,-0.48,0.61,-0.02
339.36,-24.31,1.55,-2.31,9.61,-0.28,1.09,1.18,-2.08,0.29,10.21,-0.44,0.63,-0.07
339.37,-23.78,3.09,-1.91,9.71,-0.29,1.01,1.04,-0.92,0.22,9.94,-0.43,0.64,-0.20
339.39,-23.47,3.96,-1.95,9.67,-0.29,0.95,0.80,-0.58,0.32,9.71,-0.44,0.63,-0.39
339.40,-23.55,4.26,-2.15,9.54,-0.28,0.91,0.48,-1.07,0.26,9.82,-0.47,0.62,-0.49
339.42,-23.89,3.83,-2.35,9.21,-0.28,0.84,0.22,-1.83,0.04,10.19,-0.47,0.63,-0.45
339.43,-24.34,3.60,-2.45,9.00,-0.28,0.75,0.05,-1.88,-0.15,10.29,-0.46,0.66,-0.33
339.44,-24.83,3.44,-2.40,8.87,-0.32,0.71,-0.05,-1.86,-0.21,10.34,-0.44,0.73,-0.17
339.46,-25.15,3.22,-2.36,8.88,-0.40,0.71,-0.10,-1.81,-0.28,10.32,-0.40,0.74,-0.15
339.47,-25.53,2.91,-2.38,9.08,-0.47,0.77,-0.22,-2.12,-0.36,10.06,-0.32,0.73,-0.21
339.49,-25.65,2.58,-2.47,9.32,-0.51,0.85,-0.34,-2.43,-0.33,9.91,-0.28,0.71,-0.28
339.50,-25.72,2.19,-2.58,9.59,-0.53,0.93,-0.42,-2.85,-0.23,9.89,-0.24,0.68,-0.34
339.52,-25.62,1.59,-2.74,9.87,-0.53,1.02,-0.48,-3.19,-0.13,9.95,-0.20,0.64,-0.39
339.53,-25.32,1.00,-2.79,9.98,-0.51,1.08,-0.47,-3.33,-0.06,9.97,-0.16,0.61,-0.43
339.54,-24.73,0.47,-2.70,9.98,-0.46,1.13,-0.39,-3.52,0.02,9.93,-0.13,0.58,-0.44
339.56,-24.30,0.37,-2.53,9.95,-0.42,1.16,-0.31,-3.63,0.08,9.85,-0.11,0.56,-0.41
339.57,-23.50,0.63,-2.32,9.87,-0.36,1.19,-0.20,-3.54,0.20,9.75,-0.10,0.52,-0.37
339.59,-23.13,0.97,-2.17,9.76,-0.32,1.20,-0.18,-3.24,0.31,9.73,-0.09,0.50,-0.32
339.60,-22.62,1.36,-1.97,9.56,-0.29,1.21,-0.18,-2.87,0.45,9.74,-0.08,0.48,-0.28
339.61,-22.22,1.58,-1.78,9.37,-0.28,1.21,-0.22,-2.39,0.62,9.72,-0.07,0.48,-0.25
339.62,-21.62,1.75,-1.50,9.17,-0.29,1.21,-0.27,-1.72,0.83,9.71,-0.06,0.50,-0.25
339.64,-21.08,1.87,-1.32,9.10,-0.32,1.19,-0.32,-1.31,0.98,9.77,-0.07,0.53,-0.28
339.65,-20.53,1.98,-1.18,9.11,-0.36,1.16,-0.36,-1.01,1.12,9.84,-0.08,0.56,-0.31
339.66,-20.01,2.07,-1.06,9.16,-0.38,1.13,-0.40,-0.85,1.20,9.88,-0.09,0.59,-0.34
339.68,-19.46,2.13,-1.00,9.20,-0.40,1.10,-0.41,-0.85,1.18,9.87,-0.10,0.65,-0.37
339.69,-19.16,2.16,-1.06,9.27,-0.40,1.07,-0.41,-0.91,1.18,9.79,-0.10,0.73,-0.37
339.70,-18.93,2.18,-1.19,9.36,-0.37,1.04,-0.38,-0.91,1.20,9.72,-0.08,0.81,-0.35
339.71,-18.78,2.39,-1.40,9.56,-0.31,1.00,-0.32,-0.76,1.21,9.75,-0.06,0.89,-0.32
339.73,-18.72,2.61,-1.52,9.70,-0.25,0.96,-0.29,-0.48,1.27,9.92,-0.05,0.97,-0.31
339.74,-18.71,2.91,-1.48,9.80,-0.19,0.92,-0.28,-0.12,1.41,10.19,-0.06,1.09,-0.31
339.75,-18.78,3.16,-1.32,9.87,-0.13,0.87,-0.32,0.16,1.60,10.45,-0.07,1.20,-0.34
339.77,-19.01,3.37,-1.06,9.97,-0.07,0.79,-0.40,0.33,1.82,10.59,-0.10,1.31,-0.36
339.78,-19.31,3.51,-0.83,10.21,-0.02,0.68,-0.48,0.54,2.28,10.70,-0.12,1.43,-0.37
339.79,-19.70,3.79,-0.66,10.82,0.03,0.52,-0.57,0.89,2.87,11.13,-0.16,1.55,-0.35
339.81,-20.07,4.07,-0.57,11.54,0.12,0.31,-0.66,1.61,3.61,12.12,-0.24,1.72,-0.33
339.82,-20.90,4.52,-0.39,12.38,0.31,0.03,-0.76,2.10,4.38,13.17,-0.32,1.86,-0.32
339.83,-21.72,4.76,-0.18,12.68,0.51,-0.20,-0.87,2.15,5.06,14.21,-0.41,1.99,-0.31
339.84,-22.82,4.85,0.15,12.75,0.74,-0.43,-1.00,1.66,5.44,15.01,-0.47,2.06,-0.28
339.86,-24.21,4.95,0.40,12.73,0.99,-0.66,-1.10,0.83,5.24,15.43,-0.49,2.11,-0.27
339.87,-26.29,5.16,0.28,12.24,1.33,-1.00,-1.20,0.40,4.12,15.43,-0.43,2.14,-0.32
339.88,-28.27,5.15,-0.14,11.74,1.55,-1.25,-1.37,-0.15,2.34,15.01,-0.19,2.16,-0.48
339.89,-30.45,4.82,-0.72,11.26,1.64,-1.40,-1.66,-1.28,0.53,14.30,0.03,2.07,-1.04
339.91,-33.25,3.96,-1.65,10.79,1.50,-1.46,-2.07,-2.76,-1.72,13.10,0.28,1.94,-1.49
339.92,-35.62,3.11,-2.54,10.76,1.26,-1.47,-2.37,-3.91,-3.68,11.63,0.61,1.77,-2.22
339.93,-37.36,2.26,-3.46,11.00,1.02,-1.45,-2.62,-4.37,-4.60,10.76,0.84,1.64,-2.62
339.95,-39.90,1.13,-4.74,11.15,0.80,-1.39,-2.86,-4.86,-6.15,9.00,1.24,1.43,-2.96
339.96,-41.34,0.44,-5.44,10.73,0.70,-1.36,-2.82,-4.92,-7.73,7.77,1.44,1.32,-3.06
339.98,-43.14,-0.05,-6.01,9.81,0.57,-1.36,-2.55,-5.55,-9.14,6.39,1.78,1.15,-3.14
339.99,-45.26,-0.03,-6.32,8.95,0.38,-1.36,-2.21,-6.35,-9.66,5.34,2.00,1.05,-2.99
340.00,-47.17,0.14,-6.70,8.55,0.15,-1.36,-1.95,-6.58,-9.34,4.88,2.10,0.97,-2.68
340.02,-49.10,0.43,-7.14,8.46,-0.10,-1.36,-1.68,-6.61,-8.97,4.81,2.22,0.86,-2.41
340.03,-51.43,0.90,-7.20,8.60,-0.36,-1.31,-1.43,-6.83,-8.73,4.98,2.43,0.69,-2.24
340.04,-53.53,1.26,-6.96,8.85,-0.51,-1.28,-1.39,-7.32,-8.70,5.26,2.68,0.50,-2.13
340.06,-54.83,1.50,-6.44,9.16,-0.61,-1.22,-1.55,-7.56,-8.58,5.33,2.89,0.32,-2.06
340.07,-57.20,1.33,-5.69,9.59,-0.78,-1.06,-2.01,-7.80,-7.73,5.11,3.16,0.03,-1.89
340.09,-58.18,1.09,-5.16,9.63,-0.88,-0.94,-2.23,-7.84,-7.18,4.86,3.27,-0.17,-1.78
340.10,-58.89,0.78,-4.58,9.51,-0.98,-0.81,-2.41,-7.81,-6.76,4.56,3.35,-0.43,-1.70
340.11,-59.32,0.58,-3.99,9.28,-1.09,-0.67,-2.56,-7.72,-6.42,4.35,3.40,-0.63,-1.68
340.13,-59.49,0.55,-3.42,9.04,-1.20,-0.52,-2.72,-7.45,-5.98,4.19,3.44,-0.83,-1.74
340.14,-59.42,0.69,-2.94,8.79,-1.34,-0.36,-2.92,-6.99,-5.38,4.15,3.47,-0.97,-1.85
340.15,-59.09,0.91,-2.70,8.63,-1.46,-0.20,-3.17,-6.41,-4.65,4.18,3.51,-1.20,-2.16
340.16,-58.47,1.13,-2.63,8.61,-1.56,-0.04,-3.43,-5.89,-4.01,4.34,3.55,-1.38,-2.56
340.17,-57.26,1.29,-2.68,8.70,-1.65,0.14,-3.73,-5.57,-3.53,4.78,3.60,-1.54,-3.07
340.19,-56.00,1.26,-2.72,8.84,-1.71,0.27,-3.93,-5.75,-3.44,5.25,3.67,-1.67,-3.63
340.20,-54.54,1.11,-2.73,9.06,-1.77,0.40,-4.09,-6.22,-3.60,5.78,3.78,-1.78,-4.15
340.21,-52.91,0.82,-2.76,9.32,-1.83,0.52,-4.19,-6.62,-3.74,6.21,3.92,-1.86,-4.60
340.22,-51.10,0.49,-2.87,9.58,-1.88,0.63,-4.23,-6.74,-3.68,6.58,4.00,-1.89,-4.95
340.24,-49.13,0.18,-2.95,9.76,-1.92,0.73,-4.20,-6.97,-3.64,7.20,4.04,-1.88,-5.19
340.25,-46.56,-0.05,-2.89,9.88,-1.94,0.83,-4.13,-7.43,-3.48,7.84,4.05,-1.84,-5.36
340.26,-44.41,-0.03,-2.71,9.94,-1.93,0.89,-4.13,-8.01,-3.36,8.47,3.97,-1.77,-5.30
340.28,-42.01,0.55,-2.40,10.09,-1.89,0.95,-4.32,-8.29,-2.96,8.59,3.81,-1.69,-5.15
340.29,-40.60,1.18,-2.53,10.25,-1.89,0.97,-4.60,-8.30,-2.59,8.51,3.61,-1.58,-4.91
340.31,-39.51,1.95,-3.13,10.49,-1.88,0.99,-5.06,-8.07,-2.24,8.21,3.45,-1.49,-4.82
340.32,-38.63,2.07,-3.60,10.60,-1.79,1.02,-5.45,-7.57,-1.95,7.92,3.21,-1.37,-4.78
340.33,-37.87,1.74,-3.77,10.61,-1.67,1.06,-5.60,-7.22,-2.09,7.71,2.95,-1.29,-4.85
340.35,-36.90,0.92,-3.57,10.38,-1.52,1.10,-5.58,-7.28,-2.22,7.42,2.72,-1.24,-4.87
340.36,-36.06,0.17,-3.10,10.16,-1.46,1.12,-5.41,-7.51,-2.25,7.05,2.45,-1.21,-4.81
340.37,-34.92,-0.93,-2.70,9.91,-1.46,1.14,-5.12,-8.05,-2.08,6.77,2.11,-1.16,-4.58
340.39,-33.93,-1.83,-2.57,9.73,-1.48,1.14,-4.83,-8.57,-1.47,6.66,1.80,-1.09,-4.25
340.40,-32.62,-2.75,-2.39,9.81,-1.51,1.12,-4.39,-9.13,-0.87,6.83,1.39,-0.94,-3.71
340.42,-31.67,-3.07,-2.38,10.19,-1.51,1.08,-3.97,-9.63,-1.26,7.13,1.10,-0.73,-3.08
340.43,-30.93,-3.10,-2.33,10.64,-1.43,1.01,-3.51,-9.83,-1.47,7.28,0.85,-0.62,-2.69
340.44,-30.34,-3.10,-2.31,10.79,-1.32,0.94,-3.05,-9.33,-1.20,7.28,0.58,-0.54,-2.14
340.45,-29.66,-3.12,-2.43,10.66,-1.24,0.87,-2.61,-8.22,-0.94,7.38,0.35,-0.60,-1.42
340.47,-28.41,-2.90,-2.95,10.38,-1.18,0.81,-2.16,-6.58,-0.90,7.98,0.18,-0.69,-1.11
340.48,-26.90,-2.07,-3.41,10.30,-1.08,0.76,-1.80,-5.36,-0.25,8.72,0.15,-0.76,-0.91
340.49,-25.25,-0.89,-3.41,10.43,-0.98,0.74,-1.54,-4.11,1.19,10.09,0.16,-0.85,-0.83
340.51,-23.89,0.25,-3.18,10.70,-0.90,0.71,-1.40,-3.47,2.05,11.29,0.23,-0.88,-0.90
340.52,-22.99,2.23,-2.53,11.33,-0.77,0.63,-1.25,-3.07,2.33,12.10,0.31,-0.85,-1.07
340.53,-22.10,3.50,-1.83,11.74,-0.60,0.46,-1.22,-3.10,2.23,11.46,0.38,-0.74,-1.36
340.55,-22.40,3.53,-1.31,11.60,-0.44,0.32,-1.28,-3.38,2.02,10.61,0.38,-0.67,-1.47
340.56,-22.48,2.79,-1.12,11.06,-0.33,0.20,-1.46,-3.82,1.49,9.26,0.38,-0.65,-1.49
340.57,-22.92,1.87,-1.28,10.29,-0.26,0.14,-1.71,-3.92,1.23,8.70,0.37,-0.65,-1.43
340.58,-23.06,0.97,-1.61,9.38,-0.29,0.14,-1.97,-3.84,0.89,8.36,0.36,-0.68,-1.34
340.60,-22.86,0.75,-1.86,9.09,-0.34,0.17,-2.05,-3.71,0.66,8.55,0.34,-0.70,-1.26
340.61,-22.53,0.79,-2.36,9.12,-0.42,0.23,-2.04,-3.46,0.54,9.19,0.32,-0.73,-1.16
340.62,-22.23,1.07,-2.77,9.41,-0.42,0.25,-1.91,-3.07,0.50,9.82,0.30,-0.73,-1.08
340.63,-21.64,1.33,-2.82,9.49,-0.39,0.23,-1.81,-2.53,0.45,10.37,0.28,-0.70,-1.05
340.65,-21.00,1.87,-2.65,9.35,-0.39,0.14,-1.71,-1.88,0.06,10.70,0.26,-0.61,-1.13
340.66,-21.00,2.08,-2.60,9.18,-0.42,0.06,-1.73,-1.70,-0.06,10.56,0.26,-0.55,-1.23
340.67,-20.85,2.20,-2.51,9.08,-0.46,0.00,-1.78,-1.66,0.10,10.23,0.27,-0.52,-1.30
340.69,-20.63,2.26,-2.39,9.13,-0.51,-0.02,-1.82,-1.86,0.41,9.89,0.27,-0.49,-1.37
340.70,-20.96,2.15,-2.35,9.34,-0.54,-0.04,-1.83,-2.22,0.50,9.73,0.27,-0.46,-1.40
340.71,-21.14,1.89,-2.41,9.60,-0.53,-0.06,-1.79,-2.60,0.43,9.72,0.27,-0.42,-1.35
340.73,-21.40,1.50,-2.48,9.80,-0.47,-0.09,-1.69,-3.06,0.37,9.82,0.28,-0.38,-1.26
340.74,-21.67,1.29,-2.45,9.86,-0.42,-0.11,-1.58,-3.41,0.43,9.86,0.27,-0.35,-1.13
340.75,-21.95,1.04,-2.47,9.91,-0.39,-0.11,-1.45,-3.74,0.30,9.84,0.24,-0.32,-0.98
340.76,-22.24,0.82,-2.55,9.90,-0.36,-0.11,-1.30,-3.79,0.18,9.81,0.23,-0.29,-0.82
340.77,-22.44,0.68,-2.60,9.85,-0.33,-0.10,-1.15,-3.64,0.25,9.71,0.22,-0.27,-0.67
340.79,-22.58,0.80,-2.51,9.79,-0.28,-0.10,-0.97,-3.34,0.52,9.58,0.21,-0.26,-0.50
340.80,-22.84,1.08,-2.28,9.78,-0.23,-0.10,-0.84,-3.13,0.67,9.56,0.20,-0.24,-0.43
340.82,-22.99,1.24,-2.10,9.80,-0.20,-0.12,-0.77,-3.05,0.66,9.61,0.20,-0.23,-0.42
340.83,-23.30,1.29,-2.09,9.81,-0.18,-0.14,-0.72,-3.05,0.58,9.63,0.21,-0.23,-0.40
340.84,-23.63,1.39,-2.27,9.76,-0.12,-0.15,-0.65,-2.79,0.40,9.69,0.23,-0.23,-0.37
340.86,-23.83,1.48,-2.38,9.65,-0.09,-0.15,-0.63,-2.62,0.37,9.75,0.24,-0.23,-0.36
340.88,-23.95,1.65,-2.42,9.59,-0.08,-0.17,-0.62,-2.43,0.42,9.83,0.25,-0.23,-0.35
340.89,-24.09,1.92,-2.54,9.62,-0.04,-0.23,-0.61,-2.30,0.57,9.85,0.23,-0.22,-0.32
340.90,-24.38,2.06,-2.49,9.60,0.02,-0.32,-0.59,-2.11,0.71,9.86,0.21,-0.18,-0.26
340.92,-24.81,2.11,-2.35,9.51,0.09,-0.42,-0.57,-1.84,0.85,9.87,0.18,-0.13,-0.20
340.93,-25.01,2.15,-2.18,9.26,0.15,-0.54,-0.55,-1.64,0.75,9.98,0.16,-0.10,-0.18
340.95,-25.58,2.10,-2.14,9.05,0.18,-0.64,-0.56,-1.77,0.51,10.05,0.15,-0.07,-0.17
340.96,-26.08,2.03,-2.02,9.05,0.18,-0.73,-0.57,-2.02,0.44,9.93,0.16,-0.06,-0.17
340.97,-26.64,1.91,-1.98,9.32,0.16,-0.80,-0.57,-2.37,0.48,9.57,0.17,-0.06,-0.17
340.99,-27.69,1.79,-2.26,9.65,0.15,-0.79,-0.48,-2.43,0.52,9.37,0.18,-0.09,-0.16
341.00,-27.97,1.67,-2.38,9.53,0.18,-0.80,-0.43,-2.15,0.69,9.54,0.20,-0.11,-0.17
341.02,-28.24,2.03,-2.25,9.16,0.29,-0.87,-0.31,-1.64,0.93,9.96,0.21,-0.12,-0.24
341.03,-28.68,2.33,-2.03,8.83,0.37,-0.98,-0.28,-1.57,0.95,10.12,0.24,-0.12,-0.32
341.05,-29.80,2.86,-1.44,8.97,0.40,-1.12,-0.25,-1.99,0.84,9.91,0.26,-0.09,-0.42
341.06,-30.72,2.82,-1.32,9.01,0.41,-1.19,-0.29,-2.28,0.79,9.63,0.26,-0.08,-0.44
341.08,-31.68,2.74,-1.17,8.99,0.42,-1.25,-0.31,-2.47,0.81,9.29,0.24,-0.08,-0.42
341.09,-32.63,2.77,-0.96,8.86,0.40,-1.28,-0.29,-2.45,0.93,9.17,0.23,-0.10,-0.38
341.11,-33.84,2.99,-0.64,8.60,0.36,-1.32,-0.20,-2.51,1.22,9.28,0.21,-0.12,-0.35
341.12,-35.41,3.49,-0.63,8.65,0.34,-1.37,-0.11,-2.64,1.33,9.59,0.20,-0.13,-0.27
341.13,-36.52,3.92,-0.82,8.72,0.34,-1.40,-0.10,-2.49,0.98,10.09,0.23,-0.16,-0.21
341.15,-37.91,4.15,-1.04,8.70,0.36,-1.39,-0.15,-2.52,0.70,10.10,0.28,-0.18,-0.22
341.16,-38.97,4.11,-1.05,8.59,0.37,-1.38,-0.22,-2.60,0.68,9.86,0.31,-0.20,-0.22
341.17,-40.01,4.10,-1.02,8.55,0.38,-1.39,-0.28,-2.64,0.85,9.53,0.33,-0.21,-0.21
341.18,-41.77,4.18,-0.82,8.41,0.48,-1.41,-0.33,-2.52,1.30,9.31,0.32,-0.21,-0.11
341.21,-42.75,4.38,-0.43,8.23,0.52,-1.42,-0.34,-2.33,1.52,9.35,0.30,-0.21,-0.06
341.22,-43.40,4.59,-0.10,8.07,0.54,-1.43,-0.34,-1.98,1.74,9.42,0.27,-0.20,-0.04
341.23,-44.58,4.77,0.10,7.91,0.55,-1.44,-0.34,-1.74,1.89,9.45,0.24,-0.21,-0.06
341.24,-45.31,5.03,0.27,7.78,0.56,-1.45,-0.33,-1.76,1.94,9.46,0.20,-0.21,-0.11
341.25,-46.34,5.35,0.48,7.63,0.57,-1.46,-0.34,-1.89,1.91,9.51,0.18,-0.22,-0.16
341.26,-47.10,5.55,0.57,7.55,0.57,-1.47,-0.38,-2.09,1.86,9.63,0.16,-0.22,-0.19
341.28,-48.53,5.77,0.60,7.57,0.60,-1.50,-0.50,-2.23,1.80,9.67,0.14,-0.22,-0.21
341.30,-50.21,5.86,0.65,7.77,0.63,-1.51,-0.62,-2.39,1.77,9.73,0.11,-0.21,-0.22
341.31,-51.29,5.87,0.80,7.87,0.65,-1.51,-0.72,-2.57,1.75,9.73,0.07,-0.22,-0.22
341.32,-52.30,5.83,0.86,8.00,0.66,-1.51,-0.80,-2.68,1.63,9.73,0.04,-0.23,-0.22
341.33,-53.50,5.81,0.71,8.00,0.69,-1.48,-0.83,-2.86,1.36,9.72,0.02,-0.25,-0.23
341.35,-54.64,5.81,0.55,7.78,0.71,-1.42,-0.80,-2.97,1.14,9.72,0.01,-0.27,-0.22
341.36,-55.54,5.99,0.52,7.58,0.72,-1.37,-0.73,-2.95,1.01,9.67,0.01,-0.29,-0.20
341.37,-56.22,6.35,0.83,7.44,0.74,-1.35,-0.71,-2.77,0.95,9.65,0.01,-0.31,-0.14
341.38,-57.15,7.26,1.80,7.28,0.77,-1.32,-0.96,-2.52,0.98,9.70,0.01,-0.32,-0.11
341.40,-58.10,7.60,2.13,7.06,0.78,-1.31,-1.19,-2.26,1.01,9.83,0.01,-0.33,-0.08
341.41,-59.28,7.86,2.45,6.53,0.68,-1.30,-1.47,-1.93,1.05,10.02,0.02,-0.33,-0.08
341.43,-61.19,7.59,2.44,6.13,0.41,-1.33,-1.65,-1.68,1.11,10.08,0.06,-0.34,-0.09
341.44,-61.68,7.46,2.44,6.08,0.35,-1.34,-1.69,-1.64,1.18,10.03,0.07,-0.36,-0.12
341.45,-62.16,7.38,2.52,5.98,0.32,-1.33,-1.69,-1.68,1.30,9.90,0.09,-0.37,-0.13
341.47,-63.13,7.39,2.72,5.79,0.29,-1.30,-1.63,-1.72,1.50,9.77,0.09,-0.39,-0.11
341.48,-64.00,7.42,2.87,5.65,0.25,-1.25,-1.48,-1.86,1.70,9.64,0.06,-0.38,-0.09
341.50,-65.36,7.49,3.18,5.51,0.18,-1.16,-1.25,-1.77,1.56,9.82,0.03,-0.36,-0.04
341.51,-65.92,7.57,3.27,5.42,0.15,-1.14,-1.18,-1.75,1.55,9.87,0.03,-0.35,-0.03
341.56,-66.14,7.66,3.23,5.37,0.09,-1.11,-1.09,-1.55,1.53,9.97,0.02,-0.33,-0.00
341.58,-66.75,7.83,3.18,5.38,0.07,-1.10,-0.99,-1.43,1.46,10.13,0.03,-0.31,-0.01
341.59,-67.12,7.99,3.19,5.42,0.07,-1.09,-0.91,-1.42,1.34,10.25,0.04,-0.29,-0.07
341.61,-68.43,8.33,3.27,5.31,0.03,-1.11,-0.73,-1.78,1.35,10.31,0.06,-0.28,-0.07
341.62,-69.32,8.44,3.23,5.34,0.00,-1.12,-0.63,-2.22,1.35,10.36,0.07,-0.27,-0.03
341.63,-70.29,8.50,3.20,5.36,-0.01,-1.11,-0.52,-2.48,1.35,10.38,0.07,-0.27,0.02
341.64,-71.25,8.59,3.23,5.38,-0.00,-1.08,-0.43,-2.84,1.38,10.40,0.08,-0.25,0.07
341.65,-72.12,8.72,3.14,5.42,0.03,-1.03,-0.37,-2.99,1.40,10.49,0.08,-0.25,0.13
341.67,-72.98,9.02,3.00,5.57,0.12,-0.93,-0.28,-2.98,1.38,10.60,0.09,-0.26,0.25
341.68,-73.58,9.21,2.91,5.79,0.22,-0.82,-0.20,-2.69,1.40,10.61,0.11,-0.28,0.37
341.69,-73.88,9.20,2.85,5.80,0.34,-0.76,-0.15,-2.33,1.43,10.57,0.13,-0.31,0.44
341.70,-74.09,8.88,2.95,5.16,0.54,-0.65,-0.07,-1.46,1.51,10.37,0.16,-0.37,0.51
341.72,-74.13,8.44,3.58,3.70,0.66,-0.56,-0.04,-0.35,1.46,9.94,0.17,-0.42,0.49
341.73,-74.00,8.27,3.92,2.85,0.64,-0.50,-0.03,0.32,1.38,9.62,0.18,-0.44,0.47
341.75,-74.23,8.17,4.13,2.23,0.56,-0.44,-0.02,0.99,1.37,9.29,0.17,-0.45,0.42
341.76,-73.76,8.16,4.19,1.93,0.46,-0.39,-0.02,1.42,1.36,9.27,0.14,-0.44,0.32
341.78,-73.63,8.27,4.20,1.69,0.30,-0.33,0.01,1.90,1.28,9.45,0.11,-0.43,0.23
341.79,-72.77,8.37,4.17,1.74,0.17,-0.29,0.02,2.09,1.27,9.55,0.10,-0.43,0.14
341.80,-72.54,8.41,4.01,1.95,0.01,-0.22,-0.00,2.22,1.40,9.53,0.10,-0.42,-0.01
341.82,-71.81,8.40,3.85,2.14,-0.08,-0.16,-0.05,2.21,1.52,9.54,0.10,-0.41,-0.12
341.83,-71.06,8.37,3.75,2.27,-0.14,-0.11,-0.10,2.04,1.70,9.59,0.12,-0.39,-0.26
341.85,-70.36,8.39,3.72,2.46,-0.18,-0.08,-0.12,1.78,1.83,9.63,0.12,-0.36,-0.38
341.86,-69.84,8.39,3.75,2.58,-0.19,-0.07,-0.12,1.46,1.97,9.64,0.12,-0.32,-0.47
341.87,-69.39,8.39,3.78,2.75,-0.19,-0.05,-0.10,0.93,2.14,9.74,0.11,-0.28,-0.52
341.89,-69.24,8.31,3.88,2.99,-0.18,-0.04,-0.06,0.59,2.19,9.90,0.09,-0.25,-0.52
341.90,-69.09,8.25,3.92,3.16,-0.18,-0.03,-0.03,0.15,2.23,10.17,0.06,-0.21,-0.46
341.92,-68.91,8.01,3.88,3.62,-0.14,-0.03,0.03,-0.58,2.07,10.48,0.06,-0.18,-0.40
341.93,-68.87,7.86,3.94,3.78,-0.10,-0.04,0.07,-1.02,1.93,10.34,0.09,-0.17,-0.32
341.95,-69.18,7.78,3.94,3.89,-0.08,-0.05,0.10,-1.44,1.77,9.96,0.13,-0.15,-0.17
341.97,-69.22,7.89,3.91,4.07,-0.06,-0.04,0.17,-1.65,1.74,9.65,0.13,-0.14,-0.06
341.98,-69.49,7.89,3.81,4.18,-0.03,-0.03,0.20,-1.72,1.72,9.46,0.10,-0.13,0.09
342.00,-69.69,8.06,3.80,4.30,0.01,-0.00,0.24,-1.76,1.65,9.25,0.07,-0.12,0.15
342.01,-69.84,8.02,3.72,4.31,0.03,0.03,0.25,-1.77,1.58,9.10,0.04,-0.11,0.20
342.02,-70.18,7.89,3.58,4.30,0.09,0.07,0.22,-1.78,1.48,8.81,0.00,-0.08,0.27
342.04,-70.16,7.81,3.60,4.18,0.12,0.10,0.19,-1.69,1.46,8.71,-0.01,-0.07,0.29
342.05,-70.35,7.72,3.67,4.03,0.13,0.13,0.16,-1.50,1.42,8.60,-0.04,-0.05,0.32
342.06,-70.22,7.66,3.69,3.89,0.12,0.15,0.11,-1.29,1.39,8.54,-0.06,-0.02,0.33
342.07,-70.24,7.58,3.72,3.77,0.09,0.18,0.08,-1.06,1.31,8.55,-0.10,0.02,0.33
342.09,-70.28,7.61,3.71,3.68,0.07,0.20,0.06,-0.87,1.36,8.61,-0.12,0.05,0.34
342.10,-70.18,7.63,3.73,3.58,0.04,0.23,0.04,-0.64,1.53,8.79,-0.17,0.08,0.34
342.11,-70.03,7.78,3.72,3.53,0.01,0.24,0.03,-0.29,1.36,9.10,-0.22,0.10,0.32
342.12,-69.81,8.01,3.73,3.50,-0.01,0.24,0.03,0.06,1.20,9.49,-0.25,0.10,0.29
342.14,-69.43,8.33,3.60,3.51,-0.08,0.22,0.05,0.39,1.32,10.18,-0.24,0.11,0.21
342.16,-69.16,8.52,3.49,3.60,-0.12,0.20,0.06,0.54,1.44,10.90,-0.24,0.11,0.19
342.17,-68.84,8.68,3.43,3.78,-0.13,0.16,0.06,0.56,1.49,11.56,-0.20,0.11,0.17
342.18,-68.55,8.86,3.37,4.06,-0.12,0.10,0.08,0.51,1.61,12.01,-0.13,0.09,0.14
342.19,-68.15,8.86,3.25,4.25,-0.09,0.02,0.11,0.44,1.76,11.78,-0.06,0.07,0.12
342.21,-67.87,8.53,3.30,4.16,-0.04,-0.01,0.12,0.20,1.84,11.02,-0.01,0.05,0.08
342.23,-67.73,8.29,3.45,3.99,-0.00,-0.02,0.12,-0.07,1.84,10.10,0.03,0.03,0.08
342.24,-67.67,7.98,3.52,3.87,0.01,-0.01,0.11,-0.34,1.73,9.40,0.02,0.01,0.09
342.25,-67.66,7.77,3.63,3.70,0.03,0.01,0.10,-0.46,1.62,9.05,0.01,0.01,0.11
342.27,-67.68,7.66,3.71,3.67,0.03,0.04,0.10,-0.58,1.42,8.91,-0.02,0.01,0.14
342.28,-67.72,7.76,3.68,3.73,0.03,0.05,0.11,-0.57,1.38,9.07,-0.05,0.01,0.19
342.29,-67.70,7.94,3.49,3.89,0.00,0.06,0.14,-0.44,1.38,9.59,-0.08,0.02,0.24
342.31,-67.59,8.23,3.37,4.05,-0.01,0.06,0.14,-0.31,1.37,10.14,-0.08,0.01,0.24
342.33,-67.46,8.39,3.24,4.14,-0.01,0.04,0.14,-0.16,1.36,10.52,-0.08,0.01,0.21
342.34,-67.28,8.50,3.20,4.16,0.00,0.02,0.13,-0.03,1.31,10.70,-0.06,0.01,0.19
342.35,-67.14,8.51,3.18,4.14,0.01,0.00,0.11,0.04,1.28,10.70,-0.04,0.01,0.17
342.36,-67.02,8.46,3.16,4.10,0.01,-0.01,0.09,0.04,1.25,10.53,-0.03,0.01,0.14
342.37,-66.92,8.38,3.18,4.01,0.02,-0.03,0.06,-0.02,1.21,10.27,-0.01,0.01,0.10
342.39,-66.85,8.29,3.24,3.93,0.01,-0.03,0.03,-0.08,1.16,9.99,0.00,0.01,0.07
342.40,-66.80,8.24,3.28,3.88,0.01,-0.04,0.01,-0.13,1.14,9.77,0.01,0.01,0.05
342.41,-66.79,8.20,3.34,3.83,-0.01,-0.03,-0.01,-0.14,1.15,9.66,0.01,0.00,0.04
342.42,-66.78,8.17,3.43,3.78,-0.02,-0.02,-0.03,-0.11,1.21,9.59,0.00,0.00,0.03
342.43,-66.75,8.15,3.46,3.79,-0.03,-0.01,-0.05,-0.08,1.25,9.66,-0.01,-0.00,0.03
342.45,-66.68,8.16,3.43,3.82,-0.05,-0.00,-0.06,-0.05,1.29,9.78,-0.01,-0.00,0.02
342.46,-66.61,8.17,3.43,3.85,-0.05,-0.00,-0.06,-0.05,1.35,9.91,-0.02,-0.00,0.02
342.47,-66.51,8.21,3.44,3.92,-0.06,-0.00,-0.04,-0.07,1.44,10.04,-0.02,-0.00,0.02
342.50,-66.37,8.20,3.45,3.96,-0.06,-0.01,-0.02,-0.10,1.52,10.10,-0.03,-0.00,0.02
342.51,-66.29,8.16,3.47,3.95,-0.05,-0.01,-0.01,-0.12,1.56,10.02,-0.03,-0.00,0.02
342.52,-66.22,8.09,3.50,3.93,-0.05,-0.02,0.01,-0.13,1.55,9.93,-0.03,-0.01,0.02
342.54,-66.18,8.06,3.51,3.90,-0.04,-0.02,0.02,-0.18,1.53,9.84,-0.03,-0.01,0.03
342.55,-66.13,8.05,3.51,3.90,-0.04,-0.02,0.03,-0.19,1.52,9.81,-0.03,-0.01,0.04
342.56,-66.09,8.06,3.49,3.91,-0.04,-0.02,0.04,-0.19,1.51,9.81,-0.03,-0.02,0.05
342.57,-66.05,8.08,3.47,3.93,-0.04,-0.02,0.05,-0.19,1.50,9.85,-0.03,-0.02,0.07
342.59,-66.00,8.13,3.44,3.96,-0.04,-0.02,0.06,-0.21,1.49,9.94,-0.03,-0.02,0.10
342.60,-65.96,8.19,3.41,3.99,-0.03,-0.02,0.07,-0.19,1.49,10.05,-0.03,-0.02,0.12
342.61,-65.91,8.23,3.37,4.01,-0.02,-0.03,0.08,-0.19,1.47,10.08,-0.03,-0.01,0.13
342.63,-65.87,8.24,3.35,4.00,-0.02,-0.03,0.09,-0.13,1.44,10.08,-0.03,-0.01,0.14
342.64,-65.84,8.24,3.34,3.99,-0.00,-0.03,0.09,-0.09,1.40,10.06,-0.03,-0.01,0.13
342.65,-65.79,8.25,3.31,3.93,0.00,-0.03,0.09,-0.03,1.32,10.01,-0.04,-0.01,0.11
342.67,-65.73,8.26,3.30,3.89,0.01,-0.03,0.08,0.00,1.23,9.99,-0.03,-0.02,0.08
342.68,-65.70,8.29,3.26,3.84,-0.00,-0.03,0.05,0.03,1.15,9.98,-0.02,-0.02,0.06
342.69,-65.65,8.31,3.24,3.84,-0.01,-0.03,0.04,0.04,1.13,10.00,-0.01,-0.02,0.05
342.71,-65.63,8.33,3.22,3.84,-0.02,-0.03,0.02,0.06,1.15,10.00,-0.01,-0.02,0.03
342.72,-65.61,8.34,3.22,3.85,-0.02,-0.03,0.00,0.05,1.16,10.01,-0.00,-0.01,0.03
342.73,-65.56,8.33,3.25,3.88,-0.02,-0.03,-0.02,0.01,1.20,9.99,-0.00,-0.01,0.02
342.75,-65.54,8.32,3.27,3.88,-0.02,-0.03,-0.03,-0.01,1.24,9.97,-0.00,-0.01,0.01
342.76,-65.51,8.27,3.34,3.90,-0.02,-0.02,-0.04,-0.04,1.32,9.93,-0.01,-0.01,0.01
342.78,-65.48,8.24,3.36,3.91,-0.02,-0.02,-0.04,-0.07,1.36,9.91,-0.01,-0.01,0.01
342.79,-65.46,8.20,3.38,3.90,-0.02,-0.02,-0.04,-0.08,1.38,9.89,-0.01,-0.01,0.02
342.81,-65.42,8.16,3.42,3.88,-0.02,-0.01,-0.03,-0.09,1.39,9.87,-0.01,-0.01,0.02
342.83,-65.40,8.15,3.42,3.88,-0.02,-0.01,-0.02,-0.09,1.39,9.90,-0.01,-0.01,0.03
342.84,-65.38,8.16,3.42,3.88,-0.02,-0.01,-0.02,-0.10,1.40,9.93,-0.01,-0.00,0.03
342.86,-65.36,8.17,3.41,3.90,-0.01,-0.01,-0.01,-0.09,1.41,9.96,-0.01,0.00,0.04
342.87,-65.34,8.17,3.40,3.91,-0.01,-0.01,0.00,-0.09,1.41,9.96,-0.01,0.00,0.05
342.89,-65.32,8.17,3.39,3.92,-0.00,-0.01,0.01,-0.08,1.39,9.95,-0.01,0.00,0.05
342.90,-65.29,8.17,3.39,3.92,-0.00,-0.01,0.01,-0.09,1.37,9.95,-0.01,0.00,0.04
342.91,-65.27,8.17,3.39,3.91,0.00,-0.01,0.01,-0.07,1.34,9.95,-0.01,-0.00,0.04
342.93,-65.25,8.19,3.39,3.90,0.00,-0.01,0.01,-0.08,1.31,9.95,-0.01,-0.00,0.05
342.94,-65.21,8.20,3.37,3.89,-0.00,-0.02,0.02,-0.04,1.29,9.96,-0.01,-0.01,0.05
342.97,-65.19,8.21,3.37,3.88,-0.00,-0.02,0.01,-0.02,1.27,9.97,-0.01,-0.01,0.05
342.98,-65.18,8.21,3.37,3.88,-0.00,-0.02,0.01,-0.01,1.27,9.97,-0.01,-0.01,0.05
342.99,-65.14,8.23,3.36,3.85,-0.01,-0.02,0.00,0.01,1.25,9.98,-0.00,-0.01,0.04
343.01,-65.12,8.23,3.37,3.84,-0.01,-0.02,0.00,0.02,1.25,9.99,0.00,-0.01,0.04
343.03,-65.11,8.22,3.37,3.84,-0.01,-0.02,-0.00,0.02,1.24,9.98,0.00,-0.01,0.03
343.04,-65.08,8.20,3.39,3.85,-0.02,-0.02,-0.00,0.01,1.24,9.97,0.01,-0.01,0.03
343.06,-65.07,8.20,3.39,3.85,-0.02,-0.02,-0.00,-0.01,1.24,9.97,0.01,-0.01,0.02
343.08,-65.05,8.20,3.39,3.87,-0.03,-0.02,-0.00,-0.02,1.27,9.97,0.01,-0.01,0.02
343.09,-65.04,8.20,3.39,3.88,-0.03,-0.02,-0.00,-0.03,1.28,9.96,0.01,-0.01,0.02
343.10,-65.03,8.19,3.40,3.88,-0.03,-0.02,-0.00,-0.04,1.31,9.95,0.01,-0.00,0.02
343.12,-65.02,8.19,3.40,3.89,-0.03,-0.02,-0.00,-0.06,1.31,9.95,0.01,-0.00,0.02
343.13,-65.01,8.19,3.40,3.89,-0.03,-0.02,-0.00,-0.06,1.31,9.96,0.01,-0.00,0.03
343.15,-65.01,8.19,3.40,3.90,-0.03,-0.02,0.00,-0.07,1.31,9.95,0.01,-0.00,0.03
343.17,-65.00,8.20,3.39,3.91,-0.03,-0.02,0.01,-0.06,1.34,9.95,0.01,-0.00,0.03
343.18,-64.99,8.19,3.39,3.91,-0.03,-0.02,0.01,-0.05,1.33,9.95,0.01,-0.00,0.03
343.20,-64.98,8.19,3.39,3.88,-0.03,-0.02,0.01,-0.04,1.33,9.95,0.00,-0.00,0.03
343.23,-64.98,8.19,3.39,3.87,-0.03,-0.02,0.01,-0.04,1.32,9.95,0.00,-0.00,0.03
343.24,-64.98,8.19,3.39,3.88,-0.03,-0.02,0.01,-0.02,1.32,9.94,0.00,-0.00,0.04
343.26,-64.96,8.19,3.39,3.87,-0.03,-0.02,0.02,-0.02,1.30,9.93,0.00,-0.00,0.04
343.27,-64.96,8.20,3.38,3.86,-0.03,-0.02,0.02,-0.03,1.29,9.94,0.00,-0.00,0.03
343.29,-64.96,8.20,3.38,3.87,-0.03,-0.02,0.02,-0.03,1.29,9.94,0.00,-0.00,0.03
343.30,-64.95,8.21,3.37,3.87,-0.03,-0.02,0.02,-0.01,1.29,9.95,0.00,-0.00,0.03
343.31,-64.95,8.21,3.36,3.87,-0.03,-0.02,0.02,0.00,1.29,9.97,0.00,-0.00,0.03
343.33,-64.94,8.22,3.36,3.86,-0.03,-0.02,0.02,-0.00,1.29,9.96,0.00,-0.00,0.03
343.34,-64.94,8.22,3.36,3.86,-0.03,-0.02,0.01,-0.01,1.28,9.96,0.00,-0.00,0.03
343.36,-64.94,8.23,3.36,3.87,-0.03,-0.02,0.01,-0.01,1.27,9.97,0.00,0.00,0.03
343.37,-64.93,8.23,3.35,3.88,-0.03,-0.02,0.01,-0.01,1.27,9.97,0.01,0.00,0.03
343.38,-64.93,8.22,3.35,3.88,-0.03,-0.02,0.01,-0.01,1.27,9.97,0.01,0.00,0.03
343.39,-64.93,8.22,3.35,3.88,-0.03,-0.02,0.00,-0.02,1.27,9.97,0.01,0.00,0.03
343.41,-64.92,8.22,3.35,3.88,-0.03,-0.02,0.00,-0.01,1.28,9.96,0.01,0.00,0.02
343.42,-64.92,8.21,3.35,3.87,-0.03,-0.02,-0.00,-0.02,1.27,9.95,0.01,0.00,0.02
343.44,-64.92,8.22,3.36,3.88,-0.03,-0.02,-0.01,-0.01,1.27,9.95,0.01,0.00,0.02
343.45,-64.91,8.22,3.36,3.88,-0.03,-0.02,-0.01,-0.02,1.27,9.95,0.01,0.00,0.01
343.47,-64.91,8.22,3.36,3.87,-0.03,-0.02,-0.01,-0.01,1.28,9.95,0.01,0.00,0.01
343.48,-64.91,8.21,3.38,3.87,-0.03,-0.02,-0.01,-0.01,1.29,9.96,0.01,0.00,0.01
343.50,-64.91,8.20,3.39,3.87,-0.03,-0.02,-0.01,-0.00,1.30,9.95,0.01,0.00,0.00
343.51,-64.90,8.19,3.39,3.86,-0.03,-0.02,-0.01,-0.00,1.30,9.95,0.01,0.00,0.00
343.53,-64.89,8.18,3.40,3.87,-0.03,-0.02,-0.01,-0.01,1.32,9.94,0.01,0.00,0.00
343.54,-64.88,8.18,3.40,3.88,-0.03,-0.02,-0.01,-0.02,1.30,9.94,0.01,0.00,0.00
343.55,-64.88,8.18,3.40,3.86,-0.04,-0.02,-0.01,-0.03,1.30,9.93,0.01,0.00,0.00
343.58,-64.89,8.19,3.40,3.87,-0.04,-0.02,-0.00,-0.04,1.30,9.93,0.01,0.00,0.00
343.59,-64.89,8.19,3.39,3.86,-0.04,-0.02,-0.00,-0.04,1.31,9.92,0.01,0.00,0.00
343.61,-64.90,8.19,3.41,3.88,-0.04,-0.02,0.00,-0.04,1.33,9.92,0.01,0.00,0.01
343.62,-64.91,8.19,3.42,3.89,-0.04,-0.02,0.00,-0.06,1.33,9.93,0.01,0.00,0.01
343.63,-64.91,8.18,3.42,3.91,-0.04,-0.02,0.01,-0.07,1.34,9.93,0.01,0.00,0.01
343.64,-64.91,8.18,3.42,3.92,-0.04,-0.02,0.01,-0.08,1.35,9.92,0.01,0.00,0.01
343.66,-64.92,8.19,3.41,3.91,-0.04,-0.02,0.01,-0.11,1.35,9.91,0.01,0.00,0.02
343.67,-64.93,8.20,3.40,3.91,-0.04,-0.02,0.02,-0.10,1.36,9.93,0.00,0.00,0.02
343.68,-64.94,8.22,3.38,3.92,-0.03,-0.01,0.02,-0.08,1.37,9.93,0.00,0.01,0.03
343.71,-64.94,8.22,3.37,3.93,-0.02,-0.01,0.02,-0.06,1.35,9.94,0.00,0.01,0.04
343.72,-64.93,8.22,3.36,3.92,-0.02,-0.01,0.02,-0.04,1.34,9.95,0.00,0.01,0.04
343.73,-64.91,8.22,3.36,3.91,-0.01,-0.01,0.01,-0.00,1.32,9.96,-0.00,0.00,0.04
343.74,-64.89,8.22,3.35,3.89,-0.01,-0.01,0.01,0.02,1.30,9.97,-0.00,0.00,0.04
343.75,-64.87,8.23,3.35,3.87,-0.01,-0.01,0.01,0.05,1.27,9.97,-0.00,0.00,0.04
343.77,-64.84,8.23,3.35,3.85,-0.01,-0.01,-0.00,0.08,1.25,9.99,-0.00,0.00,0.03
343.78,-64.82,8.24,3.34,3.84,-0.01,-0.02,-0.01,0.10,1.23,9.99,0.00,0.00,0.03
343.79,-64.79,8.25,3.35,3.83,-0.02,-0.02,-0.02,0.11,1.21,9.99,0.01,0.00,0.02
343.81,-64.77,8.24,3.35,3.84,-0.02,-0.02,-0.03,0.10,1.21,9.98,0.01,0.00,0.02
343.82,-64.76,8.23,3.36,3.84,-0.02,-0.02,-0.03,0.10,1.21,9.97,0.01,0.00,0.01
343.83,-64.73,8.22,3.37,3.84,-0.03,-0.02,-0.04,0.09,1.22,9.95,0.01,0.00,0.00
343.86,-64.71,8.19,3.42,3.85,-0.04,-0.02,-0.04,0.02,1.27,9.93,0.01,-0.00,0.00
343.87,-64.71,8.18,3.43,3.87,-0.04,-0.02,-0.04,-0.01,1.29,9.93,0.01,-0.00,-0.00
343.89,-64.71,8.15,3.44,3.88,-0.04,-0.02,-0.03,-0.05,1.34,9.93,0.01,-0.00,0.00
343.90,-64.71,8.15,3.45,3.91,-0.04,-0.02,-0.02,-0.07,1.37,9.94,0.01,0.00,0.01
343.92,-64.72,8.15,3.45,3.91,-0.04,-0.02,-0.01,-0.08,1.39,9.94,0.01,0.00,0.01
343.93,-64.72,8.15,3.46,3.91,-0.04,-0.02,0.00,-0.08,1.38,9.95,0.00,0.00,0.02
343.95,-64.74,8.15,3.45,3.90,-0.03,-0.02,0.01,-0.08,1.36,9.95,0.00,0.00,0.02
343.96,-64.75,8.15,3.45,3.90,-0.03,-0.02,0.02,-0.07,1.35,9.94,0.00,0.00,0.02
343.97,-64.75,8.15,3.45,3.89,-0.03,-0.02,0.02,-0.06,1.33,9.93,0.00,0.00,0.02
343.98,-64.77,8.17,3.42,3.89,-0.04,-0.02,0.03,-0.05,1.32,9.93,0.00,0.00,0.02
344.00,-64.78,8.19,3.41,3.89,-0.04,-0.02,0.03,-0.03,1.29,9.95,0.00,0.00,0.02
344.01,-64.78,8.20,3.40,3.90,-0.04,-0.03,0.03,-0.01,1.29,9.95,0.00,0.00,0.02
344.02,-64.78,8.22,3.38,3.88,-0.04,-0.03,0.03,0.00,1.27,9.96,0.00,0.00,0.02
344.04,-64.79,8.23,3.37,3.88,-0.04,-0.03,0.02,0.01,1.27,9.97,0.00,0.00,0.01
344.06,-64.79,8.23,3.36,3.87,-0.04,-0.03,0.02,0.02,1.26,9.97,0.00,0.00,0.01
344.07,-64.79,8.23,3.36,3.87,-0.04,-0.03,0.01,0.01,1.27,9.96,0.01,0.00,0.01
344.10,-64.80,8.24,3.36,3.87,-0.04,-0.02,0.01,0.01,1.26,9.96,0.01,0.00,0.00
344.11,-64.81,8.23,3.36,3.87,-0.04,-0.02,0.00,0.01,1.27,9.97,0.01,0.00,0.00
344.12,-64.81,8.24,3.36,3.87,-0.04,-0.02,-0.00,-0.01,1.28,9.97,0.01,0.00,0.00
344.14,-64.82,8.24,3.35,3.87,-0.04,-0.02,-0.00,-0.01,1.29,9.98,0.01,0.00,0.00
344.15,-64.82,8.24,3.35,3.87,-0.03,-0.02,-0.01,-0.00,1.29,9.97,0.01,0.00,0.00
344.16,-64.83,8.23,3.36,3.87,-0.03,-0.02,-0.02,-0.01,1.28,9.96,0.01,0.00,-0.00
344.18,-64.83,8.22,3.37,3.87,-0.03,-0.02,-0.02,-0.01,1.29,9.95,0.01,0.00,-0.00
344.19,-64.83,8.21,3.37,3.88,-0.03,-0.02,-0.02,-0.02,1.29,9.95,0.01,0.00,-0.00
344.21,-64.83,8.20,3.39,3.88,-0.03,-0.02,-0.02,-0.02,1.29,9.94,0.01,0.00,-0.00
344.22,-64.83,8.19,3.41,3.88,-0.03,-0.02,-0.02,-0.02,1.29,9.94,0.01,0.00,-0.00
344.23,-64.83,8.18,3.41,3.88,-0.03,-0.02,-0.02,-0.03,1.30,9.93,0.01,0.00,-0.00
344.24,-64.83,8.19,3.43,3.89,-0.03,-0.02,-0.02,-0.03,1.31,9.93,0.01,0.00,-0.00
344.26,-64.82,8.18,3.43,3.90,-0.03,-0.02,-0.02,-0.02,1.32,9.93,0.01,0.00,-0.00
344.27,-64.81,8.18,3.43,3.89,-0.03,-0.02,-0.01,-0.02,1.33,9.95,0.01,0.00,-0.00
344.29,-64.80,8.18,3.43,3.89,-0.03,-0.02,-0.01,-0.02,1.33,9.95,0.01,0.00,0.00
344.31,-64.80,8.18,3.44,3.88,-0.03,-0.02,-0.00,-0.02,1.33,9.95,0.01,0.00,0.00
344.32,-64.80,8.17,3.43,3.89,-0.03,-0.02,0.00,-0.02,1.33,9.94,0.01,0.00,0.00
344.33,-64.79,8.18,3.43,3.88,-0.03,-0.02,0.01,-0.01,1.33,9.95,0.01,0.00,0.01
344.34,-64.78,8.18,3.43,3.88,-0.04,-0.02,0.01,-0.01,1.32,9.94,0.01,0.00,0.01
344.36,-64.78,8.18,3.42,3.87,-0.04,-0.02,0.01,-0.01,1.32,9.95,0.01,0.00,0.01
344.38,-64.78,8.19,3.41,3.87,-0.04,-0.02,0.01,-0.00,1.32,9.96,0.01,0.00,0.01
344.39,-64.79,8.21,3.39,3.87,-0.04,-0.02,0.02,-0.00,1.32,9.96,0.01,0.00,0.01
344.41,-64.80,8.21,3.39,3.88,-0.04,-0.02,0.01,-0.02,1.31,9.95,0.01,0.00,0.01
344.43,-64.80,8.21,3.39,3.89,-0.04,-0.02,0.01,-0.01,1.32,9.96,0.01,0.00,0.01
344.44,-64.80,8.22,3.38,3.89,-0.04,-0.02,0.01,-0.02,1.30,9.95,0.01,0.00,0.01
344.45,-64.81,8.21,3.37,3.89,-0.04,-0.02,0.01,-0.02,1.30,9.95,0.01,0.00,0.01
344.46,-64.82,8.22,3.37,3.88,-0.04,-0.02,0.00,-0.02,1.30,9.96,0.01,0.00,0.01
344.48,-64.83,8.22,3.37,3.88,-0.04,-0.02,0.00,-0.02,1.30,9.96,0.01,0.00,0.01
344.49,-64.83,8.22,3.37,3.88,-0.04,-0.02,0.00,-0.02,1.31,9.97,0.01,0.00,0.00
344.50,-64.84,8.22,3.38,3.88,-0.04,-0.02,-0.00,-0.02,1.30,9.96,0.01,0.00,0.00
344.52,-64.84,8.23,3.38,3.88,-0.04,-0.02,-0.00,-0.02,1.30,9.95,0.01,0.00,0.00
344.54,-64.84,8.21,3.39,3.89,-0.03,-0.02,-0.01,-0.01,1.31,9.96,0.01,0.00,0.00
344.55,-64.84,8.21,3.40,3.89,-0.03,-0.02,-0.01,-0.01,1.31,9.95,0.01,0.00,0.00
344.56,-64.84,8.21,3.40,3.89,-0.03,-0.02,-0.01,-0.02,1.30,9.95,0.01,0.00,0.00
344.58,-64.84,8.21,3.40,3.88,-0.04,-0.02,-0.01,-0.02,1.31,9.95,0.01,0.00,0.00
344.60,-64.84,8.20,3.40,3.88,-0.03,-0.02,-0.01,-0.03,1.31,9.94,0.01,0.00,0.00
344.61,-64.84,8.20,3.40,3.88,-0.03,-0.02,-0.01,-0.02,1.31,9.95,0.01,0.00,0.00
344.62,-64.84,8.20,3.40,3.89,-0.04,-0.02,-0.00,-0.04,1.31,9.96,0.01,0.00,0.00
344.64,-64.84,8.20,3.40,3.89,-0.04,-0.02,-0.00,-0.03,1.31,9.95,0.01,0.00,0.00
344.65,-64.84,8.19,3.40,3.89,-0.03,-0.02,-0.00,-0.03,1.32,9.95,0.01,0.00,0.00
344.66,-64.84,8.19,3.40,3.89,-0.03,-0.02,-0.00,-0.04,1.32,9.95,0.01,0.00,0.00
344.68,-64.84,8.20,3.39,3.89,-0.03,-0.02,-0.00,-0.04,1.31,9.97,0.01,0.00,0.00
34