=~=~=~=~=~=~=~=~=~=~=~= PuTTY log 2024.07.01 14:20:00 =~=~=~=~=~=~=~=~=~=~=~=
236.07,88.91,-9.96,-1.66,1.65,-0.05,0.00,0.01,1.38,-1.01,9.72,0.01,0.00,0.02
236.09,88.91,-9.86,-1.60,1.60,-0.05,-0.01,0.04,1.37,-1.00,9.69,0.02,-0.00,0.02
236.11,88.92,-9.83,-1.55,1.59,-0.05,-0.01,0.04,1.38,-0.99,9.70,0.02,-0.00,0.02
236.12,88.92,-9.81,-1.53,1.59,-0.05,-0.01,0.04,1.38,-0.96,9.69,0.02,-0.00,0.02
236.13,88.95,-9.79,-1.47,1.57,-0.06,0.00,0.02,1.39,-0.88,9.70,0.02,-0.00,0.02
236.15,88.98,-9.82,-1.41,1.53,-0.06,-0.00,0.01,1.35,-0.78,9.66,0.02,-0.00,0.01
236.16,89.00,-9.82,-1.38,1.49,-0.06,-0.00,-0.00,1.31,-0.72,9.65,0.01,-0.00,0.01
236.18,89.03,-9.83,-1.34,1.46,-0.05,-0.01,-0.02,1.28,-0.68,9.67,0.01,-0.00,0.00
236.20,89.04,-9.86,-1.35,1.46,-0.04,-0.01,-0.03,1.26,-0.66,9.69,-0.00,-0.00,0.01
236.21,89.03,-9.88,-1.41,1.48,-0.04,-0.02,-0.03,1.28,-0.71,9.69,-0.01,-0.00,0.01
236.23,89.02,-9.87,-1.44,1.49,-0.04,-0.03,-0.03,1.28,-0.75,9.69,-0.01,-0.00,0.01
236.24,89.02,-9.84,-1.48,1.50,-0.03,-0.03,-0.03,1.29,-0.81,9.69,-0.01,-0.00,0.01
236.25,89.01,-9.83,-1.52,1.50,-0.03,-0.03,-0.04,1.29,-0.86,9.70,-0.02,-0.00,0.00
236.28,88.98,-9.83,-1.59,1.55,-0.04,-0.03,-0.04,1.33,-0.97,9.73,-0.01,-0.00,0.00
236.29,88.97,-9.84,-1.62,1.57,-0.04,-0.03,-0.04,1.34,-0.99,9.71,-0.01,-0.00,0.01
236.31,88.96,-9.85,-1.65,1.58,-0.05,-0.02,-0.03,1.36,-1.01,9.71,-0.01,-0.00,0.01
236.32,88.96,-9.86,-1.66,1.58,-0.05,-0.02,-0.02,1.37,-1.01,9.71,-0.00,-0.00,0.01
236.33,88.96,-9.86,-1.67,1.59,-0.05,-0.02,-0.01,1.38,-1.01,9.71,-0.00,-0.00,0.01
236.35,88.97,-9.88,-1.65,1.60,-0.05,-0.02,0.00,1.39,-0.98,9.72,0.00,-0.00,0.01
236.36,88.97,-9.88,-1.61,1.58,-0.05,-0.01,0.02,1.36,-0.94,9.71,0.01,-0.00,0.01
236.38,88.97,-9.85,-1.57,1.55,-0.05,-0.01,0.02,1.33,-0.91,9.71,0.01,-0.00,0.01
236.39,88.97,-9.83,-1.56,1.53,-0.05,-0.01,0.03,1.31,-0.88,9.69,0.01,-0.00,0.01
236.42,88.98,-9.81,-1.51,1.51,-0.05,-0.01,0.02,1.33,-0.84,9.69,0.01,-0.00,0.01
236.43,89.00,-9.82,-1.48,1.51,-0.05,-0.02,0.01,1.33,-0.82,9.69,0.01,-0.00,0.00
236.44,89.01,-9.84,-1.47,1.51,-0.04,-0.02,0.00,1.32,-0.79,9.69,0.00,-0.00,0.00
236.46,89.01,-9.85,-1.46,1.51,-0.04,-0.02,-0.00,1.31,-0.79,9.70,0.00,-0.00,-0.00
236.47,89.01,-9.84,-1.47,1.54,-0.04,-0.02,-0.00,1.33,-0.81,9.71,0.00,-0.00,0.00
236.49,89.00,-9.83,-1.49,1.56,-0.04,-0.02,-0.01,1.36,-0.83,9.69,-0.00,-0.00,0.00
236.50,89.01,-9.83,-1.49,1.58,-0.04,-0.02,-0.01,1.40,-0.85,9.69,-0.00,-0.00,0.00
236.51,89.02,-9.84,-1.50,1.59,-0.04,-0.02,-0.01,1.42,-0.87,9.71,-0.00,-0.00,0.00
236.53,89.02,-9.84,-1.51,1.61,-0.03,-0.02,-0.01,1.42,-0.87,9.73,-0.00,-0.00,-0.00
236.54,89.02,-9.85,-1.52,1.61,-0.03,-0.02,-0.01,1.42,-0.87,9.73,-0.00,-0.00,-0.00
236.55,89.02,-9.84,-1.51,1.59,-0.03,-0.01,-0.01,1.39,-0.85,9.73,-0.01,-0.00,-0.01
236.56,89.03,-9.83,-1.49,1.56,-0.03,-0.01,-0.01,1.37,-0.84,9.71,-0.01,0.00,-0.01
236.58,89.03,-9.82,-1.48,1.54,-0.03,-0.01,-0.01,1.35,-0.83,9.71,-0.01,0.00,-0.01
236.59,89.04,-9.81,-1.47,1.51,-0.03,-0.01,-0.02,1.33,-0.82,9.70,-0.01,0.00,-0.01
236.60,89.04,-9.81,-1.48,1.49,-0.03,-0.01,-0.02,1.31,-0.82,9.69,-0.01,0.00,-0.01
236.61,89.04,-9.83,-1.52,1.50,-0.04,-0.01,-0.03,1.30,-0.85,9.70,-0.01,0.00,-0.00
236.63,89.04,-9.84,-1.54,1.50,-0.04,-0.01,-0.03,1.31,-0.87,9.69,-0.01,0.00,-0.00
236.65,89.04,-9.85,-1.56,1.51,-0.04,-0.02,-0.03,1.31,-0.89,9.68,-0.01,0.00,-0.00
236.66,89.02,-9.84,-1.62,1.51,-0.04,-0.02,-0.03,1.29,-0.93,9.68,-0.01,0.00,-0.00
236.69,89.01,-9.83,-1.63,1.52,-0.04,-0.02,-0.03,1.30,-0.96,9.70,-0.01,-0.00,-0.00
236.70,89.00,-9.83,-1.65,1.54,-0.04,-0.02,-0.02,1.31,-0.97,9.70,-0.01,-0.00,-0.00
236.72,88.99,-9.85,-1.67,1.54,-0.04,-0.02,-0.02,1.32,-0.98,9.69,-0.00,-0.00,-0.00
236.73,88.98,-9.85,-1.66,1.54,-0.04,-0.02,-0.01,1.33,-0.98,9.70,-0.00,-0.00,0.00
236.75,88.98,-9.84,-1.65,1.54,-0.04,-0.02,-0.00,1.32,-0.99,9.72,-0.00,-0.00,0.00
236.76,88.97,-9.84,-1.63,1.54,-0.04,-0.02,0.01,1.31,-0.97,9.72,0.00,-0.00,0.00
236.77,88.96,-9.83,-1.62,1.54,-0.04,-0.02,0.01,1.30,-0.95,9.72,0.00,-0.00,0.00
236.79,88.95,-9.82,-1.61,1.53,-0.05,-0.02,0.02,1.29,-0.93,9.71,0.01,-0.00,0.00
236.80,88.95,-9.82,-1.59,1.51,-0.05,-0.02,0.02,1.29,-0.93,9.70,0.01,-0.00,0.00
236.81,88.94,-9.83,-1.57,1.52,-0.05,-0.02,0.02,1.30,-0.92,9.71,0.01,-0.00,0.01
236.82,88.94,-9.84,-1.56,1.53,-0.05,-0.02,0.02,1.32,-0.90,9.71,0.01,-0.01,0.01
236.84,88.95,-9.85,-1.55,1.54,-0.05,-0.02,0.02,1.34,-0.89,9.71,0.01,-0.01,0.01
236.86,88.96,-9.85,-1.52,1.55,-0.06,-0.02,0.02,1.35,-0.86,9.70,0.01,-0.01,0.01
236.87,88.96,-9.85,-1.51,1.55,-0.06,-0.02,0.02,1.34,-0.84,9.70,0.01,-0.01,0.01
236.89,88.96,-9.83,-1.50,1.55,-0.06,-0.02,0.01,1.35,-0.82,9.69,0.01,-0.01,0.01
236.90,88.97,-9.83,-1.49,1.56,-0.06,-0.02,0.01,1.35,-0.81,9.68,0.01,-0.01,0.01
236.92,88.98,-9.84,-1.49,1.58,-0.05,-0.02,0.01,1.38,-0.81,9.68,0.01,-0.01,0.01
236.95,88.99,-9.83,-1.51,1.60,-0.05,-0.02,0.00,1.40,-0.83,9.70,0.00,-0.00,0.01
236.97,88.99,-9.84,-1.53,1.59,-0.05,-0.01,0.00,1.40,-0.85,9.71,0.00,-0.00,0.01
236.98,89.00,-9.85,-1.54,1.59,-0.04,-0.01,0.00,1.40,-0.87,9.71,0.00,-0.00,0.00
236.99,89.02,-9.86,-1.55,1.55,-0.04,-0.01,0.01,1.38,-0.89,9.72,0.00,-0.00,0.00
237.01,89.03,-9.84,-1.55,1.53,-0.04,-0.01,0.01,1.34,-0.88,9.72,0.00,-0.00,0.01
237.03,89.05,-9.84,-1.53,1.50,-0.04,-0.01,0.01,1.32,-0.87,9.71,0.00,-0.00,0.00
237.05,89.06,-9.84,-1.53,1.48,-0.04,-0.01,0.01,1.29,-0.87,9.70,0.00,-0.00,0.00
237.06,89.07,-9.84,-1.54,1.47,-0.04,-0.02,0.01,1.28,-0.86,9.70,0.00,-0.00,0.00
237.07,89.06,-9.85,-1.53,1.48,-0.04,-0.02,0.00,1.28,-0.86,9.72,0.00,-0.00,0.00
237.09,89.05,-9.84,-1.51,1.50,-0.04,-0.02,-0.00,1.28,-0.85,9.71,-0.00,-0.01,-0.00
237.12,89.05,-9.85,-1.51,1.49,-0.04,-0.03,-0.00,1.29,-0.84,9.70,-0.00,-0.01,-0.00
237.13,89.04,-9.84,-1.51,1.49,-0.04,-0.03,-0.00,1.29,-0.85,9.69,-0.00,-0.01,-0.00
237.14,89.04,-9.84,-1.51,1.51,-0.04,-0.03,-0.00,1.31,-0.86,9.70,-0.00,-0.01,-0.00
237.15,89.04,-9.84,-1.51,1.52,-0.04,-0.03,-0.01,1.32,-0.87,9.70,-0.00,-0.01,-0.00
237.16,89.03,-9.83,-1.51,1.55,-0.05,-0.03,-0.01,1.35,-0.86,9.71,-0.00,-0.01,-0.00
237.18,89.03,-9.82,-1.51,1.56,-0.05,-0.02,-0.01,1.36,-0.87,9.71,0.00,-0.01,-0.00
237.19,89.03,-9.83,-1.51,1.57,-0.05,-0.02,-0.01,1.38,-0.88,9.70,0.00,-0.01,-0.00
237.20,89.03,-9.85,-1.52,1.58,-0.05,-0.02,-0.01,1.38,-0.88,9.70,0.00,-0.00,0.00
237.21,89.04,-9.87,-1.52,1.58,-0.05,-0.02,-0.01,1.39,-0.88,9.70,0.00,-0.00,0.00
237.22,89.05,-9.86,-1.51,1.57,-0.05,-0.02,-0.01,1.39,-0.88,9.70,0.00,-0.00,0.00
237.25,89.06,-9.85,-1.51,1.57,-0.05,-0.02,-0.00,1.40,-0.87,9.69,0.00,-0.00,0.00
237.26,89.07,-9.84,-1.52,1.58,-0.05,-0.02,-0.00,1.42,-0.85,9.69,0.00,-0.00,0.00
237.27,89.08,-9.84,-1.52,1.60,-0.04,-0.01,0.00,1.44,-0.84,9.68,0.00,-0.00,0.00
237.28,89.09,-9.85,-1.52,1.61,-0.04,-0.01,0.00,1.44,-0.84,9.69,0.00,-0.00,0.00
237.29,89.11,-9.85,-1.53,1.61,-0.04,-0.01,0.00,1.43,-0.84,9.70,-0.00,0.00,0.00
237.31,89.12,-9.84,-1.52,1.61,-0.03,-0.00,0.00,1.42,-0.86,9.69,-0.00,0.00,-0.00
237.33,89.13,-9.84,-1.52,1.60,-0.03,-0.00,0.01,1.40,-0.85,9.69,-0.00,0.00,-0.00
237.34,89.13,-9.84,-1.52,1.55,-0.02,-0.00,0.01,1.36,-0.85,9.69,-0.00,0.01,-0.01
237.36,89.12,-9.85,-1.51,1.52,-0.02,-0.00,0.01,1.30,-0.84,9.70,-0.00,0.01,-0.01
237.37,89.13,-9.86,-1.49,1.43,-0.02,-0.01,0.00,1.24,-0.82,9.70,-0.01,0.01,-0.01
237.38,89.13,-9.85,-1.47,1.38,-0.03,-0.01,-0.00,1.18,-0.82,9.70,-0.01,0.00,-0.01
237.40,89.11,-9.83,-1.48,1.36,-0.03,-0.02,-0.00,1.16,-0.84,9.70,-0.01,0.00,-0.01
237.41,89.11,-9.82,-1.51,1.38,-0.04,-0.02,-0.01,1.18,-0.86,9.69,-0.00,-0.00,0.00
237.43,89.08,-9.83,-1.58,1.46,-0.04,-0.03,-0.02,1.23,-0.93,9.71,-0.00,-0.00,0.00
237.44,89.07,-9.84,-1.60,1.48,-0.05,-0.03,-0.02,1.27,-0.95,9.72,-0.00,-0.01,0.01
237.48,89.04,-9.88,-1.62,1.57,-0.05,-0.03,-0.01,1.33,-0.99,9.73,0.00,-0.01,0.01
237.51,89.04,-9.84,-1.56,1.55,-0.06,-0.02,0.01,1.37,-0.91,9.71,0.01,-0.01,0.01
237.53,89.04,-9.84,-1.54,1.54,-0.06,-0.02,0.01,1.36,-0.88,9.71,0.01,-0.01,0.01
237.53,89.06,-9.84,-1.53,1.53,-0.06,-0.02,0.01,1.37,-0.84,9.71,0.01,-0.01,0.01
237.56,89.07,-9.86,-1.49,1.54,-0.05,-0.02,0.01,1.37,-0.81,9.70,0.01,-0.01,0.01
237.57,89.08,-9.85,-1.46,1.55,-0.05,-0.02,0.01,1.36,-0.79,9.69,0.01,-0.01,0.01
237.58,89.08,-9.83,-1.45,1.54,-0.05,-0.02,0.01,1.36,-0.78,9.70,0.01,-0.01,0.01
237.59,89.09,-9.82,-1.45,1.52,-0.05,-0.02,0.01,1.34,-0.78,9.70,0.00,-0.01,0.01
237.61,89.09,-9.82,-1.46,1.52,-0.05,-0.02,0.00,1.35,-0.79,9.71,0.00,-0.01,0.00
237.62,89.11,-9.85,-1.51,1.51,-0.05,-0.02,-0.01,1.34,-0.85,9.70,-0.00,-0.01,-0.00
237.65,89.11,-9.86,-1.53,1.52,-0.05,-0.02,-0.01,1.32,-0.88,9.70,-0.00,-0.01,0.00
237.66,89.11,-9.86,-1.55,1.53,-0.05,-0.03,-0.01,1.33,-0.89,9.72,0.00,-0.01,0.00
237.68,89.10,-9.86,-1.56,1.54,-0.05,-0.03,-0.00,1.33,-0.91,9.71,0.00,-0.01,0.00
237.70,89.08,-9.85,-1.56,1.55,-0.05,-0.03,0.00,1.34,-0.91,9.70,0.00,-0.01,0.00
237.71,89.08,-9.85,-1.53,1.55,-0.05,-0.03,0.00,1.36,-0.89,9.69,0.01,-0.01,0.00
237.74,89.08,-9.84,-1.49,1.56,-0.05,-0.03,0.00,1.37,-0.85,9.69,0.01,-0.01,0.00
237.75,89.09,-9.83,-1.48,1.56,-0.05,-0.02,0.00,1.38,-0.81,9.69,0.01,-0.01,0.00
237.76,89.09,-9.83,-1.45,1.56,-0.05,-0.02,-0.00,1.39,-0.77,9.68,0.00,-0.01,-0.00
237.77,89.10,-9.83,-1.43,1.57,-0.04,-0.02,-0.00,1.39,-0.73,9.68,0.00,-0.01,-0.00
237.79,89.11,-9.83,-1.42,1.56,-0.04,-0.02,-0.01,1.40,-0.72,9.68,-0.00,-0.00,-0.01
237.80,89.12,-9.84,-1.42,1.55,-0.03,-0.02,-0.02,1.40,-0.73,9.68,-0.01,-0.00,-0.01
237.81,89.12,-9.84,-1.45,1.54,-0.03,-0.02,-0.02,1.38,-0.77,9.67,-0.01,-0.00,-0.01
237.82,89.13,-9.85,-1.47,1.54,-0.03,-0.02,-0.03,1.36,-0.79,9.68,-0.01,-0.00,-0.01
237.84,89.12,-9.86,-1.50,1.55,-0.03,-0.02,-0.03,1.33,-0.83,9.69,-0.01,-0.00,-0.01
237.85,89.10,-9.86,-1.52,1.54,-0.03,-0.03,-0.02,1.32,-0.87,9.70,-0.01,-0.00,-0.01
237.87,89.09,-9.85,-1.52,1.54,-0.03,-0.03,-0.02,1.33,-0.89,9.70,-0.01,-0.00,-0.01
237.88,89.08,-9.83,-1.54,1.53,-0.03,-0.03,-0.02,1.33,-0.91,9.70,-0.01,0.00,-0.00
237.89,89.06,-9.82,-1.58,1.54,-0.04,-0.02,-0.02,1.33,-0.92,9.70,-0.01,-0.00,-0.00
237.91,89.05,-9.84,-1.60,1.55,-0.05,-0.02,-0.02,1.33,-0.93,9.70,-0.01,-0.00,-0.00
237.92,89.05,-9.85,-1.60,1.56,-0.05,-0.02,-0.02,1.35,-0.94,9.70,-0.01,-0.00,0.00
237.93,89.04,-9.86,-1.61,1.57,-0.05,-0.02,-0.02,1.37,-0.94,9.70,-0.00,-0.00,0.00
237.95,89.05,-9.86,-1.61,1.59,-0.05,-0.02,-0.01,1.40,-0.93,9.70,0.00,-0.00,0.01
237.96,89.05,-9.85,-1.59,1.62,-0.04,-0.01,0.01,1.44,-0.91,9.70,0.00,-0.00,0.01
237.98,89.06,-9.85,-1.57,1.63,-0.04,-0.01,0.01,1.44,-0.89,9.71,0.00,0.00,0.00
238.00,89.06,-9.85,-1.54,1.60,-0.04,-0.01,0.01,1.43,-0.85,9.71,0.00,0.00,0.00
238.01,89.10,-9.85,-1.49,1.52,-0.04,-0.01,0.01,1.38,-0.80,9.70,0.00,0.00,-0.00
238.03,89.11,-9.83,-1.48,1.50,-0.03,-0.01,0.01,1.34,-0.78,9.69,0.00,0.00,-0.00
238.04,89.14,-9.83,-1.45,1.45,-0.03,-0.01,-0.00,1.31,-0.76,9.68,-0.00,0.00,-0.00
238.07,89.14,-9.84,-1.47,1.44,-0.03,-0.02,-0.01,1.28,-0.78,9.67,-0.01,0.00,-0.00
238.09,89.15,-9.85,-1.49,1.44,-0.03,-0.02,-0.02,1.26,-0.82,9.68,-0.01,0.00,-0.00
238.10,89.15,-9.84,-1.51,1.45,-0.03,-0.03,-0.02,1.26,-0.84,9.69,-0.01,-0.00,-0.00
238.12,89.12,-9.82,-1.55,1.48,-0.04,-0.03,-0.02,1.28,-0.89,9.71,-0.01,-0.00,-0.00
238.13,89.10,-9.86,-1.60,1.58,-0.05,-0.02,-0.02,1.38,-0.95,9.71,-0.00,-0.00,0.00
238.17,89.10,-9.87,-1.61,1.60,-0.05,-0.02,-0.01,1.42,-0.95,9.71,-0.00,-0.00,0.00
238.19,89.10,-9.87,-1.60,1.62,-0.05,-0.02,-0.00,1.43,-0.94,9.71,0.00,-0.00,0.00
238.20,89.10,-9.87,-1.58,1.62,-0.05,-0.01,0.00,1.44,-0.92,9.71,0.00,-0.00,0.00
238.21,89.11,-9.86,-1.56,1.60,-0.05,-0.01,0.01,1.42,-0.88,9.71,0.00,-0.00,0.00
238.23,89.12,-9.84,-1.54,1.57,-0.05,-0.01,0.01,1.39,-0.85,9.71,0.00,-0.00,0.00
238.24,89.13,-9.84,-1.52,1.52,-0.04,-0.01,0.01,1.34,-0.82,9.72,0.00,-0.00,0.00
238.25,89.12,-9.83,-1.51,1.50,-0.04,-0.01,0.01,1.31,-0.81,9.71,0.00,-0.00,0.00
238.27,89.12,-9.82,-1.51,1.48,-0.04,-0.02,0.00,1.28,-0.82,9.69,0.00,-0.00,0.00
238.28,89.11,-9.83,-1.53,1.48,-0.04,-0.02,-0.00,1.28,-0.83,9.70,0.00,-0.00,0.00
238.30,89.10,-9.83,-1.55,1.47,-0.04,-0.02,-0.01,1.28,-0.86,9.69,-0.00,-0.00,-0.00
238.31,89.10,-9.84,-1.55,1.48,-0.04,-0.02,-0.01,1.28,-0.88,9.70,-0.00,-0.00,-0.00
238.33,89.09,-9.85,-1.56,1.48,-0.04,-0.02,-0.01,1.27,-0.90,9.70,-0.00,-0.01,-0.01
238.34,89.07,-9.84,-1.57,1.50,-0.05,-0.03,-0.01,1.27,-0.92,9.70,0.00,-0.01,-0.00
238.36,89.05,-9.84,-1.57,1.51,-0.05,-0.03,-0.01,1.31,-0.92,9.70,0.00,-0.01,0.00
238.37,89.05,-9.85,-1.56,1.56,-0.06,-0.03,-0.00,1.35,-0.90,9.70,0.01,-0.01,0.01
238.39,89.05,-9.85,-1.56,1.59,-0.06,-0.03,-0.00,1.39,-0.88,9.69,0.01,-0.01,0.01
238.40,89.04,-9.84,-1.55,1.61,-0.05,-0.03,-0.00,1.45,-0.87,9.70,0.00,-0.01,0.01
238.41,89.05,-9.84,-1.54,1.63,-0.05,-0.02,0.00,1.46,-0.86,9.70,0.01,-0.01,0.01
238.43,89.06,-9.85,-1.53,1.65,-0.05,-0.02,0.00,1.47,-0.85,9.70,0.01,-0.01,0.01
238.44,89.06,-9.85,-1.53,1.67,-0.05,-0.02,0.01,1.47,-0.84,9.70,0.01,-0.00,0.00
238.45,89.07,-9.85,-1.53,1.66,-0.05,-0.01,0.01,1.48,-0.83,9.70,0.01,-0.00,0.00
238.46,89.07,-9.86,-1.52,1.66,-0.04,-0.01,0.02,1.48,-0.82,9.70,0.01,-0.00,0.01
238.47,89.09,-9.85,-1.50,1.63,-0.03,-0.00,0.02,1.45,-0.82,9.70,0.01,0.00,0.01
238.50,89.11,-9.84,-1.48,1.61,-0.03,0.00,0.02,1.44,-0.81,9.69,0.00,0.01,0.00
238.52,89.13,-9.84,-1.47,1.56,-0.03,0.00,0.01,1.40,-0.80,9.67,0.00,0.01,-0.01
238.53,89.17,-9.87,-1.49,1.44,-0.03,-0.00,0.00,1.30,-0.81,9.72,-0.00,0.01,-0.01
238.56,89.18,-9.87,-1.49,1.40,-0.03,-0.01,-0.00,1.19,-0.81,9.71,-0.00,0.00,-0.01
238.57,89.17,-9.82,-1.49,1.34,-0.04,-0.02,-0.01,1.15,-0.82,9.67,-0.00,-0.00,-0.01
238.59,89.15,-9.80,-1.51,1.32,-0.04,-0.02,-0.01,1.12,-0.83,9.66,-0.01,-0.00,-0.01
238.60,89.15,-9.79,-1.52,1.31,-0.04,-0.03,-0.03,1.13,-0.84,9.67,-0.01,-0.01,-0.00
238.62,89.15,-9.79,-1.53,1.31,-0.04,-0.03,-0.03,1.13,-0.85,9.68,-0.01,-0.01,-0.00
238.63,89.17,-9.80,-1.54,1.33,-0.05,-0.04,-0.04,1.13,-0.85,9.68,-0.01,-0.01,-0.00
238.64,89.17,-9.84,-1.57,1.36,-0.05,-0.04,-0.04,1.15,-0.87,9.69,-0.01,-0.01,-0.00
238.65,89.13,-9.86,-1.59,1.45,-0.06,-0.05,-0.04,1.18,-0.89,9.71,-0.01,-0.01,-0.00
238.67,89.09,-9.86,-1.60,1.51,-0.06,-0.05,-0.04,1.26,-0.92,9.70,-0.01,-0.02,-0.00
238.68,89.07,-9.87,-1.61,1.56,-0.06,-0.05,-0.03,1.36,-0.93,9.71,-0.00,-0.02,0.00
238.69,89.05,-9.84,-1.60,1.66,-0.06,-0.05,-0.02,1.47,-0.92,9.73,0.00,-0.02,0.01
238.71,89.04,-9.83,-1.59,1.72,-0.06,-0.04,-0.01,1.53,-0.91,9.73,0.01,-0.01,0.01
238.72,89.06,-9.84,-1.59,1.77,-0.06,-0.03,-0.00,1.59,-0.90,9.72,0.01,-0.01,0.01
238.73,89.04,-9.85,-1.56,1.80,-0.06,-0.02,0.00,1.62,-0.89,9.71,0.01,-0.01,0.01
238.75,89.06,-9.87,-1.53,1.79,-0.05,-0.01,0.01,1.63,-0.85,9.71,0.01,-0.00,0.01
238.77,89.09,-9.87,-1.50,1.76,-0.04,-0.00,0.02,1.61,-0.80,9.70,0.01,0.00,0.00
238.78,89.13,-9.85,-1.46,1.70,-0.03,0.00,0.02,1.56,-0.76,9.69,0.01,0.00,-0.00
238.79,89.15,-9.83,-1.44,1.67,-0.03,0.00,0.02,1.51,-0.72,9.69,0.00,0.01,-0.00
238.81,89.17,-9.81,-1.40,1.60,-0.02,0.01,0.00,1.44,-0.69,9.67,-0.00,0.01,-0.01
238.83,89.18,-9.81,-1.40,1.57,-0.02,0.01,-0.00,1.40,-0.68,9.67,-0.01,0.01,-0.01
238.84,89.20,-9.82,-1.41,1.52,-0.01,0.01,-0.01,1.37,-0.69,9.68,-0.01,0.02,-0.02
238.85,89.21,-9.83,-1.43,1.49,-0.01,0.00,-0.03,1.34,-0.70,9.68,-0.02,0.02,-0.02
238.87,89.22,-9.84,-1.48,1.46,-0.01,-0.00,-0.04,1.29,-0.75,9.68,-0.02,0.02,-0.02
238.89,89.21,-9.84,-1.53,1.46,-0.00,-0.01,-0.04,1.28,-0.81,9.69,-0.03,0.02,-0.02
238.90,89.20,-9.84,-1.57,1.48,-0.00,-0.01,-0.04,1.28,-0.86,9.69,-0.03,0.01,-0.02
238.92,89.18,-9.82,-1.65,1.52,-0.01,-0.01,-0.04,1.31,-0.95,9.70,-0.02,0.01,-0.02
238.93,89.16,-9.83,-1.68,1.53,-0.01,-0.01,-0.03,1.33,-1.00,9.69,-0.02,0.01,-0.02
238.95,89.14,-9.86,-1.70,1.50,-0.01,-0.01,-0.03,1.30,-1.02,9.73,-0.02,0.01,-0.02
238.96,89.14,-9.88,-1.71,1.41,-0.02,-0.01,-0.02,1.22,-1.02,9.74,-0.01,0.01,-0.03
238.98,89.11,-9.88,-1.69,1.36,-0.03,-0.01,-0.02,1.15,-1.01,9.73,-0.01,0.01,-0.02
238.99,89.11,-9.84,-1.66,1.29,-0.04,-0.01,-0.01,1.09,-1.00,9.69,-0.00,0.00,-0.01
239.01,89.11,-9.81,-1.64,1.28,-0.05,-0.02,-0.01,1.10,-0.97,9.67,0.00,-0.00,-0.00
239.02,89.11,-9.80,-1.62,1.30,-0.05,-0.02,-0.01,1.13,-0.93,9.66,0.00,-0.01,0.00
239.03,89.12,-9.82,-1.61,1.33,-0.06,-0.03,-0.01,1.15,-0.91,9.69,0.00,-0.01,0.01
239.04,89.12,-9.83,-1.60,1.38,-0.07,-0.03,-0.02,1.20,-0.88,9.73,0.00,-0.01,0.01
239.06,89.11,-9.84,-1.61,1.44,-0.07,-0.04,-0.02,1.26,-0.87,9.73,0.00,-0.02,0.01
239.08,89.10,-9.85,-1.62,1.50,-0.07,-0.04,-0.02,1.31,-0.86,9.73,0.00,-0.02,0.01
239.09,89.10,-9.85,-1.63,1.54,-0.07,-0.04,-0.02,1.35,-0.86,9.73,0.00,-0.02,0.01
239.10,89.09,-9.84,-1.61,1.57,-0.06,-0.04,-0.01,1.39,-0.87,9.72,0.01,-0.02,0.01
239.12,89.08,-9.85,-1.61,1.64,-0.06,-0.04,-0.00,1.45,-0.88,9.72,0.01,-0.02,0.01
239.14,89.09,-9.85,-1.60,1.67,-0.05,-0.03,0.00,1.48,-0.87,9.72,0.01,-0.01,0.01
239.15,89.07,-9.84,-1.60,1.68,-0.05,-0.03,0.01,1.49,-0.87,9.71,0.01,-0.01,0.01
239.16,89.07,-9.84,-1.59,1.68,-0.05,-0.02,0.01,1.51,-0.86,9.70,0.01,-0.01,0.01
239.18,89.09,-9.85,-1.57,1.67,-0.05,-0.02,0.01,1.51,-0.84,9.70,0.01,-0.01,0.00
239.19,89.10,-9.85,-1.56,1.65,-0.04,-0.01,0.01,1.49,-0.83,9.71,0.01,-0.00,0.00
239.20,89.11,-9.84,-1.54,1.62,-0.04,-0.01,0.02,1.43,-0.82,9.71,0.01,-0.00,-0.00
239.21,89.12,-9.82,-1.52,1.56,-0.04,-0.01,0.02,1.36,-0.79,9.69,0.00,0.00,0.00
239.24,89.12,-9.82,-1.51,1.54,-0.04,-0.01,0.01,1.34,-0.78,9.69,0.00,0.00,0.00
239.26,89.12,-9.82,-1.52,1.52,-0.04,-0.01,0.00,1.33,-0.79,9.70,-0.00,0.00,0.00
239.27,89.12,-9.83,-1.53,1.49,-0.04,-0.01,-0.00,1.31,-0.81,9.70,-0.00,0.00,0.00
239.28,89.13,-9.85,-1.55,1.47,-0.04,-0.01,-0.01,1.30,-0.82,9.71,-0.00,0.00,0.00
239.29,89.14,-9.86,-1.56,1.45,-0.04,-0.02,-0.01,1.29,-0.83,9.71,-0.00,0.00,-0.00
239.31,89.13,-9.85,-1.55,1.45,-0.04,-0.02,-0.01,1.28,-0.84,9.71,-0.01,-0.00,-0.00
239.32,89.14,-9.83,-1.56,1.45,-0.04,-0.02,-0.02,1.26,-0.84,9.70,-0.01,-0.00,-0.00
239.33,89.14,-9.82,-1.56,1.45,-0.04,-0.02,-0.02,1.27,-0.85,9.69,-0.01,-0.00,-0.00
239.34,89.13,-9.82,-1.58,1.45,-0.04,-0.02,-0.02,1.28,-0.86,9.69,-0.01,-0.00,-0.00
239.36,89.13,-9.84,-1.62,1.47,-0.04,-0.02,-0.02,1.30,-0.88,9.70,-0.01,-0.00,-0.00
239.37,89.12,-9.86,-1.64,1.49,-0.04,-0.03,-0.02,1.30,-0.89,9.70,-0.00,-0.00,0.00
239.38,89.10,-9.85,-1.66,1.54,-0.04,-0.03,-0.01,1.34,-0.93,9.70,-0.00,-0.01,0.00
239.41,89.09,-9.84,-1.65,1.55,-0.04,-0.03,-0.00,1.35,-0.93,9.70,0.00,-0.01,0.01
239.42,89.08,-9.83,-1.64,1.56,-0.04,-0.03,0.00,1.37,-0.93,9.69,0.00,-0.01,0.01
239.43,89.08,-9.82,-1.63,1.58,-0.04,-0.03,0.00,1.38,-0.91,9.68,0.00,-0.00,0.00
239.44,89.07,-9.83,-1.62,1.58,-0.05,-0.02,0.01,1.39,-0.90,9.69,0.00,-0.00,0.00
239.46,89.07,-9.85,-1.61,1.59,-0.05,-0.02,0.01,1.40,-0.90,9.69,0.00,-0.00,0.01
239.47,89.06,-9.83,-1.60,1.63,-0.05,-0.02,0.02,1.42,-0.91,9.70,0.01,-0.00,0.02
239.49,89.05,-9.84,-1.60,1.65,-0.06,-0.01,0.03,1.45,-0.92,9.73,0.01,-0.00,0.02
239.51,89.06,-9.86,-1.59,1.65,-0.06,-0.01,0.03,1.45,-0.91,9.72,0.02,0.00,0.02
239.53,89.08,-9.88,-1.56,1.55,-0.06,-0.00,0.03,1.38,-0.86,9.72,0.01,0.00,0.02
239.54,89.09,-9.88,-1.54,1.48,-0.06,-0.01,0.02,1.30,-0.82,9.72,0.01,-0.00,0.01
239.55,89.11,-9.85,-1.50,1.36,-0.06,-0.02,0.02,1.20,-0.77,9.71,0.01,-0.01,0.00
239.58,89.11,-9.81,-1.48,1.30,-0.06,-0.03,0.01,1.12,-0.71,9.67,0.01,-0.01,0.00
239.59,89.09,-9.80,-1.48,1.29,-0.06,-0.04,-0.00,1.10,-0.71,9.65,0.00,-0.01,0.01
239.60,89.10,-9.78,-1.49,1.30,-0.06,-0.04,-0.01,1.12,-0.72,9.66,-0.00,-0.01,0.01
239.61,89.07,-9.82,-1.57,1.41,-0.06,-0.05,-0.03,1.20,-0.81,9.69,-0.00,-0.02,0.01
239.63,89.06,-9.84,-1.61,1.46,-0.06,-0.05,-0.04,1.26,-0.85,9.70,-0.01,-0.02,0.01
239.64,89.04,-9.85,-1.66,1.56,-0.06,-0.05,-0.04,1.36,-0.92,9.71,-0.00,-0.02,0.01
239.65,89.03,-9.86,-1.69,1.63,-0.06,-0.05,-0.03,1.42,-0.95,9.71,-0.00,-0.02,0.01
239.67,89.00,-9.85,-1.70,1.75,-0.05,-0.05,-0.00,1.52,-1.02,9.72,0.00,-0.02,0.01
239.69,89.02,-9.85,-1.69,1.77,-0.05,-0.04,0.01,1.57,-1.01,9.73,0.01,-0.02,0.01
239.70,89.02,-9.85,-1.66,1.79,-0.05,-0.03,0.02,1.61,-0.99,9.71,0.01,-0.01,0.01
239.71,89.00,-9.84,-1.61,1.80,-0.05,-0.02,0.03,1.62,-0.94,9.72,0.01,-0.01,0.01
239.73,89.05,-9.84,-1.55,1.77,-0.05,-0.01,0.03,1.62,-0.88,9.71,0.02,-0.01,0.01
239.74,89.05,-9.84,-1.51,1.76,-0.05,-0.00,0.04,1.61,-0.83,9.70,0.02,-0.00,0.01
239.75,89.08,-9.84,-1.46,1.74,-0.05,0.00,0.04,1.58,-0.76,9.69,0.02,-0.00,0.01
239.76,89.10,-9.84,-1.42,1.72,-0.04,0.00,0.04,1.54,-0.71,9.70,0.02,0.00,0.00
239.78,89.13,-9.82,-1.35,1.64,-0.04,0.01,0.03,1.47,-0.62,9.68,0.01,0.01,0.00
239.79,89.15,-9.80,-1.33,1.59,-0.03,0.01,0.02,1.44,-0.59,9.67,0.00,0.01,-0.00
239.80,89.16,-9.79,-1.32,1.56,-0.03,0.01,0.01,1.41,-0.57,9.66,-0.00,0.02,-0.01
239.81,89.19,-9.78,-1.34,1.52,-0.02,0.01,-0.01,1.39,-0.58,9.66,-0.01,0.02,-0.01
239.83,89.21,-9.80,-1.37,1.50,-0.01,0.01,-0.03,1.37,-0.60,9.66,-0.01,0.02,-0.01
239.84,89.21,-9.82,-1.40,1.49,-0.01,0.00,-0.03,1.34,-0.65,9.67,-0.02,0.02,-0.02
239.85,89.22,-9.83,-1.45,1.51,-0.01,0.00,-0.04,1.33,-0.70,9.68,-0.02,0.02,-0.02
239.86,89.22,-9.82,-1.51,1.50,-0.00,-0.00,-0.05,1.32,-0.77,9.70,-0.03,0.02,-0.02
239.88,89.21,-9.83,-1.56,1.52,-0.00,-0.00,-0.05,1.33,-0.86,9.68,-0.03,0.02,-0.02
239.90,89.19,-9.85,-1.64,1.50,-0.00,-0.00,-0.05,1.32,-0.93,9.70,-0.03,0.02,-0.02
239.91,89.19,-9.85,-1.69,1.50,-0.01,-0.00,-0.04,1.32,-0.98,9.71,-0.03,0.02,-0.02
239.92,89.17,-9.85,-1.70,1.50,-0.01,-0.00,-0.04,1.31,-1.02,9.73,-0.03,0.02,-0.02
239.93,89.17,-9.85,-1.72,1.50,-0.01,-0.00,-0.03,1.30,-1.05,9.73,-0.02,0.01,-0.02
239.94,89.16,-9.85,-1.77,1.48,-0.03,0.00,-0.01,1.28,-1.09,9.73,-0.01,0.01,-0.01
239.96,89.15,-9.86,-1.77,1.46,-0.03,0.00,-0.00,1.25,-1.09,9.74,-0.00,0.01,-0.01
239.98,89.15,-9.87,-1.77,1.45,-0.04,0.00,0.01,1.23,-1.09,9.74,0.00,0.01,0.00
239.99,89.14,-9.87,-1.77,1.44,-0.04,0.00,0.02,1.22,-1.08,9.73,0.01,0.01,0.01
240.00,89.14,-9.87,-1.76,1.44,-0.05,-0.00,0.03,1.23,-1.08,9.74,0.02,0.00,0.01
240.01,89.14,-9.86,-1.74,1.42,-0.06,-0.00,0.04,1.22,-1.06,9.72,0.02,-0.00,0.02
240.03,89.13,-9.85,-1.71,1.42,-0.07,-0.01,0.05,1.20,-1.03,9.72,0.03,-0.01,0.02
240.04,89.12,-9.84,-1.69,1.42,-0.08,-0.01,0.05,1.20,-1.01,9.72,0.04,-0.01,0.02
240.06,89.12,-9.83,-1.66,1.42,-0.08,-0.01,0.05,1.21,-0.99,9.72,0.04,-0.01,0.03
240.07,89.12,-9.83,-1.65,1.44,-0.09,-0.01,0.05,1.24,-0.98,9.72,0.05,-0.01,0.03
240.08,89.13,-9.85,-1.65,1.50,-0.10,-0.02,0.05,1.32,-0.98,9.70,0.05,-0.02,0.04
240.10,89.14,-9.87,-1.67,1.57,-0.11,-0.02,0.05,1.39,-1.01,9.71,0.06,-0.02,0.04
240.12,89.16,-9.88,-1.68,1.59,-0.11,-0.02,0.06,1.42,-1.02,9.73,0.07,-0.02,0.05
240.13,89.16,-9.91,-1.69,1.61,-0.12,-0.02,0.06,1.42,-1.04,9.76,0.07,-0.02,0.05
240.14,89.15,-9.88,-1.69,1.52,-0.13,-0.03,0.07,1.29,-0.97,9.76,0.08,-0.02,0.05
240.16,89.13,-9.85,-1.67,1.45,-0.13,-0.03,0.08,1.21,-0.93,9.75,0.08,-0.02,0.05
240.17,89.13,-9.81,-1.64,1.38,-0.13,-0.03,0.08,1.16,-0.90,9.72,0.08,-0.03,0.05
240.19,89.13,-9.80,-1.60,1.32,-0.13,-0.02,0.08,1.17,-0.89,9.68,0.09,-0.03,0.07
240.20,89.16,-9.84,-1.58,1.34,-0.13,-0.02,0.08,1.25,-0.89,9.67,0.09,-0.03,0.07
240.22,89.23,-9.94,-1.51,1.42,-0.14,-0.04,0.08,1.33,-0.86,9.71,0.10,-0.03,0.06
240.24,89.26,-9.96,-1.48,1.42,-0.14,-0.04,0.08,1.30,-0.83,9.74,0.10,-0.04,0.05
240.25,89.30,-9.95,-1.40,1.33,-0.15,-0.05,0.10,1.23,-0.70,9.75,0.10,-0.05,0.03
240.27,89.32,-9.88,-1.34,1.26,-0.16,-0.05,0.11,1.14,-0.60,9.71,0.10,-0.05,0.03
240.28,89.32,-9.82,-1.32,1.24,-0.15,-0.05,0.11,1.10,-0.53,9.66,0.09,-0.05,0.04
240.29,89.34,-9.77,-1.28,1.25,-0.14,-0.06,0.11,1.15,-0.47,9.63,0.09,-0.05,0.05
240.31,89.38,-9.78,-1.22,1.34,-0.13,-0.06,0.09,1.28,-0.40,9.60,0.08,-0.05,0.05
240.33,89.48,-9.93,-1.05,1.38,-0.10,-0.06,0.07,1.41,-0.20,9.65,0.06,-0.05,0.02
240.35,89.53,-9.91,-1.01,1.40,-0.09,-0.07,0.07,1.37,-0.13,9.68,0.04,-0.06,-0.00
240.36,89.57,-9.92,-0.94,1.49,-0.07,-0.08,0.05,1.44,-0.16,9.67,0.03,-0.07,-0.01
240.37,89.60,-9.88,-0.96,1.74,-0.06,-0.09,0.03,1.64,-0.26,9.64,0.02,-0.06,-0.00
240.39,89.63,-9.80,-0.98,1.88,-0.06,-0.08,0.03,1.78,-0.32,9.63,0.01,-0.05,0.00
240.40,89.57,-9.72,-1.05,2.05,-0.05,-0.07,0.02,1.90,-0.39,9.65,0.00,-0.04,0.01
240.41,89.54,-9.75,-1.15,2.15,-0.04,-0.06,0.00,1.96,-0.44,9.68,-0.01,-0.03,0.01
240.43,89.51,-9.88,-1.26,2.14,-0.02,-0.04,-0.00,2.02,-0.56,9.73,-0.02,-0.02,0.00
240.44,89.56,-9.95,-1.29,2.11,-0.01,-0.02,0.00,1.99,-0.66,9.74,-0.02,-0.00,0.00
240.45,89.53,-9.99,-1.35,2.06,-0.01,-0.01,0.01,1.92,-0.74,9.74,-0.01,0.01,0.00
240.46,89.53,-9.98,-1.38,2.00,-0.01,-0.01,0.03,1.84,-0.79,9.74,-0.01,0.01,0.00
240.47,89.53,-9.93,-1.39,1.91,-0.01,-0.01,0.04,1.71,-0.83,9.73,-0.00,0.02,0.00
240.49,89.50,-9.88,-1.40,1.76,-0.02,-0.01,0.06,1.57,-0.84,9.74,0.00,0.02,0.00
240.50,89.49,-9.85,-1.39,1.61,-0.03,-0.00,0.07,1.46,-0.83,9.74,0.00,0.02,0.01
240.51,89.45,-9.84,-1.39,1.51,-0.03,0.00,0.07,1.33,-0.82,9.73,0.01,0.02,0.02
240.52,89.46,-9.85,-1.40,1.38,-0.05,-0.00,0.06,1.24,-0.79,9.69,0.01,0.02,0.03
240.53,89.46,-9.88,-1.40,1.23,-0.06,-0.02,0.02,1.15,-0.71,9.67,0.01,0.02,0.02
240.55,89.49,-9.90,-1.35,0.99,-0.06,-0.05,-0.03,0.95,-0.49,9.69,0.01,-0.01,-0.04
240.58,89.45,-9.90,-1.34,0.97,-0.06,-0.07,-0.03,0.87,-0.46,9.68,0.00,-0.03,-0.06
240.59,89.47,-9.89,-1.36,1.01,-0.04,-0.09,-0.03,0.88,-0.47,9.66,0.00,-0.04,-0.06
240.60,89.42,-9.89,-1.39,1.17,-0.03,-0.11,-0.03,0.97,-0.54,9.61,0.00,-0.06,-0.06
240.62,89.34,-9.94,-1.53,1.32,-0.00,-0.13,-0.02,1.05,-0.63,9.61,-0.00,-0.08,-0.08
240.64,89.19,-10.21,-1.28,1.35,-0.02,-0.15,0.04,0.94,-1.05,9.64,-0.00,-0.13,-0.09
240.66,88.98,-10.23,-1.27,1.36,-0.09,-0.24,0.07,0.66,-1.08,9.51,0.01,-0.16,-0.11
240.67,88.77,-9.91,-1.31,1.29,-0.09,-0.31,0.02,0.70,-0.93,9.42,0.01,-0.17,-0.14
240.68,88.48,-9.28,-1.18,0.87,-0.13,-0.41,-0.07,0.69,-0.51,9.09,-0.03,-0.13,-0.20
240.70,88.32,-9.17,-1.37,0.69,-0.12,-0.42,-0.10,0.48,-0.18,8.95,-0.08,-0.11,-0.21
240.71,88.18,-9.61,-1.34,0.51,-0.06,-0.46,-0.24,0.31,0.06,8.92,-0.13,-0.11,-0.20
240.73,88.05,-10.34,-0.93,0.27,-0.03,-0.53,-0.36,0.40,0.15,9.12,-0.15,-0.12,-0.12
240.74,87.95,-10.71,-1.05,0.30,-0.02,-0.62,-0.40,0.55,0.24,9.47,-0.16,-0.17,-0.06
240.75,87.78,-10.89,-1.20,0.80,0.04,-0.75,-0.38,0.71,0.14,9.69,-0.16,-0.24,0.03
240.76,87.48,-10.73,-1.31,1.25,0.07,-0.86,-0.37,1.00,-0.14,9.89,-0.15,-0.33,0.14
240.78,87.18,-10.38,-1.36,1.55,0.10,-0.93,-0.39,1.35,-0.37,9.86,-0.14,-0.39,0.22
240.79,87.14,-10.25,-1.44,1.68,0.10,-0.94,-0.41,1.66,-0.58,9.70,-0.14,-0.43,0.24
240.80,87.03,-10.57,-1.80,1.70,0.11,-0.85,-0.40,2.16,-0.99,9.59,-0.14,-0.45,0.19
240.82,87.17,-10.65,-2.11,2.45,0.09,-0.86,-0.30,2.35,-1.34,9.74,-0.11,-0.48,0.11
240.84,87.22,-10.58,-2.18,2.86,0.07,-0.92,-0.26,2.44,-1.45,9.81,-0.09,-0.49,0.08
240.85,86.81,-10.44,-2.17,3.28,0.06,-1.03,-0.23,2.50,-1.43,9.78,-0.06,-0.49,0.06
240.87,86.40,-10.29,-2.17,3.55,0.04,-1.13,-0.21,2.59,-1.42,9.77,-0.05,-0.46,0.06
240.88,86.04,-10.15,-2.15,3.74,0.03,-1.21,-0.20,2.80,-1.36,9.81,-0.03,-0.43,0.09
240.90,84.90,-9.80,-2.13,4.08,0.02,-1.32,-0.19,3.09,-1.29,9.83,-0.01,-0.39,0.09
240.91,83.82,-9.58,-2.14,4.32,0.02,-1.38,-0.18,3.32,-1.23,9.76,0.01,-0.36,0.08
240.94,82.89,-9.52,-2.07,4.50,0.03,-1.42,-0.16,3.40,-1.20,9.71,0.03,-0.33,0.08
240.95,81.86,-9.45,-2.01,4.80,0.03,-1.49,-0.13,3.48,-1.16,9.63,0.04,-0.29,0.08
240.97,81.42,-9.41,-2.04,4.95,0.03,-1.53,-0.10,3.53,-1.11,9.64,0.04,-0.20,0.11
241.00,78.86,-9.07,-1.99,5.46,0.07,-1.70,0.01,3.61,-1.08,9.72,0.07,-0.17,0.13
241.01,77.32,-8.92,-1.96,5.76,0.09,-1.77,0.10,3.71,-1.05,9.69,0.08,-0.12,0.17
241.03,76.59,-8.85,-1.96,5.93,0.10,-1.81,0.16,3.75,-1.05,9.66,0.09,-0.07,0.19
241.04,73.90,-8.63,-1.89,6.40,0.12,-1.91,0.31,3.93,-1.07,9.73,0.11,0.03,0.22
241.07,72.36,-8.44,-1.86,6.62,0.12,-1.95,0.41,3.89,-1.09,9.77,0.12,0.08,0.20
241.08,71.09,-8.17,-1.81,6.68,0.11,-1.99,0.48,3.79,-1.12,9.74,0.13,0.11,0.17
241.10,68.31,-7.70,-1.68,6.69,0.05,-2.07,0.62,3.58,-1.24,9.72,0.17,0.18,0.16
241.12,66.83,-7.63,-1.62,6.86,0.01,-2.10,0.71,3.38,-1.14,9.67,0.19,0.22,0.14
241.13,64.55,-7.60,-1.39,7.02,-0.07,-2.13,0.89,3.20,-1.11,9.63,0.20,0.29,0.15
241.14,63.32,-7.36,-1.28,6.98,-0.13,-2.15,0.99,3.08,-1.09,9.56,0.21,0.37,0.24
241.16,60.51,-6.63,-1.10,6.86,-0.28,-2.14,1.21,2.83,-0.88,9.40,0.23,0.41,0.30
241.18,58.40,-6.10,-0.83,6.76,-0.41,-2.11,1.34,2.64,-0.76,9.28,0.24,0.44,0.37
241.19,57.45,-5.90,-0.79,6.75,-0.47,-2.08,1.39,2.55,-0.71,9.23,0.23,0.45,0.40
241.20,57.07,-5.90,-0.79,6.75,-0.47,-2.06,1.41,2.37,-0.61,9.15,0.23,0.47,0.47
241.21,54.79,-5.50,-0.77,6.84,-0.60,-1.99,1.48,2.00,-0.37,9.11,0.22,0.47,0.53
241.22,51.93,-5.06,-0.45,7.06,-0.73,-1.85,1.52,1.80,-0.20,9.10,0.20,0.48,0.57
241.24,47.78,-4.63,-0.28,7.20,-0.85,-1.62,1.41,1.62,0.03,9.12,0.18,0.50,0.60
241.27,45.72,-4.27,-0.36,7.37,-0.87,-1.51,1.29,1.81,0.11,9.27,0.16,0.49,0.54
241.28,42.98,-4.01,-0.44,7.78,-0.84,-1.36,1.05,1.67,0.24,9.19,0.13,0.46,0.42
241.30,40.75,-3.92,-0.47,8.04,-0.75,-1.25,0.77,1.43,0.31,9.27,0.09,0.39,0.34
241.31,39.55,-3.92,-0.58,8.07,-0.69,-1.20,0.62,1.13,0.29,9.35,0.07,0.34,0.24
241.33,36.99,-4.05,-0.71,8.06,-0.55,-1.08,0.29,0.77,0.18,9.48,0.06,0.28,0.17
241.35,35.50,-4.23,-0.83,8.09,-0.48,-1.02,0.16,0.49,-0.01,9.50,0.04,0.24,0.15
241.37,33.64,-4.75,-1.20,8.10,-0.36,-0.87,0.01,0.40,-0.31,9.58,0.03,0.18,0.07
241.39,32.80,-5.10,-1.39,8.13,-0.32,-0.82,0.01,0.32,-0.46,9.70,0.00,0.14,0.02
241.40,32.28,-5.22,-1.49,8.21,-0.31,-0.79,0.04,0.35,-0.58,9.78,-0.00,0.09,0.01
241.43,31.49,-5.07,-1.72,8.48,-0.30,-0.74,0.18,0.53,-0.82,9.82,0.01,0.07,0.02
241.44,30.75,-4.71,-1.77,8.68,-0.30,-0.72,0.27,0.70,-0.87,9.80,0.02,0.04,0.04
241.46,30.21,-4.44,-1.74,8.82,-0.30,-0.71,0.29,0.86,-0.81,9.80,0.01,0.03,0.04
241.47,29.35,-3.87,-1.69,9.05,-0.26,-0.70,0.25,1.24,-0.77,9.87,0.03,0.01,0.03
241.50,28.50,-3.36,-1.73,9.36,-0.19,-0.72,0.08,1.74,-0.74,9.88,0.04,0.00,-0.01
241.52,28.07,-3.20,-1.69,9.44,-0.15,-0.74,-0.03,1.87,-0.76,9.88,0.04,-0.00,-0.07
241.54,27.30,-3.18,-1.66,9.47,-0.09,-0.79,-0.20,2.06,-0.71,9.84,0.03,0.01,-0.13
241.56,27.09,-3.20,-1.64,9.51,-0.07,-0.82,-0.22,2.09,-0.67,9.84,0.03,0.03,-0.16
241.57,26.66,-3.15,-1.56,9.53,-0.06,-0.85,-0.21,2.13,-0.65,9.82,0.04,0.05,-0.17
241.58,26.26,-3.06,-1.54,9.53,-0.06,-0.89,-0.18,2.18,-0.61,9.81,0.04,0.08,-0.17
241.59,25.62,-2.94,-1.43,9.50,-0.07,-0.97,-0.11,2.27,-0.48,9.75,0.04,0.10,-0.18
241.61,25.33,-2.90,-1.36,9.47,-0.07,-1.02,-0.08,2.26,-0.40,9.73,0.03,0.12,-0.20
241.62,24.63,-2.85,-1.25,9.46,-0.07,-1.09,-0.05,2.05,-0.27,9.73,0.02,0.14,-0.22
241.63,23.66,-2.94,-1.14,9.40,-0.05,-1.19,-0.04,1.54,-0.17,9.78,0.00,0.14,-0.25
241.65,22.55,-3.08,-0.95,9.29,-0.03,-1.28,-0.05,1.13,-0.10,9.82,-0.02,0.13,-0.26
241.67,21.51,-3.23,-0.90,9.16,0.00,-1.34,-0.10,0.62,-0.21,9.84,-0.02,0.10,-0.27
241.68,20.71,-3.40,-0.88,9.09,0.02,-1.36,-0.15,-0.07,-0.36,9.83,-0.01,0.02,-0.26
241.70,18.23,-4.95,-1.07,8.93,0.06,-1.32,-0.46,-2.92,-0.67,10.00,0.03,-0.12,-0.20
241.72,16.94,-6.47,-1.17,8.74,0.09,-1.22,-0.63,-4.86,-0.68,10.07,0.05,-0.45,-0.03
241.75,15.69,-8.70,-1.53,8.14,0.04,-0.94,-0.53,-6.53,-0.81,9.94,0.08,-0.61,0.05
241.76,15.20,-8.96,-1.65,7.94,-0.01,-0.80,-0.37,-6.54,-0.87,9.80,0.09,-0.77,0.11
241.77,15.66,-8.66,-1.88,7.87,-0.09,-0.61,-0.14,-6.15,-0.92,9.67,0.09,-0.93,0.11
241.78,16.36,-7.06,-1.98,8.04,-0.21,-0.24,0.21,-5.30,-0.65,9.46,0.07,-1.26,0.03
241.80,16.77,-6.44,-1.79,8.13,-0.24,-0.10,0.27,-4.62,-0.33,9.60,0.07,-1.43,0.00
241.81,17.51,-5.72,-1.49,8.38,-0.29,0.09,0.33,-4.04,0.08,9.84,0.07,-1.54,0.00
241.83,18.44,-5.11,-1.24,8.99,-0.32,0.28,0.34,-3.23,0.62,10.30,0.06,-1.66,0.04
241.84,19.36,-4.73,-1.12,9.64,-0.30,0.40,0.32,-2.30,0.95,10.83,0.06,-1.76,0.36
241.89,24.42,-3.58,-0.27,11.58,0.03,0.75,0.08,0.77,0.64,11.65,0.03,-1.99,0.58
241.91,27.02,-2.98,-0.21,11.54,0.13,0.80,-0.07,1.76,0.23,11.27,-0.04,-1.98,0.82
241.92,29.10,-2.65,-0.53,11.25,0.15,0.80,-0.06,2.55,-0.14,10.62,-0.07,-1.90,0.98
241.93,31.99,-2.26,-1.15,10.75,0.16,0.79,0.03,3.35,-0.54,10.02,-0.08,-1.74,1.15
241.95,33.88,-1.83,-1.72,10.34,0.15,0.76,0.15,3.83,-0.86,9.62,-0.06,-1.57,1.25
241.96,35.16,-1.49,-1.94,10.17,0.12,0.76,0.23,4.05,-1.07,9.40,-0.00,-1.41,1.37
241.99,37.59,-1.52,-1.87,9.83,0.01,0.86,0.38,4.27,-1.20,9.07,0.14,-1.02,1.38
242.01,39.44,-1.73,-1.50,9.71,-0.05,0.96,0.43,5.02,-1.10,8.47,0.28,-0.61,1.32
242.02,40.29,-1.81,-1.39,9.72,-0.06,0.98,0.45,5.24,-1.05,8.29,0.32,-0.49,1.27
242.03,41.68,-1.96,-1.19,9.76,-0.09,1.02,0.51,5.75,-0.97,8.01,0.39,-0.18,1.08
242.04,42.50,-2.09,-0.99,9.86,-0.11,1.04,0.62,5.94,-0.85,8.04,0.46,0.08,0.88
242.06,43.38,-2.19,-0.83,9.98,-0.12,1.05,0.73,5.92,-0.72,8.15,0.49,0.26,0.48
242.08,44.38,-2.30,-0.48,10.12,-0.09,1.05,0.92,5.70,-0.27,8.56,0.57,0.70,0.28
242.09,44.65,-2.29,-0.26,10.11,-0.05,1.06,1.01,5.41,-0.06,8.71,0.61,0.95,0.10
242.10,44.62,-2.27,-0.15,10.09,-0.03,1.08,1.04,5.19,0.02,8.76,0.64,1.10,0.04
242.11,44.38,-2.28,-0.14,10.08,-0.01,1.10,1.04,4.95,0.09,8.82,0.69,1.29,0.02
242.12,44.13,-2.33,-0.19,10.08,0.02,1.13,1.01,4.78,0.14,8.88,0.73,1.47,0.03
242.14,43.70,-2.44,-0.23,10.09,0.05,1.17,0.94,4.73,0.10,9.04,0.76,1.60,0.05
242.15,43.49,-2.52,-0.23,10.07,0.09,1.18,0.86,4.67,0.12,9.13,0.78,1.68,0.07
242.16,42.78,-2.60,-0.20,10.00,0.15,1.18,0.74,4.76,0.10,9.23,0.81,1.90,0.05
242.17,42.21,-2.63,-0.18,9.90,0.20,1.17,0.61,4.85,0.04,9.22,0.83,2.00,-0.05
242.19,40.53,-2.86,-0.28,9.34,0.31,1.09,0.24,4.80,0.04,9.04,0.86,2.35,-0.30
242.21,39.81,-2.96,-0.33,9.14,0.33,1.06,0.14,4.54,-0.02,8.91,0.86,2.47,-0.48
242.23,38.99,-3.18,-0.42,8.70,0.38,1.00,-0.07,4.26,-0.13,8.79,0.87,2.59,-0.61
242.24,38.28,-3.39,-0.43,8.44,0.41,0.95,-0.22,4.01,-0.21,8.75,0.87,2.68,-0.76
242.25,37.40,-3.72,-0.50,8.16,0.44,0.87,-0.40,3.71,-0.26,8.71,0.87,2.73,-0.87
242.27,35.85,-4.13,-0.76,7.68,0.47,0.63,-0.65,3.15,-0.14,8.37,0.82,2.83,-1.20
242.29,35.07,-4.15,-0.86,7.48,0.48,0.51,-0.75,2.85,0.01,8.21,0.76,2.85,-1.31
242.31,34.12,-4.09,-0.83,7.43,0.48,0.41,-0.83,2.61,0.13,8.13,0.68,2.87,-1.45
242.32,32.83,-3.96,-0.47,7.38,0.49,0.22,-1.01,2.12,0.19,7.76,0.52,2.87,-1.62
242.33,31.67,-4.10,-0.30,7.18,0.47,0.12,-1.08,1.74,0.13,7.54,0.43,2.86,-1.70
242.35,28.57,-5.40,-0.11,6.79,0.30,-0.05,-0.87,-0.76,-0.96,7.66,0.24,2.34,-1.04
242.38,25.76,-6.82,-0.37,7.20,-0.05,-0.27,-0.34,-1.88,-0.59,8.21,0.09,2.05,-0.71
242.40,24.55,-6.97,-0.54,7.52,-0.16,-0.38,-0.16,-1.55,-0.19,8.25,0.03,1.82,-0.52
242.41,23.80,-7.08,-0.61,7.58,-0.21,-0.46,-0.01,-1.37,0.04,8.18,-0.05,1.45,-0.39
242.42,23.43,-6.93,-0.61,7.47,-0.24,-0.54,0.22,-1.73,-0.47,7.99,-0.15,1.02,-0.37
242.43,22.81,-6.63,-0.76,7.30,-0.29,-0.58,0.30,-2.37,-1.21,8.01,-0.23,0.57,-0.32
242.44,21.97,-6.09,-1.74,7.43,-0.47,-0.61,0.16,-3.24,-1.81,8.50,-0.36,-0.11,-0.06
242.46,21.66,-5.99,-1.85,8.05,-0.52,-0.66,0.10,-2.82,-1.44,9.10,-0.41,-0.48,0.21
242.47,21.31,-5.11,-1.37,10.50,-0.57,-0.91,0.18,-2.02,1.62,11.23,-0.58,-0.52,0.22
242.49,20.61,-4.60,-0.55,11.47,-0.52,-1.00,0.27,-3.82,1.80,12.79,-0.59,-0.29,0.27
242.50,18.95,-6.42,1.28,11.85,-0.41,-0.95,0.40,-6.34,1.58,13.34,-0.46,-0.26,0.85
242.51,18.22,-8.98,1.05,11.67,-0.49,-0.79,0.70,-5.93,1.69,12.57,-0.35,-0.46,1.49
242.52,18.57,-9.13,-0.42,10.88,-0.58,-0.52,1.27,-2.40,1.77,11.53,-0.43,-0.86,1.67
242.54,19.89,-5.46,-0.98,10.19,-0.55,-0.52,1.50,0.44,1.16,11.05,-0.50,-1.00,1.48
242.56,20.82,-2.05,-1.08,9.99,-0.52,-0.69,1.38,0.89,0.33,10.95,-0.47,-1.11,1.23
242.57,19.97,0.16,-1.05,10.10,-0.49,-0.86,1.02,0.66,-0.39,10.91,-0.45,-1.09,1.18
242.58,19.48,0.48,-1.36,9.94,-0.44,-0.94,0.57,1.12,-0.87,10.37,-0.48,-1.03,1.14
242.59,18.54,-0.01,-1.83,9.49,-0.40,-0.97,0.19,1.94,-1.11,9.50,-0.55,-0.96,0.94
242.60,18.40,-1.09,-2.25,9.02,-0.38,-0.93,-0.12,1.86,-1.16,8.99,-0.63,-0.87,0.47
242.62,18.61,-1.85,-2.06,9.04,-0.36,-0.92,-0.19,0.67,-0.98,9.40,-0.64,-0.82,0.28
242.63,18.36,-2.61,-1.66,9.19,-0.34,-0.93,-0.19,-0.24,-0.70,9.81,-0.61,-0.80,0.25
242.65,18.07,-3.72,-1.38,9.34,-0.33,-0.92,-0.04,-0.69,-0.47,10.03,-0.52,-0.79,0.38
242.67,18.00,-3.82,-1.54,9.30,-0.34,-0.89,0.11,-0.56,-0.59,9.93,-0.47,-0.81,0.43
242.68,18.14,-3.64,-1.72,9.23,-0.34,-0.88,0.23,-0.45,-0.74,9.86,-0.42,-0.82,0.45
242.69,18.02,-2.97,-1.92,9.11,-0.34,-0.86,0.36,-0.30,-1.00,9.84,-0.39,-0.82,0.43
242.71,17.88,-2.27,-2.02,9.07,-0.34,-0.86,0.31,-0.14,-1.33,9.77,-0.34,-0.79,0.37
242.72,17.57,-1.93,-2.06,9.08,-0.35,-0.85,0.17,0.02,-1.36,9.66,-0.33,-0.77,0.30
242.74,17.13,-1.92,-2.02,9.27,-0.34,-0.83,-0.02,0.24,-1.14,9.68,-0.35,-0.74,0.14
242.75,16.91,-2.00,-1.99,9.41,-0.32,-0.82,-0.15,0.28,-1.04,9.77,-0.36,-0.73,0.02
242.76,16.61,-2.10,-1.94,9.51,-0.29,-0.81,-0.26,0.13,-0.97,9.86,-0.36,-0.73,-0.06
242.77,16.40,-2.24,-1.87,9.54,-0.26,-0.81,-0.35,0.02,-0.90,9.91,-0.35,-0.73,-0.09
242.78,16.34,-2.37,-1.83,9.52,-0.24,-0.80,-0.39,-0.01,-0.88,9.90,-0.33,-0.73,-0.10
242.79,16.22,-2.60,-1.73,9.42,-0.21,-0.80,-0.41,0.05,-0.80,9.83,-0.32,-0.74,-0.15
242.83,16.26,-2.81,-1.49,9.18,-0.21,-0.80,-0.31,-0.05,-0.52,9.61,-0.28,-0.75,-0.16
242.84,16.27,-2.69,-1.32,9.24,-0.20,-0.80,-0.23,-0.00,-0.41,9.56,-0.28,-0.77,-0.16
242.86,16.21,-2.49,-1.33,9.27,-0.19,-0.79,-0.17,0.12,-0.54,9.57,-0.27,-0.78,-0.14
242.88,16.12,-2.06,-1.53,9.23,-0.20,-0.80,-0.10,0.39,-0.86,9.53,-0.27,-0.79,-0.13
242.89,16.19,-1.94,-1.61,9.23,-0.22,-0.81,-0.09,0.70,-1.02,9.60,-0.26,-0.79,-0.13
242.90,16.21,-1.83,-1.69,9.32,-0.23,-0.82,-0.10,0.95,-1.05,9.69,-0.24,-0.79,-0.18
242.92,16.06,-2.03,-1.88,9.51,-0.24,-0.87,-0.15,0.83,-1.08,9.82,-0.23,-0.79,-0.20
242.93,16.14,-2.31,-1.94,9.55,-0.23,-0.89,-0.16,0.27,-1.12,9.92,-0.20,-0.81,-0.19
242.95,16.10,-2.66,-2.01,9.55,-0.23,-0.90,-0.16,0.11,-1.16,10.03,-0.18,-0.83,-0.16
242.96,16.19,-3.36,-2.09,9.56,-0.24,-0.91,-0.14,-0.06,-1.16,10.16,-0.18,-0.90,-0.21
242.98,16.82,-4.71,-2.13,9.05,-0.33,-0.88,-0.02,-1.69,-1.12,10.14,-0.19,-1.03,-0.29
243.00,16.85,-4.79,-2.05,8.86,-0.36,-0.86,0.00,-2.13,-1.10,10.02,-0.21,-1.14,-0.28
243.02,17.25,-4.45,-1.88,8.76,-0.40,-0.81,-0.01,-1.99,-1.03,10.01,-0.23,-1.27,-0.27
243.04,17.59,-3.42,-1.73,9.17,-0.39,-0.78,-0.15,-1.09,-0.67,10.03,-0.23,-1.42,-0.33
243.06,18.14,-2.31,-1.78,9.78,-0.27,-0.76,-0.57,-0.04,-0.54,10.20,-0.23,-1.55,-0.38
243.09,18.48,-2.53,-1.96,10.03,-0.20,-0.73,-0.79,0.18,-0.38,10.50,-0.21,-1.66,-0.44
243.10,19.63,-3.78,-2.19,10.65,-0.13,-0.61,-0.88,-0.72,-0.31,11.25,-0.15,-1.82,-0.40
243.12,20.29,-4.61,-2.11,10.80,-0.10,-0.52,-0.84,-1.81,0.17,11.71,-0.13,-1.91,-0.27
243.13,21.00,-5.29,-1.82,10.65,-0.05,-0.39,-0.78,-2.31,0.82,11.79,-0.11,-2.02,-0.10
243.14,21.98,-5.88,-1.40,10.33,-0.01,-0.21,-0.72,-2.36,1.33,11.74,-0.11,-2.20,0.05
243.16,24.91,-6.78,-0.22,9.83,0.07,0.28,-0.47,-2.76,3.01,11.73,-0.18,-2.41,0.01
243.18,26.17,-6.68,0.15,9.80,0.13,0.48,-0.33,-2.97,3.42,11.92,-0.26,-2.54,-0.06
243.19,27.93,-6.19,0.54,9.80,0.20,0.76,-0.21,-2.80,3.03,12.18,-0.33,-2.66,-0.12
243.20,30.26,-5.29,0.29,9.93,0.30,1.10,-0.15,-2.12,2.06,12.40,-0.38,-2.74,-0.14
243.21,31.73,-4.75,-0.02,9.93,0.38,1.26,-0.06,-1.42,1.31,12.37,-0.41,-2.74,-0.10
243.22,34.21,-3.40,-0.62,10.15,0.42,1.47,0.19,0.34,0.46,11.98,-0.44,-2.61,0.01
243.24,35.92,-2.67,-0.85,10.44,0.46,1.60,0.31,1.68,0.14,11.43,-0.47,-2.44,0.12
243.25,37.54,-1.78,-0.92,10.90,0.48,1.75,0.33,3.24,0.62,10.74,-0.56,-2.26,0.18
243.26,39.60,-1.00,-1.00,11.68,0.48,1.88,0.11,5.59,-0.09,10.26,-0.67,-2.06,0.32
243.27,43.56,-0.20,-1.49,12.97,0.51,2.05,-0.52,7.85,-2.00,9.62,-0.61,-1.62,0.61
243.29,46.16,-0.02,-1.73,13.41,0.53,2.05,-0.86,8.38,-2.32,9.27,-0.55,-1.36,0.68
243.30,48.10,-0.17,-1.78,13.48,0.57,1.97,-1.16,8.78,-2.13,9.01,-0.51,-1.10,0.63
243.32,49.79,-0.36,-1.57,13.36,0.59,1.88,-1.22,9.26,-2.59,8.94,-0.43,-0.76,0.49
243.33,51.33,-0.58,-0.81,12.98,0.58,1.74,-1.10,9.81,-3.20,8.48,-0.18,-0.49,0.39
243.34,53.10,-0.62,-0.47,12.42,0.50,1.71,-0.93,9.83,-1.61,7.21,-0.07,-0.18,0.14
243.35,54.16,-0.69,-0.49,11.85,0.39,1.74,-0.73,9.38,-0.69,5.96,-0.15,0.17,-0.23
243.37,55.78,-1.06,-0.33,11.26,0.27,1.83,-0.45,9.11,-0.82,5.65,-0.07,0.60,-0.34
243.38,56.80,-1.38,-0.13,10.93,0.20,1.89,-0.27,8.77,-0.66,5.42,0.06,1.07,-0.35
243.39,57.69,-1.76,0.10,10.61,0.13,1.94,-0.02,8.72,-0.56,5.19,0.22,1.55,-0.35
243.40,58.36,-1.89,0.16,10.36,0.07,1.96,0.22,8.81,-0.41,4.91,0.37,2.00,-0.38
243.41,58.91,-1.78,0.17,10.11,0.04,1.94,0.47,8.76,-0.29,4.65,0.44,2.31,-0.44
243.42,59.09,-1.53,0.19,9.92,0.04,1.91,0.64,8.58,-0.26,4.48,0.51,2.67,-0.64
243.44,58.35,-0.36,0.17,9.41,0.12,1.76,0.88,8.21,-0.27,4.70,0.62,3.18,-0.84
243.46,57.63,0.00,0.07,9.25,0.16,1.69,0.86,8.08,-0.30,4.74,0.67,3.33,-0.93
243.47,56.40,0.37,-0.09,9.01,0.23,1.59,0.77,7.84,-0.33,4.62,0.79,3.60,-1.03
243.49,54.24,0.60,-0.29,8.63,0.32,1.46,0.61,7.27,-0.32,4.59,0.91,3.89,-1.04
243.50,51.84,0.63,-0.32,8.20,0.40,1.31,0.40,7.05,-0.48,4.94,1.01,4.15,-1.04
243.52,47.79,0.38,-0.44,7.55,0.41,1.02,-0.07,7.23,-0.56,5.58,1.09,4.36,-1.20
243.54,44.56,0.18,-0.80,7.11,0.44,0.83,-0.68,7.70,-0.63,5.63,1.09,4.46,-1.39
243.55,42.81,-0.02,-0.93,6.92,0.47,0.74,-1.04,7.79,-0.69,5.51,1.06,4.53,-1.70
243.57,40.28,-0.51,-1.06,6.84,0.56,0.50,-1.64,7.34,-0.96,5.65,1.00,4.56,-2.17
243.59,37.94,-1.19,-1.03,6.95,0.64,0.26,-1.85,5.59,-1.14,5.88,0.81,4.51,-2.54
243.60,34.40,-3.10,-0.15,7.01,0.63,0.05,-1.70,2.70,-0.97,6.65,0.45,4.41,-3.00
243.62,31.10,-6.10,-0.18,7.58,0.40,-0.04,-1.76,0.20,-0.96,7.54,0.28,4.06,-2.94
243.64,27.99,-8.65,-1.53,8.24,0.30,-0.11,-1.86,-2.68,-1.01,8.60,0.14,3.76,-2.75
243.65,25.11,-10.44,-1.72,8.07,0.31,-0.20,-1.69,-4.57,-1.27,9.49,0.05,2.96,-2.12
243.67,22.42,-11.67,-1.39,7.14,0.06,-0.27,-1.17,-5.78,-1.16,9.41,0.03,1.99,-1.43
243.68,21.04,-11.70,-1.51,7.11,-0.07,-0.31,-0.81,-6.19,-1.00,9.04,-0.01,1.29,-0.99
243.70,20.91,-11.00,-1.82,7.27,-0.18,-0.37,-0.27,-5.45,-1.02,8.77,-0.04,0.61,-0.46
243.71,20.72,-8.38,-1.60,8.66,-0.33,-0.62,0.53,-2.20,-1.09,9.55,-0.17,-0.37,0.45
243.73,20.99,-6.20,-1.38,10.71,-0.45,-0.91,1.01,-0.66,0.08,10.61,-0.28,-0.59,0.62
243.74,20.48,-2.87,-0.98,12.58,-0.41,-1.15,1.27,-1.33,1.74,12.94,-0.45,-0.41,0.54
243.76,17.82,-6.37,0.77,12.56,-0.20,-0.92,1.04,-5.16,1.79,13.81,-0.33,-0.45,1.23
243.78,17.49,-7.89,0.29,12.30,-0.25,-0.79,1.21,-4.06,1.47,13.28,-0.29,-0.76,1.60
243.79,18.26,-6.16,-0.96,10.38,-0.33,-0.64,1.45,-1.71,0.09,11.99,-0.38,-1.12,1.62
243.81,18.67,-3.14,-1.30,9.09,-0.41,-0.74,1.15,-1.36,-0.87,10.68,-0.43,-1.27,1.64
243.82,18.67,-1.78,-1.42,8.61,-0.47,-0.85,0.88,-1.07,-1.70,9.87,-0.45,-1.25,1.72
243.84,17.83,-0.94,-1.61,8.32,-0.57,-0.99,0.56,-0.54,-1.98,9.54,-0.46,-1.16,1.83
243.84,17.72,-0.90,-1.86,8.52,-0.64,-1.04,0.36,0.61,-1.65,9.24,-0.50,-1.07,1.77
243.85,17.28,-1.08,-1.94,8.65,-0.65,-1.04,0.33,1.00,-1.51,9.18,-0.51,-1.05,1.72
243.87,17.72,-1.37,-2.09,8.97,-0.65,-1.02,0.28,2.15,-0.99,9.04,-0.57,-0.98,1.43
243.87,17.24,-1.84,-2.24,9.45,-0.61,-0.98,0.24,2.71,-0.70,9.06,-0.62,-0.95,1.16
243.92,18.31,-2.15,-2.05,9.96,-0.44,-0.93,0.15,2.86,-0.60,9.63,-0.67,-0.94,0.20
243.95,18.23,-1.85,-1.63,9.99,-0.29,-0.96,0.09,1.52,-0.43,10.43,-0.58,-0.99,0.02
243.96,17.60,-1.66,-1.94,9.33,-0.32,-1.00,0.17,0.01,-0.95,10.59,-0.41,-1.00,0.13
243.97,16.95,-1.51,-2.40,9.25,-0.39,-1.00,0.19,0.26,-1.47,10.03,-0.38,-0.94,0.37
243.99,16.77,-1.25,-2.53,9.44,-0.42,-0.97,0.03,1.35,-1.65,9.63,-0.39,-0.88,0.35
244.00,16.68,-1.07,-2.54,9.63,-0.39,-0.93,-0.20,1.64,-1.59,9.69,-0.40,-0.82,0.03
244.02,16.11,-1.61,-2.56,9.75,-0.25,-0.88,-0.55,0.77,-1.36,9.93,-0.40,-0.79,-0.29
244.03,15.96,-2.31,-2.41,9.44,-0.17,-0.85,-0.65,0.09,-1.30,10.01,-0.39,-0.78,-0.41
244.04,15.87,-2.75,-2.31,9.10,-0.15,-0.82,-0.64,-0.47,-1.24,9.87,-0.37,-0.78,-0.41
244.05,15.85,-3.03,-2.18,8.90,-0.18,-0.78,-0.57,-0.67,-1.33,9.69,-0.37,-0.78,-0.39
244.06,15.74,-2.92,-2.11,8.97,-0.20,-0.74,-0.51,-0.91,-1.40,9.58,-0.35,-0.78,-0.35
244.08,15.48,-2.50,-2.03,8.94,-0.20,-0.71,-0.51,-0.83,-1.36,9.56,-0.33,-0.77,-0.32
244.09,15.16,-2.36,-2.00,8.85,-0.19,-0.69,-0.54,-0.69,-1.21,9.44,-0.31,-0.76,-0.29
244.10,14.82,-2.48,-2.01,8.77,-0.19,-0.68,-0.53,-0.57,-1.19,9.20,-0.29,-0.75,-0.18
244.12,14.77,-2.73,-1.95,8.64,-0.21,-0.66,-0.45,-0.52,-1.17,9.07,-0.30,-0.74,-0.09
244.14,14.74,-2.88,-1.93,8.67,-0.25,-0.65,-0.35,-0.53,-1.27,9.14,-0.30,-0.74,-0.00
244.15,14.87,-2.97,-1.95,8.79,-0.28,-0.65,-0.27,-0.28,-1.16,9.35,-0.30,-0.75,0.08
244.16,15.07,-2.85,-1.88,9.08,-0.31,-0.65,-0.17,0.20,-0.92,9.55,-0.30,-0.76,0.14
244.17,15.32,-2.56,-1.77,9.36,-0.31,-0.66,-0.08,0.49,-0.76,9.64,-0.29,-0.80,0.09
244.19,15.77,-1.95,-1.83,9.58,-0.27,-0.68,-0.04,0.82,-0.82,9.71,-0.29,-0.82,0.05
244.21,15.93,-2.06,-2.01,9.45,-0.26,-0.70,-0.08,0.71,-1.17,9.76,-0.28,-0.85,0.01
244.22,16.11,-2.16,-2.10,9.40,-0.27,-0.72,-0.10,0.72,-1.35,9.79,-0.28,-0.87,-0.00
244.24,16.23,-2.29,-2.22,9.45,-0.27,-0.73,-0.13,0.72,-1.39,9.85,-0.28,-0.89,-0.03
244.25,16.66,-2.50,-2.25,9.64,-0.26,-0.73,-0.21,0.57,-1.28,9.98,-0.27,-0.94,-0.17
244.28,16.87,-2.65,-2.18,9.63,-0.24,-0.73,-0.27,0.05,-1.21,10.07,-0.26,-0.98,-0.21
244.28,16.94,-2.67,-2.15,9.60,-0.23,-0.72,-0.30,-0.05,-1.22,10.07,-0.26,-1.00,-0.22
244.30,17.04,-2.61,-2.10,9.54,-0.21,-0.70,-0.35,-0.09,-1.28,10.01,-0.26,-1.04,-0.23
244.31,17.22,-2.31,-2.16,9.55,-0.20,-0.67,-0.47,0.23,-1.41,9.98,-0.28,-1.09,-0.27
244.32,17.81,-1.70,-2.40,10.01,-0.15,-0.65,-0.73,1.37,-1.44,10.15,-0.32,-1.17,-0.43
244.37,17.93,-1.60,-2.49,10.10,-0.12,-0.65,-0.82,1.53,-1.45,10.19,-0.33,-1.17,-0.46
244.37,18.47,-1.56,-2.57,10.16,-0.09,-0.66,-0.93,1.70,-1.50,10.29,-0.33,-1.20,-0.56
244.42,18.91,-1.72,-2.66,10.10,-0.04,-0.66,-1.03,1.55,-1.54,10.27,-0.31,-1.24,-0.63
244.43,19.19,-1.97,-2.72,9.96,-0.02,-0.66,-1.08,1.36,-1.59,10.25,-0.30,-1.27,-0.65
244.44,19.54,-2.44,-2.83,9.78,-0.01,-0.65,-1.08,1.17,-1.67,10.29,-0.28,-1.30,-0.65
244.46,20.05,-2.88,-2.91,9.71,-0.02,-0.65,-1.04,1.04,-1.75,10.50,-0.25,-1.33,-0.62
244.46,21.27,-3.93,-2.77,10.06,-0.07,-0.65,-0.86,1.08,-1.20,11.09,-0.14,-1.42,-0.51
244.48,22.27,-4.42,-2.17,10.47,-0.07,-0.65,-0.70,1.00,0.12,11.28,-0.08,-1.50,-0.49
244.49,23.43,-4.39,-1.55,10.64,-0.01,-0.63,-0.56,0.20,1.35,11.36,-0.02,-1.70,-0.40
244.51,24.03,-4.19,-1.06,10.68,0.07,-0.58,-0.43,-0.33,1.47,11.29,0.00,-1.75,-0.34
244.52,24.17,-4.16,-0.98,10.67,0.08,-0.57,-0.40,-0.40,1.44,11.28,0.00,-1.78,-0.30
244.54,24.75,-4.19,-0.82,10.54,0.13,-0.50,-0.30,-0.42,1.47,11.20,0.01,-1.87,-0.17
244.55,25.69,-4.59,-0.81,10.24,0.16,-0.38,-0.22,-0.72,1.61,11.10,-0.02,-2.02,-0.12
244.56,26.50,-5.01,-0.82,9.82,0.17,-0.23,-0.15,-1.51,1.62,11.08,-0.03,-2.06,-0.13
244.59,28.69,-5.36,-0.67,8.40,0.34,0.21,-0.07,-3.28,1.62,10.80,-0.11,-2.26,-0.01
244.61,31.16,-4.89,-0.52,8.23,0.54,0.77,-0.09,-2.13,0.92,10.92,-0.22,-2.33,0.25
244.63,33.30,-4.08,-0.57,8.74,0.62,1.12,0.05,0.26,-0.10,11.01,-0.24,-2.26,0.51
244.65,36.07,-3.09,-1.06,9.53,0.63,1.43,0.29,2.88,-0.68,10.69,-0.23,-2.08,0.62
244.67,41.27,-1.68,-1.99,11.11,0.65,1.74,0.44,6.33,-1.93,9.76,-0.22,-1.78,0.55
244.68,43.67,-0.70,-2.19,12.17,0.65,1.84,0.29,7.93,-2.76,9.31,-0.11,-1.56,0.51
244.69,45.24,-0.30,-2.27,12.71,0.62,1.84,0.09,8.72,-3.18,9.09,-0.06,-1.45,0.50
244.70,47.31,0.78,-2.71,13.41,0.60,1.78,-0.36,10.00,-3.82,8.44,0.06,-1.18,0.41
244.70,48.23,0.93,-2.81,13.51,0.62,1.76,-0.53,10.28,-3.92,8.17,0.10,-1.05,0.33
244.73,50.36,0.88,-2.81,13.50,0.66,1.75,-0.81,10.32,-4.32,7.82,0.21,-0.68,-0.04
244.75,54.07,0.13,-1.58,12.77,0.57,1.61,-0.67,9.56,-2.47,5.84,0.57,-0.08,-0.39
244.78,55.36,0.12,-1.36,12.22,0.41,1.55,-0.49,9.47,-2.94,4.74,0.64,0.24,-0.39
244.79,57.56,-0.03,-1.16,11.19,0.06,1.55,-0.02,8.97,-2.93,3.41,1.00,1.43,-0.23
244.81,58.53,-0.58,-1.45,10.37,-0.20,1.55,0.47,8.20,-2.41,3.63,1.25,1.99,-0.05
244.82,58.36,-0.46,-1.68,9.98,-0.31,1.50,1.01,7.89,-2.01,4.46,1.38,2.46,0.13
244.84,57.53,0.10,-1.76,9.79,-0.39,1.45,1.50,7.94,-1.84,4.74,1.47,2.69,0.21
244.88,56.25,0.39,-1.53,9.67,-0.37,1.43,1.67,8.58,-1.77,4.60,1.61,3.06,0.18
244.89,55.01,0.58,-1.27,9.55,-0.33,1.41,1.72,8.93,-1.70,4.49,1.65,3.26,0.07
244.90,54.62,0.64,-1.18,9.51,-0.31,1.39,1.72,8.97,-1.67,4.47,1.66,3.31,0.04
244.90,54.48,0.64,-1.18,9.51,-0.31,1.39,1.72,8.98,-1.63,4.46,1.66,3.36,-0.00
244.93,51.89,0.87,-1.04,9.38,-0.25,1.16,1.68,8.34,-1.27,4.73,1.60,3.70,-0.37
244.94,51.29,0.89,-1.04,9.37,-0.24,1.12,1.67,8.21,-1.23,4.84,1.59,3.74,-0.40
244.94,51.29,0.89,-1.04,9.37,-0.24,1.12,1.67,8.21,-1.23,4.84,1.59,3.74,-0.40
244.98,50.90,0.94,-1.03,9.32,-0.23,1.05,1.66,8.21,-1.23,4.84,1.59,3.74,-0.40
245.00,49.47,0.99,-1.00,9.23,-0.20,0.94,1.63,7.81,-1.15,5.24,1.58,3.85,-0.44
245.01,46.92,0.90,-0.86,9.11,-0.17,0.81,1.57,7.22,-0.98,5.99,1.57,4.00,-0.39
245.02,44.24,0.81,-0.84,9.06,-0.11,0.67,1.32,7.36,-0.62,6.75,1.55,4.16,-0.10
245.06,38.69,0.43,-0.42,9.63,0.06,0.49,0.77,6.11,0.35,7.10,1.42,4.32,-0.01
245.12,35.74,-0.73,0.26,9.80,0.23,0.41,0.51,3.77,0.76,7.55,1.20,4.23,0.03
245.14,32.35,-2.68,1.15,9.15,0.37,0.31,0.41,2.36,0.56,8.11,0.96,4.00,0.15
245.14,27.79,-6.30,0.88,7.62,0.25,0.12,0.46,1.35,0.22,9.16,0.70,3.25,0.36
245.16,26.90,-6.67,0.65,7.61,0.21,0.12,0.43,1.21,-0.06,9.12,0.61,2.91,0.30
245.18,26.98,-6.78,-0.49,7.63,0.04,0.08,0.26,0.70,-0.74,8.94,0.43,2.34,0.12
245.20,27.19,-6.38,-1.20,7.73,-0.30,-0.02,0.24,-0.53,-1.09,8.77,0.18,1.68,-0.05
245.21,27.39,-8.23,-0.59,9.72,-0.74,-0.23,1.10,-1.40,-0.61,8.78,-0.36,-0.18,0.53
245.23,25.76,-2.55,-0.08,10.75,-1.00,-0.44,1.38,1.59,1.30,12.02,-0.29,-0.59,1.68
245.24,26.14,-1.01,0.07,10.61,-0.97,-0.52,1.23,4.23,1.76,10.00,-0.47,-0.52,1.48
245.25,26.45,0.88,-0.29,10.68,-0.81,-0.57,0.99,6.15,1.67,9.06,-0.49,-0.52,0.57
245.27,26.37,1.53,-1.06,10.83,-0.52,-0.73,0.43,5.58,0.48,9.47,-0.58,-0.44,0.23
245.28,25.48,0.01,-1.82,10.77,-0.33,-0.84,0.01,2.64,-1.06,10.59,-0.57,-0.20,0.14
245.29,24.74,-0.93,-2.07,10.49,-0.32,-0.88,-0.02,2.03,-1.31,10.54,-0.55,-0.13,0.22
245.31,23.34,-2.58,-2.42,9.57,-0.36,-0.94,0.10,1.02,-1.10,10.01,-0.49,-0.02,0.26
245.33,21.77,-3.64,-1.89,9.49,-0.42,-0.88,0.24,-0.23,-0.49,10.32,-0.42,-0.01,-0.04
245.36,20.16,-3.70,-1.59,9.29,-0.34,-0.80,0.06,-1.58,-0.16,10.07,-0.36,-0.06,-0.16
245.37,18.89,-4.09,-1.30,8.95,-0.25,-0.73,-0.14,-2.22,-0.04,9.81,-0.32,-0.11,-0.12
245.39,18.53,-4.27,-1.27,8.90,-0.23,-0.71,-0.17,-2.22,-0.05,9.81,-0.30,-0.14,-0.07
245.40,17.79,-4.66,-1.29,8.93,-0.20,-0.64,-0.13,-1.88,-0.14,9.90,-0.26,-0.19,0.01
245.42,17.44,-4.45,-1.39,9.07,-0.22,-0.59,-0.01,-1.41,-0.33,9.94,-0.23,-0.21,0.01
245.43,17.33,-4.25,-1.44,9.13,-0.22,-0.58,0.02,-1.32,-0.39,9.93,-0.22,-0.22,0.01
245.44,17.09,-3.86,-1.51,9.19,-0.23,-0.56,0.03,-1.17,-0.47,9.92,-0.20,-0.23,0.02
245.45,16.81,-3.55,-1.52,9.24,-0.23,-0.55,0.02,-1.03,-0.51,9.89,-0.19,-0.25,0.03
245.47,16.30,-3.30,-1.60,9.31,-0.23,-0.54,-0.01,-0.89,-0.42,9.94,-0.17,-0.26,0.04
245.48,15.97,-3.38,-1.61,9.32,-0.23,-0.54,-0.01,-0.91,-0.24,10.00,-0.15,-0.25,0.08
245.50,15.73,-3.79,-1.43,9.40,-0.23,-0.56,0.09,-0.97,-0.12,10.10,-0.12,-0.27,0.20
245.52,15.57,-3.99,-1.35,9.47,-0.25,-0.58,0.26,-0.98,-0.09,10.15,-0.09,-0.29,0.29
245.53,15.50,-3.84,-1.27,9.53,-0.30,-0.58,0.58,-0.88,-0.13,10.03,-0.05,-0.32,0.42
245.55,15.37,-3.65,-1.31,9.57,-0.32,-0.56,0.71,-0.89,-0.14,10.02,-0.04,-0.33,0.44
245.56,15.18,-3.36,-1.30,9.53,-0.31,-0.51,0.78,-0.86,0.08,9.88,-0.02,-0.35,0.46
245.58,15.08,-3.18,-1.14,9.39,-0.29,-0.49,0.80,-0.85,0.15,9.75,-0.00,-0.36,0.47
245.59,14.97,-3.09,-1.06,9.30,-0.28,-0.48,0.80,-0.82,0.15,9.70,0.01,-0.37,0.49
245.60,14.80,-2.84,-0.98,9.16,-0.27,-0.46,0.81,-0.65,0.05,9.64,0.06,-0.41,0.52
245.62,14.63,-2.49,-1.23,9.16,-0.28,-0.46,0.79,-0.51,-0.33,9.76,0.09,-0.42,0.56
245.63,14.48,-2.31,-1.48,9.28,-0.30,-0.46,0.78,-0.31,-0.56,9.92,0.09,-0.42,0.58
245.64,14.37,-2.25,-1.75,9.51,-0.33,-0.47,0.76,-0.00,-0.58,10.07,0.09,-0.41,0.59
245.65,14.34,-2.13,-2.09,9.94,-0.30,-0.44,0.70,0.44,-0.28,10.09,0.10,-0.41,0.56
245.67,14.30,-1.97,-1.97,9.93,-0.24,-0.41,0.68,0.48,-0.03,9.88,0.09,-0.42,0.51
245.68,14.28,-1.83,-1.72,9.80,-0.18,-0.37,0.65,0.29,0.13,9.62,0.09,-0.44,0.45
245.70,14.22,-1.82,-1.53,9.66,-0.14,-0.33,0.60,-0.14,0.21,9.41,0.07,-0.45,0.41
245.71,13.88,-2.29,-1.19,9.35,-0.09,-0.27,0.55,-1.15,0.16,9.28,0.04,-0.49,0.41
245.73,13.73,-3.19,-1.07,9.12,-0.08,-0.19,0.54,-2.26,0.01,9.36,0.02,-0.54,0.46
245.74,13.69,-4.42,-1.13,8.88,-0.12,-0.08,0.62,-3.01,-0.12,9.50,0.02,-0.62,0.55
245.75,13.75,-5.42,-1.27,8.63,-0.19,0.05,0.82,-3.60,-0.40,9.80,0.03,-0.71,0.64
245.76,14.33,-6.24,-1.52,8.49,-0.26,0.13,0.99,-3.79,-0.69,10.06,0.06,-0.80,0.74
245.77,16.20,-7.17,-2.08,8.25,-0.47,0.34,1.48,-3.80,-1.15,10.54,0.13,-0.99,0.94
245.79,17.17,-7.40,-2.28,8.20,-0.59,0.43,1.70,-3.74,-1.25,10.75,0.16,-1.08,1.06
245.80,17.33,-7.45,-2.33,8.19,-0.63,0.46,1.78,-3.73,-1.39,10.91,0.20,-1.13,1.16
245.81,18.85,-7.51,-2.69,8.31,-0.79,0.55,2.11,-3.57,-1.80,11.21,0.31,-1.25,1.48
245.82,20.46,-7.47,-3.30,8.61,-0.91,0.62,2.47,-3.34,-1.93,11.33,0.40,-1.33,1.80
245.83,22.37,-7.17,-3.69,9.11,-0.91,0.59,2.83,-2.95,-2.15,11.25,0.51,-1.44,2.54
245.85,25.79,-4.67,-3.29,9.59,-0.81,0.39,3.41,-0.80,-3.41,10.60,0.78,-1.51,4.17
245.87,27.34,-3.36,-3.67,9.46,-0.93,0.32,3.65,0.51,-4.55,10.37,0.91,-1.53,4.94
245.89,28.02,-2.78,-4.12,9.42,-1.04,0.32,3.75,1.05,-5.01,10.15,1.00,-1.53,5.29
245.91,28.74,-2.61,-4.63,9.37,-1.13,0.31,3.82,1.74,-5.58,9.76,1.13,-1.50,5.70
245.92,32.03,-2.80,-6.11,9.11,-1.37,0.21,4.20,3.81,-6.55,8.63,1.51,-1.33,6.40
245.95,34.16,-2.71,-6.33,9.09,-1.46,0.13,4.43,5.20,-6.61,8.05,1.73,-1.15,6.50
245.96,36.23,-2.05,-6.07,9.28,-1.53,0.05,4.56,6.48,-6.20,7.59,1.91,-0.95,6.04
245.98,38.90,-0.51,-5.31,9.84,-1.57,-0.08,4.49,7.35,-5.10,7.28,2.05,-0.60,5.62
245.99,39.55,0.59,-4.69,10.27,-1.56,-0.15,4.36,7.10,-4.51,7.52,2.09,-0.38,5.02
246.01,39.82,1.29,-4.16,10.43,-1.54,-0.19,4.19,6.75,-3.92,7.76,2.12,-0.17,4.73
246.02,39.31,1.51,-3.87,10.44,-1.53,-0.20,4.10,6.66,-3.79,7.78,2.13,-0.13,4.67
246.03,38.91,1.66,-3.38,10.38,-1.51,-0.21,3.94,6.35,-3.44,7.79,2.15,0.02,4.51
246.05,38.46,1.59,-2.61,10.23,-1.50,-0.22,3.75,6.11,-3.24,7.78,2.18,0.16,4.47
246.06,37.50,1.21,-1.77,10.08,-1.54,-0.23,3.55,5.82,-3.03,7.76,2.24,0.31,4.57
246.07,36.49,0.49,-1.34,10.06,-1.61,-0.28,3.47,5.76,-2.91,7.76,2.32,0.46,4.83
246.09,36.07,-0.22,-1.23,10.09,-1.66,-0.37,3.55,5.93,-2.84,7.76,2.36,0.58,5.07
246.10,35.53,-1.00,-1.15,10.14,-1.73,-0.52,3.83,6.25,-2.61,7.70,2.38,0.71,5.31
246.12,35.48,-1.27,-1.05,10.18,-1.78,-0.61,4.06,6.56,-2.24,7.60,2.34,0.80,5.38
246.13,35.05,-1.43,-0.64,10.08,-1.83,-0.78,4.52,7.02,-1.10,7.58,2.14,0.88,5.23
246.15,34.95,-1.71,0.15,10.03,-1.75,-0.87,4.65,7.23,0.36,7.69,1.83,0.92,4.72
246.16,34.76,-1.99,0.81,10.06,-1.65,-0.89,4.52,7.19,0.82,7.75,1.51,0.89,3.35
246.18,34.81,-1.19,0.59,10.23,-1.32,-0.78,3.70,7.10,1.01,7.82,0.81,0.73,2.07
246.20,34.63,-0.27,0.21,10.24,-1.18,-0.71,3.34,6.29,0.31,8.12,0.51,0.68,1.43
246.21,33.95,0.70,-0.15,10.13,-1.05,-0.65,2.87,5.25,-0.56,8.49,0.36,0.61,0.92
246.22,32.14,1.56,-0.94,9.64,-0.86,-0.54,1.90,3.76,-1.67,8.96,0.17,0.44,0.43
246.24,29.94,1.06,-2.19,9.58,-0.64,-0.44,0.85,3.10,-1.96,9.32,0.06,0.30,0.24
246.25,27.44,-0.31,-2.91,10.21,-0.42,-0.42,0.13,1.92,-0.98,10.00,-0.01,0.36,0.29
246.27,26.02,-2.12,-2.40,10.57,-0.37,-0.41,-0.02,1.27,-0.21,10.77,-0.01,0.41,0.47
246.28,25.52,-5.66,-0.76,10.89,-0.38,-0.30,0.41,1.30,1.30,10.42,-0.03,0.41,0.71
246.31,25.27,-5.65,-0.41,10.41,-0.42,-0.27,0.70,1.62,1.30,9.77,-0.04,0.37,0.71
246.32,25.85,-5.07,-0.35,9.64,-0.47,-0.22,1.11,1.66,1.11,9.34,-0.06,0.35,0.67
246.33,26.17,-3.84,-0.71,9.10,-0.53,-0.17,1.52,1.63,0.58,9.24,-0.07,0.35,0.66
246.34,25.85,-2.68,-1.26,9.05,-0.53,-0.14,1.71,1.49,-0.12,9.41,-0.09,0.37,0.65
246.35,25.51,-3.29,-2.53,8.98,-0.48,-0.15,1.61,1.51,-0.44,9.66,-0.11,0.38,0.56
246.37,25.38,-4.04,-2.84,9.36,0.04,-0.45,1.08,1.36,-0.63,9.97,-0.12,0.36,0.45
246.38,25.04,-3.71,-2.10,9.30,0.10,-0.54,0.92,0.68,-0.56,10.06,-0.12,0.32,0.39
246.40,24.62,-3.46,-1.84,9.36,0.09,-0.53,0.85,0.35,-0.49,10.02,-0.11,0.28,0.39
246.41,23.64,-3.10,-1.42,9.37,-0.01,-0.50,0.80,-0.04,-0.18,10.08,-0.11,0.24,0.46
246.43,22.82,-3.12,-0.82,9.32,-0.12,-0.44,0.76,0.38,0.25,10.07,-0.10,0.18,0.54
246.45,22.38,-3.21,-0.52,9.29,-0.15,-0.38,0.74,0.88,0.47,9.96,-0.10,0.13,0.55
246.46,22.32,-3.29,-0.56,9.37,-0.36,-0.33,1.01,0.85,0.29,9.90,-0.09,0.10,0.55
246.47,22.21,-3.11,-0.60,9.28,-0.48,-0.26,1.20,0.76,-0.27,10.03,-0.07,0.07,0.60
246.48,22.16,-2.76,-0.88,9.34,-0.67,-0.16,1.41,1.11,-0.77,10.10,-0.04,0.06,0.69
246.49,22.24,-2.61,-1.18,9.38,-0.78,-0.11,1.52,1.31,-0.90,10.05,-0.03,0.07,0.72
246.51,22.45,-2.85,-1.96,9.64,-0.82,-0.14,1.53,1.45,-0.84,9.87,-0.02,0.08,0.73
246.53,22.44,-2.94,-1.96,9.71,-0.76,-0.22,1.43,1.16,-0.58,9.90,-0.02,0.06,0.70
246.54,22.20,-2.90,-1.76,9.81,-0.65,-0.33,1.18,0.65,-0.23,10.03,0.01,0.02,0.71
246.55,21.91,-2.88,-1.41,9.77,-0.53,-0.40,0.98,0.40,-0.04,9.97,0.04,-0.00,0.74
246.56,21.49,-2.93,-1.18,9.52,-0.42,-0.44,0.83,0.33,0.06,9.72,0.06,-0.04,0.73
246.58,20.86,-3.12,-1.61,9.19,-0.26,-0.41,0.68,0.32,-0.82,9.63,0.05,-0.14,0.63
246.63,20.68,-3.20,-1.94,9.08,-0.26,-0.39,0.73,0.50,-1.05,9.67,0.04,-0.15,0.64
246.64,20.82,-3.21,-2.02,9.24,-0.29,-0.37,0.79,0.82,-0.97,9.81,0.04,-0.15,0.65
246.65,21.00,-3.09,-1.92,9.39,-0.31,-0.36,0.87,1.07,-0.73,9.85,0.04,-0.15,0.67
246.67,21.14,-2.74,-1.69,9.58,-0.33,-0.38,0.96,1.08,-0.60,9.87,0.06,-0.16,0.71
246.68,21.02,-2.42,-1.56,9.76,-0.35,-0.41,1.03,1.04,-0.63,9.97,0.07,-0.17,0.76
246.69,20.72,-2.41,-1.66,10.07,-0.36,-0.44,1.08,0.92,-0.77,10.38,0.12,-0.19,0.84
246.71,20.53,-2.63,-1.56,10.22,-0.36,-0.41,1.03,0.79,-0.69,10.49,0.15,-0.22,0.82
246.72,20.31,-3.14,-1.27,10.02,-0.30,-0.33,0.79,-0.18,-0.17,10.18,0.16,-0.34,0.48
246.75,20.29,-4.01,-0.99,9.53,-0.18,-0.18,0.42,-1.84,0.13,9.88,0.15,-0.50,0.09
246.76,20.26,-4.97,-0.85,8.90,-0.08,-0.02,0.15,-3.04,0.04,9.79,0.15,-0.62,-0.06
246.77,20.76,-5.93,-0.92,8.28,-0.03,0.15,0.08,-3.80,-0.14,9.73,0.16,-0.76,-0.00
246.79,21.64,-6.34,-1.01,7.88,-0.05,0.32,0.22,-3.95,-0.47,9.67,0.18,-0.84,0.21
246.80,21.90,-6.20,-1.16,7.75,-0.09,0.40,0.36,-3.77,-0.77,9.59,0.18,-0.89,0.43
246.81,22.64,-5.87,-1.40,7.70,-0.14,0.47,0.53,-3.59,-0.99,9.55,0.18,-0.98,0.86
246.83,24.16,-5.13,-2.27,7.97,-0.35,0.56,0.99,-3.02,-1.51,9.65,0.19,-1.05,1.26
246.84,24.94,-5.20,-2.59,8.40,-0.45,0.58,1.19,-2.86,-1.71,9.94,0.21,-1.09,1.59
246.85,25.90,-5.68,-2.73,9.03,-0.56,0.61,1.41,-2.61,-2.17,10.90,0.32,-1.18,2.67
246.87,27.51,-6.32,-2.67,9.70,-0.63,0.63,1.69,-1.04,-1.67,11.62,0.41,-1.16,3.20
246.88,29.92,-6.53,-2.27,10.21,-0.66,0.67,2.11,1.85,-1.15,11.31,0.42,-1.03,3.51
246.91,33.36,-5.55,-1.86,10.61,-0.68,0.65,2.54,3.91,-0.87,10.67,0.37,-0.91,3.14
246.93,36.03,-3.86,-1.70,10.79,-0.68,0.57,2.65,4.95,-0.76,10.31,0.30,-0.79,2.58
246.94,38.03,-1.50,-1.60,10.92,-0.59,0.50,2.21,4.79,-0.54,10.07,0.27,-0.49,1.61
246.97,38.31,-0.78,-1.44,10.81,-0.50,0.50,1.81,4.55,-0.52,9.87,0.28,-0.36,1.38
246.98,38.27,-0.50,-1.28,10.53,-0.40,0.52,1.36,4.12,-0.46,9.48,0.32,-0.13,1.12
246.99,37.84,-1.00,-1.08,9.88,-0.21,0.55,0.63,3.78,-0.43,9.12,0.42,0.18,0.94
247.01,37.69,-1.48,-1.00,9.68,-0.14,0.55,0.41,3.66,-0.45,9.09,0.50,0.38,0.88
247.03,37.38,-2.23,-0.75,9.52,-0.10,0.53,0.27,3.64,-0.36,9.20,0.60,0.59,0.85
247.05,37.24,-2.77,-0.55,9.44,-0.10,0.52,0.28,3.67,-0.15,9.25,0.71,0.83,0.83
247.06,37.15,-3.09,-0.42,9.39,-0.11,0.51,0.35,3.67,-0.05,9.20,0.75,0.95,0.81
247.07,37.04,-3.37,-0.30,9.29,-0.12,0.51,0.48,3.64,-0.01,9.09,0.80,1.15,0.74
247.09,36.73,-3.59,-0.38,9.08,-0.14,0.49,0.63,3.40,0.08,9.11,0.85,1.35,0.61
247.10,36.21,-3.58,-0.51,8.96,-0.12,0.47,0.64,3.13,0.25,9.15,0.87,1.50,0.50
247.13,35.65,-3.46,-0.56,8.91,-0.06,0.46,0.59,2.95,0.45,9.04,0.87,1.58,0.41
247.14,34.67,-3.26,-0.47,8.82,0.07,0.41,0.43,2.78,0.46,8.78,0.82,1.68,0.21
247.16,34.07,-3.30,-0.36,8.68,0.13,0.37,0.33,2.74,0.40,8.76,0.79,1.70,0.11
247.17,33.48,-3.45,-0.29,8.56,0.17,0.31,0.24,2.64,0.30,8.85,0.72,1.71,-0.09
247.19,32.78,-3.69,-0.17,8.61,0.18,0.25,0.19,2.59,0.31,9.02,0.65,1.70,-0.27
247.20,31.87,-4.15,-0.23,9.00,0.19,0.12,-0.01,2.36,0.79,9.21,0.47,1.66,-0.61
247.22,31.32,-4.31,-0.27,9.02,0.23,0.07,-0.12,2.05,0.79,9.15,0.37,1.60,-0.81
247.24,30.60,-4.51,0.02,8.68,0.26,0.03,-0.28,1.39,0.59,8.93,0.26,1.52,-0.91
247.25,30.23,-4.75,0.03,8.49,0.25,0.03,-0.36,0.83,0.32,8.79,0.18,1.38,-0.98
247.26,29.58,-5.02,-0.22,8.43,0.22,0.02,-0.44,0.25,-0.27,8.83,0.13,1.18,-0.97
247.27,28.97,-5.09,-0.52,8.28,0.17,0.01,-0.51,-0.52,-0.88,8.95,0.09,0.93,-0.89
247.28,28.13,-5.38,-1.35,7.90,0.00,-0.04,-0.62,-1.81,-1.54,9.29,-0.01,0.33,-0.44
247.31,27.98,-6.34,-1.51,8.12,-0.17,-0.13,-0.44,-1.04,-2.25,9.27,-0.07,-0.28,0.19
247.33,28.67,-6.73,-1.70,8.25,-0.27,-0.18,-0.15,-0.03,-2.90,9.12,-0.08,-0.61,0.48
247.34,30.24,-5.78,-2.29,8.45,-0.45,-0.29,0.30,1.59,-2.37,9.03,-0.19,-0.82,0.51
247.35,31.43,-3.62,-2.71,8.99,-0.65,-0.42,0.59,2.13,-1.40,9.49,-0.47,-0.75,0.19
247.37,31.33,-2.28,-1.95,9.48,-0.72,-0.53,0.56,1.48,-1.10,10.43,-0.41,-0.55,0.27
247.39,30.82,-2.97,-1.11,9.61,-0.73,-0.59,0.46,1.34,-0.29,10.44,-0.39,-0.46,0.48
247.40,30.88,-3.19,-0.85,9.74,-0.73,-0.64,0.48,1.96,0.54,9.95,-0.39,-0.49,0.60
247.41,30.62,-2.65,-0.52,10.05,-0.71,-0.70,0.56,2.84,1.21,9.70,-0.40,-0.54,0.64
247.43,30.48,-1.09,-0.32,10.57,-0.62,-0.80,0.44,4.08,1.26,9.84,-0.42,-0.57,0.53
247.44,30.65,-0.55,-0.53,10.72,-0.55,-0.86,0.27,4.54,0.95,10.01,-0.43,-0.51,0.34
247.45,29.27,-0.30,-1.27,10.60,-0.35,-1.02,-0.24,3.85,0.09,10.31,-0.42,-0.36,0.01
247.47,28.88,-0.58,-1.58,10.43,-0.26,-1.09,-0.46,3.40,-0.16,10.30,-0.42,-0.32,-0.06
247.49,27.64,-0.89,-1.80,10.31,-0.17,-1.14,-0.64,2.89,-0.42,10.08,-0.41,-0.28,-0.16
247.50,25.96,-1.59,-2.26,9.98,-0.04,-1.18,-0.89,2.12,-0.94,10.03,-0.40,-0.18,-0.32
247.53,23.27,-2.82,-2.65,9.44,0.00,-1.14,-0.77,0.54,-1.52,9.97,-0.38,-0.15,-0.21
247.56,22.63,-3.11,-2.64,9.32,-0.00,-1.12,-0.70,0.35,-1.47,9.89,-0.37,-0.15,-0.17
247.57,22.00,-3.36,-2.57,9.19,-0.01,-1.08,-0.60,0.19,-1.33,9.83,-0.36,-0.16,-0.18
247.58,21.23,-3.54,-2.52,8.99,-0.01,-1.04,-0.48,-0.30,-1.19,9.76,-0.34,-0.18,-0.25
247.60,19.90,-3.71,-2.36,8.74,-0.04,-0.96,-0.44,-1.53,-1.22,9.77,-0.31,-0.27,-0.28
247.62,18.85,-3.89,-2.48,8.70,-0.09,-0.87,-0.40,-2.04,-1.28,9.66,-0.30,-0.35,-0.21
247.64,18.02,-3.87,-2.47,8.77,-0.12,-0.79,-0.34,-2.04,-1.34,9.60,-0.29,-0.40,-0.15
247.65,17.70,-3.73,-2.38,8.86,-0.16,-0.71,-0.29,-1.77,-1.39,9.66,-0.28,-0.44,-0.09
247.66,17.32,-3.49,-2.32,9.05,-0.21,-0.65,-0.25,-1.38,-1.34,9.78,-0.27,-0.51,-0.01
247.69,16.97,-2.68,-2.22,9.58,-0.23,-0.58,-0.18,0.14,-0.91,10.00,-0.20,-0.54,-0.01
247.70,16.93,-2.27,-2.11,9.69,-0.21,-0.59,-0.14,0.52,-0.85,9.98,-0.19,-0.57,-0.01
247.72,17.00,-1.83,-1.98,9.70,-0.17,-0.62,-0.10,1.06,-0.81,9.84,-0.18,-0.58,-0.02
247.74,16.91,-1.63,-1.81,9.64,-0.16,-0.64,-0.06,1.21,-0.76,9.72,-0.19,-0.60,-0.03
247.76,16.87,-1.41,-1.75,9.53,-0.17,-0.65,-0.02,1.36,-0.91,9.60,-0.22,-0.61,-0.04
247.78,16.83,-1.25,-1.89,9.59,-0.19,-0.67,-0.03,1.54,-1.02,9.66,-0.23,-0.61,-0.07
247.79,16.93,-1.18,-1.94,9.68,-0.19,-0.68,-0.04,1.71,-1.00,9.74,-0.23,-0.62,-0.10
247.81,16.82,-1.16,-2.00,9.78,-0.19,-0.69,-0.06,1.81,-0.95,9.78,-0.23,-0.63,-0.16
247.82,16.95,-1.33,-2.05,9.93,-0.17,-0.71,-0.09,1.64,-1.02,9.93,-0.24,-0.65,-0.27
247.84,16.91,-1.93,-2.07,10.00,-0.17,-0.73,-0.12,1.17,-1.01,10.12,-0.24,-0.67,-0.34
247.85,17.07,-2.64,-1.96,9.90,-0.19,-0.74,-0.12,0.63,-0.82,10.25,-0.25,-0.73,-0.41
247.88,17.14,-2.92,-1.88,9.76,-0.20,-0.74,-0.12,0.16,-0.70,10.21,-0.25,-0.77,-0.44
247.89,17.32,-3.38,-1.68,9.56,-0.21,-0.74,-0.12,-0.32,-0.51,10.15,-0.26,-0.83,-0.44
247.90,17.51,-3.72,-1.50,9.57,-0.23,-0.74,-0.11,-0.63,-0.33,10.30,-0.26,-0.92,-0.41
247.91,17.85,-3.52,-1.53,9.87,-0.24,-0.74,-0.08,-0.64,-0.25,10.53,-0.26,-1.06,-0.36
247.94,17.99,-3.25,-1.66,9.97,-0.23,-0.74,-0.08,-0.58,-0.45,10.58,-0.25,-1.16,-0.28
247.95,18.15,-3.11,-1.84,9.99,-0.23,-0.74,-0.12,-0.43,-0.63,10.57,-0.24,-1.24,-0.21
247.96,18.44,-3.11,-2.17,9.94,-0.22,-0.74,-0.17,-0.23,-0.81,10.56,-0.22,-1.31,-0.12
247.97,18.91,-3.30,-2.50,9.98,-0.20,-0.72,-0.18,-0.16,-1.02,10.66,-0.20,-1.40,-0.05
247.99,19.37,-3.51,-2.64,10.12,-0.19,-0.70,-0.18,-0.25,-1.08,10.89,-0.17,-1.49,0.02
248.00,20.44,-4.17,-2.30,10.49,-0.13,-0.57,-0.21,-0.82,-0.55,11.24,-0.12,-1.63,0.07
248.03,20.95,-4.42,-1.90,10.54,-0.08,-0.47,-0.26,-1.07,0.23,11.32,-0.12,-1.73,0.01
248.04,21.77,-4.77,-1.24,10.49,0.02,-0.29,-0.39,-1.18,1.49,11.25,-0.14,-1.88,-0.20
248.05,23.51,-5.69,-0.24,10.02,0.18,0.05,-0.67,-1.43,2.68,11.25,-0.21,-2.03,-0.44
248.06,24.55,-6.27,0.13,9.79,0.24,0.24,-0.76,-2.86,2.98,11.65,-0.23,-2.17,-0.74
248.09,27.07,-6.52,-0.05,9.45,0.37,0.79,-0.64,-5.84,2.18,12.87,-0.23,-2.41,-0.59
248.10,28.85,-6.04,-0.64,9.24,0.45,1.15,-0.45,-5.62,1.30,13.03,-0.25,-2.49,-0.23
248.11,30.40,-5.49,-0.88,9.28,0.48,1.42,-0.17,-4.13,0.33,12.83,-0.27,-2.49,0.24
248.13,32.19,-4.57,-1.09,9.82,0.47,1.68,0.12,-1.81,-0.35,12.45,-0.29,-2.40,0.69
248.14,33.88,-3.82,-1.37,10.36,0.45,1.83,0.34,0.72,-0.42,11.96,-0.32,-2.27,0.96
248.15,37.53,-2.27,-1.85,11.84,0.38,2.02,0.48,5.19,-0.83,11.30,-0.46,-2.07,1.18
248.17,40.41,-1.41,-2.38,13.13,0.39,2.14,0.20,7.47,-2.43,10.95,-0.38,-1.83,1.27
248.18,44.21,-0.35,-3.03,13.99,0.47,2.09,-0.26,8.86,-3.34,9.98,-0.27,-1.54,1.16
248.20,46.90,0.19,-3.20,13.99,0.54,2.01,-0.46,9.35,-3.42,9.20,-0.19,-1.24,0.69
248.22,49.97,0.37,-2.71,13.22,0.62,1.85,-0.50,9.42,-4.68,8.43,0.08,-0.77,0.43
248.24,51.29,0.22,-2.17,12.31,0.58,1.74,-0.39,9.27,-4.89,7.73,0.40,-0.38,0.31
248.25,52.55,0.02,-2.02,11.70,0.50,1.72,-0.33,9.03,-3.81,7.01,0.55,-0.12,-0.07
248.27,54.56,-0.88,-2.02,10.44,0.22,1.80,-0.08,8.13,-2.95,5.61,0.64,0.63,-0.21
248.28,56.14,-1.65,-1.81,9.68,-0.02,1.88,0.29,8.00,-3.19,5.30,0.90,1.18,-0.06
248.30,58.11,-1.73,-2.07,9.33,-0.36,1.81,1.24,7.73,-2.85,4.69,1.32,2.36,-0.26
248.34,58.01,-1.29,-2.06,9.33,-0.40,1.74,1.54,7.60,-2.67,4.87,1.34,2.66,-0.37
248.35,56.64,-0.14,-1.77,9.44,-0.38,1.52,1.88,7.90,-2.25,4.78,1.44,3.19,-0.54
248.37,55.56,0.29,-1.68,9.49,-0.34,1.40,1.91,7.97,-1.88,4.39,1.47,3.40,-0.53
248.39,53.39,1.02,-1.40,9.34,-0.23,1.21,1.86,7.62,-1.29,4.12,1.47,3.82,-0.51
248.40,51.73,1.42,-1.20,9.17,-0.17,1.11,1.77,7.41,-0.95,4.45,1.44,4.06,-0.46
248.41,48.93,2.00,-0.79,8.96,-0.08,0.93,1.49,7.57,-0.64,5.10,1.42,4.25,-0.39
248.43,46.60,2.29,-0.62,8.95,-0.00,0.82,1.19,7.87,-0.24,5.48,1.37,4.38,-0.38
248.44,44.05,2.46,-0.32,8.92,0.13,0.71,0.64,8.06,0.00,5.60,1.29,4.49,-0.46
248.45,41.89,2.50,-0.03,8.81,0.23,0.64,0.14,7.83,-0.22,5.71,1.23,4.57,-0.55
248.46,38.60,2.33,0.17,8.57,0.32,0.56,-0.54,7.05,-0.64,5.98,1.17,4.60,-0.70
248.47,35.96,1.57,0.08,8.14,0.38,0.51,-1.07,6.02,-0.81,6.25,1.05,4.59,-0.94
248.48,32.70,-0.75,0.19,7.39,0.38,0.46,-1.30,4.48,-0.77,6.69,0.80,4.57,-1.26
248.50,30.81,-3.38,0.25,6.79,0.29,0.41,-1.21,3.32,-0.47,7.03,0.61,4.54,-1.42
248.51,29.34,-6.05,-0.09,6.65,0.17,0.33,-1.03,1.49,-0.33,7.75,0.40,4.45,-1.45
248.52,28.16,-8.54,-0.79,7.20,0.08,0.20,-0.80,-0.61,-0.62,8.60,0.30,4.20,-1.35
248.53,25.58,-9.64,-1.12,7.36,0.08,0.08,-0.58,-2.44,-0.88,9.23,0.19,3.51,-0.93
248.55,23.58,-10.12,-1.22,7.18,-0.08,-0.10,-0.31,-2.70,-0.79,9.22,0.08,2.82,-0.62
248.56,22.01,-9.27,-1.74,7.95,-0.33,-0.25,-0.01,-3.06,-0.70,8.82,-0.10,1.71,-0.40
248.58,21.29,-8.15,-1.61,8.13,-0.37,-0.32,0.15,-3.04,-1.14,8.58,-0.24,0.95,-0.25
248.60,20.79,-6.96,-1.61,7.83,-0.38,-0.40,0.24,-2.66,-1.36,8.55,-0.30,0.40,0.02
248.61,20.55,-5.78,-1.60,7.80,-0.40,-0.52,0.33,-1.72,-1.44,8.79,-0.34,-0.43,0.48
248.64,19.64,-3.59,0.19,11.83,-0.45,-1.07,0.50,-1.13,2.36,12.36,-0.61,-0.28,0.41
248.66,18.88,-5.16,1.19,12.56,-0.37,-1.08,0.47,-3.16,2.57,13.60,-0.58,-0.27,0.62
248.67,18.20,-7.89,0.90,13.17,-0.38,-1.03,0.67,-4.19,1.50,14.19,-0.48,-0.55,1.08
248.68,18.24,-9.05,-0.75,12.64,-0.47,-0.88,1.08,-3.05,0.51,13.92,-0.40,-0.93,1.51
248.69,18.74,-7.67,-1.65,11.58,-0.52,-0.77,1.33,-1.31,0.23,12.93,-0.44,-1.15,1.61
248.71,19.53,-4.94,-2.11,10.43,-0.52,-0.77,1.46,-0.01,0.00,11.80,-0.52,-1.33,1.47
248.72,19.96,-0.14,-2.24,8.91,-0.56,-0.98,1.34,1.77,-1.33,9.84,-0.58,-1.33,1.38
248.73,19.96,1.45,-2.34,8.54,-0.58,-1.09,1.15,2.16,-1.81,9.37,-0.49,-1.25,1.35
248.75,18.37,1.92,-2.40,8.81,-0.55,-1.20,0.69,2.36,-1.77,9.20,-0.40,-1.13,1.24
248.76,17.35,0.25,-2.59,9.58,-0.44,-1.12,-0.02,2.53,-1.62,9.25,-0.47,-0.95,0.64
248.78,17.25,-1.20,-2.38,9.79,-0.37,-1.04,-0.29,1.86,-1.14,9.72,-0.48,-0.90,0.14
248.80,17.18,-2.12,-1.89,9.74,-0.30,-1.02,-0.35,0.42,-0.78,10.03,-0.47,-0.88,0.01
248.81,16.88,-2.79,-1.74,9.22,-0.28,-1.00,-0.27,-0.70,-0.84,9.95,-0.41,-0.86,0.08
248.83,16.66,-3.11,-1.91,8.94,-0.32,-0.98,-0.13,-0.76,-1.00,9.69,-0.39,-0.85,0.18
248.84,16.56,-3.11,-2.17,8.89,-0.37,-0.94,0.01,-0.34,-1.19,9.54,-0.39,-0.84,0.20
248.85,16.58,-2.76,-2.40,8.95,-0.40,-0.90,0.10,0.10,-1.28,9.51,-0.40,-0.80,0.02
248.88,16.31,-1.68,-2.40,9.25,-0.40,-0.85,-0.00,0.09,-1.31,9.71,-0.41,-0.77,-0.07
248.89,15.94,-1.46,-2.26,9.37,-0.37,-0.84,-0.14,0.00,-1.17,9.75,-0.41,-0.76,-0.11
248.90,15.30,-1.77,-2.03,9.43,-0.30,-0.81,-0.32,0.10,-0.95,9.73,-0.39,-0.75,-0.16
248.92,15.11,-2.11,-1.90,9.37,-0.26,-0.79,-0.37,0.15,-0.88,9.72,-0.37,-0.75,-0.20
248.93,15.03,-2.30,-1.80,9.32,-0.26,-0.77,-0.38,0.08,-0.88,9.72,-0.36,-0.75,-0.25
248.95,14.98,-2.32,-1.76,9.32,-0.25,-0.76,-0.39,-0.11,-0.80,9.69,-0.36,-0.74,-0.28
248.96,14.88,-2.30,-1.74,9.30,-0.24,-0.73,-0.41,-0.07,-0.75,9.59,-0.35,-0.74,-0.31
248.99,14.85,-2.24,-1.76,9.28,-0.23,-0.70,-0.41,0.13,-0.81,9.59,-0.35,-0.75,-0.31
249.00,14.88,-2.17,-1.87,9.30,-0.22,-0.69,-0.37,0.23,-0.93,9.64,-0.34,-0.75,-0.29
249.01,14.92,-2.15,-1.89,9.32,-0.22,-0.70,-0.35,0.25,-0.98,9.68,-0.32,-0.75,-0.24
249.03,14.92,-2.17,-1.95,9.26,-0.23,-0.73,-0.28,0.19,-1.04,9.60,-0.31,-0.75,-0.16
249.05,14.90,-2.36,-1.93,9.05,-0.27,-0.75,-0.16,0.17,-1.16,9.44,-0.30,-0.74,-0.03
249.06,15.20,-2.58,-1.92,9.39,-0.33,-0.76,-0.04,0.71,-0.94,9.77,-0.30,-0.76,-0.02
249.08,15.44,-2.54,-1.94,9.63,-0.34,-0.77,0.01,0.78,-0.74,10.01,-0.29,-0.80,-0.08
249.10,15.69,-2.52,-1.93,9.70,-0.30,-0.79,0.05,0.13,-0.77,10.02,-0.26,-0.84,-0.09
249.12,15.83,-3.12,-1.81,9.46,-0.30,-0.79,0.03,-0.29,-0.76,10.00,-0.25,-0.92,-0.06
249.14,16.11,-3.43,-1.74,9.35,-0.31,-0.79,0.05,-0.46,-0.70,9.98,-0.26,-0.96,-0.06
249.15,16.31,-3.39,-1.67,9.27,-0.33,-0.78,0.07,-0.48,-0.67,9.96,-0.27,-1.02,-0.05
249.17,16.55,-3.10,-1.61,9.33,-0.34,-0.78,0.08,-0.26,-0.62,9.98,-0.28,-1.07,-0.05
249.18,16.80,-2.60,-1.60,9.59,-0.33,-0.78,0.03,0.19,-0.62,10.09,-0.28,-1.14,-0.07
249.19,16.99,-2.20,-1.66,9.81,-0.31,-0.80,-0.07,0.47,-0.62,10.16,-0.28,-1.18,-0.08
249.21,17.22,-1.96,-1.76,9.95,-0.29,-0.81,-0.16,0.79,-0.62,10.25,-0.28,-1.22,-0.12
249.22,17.33,-1.77,-1.95,10.08,-0.25,-0.82,-0.29,1.05,-0.71,10.33,-0.27,-1.27,-0.15
249.23,18.21,-1.92,-2.68,10.16,-0.12,-0.83,-0.49,1.12,-1.42,10.45,-0.22,-1.40,-0.16
249.27,18.91,-2.28,-3.04,9.90,-0.10,-0.81,-0.47,1.16,-1.82,10.41,-0.20,-1.47,-0.12
249.30,20.06,-3.16,-3.04,9.91,-0.13,-0.77,-0.40,0.83,-1.75,10.61,-0.17,-1.51,-0.12
249.31,20.98,-3.75,-2.71,9.92,-0.13,-0.73,-0.34,0.36,-1.11,10.75,-0.14,-1.59,-0.14
249.33,21.71,-4.07,-2.23,9.82,-0.11,-0.68,-0.31,0.03,-0.52,10.74,-0.13,-1.66,-0.18
249.34,22.49,-4.32,-1.66,9.81,-0.07,-0.60,-0.31,-0.26,0.28,10.73,-0.12,-1.83,-0.34
249.36,24.38,-5.18,-0.60,9.83,0.04,-0.33,-0.48,-0.83,1.66,10.96,-0.13,-1.96,-0.52
249.37,25.15,-5.69,-0.30,9.72,0.08,-0.19,-0.54,-2.14,2.10,11.39,-0.12,-2.10,-0.63
249.38,26.48,-6.37,0.06,9.45,0.18,0.11,-0.58,-4.21,2.65,11.84,-0.11,-2.25,-0.71
249.40,26.95,-6.52,0.16,9.22,0.27,0.33,-0.59,-5.76,2.86,12.22,-0.10,-2.40,-0.59
249.41,28.45,-6.39,-0.06,8.98,0.41,0.74,-0.57,-6.19,2.23,12.62,-0.09,-2.65,-0.02
249.43,33.54,-4.27,-1.13,10.05,0.63,1.73,0.06,-1.33,-0.02,12.38,-0.15,-2.53,0.99
249.46,35.30,-3.51,-1.45,10.67,0.63,1.88,0.23,1.43,0.07,11.96,-0.20,-2.40,1.21
249.47,38.04,-2.39,-1.89,12.01,0.62,2.07,0.27,5.38,-0.47,11.63,-0.29,-2.20,1.31
249.49,42.18,-1.66,-2.48,13.40,0.63,2.22,-0.05,8.06,-2.35,11.23,-0.20,-1.90,1.33
249.50,45.43,-1.00,-2.83,14.17,0.67,2.19,-0.38,9.21,-3.25,10.46,-0.01,-1.25,1.02
249.53,48.78,-0.30,-2.77,14.19,0.71,2.05,-0.59,10.06,-3.43,9.14,0.14,-1.10,0.87
249.54,50.66,-0.01,-2.45,13.81,0.73,1.95,-0.60,10.15,-4.11,8.59,0.28,-0.81,0.61
249.55,53.52,0.06,-1.71,12.75,0.66,1.79,-0.39,10.03,-4.95,7.71,0.70,-0.17,0.24
249.57,54.62,-0.57,-1.64,11.87,0.50,1.76,-0.23,9.53,-3.34,6.73,0.92,0.26,0.02
249.59,58.47,-1.91,-1.77,9.88,-0.08,1.83,0.75,8.28,-3.28,4.62,1.26,1.50,-0.25
249.63,59.24,-1.61,-1.97,9.59,-0.24,1.80,1.15,8.00,-3.20,4.47,1.47,2.16,-0.30
249.64,59.39,-1.28,-2.13,9.39,-0.31,1.78,1.45,7.79,-3.08,4.41,1.52,2.45,-0.38
249.65,59.02,-0.80,-2.20,9.08,-0.37,1.71,1.74,7.80,-2.99,4.58,1.55,2.83,-0.76
249.67,58.11,-0.23,-2.25,8.87,-0.38,1.59,1.88,8.04,-2.61,4.64,1.53,3.17,-1.03
249.68,57.04,0.16,-2.22,8.76,-0.37,1.48,1.93,7.96,-2.40,4.51,1.52,3.35,-1.16
249.69,55.24,0.58,-2.13,8.68,-0.32,1.33,1.89,7.23,-2.00,4.27,1.51,3.70,-1.14
249.71,52.76,0.89,-1.96,8.60,-0.22,1.19,1.77,6.38,-1.66,4.87,1.53,4.07,-1.01
249.73,48.80,1.15,-1.60,8.50,-0.09,1.01,1.58,5.99,-1.35,5.73,1.50,4.28,-0.80
249.74,46.13,1.09,-1.30,8.46,-0.02,0.93,1.45,5.93,-1.11,6.29,1.47,4.39,-0.61
249.75,42.19,0.51,-0.73,8.27,0.14,0.83,1.04,5.93,-0.93,6.71,1.42,4.49,-0.42
249.77,38.88,-0.13,-0.34,8.06,0.24,0.79,0.53,5.83,-0.92,6.99,1.33,4.55,-0.20
249.79,35.82,-1.06,-0.33,8.14,0.25,0.75,-0.02,4.41,-0.87,7.46,1.18,4.47,0.05
249.81,31.57,-3.32,-0.36,8.27,0.23,0.65,-0.20,1.72,-1.01,8.11,1.02,4.42,0.20
249.82,28.23,-5.40,-0.15,8.08,0.20,0.56,0.23,-1.11,-0.83,8.80,0.89,4.32,0.87
249.84,25.18,-7.64,0.18,7.47,0.10,0.47,0.84,-2.28,-0.18,9.83,0.89,4.04,1.61
249.85,23.30,-9.93,0.11,6.59,-0.10,0.35,1.37,-1.87,0.57,9.93,0.87,3.77,2.00
249.87,22.30,-11.15,0.33,6.14,-0.43,0.10,2.44,-1.28,1.52,8.70,0.66,2.89,2.53
249.89,22.17,-9.83,0.24,6.42,-0.59,-0.01,2.85,-1.47,1.41,7.99,0.51,2.30,2.49
249.91,21.80,-8.23,0.06,6.91,-0.73,-0.09,3.16,-1.93,0.94,7.81,0.41,1.93,2.41
249.92,20.64,-6.50,-0.54,7.78,-0.93,-0.07,3.41,-2.45,-0.63,8.10,0.15,1.13,2.27
249.94,20.25,-5.85,-0.88,7.99,-1.05,0.00,3.30,-1.71,-1.44,8.33,-0.05,0.63,2.22
249.95,20.26,-5.09,-1.10,7.89,-1.21,0.02,3.08,-1.12,-1.65,8.51,-0.17,0.24,2.16
249.96,20.61,-4.03,-1.11,8.55,-1.36,-0.09,2.73,-0.17,-0.71,9.57,-0.44,-0.19,1.98
249.98,20.95,-3.52,-0.63,10.03,-1.35,-0.18,2.47,-0.20,0.44,10.68,-0.58,-0.35,1.75
249.99,20.12,-2.88,1.38,13.02,-1.20,-0.22,1.56,-1.39,2.27,13.30,-0.69,-0.46,1.39
250.01,19.64,-4.23,2.37,12.72,-1.18,-0.18,0.92,-2.05,2.00,14.16,-0.72,-0.59,1.56
250.02,19.88,-4.87,2.19,12.69,-1.19,-0.16,0.67,-1.11,2.26,13.63,-0.74,-0.87,1.74
250.04,21.04,-3.80,0.36,11.83,-1.02,-0.17,0.29,2.13,1.26,12.04,-0.86,-1.02,1.57
250.05,22.45,-3.00,-0.52,10.73,-0.96,-0.21,0.28,3.63,0.30,11.07,-0.82,-1.06,1.42
250.07,24.25,-1.76,-1.75,9.38,-1.01,-0.37,0.36,4.25,-0.48,9.91,-0.72,-1.00,1.27
250.08,24.92,-1.87,-1.97,9.97,-1.13,-0.53,0.57,4.39,-0.52,9.70,-0.72,-0.88,1.20
250.10,25.77,-1.75,-1.68,10.58,-1.18,-0.69,0.88,4.44,-0.38,10.14,-0.67,-0.69,1.16
250.11,26.47,-1.32,-1.42,10.75,-1.19,-0.77,1.02,4.66,0.28,10.36,-0.65,-0.57,1.05
250.12,26.07,-0.02,-0.65,11.12,-1.11,-0.87,0.98,5.19,1.10,10.36,-0.62,-0.51,0.80
250.14,25.77,1.04,0.07,11.39,-0.94,-0.86,0.59,5.53,1.76,10.17,-0.63,-0.43,-0.26
250.16,25.31,1.68,0.00,11.32,-0.62,-0.78,-0.23,4.53,1.35,9.99,-0.70,-0.26,-1.16
250.19,22.71,0.23,-1.55,10.31,-0.09,-0.60,-1.81,1.84,-0.03,10.08,-0.74,-0.23,-1.44
250.20,21.62,-1.55,-2.05,9.57,0.08,-0.56,-2.30,0.38,-0.40,9.95,-0.72,-0.20,-1.51
250.22,20.99,-3.14,-2.25,8.99,0.14,-0.56,-2.42,-0.94,-0.74,9.74,-0.67,-0.18,-1.42
250.23,20.40,-6.58,-2.50,8.04,-0.02,-0.62,-1.80,-2.52,-0.84,9.75,-0.58,-0.19,-0.91
250.26,20.48,-7.12,-2.42,7.91,-0.13,-0.63,-1.35,-2.76,-0.68,9.78,-0.54,-0.21,-0.73
250.27,20.28,-7.17,-2.28,7.93,-0.21,-0.63,-1.05,-2.85,-0.44,9.76,-0.51,-0.25,-0.64
250.28,20.60,-6.98,-2.14,8.11,-0.28,-0.63,-0.73,-3.01,-0.09,9.78,-0.48,-0.28,-0.57
250.29,20.50,-6.66,-1.92,8.33,-0.32,-0.62,-0.48,-3.22,0.14,9.83,-0.46,-0.35,-0.45
250.31,20.16,-6.16,-1.69,8.39,-0.34,-0.56,-0.16,-3.34,0.33,9.80,-0.42,-0.44,-0.28
250.33,20.00,-5.97,-1.64,8.38,-0.35,-0.53,0.01,-3.16,0.17,9.75,-0.40,-0.50,-0.15
250.34,19.93,-5.80,-1.73,8.31,-0.38,-0.50,0.15,-2.88,-0.06,9.72,-0.39,-0.55,-0.03
250.35,19.94,-5.55,-1.75,8.30,-0.42,-0.49,0.30,-2.63,-0.17,9.67,-0.38,-0.60,0.13
250.37,20.06,-5.06,-1.83,8.35,-0.47,-0.48,0.46,-1.82,-0.45,9.64,-0.35,-0.64,0.23
250.38,20.21,-4.56,-2.03,8.44,-0.51,-0.47,0.58,-1.48,-0.57,9.63,-0.34,-0.66,0.33
250.39,20.38,-3.90,-2.00,8.64,-0.55,-0.47,0.72,-0.90,-0.53,9.56,-0.31,-0.67,0.40
250.40,20.51,-3.60,-1.89,8.72,-0.55,-0.48,0.74,-0.45,-0.43,9.48,-0.30,-0.68,0.46
250.42,20.61,-3.17,-1.78,8.82,-0.54,-0.49,0.74,-0.07,-0.48,9.47,-0.28,-0.69,0.51
250.43,20.81,-3.02,-1.83,8.91,-0.53,-0.50,0.72,0.27,-0.61,9.55,-0.27,-0.70,0.53
250.45,21.02,-2.85,-1.99,9.23,-0.52,-0.54,0.67,0.97,-0.69,9.73,-0.24,-0.68,0.48
250.47,21.61,-2.81,-2.06,9.42,-0.50,-0.59,0.66,1.25,-0.66,9.90,-0.22,-0.66,0.41
250.49,21.93,-3.29,-1.98,9.45,-0.50,-0.64,0.73,0.77,-0.40,10.06,-0.19,-0.65,0.39
250.51,22.12,-3.53,-1.85,9.44,-0.51,-0.65,0.80,0.53,-0.20,10.10,-0.18,-0.68,0.43
250.53,22.31,-3.79,-1.65,9.33,-0.52,-0.67,0.95,0.16,-0.06,10.01,-0.16,-0.69,0.48
250.54,22.42,-3.85,-1.68,9.12,-0.52,-0.67,1.07,-0.19,-0.16,9.87,-0.12,-0.73,0.60
250.56,22.50,-3.94,-1.87,8.92,-0.52,-0.66,1.19,-0.40,-0.31,9.83,-0.08,-0.78,0.76
250.57,22.66,-4.17,-1.94,8.84,-0.55,-0.65,1.33,-0.53,-0.46,9.84,-0.04,-0.81,0.85
250.59,22.85,-4.33,-2.08,8.79,-0.57,-0.64,1.43,-0.56,-0.55,9.80,-0.02,-0.87,0.96
250.60,23.11,-4.50,-2.10,8.74,-0.58,-0.62,1.53,-0.63,-0.55,9.84,-0.01,-0.94,1.04
250.61,23.49,-4.79,-1.97,8.70,-0.61,-0.58,1.64,-1.17,-0.32,9.95,-0.00,-1.02,1.07
250.63,24.02,-5.62,-1.58,8.44,-0.61,-0.46,1.69,-2.31,-0.01,9.99,-0.02,-1.15,1.05
250.65,24.57,-6.54,-1.56,7.87,-0.60,-0.33,1.77,-3.42,-0.23,10.02,0.02,-1.32,1.09
250.66,24.89,-7.07,-1.60,7.57,-0.62,-0.21,1.88,-4.00,-0.58,10.21,0.10,-1.54,1.28
250.68,26.45,-7.40,-1.83,7.98,-0.69,0.06,2.21,-3.18,-0.90,11.07,0.23,-1.65,1.50
250.69,27.78,-7.07,-2.56,8.79,-0.70,0.25,2.48,-2.22,-1.06,11.83,0.31,-1.75,1.72
250.70,29.98,-6.32,-4.01,9.63,-0.63,0.44,2.75,-1.19,-1.42,12.51,0.42,-1.86,2.06
250.72,31.27,-5.88,-4.58,9.80,-0.56,0.48,2.81,-0.68,-1.95,12.53,0.51,-1.98,2.27
250.73,32.94,-5.00,-5.10,9.77,-0.46,0.50,2.91,-0.04,-2.59,11.95,0.63,-2.10,2.72
250.74,34.62,-4.17,-5.38,9.67,-0.44,0.48,3.07,0.73,-3.38,10.63,0.80,-2.11,3.46
250.76,36.93,-1.67,-6.06,9.78,-0.49,0.36,3.40,2.10,-5.14,8.22,1.14,-1.90,4.25
250.78,37.93,-0.49,-5.66,9.57,-0.59,0.28,3.24,3.46,-6.23,7.47,1.35,-1.72,4.92
250.80,38.71,0.19,-5.48,9.48,-0.70,0.21,3.06,4.71,-6.93,7.02,1.52,-1.57,5.36
250.81,39.54,0.61,-5.45,9.68,-0.83,0.17,2.89,5.57,-7.08,6.82,1.62,-1.48,5.50
250.82,40.78,0.78,-5.46,10.15,-0.94,0.13,2.71,7.02,-7.16,6.52,1.81,-1.26,5.51
250.84,42.20,0.71,-5.42,10.39,-0.97,0.11,2.64,8.00,-7.02,6.22,1.99,-1.02,5.35
250.85,43.03,0.46,-5.14,10.54,-0.98,0.05,2.64,8.82,-6.59,5.94,2.17,-0.72,4.71
250.87,44.49,0.24,-4.53,10.32,-1.03,-0.10,2.77,9.31,-5.85,5.71,2.46,-0.20,4.37
250.88,45.06,0.22,-4.10,10.08,-1.12,-0.22,2.90,9.04,-5.15,5.88,2.66,0.21,3.75
250.89,45.18,0.37,-3.81,9.91,-1.23,-0.34,3.04,8.64,-4.60,6.10,2.74,0.42,3.42
250.90,45.11,0.59,-3.64,9.85,-1.30,-0.41,3.15,7.98,-3.83,6.50,2.79,0.66,3.06
250.91,43.85,1.15,-3.22,9.85,-1.34,-0.47,3.25,6.81,-2.99,6.99,2.82,0.98,2.95
250.94,40.56,1.68,-1.66,9.93,-1.30,-0.40,3.35,4.12,-2.36,7.69,2.86,1.40,3.28
250.95,38.02,1.32,-0.38,9.79,-1.33,-0.32,3.56,3.35,-2.30,8.00,2.90,1.54,3.67
250.96,35.66,0.62,0.27,9.58,-1.40,-0.27,3.78,2.67,-2.28,8.34,2.93,1.68,4.31
250.97,33.76,-0.81,0.55,9.32,-1.52,-0.25,4.11,2.53,-2.46,8.59,2.95,1.74,5.54
251.00,30.99,-4.80,1.81,9.00,-1.63,-0.36,4.56,2.93,-2.69,8.79,2.77,1.54,6.01
251.01,31.30,-7.48,2.18,8.67,-1.72,-0.42,4.49,3.93,-1.79,8.34,2.52,1.09,6.27
251.02,32.89,-8.57,1.41,8.86,-1.77,-0.49,4.60,7.01,-1.50,7.53,1.84,0.35,5.90
251.03,36.51,-5.46,-0.72,10.20,-1.67,-0.71,4.98,11.02,-1.37,6.15,1.23,-0.26,4.87
251.04,38.04,4.63,-1.89,11.29,-1.41,-0.89,4.52,10.75,-1.10,4.90,0.82,-0.17,2.92
251.06,36.46,8.32,-2.30,9.89,-1.09,-0.66,2.77,7.98,-2.32,6.19,0.45,0.33,0.79
251.08,32.84,4.98,-3.50,8.41,-0.84,-0.24,0.58,1.48,-3.32,8.99,-0.05,0.76,-0.01
251.09,29.43,-1.29,-4.59,9.11,-0.56,0.21,-0.85,-1.71,-1.48,12.21,-0.24,0.66,-0.47
251.11,27.96,-5.14,-3.29,10.02,-0.35,0.43,-1.32,-2.98,0.67,14.15,-0.26,0.43,-0.17
251.12,28.57,-9.66,0.01,10.05,-0.17,0.59,-1.42,-2.48,2.77,13.10,-0.21,0.12,0.77
251.15,30.41,-9.74,1.49,8.47,-0.28,0.47,-0.22,-0.01,3.27,9.27,-0.15,0.03,1.03
251.16,31.83,-8.83,0.57,7.84,-0.41,0.44,0.43,1.39,2.38,8.28,-0.20,-0.05,1.00
251.17,34.23,-7.39,-1.06,7.87,-0.53,0.43,1.14,2.21,0.74,8.84,-0.30,-0.09,0.79
251.18,36.51,-4.95,-2.62,7.95,-0.61,0.38,1.51,1.43,-0.94,10.16,-0.35,-0.13,0.39
251.21,36.66,-4.50,-2.74,7.80,-0.61,0.40,1.45,0.69,-1.50,10.24,-0.34,-0.19,0.29
251.22,37.23,-4.39,-2.42,7.64,-0.64,0.47,1.28,0.38,-1.79,9.92,-0.32,-0.24,0.36
251.23,37.33,-4.45,-2.10,7.89,-0.66,0.48,1.21,0.73,-1.48,9.56,-0.32,-0.27,0.49
251.24,37.86,-4.61,-1.70,8.45,-0.67,0.45,1.16,1.27,-0.93,9.28,-0.31,-0.25,0.62
251.26,38.61,-5.11,-1.31,9.02,-0.63,0.34,0.99,1.72,-0.31,9.32,-0.32,-0.24,0.69
251.27,39.02,-5.17,-1.22,9.12,-0.60,0.28,0.91,2.04,-0.26,9.65,-0.32,-0.27,0.68
251.28,39.60,-5.06,-1.21,9.06,-0.56,0.26,0.79,2.08,-0.26,9.84,-0.32,-0.33,0.59
251.29,40.38,-4.78,-1.59,8.79,-0.51,0.29,0.69,1.87,-0.62,9.71,-0.31,-0.39,0.45
251.31,40.95,-4.35,-1.85,8.37,-0.46,0.33,0.61,1.83,-1.17,9.42,-0.31,-0.41,0.34
251.33,41.53,-4.06,-2.23,8.09,-0.41,0.41,0.50,2.15,-1.64,9.34,-0.27,-0.42,0.30
251.34,42.00,-4.24,-2.43,8.00,-0.38,0.46,0.42,2.26,-1.78,9.35,-0.24,-0.43,0.26
251.35,42.76,-4.90,-2.58,7.94,-0.34,0.51,0.30,2.14,-1.87,9.47,-0.18,-0.45,0.23
251.37,44.16,-6.08,-2.39,7.93,-0.33,0.50,0.36,1.79,-1.72,9.70,-0.10,-0.52,0.22
251.38,45.40,-6.25,-2.19,7.93,-0.36,0.47,0.51,1.55,-1.54,9.45,-0.05,-0.60,0.24
251.40,46.23,-5.72,-2.23,7.99,-0.37,0.45,0.60,1.61,-1.60,9.14,-0.04,-0.63,0.29
251.41,46.94,-5.00,-2.18,7.98,-0.38,0.44,0.61,1.97,-1.85,8.99,-0.05,-0.63,0.36
251.42,47.54,-4.36,-2.25,8.00,-0.41,0.43,0.55,2.44,-2.20,8.99,-0.04,-0.61,0.42
251.43,48.08,-3.91,-2.54,8.17,-0.44,0.45,0.46,2.94,-2.44,9.03,-0.01,-0.58,0.47
251.44,48.51,-3.88,-2.73,8.47,-0.46,0.50,0.37,3.54,-2.58,9.18,0.01,-0.56,0.50
251.46,49.20,-4.22,-2.82,8.84,-0.49,0.53,0.28,3.94,-2.54,9.33,0.04,-0.54,0.51
251.47,49.94,-4.59,-2.73,9.15,-0.51,0.55,0.27,4.02,-2.33,9.47,0.06,-0.53,0.49
251.48,50.59,-4.88,-2.30,9.42,-0.54,0.56,0.34,4.04,-1.98,9.36,0.09,-0.53,0.47
251.49,52.03,-4.95,-1.85,9.40,-0.55,0.60,0.41,4.30,-1.11,9.08,0.09,-0.51,0.43
251.51,52.76,-4.91,-1.43,9.26,-0.51,0.64,0.44,4.19,-0.77,8.99,0.07,-0.49,0.34
251.52,55.80,-4.82,-0.91,8.35,-0.39,0.81,0.25,4.52,-0.54,8.72,0.04,-0.38,0.23
251.56,56.77,-5.26,-0.91,8.52,-0.39,0.77,0.20,4.62,-0.77,8.96,0.05,-0.35,0.16
251.57,57.70,-5.56,-1.16,8.64,-0.38,0.71,0.19,4.64,-0.78,9.08,0.04,-0.34,0.12
251.58,58.85,-6.07,-1.30,8.68,-0.38,0.65,0.23,4.19,-0.82,9.36,0.05,-0.35,0.02
251.60,60.27,-6.14,-1.36,8.35,-0.36,0.67,0.42,3.93,-0.96,9.16,0.05,-0.35,0.08
251.64,61.62,-5.38,-1.42,8.13,-0.38,0.70,0.31,4.17,-0.99,8.71,0.02,-0.28,0.10
251.65,62.43,-4.92,-1.42,8.19,-0.42,0.70,0.05,4.35,-1.12,8.65,0.00,-0.21,0.16
251.67,62.82,-5.24,-1.52,8.27,-0.44,0.69,0.00,4.50,-1.26,8.79,-0.00,-0.15,0.22
251.69,63.80,-6.22,-1.77,8.23,-0.47,0.70,0.08,4.56,-1.25,9.04,0.00,-0.13,0.23
251.70,64.49,-6.74,-1.68,8.22,-0.47,0.69,0.17,4.48,-1.10,9.09,0.01,-0.11,0.25
251.71,65.05,-6.35,-1.31,8.25,-0.52,0.75,0.26,4.49,-0.96,9.04,0.00,-0.08,0.28
251.72,65.52,-6.37,-1.52,8.28,-0.53,0.78,0.27,4.69,-0.83,8.98,-0.00,-0.06,0.30
251.74,66.89,-6.36,-1.39,8.48,-0.53,0.77,0.21,5.32,-0.60,8.98,-0.02,0.04,0.30
251.76,67.36,-6.29,-1.33,8.47,-0.51,0.79,0.19,5.24,-0.49,8.97,-0.03,0.08,0.25
251.77,67.70,-6.15,-1.34,8.43,-0.49,0.80,0.17,5.10,-0.51,8.89,-0.04,0.10,0.22
251.78,68.38,-5.86,-1.62,8.18,-0.43,0.81,0.10,4.83,-0.75,8.60,-0.05,0.13,0.21
251.80,68.62,-5.93,-1.75,8.03,-0.41,0.82,0.03,4.69,-0.78,8.58,-0.07,0.18,0.23
251.81,69.05,-6.10,-1.79,7.72,-0.38,0.87,-0.09,4.82,-0.94,8.81,-0.08,0.21,0.23
251.82,69.75,-6.60,-2.03,7.37,-0.39,0.93,-0.20,4.78,-1.12,9.07,-0.10,0.26,0.17
251.85,70.96,-7.21,-2.05,7.10,-0.33,0.99,-0.22,4.30,-1.12,9.15,-0.12,0.25,0.03
251.87,72.09,-7.09,-2.02,6.77,-0.28,1.00,-0.24,4.12,-0.98,8.71,-0.15,0.27,-0.01
251.90,72.41,-7.12,-2.09,6.69,-0.25,1.00,-0.26,4.04,-0.95,8.69,-0.16,0.32,-0.02
251.91,73.23,-7.44,-2.20,6.39,-0.21,0.97,-0.27,4.10,-1.06,8.78,-0.18,0.36,-0.00
251.92,73.58,-7.81,-2.37,6.26,-0.20,0.95,-0.25,4.10,-1.29,9.01,-0.18,0.39,0.03
251.94,74.34,-8.12,-2.49,6.12,-0.20,0.92,-0.21,4.00,-1.44,9.25,-0.18,0.40,0.03
251.95,74.83,-8.18,-2.51,6.05,-0.19,0.91,-0.17,3.84,-1.46,9.35,-0.19,0.41,0.01
251.96,75.23,-8.13,-2.48,5.93,-0.19,0.90,-0.14,3.59,-1.46,9.32,-0.19,0.40,-0.01
251.98,75.75,-8.17,-2.53,5.69,-0.17,0.89,-0.08,3.26,-1.57,9.08,-0.20,0.40,-0.01
251.99,75.90,-8.21,-2.58,5.51,-0.17,0.88,-0.06,3.23,-1.67,8.98,-0.19,0.41,0.01
252.00,76.41,-8.37,-2.64,5.19,-0.17,0.87,-0.03,3.14,-1.82,9.05,-0.19,0.45,0.04
252.01,76.85,-8.69,-2.76,4.86,-0.18,0.88,0.03,2.96,-1.89,9.18,-0.18,0.47,0.05
252.02,77.26,-8.77,-2.80,4.55,-0.17,0.86,0.10,2.64,-2.05,9.34,-0.16,0.49,0.07
252.04,77.65,-8.69,-2.92,4.23,-0.19,0.85,0.15,2.51,-2.20,9.38,-0.15,0.48,0.09
252.05,78.18,-8.82,-3.06,3.95,-0.22,0.82,0.15,2.52,-2.41,9.48,-0.11,0.45,0.15
252.06,78.39,-8.96,-3.04,3.84,-0.24,0.80,0.14,2.46,-2.44,9.55,-0.08,0.43,0.15
252.07,78.99,-9.02,-2.92,3.73,-0.26,0.78,0.15,2.27,-2.29,9.48,-0.05,0.40,0.13
252.08,79.97,-9.18,-2.74,3.47,-0.29,0.76,0.20,2.09,-2.10,9.36,-0.01,0.37,0.13
252.11,80.40,-9.17,-2.73,3.45,-0.29,0.75,0.24,2.12,-2.08,9.37,-0.00,0.37,0.14
252.12,80.69,-9.13,-2.66,3.43,-0.30,0.74,0.28,2.09,-2.04,9.38,0.01,0.37,0.15
252.14,81.38,-9.16,-2.59,3.40,-0.31,0.74,0.31,2.05,-2.04,9.40,0.03,0.36,0.19
252.15,81.65,-9.20,-2.57,3.40,-0.32,0.74,0.33,2.02,-2.03,9.39,0.04,0.35,0.23
252.16,81.99,-9.26,-2.49,3.41,-0.33,0.74,0.34,1.99,-1.99,9.36,0.04,0.33,0.26
252.17,82.32,-9.25,-2.42,3.42,-0.35,0.73,0.34,2.00,-1.91,9.33,0.04,0.31,0.28
252.19,82.82,-9.21,-2.39,3.43,-0.36,0.72,0.31,2.16,-1.87,9.39,0.04,0.30,0.31
252.20,83.01,-9.20,-2.37,3.45,-0.36,0.72,0.29,2.28,-1.82,9.40,0.04,0.30,0.31
252.21,83.43,-9.19,-2.37,3.45,-0.37,0.71,0.26,2.41,-1.81,9.39,0.05,0.29,0.29
252.22,84.00,-9.26,-2.37,3.35,-0.38,0.67,0.18,2.45,-1.81,9.43,0.06,0.26,0.24
252.25,84.63,-9.45,-2.58,3.18,-0.38,0.64,0.10,2.22,-1.88,9.59,0.08,0.22,0.18
252.26,85.22,-9.99,-2.57,2.97,-0.37,0.65,0.18,2.05,-1.88,9.62,0.10,0.19,0.15
252.28,85.46,-10.03,-2.66,2.93,-0.36,0.64,0.24,1.98,-1.93,9.58,0.11,0.17,0.14
252.29,85.88,-10.00,-2.63,2.96,-0.34,0.60,0.30,2.08,-1.93,9.50,0.13,0.16,0.15
252.30,86.24,-9.91,-2.58,2.93,-0.32,0.55,0.33,2.17,-1.89,9.45,0.14,0.16,0.15
252.31,86.65,-9.79,-2.56,2.86,-0.29,0.51,0.36,2.20,-1.79,9.47,0.15,0.16,0.07
252.34,87.25,-9.94,-2.33,2.64,-0.25,0.44,0.36,2.00,-1.61,9.57,0.17,0.12,0.02
252.35,87.46,-9.96,-2.23,2.52,-0.22,0.39,0.37,1.81,-1.52,9.58,0.19,0.08,-0.03
252.37,87.81,-9.90,-1.99,2.30,-0.19,0.32,0.39,1.64,-1.41,9.48,0.20,0.05,-0.05
252.38,88.03,-9.76,-1.81,2.17,-0.16,0.27,0.39,1.55,-1.28,9.35,0.20,0.02,-0.09
252.41,88.31,-9.52,-1.50,2.12,-0.12,0.19,0.39,1.42,-1.07,9.25,0.18,-0.01,-0.10
252.43,88.36,-9.44,-1.36,2.18,-0.09,0.16,0.39,1.41,-0.97,9.26,0.16,-0.02,-0.09
252.44,88.37,-9.36,-1.22,2.30,-0.06,0.14,0.38,1.48,-0.89,9.25,0.13,-0.03,-0.07
252.46,88.34,-9.34,-1.16,2.34,-0.05,0.13,0.37,1.52,-0.89,9.27,0.11,-0.03,-0.05
252.47,88.29,-9.33,-1.05,2.44,-0.03,0.11,0.32,1.60,-0.87,9.35,0.08,-0.03,-0.02
252.49,88.27,-9.36,-1.04,2.45,-0.02,0.11,0.30,1.68,-0.89,9.39,0.06,-0.03,0.00
252.50,88.26,-9.41,-1.02,2.48,-0.01,0.11,0.27,1.77,-0.92,9.40,0.05,-0.05,0.02
252.52,88.28,-9.46,-1.01,2.48,-0.00,0.10,0.23,1.81,-0.94,9.40,0.04,-0.05,0.03
252.53,88.34,-9.49,-1.03,2.49,0.00,0.08,0.18,1.91,-0.98,9.38,0.03,-0.06,0.04
252.54,88.45,-9.56,-1.07,2.54,-0.01,0.07,0.12,2.12,-1.10,9.38,0.03,-0.06,0.08
252.56,88.67,-9.62,-1.11,2.66,-0.01,0.07,0.05,2.32,-1.16,9.38,0.02,-0.06,0.11
252.58,88.91,-9.67,-1.12,2.81,-0.03,0.08,-0.03,2.53,-1.22,9.44,0.00,-0.03,0.15
252.61,89.07,-9.68,-1.14,2.91,-0.05,0.10,-0.09,2.62,-1.24,9.47,-0.01,-0.01,0.16
252.62,89.11,-9.67,-1.18,2.93,-0.05,0.11,-0.12,2.62,-1.24,9.48,-0.03,0.00,0.16
252.63,89.19,-9.66,-1.23,2.91,-0.06,0.12,-0.15,2.61,-1.25,9.49,-0.04,0.02,0.16
252.65,89.28,-9.65,-1.29,2.84,-0.07,0.14,-0.18,2.56,-1.27,9.50,-0.06,0.04,0.15
252.66,89.35,-9.62,-1.35,2.76,-0.07,0.16,-0.20,2.48,-1.29,9.51,-0.07,0.07,0.13
252.68,89.44,-9.61,-1.45,2.64,-0.08,0.18,-0.23,2.40,-1.30,9.50,-0.08,0.08,0.11
252.69,89.54,-9.63,-1.55,2.51,-0.08,0.19,-0.24,2.29,-1.32,9.50,-0.08,0.09,0.09
252.71,89.61,-9.67,-1.65,2.40,-0.07,0.20,-0.25,2.18,-1.36,9.49,-0.08,0.10,0.08
252.72,89.72,-9.73,-1.78,2.28,-0.05,0.20,-0.25,2.05,-1.39,9.51,-0.08,0.10,0.08
252.73,89.76,-9.80,-1.87,2.14,-0.02,0.19,-0.21,1.88,-1.44,9.55,-0.07,0.09,0.08
252.76,89.84,-9.84,-1.92,2.05,-0.01,0.18,-0.19,1.82,-1.51,9.55,-0.06,0.08,0.09
252.77,89.89,-9.87,-1.99,1.97,-0.00,0.16,-0.15,1.78,-1.60,9.53,-0.06,0.07,0.10
252.78,90.01,-9.89,-2.09,1.87,0.01,0.13,-0.09,1.74,-1.75,9.56,-0.04,0.06,0.10
252.80,90.02,-9.88,-2.13,1.83,0.00,0.12,-0.07,1.72,-1.83,9.58,-0.02,0.05,0.10
252.81,90.18,-9.87,-2.28,1.74,-0.02,0.09,-0.01,1.65,-2.04,9.60,0.02,0.03,0.11
252.84,90.21,-9.90,-2.31,1.72,-0.04,0.08,0.03,1.62,-2.15,9.62,0.05,0.02,0.13
252.86,90.28,-9.93,-2.31,1.67,-0.07,0.06,0.06,1.57,-2.17,9.61,0.07,0.01,0.15
252.87,90.31,-9.92,-2.30,1.62,-0.10,0.04,0.11,1.54,-2.15,9.60,0.09,-0.01,0.17
252.89,90.38,-9.90,-2.27,1.60,-0.12,0.03,0.14,1.53,-2.15,9.61,0.11,-0.02,0.18
252.90,90.39,-9.90,-2.24,1.58,-0.14,0.02,0.17,1.50,-2.12,9.62,0.13,-0.03,0.19
252.91,90.43,-9.86,-2.18,1.60,-0.16,0.01,0.21,1.49,-2.07,9.61,0.15,-0.05,0.20
252.93,90.43,-9.83,-2.13,1.61,-0.16,0.00,0.22,1.50,-1.98,9.57,0.17,-0.06,0.22
252.95,90.49,-9.78,-1.97,1.67,-0.18,-0.00,0.23,1.62,-1.83,9.51,0.18,-0.06,0.23
252.96,90.53,-9.77,-1.87,1.71,-0.18,-0.01,0.23,1.68,-1.72,9.49,0.19,-0.06,0.22
252.97,90.57,-9.78,-1.62,1.80,-0.18,-0.02,0.22,1.71,-1.52,9.45,0.19,-0.06,0.21
252.99,90.58,-9.78,-1.52,1.82,-0.18,-0.03,0.22,1.73,-1.42,9.45,0.18,-0.02,0.12
253.07,90.51,-9.71,-1.07,2.19,-0.15,-0.04,0.16,2.15,-1.01,9.55,0.11,-0.01,0.07
253.09,90.43,-9.75,-1.08,2.29,-0.15,-0.03,0.14,2.16,-1.01,9.59,0.11,0.01,0.05
253.11,90.36,-9.77,-1.08,2.34,-0.14,-0.03,0.13,2.19,-1.00,9.59,0.10,0.02,0.04
253.12,90.33,-9.77,-1.09,2.36,-0.14,-0.02,0.13,2.20,-0.99,9.57,0.10,0.03,0.05
253.14,90.21,-9.75,-1.08,2.34,-0.12,-0.01,0.13,2.21,-0.98,9.54,0.08,0.04,0.05
253.15,90.20,-9.73,-1.08,2.31,-0.11,-0.00,0.12,2.22,-0.95,9.52,0.08,0.04,0.05
253.16,90.16,-9.71,-1.07,2.27,-0.10,0.01,0.11,2.22,-0.93,9.51,0.07,0.03,0.04
253.18,90.16,-9.71,-1.03,2.23,-0.07,0.02,0.06,2.17,-0.87,9.51,0.05,0.02,0.02
253.20,90.15,-9.73,-1.01,2.19,-0.06,0.02,0.03,2.08,-0.84,9.51,0.04,0.02,0.01
253.21,90.14,-9.75,-0.99,2.15,-0.04,0.03,0.01,1.99,-0.84,9.51,0.03,0.03,0.00
253.23,90.11,-9.77,-0.99,2.09,-0.03,0.03,0.00,1.93,-0.85,9.51,0.02,0.03,0.00
253.24,90.08,-9.77,-0.99,2.04,-0.02,0.03,-0.00,1.86,-0.88,9.51,0.01,0.03,-0.00
253.25,90.05,-9.77,-1.01,1.93,-0.01,0.02,-0.01,1.81,-0.92,9.50,0.00,0.03,-0.00
253.27,90.05,-9.78,-1.05,1.84,-0.01,0.02,-0.01,1.77,-0.98,9.52,-0.00,0.03,-0.00
253.28,90.06,-9.81,-1.14,1.74,-0.01,0.00,-0.02,1.71,-1.10,9.52,-0.01,0.02,-0.00
253.30,90.05,-9.82,-1.18,1.73,-0.01,-0.00,-0.02,1.71,-1.17,9.53,-0.01,0.02,0.00
253.31,90.07,-9.83,-1.24,1.75,-0.02,-0.01,-0.03,1.71,-1.23,9.56,-0.01,0.01,0.01
253.32,90.04,-9.84,-1.34,1.82,-0.03,-0.01,-0.04,1.71,-1.29,9.61,-0.01,0.01,0.01
253.34,90.00,-9.84,-1.40,1.77,-0.04,-0.02,-0.04,1.69,-1.36,9.62,0.00,-0.00,0.01
253.37,89.99,-9.84,-1.42,1.73,-0.04,-0.02,-0.03,1.66,-1.38,9.61,0.01,-0.01,0.01
253.38,89.98,-9.86,-1.44,1.72,-0.05,-0.02,-0.01,1.65,-1.39,9.57,0.02,-0.01,0.02
253.40,90.00,-9.86,-1.46,1.73,-0.06,-0.03,0.01,1.66,-1.39,9.56,0.03,-0.02,0.03
253.41,90.00,-9.88,-1.46,1.75,-0.07,-0.03,0.03,1.67,-1.40,9.57,0.04,-0.02,0.04
253.43,90.00,-9.88,-1.45,1.75,-0.07,-0.04,0.05,1.72,-1.43,9.58,0.05,-0.03,0.05
253.45,90.01,-9.88,-1.45,1.80,-0.08,-0.04,0.06,1.75,-1.44,9.59,0.06,-0.03,0.06
253.46,90.01,-9.87,-1.45,1.85,-0.09,-0.04,0.07,1.80,-1.45,9.60,0.06,-0.03,0.07
253.47,90.02,-9.86,-1.45,1.91,-0.10,-0.04,0.08,1.86,-1.44,9.61,0.07,-0.03,0.07
253.48,90.01,-9.85,-1.45,2.01,-0.11,-0.03,0.10,1.91,-1.44,9.64,0.07,-0.02,0.08
253.49,90.01,-9.86,-1.46,2.07,-0.12,-0.02,0.12,1.95,-1.44,9.67,0.08,-0.01,0.08
253.50,89.97,-9.92,-1.49,2.14,-0.12,0.01,0.16,1.97,-1.43,9.68,0.09,-0.00,0.08
253.53,89.96,-9.99,-1.48,2.13,-0.12,0.02,0.21,1.95,-1.37,9.66,0.11,0.00,0.08
253.54,89.95,-10.03,-1.42,2.02,-0.11,0.02,0.24,1.91,-1.33,9.64,0.12,0.00,0.08
253.55,89.97,-10.04,-1.36,1.93,-0.11,0.01,0.27,1.86,-1.29,9.63,0.12,0.00,0.09
253.56,90.04,-10.05,-1.24,1.75,-0.10,-0.01,0.32,1.79,-1.24,9.60,0.14,-0.01,0.10
253.58,90.10,-9.98,-1.12,1.63,-0.10,-0.05,0.34,1.74,-1.15,9.52,0.15,-0.03,0.10
253.60,90.17,-9.88,-0.96,1.54,-0.10,-0.08,0.34,1.72,-1.05,9.50,0.16,-0.05,0.10
253.61,90.25,-9.73,-0.77,1.50,-0.12,-0.11,0.31,1.69,-0.96,9.51,0.17,-0.08,0.10
253.62,90.28,-9.65,-0.72,1.55,-0.14,-0.12,0.28,1.69,-0.90,9.51,0.18,-0.09,0.10
253.64,90.28,-9.57,-0.69,1.69,-0.15,-0.12,0.23,1.68,-0.81,9.49,0.18,-0.10,0.10
253.65,90.21,-9.53,-0.66,1.88,-0.15,-0.11,0.16,1.74,-0.70,9.49,0.18,-0.10,0.10
253.66,90.17,-9.54,-0.58,1.95,-0.14,-0.10,0.10,1.82,-0.64,9.48,0.17,-0.10,0.11
253.68,90.13,-9.54,-0.42,1.96,-0.13,-0.09,0.02,1.90,-0.62,9.48,0.16,-0.09,0.11
253.69,90.14,-9.57,-0.34,1.97,-0.14,-0.07,-0.05,1.96,-0.59,9.47,0.13,-0.09,0.08
253.70,90.17,-9.64,-0.32,2.02,-0.15,-0.06,-0.09,1.99,-0.56,9.47,0.11,-0.08,0.05
253.72,90.19,-9.85,-0.43,2.13,-0.14,-0.05,-0.11,2.04,-0.54,9.49,0.06,-0.06,0.01
253.74,90.19,-9.92,-0.58,2.19,-0.10,-0.07,-0.05,2.08,-0.52,9.45,0.01,-0.04,-0.01
253.76,90.19,-9.87,-0.61,2.21,-0.08,-0.08,-0.03,2.10,-0.54,9.44,-0.01,-0.02,-0.03
253.78,90.07,-9.69,-0.71,2.21,-0.03,-0.07,-0.06,2.17,-0.62,9.53,-0.04,-0.02,-0.05
253.81,90.03,-9.70,-0.73,2.20,-0.02,-0.06,-0.10,2.18,-0.66,9.56,-0.05,-0.02,-0.06
253.82,90.05,-9.73,-0.76,2.21,-0.01,-0.05,-0.12,2.17,-0.69,9.58,-0.05,-0.03,-0.06
253.83,90.02,-9.76,-0.78,2.22,-0.00,-0.04,-0.14,2.14,-0.72,9.57,-0.05,-0.03,-0.06
253.84,89.99,-9.82,-0.88,2.25,0.01,-0.04,-0.15,2.11,-0.80,9.55,-0.07,-0.03,-0.04
253.87,89.98,-9.82,-0.90,2.23,0.01,-0.04,-0.15,2.11,-0.82,9.55,-0.07,-0.02,-0.04
253.88,89.97,-9.82,-0.94,2.17,0.02,-0.04,-0.15,2.11,-0.83,9.56,-0.08,-0.01,-0.05
253.90,89.97,-9.81,-0.98,2.11,0.03,-0.04,-0.16,2.08,-0.86,9.58,-0.08,-0.01,-0.07
253.91,89.98,-9.83,-1.05,1.99,0.03,-0.03,-0.15,1.96,-0.90,9.59,-0.08,-0.01,-0.08
253.93,89.98,-9.86,-1.10,1.95,0.03,-0.03,-0.15,1.85,-0.96,9.59,-0.08,-0.02,-0.08
253.94,89.96,-9.86,-1.13,1.86,0.03,-0.04,-0.13,1.78,-1.04,9.56,-0.08,-0.02,-0.06
253.96,89.95,-9.82,-1.15,1.87,0.02,-0.05,-0.13,1.81,-1.11,9.56,-0.07,-0.03,-0.04
253.98,89.94,-9.79,-1.15,1.88,0.01,-0.05,-0.13,1.85,-1.14,9.54,-0.07,-0.03,-0.03
254.00,89.95,-9.75,-1.17,1.99,-0.01,-0.06,-0.14,1.96,-1.13,9.54,-0.07,-0.03,-0.03
254.02,89.95,-9.78,-1.21,2.09,-0.03,-0.05,-0.15,2.04,-1.11,9.57,-0.07,-0.03,-0.03
254.03,89.94,-9.81,-1.25,2.14,-0.03,-0.05,-0.14,2.07,-1.10,9.58,-0.07,-0.03,-0.04
254.04,89.94,-9.81,-1.29,2.13,-0.03,-0.05,-0.14,2.07,-1.08,9.57,-0.07,-0.03,-0.04
254.06,89.95,-9.80,-1.30,2.11,-0.03,-0.05,-0.14,2.05,-1.08,9.56,-0.06,-0.03,-0.04
254.07,89.94,-9.77,-1.31,2.09,-0.03,-0.05,-0.15,2.04,-1.08,9.56,-0.06,-0.03,-0.04
254.09,89.94,-9.75,-1.33,2.11,-0.03,-0.06,-0.16,2.04,-1.09,9.57,-0.06,-0.03,-0.03
254.10,89.92,-9.75,-1.35,2.13,-0.03,-0.06,-0.16,2.06,-1.10,9.57,-0.05,-0.04,-0.02
254.11,89.91,-9.75,-1.38,2.17,-0.03,-0.05,-0.16,2.08,-1.12,9.57,-0.05,-0.03,-0.01
254.12,89.90,-9.77,-1.43,2.21,-0.03,-0.05,-0.15,2.13,-1.14,9.57,-0.05,-0.03,-0.01
254.14,89.89,-9.80,-1.46,2.24,-0.03,-0.05,-0.14,2.16,-1.16,9.58,-0.05,-0.03,-0.01
254.15,89.88,-9.81,-1.49,2.27,-0.02,-0.04,-0.12,2.19,-1.18,9.57,-0.04,-0.02,-0.01
254.16,89.88,-9.82,-1.51,2.27,-0.02,-0.03,-0.11,2.20,-1.19,9.58,-0.04,-0.02,-0.02
254.18,89.89,-9.82,-1.52,2.25,-0.02,-0.03,-0.09,2.19,-1.20,9.57,-0.03,-0.01,-0.02
254.19,89.90,-9.80,-1.52,2.23,-0.02,-0.02,-0.08,2.17,-1.20,9.56,-0.03,-0.01,-0.03
254.20,89.91,-9.78,-1.51,2.20,-0.01,-0.02,-0.05,2.14,-1.21,9.57,-0.03,-0.01,-0.03
254.22,89.92,-9.79,-1.51,2.19,-0.01,-0.01,-0.04,2.11,-1.21,9.55,-0.02,-0.00,-0.03
254.23,89.92,-9.79,-1.51,2.18,-0.01,-0.01,-0.03,2.10,-1.21,9.55,-0.02,-0.00,-0.02
254.24,89.93,-9.79,-1.51,2.16,-0.02,-0.02,-0.02,2.09,-1.21,9.54,-0.02,-0.00,-0.01
254.26,89.94,-9.78,-1.48,2.13,-0.02,-0.01,-0.01,2.09,-1.20,9.56,-0.01,0.00,-0.01
254.28,89.96,-9.74,-1.43,2.10,-0.03,-0.01,-0.02,2.06,-1.18,9.53,-0.01,0.00,-0.00
254.29,89.97,-9.73,-1.42,2.09,-0.03,-0.01,-0.02,2.05,-1.16,9.52,-0.01,-0.00,-0.01
254.30,89.98,-9.73,-1.40,2.07,-0.04,-0.01,-0.02,2.02,-1.14,9.52,-0.01,-0.00,-0.01
254.32,89.98,-9.78,-1.41,2.04,-0.05,-0.02,-0.02,1.96,-1.11,9.53,-0.01,-0.01,-0.00
254.35,89.97,-9.79,-1.43,2.03,-0.05,-0.03,-0.01,1.95,-1.11,9.52,-0.00,-0.01,0.00
254.37,89.95,-9.76,-1.44,2.05,-0.05,-0.04,-0.01,1.99,-1.13,9.52,-0.00,-0.01,0.01
254.40,89.95,-9.74,-1.45,2.09,-0.06,-0.04,-0.00,2.04,-1.14,9.52,0.00,-0.01,0.01
254.42,89.95,-9.73,-1.47,2.10,-0.06,-0.04,-0.00,2.06,-1.16,9.53,0.00,-0.01,0.01
254.43,89.94,-9.75,-1.49,2.16,-0.06,-0.03,0.00,2.09,-1.16,9.54,0.00,-0.01,0.01
254.45,89.94,-9.75,-1.49,2.18,-0.06,-0.03,0.00,2.11,-1.16,9.54,0.01,-0.01,0.01
254.46,89.93,-9.75,-1.47,2.20,-0.06,-0.03,0.01,2.11,-1.15,9.52,0.01,-0.01,0.01
254.48,89.91,-9.74,-1.45,2.20,-0.06,-0.03,0.01,2.09,-1.14,9.53,0.01,-0.01,0.01
254.49,89.89,-9.73,-1.43,2.18,-0.06,-0.03,0.01,2.09,-1.12,9.53,0.01,-0.01,0.00
254.51,89.89,-9.73,-1.41,2.17,-0.05,-0.03,0.01,2.09,-1.09,9.53,0.01,-0.01,0.01
254.54,89.89,-9.73,-1.38,2.18,-0.05,-0.03,0.01,2.11,-1.07,9.52,0.01,-0.01,0.01
254.56,89.89,-9.73,-1.38,2.19,-0.05,-0.02,0.01,2.12,-1.07,9.52,0.01,-0.01,0.01
254.57,89.89,-9.72,-1.38,2.20,-0.05,-0.02,0.01,2.12,-1.06,9.52,0.01,-0.01,0.00
254.59,89.89,-9.73,-1.38,2.21,-0.05,-0.02,0.01,2.13,-1.05,9.52,0.00,-0.00,0.00
254.60,89.89,-9.74,-1.38,2.21,-0.05,-0.02,0.01,2.13,-1.04,9.53,0.00,-0.00,0.00
254.62,89.89,-9.73,-1.38,2.18,-0.04,-0.02,0.00,2.12,-1.04,9.53,-0.00,-0.00,0.00
254.63,89.90,-9.73,-1.37,2.18,-0.04,-0.02,0.00,2.11,-1.05,9.52,-0.00,-0.00,0.00
254.65,89.90,-9.72,-1.39,2.18,-0.04,-0.01,-0.01,2.11,-1.07,9.52,-0.00,-0.00,-0.00
254.68,89.91,-9.72,-1.39,2.16,-0.04,-0.01,-0.01,2.10,-1.08,9.52,-0.00,0.00,-0.00
254.69,89.92,-9.73,-1.40,2.15,-0.04,-0.01,-0.01,2.10,-1.08,9.52,-0.00,0.00,-0.00
254.70,89.93,-9.75,-1.39,2.15,-0.04,-0.01,-0.01,2.09,-1.10,9.51,-0.01,0.00,-0.00
254.72,89.94,-9.75,-1.40,2.15,-0.04,-0.01,-0.01,2.09,-1.10,9.51,-0.01,0.00,-0.00
254.73,89.95,-9.76,-1.40,2.14,-0.04,-0.01,-0.01,2.08,-1.10,9.53,-0.01,0.00,-0.00
254.75,89.95,-9.76,-1.40,2.13,-0.04,-0.01,-0.01,2.08,-1.10,9.52,-0.01,0.00,-0.00
254.76,89.97,-9.75,-1.41,2.13,-0.04,-0.01,-0.01,2.08,-1.10,9.52,-0.01,0.00,-0.00
254.78,89.98,-9.74,-1.41,2.12,-0.04,-0.01,-0.01,2.08,-1.11,9.52,-0.00,-0.00,-0.00
254.80,90.00,-9.75,-1.41,2.12,-0.04,-0.01,-0.01,2.09,-1.12,9.52,-0.00,-0.00,-0.00
254.81,90.01,-9.75,-1.42,2.13,-0.04,-0.01,-0.01,2.08,-1.11,9.51,-0.00,-0.00,-0.00
254.82,90.01,-9.77,-1.42,2.12,-0.04,-0.01,-0.01,2.07,-1.12,9.52,-0.00,-0.00,-0.00
254.84,90.03,-9.76,-1.42,2.12,-0.04,-0.02,-0.00,2.07,-1.12,9.52,-0.00,-0.00,-0.00
254.90,90.03,-9.75,-1.42,2.11,-0.04,-0.02,-0.00,2.06,-1.12,9.54,-0.00,-0.00,-0.00
254.91,90.03,-9.76,-1.43,2.10,-0.04,-0.02,-0.00,2.04,-1.13,9.54,-0.00,-0.00,0.00
254.93,90.03,-9.76,-1.43,2.10,-0.05,-0.02,-0.00,2.06,-1.13,9.53,0.00,-0.00,0.00
254.94,90.03,-9.76,-1.44,2.11,-0.05,-0.02,-0.00,2.07,-1.14,9.52,0.00,-0.00,0.01
254.95,90.03,-9.76,-1.44,2.11,-0.05,-0.02,0.00,2.07,-1.14,9.52,0.00,-0.00,0.01
254.96,90.04,-9.76,-1.44,2.13,-0.05,-0.02,0.00,2.09,-1.13,9.52,0.00,-0.00,0.01
254.98,90.03,-9.77,-1.44,2.15,-0.05,-0.02,0.01,2.08,-1.11,9.53,0.00,-0.00,0.01
254.99,90.03,-9.76,-1.43,2.16,-0.05,-0.02,0.01,2.10,-1.11,9.52,0.01,-0.01,0.01
255.01,90.02,-9.76,-1.41,2.16,-0.05,-0.02,0.01,2.10,-1.10,9.52,0.01,-0.01,0.01
255.02,90.03,-9.75,-1.40,2.16,-0.05,-0.02,0.01,2.10,-1.10,9.51,0.01,-0.00,0.01
255.03,90.02,-9.74,-1.39,2.14,-0.05,-0.02,0.00,2.08,-1.09,9.52,0.01,-0.00,0.00
255.05,90.01,-9.74,-1.38,2.14,-0.05,-0.02,0.00,2.07,-1.08,9.51,0.00,-0.01,0.00
255.06,90.01,-9.77,-1.38,2.14,-0.05,-0.02,0.00,2.04,-1.08,9.51,0.00,-0.00,0.01
255.08,89.99,-9.78,-1.37,2.13,-0.05,-0.02,0.01,2.06,-1.07,9.51,0.00,-0.00,0.01
255.10,89.99,-9.75,-1.37,2.14,-0.05,-0.02,0.00,2.08,-1.07,9.51,0.00,-0.00,0.01
255.11,89.99,-9.73,-1.37,2.14,-0.04,-0.02,0.00,2.09,-1.06,9.52,0.00,-0.00,0.00
255.13,89.99,-9.73,-1.38,2.15,-0.04,-0.02,-0.00,2.10,-1.06,9.52,-0.00,-0.00,0.00
255.14,89.99,-9.74,-1.39,2.17,-0.04,-0.02,-0.00,2.11,-1.08,9.52,-0.00,-0.00,-0.00
255.16,89.99,-9.74,-1.39,2.18,-0.04,-0.02,-0.01,2.11,-1.08,9.52,-0.00,-0.00,-0.00
255.18,89.99,-9.74,-1.38,2.19,-0.04,-0.02,-0.01,2.13,-1.07,9.52,-0.00,-0.00,-0.00
255.19,89.99,-9.73,-1.38,2.20,-0.04,-0.01,-0.02,2.14,-1.05,9.53,-0.01,-0.00,-0.00
255.21,89.99,-9.72,-1.39,2.20,-0.04,-0.01,-0.02,2.14,-1.05,9.53,-0.01,-0.00,-0.01
255.22,89.99,-9.73,-1.39,2.19,-0.03,-0.01,-0.02,2.14,-1.06,9.52,-0.01,0.00,-0.01
255.24,90.00,-9.75,-1.39,2.19,-0.03,-0.01,-0.02,2.13,-1.06,9.54,-0.01,0.00,-0.01
255.27,90.01,-9.75,-1.37,2.16,-0.03,-0.01,-0.03,2.08,-1.08,9.53,-0.01,0.00,-0.01
255.28,90.00,-9.73,-1.37,2.15,-0.03,-0.00,-0.03,2.08,-1.08,9.52,-0.01,0.00,-0.01
255.29,90.01,-9.74,-1.39,2.14,-0.03,-0.00,-0.03,2.08,-1.09,9.51,-0.01,0.00,-0.01
255.31,90.01,-9.75,-1.41,2.13,-0.02,-0.00,-0.02,2.07,-1.10,9.52,-0.01,0.01,-0.01
255.32,90.02,-9.76,-1.43,2.11,-0.02,-0.00,-0.02,2.05,-1.12,9.53,-0.01,0.01,-0.01
255.33,90.01,-9.77,-1.44,2.11,-0.02,-0.00,-0.02,2.05,-1.13,9.53,-0.01,0.01,-0.01
255.34,90.03,-9.77,-1.46,2.08,-0.03,-0.01,-0.02,2.05,-1.15,9.53,-0.01,0.00,-0.01
255.36,90.04,-9.76,-1.47,2.08,-0.03,-0.01,-0.02,2.05,-1.16,9.53,-0.01,0.00,-