=~=~=~=~=~=~=~=~=~=~=~= PuTTY log 2024.07.01 14:22:51 =~=~=~=~=~=~=~=~=~=~=~=
407.87,87.61,-9.87,-0.40,1.94,-0.04,-0.02,-0.01,1.48,-0.80,9.68,-0.00,-0.00,-0.00
407.88,87.61,-9.88,-0.40,1.94,-0.04,-0.02,-0.01,1.49,-0.80,9.68,-0.00,-0.00,-0.00
407.89,87.62,-9.89,-0.40,1.95,-0.04,-0.02,-0.01,1.49,-0.80,9.68,-0.00,-0.00,-0.00
407.91,87.61,-9.88,-0.41,1.96,-0.04,-0.02,-0.01,1.49,-0.81,9.67,-0.00,-0.00,-0.00
407.92,87.62,-9.87,-0.42,1.96,-0.04,-0.01,-0.01,1.48,-0.82,9.67,-0.00,-0.00,-0.00
407.94,87.62,-9.87,-0.43,1.94,-0.04,-0.01,-0.02,1.47,-0.83,9.67,-0.00,-0.00,-0.00
407.96,87.62,-9.89,-0.44,1.94,-0.04,-0.01,-0.02,1.46,-0.83,9.67,-0.00,-0.00,-0.00
407.98,87.62,-9.89,-0.44,1.93,-0.04,-0.01,-0.02,1.47,-0.84,9.67,-0.00,-0.00,-0.00
407.99,87.63,-9.89,-0.45,1.92,-0.04,-0.01,-0.01,1.46,-0.85,9.67,-0.00,-0.00,-0.00
408.00,87.63,-9.89,-0.46,1.93,-0.04,-0.02,-0.01,1.45,-0.85,9.68,-0.00,-0.00,-0.00
408.01,87.62,-9.89,-0.46,1.93,-0.04,-0.02,-0.01,1.45,-0.86,9.68,-0.00,-0.00,-0.00
408.03,87.61,-9.89,-0.46,1.92,-0.04,-0.02,-0.01,1.44,-0.86,9.69,-0.00,-0.00,0.00
408.04,87.61,-9.90,-0.46,1.92,-0.04,-0.02,-0.00,1.45,-0.86,9.68,-0.00,-0.00,0.00
408.05,87.61,-9.90,-0.45,1.92,-0.04,-0.02,-0.00,1.46,-0.86,9.69,0.00,-0.00,0.00
408.07,87.61,-9.90,-0.45,1.93,-0.05,-0.02,-0.00,1.45,-0.86,9.69,0.00,-0.00,0.00
408.08,87.60,-9.90,-0.44,1.93,-0.05,-0.02,0.00,1.45,-0.85,9.69,0.00,-0.00,0.00
408.10,87.60,-9.90,-0.44,1.93,-0.05,-0.02,0.00,1.46,-0.84,9.68,0.00,-0.00,0.00
408.11,87.60,-9.90,-0.43,1.93,-0.05,-0.02,0.00,1.46,-0.83,9.67,0.00,-0.00,0.00
408.12,87.60,-9.90,-0.43,1.93,-0.05,-0.02,0.00,1.46,-0.82,9.66,0.00,-0.00,0.00
408.13,87.59,-9.88,-0.43,1.94,-0.05,-0.02,0.00,1.47,-0.81,9.67,0.00,-0.00,0.01
408.15,87.59,-9.87,-0.41,1.95,-0.05,-0.02,0.00,1.47,-0.81,9.66,0.00,-0.00,0.01
408.17,87.59,-9.88,-0.41,1.94,-0.05,-0.02,-0.00,1.48,-0.81,9.68,0.00,-0.00,0.01
408.18,87.59,-9.89,-0.42,1.95,-0.05,-0.02,-0.00,1.49,-0.81,9.67,-0.00,-0.00,0.00
408.19,87.59,-9.89,-0.43,1.96,-0.04,-0.02,-0.00,1.50,-0.81,9.67,-0.00,-0.00,0.00
408.20,87.60,-9.88,-0.43,1.96,-0.04,-0.02,-0.01,1.50,-0.82,9.67,-0.00,-0.00,0.00
408.22,87.60,-9.88,-0.43,1.95,-0.04,-0.02,-0.01,1.49,-0.81,9.67,-0.00,-0.00,-0.00
408.23,87.61,-9.88,-0.42,1.95,-0.04,-0.02,-0.01,1.50,-0.82,9.67,-0.00,-0.00,-0.00
408.24,87.61,-9.87,-0.42,1.95,-0.04,-0.01,-0.01,1.49,-0.82,9.67,-0.00,-0.00,-0.00
408.25,87.62,-9.87,-0.42,1.94,-0.04,-0.01,-0.01,1.49,-0.81,9.67,-0.00,-0.00,-0.00
408.26,87.63,-9.87,-0.42,1.94,-0.04,-0.01,-0.01,1.49,-0.82,9.66,-0.00,-0.00,-0.00
408.28,87.63,-9.87,-0.43,1.94,-0.04,-0.01,-0.01,1.48,-0.82,9.66,-0.00,-0.00,-0.00
408.29,87.64,-9.87,-0.43,1.94,-0.04,-0.01,-0.01,1.47,-0.83,9.67,-0.00,-0.00,-0.00
408.30,87.64,-9.90,-0.44,1.93,-0.04,-0.01,-0.01,1.46,-0.83,9.68,-0.00,-0.00,-0.00
408.32,87.63,-9.90,-0.45,1.92,-0.04,-0.02,-0.01,1.45,-0.84,9.68,-0.00,-0.00,-0.00
408.34,87.63,-9.89,-0.45,1.91,-0.04,-0.02,-0.01,1.45,-0.86,9.67,-0.00,-0.00,-0.00
408.35,87.63,-9.88,-0.46,1.90,-0.04,-0.02,-0.01,1.45,-0.86,9.68,-0.00,-0.00,-0.00
408.37,87.63,-9.89,-0.46,1.90,-0.04,-0.02,-0.01,1.45,-0.87,9.68,-0.00,-0.00,-0.00
408.37,87.64,-9.89,-0.46,1.91,-0.04,-0.02,-0.00,1.46,-0.87,9.68,-0.00,-0.00,0.00
408.39,87.64,-9.90,-0.46,1.92,-0.04,-0.02,-0.00,1.46,-0.86,9.68,-0.00,-0.00,0.00
408.40,87.64,-9.90,-0.45,1.92,-0.04,-0.02,-0.00,1.47,-0.85,9.69,-0.00,-0.00,0.00
408.41,87.64,-9.90,-0.45,1.94,-0.05,-0.02,0.00,1.46,-0.85,9.68,0.00,-0.00,0.00
408.43,87.63,-9.89,-0.45,1.95,-0.05,-0.02,0.00,1.48,-0.85,9.68,0.00,-0.00,0.00
408.44,87.63,-9.89,-0.45,1.95,-0.05,-0.02,0.01,1.48,-0.84,9.68,0.00,-0.00,0.00
408.45,87.63,-9.89,-0.45,1.95,-0.04,-0.02,0.01,1.49,-0.83,9.68,0.00,-0.00,0.00
408.46,87.63,-9.88,-0.44,1.94,-0.04,-0.02,0.00,1.48,-0.82,9.67,0.00,-0.00,0.00
408.49,87.63,-9.89,-0.43,1.94,-0.04,-0.02,0.00,1.48,-0.81,9.68,0.00,-0.00,0.00
408.50,87.63,-9.89,-0.43,1.94,-0.04,-0.02,0.00,1.47,-0.82,9.68,0.00,-0.00,0.00
408.51,87.63,-9.89,-0.43,1.95,-0.04,-0.02,0.00,1.47,-0.82,9.67,0.00,-0.00,0.00
408.52,87.63,-9.89,-0.42,1.95,-0.04,-0.02,0.00,1.48,-0.82,9.67,0.00,-0.00,0.00
408.55,87.63,-9.88,-0.42,1.94,-0.04,-0.02,0.00,1.48,-0.82,9.66,-0.00,-0.00,0.00
408.56,87.63,-9.89,-0.42,1.94,-0.04,-0.02,-0.00,1.47,-0.82,9.66,-0.00,-0.00,-0.00
408.57,87.63,-9.89,-0.42,1.94,-0.04,-0.02,-0.00,1.47,-0.82,9.66,-0.00,-0.00,-0.00
408.59,87.63,-9.88,-0.42,1.93,-0.04,-0.02,-0.01,1.47,-0.82,9.66,-0.00,-0.00,-0.00
408.60,87.63,-9.88,-0.42,1.94,-0.04,-0.02,-0.01,1.46,-0.82,9.67,-0.00,-0.00,0.00
408.61,87.62,-9.89,-0.42,1.94,-0.04,-0.02,-0.01,1.46,-0.82,9.68,-0.00,-0.00,0.00
408.63,87.62,-9.89,-0.43,1.93,-0.04,-0.02,-0.01,1.47,-0.83,9.67,-0.00,-0.00,0.00
408.64,87.62,-9.88,-0.44,1.93,-0.04,-0.02,-0.00,1.48,-0.83,9.67,-0.00,-0.00,0.00
408.66,87.63,-9.88,-0.44,1.93,-0.04,-0.02,-0.01,1.48,-0.83,9.67,-0.00,-0.00,0.00
408.68,87.63,-9.88,-0.44,1.94,-0.04,-0.02,-0.01,1.47,-0.83,9.65,-0.00,-0.00,-0.00
408.69,87.63,-9.88,-0.44,1.94,-0.04,-0.02,-0.01,1.48,-0.83,9.66,-0.00,-0.00,-0.00
408.70,87.63,-9.89,-0.44,1.94,-0.04,-0.02,-0.00,1.47,-0.83,9.66,-0.00,-0.00,-0.00
408.72,87.63,-9.90,-0.44,1.94,-0.04,-0.02,-0.00,1.47,-0.83,9.67,-0.00,-0.00,0.00
408.74,87.63,-9.90,-0.43,1.94,-0.04,-0.02,-0.00,1.47,-0.83,9.67,-0.00,-0.00,0.00
408.76,87.63,-9.88,-0.44,1.92,-0.04,-0.02,-0.00,1.47,-0.83,9.67,-0.00,-0.00,0.00
408.77,87.64,-9.88,-0.43,1.93,-0.04,-0.02,-0.00,1.48,-0.84,9.67,-0.00,-0.00,0.00
408.79,87.64,-9.88,-0.43,1.94,-0.04,-0.02,-0.01,1.48,-0.83,9.68,-0.00,-0.00,0.00
408.80,87.63,-9.89,-0.43,1.93,-0.04,-0.02,-0.01,1.47,-0.83,9.67,-0.00,-0.00,-0.00
408.82,87.63,-9.89,-0.44,1.93,-0.04,-0.02,-0.01,1.46,-0.84,9.66,-0.00,-0.00,0.00
408.83,87.63,-9.89,-0.45,1.94,-0.04,-0.02,-0.00,1.46,-0.84,9.67,-0.00,-0.00,0.00
408.84,87.62,-9.90,-0.45,1.93,-0.04,-0.02,-0.00,1.46,-0.85,9.67,-0.00,-0.00,0.00
408.86,87.62,-9.90,-0.45,1.93,-0.04,-0.02,-0.00,1.47,-0.85,9.67,-0.00,-0.00,0.00
408.87,87.61,-9.90,-0.44,1.94,-0.04,-0.02,0.00,1.47,-0.85,9.66,0.00,-0.00,0.00
408.88,87.61,-9.89,-0.43,1.94,-0.04,-0.02,0.00,1.47,-0.85,9.66,0.00,-0.00,0.00
408.89,87.62,-9.89,-0.43,1.93,-0.04,-0.02,0.00,1.48,-0.83,9.66,0.00,-0.00,0.00
408.91,87.62,-9.89,-0.42,1.94,-0.04,-0.02,0.00,1.48,-0.83,9.67,0.00,-0.00,0.00
408.92,87.62,-9.89,-0.42,1.94,-0.04,-0.02,0.00,1.48,-0.83,9.67,0.00,-0.00,0.00
408.93,87.62,-9.89,-0.42,1.94,-0.04,-0.02,0.00,1.47,-0.82,9.67,0.00,-0.00,0.00
408.94,87.62,-9.90,-0.42,1.94,-0.04,-0.02,0.00,1.47,-0.81,9.67,-0.00,-0.00,0.00
408.96,87.62,-9.89,-0.40,1.95,-0.04,-0.02,-0.00,1.47,-0.81,9.68,-0.00,-0.00,0.00
408.97,87.61,-9.89,-0.41,1.94,-0.04,-0.02,-0.00,1.48,-0.80,9.68,-0.00,-0.00,0.00
408.98,87.62,-9.89,-0.42,1.93,-0.04,-0.02,-0.00,1.47,-0.80,9.68,-0.00,-0.00,0.00
409.00,87.62,-9.89,-0.42,1.92,-0.04,-0.02,-0.00,1.47,-0.81,9.68,-0.00,-0.00,0.00
409.01,87.63,-9.88,-0.43,1.92,-0.04,-0.02,-0.01,1.48,-0.83,9.67,-0.00,-0.00,0.00
409.03,87.63,-9.89,-0.42,1.93,-0.04,-0.02,-0.01,1.48,-0.83,9.67,-0.00,-0.00,0.00
409.04,87.64,-9.88,-0.43,1.93,-0.04,-0.02,-0.01,1.48,-0.83,9.68,-0.00,-0.00,0.00
409.05,87.64,-9.89,-0.44,1.93,-0.04,-0.02,-0.01,1.48,-0.84,9.68,-0.00,-0.00,0.00
409.06,87.64,-9.89,-0.44,1.93,-0.04,-0.02,-0.01,1.48,-0.84,9.67,-0.00,-0.00,0.00
409.08,87.65,-9.89,-0.44,1.94,-0.04,-0.02,-0.01,1.48,-0.85,9.67,-0.00,-0.00,0.00
409.10,87.64,-9.88,-0.44,1.95,-0.04,-0.02,-0.00,1.47,-0.86,9.68,-0.00,-0.00,0.00
409.11,87.64,-9.89,-0.44,1.93,-0.04,-0.02,-0.00,1.47,-0.86,9.68,-0.00,-0.00,0.00
409.13,87.64,-9.89,-0.43,1.93,-0.04,-0.02,-0.00,1.46,-0.86,9.69,-0.00,-0.00,0.00
409.14,87.63,-9.88,-0.44,1.93,-0.04,-0.02,0.00,1.46,-0.84,9.68,-0.00,-0.00,0.00
409.15,87.63,-9.88,-0.43,1.93,-0.04,-0.02,0.00,1.47,-0.84,9.68,-0.00,-0.00,0.00
409.17,87.63,-9.88,-0.44,1.93,-0.04,-0.02,0.00,1.47,-0.85,9.67,-0.00,-0.00,0.00
409.18,87.63,-9.88,-0.44,1.93,-0.04,-0.02,0.00,1.47,-0.84,9.67,0.00,-0.00,0.00
409.21,87.63,-9.89,-0.44,1.92,-0.04,-0.02,0.00,1.48,-0.83,9.68,0.00,-0.00,0.00
409.22,87.64,-9.89,-0.43,1.93,-0.04,-0.02,0.00,1.48,-0.83,9.67,0.00,-0.00,0.00
409.23,87.64,-9.88,-0.43,1.94,-0.04,-0.02,0.00,1.46,-0.82,9.68,0.00,-0.00,0.00
409.25,87.63,-9.87,-0.43,1.94,-0.04,-0.02,0.00,1.47,-0.83,9.67,0.00,-0.00,0.00
409.26,87.62,-9.87,-0.42,1.94,-0.04,-0.02,0.00,1.46,-0.82,9.67,0.00,-0.00,0.00
409.27,87.62,-9.88,-0.43,1.94,-0.04,-0.02,0.00,1.47,-0.83,9.67,0.00,-0.00,0.00
409.29,87.61,-9.88,-0.42,1.94,-0.04,-0.02,0.00,1.47,-0.82,9.67,0.00,-0.00,0.00
409.30,87.61,-9.88,-0.42,1.95,-0.04,-0.02,0.00,1.47,-0.82,9.67,0.00,-0.00,0.01
409.31,87.61,-9.87,-0.42,1.95,-0.04,-0.02,0.00,1.48,-0.83,9.68,0.00,-0.00,0.00
409.32,87.61,-9.88,-0.42,1.93,-0.04,-0.02,0.00,1.48,-0.83,9.68,0.00,-0.00,0.00
409.34,87.61,-9.89,-0.42,1.94,-0.04,-0.02,0.00,1.48,-0.82,9.68,0.00,-0.00,0.00
409.35,87.61,-9.89,-0.43,1.94,-0.04,-0.02,-0.00,1.48,-0.82,9.67,0.00,-0.00,0.00
409.37,87.61,-9.89,-0.43,1.94,-0.04,-0.02,-0.00,1.47,-0.81,9.69,0.00,-0.00,0.00
409.39,87.61,-9.88,-0.42,1.93,-0.04,-0.02,0.00,1.47,-0.82,9.68,0.00,-0.00,0.00
409.40,87.61,-9.88,-0.43,1.93,-0.04,-0.02,-0.00,1.46,-0.82,9.67,0.00,-0.00,0.00
409.41,87.60,-9.88,-0.42,1.93,-0.04,-0.02,0.00,1.46,-0.82,9.67,0.00,-0.00,0.00
409.43,87.60,-9.88,-0.42,1.94,-0.04,-0.02,0.00,1.46,-0.81,9.67,0.00,-0.00,0.00
409.44,87.60,-9.89,-0.42,1.92,-0.04,-0.02,-0.00,1.47,-0.81,9.67,0.00,-0.00,0.00
409.45,87.60,-9.89,-0.42,1.94,-0.04,-0.02,0.00,1.47,-0.82,9.67,-0.00,-0.00,0.00
409.46,87.60,-9.90,-0.42,1.94,-0.04,-0.02,-0.00,1.47,-0.82,9.67,-0.00,-0.00,0.00
409.47,87.60,-9.89,-0.42,1.95,-0.04,-0.02,-0.00,1.47,-0.82,9.67,-0.00,-0.00,0.00
409.48,87.59,-9.90,-0.42,1.94,-0.04,-0.02,-0.00,1.46,-0.83,9.67,-0.00,-0.00,0.00
409.50,87.60,-9.90,-0.43,1.93,-0.04,-0.02,-0.00,1.47,-0.83,9.67,-0.00,-0.00,0.00
409.51,87.60,-9.89,-0.43,1.93,-0.04,-0.02,-0.00,1.47,-0.83,9.67,-0.00,-0.00,0.00
409.52,87.60,-9.89,-0.43,1.93,-0.04,-0.02,-0.00,1.48,-0.84,9.67,-0.00,-0.00,0.00
409.54,87.61,-9.88,-0.43,1.93,-0.04,-0.02,0.00,1.47,-0.84,9.66,-0.00,-0.00,0.00
409.55,87.61,-9.89,-0.43,1.94,-0.04,-0.02,0.00,1.47,-0.83,9.67,-0.00,-0.00,0.00
409.56,87.61,-9.89,-0.43,1.94,-0.04,-0.02,0.00,1.46,-0.82,9.67,0.00,-0.00,0.00
409.57,87.61,-9.88,-0.42,1.94,-0.04,-0.02,0.00,1.46,-0.82,9.67,0.00,-0.00,0.00
409.59,87.60,-9.89,-0.42,1.95,-0.04,-0.02,0.00,1.47,-0.81,9.67,0.00,-0.00,0.00
409.60,87.60,-9.88,-0.41,1.95,-0.04,-0.02,-0.00,1.47,-0.81,9.67,0.00,-0.00,0.00
409.61,87.59,-9.89,-0.41,1.95,-0.04,-0.02,-0.00,1.47,-0.81,9.68,-0.00,-0.00,0.00
409.62,87.59,-9.88,-0.41,1.94,-0.04,-0.02,-0.00,1.46,-0.81,9.69,-0.00,-0.00,0.00
409.63,87.59,-9.88,-0.41,1.94,-0.04,-0.02,-0.00,1.46,-0.81,9.67,-0.00,-0.00,0.00
409.64,87.59,-9.88,-0.41,1.94,-0.04,-0.02,-0.00,1.47,-0.80,9.68,-0.00,-0.00,0.00
409.65,87.59,-9.88,-0.41,1.94,-0.04,-0.02,-0.00,1.48,-0.80,9.67,-0.00,-0.00,0.00
409.67,87.59,-9.88,-0.41,1.94,-0.04,-0.02,-0.01,1.47,-0.81,9.66,-0.00,-0.00,0.00
409.68,87.59,-9.88,-0.40,1.94,-0.04,-0.02,-0.01,1.47,-0.82,9.66,-0.00,-0.00,0.00
409.69,87.59,-9.89,-0.40,1.95,-0.04,-0.02,-0.01,1.47,-0.82,9.67,-0.00,-0.00,0.00
409.70,87.59,-9.88,-0.41,1.94,-0.04,-0.02,-0.01,1.47,-0.81,9.67,-0.00,-0.00,0.00
409.71,87.59,-9.89,-0.42,1.93,-0.04,-0.02,-0.01,1.46,-0.82,9.68,-0.00,-0.00,0.00
409.72,87.59,-9.88,-0.42,1.93,-0.04,-0.02,-0.01,1.46,-0.81,9.68,-0.00,-0.00,-0.00
409.73,87.59,-9.88,-0.42,1.93,-0.04,-0.02,-0.01,1.46,-0.82,9.68,-0.00,-0.00,0.00
409.75,87.59,-9.88,-0.43,1.94,-0.04,-0.02,-0.01,1.46,-0.82,9.68,-0.00,-0.00,0.00
409.77,87.59,-9.90,-0.43,1.93,-0.04,-0.02,-0.01,1.46,-0.84,9.68,-0.00,-0.00,0.00
409.78,87.59,-9.90,-0.43,1.93,-0.04,-0.02,-0.00,1.47,-0.84,9.68,-0.00,-0.00,0.00
409.79,87.60,-9.89,-0.42,1.92,-0.04,-0.02,-0.00,1.48,-0.84,9.69,-0.00,-0.00,0.00
409.81,87.60,-9.88,-0.42,1.91,-0.04,-0.02,-0.00,1.47,-0.84,9.68,-0.00,-0.00,0.00
409.83,87.61,-9.89,-0.43,1.92,-0.04,-0.02,-0.00,1.48,-0.83,9.67,-0.00,-0.00,0.00
409.85,87.62,-9.89,-0.43,1.93,-0.04,-0.02,0.00,1.48,-0.83,9.67,0.00,-0.00,0.00
409.86,87.62,-9.91,-0.43,1.94,-0.04,-0.02,0.00,1.49,-0.83,9.67,0.00,-0.00,0.00
409.87,87.63,-9.91,-0.44,1.96,-0.04,-0.02,0.00,1.50,-0.83,9.69,0.00,-0.00,0.00
409.88,87.62,-9.92,-0.45,1.98,-0.04,-0.02,0.01,1.50,-0.83,9.70,0.00,-0.00,0.01
409.91,87.60,-9.91,-0.46,1.97,-0.04,-0.01,0.01,1.45,-0.82,9.71,0.01,-0.00,0.02
409.92,87.58,-9.93,-0.48,1.98,-0.03,-0.01,0.01,1.43,-0.83,9.69,0.01,-0.00,0.04
409.93,87.56,-9.94,-0.51,1.99,-0.03,-0.00,0.01,1.41,-0.84,9.70,0.02,-0.00,0.07
409.95,87.50,-10.06,-0.66,2.04,-0.03,0.02,-0.00,1.42,-0.86,9.78,0.03,0.01,0.14
409.98,87.48,-10.10,-0.68,2.07,-0.03,0.03,-0.00,1.41,-0.93,9.81,0.04,0.01,0.19
409.99,87.45,-10.08,-0.71,2.13,-0.02,0.04,-0.01,1.43,-0.99,9.85,0.05,0.01,0.27
410.00,87.41,-9.98,-0.74,2.18,-0.01,0.05,-0.01,1.47,-1.03,9.82,0.08,0.01,0.35
410.01,87.37,-9.89,-0.74,2.20,-0.01,0.05,0.01,1.47,-1.08,9.74,0.10,0.00,0.42
410.02,87.33,-9.81,-0.70,2.20,-0.01,0.04,0.06,1.52,-1.09,9.68,0.13,-0.01,0.49
410.04,87.36,-9.78,-0.66,2.16,-0.02,0.03,0.09,1.68,-1.06,9.73,0.16,-0.01,0.56
410.05,87.40,-9.74,-0.66,2.12,-0.04,0.03,0.08,1.78,-1.05,9.85,0.20,-0.02,0.62
410.06,87.52,-9.73,-0.64,2.17,-0.04,0.05,-0.00,1.84,-1.05,10.04,0.25,-0.07,0.63
410.08,87.85,-9.82,-0.50,2.08,-0.03,0.07,-0.06,1.99,-1.06,10.05,0.32,-0.14,0.58
410.10,88.06,-9.86,-0.48,1.99,-0.03,0.07,-0.07,2.02,-0.98,9.98,0.35,-0.16,0.52
410.11,88.35,-9.93,-0.50,1.88,-0.05,0.07,-0.05,1.93,-0.86,9.88,0.37,-0.18,0.46
410.12,88.61,-9.97,-0.53,1.82,-0.06,0.07,-0.03,1.76,-0.80,9.81,0.38,-0.19,0.40
410.13,88.83,-10.01,-0.54,1.72,-0.07,0.07,0.02,1.62,-0.77,9.75,0.41,-0.21,0.35
410.14,89.22,-10.01,-0.50,1.57,-0.09,0.06,0.09,1.31,-0.69,9.65,0.44,-0.23,0.34
410.17,89.34,-9.98,-0.49,1.52,-0.10,0.05,0.10,1.15,-0.65,9.59,0.46,-0.25,0.37
410.18,89.52,-9.96,-0.43,1.37,-0.10,0.02,0.13,1.03,-0.66,9.57,0.47,-0.28,0.41
410.19,89.73,-9.98,-0.35,1.17,-0.11,-0.00,0.19,0.91,-0.61,9.50,0.48,-0.33,0.49
410.20,89.88,-9.99,-0.30,1.08,-0.12,-0.02,0.26,0.84,-0.54,9.39,0.47,-0.40,0.56
410.21,90.12,-9.93,-0.23,1.02,-0.14,-0.04,0.32,0.87,-0.46,9.27,0.46,-0.47,0.64
410.23,90.42,-9.81,-0.20,1.01,-0.16,-0.08,0.35,1.06,-0.41,9.19,0.45,-0.53,0.69
410.24,90.78,-9.78,-0.15,1.05,-0.18,-0.10,0.38,1.33,-0.32,9.04,0.43,-0.59,0.74
410.25,91.27,-9.76,-0.03,1.18,-0.20,-0.15,0.41,1.60,-0.24,8.87,0.38,-0.66,0.74
410.26,91.76,-9.72,0.03,1.31,-0.20,-0.18,0.44,1.82,-0.17,8.71,0.32,-0.71,0.71
410.27,92.40,-9.61,0.15,1.54,-0.20,-0.23,0.47,2.09,-0.09,8.57,0.24,-0.75,0.66
410.29,92.71,-9.51,0.31,1.69,-0.21,-0.26,0.48,2.22,-0.03,8.49,0.18,-0.76,0.60
410.30,93.14,-9.39,0.40,1.84,-0.22,-0.29,0.48,2.34,0.01,8.45,0.12,-0.75,0.56
410.31,93.51,-9.30,0.48,2.01,-0.22,-0.31,0.48,2.42,0.04,8.45,0.04,-0.73,0.50
410.32,93.79,-9.29,0.56,2.16,-0.23,-0.32,0.48,2.51,0.06,8.50,-0.02,-0.67,0.44
410.34,94.00,-9.30,0.62,2.29,-0.23,-0.32,0.48,2.57,0.07,8.56,-0.06,-0.64,0.42
410.35,94.00,-9.30,0.67,2.36,-0.24,-0.32,0.46,2.59,0.08,8.68,-0.10,-0.56,0.37
410.36,94.21,-9.25,0.70,2.38,-0.24,-0.30,0.38,2.61,0.11,8.92,-0.15,-0.41,0.27
410.37,94.15,-9.26,0.69,2.40,-0.24,-0.28,0.32,2.64,0.10,9.15,-0.15,-0.29,0.20
410.38,93.92,-9.38,0.67,2.41,-0.25,-0.24,0.22,2.62,0.13,9.32,-0.15,-0.16,0.14
410.40,93.72,-9.54,0.64,2.38,-0.25,-0.22,0.16,2.62,0.08,9.41,-0.14,-0.07,0.11
410.41,93.55,-9.68,0.63,2.33,-0.24,-0.20,0.12,2.70,-0.06,9.51,-0.13,0.03,0.10
410.42,93.35,-9.90,0.62,2.19,-0.24,-0.19,0.07,2.74,-0.31,9.65,-0.13,0.09,0.10
410.43,93.18,-10.21,0.55,1.99,-0.24,-0.20,0.01,2.70,-0.50,9.99,-0.16,0.10,0.08
410.44,92.97,-10.50,0.36,1.90,-0.25,-0.20,-0.04,2.50,-0.59,10.76,-0.21,0.05,0.01
410.46,92.65,-10.98,-0.02,1.99,-0.26,-0.17,-0.05,2.19,-0.57,11.55,-0.18,-0.02,-0.03
410.48,92.28,-11.08,-0.12,2.18,-0.23,-0.13,0.09,1.95,-0.44,10.96,-0.05,-0.12,0.05
410.50,92.12,-10.68,0.10,2.13,-0.19,-0.14,0.17,1.96,-0.39,10.16,0.03,-0.14,0.14
410.51,92.03,-9.99,0.39,1.96,-0.16,-0.18,0.23,2.14,-0.37,9.40,0.07,-0.14,0.23
410.57,92.03,-9.88,0.44,1.93,-0.16,-0.19,0.23,2.20,-0.36,9.25,0.08,-0.14,0.25
410.58,92.11,-9.51,0.58,1.92,-0.16,-0.22,0.22,2.57,-0.41,8.76,0.08,-0.13,0.28
410.58,92.10,-9.44,0.60,1.94,-0.16,-0.22,0.21,2.57,-0.41,8.76,0.08,-0.13,0.28
410.60,92.10,-9.44,0.60,1.94,-0.16,-0.22,0.21,2.57,-0.41,8.76,0.08,-0.13,0.27
410.64,92.19,-9.44,0.60,1.94,-0.16,-0.22,0.21,2.72,-0.43,8.70,0.08,-0.12,0.27
410.64,92.19,-9.44,0.60,1.94,-0.16,-0.22,0.21,2.72,-0.43,8.70,0.08,-0.12,0.27
410.64,92.19,-9.44,0.60,1.94,-0.16,-0.22,0.21,2.72,-0.43,8.70,0.08,-0.12,0.27
410.64,92.19,-9.44,0.60,1.94,-0.16,-0.22,0.21,2.72,-0.43,8.70,0.08,-0.12,0.27
410.64,92.19,-9.44,0.60,1.94,-0.16,-0.22,0.21,2.72,-0.43,8.70,0.08,-0.12,0.27
410.64,92.19,-9.44,0.60,1.94,-0.16,-0.22,0.21,2.72,-0.43,8.70,0.08,-0.12,0.27
410.64,92.50,-9.30,0.62,2.18,-0.18,-0.25,0.13,3.03,-0.54,9.07,0.01,-0.11,0.09
410.74,92.60,-9.30,0.62,2.18,-0.18,-0.25,0.13,3.01,-0.57,9.25,-0.01,-0.10,0.03
410.78,92.51,-9.41,0.59,2.32,-0.18,-0.25,0.10,3.00,-0.58,9.43,-0.01,-0.10,-0.04
410.79,92.40,-9.70,0.50,2.56,-0.19,-0.25,0.07,2.95,-0.60,9.64,-0.01,-0.10,-0.10
410.81,92.34,-9.83,0.42,2.74,-0.19,-0.23,0.08,2.91,-0.60,9.79,-0.00,-0.09,-0.15
410.86,92.23,-9.89,0.36,2.86,-0.19,-0.22,0.08,2.91,-0.59,9.80,0.00,-0.09,-0.16
410.90,92.06,-9.97,0.32,2.98,-0.16,-0.18,0.08,2.87,-0.53,9.74,0.01,-0.08,-0.16
410.91,91.87,-9.96,0.40,2.91,-0.12,-0.16,0.07,2.79,-0.35,9.41,-0.01,-0.08,-0.14
410.92,90.93,-9.79,0.70,2.54,-0.04,-0.16,-0.19,2.74,-0.18,9.36,-0.09,-0.04,-0.05
410.94,90.10,-9.78,0.61,1.91,-0.09,-0.33,-0.43,1.96,-0.20,9.09,-0.10,-0.11,0.22
410.96,89.13,-9.88,-0.41,3.27,-0.25,-0.86,-0.64,3.04,-0.91,9.19,-0.09,-0.28,0.15
410.97,87.99,-9.49,-0.66,3.63,-0.25,-0.88,-0.62,3.18,-0.94,9.34,-0.09,-0.29,0.13
411.00,87.68,-9.51,-0.72,3.68,-0.24,-0.87,-0.62,3.20,-0.91,9.25,-0.09,-0.30,0.14
411.01,87.29,-9.60,-0.83,3.72,-0.22,-0.86,-0.61,3.32,-0.93,9.13,-0.08,-0.31,0.17
411.02,86.91,-9.75,-0.98,3.67,-0.19,-0.81,-0.55,3.48,-1.05,9.20,-0.07,-0.30,0.21
411.03,86.83,-9.82,-1.14,3.82,-0.17,-0.80,-0.48,3.57,-1.20,9.34,-0.06,-0.31,0.21
411.05,86.58,-9.82,-1.27,4.21,-0.16,-0.83,-0.43,3.65,-1.33,9.43,-0.04,-0.32,0.21
411.06,86.27,-9.74,-1.41,4.68,-0.16,-0.90,-0.36,3.76,-1.39,9.42,-0.02,-0.32,0.19
411.07,85.32,-9.71,-1.43,5.19,-0.18,-1.02,-0.26,4.04,-1.44,9.37,0.00,-0.29,0.15
411.09,84.61,-9.73,-1.43,5.44,-0.19,-1.14,-0.14,4.12,-1.39,9.34,0.02,-0.25,0.13
411.10,83.70,-9.69,-1.41,5.51,-0.20,-1.25,-0.01,4.18,-1.33,9.38,0.05,-0.22,0.13
411.11,82.98,-9.56,-1.38,5.50,-0.20,-1.30,0.06,4.16,-1.29,9.37,0.05,-0.21,0.14
411.13,82.81,-9.50,-1.38,5.49,-0.20,-1.33,0.10,4.13,-1.28,9.36,0.06,-0.21,0.14
411.15,82.21,-9.31,-1.39,5.48,-0.20,-1.38,0.15,4.07,-1.27,9.33,0.06,-0.19,0.16
411.16,80.99,-8.89,-1.39,5.49,-0.21,-1.42,0.21,3.93,-1.30,9.27,0.08,-0.17,0.20
411.17,79.74,-8.69,-1.44,5.69,-0.22,-1.46,0.24,3.88,-1.35,9.22,0.08,-0.12,0.30
411.19,77.37,-8.60,-1.32,6.14,-0.26,-1.55,0.31,4.05,-1.37,9.24,0.10,-0.03,0.39
411.21,76.44,-8.52,-1.18,6.33,-0.29,-1.59,0.36,4.21,-1.30,9.29,0.11,-0.00,0.39
411.22,74.95,-8.30,-1.10,6.54,-0.31,-1.62,0.41,4.28,-1.12,9.32,0.12,0.02,0.37
411.23,73.10,-7.91,-0.91,6.89,-0.33,-1.63,0.49,4.34,-0.95,9.33,0.13,0.04,0.33
411.25,71.75,-7.65,-0.77,7.15,-0.34,-1.62,0.54,4.37,-0.77,9.27,0.14,0.11,0.27
411.28,68.39,-7.14,-0.56,7.35,-0.41,-1.61,0.68,4.17,-0.61,9.14,0.14,0.13,0.27
411.29,66.95,-6.88,-0.44,7.41,-0.44,-1.60,0.74,4.13,-0.52,9.12,0.13,0.17,0.29
411.30,64.88,-6.47,-0.22,7.55,-0.49,-1.60,0.74,4.15,-0.47,9.11,0.13,0.21,0.33
411.32,63.40,-6.29,-0.18,7.64,-0.51,-1.60,0.72,4.18,-0.34,9.18,0.12,0.24,0.31
411.33,61.85,-6.18,-0.04,7.47,-0.52,-1.62,0.70,3.84,-0.09,9.15,0.07,0.24,0.23
411.34,60.53,-5.98,0.09,7.29,-0.53,-1.64,0.70,3.52,-0.05,9.03,0.03,0.24,0.18
411.35,59.33,-5.72,0.07,7.25,-0.55,-1.64,0.70,3.45,-0.09,8.95,0.01,0.25,0.19
411.37,58.04,-5.40,0.02,7.37,-0.56,-1.62,0.72,3.37,-0.15,8.89,0.00,0.26,0.20
411.38,56.35,-5.06,-0.00,7.56,-0.58,-1.57,0.72,3.28,-0.20,8.84,-0.01,0.30,0.23
411.39,54.52,-4.77,-0.18,7.81,-0.59,-1.50,0.69,3.21,-0.32,8.93,-0.02,0.33,0.27
411.41,53.18,-4.70,-0.24,8.08,-0.60,-1.46,0.67,3.16,-0.38,9.04,-0.03,0.33,0.29
411.42,51.08,-4.61,-0.28,8.36,-0.58,-1.40,0.54,3.02,-0.36,9.28,-0.03,0.31,0.26
411.44,49.96,-4.51,-0.29,8.39,-0.57,-1.37,0.47,2.96,-0.37,9.35,-0.05,0.30,0.19
411.45,48.71,-4.34,-0.47,8.35,-0.55,-1.31,0.40,2.92,-0.45,9.33,-0.07,0.31,0.12
411.46,47.41,-4.10,-0.64,8.29,-0.53,-1.24,0.35,2.81,-0.61,9.31,-0.07,0.30,0.07
411.47,46.38,-3.95,-0.86,8.23,-0.50,-1.17,0.25,2.70,-0.81,9.10,-0.07,0.29,0.05
411.48,44.97,-3.79,-1.17,8.27,-0.47,-1.11,0.18,2.72,-1.16,9.02,-0.07,0.28,0.05
411.50,43.59,-3.76,-1.36,8.47,-0.45,-1.06,0.08,2.81,-1.47,9.22,-0.03,0.28,0.07
411.51,42.52,-4.03,-1.63,8.69,-0.43,-1.03,0.01,2.76,-1.67,9.39,-0.02,0.28,0.06
411.52,41.29,-4.51,-1.89,8.82,-0.45,-1.02,-0.01,2.61,-1.92,9.67,-0.01,0.24,0.07
411.54,39.82,-4.80,-2.00,8.75,-0.52,-1.03,0.09,2.38,-1.85,9.52,0.02,0.22,0.11
411.56,38.84,-4.46,-1.99,8.65,-0.56,-1.03,0.19,2.21,-1.69,9.30,0.04,0.22,0.18
411.58,38.06,-4.02,-1.86,8.65,-0.59,-1.01,0.25,2.22,-1.48,9.24,0.04,0.21,0.23
411.61,36.42,-3.37,-1.60,8.74,-0.58,-0.97,0.20,2.23,-0.99,9.20,0.05,0.20,0.26
411.62,35.51,-3.08,-1.41,8.78,-0.55,-0.95,0.13,2.20,-0.67,9.14,0.05,0.19,0.27
411.63,33.93,-2.74,-1.24,8.85,-0.45,-0.89,-0.02,2.37,-0.37,9.07,0.03,0.16,0.21
411.65,32.74,-2.95,-1.33,8.96,-0.35,-0.86,-0.15,2.29,-0.38,9.15,0.01,0.14,0.12
411.68,32.13,-3.19,-1.37,8.98,-0.29,-0.85,-0.19,2.18,-0.49,9.24,0.00,0.12,0.06
411.69,31.02,-3.61,-1.66,8.95,-0.23,-0.82,-0.12,1.90,-0.85,9.40,-0.00,0.07,-0.05
411.71,30.32,-3.67,-1.86,8.94,-0.23,-0.78,0.00,1.77,-1.16,9.47,0.00,0.06,-0.06
411.73,29.81,-3.53,-1.97,8.97,-0.24,-0.76,0.06,1.80,-1.21,9.47,0.01,0.04,-0.08
411.74,29.33,-3.41,-2.02,9.02,-0.24,-0.75,0.06,1.68,-1.25,9.51,0.02,0.03,-0.10
411.75,28.79,-3.19,-2.11,9.15,-0.24,-0.75,0.05,1.67,-1.33,9.63,0.03,0.02,-0.07
411.76,28.18,-2.85,-2.17,9.40,-0.23,-0.75,0.01,2.22,-1.33,9.73,0.04,0.01,-0.00
411.78,27.91,-2.51,-2.11,9.56,-0.22,-0.79,-0.07,2.74,-1.17,9.67,0.05,0.02,-0.02
411.80,27.02,-1.78,-2.02,9.89,-0.17,-0.88,-0.36,3.36,-0.87,9.63,0.05,0.01,-0.13
411.82,26.31,-1.39,-1.88,9.98,-0.08,-0.97,-0.60,3.71,-0.69,9.58,0.06,0.03,-0.22
411.83,25.56,-1.40,-1.74,9.90,0.02,-1.06,-0.80,3.41,-0.47,9.55,0.07,0.05,-0.41
411.85,24.74,-1.85,-1.63,9.73,0.08,-1.13,-0.83,2.88,-0.51,9.58,0.09,0.06,-0.51
411.86,23.64,-2.80,-1.67,9.34,0.12,-1.19,-0.60,1.78,-0.71,9.56,0.10,0.07,-0.54
411.88,23.04,-3.19,-1.73,9.13,0.11,-1.22,-0.46,1.11,-0.92,9.52,0.11,0.06,-0.51
411.89,22.50,-3.54,-1.90,8.91,0.09,-1.24,-0.30,0.55,-1.04,9.47,0.11,0.04,-0.46
411.91,21.71,-3.71,-2.02,8.85,0.07,-1.24,-0.21,-0.29,-1.22,9.50,0.10,-0.02,-0.36
411.92,20.78,-3.82,-2.11,8.96,0.08,-1.23,-0.22,-1.07,-1.39,9.70,0.10,-0.11,-0.24
411.93,19.53,-3.97,-2.20,9.18,0.12,-1.20,-0.31,-1.69,-1.52,10.16,0.11,-0.25,-0.09
411.94,18.94,-4.21,-2.21,9.40,0.19,-1.16,-0.45,-1.67,-1.35,10.37,0.12,-0.39,0.01
411.95,18.38,-4.46,-2.11,9.52,0.26,-1.13,-0.56,-1.37,-1.02,10.39,0.12,-0.60,0.01
411.97,18.24,-4.48,-1.85,9.30,0.33,-1.06,-0.53,-0.41,-0.60,10.20,0.09,-0.81,-0.27
412.00,18.26,-4.22,-1.79,9.08,0.27,-1.02,-0.44,-1.26,-0.77,10.11,0.09,-0.94,-0.41
412.01,18.09,-4.20,-1.62,9.78,0.14,-0.89,-0.46,-1.86,-0.46,10.79,0.09,-1.26,-0.45
412.04,18.27,-4.60,-1.39,10.93,0.12,-0.70,-0.60,-2.03,0.59,11.55,0.06,-1.39,-0.50
412.05,18.45,-4.68,-1.24,10.97,0.16,-0.58,-0.64,-2.19,0.91,11.57,0.06,-1.46,-0.56
412.08,19.39,-5.08,-0.77,10.21,0.18,-0.17,-0.67,-3.05,1.17,11.33,0.04,-1.75,-0.55
412.10,20.15,-5.51,-0.71,9.80,0.12,0.13,-0.57,-3.51,1.12,11.39,0.03,-1.95,-0.48
412.11,21.96,-5.79,-0.61,9.48,-0.01,0.44,-0.32,-3.56,0.83,11.72,0.04,-2.17,-0.24
412.12,24.18,-5.29,-0.61,9.87,-0.10,0.78,0.04,-2.99,0.33,12.20,0.07,-2.33,0.07
412.14,25.47,-4.84,-0.61,10.26,-0.10,0.93,0.20,-2.29,0.11,12.50,0.06,-2.46,0.48
412.15,28.10,-3.74,-0.75,10.83,-0.11,1.20,0.44,-0.61,-0.15,12.60,0.01,-2.50,0.72
412.16,30.51,-2.86,-1.21,11.12,-0.14,1.39,0.50,1.29,-0.22,12.20,-0.04,-2.44,1.00
412.18,32.23,-2.19,-1.53,11.45,-0.13,1.49,0.46,2.60,-0.24,11.50,-0.05,-2.33,1.17
412.19,34.40,-1.61,-1.63,11.81,-0.08,1.55,0.40,4.15,-0.19,10.85,-0.07,-2.23,1.25
412.20,37.27,-1.05,-1.28,12.13,0.02,1.62,0.33,5.94,0.02,9.69,-0.17,-1.99,1.25
412.22,40.22,-0.55,-0.80,12.33,0.12,1.68,0.23,7.38,-0.27,8.90,-0.24,-1.59,1.22
412.23,42.95,-0.26,-0.45,12.39,0.17,1.74,0.16,7.93,-0.78,8.48,-0.24,-1.31,1.17
412.25,44.45,-0.08,-0.37,12.39,0.19,1.76,0.14,8.04,-0.66,8.22,-0.25,-1.04,1.07
412.26,46.62,0.06,-0.55,12.34,0.17,1.77,0.19,8.44,-0.75,8.16,-0.21,-0.76,0.98
412.27,48.11,0.11,-0.83,12.23,0.13,1.79,0.26,8.72,-0.69,7.89,-0.14,-0.47,0.84
412.28,50.38,0.03,-0.94,11.76,0.12,1.86,0.21,8.72,-0.57,6.82,-0.01,0.15,0.61
412.31,51.65,0.08,-0.87,11.19,0.16,1.90,0.12,8.51,-0.64,6.17,0.10,0.66,0.42
412.32,52.38,0.08,-0.62,10.68,0.19,1.93,0.06,8.21,-0.70,5.83,0.19,1.07,0.25
412.33,52.84,-0.05,-0.44,10.20,0.22,1.93,0.06,7.78,-0.84,5.63,0.26,1.46,0.14
412.34,53.04,-0.29,-0.38,9.68,0.24,1.93,0.10,7.56,-1.16,5.74,0.36,1.96,-0.06
412.36,53.04,-0.56,-0.50,9.38,0.23,1.94,0.18,7.50,-1.24,5.77,0.40,2.25,-0.19
412.37,52.91,-0.81,-0.64,9.23,0.21,1.94,0.26,7.38,-1.33,5.76,0.42,2.46,-0.31
412.39,52.27,-0.96,-0.96,9.04,0.16,1.87,0.37,7.01,-1.66,5.81,0.56,2.92,-0.29
412.40,51.32,-0.82,-1.14,8.97,0.16,1.78,0.37,6.71,-1.81,5.82,0.71,3.23,-0.21
412.42,50.25,-0.61,-1.24,8.81,0.15,1.63,0.31,6.70,-1.90,5.91,0.83,3.45,-0.10
412.44,48.27,-0.45,-1.28,8.61,0.11,1.41,0.22,7.01,-2.09,6.13,1.00,3.72,-0.11
412.45,46.07,-0.25,-1.40,8.40,0.06,1.20,0.11,7.43,-2.13,6.37,1.14,3.93,-0.26
412.46,44.20,-0.12,-1.53,8.19,0.03,1.01,-0.03,7.50,-2.06,6.35,1.20,4.08,-0.52
412.48,41.91,-0.04,-1.73,7.86,0.03,0.84,-0.32,7.31,-2.00,6.34,1.28,4.24,-0.82
412.50,38.39,-0.54,-1.86,7.28,0.03,0.62,-0.87,6.49,-1.87,6.77,1.31,4.35,-0.98
412.51,36.08,-1.92,-1.46,7.06,0.05,0.41,-0.94,5.70,-1.44,7.09,1.26,4.39,-1.28
412.53,33.86,-4.21,-0.73,7.20,0.08,0.15,-0.64,4.04,0.09,7.20,1.05,4.36,-1.52
412.55,32.13,-6.42,0.40,7.68,0.08,-0.00,-0.20,2.30,1.29,7.30,0.79,4.25,-1.64
412.56,30.24,-8.23,1.54,8.18,0.07,-0.09,0.18,0.53,1.83,7.46,0.55,3.92,-1.54
412.58,27.92,-9.51,1.56,8.31,0.03,-0.15,0.43,-1.12,1.57,7.93,0.28,3.20,-1.39
412.60,25.01,-8.19,-0.32,7.75,-0.13,-0.33,0.44,-3.25,-1.01,8.85,-0.06,1.68,-1.30
412.62,23.67,-6.86,-1.06,7.58,-0.27,-0.37,0.23,-4.14,-1.70,8.97,-0.15,1.13,-1.12
412.63,22.33,-5.99,-1.60,7.48,-0.39,-0.38,-0.03,-4.65,-2.13,8.93,-0.20,0.44,-0.58
412.65,21.10,-5.56,-2.08,7.42,-0.42,-0.44,-0.24,-3.89,-2.48,8.62,-0.19,-0.10,-0.01
412.66,20.87,-5.15,-1.85,7.79,-0.45,-0.56,-0.28,-1.76,-2.16,8.71,-0.22,-0.66,0.47
412.68,22.05,-3.33,-1.28,10.24,-0.55,-0.86,-0.07,2.62,1.14,10.25,-0.51,-0.55,0.06
412.69,21.30,-1.43,-0.01,11.68,-0.36,-1.04,0.12,1.81,2.46,11.71,-0.53,-0.20,-0.23
412.71,20.48,-2.23,1.31,11.72,-0.25,-1.04,0.07,-0.20,3.11,12.04,-0.48,-0.04,-0.27
412.72,19.25,-4.75,1.97,12.11,-0.23,-1.00,0.06,-3.15,2.99,12.25,-0.40,-0.22,-0.08
412.73,18.23,-8.26,1.05,12.46,-0.29,-0.88,0.30,-4.71,0.88,13.20,-0.38,-0.65,0.44
412.75,18.32,-9.30,-0.27,11.98,-0.35,-0.81,0.56,-4.30,0.54,13.44,-0.35,-0.93,0.93
412.76,18.72,-7.74,-1.58,11.08,-0.35,-0.77,0.89,-3.12,0.41,12.82,-0.33,-1.12,1.63
412.78,18.75,-1.64,-1.84,8.65,-0.37,-0.90,1.33,-0.67,-1.20,10.10,-0.25,-1.05,1.82
412.79,18.03,0.04,-1.63,7.94,-0.45,-1.01,1.18,0.65,-1.39,8.74,-0.26,-0.97,1.75
412.81,17.91,0.35,-1.66,7.78,-0.49,-1.04,0.94,1.78,-1.57,7.91,-0.37,-0.88,1.38
412.81,17.10,-0.30,-2.25,8.93,-0.55,-0.96,0.24,2.31,-1.57,9.14,-0.62,-0.74,0.28
412.84,17.22,-0.84,-2.56,10.11,-0.48,-0.90,-0.19,1.69,-1.36,10.20,-0.61,-0.73,-0.21
412.85,16.73,-1.28,-2.54,10.65,-0.34,-0.87,-0.54,1.01,-1.20,10.91,-0.56,-0.77,-0.50
412.86,16.39,-1.72,-2.35,10.50,-0.22,-0.85,-0.76,0.10,-1.13,11.11,-0.51,-0.79,-0.59
412.87,16.01,-2.17,-2.26,10.09,-0.16,-0.84,-0.82,-0.45,-1.24,10.80,-0.43,-0.80,-0.51
412.88,15.75,-2.54,-2.28,9.56,-0.13,-0.84,-0.73,-0.46,-1.40,10.14,-0.35,-0.80,-0.38
412.89,15.72,-2.70,-2.45,9.21,-0.16,-0.84,-0.55,0.08,-1.63,9.71,-0.31,-0.80,-0.36
412.91,15.87,-2.58,-2.73,9.21,-0.22,-0.83,-0.40,0.52,-1.78,9.73,-0.30,-0.75,-0.50
412.93,15.36,-1.76,-2.64,9.64,-0.23,-0.76,-0.55,-0.49,-1.42,10.07,-0.27,-0.72,-0.67
412.95,14.81,-2.04,-2.28,9.51,-0.18,-0.73,-0.70,-0.77,-1.05,9.85,-0.25,-0.72,-0.67
412.97,14.54,-2.30,-2.14,9.40,-0.14,-0.71,-0.75,-0.84,-0.93,9.75,-0.23,-0.73,-0.65
412.98,14.28,-2.83,-2.02,9.18,-0.11,-0.69,-0.74,-0.81,-1.02,9.71,-0.21,-0.76,-0.61
413.00,14.28,-2.86,-2.06,9.10,-0.11,-0.68,-0.69,-0.72,-1.09,9.71,-0.20,-0.77,-0.58
413.01,14.31,-2.70,-2.11,9.06,-0.13,-0.67,-0.64,-0.53,-1.15,9.66,-0.20,-0.76,-0.56
413.02,14.32,-2.38,-2.16,9.08,-0.14,-0.66,-0.59,-0.27,-1.11,9.56,-0.20,-0.76,-0.53
413.04,14.34,-2.09,-2.17,9.12,-0.14,-0.67,-0.56,0.02,-1.06,9.47,-0.19,-0.76,-0.45
413.06,14.33,-1.82,-2.17,9.17,-0.12,-0.68,-0.54,0.30,-1.10,9.41,-0.19,-0.76,-0.40
413.07,14.25,-1.74,-2.16,9.24,-0.12,-0.70,-0.52,0.44,-1.14,9.48,-0.19,-0.75,-0.36
413.09,14.32,-1.77,-2.06,9.50,-0.11,-0.73,-0.50,0.77,-0.96,9.72,-0.19,-0.75,-0.36
413.11,14.45,-1.78,-1.99,9.56,-0.11,-0.74,-0.48,0.80,-0.85,9.78,-0.19,-0.75,-0.36
413.12,14.48,-1.81,-1.89,9.57,-0.11,-0.75,-0.44,0.68,-0.78,9.76,-0.18,-0.76,-0.34
413.14,14.44,-1.95,-1.92,9.52,-0.10,-0.76,-0.38,0.52,-0.84,9.76,-0.16,-0.77,-0.31
413.15,14.47,-2.10,-2.02,9.50,-0.11,-0.77,-0.32,0.43,-0.95,9.79,-0.15,-0.78,-0.29
413.17,14.52,-2.23,-2.18,9.48,-0.11,-0.77,-0.23,0.38,-1.08,9.82,-0.15,-0.80,-0.27
413.18,14.55,-2.31,-2.24,9.45,-0.12,-0.77,-0.20,0.34,-1.14,9.84,-0.15,-0.81,-0.26
413.20,14.76,-2.31,-2.22,9.46,-0.13,-0.75,-0.19,0.19,-1.27,9.87,-0.14,-0.85,-0.28
413.22,14.80,-2.22,-2.06,9.51,-0.13,-0.75,-0.23,0.15,-1.25,9.88,-0.14,-0.88,-0.28
413.24,14.84,-2.18,-1.92,9.53,-0.12,-0.76,-0.29,0.19,-1.19,9.87,-0.14,-0.91,-0.30
413.26,15.03,-2.17,-1.78,9.54,-0.11,-0.78,-0.37,0.32,-0.99,9.88,-0.14,-0.96,-0.33
413.28,15.26,-2.23,-1.79,9.59,-0.09,-0.80,-0.44,0.25,-0.80,9.88,-0.14,-1.03,-0.33
413.30,15.50,-2.24,-1.91,9.43,-0.08,-0.78,-0.47,0.20,-0.73,9.92,-0.14,-1.09,-0.33
413.31,15.71,-2.27,-2.07,9.31,-0.07,-0.76,-0.50,-0.03,-0.82,9.86,-0.13,-1.16,-0.32
413.32,15.95,-2.30,-2.22,9.38,-0.06,-0.72,-0.54,-0.17,-1.07,9.76,-0.11,-1.23,-0.26
413.34,16.20,-2.26,-2.25,9.50,-0.05,-0.70,-0.55,0.14,-1.15,9.80,-0.10,-1.30,-0.23
413.35,16.79,-2.13,-2.31,9.66,-0.02,-0.65,-0.58,0.59,-1.02,9.93,-0.07,-1.42,-0.26
413.36,17.48,-2.10,-2.41,9.70,-0.00,-0.62,-0.60,0.69,-1.26,10.12,-0.05,-1.52,-0.31
413.38,18.22,-2.69,-2.61,9.93,0.01,-0.57,-0.69,0.26,-1.42,10.43,-0.00,-1.58,-0.31
413.39,18.73,-3.30,-2.62,10.13,0.00,-0.53,-0.71,-0.30,-0.99,10.81,0.02,-1.71,-0.20
413.41,20.31,-5.17,-2.15,10.10,0.03,-0.39,-0.60,-1.28,-0.06,11.24,0.05,-1.77,-0.13
413.42,22.26,-6.64,-1.70,9.45,0.02,-0.23,-0.35,-2.47,0.50,11.29,0.09,-2.07,0.08
413.45,23.92,-7.61,-1.13,9.22,-0.02,0.02,-0.02,-4.77,1.67,11.73,0.12,-2.21,0.15
413.46,25.27,-7.75,-0.68,9.20,0.02,0.24,0.19,-5.44,2.06,12.04,0.10,-2.37,0.27
413.47,26.45,-7.51,-0.43,9.20,0.09,0.51,0.34,-5.42,2.05,12.50,0.07,-2.52,0.45
413.49,28.55,-6.90,-0.54,9.19,0.22,0.85,0.52,-4.56,1.17,12.73,0.04,-2.63,0.62
413.50,30.34,-5.78,-0.87,9.37,0.28,1.09,0.71,-2.89,-0.26,12.61,0.02,-2.64,0.85
413.51,32.61,-4.47,-1.58,9.76,0.29,1.40,1.02,-1.23,-1.16,12.40,-0.02,-2.59,1.07
413.52,34.25,-3.59,-1.97,10.15,0.26,1.56,1.21,0.56,-1.28,12.10,-0.07,-2.48,1.26
413.54,36.01,-2.29,-2.52,11.03,0.24,1.80,1.34,2.31,-0.88,11.79,-0.15,-2.35,1.34
413.55,38.12,-1.46,-2.90,12.23,0.25,2.02,1.20,5.39,-1.02,11.40,-0.23,-2.13,1.44
413.56,43.51,-0.30,-3.81,14.14,0.32,2.26,0.31,8.78,-3.65,10.29,-0.15,-1.81,1.46
413.58,45.91,0.04,-4.08,14.57,0.39,2.22,-0.07,9.44,-4.25,9.74,-0.06,-1.57,1.37
413.59,48.13,0.43,-4.13,14.63,0.53,2.06,-0.46,9.91,-4.42,9.22,0.04,-1.31,1.11
413.61,50.47,0.68,-3.36,14.00,0.57,1.90,-0.50,10.03,-5.00,8.06,0.21,-0.98,1.00
413.62,52.22,0.68,-2.85,13.48,0.52,1.83,-0.42,10.22,-5.35,7.07,0.38,-0.71,0.92
413.63,54.50,0.39,-2.21,12.60,0.37,1.75,-0.17,10.31,-5.43,6.15,0.66,-0.19,0.75
413.65,56.39,-0.21,-1.96,11.94,0.16,1.68,0.06,9.90,-3.50,5.37,0.86,0.36,0.54
413.67,57.20,-0.53,-2.04,11.45,-0.01,1.67,0.20,9.48,-2.99,4.90,0.84,0.71,0.32
413.68,58.19,-0.83,-1.94,10.95,-0.15,1.70,0.40,9.06,-3.17,4.63,0.92,1.00,0.30
413.69,58.97,-1.03,-1.81,10.55,-0.23,1.73,0.61,8.54,-3.07,4.30,1.07,1.40,0.35
413.70,59.68,-1.11,-1.72,10.00,-0.31,1.72,1.01,8.21,-2.90,3.96,1.27,1.90,0.45
413.72,59.94,-0.80,-1.54,9.53,-0.31,1.63,1.47,7.90,-2.51,3.71,1.44,2.65,0.44
413.74,59.30,-0.03,-1.33,9.18,-0.27,1.47,1.77,8.23,-2.13,3.76,1.52,2.84,0.29
413.76,58.22,0.60,-1.21,9.11,-0.21,1.35,1.80,8.81,-1.74,3.52,1.47,3.22,-0.03
413.77,56.84,1.24,-1.11,9.09,-0.11,1.20,1.72,8.98,-1.57,3.28,1.45,3.49,-0.26
413.78,55.33,1.72,-1.00,8.95,-0.02,1.08,1.56,8.74,-1.40,3.19,1.45,3.83,-0.45
413.80,53.38,2.12,-0.80,8.68,0.07,0.94,1.35,8.37,-1.35,3.49,1.44,4.02,-0.56
413.81,50.34,2.33,-0.55,8.31,0.13,0.76,1.05,8.14,-1.47,4.17,1.43,4.25,-0.71
413.82,48.31,2.33,-0.49,8.09,0.15,0.66,0.85,8.14,-1.48,4.52,1.42,4.33,-0.79
413.83,44.83,2.23,-0.64,7.78,0.19,0.51,0.37,8.23,-1.30,4.76,1.36,4.43,-0.97
413.84,42.75,2.18,-0.81,7.64,0.22,0.42,-0.02,8.26,-1.32,4.76,1.30,4.50,-1.13
413.86,37.51,1.86,-1.21,7.40,0.30,0.23,-1.08,7.19,-2.00,5.39,1.07,4.65,-1.85
413.88,33.36,0.83,-1.22,7.21,0.35,0.09,-1.60,5.62,-2.13,6.12,0.83,4.66,-2.26
413.89,30.53,-0.19,-1.01,7.16,0.36,0.06,-1.65,3.98,-1.61,6.66,0.58,4.67,-2.59
413.93,25.71,-4.68,-0.36,7.74,0.19,0.08,-1.63,0.49,-0.90,7.99,0.24,4.57,-2.59
413.94,22.23,-9.68,-1.27,9.31,-0.02,0.04,-1.51,-2.64,-0.74,9.29,0.04,3.78,-2.12
414.01,19.32,-10.98,-1.48,8.63,-0.08,-0.02,-1.35,-3.27,-0.97,9.56,0.01,2.01,-1.72
414.04,16.45,-8.89,-2.63,8.31,-0.42,-0.20,-0.40,-5.00,-1.56,9.16,-0.27,0.20,-0.87
414.07,16.07,-4.45,-2.54,9.24,-0.38,-0.54,0.24,-2.01,-1.66,9.44,-0.35,-0.30,-0.38
414.08,13.76,-2.79,0.60,10.63,-0.07,-1.00,0.24,-2.74,1.29,11.59,-0.42,-0.23,0.23
414.11,12.70,-8.78,0.52,11.73,-0.25,-0.82,0.41,-6.04,1.85,11.82,-0.24,-0.58,1.13
414.13,13.13,-8.48,-0.76,11.73,-0.24,-0.57,1.22,-4.04,1.32,12.68,-0.28,-0.86,1.23
414.14,13.55,-5.31,-1.50,10.46,-0.32,-0.57,1.32,-3.81,0.12,12.48,-0.34,-1.12,1.40
414.16,13.22,-1.08,-2.06,9.12,-0.44,-0.75,1.37,-1.40,-0.68,11.26,-0.38,-1.27,1.79
414.17,12.70,1.09,-2.06,8.40,-0.46,-0.89,1.11,1.38,-1.08,9.81,-0.38,-1.24,1.79
414.18,12.50,1.25,-2.22,8.59,-0.47,-0.93,0.77,2.79,-1.44,8.66,-0.42,-1.16,1.46
414.19,12.69,0.82,-2.34,9.48,-0.43,-0.93,0.28,3.10,-1.50,8.45,-0.56,-1.05,0.91
414.21,12.73,-0.02,-2.29,10.39,-0.31,-0.90,-0.33,2.84,-1.62,9.50,-0.66,-0.92,0.12
414.22,13.68,-0.93,-2.19,10.16,-0.23,-0.89,-0.62,1.16,-1.40,10.55,-0.61,-0.87,-0.22
414.24,13.89,-1.80,-2.29,9.68,-0.21,-0.89,-0.70,-0.10,-1.63,10.19,-0.51,-0.87,-0.25
414.25,13.76,-2.77,-2.66,9.20,-0.23,-0.87,-0.64,-0.49,-2.01,9.84,-0.46,-0.87,-0.20
414.26,13.89,-3.24,-3.04,8.93,-0.27,-0.85,-0.50,-0.52,-2.28,9.73,-0.42,-0.85,-0.22
414.28,14.06,-3.32,-3.20,8.86,-0.30,-0.84,-0.42,-0.71,-2.34,9.70,-0.40,-0.83,-0.28
414.29,14.05,-3.14,-3.15,8.83,-0.32,-0.82,-0.38,-1.13,-2.23,9.72,-0.39,-0.81,-0.30
414.30,13.57,-2.41,-2.50,9.08,-0.29,-0.76,-0.44,-1.18,-1.58,9.58,-0.35,-0.80,-0.22
414.33,13.36,-2.29,-2.31,9.16,-0.27,-0.73,-0.49,-0.83,-1.31,9.53,-0.33,-0.81,-0.22
414.35,13.09,-2.13,-2.10,9.16,-0.23,-0.68,-0.56,-0.39,-1.26,9.58,-0.32,-0.81,-0.25
414.37,13.11,-2.07,-2.15,9.15,-0.23,-0.67,-0.59,-0.30,-1.47,9.57,-0.29,-0.81,-0.25
414.38,13.05,-1.96,-2.21,9.22,-0.24,-0.67,-0.62,-0.00,-1.53,9.62,-0.27,-0.80,-0.21
414.40,13.24,-1.70,-2.26,9.42,-0.22,-0.66,-0.62,0.72,-1.27,9.65,-0.23,-0.78,-0.19
414.42,13.40,-1.45,-2.22,9.59,-0.19,-0.66,-0.60,1.04,-1.16,9.66,-0.22,-0.77,-0.24
414.43,13.54,-1.33,-2.23,9.59,-0.16,-0.66,-0.58,1.11,-1.29,9.68,-0.21,-0.77,-0.27
414.44,13.61,-1.32,-2.23,9.56,-0.15,-0.67,-0.57,1.07,-1.35,9.70,-0.20,-0.76,-0.28
414.46,13.66,-1.42,-2.23,9.53,-0.15,-0.68,-0.55,1.00,-1.41,9.75,-0.19,-0.74,-0.25
414.48,13.82,-1.79,-2.14,9.62,-0.17,-0.70,-0.44,0.95,-1.27,9.92,-0.13,-0.73,-0.23
414.49,13.94,-1.77,-2.07,9.72,-0.17,-0.70,-0.39,0.99,-1.05,9.88,-0.13,-0.74,-0.25
414.50,14.17,-1.65,-2.04,9.75,-0.15,-0.69,-0.39,0.79,-1.05,9.91,-0.14,-0.77,-0.33
414.52,14.22,-1.58,-2.17,9.72,-0.13,-0.69,-0.41,0.62,-1.26,9.86,-0.16,-0.78,-0.36
414.53,14.15,-1.70,-2.32,9.61,-0.12,-0.69,-0.48,0.42,-1.51,9.90,-0.19,-0.79,-0.41
414.55,14.15,-1.91,-2.38,9.56,-0.13,-0.69,-0.54,0.38,-1.52,9.86,-0.20,-0.80,-0.46
414.56,14.22,-2.14,-2.35,9.52,-0.13,-0.68,-0.59,0.16,-1.39,9.83,-0.23,-0.82,-0.52
414.58,14.33,-2.36,-2.21,9.60,-0.12,-0.66,-0.64,-0.02,-1.28,9.89,-0.27,-0.86,-0.53
414.60,14.45,-2.50,-2.14,9.73,-0.12,-0.64,-0.66,-0.01,-1.13,10.08,-0.29,-0.90,-0.55
414.61,14.73,-2.56,-2.11,9.66,-0.11,-0.61,-0.68,-0.08,-1.10,10.04,-0.28,-0.96,-0.58
414.63,14.90,-2.55,-2.17,9.55,-0.11,-0.60,-0.68,-0.04,-1.29,10.00,-0.27,-1.02,-0.56
414.64,15.46,-2.33,-2.28,9.51,-0.12,-0.59,-0.68,0.53,-1.28,10.01,-0.24,-1.07,-0.53
414.66,15.93,-1.82,-2.21,9.89,-0.10,-0.59,-0.71,1.13,-0.98,10.08,-0.23,-1.14,-0.56
414.68,16.47,-1.53,-2.12,10.09,-0.06,-0.59,-0.76,1.33,-0.82,10.18,-0.23,-1.21,-0.62
414.69,16.78,-1.44,-2.16,10.11,-0.03,-0.58,-0.83,1.03,-0.98,10.23,-0.22,-1.25,-0.61
414.70,17.24,-1.89,-2.50,9.86,-0.02,-0.57,-0.92,0.53,-1.48,10.29,-0.21,-1.32,-0.50
414.72,17.92,-2.70,-2.72,9.87,-0.05,-0.55,-0.91,0.68,-1.50,10.62,-0.19,-1.41,-0.43
414.74,18.84,-3.42,-2.53,10.07,-0.07,-0.48,-0.86,0.90,-0.89,10.72,-0.16,-1.47,-0.49
414.75,19.93,-3.74,-1.78,10.13,-0.02,-0.40,-0.88,1.30,0.59,10.55,-0.15,-1.56,-0.68
414.76,21.30,-3.75,-0.66,10.20,0.11,-0.29,-0.98,1.87,2.54,10.22,-0.18,-1.71,-1.10
414.77,23.41,-3.78,0.59,10.24,0.33,-0.11,-1.21,2.55,4.49,10.04,-0.26,-1.87,-1.57
414.79,25.57,-3.95,1.10,10.08,0.53,0.06,-1.30,0.92,3.55,10.70,-0.27,-2.06,-2.09
414.80,26.59,-3.77,0.61,9.89,0.62,0.21,-1.19,-1.85,2.15,11.29,-0.19,-2.16,-2.10
414.81,27.03,-3.71,-0.11,9.64,0.66,0.37,-1.08,-4.27,1.29,11.77,-0.09,-2.21,-1.86
414.82,26.92,-3.81,-0.61,9.49,0.69,0.52,-1.02,-5.57,0.61,11.97,-0.03,-2.27,-1.29
414.83,27.48,-4.21,-1.06,9.19,0.72,0.74,-0.85,-5.60,0.08,12.07,-0.01,-2.28,-0.54
414.85,28.06,-4.53,-1.44,8.99,0.69,0.95,-0.57,-3.86,-0.71,11.96,0.02,-2.25,0.24
414.86,29.48,-4.58,-2.08,9.14,0.63,1.17,-0.25,-2.03,-1.20,11.79,0.05,-2.15,1.05
414.87,32.12,-4.24,-2.96,9.72,0.56,1.38,0.22,1.88,-1.76,11.09,0.06,-2.07,1.50
414.89,36.19,-2.90,-3.80,10.89,0.52,1.48,0.72,4.67,-2.49,10.28,0.08,-1.99,1.66
414.90,38.62,-1.73,-3.93,11.46,0.50,1.46,0.84,5.95,-3.24,9.56,0.12,-1.95,1.65
414.92,40.85,-0.83,-3.95,11.77,0.48,1.43,0.85,7.00,-4.05,8.82,0.21,-1.87,1.62
414.93,42.47,0.19,-3.90,11.96,0.46,1.39,0.79,7.70,-4.50,8.19,0.30,-1.71,1.55
414.94,44.41,0.90,-3.72,11.96,0.45,1.33,0.70,8.35,-4.66,7.54,0.41,-1.57,1.47
414.95,45.73,1.21,-3.52,11.88,0.44,1.28,0.64,8.70,-4.87,7.20,0.50,-1.37,1.30
414.97,47.84,1.44,-3.14,11.71,0.43,1.20,0.61,9.13,-5.36,6.63,0.70,-1.19,1.18
414.99,50.12,1.61,-2.30,11.19,0.31,1.07,0.69,9.18,-5.00,5.14,1.03,-0.79,0.90
415.00,52.54,1.42,-2.16,10.57,0.12,0.97,0.85,8.58,-3.54,4.08,1.10,-0.33,0.52
415.02,53.74,1.29,-2.18,10.34,0.02,0.92,0.92,8.35,-3.71,4.20,1.29,0.08,0.53
415.04,54.29,1.23,-2.19,10.10,-0.06,0.87,0.88,8.00,-3.69,4.29,1.56,0.58,0.56
415.05,54.26,1.18,-2.25,9.93,-0.10,0.83,0.83,7.69,-3.78,4.40,1.74,0.87,0.62
415.07,53.88,1.06,-2.26,9.77,-0.13,0.79,0.85,7.49,-3.79,4.56,1.88,1.12,0.66
415.08,53.36,0.84,-2.16,9.62,-0.19,0.74,0.98,7.28,-3.82,5.04,2.02,1.35,0.65
415.10,52.29,0.35,-2.13,9.51,-0.30,0.71,1.19,7.35,-3.73,5.47,2.16,1.64,0.63
415.11,51.29,-0.23,-2.18,9.46,-0.44,0.68,1.48,7.51,-3.49,5.80,2.33,1.89,0.63
415.12,50.28,-0.60,-2.21,9.46,-0.52,0.65,1.68,7.49,-3.12,6.08,2.47,2.10,0.62
415.13,49.63,-0.84,-2.18,9.50,-0.57,0.61,1.84,7.41,-3.06,6.31,2.54,2.21,0.65
415.14,47.81,-1.25,-2.24,9.54,-0.62,0.53,2.17,6.42,-2.79,6.93,2.60,2.38,0.74
415.17,46.47,-1.51,-2.41,9.41,-0.63,0.46,2.36,5.75,-2.74,7.53,2.56,2.42,0.90
415.18,43.70,-2.23,-2.69,8.95,-0.65,0.34,2.69,4.24,-2.61,8.38,2.50,2.44,1.16
415.20,40.98,-2.66,-2.70,8.87,-0.67,0.28,2.92,3.03,-2.45,8.95,2.48,2.43,1.69
415.21,39.55,-2.88,-2.63,9.00,-0.69,0.23,3.10,2.60,-2.27,9.17,2.46,2.41,1.99
415.22,36.32,-3.33,-2.13,9.40,-0.68,0.20,3.30,2.32,-1.66,9.66,2.40,2.34,3.07
415.25,32.81,-3.93,-1.25,9.62,-0.67,0.17,3.53,3.16,-0.43,9.84,2.29,2.09,3.38
415.28,32.38,-4.04,-1.11,9.68,-0.67,0.17,3.56,3.43,-0.15,9.69,2.23,2.03,3.34
415.33,31.56,-4.02,-0.41,9.98,-0.56,0.20,3.59,4.08,0.84,9.00,1.94,1.81,3.07
415.34,31.02,-3.74,-0.14,9.93,-0.50,0.21,3.54,4.00,1.17,8.73,1.70,1.75,2.77
415.35,30.50,-3.28,0.21,9.84,-0.41,0.25,3.41,3.77,0.85,9.08,1.50,1.67,2.42
415.36,29.49,-2.73,0.48,9.60,-0.30,0.30,3.21,3.32,0.48,9.44,1.21,1.48,1.87
415.38,29.16,-2.46,0.08,9.32,-0.30,0.33,2.76,3.06,0.07,9.44,1.08,1.39,1.60
415.39,28.74,-2.41,-0.38,9.22,-0.30,0.34,2.50,2.81,-0.01,9.41,1.02,1.34,1.50
415.41,27.50,-2.36,-0.87,9.30,-0.23,0.33,1.93,1.53,-0.26,9.38,0.78,1.23,1.34
415.42,26.61,-2.41,-0.73,9.32,-0.18,0.33,1.73,1.10,-0.73,9.61,0.79,1.11,1.51
415.43,25.76,-3.32,-1.07,8.80,-0.26,0.26,1.55,1.34,-1.22,9.50,0.74,0.92,1.81
415.45,25.76,-4.16,-1.65,8.65,-0.41,0.11,1.77,1.73,-1.38,9.33,0.73,0.78,2.11
415.47,25.82,-4.20,-1.78,8.67,-0.49,0.04,1.97,1.78,-1.51,9.21,0.74,0.69,2.37
415.48,26.18,-4.00,-1.77,8.73,-0.69,-0.11,2.28,1.79,-1.51,9.15,0.73,0.68,2.43
415.48,26.10,-3.61,-1.66,8.85,-0.86,-0.21,2.69,1.91,-1.42,8.99,0.70,0.60,2.73
415.52,26.05,-3.41,-1.45,8.95,-0.95,-0.23,2.81,2.01,-1.38,8.96,0.67,0.58,2.80
415.53,25.95,-3.19,-1.27,9.05,-1.09,-0.27,3.02,2.30,-1.23,8.92,0.61,0.55,2.90
415.54,25.88,-2.80,-1.23,9.18,-1.19,-0.28,3.17,2.78,-1.17,8.91,0.49,0.54,2.89
415.55,25.77,-2.27,-1.22,9.25,-1.28,-0.28,3.25,2.95,-1.20,8.91,0.38,0.54,2.79
415.57,25.38,-1.39,-1.40,9.23,-1.38,-0.25,3.15,3.08,-1.34,8.93,0.21,0.53,2.60
415.58,24.87,-0.91,-1.56,9.21,-1.40,-0.23,3.00,3.07,-1.39,8.94,0.18,0.53,2.56
415.59,24.81,-0.76,-1.63,9.20,-1.40,-0.23,2.94,3.01,-1.52,8.98,0.12,0.53,2.48
415.61,24.13,-0.33,-1.91,9.21,-1.40,-0.20,2.62,2.77,-1.78,9.10,-0.01,0.51,2.25
415.63,22.28,-1.79,-2.34,9.12,-1.44,-0.18,1.77,1.35,-2.03,9.71,-0.26,0.43,2.29
415.65,21.97,-4.23,-1.53,10.02,-1.55,-0.23,1.76,1.14,-1.07,10.71,-0.31,0.25,2.63
415.67,22.29,-4.95,-0.98,10.44,-1.60,-0.28,1.95,1.53,-0.37,11.03,-0.29,0.18,2.84
415.68,22.66,-4.79,-0.31,10.83,-1.68,-0.36,2.30,2.04,0.30,11.09,-0.24,0.15,3.04
415.69,23.35,-2.88,0.66,10.92,-1.72,-0.44,3.04,3.71,1.86,10.20,-0.01,0.19,3.44
415.71,23.99,-0.86,1.21,10.66,-1.57,-0.40,3.11,5.16,2.88,9.27,0.11,0.24,3.31
415.73,23.96,-0.10,1.78,10.59,-1.38,-0.35,2.74,5.73,3.56,8.96,0.12,0.29,3.00
415.75,24.39,0.02,2.35,10.76,-1.18,-0.28,2.24,5.90,4.46,8.85,0.09,0.36,2.51
415.76,24.62,0.11,2.35,11.11,-0.94,-0.20,1.69,5.88,4.68,9.07,0.04,0.37,1.69
415.76,24.74,0.31,1.95,11.27,-0.77,-0.13,1.28,5.70,4.36,9.14,-0.01,0.32,1.25
415.78,25.12,0.06,0.73,10.91,-0.44,-0.04,0.38,4.28,2.97,9.54,-0.16,0.28,0.27
415.80,25.01,-0.69,-0.02,10.53,-0.31,-0.00,-0.04,3.08,1.64,9.79,-0.24,0.28,-0.10
415.81,24.49,-3.49,-1.87,9.25,-0.16,-0.01,-0.60,0.64,-0.13,9.93,-0.34,0.30,-0.24
415.83,24.69,-4.81,-2.05,8.82,-0.24,-0.07,-0.44,0.13,-0.39,9.81,-0.37,0.29,-0.08
415.84,25.00,-5.30,-1.94,8.87,-0.36,-0.14,-0.06,0.18,-0.17,9.78,-0.37,0.28,0.08
415.85,25.18,-5.11,-1.70,9.08,-0.45,-0.20,0.26,0.22,0.16,9.83,-0.36,0.27,0.22
415.86,25.12,-4.55,-1.37,9.14,-0.51,-0.25,0.57,0.54,0.56,9.82,-0.34,0.26,0.41
415.88,24.99,-3.70,-1.16,9.16,-0.53,-0.30,0.81,0.93,0.71,9.73,-0.34,0.22,0.37
415.90,24.55,-3.46,-1.34,9.21,-0.48,-0.33,0.78,0.49,0.30,9.76,-0.33,0.18,0.32
415.93,24.13,-3.46,-1.55,9.08,-0.45,-0.35,0.72,0.38,0.09,9.77,-0.32,0.16,0.36
415.94,23.97,-3.55,-1.67,9.09,-0.44,-0.38,0.70,0.58,0.01,9.82,-0.31,0.15,0.39
415.95,23.81,-3.54,-1.69,9.16,-0.44,-0.40,0.73,0.80,-0.08,9.83,-0.30,0.14,0.42
415.96,23.71,-3.45,-1.67,9.24,-0.45,-0.43,0.79,0.90,-0.16,9.74,-0.30,0.14,0.43
415.97,23.55,-3.26,-1.71,9.31,-0.46,-0.45,0.86,0.89,-0.25,9.71,-0.29,0.14,0.44
415.98,23.22,-3.02,-1.77,9.38,-0.48,-0.47,0.94,0.83,-0.35,9.75,-0.27,0.13,0.47
416.00,22.73,-2.78,-1.81,9.41,-0.50,-0.47,1.01,0.94,-0.40,9.78,-0.26,0.13,0.50
416.02,22.19,-2.57,-1.91,9.38,-0.50,-0.49,1.03,1.09,-0.28,9.72,-0.27,0.13,0.49
416.03,21.89,-2.63,-1.85,9.36,-0.49,-0.51,1.02,1.06,-0.15,9.70,-0.27,0.14,0.47
416.04,21.68,-2.76,-1.77,9.38,-0.48,-0.53,1.03,0.90,-0.05,9.73,-0.28,0.14,0.45
416.06,20.98,-2.97,-1.63,9.54,-0.46,-0.56,1.14,0.25,-0.06,9.94,-0.28,0.10,0.47
416.08,20.17,-2.93,-1.54,9.57,-0.46,-0.52,1.22,0.28,-0.31,9.94,-0.25,0.06,0.52
416.11,19.71,-2.57,-1.76,9.46,-0.46,-0.49,1.22,0.50,-0.48,9.83,-0.24,0.04,0.53
416.12,19.32,-2.28,-1.91,9.30,-0.44,-0.48,1.16,0.49,-0.55,9.80,-0.21,0.03,0.55
416.13,18.79,-2.40,-1.89,9.39,-0.42,-0.49,1.09,0.28,-0.43,9.93,-0.17,0.02,0.58
416.15,18.54,-2.67,-1.70,9.61,-0.39,-0.50,1.09,0.34,-0.34,10.00,-0.15,-0.03,0.65
416.17,18.25,-2.38,-1.70,9.82,-0.39,-0.50,1.20,0.99,-0.45,10.06,-0.09,-0.04,0.64
416.19,18.14,-2.12,-1.81,9.82,-0.39,-0.50,1.22,1.15,-0.51,10.01,-0.07,-0.05,0.62
416.20,17.87,-1.68,-1.88,9.82,-0.37,-0.51,1.19,1.30,-0.47,9.96,-0.03,-0.06,0.62
416.22,17.20,-1.47,-1.80,9.84,-0.30,-0.55,1.12,1.21,-0.43,9.92,0.03,-0.07,0.68
416.25,16.88,-1.47,-1.83,9.87,-0.29,-0.55,1.14,1.12,-0.50,9.93,0.05,-0.07,0.72
416.25,16.65,-1.52,-1.74,9.88,-0.28,-0.56,1.14,1.14,-0.39,9.91,0.07,-0.08,0.77
416.27,16.47,-1.52,-1.71,9.87,-0.26,-0.56,1.16,1.31,-0.62,9.93,0.08,-0.09,0.78
416.28,16.20,-1.36,-1.83,9.77,-0.26,-0.55,1.14,1.18,-0.57,9.89,0.09,-0.08,0.76
416.29,15.77,-1.40,-1.85,9.73,-0.25,-0.54,1.06,1.01,-0.59,9.86,0.11,-0.11,0.72
416.32,15.29,-1.66,-2.05,9.57,-0.21,-0.48,0.95,0.36,-0.75,9.75,0.13,-0.12,0.71
416.33,14.94,-2.03,-2.04,9.48,-0.19,-0.45,0.91,-0.13,-0.68,9.73,0.14,-0.14,0.73
416.34,14.68,-2.38,-1.97,9.43,-0.19,-0.41,0.91,-0.41,-0.71,9.75,0.16,-0.19,0.78
416.35,14.56,-2.69,-1.88,9.31,-0.19,-0.35,0.94,-0.51,-0.87,9.80,0.18,-0.21,0.80
416.37,14.61,-2.70,-1.93,9.32,-0.23,-0.29,0.98,-0.22,-0.92,9.79,0.22,-0.26,0.81
416.38,14.80,-2.44,-2.03,9.42,-0.25,-0.23,1.01,0.22,-0.88,9.82,0.24,-0.28,0.77
416.39,15.19,-1.68,-2.05,9.76,-0.24,-0.14,0.95,0.85,-0.64,9.89,0.27,-0.31,0.66
416.42,15.37,-1.18,-1.94,9.95,-0.21,-0.11,0.87,1.26,-0.39,9.90,0.28,-0.34,0.60
416.43,15.70,-0.77,-1.81,10.04,-0.15,-0.11,0.78,1.76,-0.13,9.81,0.30,-0.35,0.56
416.44,15.87,-0.60,-1.76,10.07,-0.12,-0.11,0.75,1.94,-0.07,9.79,0.30,-0.35,0.51
416.46,16.07,-0.43,-1.64,10.07,-0.04,-0.13,0.59,1.96,0.05,9.81,0.33,-0.34,0.50
416.48,16.34,-0.58,-1.64,10.00,-0.02,-0.13,0.54,1.80,0.16,9.77,0.35,-0.33,0.54
416.49,16.36,-1.00,-1.61,9.79,0.01,-0.15,0.52,1.67,0.22,9.70,0.35,-0.34,0.59
416.50,16.81,-1.37,-1.33,9.73,0.04,-0.17,0.60,1.18,0.41,9.68,0.39,-0.38,0.81
416.53,17.24,-2.45,-1.20,9.45,-0.01,-0.13,0.92,-0.04,-0.06,9.53,0.45,-0.48,1.29
416.57,17.52,-2.75,-1.34,9.04,-0.04,-0.13,1.08,-0.20,-0.19,9.39,0.46,-0.53,1.50
416.58,17.70,-2.96,-1.45,8.77,-0.08,-0.11,1.25,-0.28,-0.27,9.27,0.48,-0.56,1.64
416.59,18.32,-3.11,-1.57,8.72,-0.13,-0.09,1.46,-0.30,-0.43,9.29,0.51,-0.64,1.89
416.61,18.85,-3.18,-1.64,8.83,-0.16,-0.07,1.59,-0.33,-0.53,9.35,0.52,-0.67,1.96
416.62,19.37,-3.34,-1.92,9.06,-0.20,-0.04,1.76,-0.55,-0.88,9.58,0.53,-0.76,2.16
416.63,19.70,-3.53,-1.99,9.19,-0.21,0.01,1.87,-0.64,-1.13,9.75,0.54,-0.83,2.34
416.64,20.46,-3.79,-1.95,9.20,-0.24,0.06,1.94,-0.68,-1.37,9.94,0.54,-0.87,2.46
416.66,21.11,-3.91,-1.91,9.26,-0.29,0.10,2.01,-0.65,-1.45,10.10,0.54,-0.91,2.61
416.67,21.84,-4.10,-2.05,9.40,-0.35,0.13,2.07,-0.45,-1.43,10.23,0.55,-0.96,2.80
416.68,23.17,-4.39,-2.32,9.33,-0.40,0.13,2.19,-0.19,-1.48,10.24,0.55,-1.02,3.01
416.70,24.60,-4.43,-2.33,9.27,-0.44,0.13,2.36,-0.04,-1.66,10.19,0.53,-1.07,3.26
416.72,25.50,-4.39,-2.35,9.35,-0.48,0.14,2.50,0.11,-1.75,10.21,0.53,-1.08,3.44
416.73,26.83,-4.24,-2.52,9.52,-0.56,0.16,2.75,0.82,-2.14,10.34,0.56,-1.07,3.67
416.75,28.06,-4.05,-2.67,9.70,-0.63,0.18,2.91,1.45,-2.26,10.33,0.59,-1.05,3.81
416.76,29.33,-3.73,-2.86,9.87,-0.70,0.19,3.03,2.30,-2.36,10.27,0.61,-0.98,3.82
416.77,30.16,-3.47,-3.00,9.96,-0.74,0.20,3.11,2.75,-2.36,10.23,0.63,-0.91,3.78
416.78,31.23,-3.06,-3.06,10.14,-0.81,0.24,3.17,3.23,-2.32,10.23,0.65,-0.82,3.65
416.80,32.18,-2.81,-2.96,10.31,-0.83,0.27,3.14,3.54,-2.13,10.25,0.66,-0.72,3.45
416.80,33.00,-2.38,-2.69,10.54,-0.83,0.31,3.02,3.88,-1.81,10.22,0.68,-0.60,3.20
416.82,33.63,-1.68,-2.25,10.75,-0.78,0.38,2.77,4.28,-1.37,10.08,0.69,-0.42,2.83
416.83,34.30,-1.18,-1.87,10.79,-0.69,0.44,2.50,4.64,-0.80,9.78,0.70,-0.25,2.50
416.84,34.70,-0.76,-1.28,10.74,-0.57,0.51,2.10,4.78,-0.25,9.57,0.70,-0.04,2.06
416.86,34.73,-0.65,-0.79,10.69,-0.47,0.56,1.77,4.70,0.08,9.52,0.69,0.08,1.73
416.87,34.86,-0.74,-0.38,10.66,-0.36,0.62,1.44,4.46,0.47,9.57,0.68,0.25,1.50
416.88,34.76,-0.94,-0.12,10.60,-0.28,0.65,1.22,4.26,0.64,9.64,0.67,0.40,1.09
416.90,34.53,-1.58,0.35,10.26,-0.11,0.74,0.74,3.70,0.87,9.72,0.69,0.67,0.92
416.91,34.41,-1.85,0.40,10.15,-0.08,0.76,0.65,3.51,0.92,9.70,0.69,0.81,0.77
416.93,34.20,-2.36,0.41,9.84,0.01,0.82,0.42,3.42,0.97,9.70,0.69,0.98,0.59
416.94,34.10,-2.83,0.31,9.65,0.09,0.90,0.23,3.42,1.03,9.76,0.66,1.17,0.31
416.96,34.24,-2.99,0.22,9.63,0.13,0.94,0.14,3.47,1.01,9.79,0.64,1.23,0.11
416.97,34.14,-3.14,0.13,9.60,0.18,0.99,0.03,3.52,0.97,9.76,0.62,1.32,-0.19
416.99,34.31,-3.47,0.01,9.45,0.28,1.03,-0.17,3.35,0.85,9.55,0.55,1.52,-0.48
417.01,34.32,-3.49,-0.04,9.40,0.31,1.03,-0.23,3.23,0.81,9.59,0.53,1.58,-0.61
417.02,34.61,-3.50,-0.13,9.35,0.35,1.04,-0.29,3.10,0.79,9.60,0.51,1.61,-0.88
417.05,33.69,-3.46,-0.72,9.04,0.42,0.99,-0.55,2.53,-0.18,9.49,0.46,1.71,-1.03
417.08,33.36,-3.37,-1.06,8.80,0.43,0.88,-0.79,3.43,-0.40,8.63,0.40,1.72,-1.06
417.09,33.53,-3.21,-1.42,8.54,0.44,0.78,-0.86,3.72,-0.56,8.20,0.40,1.75,-1.11
417.11,33.54,-2.77,-1.66,8.05,0.43,0.65,-0.90,3.53,-0.73,7.48,0.38,1.81,-1.15
417.12,33.29,-2.39,-1.55,7.53,0.40,0.51,-0.90,2.94,-0.66,7.19,0.31,1.81,-1.17
417.13,32.88,-2.44,-1.16,7.24,0.36,0.38,-0.82,2.55,-0.64,7.22,0.28,1.79,-1.06
417.14,32.06,-3.18,-0.41,7.34,0.29,0.23,-0.51,1.82,-0.72,7.41,0.25,1.67,-0.86
417.16,31.73,-4.03,-0.11,7.52,0.19,0.11,-0.20,1.41,-0.79,7.56,0.25,1.57,-0.57
417.17,31.26,-4.64,-0.30,7.61,0.10,0.02,-0.01,0.93,-0.71,7.83,0.22,1.37,-0.27
417.18,30.86,-5.42,-0.83,7.78,-0.07,-0.18,0.18,0.32,-0.77,8.34,0.14,1.04,-0.02
417.19,30.56,-6.29,-0.91,8.04,-0.18,-0.29,0.24,-0.55,-1.31,9.10,0.02,0.47,0.29
417.21,30.98,-8.08,-2.07,9.19,-0.45,-0.48,0.42,-1.44,-1.19,10.75,-0.21,-0.50,0.42
417.24,31.08,-7.38,-2.30,10.28,-0.54,-0.53,0.53,-1.88,-1.22,11.99,-0.32,-0.68,0.58
417.26,30.99,-6.16,-2.13,9.71,-0.64,-0.50,0.83,-1.68,-1.76,11.89,-0.24,-0.64,0.97
417.27,30.74,-5.16,-2.09,8.88,-0.76,-0.51,0.98,-1.54,-1.65,10.99,-0.20,-0.58,1.26
417.28,30.39,-4.44,-1.99,8.38,-0.87,-0.54,1.10,-0.64,-1.30,9.56,-0.25,-0.54,1.59
417.29,30.48,-4.15,-2.04,8.14,-0.94,-0.58,1.27,0.54,-1.34,8.64,-0.31,-0.54,1.67
417.30,30.98,-3.44,-2.13,8.03,-0.98,-0.61,1.39,2.05,-1.31,8.09,-0.37,-0.52,1.75
417.31,31.35,-1.39,-1.60,8.66,-1.08,-0.77,1.41,3.54,-0.51,8.88,-0.49,-0.44,1.57
417.33,30.64,-0.84,-1.06,9.99,-1.08,-0.85,1.15,3.88,0.15,9.78,-0.56,-0.37,1.34
417.35,29.97,-0.84,-0.65,11.01,-0.96,-0.92,0.74,3.90,1.44,10.63,-0.58,-0.29,0.95
417.37,29.23,-1.09,0.18,11.18,-0.78,-0.98,0.36,3.77,2.44,10.75,-0.57,-0.30,0.77
417.38,28.62,-1.61,0.53,10.89,-0.60,-1.06,0.14,3.50,2.74,10.40,-0.53,-0.37,0.57
417.39,28.10,-1.72,0.15,10.56,-0.43,-1.14,0.09,3.13,1.76,10.07,-0.51,-0.40,0.35
417.41,27.51,-1.39,-0.68,10.27,-0.34,-1.17,0.06,2.65,0.32,10.00,-0.50,-0.39,0.23
417.42,26.59,-1.13,-1.79,9.99,-0.28,-1.18,-0.02,2.31,-0.79,10.05,-0.49,-0.36,0.18
417.43,25.15,-1.46,-3.05,9.56,-0.27,-1.16,-0.22,1.88,-2.29,10.02,-0.46,-0.26,0.07
417.45,23.46,-2.20,-2.87,9.49,-0.27,-1.13,-0.28,1.22,-1.55,9.81,-0.44,-0.16,-0.10
417.49,21.83,-2.49,-2.18,9.54,-0.22,-1.09,-0.23,0.19,-1.04,10.05,-0.39,-0.17,-0.12
417.50,21.07,-2.61,-2.05,9.53,-0.18,-1.06,-0.26,-0.15,-1.03,10.14,-0.37,-0.19,-0.10
417.51,20.11,-2.83,-2.07,9.47,-0.15,-1.02,-0.33,-0.38,-1.21,10.23,-0.33,-0.22,-0.08
417.53,19.28,-3.04,-2.25,9.30,-0.14,-0.98,-0.41,-0.36,-1.52,10.31,-0.25,-0.27,-0.14
417.55,18.53,-3.01,-2.32,9.47,-0.15,-0.92,-0.57,-0.20,-1.15,10.40,-0.09,-0.33,-0.30
417.56,17.96,-2.81,-2.33,9.77,-0.12,-0.86,-0.64,-0.44,-0.81,10.01,-0.09,-0.37,-0.39
417.57,17.39,-2.53,-2.33,9.75,-0.09,-0.81,-0.63,-0.70,-0.99,9.94,-0.12,-0.41,-0.46
417.58,16.89,-2.35,-2.38,9.54,-0.07,-0.76,-0.62,-0.85,-1.07,9.84,-0.14,-0.43,-0.45
417.60,16.34,-2.31,-2.47,9.27,-0.09,-0.71,-0.59,-0.88,-1.39,9.69,-0.18,-0.43,-0.40
417.61,15.60,-2.28,-2.63,9.13,-0.15,-0.66,-0.47,-0.13,-1.59,9.52,-0.22,-0.46,-0.23
417.63,15.45,-2.07,-2.67,9.20,-0.17,-0.65,-0.38,0.16,-1.52,9.47,-0.23,-0.46,-0.19
417.64,15.14,-1.84,-2.36,9.27,-0.17,-0.62,-0.25,0.22,-1.09,9.37,-0.27,-0.48,-0.17
417.66,14.95,-1.88,-2.19,9.22,-0.16,-0.61,-0.20,0.10,-0.98,9.30,-0.28,-0.50,-0.15
417.68,14.82,-1.94,-2.03,9.11,-0.16,-0.58,-0.14,0.08,-1.04,9.27,-0.29,-0.52,-0.10
417.69,14.74,-1.94,-2.02,9.04,-0.18,-0.56,-0.07,0.20,-1.17,9.33,-0.28,-0.53,-0.06
417.70,14.75,-1.82,-2.06,9.09,-0.20,-0.56,-0.01,0.60,-1.32,9.46,-0.28,-0.53,-0.01
417.71,14.93,-1.24,-2.24,9.51,-0.25,-0.57,0.09,1.60,-1.40,9.76,-0.26,-0.53,0.00
417.73,15.03,-0.81,-2.26,9.85,-0.26,-0.60,0.09,2.10,-1.26,9.94,-0.25,-0.52,-0.05
417.74,15.08,-0.48,-2.21,10.15,-0.25,-0.62,0.07,2.33,-1.12,10.09,-0.24,-0.52,-0.14
417.75,14.92,-0.49,-2.08,10.38,-0.20,-0.67,-0.05,1.80,-0.95,10.28,-0.20,-0.55,-0.31
417.79,14.57,-1.34,-1.90,10.19,-0.16,-0.68,-0.20,0.82,-0.80,10.30,-0.17,-0.57,-0.32
417.80,14.45,-2.26,-1.76,10.21,-0.16,-0.68,-0.22,0.31,-0.53,10.42,-0.17,-0.64,-0.31
417.81,14.55,-2.64,-1.74,10.29,-0.16,-0.66,-0.21,0.17,-0.47,10.52,-0.17,-0.69,-0.31
417.82,14.64,-2.80,-1.79,10.31,-0.16,-0.65,-0.18,-0.06,-0.51,10.61,-0.19,-0.75,-0.33
417.84,14.83,-2.86,-1.96,10.16,-0.16,-0.64,-0.17,-0.18,-0.66,10.57,-0.20,-0.89,-0.34
417.86,15.25,-3.02,-2.08,9.94,-0.16,-0.65,-0.19,-0.15,-0.65,10.48,-0.20,-0.95,-0.34
417.87,15.59,-2.97,-2.06,9.93,-0.15,-0.66,-0.19,-0.03,-0.57,10.43,-0.20,-1.02,-0.33
417.88,16.03,-2.64,-1.91,9.96,-0.12,-0.67,-0.20,0.15,-0.47,10.38,-0.19,-1.12,-0.33
417.90,16.39,-2.24,-1.80,9.98,-0.09,-0.68,-0.26,0.17,-0.50,10.23,-0.18,-1.19,-0.33
417.92,16.55,-2.10,-1.79,9.91,-0.07,-0.67,-0.32,0.05,-0.62,10.13,-0.17,-1.24,-0.31
417.93,16.96,-2.34,-2.12,9.39,-0.07,-0.63,-0.36,-0.14,-1.12,9.87,-0.15,-1.34,-0.19
417.95,17.38,-2.71,-2.43,9.16,-0.11,-0.60,-0.30,-0.25,-1.50,9.89,-0.12,-1.39,-0.07
417.96,17.89,-3.21,-2.65,9.19,-0.16,-0.58,-0.21,-0.32,-1.56,9.99,-0.10,-1.45,0.03
417.97,18.55,-3.78,-2.62,9.41,-0.19,-0.53,-0.11,-0.56,-1.15,10.16,-0.08,-1.55,0.13
417.99,19.78,-4.45,-1.98,9.64,-0.20,-0.35,0.11,-0.97,-0.11,10.46,-0.06,-1.68,0.14
418.01,21.20,-4.67,-1.46,9.69,-0.17,-0.18,0.20,-1.19,0.91,10.61,-0.10,-1.78,0.09
418.02,23.26,-5.34,-0.88,9.56,-0.12,0.15,0.18,-2.06,1.62,11.14,-0.11,-2.02,-0.08
418.04,24.77,-5.68,-0.69,9.44,-0.08,0.45,0.28,-3.80,1.79,11.77,-0.10,-2.18,-0.11
418.06,26.76,-5.09,-0.72,9.69,0.09,0.92,0.41,-4.38,1.16,12.27,-0.11,-2.34,0.51
418.08,28.73,-4.21,-0.97,10.08,0.26,1.29,0.47,-2.42,0.13,12.17,-0.18,-2.33,0.90
418.10,31.88,-3.19,-1.76,10.75,0.37,1.63,0.62,1.35,-0.49,11.66,-0.28,-2.15,1.37
418.12,34.93,-2.45,-2.33,11.47,0.41,1.81,0.75,3.72,-0.84,11.23,-0.36,-2.06,1.42
418.13,37.21,-2.00,-2.37,12.00,0.43,1.85,0.66,5.50,-1.41,10.86,-0.41,-2.00,1.39
418.14,39.73,-1.01,-2.48,12.45,0.47,1.86,0.48,7.20,-2.40,10.55,-0.42,-1.75,1.18
418.17,44.33,0.70,-2.82,13.21,0.61,1.91,-0.27,9.44,-3.14,9.27,-0.21,-1.45,0.92
418.18,45.85,0.99,-2.83,13.21,0.66,1.91,-0.52,9.66,-3.07,8.83,-0.17,-1.09,0.49
418.19,48.43,0.80,-2.64,12.91,0.72,1.84,-0.85,9.82,-3.77,8.39,0.02,-0.79,0.13
418.21,50.55,0.21,-2.35,12.54,0.71,1.77,-0.83,9.79,-4.41,8.24,0.43,-0.32,-0.02
418.24,51.80,-0.33,-2.16,12.07,0.65,1.72,-0.76,9.52,-2.93,7.30,0.65,0.02,-0.24
418.25,53.93,-1.04,-2.05,11.32,0.49,1.74,-0.47,8.66,-2.55,5.60,0.70,0.65,-0.56
418.27,55.75,-1.94,-1.67,10.47,0.24,1.84,0.14,8.15,-2.85,5.38,1.01,1.41,-0.44
418.28,56.65,-2.12,-1.84,10.24,0.09,1.85,0.63,8.16,-2.85,5.44,1.23,1.93,-0.38
418.29,57.10,-1.73,-2.10,10.16,0.00,1.81,1.06,8.15,-2.73,5.34,1.34,2.31,-0.42
418.31,56.96,-1.09,-2.12,10.11,-0.03,1.75,1.39,8.13,-2.60,5.28,1.42,2.70,-0.55
418.32,56.57,-0.56,-1.96,10.02,-0.02,1.68,1.57,8.18,-2.46,5.18,1.45,2.99,-0.75
418.33,55.43,0.08,-1.79,9.83,0.02,1.58,1.69,8.16,-2.07,4.66,1.44,3.31,-0.96
418.35,53.61,0.75,-1.64,9.35,0.10,1.41,1.67,7.48,-1.61,4.38,1.40,3.64,-1.03
418.37,52.10,1.20,-1.52,8.93,0.16,1.29,1.56,7.05,-1.35,4.47,1.42,3.81,-0.92
418.38,50.25,1.51,-1.21,8.51,0.22,1.17,1.36,6.77,-1.02,4.84,1.45,4.01,-0.77
418.39,47.49,1.64,-0.83,8.18,0.29,1.05,1.06,6.88,-0.73,5.25,1.46,4.19,-0.57
418.40,44.04,1.60,-0.63,7.90,0.39,0.89,0.52,7.14,-0.53,5.28,1.39,4.32,-0.53
418.42,41.85,1.61,-0.54,7.66,0.50,0.77,-0.03,7.22,-0.60,5.18,1.35,4.35,-0.61
418.43,38.80,1.51,-0.37,7.19,0.58,0.61,-0.67,7.15,-0.92,5.19,1.29,4.41,-1.00
418.45,34.90,0.64,-0.22,6.49,0.55,0.40,-1.16,6.00,-1.08,5.47,1.14,4.47,-1.27
418.46,32.65,-0.72,-0.12,6.31,0.47,0.30,-1.12,4.62,-0.81,5.87,0.93,4.49,-1.47
418.47,30.55,-2.60,-0.04,6.39,0.40,0.24,-0.99,2.80,-0.59,6.76,0.69,4.45,-1.65
418.49,29.22,-4.66,0.02,6.85,0.31,0.16,-0.78,1.37,-0.51,7.55,0.55,4.36,-1.60
418.50,26.87,-6.14,0.08,7.73,0.24,0.09,-0.61,-0.24,-0.51,8.42,0.44,3.96,-1.31
418.51,24.71,-8.30,-0.17,8.73,0.15,-0.01,-0.52,-1.26,-0.44,9.05,0.33,3.66,-1.08
418.52,22.49,-9.03,-0.64,8.84,0.07,-0.11,-0.53,-1.48,-0.48,9.20,0.18,2.91,-0.93
418.54,21.14,-9.15,-1.31,8.25,-0.09,-0.26,-0.51,-2.28,-0.62,9.06,0.00,2.33,-0.93
418.55,20.49,-9.27,-1.44,8.05,-0.20,-0.33,-0.35,-3.68,-1.05,8.94,-0.13,1.53,-0.77
418.57,19.18,-9.40,-2.04,7.60,-0.31,-0.44,-0.05,-4.89,-2.11,8.85,-0.24,0.87,-0.50
418.58,19.05,-8.76,-2.73,7.05,-0.41,-0.53,0.12,-4.82,-2.51,8.71,-0.28,-0.05,0.37
418.60,19.44,-6.55,-2.62,7.90,-0.59,-0.80,0.75,-1.23,-1.15,8.87,-0.36,-0.59,1.04
418.61,20.03,-2.96,-1.58,10.66,-0.63,-1.17,1.42,1.01,2.65,10.83,-0.56,-0.49,0.91
418.63,18.70,-1.31,0.24,12.08,-0.43,-1.31,1.61,-0.60,3.28,12.28,-0.56,-0.20,0.78
418.64,17.11,-2.56,1.95,12.35,-0.26,-1.22,1.40,-4.77,3.29,13.35,-0.45,-0.05,1.03
418.65,15.07,-8.24,1.63,12.64,-0.31,-0.95,1.54,-5.65,2.26,13.06,-0.23,-0.52,1.87
418.67,15.27,-9.61,0.66,12.39,-0.40,-0.70,1.85,-3.70,1.77,12.83,-0.25,-0.80,1.92
418.68,16.05,-7.93,-0.43,11.55,-0.44,-0.53,1.90,-2.24,0.54,12.30,-0.35,-1.03,1.76
418.69,16.76,-4.80,-1.51,10.38,-0.50,-0.54,1.70,-1.90,-1.44,11.67,-0.45,-1.29,1.81
418.71,16.73,-0.36,-2.86,9.10,-0.77,-0.77,1.11,-0.17,-2.14,10.46,-0.55,-1.25,1.86
418.72,15.67,1.20,-3.07,8.98,-0.78,-0.88,0.88,1.64,-2.04,9.79,-0.60,-1.10,1.81
418.74,15.76,1.43,-2.80,8.80,-0.71,-0.90,0.64,2.84,-1.79,8.86,-0.63,-0.93,1.61
418.75,15.22,0.53,-2.49,8.77,-0.64,-0.87,0.33,3.29,-0.85,8.21,-0.76,-0.75,0.89
418.76,15.53,-0.53,-2.00,9.37,-0.56,-0.84,0.10,2.99,-0.35,8.66,-0.82,-0.71,0.37
418.77,16.07,-1.43,-1.60,10.06,-0.44,-0.83,-0.06,1.79,-0.12,9.84,-0.83,-0.73,0.01
418.79,15.88,-2.28,-1.47,10.20,-0.31,-0.84,-0.11,0.22,-0.37,10.76,-0.72,-0.81,-0.02
418.81,15.80,-2.53,-1.59,9.84,-0.30,-0.85,-0.04,-0.70,-0.81,10.80,-0.59,-0.85,0.15
418.81,15.43,-2.88,-1.90,9.02,-0.37,-0.84,0.23,-0.84,-1.32,9.83,-0.43,-0.83,0.63
418.84,15.42,-2.68,-2.07,8.75,-0.43,-0.82,0.35,-0.17,-1.45,9.40,-0.42,-0.80,0.68
418.85,15.52,-2.20,-2.13,8.75,-0.48,-0.81,0.38,0.53,-1.42,9.25,-0.44,-0.75,0.58
418.86,15.41,-1.50,-2.15,9.25,-0.49,-0.77,0.07,0.46,-1.10,9.57,-0.49,-0.67,0.09
418.89,15.10,-1.69,-2.07,9.51,-0.43,-0.75,-0.13,-0.12,-0.97,9.82,-0.49,-0.66,-0.00
418.90,14.70,-2.34,-1.87,9.66,-0.37,-0.73,-0.26,-0.63,-0.79,10.05,-0.46,-0.68,-0.03
418.91,14.54,-2.80,-1.72,9.64,-0.34,-0.72,-0.27,-0.62,-0.71,10.08,-0.42,-0.71,0.01
418.92,14.54,-2.96,-1.59,9.50,-0.32,-0.72,-0.24,-0.51,-0.70,10.00,-0.39,-0.73,0.03
418.93,14.66,-2.77,-1.56,9.26,-0.33,-0.71,-0.19,-0.26,-0.72,9.73,-0.36,-0.74,0.00
418.96,14.70,-2.46,-1.61,9.19,-0.34,-0.71,-0.18,-0.17,-0.79,9.59,-0.36,-0.74,-0.02
418.97,14.68,-2.29,-1.58,9.13,-0.32,-0.69,-0.22,-0.01,-0.70,9.41,-0.36,-0.73,-0.10
419.00,14.73,-2.28,-1.47,9.17,-0.30,-0.69,-0.24,0.05,-0.65,9.45,-0.35,-0.73,-0.11
419.01,14.75,-2.29,-1.38,9.29,-0.30,-0.69,-0.22,0.10,-0.59,9.57,-0.35,-0.74,-0.08
419.03,14.88,-2.13,-1.34,9.44,-0.29,-0.69,-0.14,0.42,-0.58,9.67,-0.33,-0.75,-0.06
419.05,15.29,-1.81,-1.52,9.41,-0.29,-0.70,-0.05,0.88,-0.79,9.59,-0.30,-0.76,-0.08
419.08,15.33,-1.76,-1.58,9.47,-0.29,-0.72,-0.04,0.94,-0.78,9.62,-0.30,-0.76,-0.10
419.09,15.45,-1.73,-1.71,9.50,-0.27,-0.73,-0.06,0.91,-0.89,9.61,-0.30,-0.78,-0.13
419.11,15.58,-1.84,-1.79,9.42,-0.25,-0.75,-0.11,0.70,-0.98,9.61,-0.29,-0.80,-0.16
419.12,15.60,-2.08,-1.81,9.38,-0.24,-0.76,-0.13,0.49,-1.08,9.64,-0.29,-0.84,-0.16
419.14,15.91,-2.74,-1.93,9.13,-0.27,-0.81,-0.13,0.13,-1.36,9.70,-0.26,-0.90,-0.13
419.16,16.17,-2.80,-1.95,9.03,-0.29,-0.83,-0.09,0.17,-1.38,9.69,-0.24,-0.93,-0.11
419.18,16.37,-2.65,-1.99,9.03,-0.32,-0.85,-0.07,0.27,-1.43,9.72,-0.23,-0.95,-0.12
419.19,16.56,-2.38,-2.02,9.07,-0.35,-0.88,-0.09,0.40,-1.48,9.76,-0.22,-0.99,-0.14
419.20,16.61,-2.15,-2.04,9.21,-0.36,-0.90,-0.18,0.48,-1.48,9.82,-0.21,-1.01,-0.19
419.21,16.72,-2.10,-2.10,9.42,-0.36,-0.92,-0.32,0.59,-1.42,10.02,-0.17,-1.05,-0.24
419.22,16.99,-2.31,-2.21,9.69,-0.30,-0.93,-0.58,0.54,-0.95,10.16,-0.08,-1.17,-0.43
419.25,17.23,-2.37,-2.37,9.72,-0.25,-0.92,-0.67,0.23,-1.26,10.29,-0.06,-1.33,-0.44
419.28,17.76,-2.79,-2.71,10.22,-0.24,-0.92,-0.73,0.53,-1.29,10.76,-0.06,-1.40,-0.42
419.29,18.15,-3.27,-2.71,10.55,-0.24,-0.91,-0.71,0.54,-0.93,11.10,-0.06,-1.45,-0.42
419.30,18.68,-3.70,-2.55,11.01,-0.22,-0.91,-0.65,0.23,-0.28,11.55,-0.07,-1.54,-0.40
419.31,19.24,-3.93,-2.29,11.28,-0.16,-0.89,-0.55,-0.51,0.20,11.94,-0.06,-1.80,-0.25
419.34,20.19,-4.24,-1.54,11.37,-0.05,-0.74,-0.41,-1.36,0.59,12.18,-0.01,-1.98,-0.07
419.36,22.00,-5.26,-1.32,10.78,-0.02,-0.40,-0.38,-1.79,1.13,12.18,0.04,-2.20,0.07
419.38,22.81,-5.80,-1.26,10.41,-0.03,-0.20,-0.34,-2.61,1.44,12.20,0.04,-2.33,0.07
419.39,23.99,-6.30,-1.02,10.23,-0.01,-0.02,-0.25,-3.89,2.24,12.24,0.01,-2.44,0.08
419.40,25.03,-6.20,-0.79,10.01,0.09,0.30,-0.07,-4.43,2.49,12.31,-0.03,-2.56,0.15
419.41,27.02,-5.33,-0.59,9.89,0.25,0.69,0.01,-3.80,1.90,12.29,-0.09,-2.68,0.27
419.43,28.53,-4.54,-0.59,9.77,0.39,0.99,0.05,-2.70,0.99,12.07,-0.14,-2.71,0.40
419.44,29.77,-3.72,-0.69,9.72,0.45,1.19,0.13,-1.47,0.53,11.67,-0.19,-2.69,0.46
419.45,32.09,-2.32,-1.07,9.94,0.49,1.53,0.28,0.98,0.12,11.13,-0.27,-2.55,0.59
419.46,33.62,-1.62,-1.31,10.38,0.50,1.71,0.33,2.53,0.10,10.84,-0.31,-2.43,0.63
419.48,36.39,-0.95,-1.51,11.39,0.49,1.97,0.22,5.63,-0.08,10.51,-0.41,-2.04,0.73
419.50,42.61,-0.11,-1.80,13.32,0.49,2.21,-0.36,8.96,-2.43,9.71,-0.41,-1.66,0.63
419.52,45.64,0.47,-2.02,13.83,0.49,2.13,-0.58,9.52,-2.35,9.04,-0.41,-1.38,0.42
419.53,47.70,0.84,-2.10,13.79,0.49,2.01,-0.68,9.82,-2.44,8.42,-0.39,-1.15,0.24
419.54,51.02,1.51,-1.50,12.94,0.49,1.79,-0.68,10.21,-3.48,7.23,-0.13,-0.62,-0.01
419.57,52.40,1.28,-1.06,12.21,0.45,1.74,-0.63,10.06,-3.24,6.38,0.09,-0.33,-0.10
419.58,53.75,0.83,-0.88,11.48,0.36,1.71,-0.57,9.63,-1.69,5.22,0.13,-0.11,-0.25
419.59,55.17,0.19,-0.94,10.88,0.23,1.70,-0.46,9.28,-1.44,4.42,0.12,0.20,-0.35
419.60,56.54,-0.38,-0.88,10.39,0.08,1.69,-0.23,9.05,-1.62,4.15,0.25,0.56,-0.28
419.62,57.81,-1.04,-0.88,10.06,-0.05,1.70,0.08,8.62,-1.70,3.93,0.39,0.96,-0.16
419.62,58.75,-1.35,-1.09,9.90,-0.10,1.70,0.32,8.24,-1.63,3.88,0.54,1.35,-0.04
419.64,60.09,-0.95,-1.73,9.72,-0.15,1.70,1.10,7.75,-1.63,4.20,0.82,2.05,0.11
419.67,60.01,-0.65,-1.76,9.60,-0.12,1.69,1.32,7.74,-1.73,4.47,0.93,2.41,0.13
419.68,59.27,-0.11,-1.64,9.54,-0.09,1.63,1.47,8.02,-1.87,4.73,1.12,2.72,0.05
419.70,57.80,0.21,-1.62,9.48,-0.05,1.52,1.48,8.02,-1.84,4.64,1.22,3.06,-0.17
419.72,56.86,0.31,-1.62,9.40,-0.02,1.45,1.47,7.95,-1.70,4.61,1.27,3.29,-0.32
419.73,52.22,0.30,-1.43,8.71,0.06,1.11,1.23,7.00,-1.44,5.47,1.29,3.86,-0.69
419.76,50.44,0.14,-1.24,8.46,0.07,1.03,1.13,6.32,-1.39,5.95,1.28,3.98,-0.75
419.77,46.34,-0.13,-0.91,7.99,0.08,0.84,0.83,5.85,-1.08,6.78,1.29,4.10,-0.70
419.79,41.89,-0.71,-0.80,7.73,0.11,0.72,0.30,5.47,-0.66,7.49,1.29,4.18,-0.53
419.81,37.89,-1.66,-0.69,7.73,0.21,0.61,-0.19,4.28,-0.44,7.80,1.28,4.15,-0.33
419.83,36.28,-2.42,-0.47,7.80,0.27,0.55,-0.31,3.70,-0.20,8.03,1.26,4.10,-0.18
419.84,34.32,-3.18,-0.12,7.95,0.34,0.44,-0.40,3.41,0.15,8.09,1.19,3.99,-0.16
419.87,29.40,-6.08,0.18,7.34,0.34,0.15,-0.28,1.64,0.83,7.72,0.75,3.62,-0.40
419.90,27.91,-6.86,0.11,6.95,0.25,0.09,0.17,0.83,0.99,7.86,0.63,3.42,-0.50
419.91,27.11,-7.55,0.02,7.07,0.16,0.02,0.55,-0.11,0.94,8.27,0.48,3.06,-0.58
419.93,25.65,-7.27,0.02,7.69,0.07,-0.12,0.81,-0.98,0.43,8.61,0.26,2.43,-0.64
419.95,24.20,-6.37,-0.20,8.12,-0.04,-0.25,0.86,-1.55,0.00,8.74,0.17,1.96,-0.58
419.96,22.45,-5.68,-0.52,8.28,-0.14,-0.35,0.83,-2.44,-0.40,8.94,0.09,1.57,-0.45
419.97,20.17,-5.14,-0.66,8.31,-0.21,-0.44,0.74,-2.78,-0.40,8.91,0.00,0.86,0.01
420.00,19.14,-4.97,-0.43,8.27,-0.27,-0.53,0.77,-1.63,-0.38,8.63,-0.09,0.15,0.50
420.01,19.08,-4.09,-0.17,8.72,-0.39,-0.71,0.89,-0.03,0.08,8.82,-0.22,-0.33,0.80
420.04,19.13,-3.06,0.33,10.40,-0.50,-0.99,1.02,0.93,2.39,10.63,-0.42,-0.34,0.67
420.05,18.35,-1.72,0.78,12.12,-0.52,-1.22,1.04,-0.01,3.26,11.81,-0.48,-0.17,0.42
420.06,15.96,-2.70,2.61,12.26,-0.34,-1.11,0.66,-4.89,3.31,12.93,-0.42,0.08,0.34
420.07,14.32,-7.01,3.28,12.13,-0.36,-0.90,0.46,-6.99,3.56,12.85,-0.29,-0.20,0.89
420.09,13.82,-10.12,2.62,13.04,-0.49,-0.74,0.72,-5.55,3.81,12.77,-0.26,-0.44,1.11
420.10,14.12,-9.48,1.83,13.37,-0.51,-0.57,1.09,-3.77,3.24,12.74,-0.33,-0.66,1.05
420.11,14.78,-5.26,0.30,12.07,-0.51,-0.46,1.18,-2.51,-0.51,12.46,-0.41,-1.10,1.22
420.14,14.92,-1.13,-2.02,9.80,-0.69,-0.48,0.56,0.55,-1.05,11.13,-0.50,-1.06,1.24
420.15,15.46,0.83,-3.09,9.25,-0.65,-0.69,0.24,3.46,-1.37,9.69,-0.55,-0.85,0.97
420.17,15.04,1.45,-3.05,9.13,-0.56,-0.78,0.15,4.05,-1.20,9.06,-0.59,-0.75,0.66
420.18,14.70,1.21,-2.37,9.44,-0.44,-0.84,-0.26,2.43,-0.80,9.27,-0.63,-0.55,-0.19
420.20,14.11,0.37,-1.97,9.96,-0.36,-0.83,-0.54,1.31,-0.52,9.83,-0.57,-0.54,-0.30
420.21,13.69,-0.46,-1.57,10.21,-0.26,-0.82,-0.70,0.11,-0.15,10.34,-0.49,-0.54,-0.28
420.22,13.01,-1.66,-1.11,10.14,-0.22,-0.80,-0.73,-0.50,-0.10,10.47,-0.42,-0.52,-0.19
420.23,12.63,-2.83,-1.02,9.81,-0.22,-0.75,-0.68,-1.12,-0.23,10.34,-0.35,-0.51,-0.13
420.25,12.49,-3.72,-1.26,9.51,-0.27,-0.68,-0.56,-1.48,-0.31,10.05,-0.29,-0.51,-0.08
420.26,12.64,-3.97,-1.90,9.26,-0.33,-0.58,-0.32,-1.35,-0.51,9.77,-0.27,-0.50,-0.24
420.28,12.77,-3.48,-2.16,9.11,-0.31,-0.52,-0.22,-1.46,-0.59,9.63,-0.26,-0.48,-0.34
420.29,12.55,-3.07,-2.10,9.09,-0.28,-0.48,-0.14,-1.88,-0.61,9.55,-0.26,-0.46,-0.34
420.31,11.97,-2.93,-1.63,9.34,-0.26,-0.47,0.02,-1.35,-0.11,9.77,-0.25,-0.42,-0.14
420.33,11.86,-2.79,-1.29,9.45,-0.26,-0.47,0.12,-0.96,0.08,9.87,-0.25,-0.41,-0.08
420.34,11.78,-2.41,-1.01,9.48,-0.26,-0.48,0.20,-0.54,0.18,9.91,-0.23,-0.38,-0.03
420.38,11.22,-2.27,-1.18,9.48,-0.28,-0.54,0.12,-0.93,-0.11,9.83,-0.20,-0.38,-0.03
420.39,10.91,-2.87,-1.33,9.34,-0.27,-0.54,0.06,-1.29,-0.23,9.76,-0.19,-0.38,-0.01
420.41,10.76,-3.31,-1.37,9.23,-0.27,-0.52,0.09,-1.56,-0.26,9.64,-0.19,-0.38,0.02
420.42,10.77,-3.49,-1.38,9.19,-0.28,-0.50,0.18,-1.59,-0.24,9.60,-0.18,-0.38,0.06
420.44,10.69,-3.47,-1.40,9.20,-0.28,-0.49,0.26,-1.41,-0.19,9.61,-0.17,-0.38,0.12
420.45,10.73,-3.36,-1.42,9.25,-0.27,-0.48,0.37,-1.27,-0.21,9.68,-0.14,-0.38,0.17
420.46,10.79,-3.11,-1.45,9.39,-0.26,-0.49,0.50,-1.08,-0.16,9.81,-0.11,-0.40,0.24
420.49,10.70,-2.90,-1.62,9.54,-0.25,-0.51,0.57,-1.23,-0.38,9.99,-0.07,-0.41,0.28
420.50,10.57,-2.99,-1.66,9.60,-0.26,-0.52,0.57,-1.41,-0.45,10.07,-0.05,-0.42,0.33
420.51,10.48,-3.09,-1.68,9.63,-0.26,-0.51,0.59,-1.40,-0.43,10.10,-0.04,-0.43,0.36
420.52,10.40,-3.10,-1.66,9.58,-0.25,-0.49,0.62,-1.39,-0.40,10.01,-0.02,-0.44,0.40
420.53,10.38,-3.03,-1.64,9.53,-0.24,-0.47,0.65,-1.47,-0.39,9.89,0.01,-0.48,0.52
420.56,10.24,-2.98,-1.49,9.59,-0.19,-0.44,0.66,-1.51,-0.28,9.91,0.08,-0.50,0.57
420.57,10.23,-3.01,-1.27,9.62,-0.17,-0.42,0.64,-1.31,0.05,9.93,0.13,-0.53,0.61
420.58,10.39,-2.97,-0.97,9.68,-0.14,-0.41,0.62,-1.01,0.45,9.92,0.15,-0.58,0.63
420.60,10.55,-2.75,-0.82,9.65,-0.10,-0.42,0.59,-0.96,0.51,9.90,0.15,-0.61,0.63
420.61,10.67,-2.65,-0.84,9.39,-0.08,-0.43,0.54,-1.29,0.34,9.57,0.11,-0.66,0.64
420.63,10.70,-2.83,-0.91,9.08,-0.09,-0.42,0.50,-1.56,0.18,9.35,0.07,-0.69,0.65
420.64,10.68,-3.13,-1.04,8.75,-0.11,-0.39,0.51,-2.00,-0.19,9.09,0.03,-0.73,0.69
420.65,10.98,-4.06,-1.44,8.63,-0.20,-0.33,0.64,-2.66,-0.74,9.10,-0.01,-0.84,0.87
420.68,11.77,-5.46,-1.88,9.00,-0.32,-0.12,0.99,-3.64,-0.65,9.64,-0.05,-0.94,0.96
420.70,12.79,-6.08,-1.89,8.96,-0.39,0.11,1.37,-3.81,-0.58,9.85,-0.04,-1.07,1.03
420.71,13.44,-6.35,-1.86,8.82,-0.44,0.27,1.65,-3.73,-0.55,10.01,-0.01,-1.18,1.10
420.72,14.77,-6.59,-1.91,8.54,-0.50,0.38,1.88,-3.26,-0.74,10.22,0.03,-1.29,1.18
420.74,16.32,-6.55,-2.14,8.49,-0.61,0.49,2.24,-2.56,-0.74,10.38,0.08,-1.40,1.30
420.75,18.01,-6.10,-2.37,8.86,-0.66,0.55,2.59,-1.98,-0.82,10.44,0.12,-1.46,1.47
420.76,20.53,-4.36,-2.38,9.94,-0.59,0.56,2.96,-1.23,-1.24,10.70,0.22,-1.50,2.02
420.78,22.51,-2.57,-2.26,10.20,-0.61,0.43,3.04,-0.60,-2.21,10.82,0.36,-1.50,3.16
420.81,23.24,-1.69,-2.75,10.21,-0.74,0.38,3.00,-0.12,-3.11,10.60,0.48,-1.48,3.93
420.82,23.82,-1.59,-3.30,9.90,-0.84,0.34,3.00,0.57,-3.98,10.42,0.62,-1.44,4.50
420.83,24.20,-1.76,-4.02,9.59,-0.91,0.29,3.02,1.40,-4.46,10.08,0.75,-1.37,4.94
420.85,25.11,-2.10,-4.51,9.28,-0.99,0.23,3.06,2.23,-4.69,9.79,0.84,-1.30,5.20
420.86,27.93,-2.76,-4.85,9.30,-1.08,0.19,3.29,4.43,-4.59,9.06,1.08,-1.00,5.24
420.88,31.13,-2.41,-4.49,9.62,-1.10,0.14,3.50,5.57,-4.00,8.53,1.28,-0.61,4.71
420.91,33.21,-1.35,-3.90,9.79,-1.11,0.09,3.48,5.27,-3.38,8.49,1.38,-0.28,4.18
420.93,33.56,-0.80,-3.57,9.84,-1.10,0.07,3.39,4.76,-2.96,8.61,1.43,-0.05,3.87
420.94,33.31,-0.31,-3.04,9.88,-1.09,0.07,3.22,4.20,-2.63,8.82,1.50,0.16,3.70
420.96,32.58,-0.32,-2.55,9.86,-1.07,0.08,3.09,3.62,-2.34,9.01,1.57,0.35,3.64
420.97,32.02,-0.47,-2.24,9.82,-1.04,0.11,3.02,3.31,-2.06,9.16,1.62,0.47,3.66
420.98,31.28,-0.76,-1.86,9.79,-1.03,0.12,2.98,3.22,-1.80,9.26,1.66,0.57,3.68
421.00,29.89,-1.66,-1.15,9.77,-0.99,0.19,2.95,3.19,-1.31,9.45,1.72,0.72,3.73
421.02,29.56,-2.04,-0.98,9.73,-0.98,0.20,2.94,3.13,-1.19,9.60,1.74,0.75,3.76
421.04,29.20,-2.41,-0.88,9.66,-0.96,0.18,2.89,3.13,-0.99,9.67,1.74,0.76,3.79
421.05,28.96,-2.64,-0.79,9.68,-0.95,0.16,2.84,3.14,-0.88,9.56,1.73,0.77,3.81
421.07,28.75,-2.80,-0.77,9.59,-0.92,0.14,2.78,3.05,-1.08,9.34,1.73,0.76,3.85
421.08,28.73,-2.89,-0.94,9.33,-0.89,0.09,2.71,3.09,-1.43,9.05,1.71,0.71,3.86
421.10,28.80,-3.03,-1.35,8.98,-0.91,-0.00,2.62,3.06,-2.02,8.86,1.65,0.63,3.82
421.11,28.93,-3.10,-1.70,8.90,-0.95,-0.05,2.60,3.05,-2.16,8.77,1.58,0.56,3.76
421.12,29.11,-3.22,-2.11,8.88,-0.99,-0.09,2.69,3.11,-2.18,8.68,1.51,0.52,3.72
421.14,29.48,-3.47,-2.20,9.06,-0.98,-0.14,3.01,3.21,-2.04,8.49,1.41,0.44,3.71
421.15,30.02,-3.60,-1.67,9.27,-0.98,-0.21,3.37,3.45,-1.84,8.31,1.27,0.35,3.69
421.17,30.53,-3.52,-1.35,9.32,-1.01,-0.25,3.57,3.76,-1.62,8.20,1.14,0.26,3.64
421.18,31.00,-3.20,-0.99,9.32,-1.05,-0.27,3.65,4.30,-1.41,8.09,0.99,0.17,3.52
421.19,32.26,-1.67,-0.77,9.46,-1.12,-0.32,3.45,4.81,-1.20,8.09,0.59,0.01,2.96
421.22,32.41,-0.76,-0.86,9.53,-1.14,-0.34,3.05,4.52,-1.33,8.36,0.40,-0.05,2.60
421.23,32.42,-0.41,-0.97,9.66,-1.14,-0.32,2.61,4.28,-1.28,8.75,0.22,-0.08,2.22
421.24,31.85,-0.09,-1.16,9.96,-1.10,-0.27,2.15,4.34,-0.94,8.95,0.04,-0.06,1.83
421.25,31.73,0.07,-1.12,10.24,-1.01,-0.20,1.65,4.56,-0.51,8.99,-0.12,0.03,1.40
421.26,30.92,0.30,-0.87,10.42,-0.89,-0.10,0.92,4.08,0.56,9.48,-0.29,0.24,0.73
421.28,30.36,0.07,-0.50,10.59,-0.81,-0.00,0.51,3.35,0.97,10.02,-0.35,0.36,0.38
421.30,29.27,-2.38,-0.26,10.86,-0.65,0.24,-0.20,2.14,0.99,10.98,-0.38,0.47,0.22
421.31,29.21,-4.05,-0.83,10.33,-0.51,0.29,-0.25,2.26,0.82,10.34,-0.35,0.41,0.30
421.33,29.60,-4.14,-0.80,9.73,-0.49,0.26,-0.05,2.58,0.70,9.85,-0.33,0.35,0.37
421.34,30.56,-4.05,-0.89,9.04,-0.55,0.20,0.45,2.41,0.76,9.06,-0.25,0.27,0.52
421.36,30.83,-4.40,-0.78,9.02,-0.58,0.18,0.73,1.79,0.74,9.20,-0.23,0.26,0.62
421.37,31.32,-4.91,-0.75,9.11,-0.62,0.18,0.94,1.28,0.72,9.70,-0.23,0.27,0.71
421.38,31.49,-5.20,-0.78,9.11,-0.65,0.21,1.22,0.68,1.04,10.19,-0.25,0.32,0.73
421.40,31.83,-5.29,-0.49,8.72,-0.62,0.24,1.21,0.22,1.37,9.95,-0.28,0.31,0.64
421.41,32.04,-5.47,-0.37,8.00,-0.58,0.32,1.02,-0.28,1.41,9.66,-0.31,0.25,0.51
421.43,32.37,-5.86,-0.60,7.43,-0.53,0.39,0.89,-0.91,1.12,9.60,-0.34,0.13,0.39
421.44,32.65,-6.12,-0.85,7.25,-0.49,0.42,0.80,-1.19,0.87,9.70,-0.35,-0.01,0.35
421.46,33.46,-6.40,-1.15,7.12,-0.43,0.42,0.69,-1.44,0.44,9.85,-0.35,-0.06,0.36
421.47,34.17,-6.48,-1.22,7.13,-0.41,0.42,0.63,-1.55,0.27,9.91,-0.35,-0.13,0.39
421.49,35.58,-6.37,-1.46,7.34,-0.38,0.41,0.57,-1.28,-0.08,9.84,-0.36,-0.24,0.46
421.50,36.09,-6.56,-1.63,7.42,-0.36,0.40,0.52,-0.85,-0.26,9.67,-0.38,-0.34,0.47
421.52,37.19,-6.61,-1.41,7.32,-0.35,0.39,0.59,-0.81,-0.46,9.67,-0.38,-0.47,0.43
421.54,39.19,-4.85,-1.58,8.05,-0.35,0.48,0.70,0.53,-0.66,9.41,-0.35,-0.56,0.57
421.59,39.90,-4.80,-1.44,8.32,-0.31,0.54,0.57,0.92,-0.71,9.34,-0.34,-0.57,0.59
421.61,40.60,-5.06,-1.50,8.26,-0.29,0.60,0.52,1.37,-0.79,9.26,-0.32,-0.59,0.58
421.62,41.98,-5.02,-1.82,7.95,-0.28,0.69,0.61,1.47,-0.87,9.24,-0.31,-0.67,0.51
421.64,43.09,-4.34,-1.71,8.07,-0.30,0.75,0.59,1.19,-0.88,9.39,-0.28,-0.75,0.47
421.64,43.65,-4.26,-1.72,8.32,-0.29,0.78,0.56,1.00,-1.09,9.40,-0.26,-0.81,0.48
421.68,44.93,-4.38,-1.38,8.93,-0.26,0.76,0.37,2.31,-1.75,9.37,-0.21,-0.72,0.69
421.71,46.13,-4.69,-0.42,8.80,-0.30,0.79,0.22,3.21,-1.62,9.23,-0.24,-0.63,0.63
421.72,47.25,-4.35,-0.23,8.65,-0.35,0.85,0.17,3.65,-1.65,9.15,-0.24,-0.63,0.50
421.73,49.17,-3.95,-0.21,8.87,-0.32,0.98,-0.02,3.72,-0.99,9.18,-0.22,-0.71,0.25
421.75,50.95,-4.21,-0.38,9.31,-0.27,1.04,-0.16,3.18,-0.48,9.19,-0.18,-0.74,0.16
421.76,51.91,-4.60,-0.77,9.45,-0.27,1.06,-0.24,3.87,-0.28,9.19,-0.14,-0.64,0.29
421.77,53.38,-5.35,-1.15,9.42,-0.27,1.04,-0.27,4.43,-0.23,9.07,-0.20,-0.52,0.28
421.79,54.94,-5.77,-1.30,9.29,-0.29,0.99,-0.21,4.92,-0.60,9.05,-0.25,-0.44,0.23
421.80,57.26,-5.98,-1.44,9.11,-0.33,0.94,-0.18,5.21,-1.10,9.05,-0.25,-0.43,0.17
421.81,59.30,-6.21,-1.50,8.81,-0.36,0.91,-0.17,4.36,-1.59,9.22,-0.22,-0.40,0.08
421.82,60.41,-6.23,-1.51,8.55,-0.38,0.90,-0.12,4.23,-1.58,9.35,-0.19,-0.31,0.12
421.84,62.21,-5.95,-1.57,8.19,-0.41,0.94,-0.05,4.04,-1.67,9.31,-0.15,-0.17,0.18
421.86,63.15,-6.01,-1.58,8.07,-0.45,0.97,-0.05,4.28,-1.93,9.11,-0.12,-0.15,0.20
421.87,63.88,-6.24,-1.68,7.89,-0.50,0.96,-0.04,4.29,-2.14,9.10,-0.09,-0.08,0.25
421.89,65.29,-6.80,-2.07,7.84,-0.60,0.90,-0.01,4.16,-2.17,9.30,-0.04,-0.03,0.26
421.91,66.11,-7.11,-2.10,7.82,-0.63,0.87,0.03,3.97,-2.02,9.46,-0.03,0.01,0.25
421.92,66.70,-7.22,-2.14,7.68,-0.64,0.84,0.08,3.92,-2.01,9.54,-0.01,0.03,0.23
421.93,67.11,-7.25,-2.15,7.53,-0.65,0.84,0.11,3.81,-1.91,9.51,0.01,0.05,0.24
421.94,67.67,-7.21,-2.11,7.37,-0.66,0.85,0.16,3.71,-1.90,9.39,0.03,0.06,0.23
421.95,68.18,-7.17,-2.06,7.22,-0.66,0.85,0.19,3.69,-1.82,9.27,0.04,0.08,0.24
421.96,69.73,-7.57,-2.02,6.83,-0.66,0.82,0.16,3.76,-1.53,9.15,0.07,0.17,0.33
422.00,70.14,-7.77,-2.04,6.77,-0.65,0.80,0.16,3.90,-1.46,9.33,0.07,0.20,0.35
422.01,71.15,-7.87,-1.96,6.65,-0.62,0.77,0.18,3.89,-1.38,9.44,0.07,0.20,0.29
422.03,71.73,-7.66,-1.93,6.61,-0.61,0.74,0.19,3.79,-1.34,9.37,0.07,0.19,0.24
422.05,72.26,-7.67,-1.87,6.53,-0.59,0.73,0.16,3.82,-1.30,9.25,0.08,0.20,0.20
422.06,72.54,-7.73,-1.86,6.48,-0.59,0.73,0.16,3.71,-1.24,9.20,0.07,0.23,0.16
422.07,73.04,-7.84,-1.84,6.35,-0.56,0.74,0.19,3.34,-1.17,9.20,0.07,0.27,0.15
422.09,73.34,-7.82,-1.81,6.27,-0.54,0.74,0.22,3.07,-1.17,9.11,0.08,0.28,0.19
422.10,73.54,-7.88,-1.83,6.16,-0.52,0.74,0.24,3.01,-1.14,9.03,0.07,0.28,0.30
422.12,74.19,-8.17,-1.81,5.83,-0.47,0.74,0.25,3.23,-1.12,9.25,0.04,0.34,0.32
422.14,74.52,-8.21,-1.95,5.67,-0.45,0.73,0.27,3.24,-1.24,9.32,0.04,0.35,0.25
422.17,75.48,-8.19,-2.24,5.33,-0.41,0.72,0.24,3.21,-1.57,9.39,0.05,0.35,0.19
422.18,76.03,-8.20,-2.24,5.18,-0.39,0.75,0.17,2.94,-1.50,9.41,0.06,0.38,0.09
422.20,76.14,-8.22,-2.30,5.09,-0.37,0.77,0.16,2.83,-1.50,9.39,0.06,0.39,0.07
422.22,76.47,-8.39,-2.43,4.98,-0.36,0.79,0.17,2.70,-1.63,9.39,0.06,0.39,0.07
422.23,76.68,-8.52,-2.53,4.93,-0.35,0.80,0.18,2.68,-1.74,9.45,0.08,0.40,0.09
422.24,77.36,-8.79,-2.47,4.82,-0.31,0.83,0.22,2.53,-1.66,9.39,0.09,0.43,0.08
422.26,77.71,-8.78,-2.36,4.66,-0.30,0.82,0.25,2.54,-1.67,9.45,0.09,0.44,0.08
422.28,77.93,-8.72,-2.33,4.44,-0.28,0.83,0.25,2.60,-1.73,9.52,0.10,0.45,0.10
422.29,78.10,-8.76,-2.30,4.38,-0.28,0.83,0.25,2.57,-1.72,9.55,0.11,0.46,0.10
422.31,78.68,-9.07,-2.19,3.93,-0.27,0.88,0.23,2.23,-1.50,9.52,0.12,0.46,0.06
422.33,79.55,-9.49,-1.99,3.64,-0.26,0.90,0.26,1.93,-1.31,9.48,0.12,0.45,0.06
422.34,79.30,-9.53,-1.97,3.61,-0.25,0.90,0.27,1.79,-1.22,9.43,0.12,0.43,0.07
422.41,79.76,-9.60,-1.95,3.53,-0.24,0.89,0.29,1.79,-1.22,9.43,0.12,0.43,0.07
422.42,81.02,-9.71,-1.86,3.28,-0.21,0.87,0.34,1.81,-1.22,9.42,0.12,0.42,0.07
422.43,81.48,-9.76,-1.83,3.18,-0.20,0.86,0.35,1.81,-1.22,9.42,0.12,0.42,0.08
422.46,82.79,-10.01,-1.71,2.74,-0.17,0.82,0.35,1.81,-1.22,9.52,0.13,0.42,0.10
422.47,83.62,-10.07,-1.69,2.62,-0.17,0.78,0.36,1.77,-1.20,9.56,0.14,0.39,0.09
422.49,84.65,-10.04,-1.65,2.53,-0.15,0.64,0.35,1.38,-1.17,9.64,0.15,0.34,0.06
422.50,84.30,-10.06,-1.66,2.51,-0.15,0.63,0.35,1.16,-1.19,9.63,0.17,0.27,0.05
422.63,84.46,-10.22,-1.68,2.43,-0.13,0.59,0.37,1.17,-1.19,9.63,0.18,0.23,0.05
422.67,85.23,-10.27,-1.53,2.34,-0.10,0.51,0.43,1.21,-1.20,9.63,0.19,0.22,0.04
422.69,85.31,-10.11,-1.39,2.29,-0.09,0.43,0.46,1.11,-1.20,9.60,0.19,0.18,-0.02
422.70,85.53,-9.71,-1.01,2.21,-0.09,0.33,0.44,1.00,-1.04,9.56,0.20,0.14,-0.06
422.72,84.86,-9.52,-0.79,2.13,-0.09,0.28,0.39,0.83,-0.56,9.41,0.15,0.09,0.14
422.74,84.96,-9.79,-0.83,2.62,-0.11,0.23,0.08,1.47,-0.82,9.65,-0.03,0.15,0.26
422.75,85.06,-9.98,-0.94,2.51,-0.11,0.23,0.06,1.55,-0.92,9.81,-0.03,0.16,0.25
422.76,85.24,-10.01,-0.99,2.36,-0.11,0.23,0.09,1.44,-0.96,9.86,-0.02,0.14,0.21
422.78,85.32,-9.99,-0.98,2.35,-0.12,0.22,0.10,1.39,-1.02,9.83,-0.01,0.12,0.20
422.80,85.44,-9.98,-0.94,2.29,-0.12,0.21,0.10,1.35,-1.07,9.73,0.01,0.11,0.21
422.81,85.61,-9.95,-0.88,2.08,-0.11,0.19,0.09,1.23,-1.03,9.60,0.01,0.11,0.22
422.82,85.74,-9.93,-0.85,1.88,-0.11,0.19,0.09,1.11,-1.04,9.62,0.01,0.11,0.23
422.83,85.79,-9.96,-0.82,1.75,-0.10,0.18,0.11,0.83,-0.97,9.68,-0.00,0.13,0.24
422.85,85.85,-10.07,-0.84,1.79,-0.09,0.17,0.13,0.80,-0.98,9.73,-0.00,0.12,0.27
422.86,85.85,-10.14,-0.85,1.83,-0.08,0.14,0.15,0.88,-1.02,9.78,0.01,0.12,0.29
422.87,85.88,-10.15,-0.85,1.84,-0.08,0.14,0.15,0.88,-1.02,9.78,0.01,0.11,0.29
422.88,85.80,-10.15,-0.86,1.84,-0.08,0.13,0.15,1.09,-1.07,9.82,0.03,0.10,0.28
422.97,85.93,-10.06,-0.85,1.82,-0.08,0.10,0.15,1.16,-1.07,9.81,0.03,0.10,0.25
422.99,86.04,-9.89,-0.84,1.83,-0.08,0.08,0.15,1.20,-1.08,9.80,0.04,0.08,0.18
423.00,86.08,-9.82,-0.82,1.94,-0.09,0.10,0.15,1.06,-1.11,9.79,0.05,0.07,0.07
423.02,86.00,-9.91,-0.85,2.11,-0.10,0.10,0.14,1.04,-1.20,9.76,0.06,0.06,0.06
423.04,85.94,-10.00,-0.85,2.12,-0.10,0.09,0.14,1.16,-1.25,9.79,0.07,0.07,0.07
423.05,86.08,-10.03,-0.69,1.95,-0.09,0.07,0.12,1.15,-0.97,9.75,0.07,0.02,-0.04
423.06,86.11,-9.99,-0.68,2.00,-0.09,0.08,0.14,1.04,-0.97,9.73,0.07,0.02,-0.03
423.07,86.08,-9.94,-0.68,2.07,-0.08,0.08,0.17,1.02,-0.97,9.72,0.08,0.03,-0.01
423.08,86.04,-9.89,-0.65,2.11,-0.07,0.09,0.18,1.05,-0.96,9.74,0.09,0.04,0.03
423.09,85.98,-9.87,-0.61,2.08,-0.07,0.08,0.17,1.10,-0.95,9.74,0.09,0.06,0.07
423.10,85.94,-9.93,-0.56,2.00,-0.06,0.08,0.16,1.14,-0.90,9.75,0.09,0.08,0.09
423.12,85.94,-10.00,-0.56,2.00,-0.06,0.08,0.16,1.21,-0.92,9.79,0.09,0.08,0.09
423.13,85.98,-10.05,-0.57,2.00,-0.07,0.08,0.17,1.29,-0.95,9.84,0.10,0.09,0.07
423.14,86.04,-10.06,-0.54,1.96,-0.07,0.09,0.18,1.29,-0.96,9.84,0.11,0.09,0.04
423.15,86.09,-9.98,-0.40,1.81,-0.07,0.09,0.18,1.08,-0.84,9.78,0.11,0.09,-0.01
423.17,86.15,-9.85,-0.19,1.62,-0.07,0.08,0.16,0.94,-0.76,9.73,0.11,0.09,0.02
423.21,86.05,-9.75,0.08,1.37,-0.08,0.08,0.13,0.49,-0.45,9.60,0.09,0.09,0.08
423.22,86.03,-9.84,0.08,1.40,-0.07,0.07,0.10,0.56,-0.40,9.64,0.08,0.10,0.12
423.23,85.96,-9.92,0.07,1.37,-0.06,0.06,0.07,0.65,-0.39,9.68,0.07,0.10,0.11
423.25,86.01,-10.01,0.04,1.37,-0.06,0.05,0.05,0.70,-0.40,9.70,0.06,0.08,0.06
423.26,86.01,-9.95,0.01,1.45,-0.06,0.04,0.04,0.72,-0.48,9.73,0.05,0.06,0.03
423.28,86.01,-9.88,0.02,1.48,-0.05,0.03,0.04,0.68,-0.46,9.69,0.04,0.04,0.01
423.30,85.95,-9.87,0.05,1.45,-0.05,0.02,0.03,0.64,-0.46,9.67,0.03,0.03,0.02
423.31,85.86,-9.87,0.07,1.43,-0.05,0.01,0.01,0.59,-0.44,9.66,0.02,0.03,0.05
423.33,85.80,-9.79,0.08,1.40,-0.05,0.00,-0.01,0.53,-0.44,9.66,0.00,0.02,0.07
423.35,85.76,-9.76,0.06,1.40,-0.06,0.00,-0.02,0.53,-0.46,9.68,-0.00,0.01,0.08
423.36,85.73,-9.77,0.02,1.42,-0.06,0.01,-0.03,0.57,-0.47,9.69,-0.01,0.01,0.09
423.37,85.70,-9.84,-0.04,1.46,-0.05,0.00,-0.05,0.61,-0.49,9.70,-0.01,0.01,0.10
423.38,85.69,-9.90,-0.08,1.47,-0.04,0.00,-0.06,0.62,-0.54,9.71,-0.02,0.01,0.10
423.39,85.68,-9.96,-0.13,1.49,-0.04,0.00,-0.05,0.62,-0.59,9.73,-0.02,0.01,0.10
423.40,85.65,-10.02,-0.22,1.48,-0.03,-0.00,-0.03,0.61,-0.67,9.76,-0.02,0.01,0.11
423.42,85.62,-10.02,-0.24,1.47,-0.03,-0.01,-0.03,0.62,-0.73,9.78,-0.02,0.01,0.12
423.43,85.62,-9.99,-0.26,1.46,-0.03,-0.01,-0.03,0.66,-0.76,9.81,-0.02,0.01,0.13
423.44,85.61,-9.95,-0.27,1.46,-0.04,-0.01,-0.03,0.66,-0.79,9.81,-0.02,0.01,0.14
423.46,85.62,-9.93,-0.30,1.49,-0.05,-0.01,-0.04,0.71,-0.84,9.84,-0.02,0.00,0.14
423.47,85.62,-9.97,-0.33,1.51,-0.05,-0.01,-0.04,0.71,-0.85,9.83,-0.02,0.00,0.13
423.49,85.64,-10.02,-0.34,1.52,-0.06,-0.01,-0.04,0.76,-0.86,9.83,-0.02,0.00,0.12
423.50,85.66,-10.07,-0.34,1.52,-0.06,-0.01,-0.04,0.78,-0.85,9.82,-0.02,-0.00,0.10
423.51,85.69,-10.06,-0.34,1.51,-0.07,-0.02,-0.04,0.78,-0.85,9.79,-0.02,-0.00,0.08
423.52,85.70,-10.03,-0.35,1.51,-0.07,-0.02,-0.03,0.77,-0.83,9.77,-0.02,-0.01,0.05
423.53,85.73,-10.00,-0.35,1.52,-0.07,-0.02,-0.02,0.78,-0.82,9.76,-0.01,-0.01,0.03
423.55,85.74,-9.98,-0.34,1.55,-0.07,-0.03,-0.01,0.81,-0.80,9.78,-0.00,-0.01,0.02
423.57,85.74,-9.96,-0.27,1.60,-0.07,-0.04,0.00,0.77,-0.73,9.75,0.00,-0.02,0.00
423.59,85.70,-9.93,-0.23,1.57,-0.07,-0.04,0.01,0.71,-0.72,9.76,0.00,-0.02,0.00
423.61,85.67,-9.92,-0.20,1.49,-0.08,-0.04,0.01,0.64,-0.69,9.72,0.00,-0.02,0.01
423.62,85.65,-9.93,-0.17,1.44,-0.08,-0.05,0.02,0.61,-0.67,9.68,0.00,-0.03,0.02
423.63,85.64,-9.93,-0.15,1.41,-0.08,-0.06,0.02,0.61,-0.65,9.64,0.00,-0.03,0.02
423.64,85.64,-9.93,-0.14,1.41,-0.08,-0.06,0.02,0.66,-0.65,9.66,-0.00,-0.04,0.03
423.65,85.64,-9.93,-0.15,1.46,-0.08,-0.06,0.02,0.69,-0.66,9.70,0.00,-0.03,0.03
423.66,85.64,-9.95,-0.18,1.53,-0.08,-0.06,0.04,0.72,-0.67,9.75,0.00,-0.03,0.02
423.67,85.60,-9.97,-0.20,1.64,-0.07,-0.06,0.05,0.77,-0.66,9.79,0.01,-0.02,0.02
423.69,85.54,-9.96,-0.19,1.72,-0.05,-0.05,0.05,0.79,-0.65,9.78,0.00,-0.02,0.01
423.71,85.44,-9.85,-0.13,1.72,-0.04,-0.05,0.05,0.81,-0.61,9.74,-0.01,-0.02,0.01
423.73,85.40,-9.82,-0.11,1.74,-0.03,-0.04,0.04,0.81,-0.61,9.73,-0.02,-0.02,0.01
423.74,85.34,-9.83,-0.10,1.79,-0.02,-0.04,0.03,0.84,-0.61,9.74,-0.02,-0.02,0.01
423.75,85.23,-9.91,-0.12,1.83,-0.01,-0.03,0.02,0.86,-0.60,9.75,-0.02,-0.02,0.01
423.77,85.21,-9.93,-0.12,1.83,-0.01,-0.03,0.01,0.86,-0.60,9.75,-0.02,-0.02,0.01
423.77,85.17,-9.95,-0.11,1.85,-0.00,-0.03,0.01,0.86,-0.60,9.75,-0.02,-0.02,0.01
423.77,85.09,-9.98,-0.08,1.80,0.01,-0.02,-0.01,0.89,-0.60,9.77,-0.02,-0.01,-0.05
424.24,85.33,-9.99,-0.05,1.67,0.03,-0.02,-0.02,0.85,-0.57,9.75,-0.04,-0.01,-0.05
424.25,85.35,-9.99,-0.06,1.66,0.03,-0.03,-0.02,0.84,-0.59,9.76,-0.04,-0.01,-0.05
424.34,85.33,-9.95,-0.11,1.67,0.04,-0.02,-0.01,0.80,-0.64,9.77,-0.04,-0.00,-0.05
424.36,85.32,-9.94,-0.12,1.67,0.04,-0.02,-0.01,0.81,-0.76,9.81,-0.04,0.01,-0.03
424.38,85.43,-9.93,-0.15,1.69,0.04,-0.02,-0.01,0.78,-1.02,9.83,-0.02,0.01,-0.02
424.40,85.38,-9.91,-0.18,1.72,0.04,-0.01,-0.01,0.77,-0.94,9.78,-0.00,0.02,-0.01
424.41,85.14,-9.99,-0.38,1.70,-0.02,0.04,-0.01,0.59,-0.78,9.80,0.01,0.02,-0.01
424.42,86.20,-9.88,-0.07,1.52,-0.02,-0.04,0.02,0.50,-0.75,9.78,0.01,-0.00,-0.00
424.43,86.03,-9.92,-0.11,1.61,-0.02,-0.04,-0.01,0.48,-0.70,9.74,0.01,-0.00,-0.00
424.45,85.86,-9.95,-0.15,1.68,-0.02,-0.04,-0.06,0.39,-0.64,9.72,0.00,-0.03,-0.00
424.47,85.66,-10.35,-0.43,1.55,-0.06,-0.02,-0.48,0.99,-0.91,9.95,-0.01,-0.08,0.00
424.48,86.04,-10.13,-0.50,1.61,-0.08,-0.04,-0.20,0.32,-0.80,9.57,0.02,-0.08,0.09
424.49,85.68,-9.75,-0.68,1.60,-0.05,-0.07,-0.05,0.46,-0.76,9.54,-0.01,-0.14,0.38
424.50,85.79,-9.61,-0.72,1.47,-0.03,-0.09,0.03,0.86,-0.74,9.13,-0.07,-0.19,0.43
424.51,86.05,-9.68,-0.73,1.42,-0.03,-0.09,0.08,0.98,-0.79,9.07,-0.12,-0.19,0.34
424.53,86.32,-10.21,-0.80,1.54,-0.05,-0.08,0.19,0.83,-0.83,9.65,-0.15,0.02,0.11
424.54,85.88,-10.45,-0.67,1.59,-0.02,-0.04,0.29,0.48,-0.85,10.40,-0.06,0.10,0.13
424.56,85.54,-10.32,-0.56,1.54,-0.01,-0.02,0.33,0.68,-1.02,9.82,-0.04,0.13,0.22
424.57,85.47,-10.10,-0.51,1.45,-0.01,-0.02,0.39,0.87,-1.11,9.58,-0.06,0.11,0.21
424.58,85.61,-9.80,-0.50,1.41,-0.02,-0.05,0.45,1.10,-1.25,9.54,-0.10,0.04,0.12
424.60,85.73,-9.75,-0.49,1.39,-0.04,-0.06,0.43,1.14,-1.24,9.70,-0.09,0.01,0.04
424.61,85.92,-9.84,-0.45,1.55,-0.08,-0.05,0.33,1.09,-1.11,9.97,-0.04,-0.01,-0.00
424.63,85.97,-9.95,-0.41,1.68,-0.08,-0.04,0.25,1.02,-1.03,10.01,-0.00,-0.01,-0.00
424.64,85.95,-10.09,-0.31,1.83,-0.08,-0.03,0.19,1.03,-1.01,9.94,0.02,-0.00,-0.00
424.65,85.90,-10.12,-0.15,1.87,-0.07,-0.03,0.14,1.07,-1.02,9.81,0.01,-0.00,-0.01
424.67,85.90,-10.03,-0.09,1.84,-0.06,-0.05,0.12,1.09,-1.05,9.74,0.00,-0.01,-0.03
424.68,85.89,-9.92,-0.07,1.77,-0.07,-0.05,0.12,1.05,-1.03,9.70,-0.01,-0.01,-0.05
424.69,85.84,-9.86,-0.08,1.64,-0.07,-0.06,0.10,0.97,-1.01,9.69,-0.01,-0.02,-0.06
424.70,85.84,-9.84,-0.08,1.67,-0.07,-0.05,0.08,0.90,-0.96,9.70,-0.01,-0.02,-0.05
424.71,85.80,-9.87,-0.07,1.73,-0.07,-0.05,0.05,0.89,-0.94,9.75,0.00,-0.02,-0.04
424.73,85.77,-9.93,-0.04,1.73,-0.07,-0.04,0.04,0.90,-0.93,9.77,0.00,-0.01,-0.03
424.74,85.72,-10.00,-0.03,1.72,-0.06,-0.05,0.03,0.86,-0.92,9.77,0.00,-0.01,-0.02
424.75,85.68,-10.00,-0.01,1.69,-0.06,-0.05,0.03,0.85,-0.93,9.75,-0.00,-0.02,-0.01
424.77,85.63,-9.90,0.01,1.65,-0.05,-0.05,0.01,0.85,-0.93,9.74,-0.01,-0.03,-0.01
424.80,85.62,-9.90,0.04,1.45,-0.07,-0.07,-0.02,0.72,-0.96,9.61,-0.03,-0.04,-0.00
424.81,85.62,-9.89,0.02,1.48,-0.08,-0.07,-0.03,0.73,-0.96,9.64,-0.03,-0.05,0.01
424.82,85.61,-9.89,-0.02,1.53,-0.08,-0.07,-0.03,0.73,-0.96,9.67,-0.03,-0.05,0.01
424.83,85.59,-9.91,-0.05,1.60,-0.07,-0.07,-0.03,0.73,-0.96,9.71,-0.03,-0.04,0.01
424.85,85.56,-9.94,-0.08,1.62,-0.06,-0.07,-0.03,0.75,-0.98,9.73,-0.03,-0.05,0.02
424.86,85.54,-9.96,-0.10,1.64,-0.06,-0.08,-0.03,0.80,-1.00,9.77,-0.03,-0.05,0.02
424.87,85.52,-9.99,-0.14,1.68,-0.06,-0.08,-0.03,0.86,-1.04,9.79,-0.03,-0.05,0.02
424.88,85.51,-10.00,-0.16,1.71,-0.05,-0.08,-0.02,0.88,-1.06,9.79,-0.03,-0.05,0.02
424.89,85.51,-10.00,-0.18,1.74,-0.05,-0.08,-0.01,0.92,-1.10,9.78,-0.03,-0.05,0.01
424.90,85.49,-9.99,-0.22,1.81,-0.04,-0.08,0.00,0.99,-1.13,9.77,-0.02,-0.05,-0.00
424.92,85.49,-9.95,-0.25,1.87,-0.03,-0.07,0.02,1.04,-1.18,9.77,-0.01,-0.05,-0.03
424.96,85.47,-9.97,-0.24,1.88,-0.03,-0.06,0.03,1.01,-1.21,9.76,-0.00,-0.04,-0.03
424.97,85.44,-9.98,-0.21,1.86,-0.03,-0.06,0.04,0.99,-1.21,9.77,0.00,-0.04,-0.02
424.98,85.43,-9.98,-0.17,1.83,-0.03,-0.06,0.04,0.96,-1.19,9.76,0.01,-0.04,-0.02
425.00,85.41,-9.96,-0.10,1.78,-0.04,-0.07,0.05,0.94,-1.17,9.74,0.01,-0.04,-0.01
425.01,85.41,-9.94,-0.07,1.75,-0.05,-0.07,0.05,0.94,-1.13,9.74,0.01,-0.04,-0.01
425.03,85.41,-9.93,-0.03,1.76,-0.06,-0.06,0.05,0.93,-1.09,9.74,0.01,-0.04,-0.00
425.04,85.41,-9.92,0.01,1.75,-0.07,-0.06,0.04,0.93,-1.05,9.74,0.01,-0.04,-0.00
425.05,85.41,-9.90,0.03,1.77,-0.08,-0.06,0.04,0.94,-1.03,9.74,0.01,-0.04,0.00
425.06,85.41,-9.89,0.06,1.79,-0.09,-0.06,0.03,0.96,-0.98,9.73,0.01,-0.04,0.01
425.07,85.42,-9.88,0.06,1.80,-0.09,-0.06,0.02,0.99,-0.94,9.72,0.01,-0.04,0.01
425.09,85.41,-9.87,0.06,1.86,-0.09,-0.05,0.01,1.02,-0.93,9.72,0.01,-0.04,0.01
425.10,85.40,-9.86,0.06,1.89,-0.09,-0.05,0.00,1.05,-0.92,9.72,0.00,-0.03,0.01
425.11,85.39,-9.87,0.05,1.94,-0.08,-0.05,-0.01,1.08,-0.90,9.72,-0.00,-0.03,0.00
425.13,85.37,-9.88,0.04,1.95,-0.07,-0.05,-0.01,1.10,-0.90,9.72,-0.01,-0.03,0.00
425.14,85.36,-9.88,0.03,1.97,-0.06,-0.04,-0.01,1.11,-0.90,9.72,-0.01,-0.02,-0.00
425.16,85.34,-9.87,0.03,1.98,-0.05,-0.04,-0.02,1.11,-0.91,9.71,-0.01,-0.02,-0.01
425.18,85.34,-9.86,0.02,1.97,-0.04,-0.04,-0.03,1.10,-0.92,9.72,-0.01,-0.02,-0.01
425.19,85.32,-9.86,0.02,1.95,-0.03,-0.04,-0.03,1.09,-0.93,9.72,-0.02,-0.02,-0.02
425.20,85.32,-9.86,0.02,1.93,-0.02,-0.04,-0.04,1.09,-0.95,9.72,-0.02,-0.02,-0.02
425.21,85.32,-9.87,0.02,1.91,-0.02,-0.03,-0.05,1.06,-0.97,9.71,-0.03,-0.01,-0.02
425.24,85.31,-9.89,0.01,1.89,-0.02,-0.03,-0.06,1.04,-1.00,9.70,-0.03,-0.01,-0.03
425.25,85.31,-9.89,-0.02,1.88,-0.02,-0.03,-0.06,1.03,-1.03,9.71,-0.03,-0.01,-0.02
425.27,85.30,-9.90,-0.03,1.88,-0.02,-0.03,-0.07,1.03,-1.04,9.72,-0.03,-0.01,-0.02
425.29,85.30,-9.90,-0.04,1.88,-0.02,-0.03,-0.07,1.03,-1.05,9.72,-0.03,-0.01,-0.02
425.30,85.30,-9.90,-0.06,1.89,-0.02,-0.03,-0.07,1.04,-1.05,9.72,-0.04,-0.01,-0.02
425.31,85.29,-9.90,-0.08,1.90,-0.02,-0.03,-0.08,1.05,-1.05,9.73,-0.04,-0.01,-0.02
425.32,85.29,-9.90,-0.10,1.90,-0.02,-0.03,-0.08,1.05,-1.06,9.73,-0.04,-0.01,-0.02
425.33,85.29,-9.90,-0.11,1.90,-0.02,-0.03,-0.08,1.05,-1.07,9.72,-0.04,-0.01,-0.02
425.35,85.29,-9.91,-0.14,1.91,-0.02,-0.03,-0.08,1.06,-1.08,9.73,-0.04,-0.01,-0.02
425.36,85.29,-9.91,-0.15,1.92,-0.02,-0.02,-0.08,1.06,-1.09,9.73,-0.04,-0.01,-0.02
425.38,85.29,-9.92,-0.18,1.92,-0.02,-0.02,-0.08,1.06,-1.10,9.72,-0.03,-0.01,-0.02
425.39,85.30,-9.92,-0.21,1.92,-0.01,-0.02,-0.07,1.07,-1.12,9.71,-0.03,-0.00,-0.02
425.42,85.31,-9.93,-0.22,1.92,-0.01,-0.02,-0.07,1.06,-1.14,9.72,-0.03,-0.00,-0.02
425.43,85.31,-9.92,-0.23,1.90,-0.01,-0.02,-0.06,1.05,-1.14,9.73,-0.03,-0.00,-0.02
425.44,85.31,-9.93,-0.23,1.90,-0.01,-0.01,-0.06,1.04,-1.15,9.73,-0.03,-0.00,-0.02
425.45,85.31,-9.92,-0.24,1.90,-0.01,-0.01,-0.06,1.04,-1.16,9.73,-0.03,-0.00,-0.02
425.46,85.31,-9.92,-0.25,1.88,-0.02,-0.01,-0.05,1.04,-1.16,9.73,-0.03,-0.00,-0.01
425.47,85.32,-9.94,-0.25,1.85,-0.02,-0.01,-0.05,1.02,-1.17,9.73,-0.02,-0.00,-0.01
425.49,85.34,-9.93,-0.25,1.84,-0.02,-0.01,-0.05,1.01,-1.18,9.72,-0.02,-0.00,-0.01
425.50,85.35,-9.93,-0.26,1.84,-0.02,-0.01,-0.04,1.00,-1.17,9.70,-0.02,-0.00,-0.01
425.51,85.36,-9.93,-0.26,1.83,-0.03,-0.01,-0.04,0.99,-1.19,9.71,-0.02,-0.00,-0.01
425.53,85.36,-9.93,-0.26,1.83,-0.03,-0.02,-0.04,0.99,-1.18,9.71,-0.02,-0.00,-0.01
425.54,85.36,-9.93,-0.27,1.84,-0.03,-0.02,-0.04,1.00,-1.18,9.71,-0.02,-0.00,-0.01
425.55,85.37,-9.93,-0.27,1.84,-0.03,-0.02,-0.03,1.00,-1.18,9.73,-0.01,-0.00,-0.01
425.56,85.37,-9.94,-0.27,1.84,-0.04,-0.02,-0.03,0.99,-1.17,9.71,-0.01,-0.00,-0.00
425.58,85.37,-9.93,-0.27,1.84,-0.04,-0.02,-0.02,1.00,-1.18,9.70,-0.01,-0.00,-0.00
425.59,85.37,-9.93,-0.28,1.84,-0.04,-0.02,-0.02,1.00,-1.17,9.70,-0.01,-0.01,-0.00
425.60,85.37,-9.93,-0.27,1.85,-0.04,-0.02,-0.02,1.00,-1.17,9.70,-0.01,-0.01,-0.00
425.61,85.37,-9.93,-0.27,1.87,-0.05,-0.02,-0.02,1.01,-1.17,9.70,-0.01,-0.01,-0.00
425.62,85.36,-9.93,-0.28,1.86,-0.05,-0.03,-0.01,1.01,-1.17,9.72,-0.01,-0.01,0.00
425.63,85.36,-9.93,-0.28,1.88,-0.05,-0.03,-0.01,1.03,-1.16,9.71,-0.01,-0.01,-0.00
425.65,85.36,-9.92,-0.27,1.87,-0.05,-0.03,-0.01,1.03,-1.15,9.71,-0.00,-0.01,-0.00
425.66,85.36,-9.92,-0.27,1.87,-0.05,-0.03,-0.01,1.03,-1.12,9.71,-0.00,-0.01,-0.00
425.68,85.35,-9.92,-0.25,1.85,-0.05,-0.03,-0.01,1.01,-1.11,9.69,-0.00,-0.01,-0.00
425.70,85.35,-9.91,-0.24,1.85,-0.05,-0.03,-0.01,1.00,-1.11,9.68,-0.01,-0.01,-0.00
425.71,85.34,-9.90,-0.24,1.86,-0.05,-0.03,-0.01,1.00,-1.11,9.69,-0.01,-0.01,-0.00
425.72,85.33,-9.91,-0.24,1.86,-0.05,-0.03,-0.01,1.00,-1.11,9.68,-0.01,-0.01,-0.00
425.73,85.33,-9.90,-0.23,1.87,-0.05,-0.04,-0.01,1.01,-1.10,9.68,-0.01,-0.01,-0.00
425.74,85.32,-9.91,-0.24,1.87,-0.04,-0.04,-0.02,1.03,-1.10,9.69,-0.01,-0.01,-0.00
425.75,85.32,-9.92,-0.24,1.87,-0.04,-0.04,-0.02,1.03,-1.10,9.68,-0.01,-0.01,-0.00
425.77,85.31,-9.90,-0.24,1.87,-0.04,-0.04,-0.02,1.03,-1.10,9.69,-0.01,-0.01,-0.00
425.79,85.30,-9.89,-0.25,1.88,-0.04,-0.05,-0.02,1.02,-1.10,9.69,-0.01,-0.02,-0.01
425.81,85.28,-9.88,-0.25,1.89,-0.04,-0.05,-0.03,1.03,-1.11,9.69,-0.01,-0.02,-0.01
425.82,85.27,-9.89,-0.26,1.90,-0.04,-0.05,-0.03,1.03,-1.12,9.70,-0.01,-0.02,-0.01
425.84,85.26,-9.90,-0.27,1.91,-0.04,-0.04,-0.03,1.05,-1.13,9.72,-0.01,-0.01,-0.01
425.87,85.24,-9.90,-0.28,1.94,-0.04,-0.04,-0.03,1.08,-1.14,9.71,-0.01,-0.01,-0.01
425.88,85.24,-9.90,-0.28,1.94,-0.04,-0.04,-0.03,1.10,-1.15,9.71,-0.01,-0.01,-0.01
425.90,85.25,-9.89,-0.29,1.96,-0.04,-0.04,-0.03,1.11,-1.16,9.71,-0.01,-0.01,-0.01
425.91,85.24,-9.88,-0.29,1.97,-0.03,-0.04,-0.03,1.11,-1.16,9.71,-0.02,-0.01,-0.01
425.92,85.23,-9.88,-0.30,1.97,-0.03,-0.03,-0.03,1.11,-1.16,9.71,-0.02,-0.01,-0.01
425.93,85.23,-9.89,-0.30,1.98,-0.03,-0.03,-0.03,1.11,-1.16,9.71,-