=~=~=~=~=~=~=~=~=~=~=~= PuTTY log 2024.05.21 12:35:53 =~=~=~=~=~=~=~=~=~=~=~=
01
4370.25,69.56,-9.26,2.65,3.07,-0.04,-0.02,0.00,-0.35,1.04,10.00,0.00,-0.00,0.00
4370.27,69.57,-9.27,2.65,3.07,-0.04,-0.02,0.00,-0.37,1.03,9.99,0.00,0.00,0.00
4370.29,69.58,-9.26,2.65,3.07,-0.04,-0.02,0.00,-0.37,1.03,9.99,0.01,0.00,0.00
4370.30,69.58,-9.26,2.65,3.07,-0.04,-0.02,0.00,-0.37,1.03,9.99,0.01,0.00,0.00
4370.31,69.58,-9.25,2.65,3.07,-0.04,-0.02,-0.00,-0.37,1.03,10.00,0.01,-0.00,0.00
4370.33,69.58,-9.25,2.65,3.06,-0.04,-0.02,-0.00,-0.37,1.03,9.99,0.01,0.00,0.00
4370.34,69.58,-9.25,2.65,3.07,-0.04,-0.02,-0.00,-0.37,1.03,9.99,0.01,0.00,0.00
4370.35,69.59,-9.26,2.65,3.06,-0.04,-0.02,-0.00,-0.37,1.03,9.99,0.01,0.00,0.00
4370.37,69.59,-9.26,2.65,3.07,-0.04,-0.02,-0.00,-0.37,1.02,9.99,0.01,0.00,0.00
4370.39,69.59,-9.25,2.66,3.07,-0.04,-0.02,-0.00,-0.38,1.02,9.99,0.01,0.00,0.00
4370.40,69.59,-9.25,2.65,3.07,-0.04,-0.02,-0.00,-0.37,1.03,9.99,0.01,0.00,0.00
4370.41,69.59,-9.25,2.65,3.06,-0.04,-0.02,-0.00,-0.37,1.03,10.00,0.01,0.00,0.00
4370.42,69.59,-9.25,2.64,3.07,-0.04,-0.02,0.00,-0.37,1.02,9.99,0.01,0.00,0.00
4370.44,69.59,-9.25,2.64,3.07,-0.04,-0.02,0.00,-0.37,1.02,9.98,0.01,0.00,0.00
4370.45,69.59,-9.24,2.65,3.07,-0.04,-0.02,0.00,-0.36,1.01,9.99,0.01,0.00,0.00
4370.46,69.59,-9.25,2.66,3.07,-0.04,-0.02,0.00,-0.37,1.02,9.99,0.01,0.00,0.00
4370.48,69.59,-9.24,2.67,3.06,-0.04,-0.02,0.00,-0.37,1.03,9.99,0.01,0.00,0.00
4370.49,69.59,-9.25,2.66,3.07,-0.04,-0.02,0.00,-0.37,1.03,9.99,0.01,0.00,0.01
4370.50,69.59,-9.25,2.65,3.07,-0.04,-0.02,0.00,-0.38,1.02,9.99,0.01,0.00,0.01
4370.51,69.58,-9.25,2.66,3.08,-0.04,-0.02,0.00,-0.37,1.02,9.98,0.01,0.00,0.00
4370.53,69.58,-9.26,2.65,3.08,-0.04,-0.02,0.00,-0.36,1.01,9.98,0.01,0.00,0.00
4370.54,69.58,-9.26,2.65,3.07,-0.04,-0.02,0.00,-0.37,1.02,9.98,0.01,0.00,0.00
4370.55,69.58,-9.26,2.66,3.08,-0.04,-0.02,0.00,-0.37,1.02,9.99,0.01,0.00,0.00
4370.56,69.58,-9.26,2.65,3.08,-0.04,-0.02,0.00,-0.37,1.02,10.00,0.01,0.00,0.00
4370.58,69.57,-9.26,2.65,3.08,-0.04,-0.02,0.00,-0.38,1.02,9.99,0.00,0.00,0.00
4370.59,69.57,-9.26,2.66,3.08,-0.04,-0.02,0.00,-0.37,1.02,9.99,0.01,0.00,0.00
4370.61,69.57,-9.26,2.65,3.07,-0.04,-0.02,0.00,-0.37,1.02,9.98,0.01,0.00,0.00
4370.62,69.57,-9.26,2.65,3.08,-0.04,-0.02,0.00,-0.37,1.02,9.98,0.01,0.00,0.00
4370.64,69.57,-9.26,2.65,3.08,-0.04,-0.02,0.00,-0.37,1.03,9.99,0.01,0.00,0.01
4370.65,69.57,-9.26,2.65,3.07,-0.04,-0.02,0.00,-0.37,1.02,9.99,0.01,0.00,0.01
4370.67,69.57,-9.25,2.66,3.06,-0.04,-0.02,0.00,-0.37,1.02,9.99,0.01,0.00,0.01
4370.68,69.58,-9.26,2.66,3.06,-0.04,-0.02,0.00,-0.37,1.02,9.99,0.01,0.00,0.01
4370.69,69.58,-9.27,2.66,3.06,-0.04,-0.02,0.00,-0.37,1.03,9.99,0.00,0.00,0.01
4370.71,69.59,-9.26,2.66,3.05,-0.04,-0.02,0.00,-0.37,1.04,9.99,0.00,0.00,0.00
4370.72,69.59,-9.26,2.66,3.06,-0.04,-0.02,-0.00,-0.36,1.03,9.99,0.00,0.00,0.00
4370.73,69.59,-9.26,2.66,3.07,-0.04,-0.02,-0.00,-0.37,1.04,9.99,0.01,0.00,0.00
4370.75,69.60,-9.26,2.65,3.07,-0.04,-0.02,-0.00,-0.37,1.04,9.99,0.01,0.00,0.00
4370.76,69.60,-9.26,2.65,3.08,-0.04,-0.02,-0.00,-0.36,1.04,10.00,0.01,0.00,0.00
4370.77,69.60,-9.26,2.65,3.07,-0.04,-0.02,-0.00,-0.36,1.04,9.98,0.01,0.00,0.00
4370.79,69.60,-9.26,2.65,3.07,-0.04,-0.02,-0.00,-0.37,1.04,9.99,0.01,0.00,0.00
4370.80,69.60,-9.26,2.66,3.07,-0.04,-0.02,-0.00,-0.36,1.03,9.98,0.01,-0.00,0.00
4370.82,69.60,-9.25,2.66,3.06,-0.04,-0.02,-0.00,-0.37,1.03,9.98,0.01,-0.00,0.00
4370.83,69.60,-9.25,2.66,3.07,-0.04,-0.02,-0.00,-0.37,1.03,9.97,0.00,-0.00,0.00
4370.84,69.60,-9.26,2.66,3.07,-0.04,-0.02,-0.00,-0.36,1.03,9.98,0.00,-0.00,0.00
4370.85,69.60,-9.26,2.66,3.07,-0.04,-0.02,-0.00,-0.37,1.02,9.98,0.00,-0.00,0.00
4370.87,69.60,-9.26,2.66,3.06,-0.04,-0.02,-0.00,-0.37,1.02,9.99,0.00,-0.00,0.00
4370.88,69.60,-9.27,2.66,3.06,-0.04,-0.02,-0.00,-0.37,1.02,10.01,0.00,0.00,0.00
4370.89,69.60,-9.27,2.66,3.06,-0.04,-0.02,-0.00,-0.38,1.01,10.00,0.00,0.00,0.00
4370.91,69.60,-9.27,2.64,3.06,-0.04,-0.02,0.00,-0.37,1.01,9.99,0.01,0.00,0.00
4370.92,69.60,-9.27,2.64,3.07,-0.04,-0.02,0.00,-0.37,1.02,9.99,0.01,0.00,0.01
4370.94,69.60,-9.26,2.65,3.06,-0.04,-0.02,0.00,-0.36,1.01,9.99,0.01,0.00,0.01
4370.95,69.61,-9.25,2.65,3.05,-0.04,-0.02,0.00,-0.37,1.03,9.98,0.01,0.00,0.00
4370.97,69.61,-9.25,2.66,3.06,-0.04,-0.02,0.00,-0.36,1.03,9.97,0.01,0.00,0.00
4370.98,69.61,-9.25,2.66,3.07,-0.04,-0.02,0.00,-0.36,1.03,9.97,0.01,0.00,0.00
4370.99,69.61,-9.25,2.66,3.07,-0.04,-0.02,0.00,-0.36,1.04,9.98,0.01,0.00,0.00
4371.00,69.61,-9.25,2.66,3.08,-0.04,-0.02,0.00,-0.36,1.03,9.97,0.01,0.00,0.00
4371.02,69.60,-9.25,2.66,3.07,-0.04,-0.02,-0.00,-0.36,1.03,9.99,0.01,0.00,0.00
4371.03,69.60,-9.26,2.66,3.07,-0.04,-0.02,0.00,-0.38,1.02,10.00,0.01,0.00,0.00
4371.04,69.60,-9.26,2.65,3.06,-0.04,-0.02,0.00,-0.38,1.02,9.99,0.01,0.00,0.00
4371.05,69.59,-9.26,2.64,3.06,-0.04,-0.02,0.00,-0.38,1.02,9.99,0.01,0.00,0.00
4371.07,69.59,-9.26,2.65,3.07,-0.04,-0.02,0.00,-0.37,1.03,9.99,0.01,0.00,0.00
4371.08,69.59,-9.26,2.66,3.06,-0.04,-0.02,0.00,-0.38,1.03,9.99,0.01,0.00,0.00
4371.09,69.59,-9.26,2.66,3.06,-0.04,-0.02,0.00,-0.37,1.02,9.98,0.01,0.00,0.00
4371.10,69.59,-9.25,2.66,3.08,-0.04,-0.02,0.00,-0.36,1.03,9.99,0.01,0.00,0.00
4371.12,69.59,-9.26,2.66,3.09,-0.04,-0.02,0.00,-0.35,1.02,10.00,0.01,0.00,0.00
4371.14,69.59,-9.26,2.65,3.08,-0.04,-0.02,0.00,-0.36,1.02,10.00,0.01,0.00,0.00
4371.16,69.59,-9.26,2.65,3.07,-0.04,-0.02,0.00,-0.37,1.01,10.00,0.00,0.00,0.00
4371.18,69.59,-9.26,2.65,3.07,-0.04,-0.02,0.00,-0.37,1.01,10.00,0.00,0.00,0.01
4371.19,69.58,-9.25,2.65,3.07,-0.04,-0.02,0.01,-0.38,1.02,10.00,0.00,-0.00,0.01
4371.20,69.58,-9.25,2.65,3.07,-0.04,-0.02,0.01,-0.38,1.02,9.99,0.00,0.00,0.01
4371.21,69.57,-9.25,2.65,3.08,-0.04,-0.02,0.01,-0.36,1.02,9.98,0.00,0.00,0.01
4371.23,69.57,-9.25,2.66,3.08,-0.04,-0.02,0.01,-0.36,1.02,9.99,0.00,0.00,0.01
4371.24,69.57,-9.25,2.66,3.09,-0.04,-0.02,0.01,-0.36,1.02,9.98,0.00,0.00,0.01
4371.25,69.56,-9.25,2.66,3.08,-0.04,-0.02,0.01,-0.37,1.03,9.98,0.00,0.00,0.00
4371.27,69.55,-9.25,2.66,3.08,-0.04,-0.02,0.00,-0.37,1.03,9.99,-0.00,0.00,0.00
4371.28,69.54,-9.26,2.66,3.08,-0.04,-0.02,0.00,-0.38,1.02,9.99,-0.00,0.00,0.01
4371.29,69.54,-9.27,2.65,3.08,-0.04,-0.02,0.00,-0.37,1.02,10.00,-0.00,0.01,0.01
4371.30,69.53,-9.27,2.65,3.09,-0.04,-0.02,0.00,-0.38,1.02,10.00,-0.00,0.01,0.01
4371.31,69.52,-9.26,2.65,3.07,-0.04,-0.02,0.00,-0.37,1.02,9.99,-0.00,0.01,0.01
4371.33,69.51,-9.26,2.65,3.08,-0.04,-0.02,0.00,-0.37,1.02,10.01,-0.00,0.01,0.00
4371.34,69.50,-9.25,2.65,3.08,-0.04,-0.02,0.01,-0.38,1.02,9.99,0.00,0.01,0.00
4371.35,69.50,-9.25,2.67,3.08,-0.04,-0.02,0.01,-0.37,1.01,9.98,0.00,0.01,0.01
4371.37,69.49,-9.25,2.67,3.08,-0.04,-0.02,0.01,-0.36,1.02,9.99,0.00,0.00,0.01
4371.38,69.49,-9.25,2.68,3.09,-0.04,-0.02,0.01,-0.36,1.03,9.99,0.00,0.00,0.01
4371.40,69.49,-9.25,2.68,3.08,-0.04,-0.02,0.00,-0.36,1.03,9.99,0.00,0.00,0.01
4371.41,69.49,-9.25,2.68,3.08,-0.04,-0.02,0.00,-0.35,1.04,9.99,0.00,0.00,0.01
4371.43,69.49,-9.25,2.67,3.08,-0.04,-0.02,0.00,-0.36,1.03,9.99,0.00,0.00,0.00
4371.44,69.49,-9.25,2.68,3.08,-0.04,-0.02,0.00,-0.36,1.03,9.99,0.00,0.00,0.00
4371.45,69.49,-9.27,2.67,3.08,-0.04,-0.02,-0.00,-0.36,1.03,10.00,0.00,0.00,0.00
4371.47,69.49,-9.26,2.67,3.08,-0.03,-0.02,-0.00,-0.37,1.03,10.00,0.00,0.00,0.00
4371.49,69.50,-9.26,2.67,3.08,-0.03,-0.02,-0.00,-0.38,1.02,10.01,0.01,0.00,0.00
4371.50,69.50,-9.26,2.66,3.07,-0.03,-0.02,-0.00,-0.37,1.02,9.99,0.01,-0.00,0.00
4371.52,69.50,-9.26,2.65,3.08,-0.03,-0.02,-0.00,-0.36,1.02,9.99,0.01,-0.00,0.00
4371.53,69.51,-9.26,2.65,3.08,-0.03,-0.02,-0.00,-0.37,1.01,9.98,0.01,0.00,0.00
4371.54,69.51,-9.26,2.65,3.08,-0.04,-0.02,-0.00,-0.37,1.02,9.99,0.01,0.00,0.00
4371.56,69.51,-9.26,2.65,3.07,-0.04,-0.02,-0.00,-0.38,1.01,9.99,0.01,0.00,0.00
4371.57,69.51,-9.27,2.65,3.07,-0.04,-0.02,0.00,-0.38,1.01,9.99,0.01,0.00,0.00
4371.59,69.51,-9.27,2.65,3.06,-0.04,-0.02,0.00,-0.39,1.00,10.00,0.01,0.00,0.00
4371.60,69.51,-9.26,2.65,3.07,-0.04,-0.02,0.00,-0.38,1.01,10.00,0.01,0.00,0.01
4371.61,69.51,-9.25,2.66,3.07,-0.04,-0.02,0.00,-0.38,1.02,9.99,0.01,0.00,0.01
4371.63,69.51,-9.25,2.67,3.07,-0.04,-0.02,0.00,-0.38,1.02,9.99,0.01,0.00,0.00
4371.64,69.52,-9.25,2.67,3.07,-0.04,-0.02,0.00,-0.37,1.03,9.99,0.01,0.00,0.00
4371.65,69.52,-9.24,2.68,3.07,-0.04,-0.02,-0.00,-0.36,1.03,9.99,0.01,0.00,0.00
4371.67,69.52,-9.25,2.67,3.08,-0.04,-0.02,-0.00,-0.37,1.02,10.00,0.01,0.00,0.00
4371.69,69.52,-9.25,2.66,3.08,-0.04,-0.02,-0.00,-0.37,1.02,10.00,0.01,0.00,0.00
4371.70,69.52,-9.26,2.66,3.08,-0.04,-0.02,-0.00,-0.37,1.02,9.99,0.01,0.00,0.00
4371.72,69.52,-9.26,2.66,3.09,-0.04,-0.02,-0.00,-0.37,1.03,10.00,0.01,-0.00,0.00
4371.73,69.52,-9.26,2.67,3.09,-0.04,-0.02,-0.00,-0.38,1.03,9.99,0.01,-0.00,0.00
4371.75,69.51,-9.26,2.67,3.09,-0.03,-0.02,-0.00,-0.38,1.03,10.00,0.00,-0.00,0.00
4371.76,69.51,-9.25,2.66,3.08,-0.03,-0.02,-0.00,-0.38,1.02,10.00,0.00,0.00,0.00
4371.78,69.51,-9.25,2.66,3.07,-0.03,-0.02,-0.00,-0.37,1.01,10.00,0.01,0.00,0.00
4371.79,69.51,-9.25,2.65,3.08,-0.03,-0.02,-0.00,-0.38,1.00,10.00,0.01,0.00,0.00
4371.81,69.50,-9.25,2.66,3.08,-0.04,-0.02,-0.00,-0.38,1.01,10.00,0.01,0.00,0.00
4371.82,69.50,-9.25,2.66,3.07,-0.04,-0.02,-0.00,-0.38,1.01,9.99,0.01,0.00,0.00
4371.83,69.51,-9.26,2.67,3.07,-0.04,-0.02,-0.00,-0.38,1.01,9.99,0.01,0.00,0.00
4371.85,69.51,-9.26,2.66,3.07,-0.04,-0.02,-0.00,-0.38,1.02,9.98,0.01,0.00,0.00
4371.87,69.51,-9.25,2.66,3.07,-0.04,-0.02,-0.00,-0.37,1.03,9.99,0.01,0.00,0.00
4371.88,69.52,-9.25,2.66,3.06,-0.04,-0.02,-0.00,-0.37,1.03,9.99,0.01,0.00,0.00
4371.89,69.52,-9.25,2.66,3.06,-0.04,-0.02,-0.00,-0.38,1.03,9.98,0.01,0.00,0.00
4371.90,69.53,-9.25,2.66,3.06,-0.04,-0.02,-0.00,-0.38,1.03,9.98,0.01,0.00,0.00
4371.92,69.53,-9.26,2.65,3.07,-0.04,-0.02,-0.00,-0.37,1.02,9.99,0.01,0.00,0.00
4371.93,69.53,-9.25,2.65,3.08,-0.04,-0.02,-0.00,-0.38,1.02,9.99,0.01,0.00,0.00
4371.96,69.52,-9.26,2.65,3.08,-0.04,-0.02,-0.00,-0.38,1.02,10.00,0.01,0.00,0.00
4371.97,69.52,-9.26,2.65,3.07,-0.04,-0.02,-0.00,-0.39,1.01,10.00,0.01,0.00,0.00
4371.98,69.52,-9.26,2.65,3.08,-0.04,-0.02,0.00,-0.38,1.02,9.99,0.01,0.00,0.00
4372.00,69.52,-9.26,2.66,3.08,-0.04,-0.02,0.00,-0.38,1.02,9.98,0.01,0.00,0.00
4372.02,69.51,-9.26,2.67,3.08,-0.04,-0.02,0.00,-0.37,1.01,9.98,0.01,0.00,0.00
4372.03,69.51,-9.25,2.66,3.08,-0.04,-0.02,0.00,-0.38,1.02,9.98,0.01,0.00,0.00
4372.04,69.51,-9.26,2.66,3.08,-0.04,-0.02,0.00,-0.37,1.01,9.99,0.01,0.00,0.00
4372.06,69.51,-9.25,2.65,3.08,-0.04,-0.02,0.00,-0.37,1.01,9.98,0.01,0.00,0.00
4372.07,69.51,-9.25,2.66,3.07,-0.04,-0.02,0.00,-0.37,1.02,9.98,0.01,0.00,0.00
4372.08,69.51,-9.25,2.66,3.07,-0.04,-0.02,0.00,-0.37,1.02,9.98,0.01,0.00,0.00
4372.09,69.51,-9.24,2.67,3.07,-0.04,-0.02,0.00,-0.37,1.02,9.99,0.01,0.00,0.00
4372.11,69.51,-9.25,2.67,3.08,-0.04,-0.02,0.00,-0.37,1.02,9.99,0.01,0.00,0.00
4372.12,69.51,-9.25,2.66,3.07,-0.04,-0.02,0.00,-0.37,1.02,9.99,0.01,-0.00,0.00
4372.14,69.51,-9.25,2.66,3.07,-0.04,-0.02,0.00,-0.38,1.02,9.99,0.01,-0.00,0.01
4372.15,69.51,-9.25,2.67,3.08,-0.04,-0.02,0.00,-0.39,1.01,10.00,0.01,-0.00,0.01
4372.17,69.50,-9.25,2.68,3.09,-0.04,-0.02,0.00,-0.38,1.00,10.00,0.01,-0.00,0.00
4372.18,69.50,-9.25,2.68,3.09,-0.04,-0.02,0.00,-0.37,1.01,9.98,0.01,-0.00,0.00
4372.20,69.50,-9.25,2.68,3.08,-0.04,-0.02,0.00,-0.37,1.02,9.99,0.01,0.00,0.00
4372.21,69.50,-9.25,2.67,3.08,-0.04,-0.02,-0.00,-0.37,1.02,9.98,0.01,0.00,0.00
4372.22,69.50,-9.25,2.67,3.08,-0.04,-0.02,-0.00,-0.38,1.02,9.98,0.01,0.00,0.00
4372.24,69.50,-9.25,2.66,3.08,-0.04,-0.02,-0.00,-0.37,1.01,9.98,0.01,0.00,0.00
4372.25,69.50,-9.26,2.66,3.08,-0.04,-0.02,-0.00,-0.37,1.01,9.98,0.01,0.00,0.00
4372.27,69.50,-9.25,2.66,3.07,-0.04,-0.02,0.00,-0.38,1.01,9.98,0.01,0.00,0.00
4372.28,69.50,-9.25,2.67,3.07,-0.04,-0.02,0.00,-0.38,1.01,9.98,0.01,-0.00,0.00
4372.29,69.50,-9.25,2.67,3.06,-0.04,-0.02,0.00,-0.39,1.01,9.98,0.01,-0.00,0.00
4372.31,69.50,-9.25,2.67,3.07,-0.04,-0.02,0.00,-0.38,1.01,9.98,0.01,-0.00,0.00
4372.32,69.50,-9.25,2.67,3.07,-0.04,-0.02,0.00,-0.38,1.01,9.98,0.01,0.00,0.01
4372.33,69.50,-9.25,2.68,3.07,-0.04,-0.02,0.00,-0.39,1.02,9.98,0.01,0.00,0.01
4372.35,69.50,-9.25,2.67,3.08,-0.04,-0.02,0.00,-0.37,1.02,9.98,0.01,0.00,0.00
4372.36,69.50,-9.25,2.67,3.08,-0.04,-0.02,0.00,-0.37,1.02,9.99,0.01,0.00,0.00
4372.37,69.50,-9.25,2.67,3.09,-0.04,-0.02,0.00,-0.37,1.01,9.99,0.01,0.00,0.00
4372.38,69.50,-9.25,2.67,3.07,-0.04,-0.02,0.00,-0.38,1.02,9.99,0.01,0.00,0.00
4372.39,69.50,-9.25,2.67,3.07,-0.04,-0.02,0.00,-0.38,1.02,9.99,0.01,0.00,0.00
4372.40,69.50,-9.25,2.66,3.07,-0.04,-0.02,0.00,-0.38,1.02,10.00,0.01,0.00,0.00
4372.42,69.49,-9.26,2.66,3.08,-0.04,-0.02,0.00,-0.38,1.02,9.99,0.01,0.00,0.00
4372.43,69.49,-9.25,2.67,3.08,-0.04,-0.02,0.00,-0.39,1.02,9.99,0.01,0.00,0.00
4372.44,69.49,-9.25,2.67,3.08,-0.04,-0.02,0.00,-0.39,1.02,10.01,0.01,0.00,0.01
4372.46,69.48,-9.26,2.67,3.08,-0.04,-0.02,0.00,-0.37,1.02,10.01,0.01,0.00,0.00
4372.47,69.48,-9.25,2.66,3.09,-0.04,-0.02,-0.00,-0.37,1.03,10.00,0.01,0.00,0.00
4372.49,69.48,-9.25,2.67,3.08,-0.04,-0.02,-0.00,-0.37,1.03,10.00,0.01,0.00,0.00
4372.50,69.47,-9.25,2.67,3.09,-0.04,-0.02,-0.00,-0.37,1.02,9.99,0.01,0.00,0.00
4372.52,69.47,-9.25,2.67,3.08,-0.04,-0.02,-0.00,-0.38,1.01,9.99,0.01,0.00,0.00
4372.53,69.47,-9.25,2.66,3.07,-0.04,-0.02,-0.00,-0.38,1.01,9.99,0.01,0.00,0.00
4372.54,69.48,-9.25,2.66,3.07,-0.04,-0.02,0.00,-0.37,1.01,9.99,0.01,0.00,0.00
4372.56,69.48,-9.25,2.66,3.07,-0.04,-0.02,0.00,-0.38,1.01,9.98,0.00,0.00,0.00
4372.57,69.47,-9.25,2.66,3.07,-0.04,-0.02,-0.00,-0.39,1.02,9.98,0.00,0.00,0.00
4372.58,69.47,-9.26,2.66,3.08,-0.04,-0.02,-0.00,-0.38,1.02,9.98,0.00,0.00,0.00
4372.59,69.47,-9.25,2.66,3.08,-0.04,-0.02,-0.00,-0.37,1.02,9.98,0.01,0.00,0.00
4372.61,69.48,-9.25,2.66,3.07,-0.04,-0.02,-0.00,-0.38,1.01,9.97,0.01,0.00,0.00
4372.63,69.48,-9.25,2.66,3.08,-0.04,-0.02,-0.00,-0.37,1.02,9.98,0.01,0.00,0.00
4372.65,69.48,-9.25,2.66,3.07,-0.04,-0.02,-0.00,-0.38,1.02,9.98,0.01,0.00,0.00
4372.67,69.48,-9.25,2.66,3.08,-0.04,-0.02,-0.00,-0.39,1.02,9.99,0.01,-0.00,0.00
4372.68,69.48,-9.25,2.66,3.08,-0.04,-0.02,-0.00,-0.38,1.02,9.99,0.00,-0.00,0.00
4372.69,69.47,-9.25,2.65,3.09,-0.04,-0.02,-0.00,-0.38,1.01,10.00,0.01,-0.00,0.00
4372.70,69.46,-9.25,2.66,3.09,-0.04,-0.02,0.00,-0.38,1.01,10.01,0.01,0.00,0.00
4372.72,69.46,-9.24,2.67,3.09,-0.04,-0.02,0.00,-0.38,1.01,10.01,0.01,0.00,0.00
4372.74,69.45,-9.25,2.67,3.08,-0.03,-0.02,0.00,-0.37,1.02,9.99,0.01,0.00,0.00
4372.75,69.45,-9.24,2.67,3.08,-0.04,-0.02,-0.00,-0.37,1.02,9.99,0.01,0.00,0.00
4372.77,69.46,-9.25,2.67,3.08,-0.03,-0.02,-0.00,-0.37,1.02,9.99,0.01,0.00,0.00
4372.78,69.46,-9.25,2.67,3.07,-0.03,-0.02,-0.00,-0.36,1.02,9.99,0.01,0.00,0.00
4372.79,69.48,-9.25,2.67,3.07,-0.03,-0.02,-0.00,-0.37,1.02,9.99,0.01,0.00,0.00
4372.81,69.49,-9.25,2.66,3.07,-0.03,-0.02,-0.00,-0.36,1.01,9.99,0.01,0.00,0.00
4372.83,69.49,-9.25,2.65,3.07,-0.03,-0.02,-0.00,-0.38,1.00,10.00,0.01,0.00,0.00
4372.85,69.49,-9.25,2.65,3.07,-0.04,-0.02,-0.00,-0.38,1.01,9.99,0.01,0.00,0.00
4372.87,69.50,-9.25,2.65,3.06,-0.04,-0.02,-0.00,-0.37,1.01,9.99,0.01,0.00,0.00
4372.88,69.50,-9.26,2.65,3.07,-0.04,-0.02,-0.00,-0.39,1.01,9.99,0.00,0.00,0.00
4372.89,69.50,-9.25,2.66,3.06,-0.04,-0.02,-0.00,-0.39,1.01,9.99,0.00,0.00,0.00
4372.90,69.50,-9.26,2.66,3.07,-0.04,-0.02,0.00,-0.37,1.02,9.99,0.00,0.00,0.00
4372.92,69.50,-9.25,2.67,3.07,-0.04,-0.02,0.00,-0.38,1.02,9.99,0.00,0.00,0.00
4372.93,69.51,-9.25,2.67,3.07,-0.04,-0.02,0.00,-0.36,1.02,9.99,0.00,0.00,0.00
4372.94,69.51,-9.25,2.67,3.08,-0.04,-0.02,0.00,-0.36,1.02,9.99,0.01,0.00,0.00
4372.96,69.52,-9.25,2.67,3.06,-0.04,-0.02,0.00,-0.38,1.02,9.98,0.01,0.00,0.00
4372.97,69.52,-9.25,2.67,3.05,-0.04,-0.02,0.00,-0.37,1.03,9.98,0.01,0.00,0.00
4372.99,69.53,-9.26,2.66,3.06,-0.04,-0.02,0.00,-0.39,1.02,9.98,0.01,0.00,0.00
4373.00,69.53,-9.26,2.66,3.05,-0.04,-0.02,0.00,-0.37,1.02,9.98,0.01,0.00,0.00
4373.01,69.53,-9.26,2.66,3.07,-0.04,-0.02,0.00,-0.39,1.01,9.99,0.01,0.00,0.00
4373.03,69.53,-9.25,2.65,3.08,-0.04,-0.02,0.00,-0.38,1.02,10.00,0.01,0.00,0.00
4373.05,69.52,-9.25,2.66,3.08,-0.04,-0.02,0.00,-0.38,1.01,9.99,0.01,0.00,0.00
4373.06,69.52,-9.25,2.67,3.08,-0.04,-0.02,0.00,-0.37,1.02,10.00,0.00,0.00,0.00
4373.07,69.52,-9.25,2.67,3.08,-0.04,-0.02,0.00,-0.36,1.03,9.99,0.00,0.00,0.00
4373.08,69.52,-9.25,2.68,3.08,-0.04,-0.02,0.00,-0.37,1.03,9.99,0.00,0.00,0.00
4373.09,69.52,-9.26,2.67,3.08,-0.04,-0.02,-0.00,-0.38,1.02,9.99,0.00,0.00,0.00
4373.11,69.51,-9.26,2.66,3.08,-0.04,-0.02,-0.00,-0.38,1.03,9.99,0.01,0.00,0.00
4373.13,69.51,-9.26,2.66,3.07,-0.04,-0.02,-0.00,-0.39,1.02,10.00,0.01,-0.00,0.00
4373.15,69.52,-9.26,2.66,3.06,-0.04,-0.02,-0.00,-0.38,1.01,9.99,0.01,-0.00,0.01
4373.16,69.52,-9.26,2.65,3.07,-0.04,-0.02,0.00,-0.38,1.00,9.99,0.01,-0.00,0.01
4373.17,69.52,-9.26,2.65,3.07,-0.04,-0.02,0.00,-0.39,1.00,10.01,0.01,0.00,0.01
4373.19,69.51,-9.26,2.65,3.08,-0.04,-0.02,0.00,-0.40,0.99,10.04,0.01,0.00,0.01
4373.20,69.50,-9.28,2.64,3.12,-0.04,-0.01,0.01,-0.42,0.97,10.13,0.01,0.00,0.01
4373.21,69.47,-9.33,2.62,3.17,-0.04,0.00,0.01,-0.43,0.96,10.24,0.01,0.01,0.02
4373.23,69.44,-9.37,2.61,3.23,-0.04,0.02,0.02,-0.45,0.96,10.38,0.02,0.01,0.03
4373.24,69.41,-9.40,2.60,3.27,-0.04,0.04,0.02,-0.47,0.97,10.53,0.03,0.01,0.05
4373.26,69.38,-9.52,2.60,3.36,-0.01,0.10,0.02,-0.42,1.02,10.72,0.04,0.03,0.07
4373.27,69.40,-9.58,2.60,3.38,0.02,0.14,0.00,-0.39,1.02,10.78,0.04,0.04,0.08
4373.29,69.43,-9.58,2.59,3.36,0.04,0.17,-0.00,-0.36,1.03,10.77,0.04,0.04,0.09
4373.30,69.53,-9.56,2.60,3.32,0.07,0.21,-0.02,-0.33,1.00,10.71,0.04,0.05,0.10
4373.31,69.67,-9.53,2.60,3.25,0.10,0.24,-0.03,-0.31,0.98,10.61,0.04,0.06,0.09
4373.33,69.81,-9.48,2.60,3.17,0.12,0.27,-0.04,-0.32,0.97,10.45,0.03,0.07,0.09
4373.34,70.00,-9.41,2.62,3.04,0.13,0.28,-0.05,-0.36,0.97,10.31,0.03,0.08,0.08
4373.35,70.12,-9.39,2.62,2.95,0.14,0.29,-0.05,-0.39,0.98,10.19,0.03,0.09,0.08
4373.36,70.30,-9.37,2.64,2.82,0.14,0.29,-0.06,-0.42,0.99,10.07,0.03,0.09,0.08
4373.38,70.54,-9.36,2.64,2.69,0.14,0.29,-0.04,-0.46,0.99,9.98,0.04,0.10,0.08
4373.39,70.73,-9.36,2.64,2.60,0.14,0.28,-0.03,-0.49,1.01,9.91,0.04,0.10,0.08
4373.40,71.03,-9.37,2.62,2.46,0.14,0.27,-0.03,-0.51,1.02,9.83,0.04,0.10,0.09
4373.42,71.30,-9.40,2.66,2.41,0.14,0.26,-0.03,-0.49,1.01,9.78,0.04,0.09,0.09
4373.43,71.57,-9.37,2.65,2.35,0.13,0.25,-0.02,-0.50,0.96,9.76,0.03,0.08,0.09
4373.45,71.78,-9.37,2.67,2.29,0.11,0.24,-0.00,-0.51,0.93,9.69,0.02,0.06,0.08
4373.46,72.06,-9.26,2.70,2.22,0.07,0.22,0.03,-0.54,0.92,9.59,0.02,0.05,0.06
4373.48,72.21,-9.20,2.71,2.15,0.06,0.21,0.04,-0.56,0.90,9.44,0.01,0.03,0.06
4373.49,72.45,-9.16,2.74,2.06,0.03,0.19,0.06,-0.52,0.89,9.33,0.00,0.01,0.06
4373.50,72.76,-9.12,2.75,2.01,-0.01,0.16,0.08,-0.47,0.89,9.24,-0.01,-0.01,0.07
4373.52,73.24,-9.08,2.84,2.01,-0.09,0.10,0.12,-0.42,0.91,9.17,-0.03,-0.06,0.07
4373.54,73.57,-9.06,2.89,2.05,-0.14,0.06,0.15,-0.36,0.95,9.14,-0.05,-0.09,0.07
4373.56,73.76,-9.04,2.91,2.07,-0.17,0.03,0.16,-0.31,0.97,9.13,-0.06,-0.11,0.10
4373.57,74.02,-9.03,2.95,2.15,-0.22,-0.02,0.18,-0.18,0.97,9.12,-0.08,-0.15,0.12
4373.58,74.22,-9.04,2.97,2.18,-0.25,-0.05,0.19,-0.09,0.97,9.17,-0.10,-0.18,0.13
4373.60,74.48,-9.07,2.96,2.22,-0.27,-0.08,0.19,-0.05,0.96,9.26,-0.12,-0.20,0.13
4373.61,74.69,-9.11,2.95,2.25,-0.29,-0.10,0.19,-0.04,0.96,9.37,-0.14,-0.23,0.12
4373.62,74.81,-9.17,2.93,2.28,-0.29,-0.12,0.18,-0.03,0.94,9.50,-0.15,-0.26,0.13
4373.63,75.07,-9.26,2.92,2.31,-0.30,-0.14,0.18,-0.02,0.91,9.66,-0.17,-0.30,0.13
4373.65,75.41,-9.45,2.90,2.38,-0.30,-0.16,0.18,0.03,0.89,9.96,-0.21,-0.37,0.11
4373.67,75.72,-9.51,2.91,2.40,-0.30,-0.16,0.17,0.05,0.93,10.08,-0.22,-0.42,0.08
4373.68,75.99,-9.48,2.93,2.39,-0.30,-0.18,0.17,0.04,0.95,10.05,-0.23,-0.47,0.07
4373.70,76.30,-9.42,2.99,2.37,-0.29,-0.19,0.16,0.01,0.97,10.00,-0.24,-0.51,0.08
4373.71,76.53,-9.38,3.03,2.37,-0.29,-0.20,0.16,-0.01,0.98,10.01,-0.25,-0.56,0.09
4373.72,76.83,-9.41,3.04,2.37,-0.29,-0.21,0.15,0.01,1.00,10.03,-0.25,-0.59,0.09
4373.74,77.15,-9.45,3.03,2.34,-0.28,-0.23,0.14,0.04,1.00,9.99,-0.26,-0.63,0.10
4373.76,77.57,-9.47,2.94,2.30,-0.27,-0.26,0.13,0.05,1.00,9.90,-0.25,-0.66,0.10
4373.77,77.87,-9.48,2.89,2.24,-0.25,-0.29,0.14,-0.04,1.01,9.78,-0.25,-0.69,0.09
4373.78,78.01,-9.43,2.87,2.14,-0.21,-0.33,0.14,-0.12,1.02,9.66,-0.26,-0.70,0.07
4373.80,78.24,-9.31,2.91,1.95,-0.17,-0.38,0.14,-0.25,1.01,9.52,-0.26,-0.71,0.06
4373.81,78.40,-9.24,2.95,1.73,-0.15,-0.42,0.14,-0.45,1.02,9.33,-0.25,-0.72,0.05
4373.82,78.58,-9.34,3.08,1.32,-0.13,-0.48,0.14,-0.67,0.98,9.22,-0.26,-0.75,0.07
4373.84,78.70,-9.50,3.04,1.23,-0.15,-0.53,0.14,-0.99,0.72,9.49,-0.30,-0.77,0.12
4373.85,78.69,-9.53,2.77,1.38,-0.19,-0.60,0.16,-1.17,0.55,9.59,-0.25,-0.76,0.14
4373.86,78.51,-9.49,2.71,1.63,-0.21,-0.65,0.19,-0.93,0.48,9.44,-0.15,-0.69,0.29
4373.88,78.14,-9.46,2.96,2.37,-0.19,-0.71,0.23,-0.04,0.35,9.73,-0.08,-0.56,0.47
4373.89,78.04,-9.48,3.10,2.76,-0.16,-0.72,0.20,0.62,0.11,10.16,-0.11,-0.49,0.48
4373.91,77.70,-9.40,3.25,3.36,-0.10,-0.71,0.12,1.25,-0.13,10.69,-0.18,-0.47,0.36
4373.92,77.42,-9.21,3.31,3.81,-0.03,-0.70,0.00,1.61,-0.12,10.69,-0.21,-0.46,0.21
4373.93,77.41,-9.03,3.47,3.91,-0.00,-0.71,-0.08,1.89,-0.07,10.25,-0.22,-0.45,0.06
4373.96,76.83,-8.25,3.70,4.06,-0.05,-0.84,-0.37,2.32,0.21,8.92,-0.26,-0.42,0.06
4373.97,76.85,-8.20,3.64,4.18,-0.07,-0.89,-0.47,2.49,0.29,8.82,-0.29,-0.38,0.10
4373.98,76.40,-8.58,3.69,4.44,-0.08,-0.95,-0.61,2.53,0.36,9.72,-0.34,-0.33,0.13
4373.99,75.82,-9.50,3.61,5.06,-0.08,-0.97,-0.79,2.40,0.46,11.19,-0.34,-0.28,0.12
4374.01,75.46,-9.82,3.45,5.30,-0.07,-0.98,-0.90,2.35,0.65,11.74,-0.29,-0.28,0.11
4374.02,74.82,-9.74,3.27,5.08,-0.04,-1.00,-1.02,2.40,0.73,11.09,-0.23,-0.29,0.11
4374.03,74.13,-9.09,3.14,4.27,-0.03,-1.08,-1.12,2.13,0.46,9.80,-0.20,-0.29,0.14
4374.05,73.91,-8.96,3.02,4.06,-0.06,-1.12,-1.15,1.85,0.14,9.45,-0.21,-0.26,0.19
4374.06,73.31,-9.06,2.67,3.99,-0.14,-1.17,-1.15,1.62,-0.11,9.49,-0.22,-0.24,0.23
4374.07,72.96,-9.20,2.43,4.02,-0.18,-1.20,-1.13,1.48,-0.29,9.72,-0.23,-0.23,0.26
4374.08,72.41,-9.33,2.08,4.11,-0.24,-1.23,-1.06,1.37,-0.41,10.00,-0.22,-0.23,0.28
4374.10,71.82,-9.39,1.80,4.27,-0.30,-1.25,-0.98,1.29,-0.51,10.20,-0.21,-0.25,0.30
4374.11,71.06,-9.52,1.49,4.40,-0.37,-1.26,-0.84,1.24,-0.60,10.30,-0.18,-0.27,0.32
4374.12,70.62,-9.47,1.36,4.49,-0.41,-1.27,-0.74,1.27,-0.69,10.32,-0.16,-0.30,0.33
4374.13,69.90,-9.24,1.15,4.73,-0.47,-1.29,-0.61,1.43,-0.73,10.29,-0.12,-0.33,0.34
4374.15,68.99,-8.85,1.10,5.06,-0.52,-1.31,-0.49,1.63,-0.70,10.12,-0.08,-0.38,0.33
4374.17,68.22,-8.43,1.19,5.31,-0.56,-1.32,-0.43,1.77,-0.63,9.96,-0.06,-0.40,0.33
4374.18,67.57,-8.18,1.24,5.57,-0.59,-1.34,-0.41,1.89,-0.54,9.85,-0.05,-0.41,0.35
4374.19,66.55,-7.84,1.32,5.90,-0.62,-1.36,-0.41,2.17,-0.42,9.75,-0.04,-0.42,0.37
4374.21,66.14,-7.74,1.34,6.05,-0.64,-1.38,-0.41,2.35,-0.33,9.70,-0.04,-0.42,0.37
4374.22,65.31,-7.64,1.34,6.34,-0.66,-1.41,-0.38,2.54,-0.27,9.66,-0.04,-0.41,0.38
4374.24,64.35,-7.54,1.33,6.59,-0.68,-1.44,-0.34,2.69,-0.23,9.67,-0.04,-0.40,0.40
4374.25,63.46,-7.45,1.28,6.80,-0.71,-1.48,-0.31,2.77,-0.20,9.72,-0.04,-0.39,0.43
4374.27,62.56,-7.44,1.26,6.91,-0.72,-1.52,-0.27,2.84,-0.04,9.75,-0.05,-0.38,0.44
4374.28,61.51,-7.40,1.24,6.98,-0.74,-1.56,-0.19,2.85,0.08,9.79,-0.06,-0.39,0.45
4374.30,61.07,-7.33,1.27,7.01,-0.75,-1.57,-0.14,2.79,0.17,9.78,-0.07,-0.38,0.48
4374.31,59.86,-7.06,1.31,7.13,-0.75,-1.60,-0.03,2.72,0.31,9.67,-0.08,-0.37,0.50
4374.32,59.34,-6.88,1.35,7.20,-0.74,-1.62,0.01,2.81,0.36,9.54,-0.09,-0.36,0.54
4374.34,58.37,-6.62,1.47,7.26,-0.75,-1.63,0.03,3.01,0.38,9.43,-0.12,-0.33,0.54
4374.35,57.51,-6.39,1.49,7.33,-0.77,-1.64,0.00,3.13,0.25,9.39,-0.15,-0.31,0.50
4374.36,56.54,-6.17,1.44,7.42,-0.78,-1.64,-0.06,3.14,0.19,9.35,-0.17,-0.30,0.44
4374.37,55.72,-5.93,1.39,7.47,-0.78,-1.64,-0.14,3.03,0.20,9.34,-0.20,-0.28,0.39
4374.39,54.80,-5.61,1.22,7.64,-0.77,-1.62,-0.22,2.95,0.16,9.36,-0.24,-0.26,0.37
4374.40,53.89,-5.37,1.04,7.74,-0.73,-1.59,-0.31,3.02,0.10,9.39,-0.26,-0.25,0.35
4374.41,52.65,-5.07,0.96,7.85,-0.70,-1.55,-0.42,3.14,-0.01,9.41,-0.29,-0.24,0.29
4374.42,50.94,-4.58,0.43,8.14,-0.66,-1.49,-0.58,3.20,-0.29,9.37,-0.32,-0.24,0.19
4374.44,50.25,-4.49,0.23,8.23,-0.64,-1.46,-0.65,3.16,-0.54,9.33,-0.35,-0.24,0.09
4374.47,48.54,-4.48,-0.60,8.52,-0.58,-1.41,-0.76,3.10,-1.10,9.45,-0.39,-0.22,0.02
4374.48,47.37,-4.51,-1.11,8.65,-0.55,-1.38,-0.76,3.01,-1.44,9.65,-0.39,-0.21,-0.07
4374.49,46.47,-4.57,-1.47,8.65,-0.55,-1.37,-0.75,2.87,-1.64,9.66,-0.38,-0.21,-0.10
4374.50,45.13,-4.53,-1.85,8.60,-0.53,-1.34,-0.67,2.64,-1.80,9.62,-0.35,-0.21,-0.11
4374.52,44.48,-4.58,-1.84,8.46,-0.53,-1.32,-0.63,2.53,-1.78,9.66,-0.33,-0.22,-0.10
4374.54,43.21,-4.56,-1.83,8.32,-0.55,-1.31,-0.51,2.57,-1.69,9.64,-0.29,-0.24,-0.09
4374.55,42.54,-4.25,-1.69,8.46,-0.56,-1.31,-0.42,2.85,-1.60,9.50,-0.28,-0.27,-0.08
4374.56,41.90,-3.74,-1.60,8.70,-0.55,-1.30,-0.36,3.26,-1.50,9.29,-0.29,-0.28,-0.11
4374.57,41.46,-3.28,-1.59,8.95,-0.53,-1.29,-0.35,3.53,-1.42,9.25,-0.31,-0.29,-0.17
4374.59,40.63,-2.92,-1.64,9.35,-0.50,-1.29,-0.38,3.63,-1.34,9.33,-0.33,-0.30,-0.23
4374.60,39.59,-2.65,-1.70,9.76,-0.43,-1.29,-0.46,3.67,-1.36,9.43,-0.34,-0.30,-0.26
4374.61,38.52,-2.41,-1.82,9.94,-0.35,-1.27,-0.53,3.71,-1.43,9.45,-0.35,-0.31,-0.33
4374.63,37.95,-2.25,-2.00,9.95,-0.31,-1.26,-0.57,3.68,-1.66,9.45,-0.35,-0.31,-0.35
4374.64,37.00,-2.07,-2.32,9.91,-0.26,-1.23,-0.61,3.53,-2.00,9.48,-0.34,-0.31,-0.36
4374.65,36.10,-1.95,-2.65,9.82,-0.22,-1.21,-0.65,3.47,-2.33,9.46,-0.32,-0.30,-0.36
4374.66,35.06,-2.00,-2.93,9.75,-0.17,-1.20,-0.68,3.60,-2.42,9.37,-0.29,-0.30,-0.35
4374.67,34.38,-2.16,-2.88,9.76,-0.11,-1.21,-0.68,3.72,-2.22,9.33,-0.27,-0.29,-0.35
4374.69,33.63,-2.41,-2.68,9.73,-0.02,-1.23,-0.64,3.57,-1.91,9.43,-0.25,-0.29,-0.35
4374.70,32.88,-2.67,-2.44,9.59,0.06,-1.24,-0.54,3.15,-1.73,9.58,-0.23,-0.30,-0.30
4374.72,32.30,-2.84,-2.36,9.44,0.08,-1.25,-0.42,2.92,-1.74,9.52,-0.20,-0.31,-0.23
4374.73,31.68,-2.83,-2.34,9.33,0.09,-1.25,-0.27,3.01,-1.79,9.49,-0.18,-0.34,-0.19
4374.74,30.63,-2.54,-2.31,9.30,0.10,-1.25,-0.13,2.86,-1.74,9.38,-0.17,-0.39,-0.18
4374.77,30.23,-2.58,-2.26,9.31,0.11,-1.24,-0.10,2.59,-1.70,9.45,-0.17,-0.43,-0.17
4374.78,29.65,-2.80,-2.19,9.42,0.11,-1.20,-0.06,2.39,-1.60,9.61,-0.18,-0.48,-0.16
4374.80,29.19,-3.16,-2.13,9.52,0.13,-1.16,-0.04,2.20,-1.35,9.82,-0.20,-0.57,-0.19
4374.81,28.87,-3.68,-1.87,9.58,0.17,-1.10,-0.03,1.82,-1.03,9.98,-0.24,-0.65,-0.22
4374.83,28.73,-4.03,-1.65,9.53,0.20,-1.06,-0.04,1.38,-0.71,10.12,-0.28,-0.75,-0.26
4374.84,28.81,-4.60,-1.27,9.41,0.22,-1.01,-0.06,0.85,-0.35,10.27,-0.32,-0.86,-0.27
4374.85,29.01,-5.36,-0.73,9.35,0.22,-0.94,-0.07,0.44,0.07,10.43,-0.37,-1.00,-0.28
4374.86,29.18,-5.75,-0.46,9.40,0.22,-0.89,-0.05,0.24,0.48,10.62,-0.43,-1.16,-0.28
4374.87,29.86,-6.17,-0.08,9.45,0.24,-0.79,0.01,0.04,0.86,10.89,-0.48,-1.37,-0.26
4374.89,30.62,-6.37,0.08,9.60,0.24,-0.69,0.05,-0.08,0.93,11.23,-0.52,-1.56,-0.22
4374.90,31.64,-6.92,-0.01,10.28,0.23,-0.50,0.02,-0.53,0.65,12.39,-0.53,-1.80,-0.12
4374.92,32.70,-7.64,-0.14,11.05,0.27,-0.29,-0.07,-0.60,1.25,13.66,-0.54,-2.01,-0.05
4374.93,34.10,-8.49,-0.23,11.69,0.40,-0.07,-0.11,-0.20,1.98,14.83,-0.60,-2.17,-0.01
4374.94,36.22,-9.49,0.09,12.22,0.64,0.20,-0.02,0.35,2.92,15.90,-0.75,-2.30,-0.08
4374.95,39.35,-10.13,1.15,11.99,0.94,0.49,0.35,0.50,2.97,16.85,-0.94,-2.40,-0.23
4374.97,41.04,-9.17,1.28,11.58,1.00,0.65,0.54,0.37,1.56,16.84,-1.04,-2.45,-0.42
4374.98,43.17,-5.90,0.36,11.16,0.95,0.97,0.64,0.14,-0.61,15.82,-1.01,-2.45,-0.46
4375.00,44.68,-2.87,-0.39,11.19,0.83,1.37,0.46,0.95,-1.66,14.47,-0.92,-2.39,-0.12
4375.01,46.04,-1.43,-0.66,11.62,0.73,1.78,0.13,2.46,-2.46,12.57,-0.84,-2.27,0.60
4375.03,47.36,-0.93,-0.63,12.44,0.66,2.02,-0.11,4.26,-3.61,11.37,-0.88,-2.20,0.93
4375.04,49.58,-1.01,-0.74,13.41,0.60,2.19,-0.31,6.20,-4.48,10.67,-0.90,-2.10,0.88
4375.05,52.42,-1.27,-0.78,13.50,0.55,2.21,-0.40,8.46,-4.65,9.30,-0.77,-1.80,0.37
4375.07,54.81,-1.32,-0.91,13.28,0.48,2.18,-0.41,9.28,-4.12,7.39,-0.62,-1.45,-0.27
4375.08,56.81,-1.17,-1.09,12.84,0.38,2.13,-0.41,9.18,-3.50,5.71,-0.53,-1.02,-0.79
4375.09,59.97,-0.44,-1.22,12.17,0.27,2.11,-0.43,8.05,-2.85,4.52,-0.39,-0.34,-1.12
4375.10,61.35,-0.22,-1.33,11.72,0.23,2.10,-0.42,6.86,-2.56,4.06,-0.19,0.27,-1.04
4375.12,62.13,-0.13,-1.29,11.18,0.22,2.10,-0.35,5.94,-2.38,3.81,0.08,0.97,-0.62
4375.13,62.48,-0.27,-1.11,10.53,0.20,2.07,-0.25,5.98,-2.51,3.76,0.30,1.43,-0.24
4375.14,62.60,-0.60,-1.01,10.23,0.17,2.04,-0.13,6.40,-2.79,3.77,0.50,1.81,0.05
4375.16,62.61,-0.62,-0.79,9.76,0.05,1.99,0.08,6.76,-3.09,3.66,0.73,2.25,0.13
4375.17,62.38,-0.66,-0.87,9.29,-0.09,1.91,0.28,6.65,-2.99,3.38,0.89,2.60,0.15
4375.18,61.99,-0.64,-0.93,9.00,-0.17,1.84,0.40,6.31,-2.81,3.13,1.06,2.94,0.23
4375.20,60.99,-0.46,-1.15,8.44,-0.30,1.68,0.60,5.99,-2.74,3.09,1.27,3.36,0.34
4375.21,59.95,-0.40,-1.28,8.21,-0.36,1.58,0.67,6.04,-2.82,3.24,1.46,3.67,0.47
4375.22,58.77,-0.21,-1.35,7.96,-0.41,1.43,0.76,6.18,-2.81,3.47,1.58,3.87,0.49
4375.23,55.95,0.26,-1.28,7.61,-0.44,1.23,0.74,6.76,-2.81,4.24,1.76,4.20,0.27
4375.25,53.35,0.50,-1.20,7.42,-0.45,1.10,0.68,7.22,-2.63,4.73,1.85,4.44,-0.09
4375.26,51.17,0.74,-1.08,7.21,-0.45,0.95,0.56,7.37,-2.45,5.09,1.90,4.62,-0.31
4375.27,47.76,0.48,-0.59,7.07,-0.47,0.73,0.44,7.24,-2.10,5.53,1.93,4.79,-0.39
4375.29,45.11,0.13,-0.15,7.05,-0.49,0.57,0.43,6.67,-1.82,6.30,1.92,4.92,-0.35
4375.30,40.24,-1.00,0.43,6.81,-0.62,0.24,0.42,5.49,-2.01,7.56,1.91,4.94,-0.10
4375.32,37.46,-1.73,0.36,6.71,-0.72,0.13,0.43,4.93,-2.25,8.42,1.88,4.84,0.09
4375.33,34.81,-2.57,0.04,6.72,-0.84,0.04,0.42,4.48,-2.27,9.18,1.83,4.59,0.20
4375.35,31.75,-4.67,-0.47,7.70,-0.91,-0.07,0.16,4.63,-2.18,9.40,1.59,3.97,-0.10
4375.36,30.59,-5.97,-0.48,8.38,-0.82,-0.16,-0.17,4.51,-1.57,9.14,1.23,3.42,-0.45
4375.38,30.11,-7.13,-0.37,8.53,-0.74,-0.17,-0.37,3.76,-0.88,8.60,0.85,2.87,-0.77
4375.39,30.50,-9.29,-0.24,8.50,-0.68,-0.18,-0.44,1.72,-0.52,8.37,0.33,2.04,-0.83
4375.40,30.81,-10.25,-0.37,8.43,-0.66,-0.19,-0.36,0.38,-0.65,8.41,-0.01,1.29,-0.66
4375.42,31.43,-9.92,-0.52,8.39,-0.62,-0.20,-0.31,-0.29,-1.03,8.69,-0.36,0.31,-0.28
4375.43,32.41,-8.65,-0.71,8.28,-0.67,-0.26,-0.31,-0.46,-0.39,9.32,-0.62,-0.40,0.06
4375.44,33.15,-7.54,-1.31,9.41,-0.77,-0.36,-0.17,-0.73,2.13,11.75,-0.84,-0.79,0.10
4375.46,33.18,-7.01,-0.66,11.85,-0.74,-0.55,0.23,-1.98,2.74,15.04,-0.63,-0.78,0.23
4375.47,32.93,-7.55,0.50,12.76,-0.70,-0.65,0.56,-1.44,2.61,14.87,-0.24,-0.82,1.62
4375.48,33.23,-9.11,0.81,12.21,-0.75,-0.72,1.05,1.10,1.55,13.43,-0.11,-1.07,2.44
4375.49,35.33,-4.59,-1.86,11.44,-0.86,-0.72,1.53,4.07,-1.06,11.22,-0.31,-1.35,2.45
4375.52,36.31,-1.48,-2.26,10.91,-0.79,-0.72,1.37,4.75,-2.10,9.95,-0.47,-1.47,2.08
4375.53,35.70,1.99,-2.27,10.05,-0.78,-0.80,1.04,5.33,-2.48,9.13,-0.60,-1.50,1.74
4375.54,34.91,3.33,-2.15,9.45,-0.77,-0.95,0.42,6.29,-2.47,8.48,-0.69,-1.37,1.31
4375.55,35.21,2.44,-2.17,9.27,-0.71,-1.03,0.01,6.97,-2.18,8.13,-0.79,-1.21,0.58
4375.57,34.72,-0.09,-2.68,9.42,-0.60,-1.18,-0.49,6.48,-1.97,8.71,-0.92,-1.07,0.04
4375.58,34.71,-1.02,-2.77,9.94,-0.55,-1.25,-0.57,4.83,-1.81,9.66,-0.93,-1.02,-0.23
4375.59,34.05,-1.49,-2.63,10.56,-0.47,-1.30,-0.62,2.42,-1.78,10.63,-0.80,-0.95,-0.06
4375.61,32.58,-2.23,-2.57,10.04,-0.33,-1.28,-0.66,2.38,-1.88,10.26,-0.67,-0.89,0.05
4375.63,32.06,-2.92,-2.99,9.23,-0.31,-1.23,-0.60,2.39,-1.93,9.90,-0.63,-0.85,-0.06
4375.65,31.81,-3.10,-3.23,9.07,-0.30,-1.20,-0.56,1.76,-2.05,9.87,-0.62,-0.84,-0.22
4375.66,31.45,-3.14,-3.32,9.08,-0.25,-1.16,-0.54,1.32,-2.09,9.95,-0.60,-0.84,-0.30
4375.67,30.92,-3.10,-3.33,9.12,-0.16,-1.10,-0.54,1.15,-2.01,9.98,-0.57,-0.85,-0.33
4375.68,30.57,-3.04,-3.23,9.14,-0.11,-1.08,-0.55,1.21,-1.87,9.96,-0.54,-0.87,-0.33
4375.70,29.98,-2.78,-2.72,9.18,0.02,-1.02,-0.54,1.58,-1.58,9.80,-0.50,-0.88,-0.33
4375.72,29.69,-2.50,-2.30,9.11,0.06,-1.01,-0.53,1.83,-1.46,9.60,-0.48,-0.89,-0.33
4375.73,29.45,-2.26,-2.17,9.11,0.07,-1.00,-0.52,1.96,-1.42,9.46,-0.47,-0.89,-0.32
4375.74,29.17,-2.13,-2.13,9.14,0.08,-0.99,-0.51,2.02,-1.36,9.33,-0.47,-0.90,-0.30
4375.76,28.88,-2.15,-2.04,9.10,0.09,-0.98,-0.51,1.97,-1.34,9.32,-0.47,-0.91,-0.29
4375.78,28.65,-2.28,-1.93,9.02,0.06,-0.96,-0.49,1.86,-1.33,9.31,-0.48,-0.93,-0.26
4375.79,28.52,-2.42,-1.92,9.00,0.04,-0.94,-0.48,1.81,-1.39,9.31,-0.49,-0.94,-0.23
4375.80,28.45,-2.50,-2.01,9.02,0.01,-0.93,-0.46,1.89,-1.47,9.31,-0.50,-0.97,-0.20
4375.82,28.47,-2.51,-2.04,9.06,0.00,-0.91,-0.45,1.99,-1.52,9.31,-0.51,-0.99,-0.21
4375.83,28.53,-2.53,-2.00,9.10,-0.00,-0.90,-0.46,2.03,-1.55,9.33,-0.53,-1.01,-0.23
4375.84,28.60,-2.64,-1.95,9.21,-0.01,-0.88,-0.47,1.94,-1.49,9.43,-0.56,-1.04,-0.26
4375.85,28.73,-2.89,-1.93,9.24,-0.00,-0.86,-0.48,1.89,-1.36,9.54,-0.58,-1.08,-0.28
4375.86,28.98,-3.25,-1.79,9.16,-0.01,-0.85,-0.47,1.74,-1.21,9.66,-0.60,-1.13,-0.29
4375.88,29.41,-3.66,-1.52,9.24,-0.04,-0.84,-0.42,1.68,-1.05,9.85,-0.62,-1.20,-0.28
4375.89,29.96,-3.83,-1.25,9.41,-0.08,-0.83,-0.37,1.69,-0.82,10.10,-0.63,-1.29,-0.26
4375.90,30.33,-3.85,-1.13,9.51,-0.10,-0.82,-0.36,1.70,-0.64,10.24,-0.65,-1.42,-0.22
4375.92,31.17,-3.87,-1.02,9.64,-0.06,-0.80,-0.42,1.62,-0.50,10.35,-0.66,-1.51,-0.19
4375.93,31.60,-3.96,-0.97,9.71,-0.03,-0.77,-0.47,1.57,-0.36,10.44,-0.68,-1.61,-0.16
4375.94,32.20,-4.18,-0.79,9.75,0.03,-0.72,-0.52,1.58,-0.14,10.49,-0.70,-1.72,-0.15
4375.96,33.22,-4.53,-0.57,9.81,0.13,-0.62,-0.58,1.68,0.08,10.58,-0.76,-1.85,-0.17
4375.97,34.49,-4.83,-0.56,10.05,0.29,-0.48,-0.69,1.81,0.33,10.83,-0.84,-1.95,-0.24
4375.98,35.70,-5.35,-0.51,10.50,0.48,-0.33,-0.89,1.94,0.38,11.41,-0.92,-2.05,-0.34
4376.00,36.85,-6.20,-0.36,10.93,0.65,-0.21,-1.10,2.05,1.03,12.41,-1.03,-2.14,-0.52
4376.01,38.44,-7.69,0.16,11.37,0.89,-0.05,-1.32,2.17,2.19,13.94,-1.16,-2.22,-0.80
4376.02,42.23,-9.75,1.16,11.64,1.32,0.35,-1.15,0.56,3.12,17.31,-1.35,-2.31,-1.27
4376.04,43.52,-9.30,1.16,11.43,1.36,0.61,-0.92,-0.73,2.28,18.40,-1.33,-2.37,-1.31
4376.06,46.68,-5.85,-0.74,10.65,1.22,1.36,-0.38,-0.47,-1.26,16.04,-1.12,-2.31,-0.96
4376.08,48.06,-4.50,-0.96,10.49,1.05,1.72,-0.14,0.54,-2.12,14.46,-1.03,-2.29,-0.39
4376.09,50.01,-3.83,-1.15,11.30,0.79,2.05,0.08,2.10,-3.27,13.16,-1.02,-2.31,0.26
4376.10,51.90,-3.69,-1.36,12.60,0.62,2.20,0.19,3.72,-4.70,12.34,-1.04,-2.31,0.76
4376.11,54.01,-3.64,-1.73,13.90,0.50,2.26,0.22,5.85,-5.87,11.27,-0.95,-2.15,0.79
4376.13,56.72,-3.14,-1.83,14.41,0.45,2.21,0.19,7.99,-6.08,9.44,-0.72,-1.86,0.55
4376.14,58.79,-2.13,-1.68,14.29,0.37,2.15,0.13,9.78,-5.61,7.24,-0.52,-1.47,0.06
4376.15,61.80,-0.71,-1.58,13.98,0.27,2.11,0.01,10.31,-4.86,5.52,-0.40,-1.02,-0.50
4376.16,64.16,0.20,-1.64,13.59,0.23,2.12,-0.12,9.15,-3.38,4.26,-0.24,-0.29,-1.23
4376.18,65.89,0.78,-1.52,12.57,0.24,2.13,-0.29,7.32,-2.71,3.13,0.06,0.60,-1.13
4376.20,66.77,0.65,-0.87,10.98,0.25,2.09,-0.31,6.93,-2.62,2.40,0.37,1.35,-0.73
4376.22,67.27,0.27,-0.77,10.49,0.20,2.07,-0.25,7.17,-2.69,2.14,0.58,1.77,-0.44
4376.23,67.72,-0.39,-0.73,10.00,0.04,1.98,0.03,7.41,-2.62,1.95,0.78,2.27,-0.25
4376.24,67.87,-0.26,-0.68,9.81,-0.06,1.90,0.18,7.41,-2.58,1.81,0.91,2.68,-0.18
4376.25,67.66,-0.11,-0.84,9.53,-0.16,1.77,0.36,7.26,-2.60,1.67,1.05,3.08,-0.08
4376.27,67.07,0.07,-1.08,9.18,-0.25,1.63,0.51,7.12,-2.53,1.67,1.20,3.46,0.02
4376.28,66.18,0.24,-1.32,8.86,-0.31,1.48,0.62,7.05,-2.37,1.94,1.35,3.82,0.10
4376.29,64.27,0.52,-1.59,8.40,-0.38,1.29,0.67,6.99,-2.17,2.48,1.51,4.15,0.05
4376.30,62.03,0.95,-1.71,8.08,-0.40,1.13,0.67,7.04,-1.92,3.23,1.66,4.44,-0.15
4376.31,59.55,1.28,-1.74,7.88,-0.37,1.03,0.64,7.30,-1.54,3.98,1.80,4.67,-0.47
4376.33,55.19,1.61,-1.32,7.44,-0.23,0.85,0.53,7.71,-1.19,4.74,1.94,4.89,-0.64
4376.34,51.77,1.42,-0.57,7.12,-0.17,0.70,0.44,7.61,-0.92,5.40,2.01,5.00,-0.72
4376.35,48.51,1.08,-0.06,6.89,-0.16,0.57,0.33,6.92,-0.70,6.43,2.07,5.07,-0.67
4376.37,43.53,-0.52,0.61,6.60,-0.22,0.27,0.19,5.13,-0.65,8.14,2.15,5.08,-0.35
4376.38,39.86,-1.48,0.77,6.52,-0.29,0.12,0.28,3.52,-0.97,9.34,2.28,5.02,0.36
4376.39,36.47,-3.26,0.59,6.51,-0.48,-0.10,0.67,3.01,-1.53,9.87,2.47,4.83,1.28
4376.40,33.95,-4.95,0.35,6.90,-0.64,-0.23,1.17,3.22,-1.69,10.07,2.58,4.53,2.01
4376.42,32.07,-6.15,0.22,7.30,-0.73,-0.33,1.51,4.04,-1.93,10.24,2.58,4.08,2.16
4376.43,31.41,-7.52,0.21,8.05,-0.76,-0.52,1.68,5.89,-1.48,9.35,2.24,3.28,1.75
4376.44,31.54,-8.28,0.30,8.33,-0.71,-0.56,1.50,5.68,-0.72,8.27,1.71,2.70,1.15
4376.46,32.34,-9.12,0.30,8.59,-0.71,-0.54,1.34,4.16,-0.86,7.61,1.11,2.04,0.55
4376.47,33.13,-9.01,0.23,8.94,-0.70,-0.45,1.23,2.72,-1.40,7.34,0.56,1.30,0.19
4376.48,33.88,-7.65,0.11,9.16,-0.62,-0.33,0.95,2.17,-1.99,7.38,0.04,0.54,-0.03
4376.49,34.79,-5.32,-0.02,9.14,-0.43,-0.21,0.31,1.98,-2.07,7.82,-0.43,-0.17,-0.27
4376.51,35.40,-4.09,-0.05,8.99,-0.36,-0.20,-0.15,1.76,-0.59,8.90,-0.86,-0.77,-0.59
4376.52,35.08,-2.79,0.09,10.79,-0.34,-0.40,-0.74,-0.48,2.59,13.99,-1.01,-0.70,-1.16
4376.53,33.33,-5.57,2.24,12.54,-0.27,-0.58,-0.78,-2.98,1.95,14.76,-0.66,-0.64,-0.03
4376.55,32.89,-8.36,2.21,11.95,-0.43,-0.56,-0.66,-1.97,1.21,14.14,-0.53,-0.83,1.40
4376.56,34.22,-10.38,-0.97,11.22,-0.89,-0.52,0.14,1.20,0.18,12.80,-0.51,-1.09,1.99
4376.58,35.88,-5.39,-2.34,11.43,-0.81,-0.45,0.60,3.59,-0.95,10.88,-0.63,-1.31,1.93
4376.59,36.60,-0.92,-2.51,10.55,-0.72,-0.46,0.81,4.54,-1.87,9.82,-0.73,-1.39,1.73
4376.60,36.55,1.68,-2.17,9.58,-0.78,-0.62,0.84,5.53,-2.16,9.00,-0.79,-1.35,1.53
4376.62,36.93,2.01,-1.99,9.25,-0.81,-0.75,0.64,6.59,-2.28,8.31,-0.86,-1.22,1.18
4376.63,36.38,0.44,-2.37,8.95,-0.72,-0.93,0.03,6.30,-2.12,8.16,-0.98,-1.04,0.54
4376.64,36.47,-0.92,-2.72,9.05,-0.69,-1.02,-0.19,5.17,-2.09,8.83,-1.02,-0.93,0.11
4376.66,36.31,-1.87,-2.97,9.47,-0.69,-1.11,-0.22,3.66,-2.05,9.81,-0.97,-0.87,-0.01
4376.67,35.52,-2.22,-2.99,10.10,-0.63,-1.14,-0.17,2.12,-1.80,10.52,-0.85,-0.82,0.20
4376.68,34.89,-2.39,-2.78,10.18,-0.58,-1.13,-0.14,1.85,-1.78,10.60,-0.76,-0.80,0.33
4376.69,34.21,-2.63,-2.64,9.98,-0.53,-1.10,-0.11,2.17,-1.82,10.38,-0.70,-0.78,0.34
4376.71,33.66,-2.74,-2.79,9.66,-0.49,-1.05,-0.09,2.45,-1.81,10.12,-0.67,-0.76,0.27
4376.72,33.44,-2.71,-2.87,9.54,-0.46,-1.02,-0.10,2.44,-1.78,10.01,-0.65,-0.74,0.08
4376.74,32.74,-2.82,-2.87,9.33,-0.32,-0.91,-0.19,1.89,-1.64,10.02,-0.62,-0.74,-0.02
4376.75,32.46,-2.90,-2.74,9.26,-0.26,-0.88,-0.23,1.74,-1.56,10.02,-0.59,-0.75,-0.06
4376.76,32.13,-2.83,-2.49,9.20,-0.18,-0.85,-0.29,1.74,-1.49,9.91,-0.56,-0.77,-0.08
4376.78,31.90,-2.69,-2.36,9.19,-0.14,-0.83,-0.34,1.83,-1.42,9.73,-0.55,-0.77,-0.10
4376.79,31.65,-2.48,-2.21,9.16,-0.09,-0.81,-0.41,1.95,-1.42,9.52,-0.53,-0.77,-0.13
4376.80,31.26,-2.24,-2.01,9.12,-0.03,-0.79,-0.51,2.08,-1.41,9.30,-0.52,-0.77,-0.16
4376.81,31.01,-2.24,-1.89,9.11,0.00,-0.77,-0.58,2.19,-1.37,9.19,-0.52,-0.77,-0.19
4376.83,30.92,-2.33,-1.88,9.12,0.02,-0.76,-0.61,2.25,-1.33,9.18,-0.52,-0.76,-0.21
4376.84,30.83,-2.51,-1.89,9.12,0.03,-0.75,-0.60,2.27,-1.29,9.23,-0.53,-0.77,-0.24
4376.85,30.80,-2.59,-1.92,9.13,0.02,-0.74,-0.55,2.22,-1.32,9.30,-0.52,-0.77,-0.24
4376.87,30.77,-2.64,-1.95,9.14,0.00,-0.74,-0.49,2.16,-1.42,9.36,-0.51,-0.77,-0.21
4376.88,30.74,-2.62,-1.92,9.16,-0.05,-0.73,-0.36,2.23,-1.59,9.36,-0.49,-0.78,-0.16
4376.90,30.73,-2.48,-1.84,9.22,-0.08,-0.73,-0.31,2.36,-1.62,9.33,-0.48,-0.79,-0.13
4376.91,30.74,-2.34,-1.81,9.31,-0.09,-0.73,-0.30,2.59,-1.63,9.29,-0.48,-0.79,-0.13
4376.92,30.77,-2.40,-1.90,9.38,-0.09,-0.73,-0.32,2.62,-1.58,9.34,-0.49,-0.80,-0.15
4376.94,30.84,-2.70,-1.95,9.38,-0.07,-0.73,-0.33,2.44,-1.57,9.44,-0.50,-0.82,-0.19
4376.95,30.90,-3.02,-1.96,9.33,-0.07,-0.72,-0.33,2.16,-1.53,9.56,-0.51,-0.85,-0.20
4376.96,31.13,-3.49,-1.94,9.22,-0.08,-0.71,-0.28,1.91,-1.46,9.69,-0.51,-0.89,-0.19
4376.97,31.27,-3.66,-1.84,9.17,-0.09,-0.70,-0.24,1.77,-1.39,9.78,-0.51,-0.95,-0.17
4376.98,31.57,-3.71,-1.70,9.16,-0.12,-0.68,-0.20,1.74,-1.31,9.82,-0.51,-1.01,-0.15
4377.00,31.86,-3.60,-1.63,9.24,-0.12,-0.66,-0.21,1.79,-1.27,9.85,-0.53,-1.07,-0.15
4377.01,32.30,-3.40,-1.75,9.40,-0.07,-0.62,-0.30,1.89,-1.30,9.91,-0.54,-1.16,-0.16
4377.02,32.55,-3.36,-1.80,9.43,-0.02,-0.60,-0.37,1.89,-1.36,9.94,-0.55,-1.23,-0.17
4377.04,33.03,-3.44,-1.85,9.43,0.04,-0.55,-0.46,1.97,-1.48,10.00,-0.56,-1.30,-0.20
4377.05,33.45,-3.54,-1.88,9.45,0.07,-0.51,-0.51,2.06,-1.53,9.99,-0.57,-1.37,-0.23
4377.06,34.36,-3.65,-1.90,9.60,0.15,-0.42,-0.59,2.33,-1.52,10.06,-0.59,-1.47,-0.25
4377.08,35.05,-3.66,-1.90,9.73,0.20,-0.38,-0.64,2.67,-1.41,10.14,-0.62,-1.53,-0.29
4377.09,35.82,-3.72,-1.90,10.01,0.30,-0.32,-0.74,2.87,-1.39,10.40,-0.65,-1.59,-0.34
4377.10,36.97,-4.17,-1.68,10.47,0.43,-0.23,-0.93,2.84,-1.15,10.99,-0.70,-1.64,-0.41
4377.11,37.80,-4.73,-1.40,10.71,0.52,-0.18,-1.03,2.74,-0.75,11.68,-0.75,-1.68,-0.50
4377.13,39.13,-5.67,-0.73,10.82,0.67,-0.06,-1.11,2.52,-0.21,12.52,-0.83,-1.72,-0.58
4377.14,40.72,-6.36,-0.05,11.07,0.81,0.14,-1.06,2.57,0.46,13.09,-0.92,-1.77,-0.66
4377.15,41.81,-6.59,0.61,11.22,0.92,0.29,-1.01,2.47,1.26,13.64,-1.04,-1.80,-0.79
4377.16,43.20,-6.53,1.55,11.17,1.04,0.52,-0.92,2.28,1.60,14.19,-1.18,-1.84,-0.97
4377.18,45.30,-5.34,1.93,10.89,1.10,0.91,-0.78,2.32,1.17,14.13,-1.29,-1.84,-1.09
4377.19,46.28,-4.24,1.52,10.73,1.08,1.11,-0.74,2.74,-0.07,13.27,-1.33,-1.80,-1.08
4377.20,48.30,-1.79,0.17,10.69,0.95,1.59,-0.73,4.24,-1.78,11.19,-1.30,-1.72,-0.79
4377.22,50.06,-0.95,-0.55,11.29,0.84,1.83,-0.80,5.79,-2.77,9.78,-1.34,-1.70,-0.67
4377.23,51.65,-0.78,-0.70,11.83,0.80,1.91,-0.85,6.92,-3.73,9.17,-1.37,-1.65,-0.68
4377.25,54.13,-0.83,-0.69,12.90,0.71,1.97,-1.03,7.93,-4.76,8.20,-1.33,-1.49,-0.80
4377.26,56.04,-0.83,-0.61,13.19,0.67,1.96,-1.15,8.62,-4.56,7.14,-1.27,-1.24,-1.07
4377.27,58.12,-0.45,-0.73,13.21,0.57,1.93,-1.29,9.05,-3.84,5.78,-1.19,-0.89,-1.45
4377.29,59.99,-0.07,-0.94,13.03,0.50,1.92,-1.35,9.08,-3.04,4.35,-1.10,-0.47,-1.75
4377.30,61.27,0.31,-1.16,12.62,0.43,1.88,-1.40,8.79,-2.43,3.57,-1.03,-0.11,-1.86
4377.31,62.64,0.36,-1.21,12.11,0.38,1.84,-1.41,7.82,-1.87,3.09,-0.87,0.52,-1.76
4377.32,63.52,0.28,-1.08,11.57,0.32,1.78,-1.33,7.07,-1.63,3.01,-0.65,1.01,-1.48
4377.33,64.07,-0.09,-0.87,10.87,0.25,1.71,-1.12,6.74,-1.43,2.95,-0.41,1.44,-0.97
4377.35,64.25,-0.33,-0.51,10.36,0.17,1.65,-0.84,6.82,-1.41,2.80,-0.13,1.93,-0.56
4377.36,64.27,-0.53,-0.10,9.91,0.05,1.58,-0.52,6.92,-1.59,2.60,0.08,2.30,-0.19
4377.37,64.10,-0.77,-0.04,9.58,-0.12,1.43,-0.16,6.85,-1.66,2.44,0.25,2.66,0.09
4377.39,63.70,-0.72,-0.32,9.46,-0.20,1.32,-0.00,6.69,-1.58,2.46,0.41,3.01,0.34
4377.40,62.28,-0.48,-0.94,9.10,-0.24,1.09,0.13,6.89,-1.72,2.89,0.64,3.51,0.40
4377.42,60.64,-0.07,-1.27,8.77,-0.22,0.90,0.13,7.33,-1.88,3.40,0.79,3.81,0.33
4377.43,58.86,0.29,-1.35,8.62,-0.17,0.81,0.08,7.99,-2.04,4.09,0.92,4.07,0.09
4377.44,56.89,0.65,-1.20,8.40,-0.08,0.72,-0.03,8.63,-2.06,4.67,1.00,4.28,-0.35
4377.45,53.85,0.65,-0.83,8.06,0.01,0.61,-0.24,9.20,-1.82,4.93,0.98,4.43,-0.97
4377.46,51.70,0.51,-0.56,7.82,0.04,0.52,-0.37,9.38,-1.55,5.08,0.87,4.56,-1.81
4377.48,48.42,-0.27,-0.00,7.48,0.00,0.28,-0.59,8.25,-1.39,5.68,0.68,4.68,-2.32
4377.49,45.73,-0.66,0.12,7.45,-0.05,0.13,-0.68,6.52,-1.24,6.52,0.53,4.67,-2.53
4377.50,42.81,-0.86,0.07,7.58,-0.05,0.06,-0.77,5.01,-1.19,7.30,0.40,4.58,-2.47
4377.51,40.32,-1.36,0.07,7.90,-0.00,0.03,-0.92,4.40,-1.38,7.92,0.26,4.44,-2.31
4377.52,37.53,-2.18,-0.02,8.17,0.08,0.05,-1.10,4.49,-1.82,8.40,0.12,4.23,-2.31
4377.54,34.88,-2.97,-0.55,8.25,0.14,0.10,-1.45,4.74,-2.47,8.71,-0.07,3.84,-2.50
4377.55,33.12,-3.42,-1.50,8.20,0.14,0.20,-2.02,4.79,-2.97,8.80,-0.23,3.44,-3.00
4377.57,32.10,-3.78,-2.43,8.19,0.17,0.24,-2.75,4.14,-3.00,8.71,-0.46,2.74,-3.40
4377.58,31.61,-4.64,-2.71,8.18,0.28,0.24,-3.38,3.17,-2.50,8.63,-0.63,2.23,-3.72
4377.60,31.25,-5.61,-2.59,8.12,0.34,0.22,-3.61,1.68,-1.95,8.90,-0.78,1.70,-3.87
4377.61,31.66,-7.65,-2.21,7.70,0.32,0.14,-3.61,-0.20,-1.05,9.47,-0.88,1.02,-3.66
4377.62,32.04,-9.29,-2.29,7.41,0.13,0.04,-3.25,-1.63,-0.52,10.32,-0.82,0.49,-3.16
4377.63,32.55,-10.33,-2.61,7.83,-0.03,-0.14,-2.53,-3.04,-0.11,11.32,-0.60,0.03,-2.35
4377.65,32.40,-10.21,-2.87,8.43,-0.04,-0.24,-2.00,-4.03,0.65,11.85,-0.26,-0.32,-1.23
4377.66,32.63,-9.03,-2.34,9.77,0.02,-0.38,-0.95,-3.63,1.26,12.08,0.05,-0.53,-0.02
4377.67,32.41,-7.89,-0.86,10.85,0.01,-0.46,-0.19,-1.89,0.71,12.49,0.20,-0.68,1.15
4377.69,32.65,-6.80,-0.77,11.64,-0.20,-0.51,0.33,0.63,0.06,13.33,0.20,-0.77,1.23
4377.70,33.19,-5.90,-2.01,11.59,-0.22,-0.50,0.46,2.98,-0.04,12.37,0.18,-0.81,1.00
4377.71,34.03,-4.76,-2.38,11.01,-0.16,-0.49,0.60,3.71,-0.26,11.37,0.15,-0.83,0.80
4377.72,34.40,-2.51,-2.02,10.04,-0.13,-0.49,0.70,3.68,-0.69,10.06,0.11,-0.82,0.63
4377.74,34.74,-1.32,-1.75,9.37,-0.15,-0.50,0.71,3.07,-1.09,9.08,0.07,-0.80,0.57
4377.75,33.99,-0.20,-1.58,8.86,-0.21,-0.53,0.55,2.52,-1.41,8.52,-0.01,-0.73,0.51
4377.77,32.50,-0.63,-1.53,9.03,-0.14,-0.52,-0.03,2.61,-1.24,8.84,-0.11,-0.59,0.35
4377.79,32.27,-0.95,-1.58,9.28,-0.12,-0.50,-0.24,2.62,-1.06,9.28,-0.15,-0.50,0.20
4377.80,31.45,-1.91,-2.15,10.15,-0.06,-0.43,-0.60,2.44,-1.27,10.05,-0.18,-0.44,0.03
4377.82,31.31,-2.12,-2.53,10.43,-0.02,-0.38,-0.71,2.41,-1.64,10.39,-0.18,-0.42,-0.12
4377.83,30.89,-1.97,-3.27,10.54,0.13,-0.25,-0.92,2.26,-1.99,10.35,-0.17,-0.41,-0.27
4377.85,30.51,-2.02,-3.68,10.16,0.30,-0.13,-1.12,2.17,-2.24,10.10,-0.16,-0.38,-0.37
4377.87,30.46,-2.63,-3.78,9.75,0.40,-0.08,-1.20,2.15,-2.32,10.06,-0.14,-0.37,-0.45
4377.88,30.70,-3.09,-3.59,9.43,0.44,-0.04,-1.15,2.07,-2.29,10.03,-0.13,-0.34,-0.56
4377.90,30.91,-2.87,-3.36,9.41,0.44,-0.01,-1.10,2.00,-2.19,9.95,-0.11,-0.32,-0.61
4377.92,30.92,-2.43,-3.03,9.45,0.46,0.02,-1.14,1.93,-1.92,9.84,-0.07,-0.29,-0.61
4377.93,30.82,-2.23,-2.84,9.51,0.48,0.03,-1.20,2.10,-1.84,9.77,-0.05,-0.27,-0.61
4377.94,30.81,-2.19,-2.78,9.54,0.50,0.04,-1.23,2.34,-1.81,9.65,-0.04,-0.24,-0.64
4377.95,30.78,-2.13,-2.70,9.53,0.52,0.05,-1.27,2.47,-1.75,9.55,-0.04,-0.22,-0.68
4377.97,30.81,-2.11,-2.72,9.53,0.53,0.07,-1.29,2.50,-1.72,9.50,-0.03,-0.19,-0.72
4377.98,30.77,-2.19,-2.73,9.50,0.56,0.09,-1.32,2.41,-1.70,9.50,-0.03,-0.16,-0.75
4377.99,30.75,-2.45,-2.75,9.43,0.58,0.10,-1.33,2.19,-1.65,9.56,-0.02,-0.13,-0.78
4378.01,30.81,-2.83,-2.78,9.31,0.60,0.12,-1.31,1.97,-1.68,9.64,-0.00,-0.11,-0.77
4378.03,30.90,-2.97,-2.78,9.28,0.62,0.14,-1.29,1.90,-1.68,9.65,0.00,-0.10,-0.79
4378.04,30.97,-2.98,-2.80,9.27,0.64,0.16,-1.30,1.89,-1.66,9.67,0.00,-0.11,-0.82
4378.06,31.08,-3.10,-2.84,9.28,0.67,0.18,-1.34,1.86,-1.57,9.72,-0.00,-0.12,-0.87
4378.07,31.14,-3.26,-2.86,9.29,0.70,0.20,-1.37,1.77,-1.48,9.78,-0.01,-0.13,-0.94
4378.08,31.42,-3.58,-2.82,9.25,0.74,0.24,-1.39,1.60,-1.43,9.86,-0.01,-0.15,-1.01
4378.09,31.52,-3.75,-2.73,9.20,0.76,0.26,-1.41,1.44,-1.39,9.95,-0.01,-0.17,-1.07
4378.11,32.00,-3.95,-2.73,9.18,0.79,0.31,-1.42,1.33,-1.35,10.02,-0.01,-0.21,-1.12
4378.12,32.40,-3.96,-2.74,9.14,0.82,0.35,-1.42,1.36,-1.32,10.00,-0.00,-0.24,-1.16
4378.14,32.62,-3.97,-2.73,9.10,0.84,0.38,-1.43,1.37,-1.28,9.96,-0.01,-0.27,-1.22
4378.15,33.16,-3.94,-2.79,9.04,0.87,0.42,-1.45,1.38,-1.32,9.98,-0.00,-0.31,-1.27
4378.16,33.56,-3.83,-2.81,9.02,0.91,0.45,-1.46,1.48,-1.36,9.97,0.00,-0.34,-1.31
4378.17,34.20,-3.70,-2.85,9.08,0.96,0.47,-1.51,1.76,-1.39,9.95,0.01,-0.37,-1.38
4378.19,34.72,-3.68,-2.89,9.13,1.01,0.48,-1.55,2.18,-1.42,9.90,0.02,-0.40,-1.44
4378.21,35.43,-3.55,-2.84,9.19,1.07,0.47,-1.59,2.53,-1.48,9.88,0.03,-0.41,-1.49
4378.22,36.23,-3.20,-2.70,9.37,1.12,0.45,-1.65,2.79,-1.54,9.92,0.05,-0.41,-1.56
4378.24,36.70,-3.00,-2.63,9.55,1.16,0.44,-1.70,3.15,-1.50,9.86,0.08,-0.41,-1.63
4378.25,37.54,-2.69,-2.40,9.55,1.25,0.38,-1.83,3.51,-1.44,9.68,0.09,-0.37,-1.74
4378.27,37.93,-2.73,-2.37,9.49,1.28,0.34,-1.90,3.59,-1.40,9.60,0.10,-0.33,-1.82
4378.28,38.38,-2.92,-2.33,9.47,1.33,0.30,-1.97,3.59,-1.36,9.61,0.10,-0.30,-1.93
4378.30,38.72,-3.06,-2.24,9.51,1.35,0.27,-2.01,3.69,-1.33,9.63,0.08,-0.25,-2.03
4378.31,39.17,-3.09,-1.98,9.59,1.37,0.25,-2.04,4.02,-1.29,9.52,0.06,-0.20,-2.20
4378.33,39.59,-2.91,-1.68,9.66,1.38,0.26,-2.08,4.60,-1.17,9.21,-0.00,-0.10,-2.43
4378.34,40.09,-2.52,-1.28,9.72,1.41,0.30,-2.18,4.82,-0.99,8.90,-0.09,-0.01,-2.74
4378.35,40.45,-2.16,-0.86,9.68,1.46,0.34,-2.32,4.83,-0.80,8.53,-0.23,0.12,-3.20
4378.37,40.64,-1.99,-0.53,9.67,1.50,0.37,-2.45,4.76,-0.60,8.38,-0.38,0.21,-3.47
4378.38,40.75,-1.96,-0.22,9.83,1.55,0.42,-2.62,4.53,-0.52,8.51,-0.52,0.25,-3.80
4378.40,40.63,-2.21,-0.01,10.17,1.59,0.48,-2.81,3.92,-0.56,9.20,-0.71,0.25,-3.91
4378.41,40.46,-2.39,0.01,10.37,1.59,0.51,-2.90,3.63,-0.60,9.68,-0.80,0.21,-3.93
4378.43,40.28,-2.66,-0.10,10.46,1.59,0.58,-3.09,3.65,-0.62,9.52,-0.91,0.14,-3.85
4378.44,40.46,-2.70,-0.15,10.33,1.61,0.63,-3.20,3.94,-1.18,8.75,-1.10,0.09,-3.79
4378.46,40.75,-2.62,-0.28,10.11,1.62,0.66,-3.31,4.28,-1.81,8.29,-1.33,0.05,-3.83
4378.47,41.53,-2.28,-0.80,9.75,1.64,0.68,-3.54,4.78,-2.50,8.15,-1.64,-0.02,-4.13
4378.48,42.26,-2.02,-1.38,9.58,1.67,0.65,-3.78,5.15,-2.82,8.27,-1.93,-0.09,-4.39
4378.50,42.84,-1.97,-1.64,9.51,1.72,0.61,-3.93,5.09,-2.94,8.27,-2.10,-0.15,-4.58
4378.51,43.16,-2.05,-1.75,9.41,1.79,0.53,-4.08,4.76,-2.95,8.21,-2.24,-0.20,-4.68
4378.52,43.68,-2.42,-1.57,9.29,1.87,0.43,-4.16,4.46,-2.94,8.25,-2.35,-0.24,-4.71
4378.53,44.09,-2.75,-1.36,9.18,1.88,0.35,-4.13,4.29,-2.84,8.30,-2.43,-0.27,-4.68
4378.55,44.89,-3.57,-1.01,8.84,1.80,0.18,-3.90,4.05,-2.73,8.58,-2.50,-0.32,-4.62
4378.57,45.41,-3.68,-0.73,8.47,1.65,-0.03,-3.62,3.44,-2.66,8.78,-2.47,-0.36,-4.50
4378.59,45.41,-3.51,-0.77,8.40,1.53,-0.14,-3.44,2.91,-2.53,8.87,-2.40,-0.38,-4.35
4378.60,45.14,-3.37,-0.82,8.40,1.45,-0.21,-3.29,2.44,-2.40,9.01,-2.31,-0.38,-4.14
4378.61,44.62,-3.21,-0.87,8.46,1.34,-0.28,-3.11,2.12,-2.33,9.18,-2.20,-0.37,-3.86
4378.62,43.92,-3.17,-1.00,8.59,1.22,-0.34,-2.95,1.85,-2.26,9.35,-2.07,-0.34,-3.51
4378.64,43.04,-3.28,-1.31,8.77,1.07,-0.37,-2.76,1.64,-2.17,9.49,-1.89,-0.29,-3.22
4378.65,42.03,-3.59,-1.67,8.89,0.96,-0.40,-2.58,1.57,-2.16,9.65,-1.71,-0.22,-2.88
4378.66,41.09,-3.93,-1.85,8.91,0.87,-0.41,-2.39,1.61,-2.20,9.74,-1.56,-0.14,-2.64
4378.68,40.40,-4.07,-1.85,8.90,0.81,-0.42,-2.27,1.64,-2.27,9.79,-1.41,-0.06,-2.39
4378.69,39.36,-4.22,-1.76,8.88,0.66,-0.43,-2.03,1.63,-2.35,9.83,-1.20,0.06,-2.21
4378.71,38.65,-4.23,-1.75,8.88,0.60,-0.43,-1.96,1.61,-2.41,9.85,-1.08,0.15,-2.10
4378.72,38.11,-4.23,-1.74,8.87,0.50,-0.42,-1.87,1.60,-2.48,9.85,-0.96,0.23,-2.02
4378.73,37.19,-4.22,-1.70,8.87,0.37,-0.41,-1.80,1.59,-2.52,9.82,-0.85,0.32,-1.94
4378.74,36.42,-4.19,-1.67,8.87,0.29,-0.41,-1.76,1.60,-2.52,9.81,-0.75,0.40,-1.87
4378.75,35.47,-4.20,-1.68,8.91,0.17,-0.40,-1.71,1.62,-2.46,9.83,-0.64,0.50,-1.78
4378.77,34.51,-4.28,-1.71,8.91,0.04,-0.39,-1.65,1.50,-2.39,9.90,-0.54,0.58,-1.72
4378.78,33.69,-4.36,-1.68,8.87,-0.02,-0.38,-1.61,1.34,-2.32,9.94,-0.47,0.64,-1.63
4378.79,32.55,-4.56,-1.66,8.79,-0.14,-0.38,-1.51,1.07,-2.09,9.96,-0.37,0.69,-1.47
4378.81,31.78,-4.75,-1.58,8.78,-0.17,-0.37,-1.44,0.79,-1.90,10.01,-0.33,0.71,-1.34
4378.82,30.89,-5.07,-1.41,8.86,-0.19,-0.35,-1.41,0.19,-1.55,10.49,-0.33,0.71,-1.25
4378.84,30.21,-6.14,-1.03,9.15,-0.26,-0.31,-1.37,-0.61,-1.07,11.31,-0.31,0.69,-1.13
4378.85,29.34,-6.98,-0.86,9.35,-0.32,-0.28,-1.32,-1.32,-0.65,12.06,-0.28,0.64,-0.96
4378.86,29.04,-8.15,-0.80,9.45,-0.42,-0.21,-1.12,-1.71,-0.37,12.31,-0.21,0.56,-0.62
4378.88,28.71,-8.45,-1.06,9.03,-0.50,-0.10,-0.71,-1.62,-0.32,11.89,-0.09,0.45,-0.24
4378.89,28.48,-8.05,-1.19,8.81,-0.53,-0.05,-0.49,-1.06,-0.34,11.31,-0.01,0.29,0.19
4378.91,29.04,-6.06,-1.26,8.52,-0.57,-0.01,-0.01,0.24,-0.58,10.26,0.07,0.19,0.40
4378.92,29.18,-5.05,-1.24,8.48,-0.59,-0.02,0.13,1.07,-0.77,9.61,0.09,0.13,0.61
4378.94,29.64,-3.00,-1.32,8.58,-0.55,-0.18,0.01,2.73,-1.19,8.83,-0.03,0.08,0.55
4378.97,29.91,-2.95,-1.44,8.69,-0.54,-0.23,-0.07,2.94,-1.27,8.91,-0.09,0.07,0.37
4378.98,30.01,-3.01,-1.50,9.13,-0.53,-0.32,-0.20,2.82,-1.11,9.28,-0.18,0.07,0.20
4379.00,29.85,-3.12,-1.59,9.47,-0.50,-0.36,-0.27,2.76,-0.96,9.59,-0.20,0.07,0.16
4379.01,29.86,-3.21,-1.58,9.74,-0.44,-0.39,-0.31,2.75,-0.74,9.76,-0.21,0.05,0.14
4379.02,29.65,-3.17,-1.31,9.84,-0.35,-0.42,-0.30,2.81,-0.53,9.74,-0.23,0.02,0.13
4379.03,29.72,-3.04,-1.12,9.83,-0.31,-0.43,-0.29,2.94,-0.43,9.61,-0.24,-0.00,0.13
4379.05,29.47,-2.63,-0.96,9.73,-0.27,-0.45,-0.29,2.95,-0.50,9.50,-0.26,-0.03,0.08
4379.06,28.99,-2.18,-1.36,9.63,-0.24,-0.45,-0.38,2.56,-0.98,9.42,-0.31,-0.03,0.03
4379.08,28.75,-2.24,-1.70,9.64,-0.23,-0.44,-0.41,2.29,-1.40,9.62,-0.33,-0.04,0.00
4379.10,28.12,-2.76,-2.49,9.76,-0.25,-0.40,-0.40,2.33,-1.91,10.01,-0.31,-0.04,0.00
4379.11,27.96,-2.98,-2.82,9.76,-0.25,-0.39,-0.32,2.54,-2.05,10.02,-0.29,-0.05,0.01
4379.13,28.01,-2.92,-2.87,9.75,-0.25,-0.39,-0.26,2.73,-2.12,9.96,-0.27,-0.07,-0.01
4379.14,27.88,-2.56,-2.87,9.77,-0.24,-0.40,-0.18,2.88,-2.18,9.89,-0.25,-0.07,-0.02
4379.15,27.53,-2.00,-2.98,9.83,-0.20,-0.43,-0.23,2.98,-2.22,9.82,-0.21,-0.08,-0.09
4379.18,27.45,-1.94,-2.97,9.81,-0.16,-0.44,-0.29,2.92,-2.16,9.77,-0.19,-0.08,-0.17
4379.19,26.94,-1.94,-2.76,9.71,-0.08,-0.46,-0.42,2.75,-2.03,9.74,-0.18,-0.09,-0.22
4379.21,26.79,-1.98,-2.67,9.68,-0.05,-0.46,-0.48,2.53,-1.90,9.70,-0.16,-0.10,-0.29
4379.22,26.32,-2.13,-2.48,9.60,0.01,-0.46,-0.60,2.28,-1.76,9.67,-0.16,-0.12,-0.33
4379.23,26.00,-2.40,-2.39,9.49,0.05,-0.46,-0.69,2.00,-1.66,9.62,-0.16,-0.15,-0.38
4379.25,25.81,-2.67,-2.35,9.35,0.07,-0.45,-0.72,1.76,-1.63,9.58,-0.17,-0.17,-0.40
4379.26,25.70,-2.87,-2.34,9.27,0.08,-0.44,-0.73,1.57,-1.59,9.57,-0.18,-0.21,-0.41
4379.27,25.64,-3.13,-2.32,9.20,0.08,-0.43,-0.69,1.50,-1.54,9.60,-0.18,-0.24,-0.40
4379.28,25.66,-3.19,-2.30,9.21,0.07,-0.43,-0.63,1.52,-1.49,9.62,-0.19,-0.28,-0.38
4379.30,25.70,-3.14,-2.25,9.25,0.06,-0.43,-0.58,1.62,-1.41,9.61,-0.19,-0.31,-0.34
4379.31,25.81,-2.90,-2.16,9.35,0.06,-0.44,-0.49,1.91,-1.38,9.59,-0.20,-0.35,-0.32
4379.32,25.88,-2.63,-2.09,9.39,0.06,-0.46,-0.42,2.20,-1.41,9.56,-0.20,-0.39,-0.31
4379.34,26.02,-2.35,-2.11,9.47,0.06,-0.49,-0.36,2.48,-1.51,9.55,-0.20,-0.43,-0.31
4379.35,26.13,-2.22,-2.14,9.49,0.07,-0.53,-0.34,2.58,-1.61,9.51,-0.20,-0.46,-0.31
4379.37,26.22,-2.20,-2.15,9.46,0.07,-0.56,-0.33,2.58,-1.65,9.49,-0.20,-0.49,-0.31
4379.38,26.36,-2.22,-2.15,9.45,0.06,-0.58,-0.33,2.47,-1.61,9.51,-0.21,-0.53,-0.30
4379.39,26.33,-2.33,-2.11,9.47,0.06,-0.60,-0.34,2.30,-1.50,9.57,-0.23,-0.57,-0.28
4379.40,26.44,-2.68,-2.02,9.52,0.07,-0.62,-0.37,2.08,-1.31,9.70,-0.25,-0.62,-0.27
4379.42,26.57,-2.86,-1.97,9.51,0.08,-0.63,-0.37,1.89,-1.17,9.70,-0.28,-0.68,-0.25
4379.43,26.69,-3.07,-1.90,9.47,0.09,-0.62,-0.35,1.76,-1.08,9.73,-0.31,-0.75,-0.23
4379.44,26.92,-3.17,-1.84,9.42,0.09,-0.61,-0.31,1.79,-1.05,9.73,-0.34,-0.82,-0.21
4379.45,27.39,-3.15,-1.73,9.47,0.07,-0.59,-0.25,1.89,-1.03,9.81,-0.38,-0.91,-0.19
4379.47,27.85,-2.93,-1.50,9.64,0.05,-0.57,-0.20,2.05,-0.92,9.85,-0.42,-1.07,-0.18
4379.49,28.71,-2.81,-1.19,9.93,0.05,-0.52,-0.19,2.39,-0.58,9.92,-0.48,-1.18,-0.17
4379.51,29.28,-2.92,-1.05,10.03,0.06,-0.51,-0.19,2.44,-0.33,9.99,-0.50,-1.28,-0.16
4379.52,30.29,-3.30,-0.85,10.21,0.10,-0.46,-0.18,2.39,0.03,10.18,-0.55,-1.43,-0.15
4379.54,31.35,-3.89,-0.80,10.42,0.19,-0.38,-0.20,2.12,-0.10,10.61,-0.58,-1.55,-0.14
4379.55,32.10,-4.42,-0.83,10.66,0.24,-0.32,-0.26,1.59,-0.09,11.36,-0.60,-1.66,-0.12
4379.56,33.03,-5.35,-0.87,11.03,0.33,-0.20,-0.34,1.10,0.20,12.25,-0.63,-1.77,-0.08
4379.58,34.69,-6.86,-0.87,11.51,0.54,0.02,-0.39,0.61,0.90,13.31,-0.72,-1.89,-0.08
4379.60,36.51,-8.19,-0.26,11.68,0.75,0.24,-0.39,0.61,1.91,14.45,-0.88,-2.00,-0.14
4379.61,37.90,-9.18,0.58,11.49,0.88,0.36,-0.34,0.58,2.53,15.38,-1.03,-2.06,-0.25
4379.62,41.79,-8.92,1.99,10.83,1.10,0.75,0.13,0.05,1.91,16.04,-1.23,-2.17,-0.31
4379.64,43.92,-6.11,0.89,10.85,1.06,1.03,0.34,0.73,0.06,14.98,-1.25,-2.19,-0.26
4379.66,45.07,-4.29,0.09,11.01,1.00,1.20,0.30,1.71,-1.79,13.62,-1.21,-2.16,-0.05
4379.67,46.44,-2.05,-0.72,11.25,0.86,1.54,0.03,3.13,-2.95,12.36,-1.15,-2.09,0.21
4379.68,48.04,-1.29,-1.07,11.83,0.69,1.84,-0.28,4.35,-3.50,11.68,-1.11,-2.05,0.47
4379.69,49.99,-1.40,-1.13,12.51,0.58,2.03,-0.41,6.05,-4.84,11.51,-1.06,-2.01,0.56
4379.71,52.58,-2.19,-1.13,13.15,0.45,2.19,-0.43,7.38,-5.40,10.62,-0.89,-1.88,0.31
4379.72,55.22,-2.85,-1.72,13.31,0.37,2.21,-0.28,8.19,-4.94,9.12,-0.70,-1.66,-0.20
4379.74,58.41,-2.98,-2.31,13.15,0.31,2.17,-0.06,8.58,-4.41,7.24,-0.50,-1.23,-0.56
4379.75,60.69,-2.55,-2.43,13.02,0.27,2.13,0.06,8.35,-4.01,6.33,-0.31,-0.77,-0.80
4379.77,63.58,-0.87,-2.18,12.47,0.28,2.14,0.21,6.61,-3.26,5.28,0.26,0.45,-0.64
4379.79,63.96,-0.57,-1.96,12.10,0.32,2.17,0.25,6.32,-3.07,4.79,0.53,0.95,-0.41
4379.80,64.12,-0.35,-1.51,11.41,0.35,2.21,0.32,6.55,-3.07,4.40,0.77,1.40,-0.21
4379.81,64.17,-0.19,-1.10,10.86,0.31,2.23,0.38,6.96,-3.23,4.10,0.98,1.79,-0.14
4379.83,63.97,0.07,-1.12,10.30,0.19,2.18,0.42,7.28,-3.22,3.53,1.27,2.35,-0.22
4379.85,63.75,0.06,-1.14,9.90,0.13,2.13,0.45,7.12,-2.91,3.00,1.44,2.74,-0.32
4379.86,63.35,0.07,-1.15,9.34,0.02,2.02,0.53,6.83,-2.60,2.54,1.60,3.14,-0.36
4379.87,62.69,0.18,-1.23,8.81,-0.09,1.85,0.63,6.65,-2.55,2.22,1.78,3.55,-0.28
4379.88,61.41,0.42,-1.15,8.11,-0.23,1.60,0.80,6.64,-2.53,2.03,1.97,3.95,-0.15
4379.89,60.20,0.58,-1.13,7.70,-0.30,1.45,0.91,6.76,-2.51,2.16,2.12,4.30,-0.07
4379.91,57.97,0.97,-1.36,7.13,-0.35,1.22,0.96,6.99,-2.46,2.84,2.26,4.65,-0.14
4379.92,55.46,1.22,-1.61,6.79,-0.34,1.03,0.87,7.31,-2.44,3.39,2.36,4.89,-0.26
4379.93,51.68,1.39,-1.22,6.56,-0.24,0.81,0.73,7.49,-2.20,4.26,2.44,5.09,-0.36
4379.94,47.43,1.09,-0.15,6.32,-0.17,0.58,0.66,7.00,-1.67,5.30,2.44,5.24,-0.48
4379.96,40.97,-0.09,0.91,6.07,-0.23,0.25,0.60,5.58,-1.36,7.18,2.40,5.32,-0.29
4379.98,37.62,-1.07,1.06,6.05,-0.28,0.13,0.61,4.68,-1.62,8.15,2.35,5.24,0.07
4379.99,35.31,-2.71,0.71,6.05,-0.35,-0.01,0.69,3.92,-2.06,9.01,2.27,5.02,0.44
4380.00,32.53,-5.19,0.09,6.70,-0.48,-0.13,0.86,3.58,-2.54,9.84,2.16,4.62,0.67
4380.02,30.75,-6.34,-0.29,7.33,-0.57,-0.21,0.94,3.16,-2.70,10.05,2.02,4.12,0.71
4380.03,29.78,-7.45,-0.68,8.10,-0.58,-0.33,0.78,2.66,-2.21,9.67,1.68,3.34,0.63
4380.04,29.21,-9.13,-0.18,8.11,-0.47,-0.35,0.46,2.30,-1.55,8.72,1.25,2.62,0.51
4380.06,29.53,-10.27,0.23,8.04,-0.54,-0.30,0.46,1.24,-1.45,7.71,0.56,1.62,0.33
4380.07,30.25,-10.10,0.12,8.14,-0.66,-0.23,0.50,0.83,-1.92,7.33,0.07,0.77,0.30
4380.08,31.58,-8.36,-0.22,8.25,-0.70,-0.15,0.28,0.78,-2.07,7.83,-0.51,-0.21,0.35
4380.10,32.90,-5.91,-0.15,8.35,-0.75,-0.15,-0.13,0.49,-0.73,9.28,-0.90,-0.77,0.28
4380.11,33.32,-4.69,-0.20,9.12,-0.84,-0.21,-0.28,-0.34,2.81,12.75,-1.07,-0.83,-0.18
4380.12,32.79,-4.34,0.81,11.32,-0.87,-0.38,-0.20,-2.56,3.16,15.08,-0.67,-0.62,-0.09
4380.13,31.93,-6.31,2.93,12.10,-0.86,-0.55,0.02,-2.57,3.40,14.22,-0.36,-0.68,1.25
4380.14,32.97,-11.48,1.50,11.51,-1.26,-0.65,0.80,1.79,1.87,13.10,-0.31,-1.03,2.63
4380.16,34.60,-9.98,-0.20,12.15,-1.34,-0.66,1.15,3.89,0.58,12.21,-0.40,-1.23,2.76
4380.18,36.13,-2.63,-2.23,12.42,-0.99,-0.53,1.12,5.00,-1.11,10.74,-0.65,-1.46,2.39
4380.19,36.87,0.90,-2.62,11.38,-0.83,-0.53,0.97,5.13,-2.32,9.83,-0.80,-1.55,2.00
4380.20,35.51,3.87,-2.26,9.40,-0.75,-0.70,0.44,6.04,-2.78,8.38,-0.91,-1.43,1.57
4380.22,35.74,3.12,-2.46,8.92,-0.73,-0.82,0.01,6.93,-2.85,7.74,-1.03,-1.23,1.02
4380.23,35.17,0.67,-3.44,8.76,-0.61,-0.97,-0.61,7.03,-2.87,7.84,-1.15,-1.05,0.26
4380.24,35.90,-0.68,-3.54,8.80,-0.56,-1.04,-0.79,6.16,-2.71,8.58,-1.21,-0.95,-0.36
4380.25,35.75,-1.86,-3.23,9.25,-0.58,-1.13,-0.79,4.33,-2.34,9.80,-1.17,-0.91,-0.57
4380.26,35.24,-2.32,-2.82,10.30,-0.57,-1.21,-0.67,2.27,-1.94,10.75,-1.03,-0.87,-0.24
4380.28,34.10,-2.59,-2.34,10.38,-0.48,-1.24,-0.54,1.50,-1.63,10.86,-0.83,-0.85,0.12
4380.29,33.39,-2.77,-2.26,9.93,-0.46,-1.25,-0.44,2.15,-1.68,10.39,-0.73,-0.83,0.28
4380.30,33.17,-2.74,-2.44,9.57,-0.46,-1.24,-0.40,2.88,-1.85,9.87,-0.69,-0.80,0.24
4380.31,32.77,-2.44,-2.65,9.23,-0.47,-1.22,-0.40,3.09,-1.93,9.61,-0.67,-0.76,0.02
4380.33,32.58,-2.31,-2.68,9.15,-0.46,-1.20,-0.44,2.76,-1.96,9.61,-0.66,-0.73,-0.11
4380.34,31.97,-2.36,-2.68,9.16,-0.40,-1.17,-0.54,2.30,-1.88,9.70,-0.65,-0.72,-0.23
4380.35,31.58,-2.46,-2.74,9.26,-0.33,-1.15,-0.61,2.08,-1.77,9.78,-0.62,-0.73,-0.31
4380.38,30.47,-2.54,-2.79,9.38,-0.13,-1.12,-0.73,2.01,-1.65,9.80,-0.56,-0.73,-0.33
4380.39,30.04,-2.54,-2.79,9.36,-0.04,-1.11,-0.76,1.93,-1.68,9.77,-0.54,-0.73,-0.35
4380.41,29.45,-2.76,-2.78,9.26,0.08,-1.09,-0.76,1.67,-1.59,9.66,-0.52,-0.74,-0.35
4380.42,29.06,-3.06,-2.64,9.16,0.15,-1.07,-0.66,1.57,-1.50,9.63,-0.52,-0.76,-0.35
4380.44,28.85,-3.20,-2.52,9.11,0.17,-1.06,-0.58,1.55,-1.33,9.63,-0.52,-0.78,-0.36
4380.45,28.72,-3.32,-2.27,9.02,0.17,-1.05,-0.44,1.54,-1.22,9.64,-0.52,-0.80,-0.35
4380.46,28.68,-3.36,-1.96,8.88,0.12,-1.05,-0.28,1.46,-1.09,9.59,-0.53,-0.84,-0.34
4380.48,28.53,-3.29,-1.77,8.82,0.08,-1.04,-0.19,1.39,-1.07,9.54,-0.54,-0.88,-0.31
4380.49,28.48,-2.99,-1.32,8.90,-0.04,-1.02,-0.09,1.46,-1.09,9.50,-0.54,-0.92,-0.27
4380.50,28.38,-2.78,-1.14,8.95,-0.10,-1.01,-0.11,1.61,-1.13,9.47,-0.56,-0.96,-0.25
4380.51,28.27,-2.46,-1.10,9.19,-0.15,-0.98,-0.20,1.82,-1.15,9.44,-0.58,-1.00,-0.26
4380.53,28.25,-2.49,-1.21,9.36,-0.15,-0.97,-0.29,2.01,-1.07,9.56,-0.60,-1.04,-0.30
4380.54,28.35,-2.95,-1.35,9.36,-0.13,-0.95,-0.41,1.91,-0.92,9.74,-0.64,-1.09,-0.33
4380.55,28.66,-3.66,-1.34,9.19,-0.14,-0.94,-0.45,1.52,-0.81,9.84,-0.67,-1.16,-0.34
4380.56,29.10,-4.21,-1.17,9.05,-0.18,-0.92,-0.40,1.05,-0.66,10.01,-0.70,-1.27,-0.32
4380.58,29.36,-4.34,-1.10,9.10,-0.21,-0.90,-0.38,0.85,-0.55,10.14,-0.72,-1.37,-0.27
4380.59,29.92,-4.38,-1.12,9.30,-0.19,-0.85,-0.39,0.72,-0.44,10.25,-0.74,-1.48,-0.22
4380.60,30.27,-4.42,-1.19,9.44,-0.16,-0.80,-0.38,0.77,-0.35,10.34,-0.76,-1.60,-0.16
4380.61,31.30,-4.65,-1.01,9.53,-0.10,-0.67,-0.32,1.11,-0.19,10.48,-0.80,-1.76,-0.12
4380.63,32.58,-4.76,-0.74,9.70,-0.09,-0.54,-0.25,1.68,0.04,10.67,-0.85,-1.91,-0.15
4380.65,33.76,-4.71,-0.69,10.20,0.02,-0.43,-0.35,1.94,-0.04,11.00,-0.89,-2.03,-0.19
4380.66,34.83,-4.79,-0.56,10.76,0.16,-0.32,-0.57,2.25,0.23,11.80,-0.96,-2.14,-0.30
4380.67,36.10,-5.46,-0.50,11.64,0.42,-0.18,-0.95,2.78,1.14,12.92,-1.06,-2.23,-0.49
4380.68,38.18,-7.02,-0.10,12.22,0.85,-0.02,-1.33,2.80,1.99,14.30,-1.21,-2.26,-0.76
4380.69,39.58,-7.96,0.38,12.22,1.06,0.09,-1.36,1.95,2.37,15.98,-1.33,-2.29,-1.01
4380.71,41.27,-8.58,1.07,12.01,1.23,0.33,-1.20,0.72,2.43,17.22,-1.38,-2.34,-1.17
4380.72,43.34,-7.56,1.30,11.64,1.30,0.75,-0.85,-0.13,1.67,17.31,-1.37,-2.37,-1.18
4380.73,44.43,-6.14,0.68,11.34,1.27,1.01,-0.66,0.20,-0.31,16.25,-1.32,-2.35,-0.88
4380.75,46.43,-3.50,-0.47,10.92,1.09,1.55,-0.38,1.70,-1.89,13.80,-1.21,-2.28,-0.47
4380.76,48.31,-2.64,-0.78,11.50,0.87,1.90,-0.32,3.36,-2.78,12.61,-1.18,-2.27,-0.02
4380.77,50.20,-2.57,-1.04,12.54,0.75,2.06,-0.37,5.32,-4.46,11.82,-1.20,-2.24,0.31
4380.79,52.92,-2.89,-1.31,13.80,0.62,2.15,-0.39,6.49,-5.50,11.14,-1.15,-2.11,0.26
4380.80,55.27,-2.70,-1.37,14.05,0.54,2.13,-0.38,8.00,-5.57,9.72,-0.98,-1.85,-0.03
4380.81,57.56,-2.13,-1.33,13.96,0.46,2.10,-0.36,9.29,-5.07,7.55,-0.81,-1.49,-0.58
4380.82,60.11,-0.94,-1.36,13.69,0.35,2.06,-0.37,9.68,-3.93,5.29,-0.70,-0.96,-1.03
4380.84,62.98,0.20,-1.34,13.06,0.28,2.07,-0.42,8.67,-2.85,4.29,-0.57,-0.28,-1.38
4380.85,64.18,0.41,-1.25,12.59,0.27,2.09,-0.44,7.26,-2.44,3.64,-0.32,0.47,-1.25
4380.87,65.09,0.43,-0.87,11.68,0.27,2.09,-0.44,6.74,-2.24,3.08,-0.09,1.01,-0.90
4380.88,65.71,-0.01,-0.71,10.71,0.24,2.06,-0.36,7.03,-2.16,2.68,0.17,1.60,-0.43
4380.90,66.09,-0.34,-0.63,10.36,0.18,2.04,-0.26,7.40,-2.15,2.62,0.33,2.01,-0.22
4380.91,66.28,-0.45,-0.52,9.93,0.06,1.97,-0.07,7.39,-2.08,2.61,0.50,2.50,-0.24
4380.92,66.07,-0.51,-0.71,9.49,-0.05,1.85,0.12,7.10,-1.91,2.55,0.63,2.87,-0.29
4380.93,65.56,-0.49,-0.87,9.18,-0.10,1.76,0.22,6.70,-1.72,2.55,0.78,3.24,-0.18
4380.96,63.52,-0.39,-1.13,8.28,-0.22,1.52,0.43,6.24,-1.65,3.21,1.19,3.94,-0.08
4380.97,61.40,-0.32,-1.32,7.93,-0.27,1.38,0.49,6.27,-1.65,3.79,1.38,4.19,-0.07
4380.98,59.63,-0.12,-1.46,7.58,-0.29,1.25,0.52,6.35,-1.65,4.31,1.51,4.33,-0.13
4380.99,56.49,-0.07,-1.31,7.21,-0.28,1.12,0.56,6.47,-1.60,5.16,1.69,4.49,-0.31
4381.01,53.99,-0.15,-1.13,6.98,-0.27,1.04,0.57,6.45,-1.50,5.65,1.80,4.59,-0.45
4381.02,51.08,-0.23,-0.91,6.68,-0.28,0.87,0.57,6.39,-1.20,6.02,1.89,4.68,-0.52
4381.03,48.38,-0.40,-0.67,6.60,-0.30,0.76,0.57,6.01,-0.88,6.56,1.96,4.76,-0.41
4381.04,44.54,-1.15,-0.02,6.59,-0.35,0.49,0.63,5.43,-0.75,7.61,2.07,4.82,-0.13
4381.06,41.65,-1.59,0.23,6.61,-0.37,0.36,0.70,4.88,-0.80,8.39,2.16,4.82,0.43
4381.07,36.95,-3.33,0.38,6.81,-0.40,0.02,1.00,4.40,-1.14,9.23,2.30,4.60,1.13
4381.09,34.79,-4.10,0.18,6.93,-0.43,-0.09,1.16,4.04,-1.60,9.49,2.32,4.32,1.59
4381.11,32.63,-5.65,-0.16,7.52,-0.46,-0.29,1.35,3.86,-1.98,9.83,2.21,3.69,1.50
4381.13,31.48,-6.79,0.19,7.95,-0.39,-0.40,1.01,3.89,-1.65,9.15,1.87,2.92,1.26
4381.14,31.28,-7.77,0.42,8.03,-0.37,-0.42,0.83,3.28,-1.03,8.22,1.40,2.34,0.74
4381.15,32.29,-9.26,0.58,8.30,-0.52,-0.37,0.84,1.84,-1.22,7.51,0.62,1.33,0.47
4381.17,33.26,-8.35,0.24,8.62,-0.62,-0.28,0.72,1.27,-1.88,7.66,0.02,0.43,0.38
4381.18,34.00,-7.36,0.02,8.90,-0.61,-0.24,0.46,1.08,-1.50,8.27,-0.44,-0.24,0.23
4381.20,34.85,-5.48,0.47,10.37,-0.55,-0.24,-0.14,0.28,2.95,12.69,-1.01,-0.74,-0.74
4381.22,34.38,-6.07,1.61,12.60,-0.66,-0.33,-0.23,-1.93,2.55,15.22,-0.71,-0.78,-0.03
4381.23,34.19,-7.85,2.16,12.58,-0.60,-0.34,-0.09,-1.16,2.11,14.02,-0.50,-0.98,1.15
4381.24,35.74,-7.91,0.52,11.40,-0.89,-0.35,0.46,2.18,0.69,12.30,-0.46,-1.27,2.32
4381.26,37.71,-1.79,-2.33,10.97,-0.71,-0.34,0.60,4.67,-1.89,9.85,-0.67,-1.50,2.08
4381.28,38.58,0.53,-2.47,10.04,-0.65,-0.41,0.63,5.28,-2.79,8.94,-0.79,-1.51,1.77
4381.29,38.00,1.90,-2.41,9.12,-0.70,-0.57,0.50,6.17,-3.00,8.23,-0.90,-1.39,1.26
4381.31,38.63,1.26,-2.43,8.96,-0.73,-0.78,0.08,7.10,-2.43,8.00,-1.01,-1.18,0.72
4381.32,38.81,0.17,-2.47,9.31,-0.69,-0.91,-0.26,6.83,-2.00,8.42,-1.08,-1.05,0.02
4381.34,38.58,-1.31,-2.52,9.95,-0.60,-1.03,-0.52,5.49,-1.78,9.52,-1.08,-0.95,-0.31
4381.35,38.54,-1.79,-2.53,10.18,-0.57,-1.08,-0.53,3.55,-1.79,10.29,-0.99,-0.87,-0.25
4381.36,37.32,-2.35,-2.46,10.27,-0.52,-1.11,-0.42,1.99,-1.90,10.47,-0.81,-0.84,0.05
4381.38,36.42,-2.60,-2.44,9.94,-0.49,-1.11,-0.31,2.40,-2.01,10.21,-0.73,-0.81,0.17
4381.39,36.15,-2.57,-2.53,9.68,-0.48,-1.11,-0.26,3.06,-1.96,9.86,-0.69,-0.76,0.12
4381.40,35.68,-2.43,-2.68,9.41,-0.49,-1.11,-0.26,3.32,-1.93,9.69,-0.67,-0.72,-0.01
4381.42,35.35,-2.40,-2.73,9.35,-0.48,-1.10,-0.30,2.97,-1.93,9.75,-0.65,-0.68,-0.13
4381.43,34.59,-2.39,-2.73,9.47,-0.42,-1.08,-0.39,2.45,-1.91,9.89,-0.62,-0.66,-0.21
4381.44,34.13,-2.33,-2.70,9.52,-0.38,-1.06,-0.44,2.40,-1.90,9.96,-0.59,-0.66,-0.23
4381.46,33.19,-2.13,-2.75,9.64,-0.27,-1.02,-0.59,2.66,-1.82,9.88,-0.54,-0.65,-0.28
4381.48,32.37,-2.26,-2.68,9.55,-0.12,-0.99,-0.74,2.57,-1.76,9.73,-0.52,-0.64,-0.35
4381.50,31.96,-2.32,-2.54,9.42,-0.06,-0.97,-0.79,2.38,-1.69,9.59,-0.51,-0.63,-0.40
4381.51,31.63,-2.46,-2.49,9.30,-0.02,-0.96,-0.80,2.20,-1.64,9.46,-0.50,-0.62,-0.44
4381.52,31.25,-2.71,-2.45,9.11,0.04,-0.94,-0.79,2.03,-1.61,9.40,-0.50,-0.62,-0.47
4381.53,30.81,-2.81,-2.51,8.92,0.08,-0.92,-0.75,1.79,-1.70,9.37,-0.49,-0.64,-0.49
4381.55,30.53,-2.84,-2.54,8.82,0.10,-0.90,-0.72,1.65,-1.77,9.33,-0.48,-0.65,-0.48
4381.56,30.25,-2.82,-2.53,8.80,0.10,-0.89,-0.70,1.55,-1.80,9.27,-0.47,-0.67,-0.46
4381.57,30.04,-2.96,-2.48,8.78,0.11,-0.87,-0.64,1.53,-1.71,9.21,-0.46,-0.70,-0.44
4381.59,29.88,-3.14,-2.39,8.68,0.11,-0.86,-0.56,1.44,-1.61,9.18,-0.45,-0.74,-0.40
4381.60,29.80,-3.32,-2.11,8.73,0.09,-0.85,-0.47,1.37,-1.47,9.25,-0.44,-0.77,-0.34
4381.61,29.73,-3.43,-1.90,8.84,0.07,-0.85,-0.41,1.47,-1.28,9.41,-0.43,-0.80,-0.28
4381.63,29.91,-3.57,-1.64,9.03,0.04,-0.84,-0.33,1.58,-1.08,9.57,-0.44,-0.86,-0.25
4381.64,29.97,-3.66,-1.59,9.07,0.04,-0.84,-0.30,1.48,-0.93,9.62,-0.45,-0.91,-0.21
4381.66,30.31,-4.10,-1.48,9.06,0.02,-0.82,-0.22,1.10,-0.81,9.78,-0.47,-1.00,-0.17
4381.67,30.42,-4.34,-1.36,9.02,0.01,-0.81,-0.17,0.91,-0.71,9.91,-0.48,-1.08,-0.12
4381.68,31.01,-4.69,-1.15,9.03,-0.04,-0.77,-0.09,0.86,-0.63,10.07,-0.50,-1.19,-0.06
4381.70,31.61,-4.63,-1.00,9.19,-0.08,-0.73,-0.02,1.09,-0.56,10.17,-0.52,-1.31,-0.00
4381.71,32.06,-4.41,-0.89,9.37,-0.09,-0.69,0.01,1.45,-0.47,10.22,-0.54,-1.40,0.04
4381.73,32.61,-3.97,-0.71,9.65,-0.09,-0.64,0.02,1.83,-0.40,10.28,-0.57,-1.49,0.06
4381.74,33.37,-3.46,-0.60,9.98,-0.05,-0.57,-0.03,2.28,-0.32,10.26,-0.60,-1.57,0.08
4381.75,34.08,-3.30,-0.60,10.13,0.03,-0.51,-0.15,2.69,-0.30,10.23,-0.64,-1.64,0.06
4381.76,34.86,-3.37,-0.59,10.17,0.12,-0.48,-0.26,3.02,-0.15,10.29,-0.69,-1.71,0.01
4381.77,36.22,-3.88,-0.35,10.32,0.34,-0.40,-0.55,3.34,0.20,10.51,-0.77,-1.80,-0.13
4381.79,37.35,-4.49,-0.42,10.55,0.48,-0.34,-0.72,3.56,0.31,11.10,-0.85,-1.89,-0.35
4381.80,39.46,-6.59,-0.24,11.43,0.82,-0.18,-0.99,3.69,1.40,12.84,-1.00,-2.00,-0.65
4381.82,41.24,-8.28,0.43,12.06,1.07,-0.03,-0.92,3.31,2.56,15.11,-1.11,-2.10,-1.01
4381.83,42.64,-9.16,1.24,12.27,1.24,0.13,-0.73,1.95,3.45,17.49,-1.16,-2.25,-1.41
4381.84,44.77,-9.17,2.09,11.99,1.42,0.50,-0.34,0.21,3.13,18.49,-1.08,-2.40,-1.56
4381.85,47.14,-6.95,0.15,11.00,1.36,0.95,0.02,-0.21,-0.01,17.19,-0.87,-2.41,-1.40
4381.87,48.47,-5.25,-1.63,10.41,1.20,1.24,0.22,-0.17,-1.91,15.49,-0.61,-2.40,-0.79
4381.88,49.69,-4.38,-2.83,10.09,0.97,1.50,0.42,0.10,-3.42,13.69,-0.38,-2.42,0.38
4381.90,50.99,-4.26,-3.67,10.31,0.72,1.66,0.59,0.87,-5.79,12.29,-0.25,-2.49,1.29
4381.91,52.92,-4.71,-4.26,11.37,0.38,1.76,0.82,1.88,-7.92,11.91,-0.15,-2.54,2.08
4381.93,57.13,-4.94,-5.18,12.45,-0.10,1.69,1.33,5.29,-9.06,9.18,0.43,-2.34,1.83
4381.95,60.40,-3.54,-5.59,12.47,-0.32,1.64,1.71,7.56,-8.54,5.87,0.84,-1.96,1.49
4381.96,63.66,-2.22,-5.73,12.44,-0.38,1.62,1.91,8.04,-7.80,4.62,1.04,-1.61,1.10
4381.97,65.86,-1.05,-5.66,12.22,-0.40,1.60,1.98,7.72,-7.14,3.95,1.27,-1.19,0.69
4381.99,67.89,-0.61,-5.42,11.56,-0.40,1.59,1.91,6.76,-6.92,3.49,1.62,-0.68,0.52
4382.00,69.12,-0.60,-5.09,11.03,-0.41,1.57,1.89,6.09,-6.91,3.16,1.94,-0.31,0.52
4382.02,70.59,-0.75,-4.52,9.76,-0.61,1.50,2.05,5.41,-6.98,2.31,2.48,0.33,0.60
4382.04,71.50,-0.82,-4.50,9.32,-0.80,1.40,2.33,5.30,-6.86,1.97,2.69,0.63,0.69
4382.05,72.11,-0.78,-4.55,9.15,-0.91,1.33,2.51,5.22,-6.65,1.81,2.87,0.93,0.96
4382.07,71.83,-0.14,-4.39,8.81,-1.20,1.10,2.89,5.29,-6.16,2.11,3.25,1.56,1.13
4382.09,70.80,0.05,-4.13,8.61,-1.33,0.97,3.00,5.73,-6.02,2.56,3.54,1.92,1.38
4382.10,69.59,0.11,-3.92,8.53,-1.43,0.86,3.06,6.03,-5.78,3.05,3.74,2.13,1.54
4382.11,68.24,0.11,-3.77,8.49,-1.49,0.76,3.09,6.07,-5.50,3.78,3.90,2.28,1.66
4382.12,66.56,0.03,-3.48,8.46,-1.53,0.65,3.15,5.97,-5.25,4.65,4.03,2.36,1.76
4382.14,64.42,-0.24,-3.06,8.44,-1.54,0.54,3.25,5.87,-4.99,5.40,4.13,2.41,1.87
4382.15,61.80,-0.61,-2.60,8.46,-1.56,0.43,3.38,5.76,-4.68,6.08,4.22,2.45,2.08
4382.16,58.84,-1.16,-2.05,8.56,-1.58,0.27,3.56,5.44,-4.30,7.10,4.30,2.50,2.47
4382.18,56.19,-1.65,-1.60,8.70,-1.58,0.11,3.73,5.01,-4.00,7.89,4.37,2.51,3.34
4382.20,51.75,-2.13,-0.93,8.98,-1.53,-0.09,3.99,4.69,-3.86,8.85,4.48,2.42,4.07
4382.21,48.99,-2.49,-0.57,9.11,-1.50,-0.18,4.13,4.90,-3.94,9.29,4.49,2.25,4.63
4382.23,45.87,-3.50,-0.06,9.29,-1.45,-0.33,4.33,5.34,-4.06,9.50,4.35,1.96,5.05
4382.25,44.61,-4.24,0.08,9.58,-1.44,-0.43,4.45,5.81,-4.12,9.43,4.11,1.75,5.13
4382.26,43.55,-4.62,-0.14,9.80,-1.43,-0.54,4.49,6.21,-4.14,9.33,3.85,1.60,5.02
4382.27,42.80,-4.61,-0.72,9.79,-1.43,-0.62,4.43,6.33,-4.33,9.13,3.46,1.43,4.71
4382.29,41.73,-4.09,-1.63,9.71,-1.56,-0.66,4.25,5.25,-4.48,9.15,2.94,1.17,4.41
4382.31,40.94,-3.84,-2.10,9.63,-1.65,-0.66,4.11,4.38,-4.38,9.15,2.64,0.96,4.34
4382.32,39.86,-3.54,-2.64,9.30,-1.75,-0.66,4.01,3.78,-4.33,9.23,2.42,0.77,4.39
4382.34,38.84,-3.15,-3.09,8.98,-1.83,-0.65,4.04,3.47,-4.44,8.90,2.18,0.52,4.51
4382.35,38.10,-2.90,-3.40,8.73,-1.90,-0.64,4.08,3.02,-4.63,8.32,1.91,0.28,4.68
4382.36,37.36,-3.00,-3.75,8.49,-2.01,-0.62,4.09,2.66,-4.80,7.75,1.61,0.05,4.98
4382.38,38.01,-2.40,-4.66,9.56,-2.04,-0.60,4.12,6.49,-4.27,7.49,1.04,-0.48,4.69
4382.40,38.96,-1.30,-4.38,10.34,-1.87,-0.64,4.19,7.70,-2.75,7.72,0.88,-0.53,4.33
4382.41,38.70,0.65,-2.59,11.19,-1.55,-0.71,4.21,7.00,-1.39,8.07,0.83,-0.42,4.05
4382.43,38.43,1.22,-1.16,11.28,-1.45,-0.70,4.14,6.10,-1.12,8.38,0.82,-0.29,3.81
4382.44,37.42,0.91,0.79,11.04,-1.45,-0.59,3.96,6.21,-0.71,8.73,0.82,-0.16,3.74
4382.45,36.57,-0.24,1.24,10.72,-1.67,-0.46,3.77,6.33,-0.59,8.86,0.86,-0.09,3.69
4382.47,36.20,-0.32,0.44,10.54,-1.78,-0.44,3.48,6.29,-0.34,8.59,0.95,-0.03,3.65
4382.49,35.95,-0.22,0.31,10.39,-1.73,-0.45,3.24,6.22,-0.38,8.33,0.99,0.01,3.60
4382.50,35.65,-0.39,0.15,10.25,-1.64,-0.48,3.00,6.18,-0.44,8.17,0.97,0.07,3.49
4382.52,35.43,-0.88,-0.10,10.30,-1.54,-0.48,2.83,6.03,-0.67,8.22,0.86,0.16,3.06
4382.53,35.21,-1.67,-0.15,10.66,-1.40,-0.41,2.56,5.67,-0.93,8.59,0.56,0.35,2.60
4382.55,35.03,-2.07,-0.13,10.86,-1.33,-0.36,2.35,5.50,-1.10,9.12,0.28,0.51,1.88
4382.56,34.71,-2.34,-1.10,10.88,-1.23,-0.22,1.81,5.35,-1.28,9.90,-0.00,0.70,1.26
4382.57,34.24,-2.12,-2.28,10.44,-1.12,-0.13,1.42,3.87,-1.04,10.15,-0.09,0.74,0.74
4382.59,33.12,-2.46,-2.75,9.57,-0.96,-0.03,1.01,1.71,-1.13,10.27,-0.08,0.70,0.65
4382.60,31.88,-3.28,-2.70,9.04,-0.90,-0.00,0.92,0.37,-1.46,10.24,-0.01,0.65,0.86
4382.61,31.42,-4.96,-2.91,8.37,-0.89,-0.05,1.10,0.12,-1.69,10.04,0.08,0.61,1.37
4382.63,31.26,-6.12,-2.84,7.91,-1.04,-0.15,1.64,0.80,-1.91,9.80,0.20,0.56,1.69
4382.65,31.55,-5.59,-3.01,8.38,-1.25,-0.21,2.21,1.62,-1.73,9.84,0.29,0.52,1.87
4382.66,31.40,-5.01,-3.03,8.83,-1.31,-0.22,2.41,2.11,-1.57,9.94,0.33,0.49,1.93
4382.68,31.42,-4.10,-2.75,9.51,-1.31,-0.20,2.61,2.71,-1.20,9.88,0.35,0.44,1.92
4382.69,31.42,-3.06,-2.36,10.25,-1.21,-0.13,2.65,3.49,-0.76,9.87,0.36,0.37,1.85
4382.71,31.32,-2.43,-1.89,10.42,-1.09,-0.09,2.57,3.74,-0.53,9.90,0.34,0.30,1.68
4382.72,31.12,-1.81,-1.72,10.46,-0.98,-0.05,2.43,3.82,-0.57,9.87,0.32,0.25,1.56
4382.74,30.75,-1.19,-1.64,10.42,-0.83,0.00,2.13,3.93,-0.63,9.76,0.29,0.21,1.35
4382.76,30.59,-1.06,-1.68,10.41,-0.75,0.03,1.93,4.00,-0.73,9.68,0.27,0.20,1.20
4382.77,30.36,-1.01,-1.79,10.39,-0.64,0.07,1.66,4.13,-0.89,9.62,0.25,0.20,1.01
4382.78,30.13,-1.33,-2.05,10.34,-0.43,0.15,1.19,3.89,-1.06,9.64,0.23,0.19,0.78
4382.80,30.08,-1.63,-2.03,10.26,-0.32,0.20,1.02,3.49,-1.10,9.68,0.22,0.18,0.66
4382.81,29.99,-1.86,-1.94,10.13,-0.26,0.24,0.92,3.05,-1.10,9.70,0.23,0.18,0.60
4382.82,29.94,-2.19,-1.81,9.96,-0.20,0.29,0.82,2.68,-1.00,9.72,0.23,0.17,0.58
4382.84,30.17,-2.99,-1.47,9.63,-0.14,0.41,0.73,2.15,-0.79,9.85,0.24,0.13,0.58
4382.86,30.24,-3.31,-1.35,9.52,-0.14,0.46,0.74,1.96,-0.63,9.87,0.24,0.09,0.57
4382.87,31.11,-4.01,-1.32,9.37,-0.09,0.61,0.74,1.42,-0.40,9.98,0.21,0.01,0.54
4382.89,31.69,-4.16,-1.08,9.24,-0.01,0.71,0.74,1.17,-0.29,9.80,0.20,-0.05,0.55
4382.90,31.94,-4.21,-0.80,9.11,0.01,0.75,0.74,1.04,-0.04,9.73,0.16,-0.10,0.56
4382.92,32.63,-4.29,-0.52,8.96,0.02,0.81,0.72,0.98,0.13,9.91,0.12,-0.16,0.57
4382.93,33.45,-4.36,-0.61,8.88,0.02,0.88,0.74,1.12,0.01,10.08,0.13,-0.23,0.61
4382.94,34.22,-4.30,-0.87,8.77,0.01,0.94,0.77,1.29,-0.30,10.07,0.17,-0.29,0.74
4382.95,35.25,-4.07,-1.73,8.66,-0.01,0.98,0.86,1.45,-1.04,10.01,0.29,-0.37,1.01
4382.97,35.86,-3.92,-2.16,8.63,-0.04,0.99,0.91,1.68,-1.86,9.86,0.44,-0.41,1.40
4382.98,36.87,-3.68,-2.52,8.67,-0.12,0.96,1.04,1.82,-2.52,9.44,0.62,-0.44,1.75
4382.99,37.81,-3.65,-2.47,8.86,-0.19,0.90,1.20,2.21,-2.80,9.22,0.75,-0.45,2.10
4383.01,38.92,-3.88,-2.05,9.06,-0.23,0.83,1.40,2.96,-2.83,9.10,0.83,-0.44,2.29
4383.02,40.05,-4.02,-1.59,9.23,-0.25,0.79,1.54,4.06,-2.57,8.91,0.87,-0.37,2.29
4383.04,41.51,-3.99,-1.10,9.45,-0.26,0.77,1.64,4.74,-2.17,8.95,0.84,-0.31,2.14
4383.05,43.13,-3.79,-0.42,9.83,-0.25,0.75,1.58,5.30,-1.72,9.03,0.77,-0.24,1.70
4383.07,44.46,-3.45,-0.08,10.02,-0.19,0.76,1.43,5.37,-1.25,8.91,0.69,-0.18,1.16
4383.09,45.77,-3.34,0.34,9.91,-0.07,0.80,1.11,5.15,-0.80,8.96,0.56,-0.09,0.89
4383.10,46.74,-3.69,0.37,9.69,0.05,0.84,0.81,4.94,-0.50,9.12,0.48,-0.03,0.63
4383.11,47.74,-4.19,0.64,9.28,0.15,0.89,0.63,4.65,-0.21,9.27,0.39,0.03,0.33
4383.13,48.75,-4.56,0.99,8.96,0.21,0.94,0.57,4.28,0.06,9.34,0.33,0.07,0.12
4383.14,49.51,-4.61,1.22,8.78,0.23,0.98,0.53,4.02,0.24,9.27,0.29,0.12,0.04
4383.15,50.02,-4.57,1.23,8.70,0.26,1.01,0.49,3.88,0.35,9.18,0.25,0.16,0.01
4383.17,50.64,-4.45,1.29,8.49,0.29,1.02,0.40,3.83,0.40,9.07,0.22,0.20,0.01
4383.18,51.37,-4.52,1.20,8.45,0.30,1.02,0.27,3.90,0.33,9.02,0.18,0.23,0.02
4383.19,51.86,-4.80,1.17,8.45,0.31,1.02,0.20,4.02,0.28,9.07,0.15,0.25,0.02
4383.20,52.75,-5.42,1.00,8.47,0.34,1.01,0.13,4.03,0.23,9.24,0.11,0.27,-0.03
4383.21,53.31,-5.84,0.93,8.47,0.36,1.00,0.11,3.90,0.22,9.47,0.07,0.28,-0.19
4383.23,54.79,-6.57,0.70,8.12,0.45,0.97,0.18,3.28,0.13,9.77,0.02,0.30,-0.27
4383.25,55.39,-6.70,0.68,7.81,0.46,0.96,0.26,2.75,-0.00,9.84,0.01,0.30,-0.27
4383.27,56.00,-6.70,0.57,7.51,0.47,0.96,0.37,2.30,-0.30,9.71,0.05,0.30,-0.16
4383.28,56.80,-6.51,0.57,7.29,0.45,0.96,0.42,2.43,-0.54,9.57,0.07,0.30,-0.08
4383.30,57.08,-6.52,0.55,7.19,0.42,0.97,0.43,2.56,-0.66,9.53,0.08,0.29,-0.06
4383.31,58.36,-7.11,0.53,6.95,0.40,1.00,0.49,2.18,-0.50,9.79,0.05,0.23,-0.20
4383.33,59.31,-7.38,0.81,6.70,0.43,1.02,0.55,1.78,-0.22,9.90,0.03,0.21,-0.26
4383.35,59.81,-7.36,1.05,6.46,0.46,1.04,0.60,1.55,-0.02,9.84,0.03,0.19,-0.25
4383.37,60.90,-7.33,1.32,6.22,0.47,1.07,0.65,1.68,-0.02,9.71,0.04,0.18,-0.19
4383.39,61.67,-7.33,1.38,6.19,0.46,1.09,0.66,1.89,-0.11,9.61,0.03,0.16,-0.14
4383.40,62.28,-7.40,1.53,6.22,0.46,1.11,0.67,2.05,-0.09,9.58,0.00,0.14,-0.13
4383.42,63.38,-7.48,1.82,6.36,0.45,1.12,0.70,2.25,-0.00,9.65,-0.03,0.13,-0.13
4383.43,63.86,-7.43,2.00,6.40,0.45,1.13,0.71,2.43,0.13,9.71,-0.05,0.13,-0.16
4383.44,65.10,-7.31,2.09,6.30,0.49,1.13,0.69,2.61,0.18,9.74,-0.08,0.12,-0.22
4383.46,65.62,-7.29,2.13,6.20,0.52,1.14,0.67,2.66,0.00,9.65,-0.08,0.12,-0.24
4383.47,66.37,-7.47,2.27,5.98,0.52,1.14,0.62,2.62,-0.18,9.55,-0.07,0.13,-0.21
4383.49,67.31,-7.67,2.24,5.87,0.50,1.14,0.61,2.49,-0.42,9.59,-0.06,0.14,-0.17
4383.50,68.21,-7.90,2.21,5.72,0.47,1.14,0.62,2.35,-0.56,9.66,-0.06,0.14,-0.15
4383.51,68.71,-8.02,2.25,5.57,0.44,1.14,0.64,2.28,-0.61,9.70,-0.05,0.13,-0.15
4383.52,69.69,-8.32,2.34,5.32,0.40,1.13,0.68,2.26,-0.60,9.77,-0.04,0.12,-0.15
4383.53,70.24,-8.44,2.43,5.21,0.37,1.13,0.73,2.23,-0.56,9.87,-0.03,0.12,-0.15
4383.55,71.05,-8.49,2.59,5.12,0.33,1.12,0.78,2.19,-0.51,9.95,-0.00,0.11,-0.15
4383.56,71.97,-8.45,2.93,5.01,0.27,1.11,0.83,2.20,-0.42,9.95,0.02,0.10,-0.16
4383.57,72.48,-8.38,3.11,4.99,0.23,1.10,0.85,2.27,-0.30,9.90,0.03,0.10,-0.18
4383.59,73.52,-8.34,3.46,5.07,0.15,1.06,0.86,2.49,-0.14,9.84,0.04,0.10,-0.18
4383.60,74.18,-8.31,3.64,5.14,0.10,1.02,0.83,2.72,-0.07,9.84,0.05,0.11,-0.18
4383.61,74.95,-8.36,3.72,5.25,0.03,0.98,0.79,2.98,-0.08,9.88,0.07,0.14,-0.16
4383.63,75.81,-8.57,3.67,5.79,-0.06,0.91,0.70,3.50,-0.17,10.75,0.10,0.31,-0.10
4383.65,76.01,-8.81,3.46,5.70,-0.09,0.88,0.66,2.92,-0.66,10.48,0.14,0.44,-0.05
4383.66,76.10,-8.91,3.36,5.40,-0.12,0.82,0.61,2.70,-0.62,10.00,0.15,0.49,0.07
4383.68,76.24,-8.99,3.53,4.95,-0.14,0.79,0.60,2.88,-0.68,10.06,0.18,0.48,0.09
4383.69,76.56,-9.09,3.51,5.01,-0.17,0.75,0.55,2.91,-0.65,10.20,0.21,0.48,0.07
4383.70,76.81,-9.16,3.67,5.02,-0.15,0.72,0.47,2.62,-0.47,10.45,0.25,0.53,-0.01
4383.72,76.71,-9.20,3.74,4.94,-0.12,0.71,0.43,2.27,-0.31,10.82,0.27,0.60,-0.03
4383.73,76.47,-9.29,3.90,4.62,-0.03,0.72,0.33,1.73,-0.02,11.32,0.32,0.70,0.03
4383.75,76.39,-9.27,4.02,4.24,0.06,0.75,0.24,1.45,0.17,11.37,0.37,0.76,0.07
4383.76,76.24,-9.19,4.13,3.86,0.13,0.77,0.16,1.28,0.27,11.19,0.40,0.79,0.10
4383.77,76.15,-9.00,4.25,3.37,0.19,0.79,0.04,1.10,0.36,10.80,0.41,0.81,0.09
4383.78,76.16,-8.84,4.29,2.94,0.23,0.79,-0.08,0.94,0.39,10.29,0.40,0.80,0.12
4383.80,76.05,-8.76,4.28,2.74,0.24,0.78,-0.14,0.85,0.41,9.91,0.39,0.78,0.15
4383.81,76.39,-8.61,4.14,2.50,0.23,0.76,-0.22,0.80,0.39,9.61,0.36,0.75,0.16
4383.82,76.39,-8.52,4.03,2.40,0.22,0.74,-0.24,0.82,0.38,9.28,0.34,0.70,0.13
4383.84,76.82,-8.41,3.88,2.28,0.18,0.69,-0.26,0.86,0.39,8.88,0.32,0.64,0.09
4383.85,77.21,-8.28,3.75,2.16,0.14,0.62,-0.24,0.83,0.41,8.54,0.30,0.60,0.04
4383.86,77.38,-8.25,3.70,2.09,0.10,0.56,-0.23,0.78,0.50,8.31,0.29,0.56,0.01
4383.88,77.83,-8.24,3.68,2.01,0.04,0.45,-0.21,0.71,0.57,8.17,0.27,0.53,-0.01
4383.90,77.98,-8.26,3.70,2.02,0.01,0.38,-0.21,0.66,0.57,8.20,0.25,0.50,-0.01
4383.91,78.06,-8.35,3.75,2.09,-0.03,0.31,-0.20,0.64,0.52,8.33,0.23,0.47,0.01
4383.92,78.08,-8.48,3.73,2.19,-0.09,0.24,-0.19,0.59,0.50,8.55,0.20,0.45,0.02
4383.94,77.99,-8.55,3.70,2.25,-0.12,0.21,-0.18,0.54,0.52,8.81,0.17,0.42,0.01
4383.95,77.93,-8.67,3.68,2.24,-0.16,0.16,-0.16,0.43,0.61,9.07,0.14,0.37,-0.03
4383.97,77.81,-8.77,3.73,2.14,-0.20,0.11,-0.15,0.31,0.71,9.16,0.11,0.33,-0.09
4383.98,77.70,-8.83,3.74,2.09,-0.21,0.08,-0.16,0.24,0.78,9.23,0.09,0.31,-0.12
4384.00,77.64,-8.96,3.69,2.12,-0.22,0.04,-0.19,0.16,0.86,9.40,0.08,0.28,-0.12
4384.01,77.44,-9.07,3.59,2.22,-0.22,0.01,-0.22,0.12,0.89,9.63,0.07,0.26,-0.14
4384.03,77.16,-9.25,3.43,2.49,-0.20,-0.02,-0.25,0.10,0.86,10.00,0.05,0.23,-0.15
4384.04,76.93,-9.36,3.34,2.62,-0.17,-0.03,-0.25,0.11,0.79,10.29,0.03,0.20,-0.15
4384.05,76.70,-9.44,3.24,2.71,-0.14,-0.02,-0.24,0.09,0.71,10.43,0.01,0.18,-0.15
4384.06,76.44,-9.47,3.13,2.72,-0.11,-0.02,-0.21,0.07,0.64,10.42,0.01,0.15,-0.16
4384.08,76.29,-9.47,3.10,2.69,-0.09,-0.02,-0.19,0.05,0.59,10.33,0.00,0.12,-0.16
4384.09,76.17,-9.45,3.09,2.64,-0.07,-0.02,-0.18,0.04,0.55,10.20,0.01,0.10,-0.15
4384.10,75.98,-9.38,3.05,2.62,-0.06,-0.03,-0.17,-0.01,0.54,10.11,0.01,0.08,-0.13
4384.12,75.76,-9.37,3.02,2.74,-0.05,-0.04,-0.15,-0.00,0.56,10.18,0.02,0.07,-0.11
4384.14,75.60,-9.40,3.01,2.84,-0.04,-0.04,-0.14,0.07,0.55,10.28,0.03,0.06,-0.09
4384.15,75.43,-9.42,2.99,2.93,-0.03,-0.04,-0.12,0.09,0.56,10.33,0.04,0.06,-0.07
4384.16,75.23,-9.40,2.98,2.97,-0.02,-0.02,-0.08,0.08,0.52,10.33,0.04,0.06,-0.06
4384.17,75.05,-9.36,3.03,2.91,-0.01,-0.00,-0.05,0.08,0.49,10.23,0.05,0.06,-0.03
4384.19,74.96,-9.32,3.06,2.86,-0.01,0.00,-0.03,0.07,0.49,10.13,0.04,0.05,-0.01
4384.21,74.84,-9.25,3.13,2.72,-0.02,0.00,-0.00,0.07,0.51,10.01,0.03,0.04,0.00
4384.22,74.81,-9.23,3.14,2.68,-0.02,-0.00,-0.00,0.06,0.54,9.96,0.02,0.03,0.00
4384.23,74.77,-9.21,3.17,2.66,-0.03,-0.01,-0.00,0.05,0.59,9.95,0.01,0.02,-0.01
4384.25,74.70,-9.20,3.19,2.69,-0.03,-0.02,-0.01,0.03,0.67,9.96,0.00,0.02,-0.02
4384.26,74.66,-9.19,3.20,2.69,-0.03,-0.02,-0.01,0.04,0.72,9.94,0.01,0.02,-0.04
4384.28,74.57,-9.14,3.20,2.72,-0.03,-0.03,-0.02,0.08,0.78,9.91,0.01,0.02,-0.04
4384.29,74.53,-9.14,3.20,2.72,-0.03,-0.04,-0.02,0.11,0.81,9.87,0.02,0.03,-0.05
4384.31,74.48,-9.13,3.19,2.73,-0.03,-0.04,-0.03,0.12,0.81,9.85,0.02,0.03,-0.07
4384.32,74.40,-9.12,3.19,2.74,-0.02,-0.05,-0.03,0.10,0.81,9.84,0.02,0.03,-0.09
4384.34,74.29,-9.11,3.20,2.72,-0.02,-0.06,-0.04,0.04,0.80,9.82,0.01,0.03,-0.09
4384.35,74.20,-9.11,3.20,2.73,-0.02,-0.06,-0.04,-0.01,0.76,9.87,0.01,0.03,-0.08
4384.36,74.07,-9.14,3.18,2.75,-0.03,-0.07,-0.05,-0.02,0.74,9.93,0.01,0.03,-0.07
4384.38,73.93,-9.19,3.14,2.80,-0.03,-0.07,-0.05,-0.03,0.71,10.07,0.02,0.03,-0.06
4384.39,73.76,-9.25,3.11,2.84,-0.04,-0.07,-0.04,-0.04,0.71,10.17,0.03,0.03,-0.06
4384.41,73.67,-9.27,3.10,2.85,-0.04,-0.06,-0.03,-0.06,0.74,10.22,0.04,0.03,-0.07
4384.42,73.54,-9.28,3.10,2.86,-0.03,-0.05,-0.01,-0.08,0.76,10.22,0.05,0.03,-0.08
4384.43,73.41,-9.24,3.10,2.84,-0.03,-0.05,-0.00,-0.09,0.76,10.16,0.06,0.03,-0.07
4384.45,73.30,-9.19,3.12,2.82,-0.03,-0.04,0.00,-0.10,0.75,10.09,0.07,0.04,-0.06
4384.46,73.20,-9.18,3.15,2.79,-0.03,-0.04,0.01,-0.11,0.76,10.05,0.08,0.04,-0.04
4384.48,73.08,-9.19,3.16,2.79,-0.03,-0.04,0.01,-0.10,0.80,10.07,0.08,0.04,-0.05
4384.50,72.96,-9.19,3.18,2.80,-0.03,-0.03,0.00,-0.10,0.87,10.10,0.08,0.05,-0.06
4384.51,72.86,-9.20,3.18,2.81,-0.03,-0.03,-0.01,-0.12,0.92,10.13,0.09,0.06,-0.07
4384.53,72.76,-9.25,3.16,2.82,-0.01,-0.02,-0.03,-0.14,0.97,10.20,0.10,0.07,-0.07
4384.54,72.67,-9.29,3.16,2.84,-0.00,-0.02,-0.04,-0.15,0.97,10.25,0.11,0.07,-0.06
4384.55,72.59,-9.30,3.15,2.85,0.01,-0.02,-0.05,-0.17,0.95,10.27,0.11,0.08,-0.05
4384.57,72.48,-9.30,3.12,2.86,0.02,-0.01,-0.05,-0.18,0.88,10.26,0.12,0.09,-0.04
4384.58,72.37,-9.28,3.10,2.86,0.02,0.00,-0.05,-0.19,0.83,10.22,0.12,0.09,-0.04
4384.59,72.29,-9.27,3.09,2.85,0.03,0.01,-0.05,-0.18,0.80,10.15,0.12,0.10,-0.03
4384.60,72.24,-9.25,3.09,2.82,0.02,0.01,-0.04,-0.16,0.77,10.08,0.12,0.10,-0.02
4384.62,72.17,-9.22,3.09,2.81,0.02,0.02,-0.04,-0.14,0.75,10.03,0.12,0.10,-0.03
4384.63,72.12,-9.21,3.09,2.79,0.01,0.02,-0.03,-0.15,0.76,9.97,0.11,0.11,-0.03
4384.64,72.07,-9.19,3.08,2.78,0.00,0.02,-0.02,-0.14,0.77,9.92,0.11,0.11,-0.04
4384.66,72.02,-9.18,3.08,2.76,-0.00,0.01,-0.02,-0.15,0.80,9.87,0.10,0.12,-0.05
4384.67,71.94,-9.16,3.10,2.73,-0.01,0.01,-0.01,-0.18,0.87,9.84,0.10,0.12,-0.05
4384.69,71.84,-9.17,3.10,2.70,-0.02,-0.00,-0.00,-0.24,0.93,9.84,0.09,0.12,-0.04
4384.72,71.76,-9.21,3.08,2.69,-0.02,-0.01,0.00,-0.29,0.97,9.90,0.08,0.11,-0.03
4384.73,71.65,-9.23,3.06,2.70,-0.02,-0.02,0.01,-0.32,0.96,9.94,0.08,0.10,-0.01
4384.75,71.57,-9.24,3.06,2.73,-0.03,-0.03,0.02,-0.30,0.93,9.96,0.08,0.09,0.00
4384.77,71.54,-9.24,3.06,2.74,-0.03,-0.03,0.03,-0.24,0.92,9.97,0.08,0.08,0.01
4384.78,71.52,-9.26,3.07,2.76,-0.03,-0.03,0.04,-0.19,0.92,9.99,0.08,0.07,0.01
4384.79,71.50,-9.22,3.10,2.82,-0.03,-0.03,0.06,-0.15,0.94,9.97,0.07,0.05,-0.01
4384.81,71.50,-9.19,3.13,2.82,-0.03,-0.03,0.06,-0.16,0.96,9.93,0.07,0.04,-0.02
4384.82,71.49,-9.14,3.20,2.80,-0.03,-0.03,0.07,-0.18,1.00,9.89,0.06,0.03,-0.02
4384.83,71.48,-9.11,3.25,2.78,-0.04,-0.03,0.06,-0.20,1.05,9.88,0.06,0.02,-0.02
4384.85,71.48,-9.07,3.30,2.76,-0.04,-0.03,0.05,-0.22,1.09,9.87,0.05,0.02,-0.02
4384.86,71.48,-9.06,3.32,2.75,-0.05,-0.03,0.03,-0.22,1.13,9.85,0.04,0.01,-0.02
4384.87,71.49,-9.05,3.32,2.74,-0.05,-0.03,0.01,-0.24,1.16,9.85,0.03,-0.00,-0.02
4384.88,71.50,-9.07,3.30,2.74,-0.05,-0.03,-0.02,-0.27,1.16,9.86,0.02,-0.01,-0.02
4384.90,71.51,-9.09,3.27,2.74,-0.06,-0.03,-0.04,-0.26,1.15,9.86,0.01,-0.01,-0.02
4384.91,71.52,-9.13,3.23,2.75,-0.05,-0.04,-0.05,-0.25,1.12,9.87,-0.00,-0.02,-0.01
4384.93,71.53,-9.16,3.19,2.76,-0.05,-0.04,-0.06,-0.27,1.09,9.88,-0.01,-0.02,-0.01
4384.94,71.54,-9.20,3.12,2.75,-0.05,-0.05,-0.07,-0.29,1.03,9.91,-0.02,-0.02,-0.01
4384.96,71.55,-9.23,3.08,2.75,-0.05,-0.05,-0.07,-0.30,1.00,9.93,-0.03,-0.03,-0.01
4384.97,71.55,-9.25,3.04,2.75,-0.05,-0.05,-0.06,-0.33,0.98,9.94,-0.03,-0.03,-0.01
4384.98,71.55,-9.28,3.00,2.74,-0.05,-0.06,-0.04,-0.34,0.94,9.98,-0.03,-0.04,-0.00
4384.99,71.55,-9.28,2.98,2.74,-0.05,-0.06,-0.03,-0.37,0.92,10.00,-0.03,-0.04,-0.00
4385.00,71.54,-9.31,2.97,2.75,-0.05,-0.06,-0.02,-0.37,0.91,10.02,-0.03,-0.04,0.00
4385.02,71.54,-9.31,2.97,2.77,-0.05,-0.06,-0.00,-0.36,0.93,10.04,-0.03,-0.05,0.00
4385.03,71.53,-9.31,2.97,2.78,-0.05,-0.07,0.02,-0.34,0.94,10.03,-0.02,-0.05,0.00
4385.04,71.52,-9.28,2.99,2.79,-0.05,-0.07,0.03,-0.34,0.96,10.02,-0.02,-0.05,0.01
4385.05,71.51,-9.25,3.04,2.81,-0.05,-0.07,0.04,-0.33,0.98,10.01,-0.02,-0.05,0.01
4385.06,71.50,-9.21,3.08,2.82,-0.05,-0.07,0.05,-0.31,1.00,10.00,-0.02,-0.04,0.01
4385.08,71.46,-9.17,3.16,2.84,-0.05,-0.07,0.05,-0.29,1.02,9.97,-0.02,-0.04,0.02
4385.09,71.43,-9.17,3.18,2.86,-0.05,-0.06,0.05,-0.27,1.04,10.00,-0.02,-0.03,0.02
4385.11,71.42,-9.17,3.19,2.88,-0.05,-0.06,0.04,-0.24,1.06,10.02,-0.03,-0.03,0.01
4385.12,71.39,-9.17,3.20,2.90,-0.05,-0.06,0.03,-0.24,1.07,10.04,-0.03,-0.02,0.00
4385.13,71.37,-9.15,3.21,2.90,-0.05,-0.05,0.02,-0.25,1.08,10.06,-0.03,-0.02,-0.01
4385.15,71.33,-9.15,3.22,2.89,-0.05,-0.04,0.01,-0.24,1.08,10.06,-0.03,-0.01,-0.02
4385.16,71.30,-9.16,3.21,2.89,-0.04,-0.04,-0.00,-0.25,1.08,10.04,-0.03,-0.01,-0.02
4385.17,71.28,-9.16,3.20,2.90,-0.04,-0.04,-0.01,-0.28,1.09,10.02,-0.03,-0.00,-0.03
4385.18,71.24,-9.16,3.18,2.88,-0.04,-0.03,-0.02,-0.30,1.09,10.02,-0.03,0.01,-0.03
4385.20,71.17,-9.17,3.16,2.86,-0.04,-0.03,-0.03,-0.32,1.07,10.03,-0.02,0.02,-0.03
4385.22,71.13,-9.18,3.15,2.86,-0.04,-0.03,-0.03,-0.32,1.05,10.03,-0.01,0.02,-0.02
4385.23,71.09,-9.20,3.12,2.86,-0.04,-0.03,-0.03,-0.33,1.04,10.04,-0.01,0.02,-0.02
4385.24,71.06,-9.20,3.11,2.86,-0.04,-0.03,-0.03,-0.31,1.03,10.04,0.00,0.03,-0.02
4385.26,71.02,-9.21,3.10,2.87,-0.04,-0.02,-0.03,-0.30,1.01,10.02,0.01,0.03,-0.02
4385.27,70.99,-9.20,3.10,2.86,-0.04,-0.02,-0.02,-0.28,1.01,10.01,0.01,0.03,-0.02
4385.29,70.96,-9.20,3.09,2.86,-0.04,-0.02,-0.02,-0.28,1.00,10.00,0.02,0.04,-0.02
4385.30,70.94,-9.19,3.09,2.87,-0.04,-0.02,-0.02,-0.28,1.00,10.01,0.02,0.04,-0.02
4385.31,70.90,-9.18,3.09,2.86,-0.04,-0.02,-0.02,-0.29,1.00,10.00,0.02,0.04,-0.02
4385.33,70.87,-9.18,3.09,2.85,-0.04,-0.02,-0.02,-0.31,1.00,9.99,0.03,0.04,-0.02
4385.34,70.84,-9.19,3.09,2.85,-0.04,-0.02,-0.02,-0.32,0.99,9.99,0.03,0.05,-0.02
4385.35,70.79,-9.20,3.09,2.85,-0.04,-0.02,-0.02,-0.32,0.99,10.00,0.03,0.05,-0.02
4385.37,70.76,-9.20,3.08,2.86,-0.04,-0.02,-0.01,-0.33,0.97,9.99,0.03,0.05,-0.02
4385.39,70.72,-9.18,3.08,2.86,-0.04,-0.02,-0.01,-0.33,0.96,9.99,0.02,0.04,-0.02
4385.40,70.69,-9.18,3.08,2.87,-0.04,-0.03,-0.01,-0.32,0.97,9.97,0.02,0.04,-0.02
4385.42,70.65,-9.19,3.08,2.87,-0.04,-0.03,-0.00,-0.32,0.96,9.97,0.02,0.04,-0.01
4385.43,70.62,-9.19,3.09,2.87,-0.04,-0.03,-0.00,-0.32,0.98,9.97,0.01,0.04,-0.01
4385.44,70.60,-9.18,3.09,2.88,-0.04,-0.03,0.00,-0.32,0.98,9.96,0.01,0.04,-0.01
4385.46,70.58,-9.17,3.09,2.87,-0.04,-0.03,0.00,-0.32,0.99,9.97,0.01,0.04,-0.01
4385.47,70.56,-9.17,3.10,2.88,-0.04,-0.03,0.00,-0.32,1.00,9.97,0.01,0.03,-0.01
4385.48,70.54,-9.17,3.10,2.87,-0.04,-0.03,0.00,-0.33,1.01,9.96,0.00,0.03,-0.01
4385.50,70.51,-9.17,3.10,2.87,-0.04,-0.03,-0.00,-0.36,1.02,9.98,-0.00,0.02,-0.01
4385.52,70.50,-9.17,3.11,2.86,-0.04,-0.03,-0.00,-0.37,1.02,9.99,-0.00,0.02,-0.01
4385.53,70.49,-9.18,3.10,2.85,-0.04,-0.03,-0.00,-0.37,1.02,9.98,-0.00,0.01,0.00
4385.55,70.48,-9.18,3.09,2.85,-0.04,-0.03,0.00,-0.37,1.01,9.99,-0.00,0.01,0.01
4385.56,70.48,-9.19,3.09,2.86,-0.04,-0.03,0.00,-0.37,1.01,10.00,-0.00,-0.00,0.01
4385.57,70.48,-9.19,3.08,2.86,-0.04,-0.03,0.00,-0.37,1.02,10.00,-0.00,-0.01,0.01
4385.59,70.48,-9.18,3.08,2.87,-0.04,-0.03,0.01,-0.36,1.01,9.99,0.00,-0.01,0.01
4385.60,70.49,-9.18,3.08,2.88,-0.04,-0.03,0.01,-0.36,1.01,9.99,0.00,-0.01,0.01
4385.62,70.49,-9.17,3.09,2.89,-0.04,-0.03,0.01,-0.32,1.02,10.00,0.00,-0.02,0.01
4385.63,70.51,-9.17,3.10,2.88,-0.04,-0.03,0.01,-0.33,1.03,9.99,0.00,-0.02,0.01
4385.64,70.54,-9.17,3.12,2.88,-0.04,-0.03,0.00,-0.32,1.05,10.01,0.00,-0.02,0.00
4385.66,70.57,-9.19,3.13,2.89,-0.04,-0.03,-0.00,-0.32,1.08,10.03,0.00,-0.03,-0.00
4385.68,70.59,-9.19,3.12,2.91,-0.03,-0.03,-0.01,-0.33,1.08,10.04,0.01,-0.03,-0.01
4385.69,70.61,-9.18,3.11,2.90,-0.03,-0.03,-0.02,-0.33,1.07,10.01,0.01,-0.03,-0.01
4385.71,70.62,-9.18,3.10,2.89,-0.03,-0.03,-0.02,-0.35,1.06,10.00,0.02,-0.03,-0.01
4385.72,70.64,-9.18,3.07,2.89,-0.03,-0.03,-0.02,-0.34,1.05,9.99,0.03,-0.03,-0.01
4385.74,70.64,-9.18,3.07,2.89,-0.03,-0.03,-0.01,-0.35,1.03,9.99,0.03,-0.03,-0.01
4385.75,70.65,-9.18,3.07,2.89,-0.03,-0.03,-0.01,-0.35,1.02,9.98,0.03,-0.02,-0.01
4385.76,70.65,-9.17,3.07,2.89,-0.03,-0.03,-0.01,-0.36,1.01,9.96,0.03,-0.02,0.00
4385.78,70.64,-9.19,3.06,2.89,-0.03,-0.03,-0.00,-0.35,0.99,9.97,0.03,-0.02,0.01
4385.79,70.65,-9.21,3.06,2.92,-0.04,-0.03,0.01,-0.31,0.97,10.00,0.03,-0.02,0.01
4385.81,70.65,-9.20,3.07,2.93,-0.04,-0.03,0.01,-0.31,1.00,10.03,0.02,-0.02,-0.00
4385.83,70.65,-9.19,3.09,2.93,-0.04,-0.03,0.01,-0.31,1.02,10.02,0.02,-0.02,-0.01
4385.84,70.64,-9.18,3.11,2.94,-0.03,-0.03,0.01,-0.32,1.03,10.01,0.02,-0.02,-0.01
4385.86,70.63,-9.17,3.12,2.93,-0.03,-0.02,0.01,-0.34,1.06,10.00,0.02,-0.01,-0.00
4385.88,70.62,-9.16,3.13,2.92,-0.03,-0.02,0.00,-0.32,1.07,10.00,0.02,-0.01,-0.00
4385.89,70.62,-9.15,3.13,2.91,-0.03,-0.02,-0.00,-0.33,1.07,9.98,0.02,-0.01,-0.01
4385.90,70.61,-9.14,3.13,2.92,-0.03,-0.02,-0.01,-0.32,1.08,9.98,0.02,-0.01,-0.01
4385.92,70.61,-9.14,3.12,2.90,-0.03,-0.02,-0.01,-0.33,1.08,9.96,0.02,-0.00,-0.01
4385.93,70.60,-9.15,3.12,2.90,-0.03,-0.02,-0.02,-0.33,1.07,9.94,0.02,0.00,-0.01
4385.95,70.59,-9.16,3.10,2.89,-0.03,-0.02,-0.02,-0.32,1.05,9.93,0.02,0.01,0.00
4385.96,70.59,-9.17,3.09,2.88,-0.03,-0.02,-0.02,-0.32,1.03,9.95,0.01,0.01,0.01
4385.98,70.59,-9.19,3.07,2.89,-0.04,-0.03,-0.02,-0.31,1.01,9.97,0.01,0.01,0.00
4386.00,70.59,-9.19,3.05,2.88,-0.04,-0.03,-0.01,-0.32,1.01,9.96,0.00,0.01,-0.00
4386.01,70.59,-9.19,3.05,2.89,-0.04,-0.03,-0.01,-0.33,1.00,9.97,0.00,0.01,-0.00
4386.03,70.58,-9.19,3.05,2.90,-0.04,-0.03,0.00,-0.34,1.01,9.98,-0.00,0.01,0.01
4386.04,70.55,-9.19,3.06,2.91,-0.04,-0.03,0.01,-0.34,1.02,10.00,-0.00,0.01,0.01
4386.05,70.53,-9.20,3.07,2.92,-0.05,-0.03,0.01,-0.33,1.05,10.01,-0.00,0.01,0.01
4386.07,70.51,-9.19,3.08,2.93,-0.05,-0.03,0.01,-0.33,1.07,10.01,0.00,0.01,0.01
4386.08,70.49,-9.17,3.10,2.93,-0.04,-0.03,0.01,-0.31,1.11,9.99,0.00,0.01,0.01
4386.10,70.48,-9.16,3.10,2.92,-0.04,-0.03,0.00,-0.32,1.11,9.99,0.01,0.01,0.01
4386.11,70.47,-9.16,3.11,2.93,-0.04,-0.03,-0.00,-0.31,1.11,9.98,0.01,0.01,0.01
4386.12,70.45,-9.16,3.11,2.94,-0.04,-0.03,-0.01,-0.30,1.10,9.98,0.01,0.01,0.02
4386.14,70.44,-9.17,3.10,2.94,-0.04,-0.03,-0.01,-0.30,1.08,9.98,0.01,0.01,0.01
4386.16,70.43,-9.17,3.08,2.92,-0.03,-0.03,-0.01,-0.32,1.05,9.99,0.00,0.01,-0.00
4386.17,70.42,-9.17,3.08,2.92,-0.04,-0.02,-0.02,-0.31,1.05,10.00,0.01,0.01,-0.00
4386.19,70.41,-9.18,3.06,2.93,-0.04,-0.02,-0.01,-0.32,1.05,10.01,0.01,0.01,-0.00
4386.20,70.41,-9.20,3.06,2.92,-0.04,-0.02,-0.01,-0.33,1.05,10.03,0.01,0.01,-0.00
4386.22,70.41,-9.21,3.05,2.93,-0.04,-0.02,-0.01,-0.34,1.06,10.04,0.01,0.01,-0.00
4386.23,70.41,-9.22,3.05,2.93,-0.03,-0.02,-0.01,-0.34,1.05,10.03,0.01,0.01,-0.00
4386.24,70.41,-9.21,3.05,2.91,-0.03,-0.02,-0.01,-0.35,1.05,10.02,0.02,0.00,-0.00
4386.26,70.41,-9.19,3.06,2.91,-0.03,-0.02,-0.00,-0.33,1.05,10.00,0.02,0.00,0.00
4386.27,70.42,-9.18,3.05,2.91,-0.03,-0.02,-0.00,-0.33,1.05,9.98,0.02,0.00,0.00
4386.29,70.44,-9.17,3.08,2.90,-0.03,-0.02,-0.00,-0.32,1.06,9.97,0.02,0.00,0.00
4386.30,70.45,-9.16,3.08,2.91,-0.03,-0.02,-0.00,-0.32,1.06,9.96,0.02,0.00,-0.00
4386.32,70.46,-9.16,3.09,2.90,-0.03,-0.02,-0.00,-0.31,1.06,9.94,0.02,0.00,-0.00
4386.34,70.47,-9.16,3.09,2.90,-0.03,-0.02,-0.00,-0.32,1.06,9.94,0.01,0.00,-0.00
4386.35,70.47,-9.16,3.08,2.90,-0.03,-0.02,-0.00,-0.32,1.05,9.95,0.01,0.00,-0.00
43