=~=~=~=~=~=~=~=~=~=~=~= PuTTY log 2024.05.21 12:49:21 =~=~=~=~=~=~=~=~=~=~=~=
5178.52,84.07,-9.89,1.30,1.32,-0.04,-0.01,0.02,0.23,1.62,9.92,0.01,0.01,0.01
5178.53,84.05,-9.89,1.30,1.34,-0.04,-0.01,0.02,0.28,1.63,9.90,0.02,0.01,0.01
5178.54,84.05,-9.88,1.29,1.38,-0.04,-0.01,0.02,0.33,1.62,9.89,0.02,0.01,0.01
5178.55,84.05,-9.89,1.30,1.40,-0.04,-0.01,0.01,0.37,1.61,9.87,0.01,0.01,0.01
5178.57,84.05,-9.90,1.29,1.43,-0.04,-0.01,0.01,0.40,1.62,9.86,0.01,0.01,0.00
5178.58,84.06,-9.90,1.28,1.44,-0.04,-0.01,0.01,0.41,1.60,9.86,0.01,0.01,0.00
5178.59,84.06,-9.90,1.26,1.44,-0.04,-0.01,0.01,0.40,1.58,9.86,0.01,0.00,0.00
5178.60,84.07,-9.90,1.24,1.42,-0.03,-0.01,0.00,0.38,1.55,9.88,0.01,0.00,0.00
5178.62,84.07,-9.91,1.24,1.40,-0.03,-0.01,0.00,0.36,1.55,9.89,0.01,0.00,0.00
5178.63,84.07,-9.93,1.24,1.40,-0.03,-0.01,0.00,0.35,1.53,9.91,0.01,0.00,0.00
5178.65,84.07,-9.92,1.26,1.37,-0.04,-0.02,0.01,0.32,1.53,9.89,0.01,0.01,0.01
5178.67,84.07,-9.93,1.26,1.37,-0.04,-0.02,0.01,0.31,1.55,9.90,0.01,0.00,0.01
5178.68,84.06,-9.92,1.27,1.37,-0.04,-0.02,0.01,0.31,1.58,9.90,0.01,0.00,0.01
5178.69,84.05,-9.90,1.28,1.36,-0.04,-0.02,0.01,0.29,1.58,9.90,0.01,0.00,0.01
5178.70,84.05,-9.92,1.27,1.36,-0.04,-0.02,0.01,0.29,1.59,9.91,0.01,0.00,0.01
5178.71,84.03,-9.90,1.28,1.35,-0.04,-0.02,0.00,0.29,1.60,9.89,0.01,0.01,0.01
5178.73,84.03,-9.91,1.29,1.36,-0.04,-0.02,0.00,0.31,1.59,9.89,0.01,0.01,0.00
5178.74,84.03,-9.92,1.28,1.36,-0.04,-0.01,0.00,0.32,1.59,9.88,0.01,0.01,0.00
5178.75,84.04,-9.91,1.29,1.36,-0.04,-0.02,-0.00,0.32,1.59,9.88,0.01,0.00,0.00
5178.76,84.04,-9.93,1.28,1.36,-0.04,-0.02,-0.00,0.32,1.58,9.89,0.00,0.00,-0.00
5178.77,84.04,-9.93,1.27,1.36,-0.04,-0.02,-0.00,0.31,1.56,9.90,0.00,0.00,-0.00
5178.78,84.04,-9.93,1.25,1.37,-0.04,-0.02,-0.00,0.32,1.55,9.91,0.00,0.00,-0.00
5178.80,84.04,-9.93,1.23,1.37,-0.04,-0.02,-0.00,0.33,1.53,9.91,0.01,0.00,0.00
5178.81,84.04,-9.92,1.21,1.38,-0.04,-0.02,-0.00,0.32,1.52,9.91,0.01,0.00,0.00
5178.82,84.04,-9.93,1.23,1.35,-0.04,-0.02,0.00,0.31,1.53,9.92,0.01,0.00,0.00
5178.84,84.04,-9.94,1.25,1.33,-0.04,-0.02,0.00,0.29,1.54,9.92,0.01,-0.00,0.00
5178.85,84.04,-9.93,1.25,1.33,-0.04,-0.02,0.01,0.28,1.54,9.92,0.01,-0.00,0.00
5178.87,84.04,-9.93,1.26,1.34,-0.05,-0.02,0.01,0.29,1.53,9.91,0.01,0.00,0.01
5178.88,84.04,-9.95,1.21,1.37,-0.04,-0.02,0.01,0.31,1.54,9.91,0.01,0.00,0.01
5178.90,84.04,-9.91,1.27,1.37,-0.05,-0.03,0.01,0.32,1.56,9.91,0.01,0.00,0.01
5178.91,84.03,-9.90,1.27,1.39,-0.05,-0.02,0.01,0.35,1.59,9.90,0.01,-0.00,0.01
5178.93,84.03,-9.91,1.31,1.40,-0.05,-0.02,0.01,0.35,1.61,9.89,0.01,-0.00,0.01
5178.94,84.03,-9.89,1.32,1.40,-0.05,-0.02,0.00,0.37,1.63,9.87,0.01,-0.00,0.01
5178.95,84.03,-9.88,1.32,1.41,-0.04,-0.02,-0.00,0.37,1.63,9.86,0.01,-0.00,0.00
5178.97,84.03,-9.89,1.32,1.42,-0.04,-0.02,-0.01,0.37,1.63,9.85,0.01,-0.00,-0.00
5178.98,84.04,-9.90,1.30,1.42,-0.03,-0.02,-0.01,0.39,1.61,9.85,0.00,-0.00,-0.00
5179.01,84.05,-9.90,1.26,1.42,-0.03,-0.03,-0.02,0.39,1.57,9.88,0.00,-0.00,-0.01
5179.02,84.05,-9.91,1.24,1.42,-0.03,-0.03,-0.02,0.37,1.55,9.89,-0.00,-0.00,-0.01
5179.04,84.05,-9.91,1.22,1.38,-0.03,-0.02,-0.02,0.33,1.52,9.91,0.00,-0.00,-0.01
5179.06,84.04,-9.92,1.21,1.36,-0.03,-0.02,-0.02,0.28,1.51,9.94,0.00,0.00,-0.01
5179.08,84.04,-9.92,1.21,1.33,-0.03,-0.02,-0.01,0.26,1.50,9.95,0.01,0.00,-0.00
5179.09,84.03,-9.93,1.23,1.31,-0.04,-0.02,-0.00,0.25,1.51,9.95,0.01,0.00,0.00
5179.10,84.03,-9.92,1.24,1.28,-0.04,-0.02,0.00,0.22,1.52,9.94,0.01,0.00,0.00
5179.11,84.03,-9.92,1.26,1.29,-0.04,-0.02,0.01,0.23,1.55,9.93,0.01,0.00,0.01
5179.13,84.02,-9.94,1.29,1.32,-0.05,-0.02,0.02,0.25,1.57,9.91,0.01,0.00,0.01
5179.15,84.01,-9.89,1.32,1.35,-0.05,-0.02,0.02,0.29,1.60,9.90,0.01,0.00,0.02
5179.16,84.01,-9.87,1.33,1.38,-0.05,-0.01,0.02,0.35,1.64,9.86,0.01,0.00,0.02
5179.17,84.03,-9.89,1.31,1.43,-0.05,-0.01,0.00,0.42,1.66,9.83,0.01,0.00,0.01
5179.19,84.05,-9.91,1.30,1.45,-0.04,-0.02,-0.01,0.45,1.65,9.83,0.01,0.00,0.00
5179.20,84.07,-9.91,1.30,1.47,-0.04,-0.02,-0.02,0.45,1.64,9.83,0.00,-0.00,0.00
5179.21,84.08,-9.91,1.29,1.48,-0.03,-0.02,-0.02,0.45,1.63,9.84,-0.00,-0.00,-0.00
5179.24,84.08,-9.91,1.23,1.44,-0.03,-0.03,-0.03,0.38,1.57,9.90,-0.00,-0.00,-0.01
5179.25,84.07,-9.93,1.21,1.39,-0.03,-0.02,-0.03,0.32,1.53,9.95,-0.00,-0.00,-0.01
5179.27,84.06,-9.94,1.19,1.36,-0.03,-0.02,-0.02,0.26,1.50,9.97,-0.00,-0.00,-0.01
5179.28,84.04,-9.97,1.17,1.30,-0.03,-0.02,-0.00,0.20,1.46,9.98,0.01,0.00,-0.00
5179.30,84.01,-9.97,1.15,1.30,-0.04,-0.02,0.02,0.21,1.44,9.97,0.01,0.01,0.01
5179.32,84.00,-9.95,1.16,1.32,-0.04,-0.02,0.02,0.25,1.45,9.95,0.02,0.01,0.01
5179.33,83.99,-9.94,1.18,1.34,-0.05,-0.02,0.03,0.30,1.49,9.91,0.02,0.01,0.02
5179.34,84.00,-9.93,1.23,1.37,-0.05,-0.02,0.03,0.35,1.54,9.87,0.02,0.01,0.02
5179.35,84.00,-9.91,1.28,1.40,-0.05,-0.02,0.02,0.40,1.60,9.84,0.01,0.00,0.01
5179.36,84.02,-9.90,1.32,1.43,-0.04,-0.03,0.01,0.43,1.65,9.82,0.01,-0.00,0.01
5179.38,84.03,-9.90,1.32,1.47,-0.04,-0.03,0.01,0.43,1.69,9.83,0.00,-0.01,0.00
5179.39,84.03,-9.86,1.35,1.47,-0.03,-0.03,-0.01,0.43,1.69,9.84,0.00,-0.01,0.00
5179.41,84.03,-9.85,1.36,1.45,-0.03,-0.03,-0.01,0.40,1.68,9.85,0.00,-0.01,-0.00
5179.42,84.03,-9.86,1.34,1.42,-0.03,-0.03,-0.02,0.37,1.66,9.88,0.00,-0.01,-0.00
5179.43,84.03,-9.87,1.32,1.37,-0.03,-0.02,-0.02,0.31,1.62,9.90,-0.00,-0.01,-0.01
5179.44,84.02,-9.91,1.26,1.32,-0.03,-0.02,-0.02,0.23,1.56,9.94,-0.00,-0.00,-0.01
5179.46,84.02,-9.95,1.21,1.28,-0.03,-0.02,-0.01,0.20,1.50,9.96,0.00,-0.00,-0.00
5179.47,84.01,-9.96,1.19,1.28,-0.04,-0.02,-0.00,0.21,1.46,9.96,0.01,0.00,0.00
5179.48,84.01,-9.95,1.19,1.30,-0.04,-0.02,0.01,0.23,1.45,9.95,0.01,0.00,0.01
5179.50,84.00,-9.95,1.18,1.32,-0.05,-0.02,0.01,0.29,1.48,9.92,0.01,0.00,0.01
5179.51,84.01,-9.93,1.20,1.37,-0.05,-0.02,0.01,0.35,1.52,9.90,0.01,0.00,0.01
5179.52,84.03,-9.93,1.23,1.43,-0.05,-0.02,0.01,0.41,1.56,9.87,0.01,-0.00,0.01
5179.53,84.04,-9.89,1.27,1.48,-0.04,-0.03,0.00,0.46,1.62,9.85,0.00,-0.00,0.01
5179.55,84.04,-9.87,1.30,1.49,-0.04,-0.03,-0.00,0.46,1.66,9.84,0.00,-0.00,0.00
5179.57,84.04,-9.87,1.32,1.46,-0.03,-0.02,-0.01,0.44,1.67,9.84,0.00,-0.00,-0.00
5179.58,84.06,-9.88,1.32,1.44,-0.03,-0.02,-0.02,0.41,1.65,9.86,0.00,-0.00,-0.00
5179.59,84.06,-9.90,1.29,1.41,-0.03,-0.02,-0.02,0.35,1.61,9.89,0.00,-0.00,-0.01
5179.60,84.05,-9.92,1.26,1.37,-0.03,-0.02,-0.02,0.31,1.57,9.92,0.00,-0.00,-0.01
5179.62,84.05,-9.94,1.23,1.35,-0.03,-0.02,-0.02,0.28,1.53,9.93,0.00,-0.00,-0.01
5179.63,84.04,-9.95,1.22,1.33,-0.03,-0.02,-0.01,0.25,1.50,9.94,0.00,0.00,-0.00
5179.65,84.03,-9.95,1.21,1.33,-0.03,-0.02,-0.00,0.27,1.49,9.95,0.01,0.00,0.00
5179.66,84.02,-9.94,1.21,1.33,-0.04,-0.02,0.00,0.27,1.50,9.94,0.01,0.00,0.00
5179.67,84.02,-9.93,1.22,1.34,-0.04,-0.02,0.01,0.29,1.52,9.93,0.01,0.00,0.01
5179.68,84.02,-9.92,1.25,1.36,-0.04,-0.02,0.01,0.31,1.56,9.90,0.01,0.00,0.01
5179.69,84.02,-9.92,1.26,1.38,-0.04,-0.02,0.01,0.34,1.58,9.88,0.01,0.00,0.01
5179.70,84.03,-9.91,1.28,1.39,-0.04,-0.02,0.00,0.37,1.63,9.86,0.00,0.00,0.01
5179.72,84.03,-9.89,1.30,1.41,-0.04,-0.02,0.00,0.38,1.65,9.85,0.00,0.00,0.00
5179.73,84.03,-9.89,1.31,1.43,-0.04,-0.02,-0.01,0.38,1.66,9.85,0.00,0.00,0.00
5179.74,84.03,-9.89,1.30,1.43,-0.03,-0.02,-0.01,0.40,1.66,9.85,0.00,-0.00,-0.00
5179.75,84.04,-9.91,1.27,1.41,-0.03,-0.02,-0.02,0.39,1.62,9.87,0.00,-0.00,-0.00
5179.77,84.06,-9.92,1.23,1.41,-0.03,-0.02,-0.02,0.37,1.57,9.89,-0.00,-0.00,-0.01
5179.78,84.06,-9.94,1.19,1.39,-0.03,-0.02,-0.02,0.33,1.53,9.91,-0.00,-0.00,-0.00
5179.80,84.05,-9.94,1.18,1.36,-0.03,-0.02,-0.01,0.31,1.50,9.94,0.00,-0.00,-0.00
5179.82,84.05,-9.93,1.17,1.35,-0.03,-0.02,-0.01,0.30,1.48,9.95,0.01,0.00,0.00
5179.83,84.05,-9.93,1.19,1.35,-0.04,-0.02,-0.00,0.31,1.50,9.93,0.01,0.00,0.01
5179.84,84.06,-9.93,1.21,1.36,-0.04,-0.02,0.00,0.32,1.51,9.92,0.01,0.00,0.01
5179.86,84.06,-9.92,1.24,1.38,-0.04,-0.02,0.01,0.33,1.55,9.91,0.00,0.00,0.01
5179.87,84.06,-9.92,1.25,1.38,-0.04,-0.02,0.01,0.34,1.58,9.90,0.01,0.00,0.01
5179.89,84.06,-9.92,1.26,1.40,-0.04,-0.02,0.00,0.35,1.61,9.88,0.01,0.00,0.01
5179.90,84.06,-9.92,1.26,1.41,-0.04,-0.02,0.00,0.37,1.61,9.86,0.01,0.00,0.01
5179.92,84.06,-9.91,1.26,1.40,-0.03,-0.02,-0.00,0.37,1.61,9.87,0.01,0.00,0.00
5179.93,84.07,-9.91,1.25,1.41,-0.03,-0.02,-0.01,0.37,1.60,9.87,0.00,0.00,-0.00
5179.95,84.07,-9.91,1.24,1.39,-0.03,-0.02,-0.01,0.37,1.58,9.88,0.00,-0.00,-0.00
5179.97,84.07,-9.92,1.22,1.40,-0.03,-0.02,-0.02,0.35,1.55,9.90,0.00,-0.00,-0.00
5179.98,84.07,-9.92,1.21,1.38,-0.03,-0.02,-0.02,0.34,1.54,9.91,0.00,0.00,-0.00
5180.00,84.07,-9.92,1.22,1.37,-0.03,-0.02,-0.01,0.33,1.54,9.92,0.00,0.00,-0.00
5180.01,84.07,-9.93,1.23,1.35,-0.03,-0.02,-0.01,0.31,1.53,9.92,0.00,0.00,-0.00
5180.02,84.07,-9.93,1.23,1.35,-0.03,-0.02,-0.01,0.29,1.53,9.93,0.00,-0.00,-0.00
5180.04,84.07,-9.92,1.23,1.34,-0.03,-0.02,-0.01,0.28,1.53,9.92,0.00,0.00,-0.00
5180.05,84.06,-9.93,1.24,1.35,-0.03,-0.02,-0.01,0.28,1.54,9.91,0.00,0.00,-0.00
5180.07,84.05,-9.92,1.24,1.35,-0.04,-0.02,-0.01,0.30,1.54,9.91,0.01,0.00,-0.00
5180.08,84.05,-9.92,1.23,1.36,-0.04,-0.02,-0.00,0.31,1.55,9.90,0.01,0.00,0.00
5180.09,84.04,-9.93,1.23,1.37,-0.04,-0.02,-0.00,0.32,1.56,9.90,0.01,0.00,0.00
5180.10,84.05,-9.92,1.25,1.36,-0.04,-0.02,-0.00,0.31,1.57,9.89,0.00,0.00,0.00
5180.13,84.05,-9.92,1.28,1.30,-0.04,-0.02,0.00,0.24,1.59,9.93,-0.00,-0.00,-0.00
5180.15,84.05,-9.93,1.26,1.29,-0.04,-0.01,0.01,0.21,1.55,9.95,0.00,0.00,0.00
5180.17,84.04,-9.94,1.23,1.31,-0.05,-0.01,0.01,0.25,1.54,9.91,0.01,0.00,0.01
5180.18,84.05,-9.94,1.19,1.35,-0.05,-0.01,0.01,0.33,1.54,9.87,0.01,0.00,0.02
5180.19,84.06,-9.92,1.20,1.44,-0.05,-0.02,0.01,0.47,1.55,9.83,0.01,0.00,0.02
5180.21,84.09,-9.95,1.21,1.56,-0.04,-0.03,-0.00,0.58,1.56,9.84,0.00,-0.00,0.01
5180.23,84.11,-9.93,1.21,1.56,-0.04,-0.03,-0.01,0.56,1.58,9.85,-0.00,-0.01,0.01
5180.24,84.13,-9.91,1.22,1.50,-0.03,-0.03,-0.01,0.48,1.57,9.89,-0.00,-0.01,0.01
5180.26,84.14,-9.91,1.22,1.45,-0.03,-0.03,-0.01,0.40,1.57,9.91,0.00,-0.01,0.00
5180.27,84.13,-9.92,1.21,1.38,-0.03,-0.03,-0.01,0.32,1.56,9.94,0.00,-0.00,0.00
5180.28,84.10,-9.91,1.20,1.30,-0.03,-0.02,-0.00,0.20,1.53,9.97,0.01,-0.00,0.00
5180.30,84.09,-9.92,1.21,1.25,-0.03,-0.02,0.00,0.15,1.52,9.97,0.01,0.00,0.00
5180.31,84.05,-9.91,1.23,1.24,-0.04,-0.02,0.01,0.13,1.52,9.95,0.01,0.00,0.00
5180.33,84.04,-9.90,1.24,1.24,-0.04,-0.01,0.01,0.15,1.55,9.94,0.01,0.01,-0.00
5180.34,84.03,-9.92,1.24,1.27,-0.04,-0.01,0.01,0.19,1.58,9.91,0.01,0.01,-0.00
5180.35,84.02,-9.93,1.24,1.34,-0.04,-0.02,0.01,0.30,1.59,9.88,0.01,0.00,-0.00
5180.37,84.03,-9.91,1.25,1.41,-0.04,-0.02,0.01,0.37,1.60,9.87,0.01,0.00,-0.00
5180.39,84.04,-9.88,1.27,1.45,-0.04,-0.02,0.00,0.45,1.62,9.84,0.01,0.00,0.00
5180.40,84.04,-9.88,1.28,1.49,-0.04,-0.02,-0.00,0.50,1.61,9.84,0.01,0.00,0.00
5180.41,84.06,-9.88,1.27,1.50,-0.04,-0.02,-0.01,0.51,1.61,9.83,0.01,0.00,0.00
5180.43,84.08,-9.86,1.27,1.50,-0.03,-0.02,-0.01,0.50,1.61,9.83,0.00,-0.00,-0.00
5180.44,84.11,-9.89,1.24,1.48,-0.03,-0.02,-0.02,0.47,1.61,9.83,-0.01,-0.00,-0.00
5180.45,84.12,-9.93,1.23,1.43,-0.03,-0.02,-0.02,0.39,1.59,9.86,-0.01,-0.00,-0.01
5180.47,84.12,-9.95,1.22,1.38,-0.03,-0.02,-0.02,0.32,1.57,9.90,-0.01,-0.00,-0.01
5180.48,84.11,-9.95,1.22,1.32,-0.02,-0.02,-0.02,0.26,1.55,9.93,-0.00,-0.00,-0.00
5180.50,84.11,-9.94,1.22,1.28,-0.03,-0.02,-0.02,0.21,1.52,9.94,0.00,-0.00,-0.00
5180.51,84.09,-9.93,1.21,1.29,-0.03,-0.02,-0.01,0.21,1.50,9.94,0.00,0.00,-0.00
5180.54,84.04,-9.92,1.19,1.35,-0.04,-0.02,-0.01,0.28,1.51,9.92,0.00,0.00,-0.00
5180.55,84.04,-9.93,1.18,1.39,-0.04,-0.02,-0.00,0.34,1.53,9.92,0.00,0.01,-0.00
5180.57,84.03,-9.93,1.17,1.41,-0.04,-0.02,0.00,0.37,1.54,9.91,0.01,0.01,0.00
5180.58,84.04,-9.93,1.18,1.44,-0.04,-0.02,0.00,0.41,1.56,9.89,0.01,0.00,0.00
5180.60,84.05,-9.93,1.19,1.44,-0.03,-0.02,-0.00,0.41,1.57,9.88,0.01,0.00,0.00
5180.61,84.05,-9.92,1.19,1.42,-0.03,-0.02,-0.00,0.40,1.56,9.88,0.01,0.00,0.00
5180.63,84.07,-9.93,1.19,1.39,-0.03,-0.02,-0.01,0.38,1.55,9.90,0.01,-0.00,-0.00
5180.64,84.07,-9.93,1.20,1.37,-0.03,-0.02,-0.01,0.35,1.55,9.90,0.00,-0.00,-0.00
5180.65,84.07,-9.93,1.21,1.35,-0.03,-0.02,-0.00,0.29,1.53,9.92,0.00,-0.00,0.00
5180.67,84.06,-9.93,1.23,1.33,-0.04,-0.02,0.00,0.27,1.54,9.91,0.01,0.00,0.00
5180.69,84.06,-9.92,1.24,1.32,-0.04,-0.02,0.00,0.26,1.55,9.92,0.01,0.00,0.01
5180.70,84.05,-9.91,1.27,1.34,-0.04,-0.02,0.01,0.28,1.58,9.90,0.01,0.00,0.01
5180.72,84.03,-9.90,1.27,1.36,-0.04,-0.02,0.01,0.29,1.60,9.89,0.01,0.00,0.01
5180.73,84.03,-9.91,1.27,1.38,-0.04,-0.02,0.00,0.34,1.63,9.88,0.01,0.00,0.00
5180.74,84.03,-9.91,1.26,1.40,-0.04,-0.02,-0.00,0.36,1.62,9.87,0.00,0.00,0.00
5180.76,84.03,-9.91,1.25,1.41,-0.04,-0.02,-0.01,0.37,1.60,9.88,0.00,0.00,0.00
5180.77,84.03,-9.91,1.22,1.42,-0.03,-0.02,-0.01,0.38,1.58,9.88,0.00,0.00,-0.00
5180.79,84.04,-9.92,1.20,1.42,-0.03,-0.02,-0.02,0.36,1.54,9.88,-0.00,0.00,-0.00
5180.81,84.03,-9.92,1.18,1.40,-0.03,-0.02,-0.02,0.34,1.51,9.90,-0.00,-0.00,-0.00
5180.82,84.04,-9.93,1.16,1.37,-0.03,-0.02,-0.01,0.33,1.50,9.90,-0.00,0.00,-0.00
5180.83,84.04,-9.94,1.15,1.35,-0.03,-0.02,-0.01,0.32,1.48,9.91,0.00,0.00,-0.00
5180.84,84.04,-9.94,1.15,1.36,-0.04,-0.02,-0.01,0.29,1.47,9.92,0.00,0.00,0.00
5180.85,84.03,-9.94,1.15,1.35,-0.04,-0.02,-0.00,0.29,1.48,9.92,0.00,0.00,0.00
5180.87,84.03,-9.94,1.16,1.35,-0.04,-0.02,0.00,0.29,1.50,9.91,0.00,0.00,0.01
5180.88,84.03,-9.93,1.18,1.36,-0.04,-0.02,0.01,0.32,1.53,9.90,0.01,0.00,0.01
5180.89,84.04,-9.92,1.20,1.37,-0.04,-0.02,0.01,0.33,1.55,9.90,0.01,0.00,0.01
5180.91,84.04,-9.92,1.22,1.39,-0.04,-0.02,0.01,0.35,1.57,9.90,0.01,0.00,0.01
5180.92,84.04,-9.92,1.23,1.40,-0.04,-0.02,0.00,0.37,1.59,9.89,0.01,0.00,0.01
5180.94,84.04,-9.92,1.24,1.41,-0.04,-0.02,0.00,0.38,1.59,9.89,0.00,0.00,0.01
5180.96,84.06,-9.91,1.23,1.39,-0.03,-0.02,-0.00,0.37,1.59,9.88,0.00,-0.00,0.01
5180.97,84.06,-9.91,1.24,1.38,-0.03,-0.02,-0.00,0.36,1.59,9.88,0.00,0.00,0.00
5180.98,84.07,-9.91,1.24,1.37,-0.03,-0.02,-0.01,0.33,1.57,9.89,0.00,0.00,0.00
5181.00,84.07,-9.92,1.23,1.37,-0.03,-0.02,-0.01,0.33,1.57,9.90,0.00,0.00,0.00
5181.01,84.06,-9.93,1.22,1.37,-0.04,-0.02,-0.01,0.31,1.55,9.92,0.00,0.00,0.00
5181.02,84.06,-9.93,1.21,1.35,-0.03,-0.02,-0.01,0.32,1.55,9.92,0.00,0.00,0.00
5181.04,84.06,-9.93,1.20,1.35,-0.03,-0.02,-0.01,0.31,1.55,9.92,0.00,0.00,0.00
5181.05,84.06,-9.93,1.19,1.35,-0.03,-0.02,-0.01,0.30,1.53,9.92,0.00,0.00,-0.00
5181.06,84.05,-9.93,1.18,1.36,-0.03,-0.02,-0.01,0.31,1.53,9.93,0.00,0.00,-0.00
5181.07,84.05,-9.93,1.17,1.37,-0.03,-0.02,-0.01,0.32,1.51,9.91,0.00,0.00,-0.00
5181.09,84.06,-9.94,1.17,1.37,-0.03,-0.02,-0.01,0.34,1.52,9.91,0.00,-0.00,-0.00
5181.11,84.06,-9.93,1.17,1.37,-0.03,-0.02,-0.01,0.32,1.52,9.91,0.00,-0.00,-0.00
5181.12,84.06,-9.93,1.18,1.38,-0.04,-0.02,-0.00,0.33,1.53,9.91,0.00,-0.00,0.00
5181.13,84.06,-9.93,1.20,1.38,-0.04,-0.02,-0.00,0.33,1.53,9.91,0.00,-0.00,0.00
5181.15,84.06,-9.93,1.21,1.37,-0.04,-0.02,-0.00,0.32,1.54,9.90,0.00,-0.00,0.00
5181.16,84.06,-9.92,1.21,1.37,-0.04,-0.02,-0.00,0.32,1.54,9.90,0.00,-0.00,0.00
5181.18,84.05,-9.92,1.21,1.38,-0.04,-0.02,0.00,0.31,1.55,9.91,0.01,-0.00,0.01
5181.19,84.05,-9.92,1.21,1.38,-0.04,-0.02,0.00,0.31,1.55,9.90,0.01,0.00,0.01
5181.20,84.04,-9.93,1.22,1.37,-0.04,-0.02,0.00,0.32,1.56,9.89,0.01,0.00,0.01
5181.22,84.04,-9.93,1.21,1.38,-0.04,-0.02,0.00,0.33,1.56,9.90,0.01,0.00,0.01
5181.23,84.04,-9.93,1.21,1.39,-0.04,-0.02,0.01,0.33,1.55,9.89,0.01,0.00,0.01
5181.25,84.03,-9.93,1.20,1.39,-0.04,-0.02,0.01,0.34,1.54,9.89,0.01,0.00,0.01
5181.26,84.03,-9.92,1.19,1.40,-0.04,-0.02,0.01,0.36,1.54,9.89,0.01,0.00,0.00
5181.27,84.03,-9.92,1.19,1.40,-0.04,-0.02,0.00,0.36,1.54,9.88,0.01,0.00,0.00
5181.28,84.03,-9.92,1.20,1.40,-0.04,-0.02,0.00,0.34,1.54,9.89,0.01,0.00,0.00
5181.30,84.03,-9.92,1.19,1.38,-0.04,-0.02,0.00,0.33,1.54,9.89,0.01,-0.00,0.00
5181.31,84.04,-9.92,1.20,1.37,-0.04,-0.02,0.00,0.32,1.54,9.89,0.01,-0.00,0.00
5181.32,84.04,-9.93,1.21,1.36,-0.04,-0.02,0.00,0.32,1.55,9.90,0.01,-0.00,0.00
5181.33,84.04,-9.92,1.21,1.36,-0.04,-0.02,0.00,0.31,1.55,9.90,0.01,-0.00,0.00
5181.34,84.04,-9.92,1.21,1.36,-0.04,-0.02,0.00,0.30,1.55,9.91,0.01,0.00,0.01
5181.36,84.03,-9.93,1.22,1.36,-0.04,-0.02,0.00,0.31,1.55,9.90,0.01,0.00,0.01
5181.37,84.03,-9.93,1.21,1.36,-0.04,-0.02,0.00,0.32,1.55,9.90,0.01,0.00,0.01
5181.38,84.04,-9.92,1.21,1.36,-0.04,-0.02,0.00,0.32,1.55,9.90,0.01,0.00,0.01
5181.40,84.04,-9.93,1.20,1.36,-0.04,-0.02,-0.00,0.33,1.56,9.89,0.01,0.00,0.00
5181.41,84.04,-9.93,1.20,1.38,-0.04,-0.02,-0.00,0.34,1.55,9.89,0.01,0.00,0.00
5181.42,84.04,-9.93,1.20,1.38,-0.04,-0.02,-0.00,0.34,1.55,9.90,0.01,-0.00,0.00
5181.43,84.04,-9.92,1.21,1.39,-0.04,-0.02,-0.00,0.32,1.55,9.90,0.01,0.00,0.00
5181.45,84.03,-9.92,1.20,1.41,-0.04,-0.02,-0.00,0.33,1.55,9.90,0.01,0.00,0.00
5181.46,84.03,-9.91,1.19,1.40,-0.04,-0.02,-0.00,0.35,1.55,9.89,0.01,0.00,0.00
5181.47,84.03,-9.91,1.19,1.40,-0.04,-0.02,0.00,0.35,1.54,9.89,0.01,0.00,0.00
5181.48,84.02,-9.91,1.20,1.38,-0.04,-0.02,0.00,0.33,1.54,9.89,0.01,0.00,0.00
5181.49,84.02,-9.93,1.20,1.37,-0.04,-0.02,0.00,0.31,1.54,9.91,0.01,0.00,0.00
5181.51,84.02,-9.94,1.20,1.34,-0.04,-0.02,0.01,0.29,1.55,9.91,0.00,0.00,0.00
5181.52,84.01,-9.96,1.18,1.34,-0.03,-0.02,0.01,0.25,1.54,9.92,0.01,0.00,0.00
5181.53,84.00,-9.95,1.18,1.32,-0.03,-0.02,0.02,0.23,1.53,9.94,0.01,0.00,0.01
5181.55,83.99,-9.94,1.20,1.30,-0.03,-0.02,0.02,0.21,1.53,9.96,0.01,0.00,0.01
5181.56,83.98,-9.92,1.22,1.31,-0.04,-0.02,0.03,0.23,1.54,9.95,0.01,0.01,0.01
5181.57,83.96,-9.90,1.24,1.32,-0.04,-0.02,0.03,0.26,1.54,9.93,0.02,0.01,0.01
5181.59,83.96,-9.91,1.22,1.36,-0.04,-0.02,0.03,0.30,1.53,9.92,0.02,0.01,0.01
5181.60,83.95,-9.88,1.22,1.38,-0.05,-0.01,0.03,0.35,1.52,9.91,0.02,0.01,0.02
5181.61,83.95,-9.91,1.23,1.45,-0.05,-0.01,0.03,0.42,1.52,9.90,0.02,0.02,0.02
5181.63,83.95,-9.93,1.24,1.49,-0.05,-0.01,0.03,0.46,1.54,9.89,0.03,0.02,0.03
5181.64,83.96,-9.91,1.30,1.53,-0.05,-0.01,0.03,0.49,1.61,9.86,0.02,0.03,0.04
5181.66,83.95,-9.90,1.33,1.52,-0.05,-0.01,0.03,0.51,1.64,9.85,0.02,0.03,0.05
5181.67,83.96,-9.88,1.32,1.55,-0.05,-0.01,0.02,0.53,1.62,9.85,0.02,0.03,0.05
5181.69,83.95,-9.91,1.25,1.56,-0.05,-0.01,0.01,0.54,1.55,9.89,0.03,0.04,0.05
5181.70,83.94,-9.95,1.17,1.56,-0.05,-0.01,0.00,0.54,1.47,9.93,0.04,0.04,0.08
5181.72,83.94,-10.01,1.10,1.54,-0.04,-0.01,0.01,0.50,1.38,9.98,0.05,0.04,0.10
5181.73,83.97,-10.04,1.03,1.49,-0.03,-0.00,0.03,0.52,1.35,10.03,0.04,0.03,0.13
5181.74,84.01,-10.02,1.04,1.40,-0.02,0.01,0.03,0.50,1.29,10.06,0.03,0.01,0.14
5181.76,84.10,-9.99,1.05,1.32,-0.02,0.01,0.04,0.46,1.27,10.04,0.01,-0.01,0.13
5181.77,84.18,-9.97,1.07,1.26,-0.03,0.02,0.04,0.32,1.30,10.01,-0.01,-0.03,0.12
5181.78,84.27,-9.96,1.11,1.23,-0.02,0.03,0.04,0.28,1.36,9.98,-0.03,-0.05,0.10
5181.79,84.38,-9.93,1.22,1.19,-0.02,0.03,0.04,0.23,1.45,9.96,-0.04,-0.06,0.07
5181.81,84.48,-9.91,1.28,1.17,-0.03,0.03,0.03,0.19,1.54,9.94,-0.04,-0.07,0.04
5181.82,84.55,-9.86,1.33,1.24,-0.04,0.04,0.02,0.22,1.61,9.91,-0.04,-0.07,0.02
5181.83,84.63,-9.95,1.34,1.26,-0.05,0.04,0.01,0.21,1.68,9.84,-0.03,-0.06,0.01
5181.85,84.67,-9.86,1.38,1.33,-0.04,0.04,0.01,0.33,1.70,9.83,-0.01,-0.05,0.03
5181.86,84.72,-9.87,1.42,1.37,-0.03,0.04,0.01,0.40,1.72,9.82,0.00,-0.04,0.04
5181.87,84.83,-9.91,1.38,1.46,-0.02,0.04,-0.02,0.56,1.79,9.79,0.00,-0.04,0.04
5181.88,84.88,-9.90,1.34,1.52,-0.00,0.04,-0.03,0.68,1.80,9.79,-0.01,-0.05,0.01
5181.90,85.07,-9.91,1.32,1.44,0.02,0.03,-0.05,0.71,1.72,9.73,-0.02,-0.06,-0.03
5181.91,85.18,-9.94,1.31,1.34,0.03,0.03,-0.06,0.66,1.58,9.71,-0.02,-0.06,-0.04
5181.92,85.36,-9.91,1.39,1.38,0.01,0.02,-0.10,0.51,1.54,9.82,-0.01,-0.07,-0.05
5181.94,85.41,-9.92,1.22,1.36,0.01,0.01,-0.11,0.45,1.57,9.88,-0.02,-0.07,-0.06
5181.95,85.47,-9.92,1.27,1.25,0.02,0.02,-0.11,0.42,1.61,9.89,-0.03,-0.07,-0.05
5181.97,85.55,-9.94,1.33,1.13,0.02,0.01,-0.11,0.35,1.58,9.86,-0.03,-0.08,-0.05
5181.98,85.63,-9.97,1.34,1.13,0.02,0.01,-0.11,0.28,1.52,9.83,-0.03,-0.08,-0.03
5181.99,85.66,-9.96,1.31,1.14,0.01,0.00,-0.12,0.24,1.48,9.81,-0.04,-0.09,-0.00
5182.00,85.71,-9.92,1.31,1.14,0.00,-0.00,-0.11,0.28,1.46,9.78,-0.06,-0.10,0.04
5182.02,85.83,-9.84,1.30,1.17,-0.02,-0.02,-0.10,0.50,1.42,9.61,-0.12,-0.14,0.09
5182.04,86.00,-9.82,1.29,1.21,-0.02,-0.03,-0.11,0.64,1.40,9.55,-0.17,-0.16,0.11
5182.06,86.28,-9.87,1.29,1.23,-0.03,-0.05,-0.11,0.76,1.35,9.59,-0.27,-0.21,0.11
5182.07,86.48,-9.89,1.26,1.21,-0.05,-0.06,-0.11,0.75,1.26,9.64,-0.35,-0.26,0.11
5182.08,86.70,-9.88,1.24,1.16,-0.07,-0.07,-0.12,0.70,1.18,9.69,-0.40,-0.30,0.12
5182.09,87.01,-9.85,1.10,1.12,-0.10,-0.09,-0.13,0.61,1.04,9.74,-0.46,-0.35,0.14
5182.11,87.26,-9.86,0.94,1.10,-0.11,-0.10,-0.14,0.54,0.92,9.67,-0.49,-0.38,0.16
5182.13,87.42,-9.72,0.87,1.04,-0.12,-0.13,-0.14,0.40,0.82,9.49,-0.51,-0.41,0.17
5182.14,87.57,-9.50,0.85,0.92,-0.13,-0.16,-0.14,0.30,0.76,9.23,-0.53,-0.43,0.16
5182.15,87.70,-9.30,0.90,0.74,-0.14,-0.19,-0.15,0.17,0.71,8.97,-0.55,-0.44,0.15
5182.16,87.86,-8.94,0.88,0.42,-0.17,-0.24,-0.16,-0.06,0.65,8.45,-0.57,-0.46,0.12
5182.18,87.98,-8.71,0.88,0.10,-0.19,-0.30,-0.17,-0.25,0.59,8.02,-0.58,-0.48,0.08
5182.19,88.14,-8.63,0.78,-0.22,-0.23,-0.38,-0.18,-0.46,0.59,8.09,-0.59,-0.48,0.02
5182.20,88.28,-10.35,0.79,-0.36,-0.25,-0.36,-0.18,-0.57,0.90,10.89,-0.54,-0.37,-0.11
5182.22,88.07,-12.37,0.91,0.25,-0.27,-0.27,-0.13,-1.36,1.06,13.98,-0.43,-0.25,-0.16
5182.23,87.79,-13.11,0.68,0.82,-0.29,-0.19,0.05,-1.75,1.06,14.77,-0.21,-0.14,-0.05
5182.24,87.41,-12.43,0.50,-0.17,-0.22,-0.20,0.31,-1.67,1.01,12.36,0.04,-0.09,0.21
5182.25,87.10,-10.82,0.94,-0.97,-0.20,-0.33,0.44,-1.10,0.66,9.44,0.18,-0.14,0.51
5182.27,87.12,-9.69,0.70,-0.48,-0.17,-0.49,0.33,-0.38,0.39,8.52,0.13,-0.20,0.52
5182.28,87.03,-9.84,0.49,0.21,-0.11,-0.62,0.06,0.32,0.25,9.28,0.07,-0.20,0.39
5182.30,86.90,-10.61,0.47,0.73,-0.09,-0.67,-0.07,0.75,0.17,10.24,0.09,-0.22,0.31
5182.31,86.75,-11.03,0.47,1.09,-0.09,-0.73,-0.10,1.11,0.04,10.70,0.12,-0.27,0.30
5182.32,86.66,-11.06,0.73,1.16,-0.14,-0.81,-0.21,1.36,-0.01,10.28,0.15,-0.36,0.28
5182.34,86.78,-11.12,0.41,1.17,-0.14,-0.91,-0.29,1.36,0.05,9.80,0.16,-0.43,0.20
5182.35,86.63,-10.65,0.65,1.20,-0.12,-0.98,-0.32,1.24,0.18,9.66,0.16,-0.50,0.17
5182.36,86.43,-10.34,0.75,1.55,-0.16,-1.06,-0.38,1.29,0.40,9.82,0.19,-0.56,0.19
5182.38,86.21,-10.25,0.80,1.90,-0.18,-1.12,-0.43,1.51,0.57,9.78,0.21,-0.59,0.20
5182.39,86.03,-10.08,0.86,2.39,-0.18,-1.20,-0.47,1.80,0.76,9.59,0.24,-0.62,0.19
5182.41,85.53,-9.84,0.94,2.71,-0.18,-1.28,-0.51,2.02,0.94,9.44,0.26,-0.64,0.16
5182.42,85.43,-9.64,0.99,2.93,-0.18,-1.34,-0.57,2.14,1.04,9.41,0.26,-0.65,0.13
5182.43,84.67,-9.35,0.99,3.28,-0.18,-1.39,-0.62,2.32,1.18,9.45,0.26,-0.67,0.08
5182.44,84.02,-9.24,0.78,3.64,-0.16,-1.44,-0.66,2.50,1.27,9.50,0.25,-0.68,0.02
5182.47,83.21,-9.33,0.80,3.93,-0.13,-1.49,-0.69,2.72,1.32,9.50,0.25,-0.70,0.00
5182.48,82.71,-9.47,0.79,4.08,-0.14,-1.54,-0.67,2.89,1.33,9.50,0.24,-0.72,0.00
5182.49,82.42,-9.54,0.71,4.32,-0.16,-1.60,-0.62,3.03,1.35,9.51,0.22,-0.73,-0.00
5182.50,81.68,-9.48,0.54,4.56,-0.18,-1.68,-0.58,3.17,1.31,9.56,0.21,-0.74,-0.01
5182.51,81.08,-9.36,0.25,4.83,-0.19,-1.75,-0.55,3.30,1.23,9.62,0.20,-0.73,-0.01
5182.53,80.42,-9.16,-0.06,5.01,-0.19,-1.84,-0.53,3.38,1.07,9.69,0.20,-0.72,0.02
5182.54,79.66,-9.02,-0.29,5.17,-0.18,-1.90,-0.51,3.45,1.03,9.72,0.19,-0.70,0.04
5182.55,78.66,-8.88,-0.37,5.33,-0.15,-1.93,-0.48,3.55,1.03,9.71,0.18,-0.66,0.06
5182.57,77.31,-8.78,-0.28,5.34,-0.14,-1.98,-0.43,3.62,1.07,9.58,0.15,-0.61,0.06
5182.59,76.67,-8.62,-0.24,5.44,-0.14,-2.00,-0.39,3.66,1.09,9.52,0.14,-0.58,0.07
5182.60,74.75,-8.03,-0.24,5.82,-0.16,-2.00,-0.30,3.69,1.16,9.49,0.11,-0.53,0.08
5182.62,73.80,-7.81,-0.32,5.96,-0.16,-1.99,-0.27,3.65,1.22,9.41,0.09,-0.51,0.08
5182.63,72.68,-7.53,-0.43,6.14,-0.12,-1.95,-0.22,3.60,1.30,9.30,0.07,-0.48,0.09
5182.65,71.08,-7.16,-0.32,6.31,-0.05,-1.89,-0.16,3.66,1.33,9.18,0.06,-0.45,0.10
5182.67,70.11,-6.99,-0.27,6.45,-0.02,-1.85,-0.13,3.75,1.33,9.18,0.05,-0.43,0.11
5182.68,68.89,-6.76,-0.34,6.67,0.00,-1.81,-0.08,3.81,1.29,9.16,0.04,-0.42,0.11
5182.69,67.92,-6.65,-0.47,6.90,0.01,-1.78,-0.03,3.85,1.21,9.14,0.03,-0.41,0.10
5182.71,66.96,-6.53,-0.50,7.16,0.03,-1.75,0.01,3.87,1.19,9.12,0.02,-0.40,0.09
5182.72,65.81,-6.45,-0.49,7.47,0.04,-1.71,0.04,3.85,1.14,9.12,0.00,-0.38,0.07
5182.73,64.78,-6.28,-0.44,7.68,0.03,-1.67,0.08,3.78,1.10,9.16,-0.00,-0.36,0.07
5182.75,63.70,-6.20,-0.45,7.86,0.00,-1.62,0.13,3.81,1.05,9.19,-0.00,-0.34,0.09
5182.76,62.72,-6.20,-0.46,8.01,-0.04,-1.60,0.18,3.97,1.10,9.20,0.00,-0.31,0.12
5182.77,61.57,-6.02,-0.41,8.22,-0.08,-1.56,0.21,4.22,1.15,9.18,-0.00,-0.29,0.15
5182.78,60.80,-5.89,-0.40,8.37,-0.15,-1.53,0.24,4.44,1.20,9.13,-0.02,-0.28,0.15
5182.80,60.00,-5.71,-0.36,8.53,-0.20,-1.52,0.29,4.54,1.25,8.99,-0.04,-0.26,0.14
5182.81,58.52,-5.52,-0.26,8.75,-0.29,-1.51,0.35,4.51,1.36,8.85,-0.07,-0.25,0.11
5182.83,57.30,-5.40,-0.13,8.76,-0.35,-1.53,0.35,4.34,1.64,8.80,-0.08,-0.23,0.10
5182.85,56.46,-5.24,0.11,8.75,-0.36,-1.55,0.35,4.25,1.88,8.71,-0.11,-0.22,0.11
5182.86,55.40,-5.04,0.47,8.66,-0.36,-1.56,0.38,4.20,2.08,8.55,-0.15,-0.22,0.11
5182.87,54.39,-4.80,0.63,8.51,-0.35,-1.57,0.38,4.22,2.22,8.50,-0.19,-0.21,0.10
5182.89,53.50,-4.32,0.66,8.52,-0.34,-1.58,0.36,4.22,2.19,8.60,-0.23,-0.22,0.07
5182.90,52.59,-3.98,0.68,8.53,-0.34,-1.57,0.33,4.23,2.01,8.67,-0.26,-0.23,0.03
5182.91,51.57,-3.89,0.55,8.60,-0.37,-1.57,0.28,4.24,1.81,8.68,-0.30,-0.24,-0.01
5182.93,50.67,-3.96,0.13,8.69,-0.40,-1.55,0.24,4.06,1.50,8.75,-0.32,-0.24,-0.04
5182.94,49.01,-4.09,-0.34,8.59,-0.41,-1.53,0.19,3.69,0.91,9.10,-0.32,-0.23,-0.01
5182.96,48.08,-4.07,-0.65,8.56,-0.44,-1.52,0.21,3.67,0.70,9.29,-0.31,-0.23,0.05
5182.97,46.77,-3.75,-0.86,8.78,-0.47,-1.52,0.25,4.01,0.59,9.21,-0.32,-0.24,0.12
5182.99,45.88,-3.28,-0.70,9.10,-0.47,-1.52,0.22,4.36,0.72,8.94,-0.34,-0.23,0.13
5183.00,45.01,-2.59,-0.66,9.44,-0.45,-1.53,0.19,4.70,0.88,8.67,-0.36,-0.23,0.09
5183.01,43.96,-2.06,-0.47,9.72,-0.43,-1.52,0.13,4.86,1.08,8.55,-0.38,-0.23,0.03
5183.02,42.70,-1.99,-0.26,9.85,-0.36,-1.48,0.01,4.57,1.22,8.67,-0.39,-0.23,-0.07
5183.04,41.69,-2.07,-0.26,9.66,-0.31,-1.42,-0.11,4.14,1.11,8.87,-0.39,-0.25,-0.11
5183.05,40.71,-2.44,-0.31,9.34,-0.28,-1.35,-0.20,3.67,0.88,9.05,-0.39,-0.27,-0.14
5183.06,39.50,-3.17,-0.70,8.95,-0.27,-1.26,-0.32,2.88,0.27,9.33,-0.38,-0.33,-0.15
5183.08,38.67,-3.61,-1.11,8.71,-0.27,-1.18,-0.38,2.53,-0.11,9.51,-0.36,-0.39,-0.16
5183.10,37.63,-3.64,-1.49,8.64,-0.27,-1.10,-0.46,2.32,-0.35,9.57,-0.35,-0.47,-0.19
5183.12,37.17,-3.72,-1.62,8.78,-0.25,-1.07,-0.49,2.37,-0.26,9.52,-0.33,-0.52,-0.18
5183.13,36.76,-3.60,-1.47,8.89,-0.22,-1.06,-0.49,2.53,-0.14,9.48,-0.31,-0.57,-0.17
5183.14,36.39,-3.37,-1.28,8.95,-0.22,-1.06,-0.49,2.70,-0.03,9.41,-0.29,-0.63,-0.16
5183.16,36.17,-3.27,-1.23,9.03,-0.24,-1.05,-0.48,2.88,-0.00,9.37,-0.27,-0.68,-0.14
5183.17,35.99,-3.14,-1.26,9.06,-0.25,-1.05,-0.47,3.02,0.02,9.34,-0.26,-0.72,-0.14
5183.18,35.85,-2.99,-1.29,9.12,-0.27,-1.06,-0.45,3.19,0.00,9.33,-0.25,-0.76,-0.13
5183.19,35.69,-2.62,-1.54,9.32,-0.30,-1.06,-0.45,3.59,-0.11,9.37,-0.22,-0.82,-0.12
5183.21,35.60,-2.34,-1.55,9.58,-0.29,-1.08,-0.48,3.96,0.01,9.28,-0.21,-0.88,-0.14
5183.23,35.40,-1.98,-1.43,9.87,-0.28,-1.10,-0.55,4.30,0.25,9.26,-0.22,-0.94,-0.20
5183.25,35.48,-2.11,-1.35,10.17,-0.24,-1.11,-0.63,4.32,0.52,9.49,-0.23,-0.99,-0.28
5183.26,35.38,-2.47,-1.18,10.36,-0.19,-1.12,-0.70,4.17,0.73,9.74,-0.24,-1.04,-0.33
5183.27,35.42,-2.84,-1.04,10.46,-0.14,-1.13,-0.75,3.79,0.98,10.15,-0.24,-1.12,-0.40
5183.28,35.49,-3.16,-1.09,10.66,-0.08,-1.13,-0.83,3.58,1.01,10.56,-0.23,-1.21,-0.46
5183.30,35.65,-3.54,-1.33,10.91,-0.01,-1.12,-0.93,3.39,0.94,10.97,-0.23,-1.31,-0.56
5183.31,35.79,-4.00,-1.51,11.08,0.06,-1.09,-1.02,3.10,0.83,11.41,-0.22,-1.41,-0.67
5183.32,36.35,-5.42,-1.93,11.51,0.18,-1.00,-1.17,2.25,0.63,12.74,-0.20,-1.61,-0.89
5183.35,36.98,-6.86,-1.92,11.85,0.25,-0.89,-1.20,1.19,1.01,13.92,-0.16,-1.77,-0.94
5183.36,37.63,-8.10,-1.32,11.61,0.33,-0.74,-1.10,-0.21,1.74,14.63,-0.08,-1.91,-0.93
5183.38,38.28,-8.95,-0.69,11.40,0.41,-0.57,-0.99,-1.49,2.53,15.00,-0.01,-2.03,-0.86
5183.39,39.23,-9.71,-0.08,11.13,0.49,-0.36,-0.88,-2.56,2.97,15.54,0.09,-2.15,-0.71
5183.40,40.02,-10.43,0.17,10.53,0.57,-0.10,-0.84,-3.35,2.87,16.36,0.25,-2.30,-0.49
5183.41,41.53,-10.84,0.23,9.82,0.60,0.18,-0.82,-3.88,3.09,17.23,0.41,-2.44,-0.26
5183.43,44.02,-11.19,-0.02,9.23,0.55,0.61,-0.73,-4.44,1.84,18.32,0.77,-2.56,-0.05
5183.44,45.85,-11.41,-1.01,9.06,0.38,0.91,-0.40,-4.58,0.95,18.27,0.98,-2.61,0.28
5183.45,47.74,-11.10,-1.54,9.49,0.24,1.13,0.05,-2.85,0.96,17.84,1.12,-2.64,0.74
5183.47,49.99,-9.76,-1.53,10.29,0.18,1.34,0.48,0.17,1.32,16.52,1.24,-2.57,1.15
5183.48,52.36,-7.88,-0.99,11.52,0.12,1.49,0.86,3.66,1.31,13.95,1.32,-2.32,1.39
5183.49,54.46,-6.10,-0.57,13.29,-0.08,1.55,1.17,6.81,0.35,10.98,1.36,-1.94,1.65
5183.50,56.78,-4.51,-1.18,15.08,-0.23,1.58,1.30,8.90,0.03,8.69,1.22,-1.57,1.82
5183.51,60.76,-2.93,-1.84,17.15,-0.18,1.49,1.40,12.22,-0.09,7.33,0.85,-1.05,1.77
5183.53,62.07,-0.55,-1.80,17.51,-0.07,1.45,1.41,13.18,-0.37,6.78,0.61,-0.68,1.65
5183.54,63.60,1.71,-1.61,16.29,0.07,1.67,1.30,12.73,-0.48,5.96,0.39,-0.18,1.28
5183.56,64.42,2.74,-1.59,14.88,0.16,1.95,1.18,12.06,-0.45,5.30,0.25,0.27,0.96
5183.57,65.31,3.58,-1.43,13.32,0.27,2.40,0.85,11.51,-0.83,4.46,0.20,0.99,0.53
5183.59,65.38,3.43,-1.57,12.53,0.31,2.70,0.58,11.45,-1.37,3.76,0.19,1.46,0.21
5183.60,65.85,3.27,-1.82,11.83,0.32,2.95,0.28,11.53,-1.92,3.12,0.15,1.93,-0.18
5183.61,66.06,3.06,-2.41,11.21,0.31,3.12,-0.04,11.50,-2.33,2.72,0.07,2.42,-0.61
5183.62,66.06,2.76,-2.98,10.69,0.34,3.23,-0.34,11.05,-2.62,2.53,-0.00,2.89,-1.00
5183.64,65.96,2.53,-3.22,10.05,0.35,3.30,-0.57,10.33,-2.75,2.32,-0.03,3.33,-1.31
5183.65,65.46,2.26,-3.58,9.19,0.34,3.38,-0.68,9.50,-2.77,1.68,-0.00,3.91,-1.55
5183.67,64.99,1.97,-3.51,8.57,0.38,3.35,-0.59,9.30,-2.75,0.82,0.04,4.35,-1.56
5183.68,64.32,2.07,-3.07,7.96,0.36,3.19,-0.34,9.24,-2.78,-0.20,0.08,4.82,-1.48
5183.70,63.25,2.57,-2.45,7.51,0.26,2.82,-0.06,9.42,-2.65,-0.96,0.09,5.25,-1.27
5183.72,62.13,2.72,-1.95,7.09,0.17,2.51,0.06,9.99,-2.32,-1.17,0.05,5.49,-1.16
5183.73,59.55,3.12,-1.34,6.20,0.02,2.02,0.06,11.31,-1.77,-1.45,-0.11,5.79,-1.26
5183.75,57.34,3.76,-1.39,5.75,-0.07,1.65,-0.05,11.90,-1.24,-1.99,-0.31,5.91,-1.66
5183.76,54.67,4.46,-1.53,5.51,-0.06,1.22,-0.14,10.75,-0.75,-2.34,-0.63,5.95,-2.31
5183.77,50.82,5.41,-0.98,5.57,0.11,0.61,0.00,7.39,-0.61,-1.14,-1.09,5.95,-3.02
5183.79,45.27,5.90,0.64,5.84,0.36,0.42,0.05,4.94,-0.74,2.38,-1.40,5.72,-3.34
5183.80,37.88,1.83,3.01,5.43,0.44,0.86,-0.72,0.51,-2.19,5.97,-1.59,5.30,-3.50
5183.82,35.25,-6.47,3.78,3.63,-0.07,1.37,-1.64,-6.30,-3.24,9.50,-1.61,4.76,-3.23
5183.83,31.76,-22.98,-3.08,1.34,-1.25,1.61,-2.13,-14.12,-2.50,14.82,-1.25,3.21,-1.93
5183.85,31.40,-25.60,-6.97,3.71,-0.57,1.46,-1.22,-14.26,-0.93,14.92,-0.80,2.10,-1.04
5183.86,31.89,-21.44,-1.13,4.34,-0.22,1.38,-0.32,-10.74,0.25,13.05,-0.43,0.73,0.33
5183.88,33.70,-16.39,-0.13,4.98,-0.48,0.89,0.39,-3.98,1.60,9.81,-0.10,-0.43,1.20
5183.89,37.66,-8.19,-0.53,8.46,-0.00,-0.39,1.49,2.37,4.83,9.27,-0.04,-1.06,1.17
5183.91,37.62,-6.23,3.65,12.52,0.39,-0.72,1.41,-0.88,6.01,14.11,0.30,-0.93,1.00
5183.93,38.05,-11.64,5.76,12.31,0.27,-0.59,1.38,0.32,3.85,15.36,0.62,-1.64,1.95
5183.95,39.36,-7.14,1.20,11.71,-0.23,-0.74,1.41,3.50,-0.14,13.58,0.70,-2.06,2.62
5183.97,40.38,0.78,-3.46,11.41,-0.66,-0.99,1.08,7.92,-2.19,9.92,0.49,-2.19,2.55
5183.99,40.54,4.47,-5.18,12.53,-0.66,-0.99,0.33,10.34,-3.14,7.29,0.23,-2.19,2.06
5184.00,41.34,4.73,-5.85,13.14,-0.42,-0.78,-0.50,12.17,-3.40,5.96,0.05,-2.17,0.98
5184.01,43.01,3.14,-4.92,11.57,-0.19,-0.77,-0.97,13.42,-3.34,6.12,-0.16,-2.04,-0.38
5184.03,45.31,-1.84,-2.46,10.93,-0.34,-1.02,-1.17,10.47,-1.19,8.50,-0.18,-1.93,-0.84
5184.04,46.88,-4.78,-2.19,12.25,-0.39,-1.24,-0.85,7.90,0.49,10.00,-0.15,-1.79,-0.84
5184.06,47.60,-4.45,-1.18,12.50,-0.30,-1.48,-0.38,5.72,1.16,9.94,-0.05,-1.65,-0.38
5184.07,47.58,-1.66,-0.18,10.77,-0.31,-1.65,0.17,5.45,1.04,8.13,0.09,-1.38,0.51
5184.09,47.13,-0.65,-0.02,10.09,-0.37,-1.65,0.33,6.61,1.01,7.57,0.15,-1.22,0.82
5184.10,46.47,-0.44,-0.37,10.74,-0.42,-1.64,0.33,8.07,0.97,7.59,0.11,-1.10,0.81
5184.11,46.70,-0.39,-1.25,11.75,-0.40,-1.63,0.22,8.83,0.80,7.66,0.03,-1.03,0.53
5184.12,46.16,-0.45,-1.79,11.73,-0.30,-1.64,0.07,8.50,0.38,8.01,-0.07,-0.98,0.17
5184.13,45.82,-0.67,-1.90,11.06,-0.23,-1.65,-0.13,7.51,-0.10,8.59,-0.17,-0.94,-0.12
5184.15,45.41,-1.39,-2.16,10.59,-0.19,-1.65,-0.32,6.34,-0.37,9.17,-0.25,-0.88,-0.30
5184.16,44.68,-2.42,-2.27,10.40,-0.14,-1.65,-0.45,5.16,-0.35,9.63,-0.29,-0.80,-0.38
5184.17,43.85,-3.58,-1.97,10.00,-0.10,-1.65,-0.47,4.06,-0.12,9.84,-0.30,-0.70,-0.34
5184.19,43.21,-4.12,-1.60,9.54,-0.09,-1.66,-0.37,3.61,0.06,9.81,-0.27,-0.63,-0.22
5184.20,42.27,-3.95,-1.11,9.12,-0.12,-1.66,-0.17,3.50,0.35,9.55,-0.22,-0.58,-0.03
5184.22,41.49,-3.60,-0.86,9.10,-0.13,-1.65,-0.11,3.57,0.48,9.36,-0.20,-0.58,0.00
5184.23,40.81,-3.45,-0.77,9.08,-0.13,-1.61,-0.10,3.35,0.39,9.33,-0.19,-0.59,-0.03
5184.24,39.88,-3.49,-0.88,8.81,-0.13,-1.55,-0.19,2.53,0.12,9.65,-0.18,-0.64,-0.10
5184.26,38.89,-3.61,-1.02,8.72,-0.14,-1.49,-0.28,2.12,-0.00,9.80,-0.18,-0.68,-0.15
5184.27,37.99,-3.83,-1.23,8.54,-0.14,-1.41,-0.36,1.72,-0.14,9.82,-0.18,-0.73,-0.20
5184.28,37.62,-3.94,-1.32,8.48,-0.14,-1.34,-0.42,1.56,-0.20,9.75,-0.17,-0.77,-0.23
5184.30,37.12,-4.13,-1.38,8.49,-0.13,-1.28,-0.46,1.49,-0.18,9.70,-0.16,-0.82,-0.24
5184.31,36.59,-4.24,-1.39,8.46,-0.12,-1.23,-0.46,1.52,-0.07,9.62,-0.13,-0.88,-0.23
5184.33,36.33,-4.12,-1.33,8.46,-0.12,-1.20,-0.44,1.63,-0.02,9.49,-0.12,-0.93,-0.22
5184.34,36.11,-3.83,-1.55,8.50,-0.13,-1.17,-0.42,1.96,-0.09,9.34,-0.08,-0.98,-0.20
5184.35,35.91,-3.83,-1.56,8.60,-0.11,-1.15,-0.40,2.18,-0.09,9.26,-0.06,-1.03,-0.20
5184.37,35.99,-3.75,-1.45,8.69,-0.10,-1.15,-0.40,2.43,-0.00,9.36,-0.06,-1.09,-0.21
5184.38,36.13,-3.40,-1.33,9.01,-0.09,-1.16,-0.46,2.83,0.15,9.51,-0.06,-1.16,-0.27
5184.40,36.17,-3.20,-1.28,9.35,-0.05,-1.17,-0.56,3.03,0.32,9.66,-0.07,-1.23,-0.36
5184.41,36.30,-3.38,-1.13,9.70,0.03,-1.19,-0.76,3.04,0.67,9.92,-0.11,-1.34,-0.57
5184.43,36.53,-4.03,-0.99,9.75,0.12,-1.19,-0.93,2.49,0.91,10.32,-0.15,-1.46,-0.74
5184.45,36.77,-4.70,-0.97,9.51,0.20,-1.18,-1.02,1.71,1.10,10.58,-0.14,-1.56,-0.83
5184.46,37.15,-5.11,-0.90,9.47,0.29,-1.13,-1.06,1.13,1.21,10.82,-0.08,-1.66,-0.84
5184.48,37.33,-5.37,-0.99,9.39,0.35,-1.07,-1.05,1.02,1.22,10.98,-0.02,-1.75,-0.80
5184.49,38.16,-5.71,-1.42,9.58,0.44,-0.98,-1.02,1.16,0.85,11.49,0.07,-1.89,-0.74
5184.51,38.85,-6.40,-1.78,9.78,0.49,-0.92,-1.00,0.95,0.78,12.04,0.13,-1.99,-0.74
5184.52,39.65,-7.39,-1.81,9.81,0.54,-0.86,-0.91,0.47,1.00,12.70,0.20,-2.10,-0.72
5184.53,40.76,-8.34,-1.27,9.91,0.61,-0.75,-0.77,-0.44,1.82,13.58,0.31,-2.23,-0.62
5184.55,42.52,-10.02,-0.61,9.77,0.73,-0.54,-0.68,-1.04,1.90,14.82,0.52,-2.47,-0.23
5184.57,44.46,-11.01,-0.19,9.21,0.71,-0.33,-0.63,-1.96,2.35,16.26,0.70,-2.69,-0.09
5184.59,46.52,-11.26,-0.10,9.13,0.62,-0.04,-0.49,-2.91,1.94,18.22,0.93,-2.81,-0.02
5184.60,47.97,-10.90,-1.23,9.23,0.42,0.34,-0.07,-4.15,0.13,19.28,1.16,-2.79,0.15
5184.61,49.76,-10.76,-2.18,9.59,0.18,0.75,0.42,-3.44,-0.50,19.07,1.31,-2.74,0.58
5184.62,51.56,-9.98,-3.03,10.22,0.05,1.07,0.92,-1.50,0.29,18.45,1.40,-2.69,0.96
5184.63,53.67,-8.77,-2.97,11.21,0.00,1.34,1.47,2.54,0.46,16.07,1.59,-2.47,1.23
5184.65,56.16,-6.74,-2.56,13.16,-0.20,1.51,1.76,5.86,-1.33,12.03,1.87,-1.93,1.53
5184.66,58.14,-4.93,-2.66,14.92,-0.38,1.53,1.86,8.00,-2.07,9.13,1.81,-1.52,2.01
5184.67,60.16,-3.28,-2.42,16.79,-0.50,1.40,1.79,10.75,-1.73,7.35,1.51,-1.24,2.35
5184.69,62.89,-0.20,-3.03,18.44,-0.42,1.29,1.66,14.09,-0.75,6.15,0.99,-0.80,1.93
5184.71,64.81,2.80,-1.98,16.89,0.01,1.46,1.52,14.36,-0.12,4.41,0.58,-0.21,1.32
5184.73,66.27,3.82,-1.10,14.47,0.19,1.71,1.21,13.38,0.27,3.50,0.38,0.28,0.85
5184.74,66.36,4.19,-1.03,13.27,0.27,1.93,0.92,12.66,-0.27,3.23,0.37,0.71,0.46
5184.75,66.63,4.04,-1.20,12.41,0.35,2.13,0.58,12.01,-0.94,2.94,0.44,1.16,0.15
5184.76,66.94,3.71,-1.47,11.41,0.38,2.42,0.12,11.24,-1.58,2.35,0.52,1.72,-0.18
5184.78,66.85,2.94,-1.78,10.45,0.37,2.56,-0.09,10.49,-2.01,1.64,0.51,2.27,-0.47
5184.79,66.94,2.26,-1.88,9.64,0.30,2.66,-0.24,9.94,-2.19,1.31,0.44,2.79,-0.68
5184.81,66.88,1.89,-2.06,9.18,0.22,2.68,-0.23,9.61,-2.24,1.32,0.39,3.18,-0.77
5184.82,66.69,1.40,-2.26,8.86,0.13,2.66,-0.13,9.24,-2.22,1.26,0.38,3.54,-0.77
5184.83,66.11,1.03,-2.17,8.42,-0.01,2.58,0.10,8.91,-2.15,0.93,0.41,3.98,-0.73
5184.85,65.65,0.93,-2.11,8.11,-0.19,2.40,0.28,9.11,-2.00,0.51,0.47,4.29,-0.73
5184.86,64.83,1.26,-2.28,8.02,-0.34,2.10,0.51,9.38,-1.84,0.21,0.53,4.53,-0.77
5184.88,63.63,1.85,-2.51,7.95,-0.37,1.83,0.72,9.37,-1.47,-0.06,0.65,4.84,-0.80
5184.89,62.04,2.44,-2.52,7.73,-0.29,1.57,0.94,9.15,-0.94,-0.09,0.77,5.11,-0.74
5184.90,60.12,2.68,-1.96,7.27,-0.12,1.36,1.10,8.76,-0.23,0.29,0.89,5.35,-0.59
5184.92,56.28,2.18,-0.37,6.51,0.07,1.10,1.39,7.34,0.84,1.84,0.93,5.54,-0.50
5184.93,52.51,1.18,1.10,6.35,0.17,0.91,1.76,5.81,1.64,3.46,0.86,5.43,-0.34
5184.95,47.97,-0.43,3.28,6.50,0.26,0.84,1.97,4.72,2.39,5.08,0.85,5.14,-0.13
5184.96,46.30,-3.37,4.95,6.68,0.14,0.83,2.01,3.80,2.96,6.69,0.79,4.79,-0.03
5184.98,42.98,-9.65,4.65,7.16,-0.58,0.75,1.91,1.39,2.62,9.47,0.51,3.86,0.01
5185.00,42.26,-9.54,1.54,6.74,-0.71,0.64,1.54,0.81,1.95,8.81,0.23,3.09,-0.07
5185.01,42.27,-8.71,-0.59,6.97,-0.35,0.46,0.93,-0.16,1.42,8.61,-0.04,2.18,-0.28
5185.02,41.07,-8.52,-0.50,7.79,0.17,0.25,0.13,-0.78,1.55,10.14,-0.28,1.00,-0.51
5185.03,41.21,-9.69,0.58,8.85,0.32,0.14,-0.22,-2.58,2.33,12.14,-0.44,0.13,-0.55
5185.05,40.83,-12.14,1.96,9.88,0.26,0.19,-0.22,-5.19,0.80,15.96,-0.48,-0.69,-0.11
5185.06,41.83,-14.93,2.10,10.29,-0.29,0.21,-0.01,-2.79,1.90,18.55,-0.29,-1.15,0.81
5185.07,43.12,-14.51,0.32,11.51,-0.62,-0.13,0.40,0.72,1.76,15.55,0.06,-1.31,1.75
5185.08,44.88,-9.34,-1.08,10.89,-0.71,-0.69,1.25,4.85,0.97,11.10,0.37,-1.35,2.58
5185.09,45.38,-1.50,-1.68,9.97,-0.84,-1.08,1.94,7.64,0.19,6.87,0.41,-1.29,2.89
5185.11,45.50,4.12,-0.28,9.70,-0.93,-1.25,1.77,11.82,-0.74,4.28,0.35,-1.32,2.77
5185.12,46.51,6.77,-1.53,11.04,-1.06,-1.22,1.27,14.51,-0.89,4.11,0.23,-1.33,2.08
5185.13,46.51,6.26,-2.30,13.75,-0.99,-1.12,0.78,14.55,0.08,5.95,0.15,-1.30,1.23
5185.14,45.90,4.28,-1.75,15.58,-0.71,-0.99,0.35,13.40,1.05,7.65,0.05,-1.26,0.67
5185.15,46.01,2.63,-0.20,14.77,-0.50,-0.93,0.03,10.87,2.15,8.85,-0.16,-1.14,0.09
5185.17,45.92,0.26,1.38,12.07,-0.41,-0.98,-0.19,7.89,2.46,8.56,-0.31,-0.95,-0.04
5185.19,46.13,-1.83,1.41,10.30,-0.46,-1.10,-0.18,6.15,2.39,8.36,-0.31,-0.85,0.18
5185.20,45.91,-2.67,1.03,9.88,-0.52,-1.19,-0.01,5.36,2.09,8.26,-0.28,-0.75,0.30
5185.21,45.53,-2.74,0.18,9.97,-0.56,-1.28,0.12,4.88,1.54,9.10,-0.28,-0.63,0.34
5185.24,44.61,-2.46,-0.37,10.01,-0.55,-1.27,0.06,4.44,1.09,9.53,-0.34,-0.57,0.28
5185.25,43.93,-2.68,-0.67,9.91,-0.55,-1.24,-0.03,4.32,0.79,9.47,-0.37,-0.54,0.17
5185.27,43.32,-3.28,-0.94,9.79,-0.53,-1.22,-0.12,3.86,0.66,9.45,-0.39,-0.51,0.02
5185.28,42.75,-4.01,-0.92,9.58,-0.49,-1.22,-0.12,2.88,0.67,9.72,-0.39,-0.50,-0.03
5185.29,41.95,-4.23,-0.62,9.24,-0.47,-1.20,-0.10,2.32,0.76,9.94,-0.36,-0.49,0.02
5185.30,41.15,-4.31,-0.35,8.95,-0.48,-1.19,-0.06,2.16,0.87,9.97,-0.32,-0.48,0.12
5185.32,40.79,-4.31,-0.35,8.98,-0.51,-1.18,-0.01,2.31,1.00,9.83,-0.31,-0.48,0.16
5185.33,40.29,-4.30,-0.45,8.97,-0.53,-1.17,0.03,2.26,0.96,9.68,-0.28,-0.48,0.16
5185.34,39.82,-4.37,-0.60,8.92,-0.54,-1.14,0.08,2.02,0.81,9.67,-0.25,-0.50,0.16
5185.36,39.24,-4.51,-0.82,8.83,-0.54,-1.11,0.13,1.68,0.64,9.82,-0.21,-0.54,0.19
5185.37,38.80,-4.45,-0.87,8.72,-0.54,-1.08,0.18,1.63,0.53,9.92,-0.18,-0.57,0.22
5185.38,38.18,-4.24,-0.97,8.82,-0.55,-1.05,0.20,1.73,0.50,9.92,-0.16,-0.59,0.25
5185.40,37.77,-4.10,-0.96,8.91,-0.54,-1.02,0.19,1.75,0.54,9.86,-0.14,-0.62,0.25
5185.41,37.30,-4.11,-1.08,8.91,-0.51,-1.01,0.16,1.82,0.55,9.68,-0.12,-0.69,0.22
5185.43,37.12,-4.19,-1.09,8.94,-0.48,-0.99,0.14,1.68,0.60,9.65,-0.10,-0.76,0.18
5185.44,36.92,-4.55,-1.05,8.86,-0.46,-0.96,0.15,1.46,0.53,9.84,-0.08,-0.83,0.17
5185.45,36.74,-4.84,-1.06,8.74,-0.47,-0.94,0.20,1.28,0.71,9.91,-0.06,-0.89,0.20
5185.47,36.81,-5.26,-0.89,8.57,-0.48,-0.94,0.32,1.02,0.82,9.87,-0.04,-0.96,0.26
5185.48,37.13,-5.61,-0.74,8.43,-0.52,-0.93,0.48,0.69,1.02,9.84,-0.01,-1.04,0.33
5185.50,37.17,-5.76,-0.54,8.48,-0.53,-0.93,0.64,0.63,1.34,9.90,0.02,-1.11,0.41
5185.51,37.51,-5.74,-0.22,8.81,-0.54,-0.90,0.80,0.67,1.80,10.15,0.04,-1.17,0.48
5185.52,37.59,-6.01,0.13,9.20,-0.52,-0.86,0.94,0.50,2.37,10.58,0.04,-1.24,0.52
5185.53,37.95,-6.53,0.77,9.27,-0.48,-0.85,1.05,-0.10,2.76,11.10,0.05,-1.33,0.56
5185.54,38.18,-7.13,1.17,9.10,-0.46,-0.81,1.15,-1.05,2.78,11.54,0.07,-1.44,0.61
5185.56,38.44,-7.87,1.09,8.76,-0.40,-0.72,1.22,-2.04,2.41,11.96,0.14,-1.57,0.68
5185.57,38.65,-8.65,0.82,8.16,-0.29,-0.53,1.21,-2.81,1.75,12.64,0.26,-1.74,0.70
5185.58,39.91,-9.13,0.14,8.16,-0.15,-0.30,1.08,-2.44,1.08,14.28,0.48,-1.96,0.64
5185.60,41.18,-9.26,-0.15,9.07,-0.00,0.02,0.84,-1.23,1.23,16.17,0.61,-2.12,0.52
5185.61,42.77,-9.31,-0.60,10.02,0.12,0.48,0.67,-0.83,1.19,17.39,0.68,-2.26,0.39
5185.62,44.97,-9.13,-1.90,10.42,0.18,0.83,0.71,-0.82,-0.04,17.60,0.83,-2.37,0.48
5185.63,46.93,-8.80,-3.47,10.30,0.13,1.07,0.86,0.42,-2.06,16.98,1.08,-2.36,0.89
5185.65,49.13,-8.26,-5.30,10.18,-0.02,1.23,1.11,1.57,-3.77,15.56,1.43,-2.24,1.42
5185.66,51.57,-7.01,-7.51,10.41,-0.27,1.24,1.57,3.34,-6.10,13.35,1.94,-2.02,2.16
5185.67,53.95,-5.76,-9.66,11.25,-0.57,1.10,2.13,5.35,-8.28,10.92,2.48,-1.73,2.97
5185.69,56.95,-2.86,-11.22,12.51,-0.89,0.90,2.64,8.30,-9.91,8.27,2.98,-1.30,3.42
5185.71,58.18,-0.84,-11.76,12.74,-1.05,0.79,2.83,9.48,-9.92,6.34,3.24,-0.97,3.56
5185.72,59.94,0.53,-11.35,12.68,-1.04,0.73,2.98,10.97,-9.36,4.81,3.35,-0.71,3.45
5185.73,60.58,1.23,-9.76,12.24,-1.04,0.76,3.12,12.49,-8.56,3.39,3.37,-0.46,3.12
5185.75,61.90,1.37,-8.52,11.42,-1.12,0.74,3.28,13.33,-7.76,2.38,3.37,-0.24,2.59
5185.76,63.04,2.15,-7.42,10.92,-1.20,0.65,3.38,13.07,-6.74,1.59,3.38,-0.02,2.00
5185.77,64.39,3.20,-6.59,10.38,-1.24,0.51,3.29,11.87,-5.13,1.27,3.38,0.34,1.33
5185.78,63.91,3.49,-5.87,9.94,-1.16,0.44,3.25,10.65,-4.24,1.40,3.42,0.73,0.84
5185.80,63.41,3.08,-4.92,9.71,-1.10,0.40,3.34,9.18,-3.65,1.72,3.52,1.35,0.78
5185.81,62.37,2.47,-4.68,9.88,-1.10,0.38,3.49,7.48,-3.30,1.82,3.64,2.03,1.21
5185.83,60.87,1.83,-4.53,9.73,-1.07,0.37,3.84,6.09,-3.04,1.88,3.79,2.62,2.06
5185.84,59.35,1.69,-3.97,9.37,-1.01,0.34,4.26,5.82,-3.04,2.29,3.95,2.98,2.86
5185.85,56.58,1.94,-3.42,8.92,-1.01,0.34,4.79,6.41,-3.29,3.05,4.14,3.30,3.80
5185.87,53.96,1.77,-3.33,8.75,-1.07,0.29,5.18,7.44,-3.42,3.86,4.30,3.51,4.63
5185.89,50.70,0.66,-3.02,8.97,-1.16,0.16,5.40,8.95,-3.38,5.10,4.36,3.67,4.78
5185.90,48.09,-0.67,-2.17,9.18,-1.29,0.10,5.63,9.59,-2.45,5.89,4.14,3.64,4.65
5185.92,46.78,-1.37,-1.18,9.36,-1.37,0.11,5.77,9.26,-1.50,5.56,3.91,3.51,4.47
5185.94,45.50,-1.44,0.34,9.83,-1.44,0.07,5.88,9.29,0.05,4.94,3.52,3.18,4.30
5185.95,44.72,-0.64,1.05,9.96,-1.47,-0.04,5.77,10.08,0.63,5.03,3.11,2.86,3.91
5185.96,43.97,0.24,1.06,9.80,-1.48,-0.16,5.41,10.14,0.62,5.40,2.72,2.63,3.30
5185.98,42.32,1.32,0.00,9.93,-1.45,-0.36,4.46,8.64,0.25,6.06,2.08,2.36,2.63
5185.99,40.58,1.27,-0.95,10.14,-1.27,-0.37,3.72,6.83,-0.16,7.01,1.72,2.20,2.28
5186.01,38.68,0.28,-1.05,10.08,-1.07,-0.26,2.98,5.19,-0.64,8.11,1.43,2.02,2.12
5186.02,36.81,-1.97,-0.39,9.47,-0.98,-0.12,2.52,3.99,-0.80,8.75,1.07,1.77,2.15
5186.03,36.59,-4.19,-1.13,8.37,-1.08,-0.02,2.12,4.24,-0.94,8.29,0.78,1.32,2.18
5186.05,37.47,-3.97,-2.03,8.63,-1.07,-0.11,1.88,7.02,-0.25,8.20,0.42,0.71,2.04
5186.06,38.77,-2.17,-1.60,10.23,-0.98,-0.34,1.74,10.29,1.45,7.56,0.13,0.38,1.57
5186.07,39.39,0.20,-0.85,13.43,-0.83,-0.68,1.47,10.12,2.63,7.12,-0.10,0.33,0.62
5186.09,39.64,-0.10,0.36,14.11,-0.54,-0.72,1.18,7.46,2.75,8.20,-0.07,0.30,0.29
5186.10,39.14,-1.34,1.79,12.41,-0.43,-0.65,1.06,5.12,3.11,9.62,0.02,0.23,0.41
5186.11,38.65,-2.36,2.12,10.45,-0.53,-0.59,1.12,4.55,3.02,10.08,0.08,0.18,0.87
5186.13,38.38,-2.97,1.26,10.08,-0.74,-0.62,1.21,4.97,2.38,9.56,0.10,0.19,1.05
5186.14,38.38,-2.54,0.32,10.72,-0.79,-0.65,1.24,5.28,2.04,8.87,0.09,0.19,1.07
5186.16,38.31,-1.96,-0.02,10.72,-0.74,-0.65,1.21,5.32,1.90,8.54,0.06,0.20,0.96
5186.17,38.08,-1.72,0.33,10.13,-0.68,-0.64,1.07,4.81,1.95,8.55,0.01,0.19,0.70
5186.19,37.66,-2.45,0.53,9.30,-0.64,-0.59,0.89,3.30,1.95,9.01,-0.06,0.13,0.57
5186.20,36.99,-3.30,0.44,8.91,-0.57,-0.49,0.76,2.08,1.94,9.45,-0.09,0.08,0.53
5186.22,36.65,-4.03,0.32,8.84,-0.52,-0.42,0.69,1.22,1.76,9.81,-0.06,0.02,0.61
5186.23,36.44,-4.61,0.06,8.73,-0.49,-0.38,0.69,1.21,1.46,9.87,-0.03,-0.01,0.69
5186.24,36.41,-4.64,-0.21,8.69,-0.48,-0.36,0.73,1.57,1.06,9.87,0.01,-0.06,0.75
5186.26,36.55,-4.00,-0.77,8.97,-0.49,-0.36,0.76,2.57,0.52,9.73,0.04,-0.12,0.76
5186.27,36.63,-3.29,-1.00,9.32,-0.48,-0.36,0.71,3.26,0.36,9.57,0.04,-0.16,0.69
5186.29,36.82,-2.41,-1.03,9.80,-0.46,-0.36,0.62,4.06,0.43,9.33,0.02,-0.20,0.57
5186.30,36.91,-1.89,-0.94,10.05,-0.42,-0.37,0.50,4.58,0.69,9.18,-0.00,-0.22,0.45
5186.31,37.06,-1.70,-0.94,10.22,-0.37,-0.38,0.39,4.69,0.84,9.15,-0.02,-0.24,0.36
5186.32,37.22,-2.20,-0.94,10.23,-0.34,-0.39,0.35,4.35,0.87,9.29,-0.01,-0.25,0.30
5186.34,37.58,-3.02,-0.91,9.70,-0.33,-0.45,0.51,3.83,0.68,9.46,0.07,-0.24,0.43
5186.36,37.71,-2.38,-0.88,9.88,-0.35,-0.49,0.63,4.37,0.66,9.27,0.12,-0.21,0.54
5186.37,37.72,-1.58,-0.84,10.19,-0.34,-0.52,0.61,5.15,0.78,8.99,0.11,-0.21,0.52
5186.38,37.87,-0.88,-0.77,10.42,-0.29,-0.56,0.51,5.77,0.96,8.65,0.08,-0.22,0.38
5186.40,37.71,-0.51,-0.67,10.50,-0.24,-0.58,0.35,5.80,1.00,8.54,0.03,-0.25,0.18
5186.41,37.70,-0.94,-0.73,10.37,-0.21,-0.58,0.21,5.43,0.94,8.64,0.01,-0.27,0.02
5186.42,37.67,-1.43,-0.68,10.17,-0.17,-0.58,0.13,4.71,0.80,9.01,0.01,-0.29,-0.05
5186.44,37.53,-1.32,-0.70,10.24,-0.15,-0.60,0.02,4.82,0.93,8.95,0.01,-0.28,-0.07
5186.46,37.37,-1.35,-0.73,10.22,-0.13,-0.60,-0.08,4.79,0.97,8.87,0.00,-0.29,-0.14
5186.47,37.37,-1.82,-0.84,10.16,-0.09,-0.61,-0.13,4.47,0.91,8.91,0.00,-0.32,-0.21
5186.48,37.36,-1.99,-0.80,9.93,-0.06,-0.62,-0.17,4.11,0.78,9.07,0.02,-0.35,-0.25
5186.50,37.25,-2.35,-1.10,9.95,-0.05,-0.60,-0.20,3.71,0.63,9.40,0.05,-0.38,-0.27
5186.52,37.26,-2.80,-1.27,9.80,-0.03,-0.60,-0.21,3.40,0.54,9.52,0.09,-0.41,-0.27
5186.53,37.21,-2.92,-1.28,9.66,-0.01,-0.60,-0.17,3.15,0.61,9.47,0.12,-0.45,-0.26
5186.55,37.33,-3.23,-1.27,9.59,0.02,-0.60,-0.08,2.92,0.73,9.58,0.19,-0.49,-0.21
5186.56,37.37,-3.20,-1.21,9.58,0.03,-0.61,0.01,2.98,0.79,9.65,0.24,-0.52,-0.11
5186.58,37.41,-2.84,-1.10,9.68,0.04,-0.63,0.14,3.32,0.97,9.52,0.31,-0.54,-0.05
5186.59,37.44,-2.52,-1.06,9.74,0.06,-0.65,0.20,3.62,1.08,9.34,0.36,-0.57,-0.00
5186.60,37.47,-2.15,-1.07,9.86,0.09,-0.68,0.26,3.96,1.16,9.17,0.42,-0.60,0.01
5186.62,37.50,-1.92,-1.14,10.01,0.15,-0.69,0.29,4.15,1.21,9.21,0.49,-0.64,0.00
5186.64,37.58,-2.00,-1.16,9.98,0.19,-0.71,0.30,4.08,1.18,9.24,0.53,-0.67,-0.00
5186.65,37.58,-2.08,-1.16,9.92,0.24,-0.71,0.30,3.93,1.13,9.27,0.55,-0.69,-0.01
5186.66,37.64,-2.28,-1.31,9.88,0.28,-0.71,0.29,3.73,1.04,9.39,0.58,-0.72,-0.03
5186.68,37.70,-2.58,-1.39,9.89,0.32,-0.70,0.30,3.52,0.98,9.59,0.61,-0.75,-0.04
5186.69,37.79,-3.02,-1.39,10.10,0.37,-0.68,0.31,3.21,0.97,10.02,0.66,-0.79,-0.04
5186.70,38.00,-3.62,-1.34,10.27,0.42,-0.65,0.35,2.95,1.06,10.54,0.72,-0.84,-0.02
5186.72,38.14,-4.05,-1.21,10.35,0.45,-0.63,0.40,2.75,1.23,10.87,0.77,-0.89,0.01
5186.73,38.41,-4.42,-1.04,10.43,0.49,-0.60,0.45,2.59,1.41,11.13,0.81,-0.95,0.03
5186.74,38.82,-4.68,-0.88,10.55,0.52,-0.55,0.53,2.49,1.55,11.42,0.85,-1.03,0.05
5186.75,39.24,-4.89,-0.76,10.92,0.54,-0.49,0.62,2.40,1.64,11.91,0.91,-1.12,0.11
5186.77,39.69,-4.91,-0.71,11.27,0.56,-0.43,0.69,2.34,1.55,12.40,0.98,-1.17,0.20
5186.78,40.16,-5.51,-0.69,11.39,0.57,-0.31,0.73,2.00,1.05,13.15,1.13,-1.24,0.32
5186.80,40.80,-6.05,-0.76,11.15,0.53,-0.17,0.77,1.07,0.97,13.73,1.25,-1.31,0.44
5186.81,41.30,-6.29,-1.02,10.49,0.45,0.07,0.83,-0.07,-0.32,14.36,1.50,-1.38,0.60
5186.82,41.99,-6.71,-1.71,9.59,0.30,0.32,0.83,-0.75,-1.82,14.91,1.77,-1.44,0.78
5186.83,43.23,-7.24,-2.59,8.38,0.13,0.59,0.80,-1.34,-2.85,15.42,2.06,-1.55,0.96
5186.85,44.53,-7.91,-2.91,7.42,-0.03,0.85,0.75,-1.46,-2.41,15.10,2.26,-1.65,1.11
5186.86,47.05,-8.58,-2.93,7.41,-0.17,1.07,1.01,-0.48,-0.54,13.64,2.32,-1.64,1.22
5186.88,49.47,-8.57,-1.87,8.63,-0.28,1.15,1.55,0.99,-0.32,12.20,2.46,-1.46,1.63
5186.89,51.19,-7.93,-1.12,9.71,-0.47,1.11,1.97,1.81,-0.13,11.33,2.46,-1.30,2.18
5186.90,53.23,-5.36,-1.41,11.51,-0.81,0.96,2.47,4.08,-0.37,9.58,2.33,-1.12,2.93
5186.92,54.19,-3.70,-2.42,12.51,-0.94,0.87,2.72,5.96,-1.28,8.66,2.25,-0.95,3.24
5186.93,55.16,-2.05,-3.49,13.13,-0.96,0.80,2.89,7.51,-1.93,8.09,2.19,-0.68,3.47
5186.94,55.95,-1.29,-4.36,13.04,-0.93,0.85,2.96,8.30,-2.45,7.95,2.14,-0.34,3.67
5186.95,56.57,-1.02,-4.70,12.84,-0.88,0.98,2.97,8.71,-2.89,7.76,2.09,0.04,3.88
5186.97,57.08,-0.77,-4.65,12.79,-0.81,1.18,2.96,8.91,-3.39,7.28,2.04,0.42,4.07
5186.98,57.90,-0.56,-4.24,12.42,-0.71,1.47,2.92,9.48,-3.65,6.65,2.00,0.85,4.06
5186.99,58.40,0.07,-3.72,12.32,-0.68,1.69,2.81,10.39,-3.67,6.34,1.94,1.13,3.89
5187.01,58.73,0.67,-3.13,12.38,-0.70,1.91,2.58,11.71,-3.74,5.86,1.81,1.37,3.48
5187.02,59.29,1.54,-3.34,12.65,-0.71,2.08,2.30,12.96,-3.78,5.16,1.58,1.60,2.75
5187.03,60.01,2.74,-3.45,12.83,-0.62,2.34,1.82,13.56,-3.93,4.96,1.19,1.89,1.54
5187.04,60.13,3.00,-3.68,12.33,-0.49,2.57,1.13,13.02,-4.02,5.00,0.74,2.27,0.11
5187.06,60.21,2.77,-3.74,11.70,-0.38,2.71,0.69,12.19,-3.85,4.68,0.53,2.57,-0.61
5187.07,60.11,2.37,-3.56,11.12,-0.32,2.85,0.32,11.12,-3.39,4.25,0.37,2.89,-1.10
5187.09,60.02,1.53,-3.29,10.66,-0.30,3.00,0.05,9.82,-2.73,3.83,0.26,3.28,-1.35
5187.10,59.97,0.77,-2.95,10.31,-0.31,3.06,0.01,8.91,-2.30,3.58,0.25,3.60,-1.27
5187.11,59.97,-0.02,-1.98,9.90,-0.33,3.02,0.22,7.80,-1.68,3.21,0.33,4.07,-0.68
5187.13,59.54,-0.18,-1.23,9.66,-0.40,2.82,0.49,7.69,-1.33,3.12,0.42,4.35,-0.00
5187.15,58.74,0.06,-0.35,9.06,-0.55,2.54,0.76,8.70,-0.89,2.93,0.57,4.69,0.54
5187.16,58.01,0.42,-0.05,8.69,-0.67,2.26,0.86,10.02,-0.49,2.52,0.56,4.88,0.67
5187.17,56.86,1.11,0.01,8.24,-0.72,1.91,0.81,11.64,-0.29,2.05,0.26,5.06,0.32
5187.19,55.46,1.64,-0.18,7.66,-0.73,1.65,0.69,11.34,-0.47,1.76,-0.06,5.13,-0.29
5187.20,53.95,1.88,-0.49,7.03,-0.76,1.42,0.47,11.31,-0.68,1.42,-0.39,5.06,-0.96
5187.21,52.47,1.87,-0.87,6.54,-0.75,1.23,0.28,10.71,-0.41,1.03,-0.75,4.97,-1.72
5187.22,50.93,1.88,-0.70,6.40,-0.64,1.06,0.15,8.65,-0.11,1.24,-1.19,4.87,-2.51
5187.23,50.09,1.82,-0.42,6.44,-0.54,0.94,0.06,7.08,-0.08,1.69,-1.43,4.80,-2.83
5187.25,47.51,1.77,0.70,6.74,-0.25,0.83,-0.30,4.58,-0.20,3.33,-1.85,4.60,-3.18
5187.26,44.13,-0.66,1.78,6.25,-0.25,0.92,-1.03,1.60,-1.87,6.30,-2.09,4.17,-3.23
5187.27,40.75,-4.85,1.70,4.99,-0.56,1.04,-1.80,-1.59,-2.62,8.75,-2.14,3.71,-3.03
5187.28,38.76,-13.42,-2.55,3.72,-1.14,1.05,-2.57,-7.63,-1.44,12.07,-1.93,2.64,-2.42
5187.30,39.17,-17.39,-4.65,4.64,-0.94,1.04,-2.18,-9.35,-0.55,12.80,-1.61,1.89,-1.80
5187.31,38.13,-18.53,-3.30,5.16,-0.62,0.97,-1.47,-9.52,-0.00,12.38,-1.23,1.10,-1.02
5187.33,39.06,-17.62,-1.76,4.49,-0.55,0.77,-0.80,-8.06,-0.01,11.30,-0.83,0.31,-0.08
5187.34,40.09,-14.04,-1.99,3.41,-0.65,0.25,0.09,-4.12,-0.20,9.13,-0.32,-0.54,1.13
5187.35,42.14,-8.56,-3.17,3.76,-0.66,-0.44,1.05,0.87,0.18,7.21,0.02,-1.09,1.96
5187.37,44.46,-2.89,-2.10,6.56,-0.46,-1.17,1.70,3.63,-0.47,6.90,0.18,-1.12,2.06
5187.39,44.25,-3.25,-1.50,9.71,-0.59,-1.20,1.60,1.82,0.87,11.18,0.26,-0.76,1.78
5187.40,43.35,-8.13,-1.50,13.76,-0.53,-0.88,1.42,-1.94,3.91,18.47,0.39,-0.56,1.57
5187.41,42.80,-15.35,2.47,14.36,-0.01,-0.52,1.56,-3.70,6.53,18.21,0.64,-0.77,1.76
5187.43,43.15,-13.83,5.67,11.26,-0.12,-0.75,1.65,-2.08,4.76,16.69,0.65,-1.26,1.80
5187.44,43.56,-8.63,3.25,11.38,-0.40,-0.84,1.56,1.01,3.40,14.54,0.67,-1.62,1.97
5187.45,43.85,-2.07,-0.14,11.21,-0.52,-0.91,1.32,5.48,1.01,10.74,0.65,-1.86,2.08
5187.47,43.87,2.56,-2.68,11.28,-0.52,-0.94,0.76,7.91,-1.46,7.75,0.59,-1.91,1.95
5187.48,45.10,3.72,-4.45,11.66,-0.44,-0.84,0.12,9.10,-1.77,5.68,0.43,-1.89,1.55
5187.49,45.20,1.75,-4.37,11.62,-0.20,-0.72,-0.11,10.06,-1.61,5.72,0.34,-1.83,1.06
5187.50,47.25,-1.72,-2.20,10.68,-0.15,-0.90,0.03,10.65,-1.20,8.29,0.29,-1.70,0.65
5187.52,48.59,-2.45,-2.28,11.42,-0.35,-1.20,0.26,9.73,-0.60,9.47,0.17,-1.54,0.46
5187.53,49.23,-1.36,-2.17,12.47,-0.36,-1.47,0.36,8.65,0.16,8.79,0.01,-1.34,0.26
5187.55,49.66,-0.12,-0.97,11.50,-0.33,-1.55,0.33,8.37,0.92,8.22,0.01,-1.22,0.15
5187.56,48.56,0.86,-0.18,11.13,-0.29,-1.52,0.15,7.48,1.19,7.66,-0.02,-1.09,0.03
5187.58,47.97,0.49,-0.49,11.45,-0.26,-1.46,-0.00,6.75,1.07,7.84,-0.03,-0.99,-0.00
5187.59,47.12,-0.60,-0.98,10.98,-0.18,-1.40,-0.19,5.88,0.65,8.81,-0.08,-0.85,-0.01
5187.61,46.31,-1.40,-1.40,10.47,-0.15,-1.37,-0.31,5.78,0.34,9.09,-0.15,-0.79,-0.04
5187.62,45.75,-2.07,-1.78,10.08,-0.10,-1.37,-0.43,5.64,-0.09,9.06,-0.23,-0.74,-0.19
5187.64,45.41,-2.53,-2.00,9.88,-0.07,-1.38,-0.52,5.15,-0.33,9.13,-0.27,-0.71,-0.34
5187.65,44.92,-3.14,-2.00,9.62,-0.03,-1.40,-0.60,4.21,-0.41,9.43,-0.30,-0.68,-0.50
5187.66,44.38,-3.73,-1.85,9.32,-0.00,-1.37,-0.62,3.36,-0.41,9.74,-0.31,-0.66,-0.54
5187.68,43.48,-4.46,-1.69,8.89,-0.00,-1.35,-0.58,2.08,-0.50,10.14,-0.28,-0.66,-0.47
5187.69,43.10,-4.67,-1.70,8.64,-0.01,-1.31,-0.53,1.62,-0.57,10.21,-0.25,-0.67,-0.36
5187.71,42.10,-4.39,-1.75,8.58,-0.03,-1.25,-0.51,1.52,-0.60,10.04,-0.20,-0.68,-0.29
5187.72,41.71,-4.10,-1.72,8.61,-0.03,-1.19,-0.52,1.71,-0.59,9.84,-0.18,-0.69,-0.26
5187.73,41.18,-3.89,-1.74,8.67,-0.04,-1.14,-0.55,1.97,-0.55,9.64,-0.16,-0.70,-0.28
5187.74,40.75,-3.91,-1.72,8.69,-0.04,-1.10,-0.59,2.05,-0.45,9.49,-0.16,-0.72,-0.33
5187.76,40.45,-4.11,-1.64,8.59,-0.04,-1.07,-0.59,1.96,-0.36,9.44,-0.15,-0.75,-0.37
5187.77,40.07,-4.30,-1.55,8.46,-0.04,-1.05,-0.55,1.74,-0.23,9.44,-0.14,-0.78,-0.36
5187.78,40.01,-4.31,-1.49,8.44,-0.05,-1.05,-0.48,1.63,-0.15,9.49,-0.11,-0.80,-0.29
5187.79,39.67,-4.16,-1.36,8.58,-0.09,-1.03,-0.36,1.88,0.04,9.48,-0.07,-0.81,-0.15
5187.81,39.40,-4.00,-1.35,8.67,-0.10,-1.04,-0.28,2.21,0.16,9.38,-0.06,-0.82,-0.09
5187.82,39.32,-3.46,-1.18,8.87,-0.10,-1.04,-0.22,2.65,0.34,9.16,-0.06,-0.85,-0.07
5187.84,39.10,-2.97,-1.20,9.05,-0.09,-1.04,-0.23,2.93,0.24,9.01,-0.08,-0.90,-0.11
5187.85,38.97,-2.97,-1.32,9.03,-0.08,-1.03,-0.29,2.82,-0.00,9.07,-0.09,-0.94,-0.16
5187.86,38.86,-3.24,-1.52,8.91,-0.07,-1.02,-0.34,2.56,-0.24,9.25,-0.11,-0.99,-0.19
5187.88,38.81,-3.52,-1.59,8.81,-0.07,-1.01,-0.38,2.45,-0.35,9.46,-0.11,-1.04,-0.21
5187.89,38.86,-3.72,-1.71,9.11,-0.07,-1.00,-0.47,2.64,-0.29,9.78,-0.12,-1.11,-0.26
5187.90,38.95,-3.79,-1.69,9.40,-0.05,-1.01,-0.55,2.83,-0.08,9.98,-0.13,-1.18,-0.33
5187.92,39.12,-3.88,-1.58,9.60,-0.01,-1.03,-0.65,2.89,0.17,10.17,-0.14,-1.27,-0.44
5187.93,39.39,-4.01,-1.43,9.61,0.06,-1.07,-0.77,2.67,0.39,10.26,-0.14,-1.35,-0.54
5187.95,39.60,-3.99,-1.38,9.45,0.11,-1.08,-0.83,2.37,0.46,10.15,-0.10,-1.44,-0.55
5187.97,39.79,-3.88,-1.37,9.47,0.16,-1.05,-0.85,2.42,0.48,10.14,-0.05,-1.51,-0.56
5187.98,40.39,-4.05,-1.65,9.74,0.26,-0.97,-0.93,2.74,0.35,10.50,0.02,-1.67,-0.60
5188.01,40.97,-4.74,-1.90,10.12,0.31,-0.93,-0.97,2.60,0.33,11.19,0.04,-1.78,-0.66
5188.02,41.70,-5.90,-1.85,10.36,0.36,-0.87,-0.95,1.91,0.86,12.11,0.06,-1.89,-0.73
5188.04,42.39,-6.77,-1.35,10.36,0.42,-0.82,-0.88,1.10,1.55,12.77,0.09,-1.97,-0.73
5188.05,43.04,-7.44,-0.72,10.49,0.48,-0.73,-0.81,0.29,2.22,13.37,0.16,-2.05,-0.67
5188.06,43.85,-8.71,-0.41,10.58,0.57,-0.54,-0.79,-0.31,2.22,14.53,0.30,-2.21,-0.43
5188.08,45.65,-10.01,-0.23,9.98,0.62,-0.29,-0.68,-1.47,2.55,16.28,0.51,-2.45,-0.24
5188.09,47.49,-10.28,-0.04,9.76,0.61,0.05,-0.58,-2.55,2.01,17.70,0.78,-2.58,-0.15
5188.11,49.13,-9.97,-0.94,9.71,0.45,0.48,-0.15,-3.41,0.64,17.80,0.98,-2.58,0.16
5188.13,50.74,-9.57,-1.56,9.78,0.32,0.84,0.19,-2.11,0.77,17.21,1.05,-2.56,0.51
5188.14,52.38,-8.53,-1.68,10.26,0.28,1.14,0.50,0.56,1.66,15.72,1.11,-2.45,0.77
5188.15,54.43,-7.39,-1.22,11.05,0.23,1.38,0.80,3.54,1.57,13.58,1.26,-2.21,0.93
5188.16,56.62,-5.85,-0.85,12.25,0.07,1.51,1.12,6.16,0.45,10.84,1.46,-1.84,1.15
5188.18,59.36,-3.65,-1.11,14.06,-0.13,1.50,1.22,8.49,-0.58,7.74,1.34,-1.43,1.55
5188.19,61.00,-2.30,-1.37,15.38,-0.18,1.35,1.20,10.40,-0.49,6.21,1.03,-1.16,1.76
5188.20,63.31,-0.77,-1.89,16.16,-0.09,1.20,1.14,11.78,0.20,5.17,0.62,-0.82,1.59
5188.22,64.75,1.01,-1.62,15.65,0.13,1.19,1.15,12.29,-0.02,4.50,0.34,-0.45,1.34
5188.23,65.66,2.76,-0.93,14.21,0.29,1.34,1.08,11.93,-0.23,4.00,0.20,-0.05,1.05
5188.24,66.23,3.41,-1.06,12.43,0.31,1.62,0.91,11.28,-0.20,3.57,0.13,0.49,0.64
5188.26,66.40,3.40,-1.54,11.65,0.34,1.82,0.75,10.79,-0.65,3.48,0.16,0.95,0.36
5188.27,66.33,2.90,-1.92,10.93,0.41,2.07,0.48,10.24,-1.39,3.26,0.29,1.52,0.06
5188.28,66.26,2.21,-2.08,10.47,0.45,2.24,0.24,9.88,-1.74,2.99,0.36,1.96,-0.20
5188.30,66.16,1.62,-2.22,10.02,0.45,2.43,-0.08,9.59,-1.93,2.86,0.36,2.49,-0.59
5188.31,65.81,1.19,-2.22,9.64,0.40,2.56,-0.29,9.41,-2.00,3.07,0.34,2.99,-0.89
5188.32,65.50,0.92,-2.33,9.44,0.35,2.59,-0.32,9.11,-1.87,3.13,0.32,3.35,-1.02
5188.34,64.91,0.75,-2.40,9.26,0.32,2.57,-0.26,8.78,-1.76,2.95,0.30,3.67,-1.06
5188.35,64.25,0.55,-2.36,9.00,0.29,2.50,-0.15,8.57,-1.75,2.54,0.32,3.96,-1.04
5188.36,63.25,0.88,-2.18,8.60,0.22,2.39,0.03,8.63,-1.78,2.03,0.40,4.30,-0.99
5188.38,61.65,1.20,-1.84,8.17,0.08,2.16,0.31,8.53,-1.55,1.70,0.53,4.69,-0.90
5188.39,59.37,1.42,-1.31,7.71,-0.05,1.87,0.54,8.64,-1.25,2.21,0.71,5.03,-0.75
5188.41,57.37,1.35,-0.75,7.32,-0.13,1.66,0.59,8.84,-0.40,2.97,0.72,5.20,-0.65
5188.42,54.53,0.80,-0.04,7.00,-0.20,1.38,0.71,8.44,0.50,3.68,0.64,5.36,-0.67
5188.44,50.98,0.37,0.45,7.00,-0.20,1.06,0.93,7.78,2.19,3.91,0.46,5.33,-0.91
5188.46,45.49,-4.09,4.34,7.67,0.33,0.98,0.79,2.06,3.49,8.46,0.02,4.70,-1.53
5188.48,43.64,-8.54,6.20,6.79,-0.02,1.16,0.74,0.38,2.54,9.18,0.04,4.04,-1.34
5188.50,41.98,-10.94,3.51,6.28,-0.59,1.04,0.52,-0.25,1.73,7.76,-0.10,3.38,-1.15
5188.51,41.80,-9.60,-1.60,6.93,-0.28,0.85,0.35,-1.48,1.04,7.74,-0.33,2.43,-1.08
5188.52,40.10,-8.65,-0.60,6.59,0.28,0.76,-0.10,-2.38,1.31,9.65,-0.48,1.41,-0.91
5188.54,40.17,-8.84,0.96,6.31,0.47,0.48,-0.45,-1.73,1.70,10.75,-0.48,0.54,-0.58
5188.55,40.77,-9.21,1.46,6.84,0.40,0.24,-0.49,-2.47,2.94,11.01,-0.51,-0.10,-0.38
5188.56,41.65,-13.10,2.11,8.34,0.17,0.15,-0.30,-2.60,1.22,14.68,-0.35,-1.15,0.32
5188.58,43.31,-13.98,0.77,10.00,-0.29,-0.03,0.07,0.41,1.89,16.31,-0.17,-1.46,0.88
5188.61,45.25,-8.25,-1.43,11.17,-0.49,-0.62,1.01,3.77,0.26,12.16,0.27,-1.59,2.00
5188.62,46.09,1.14,-1.92,11.03,-0.63,-0.96,1.30,8.34,-0.72,7.24,0.55,-1.50,2.31
5188.63,48.01,3.61,-2.04,11.44,-0.67,-1.01,1.03,11.47,-1.30,5.60,0.39,-1.47,2.15
5188.66,50.14,4.24,-2.79,12.12,-0.70,-1.02,0.77,13.92,-1.49,6.26,0.20,-1.40,1.34
5188.67,49.44,3.52,-3.68,13.78,-0.60,-1.03,0.36,12.72,-0.30,7.86,0.03,-1.31,0.50
5188.68,50.07,2.52,-3.22,14.24,-0.49,-1.05,0.15,10.78,0.52,8.85,-0.09,-1.20,0.06
5188.69,49.67,0.75,-1.57,13.65,-0.37,-1.07,-0.01,9.05,0.95,9.18,-0.16,-1.08,-0.13
5188.70,49.00,-1.21,-0.35,12.11,-0.40,-1.22,-0.06,6.61,1.35,9.10,-0.18,-0.91,-0.06
5188.72,47.32,-2.05,0.14,10.76,-0.44,-1.35,0.06,5.49,1.48,8.99,-0.15,-0.80,0.18
5188.73,46.15,-2.96,0.20,9.76,-0.50,-1.37,0.24,4.39,1.54,8.81,-0.09,-0.64,0.41
5188.75,45.48,-2.92,0.04,9.62,-0.50,-1.37,0.29,4.21,1.46,9.04,-0.09,-0.56,0.44
5188.76,44.35,-2.70,-0.16,9.52,-0.47,-1.34,0.25,4.00,1.33,9.27,-0.15,-0.52,0.31
5188.78,43.21,-2.74,-0.31,9.52,-0.39,-1.28,0.09,3.60,1.18,9.21,-0.23,-0.53,0.10
5188.80,42.37,-2.89,-0.32,9.30,-0.33,-1.20,-0.04,3.05,1.01,9.35,-0.26,-0.54,-0.06
5188.81,41.71,-3.30,-0.38,9.08,-0.30,-1.13,-0.16,2.39,0.88,9.63,-0.28,-0.55,-0.15
5188.82,41.00,-3.77,-0.51,8.94,-0.26,-1.07,-0.25,1.91,0.78,9.85,-0.27,-0.56,-0.16
5188.84,40.06,-4.22,-0.68,8.77,-0.24,-1.02,-0.29,1.69,0.64,9.93,-0.26,-0.56,-0.13
5188.85,39.77,-4.48,-0.84,8.68,-0.24,-0.99,-0.29,1.66,0.54,9.87,-0.24,-0.56,-0.09
5188.86,38.99,-4.22,-0.93,8.66,-0.23,-0.96,-0.24,1.97,0.50,9.60,-0.22,-0.58,-0.06
5188.88,38.79,-3.84,-0.94,8.81,-0.22,-0.94,-0.23,2.22,0.52,9.46,-0.21,-0.60,-0.08
5188.90,38.22,-3.80,-1.00,9.01,-0.19,-0.91,-0.26,2.22,0.56,9.49,-0.19,-0.62,-0.11
5188.92,37.85,-3.93,-0.92,9.03,-0.17,-0.90,-0.25,2.14,0.60,9.56,-0.17,-0.64,-0.09
5188.93,37.62,-3.97,-0.84,9.05,-0.17,-0.89,-0.23,2.14,0.65,9.61,-0.15,-0.65,-0.06
5188.94,37.41,-3.94,-0.88,9.12,-0.18,-0.87,-0.19,2.20,0.62,9.66,-0.13,-0.66,-0.02
5188.95,37.25,-4.01,-1.00,9.15,-0.18,-0.87,-0.16,2.26,0.54,9.68,-0.11,-0.67,0.02
5188.96,37.20,-4.03,-1.09,9.12,-0.19,-0.87,-0.10,2.36,0.43,9.67,-0.08,-0.69,0.06
5188.98,37.12,-3.89,-1.16,9.12,-0.20,-0.87,-0.06,2.49,0.33,9.60,-0.06,-0.70,0.09
5188.99,37.01,-3.70,-1.29,9.17,-0.21,-0.87,-0.02,2.66,0.20,9.51,-0.04,-0.73,0.11
5189.01,36.98,-3.61,-1.35,9.14,-0.22,-0.87,0.01,2.74,0.02,9.46,-0.02,-0.76,0.12
5189.02,36.99,-3.57,-1.45,9.05,-0.25,-0.87,0.04,2.78,0.05,9.40,0.01,-0.78,0.14
5189.03,37.06,-3.66,-1.38,9.03,-0.27,-0.88,0.09,2.77,0.17,9.30,0.02,-0.81,0.17
5189.05,37.15,-3.74,-1.18,9.00,-0.28,-0.90,0.14,2.67,0.33,9.31,0.03,-0.85,0.18
5189.06,37.23,-3.84,-1.00,9.00,-0.30,-0.91,0.18,2.54,0.57,9.39,0.04,-0.89,0.18
5189.07,37.27,-3.91,-0.77,9.03,-0.32,-0.91,0.21,2.34,0.78,9.50,0.05,-0.94,0.17
5189.08,37.35,-4.05,-0.56,9.08,-0.32,-0.91,0.21,2.04,1.01,9.66,0.04,-1.00,0.15
5189.10,37.38,-4.30,-0.39,9.12,-0.32,-0.90,0.19,1.76,1.27,9.84,0.03,-1.06,0.13
5189.11,37.49,-4.80,-0.16,9.08,-0.30,-0.88,0.16,1.37,1.57,10.03,0.01,-1.15,0.08
5189.13,37.77,-5.63,0.09,9.01,-0.27,-0.84,0.13,0.65,1.92,10.37,-0.01,-1.28,0.04
5189.14,38.04,-6.31,0.24,8.92,-0.23,-0.81,0.15,0.04,2.23,10.76,-0.02,-1.38,0.02
5189.15,38.21,-7.01,0.42,8.69,-0.18,-0.76,0.19,-0.70,2.14,11.25,0.00,-1.49,0.01
5189.17,38.63,-7.65,0.17,8.81,-0.15,-0.68,0.26,-1.19,1.61,12.12,0.08,-1.61,0.06
5189.18,39.39,-8.33,-0.32,9.31,-0.09,-0.54,0.28,-0.98,1.23,13.45,0.20,-1.74,0.16
5189.19,40.30,-8.89,-0.38,9.51,0.00,-0.38,0.27,-0.79,1.58,14.61,0.32,-1.90,0.18
5189.20,41.73,-8.59,-0.18,9.57,0.12,-0.12,0.17,-0.69,2.34,15.17,0.42,-2.12,0.08
5189.22,43.05,-8.30,-0.26,9.69,0.25,0.15,0.05,-0.64,2.49,15.63,0.50,-2.31,-0.06
5189.23,45.00,-8.53,-1.31,10.10,0.33,0.52,0.07,-0.37,1.24,16.37,0.71,-2.43,0.02
5189.24,47.28,-8.82,-2.73,10.37,0.34,0.87,0.29,0.55,-0.92,16.52,1.03,-2.39,0.43
5189.26,49.28,-8.79,-3.88,10.19,0.21,1.04,0.67,1.24,-2.49,16.13,1.36,-2.28,0.98
5189.27,51.31,-8.38,-4.96,10.19,-0.02,1.09,1.09,1.76,-3.82,15.20,1.67,-2.12,1.53
5189.28,53.05,-7.96,-6.01,10.67,-0.27,1.09,1.47,2.66,-4.92,13.41,1.95,-1.98,2.07
5189.29,54.72,-6.79,-6.73,11.36,-0.50,0.98,1.84,4.40,-5.51,11.03,2.09,-1.82,2.53
5189.31,56.86,-5.03,-7.58,11.66,-0.72,0.86,2.24,6.91,-6.27,8.58,2.16,-1.57,2.93
5189.32,59.06,-2.98,-7.77,11.83,-0.91,0.72,2.52,8.91,-6.45,7.00,2.27,-1.27,2.93
5189.34,60.58,-1.30,-7.94,11.92,-1.01,0.73,2.61,10.33,-6.12,6.10,2.34,-1.01,2.72
5189.35,61.91,-0.26,-8.02,11.93,-0.98,0.78,2.69,11.37,-5.85,5.24,2.39,-0.75,2.40
5189.36,63.05,0.56,-7.13,11.80,-0.91,0.78,2.70,11.70,-5.54,4.68,2.43,-0.49,1.96
5189.37,63.87,1.16,-6.53,11.53,-0.90,0.80,2.59,11.46,-5.27,4.30,2.48,-0.20,1.50
5189.38,64.41,1.30,-6.11,10.88,-0.89,0.81,2.45,10.76,-4.91,3.99,2.52,0.13,1.12
5189.40,64.68,1.20,-5.79,10.38,-0.91,0.82,2.36,9.80,-4.50,3.76,2.57,0.50,0.86
5189.41,64.68,1.02,-5.58,10.28,-0.95,0.89,2.38,8.81,-4.32,3.63,2.62,0.92,0.75
5189.42,64.58,0.71,-5.57,10.13,-0.98,1.00,2.51,8.00,-4.28,3.45,2.71,1.36,0.82
5189.43,64.00,0.38,-5.30,9.70,-0.96,1.12,2.77,7.72,-4.23,3.17,2.86,1.89,1.10
5189.45,63.52,0.35,-5.04,9.46,-1.00,1.14,2.96,8.03,-4.11,2.96,3.00,2.27,1.39
5189.46,62.88,0.62,-5.02,9.32,-1.07,1.10,3.10,8.43,-3.94,2.87,3.08,2.60,1.65
5189.47,61.66,1.02,-5.00,9.17,-1.12,0.98,3.30,8.71,-3.74,3.01,3.16,2.96,1.90
5189.49,59.82,1.22,-4.88,9.15,-1.13,0.80,3.53,8.84,-3.60,3.38,3.23,3.23,2.10
5189.50,58.23,1.36,-4.73,9.13,-1.11,0.65,3.70,8.80,-3.53,3.68,3.31,3.45,2.26
5189.51,55.69,1.42,-4.47,9.03,-1.08,0.52,3.93,8.24,-3.40,4.14,3.45,3.78,2.52
5189.53,53.26,1.23,-4.13,9.08,-1.07,0.46,4.12,7.39,-3.14,4.89,3.54,4.04,2.83
5189.54,50.03,0.54,-3.66,9.13,-1.06,0.40,4.35,6.73,-2.87,5.71,3.58,4.27,3.24
5189.55,47.83,-0.76,-2.87,9.11,-1.06,0.38,4.66,6.40,-2.63,6.45,3.58,4.45,3.77
5189.56,45.44,-2.12,-1.72,8.76,-1.10,0.43,5.05,6.25,-2.47,7.08,3.58,4.49,4.33
5189.58,43.68,-3.43,-0.43,8.39,-1.28,0.50,5.54,6.89,-1.84,7.09,3.56,4.39,4.83
5189.59,42.42,-3.84,0.28,8.50,-1.62,0.49,6.18,7.69,-1.66,6.80,3.47,4.16,5.18
5189.60,41.75,-3.16,0.06,8.94,-1.85,0.37,6.41,9.15,-0.92,6.17,3.36,3.86,5.20
5189.61,41.29,-2.00,-0.16,9.50,-1.86,0.16,6.20,10.10,-0.21,5.18,3.05,3.49,4.60
5189.63,41.06,-1.10,-0.38,9.53,-1.56,-0.08,5.34,10.41,0.00,4.85,2.39,2.90,3.82
5189.64,40.73,-0.49,-0.44,9.57,-1.24,-0.27,4.41,9.72,1.43,5.09,1.35,2.09,2.47
5189.66,40.59,-0.16,0.30,10.30,-0.90,-0.38,3.42,8.00,0.95,5.85,0.55,1.46,1.58
5189.67,40.40,-0.09,1.05,10.56,-0.71,-0.43,2.36,7.62,-0.57,8.13,0.09,0.70,1.19
5189.68,39.78,0.82,-0.00,10.37,-0.92,-0.55,1.53,8.36,-0.52,8.89,-0.19,0.16,0.99
5189.70,39.56,1.43,-1.69,11.76,-1.20,-0.61,0.85,7.62,-0.26,8.78,-0.29,0.08,0.51
5189.71,38.45,-4.14,-2.11,12.42,-1.05,-0.27,0.83,2.17,-0.05,11.29,-0.07,0.32,0.80
5189.73,37.83,-5.42,0.06,8.94,-1.11,-0.08,1.23,1.19,0.49,10.74,0.05,0.27,1.61
5189.74,38.34,-4.95,0.31,7.82,-1.36,-0.05,1.68,3.65,1.07,10.12,0.14,0.21,2.25
5189.75,39.47,-3.70,-0.15,10.25,-1.47,-0.18,1.89,7.56,1.85,9.00,0.09,0.21,2.21
5189.77,40.52,-1.69,-0.14,11.54,-1.39,-0.36,1.80,8.09,2.18,7.76,-0.01,0.22,1.74
5189.78,40.53,-0.29,0.53,11.63,-1.21,-0.49,1.43,7.58,2.29,7.60,-0.08,0.20,1.27
5189.79,40.45,-0.35,0.87,11.09,-1.06,-0.49,1.02,6.42,2.26,8.20,-0.14,0.17,0.89
5189.80,40.23,-2.01,0.57,10.04,-0.96,-0.46,0.70,4.52,1.87,9.29,-0.20,0.13,0.65
5189.82,39.95,-2.90,0.10,9.28,-0.94,-0.41,0.61,3.02,1.47,9.95,-0.22,0.12,0.66
5189.83,39.38,-3.68,-0.25,8.86,-0.95,-0.32,0.59,2.02,1.09,10.05,-0.23,0.11,0.76
5189.84,39.30,-4.87,-0.91,8.69,-0.93,-0.23,0.63,1.59,0.75,9.93,-0.18,0.12,0.97
5189.87,39.17,-5.37,-0.77,8.52,-0.91,-0.20,0.74,1.62,0.71,10.00,-0.13,0.10,1.03
5189.88,39.52,-5.09,-0.55,8.55,-0.92,-0.19,0.80,2.00,0.89,9.86,-0.11,0.08,1.06
5189.89,39.66,-4.49,-0.42,8.75,-0.92,-0.20,0.81,2.53,1.20,9.62,-0.13,0.05,1.02
5189.90,39.73,-4.04,-0.32,9.08,-0.88,-0.22,0.75,2.98,1.30,9.45,-0.15,0.01,0.91
5189.92,39.95,-3.98,-0.39,9.36,-0.83,-0.23,0.64,2.89,1.21,9.44,-0.15,-0.03,0.78
5189.93,40.04,-4.05,-0.41,9.28,-0.79,-0.23,0.60,2.69,1.24,9.51,-0.15,-0.05,0.74
5189.94,40.09,-3.88,-0.28,9.26,-0.76,-0.22,0.58,2.84,1.34,9.54,-0.16,-0.06,0.73
5189.95,40.14,-3.55,-0.38,9.38,-0.74,-0.21,0.55,3.17,1.28,9.46,-0.16,-0.07,0.71
5189.97,40.18,-3.47,-0.65,9.52,-0.72,-0.20,0.51,3.27,1.00,9.47,-0.15,-0.08,0.67
5189.98,40.33,-3.60,-0.91,9.45,-0.69,-0.17,0.49,3.19,0.75,9.46,-0.14,-0.08,0.66
5189.99,40.52,-3.41,-0.92,9.38,-0.66,-0.14,0.48,3.50,0.74,9.33,-0.14,-0.09,0.65
5190.01,40.70,-3.22,-0.92,9.47,-0.64,-0.14,0.45,3.80,0.74,9.30,-0.15,-0.09,0.59
5190.02,40.90,-3.19,-0.99,9.62,-0.61,-0.13,0.40,3.87,0.74,9.28,-0.17,-0.10,0.51
5190.03,41.10,-3.33,-1.05,9.61,-0.58,-0.14,0.36,3.69,0.69,9.31,-0.17,-0.11,0.44
5190.05,41.27,-3.45,-1.08,9.54,-0.56,-0.15,0.34,3.51,0.64,9.37,-0.17,-0.11,0.41
5190.06,41.50,-3.64,-1.26,9.48,-0.55,-0.15,0.36,3.36,0.40,9.50,-0.14,-0.11,0.42
5190.08,41.60,-3.70,-1.38,9.52,-0.54,-0.15,0.39,3.33,0.33,9.54,-0.12,-0.10,0.46
5190.09,41.87,-3.27,-1.04,9.62,-0.52,-0.15,0.42,3.83,0.64,9.25,-0.13,-0.09,0.43
5190.12,42.04,-2.83,-0.80,9.79,-0.48,-0.14,0.31,4.13,0.80,9.09,-0.16,-0.11,0.31
5190.13,42.15,-2.95,-0.88,9.75,-0.46,-0.13,0.23,3.93,0.70,9.17,-0.17,-0.12,0.22
5190.15,42.27,-3.37,-1.06,9.54,-0.44,-0.12,0.17,3.44,0.48,9.38,-0.17,-0.13,0.18
5190.16,42.36,-3.74,-1.24,9.29,-0.45,-0.09,0.19,3.08,0.25,9.56,-0.15,-0.13,0.22
5190.18,42.59,-4.22,-1.43,9.12,-0.48,-0.07,0.24,2.85,0.07,9.69,-0.12,-0.12,0.30
5190.19,42.86,-4.52,-1.53,8.95,-0.52,-0.05,0.33,2.70,-0.01,9.85,-0.08,-0.13,0.35
5190.21,43.03,-4.53,-1.60,8.93,-0.55,-0.03,0.41,2.79,-0.05,9.95,-0.04,-0.15,0.39
5190.22,43.43,-4.45,-1.70,9.07,-0.58,0.01,0.49,3.01,0.01,10.04,-0.01,-0.17,0.43
5190.23,43.73,-4.44,-1.71,9.19,-0.58,0.04,0.54,3.00,0.13,10.05,-0.00,-0.20,0.43
5190.25,44.03,-4.45,-1.70,9.20,-0.58,0.08,0.59,2.81,0.19,10.06,0.03,-0.23,0.44
5190.26,44.40,-4.55,-1.82,9.19,-0.58,0.12,0.64,2.64,0.11,10.23,0.10,-0.24,0.50
5190.27,44.58,-4.66,-2.04,9.21,-0.58,0.17,0.73,2.51,0.03,10.39,0.18,-0.24,0.60
5190.29,44.94,-4.67,-2.44,9.33,-0.57,0.26,0.85,2.41,0.02,10.69,0.32,-0.22,0.80
5190.31,45.10,-4.62,-2.74,9.69,-0.53,0.40,1.04,2.41,0.08,11.23,0.56,-0.19,1.01
5190.32,45.46,-4.97,-2.80,10.12,-0.51,0.52,1.29,2.64,0.31,11.51,0.82,-0.13,1.32
5190.34,45.65,-5.29,-2.82,10.52,-0.49,0.55,1.59,2.78,0.42,11.50,1.05,-0.07,1.64
5190.35,46.03,-5.37,-2.74,10.83,-0.44,0.51,1.85,2.83,0.35,11.24,1.35,0.03,2.10
5190.36,46.12,-5.10,-2.40,10.69,-0.42,0.43,2.12,2.87,0.08,10.84,1.58,0.11,2.51
5190.38,46.10,-4.77,-2.11,10.01,-0.47,0.34,2.47,3.23,-0.49,10.16,1.87,0.20,3.08
5190.39,46.29,-4.32,-2.19,9.36,-0.57,0.26,2.78,3.81,-1.00,9.48,2.05,0.25,3.44
5190.41,46.46,-3.93,-2.35,9.04,-0.65,0.21,2.97,4.27,-1.37,8.86,2.17,0.30,3.64
5190.42,46.81,-3.75,-2.52,8.84,-0.72,0.16,3.13,4.69,-1.64,8.25,2.27,0.35,3.75
5190.43,47.10,-3.63,-2.66,8.69,-0.75,0.10,3.26,4.97,-1.81,7.78,2.33,0.40,3.79
5190.44,47.76,-3.44,-2.54,8.43,-0.78,0.02,3.39,5.18,-1.92,7.38,2.34,0.43,3.75
5190.46,48.00,-3.06,-2.34,8.25,-0.82,-0.04,3.46,5.31,-1.86,7.10,2.29,0.45,3.65
5190.47,48.50,-2.43,-2.12,8.14,-0.89,-0.10,3.46,5.45,-1.73,6.70,2.17,0.47,3.46
5190.48,48.63,-1.84,-1.97,8.12,-0.92,-0.11,3.38,5.57,-1.56,6.43,2.02,0.46,3.25
5190.50,48.53,-1.29,-1.71,8.10,-0.87,-0.11,3.07,6.02,-1.06,6.18,1.75,0.43,2.67
5190.52,48.99,-1.16,-0.92,8.69,-0.67,-0.14,2.41,6.48,-0.13,6.15,1.28,0.37,2.15
5190.54,48.87,-1.11,-0.34,9.19,-0.52,-0.14,1.95,6.55,0.40,6.40,0.93,0.33,1.64
5190.55,48.87,-1.04,0.04,9.70,-0.37,-0.11,1.45,6.31,1.14,7.29,0.56,0.31,0.97
5190.56,48.55,-1.80,0.30,10.15,-0.17,0.03,0.75,5.54,2.15,9.34,0.27,0.30,0.05
5190.57,48.00,-4.28,1.03,10.24,0.01,0.32,-0.03,3.19,2.94,11.29,0.16,0.27,-0.62
5190.59,47.56,-6.29,1.68,9.39,0.06,0.41,-0.19,0.65,2.64,10.95,0.16,0.19,-0.38
5190.61,47.71,-6.73,1.96,8.39,0.00,0.41,-0.11,-0.03,2.21,9.95,0.21,0.16,0.09
5190.62,47.80,-6.41,1.63,7.44,-0.23,0.39,0.23,1.50,1.72,9.02,0.33,0.15,0.72
5190.64,48.65,-5.83,0.91,7.68,-0.41,0.39,0.55,3.67,1.69,8.94,0.37,0.14,0.93
5190.66,49.54,-5.13,0.47,8.49,-0.47,0.40,0.68,4.74,1.82,8.78,0.34,0.13,0.85
5190.67,50.48,-4.37,0.13,9.53,-0.44,0.41,0.67,5.08,1.94,8.75,0.26,0.10,0.62
5190.68,51.01,-3.99,0.19,9.83,-0.35,0.39,0.56,4.94,2.01,8.81,0.19,0.07,0.40
5190.70,51.43,-3.89,0.48,9.57,-0.25,0.38,0.37,4.38,2.18,8.88,0.11,0.06,0.25
5190.71,51.76,-4.38,0.83,9.03,-0.20,0.42,0.23,3.65,2.28,8.96,0.05,0.05,0.15
5190.73,52.15,-4.97,1.09,8.61,-0.19,0.48,0.18,3.13,2.33,9.08,0.03,0.04,0.15
5190.74,52.66,-5.46,1.19,8.38,-0.21,0.52,0.21,2.93,2.35,9.10,0.02,0.02,0.23
5190.76,53.23,-5.62,1.14,8.38,-0.24,0.55,0.25,2.87,2.27,9.05,0.01,0.01,0.30
5190.77,54.02,-5.56,0.79,8.34,-0.26,0.57,0.32,2.77,2.03,8.98,-0.01,0.00,0.36
5190.79,54.29,-5.25,0.64,8.30,-0.26,0.59,0.37,2.85,1.87,8.98,-0.02,0.02,0.40
5190.80,54.61,-5.06,0.43,8.27,-0.26,0.63,0.37,3.09,1.63,9.05,-0.02,0.03,0.43
5190.81,55.16,-5.18,0.10,8.27,-0.27,0.70,0.33,3.57,1.26,9.23,-0.01,0.04,0.46
5190.83,55.75,-5.46,-0.17,8.32,-0.31,0.71,0.28,3.82,0.99,9.26,-0.02,0.03,0.44
5190.84,56.40,-5.74,-0.51,8.39,-0.34,0.71,0.23,3.78,0.78,9.25,-0.04,0.01,0.39
5190.85,57.06,-5.99,-0.61,8.47,-0.35,0.71,0.21,3.68,0.73,9.36,-0.05,-0.01,0.33
5190.87,57.82,-6.21,-0.56,8.51,-0.36,0.71,0.21,3.34,0.87,9.43,-0.06,0.00,0.28
5190.88,58.30,-6.23,-0.45,8.46,-0.35,0.72,0.24,3.08,1.04,9.36,-0.06,0.02,0.30
5190.90,58.64,-6.15,-0.24,8.36,-0.32,0.73,0.29,2.99,1.14,9.31,-0.05,0.05,0.39
5190.91,59.24,-5.96,0.06,8.19,-0.33,0.73,0.35,3.16,1.15,9.25,-0.01,0.10,0.49
5190.92,59.45,-5.80,0.09,8.32,-0.34,0.71,0.37,3.09,1.05,9.11,0.01,0.10,0.58
5190.94,59.86,-6.16,-0.27,7.36,-0.29,0.53,0.32,3.67,0.91,9.10,0.06,0.11,0.68
5190.95,60.31,-5.36,0.30,7.20,-0.33,0.35,0.31,4.53,0.87,9.22,0.08,0.13,0.71
5190.96,61.02,-5.92,-0.05,8.02,-0.44,0.42,0.17,4.83,0.84,9.14,0.05,0.13,0.62
5190.97,61.49,-5.76,-0.27,8.48,-0.46,0.45,0.16,4.82,0.86,9.15,0.01,0.11,0.49
5190.99,61.87,-6.08,-0.44,8.68,-0.45,0.51,0.10,4.49,0.98,9.30,-0.03,0.10,0.34
5191.00,62.23,-6.77,-0.54,8.89,-0.41,0.56,0.09,3.90,1.11,9.27,-0.06,0.11,0.24
5191.01,62.66,-7.10,-0.15,8.79,-0.36,0.61,0.14,3.41,1.16,9.36,-0.06,0.11,0.21
5191.03,63.03,-7.19,-0.09,7.88,-0.37,0.63,0.30,2.97,0.99,9.52,-0.03,0.15,0.26
5191.04,63.41,-6.85,-0.09,7.13,-0.40,0.61,0.42,2.80,0.79,9.47,-0.00,0.18,0.36
5191.06,63.73,-6.58,-0.42,6.55,-0.44,0.61,0.54,2.96,0.58,9.30,0.05,0.21,0.50
5191.07,64.10,-6.46,-0.59,6.65,-0.43,0.62,0.57,3.16,0.54,9.24,0.08,0.22,0.57
5191.08,64.48,-6.46,-0.67,6.94,-0.41,0.65,0.54,3.36,0.59,9.32,0.09,0.23,0.59
5191.09,64.99,-6.59,-0.52,7.14,-0.34,0.68,0.44,3.68,0.78,9.37,0.07,0.22,0.53
5191.11,65.42,-6.72,-0.33,7.32,-0.28,0.69,0.37,3.95,0.89,9.34,0.05,0.21,0.47
5191.12,66.03,-6.86,-0.18,7.47,-0.25,0.70,0.30,4.08,0.88,9.30,0.02,0.18,0.35
5191.14,66.99,-6.94,-0.17,7.32,-0.24,0.69,0.25,3.79,0.74,9.32,-0.01,0.17,0.26
5191.16,67.37,-7.01,-0.30,7.24,-0.25,0.69,0.26,3.57,0.69,9.36,-0.01,0.17,0.24
5191.18,67.79,-7.27,-0.43,6.90,-0.25,0.69,0.27,3.44,0.59,9.41,-0.00,0.18,0.25
5191.19,68.17,-7.48,-0.58,6.90,-0.24,0.69,0.29,3.34,0.45,9.45,0.01,0.19,0.28
5191.20,68.61,-7.57,-0.65,6.86,-0.23,0.69,0.30,3.34,0.30,9.55,0.03,0.19,0.32
5191.21,69.04,-7.53,-0.87,6.97,-0.22,0.70,0.33,3.42,0.08,9.67,0.05,0.20,0.36
5191.23,69.36,-7.47,-0.97,6.96,-0.21,0.70,0.33,3.46,-0.09,9.71,0.08,0.22,0.37
5191.24,69.75,-7.59,-1.05,6.87,-0.22,0.71,0.32,3.53,-0.25,9.74,0.11,0.24,0.38
5191.25,70.08,-7.67,-1.05,6.77,-0.22,0.72,0.29,3.59,-0.31,9.78,0.13,0.24,0.36
5191.27,70.54,-7.86,-1.03,6.58,-0.24,0.72,0.25,3.49,-0.34,9.85,0.13,0.22,0.33
5191.28,71.08,-7.95,-1.00,6.32,-0.27,0.72,0.22,3.07,-0.37,9.93,0.14,0.19,0.25
5191.30,71.37,-8.07,-1.09,6.19,-0.29,0.74,0.23,2.85,-0.36,9.89,0.16,0.19,0.24
5191.31,71.76,-7.93,-1.14,5.90,-0.28,0.77,0.28,2.60,-0.30,9.78,0.21,0.21,0.27
5191.32,72.23,-7.99,-0.98,5.73,-0.28,0.79,0.29,2.56,-0.16,9.65,0.28,0.24,0.36
5191.34,72.78,-8.02,-0.60,5.63,-0.25,0.85,0.30,2.70,0.36,9.67,0.34,0.27,0.40
5191.36,73.24,-8.05,-0.38,5.58,-0.22,0.89,0.30,2.73,0.61,9.72,0.36,0.28,0.39
5191.37,73.80,-8.13,0.05,5.37,-0.21,0.94,0.28,2.66,0.78,9.61,0.37,0.27,0.39
5191.39,74.26,-8.15,-0.00,5.47,-0.21,0.96,0.30,2.79,0.88,9.51,0.37,0.27,0.40
5191.40,74.76,-8.19,0.03,5.37,-0.19,0.99,0.31,2.88,0.96,9.44,0.36,0.27,0.39
5191.41,75.70,-7.96,0.28,5.33,-0.16,1.06,0.30,2.86,1.22,9.31,0.34,0.29,0.37
5191.43,76.24,-8.00,0.39,5.34,-0.13,1.11,0.29,2.92,1.39,9.33,0.33,0.30,0.35
5191.44,76.72,-7.98,0.51,5.37,-0.09,1.16,0.28,3.09,1.55,9.32,0.31,0.32,0.34
5191.46,77.31,-8.07,0.59,5.43,-0.05,1.20,0.30,3.23,1.64,9.31,0.28,0.34,0.32
5191.47,78.04,-8.09,0.81,5.35,-0.00,1.24,0.29,3.41,1.73,9.19,0.25,0.36,0.30
5191.48,78.71,-8.26,1.10,5.23,0.02,1.27,0.29,3.57,1.85,9.12,0.22,0.39,0.28
5191.50,79.42,-8.44,1.27,5.28,0.02,1.29,0.32,3.50,1.97,9.08,0.19,0.41,0.25
5191.51,80.09,-8.59,1.46,5.29,0.04,1.31,0.39,3.60,2.11,9.09,0.15,0.41,0.21
5191.52,81.18,-9.08,1.79,5.20,0.05,1.29,0.50,3.66,2.22,9.14,0.08,0.41,0.14
5191.54,82.05,-8.79,1.76,5.07,0.06,1.29,0.60,3.68,2.21,9.17,0.03,0.42,0.10
5191.55,82.73,-8.89,1.78,4.91,0.08,1.28,0.69,3.65,2.19,9.17,0.01,0.43,0.08
5191.56,83.39,-8.74,1.79,4.77,0.11,1.30,0.78,3.61,2.18,9.22,-0.02,0.43,0.05
5191.58,84.06,-8.78,2.03,4.58,0.12,1.32,0.83,3.58,2.13,9.25,-0.05,0.44,0.01
5191.59,84.80,-8.99,2.59,4.20,0.02,1.29,0.82,3.48,2.03,9.26,-0.07,0.45,-0.03
5191.60,85.49,-9.11,1.86,4.11,-0.04,1.30,0.81,3.32,1.89,9.33,-0.10,0.47,-0.06
5191.61,86.32,-9.27,2.09,3.70,-0.01,1.30,0.78,3.04,1.74,9.53,-0.13,0.48,-0.11
5191.63,86.88,-9.37,2.02,3.25,-0.05,1.31,0.71,2.57,1.61,9.69,-0.16,0.49,-0.14
5191.64,87.73,-9.43,1.59,2.59,-0.04,1.34,0.57,2.07,1.48,9.81,-0.20,0.51,-0.14
5191.66,88.54,-10.04,1.61,2.05,-0.05,1.34,0.37,1.69,1.17,9.88,-0.20,0.51,-0.11
5191.68,89.64,-10.96,1.56,1.62,-0.18,1.20,0.12,1.42,0.76,9.99,-0.14,0.50,-0.10
5191.69,90.11,-11.37,1.04,1.19,-0.18,1.03,0.09,0.93,0.65,10.15,-0.11,0.47,-0.09
5191.71,90.43,-11.35,0.66,0.97,-0.13,0.89,0.08,0.49,0.47,10.22,-0.09,0.43,-0.06
5191.72,90.82,-11.21,0.42,0.74,-0.06,0.75,0.05,0.27,0.19,10.13,-0.05,0.40,-0.03
5191.73,90.83,-11.13,0.58,0.39,-0.02,0.57,-0.02,0.31,-0.07,9.77,0.00,0.35,0.01
5191.75,91.14,-10.76,0.64,0.43,-0.03,0.43,-0.04,0.43,-0.15,9.48,0.03,0.31,0.05
5191.76,91.23,-10.46,0.95,0.33,-0.06,0.30,-0.03,0.50,0.05,9.27,0.04,0.27,0.07
5191.77,91.31,-10.32,1.30,0.34,-0.10,0.20,-0.04,0.50,0.38,9.26,0.01,0.23,0.06
5191.78,91.31,-10.17,1.48,0.39,-0.11,0.10,-0.06,0.42,0.74,9.32,-0.01,0.20,0.02
5191.79,91.16,-10.24,1.65,0.57,-0.11,0.04,-0.10,0.68,1.24,9.65,-0.05,0.17,-0.03
5191.81,91.18,-10.19,1.90,0.86,-0.09,-0.01,-0.14,0.92,1.54,9.95,-0.08,0.13,-0.10
5191.82,91.05,-9.95,2.03,1.11,-0.06,-0.04,-0.19,1.04,1.64,10.08,-0.14,0.06,-0.15
5191.83,90.97,-9.65,1.94,1.38,-0.02,-0.06,-0.26,1.22,1.68,9.95,-0.20,-0.02,-0.20
5191.84,90.90,-9.46,1.90,1.55,0.00,-0.06,-0.34,1.32,1.65,9.67,-0.23,-0.06,-0.25
5191.86,90.80,-9.31,1.82,1.73,0.02,-0.05,-0.41,1.34,1.53,9.55,-0.23,-0.05,-0.28
5191.87,90.65,-9.37,1.66,1.84,0.03,-0.04,-0.45,1.33,1.36,9.61,-0.21,-0.02,-0.27
5191.88,90.45,-9.47,1.59,1.90,0.02,-0.01,-0.46,1.40,1.20,9.82,-0.18,0.02,-0.22
5191.90,90.28,-9.60,1.29,2.03,0.01,0.02,-0.44,1.53,1.06,9.99,-0.17,0.05,-0.17
5191.91,90.14,-9.80,1.04,2.13,0.01,0.06,-0.42,1.68,0.94,10.19,-0.16,0.07,-0.15
5191.92,90.02,-10.09,0.72,2.15,0.03,0.10,-0.39,1.63,0.70,10.44,-0.16,0.10,-0.14
5191.94,89.89,-10.21,0.54,2.05,0.03,0.14,-0.35,1.50,0.47,10.54,-0.13,0.14,-0.14
5191.95,89.80,-10.36,0.25,1.91,0.04,0.16,-0.30,1.31,0.30,10.61,-0.09,0.17,-0.10
5191.97,89.51,-10.55,0.08,1.72,0.04,0.18,-0.20,1.02,0.13,10.66,-0.00,0.25,-0.06
5191.98,89.33,-10.55,0.08,1.50,0.04,0.18,-0.13,0.81,0.11,10.61,0.10,0.33,-0.02
5191.99,88.99,-10.45,0.18,1.34,0.03,0.18,-0.06,0.62,0.17,10.48,0.18,0.39,0.03
5192.01,88.70,-10.33,0.18,1.24,0.01,0.17,0.01,0.53,0.17,10.31,0.24,0.45,0.09
5192.02,88.44,-10.26,0.20,1.15,-0.00,0.16,0.06,0.54,0.12,10.18,0.31,0.52,0.12
5192.03,88.01,-10.20,0.21,1.18,-0.02,0.15,0.09,0.61,0.08,10.03,0.37,0.56,0.13
5192.05,87.79,-10.16,0.25,1.26,-0.04,0.13,0.12,0.66,0.15,9.94,0.39,0.60,0.12
5192.06,87.43,-10.05,0.39,1.32,-0.06,0.11,0.16,0.67,0.23,9.84,0.38,0.63,0.11
5192.07,86.93,-9.97,0.48,1.37,-0.08,0.10,0.20,0.67,0.32,9.74,0.36,0.66,0.09
5192.08,86.52,-9.84,0.60,1.41,-0.11,0.08,0.23,0.71,0.44,9.64,0.35,0.70,0.07
5192.09,85.88,-9.75,0.77,1.47,-0.14,0.06,0.26,0.72,0.66,9.59,0.32,0.74,0.03
5192.11,85.44,-9.70,0.92,1.52,-0.16,0.06,0.26,0.71,0.83,9.54,0.30,0.75,0.01
5192.12,85.08,-9.62,1.06,1.51,-0.17,0.05,0.27,0.62,0.90,9.48,0.27,0.76,-0.02
5192.14,84.61,-9.58,1.05,1.44,-0.20,0.04,0.27,0.51,0.88,9.45,0.26,0.77,-0.03
5192.15,84.04,-9.58,0.99,1.42,-0.23,0.03,0.28,0.40,0.89,9.47,0.25,0.77,-0.03
5192.16,83.33,-9.71,1.01,1.37,-0.24,0.02,0.30,0.26,0.98,9.58,0.25,0.77,-0.04
5192.18,82.86,-9.86,1.12,1.37,-0.25,0.01,0.31,0.14,1.12,9.72,0.24,0.74,-0.05
5192.19,82.08,-9.97,1.27,1.39,-0.26,-0.02,0.33,0.04,1.39,9.86,0.22,0.67,-0.04
5192.21,81.68,-9.98,1.38,1.38,-0.25,-0.03,0.32,0.03,1.54,9.90,0.21,0.61,-0.03
5192.23,80.97,-9.95,1.56,1.45,-0.20,-0.06,0.27,0.03,1.88,9.90,0.16,0.44,-0.02
5192.25,80.73,-9.92,1.69,1.51,-0.17,-0.07,0.23,0.05,2.01,9.91,0.13,0.35,-0.02
5192.26,80.58,-9.90,1.74,1.57,-0.14,-0.07,0.20,0.09,2.07,9.91,0.11,0.28,-0.01
5192.27,80.44,-9.81,1.84,1.67,-0.10,-0.08,0.14,0.17,2.12,9.92,0.09,0.17,0.01
5192.29,80.39,-9.72,1.88,1.80,-0.08,-0.08,0.09,0.26,2.12,9.87,0.07,0.09,0.03
5192.30,80.32,-9.62,1.89,1.91,-0.05,-0.07,0.04,0.30,2.16,9.83,0.03,0.02,0.02
5192.31,80.31,-9.54,1.98,1.94,-0.02,-0.05,-0.03,0.22,2.14,9.73,-0.01,-0.03,-0.02
5192.33,80.32,-9.48,1.99,1.87,-0.01,-0.04,-0.10,0.10,2.07,9.64,-0.03,-0.04,-0.04
5192.34,80.31,-9.48,1.90,1.81,-0.00,-0.03,-0.17,-0.00,1.96,9.61,-0.04,-0.04,-0.05
5192.35,80.32,-9.54,1.70,1.74,-0.00,-0.02,-0.21,-0.10,1.82,9.66,-0.04,-0.02,-0.05
5192.36,80.28,-9.63,1.59,1.67,0.00,-0.01,-0.26,-0.18,1.65,9.75,-0.02,0.00,-0.04
5192.38,80.24,-9.81,1.33,1.58,-0.01,0.00,-0.29,-0.28,1.45,9.92,-0.02,0.01,-0.03
5192.39,80.23,-9.95,1.15,1.52,-0.01,0.01,-0.29,-0.33,1.36,10.00,-0.02,-0.00,-0.03
5192.41,80.25,-10.05,1.03,1.43,-0.01,0.01,-0.27,-0.41,1.27,10.02,-0.04,-0.02,-0.05
5192.42,80.28,-10.12,0.91,1.38,-0.00,0.01,-0.24,-0.45,1.22,10.02,-0.05,-0.03,-0.06
5192.44,80.29,-10.13,0.86,1.37,0.00,0.00,-0.20,-0.50,1.17,10.03,-0.06,-0.03,-0.06
5192.45,80.28,-10.13,0.87,1.37,0.01,-0.01,-0.16,-0.53,1.14,10.05,-0.06,-0.03,-0.06
5192.46,80.27,-10.08,0.85,1.40,0.01,-0.02,-0.12,-0.49,1.10,10.06,-0.05,-0.03,-0.04
5192.48,80.25,-10.00,0.86,1.44,0.00,-0.02,-0.09,-0.46,1.10,10.04,-0.02,-0.01,-0.03
5192.49,80.20,-9.96,0.88,1.46,-0.00,-0.02,-0.07,-0.40,1.13,10.01,-0.01,-0.01,-0.02
5192.50,80.19,-9.94,0.95,1.48,-0.01,-0.02,-0.06,-0.34,1.19,9.98,-0.01,-0.00,-0.02
5192.52,80.17,-9.92,1.02,1.51,-0.01,-0.01,-0.05,-0.30,1.27,9.96,-0.02,-0.01,-0.02
5192.53,80.17,-9.92,1.05,1.52,-0.02,-0.01,-0.05,-0.28,1.34,9.94,-0.02,-0.01,-0.03
5192.54,80.17,-9.90,1.09,1.55,-0.02,-0.01,-0.06,-0.28,1.41,9.92,-0.03,-0.02,-0.04
5192.56,80.17,-9.89,1.10,1.53,-0.02,-0.01,-0.07,-0.28,1.41,9.91,-0.03,-0.02,-0.04
5192.57,80.17,-9.88,1.12,1.52,-0.02,-0.01,-0.08,-0.29,1.41,9.92,-0.03,-0.02,-0.04
5192.59,80.16,-9.91,1.06,1.49,-0.02,-0.01,-0.09,-0.34,1.38,9.95,-0.02,-0.01,-0.03
5192.61,80.15,-9.91,1.04,1.45,-0.02,-0.01,-0.10,-0.39,1.36,9.95,-0.01