=~=~=~=~=~=~=~=~=~=~=~= PuTTY log 2024.05.21 12:09:47 =~=~=~=~=~=~=~=~=~=~=~=
2803.59,68.49,-9.45,2.06,2.92,-0.04,-0.02,0.00,-0.75,-0.06,9.97,0.01,0.00,0.00
2803.81,68.50,-9.45,2.07,2.92,-0.04,-0.02,0.00,-0.75,-0.06,9.97,0.01,0.00,0.00
2805.46,68.50,-9.45,2.07,2.92,-0.04,-0.02,0.00,-0.75,-0.06,9.97,0.01,0.00,0.00
2805.46,68.50,-9.45,2.07,2.92,-0.04,-0.02,0.00,-0.75,-0.06,9.97,0.01,0.00,0.00
2805.46,68.50,-9.45,2.07,2.92,-0.04,-0.02,0.00,-0.75,-0.06,9.97,0.01,0.00,0.00
2806.43,68.50,-9.45,2.06,2.92,-0.04,-0.02,0.00,-0.75,-0.06,9.97,0.01,0.00,0.00
2806.43,68.56,-9.45,2.06,2.92,-0.04,-0.02,0.00,-0.74,-0.06,9.98,0.01,0.00,0.00
2807.38,68.56,-9.45,2.06,2.92,-0.04,-0.02,0.00,-0.74,-0.07,9.98,0.01,0.00,0.00
2807.42,68.56,-9.45,2.05,2.93,-0.04,-0.02,0.00,-0.74,-0.07,9.97,0.01,-0.00,0.00
2807.46,68.56,-9.44,2.06,2.93,-0.04,-0.02,0.00,-0.74,-0.08,9.99,0.01,-0.00,0.00
2807.48,68.56,-9.44,2.06,2.94,-0.04,-0.02,0.00,-0.72,-0.08,9.98,0.01,0.00,0.00
2807.50,68.55,-9.44,2.06,2.94,-0.04,-0.02,0.00,-0.72,-0.08,9.98,0.01,0.00,0.00
2807.51,68.56,-9.45,2.06,2.95,-0.04,-0.02,0.00,-0.74,-0.07,9.99,0.01,0.00,0.00
2807.62,68.44,-9.45,2.06,2.95,-0.04,-0.02,0.00,-0.79,-0.06,10.00,0.00,-0.00,0.00
2808.14,68.48,-9.45,2.06,2.94,-0.04,-0.02,0.00,-0.68,-0.14,9.99,0.01,-0.00,0.01
2808.21,68.52,-9.44,2.06,2.95,-0.04,-0.02,0.01,-0.63,-0.11,9.98,0.01,-0.00,0.01
2808.21,68.58,-9.45,2.05,2.95,-0.04,-0.02,0.01,-0.62,-0.05,9.96,0.01,-0.00,0.00
2808.26,68.63,-9.44,2.08,2.95,-0.04,-0.02,-0.00,-0.76,-0.04,9.99,0.00,0.00,-0.00
2808.28,68.61,-9.43,2.08,2.94,-0.04,-0.02,-0.00,-0.79,-0.10,10.00,0.00,0.00,-0.00
2808.29,68.57,-9.44,2.07,2.92,-0.04,-0.03,-0.00,-0.82,-0.14,9.99,0.00,0.00,-0.00
2808.31,68.47,-9.42,2.05,3.01,-0.04,-0.02,0.02,-0.74,-0.04,9.98,0.01,-0.00,0.01
2808.31,68.43,-9.40,2.11,3.03,-0.04,-0.02,0.01,-0.70,-0.01,9.97,0.01,-0.00,0.00
2808.33,68.47,-9.39,2.13,3.02,-0.04,-0.02,0.01,-0.66,-0.01,9.97,0.00,-0.00,0.00
2808.35,68.48,-9.39,2.16,2.94,-0.03,-0.02,-0.01,-0.71,-0.08,9.99,0.00,0.00,-0.00
2808.36,68.50,-9.41,2.12,2.92,-0.03,-0.02,-0.02,-0.75,-0.07,9.99,0.00,0.00,0.00
2808.37,68.53,-9.44,2.08,2.94,-0.04,-0.02,0.00,-0.78,-0.06,10.00,0.01,0.00,0.00
2808.40,68.51,-9.43,2.08,2.94,-0.04,-0.02,-0.00,-0.77,-0.06,9.99,0.01,0.00,0.00
2808.41,68.50,-9.44,2.07,2.94,-0.04,-0.02,-0.00,-0.74,-0.07,9.98,0.01,-0.00,0.00
2808.43,68.52,-9.44,2.07,2.94,-0.04,-0.02,-0.00,-0.71,-0.05,9.99,0.01,-0.00,0.00
2808.45,68.54,-9.43,2.06,2.94,-0.04,-0.02,-0.00,-0.71,-0.05,9.97,0.00,0.00,-0.00
2808.45,68.56,-9.44,2.07,2.95,-0.04,-0.02,-0.00,-0.75,-0.07,9.98,0.00,0.00,0.00
2808.49,68.54,-9.44,2.07,2.95,-0.04,-0.02,0.00,-0.74,-0.07,9.97,0.00,0.00,0.00
2808.51,68.54,-9.44,2.07,2.96,-0.04,-0.02,0.00,-0.74,-0.07,9.97,0.00,0.00,0.00
2808.53,68.53,-9.44,2.08,2.95,-0.04,-0.02,0.00,-0.72,-0.05,9.98,0.01,0.00,0.00
2808.54,68.54,-9.44,2.08,2.95,-0.04,-0.02,0.00,-0.71,-0.05,9.98,0.00,0.00,0.00
2808.55,68.55,-9.45,2.08,2.94,-0.04,-0.02,0.00,-0.71,-0.06,9.98,0.00,0.00,0.00
2808.57,68.56,-9.44,2.09,2.94,-0.04,-0.02,0.00,-0.73,-0.06,9.99,0.01,0.00,0.00
2808.59,68.55,-9.43,2.09,2.94,-0.04,-0.02,0.00,-0.74,-0.06,9.97,0.01,0.00,0.00
2808.60,68.53,-9.43,2.07,2.95,-0.04,-0.02,-0.00,-0.73,-0.06,9.97,0.01,0.00,0.00
2808.61,68.53,-9.44,2.09,2.95,-0.04,-0.02,0.00,-0.72,-0.06,9.98,0.01,0.00,0.00
2808.63,68.53,-9.44,2.08,2.94,-0.04,-0.02,-0.00,-0.73,-0.06,9.98,0.01,-0.00,0.00
2808.64,68.53,-9.44,2.08,2.95,-0.04,-0.02,-0.00,-0.73,-0.05,9.97,0.01,-0.00,0.00
2808.65,68.52,-9.44,2.08,2.96,-0.04,-0.02,-0.00,-0.74,-0.05,9.98,0.01,0.00,0.00
2808.67,68.52,-9.44,2.07,2.94,-0.04,-0.02,0.00,-0.73,-0.05,9.99,0.01,0.00,0.00
2808.68,68.52,-9.45,2.07,2.94,-0.03,-0.02,0.00,-0.73,-0.06,9.98,0.01,0.00,0.00
2808.70,68.52,-9.44,2.07,2.93,-0.04,-0.02,0.00,-0.74,-0.07,9.98,0.01,0.00,0.00
2808.71,68.52,-9.44,2.07,2.94,-0.04,-0.02,0.00,-0.73,-0.07,9.99,0.01,0.00,0.00
2808.72,68.52,-9.44,2.07,2.95,-0.04,-0.02,0.00,-0.74,-0.08,10.00,0.01,0.00,0.00
2808.73,68.52,-9.43,2.07,2.94,-0.04,-0.02,0.00,-0.73,-0.08,9.99,0.01,0.00,0.00
2808.74,68.52,-9.44,2.07,2.94,-0.04,-0.02,0.00,-0.73,-0.07,9.99,0.01,-0.00,0.00
2808.75,68.52,-9.44,2.07,2.95,-0.04,-0.02,0.00,-0.72,-0.07,9.98,0.01,0.00,0.00
2808.77,68.52,-9.43,2.08,2.94,-0.04,-0.02,0.00,-0.72,-0.05,9.98,0.01,0.00,0.00
2808.78,68.53,-9.43,2.09,2.94,-0.04,-0.02,-0.00,-0.71,-0.05,9.99,0.01,0.00,0.00
2808.80,68.53,-9.43,2.09,2.95,-0.04,-0.02,-0.00,-0.72,-0.05,9.99,0.01,-0.00,-0.00
2808.81,68.53,-9.43,2.09,2.95,-0.04,-0.02,-0.00,-0.73,-0.05,9.98,0.00,-0.00,-0.00
2808.83,68.53,-9.43,2.07,2.95,-0.04,-0.02,-0.00,-0.72,-0.06,9.99,0.00,0.00,0.00
2808.84,68.53,-9.43,2.07,2.96,-0.04,-0.02,-0.00,-0.72,-0.07,9.99,0.00,0.00,0.00
2808.85,68.53,-9.43,2.07,2.95,-0.04,-0.02,-0.00,-0.73,-0.08,9.98,0.00,0.00,0.00
2808.86,68.52,-9.44,2.06,2.96,-0.04,-0.02,-0.00,-0.73,-0.07,9.98,0.01,0.00,0.00
2808.87,68.52,-9.44,2.06,2.96,-0.04,-0.02,-0.00,-0.74,-0.06,10.00,0.01,0.00,0.00
2808.89,68.51,-9.44,2.07,2.95,-0.04,-0.02,0.00,-0.73,-0.06,9.99,0.01,0.00,0.00
2808.90,68.51,-9.44,2.07,2.96,-0.04,-0.02,0.00,-0.73,-0.06,9.98,0.01,0.00,0.00
2808.92,68.51,-9.45,2.08,2.95,-0.04,-0.02,0.00,-0.72,-0.05,9.98,0.01,0.00,0.00
2808.93,68.51,-9.45,2.07,2.95,-0.04,-0.02,0.00,-0.74,-0.06,9.99,0.01,0.00,0.00
2808.94,68.50,-9.44,2.08,2.95,-0.04,-0.02,0.00,-0.73,-0.07,9.99,0.01,-0.00,0.00
2808.96,68.50,-9.44,2.07,2.95,-0.04,-0.02,0.00,-0.73,-0.07,9.98,0.01,-0.00,0.00
2808.97,68.50,-9.45,2.07,2.95,-0.04,-0.02,0.00,-0.73,-0.08,9.98,0.01,0.00,0.00
2808.99,68.50,-9.44,2.07,2.95,-0.04,-0.02,0.00,-0.72,-0.07,9.99,0.01,-0.00,0.00
2809.00,68.50,-9.44,2.07,2.95,-0.04,-0.02,0.00,-0.72,-0.07,9.99,0.01,-0.00,0.00
2809.01,68.50,-9.44,2.08,2.95,-0.04,-0.02,0.00,-0.73,-0.06,9.98,0.01,-0.00,0.00
2809.03,68.50,-9.43,2.07,2.96,-0.04,-0.02,0.00,-0.73,-0.06,9.98,0.01,0.00,0.00
2809.04,68.50,-9.44,2.08,2.95,-0.04,-0.02,0.00,-0.73,-0.06,9.98,0.01,0.00,0.00
2809.05,68.50,-9.44,2.08,2.95,-0.04,-0.02,0.00,-0.71,-0.06,9.99,0.01,-0.00,0.00
2809.06,68.51,-9.44,2.08,2.95,-0.04,-0.02,0.00,-0.72,-0.05,9.98,0.01,-0.00,0.00
2809.08,68.52,-9.44,2.08,2.94,-0.04,-0.02,0.00,-0.72,-0.05,9.98,0.01,0.00,0.00
2809.09,68.52,-9.45,2.08,2.94,-0.04,-0.02,-0.00,-0.72,-0.05,9.97,0.01,0.00,0.00
2809.10,68.53,-9.44,2.08,2.94,-0.04,-0.02,-0.00,-0.73,-0.05,9.98,0.01,0.00,0.00
2809.11,68.53,-9.44,2.07,2.94,-0.04,-0.02,-0.00,-0.74,-0.06,9.98,0.01,0.00,0.00
2809.13,68.53,-9.44,2.07,2.93,-0.04,-0.02,-0.00,-0.74,-0.05,9.98,0.01,0.00,0.00
2809.15,68.53,-9.43,2.07,2.95,-0.04,-0.02,-0.00,-0.72,-0.05,9.98,0.01,0.00,0.00
2809.16,68.53,-9.44,2.08,2.94,-0.04,-0.02,-0.00,-0.72,-0.05,9.97,0.01,-0.00,0.00
2809.18,68.54,-9.44,2.08,2.94,-0.04,-0.02,-0.00,-0.72,-0.06,9.96,0.01,-0.00,0.00
2809.19,68.54,-9.43,2.07,2.94,-0.04,-0.02,0.00,-0.72,-0.07,9.96,0.01,-0.00,0.00
2809.20,68.54,-9.44,2.07,2.96,-0.04,-0.02,0.00,-0.73,-0.06,9.96,0.01,-0.00,0.00
2809.21,68.54,-9.44,2.07,2.95,-0.04,-0.02,0.00,-0.72,-0.06,9.97,0.01,-0.00,0.00
2809.22,68.54,-9.44,2.07,2.96,-0.04,-0.02,0.00,-0.72,-0.06,9.96,0.01,-0.00,0.00
2809.24,68.54,-9.44,2.08,2.95,-0.04,-0.02,0.00,-0.72,-0.06,9.97,0.01,-0.00,0.00
2809.25,68.54,-9.44,2.08,2.94,-0.04,-0.02,0.00,-0.73,-0.06,9.97,0.01,-0.00,0.00
2809.26,68.54,-9.44,2.08,2.94,-0.04,-0.02,-0.00,-0.73,-0.06,9.98,0.01,-0.00,0.00
2809.28,68.54,-9.44,2.08,2.94,-0.04,-0.02,-0.00,-0.74,-0.07,9.99,0.01,-0.00,0.00
2809.30,68.54,-9.44,2.08,2.94,-0.04,-0.02,-0.00,-0.73,-0.06,9.99,0.01,0.00,0.00
2809.31,68.54,-9.44,2.07,2.94,-0.04,-0.02,0.00,-0.73,-0.06,9.98,0.01,-0.00,0.00
2809.32,68.54,-9.44,2.07,2.94,-0.04,-0.02,0.00,-0.73,-0.06,9.98,0.01,-0.00,0.00
2809.34,68.54,-9.44,2.07,2.93,-0.04,-0.02,0.00,-0.73,-0.06,9.99,0.01,-0.00,0.00
2809.35,68.55,-9.44,2.07,2.93,-0.04,-0.02,0.00,-0.73,-0.05,9.99,0.01,-0.00,0.00
2809.37,68.54,-9.44,2.07,2.94,-0.03,-0.02,0.00,-0.74,-0.06,10.00,0.01,-0.00,0.00
2809.39,68.54,-9.44,2.07,2.94,-0.03,-0.02,0.00,-0.74,-0.07,10.00,0.01,-0.00,0.00
2809.40,68.54,-9.44,2.07,2.94,-0.03,-0.02,0.00,-0.73,-0.07,9.99,0.01,-0.00,0.00
2809.41,68.54,-9.44,2.07,2.95,-0.04,-0.02,0.00,-0.73,-0.07,9.99,0.01,-0.00,0.00
2809.42,68.55,-9.44,2.07,2.95,-0.04,-0.02,0.00,-0.72,-0.07,9.98,0.01,-0.00,0.00
2809.44,68.55,-9.44,2.07,2.95,-0.04,-0.02,0.00,-0.72,-0.07,9.98,0.01,0.00,0.00
2809.46,68.55,-9.44,2.08,2.95,-0.04,-0.02,0.00,-0.72,-0.06,9.98,0.01,0.00,0.00
2809.47,68.55,-9.43,2.08,2.96,-0.04,-0.02,0.00,-0.71,-0.06,9.97,0.01,0.00,0.00
2809.48,68.55,-9.43,2.08,2.96,-0.04,-0.02,0.00,-0.72,-0.06,9.97,0.01,0.00,0.00
2809.49,68.54,-9.43,2.09,2.95,-0.04,-0.02,-0.00,-0.73,-0.06,9.97,0.01,-0.00,0.00
2809.50,68.54,-9.43,2.09,2.96,-0.04,-0.02,-0.00,-0.73,-0.05,9.99,0.00,-0.00,0.00
2809.51,68.54,-9.44,2.09,2.94,-0.04,-0.02,-0.00,-0.74,-0.05,9.98,0.00,-0.00,0.00
2809.53,68.54,-9.43,2.08,2.95,-0.04,-0.02,-0.00,-0.73,-0.04,9.98,0.00,-0.00,0.00
2809.54,68.54,-9.44,2.08,2.94,-0.04,-0.02,-0.00,-0.74,-0.06,9.99,0.00,-0.00,0.00
2809.56,68.54,-9.45,2.07,2.93,-0.04,-0.02,-0.00,-0.74,-0.06,9.98,0.00,-0.00,0.00
2809.57,68.54,-9.44,2.07,2.94,-0.04,-0.02,-0.00,-0.72,-0.06,9.99,0.00,0.00,0.00
2809.58,68.54,-9.44,2.06,2.94,-0.04,-0.02,-0.00,-0.73,-0.06,9.99,0.00,0.00,0.00
2809.60,68.54,-9.44,2.06,2.95,-0.04,-0.02,-0.00,-0.74,-0.05,9.98,0.00,-0.00,0.00
2809.61,68.53,-9.44,2.06,2.94,-0.04,-0.02,-0.00,-0.74,-0.06,9.99,0.00,-0.00,0.00
2809.63,68.53,-9.44,2.07,2.94,-0.04,-0.02,-0.00,-0.73,-0.06,9.99,0.01,-0.00,0.00
2809.64,68.53,-9.43,2.07,2.94,-0.04,-0.02,0.00,-0.74,-0.06,9.99,0.01,-0.00,0.00
2809.66,68.53,-9.43,2.07,2.95,-0.04,-0.02,0.00,-0.73,-0.06,10.00,0.01,0.00,0.00
2809.67,68.53,-9.43,2.08,2.95,-0.04,-0.02,0.00,-0.72,-0.06,10.00,0.01,0.00,0.00
2809.68,68.53,-9.44,2.08,2.95,-0.04,-0.02,0.00,-0.73,-0.07,9.98,0.01,0.00,0.00
2809.70,68.52,-9.44,2.07,2.95,-0.04,-0.02,0.00,-0.73,-0.07,9.97,0.01,0.00,0.00
2809.71,68.52,-9.45,2.07,2.95,-0.04,-0.02,-0.00,-0.74,-0.07,9.98,0.01,0.00,0.00
2809.73,68.52,-9.44,2.07,2.95,-0.04,-0.02,-0.00,-0.73,-0.07,9.97,0.01,0.00,0.00
2809.74,68.52,-9.44,2.07,2.95,-0.04,-0.02,0.00,-0.73,-0.07,9.97,0.01,0.00,0.00
2809.75,68.51,-9.44,2.07,2.96,-0.04,-0.02,0.00,-0.73,-0.06,9.96,0.01,-0.00,0.00
2809.77,68.50,-9.44,2.08,2.95,-0.04,-0.02,0.00,-0.74,-0.06,9.95,0.01,0.00,0.00
2809.78,68.50,-9.44,2.08,2.95,-0.04,-0.02,0.00,-0.74,-0.06,9.96,0.01,0.00,0.00
2809.80,68.50,-9.44,2.08,2.95,-0.04,-0.02,0.00,-0.75,-0.06,9.97,0.01,-0.00,0.00
2809.81,68.49,-9.44,2.08,2.96,-0.04,-0.02,0.00,-0.75,-0.06,9.98,0.01,-0.00,0.00
2809.82,68.48,-9.44,2.09,2.95,-0.04,-0.02,0.00,-0.74,-0.07,9.98,0.01,-0.00,0.00
2809.84,68.48,-9.44,2.09,2.94,-0.04,-0.02,0.00,-0.75,-0.07,9.98,0.01,-0.00,0.00
2809.85,68.48,-9.44,2.09,2.95,-0.04,-0.02,-0.00,-0.74,-0.06,9.98,0.01,-0.00,0.00
2809.86,68.48,-9.43,2.08,2.95,-0.04,-0.02,0.00,-0.74,-0.06,9.98,0.01,0.00,0.00
2809.88,68.47,-9.43,2.09,2.95,-0.04,-0.02,0.00,-0.73,-0.06,9.98,0.01,0.00,0.00
2809.89,68.48,-9.43,2.09,2.95,-0.04,-0.02,0.00,-0.73,-0.07,9.97,0.01,0.00,0.00
2809.91,68.48,-9.43,2.08,2.95,-0.04,-0.02,0.00,-0.71,-0.06,9.97,0.01,-0.00,0.00
2809.92,68.49,-9.44,2.08,2.95,-0.04,-0.02,0.00,-0.71,-0.06,9.97,0.01,-0.00,0.00
2809.93,68.49,-9.43,2.08,2.95,-0.04,-0.02,-0.00,-0.72,-0.06,9.97,0.01,-0.00,0.00
2809.94,68.49,-9.43,2.08,2.95,-0.04,-0.02,-0.00,-0.73,-0.06,9.98,0.01,0.00,0.00
2809.96,68.49,-9.42,2.08,2.96,-0.04,-0.02,-0.00,-0.72,-0.06,9.98,0.01,0.00,0.00
2809.97,68.49,-9.43,2.08,2.95,-0.04,-0.02,-0.00,-0.73,-0.06,9.98,0.01,0.00,0.00
2809.99,68.49,-9.43,2.08,2.95,-0.04,-0.02,-0.00,-0.72,-0.06,9.98,0.01,-0.00,0.00
2810.12,68.49,-9.44,2.07,2.95,-0.04,-0.02,-0.00,-0.74,-0.06,9.99,0.01,-0.00,0.00
2810.14,68.49,-9.44,2.07,2.94,-0.04,-0.02,0.00,-0.74,-0.06,9.98,0.01,0.00,0.00
2810.15,68.49,-9.44,2.07,2.94,-0.04,-0.02,0.00,-0.74,-0.07,9.99,0.01,0.00,0.00
2810.17,68.49,-9.44,2.08,2.95,-0.04,-0.02,0.00,-0.73,-0.06,9.99,0.01,0.00,0.00
2810.19,68.49,-9.43,2.08,2.96,-0.04,-0.02,0.00,-0.72,-0.05,9.99,0.01,0.00,0.00
2810.20,68.49,-9.43,2.08,2.96,-0.03,-0.02,0.00,-0.72,-0.04,9.98,0.01,-0.00,0.00
2810.21,68.50,-9.43,2.08,2.95,-0.03,-0.02,-0.00,-0.72,-0.05,9.97,0.01,-0.00,0.00
2810.22,68.50,-9.44,2.08,2.95,-0.03,-0.02,-0.00,-0.73,-0.05,9.97,0.01,-0.00,0.00
2810.23,68.50,-9.44,2.08,2.95,-0.04,-0.02,-0.00,-0.73,-0.06,9.99,0.01,-0.00,0.00
2810.25,68.50,-9.44,2.07,2.96,-0.04,-0.02,0.00,-0.74,-0.07,9.98,0.01,-0.00,0.00
2810.26,68.49,-9.44,2.07,2.96,-0.04,-0.02,0.00,-0.72,-0.07,9.98,0.01,-0.00,0.00
2810.27,68.50,-9.44,2.07,2.95,-0.04,-0.02,0.00,-0.72,-0.07,9.99,0.01,-0.00,0.00
2810.29,68.50,-9.43,2.07,2.95,-0.04,-0.02,0.00,-0.72,-0.07,9.98,0.01,-0.00,0.00
2810.30,68.50,-9.43,2.09,2.95,-0.04,-0.02,0.00,-0.73,-0.06,9.97,0.00,-0.00,0.00
2810.31,68.51,-9.42,2.09,2.94,-0.04,-0.02,-0.00,-0.72,-0.04,9.98,0.00,-0.00,0.00
2810.32,68.51,-9.42,2.08,2.94,-0.04,-0.02,-0.00,-0.73,-0.05,9.97,0.00,-0.00,0.00
2810.34,68.52,-9.42,2.07,2.93,-0.04,-0.02,-0.00,-0.74,-0.05,9.97,0.00,-0.00,0.00
2810.35,68.52,-9.43,2.07,2.93,-0.04,-0.02,-0.00,-0.74,-0.06,9.97,0.00,-0.00,0.00
2810.36,68.52,-9.43,2.06,2.93,-0.04,-0.02,-0.00,-0.74,-0.06,9.99,0.00,-0.00,0.00
2810.38,68.52,-9.43,2.07,2.94,-0.04,-0.02,-0.00,-0.74,-0.06,9.98,0.00,-0.00,0.00
2810.39,68.51,-9.43,2.06,2.95,-0.04,-0.02,0.00,-0.74,-0.07,9.98,0.00,0.00,0.00
2810.41,68.50,-9.43,2.06,2.95,-0.04,-0.02,0.00,-0.75,-0.07,9.99,0.01,-0.00,0.00
2810.42,68.49,-9.43,2.07,2.95,-0.04,-0.02,0.00,-0.74,-0.06,9.99,0.01,-0.00,0.00
2810.43,68.49,-9.42,2.08,2.95,-0.04,-0.02,0.00,-0.74,-0.06,9.98,0.01,-0.00,0.00
2810.45,68.49,-9.43,2.08,2.95,-0.04,-0.02,-0.00,-0.73,-0.06,9.98,0.01,0.00,0.00
2810.46,68.49,-9.43,2.08,2.95,-0.04,-0.02,-0.00,-0.73,-0.06,9.99,0.01,0.00,0.00
2810.47,68.49,-9.43,2.07,2.94,-0.04,-0.02,-0.00,-0.71,-0.05,9.99,0.01,0.00,0.00
2810.48,68.50,-9.43,2.07,2.94,-0.04,-0.02,-0.00,-0.73,-0.06,10.00,0.01,0.00,0.00
2810.50,68.50,-9.43,2.06,2.94,-0.04,-0.02,-0.00,-0.73,-0.07,10.00,0.01,0.00,0.00
2810.51,68.50,-9.44,2.06,2.94,-0.04,-0.02,0.00,-0.74,-0.08,10.00,0.01,0.00,0.00
2810.53,68.50,-9.43,2.06,2.95,-0.04,-0.02,0.00,-0.74,-0.08,9.99,0.01,0.00,0.00
2810.54,68.50,-9.43,2.06,2.95,-0.04,-0.02,0.00,-0.74,-0.08,9.99,0.01,0.00,0.00
2810.55,68.50,-9.43,2.06,2.95,-0.04,-0.02,0.00,-0.74,-0.08,10.00,0.01,0.00,0.00
2810.60,68.50,-9.43,2.06,2.95,-0.04,-0.02,0.00,-0.74,-0.07,10.00,0.01,0.00,0.00
2810.61,68.50,-9.43,2.07,2.95,-0.04,-0.02,0.00,-0.74,-0.07,10.00,0.01,0.00,0.00
2810.63,68.50,-9.43,2.07,2.95,-0.04,-0.02,0.00,-0.74,-0.07,10.00,0.01,0.00,0.00
2810.64,68.50,-9.44,2.08,2.95,-0.04,-0.02,0.00,-0.73,-0.08,10.00,0.01,0.00,0.00
2810.65,68.49,-9.44,2.08,2.96,-0.04,-0.02,0.00,-0.74,-0.08,10.00,0.01,-0.00,0.00
2810.66,68.48,-9.44,2.08,2.95,-0.04,-0.02,0.00,-0.73,-0.06,9.99,0.01,0.00,0.00
2810.68,68.48,-9.43,2.07,2.95,-0.04,-0.02,-0.00,-0.73,-0.06,9.99,0.01,-0.00,0.00
2810.69,68.48,-9.44,2.07,2.94,-0.04,-0.02,-0.00,-0.73,-0.06,9.98,0.01,0.00,0.00
2810.70,68.49,-9.44,2.07,2.94,-0.04,-0.02,-0.00,-0.73,-0.06,9.97,0.01,-0.00,0.00
2810.72,68.50,-9.44,2.07,2.94,-0.04,-0.02,-0.00,-0.72,-0.06,9.97,0.01,-0.00,0.00
2810.73,68.50,-9.43,2.07,2.95,-0.04,-0.02,-0.00,-0.73,-0.06,9.99,0.01,-0.00,0.00
2810.74,68.51,-9.43,2.08,2.94,-0.04,-0.02,-0.00,-0.73,-0.07,9.99,0.01,0.00,0.00
2810.76,68.51,-9.43,2.08,2.96,-0.04,-0.02,-0.00,-0.72,-0.06,9.99,0.01,0.00,0.00
2810.77,68.50,-9.43,2.08,2.96,-0.04,-0.02,0.00,-0.73,-0.06,9.98,0.01,0.00,0.00
2810.79,68.50,-9.43,2.07,2.96,-0.04,-0.02,0.00,-0.72,-0.06,9.98,0.01,0.00,0.00
2810.80,68.50,-9.44,2.08,2.94,-0.04,-0.02,0.00,-0.73,-0.06,9.99,0.01,0.00,0.00
2810.82,68.50,-9.45,2.08,2.95,-0.04,-0.02,0.00,-0.72,-0.06,9.98,0.01,0.00,0.00
2810.83,68.50,-9.45,2.07,2.96,-0.04,-0.02,0.00,-0.73,-0.06,9.99,0.01,0.00,0.00
2810.85,68.50,-9.44,2.08,2.96,-0.04,-0.02,0.00,-0.73,-0.06,9.98,0.01,0.00,0.00
2810.86,68.49,-9.44,2.08,2.96,-0.04,-0.02,0.00,-0.72,-0.06,9.98,0.01,0.00,0.00
2810.88,68.50,-9.44,2.08,2.95,-0.03,-0.02,0.00,-0.73,-0.06,9.98,0.01,0.00,0.00
2810.89,68.50,-9.44,2.09,2.94,-0.04,-0.02,0.00,-0.73,-0.05,9.99,0.01,0.00,0.00
2810.90,68.50,-9.44,2.08,2.94,-0.04,-0.02,0.00,-0.73,-0.04,10.00,0.01,0.00,0.00
2810.92,68.50,-9.44,2.07,2.95,-0.04,-0.02,0.00,-0.74,-0.04,10.00,0.01,-0.00,0.00
2810.93,68.50,-9.44,2.08,2.96,-0.04,-0.02,0.00,-0.74,-0.05,10.01,0.01,-0.00,0.00
2810.95,68.49,-9.44,2.08,2.97,-0.04,-0.02,0.00,-0.72,-0.07,9.99,0.01,0.00,0.00
2810.96,68.49,-9.43,2.07,2.97,-0.04,-0.02,0.00,-0.72,-0.08,9.98,0.01,-0.00,0.00
2810.97,68.49,-9.43,2.08,2.97,-0.04,-0.02,0.00,-0.70,-0.07,9.97,0.01,-0.00,0.00
2810.99,68.50,-9.43,2.09,2.96,-0.04,-0.02,-0.00,-0.71,-0.07,9.98,0.01,-0.00,0.00
2811.00,68.50,-9.43,2.09,2.95,-0.04,-0.02,-0.00,-0.72,-0.06,9.98,0.00,0.00,0.00
2811.01,68.51,-9.44,2.09,2.95,-0.04,-0.02,-0.00,-0.71,-0.05,9.97,0.00,0.00,0.00
2811.03,68.51,-9.45,2.08,2.94,-0.04,-0.02,-0.00,-0.74,-0.05,9.99,0.00,0.00,0.00
2811.04,68.52,-9.45,2.08,2.94,-0.04,-0.02,-0.00,-0.73,-0.05,9.98,0.00,-0.00,0.00
2811.06,68.52,-9.45,2.07,2.94,-0.04,-0.02,-0.00,-0.74,-0.05,9.98,0.00,0.00,0.00
2811.07,68.52,-9.45,2.07,2.95,-0.04,-0.02,-0.00,-0.74,-0.05,9.98,0.00,-0.00,0.00
2811.09,68.51,-9.44,2.06,2.95,-0.04,-0.02,-0.00,-0.74,-0.06,9.99,0.00,-0.00,0.00
2811.10,68.51,-9.44,2.06,2.96,-0.04,-0.02,-0.00,-0.75,-0.07,9.99,0.01,0.00,0.00
2811.11,68.50,-9.44,2.06,2.95,-0.04,-0.02,-0.00,-0.73,-0.07,9.98,0.01,0.00,0.00
2811.13,68.50,-9.44,2.07,2.95,-0.04,-0.02,0.00,-0.73,-0.07,9.99,0.01,0.00,0.00
2811.14,68.50,-9.44,2.07,2.95,-0.04,-0.02,0.00,-0.74,-0.07,9.99,0.01,0.00,0.00
2811.15,68.50,-9.44,2.07,2.95,-0.04,-0.02,0.00,-0.72,-0.07,9.99,0.01,0.00,0.00
2811.16,68.50,-9.43,2.08,2.94,-0.04,-0.02,0.00,-0.72,-0.07,9.99,0.01,0.00,0.00
2811.18,68.51,-9.43,2.08,2.94,-0.04,-0.02,0.00,-0.72,-0.06,9.99,0.01,0.00,0.00
2811.19,68.52,-9.43,2.08,2.94,-0.04,-0.02,-0.00,-0.71,-0.05,9.98,0.01,0.00,0.00
2811.21,68.53,-9.43,2.09,2.92,-0.04,-0.02,-0.00,-0.72,-0.04,9.98,0.01,0.00,0.00
2811.22,68.54,-9.44,2.09,2.92,-0.04,-0.02,-0.00,-0.74,-0.04,9.98,0.01,0.00,0.00
2811.23,68.55,-9.44,2.08,2.91,-0.04,-0.02,-0.01,-0.75,-0.03,9.98,0.00,0.00,-0.00
2811.25,68.54,-9.45,2.08,2.91,-0.04,-0.02,-0.01,-0.78,-0.05,10.01,0.00,0.00,-0.00
2811.26,68.54,-9.45,2.08,2.92,-0.04,-0.02,-0.00,-0.79,-0.05,9.99,0.00,0.00,0.00
2811.28,68.53,-9.45,2.06,2.92,-0.04,-0.02,-0.00,-0.77,-0.08,9.99,0.00,0.00,0.00
2811.30,68.53,-9.46,2.05,2.93,-0.04,-0.02,-0.00,-0.75,-0.09,10.00,0.00,0.00,0.00
2811.31,68.53,-9.45,2.05,2.95,-0.04,-0.02,-0.00,-0.72,-0.09,10.00,0.01,0.00,0.00
2811.33,68.53,-9.44,2.05,2.97,-0.04,-0.02,0.00,-0.70,-0.09,9.99,0.01,0.00,0.00
2811.34,68.54,-9.45,2.05,2.97,-0.04,-0.02,0.00,-0.68,-0.09,9.98,0.01,0.00,0.00
2811.36,68.54,-9.44,2.05,2.97,-0.04,-0.02,0.01,-0.69,-0.08,9.98,0.01,0.00,0.00
2811.37,68.55,-9.43,2.07,2.96,-0.04,-0.02,0.01,-0.71,-0.08,9.97,0.01,-0.00,0.00
2811.38,68.54,-9.42,2.09,2.96,-0.04,-0.02,0.01,-0.73,-0.06,9.97,0.01,0.00,0.00
2811.39,68.54,-9.42,2.10,2.93,-0.04,-0.02,0.01,-0.74,-0.04,9.98,0.01,-0.00,0.00
2811.42,68.53,-9.44,2.10,2.91,-0.04,-0.02,-0.00,-0.79,-0.03,9.99,0.01,-0.00,0.00
2811.43,68.53,-9.45,2.08,2.91,-0.04,-0.02,-0.00,-0.77,-0.03,9.99,0.00,-0.00,0.00
2811.45,68.53,-9.47,2.04,2.91,-0.04,-0.02,-0.00,-0.75,-0.06,9.99,0.01,-0.00,0.00
2811.46,68.53,-9.47,2.03,2.93,-0.03,-0.02,-0.00,-0.73,-0.09,9.98,0.01,-0.00,0.00
2811.48,68.54,-9.45,2.02,2.98,-0.03,-0.03,0.01,-0.70,-0.12,9.98,0.01,-0.00,0.01
2811.49,68.53,-9.43,2.04,3.02,-0.03,-0.03,0.01,-0.67,-0.15,9.97,0.01,-0.00,0.01
2811.51,68.52,-9.41,2.06,3.02,-0.03,-0.02,0.02,-0.64,-0.13,9.98,0.01,-0.00,0.01
2811.52,68.52,-9.39,2.09,3.01,-0.04,-0.02,0.02,-0.65,-0.10,9.99,0.01,-0.00,0.00
2811.54,68.53,-9.39,2.13,2.98,-0.04,-0.02,0.01,-0.67,-0.04,9.98,0.01,0.00,0.00
2811.55,68.54,-9.40,2.16,2.94,-0.04,-0.02,0.01,-0.70,0.02,9.98,0.01,0.00,0.00
2811.56,68.55,-9.41,2.20,2.89,-0.04,-0.01,0.01,-0.75,0.06,9.99,0.01,0.00,0.00
2811.57,68.56,-9.42,2.21,2.85,-0.05,-0.01,-0.00,-0.80,0.10,10.00,0.01,0.00,0.00
2811.58,68.56,-9.42,2.20,2.84,-0.05,-0.02,-0.01,-0.82,0.11,9.99,0.00,0.00,0.00
2811.60,68.57,-9.44,2.16,2.83,-0.05,-0.02,-0.02,-0.82,0.08,9.98,0.00,0.00,0.01
2811.61,68.57,-9.45,2.10,2.86,-0.04,-0.02,-0.02,-0.82,0.02,9.99,0.00,0.00,0.01
2811.62,68.56,-9.47,2.04,2.90,-0.04,-0.02,-0.02,-0.79,-0.05,10.00,0.00,0.00,0.01
2811.64,68.55,-9.49,1.98,2.95,-0.04,-0.02,-0.02,-0.76,-0.12,10.01,0.00,0.00,0.00
2811.65,68.53,-9.50,1.92,2.98,-0.04,-0.02,-0.01,-0.74,-0.19,9.99,0.00,0.00,0.00
2811.66,68.52,-9.49,1.90,3.01,-0.03,-0.02,-0.00,-0.71,-0.22,9.98,0.01,-0.00,0.00
2811.67,68.52,-9.47,1.91,3.02,-0.03,-0.02,0.01,-0.69,-0.22,9.96,0.01,-0.00,0.00
2811.69,68.51,-9.46,1.96,3.02,-0.03,-0.02,0.02,-0.68,-0.19,9.97,0.01,-0.00,0.00
2811.70,68.51,-9.43,2.06,2.98,-0.03,-0.02,0.03,-0.68,-0.10,9.98,0.01,-0.00,-0.00
2811.73,68.53,-9.40,2.13,2.94,-0.03,-0.02,0.02,-0.70,0.00,9.97,0.01,-0.00,-0.00
2811.74,68.54,-9.38,2.15,2.93,-0.03,-0.02,0.02,-0.71,0.02,9.97,0.01,-0.00,0.00
2811.76,68.54,-9.38,2.16,2.93,-0.03,-0.02,0.01,-0.73,0.02,9.97,0.01,-0.00,0.00
2811.77,68.54,-9.39,2.15,2.93,-0.03,-0.02,0.00,-0.74,0.01,9.98,0.01,-0.00,0.00
2811.78,68.54,-9.40,2.14,2.93,-0.03,-0.02,-0.01,-0.74,-0.01,9.97,0.01,0.00,-0.00
2811.79,68.54,-9.42,2.12,2.93,-0.04,-0.02,-0.01,-0.75,-0.03,9.97,0.00,0.00,-0.00
2811.81,68.54,-9.43,2.09,2.93,-0.04,-0.02,-0.01,-0.77,-0.06,9.97,0.00,0.00,-0.00
2811.82,68.53,-9.45,2.06,2.95,-0.04,-0.02,-0.01,-0.75,-0.08,9.98,0.01,0.00,0.00
2811.83,68.53,-9.44,2.06,2.96,-0.04,-0.02,-0.00,-0.75,-0.08,9.99,0.01,0.00,0.00
2811.84,68.52,-9.44,2.07,2.97,-0.04,-0.02,0.00,-0.73,-0.07,9.98,0.01,0.00,0.00
2811.87,68.52,-9.40,2.12,2.97,-0.04,-0.02,0.00,-0.68,-0.01,10.00,0.00,0.00,0.00
2811.89,68.53,-9.39,2.16,2.96,-0.04,-0.01,-0.01,-0.66,0.02,9.98,0.00,0.00,-0.00
2811.90,68.55,-9.39,2.17,2.95,-0.04,-0.01,-0.02,-0.66,0.04,9.97,0.00,0.00,-0.01
2811.91,68.57,-9.38,2.18,2.94,-0.03,-0.01,-0.03,-0.65,0.04,9.95,-0.00,0.01,-0.01
2811.93,68.60,-9.39,2.16,2.96,-0.03,-0.02,-0.04,-0.65,0.02,9.96,-0.00,0.01,-0.01
2811.94,68.61,-9.41,2.12,2.97,-0.03,-0.01,-0.05,-0.64,-0.01,9.97,-0.01,0.01,-0.01
2811.96,68.62,-9.42,2.08,2.98,-0.03,-0.01,-0.05,-0.66,-0.05,9.97,-0.01,0.01,-0.01
2811.97,68.62,-9.44,2.04,2.99,-0.02,-0.01,-0.05,-0.69,-0.10,9.98,-0.01,0.01,-0.01
2811.99,68.62,-9.48,1.95,2.93,-0.02,-0.01,-0.04,-0.75,-0.15,9.99,-0.00,0.01,-0.01
2812.00,68.61,-9.50,1.93,2.92,-0.02,-0.01,-0.03,-0.78,-0.16,10.00,-0.00,0.01,-0.01
2812.02,68.60,-9.50,1.93,2.91,-0.02,-0.01,-0.03,-0.81,-0.18,10.00,0.00,0.00,-0.01
2812.03,68.58,-9.53,1.93,2.89,-0.03,-0.02,-0.02,-0.86,-0.17,10.01,0.00,0.00,-0.01
2812.04,68.56,-9.53,1.93,2.89,-0.03,-0.02,-0.01,-0.87,-0.15,10.01,0.01,0.00,-0.00
2812.05,68.54,-9.52,1.95,2.87,-0.03,-0.02,0.00,-0.88,-0.14,10.00,0.01,-0.00,0.00
2812.07,68.52,-9.50,1.98,2.87,-0.03,-0.02,0.01,-0.88,-0.12,9.99,0.01,-0.00,0.01
2812.09,68.50,-9.48,2.02,2.88,-0.04,-0.02,0.02,-0.85,-0.09,10.00,0.01,-0.00,0.01
2812.11,68.49,-9.48,2.04,2.90,-0.04,-0.02,0.02,-0.82,-0.07,10.01,0.01,-0.01,0.01
2812.12,68.49,-9.47,2.05,2.90,-0.05,-0.02,0.02,-0.79,-0.05,9.99,0.01,-0.01,0.01
2812.13,68.49,-9.45,2.07,2.92,-0.04,-0.02,0.02,-0.76,-0.03,9.99,0.01,-0.01,0.01
2812.15,68.49,-9.43,2.08,2.94,-0.04,-0.02,0.02,-0.74,-0.03,9.99,0.01,-0.01,0.01
2812.16,68.50,-9.42,2.09,2.94,-0.04,-0.02,0.02,-0.72,-0.02,9.99,0.01,-0.00,0.01
2812.18,68.51,-9.42,2.10,2.95,-0.04,-0.02,0.01,-0.68,-0.03,9.99,0.01,-0.00,0.01
2812.19,68.52,-9.42,2.09,2.97,-0.04,-0.02,0.01,-0.67,-0.04,9.98,0.01,-0.00,0.01
2812.21,68.53,-9.43,2.08,2.99,-0.04,-0.02,0.01,-0.66,-0.06,9.97,0.01,-0.00,0.00
2812.22,68.54,-9.43,2.08,2.99,-0.04,-0.02,0.01,-0.67,-0.07,9.97,0.01,0.00,0.00
2812.24,68.54,-9.43,2.07,2.99,-0.04,-0.02,0.01,-0.66,-0.07,9.98,0.01,0.00,0.00
2812.25,68.54,-9.43,2.07,2.97,-0.04,-0.02,0.00,-0.68,-0.08,9.98,0.01,0.00,0.00
2812.26,68.54,-9.44,2.06,2.96,-0.04,-0.02,0.00,-0.69,-0.09,9.99,0.01,0.00,0.00
2812.27,68.55,-9.46,2.03,2.95,-0.03,-0.02,0.00,-0.71,-0.10,9.99,0.01,0.00,0.00
2812.30,68.56,-9.47,2.03,2.94,-0.03,-0.02,0.01,-0.73,-0.10,9.98,0.01,0.00,0.00
2812.31,68.56,-9.46,2.05,2.92,-0.03,-0.02,0.01,-0.76,-0.09,9.97,0.01,0.00,0.00
2812.32,68.55,-9.45,2.07,2.90,-0.03,-0.02,0.02,-0.79,-0.07,9.97,0.01,0.00,0.01
2812.33,68.54,-9.46,2.07,2.89,-0.04,-0.02,0.02,-0.81,-0.06,9.99,0.01,0.00,0.01
2812.35,68.54,-9.47,2.07,2.88,-0.04,-0.02,0.02,-0.79,-0.04,9.99,0.01,0.00,0.01
2812.36,68.54,-9.45,2.08,2.88,-0.04,-0.02,0.01,-0.80,-0.03,9.98,0.01,-0.00,0.01
2812.38,68.54,-9.45,2.10,2.87,-0.04,-0.02,0.01,-0.79,-0.03,9.97,0.01,-0.00,0.01
2812.40,68.55,-9.44,2.11,2.86,-0.04,-0.02,0.01,-0.79,-0.01,9.97,0.01,-0.00,0.01
2812.42,68.55,-9.44,2.10,2.89,-0.04,-0.03,0.01,-0.76,0.00,9.98,0.01,-0.00,0.01
2812.44,68.56,-9.45,2.10,2.91,-0.04,-0.03,0.01,-0.73,-0.00,9.98,0.01,-0.00,0.00
2812.45,68.57,-9.44,2.10,2.94,-0.04,-0.03,0.00,-0.70,-0.02,9.99,0.00,-0.00,0.00
2812.46,68.58,-9.43,2.08,2.96,-0.03,-0.03,0.00,-0.69,-0.04,9.99,0.00,-0.00,-0.00
2812.48,68.58,-9.42,2.08,2.98,-0.03,-0.03,-0.00,-0.67,-0.08,9.98,0.00,-0.00,-0.00
2812.49,68.58,-9.42,2.07,3.01,-0.03,-0.03,-0.00,-0.67,-0.09,9.97,0.00,-0.00,-0.00
2812.51,68.57,-9.42,2.07,3.01,-0.03,-0.02,-0.00,-0.65,-0.10,9.98,0.00,-0.00,-0.00
2812.52,68.56,-9.43,2.08,3.01,-0.03,-0.02,0.00,-0.66,-0.10,9.98,0.00,-0.00,-0.00
2812.53,68.57,-9.43,2.09,2.99,-0.03,-0.02,0.00,-0.68,-0.08,9.97,0.01,0.00,-0.00
2812.55,68.57,-9.43,2.09,2.98,-0.03,-0.02,0.00,-0.69,-0.06,9.97,0.01,0.00,-0.00
2812.56,68.57,-9.43,2.11,2.95,-0.03,-0.02,-0.00,-0.72,-0.04,9.97,0.01,0.00,0.00
2812.58,68.57,-9.44,2.11,2.93,-0.04,-0.02,-0.00,-0.73,-0.02,9.99,0.01,0.00,0.00
2812.60,68.57,-9.44,2.11,2.90,-0.04,-0.02,-0.01,-0.76,-0.01,9.99,0.00,0.00,0.00
2812.61,68.57,-9.44,2.11,2.90,-0.04,-0.02,-0.01,-0.77,-0.01,9.99,0.00,0.00,0.00
2812.63,68.57,-9.43,2.10,2.90,-0.04,-0.02,-0.01,-0.77,-0.01,10.00,0.00,0.00,0.00
2812.64,68.56,-9.44,2.09,2.90,-0.04,-0.02,-0.01,-0.78,-0.02,10.00,0.00,0.00,0.00
2812.65,68.55,-9.44,2.08,2.90,-0.04,-0.02,-0.01,-0.79,-0.03,10.00,0.00,0.00,0.00
2812.67,68.54,-9.44,2.08,2.91,-0.04,-0.02,-0.01,-0.79,-0.04,9.99,0.00,0.00,0.00
2812.68,68.53,-9.45,2.07,2.92,-0.04,-0.02,-0.01,-0.78,-0.04,9.99,0.00,0.00,0.00
2812.69,68.53,-9.46,2.06,2.92,-0.04,-0.02,-0.01,-0.75,-0.05,9.99,0.00,0.00,0.00
2812.70,68.53,-9.46,2.05,2.94,-0.04,-0.02,-0.00,-0.74,-0.07,9.99,0.00,0.00,0.00
2812.72,68.53,-9.45,2.04,2.96,-0.04,-0.02,-0.00,-0.70,-0.09,9.99,0.00,0.00,0.00
2812.73,68.53,-9.45,2.04,2.97,-0.03,-0.02,-0.00,-0.70,-0.11,10.00,0.00,0.00,0.00
2812.75,68.54,-9.44,2.04,2.97,-0.03,-0.02,0.00,-0.69,-0.11,9.99,0.01,-0.00,0.00
2812.76,68.54,-9.44,2.04,2.97,-0.03,-0.02,0.00,-0.70,-0.12,9.98,0.01,-0.00,-0.00
2812.77,68.54,-9.44,2.04,2.96,-0.03,-0.02,0.00,-0.70,-0.11,9.98,0.01,-0.00,-0.00
2812.79,68.55,-9.44,2.06,2.94,-0.03,-0.02,0.01,-0.72,-0.08,9.97,0.01,-0.00,0.00
2812.81,68.55,-9.44,2.08,2.93,-0.03,-0.02,0.01,-0.75,-0.06,9.98,0.01,-0.00,0.00
2812.84,68.54,-9.43,2.10,2.91,-0.04,-0.02,0.00,-0.77,-0.03,9.99,0.01,-0.00,0.00
2812.85,68.55,-9.43,2.10,2.90,-0.04,-0.02,0.00,-0.76,-0.02,10.00,0.01,-0.00,0.00
2812.87,68.54,-9.43,2.10,2.91,-0.04,-0.02,0.00,-0.76,-0.03,9.99,0.01,-0.00,0.00
2812.88,68.54,-9.43,2.10,2.93,-0.04,-0.02,0.00,-0.75,-0.02,9.98,0.00,-0.00,0.00
2812.90,68.54,-9.42,2.10,2.94,-0.04,-0.02,0.00,-0.73,-0.02,9.99,0.00,0.00,0.00
2812.91,68.53,-9.43,2.09,2.96,-0.04,-0.02,-0.00,-0.73,-0.03,9.99,0.00,0.00,0.00
2812.93,68.53,-9.43,2.08,2.97,-0.04,-0.02,-0.00,-0.71,-0.06,9.98,0.00,0.00,0.00
2812.94,68.53,-9.43,2.07,2.96,-0.04,-0.02,-0.00,-0.71,-0.07,9.99,0.00,0.00,0.00
2812.95,68.53,-9.45,2.06,2.96,-0.04,-0.02,-0.00,-0.71,-0.09,9.98,0.00,0.00,0.00
2812.97,68.53,-9.45,2.04,2.96,-0.04,-0.02,-0.00,-0.71,-0.09,9.99,0.01,0.00,0.00
2812.99,68.53,-9.46,2.04,2.95,-0.04,-0.02,-0.00,-0.72,-0.10,9.98,0.01,0.00,0.00
2813.00,68.54,-9.46,2.04,2.95,-0.04,-0.02,0.00,-0.73,-0.10,9.98,0.01,0.00,0.00
2813.01,68.54,-9.45,2.04,2.96,-0.04,-0.02,0.01,-0.73,-0.11,9.98,0.01,0.00,0.00
2813.02,68.53,-9.44,2.04,2.95,-0.04,-0.02,0.01,-0.74,-0.10,9.98,0.01,0.00,0.01
2813.04,68.53,-9.45,2.05,2.95,-0.04,-0.02,0.01,-0.73,-0.09,9.98,0.01,0.00,0.01
2813.05,68.53,-9.44,2.06,2.95,-0.04,-0.02,0.02,-0.73,-0.07,9.98,0.01,0.00,0.01
2813.07,68.53,-9.43,2.09,2.93,-0.04,-0.02,0.02,-0.73,-0.05,9.99,0.01,0.00,0.01
2813.09,68.52,-9.43,2.11,2.93,-0.04,-0.02,0.02,-0.76,-0.04,10.01,0.01,0.00,0.01
2813.11,68.52,-9.44,2.10,2.92,-0.05,-0.02,0.02,-0.78,-0.03,10.03,0.01,0.00,0.01
2813.12,68.52,-9.46,2.08,2.92,-0.05,-0.01,0.02,-0.79,-0.05,10.04,0.01,0.00,0.01
2813.13,68.51,-9.48,2.07,2.93,-0.05,-0.01,0.02,-0.78,-0.06,10.04,0.02,0.00,0.01
2813.14,68.52,-9.48,2.06,2.94,-0.05,-0.01,0.02,-0.76,-0.07,10.04,0.02,0.00,0.01
2813.16,68.52,-9.46,2.07,2.95,-0.05,-0.01,0.02,-0.74,-0.09,10.02,0.02,-0.00,0.01
2813.17,68.53,-9.44,2.08,2.96,-0.05,-0.00,0.01,-0.73,-0.08,10.01,0.02,-0.00,0.01
2813.19,68.54,-9.42,2.08,2.97,-0.05,-0.00,0.01,-0.70,-0.08,10.01,0.02,0.00,0.01
2813.20,68.55,-9.42,2.09,2.97,-0.05,0.00,0.01,-0.69,-0.08,9.99,0.02,0.00,0.01
2813.21,68.57,-9.41,2.07,2.97,-0.05,0.00,0.01,-0.67,-0.07,9.97,0.02,0.00,0.01
2813.23,68.59,-9.38,2.07,2.93,-0.05,0.00,0.01,-0.67,-0.06,9.95,0.02,0.00,0.01
2813.24,68.62,-9.40,2.10,2.94,-0.05,0.01,0.01,-0.66,-0.04,9.94,0.02,0.00,0.01
2813.25,68.66,-9.40,2.14,2.93,-0.05,0.01,0.01,-0.63,-0.04,9.94,0.02,0.01,0.01
2813.26,68.71,-9.40,2.15,2.91,-0.05,0.01,0.00,-0.64,-0.04,9.94,0.02,0.01,0.01
2813.28,68.75,-9.43,2.12,2.93,-0.05,0.01,-0.01,-0.66,-0.04,9.97,0.02,0.00,0.01
2813.29,68.79,-9.43,2.10,2.91,-0.04,0.01,-0.01,-0.68,-0.04,9.96,0.02,0.00,0.01
2813.31,68.83,-9.43,2.12,2.91,-0.04,0.01,-0.02,-0.69,-0.06,9.97,0.02,0.00,0.02
2813.32,68.86,-9.46,2.10,2.90,-0.05,0.01,-0.02,-0.72,-0.08,9.97,0.02,0.00,0.02
2813.34,68.88,-9.47,2.06,2.91,-0.06,0.01,-0.03,-0.71,-0.10,9.98,0.02,0.00,0.03
2813.35,68.91,-9.48,2.01,2.93,-0.07,0.02,-0.03,-0.70,-0.12,10.00,0.03,0.00,0.04
2813.36,68.93,-9.50,1.98,2.93,-0.07,0.02,-0.03,-0.70,-0.17,10.01,0.03,-0.00,0.05
2813.38,68.96,-9.52,1.93,2.95,-0.07,0.02,-0.03,-0.68,-0.21,10.02,0.02,-0.01,0.06
2813.39,69.00,-9.54,1.90,2.96,-0.08,0.03,-0.02,-0.68,-0.25,10.03,0.02,-0.01,0.06
2813.40,69.05,-9.56,1.87,2.97,-0.08,0.03,-0.01,-0.67,-0.28,10.06,0.03,-0.02,0.06
2813.41,69.10,-9.60,1.86,2.98,-0.08,0.04,-0.01,-0.67,-0.26,10.08,0.03,-0.03,0.06
2813.43,69.18,-9.62,1.87,2.97,-0.08,0.04,0.01,-0.64,-0.28,10.09,0.03,-0.03,0.05
2813.44,69.24,-9.62,1.88,2.97,-0.08,0.04,0.02,-0.64,-0.27,10.09,0.03,-0.04,0.05
2813.45,69.33,-9.62,1.91,2.94,-0.08,0.05,0.03,-0.63,-0.23,10.10,0.03,-0.05,0.03
2813.47,69.43,-9.59,1.94,2.92,-0.09,0.05,0.03,-0.64,-0.18,10.08,0.03,-0.05,0.02
2813.48,69.51,-9.55,1.96,2.90,-0.08,0.05,0.04,-0.67,-0.06,10.02,0.03,-0.06,-0.01
2813.49,69.57,-9.52,1.99,2.85,-0.08,0.05,0.04,-0.71,0.00,9.95,0.03,-0.06,-0.01
2813.50,69.66,-9.48,2.05,2.80,-0.07,0.04,0.04,-0.72,0.06,9.89,0.03,-0.06,-0.00
2813.52,69.76,-9.43,2.12,2.79,-0.06,0.04,0.04,-0.67,0.07,9.86,0.01,-0.06,0.03
2813.53,69.85,-9.42,2.16,2.79,-0.06,0.03,0.04,-0.57,0.09,9.84,-0.00,-0.07,0.04
2813.55,70.00,-9.38,2.22,2.83,-0.05,0.03,0.03,-0.45,0.09,9.83,-0.03,-0.08,0.05
2813.56,70.14,-9.36,2.28,2.84,-0.04,0.02,0.02,-0.34,0.12,9.81,-0.05,-0.09,0.05
2813.57,70.33,-9.29,2.33,2.86,-0.03,0.01,0.02,-0.25,0.15,9.74,-0.09,-0.11,0.04
2813.59,70.54,-9.20,2.38,2.84,-0.02,0.00,0.01,-0.21,0.16,9.67,-0.11,-0.13,0.03
2813.60,70.70,-9.13,2.42,2.81,-0.01,-0.01,-0.01,-0.20,0.17,9.56,-0.13,-0.14,0.02
2813.62,70.91,-9.07,2.43,2.76,-0.01,-0.03,-0.03,-0.20,0.17,9.48,-0.17,-0.15,0.02
2813.63,71.09,-9.04,2.46,2.68,-0.00,-0.04,-0.06,-0.18,0.15,9.51,-0.20,-0.17,0.00
2813.65,71.37,-9.10,2.45,2.67,-0.02,-0.06,-0.11,-0.19,0.11,9.59,-0.24,-0.18,-0.01
2813.66,71.53,-9.15,2.40,2.69,-0.02,-0.07,-0.14,-0.22,0.10,9.63,-0.26,-0.19,-0.02
2813.67,71.66,-9.17,2.35,2.70,-0.02,-0.09,-0.16,-0.28,0.07,9.66,-0.27,-0.20,-0.03
2813.68,71.77,-9.17,2.34,2.67,-0.02,-0.10,-0.18,-0.31,0.04,9.68,-0.28,-0.20,-0.03
2813.70,71.87,-9.21,2.33,2.63,-0.02,-0.11,-0.20,-0.35,0.00,9.74,-0.30,-0.21,-0.05
2813.71,71.95,-9.28,2.26,2.65,-0.04,-0.13,-0.22,-0.41,-0.06,9.80,-0.32,-0.22,-0.06
2813.72,72.01,-9.36,2.13,2.66,-0.05,-0.14,-0.24,-0.47,-0.14,9.85,-0.33,-0.22,-0.07
2813.73,72.04,-9.41,1.99,2.67,-0.05,-0.16,-0.26,-0.51,-0.21,9.87,-0.34,-0.23,-0.07
2813.75,72.07,-9.43,1.89,2.64,-0.06,-0.17,-0.26,-0.55,-0.28,9.84,-0.34,-0.24,-0.08
2813.76,72.09,-9.43,1.79,2.59,-0.06,-0.20,-0.25,-0.57,-0.36,9.74,-0.34,-0.26,-0.09
2813.77,72.11,-9.41,1.74,2.56,-0.07,-0.21,-0.24,-0.60,-0.40,9.65,-0.34,-0.27,-0.10
2813.78,72.12,-9.35,1.66,2.51,-0.08,-0.23,-0.23,-0.63,-0.44,9.56,-0.35,-0.28,-0.11
2813.80,72.11,-9.31,1.57,2.42,-0.09,-0.26,-0.22,-0.72,-0.52,9.54,-0.35,-0.29,-0.12
2813.81,72.09,-9.39,1.52,2.43,-0.10,-0.28,-0.22,-0.76,-0.57,9.69,-0.35,-0.29,-0.13
2813.82,72.04,-9.54,1.47,2.52,-0.11,-0.28,-0.21,-0.81,-0.60,9.94,-0.35,-0.29,-0.13
2813.84,71.93,-9.75,1.46,2.66,-0.12,-0.29,-0.20,-0.81,-0.52,10.28,-0.34,-0.27,-0.13
2813.85,71.81,-9.94,1.47,2.79,-0.11,-0.28,-0.20,-0.77,-0.39,10.53,-0.33,-0.24,-0.14
2813.86,71.68,-10.11,1.26,2.84,-0.07,-0.28,-0.19,-0.88,-0.28,10.66,-0.31,-0.21,-0.16
2813.88,71.41,-10.36,1.18,2.66,-0.02,-0.29,-0.17,-1.42,-0.31,10.66,-0.27,-0.16,-0.17
2813.89,70.99,-10.72,1.25,2.18,-0.00,-0.34,-0.18,-2.16,-0.48,10.68,-0.19,-0.11,-0.11
2813.91,70.61,-10.72,1.31,1.83,-0.05,-0.40,-0.15,-2.59,-0.71,10.43,-0.11,-0.08,0.02
2813.92,70.13,-10.56,1.30,1.62,-0.12,-0.48,-0.12,-2.61,-0.88,9.89,-0.08,-0.07,0.19
2813.93,69.66,-10.43,1.18,1.58,-0.21,-0.58,-0.15,-2.23,-1.06,9.55,-0.11,-0.07,0.32
2813.94,69.26,-10.56,1.16,1.61,-0.29,-0.70,-0.17,-1.54,-1.22,9.67,-0.14,-0.09,0.38
2813.96,69.10,-10.80,1.14,1.84,-0.35,-0.77,-0.18,-1.02,-1.26,9.84,-0.14,-0.14,0.37
2813.97,69.00,-10.77,1.18,2.25,-0.40,-0.86,-0.17,-0.46,-1.24,9.94,-0.13,-0.22,0.30
2813.99,68.92,-10.48,1.25,2.73,-0.44,-0.95,-0.16,-0.16,-1.23,9.99,-0.11,-0.31,0.23
2814.00,68.86,-10.12,1.41,3.11,-0.47,-1.02,-0.18,0.04,-1.22,9.89,-0.09,-0.37,0.20
2814.01,68.43,-9.74,1.41,3.65,-0.51,-1.12,-0.24,0.29,-1.21,9.79,-0.08,-0.41,0.21
2814.02,68.11,-9.63,1.47,4.06,-0.54,-1.19,-0.31,0.81,-1.21,9.69,-0.09,-0.47,0.22
2814.05,67.92,-9.91,1.54,4.45,-0.56,-1.35,-0.29,1.52,-1.04,9.53,-0.12,-0.53,0.18
2814.07,67.46,-9.60,1.51,4.75,-0.56,-1.47,-0.26,1.60,-0.98,9.62,-0.14,-0.59,0.13
2814.08,67.44,-9.36,1.43,5.00,-0.56,-1.54,-0.27,1.58,-1.03,9.78,-0.14,-0.64,0.07
2814.09,66.53,-8.88,1.10,5.43,-0.56,-1.68,-0.31,1.47,-1.35,9.95,-0.12,-0.68,0.03
2814.11,65.85,-8.85,0.81,5.74,-0.57,-1.75,-0.32,1.42,-1.59,9.99,-0.11,-0.69,0.02
2814.12,64.48,-8.63,0.35,6.21,-0.59,-1.86,-0.35,1.50,-1.91,10.06,-0.09,-0.72,0.03
2814.14,63.61,-8.45,0.03,6.49,-0.60,-1.92,-0.38,1.62,-2.15,10.10,-0.08,-0.73,0.02
2814.15,62.46,-8.28,-0.41,6.82,-0.62,-1.99,-0.41,1.91,-2.47,10.23,-0.06,-0.73,-0.01
2814.17,61.15,-8.12,-0.58,7.03,-0.61,-2.03,-0.39,2.06,-2.51,10.29,-0.02,-0.73,-0.05
2814.18,60.25,-7.90,-0.60,7.16,-0.61,-2.06,-0.35,2.18,-2.46,10.26,0.02,-0.72,-0.08
2814.20,58.84,-7.45,-0.54,7.48,-0.59,-2.09,-0.28,2.45,-2.22,10.26,0.08,-0.69,-0.12
2814.21,58.04,-7.10,-0.45,7.71,-0.58,-2.11,-0.24,2.65,-2.04,10.30,0.12,-0.66,-0.15
2814.23,57.01,-6.73,-0.41,7.91,-0.57,-2.11,-0.20,2.84,-1.90,10.31,0.16,-0.62,-0.17
2814.24,55.74,-6.28,-0.37,8.11,-0.55,-2.09,-0.15,3.01,-1.74,10.30,0.20,-0.57,-0.19
2814.25,53.83,-5.88,-0.26,8.18,-0.48,-2.05,-0.09,3.12,-1.49,10.16,0.24,-0.48,-0.21
2814.27,52.86,-5.62,-0.18,8.36,-0.43,-2.03,-0.05,3.23,-1.25,10.01,0.27,-0.41,-0.23
2814.28,51.71,-5.40,-0.06,8.53,-0.37,-2.01,-0.01,3.37,-1.12,9.96,0.29,-0.34,-0.23
2814.30,50.15,-5.28,0.07,8.67,-0.31,-2.00,0.06,3.44,-0.99,9.93,0.31,-0.27,-0.23
2814.31,49.01,-5.23,0.17,8.71,-0.27,-2.00,0.13,3.40,-0.91,9.92,0.32,-0.22,-0.25
2814.32,47.85,-5.14,0.19,8.73,-0.24,-2.00,0.20,3.18,-0.81,9.92,0.35,-0.16,-0.26
2814.34,46.02,-4.91,0.17,8.59,-0.21,-1.98,0.30,2.66,-0.71,9.83,0.38,-0.10,-0.28
2814.35,44.32,-4.64,0.14,8.39,-0.19,-1.94,0.35,2.32,-0.66,9.75,0.39,-0.06,-0.27
2814.37,42.28,-4.43,0.13,8.14,-0.22,-1.88,0.38,2.03,-0.55,9.67,0.40,-0.02,-0.27
2814.39,40.62,-4.37,0.32,8.09,-0.27,-1.83,0.39,1.86,-0.33,9.63,0.39,-0.00,-0.28
2814.40,39.02,-4.26,0.40,8.13,-0.34,-1.78,0.37,1.73,-0.07,9.58,0.37,0.02,-0.30
2814.42,37.53,-4.24,0.43,8.20,-0.39,-1.73,0.33,1.61,0.10,9.55,0.35,0.02,-0.32
2814.43,36.30,-4.13,0.47,8.22,-0.43,-1.68,0.28,1.35,0.26,9.57,0.32,0.03,-0.33
2814.44,35.02,-3.96,0.51,8.23,-0.47,-1.63,0.23,1.00,0.41,9.61,0.28,0.03,-0.32
2814.46,32.90,-3.80,0.51,8.35,-0.52,-1.52,0.12,0.52,0.64,9.67,0.21,0.00,-0.30
2814.47,31.46,-3.89,0.39,8.32,-0.53,-1.43,0.02,0.36,0.72,9.63,0.18,-0.02,-0.28
2814.49,29.62,-4.23,0.15,8.13,-0.50,-1.39,-0.11,0.22,0.75,9.58,0.12,-0.07,-0.26
2814.51,28.57,-4.25,0.02,8.18,-0.48,-1.40,-0.16,0.08,0.62,9.58,0.08,-0.11,-0.26
2814.52,27.47,-4.41,-0.25,8.33,-0.46,-1.40,-0.19,-0.15,0.54,9.66,0.04,-0.17,-0.26
2814.54,26.37,-4.26,-0.33,8.67,-0.44,-1.35,-0.19,-0.32,0.49,9.68,0.01,-0.23,-0.23
2814.55,25.63,-4.08,-0.37,8.74,-0.43,-1.30,-0.19,-0.30,0.49,9.63,-0.01,-0.27,-0.19
2814.56,23.86,-3.55,-0.33,8.88,-0.37,-1.22,-0.18,0.38,0.62,9.40,-0.08,-0.36,-0.08
2814.59,23.23,-3.20,-0.20,9.07,-0.34,-1.20,-0.15,0.88,0.71,9.30,-0.11,-0.39,-0.06
2814.61,22.80,-2.80,-0.17,9.25,-0.33,-1.17,-0.12,1.42,0.66,9.29,-0.15,-0.44,-0.06
2814.62,22.45,-2.38,-0.24,9.34,-0.32,-1.14,-0.10,1.63,0.51,9.34,-0.17,-0.46,-0.06
2814.64,22.01,-1.98,-0.45,9.45,-0.32,-1.10,-0.11,1.85,0.28,9.40,-0.20,-0.49,-0.06
2814.65,21.57,-1.61,-0.83,9.57,-0.31,-1.07,-0.12,2.06,-0.06,9.47,-0.21,-0.52,-0.06
2814.67,21.13,-1.20,-1.13,9.74,-0.31,-1.03,-0.11,2.35,-0.39,9.59,-0.21,-0.53,-0.05
2814.68,20.78,-0.88,-1.31,9.84,-0.30,-0.99,-0.11,2.58,-0.58,9.66,-0.20,-0.53,-0.03
2814.69,20.44,-0.62,-1.40,9.90,-0.29,-0.97,-0.12,2.79,-0.61,9.67,-0.19,-0.53,-0.01
2814.71,19.75,-0.29,-1.38,10.05,-0.28,-0.94,-0.14,3.12,-0.59,9.63,-0.18,-0.52,-0.00
2814.72,19.41,-0.10,-1.42,10.15,-0.26,-0.93,-0.16,3.35,-0.61,9.64,-0.18,-0.51,-0.01
2814.74,19.14,0.09,-1.43,10.22,-0.25,-0.93,-0.17,3.51,-0.72,9.69,-0.18,-0.50,-0.04
2814.75,18.88,0.25,-1.52,10.23,-0.25,-0.92,-0.19,3.77,-0.90,9.72,-0.17,-0.48,-0.06
2814.76,18.50,0.33,-1.64,10.28,-0.25,-0.93,-0.23,3.80,-0.89,9.75,-0.17,-0.46,-0.09
2814.78,18.24,0.09,-1.56,10.29,-0.25,-0.94,-0.26,3.60,-0.77,9.83,-0.16,-0.45,-0.11
2814.79,18.01,-0.22,-1.48,10.25,-0.25,-0.96,-0.28,3.35,-0.58,9.90,-0.16,-0.45,-0.13
2814.80,17.78,-0.45,-1.42,10.23,-0.24,-0.98,-0.27,3.13,-0.46,9.96,-0.16,-0.45,-0.15
2814.82,17.62,-0.57,-1.34,10.25,-0.24,-1.00,-0.25,2.91,-0.28,9.98,-0.16,-0.47,-0.15
2814.83,17.38,-0.61,-1.27,10.28,-0.24,-1.01,-0.24,2.76,-0.22,9.94,-0.16,-0.49,-0.16
2814.84,17.17,-0.68,-1.27,10.25,-0.24,-1.02,-0.24,2.76,-0.16,10.05,-0.08,-0.58,-0.25
2814.86,17.00,-0.78,-1.28,10.20,-0.23,-1.02,-0.26,2.54,0.06,9.98,-0.12,-0.60,-0.26
2814.87,16.68,-0.85,-1.32,10.14,-0.19,-1.02,-0.30,2.14,0.13,9.99,-0.16,-0.63,-0.27
2814.88,16.45,-1.01,-1.28,10.03,-0.16,-1.01,-0.33,1.80,0.15,9.96,-0.19,-0.67,-0.27
2814.90,16.21,-1.34,-1.31,9.96,-0.14,-0.99,-0.37,1.41,0.13,9.98,-0.23,-0.72,-0.26
2814.91,16.05,-1.62,-1.33,9.96,-0.13,-0.96,-0.39,1.21,0.10,10.02,-0.26,-0.78,-0.25
2814.92,16.01,-1.78,-1.30,9.99,-0.12,-0.93,-0.40,1.20,0.10,10.07,-0.30,-0.84,-0.25
2814.94,16.09,-1.83,-1.22,10.03,-0.12,-0.89,-0.40,1.25,0.12,10.16,-0.33,-0.92,-0.28
2814.95,16.24,-1.81,-1.08,10.06,-0.13,-0.86,-0.42,1.25,0.25,10.22,-0.37,-0.99,-0.31
2814.96,16.48,-1.92,-0.85,10.08,-0.14,-0.82,-0.47,1.02,0.42,10.25,-0.40,-1.09,-0.34
2814.97,16.72,-2.19,-0.68,10.10,-0.15,-0.79,-0.51,0.77,0.66,10.27,-0.43,-1.18,-0.35
2814.99,17.19,-2.68,-0.47,10.19,-0.17,-0.75,-0.53,0.54,0.97,10.35,-0.46,-1.37,-0.31
2815.01,18.19,-3.41,-0.40,10.32,-0.16,-0.69,-0.53,0.19,1.35,10.58,-0.50,-1.51,-0.27
2815.02,19.06,-4.14,-0.51,10.38,-0.09,-0.64,-0.52,-0.67,1.71,10.89,-0.55,-1.69,-0.20
2815.03,19.77,-4.99,-0.62,10.37,0.00,-0.58,-0.52,-1.46,1.90,11.23,-0.59,-1.84,-0.14
2815.05,20.67,-6.14,-0.56,10.58,0.11,-0.49,-0.54,-2.42,2.51,11.77,-0.69,-2.02,-0.09
2815.06,22.15,-7.49,0.22,10.94,0.28,-0.33,-0.62,-3.21,3.43,12.51,-0.81,-2.23,-0.00
2815.08,23.89,-8.12,1.35,11.01,0.50,-0.10,-0.74,-3.24,4.21,13.42,-1.01,-2.60,0.09
2815.09,26.33,-7.87,1.81,11.11,0.63,0.18,-0.72,-2.18,3.64,13.96,-1.13,-2.82,0.27
2815.11,29.08,-6.67,0.56,11.97,0.69,0.49,-0.34,-0.76,2.19,14.90,-1.25,-2.95,0.38
2815.12,31.30,-5.69,-0.82,12.79,0.73,0.74,0.07,0.40,0.57,15.64,-1.28,-2.93,0.51
2815.13,33.45,-4.91,-1.92,13.50,0.75,0.96,0.45,1.34,-1.07,16.12,-1.22,-2.78,0.75
2815.14,35.85,-3.91,-2.81,14.30,0.73,1.19,0.79,2.16,-2.60,15.90,-1.02,-2.50,0.99
2815.16,37.52,-2.65,-2.93,15.01,0.71,1.33,0.91,3.42,-3.24,14.94,-0.80,-2.23,1.25
2815.17,39.66,-1.28,-2.55,15.69,0.68,1.51,0.81,5.98,-3.99,13.41,-0.58,-1.71,1.11
2815.19,42.50,0.21,-1.58,16.52,0.65,1.69,0.60,9.03,-3.30,11.69,-0.36,-1.11,0.83
2815.21,43.93,1.40,-1.17,16.46,0.61,1.80,0.45,9.44,-3.24,11.03,-0.33,-0.76,0.46
2815.22,45.22,2.49,-1.16,15.41,0.58,1.96,0.35,9.62,-3.48,9.82,-0.11,-0.30,0.19
2815.24,46.43,3.13,-1.02,14.10,0.57,2.16,0.25,9.49,-3.62,7.95,0.20,0.28,0.14
2815.25,47.22,3.23,-0.97,13.50,0.54,2.31,0.18,9.15,-3.62,6.83,0.45,0.81,0.22
2815.27,47.84,3.06,-0.98,12.51,0.49,2.55,0.09,8.71,-3.69,6.05,0.70,1.43,0.32
2815.29,48.13,3.07,-1.11,11.90,0.44,2.67,0.08,8.59,-3.85,5.45,0.93,1.87,0.40
2815.30,48.27,3.12,-1.36,11.02,0.39,2.79,0.15,8.58,-3.93,4.86,1.12,2.18,0.44
2815.31,48.39,3.09,-1.40,10.26,0.35,2.86,0.26,8.49,-3.90,4.11,1.33,2.54,0.43
2815.33,48.45,2.81,-1.50,9.42,0.30,2.86,0.35,8.38,-3.86,3.55,1.54,2.87,0.35
2815.34,48.36,2.72,-1.56,8.86,0.26,2.73,0.46,8.33,-3.79,3.17,1.72,3.12,0.28
2815.36,48.09,2.80,-1.40,8.14,0.23,2.60,0.53,8.31,-3.65,2.70,1.96,3.45,0.17
2815.37,47.35,2.98,-1.19,7.23,0.19,2.41,0.64,8.36,-3.58,2.31,2.17,3.77,0.05
2815.39,46.40,3.18,-1.09,6.75,0.13,2.22,0.73,8.30,-3.58,2.19,2.32,4.01,-0.08
2815.40,44.62,3.57,-1.13,6.36,0.07,1.96,0.76,8.10,-3.72,2.37,2.52,4.27,-0.12
2815.41,42.62,4.00,-1.16,6.14,0.04,1.72,0.68,7.94,-3.67,2.65,2.67,4.45,-0.13
2815.42,39.54,4.03,-0.79,5.88,0.05,1.40,0.49,7.91,-3.38,3.05,2.79,4.65,-0.14
2815.44,36.39,3.48,-0.27,5.73,0.05,1.11,0.18,7.93,-3.14,3.37,2.84,4.80,-0.21
2815.45,33.75,2.84,-0.11,5.56,-0.00,0.89,-0.12,7.87,-3.01,3.76,2.82,4.86,-0.41
2815.46,30.62,1.79,0.02,5.31,-0.17,0.66,-0.27,7.49,-2.88,4.60,2.71,4.83,-0.84
2815.48,28.36,0.71,0.26,5.40,-0.37,0.52,-0.18,6.57,-2.27,5.43,2.55,4.74,-1.24
2815.49,26.47,-0.74,0.73,5.97,-0.56,0.44,-0.05,5.14,-1.25,6.25,2.31,4.58,-1.59
2815.50,24.12,-3.68,1.40,7.57,-0.84,0.40,-0.08,2.56,-0.32,7.76,1.92,4.20,-1.80
2815.52,21.95,-6.79,1.08,8.81,-1.02,0.39,-0.17,-0.21,0.49,8.48,1.51,3.60,-1.58
2815.54,19.58,-9.10,0.01,9.23,-0.88,0.35,-0.24,-2.34,1.07,8.09,1.10,2.77,-1.08
2815.56,18.66,-10.22,-0.92,9.25,-0.63,0.28,-0.24,-2.92,1.09,7.90,0.78,2.09,-0.68
2815.57,18.84,-9.94,-1.03,8.51,-0.35,0.17,-0.12,-2.50,0.85,7.85,0.45,1.36,-0.35
2815.58,19.06,-9.00,-0.81,8.09,-0.27,0.10,-0.02,-1.51,0.49,7.67,0.16,0.62,-0.06
2815.59,19.87,-7.57,-0.79,8.00,-0.20,-0.03,0.03,-0.43,0.61,7.49,-0.15,-0.08,0.20
2815.60,21.24,-7.04,-0.66,9.15,-0.07,-0.24,0.05,0.11,3.46,8.31,-0.64,-0.64,0.30
2815.62,22.03,-8.00,0.53,13.21,0.14,-0.58,0.24,-1.38,7.77,13.53,-1.05,-0.85,-0.07
2815.63,22.24,-10.65,3.46,16.09,0.46,-0.76,0.38,-4.31,6.72,19.80,-0.71,-1.07,0.04
2815.64,22.77,-14.52,4.39,16.26,0.45,-0.52,1.06,-5.83,5.40,17.30,-0.39,-1.44,0.51
2815.65,23.79,-12.45,3.74,13.61,0.27,-0.22,1.97,-4.18,3.35,13.11,-0.48,-1.77,1.23
2815.66,24.75,-1.74,2.20,10.55,-0.18,-0.08,1.93,-0.40,0.88,10.55,-0.60,-1.96,1.85
2815.68,24.88,6.70,-1.46,9.10,-0.58,-0.02,0.78,4.86,-2.42,8.83,-0.82,-1.96,1.59
2815.70,23.66,5.66,-4.07,7.61,-0.41,-0.31,-0.28,6.36,-3.33,7.46,-0.92,-1.79,1.12
2815.71,24.98,3.04,-3.71,8.75,-0.16,-0.54,-0.82,7.08,-2.69,6.83,-1.15,-1.62,0.67
2815.72,25.79,0.49,-2.93,10.51,-0.10,-0.73,-0.76,7.81,-2.56,8.49,-1.24,-1.53,0.36
2815.73,26.91,-0.41,-2.80,11.68,-0.20,-0.99,-0.50,7.65,-2.72,10.73,-1.17,-1.40,0.08
2815.75,27.49,-0.33,-2.57,11.44,-0.28,-1.15,-0.33,6.77,-2.65,11.34,-0.98,-1.31,-0.20
2815.76,27.77,-0.24,-2.14,10.84,-0.40,-1.15,-0.24,5.70,-2.44,10.67,-0.82,-1.27,-0.36
2815.77,27.68,0.06,-2.31,10.85,-0.48,-1.17,-0.15,4.09,-2.41,9.93,-0.67,-1.18,-0.28
2815.78,27.32,0.08,-2.39,10.73,-0.49,-1.25,-0.10,3.27,-2.38,9.63,-0.59,-1.08,-0.07
2815.80,26.66,-0.26,-2.42,10.47,-0.50,-1.37,-0.00,3.54,-2.25,10.14,-0.55,-0.95,0.17
2815.81,26.08,-0.66,-2.24,10.39,-0.52,-1.45,0.04,4.42,-1.98,10.62,-0.44,-0.89,0.16
2815.83,25.53,-0.80,-2.10,10.31,-0.53,-1.52,-0.03,4.59,-1.64,10.39,-0.36,-0.85,-0.03
2815.84,25.15,-0.97,-1.73,10.15,-0.51,-1.59,-0.11,4.07,-1.03,9.93,-0.31,-0.79,-0.37
2815.85,24.59,-1.30,-1.27,9.93,-0.48,-1.64,-0.14,3.22,-0.63,9.82,-0.29,-0.75,-0.50
2815.87,23.91,-1.49,-0.97,9.77,-0.47,-1.66,-0.13,2.31,-0.34,9.87,-0.27,-0.71,-0.50
2815.88,23.08,-1.59,-0.72,9.65,-0.47,-1.66,-0.10,1.76,-0.12,9.92,-0.25,-0.69,-0.42
2815.89,22.10,-1.61,-0.58,9.58,-0.48,-1.65,-0.09,1.56,0.06,9.86,-0.23,-0.66,-0.32
2815.91,21.26,-1.56,-0.48,9.50,-0.48,-1.62,-0.10,1.60,0.21,9.76,-0.24,-0.65,-0.29
2815.92,20.40,-1.47,-0.45,9.45,-0.47,-1.58,-0.17,1.65,0.39,9.65,-0.24,-0.65,-0.30
2815.93,19.67,-1.42,-0.44,9.42,-0.44,-1.55,-0.28,1.55,0.48,9.65,-0.25,-0.66,-0.33
2815.94,18.84,-1.54,-0.48,9.39,-0.42,-1.52,-0.40,1.22,0.50,9.76,-0.26,-0.67,-0.40
2815.96,17.96,-1.90,-0.55,9.44,-0.39,-1.48,-0.54,0.61,0.54,9.82,-0.27,-0.71,-0.42
2815.97,17.28,-2.23,-0.59,9.42,-0.36,-1.44,-0.64,0.17,0.56,9.83,-0.29,-0.75,-0.41
2815.98,16.59,-2.69,-0.58,9.32,-0.33,-1.38,-0.74,-0.18,0.62,9.79,-0.31,-0.82,-0.41
2816.00,16.12,-3.14,-0.59,9.23,-0.31,-1.33,-0.80,-0.49,0.68,9.77,-0.34,-0.91,-0.42
2816.01,15.90,-3.48,-0.64,9.19,-0.30,-1.28,-0.82,-0.69,0.67,9.76,-0.37,-0.99,-0.43
2816.03,15.82,-3.75,-0.76,9.15,-0.29,-1.24,-0.82,-0.85,0.61,9.75,-0.39,-1.08,-0.42
2816.04,15.88,-3.95,-0.87,9.09,-0.28,-1.20,-0.79,-0.92,0.53,9.77,-0.42,-1.18,-0.40
2816.05,16.33,-4.05,-0.91,9.01,-0.29,-1.17,-0.72,-0.90,0.48,9.85,-0.45,-1.30,-0.36
2816.07,16.61,-4.12,-0.98,9.07,-0.31,-1.18,-0.66,-0.93,0.50,10.00,-0.48,-1.39,-0.33
2816.08,16.91,-4.13,-0.94,9.28,-0.32,-1.18,-0.61,-0.98,0.67,10.22,-0.50,-1.49,-0.30
2816.09,17.42,-4.25,-0.88,9.69,-0.28,-1.18,-0.54,-1.04,1.05,10.49,-0.51,-1.65,-0.22
2816.11,17.76,-4.39,-0.80,9.90,-0.24,-1.15,-0.48,-1.16,1.30,10.75,-0.52,-1.80,-0.13
2816.12,18.45,-4.54,-0.67,10.09,-0.16,-1.10,-0.45,-1.24,1.44,10.96,-0.53,-1.93,-0.06
2816.14,19.21,-4.73,-0.61,10.35,-0.08,-1.02,-0.48,-1.36,1.78,11.27,-0.58,-2.13,0.02
2816.15,20.14,-4.93,-0.78,10.58,0.03,-0.92,-0.55,-1.41,1.85,11.56,-0.62,-2.28,0.06
2816.16,21.33,-5.64,-1.32,10.96,0.15,-0.78,-0.60,-1.84,1.76,12.52,-0.71,-2.49,0.13
2816.18,22.51,-6.70,-1.12,11.45,0.28,-0.64,-0.63,-2.31,2.23,13.64,-0.78,-2.65,0.17
2816.19,24.41,-8.33,0.05,11.92,0.49,-0.44,-0.74,-2.24,3.18,14.80,-0.87,-2.84,0.26
2816.22,29.24,-9.96,1.84,12.47,0.78,0.12,-0.56,-2.47,3.76,16.81,-1.20,-3.08,0.17
2816.24,31.44,-8.57,1.21,12.84,0.81,0.45,-0.14,-2.56,2.24,17.62,-1.31,-3.14,0.31
2816.26,34.92,-5.04,-1.52,13.75,0.79,1.04,0.75,-0.11,-1.50,17.16,-1.18,-3.03,0.77
2816.27,38.08,-2.35,-3.16,15.14,0.79,1.38,1.29,4.50,-3.61,14.94,-0.85,-2.56,1.02
2816.29,40.75,0.00,-2.26,16.61,0.78,1.50,1.07,7.31,-3.98,12.51,-0.59,-1.93,0.82
2816.31,42.10,0.99,-1.88,16.88,0.74,1.60,0.69,9.16,-4.15,11.11,-0.40,-1.48,0.61
2816.32,44.36,2.35,-1.21,16.60,0.66,1.72,0.32,9.66,-3.30,9.70,-0.31,-0.93,0.29
2816.33,45.48,3.31,-1.06,15.96,0.59,1.82,0.12,9.77,-3.18,8.74,-0.10,-0.52,0.17
2816.35,46.35,3.89,-0.82,14.74,0.55,1.94,-0.01,9.94,-2.96,7.35,0.09,-0.13,0.15
2816.36,47.46,4.04,-0.61,13.72,0.54,2.03,-0.06,9.71,-2.75,5.88,0.27,0.41,0.15
2816.37,48.08,3.98,-0.41,12.83,0.53,2.11,-0.10,9.45,-2.56,5.08,0.38,0.88,0.20
2816.38,48.50,3.95,-0.14,12.11,0.50,2.21,-0.14,9.27,-2.46,4.60,0.50,1.35,0.33
2816.40,48.72,3.88,0.02,11.02,0.40,2.37,-0.12,8.97,-2.52,3.97,0.81,2.07,0.40
2816.42,48.53,4.07,-0.16,10.32,0.30,2.46,-0.05,8.96,-2.57,3.55,0.96,2.42,0.40
2816.43,48.26,4.20,-0.45,9.73,0.24,2.51,0.02,8.93,-2.66,3.21,1.10,2.74,0.38
2816.44,47.65,4.37,-0.84,8.98,0.20,2.52,0.06,8.99,-2.78,2.84,1.32,3.10,0.34
2816.46,47.03,4.21,-0.92,8.34,0.20,2.46,0.10,9.08,-2.79,2.42,1.48,3.37,0.27
2816.47,46.31,4.03,-0.92,7.79,0.20,2.36,0.15,9.22,-2.83,1.98,1.64,3.64,0.15
2816.48,45.44,4.07,-1.11,7.29,0.17,2.20,0.15,9.38,-3.02,1.67,1.80,3.91,-0.04
2816.49,43.93,4.16,-1.26,6.73,0.14,1.92,0.15,9.66,-3.20,1.44,2.00,4.29,-0.28
2816.51,42.34,4.24,-1.21,6.39,0.14,1.65,0.13,10.00,-3.29,1.41,2.10,4.53,-0.52
2816.52,39.89,4.41,-1.07,5.99,0.15,1.35,-0.03,10.87,-3.26,1.57,2.17,4.79,-0.92
2816.54,35.88,4.51,-0.53,5.70,0.14,0.99,-0.48,10.91,-3.16,1.78,2.18,5.03,-1.55
2816.56,33.13,4.17,0.03,5.62,0.04,0.71,-0.62,9.17,-3.14,2.29,2.11,5.11,-2.08
2816.57,30.17,3.64,0.32,5.63,-0.19,0.44,-0.57,6.87,-3.13,3.21,2.01,5.09,-2.35
2816.59,25.21,2.23,0.07,6.17,-0.68,0.17,-0.42,3.69,-2.53,5.29,1.81,4.99,-2.30
2816.60,21.09,0.33,-0.13,7.10,-0.97,0.14,-0.44,1.43,-1.52,7.53,1.67,4.85,-1.97
2816.61,16.73,-3.47,0.65,8.48,-1.18,0.17,-0.56,-0.67,0.05,9.55,1.51,4.57,-1.59
2816.63,14.30,-7.02,1.43,9.25,-1.25,0.22,-0.49,-1.73,1.07,9.75,1.35,4.23,-1.21
2816.64,12.67,-9.78,0.82,9.65,-1.23,0.27,-0.22,-2.28,1.69,9.12,1.12,3.72,-0.88
2816.65,10.77,-11.08,-0.67,9.77,-0.97,0.28,-0.01,-3.03,1.83,8.16,0.73,2.90,-0.63
2816.66,10.07,-11.54,-0.68,9.34,-0.57,0.26,-0.04,-3.99,1.58,7.94,0.31,1.91,-0.53
2816.68,10.66,-10.57,-0.19,8.61,-0.36,0.26,-0.30,-3.98,1.26,8.08,0.03,1.08,-0.32
2816.69,11.60,-8.94,-0.50,7.69,-0.28,0.22,-0.37,-2.80,1.08,7.96,-0.30,-0.09,-0.06
2816.71,12.99,-7.68,-1.31,7.86,-0.18,0.10,-0.19,-1.49,1.74,7.94,-0.50,-0.73,0.23
2816.72,14.62,-6.76,-1.60,10.05,0.05,-0.12,0.20,-0.45,4.82,9.12,-0.86,-1.06,0.42
2816.73,15.58,-6.07,0.35,13.69,0.33,-0.50,0.70,-2.49,7.60,14.99,-0.92,-0.94,0.32
2816.75,15.76,-11.36,6.37,15.54,0.49,-0.63,1.17,-6.63,6.39,18.57,-0.38,-1.03,0.90
2816.76,16.47,-13.69,4.66,14.93,0.14,-0.35,1.99,-6.50,4.44,15.25,-0.25,-1.36,2.16
2816.78,19.17,0.17,-0.45,9.33,-0.58,0.10,2.15,-0.06,-1.36,10.42,-0.63,-1.90,2.15
2816.80,18.43,5.22,-3.36,9.80,-0.69,0.29,1.45,3.02,-3.55,9.08,-0.62,-1.94,1.90
2816.81,19.23,4.51,-4.69,8.89,-0.43,0.17,0.29,4.54,-3.73,7.62,-0.70,-1.69,1.38
2816.83,20.21,1.01,-4.19,9.57,-0.16,-0.16,-0.59,6.37,-2.66,7.97,-0.93,-1.55,1.05
2816.84,22.13,-0.10,-2.55,10.19,-0.12,-0.33,-0.59,8.64,-1.83,9.72,-0.96,-1.54,0.62
2816.86,24.36,-0.03,-1.38,11.10,-0.21,-0.55,-0.46,8.55,-1.21,10.42,-0.78,-1.52,-0.05
2816.87,25.45,0.87,-1.10,11.19,-0.26,-0.67,-0.36,6.61,-1.16,9.71,-0.69,-1.41,-0.31
2816.88,25.84,1.55,-1.02,11.20,-0.31,-0.72,-0.32,4.75,-1.07,8.95,-0.65,-1.28,-0.24
2816.90,26.18,1.53,-1.37,11.23,-0.31,-0.74,-0.32,4.80,-1.30,9.16,-0.67,-1.16,-0.04
2816.91,26.15,1.26,-1.85,11.05,-0.29,-0.77,-0.34,5.44,-1.56,9.81,-0.66,-1.05,-0.00
2816.92,26.20,0.83,-2.16,10.87,-0.27,-0.79,-0.40,5.74,-1.68,10.14,-0.63,-0.97,-0.10
2816.93,26.39,-0.10,-2.51,10.72,-0.23,-0.82,-0.50,5.08,-1.71,10.11,-0.57,-0.87,-0.44
2816.95,26.39,-0.46,-2.58,10.67,-0.18,-0.83,-0.59,4.15,-1.72,10.08,-0.54,-0.83,-0.59
2816.96,26.13,-0.79,-2.57,10.57,-0.13,-0.84,-0.69,3.27,-1.70,10.12,-0.50,-0.77,-0.65
2816.97,25.79,-1.30,-2.49,10.37,-0.08,-0.84,-0.79,2.70,-1.64,10.20,-0.45,-0.71,-0.65
2816.99,25.42,-1.75,-2.32,10.16,-0.04,-0.83,-0.82,2.29,-1.48,10.29,-0.38,-0.65,-0.59
2817.00,25.13,-1.97,-2.18,10.06,-0.02,-0.81,-0.79,2.06,-1.31,10.30,-0.32,-0.62,-0.54
2817.02,24.85,-2.04,-2.05,9.93,-0.00,-0.78,-0.76,1.91,-1.14,10.23,-0.27,-0.60,-0.51
2817.03,24.48,-2.09,-1.91,9.78,0.02,-0.74,-0.72,1.72,-0.95,10.07,-0.22,-0.57,-0.47
2817.04,24.23,-2.23,-1.70,9.70,0.03,-0.71,-0.70,1.59,-0.74,9.96,-0.19,-0.55,-0.44
2817.05,23.90,-2.27,-1.14,9.56,0.05,-0.64,-0.68,1.57,-0.29,9.71,-0.17,-0.53,-0.42
2817.07,23.78,-1.99,-0.65,9.62,0.08,-0.55,-0.76,1.82,0.16,9.42,-0.18,-0.53,-0.43
2817.09,23.74,-1.83,-0.45,9.73,0.12,-0.50,-0.87,2.05,0.42,9.32,-0.20,-0.54,-0.49
2817.11,23.76,-1.87,-0.37,9.82,0.18,-0.45,-1.01,2.12,0.62,9.36,-0.24,-0.55,-0.59
2817.12,23.78,-2.10,-0.38,9.84,0.24,-0.39,-1.15,1.86,0.76,9.53,-0.28,-0.57,-0.76
2817.13,23.90,-2.53,-0.51,9.69,0.34,-0.31,-1.30,1.28,0.71,9.66,-0.33,-0.61,-0.86
2817.15,24.02,-2.81,-0.68,9.45,0.40,-0.24,-1.37,0.86,0.49,9.69,-0.36,-0.66,-0.92
2817.16,24.33,-2.90,-0.93,9.22,0.45,-0.15,-1.42,0.70,0.17,9.65,-0.38,-0.70,-0.96
2817.17,24.49,-2.80,-1.25,9.03,0.50,-0.08,-1.45,0.90,-0.20,9.52,-0.40,-0.74,-0.98
2817.18,25.07,-2.53,-1.67,8.87,0.57,-0.03,-1.50,1.33,-0.56,9.33,-0.41,-0.78,-1.01
2817.20,25.73,-2.42,-2.03,8.80,0.64,-0.01,-1.60,1.85,-0.90,9.13,-0.44,-0.82,-1.07
2817.21,26.37,-2.62,-2.16,8.83,0.71,-0.03,-1.71,1.92,-0.97,9.17,-0.46,-0.84,-1.13
2817.22,27.21,-3.09,-2.07,9.00,0.79,-0.04,-1.85,1.66,-0.90,9.43,-0.50,-0.88,-1.22
2817.24,28.24,-3.45,-1.82,9.03,0.89,-0.03,-1.99,1.50,-0.90,9.58,-0.55,-0.97,-1.35
2817.26,29.22,-3.15,-1.52,8.64,0.95,-0.02,-2.06,1.90,-0.98,9.24,-0.55,-1.06,-1.45
2817.27,30.20,-2.63,-1.15,8.26,0.99,-0.04,-2.10,3.09,-0.83,8.38,-0.60,-1.13,-1.58
2817.28,31.68,-1.99,-0.65,8.64,1.01,-0.10,-2.17,4.28,-0.87,8.20,-0.71,-1.10,-1.74
2817.30,32.80,-1.62,-0.17,10.17,1.03,-0.12,-2.27,5.31,-0.76,8.87,-0.91,-1.01,-1.98
2817.31,33.66,-1.12,0.38,12.13,1.06,-0.10,-2.42,6.64,-0.76,10.54,-1.15,-0.87,-2.33
2817.32,34.28,-0.25,0.74,13.48,1.10,-0.08,-2.65,7.59,-0.98,11.24,-1.31,-0.78,-2.65
2817.33,34.75,1.26,0.63,13.70,1.16,-0.10,-3.02,8.25,-1.39,10.81,-1.43,-0.72,-2.99
2817.35,34.94,2.25,0.13,13.21,1.20,-0.11,-3.36,8.46,-1.93,9.90,-1.57,-0.63,-3.33
2817.36,35.25,2.71,-0.57,12.55,1.23,-0.10,-3.70,8.13,-2.93,8.99,-1.73,-0.47,-3.68
2817.37,34.88,2.74,-1.33,12.01,1.24,-0.07,-3.99,7.57,-3.76,8.65,-1.83,-0.30,-3.89
2817.39,34.69,2.44,-2.01,11.60,1.22,-0.04,-4.26,7.01,-4.48,8.43,-1.92,-0.07,-4.05
2817.40,34.20,2.13,-2.22,11.42,1.17,-0.01,-4.44,6.82,-4.71,8.20,-1.97,0.12,-4.14
2817.41,33.94,1.93,-2.17,11.26,1.10,0.01,-4.60,6.85,-4.68,7.76,-2.04,0.30,-4.24
2817.42,33.63,1.89,-1.90,10.88,1.01,0.02,-4.78,7.30,-4.49,6.95,-2.13,0.52,-4.41
2817.44,33.36,2.01,-1.59,10.52,0.94,0.02,-4.89,7.74,-4.27,6.29,-2.24,0.70,-4.62
2817.45,33.24,2.19,-1.17,10.10,0.85,0.01,-4.99,7.95,-4.04,5.87,-2.37,0.85,-4.90
2817.47,33.13,2.32,-0.85,9.69,0.78,-0.04,-5.02,7.48,-3.98,5.79,-2.50,0.98,-5.32
2817.48,32.52,2.31,-0.74,9.28,0.70,-0.08,-5.04,6.54,-4.19,6.19,-2.56,1.02,-5.60
2817.49,31.48,2.02,-1.00,9.08,0.59,-0.11,-5.10,4.97,-4.40,7.03,-2.58,1.01,-5.72
2817.50,29.95,1.28,-1.56,9.18,0.48,-0.10,-5.21,3.26,-4.32,8.12,-2.55,0.95,-5.67
2817.51,28.69,0.12,-2.20,9.42,0.40,-0.05,-5.34,1.93,-3.88,8.97,-2.49,0.87,-5.44
2817.53,26.26,-2.32,-3.09,9.75,0.37,0.06,-5.32,1.43,-2.74,9.54,-2.36,0.66,-4.82
2817.55,26.28,-3.48,-3.17,9.86,0.43,0.10,-4.98,2.34,-1.93,9.61,-2.27,0.49,-4.59
2817.56,26.42,-3.78,-2.71,9.93,0.53,0.10,-4.62,3.27,-1.34,9.50,-2.19,0.38,-4.46
2817.58,27.40,-3.62,-1.90,9.94,0.68,0.08,-4.16,4.03,-0.92,9.31,-2.11,0.28,-4.47
2817.59,28.28,-3.10,-1.03,9.95,0.80,0.02,-3.79,4.22,-0.83,9.29,-2.06,0.22,-4.54
2817.60,28.84,-2.38,-0.35,9.88,0.89,-0.07,-3.57,3.89,-0.85,9.30,-2.00,0.17,-4.58
2817.62,28.79,-1.77,0.03,9.76,0.92,-0.15,-3.51,3.25,-0.89,9.17,-1.94,0.14,-4.56
2817.63,28.60,-1.26,0.25,9.58,0.92,-0.19,-3.51,2.86,-0.93,9.01,-1.89,0.16,-4.50
2817.64,27.75,-0.77,0.28,9.30,0.90,-0.22,-3.58,2.52,-1.05,8.85,-1.84,0.21,-4.34
2817.66,26.76,-0.25,0.18,9.11,0.84,-0.20,-3.70,2.53,-1.23,8.77,-1.79,0.29,-4.19
2817.68,25.66,0.10,-0.12,9.17,0.76,-0.13,-3.85,2.72,-1.44,8.73,-1.75,0.39,-4.13
2817.69,24.39,0.17,-1.29,9.32,0.72,0.03,-4.16,2.96,-1.86,8.72,-1.71,0.50,-4.14
2817.71,23.59,-0.49,-2.03,9.09,0.71,0.14,-4.38,3.16,-2.43,8.71,-1.68,0.61,-4.28
2817.73,23.34,-0.95,-2.52,8.97,0.69,0.20,-4.47,3.17,-2.85,8.70,-1.67,0.67,-4.51
2817.74,23.22,-1.41,-3.13,8.92,0.63,0.25,-4.50,3.15,-3.55,8.66,-1.64,0.74,-4.72
2817.76,23.27,-1.64,-3.37,8.90,0.55,0.26,-4.46,3.32,-4.15,8.70,-1.59,0.79,-4.86
2817.77,23.42,-1.80,-3.74,8.92,0.42,0.22,-4.40,3.37,-4.45,8.72,-1.54,0.83,-4.99
2817.78,23.50,-1.98,-3.95,8.96,0.32,0.15,-4.34,3.10,-4.63,8.74,-1.45,0.88,-5.01
2817.80,23.12,-2.13,-4.05,9.06,0.20,0.06,-4.18,2.05,-4.51,8.81,-1.36,0.90,-4.51
2817.82,21.51,-3.73,-3.37,9.82,0.04,0.02,-3.84,-1.53,-3.16,9.92,-1.25,0.88,-3.82
2817.84,20.26,-6.95,-3.07,10.27,-0.07,0.06,-3.48,-4.33,-1.74,12.78,-1.16,0.69,-3.07
2817.85,20.65,-10.04,-3.28,10.71,-0.16,0.09,-2.58,-3.65,-0.81,14.39,-0.81,0.39,-1.88
2817.86,20.65,-9.69,-2.11,10.71,-0.14,0.08,-1.59,-3.11,-0.13,12.96,-0.34,0.27,-1.10
2817.88,21.14,-7.98,-0.55,10.26,-0.18,0.07,-0.69,-3.10,-0.21,10.93,-0.15,0.28,-0.38
2817.89,20.56,-5.53,-0.28,9.75,-0.33,0.09,-0.05,-1.68,-0.52,9.59,-0.20,0.34,0.27
2817.90,20.62,-1.94,-0.96,9.45,-0.49,0.10,0.23,2.77,-1.03,9.57,-0.32,0.37,0.64
2817.92,20.72,0.29,-1.81,9.66,-0.53,0.10,0.06,5.63,-1.50,9.39,-0.31,0.37,0.35
2817.93,21.49,1.31,-2.44,9.78,-0.47,0.07,-0.37,6.99,-1.66,8.83,-0.27,0.34,-0.30
2817.94,21.41,0.76,-2.92,10.08,-0.29,-0.04,-1.10,4.96,-1.89,8.91,-0.24,0.33,-0.67
2817.96,21.20,-0.56,-2.82,10.17,-0.19,-0.10,-1.41,2.52,-1.97,9.71,-0.25,0.35,-0.80
2817.97,20.80,-2.44,-2.72,9.95,-0.16,-0.14,-1.49,1.31,-2.04,10.46,-0.25,0.36,-0.71
2817.99,20.61,-3.56,-2.64,9.63,-0.18,-0.16,-1.40,1.04,-1.82,10.42,-0.21,0.35,-0.46
2818.00,20.89,-4.37,-2.18,9.41,-0.24,-0.18,-1.10,1.01,-1.11,10.04,-0.17,0.33,-0.31
2818.01,21.22,-4.15,-1.68,9.40,-0.27,-0.21,-0.87,1.17,-0.49,9.90,-0.18,0.31,-0.22
2818.03,21.42,-3.32,-1.16,9.45,-0.29,-0.24,-0.69,1.58,-0.16,9.85,-0.18,0.28,-0.20
2818.04,21.50,-2.71,-1.14,9.59,-0.27,-0.27,-0.66,2.04,0.00,9.83,-0.19,0.24,-0.25
2818.05,21.58,-2.29,-1.34,9.75,-0.22,-0.31,-0.71,2.33,-0.28,9.96,-0.18,0.20,-0.36
2818.07,21.49,-2.09,-1.74,9.88,-0.17,-0.34,-0.82,2.24,-0.89,10.13,-0.16,0.15,-0.45
2818.08,21.36,-2.04,-2.32,10.04,-0.11,-0.36,-0.95,1.92,-1.45,10.34,-0.13,0.11,-0.53
2818.09,21.11,-2.21,-2.91,10.15,-0.06,-0.37,-1.08,1.74,-1.84,10.53,-0.10,0.05,-0.59
2818.11,21.00,-2.34,-3.08,10.08,-0.03,-0.38,-1.12,1.87,-1.92,10.55,-0.07,-0.01,-0.66
2818.12,21.05,-2.34,-3.05,9.91,-0.02,-0.41,-1.11,1.98,-1.81,10.32,-0.04,-0.06,-0.71
2818.14,21.04,-2.09,-2.87,9.85,-0.01,-0.47,-1.04,1.98,-1.65,10.10,-0.02,-0.09,-0.72
2818.16,20.79,-1.90,-2.59,9.83,-0.02,-0.55,-0.95,1.95,-1.37,10.08,0.01,-0.10,-0.71
2818.17,20.66,-1.82,-2.39,9.75,-0.02,-0.59,-0.90,1.87,-1.18,10.04,0.03,-0.11,-0.70
2818.18,20.41,-1.86,-2.20,9.66,-0.03,-0.62,-0.85,1.67,-0.98,9.92,0.06,-0.13,-0.69
2818.20,20.17,-2.02,-2.05,9.55,-0.04,-0.65,-0.80,1.37,-0.74,9.80,0.08,-0.14,-0.67
2818.21,19.89,-2.19,-1.92,9.42,-0.05,-0.67,-0.73,1.03,-0.60,9.73,0.09,-0.15,-0.60
2818.22,19.31,-2.42,-1.59,9.26,-0.09,-0.70,-0.57,0.58,-0.25,9.64,0.10,-0.17,-0.48
2818.24,19.02,-2.33,-1.35,9.25,-0.12,-0.70,-0.49,0.65,-0.01,9.54,0.09,-0.20,-0.40
2818.25,18.72,-2.07,-1.14,9.30,-0.14,-0.70,-0.43,0.93,0.23,9.45,0.07,-0.23,-0.36
2818.26,18.46,-1.75,-1.04,9.44,-0.14,-0.71,-0.42,1.16,0.39,9.44,0.05,-0.27,-0.35
2818.28,18.20,-1.67,-1.01,9.56,-0.13,-0.72,-0.44,1.17,0.46,9.54,0.03,-0.31,-0.37
2818.29,17.92,-1.73,-1.07,9.61,-0.12,-0.72,-0.45,1.03,0.49,9.65,0.02,-0.35,-0.37
2818.30,17.69,-1.84,-1.16,9.63,-0.11,-0.71,-0.43,0.91,0.43,9.71,0.01,-0.39,-0.35
2818.31,17.50,-1.92,-1.19,9.56,-0.11,-0.70,-0.38,0.81,0.39,9.67,-0.01,-0.42,-0.31
2818.32,17.28,-1.79,-1.25,9.56,-0.11,-0.70,-0.32,0.90,0.37,9.62,-0.03,-0.46,-0.26
2818.34,17.15,-1.64,-1.28,9.59,-0.11,-0.70,-0.29,1.04,0.36,9.61,-0.06,-0.51,-0.23
2818.35,17.07,-1.55,-1.32,9.70,-0.10,-0.70,-0.28,1.22,0.37,9.67,-0.09,-0.55,-0.22
2818.36,17.04,-1.49,-1.33,9.79,-0.09,-0.71,-0.30,1.37,0.37,9.81,-0.13,-0.61,-0.26
2818.38,17.12,-1.49,-1.32,9.78,-0.08,-0.72,-0.34,1.36,0.42,9.85,-0.15,-0.67,-0.30
2818.39,17.06,-1.50,-1.30,9.72,-0.06,-0.72,-0.38,1.19,0.47,9.81,-0.16,-0.73,-0.34
2818.40,17.02,-1.62,-1.28,9.70,-0.05,-0.73,-0.41,1.05,0.48,9.77,-0.18,-0.77,-0.35
2818.41,17.07,-1.77,-1.19,9.68,-0.04,-0.72,-0.42,0.70,0.56,9.73,-0.20,-0.82,-0.34
2818.42,17.08,-1.86,-1.09,9.70,-0.04,-0.71,-0.41,0.56,0.63,9.77,-0.21,-0.87,-0.28
2818.44,17.26,-1.88,-0.86,9.83,-0.04,-0.69,-0.35,0.79,0.88,9.87,-0.23,-0.96,-0.14
2818.45,17.45,-1.70,-0.68,9.87,-0.04,-0.68,-0.29,1.06,0.99,9.87,-0.24,-1.01,-0.06
2818.47,17.72,-1.38,-0.49,9.88,-0.06,-0.67,-0.20,1.30,0.97,9.79,-0.25,-1.06,0.05
2818.48,17.87,-0.97,-0.39,9.89,-0.09,-0.66,-0.15,1.57,0.86,9.70,-0.26,-1.11,0.13
2818.50,18.28,-0.67,-0.60,10.01,-0.11,-0.63,-0.16,2.03,0.60,9.67,-0.30,-1.18,0.18
2818.52,18.84,-0.81,-1.26,10.31,-0.12,-0.57,-0.29,2.26,0.23,9.97,-0.38,-1.29,0.12
2818.53,19.40,-1.36,-1.52,10.40,-0.10,-0.54,-0.35,2.08,0.14,10.28,-0.42,-1.36,0.07
2818.54,20.04,-2.01,-1.78,10.62,-0.08,-0.51,-0.38,1.61,0.11,10.76,-0.44,-1.44,0.04
2818.55,20.70,-2.73,-1.79,11.11,-0.06,-0.48,-0.39,0.94,0.33,11.42,-0.47,-1.52,0.05
2818.57,21.40,-3.50,-1.55,11.59,0.00,-0.43,-0.40,0.08,1.02,12.22,-0.49,-1.63,0.12
2818.58,22.06,-4.11,-1.05,11.86,0.10,-0.36,-0.43,-0.50,1.72,12.60,-0.51,-1.74,0.19
2818.59,22.87,-4.61,-0.48,12.01,0.21,-0.24,-0.49,-0.69,2.46,12.78,-0.57,-1.87,0.22
2818.60,24.20,-5.20,0.47,12.22,0.36,-0.08,-0.63,-0.08,3.39,13.02,-0.69,-2.05,0.20
2818.62,25.67,-5.55,1.17,12.53,0.52,0.06,-0.76,0.49,4.03,13.40,-0.80,-2.19,0.10
2818.63,27.88,-5.85,1.60,12.70,0.73,0.27,-0.87,0.89,4.23,13.96,-0.93,-2.29,-0.05
2818.65,29.82,-6.08,1.28,12.54,0.87,0.47,-0.82,0.02,3.43,14.78,-1.06,-2.38,-0.19
2818.66,31.94,-6.24,0.18,12.15,0.94,0.76,-0.49,-0.98,1.41,15.51,-1.13,-2.39,-0.06
2818.67,33.98,-5.87,-1.41,11.94,0.90,1.11,0.11,-1.61,-1.45,15.86,-1.01,-2.30,0.42
2818.69,35.59,-5.37,-2.59,12.15,0.82,1.39,0.68,-0.98,-3.14,15.30,-0.84,-2.17,1.01
2818.70,37.74,-4.18,-3.41,12.97,0.72,1.62,1.29,1.77,-4.43,13.77,-0.61,-1.94,1.78
2818.72,39.63,-2.36,-3.11,14.04,0.64,1.70,1.45,3.71,-4.17,12.04,-0.44,-1.61,1.96
2818.73,41.58,-0.97,-2.76,14.70,0.54,1.74,1.20,6.36,-5.33,11.06,-0.27,-1.31,1.71
2818.74,43.22,0.64,-2.08,15.05,0.49,1.74,0.94,8.86,-4.19,9.55,-0.12,-0.88,1.47
2818.76,44.71,2.05,-1.73,14.95,0.43,1.80,0.68,9.90,-3.64,8.66,-0.23,-0.54,0.92
2818.77,45.75,3.29,-1.69,14.06,0.38,1.90,0.41,10.18,-3.58,8.36,-0.17,-0.27,0.50
2818.78,46.97,3.56,-1.60,13.47,0.38,1.99,0.28,9.69,-3.47,7.45,0.06,0.20,0.06
2818.79,47.27,3.54,-1.32,12.82,0.39,2.12,0.12,9.23,-3.28,6.66,0.24,0.62,-0.12
2818.80,47.84,3.29,-1.03,12.22,0.39,2.26,-0.02,8.49,-3.10,6.09,0.43,1.06,-0.14
2818.82,47.93,3.04,-0.82,11.70,0.39,2.41,-0.13,8.16,-2.98,5.66,0.60,1.50,-0.06
2818.83,48.06,2.85,-0.73,11.14,0.39,2.54,-0.20,7.92,-2.98,5.36,0.76,1.88,0.01
2818.84,48.01,2.66,-0.60,10.66,0.36,2.61,-0.20,7.87,-3.03,5.08,0.91,2.22,0.08
2818.86,47.83,2.25,-0.68,10.19,0.31,2.62,-0.12,7.67,-3.09,4.72,1.10,2.62,0.11
2818.87,47.52,1.86,-0.91,9.60,0.24,2.55,0.06,7.45,-3.16,4.32,1.30,3.00,0.16
2818.89,47.02,1.76,-1.06,8.85,0.18,2.41,0.30,7.40,-3.13,3.91,1.47,3.33,0.19
2818.90,46.34,1.80,-1.17,7.91,0.11,2.28,0.54,7.50,-3.02,3.63,1.63,3.64,0.15
2818.91,45.51,1.84,-1.13,7.30,0.06,2.12,0.69,7.71,-2.87,3.46,1.77,3.89,0.06
2818.92,44.41,2.11,-1.11,6.91,0.01,1.92,0.79,7.96,-2.68,3.34,1.91,4.14,-0.08
2818.94,42.50,2.63,-1.11,6.55,-0.01,1.65,0.79,8.16,-2.53,3.32,2.07,4.39,-0.24
2818.95,39.84,3.28,-1.09,6.15,0.01,1.38,0.62,8.36,-2.47,3.68,2.25,4.62,-0.48
2818.97,36.99,3.42,-0.77,5.95,0.05,1.17,0.39,8.38,-2.20,4.35,2.38,4.77,-0.73
2818.98,33.71,2.55,0.01,5.79,0.09,0.90,0.05,7.56,-1.84,5.06,2.44,4.85,-0.93
2818.99,30.54,1.36,0.53,5.68,0.00,0.68,-0.20,5.73,-1.74,5.66,2.44,4.84,-1.06
2819.01,28.24,0.32,0.56,5.74,-0.15,0.51,-0.31,4.54,-1.55,6.40,2.37,4.78,-1.11
2819.02,24.28,-1.43,0.88,6.32,-0.40,0.37,-0.29,2.81,-0.68,7.49,2.18,4.60,-1.18
2819.03,21.84,-3.98,1.74,7.38,-0.64,0.39,-0.25,1.89,0.47,8.37,1.91,4.28,-1.30
2819.05,20.60,-6.48,2.11,8.30,-0.83,0.45,-0.24,0.97,1.09,8.58,1.67,3.93,-1.39
2819.06,19.01,-8.29,1.47,8.89,-0.90,0.48,-0.20,-0.84,1.45,8.38,1.34,3.35,-1.37
2819.07,18.47,-9.34,0.40,9.18,-0.71,0.48,-0.19,-2.71,1.61,8.10,1.05,2.75,-1.19
2819.09,17.48,-10.01,-0.00,8.96,-0.46,0.45,-0.23,-4.09,1.59,8.00,0.77,2.06,-0.74
2819.10,16.93,-10.26,-0.24,8.51,-0.24,0.37,-0.27,-4.31,1.07,8.04,0.44,1.13,-0.31
2819.11,17.10,-9.74,-0.52,7.97,-0.13,0.29,-0.25,-3.24,0.56,7.79,0.19,0.37,0.09
2819.13,18.25,-8.49,-0.92,7.66,-0.09,0.21,-0.16,-0.79,0.26,7.24,-0.07,-0.35,0.38
2819.14,20.22,-6.93,-1.11,7.63,-0.02,0.12,-0.01,0.83,1.02,6.74,-0.43,-0.98,0.49
2819.15,23.46,-6.12,-0.47,10.19,0.22,-0.12,0.21,2.34,4.64,7.97,-1.07,-1.36,-0.00
2819.16,25.23,-7.55,2.10,15.72,0.73,-0.48,0.63,-1.31,5.63,18.95,-1.05,-1.36,-0.55
2819.18,25.73,-9.67,7.36,14.78,0.75,-0.41,0.95,-4.42,4.33,18.57,-0.53,-1.61,-0.07
2819.19,26.46,-7.48,5.00,12.39,0.08,-0.20,1.12,-4.09,1.51,13.26,-0.36,-1.92,1.46
2819.22,26.54,3.46,-1.30,10.63,-0.41,-0.05,0.56,3.34,-1.73,8.88,-0.68,-1.96,1.65
2819.23,26.76,5.80,-3.02,9.45,-0.33,-0.15,-0.14,7.49,-3.44,7.81,-0.84,-1.85,1.20
2819.24,27.41,4.24,-3.47,9.00,-0.18,-0.41,-0.82,9.03,-3.68,7.30,-0.86,-1.73,0.65
2819.25,28.92,1.63,-3.77,10.57,0.01,-0.66,-1.04,8.36,-3.09,7.52,-0.97,-1.61,0.18
2819.27,30.05,0.11,-2.90,11.24,-0.03,-0.87,-0.84,7.82,-2.96,9.54,-0.97,-1.48,-0.03
2819.28,31.22,-0.38,-2.46,11.94,-0.14,-1.10,-0.59,7.20,-2.41,11.57,-0.78,-1.39,-0.23
2819.29,31.05,-0.12,-1.57,11.30,-0.27,-1.20,-0.39,6.42,-1.96,10.94,-0.57,-1.34,-0.38
2819.30,31.40,0.15,-1.85,11.02,-0.37,-1.20,-0.30,5.21,-1.99,9.81,-0.51,-1.23,-0.41
2819.32,30.75,0.42,-2.14,11.03,-0.39,-1.24,-0.22,4.43,-2.01,9.24,-0.49,-1.12,-0.30
2819.33,30.03,0.14,-2.28,10.75,-0.40,-1.32,-0.17,3.99,-2.08,9.53,-0.49,-1.04,-0.16
2819.34,29.44,-0.42,-2.36,10.58,-0.41,-1.38,-0.13,4.02,-2.11,10.23,-0.47,-0.96,-0.06
2819.36,28.89,-0.89,-2.40,10.46,-0.43,-1.42,-0.10,3.97,-2.02,10.62,-0.41,-0.89,-0.04
2819.37,28.39,-1.18,-2.29,10.29,-0.44,-1.47,-0.10,3.93,-1.83,10.52,-0.34,-0.83,-0.10
2819.38,27.94,-1.42,-2.14,10.07,-0.44,-1.53,-0.13,3.83,-1.63,10.21,-0.29,-0.79,-0.23
2819.39,27.54,-1.59,-1.97,9.91,-0.44,-1.58,-0.14,3.43,-1.28,10.01,-0.24,-0.74,-0.43
2819.41,26.76,-1.71,-1.63,9.81,-0.44,-1.61,-0.15,2.63,-0.87,10.03,-0.19,-0.71,-0.48
2819.42,26.00,-1.74,-1.35,9.77,-0.43,-1.62,-0.15,2.07,-0.57,10.11,-0.14,-0.67,-0.40
2819.43,24.71,-1.84,-1.09,9.67,-0.41,-1.61,-0.14,1.48,-0.30,10.14,-0.09,-0.66,-0.30
2819.45,23.90,-1.89,-1.00,9.61,-0.40,-1.60,-0.13,1.40,-0.25,10.15,-0.07,-0.65,-0.26
2819.46,22.89,-1.81,-0.97,9.57,-0.39,-1.57,-0.15,1.39,-0.14,10.09,-0.05,-0.65,-0.25
2819.47,22.19,-1.75,-0.95,9.56,-0.37,-1.53,-0.22,1.44,-0.03,9.98,-0.05,-0.66,-0.28
2819.48,21.44,-1.73,-0.95,9.54,-0.35,-1.51,-0.30,1.49,0.14,9.89,-0.06,-0.66,-0.32
2819.49,20.56,-1.51,-0.88,9.59,-0.31,-1.49,-0.43,1.50,0.38,9.83,-0.08,-0.68,-0.36
2819.51,19.83,-1.40,-0.79,9.61,-0.26,-1.47,-0.59,1.38,0.54,9.79,-0.10,-0.70,-0.41
2819.52,19.14,-1.64,-0.75,9.58,-0.22,-1.45,-0.72,1.12,0.63,9.79,-0.13,-0.74,-0.45
2819.53,18.55,-2.10,-0.69,9.51,-0.19,-1.43,-0.82,0.75,0.69,9.80,-0.16,-0.78,-0.49
2819.55,18.07,-2.60,-0.64,9.40,-0.18,-1.41,-0.84,0.33,0.74,9.78,-0.19,-0.83,-0.51
2819.56,17.67,-2.91,-0.63,9.33,-0.18,-1.38,-0.82,-0.06,0.78,9.74,-0.21,-0.89,-0.51
2819.57,17.16,-3.14,-0.65,9.26,-0.18,-1.33,-0.77,-0.42,0.84,9.69,-0.25,-0.97,-0.48
2819.58,17.11,-3.44,-0.73,9.22,-0.18,-1.29,-0.71,-0.61,0.87,9.69,-0.27,-1.05,-0.42
2819.59,16.97,-3.86,-0.79,9.12,-0.18,-1.23,-0.60,-0.96,0.93,9.71,-0.29,-1.14,-0.32
2819.61,16.79,-4.06,-0.74,9.07,-0.18,-1.20,-0.47,-1.10,0.97,9.80,-0.31,-1.23,-0.23
2819.62,16.92,-4.01,-0.62,9.12,-0.19,-1.17,-0.36,-1.05,0.99,9.92,-0.32,-1.32,-0.15
2819.63,17.22,-3.81,-0.54,9.25,-0.20,-1.14,-0.29,-0.95,1.03,10.03,-0.33,-1.42,-0.08
2819.64,17.43,-3.61,-0.44,9.45,-0.19,-1.11,-0.26,-0.81,1.18,10.10,-0.35,-1.57,-0.02
2819.66,17.78,-3.58,-0.40,9.61,-0.17,-1.07,-0.27,-0.82,1.28,10.20,-0.37,-1.72,0.02
2819.68,18.30,-3.81,-0.43,9.73,-0.11,-0.96,-0.33,-1.18,1.41,10.34,-0.40,-1.84,0.04
2819.69,18.87,-4.32,-0.46,9.69,-0.04,-0.87,-0.39,-1.51,1.49,10.46,-0.43,-1.98,0.07
2819.70,19.48,-5.03,-0.49,9.69,0.04,-0.76,-0.45,-2.04,1.75,10.71,-0.49,-2.14,0.10
2819.72,20.42,-5.81,-0.76,9.83,0.15,-0.64,-0.52,-2.31,1.95,11.19,-0.56,-2.35,0.12
2819.73,22.04,-7.28,-1.11,10.55,0.31,-0.49,-0.60,-2.43,2.14,12.46,-0.70,-2.53,0.11
2819.74,23.78,-9.00,-0.62,11.49,0.49,-0.37,-0.72,-2.22,2.77,14.13,-0.83,-2.82,0.02
2819.76,26.06,-10.76,0.46,12.01,0.70,-0.22,-0.85,-2.24,3.59,16.67,-0.97,-2.97,-0.12
2819.78,30.19,-11.28,1.58,12.40,0.89,0.24,-0.41,-4.23,3.15,18.71,-1.07,-3.20,-0.16
2819.79,32.39,-9.43,0.64,12.77,0.87,0.59,0.11,-4.53,0.99,18.32,-1.06,-3.28,0.16
2819.80,34.93,-6.63,-1.66,13.62,0.86,1.01,0.79,-1.83,-2.06,17.34,-1.00,-3.13,0.84
2819.82,37.17,-4.16,-3.62,14.71,0.88,1.32,1.38,1.14,-4.11,16.26,-0.91,-2.84,1.42
2819.83,39.21,-2.01,-4.47,15.73,0.86,1.45,1.66,4.59,-5.40,14.23,-0.67,-2.45,1.81
2819.84,41.05,0.16,-3.73,16.93,0.83,1.54,1.48,7.16,-5.46,12.55,-0.53,-2.07,1.74
2819.86,43.41,1.12,-3.30,17.24,0.75,1.65,1.13,10.57,-6.25,10.63,-0.25,-1.56,1.29
2819.87,45.36,2.64,-2.44,17.32,0.63,1.79,0.69,11.81,-4.59,9.06,-0.28,-1.16,0.77
2819.88,47.00,3.70,-2.00,16.71,0.54,1.91,0.39,11.74,-4.22,8.27,-0.09,-0.78,0.34
2819.90,48.59,4.89,-1.43,15.18,0.45,1.98,0.10,11.34,-3.98,6.56,0.23,-0.34,0.13
2819.91,49.59,5.31,-1.24,14.19,0.38,2.04,-0.08,10.79,-3.84,5.25,0.42,0.06,0.08
2819.92,50.39,5.13,-1.15,13.28,0.33,2.11,-0.21,10.02,-3.54,4.28,0.58,0.54,0.10
2819.94,50.97,4.71,-0.88,12.39,0.29,2.18,-0.25,9.21,-3.37,3.65,0.72,1.05,0.27
2819.95,51.28,4.42,-0.56,11.51,0.23,2.25,-0.20,8.56,-3.26,3.22,0.92,1.55,0.52
2819.96,51.38,4.26,-0.36,10.66,0.13,2.33,-0.07,8.19,-3.11,2.62,1.17,2.09,0.85
2819.97,51.32,4.14,-0.41,10.05,0.05,2.36,0.07,8.31,-2.95,2.28,1.27,2.46,1.01
2819.99,51.17,3.96,-0.51,9.41,-0.02,2.37,0.25,8.76,-3.00,2.24,1.41,2.85,1.03
2820.00,50.27,3.85,-0.86,8.40,-0.15,2.31,0.61,9.36,-3.18,2.21,1.67,3.22,0.93
2820.02,49.55,3.88,-1.09,7.85,-0.19,2.23,0.78,9.55,-3.26,1.92,1.85,3.47,0.76
2820.03,48.61,4.07,-1.36,7.34,-0.22,2.08,0.87,9.65,-3.29,1.51,2.09,3.80,0.50
2820.05,46.95,4.43,-1.51,6.95,-0.19,1.80,0.91,9.79,-3.06,1.25,2.29,4.16,0.28
2820.06,44.79,4.47,-1.18,6.63,-0.11,1.48,0.92,10.04,-2.79,1.47,2.38,4.39,-0.06
2820.07,42.72,4.26,-0.72,6.35,-0.03,1.29,0.86,10.22,-2.42,1.80,2.40,4.59,-0.44
2820.09,40.45,3.97,-0.19,6.16,0.04,1.13,0.66,9.82,-2.04,2.27,2.39,4.79,-0.86
2820.10,37.38,3.46,0.48,6.04,0.09,0.91,0.29,8.51,-1.62,2.89,2.37,4.87,-1.16
2820.11,34.26,2.81,1.07,5.96,0.07,0.68,0.08,6.95,-1.22,4.23,2.28,4.86,-1.32
2820.12,31.88,2.09,1.43,5.96,0.01,0.51,0.03,5.74,-0.95,5.34,2.20,4.83,-1.38
2820.14,27.52,0.28,1.60,6.82,-0.17,0.29,0.11,3.67,-0.44,7.22,2.04,4.70,-1.35
2820.15,23.13,-2.09,1.74,8.20,-0.36,0.26,0.12,2.21,0.14,8.47,1.76,4.36,-1.31
2820.17,19.94,-3.88,1.81,9.10,-0.54,0.34,-0.02,2.16,0.45,8.63,1.39,3.92,-1.47
2820.19,18.96,-4.78,1.23,9.31,-0.65,0.44,-0.31,2.35,0.71,8.48,1.04,3.49,-1.69
2820.20,17.75,-5.17,0.43,9.17,-0.55,0.43,-0.75,1.15,0.71,8.39,0.62,2.81,-2.22
2820.22,17.11,-5.59,0.28,8.85,-0.39,0.37,-1.30,-0.45,0.75,8.57,0.30,2.12,-2.49
2820.24,16.44,-6.74,0.26,9.03,-0.31,0.29,-1.93,-2.31,1.02,8.87,-0.08,1.07,-2.40
2820.26,17.06,-7.93,-0.32,9.05,-0.26,0.30,-2.01,-2.81,1.28,8.90,-0.29,0.16,-2.18
2820.27,17.97,-8.56,-0.86,9.25,-0.14,0.29,-1.75,-2.88,1.38,8.99,-0.41,-0.41,-1.82
2820.29,19.10,-8.48,-0.85,9.19,0.00,0.22,-1.39,-2.73,1.60,9.30,-0.49,-0.92,-1.35
2820.30,20.56,-7.75,-0.40,9.45,0.13,0.09,-0.98,-2.02,2.44,10.20,-0.59,-1.34,-0.71
2820.31,21.40,-6.69,-0.12,11.88,0.20,-0.19,-0.47,-3.04,4.65,12.63,-0.79,-1.30,-0.44
2820.32,21.13,-6.65,2.12,14.57,0.42,-0.49,-0.09,-6.00,4.62,16.71,-0.56,-1.13,0.01
2820.34,20.87,-9.75,4.07,14.51,0.40,-0.40,0.20,-7.27,3.86,16.69,-0.29,-1.19,0.89
2820.35,21.71,-9.97,1.50,11.68,0.01,-0.13,1.19,-4.08,1.48,12.94,-0.33,-1.47,1.64
2820.37,23.12,-5.94,-0.99,9.25,-0.23,-0.04,1.55,-0.30,-0.67,11.12,-0.45,-1.57,1.89
2820.38,24.23,-0.77,-2.55,8.70,-0.46,-0.04,1.54,2.13,-2.38,9.55,-0.52,-1.58,1.74
2820.39,24.34,2.51,-3.19,8.69,-0.60,-0.14,1.05,3.23,-3.36,8.26,-0.56,-1.52,1.49
2820.40,24.17,1.89,-4.25,8.93,-0.51,-0.31,0.34,3.38,-2.69,7.90,-0.66,-1.36,1.25
2820.42,24.40,0.09,-3.25,9.63,-0.32,-0.45,0.09,3.82,-2.07,9.21,-0.75,-1.23,1.04
2820.43,25.40,-0.90,-2.37,10.36,-0.32,-0.50,0.13,4.99,-1.66,11.01,-0.69,-1.16,0.82
2820.44,25.66,-0.75,-1.81,10.79,-0.35,-0.57,0.21,5.20,-1.11,10.53,-0.59,-1.13,0.54
2820.46,26.19,-0.08,-0.90,10.50,-0.39,-0.60,0.20,4.40,-0.72,9.66,-0.54,-1.09,0.48
2820.47,26.22,0.08,-0.67,10.40,-0.44,-0.59,0.15,3.32,-0.77,9.10,-0.50,-0.99,0.53
2820.48,26.26,0.10,-0.71,10.44,-0.46,-0.59,0.10,3.36,-0.66,9.10,-0.51,-0.90,0.60
2820.49,26.19,0.18,-0.88,10.37,-0.45,-0.60,0.04,4.40,-0.76,9.61,-0.50,-0.83,0.56
2820.51,25.95,0.25,-1.31,10.28,-0.42,-0.60,-0.10,4.87,-0.93,9.85,-0.49,-0.77,0.35
2820.52,26.19,0.14,-1.68,10.31,-0.35,-0.60,-0.30,4.49,-1.05,9.79,-0.50,-0.73,0.08
2820.53,25.91,-0.30,-1.72,10.29,-0.28,-0.59,-0.54,3.90,-1.11,9.74,-0.50,-0.69,-0.14
2820.54,25.70,-1.01,-1.66,10.20,-0.20,-0.59,-0.77,2.80,-1.12,9.78,-0.50,-0.65,-0.27
2820.55,25.45,-1.50,-1.56,10.13,-0.16,-0.57,-0.88,2.17,-0.95,9.92,-0.47,-0.59,-0.32
2820.56,25.27,-1.80,-1.48,10.08,-0.13,-0.55,-0.92,2.04,-0.86,9.96,-0.46,-0.58,-0.33
2820.63,25.16,-2.00,-1.45,10.02,-0.10,-0.53,-0.93,1.99,-0.80,9.97,-0.44,-0.56,-0.34
2820.64,24.92,-2.02,-1.51,9.88,-0.05,-0.48,-0.94,1.79,-0.81,9.95,-0.41,-0.53,-0.36
2820.66,24.59,-1.96,-1.60,9.79,-0.00,-0.43,-0.99,1.73,-0.85,9.84,-0.39,-0.51,-0.42
2820.67,24.33,-2.05,-1.63,9.72,0.08,-0.37,-1.16,1.58,-0.75,9.76,-0.40,-0.49,-0.52
2820.69,24.23,-2.25,-1.50,9.58,0.17,-0.31,-1.28,1.39,-0.57,9.74,-0.41,-0.49,-0.63
2820.70,24.02,-2.40,-1.43,9.47,0.23,-0.26,-1.37,1.26,-0.51,9.67,-0.43,-0.49,-0.74
2820.72,24.20,-2.41,-1.49,9.53,0.36,-0.15,-1.53,1.29,-0.57,9.74,-0.45,-0.51,-0.82
2820.73,24.38,-2.55,-1.51,9.59,0.48,-0.08,-1.65,1.40,-0.57,9.71,-0.45,-0.52,-0.91
2820.75,24.80,-2.61,-1.40,9.54,0.57,-0.03,-1.69,1.64,-0.63,9.51,-0.47,-0.53,-0.98
2820.76,25.46,-2.37,-1.44,9.54,0.63,0.02,-1.69,2.27,-0.88,9.40,-0.49,-0.52,-1.10
2820.78,26.44,-2.00,-1.63,9.85,0.70,0.05,-1.70,2.88,-1.31,9.57,-0.49,-0.50,-1.23
2820.80,27.00,-2.04,-1.66,10.09,0.74,0.06,-1.74,2.94,-1.42,9.62,-0.49,-0.47,-1.33
2820.81,27.56,-2.36,-1.81,9.93,0.79,0.07,-1.79,2.39,-1.76,9.68,-0.49,-0.46,-1.49
2820.83,27.98,-2.73,-2.12,9.67,0.82,0.10,-1.83,2.01,-2.24,9.78,-0.50,-0.47,-1.61
2820.84,28.68,-2.99,-2.41,9.40,0.84,0.12,-1.92,2.00,-2.60,9.58,-0.52,-0.49,-1.78
2820.86,29.20,-2.89,-2.44,9.19,0.87,0.11,-2.06,2.17,-2.82,9.15,-0.60,-0.49,-2.05
2820.87,29.74,-2.54,-2.50,8.97,0.90,0.11,-2.25,2.33,-3.06,8.71,-0.74,-0.47,-2.28
2820.89,30.14,-2.16,-2.67,8.77,0.92,0.12,-2.43,2.62,-3.31,8.51,-0.82,-0.46,-2.46
2820.90,30.55,-1.88,-3.00,8.68,0.95,0.11,-2.63,3.00,-3.52,8.38,-0.93,-0.44,-2.74
2820.91,31.00,-1.67,-3.35,9.17,0.99,0.12,-2.85,3.31,-4.12,9.27,-1.09,-0.35,-3.15
2820.93,31.13,-1.42,-3.43,10.48,1.01,0.17,-3.01,3.90,-4.10,10.31,-1.14,-0.29,-3.37
2820.94,31.25,-0.84,-2.87,11.62,1.05,0.21,-3.18,4.97,-3.89,10.83,-1.11,-0.21,-3.55
2820.96,31.38,0.05,-2.35,12.00,1.07,0.19,-3.37,5.91,-3.60,9.68,-1.11,-0.09,-3.70
2820.97,31.66,0.95,-2.33,11.87,1.09,0.11,-3.58,6.59,-3.70,8.74,-1.17,0.08,-3.81
2820.99,31.38,1.35,-2.58,11.60,1.10,0.06,-3.77,6.69,-3.91,8.59,-1.24,0.24,-3.92
2821.00,31.10,1.35,-2.93,11.39,1.11,0.02,-3.97,6.67,-4.42,8.83,-1.28,0.38,-4.02
2821.01,30.74,0.90,-3.19,11.37,1.11,-0.01,-4.15,6.39,-4.93,9.36,-1.31,0.57,-4.29
2821.02,30.10,0.25,-3.34,11.44,1.09,-0.02,-4.37,6.16,-5.10,9.54,-1.30,0.69,-4.51
2821.04,29.64,0.03,-3.25,11.28,1.06,-0.02,-4.57,6.03,-5.15,9.36,-1.29,0.80,-4.77
2821.05,29.11,-0.00,-3.01,10.78,1.00,-0.01,-4.81,5.91,-5.15,8.82,-1.32,0.93,-5.04
2821.06,28.53,-0.00,-2.83,10.21,0.93,-0.00,-5.01,5.36,-5.10,8.24,-1.42,1.06,-5.68
2821.08,27.41,-0.05,-2.67,9.52,0.84,-0.00,-5.30,4.24,-5.11,7.75,-1.67,1.14,-6.06
2821.10,26.62,-0.08,-2.80,9.23,0.80,-0.00,-5.48,3.74,-5.31,7.78,-1.88,1.09,-6.33
2821.11,25.54,-0.18,-3.36,9.02,0.75,0.01,-5.72,3.20,-5.59,8.01,-2.04,0.99,-6.61
2821.13,24.51,-0.35,-3.84,8.95,0.74,0.03,-5.91,2.59,-5.66,8.25,-2.22,0.81,-6.80
2821.14,23.70,-0.66,-4.26,8.93,0.73,0.06,-6.10,2.10,-5.63,8.37,-2.34,0.63,-6.85
2821.15,22.88,-0.92,-4.38,8.82,0.74,0.08,-6.17,1.71,-5.38,8.43,-2.45,0.38,-6.76
2821.17,22.46,-1.09,-4.37,8.66,0.73,0.11,-6.14,1.58,-5.09,8.46,-2.51,0.20,-6.59
2821.18,22.21,-1.11,-4.29,8.62,0.73,0.12,-6.07,1.57,-4.79,8.60,-2.53,0.04,-6.43
2821.19,21.90,-1.16,-4.20,8.66,0.71,0.13,-5.87,1.63,-4.44,8.73,-2.50,-0.13,-6.09
2821.20,21.95,-1.26,-4.16,8.76,0.69,0.13,-5.65,1.77,-4.21,8.81,-2.44,-0.24,-5.75
2821.22,22.10,-1.39,-4.17,8.92,0.68,0.11,-5.33,2.04,-3.92,8.93,-2.35,-0.34,-5.30
2821.25,22.49,-1.51,-4.32,9.18,0.69,0.08,-4.88,2.24,-3.66,9.21,-2.21,-0.39,-4.97
2821.26,23.00,-1.76,-4.35,9.39,0.73,0.07,-4.45,2.26,-3.58,9.47,-2.00,-0.40,-4.60
2821.28,23.43,-1.77,-4.10,9.35,0.73,0.09,-4.11,2.44,-3.62,9.60,-1.82,-0.38,-4.35
2821.29,23.82,-1.76,-4.03,9.36,0.70,0.10,-3.82,2.42,-3.64,9.71,-1.62,-0.32,-4.08
2821.30,24.02,-1.88,-4.28,9.51,0.67,0.10,-3.57,1.97,-3.77,9.90,-1.40,-0.23,-3.80
2821.32,23.82,-2.21,-4.51,9.75,0.62,0.12,-3.28,0.89,-3.90,10.07,-1.14,-0.07,-3.43
2821.34,23.50,-2.51,-4.51,9.71,0.55,0.16,-2.98,0.16,-3.93,10.08,-0.89,0.15,-2.69
2821.35,22.56,-3.00,-4.73,9.51,0.41,0.22,-2.51,-0.49,-3.89,10.31,-0.64,0.51,-2.25
2821.37,21.65,-3.35,-4.91,9.46,0.34,0.25,-2.25,-0.69,-3.79,10.58,-0.51,0.70,-1.95
2821.38,21.11,-4.05,-4.90,9.40,0.22,0.29,-1.81,-1.10,-3.56,10.94,-0.33,0.95,-1.63
2821.39,19.98,-5.08,-4.47,9.26,0.14,0.35,-1.51,-1.62,-3.12,11.15,-0.15,1.11,-1.33
2821.40,20.10,-6.47,-3.99,9.08,0.06,0.42,-1.21,-1.64,-2.79,11.49,-0.12,1.08,-1.10
2821.41,19.98,-6.99,-3.46,8.91,-0.03,0.49,-0.80,-0.60,-1.82,11.69,-0.02,0.88,-0.75
2821.44,21.00,-5.35,-1.65,9.02,-0.08,0.53,-0.14,-0.12,0.03,10.45,0.23,0.81,-0.50
2821.45,20.91,-4.10,0.16,9.25,0.01,0.50,0.00,0.31,1.61,9.54,0.31,0.72,-0.26
2821.46,21.05,-3.09,1.40,9.43,0.09,0.48,0.02,0.95,2.11,9.23,0.29,0.67,-0.10
2821.47,21.02,-1.95,2.11,9.71,0.15,0.49,-0.02,1.92,2.34,9.23,0.24,0.64,-0.07
2821.49,20.93,-0.86,2.25,10.16,0.20,0.53,-0.18,2.69,2.28,9.42,0.15,0.61,-0.15
2821.50,20.73,-0.01,1.68,10.63,0.27,0.64,-0.53,3.26,1.86,9.91,0.04,0.57,-0.40
2821.51,20.86,-0.76,0.43,10.61,0.42,0.83,-1.08,3.11,0.99,10.23,-0.07,0.49,-0.82
2821.53,21.13,-1.65,-0.33,10.40,0.52,0.90,-1.34,2.76,0.70,10.04,-0.09,0.45,-0.91
2821.55,21.74,-2.36,-0.62,10.23,0.65,0.96,-1.56,1.86,0.38,9.73,-0.15,0.42,-0.88
2821.56,22.19,-2.73,-0.47,10.27,0.70,0.98,-1.63,1.54,0.31,9.69,-0.20,0.40,-0.80
2821.57,22.67,-2.83,-0.38,10.28,0.68,1.02,-1.59,1.65,0.21,9.91,-0.24,0.40,-0.72
2821.59,23.27,-2.83,-0.46,10.21,0.63,1.07,-1.46,2.21,-0.06,10.16,-0.26,0.41,-0.62
2821.60,24.30,-2.60,-1.00,10.26,0.57,1.10,-1.34,3.32,-0.52,10.01,-0.23,0.40,-0.59
2821.61,25.64,-2.05,-1.71,10.21,0.58,1.08,-1.35,3.98,-1.24,9.62,-0.20,0.39,-0.64
2821.63,26.63,-1.71,-1.97,9.95,0.60,1.00,-1.39,3.70,-1.55,9.24,-0.19,0.39,-0.71
2821.64,27.10,-2.09,-1.97,9.61,0.58,0.93,-1.41,3.14,-1.55,9.15,-0.19,0.41,-0.75
2821.66,27.90,-3.54,-1.87,9.18,0.51,0.84,-1.29,1.89,-1.35,9.46,-0.19,0.44,-0.71
2821.67,28.69,-4.84,-1.58,9.07,0.45,0.79,-1.03,1.04,-1.04,10.14,-0.15,0.48,-0.55
2821.69,29.20,-5.21,-1.24,8.93,0.41,0.78,-0.83,0.82,-0.84,10.42,-0.12,0.47,-0.39
2821.70,29.87,-5.23,-0.95,8.92,0.35,0.76,-0.63,0.87,-0.60,10.35,-0.06,0.45,-0.29
2821.72,30.46,-4.84,-0.67,8.85,0.30,0.74,-0.48,1.17,-0.41,9.89,-0.01,0.41,-0.19
2821.73,30.99,-4.56,-0.51,8.71,0.26,0.72,-0.43,1.26,-0.26,9.64,-0.00,0.39,-0.18
2821.75,31.66,-4.65,-0.46,8.48,0.23,0.70,-0.43,1.04,-0.06,9.84,0.01,0.37,-0.18
2821.76,32.07,-4.95,-0.50,8.39,0.23,0.70,-0.42,0.67,-0.13,10.07,0.03,0.35,-0.17
2821.77,32.42,-5.17,-0.53,8.41,0.22,0.71,-0.40,0.28,-0.20,10.28,0.06,0.32,-0.13
2821.79,32.74,-5.09,-0.50,8.45,0.22,0.73,-0.36,0.23,-0.19,10.18,0.08,0.27,-0.08
2821.80,33.14,-4.80,-0.37,8.40,0.21,0.77,-0.33,0.40,-0.04,9.78,0.07,0.25,-0.02
2821.81,33.44,-4.79,-0.34,8.37,0.21,0.80,-0.32,0.55,0.08,9.65,0.03,0.24,0.02
2821.82,33.90,-4.91,-0.25,8.41,0.23,0.83,-0.33,0.63,0.08,9.76,0.00,0.24,0.03
2821.84,34.46,-4.91,-0.18,8.52,0.23,0.88,-0.35,0.82,-0.01,10.01,-0.03,0.22,0.02
2821.86,35.07,-4.76,-0.16,8.65,0.24,0.92,-0.39,1.06,-0.08,10.02,-0.06,0.19,-0.01
2821.87,35.60,-4.66,-0.22,8.67,0.23,0.95,-0.43,1.25,-0.11,9.90,-0.10,0.15,-0.06
2821.88,36.26,-4.70,-0.30,8.62,0.22,0.98,-0.44,1.39,-0.41,9.82,-0.12,0.12,-0.09
2821.89,37.04,-4.71,-0.71,8.52,0.16,0.99,-0.40,1.34,-0.79,9.71,-0.10,0.10,-0.05
2821.92,38.09,-5.24,-1.00,8.45,0.14,1.00,-0.33,1.05,-0.99,9.81,-0.07,0.11,0.02
2821.93,38.99,-5.30,-0.73,8.46,0.14,0.98,-0.24,1.20,-0.73,10.07,-0.05,0.14,0.12
2821.95,39.72,-5.46,-0.52,8.52,0.14,0.98,-0.19,1.42,-0.51,10.17,-0.03,0.16,0.15
2821.96,40.34,-5.57,-0.38,8.58,0.15,0.98,-0.17,1.44,-0.37,10.29,-0.01,0.16,0.15
2821.98,41.11,-5.69,-0.17,8.40,0.15,1.00,-0.15,1.23,-0.23,10.29,0.01,0.15,0.14
2821.99,41.83,-5.64,-0.11,8.17,0.16,1.02,-0.13,1.13,-0.15,10.07,-0.01,0.15,0.14
2822.01,42.54,-5.38,0.10,7.85,0.18,1.06,-0.09,1.23,-0.21,9.72,-0.06,0.14,0.14
2822.02,43.19,-5.21,0.13,7.55,0.16,1.09,-0.06,1.44,-0.29,9.32,-0.10,0.13,0.14
2822.03,43.99,-5.41,0.13,7.24,0.14,1.11,-0.05,1.59,-0.30,9.04,-0.14,0.12,0.14
2822.04,44.95,-5.91,0.12,7.15,0.13,1.11,-0.04,1.47,-0.24,9.27,-0.18,0.13,0.12
2822.06,46.20,-6.59,-0.14,7.53,0.12,1.11,0.06,1.08,-0.48,10.18,-0.16,0.16,0.15
2822.07,46.85,-6.72,-0.08,7.80,0.13,1.12,0.14,0.89,-0.55,10.54,-0.12,0.18,0.21
2822.08,47.69,-6.48,0.03,7.96,0.12,1.18,0.25,1.01,-0.67,10.60,-0.06,0.21,0.29
2822.10,48.23,-6.25,0.12,7.91,0.10,1.22,0.29,1.33,-0.60,10.27,-0.03,0.22,0.34
2822.11,48.83,-6.06,0.25,7.83,0.07,1.25,0.32,1.68,-0.58,9.90,-0.04,0.24,0.36
2822.13,49.51,-5.91,0.37,7.74,0.05,1.28,0.32,2.03,-0.58,9.64,-0.06,0.26,0.35
2822.14,50.29,-5.98,0.49,7.61,0.04,1.30,0.31,2.33,-0.54,9.48,-0.08,0.29,0.33
2822.15,51.13,-6.23,0.56,7.60,0.03,1.31,0.29,2.43,-0.46,9.48,-0.09,0.32,0.30
2822.16,51.83,-6.40,0.62,7.61,0.04,1.31,0.29,2.39,-0.42,9.62,-0.11,0.34,0.28
2822.17,52.56,-6.62,0.80,7.59,0.06,1.31,0.30,2.33,-0.36,9.76,-0.11,0.36,0.26
2822.18,53.33,-6.87,0.88,7.61,0.07,1.30,0.30,2.25,-0.34,10.01,-0.10,0.37,0.24
2822.19,54.05,-7.09,0.88,7.63,0.08,1.30,0.32,2.08,-0.47,10.39,-0.04,0.39,0.22
2822.21,54.81,-7.12,0.68,7.61,0.11,1.31,0.34,1.96,-0.49,10.40,0.02,0.41,0.23
2822.22,55.40,-7.11,0.74,7.36,0.14,1.33,0.35,1.89,-0.53,10.19,0.03,0.43,0.21
2822.23,56.14,-7.06,0.57,7.01,0.15,1.35,0.33,1.75,-0.68,9.93,0.01,0.45,0.18
2822.25,56.74,-7.14,0.47,6.76,0.16,1.37,0.30,1.61,-0.78,9.78,0.01,0.47,0.17
2822.26,57.29,-7.32,0.41,6.54,0.17,1.39,0.27,1.37,-0.88,9.78,-0.00,0.49,0.15
2822.28,58.37,-7.73,0.45,6.21,0.18,1.39,0.23,1.13,-0.93,9.92,0.00,0.51,0.15
2822.29,59.14,-8.21,0.49,5.97,0.18,1.39,0.23,0.90,-0.93,10.00,0.02,0.51,0.16
2822.31,59.79,-8.46,0.60,5.73,0.17,1.39,0.25,0.76,-0.92,10.00,0.02,0.51,0.16
2822.32,60.46,-8.69,0.72,5.51,0.16,1.37,0.29,0.66,-0.88,9.93,0.02,0.50,0.17
2822.33,61.33,-9.05,0.80,5.30,0.14,1.33,0.35,0.57,-0.78,9.92,0.01,0.49,0.17
2822.35,62.01,-9.17,0.83,5.17,0.14,1.28,0.40,0.48,-0.72,9.95,0.01,0.47,0.15
2822.36,62.65,-8.99,0.88,4.95,0.13,1.23,0.43,0.39,-0.65,9.90,0.00,0.44,0.13
2822.37,63.12,-8.87,0.92,4.74,0.13,1.22,0.42,0.32,-0.68,9.90,0.00,0.41,0.11
2822.38,63.87,-9.06,0.91,4.68,0.10,1.18,0.36,0.23,-0.79,9.90,0.00,0.38,0.11
2822.40,64.46,-9.30,0.89,4.64,0.08,1.14,0.32,0.19,-0.91,9.88,0.01,0.35,0.11
2822.41,65.03,-9.49,0.87,4.61,0.06,1.08,0.29,0.22,-0.97,9.87,0.02,0.33,0.12
2822.42,65.58,-9.61,0.86,4.62,0.06,1.00,0.26,0.32,-0.97,9.92,0.03,0.31,0.12
2822.43,66.11,-9.65,0.91,4.59,0.06,0.93,0.25,0.46,-0.97,10.00,0.04,0.30,0.11
2822.44,66.63,-9.69,0.92,4.56,0.08,0.87,0.24,0.56,-0.97,10.03,0.05,0.28,0.10
2822.46,67.30,-9.76,1.02,4.43,0.11,0.80,0.23,0.70,-0.91,10.03,0.07,0.24,0.06
2822.47,67.84,-9.79,1.12,4.31,0.13,0.74,0.22,0.68,-0.83,9.96,0.08,0.22,0.03
2822.48,68.34,-9.77,1.19,4.24,0.15,0.69,0.21,0.64,-0.77,9.88,0.09,0.19,0.01
2822.49,68.79,-9.73,1.23,4.16,0.16,0.63,0.20,0.56,-0.75,9.81,0.09,0.18,0.02
2822.51,69.26,-9.73,1.24,4.11,0.18,0.56,0.17,0.47,-0.76,9.81,0.09,0.16,0.01
2822.52,69.65,-9.70,1.25,4.06,0.18,0.49,0.16,0.38,-0.72,9.84,0.08,0.15,-0.01
2822.53,69.87,-9.60,1.33,3.98,0.20,0.45,0.15,0.27,-0.67,9.91,0.07,0.14,-0.02
2822.55,70.06,-9.57,1.45,3.80,0.21,0.41,0.14,0.15,-0.58,9.94,0.07,0.14,-0.04
2822.56,70.22,-9.55,1.58,3.67,0.21,0.38,0.14,0.05,-0.47,9.96,0.07,0.13,-0.05
2822.57,70.32,-9.51,1.66,3.55,0.22,0.35,0.13,-0.05,-0.33,9.98,0.07,0.13,-0.09
2822.59,70.50,-9.48,1.75,3.47,0.22,0.30,0.13,-0.20,-0.23,10.01,0.07,0.13,-0.11
2822.60,70.53,-9.44,1.78,3.32,0.22,0.28,0.12,-0.32,-0.17,10.02,0.07,0.14,-0.12
2822.61,70.50,-9.45,1.86,3.09,0.22,0.26,0.11,-0.48,-0.10,9.98,0.07,0.14,-0.12
2822.63,70.61,-9.50,1.94,2.88,0.21,0.23,0.10,-0.64,-0.02,9.98,0.07,0.14,-0.13
2822.64,70.64,-9.53,1.94,2.76,0.19,0.21,0.08,-0.78,0.07,9.98,0.06,0.13,-0.13
2822.65,70.65,-9.57,1.95,2.61,0.19,0.17,0.06,-0.91,0.14,9.95,0.05,0.11,-0.15
2822.67,70.67,-9.60,1.96,2.46,0.19,0.15,0.05,-1.01,0.15,9.94,0.05,0.09,-0.15
2822.68,70.69,-9.66,1.95,2.33,0.19,0.13,0.04,-1.13,0.15,9.94,0.04,0.08,-0.16
2822.69,70.70,-9.73,1.91,2.20,0.17,0.11,0.03,-1.29,0.13,9.95,0.04,0.07,-0.16
2822.70,70.69,-9.79,1.86,2.12,0.16,0.08,0.01,-1.46,0.05,9.95,0.03,0.05,-0.15
2822.72,70.64,-9.82,1.80,2.18,0.13,0.06,-0.01,-1.52,-0.03,9.97,0.03,0.04,-0.11
2822.73,70.51,-9.77,1.68,2.34,0.10,0.02,-0.01,-1.51,-0.20,10.01,0.02,0.02,-0.07
2822.75,70.37,-9.72,1.61,2.46,0.07,-0.00,0.01,-1.44,-0.32,10.03,0.02,0.02,-0.05
2822.76,70.22,-9.69,1.58,2.56,0.05,-0.02,0.03,-1.29,-0.43,10.04,0.02,0.01,-0.02
2822.77,70.09,-9.68,1.55,2.71,0.02,-0.03,0.04,-1.11,-0.54,10.04,0.03,0.01,-0.00
2822.78,69.94,-9.69,1.50,2.88,-0.01,-0.05,0.06,-0.88,-0.67,10.07,0.03,0.01,0.01
2822.79,69.85,-9.68,1.45,3.04,-0.03,-0.05,0.08,-0.76,-0.72,10.09,0.03,0.00,0.01
2822.81,69.70,-9.61,1.43,3.23,-0.05,-0.06,0.11,-0.59,-0.77,10.11,0.04,-0.00,0.01
2822.82,69.57,-9.55,1.44,3.35,-0.05,-0.06,0.13,-0.50,-0.77,10.10,0.05,-0.00,0.02
2822.83,69.45,-9.48,1.49,3.42,-0.05,-0.06,0.15,-0.40,-0.78,10.07,0.06,-0.00,0.02
2822.84,69.33,-9.42,1.55,3.48,-0.06,-0.06,0.17,-0.30,-0.77,10.03,0.07,0.00,0.04
2822.86,69.27,-9.37,1.63,3.51,-0.06,-0.05,0.18,-0.18,-0.76,9.99,0.07,0.01,0.05
2822.87,69.16,-9.31,1.76,3.54,-0.07,-0.04,0.19,-0.06,-0.69,9.98,0.07,0.01,0.06
2822.88,69.14,-9.27,1.88,3.56,-0.07,-0.04,0.18,0.11,-0.55,9.95,0.07,0.01,0.05
2822.90,69.16,-9.25,1.96,3.55,-0.07,-0.03,0.18,0.19,-0.48,9.95,0.06,0.00,0.04
2822.91,69.21,-9.20,2.05,3.54,-0.06,-0.03,0.17,0.24,-0.39,9.92,0.06,0.00,0.01
2822.92,69.28,-9.18,2.13,3.51,-0.06,-0.02,0.15,0.22,-0.29,9.90,0.05,0.00,-0.01
2822.93,69.33,-9.17,2.14,3.45,-0.05,-0.02,0.14,0.13,-0.23,9.87,0.05,0.00,-0.04
2822.95,69.35,-9.15,2.13,3.40,-0.04,-0.02,0.12,0.01,-0.19,9.88,0.04,0.01,-0.05
2822.96,69.36,-9.17,2.11,3.39,-0.03,-0.02,0.10,-0.11,-0.19,9.95,0.04,0.02,-0.05
2822.97,69.31,-9.19,2.11,3.38,-0.02,-0.02,0.08,-0.17,-0.20,9.98,0.05,0.02,-0.03
2822.99,69.27,-9.23,2.10,3.34,-0.02,-0.01,0.07,-0.23,-0.22,9.99,0.05,0.02,-0.02
2823.00,69.24,-9.25,2.10,3.30,-0.02,-0.01,0.06,-0.24,-0.26,9.99,0.05,0.02,-0.01
2823.01,69.21,-9.31,2.11,3.28,-0.02,-0.01,0.04,-0.26,-0.26,9.99,0.05,0.02,-0.01
2823.03,69.20,-9.33,2.12,3.26,-0.02,-0.01,0.04,-0.27,-0.27,9.99,0.04,0.02,-0.02
2823.04,69.20,-9.34,2.13,3.24,-0.03,-0.01,0.03,-0.29,-0.27,9.97,0.04,0.02,-0.02
2823.05,69.19,-9.35,2.14,3.24,-0.03,-0.01,0.02,-0.29,-0.26,9.98,0.03,0.02,-0.03
2823.07,69.18,-9.36,2.12,3.24,-0.03,-0.01,0.01,-0.29,-0.24,9.97,0.03,0.02,-0.03
2823.09,69.18,-9.32,2.11,3.25,-0.03,-0.02,0.00,-0.24,-0.20,9.93,0.03,0.02,-0.03
2823.10,69.18,-9.30,2.11,3.26,-0.03,-0.02,-0.01,-0.22,-0.20,9.90,0.03,0.02,-0.03
2823.11,69.18,-9.28,2.09,3.28,-0.02,-0.03,-0.01,-0.22,-0.20,9.85,0.02,0.02,-0.04
2823.12,69.15,-9.27,2.06,3.29,-0.02,-0.04,-0.02,-0.19,-0.20,9.85,0.02,0.02,-0.04
2823.14,69.16,-9.24,2.06,3.31,-0.01,-0.04,-0.02,-0.13,-0.22,9.87,0.01,0.01,-0.04
2823.15,69.14,-9.21,2.07,3.34,-0.00,-0.04,-0.03,-0.10,-0.23,9.90,0.00,0.01,-0.04
2823.16,69.13,-9.28,2.05,3.37,0.01,-0.04,-0.05,-0.07,-0.26,9.92,0.00,0.01,-0.04
2823.18,69.15,-9.29,2.01,3.39,0.01,-0.04,-0.05,-0.05,-0.33,9.93,-0.00,0.00,-0.04
2823.19,69.15,-9.29,2.00,3.41,0.01,-0.04,-0.06,-0.07,-0.38,9.95,-0.00,0.00,-0.05
2823.20,69.17,-9.31,1.95,3.42,0.02,-0.03,-0.06,-0.11,-0.43,9.99,0.00,0.00,-0.05
2823.22,69.13,-9.29,1.91,3.49,0.02,-0.03,-0.05,-0.16,-0.43,10.01,0.01,0.01,-0.05
2823.23,69.07,-9.39,1.96,3.33,0.04,-0.02,-0.03,-0.26,-0.36,9.95,0.00,0.00,-0.05
2823.25,69.09,-9.34,2.17,3.24,0.03,-0.02,-0.04,-0.28,-0.31,9.92,-0.00,0.00,-0.05
2823.26,69.06,-9.34,2.07,3.30,0.01,-0.03,-0.03,-0.32,-0.26,10.02,-0.01,0.01,-0.05
2823.27,69.04,-9.31,2.05,3.22,0.01,-0.03,-0.04,-0.37,-0.22,10.01,-0.01,0.01,-0.05
2823.28,69.00,-9.31,2.08,3.25,0.01,-0.03,-0.04,-0.41,-0.19,10.02,-0.01,0.01,-0.05
2823.30,68.97,-9.29,2.17,3.19,0.01,-0.03,-0.05,-0.42,-0.18,10.00,-0.01,0.01,-0.04
2823.31,68.94,-9.28,2.19,3.18,-0.01,-0.03,-0.06,-0.41,-0.18,9.99,-0.01,0.01,-0.02
2823.32,68.91,-9.25,2.17,3.22,-0.02,-0.02,-0.07,-0.38,-0.18,10.01,-0.01,0.01,-0.02
2823.33,68.88,-9.24,2.16,3.25,-0.02,-0.02,-0.08,-0.34,-0.18,10.02,-0.01,0.02,-0.01
2823.35,68.87,-9.26,2.14,3.27,-0.03,-0.02,-0.09,-0.30,-0.20,10.03,-0.02,0.02,-0.01
2823.36,68.86,-9.31,2.09,3.29,-0.03,-0.01,-0.09,-0.27,-0.24,10.03,-0.02,0.02,-0.02
2823.37,68.86,-9.33,2.04,3.28,-0.04,-0.01,-0.09,-0.29,-0.27,10.04,-0.02,0.02,-0.02
2823.38,68.84,-9.35,1.96,3.30,-0.04,-0.01,-0.09,-0.33,-0.31,10.03,-0.02,0.02,-0.02
2823.39,68.82,-9.36,1.91,3.29,-0.04,-0.01,-0.08,-0.36,-0.36,10.02,-0.02,0.02,-0.02
2823.41,68.81,-9.39,1.85,3.29,-0.04,-0.00,-0.08,-0.39,-0.40,10.03,-0.02,0.02,-0.01
2823.42,68.78,-9.42,1.80,3.29,-0.05,-0.00,-0.07,-0.41,-0.44,10.03,-0.02,0.02,0.00
2823.44,68.75,-9.44,1.75,3.28,-0.05,-0.00,-0.06,-0.41,-0.48,10.02,-0.01,0.02,0.01
2823.45,68.73,-9.47,1.72,3.29,-0.05,-0.00,-0.06,-0.40,-0.49,10.01,-0.01,0.02,0.01
2823.46,68.73,-9.48,1.69,3.29,-0.05,-0.01,-0.05,-0.39,-0.51,10.01,-0.00,0.01,0.01
2823.47,68.72,-9.48,1.66,3.28,-0.05,-0.01,-0.04,-0.39,-0.53,10.01,-0.00,0.01,0.01
2823.48,68.72,-9.49,1.65,3.27,-0.05,-0.01,-0.03,-0.40,-0.53,10.00,0.00,0.01,0.01
2823.50,68.70,-9.49,1.64,3.28,-0.05,-0.01,-0.01,-0.44,-0.52,10.01,0.01,0.00,0.01
2823.51,68.69,-9.49,1.67,3.28,-0.05,-0.02,0.00,-0.45,-0.51,10.02,0.01,0.00,0.01
2823.52,68.67,-9.48,1.69,3.27,-0.04,-0.02,0.02,-0.44,-0.48,10.02,0.02,0.00,0.02
2823.53,68.66,-9.47,1.73,3.25,-0.04,-0.02,0.03,-0.43,-0.45,10.01,0.02,-0.00,0.02
2823.55,68.66,-9.43,1.77,3.25,-0.04,-0.02,0.05,-0.41,-0.43,10.00,0.02,-0.00,0.02
2823.56,68.65,-9.42,1.80,3.25,-0.04,-0.03,0.05,-0.39,-0.39,10.00,0.02,-0.00,0.02
2823.57,68.66,-9.40,1.86,3.25,-0.04,-0.03,0.06,-0.36,-0.34,10.01,0.02,-0.01,0.02
2823.59,68.66,-9.37,1.89,3.25,-0.04,-0.03,0.06,-0.37,-0.30,10.01,0.02,-0.01,0.02
2823.60,68.66,-9.37,1.93,3.26,-0.04,-0.03,0.06,-0.37,-0.27,10.02,0.02,-0.01,0.01
2823.61,68.65,-9.37,1.94,3.26,-0.05,-0.03,0.05,-0.37,-0.25,10.01,0.02,-0.00,0.01
2823.62,68.65,-9.35,1.96,3.26,-0.04,-0.03,0.05,-0.35,-0.25,10.00,0.02,-0.00,0.01
2823.64,68.66,-9.34,1.98,3.26,-0.04,-0.03,0.04,-0.31,-0.24,10.00,0.02,-0.00,0.01
2823.65,68.67,-9.33,1.99,3.28,-0.04,-0.03,0.04,-0.28,-0.26,9.99,0.02,0.00,0.01
2823.67,68.69,-9.33,1.98,3.29,-0.04,-0.03,0.03,-0.26,-0.27,9.98,0.02,0.00,0.01
2823.68,68.71,-9.33,1.96,3.30,-0.04,-0.03,0.03,-0.25,-0.29,9.98,0.02,-0.00,0.00
2823.69,68.72,-9.35,1.94,3.32,-0.04,-0.03,0.02,-0.26,-0.31,9.98,0.02,-0.00,0.00
2823.70,68.72,-9.36,1.93,3.32,-0.03,-0.03,0.02,-0.27,-0.31,9.97,0.02,-0.00,-0.00
2823.71,68.73,-9.36,1.95,3.31,-0.03,-0.03,0.02,-0.27,-0.29,9.97,0.02,-0.00,-0.00
2823.73,68.74,-9.35,1.96,3.30,-0.02,-0.03,0.02,-0.27,-0.27,9.97,0.01,-0.00,-0.01
2823.74,68.76,-9.34,1.98,3.29,-0.02,-0.03,0.02,-0.28,-0.26,9.97,0.01,-0.00,-0.01
2823.75,68.76,-9.33,2.01,3.28,-0.02,-0.03,0.01,-0.30,-0.23,9.99,0.01,-0.00,-0.01
2823.77,68.76,-9.32,2.03,3.28,-0.02,-0.03,0.01,-0.31,-0.21,9.99,0.01,-0.00,-0.02
2823.78,68.76,-9.29,2.04,3.29,-0.02,-0.03,-0.00,-0.31,-0.20,10.00,0.01,0.00,-0.02
2823.80,68.76,-9.29,2.06,3.29,-0.02,-0.02,-0.01,-0.29,-0.20,10.00,0.00,0.00,-0.01
2823.81,68.76,-9.28,2.07,3.31,-0.02,-0.02,-0.02,-0.25,-0.20,10.00,0.00,0.01,-0.02
2823.83,68.79,-9.28,2.10,3.29,-0.02,-0.02,-0.03,-0.23,-0.19,9.99,-0.00,0.01,-0.02
2823.84,68.81,-9.28,2.11,3.30,-0.02,-0.02,-0.04,-0.22,-0.19,9.99,-0.00,0.01,-0.03
2823.85,68.82,-9.28,2.09,3.30,-0.02,-0.02,-0.05,-0.21,-0.20,10.00,-0.01,0.01,-0.03
2823.86,68.84,-9.29,2.06,3.31,-0.02,-0.01,-0.06,-0.24,-0.23,10.00,-0.01,0.01,-0.03
2823.88,68.85,-9.30,2.03,3.29,-0.02,-0.01,-0.06,-0.26,-0.26,9.98,-0.01,0.01,-0.03
2823.89,68.86,-9.31,1.99,3.30,-0.03,-0.01,-0.07,-0.27,-0.28,9.98,-0.01,0.01,-0.02
2823.90,68.86,-9.34,1.94,3.29,-0.02,-0.01,-0.07,-0.29,-0.31,9.97,-0.01,0.01,-0.02
2823.92,68.87,-9.36,1.89,3.28,-0.02,-0.01,-0.07,-0.32,-0.34,9.98,-0.01,0.01,-0.02
2823.94,68.86,-9.38,1.86,3.27,-0.02,-0.01,-0.06,-0.35,-0.37,10.00,-0.01,0.01,-0.02
2823.95,68.86,-9.41,1.83,3.27,-0.03,-0.01,-0.06,-0.39,-0.39,10.01,-0.01,0.01,-0.01
2823.97,68.83,-9.43,1.78,3.25,-0.03,-0.01,-0.05,-0.43,-0.43,10.03,-0.01,0.01,-0.00
2823.98,68.81,-9.46,1.74,3.24,-0.03,-0.01,-0.04,-0.46,-0.44,10.04,-0.00,0.01,0.00
2824.00,68.80,-9.48,1.74,3.23,-0.03,-0.01,-0.03,-0.46,-0.45,10.03,-0.00,0.01,0.00
2824.01,68.79,-9.48,1.72,3.22,-0.04,-0.01,-0.02,-0.47,-0.44,10.02,0.00,0.01,0.00
2824.02,68.77,-9.46,1.72,3.21,-0.04,-0.01,-0.01,-0.49,-0.42,10.01,0.00,0.00,-0.00
2824.03,68.76,-9.46,1.74,3.21,-0.04,-0.01,-0.00,-0.50,-0.41,10.01,0.00,0.00,-0.00
2824.04,68.74,-9.45,1.75,3.22,-0.04,-0.02,0.00,-0.49,-0.41,10.01,0.00,0.00,0.00
2824.06,68.72,-9.43,1.78,3.23,-0.04,-0.02,0.02,-0.46,-0.41,10.01,0.01,0.00,0.01
2824.07,68.71,-9.42,1.80,3.24,-0.04,-0.02,0.02,-0.41,-0.39,10.01,0.01,-0.00,0.01
2824.09,68.71,-9.41,1.82,3.25,-0.04,-0.02,0.03,-0.37,-0.37,10.02,0.01,-0.00,0.01
2824.10,68.72,-9.40,1.85,3.28,-0.04,-0.02,0.03,-0.34,-0.35,10.01,0.01,-0.00,0.01
2824.11,68.74,-9.40,1.85,3.28,-0.04,-0.02,0.03,-0.30,-0.33,10.00,0.01,-0.00,0.01
2824.13,68.76,-9.39,1.85,3.28,-0.04,-0.02,0.03,-0.31,-0.33,9.98,0.01,-0.00,0.01
2824.14,68.77,-9.38,1.87,3.27,-0.04,-0.02,0.03,-0.31,-0.34,9.97,0.01,-0.00,0.01
2824.15,68.79,-9.37,1.89,3.28,-0.04,-0.02,0.03,-0.30,-0.33,9.96,0.01,-0.00,0.01
2824.17,68.80,-9.36,1.90,3.28,-0.04,-0.02,0.03,-0.30,-0.32,9.95,0.01,-0.00,0.01
2824.18,68.82,-9.36,1.93,3.27,-0.04,-0.02,0.03,-0.29,-0.30,9.96,0.01,-0.00,0.00
2824.19,68.83,-9.36,1.94,3.26,-0.04,-0.02,0.02,-0.30,-0.29,9.97,0.01,-0.00,0.00
2824.21,68.85,-9.36,1.95,3.25,-0.04,-0.02,0.02,-0.31,-0.28,9.97,0.01,-0.00,0.00
2824.22,68.86,-9.36,1.95,3.25,-0.04,-0.03,0.02,-0.33,-0.26,9.98,0.01,-0.00,0.00
2824.24,68.86,-9.36,1.94,3.24,-0.03,-0.03,0.01,-0.35,-0.26,9.98,0.01,-0.00,0.00
2824.25,68.86,-9.35,1.94,3.25,-0.03,-0.03,0.01,-0.35,-0.26,9.99,0.01,-0.00,0.00
2824.26,68.86,-9.36,1.94,3.25,-0.03,-0.03,0.00,-0.35,-0.27,9.99,0.01,-0.00,0.00
2824.27,68.86,-9.36,1.94,3.25,-0.03,-0.03,0.00,-0.35,-0.27,9.99,0.01,-0.00,0.00
2824.28,68.86,-9.36,1.93,3.25,-0.03,-0.03,0.00,-0.34,-0.27,10.01,0.01,-0.00,-0.00
2824.30,68.87,-9.36,1.93,3.24,-0.03,-0.03,-0.00,-0.33,-0.27,10.00,0.01,-0.00,-0.00
2824.31,68.87,-9.36,1.93,3.25,-0.03,-0.03,-0.00,-0.33,-0.28,10.00,0.00,-0.00,-0.01
2824.32,68.88,-9.36,1.93,3.26,-0.03,-0.03,-0.01,-0.33,-0.29,9.99,0.01,-0.00,-0.01
2824.33,68.88,-9.36,1.93,3.26,-0.03,-0.02,-0.01,-0.34,-0.30,10.00,0.00,-0.00,-0.01
2824.34,68.88,-9.36,1.92,3.27,-0.03,-0.02,-0.01,-0.32,-0.31,10.00,0.00,-0.00,-0.01
2824.36,68.88,-9.36,1.92,3.27,-0.03,-0.02,-0.01,-0.32,-0.32,10.00,0.00,-0.00,-0.01
2824.37,68.88,-9.36,1.92,3.28,-0.03,-0.02,-0.01,-0.31,-0.32,9.99,0.00,0.00,-0.00
2824.39,68.88,-9.35,1.91,3.29,-0.03,-0.02,-0.01,-0.31,-0.33,9.99,0.00,0.00,-0.00
2824.40,68.88,-9.35,1.91,3.28,-0.03,-0.02,-0.01,-0.31,-0.33,9.99,0.00,0.00,-0.00
2824.41,68.88,-9.35,1.91,3.28,-0.03,-0.02,-0.01,-0.30,-0.33,9.99,0.00,0.00,-0.00
2824.43,68.88,-9.35,1.90,3.28,-0.04,-0.02,-0.01,-0.30,-0.32,9.99,0.00,0.00,-0.00
2824.44,68.89,-9.36,1.90,3.27,-0.04,-0.02,-0.01,-0.32,-0.33,10.00,0.00,0.00,-0.00
2824.45,68.89,-9.36,1.90,3.27,-0.04,-0.02,-0.01,-0.32,-0.33,10.00,0.00,0.00,-0.00
2824.46,68.89,-9.37,1.90,3.26,-0.04,-0.02,-0.01,-0.33,-0.33,10.00,0.00,0.00,-0.00
2824.47,68.89,-9.36,1.90,3.27,-0.04,-0.02,-0.01,-0.33,-0.32,9.99,0.00,0.00,-0.00
28