=~=~=~=~=~=~=~=~=~=~=~= PuTTY log 2024.07.01 19:42:45 =~=~=~=~=~=~=~=~=~=~=~=
200.09,-80.51,9.43,1.17,0.62,-0.05,-0.02,-0.00,0.97,-0.54,9.78,0.00,0.00,0.01
200.10,-80.51,9.43,1.17,0.63,-0.05,-0.02,-0.00,0.97,-0.54,9.78,0.00,0.00,0.01
200.11,-80.52,9.42,1.18,0.64,-0.04,-0.02,-0.00,0.97,-0.55,9.78,0.00,0.00,0.02
200.14,-80.52,9.42,1.18,0.65,-0.05,-0.02,-0.00,0.96,-0.54,9.78,0.00,0.00,0.02
200.15,-80.52,9.42,1.18,0.65,-0.05,-0.02,-0.00,0.96,-0.55,9.77,0.00,0.00,0.02
200.16,-80.51,9.42,1.17,0.65,-0.05,-0.02,-0.00,0.96,-0.54,9.78,0.00,-0.00,0.01
200.18,-80.51,9.42,1.18,0.64,-0.05,-0.02,-0.00,0.97,-0.55,9.79,0.00,-0.00,0.01
200.21,-80.52,9.43,1.17,0.63,-0.05,-0.02,-0.00,0.97,-0.54,9.78,0.00,-0.00,0.01
200.22,-80.52,9.42,1.17,0.63,-0.05,-0.02,-0.00,0.98,-0.54,9.78,0.00,-0.00,0.01
200.24,-80.52,9.42,1.16,0.63,-0.05,-0.02,-0.00,0.98,-0.54,9.78,0.00,-0.00,0.02
200.27,-80.52,9.42,1.17,0.62,-0.05,-0.02,-0.00,0.98,-0.54,9.78,0.00,-0.00,0.01
200.28,-80.51,9.43,1.17,0.63,-0.05,-0.02,-0.00,0.99,-0.55,9.78,0.00,-0.00,0.01
200.30,-80.51,9.43,1.17,0.62,-0.05,-0.02,-0.00,1.00,-0.54,9.78,0.00,-0.00,0.01
200.32,-80.51,9.42,1.16,0.61,-0.05,-0.02,-0.00,1.00,-0.54,9.78,0.00,0.00,0.02
200.33,-80.51,9.42,1.16,0.61,-0.05,-0.02,-0.00,0.99,-0.54,9.78,0.00,0.00,0.02
200.34,-80.51,9.43,1.16,0.62,-0.05,-0.02,-0.00,0.99,-0.54,9.78,0.00,0.00,0.02
200.35,-80.52,9.43,1.17,0.63,-0.05,-0.02,-0.00,0.99,-0.54,9.79,0.00,0.00,0.02
200.37,-80.51,9.43,1.17,0.64,-0.05,-0.02,-0.00,0.98,-0.54,9.78,0.00,-0.00,0.01
200.40,-80.50,9.43,1.17,0.64,-0.05,-0.02,-0.00,0.98,-0.54,9.78,0.00,-0.00,0.01
200.41,-80.50,9.44,1.17,0.64,-0.05,-0.02,-0.00,0.98,-0.54,9.78,0.00,-0.00,0.01
200.43,-80.49,9.43,1.17,0.64,-0.05,-0.02,-0.00,0.98,-0.54,9.79,0.00,-0.00,0.01
200.45,-80.49,9.43,1.16,0.64,-0.05,-0.02,-0.00,0.98,-0.54,9.78,0.00,0.00,0.01
200.46,-80.49,9.43,1.16,0.63,-0.05,-0.02,-0.00,0.98,-0.55,9.79,0.00,-0.00,0.02
200.49,-80.49,9.44,1.16,0.63,-0.05,-0.02,-0.00,0.97,-0.55,9.78,0.00,-0.00,0.02
200.50,-80.49,9.43,1.17,0.63,-0.05,-0.02,-0.00,0.97,-0.55,9.78,0.00,-0.00,0.02
200.51,-80.50,9.43,1.16,0.64,-0.05,-0.02,-0.00,0.97,-0.56,9.78,0.00,-0.00,0.02
200.52,-80.50,9.43,1.16,0.63,-0.05,-0.02,-0.00,0.97,-0.56,9.79,0.00,0.00,0.02
200.55,-80.51,9.44,1.16,0.64,-0.05,-0.02,-0.00,0.96,-0.54,9.78,0.00,-0.00,0.01
200.57,-80.51,9.43,1.17,0.63,-0.05,-0.02,-0.00,0.97,-0.54,9.78,0.00,-0.00,0.01
200.58,-80.51,9.43,1.18,0.63,-0.05,-0.02,-0.00,0.98,-0.55,9.77,0.00,-0.00,0.01
200.59,-80.51,9.43,1.18,0.64,-0.05,-0.02,-0.00,0.97,-0.54,9.77,0.00,-0.00,0.01
200.61,-80.50,9.43,1.18,0.64,-0.05,-0.02,-0.00,0.98,-0.54,9.78,0.00,-0.00,0.01
200.62,-80.50,9.44,1.18,0.64,-0.05,-0.02,-0.00,0.98,-0.54,9.78,0.00,-0.00,0.02
200.63,-80.50,9.44,1.17,0.64,-0.05,-0.02,-0.00,0.98,-0.53,9.78,0.00,-0.00,0.01
200.65,-80.50,9.43,1.18,0.63,-0.05,-0.02,-0.00,0.98,-0.53,9.78,0.00,-0.00,0.01
200.65,-80.50,9.44,1.17,0.63,-0.05,-0.02,-0.00,0.99,-0.53,9.78,0.00,0.00,0.02
200.67,-80.50,9.43,1.17,0.62,-0.04,-0.02,-0.00,0.99,-0.53,9.78,0.00,0.00,0.02
200.70,-80.50,9.43,1.16,0.62,-0.04,-0.02,-0.00,0.99,-0.55,9.77,0.00,0.00,0.02
200.71,-80.50,9.44,1.15,0.62,-0.04,-0.02,-0.00,0.99,-0.55,9.77,0.00,0.00,0.02
200.72,-80.50,9.43,1.16,0.62,-0.04,-0.02,-0.00,0.99,-0.56,9.78,0.00,0.00,0.02
200.74,-80.50,9.43,1.16,0.63,-0.05,-0.02,-0.00,0.99,-0.56,9.78,0.00,0.00,0.02
200.76,-80.50,9.42,1.17,0.63,-0.05,-0.02,-0.00,0.98,-0.55,9.78,0.00,-0.00,0.02
200.78,-80.50,9.43,1.16,0.63,-0.05,-0.02,-0.00,0.98,-0.54,9.77,0.00,-0.00,0.02
200.79,-80.50,9.43,1.16,0.63,-0.05,-0.02,-0.00,0.98,-0.54,9.77,0.00,0.00,0.02
200.80,-80.50,9.44,1.16,0.63,-0.05,-0.02,-0.00,0.98,-0.54,9.77,0.00,0.00,0.02
200.82,-80.50,9.43,1.17,0.64,-0.05,-0.02,-0.00,0.98,-0.54,9.78,0.00,-0.00,0.01
200.83,-80.50,9.44,1.17,0.65,-0.05,-0.02,-0.00,0.98,-0.54,9.78,0.00,-0.00,0.01
200.84,-80.50,9.44,1.18,0.64,-0.05,-0.02,-0.00,0.97,-0.54,9.77,0.00,-0.00,0.01
200.86,-80.49,9.43,1.18,0.64,-0.05,-0.02,-0.00,0.97,-0.54,9.76,0.00,-0.00,0.01
200.87,-80.49,9.42,1.18,0.63,-0.05,-0.02,-0.00,0.98,-0.54,9.76,0.00,-0.00,0.01
200.88,-80.49,9.42,1.18,0.63,-0.05,-0.02,-0.00,0.98,-0.54,9.76,0.00,-0.00,0.01
200.89,-80.49,9.42,1.19,0.62,-0.05,-0.02,-0.00,0.99,-0.54,9.77,0.00,-0.00,0.01
200.91,-80.49,9.42,1.18,0.61,-0.05,-0.02,-0.00,0.98,-0.54,9.77,0.00,-0.00,0.01
200.93,-80.49,9.42,1.17,0.62,-0.05,-0.02,-0.00,0.99,-0.54,9.77,0.00,-0.00,0.01
200.94,-80.49,9.42,1.17,0.62,-0.05,-0.02,-0.00,0.98,-0.54,9.78,0.00,-0.00,0.02
200.96,-80.50,9.43,1.16,0.61,-0.05,-0.02,-0.00,0.98,-0.56,9.78,0.00,-0.00,0.02
200.97,-80.50,9.44,1.17,0.61,-0.05,-0.02,-0.00,0.99,-0.56,9.78,0.00,-0.00,0.01
200.97,-80.50,9.44,1.17,0.61,-0.05,-0.02,-0.00,0.99,-0.56,9.78,0.00,-0.00,0.01
200.99,-80.51,9.43,1.16,0.61,-0.05,-0.02,-0.00,0.99,-0.56,9.78,0.00,-0.00,0.01
201.01,-80.50,9.42,1.15,0.62,-0.05,-0.02,-0.00,1.00,-0.56,9.78,0.00,-0.00,0.01
201.03,-80.50,9.42,1.15,0.62,-0.05,-0.02,-0.00,0.99,-0.55,9.78,0.00,0.00,0.01
201.03,-80.50,9.43,1.15,0.63,-0.05,-0.02,-0.00,1.00,-0.55,9.78,0.00,0.00,0.01
201.05,-80.50,9.43,1.16,0.62,-0.05,-0.02,-0.00,0.99,-0.55,9.77,0.00,-0.00,0.01
201.09,-80.51,9.43,1.17,0.62,-0.05,-0.02,-0.00,0.98,-0.56,9.78,0.00,-0.00,0.02
201.11,-80.51,9.42,1.17,0.63,-0.05,-0.02,-0.00,0.97,-0.55,9.78,0.00,-0.00,0.01
201.12,-80.51,9.43,1.17,0.63,-0.05,-0.02,-0.00,0.98,-0.54,9.78,0.00,-0.00,0.02
201.13,-80.51,9.42,1.17,0.64,-0.05,-0.02,-0.00,0.98,-0.54,9.78,0.00,-0.00,0.02
201.15,-80.51,9.42,1.17,0.62,-0.05,-0.02,-0.00,0.98,-0.54,9.77,0.00,-0.00,0.02
201.16,-80.52,9.43,1.18,0.62,-0.05,-0.02,-0.00,0.98,-0.54,9.77,0.00,-0.00,0.01
201.17,-80.52,9.42,1.19,0.62,-0.05,-0.02,-0.00,0.98,-0.55,9.78,0.00,-0.00,0.01
201.19,-80.52,9.42,1.19,0.62,-0.05,-0.02,-0.00,0.98,-0.54,9.78,0.00,-0.00,0.01
201.20,-80.52,9.42,1.18,0.63,-0.05,-0.02,-0.00,0.99,-0.54,9.78,0.00,-0.00,0.02
201.21,-80.52,9.42,1.18,0.64,-0.05,-0.02,-0.00,0.98,-0.54,9.78,0.00,0.00,0.01
201.22,-80.52,9.42,1.18,0.63,-0.05,-0.02,-0.00,0.98,-0.54,9.78,0.00,-0.00,0.02
201.23,-80.52,9.42,1.19,0.63,-0.05,-0.02,-0.00,0.98,-0.54,9.78,0.00,-0.00,0.02
201.25,-80.51,9.42,1.18,0.62,-0.05,-0.02,-0.00,0.99,-0.54,9.78,0.00,-0.00,0.02
201.26,-80.51,9.43,1.17,0.63,-0.05,-0.02,-0.00,0.99,-0.55,9.78,0.00,-0.00,0.02
201.28,-80.51,9.43,1.17,0.63,-0.05,-0.02,-0.00,0.99,-0.54,9.78,0.00,-0.00,0.01
201.30,-80.51,9.44,1.17,0.62,-0.05,-0.02,-0.00,0.98,-0.54,9.78,0.00,0.00,0.02
201.31,-80.51,9.43,1.17,0.62,-0.05,-0.02,-0.00,0.98,-0.53,9.78,0.00,-0.00,0.01
201.32,-80.52,9.43,1.17,0.62,-0.05,-0.02,-0.00,0.99,-0.54,9.77,0.00,0.00,0.01
201.34,-80.52,9.42,1.17,0.61,-0.05,-0.02,-0.00,0.99,-0.54,9.77,0.00,0.00,0.01
201.36,-80.52,9.43,1.17,0.60,-0.04,-0.02,-0.01,0.99,-0.54,9.78,0.00,0.00,0.01
201.38,-80.53,9.42,1.17,0.61,-0.04,-0.02,-0.00,0.99,-0.55,9.79,0.00,0.00,0.01
201.40,-80.54,9.42,1.17,0.61,-0.05,-0.02,-0.00,0.99,-0.55,9.79,0.00,0.00,0.01
201.41,-80.54,9.42,1.17,0.62,-0.05,-0.02,-0.00,0.99,-0.55,9.79,0.00,0.00,0.01
201.43,-80.53,9.42,1.17,0.64,-0.05,-0.02,-0.00,0.99,-0.56,9.79,0.00,0.00,0.01
201.44,-80.52,9.42,1.18,0.64,-0.05,-0.02,-0.00,0.98,-0.55,9.78,0.00,0.00,0.01
201.46,-80.52,9.42,1.18,0.63,-0.05,-0.02,-0.00,0.97,-0.54,9.77,0.00,-0.00,0.01
201.47,-80.52,9.42,1.19,0.64,-0.05,-0.02,-0.00,0.98,-0.53,9.78,0.00,-0.00,0.01
201.49,-80.52,9.42,1.19,0.64,-0.05,-0.02,-0.00,0.97,-0.54,9.76,0.00,-0.00,0.01
201.50,-80.52,9.42,1.18,0.63,-0.05,-0.02,-0.00,0.97,-0.54,9.78,0.00,-0.00,0.01
201.51,-80.52,9.42,1.18,0.64,-0.05,-0.02,-0.00,0.97,-0.53,9.78,0.00,-0.00,0.01
201.53,-80.52,9.43,1.18,0.64,-0.05,-0.02,-0.00,0.97,-0.53,9.79,0.00,-0.00,0.01
201.54,-80.52,9.43,1.18,0.64,-0.05,-0.02,-0.00,0.98,-0.53,9.78,0.00,-0.00,0.01
201.57,-80.51,9.43,1.18,0.63,-0.05,-0.02,-0.00,0.97,-0.54,9.78,-0.00,-0.00,0.01
201.58,-80.51,9.43,1.17,0.63,-0.05,-0.02,-0.00,0.98,-0.54,9.78,0.00,-0.00,0.01
201.59,-80.51,9.42,1.17,0.61,-0.05,-0.02,-0.00,0.99,-0.54,9.77,0.00,-0.00,0.01
201.62,-80.51,9.42,1.15,0.60,-0.05,-0.01,-0.00,0.99,-0.54,9.77,0.00,-0.00,0.01
201.63,-80.51,9.43,1.15,0.60,-0.05,-0.02,-0.00,0.99,-0.56,9.76,0.00,-0.00,0.02
201.64,-80.51,9.43,1.16,0.60,-0.05,-0.02,-0.00,1.00,-0.55,9.78,0.00,-0.00,0.02
201.65,-80.51,9.43,1.16,0.60,-0.05,-0.02,0.00,1.00,-0.55,9.78,0.00,-0.00,0.02
201.67,-80.51,9.43,1.16,0.60,-0.05,-0.02,0.00,1.00,-0.55,9.78,0.00,0.00,0.02
201.68,-80.51,9.43,1.16,0.61,-0.05,-0.02,0.00,1.00,-0.55,9.78,0.00,0.00,0.02
201.70,-80.51,9.43,1.15,0.62,-0.05,-0.02,-0.00,0.99,-0.55,9.79,0.00,0.00,0.01
201.71,-80.51,9.43,1.16,0.62,-0.05,-0.02,-0.00,1.00,-0.55,9.79,0.00,0.00,0.01
201.72,-80.51,9.43,1.16,0.62,-0.05,-0.02,-0.00,0.99,-0.54,9.78,0.00,0.00,0.01
201.74,-80.52,9.43,1.16,0.63,-0.05,-0.02,-0.00,0.99,-0.54,9.78,0.00,0.00,0.01
201.75,-80.52,9.42,1.16,0.63,-0.05,-0.02,-0.00,0.99,-0.54,9.78,0.00,0.00,0.01
201.76,-80.52,9.43,1.16,0.63,-0.05,-0.02,-0.00,0.97,-0.54,9.78,0.00,0.00,0.01
201.78,-80.52,9.44,1.16,0.63,-0.05,-0.02,-0.00,0.98,-0.54,9.78,0.00,0.00,0.01
201.80,-80.53,9.42,1.17,0.62,-0.05,-0.02,-0.01,0.99,-0.53,9.78,0.01,0.00,0.02
201.83,-80.53,9.42,1.17,0.62,-0.05,-0.02,-0.01,0.99,-0.53,9.78,0.01,0.00,0.01
201.84,-80.53,9.43,1.16,0.62,-0.05,-0.02,-0.01,0.99,-0.54,9.79,0.01,0.00,0.01
201.86,-80.54,9.43,1.16,0.63,-0.05,-0.02,-0.01,0.97,-0.55,9.78,0.01,0.00,0.01
201.87,-80.54,9.43,1.17,0.63,-0.05,-0.02,-0.01,0.96,-0.56,9.78,0.01,0.00,0.01
201.89,-80.55,9.43,1.18,0.63,-0.05,-0.02,-0.01,0.96,-0.55,9.77,0.01,0.00,0.01
201.90,-80.56,9.42,1.19,0.63,-0.05,-0.02,-0.01,0.96,-0.54,9.77,0.01,0.00,0.01
201.92,-80.57,9.42,1.19,0.64,-0.05,-0.02,-0.01,0.95,-0.52,9.78,0.00,0.00,0.01
201.94,-80.57,9.44,1.18,0.66,-0.05,-0.02,-0.01,0.93,-0.52,9.78,0.00,-0.00,0.01
201.96,-80.58,9.45,1.18,0.67,-0.04,-0.02,-0.01,0.93,-0.52,9.78,0.00,-0.00,0.01
201.98,-80.57,9.50,1.17,0.68,-0.04,-0.02,-0.02,0.93,-0.54,9.78,0.00,-0.00,0.01
201.99,-80.56,9.48,1.16,0.68,-0.04,-0.01,-0.03,0.95,-0.55,9.77,0.00,-0.00,0.00
202.00,-80.54,9.47,1.16,0.67,-0.04,-0.01,-0.04,0.96,-0.57,9.78,0.00,-0.00,0.01
202.02,-80.52,9.43,1.17,0.65,-0.04,-0.01,-0.04,0.98,-0.57,9.78,0.00,-0.00,0.00
202.04,-80.50,9.40,1.19,0.63,-0.05,-0.02,-0.04,1.00,-0.55,9.77,0.01,-0.00,0.00
202.07,-80.49,9.38,1.21,0.60,-0.05,-0.02,-0.04,1.01,-0.53,9.78,0.01,-0.00,0.00
202.08,-80.49,9.38,1.22,0.57,-0.05,-0.02,-0.03,1.01,-0.54,9.77,0.00,-0.00,0.00
202.09,-80.51,9.42,1.21,0.55,-0.05,-0.02,-0.02,1.04,-0.54,9.78,0.01,-0.00,0.01
202.12,-80.53,9.41,1.20,0.54,-0.05,-0.02,-0.01,1.06,-0.54,9.77,0.00,0.00,0.02
202.13,-80.53,9.40,1.21,0.54,-0.05,-0.02,-0.00,1.06,-0.53,9.77,0.00,0.00,0.01
202.15,-80.54,9.39,1.21,0.54,-0.04,-0.03,-0.00,1.06,-0.52,9.77,0.01,0.00,0.01
202.16,-80.56,9.40,1.20,0.59,-0.04,-0.03,0.00,1.02,-0.52,9.78,0.01,0.00,0.01
202.18,-80.56,9.42,1.21,0.61,-0.04,-0.03,0.00,1.00,-0.53,9.79,0.01,0.00,0.01
202.19,-80.57,9.42,1.23,0.63,-0.04,-0.03,0.00,0.97,-0.52,9.79,0.01,0.00,0.02
202.20,-80.58,9.42,1.26,0.64,-0.04,-0.03,0.00,0.95,-0.52,9.78,0.01,0.00,0.02
202.23,-80.62,9.42,1.27,0.64,-0.04,-0.03,0.00,0.91,-0.51,9.78,0.00,0.00,0.02
202.26,-80.66,9.41,1.22,0.65,-0.04,-0.02,0.01,0.92,-0.50,9.78,-0.00,-0.00,0.02
202.28,-80.66,9.43,1.22,0.66,-0.04,-0.02,0.01,0.92,-0.50,9.79,-0.00,-0.00,0.02
202.29,-80.66,9.45,1.22,0.65,-0.04,-0.02,0.01,0.93,-0.51,9.79,-0.00,-0.00,0.02
202.31,-80.66,9.47,1.19,0.63,-0.04,-0.01,0.00,0.96,-0.53,9.79,-0.00,-0.00,0.02
202.32,-80.65,9.47,1.18,0.61,-0.04,-0.01,0.00,0.98,-0.55,9.80,-0.00,-0.00,0.02
202.34,-80.65,9.45,1.15,0.57,-0.04,-0.01,-0.00,1.02,-0.56,9.80,-0.00,0.00,0.02
202.36,-80.65,9.44,1.12,0.54,-0.04,-0.02,-0.01,1.06,-0.60,9.79,0.00,0.00,0.01
202.37,-80.65,9.44,1.09,0.53,-0.04,-0.02,-0.00,1.08,-0.63,9.77,0.01,0.00,0.01
202.40,-80.63,9.44,1.06,0.52,-0.05,-0.02,-0.01,1.10,-0.66,9.78,0.01,0.00,0.01
202.41,-80.63,9.44,1.07,0.51,-0.05,-0.02,-0.01,1.11,-0.66,9.80,0.02,0.00,0.00
202.42,-80.63,9.43,1.09,0.53,-0.05,-0.03,-0.01,1.07,-0.65,9.79,0.02,0.01,0.00
202.44,-80.68,9.42,1.15,0.56,-0.06,-0.04,-0.01,1.01,-0.59,9.79,0.03,0.01,-0.00
202.46,-80.71,9.42,1.20,0.58,-0.06,-0.04,-0.01,0.98,-0.54,9.78,0.03,0.01,-0.01
202.48,-80.75,9.42,1.26,0.62,-0.06,-0.04,-0.01,0.94,-0.49,9.78,0.03,0.01,-0.01
202.50,-80.76,9.42,1.28,0.66,-0.06,-0.04,-0.01,0.90,-0.45,9.78,0.02,0.01,-0.01
202.51,-80.79,9.42,1.32,0.67,-0.06,-0.04,-0.01,0.86,-0.42,9.78,0.02,0.01,-0.01
202.53,-80.81,9.41,1.35,0.72,-0.06,-0.04,-0.01,0.81,-0.37,9.77,0.02,0.00,-0.01
202.54,-80.84,9.41,1.37,0.73,-0.06,-0.03,-0.01,0.78,-0.34,9.77,0.01,0.00,-0.01
202.55,-80.86,9.42,1.41,0.75,-0.06,-0.03,-0.01,0.74,-0.31,9.76,0.01,-0.00,-0.00
202.56,-80.90,9.43,1.42,0.76,-0.06,-0.02,-0.01,0.72,-0.31,9.77,0.00,-0.01,-0.00
202.57,-80.91,9.44,1.42,0.77,-0.05,-0.01,-0.01,0.73,-0.31,9.76,-0.00,-0.01,0.00
202.59,-80.91,9.43,1.42,0.74,-0.05,-0.00,-0.00,0.76,-0.32,9.75,-0.01,-0.01,0.01
202.61,-80.88,9.41,1.40,0.72,-0.05,0.00,-0.01,0.82,-0.34,9.75,-0.02,-0.01,0.01
202.62,-80.86,9.41,1.38,0.68,-0.04,0.01,-0.01,0.87,-0.36,9.76,-0.03,-0.02,0.01
202.63,-80.80,9.41,1.32,0.62,-0.04,0.01,-0.01,0.96,-0.43,9.78,-0.03,-0.02,0.02
202.65,-80.77,9.38,1.26,0.59,-0.04,0.01,-0.01,1.01,-0.48,9.77,-0.03,-0.02,0.03
202.67,-80.71,9.35,1.19,0.54,-0.03,0.01,0.01,1.06,-0.53,9.77,-0.03,-0.02,0.03
202.68,-80.69,9.33,1.15,0.50,-0.03,0.00,0.02,1.07,-0.59,9.77,-0.03,-0.02,0.04
202.69,-80.65,9.35,1.11,0.48,-0.02,-0.00,0.03,1.11,-0.61,9.77,-0.03,-0.01,0.05
202.71,-80.62,9.39,1.09,0.48,-0.02,-0.01,0.04,1.13,-0.65,9.77,-0.03,-0.01,0.04
202.72,-80.62,9.44,1.06,0.50,-0.02,-0.01,0.04,1.13,-0.71,9.80,-0.03,-0.01,0.03
202.74,-80.55,9.49,1.03,0.55,-0.04,-0.01,0.03,1.16,-0.75,9.84,-0.02,-0.01,0.01
202.76,-80.50,9.50,1.04,0.57,-0.05,-0.01,0.02,1.11,-0.74,9.80,-0.02,-0.00,0.00
202.77,-80.49,9.49,1.04,0.57,-0.06,-0.01,0.00,1.04,-0.71,9.76,-0.01,-0.00,-0.01
202.79,-80.52,9.51,1.07,0.54,-0.07,-0.01,-0.03,1.00,-0.68,9.79,-0.01,-0.00,-0.02
202.82,-80.53,9.53,1.05,0.54,-0.08,-0.01,-0.04,1.04,-0.67,9.83,0.00,0.00,-0.02
202.84,-80.52,9.52,0.97,0.55,-0.07,-0.01,-0.04,1.11,-0.67,9.85,0.02,0.01,-0.02
202.85,-80.51,9.49,0.92,0.59,-0.05,-0.01,-0.03,1.11,-0.69,9.82,0.03,0.01,-0.01
202.87,-80.48,9.44,1.01,0.63,-0.04,-0.02,-0.03,1.07,-0.68,9.73,0.04,0.01,-0.02
202.88,-80.45,9.41,1.21,0.62,-0.06,-0.02,-0.06,1.04,-0.65,9.69,0.04,-0.00,-0.03
202.89,-80.45,9.40,1.32,0.58,-0.08,-0.02,-0.09,0.99,-0.59,9.66,0.05,-0.01,-0.03
202.90,-80.47,9.40,1.34,0.54,-0.09,-0.02,-0.10,0.98,-0.54,9.70,0.04,-0.02,-0.04
202.91,-80.49,9.42,1.31,0.53,-0.10,-0.02,-0.09,0.97,-0.52,9.77,0.04,-0.02,-0.03
202.92,-80.53,9.42,1.30,0.57,-0.09,-0.02,-0.05,0.96,-0.48,9.85,0.03,-0.01,-0.02
202.94,-80.56,9.33,1.43,0.60,-0.09,-0.01,-0.00,0.99,-0.38,9.81,0.02,0.02,0.01
202.98,-80.57,9.26,1.48,0.57,-0.07,-0.01,0.01,1.03,-0.22,9.66,0.01,0.01,0.02
203.00,-80.57,9.31,1.47,0.59,-0.05,-0.01,0.03,1.00,-0.23,9.70,-0.00,-0.00,0.02
203.02,-80.56,9.36,1.47,0.58,-0.03,-0.01,0.04,0.99,-0.26,9.78,-0.01,-0.01,0.04
203.03,-80.56,9.39,1.45,0.56,-0.03,-0.01,0.04,1.00,-0.28,9.80,-0.01,-0.01,0.05
203.04,-80.57,9.42,1.38,0.52,-0.02,-0.01,0.04,1.04,-0.31,9.85,-0.02,0.00,0.07
203.06,-80.59,9.46,1.22,0.54,0.00,-0.01,0.05,1.10,-0.43,9.82,-0.02,0.02,0.07
203.08,-80.59,9.45,1.17,0.55,0.00,-0.01,0.06,1.11,-0.50,9.80,-0.01,0.02,0.06
203.09,-80.58,9.42,1.12,0.57,0.00,-0.01,0.06,1.11,-0.59,9.77,-0.01,0.02,0.05
203.10,-80.56,9.42,1.07,0.58,0.00,-0.01,0.05,1.09,-0.67,9.75,-0.00,0.02,0.02
203.12,-80.55,9.42,0.98,0.60,-0.02,-0.02,0.03,1.02,-0.79,9.78,0.00,0.01,0.01
203.15,-80.56,9.49,0.95,0.70,-0.05,-0.03,0.03,0.91,-0.86,9.81,0.01,0.01,-0.00
203.16,-80.58,9.51,0.99,0.72,-0.06,-0.04,0.02,0.90,-0.83,9.79,0.01,0.01,-0.00
203.18,-80.60,9.50,1.07,0.73,-0.08,-0.04,0.01,0.90,-0.75,9.79,0.01,0.00,-0.00
203.19,-80.60,9.47,1.11,0.72,-0.09,-0.04,-0.01,0.89,-0.68,9.79,0.01,0.00,-0.01
203.20,-80.61,9.45,1.15,0.71,-0.09,-0.05,-0.02,0.89,-0.58,9.79,0.01,-0.00,-0.00
203.21,-80.63,9.42,1.18,0.70,-0.09,-0.05,-0.02,0.86,-0.49,9.79,0.01,-0.00,-0.00
203.23,-80.66,9.41,1.23,0.70,-0.08,-0.05,-0.02,0.84,-0.41,9.78,0.01,-0.01,-0.01
203.24,-80.68,9.41,1.28,0.70,-0.07,-0.04,-0.01,0.83,-0.36,9.78,0.01,-0.01,-0.01
203.25,-80.70,9.42,1.37,0.68,-0.07,-0.04,-0.01,0.83,-0.31,9.77,0.01,-0.01,-0.00
203.26,-80.73,9.43,1.42,0.67,-0.07,-0.03,-0.01,0.84,-0.28,9.75,0.00,-0.01,0.00
203.27,-80.75,9.44,1.44,0.65,-0.06,-0.03,-0.01,0.85,-0.24,9.73,-0.00,-0.01,0.00
203.28,-80.77,9.44,1.44,0.65,-0.05,-0.02,-0.01,0.86,-0.22,9.75,-0.01,-0.01,0.01
203.29,-80.79,9.43,1.42,0.65,-0.04,-0.02,-0.01,0.87,-0.24,9.76,-0.01,-0.01,0.02
203.31,-80.79,9.41,1.34,0.64,-0.03,-0.01,-0.00,0.90,-0.32,9.75,-0.02,-0.01,0.03
203.33,-80.77,9.41,1.27,0.64,-0.02,0.00,0.01,0.94,-0.41,9.77,-0.02,-0.01,0.03
203.34,-80.72,9.42,1.17,0.60,-0.01,0.00,0.02,0.99,-0.55,9.78,-0.02,-0.01,0.04
203.37,-80.69,9.43,1.11,0.60,-0.01,0.01,0.02,1.00,-0.63,9.76,-0.02,-0.01,0.05
203.38,-80.66,9.43,1.09,0.59,-0.01,0.00,0.02,1.02,-0.67,9.76,-0.03,-0.01,0.05
203.39,-80.64,9.43,1.08,0.58,-0.02,0.00,0.02,1.04,-0.68,9.77,-0.03,-0.01,0.05
203.41,-80.60,9.44,1.05,0.58,-0.02,-0.00,0.02,1.06,-0.69,9.77,-0.03,-0.01,0.05
203.42,-80.58,9.44,1.04,0.56,-0.02,-0.00,0.02,1.07,-0.69,9.78,-0.02,-0.01,0.05
203.43,-80.56,9.46,1.03,0.54,-0.02,-0.01,0.01,1.09,-0.69,9.79,-0.02,-0.01,0.04
203.44,-80.55,9.47,1.02,0.53,-0.02,-0.01,0.01,1.09,-0.68,9.80,-0.01,-0.01,0.04
203.45,-80.53,9.48,1.04,0.52,-0.03,-0.01,0.01,1.09,-0.66,9.78,-0.01,-0.01,0.04
203.47,-80.52,9.47,1.08,0.54,-0.03,-0.01,-0.00,1.08,-0.65,9.79,-0.00,-0.00,0.03
203.50,-80.51,9.46,1.09,0.56,-0.03,-0.01,-0.01,1.05,-0.64,9.79,0.00,-0.00,0.02
203.51,-80.50,9.46,1.10,0.59,-0.04,-0.01,-0.02,1.04,-0.64,9.80,0.01,-0.00,0.01
203.53,-80.49,9.46,1.11,0.60,-0.05,-0.02,-0.02,1.02,-0.63,9.80,0.01,-0.00,0.01
203.54,-80.49,9.46,1.14,0.62,-0.05,-0.02,-0.02,1.00,-0.61,9.79,0.01,-0.00,0.01
203.56,-80.49,9.46,1.15,0.63,-0.05,-0.02,-0.03,0.99,-0.59,9.79,0.01,-0.00,0.00
203.56,-80.49,9.45,1.16,0.64,-0.05,-0.02,-0.03,0.98,-0.58,9.78,0.01,-0.00,0.01
203.61,-80.48,9.39,1.22,0.62,-0.05,-0.01,-0.02,0.98,-0.50,9.76,0.01,-0.00,0.01
203.64,-80.48,9.38,1.27,0.60,-0.05,-0.01,-0.01,0.99,-0.46,9.77,0.00,-0.00,0.01
203.64,-80.49,9.40,1.28,0.60,-0.05,-0.01,-0.00,0.98,-0.44,9.77,-0.00,-0.00,0.01
203.68,-80.49,9.40,1.27,0.60,-0.04,-0.01,0.00,0.99,-0.47,9.76,-0.01,-0.00,0.02
203.70,-80.50,9.41,1.25,0.58,-0.04,-0.01,0.01,1.02,-0.49,9.77,-0.01,-0.00,0.02
203.71,-80.50,9.40,1.22,0.55,-0.04,-0.01,0.01,1.05,-0.51,9.78,-0.01,0.00,0.03
203.73,-80.51,9.42,1.14,0.51,-0.04,-0.01,0.01,1.11,-0.56,9.78,-0.00,0.00,0.02
203.76,-80.51,9.43,1.10,0.50,-0.04,-0.02,0.02,1.13,-0.63,9.77,0.00,0.01,0.02
203.78,-80.51,9.44,1.06,0.51,-0.05,-0.02,0.01,1.12,-0.66,9.78,0.01,0.01,0.01
203.80,-80.55,9.45,1.04,0.54,-0.06,-0.03,0.00,1.06,-0.70,9.78,0.02,0.01,0.00
203.83,-80.56,9.45,1.05,0.57,-0.06,-0.03,0.00,1.06,-0.68,9.79,0.02,0.01,-0.00
203.84,-80.58,9.45,1.06,0.58,-0.06,-0.03,-0.00,1.04,-0.65,9.80,0.02,0.01,0.00
203.85,-80.60,9.45,1.08,0.60,-0.07,-0.03,-0.00,1.01,-0.62,9.79,0.02,0.01,-0.00
203.87,-80.65,9.45,1.15,0.65,-0.07,-0.03,-0.01,0.94,-0.55,9.79,0.03,0.01,-0.00
203.89,-80.68,9.45,1.19,0.66,-0.07,-0.03,-0.02,0.92,-0.51,9.78,0.03,0.01,0.00
203.91,-80.70,9.45,1.22,0.68,-0.06,-0.03,-0.03,0.91,-0.46,9.78,0.02,0.01,0.00
203.93,-80.72,9.44,1.23,0.67,-0.06,-0.03,-0.03,0.89,-0.45,9.79,0.02,0.00,-0.00
203.94,-80.73,9.43,1.26,0.68,-0.06,-0.03,-0.03,0.89,-0.43,9.79,0.02,0.01,-0.00
203.96,-80.74,9.42,1.28,0.69,-0.05,-0.03,-0.02,0.88,-0.41,9.77,0.01,0.00,0.00
203.98,-80.75,9.37,1.32,0.68,-0.05,-0.02,-0.01,0.87,-0.39,9.74,0.00,-0.00,0.01
204.00,-80.76,9.37,1.34,0.68,-0.04,-0.02,-0.01,0.86,-0.37,9.75,-0.00,-0.00,0.01
204.01,-80.76,9.39,1.35,0.67,-0.04,-0.02,-0.00,0.86,-0.37,9.76,-0.01,-0.01,0.02
204.02,-80.77,9.40,1.35,0.67,-0.04,-0.02,0.00,0.86,-0.37,9.77,-0.01,-0.01,0.02
204.03,-80.78,9.42,1.34,0.68,-0.04,-0.01,0.01,0.87,-0.38,9.78,-0.02,-0.01,0.02
204.04,-80.77,9.44,1.32,0.69,-0.03,-0.01,0.01,0.86,-0.40,9.79,-0.02,-0.01,0.03
204.06,-80.75,9.45,1.28,0.70,-0.03,0.00,0.02,0.87,-0.45,9.78,-0.03,-0.01,0.03
204.07,-80.72,9.44,1.26,0.70,-0.03,0.00,0.02,0.88,-0.47,9.79,-0.03,-0.01,0.03
204.08,-80.70,9.42,1.24,0.69,-0.03,0.01,0.02,0.91,-0.49,9.79,-0.03,-0.01,0.03
204.10,-80.67,9.41,1.24,0.69,-0.02,0.01,0.01,0.94,-0.51,9.81,-0.04,-0.01,0.03
204.11,-80.60,9.40,1.20,0.68,-0.02,0.00,0.01,0.99,-0.54,9.84,-0.04,-0.01,0.03
204.13,-80.55,9.40,1.18,0.66,-0.02,0.00,0.01,1.01,-0.55,9.83,-0.05,-0.01,0.02
204.14,-80.52,9.40,1.18,0.64,-0.02,-0.01,0.01,1.02,-0.56,9.82,-0.06,-0.01,0.01
204.15,-80.49,9.39,1.19,0.62,-0.02,-0.02,-0.00,1.03,-0.54,9.82,-0.06,-0.01,0.01
204.16,-80.49,9.39,1.20,0.58,-0.01,-0.03,-0.02,1.04,-0.52,9.84,-0.07,-0.00,0.01
204.18,-80.49,9.39,1.20,0.54,-0.01,-0.03,-0.01,1.06,-0.53,9.87,-0.07,0.00,0.01
204.19,-80.52,9.43,1.18,0.52,-0.01,-0.04,0.00,1.09,-0.55,9.90,-0.07,0.01,0.01
204.20,-80.53,9.48,1.13,0.52,-0.00,-0.04,0.02,1.11,-0.58,9.91,-0.07,0.01,0.01
204.21,-80.59,9.66,1.05,0.50,0.01,-0.04,0.03,1.14,-0.65,9.94,-0.06,0.02,-0.03
204.24,-80.62,9.70,0.94,0.53,0.01,-0.03,0.03,1.13,-0.75,10.07,-0.03,0.04,-0.05
204.25,-80.66,9.73,0.83,0.57,0.02,-0.02,0.03,1.11,-0.88,10.16,-0.01,0.06,-0.08
204.27,-80.72,9.78,0.83,0.52,0.01,-0.03,0.02,1.09,-0.98,10.16,-0.01,0.07,-0.10
204.28,-80.81,9.83,0.81,0.50,-0.01,-0.05,-0.02,1.14,-1.03,10.12,0.01,0.07,-0.16
204.31,-81.00,9.81,0.85,0.56,-0.04,-0.08,-0.08,1.00,-0.99,10.20,0.04,0.10,-0.18
204.32,-81.22,9.75,0.90,0.59,-0.06,-0.09,-0.10,0.75,-0.96,10.16,0.07,0.15,-0.21
204.34,-81.48,9.71,0.99,0.61,-0.06,-0.09,-0.12,0.60,-0.91,10.09,0.08,0.20,-0.22
204.35,-81.89,9.70,1.13,0.64,-0.08,-0.09,-0.15,0.47,-0.80,9.99,0.07,0.29,-0.22
204.37,-82.24,9.71,1.21,0.66,-0.08,-0.08,-0.17,0.43,-0.74,9.97,0.06,0.33,-0.22
204.38,-82.80,9.78,1.38,0.68,-0.09,-0.06,-0.20,0.38,-0.60,9.94,0.03,0.41,-0.23
204.40,-83.08,9.83,1.51,0.68,-0.10,-0.05,-0.22,0.38,-0.50,9.92,0.01,0.46,-0.23
204.41,-83.45,9.75,1.60,0.69,-0.11,-0.03,-0.24,0.41,-0.43,9.90,-0.01,0.49,-0.24
204.42,-83.93,9.57,1.64,0.65,-0.11,-0.02,-0.25,0.38,-0.33,9.85,-0.05,0.54,-0.26
204.43,-84.57,9.24,1.67,0.56,-0.10,-0.01,-0.22,0.19,-0.31,9.64,-0.10,0.63,-0.24
204.46,-85.31,9.14,1.79,0.52,-0.10,-0.00,-0.18,0.09,-0.37,9.46,-0.14,0.66,-0.22
204.47,-85.69,9.04,1.87,0.49,-0.09,0.02,-0.16,0.07,-0.36,9.34,-0.17,0.68,-0.20
204.48,-86.31,8.91,1.91,0.39,-0.10,0.05,-0.12,0.10,-0.32,9.18,-0.23,0.72,-0.16
204.49,-86.67,8.86,1.90,0.31,-0.10,0.06,-0.10,0.11,-0.35,9.15,-0.25,0.73,-0.15
204.51,-87.16,8.86,1.84,0.29,-0.11,0.08,-0.07,0.11,-0.39,9.11,-0.28,0.75,-0.13
204.52,-87.86,8.67,1.60,0.35,-0.08,0.14,0.00,0.17,-0.43,9.13,-0.32,0.76,-0.09
204.54,-88.28,8.58,1.54,0.14,-0.07,0.19,0.05,0.29,-0.53,9.09,-0.34,0.76,-0.08
204.55,-88.90,8.49,1.32,-0.02,-0.04,0.24,0.11,0.37,-0.67,8.85,-0.35,0.77,-0.07
204.57,-89.42,8.43,1.23,-0.09,-0.02,0.32,0.10,0.25,-0.73,8.61,-0.33,0.79,-0.06
204.59,-89.88,8.40,1.12,-0.18,-0.01,0.39,0.08,0.12,-0.78,8.47,-0.31,0.80,-0.01
204.61,-90.18,8.39,1.09,-0.20,-0.03,0.47,0.06,0.01,-0.80,8.37,-0.28,0.80,0.02
204.62,-90.48,8.27,1.07,-0.13,-0.04,0.53,0.06,-0.13,-0.77,8.29,-0.24,0.81,0.07
204.66,-90.66,8.04,1.08,0.18,-0.03,0.64,0.07,-0.38,-0.76,8.19,-0.20,0.81,0.14
204.67,-90.91,7.84,1.10,0.45,-0.03,0.70,0.10,-0.67,-0.78,8.13,-0.17,0.78,0.25
204.68,-90.87,8.50,0.94,0.64,0.00,0.77,0.14,-0.94,-0.17,9.21,-0.11,0.70,0.42
204.69,-90.82,11.90,1.57,1.05,0.20,0.56,0.10,-1.43,-1.25,13.37,-0.29,0.39,0.51
204.72,-90.71,12.85,1.94,1.39,0.27,0.43,0.05,-0.72,-2.73,14.02,-0.21,0.21,0.52
204.74,-90.18,12.65,2.22,1.38,0.31,0.27,0.16,0.16,-1.77,12.48,0.03,0.22,0.52
204.75,-89.96,12.02,1.99,1.28,0.24,0.29,0.25,0.23,-1.04,11.87,0.04,0.25,0.49
204.77,-89.67,10.48,1.29,1.16,0.12,0.38,0.32,-0.31,-0.68,9.57,-0.03,0.41,0.31
204.78,-89.62,7.17,0.36,0.56,0.11,0.56,0.26,-1.26,-1.41,8.71,-0.15,0.43,0.30
204.80,-89.69,7.73,0.92,0.73,0.21,0.58,0.21,-0.85,-1.76,9.30,-0.19,0.37,0.36
204.81,-88.80,11.15,0.54,1.20,0.10,0.61,0.28,-0.06,-1.36,9.91,-0.09,0.33,0.09
204.84,-88.19,10.95,0.13,1.74,0.08,0.76,0.30,-1.29,-1.82,10.46,-0.06,0.41,-0.07
204.86,-87.80,9.88,0.31,1.70,0.08,0.80,0.24,-1.79,-2.44,10.02,-0.00,0.42,-0.04
204.87,-87.72,9.46,0.21,1.64,0.03,0.82,0.28,-1.46,-2.42,9.55,0.03,0.43,0.07
204.89,-87.25,9.51,0.28,1.90,-0.01,0.88,0.41,-1.56,-1.76,9.47,0.01,0.47,0.10
204.90,-86.58,10.25,1.28,3.09,-0.02,1.08,0.55,-2.92,-0.88,9.95,0.10,0.48,0.08
204.94,-86.32,10.15,1.57,3.26,-0.03,1.13,0.48,-3.04,-0.72,9.78,0.11,0.47,0.03
204.96,-85.57,9.28,1.41,3.76,-0.07,1.18,0.32,-3.16,-0.76,9.56,0.06,0.46,0.01
204.97,-84.48,8.93,1.03,4.22,-0.07,1.22,0.26,-3.29,-0.87,9.51,0.02,0.43,0.00
204.99,-83.56,9.02,0.76,4.47,-0.07,1.27,0.29,-3.37,-1.05,9.58,0.02,0.40,0.05
205.01,-82.15,9.05,0.58,4.63,-0.12,1.38,0.38,-3.31,-1.17,9.62,0.05,0.32,0.09
205.03,-81.38,8.84,0.44,4.65,-0.13,1.40,0.40,-3.22,-1.21,9.57,0.06,0.29,0.11
205.03,-80.88,8.73,0.36,4.67,-0.13,1.41,0.41,-3.19,-1.19,9.55,0.07,0.28,0.12
205.05,-80.14,8.51,0.24,4.74,-0.13,1.43,0.44,-3.17,-1.18,9.47,0.08,0.26,0.14
205.07,-77.81,8.25,-0.04,5.18,-0.08,1.47,0.53,-3.16,-1.17,9.47,0.07,0.23,0.14
205.09,-76.91,8.29,-0.06,5.29,-0.06,1.48,0.57,-3.06,-1.16,9.49,0.08,0.21,0.14
205.10,-75.72,8.37,0.03,5.26,-0.04,1.48,0.57,-2.95,-0.99,9.50,0.08,0.19,0.14
205.12,-74.02,8.59,0.19,5.27,-0.01,1.49,0.46,-3.04,-0.86,9.42,0.08,0.15,0.10
205.13,-73.06,8.62,0.25,5.43,-0.03,1.51,0.35,-3.21,-0.86,9.40,0.07,0.12,0.06
205.15,-72.05,8.50,0.19,5.65,-0.07,1.55,0.23,-3.25,-0.90,9.46,0.06,0.11,0.07
205.16,-71.04,8.21,0.09,5.89,-0.10,1.59,0.13,-3.32,-0.94,9.53,0.07,0.11,0.10
205.18,-69.93,7.86,-0.02,6.04,-0.09,1.59,0.08,-3.31,-0.91,9.54,0.07,0.13,0.16
205.19,-69.02,7.65,-0.07,6.08,-0.08,1.59,0.05,-3.29,-0.91,9.54,0.07,0.14,0.19
205.20,-68.12,7.50,-0.12,6.08,-0.07,1.58,0.03,-3.15,-0.94,9.53,0.07,0.15,0.22
205.21,-66.71,7.36,-0.19,6.07,-0.09,1.57,0.02,-2.78,-0.89,9.50,0.08,0.16,0.23
205.23,-65.52,7.34,-0.19,5.99,-0.11,1.57,0.00,-2.48,-0.88,9.56,0.08,0.17,0.20
205.25,-64.80,7.32,-0.19,5.92,-0.12,1.56,-0.01,-2.29,-0.86,9.60,0.08,0.21,0.14
205.26,-63.12,7.33,-0.12,5.94,-0.17,1.55,-0.05,-2.07,-0.82,9.68,0.08,0.23,0.10
205.28,-61.85,7.21,-0.12,6.12,-0.20,1.57,-0.08,-2.15,-0.74,9.66,0.09,0.28,0.04
205.29,-61.02,7.08,-0.11,6.28,-0.21,1.58,-0.11,-2.28,-0.71,9.68,0.08,0.33,-0.01
205.31,-60.41,6.97,-0.10,6.43,-0.22,1.59,-0.13,-2.35,-0.69,9.70,0.07,0.35,-0.03
205.32,-59.35,6.75,-0.11,6.77,-0.21,1.59,-0.15,-2.28,-0.51,9.74,0.05,0.40,-0.07
205.33,-58.42,6.60,-0.08,7.04,-0.19,1.58,-0.15,-2.17,-0.14,9.77,0.02,0.43,-0.13
205.34,-57.22,6.40,0.09,7.26,-0.16,1.56,-0.18,-2.07,0.20,9.74,-0.02,0.49,-0.28
205.37,-54.81,6.01,0.38,7.68,-0.12,1.42,-0.14,-2.28,-0.26,10.75,-0.14,0.55,-0.25
205.39,-54.01,6.11,0.26,7.97,-0.07,1.31,-0.04,-2.59,-0.55,11.18,-0.14,0.58,-0.12
205.40,-53.64,6.54,0.01,8.36,-0.01,1.21,0.04,-2.90,-0.54,11.58,-0.15,0.59,0.07
205.41,-53.10,8.46,-0.73,9.02,0.21,0.89,0.07,-2.59,-0.42,12.44,-0.23,0.60,0.35
205.43,-53.10,9.69,-0.85,9.06,0.36,0.68,-0.01,-1.81,-0.56,13.07,-0.24,0.60,0.51
205.44,-52.98,10.05,-0.20,8.59,0.43,0.51,-0.08,-0.32,-0.41,13.26,-0.18,0.60,0.57
205.45,-52.92,9.90,0.57,8.01,0.40,0.40,-0.13,0.50,-0.10,12.97,-0.14,0.65,0.49
205.47,-53.01,8.95,1.49,7.00,0.29,0.27,-0.17,1.25,0.49,12.09,-0.17,0.70,0.18
205.48,-52.72,7.80,1.73,6.37,0.16,0.11,-0.22,1.00,0.45,11.34,-0.30,0.76,-0.07
205.49,-52.80,7.07,1.50,6.35,0.10,0.00,-0.26,0.24,-0.04,11.03,-0.38,0.78,-0.25
205.51,-53.09,6.46,0.97,7.10,0.07,-0.12,-0.26,-1.12,-0.60,10.63,-0.41,0.76,-0.30
205.52,-53.57,5.94,0.39,8.15,0.04,-0.31,-0.27,-2.29,-0.88,9.94,-0.38,0.30,0.12
205.56,-54.47,4.10,0.00,8.17,-0.03,-0.63,-0.14,-3.36,-0.85,8.18,-0.11,-0.53,0.58
205.59,-53.84,3.41,-0.06,8.05,0.05,-0.76,0.10,-3.20,-0.71,7.65,-0.01,-0.75,0.66
205.60,-53.18,3.20,-0.14,8.09,0.09,-0.81,0.18,-3.15,-0.62,7.43,0.04,-1.05,0.75
205.62,-52.49,3.18,-0.17,8.10,0.15,-0.86,0.27,-3.14,-0.55,7.34,0.09,-1.42,0.83
205.63,-51.44,3.27,-0.11,7.99,0.19,-0.90,0.37,-3.08,-0.46,7.25,0.15,-1.71,0.85
205.64,-50.17,3.39,0.01,7.80,0.18,-0.91,0.43,-3.02,-0.31,7.14,0.24,-1.99,0.83
205.65,-49.32,3.47,0.04,7.65,0.14,-0.89,0.49,-2.98,-0.16,7.04,0.31,-2.31,0.75
205.67,-47.58,3.59,0.10,7.47,0.08,-0.85,0.55,-2.88,-0.02,7.00,0.36,-2.55,0.66
205.68,-46.60,3.69,0.16,7.30,0.03,-0.78,0.58,-2.84,-0.05,7.24,0.39,-2.73,0.57
205.69,-43.35,4.20,0.40,6.99,-0.11,-0.55,0.52,-2.34,-0.77,8.35,0.54,-2.99,0.36
205.73,-39.77,4.93,0.39,6.85,-0.19,-0.22,0.39,-1.57,-0.57,8.62,0.66,-2.91,0.11
205.75,-38.34,5.28,0.31,6.67,-0.22,-0.10,0.37,-1.52,-0.53,8.63,0.65,-2.79,-0.06
205.76,-37.00,5.60,0.24,6.16,-0.32,0.07,0.37,-1.92,-0.80,8.58,0.63,-2.56,-0.14
205.77,-36.41,6.06,0.28,5.54,-0.53,0.28,0.34,-2.57,-1.09,8.20,0.53,-2.21,0.04
205.79,-37.21,6.69,0.35,4.96,-0.90,0.48,0.17,-2.34,-1.14,7.80,0.18,-1.45,0.53
205.81,-37.78,6.72,0.19,5.01,-1.14,0.53,0.02,-1.66,-1.01,7.89,0.05,-1.05,0.65
205.83,-38.28,6.83,-0.18,5.40,-1.35,0.53,-0.15,-1.35,-0.54,7.87,-0.04,-0.62,0.68
205.84,-38.79,6.95,-0.59,5.81,-1.50,0.55,-0.30,-0.96,-0.15,7.78,-0.26,-0.31,0.63
205.85,-39.12,7.11,-1.63,6.81,-1.49,0.66,-0.35,0.21,0.08,9.62,-0.67,0.29,0.56
205.86,-39.08,7.72,-1.69,8.02,-1.18,0.86,-0.32,1.65,0.32,12.74,-0.95,0.62,0.77
205.87,-38.66,9.67,-0.63,10.73,-0.82,0.99,-0.22,4.13,1.08,17.52,-0.92,0.63,0.95
205.89,-37.32,10.53,0.92,11.16,-0.51,0.89,-0.15,5.84,2.38,15.13,-0.08,0.92,-0.44
205.90,-36.67,8.32,1.59,10.47,-0.64,0.75,-0.32,3.21,2.54,10.15,-0.01,1.15,-1.29
205.92,-36.59,4.85,0.80,9.83,-0.93,0.66,-0.49,-1.27,0.42,6.69,-0.61,1.24,-1.89
205.93,-38.76,-0.48,-2.75,9.13,-1.01,0.87,-0.57,-10.43,-4.84,9.97,-1.01,1.12,-0.50
205.96,-38.66,-1.27,-3.53,10.51,-0.89,1.23,-0.19,-7.80,-3.62,9.83,-0.73,0.90,0.15
205.97,-37.53,0.50,-4.03,11.11,-0.92,1.35,0.01,-5.95,-3.25,9.87,-0.69,0.82,0.50
205.99,-37.32,3.07,-4.88,10.98,-0.83,1.52,0.21,-3.91,-2.58,9.82,-0.56,0.86,0.84
206.00,-36.82,3.66,-5.14,10.65,-0.66,1.48,0.28,-3.44,-2.09,9.71,-0.53,0.86,0.80
206.02,-36.40,3.68,-4.33,10.16,-0.38,1.38,0.47,-2.15,-1.26,9.91,-0.55,0.82,0.65
206.03,-35.50,3.16,-2.59,9.90,-0.19,1.31,0.56,-0.85,-1.43,10.52,-0.55,0.74,0.30
206.04,-32.99,1.86,-1.12,9.86,-0.35,1.30,0.31,-0.37,-1.66,10.26,-0.40,0.64,-0.33
206.06,-31.52,1.53,-1.79,9.69,-0.46,1.28,0.16,-1.02,-1.74,9.84,-0.36,0.63,-0.61
206.07,-30.94,1.67,-2.87,9.11,-0.44,1.19,0.17,-4.12,-2.71,9.31,-0.35,0.59,-0.44
206.09,-30.63,1.89,-3.22,9.00,-0.37,1.12,0.43,-4.41,-2.80,9.35,-0.34,0.56,-0.03
206.10,-30.77,1.89,-3.51,9.25,-0.29,1.12,0.69,-3.93,-2.65,9.49,-0.34,0.54,0.21
206.11,-30.36,1.60,-3.70,9.76,-0.19,1.13,0.88,-3.21,-2.50,9.80,-0.33,0.56,0.58
206.13,-28.60,1.46,-3.38,9.94,0.15,1.06,1.34,-1.42,-2.12,10.15,-0.27,0.59,0.73
206.15,-27.38,2.19,-2.87,9.60,0.29,0.96,1.47,-0.59,-1.87,9.99,-0.22,0.61,0.63
206.16,-26.28,3.11,-2.53,9.05,0.31,0.86,1.42,-0.59,-1.69,9.83,-0.14,0.63,0.35
206.18,-26.10,3.34,-2.58,8.91,0.27,0.84,1.29,-0.93,-1.72,9.85,-0.09,0.65,0.24
206.19,-26.08,3.43,-2.65,8.93,0.23,0.82,1.16,-1.52,-1.86,9.74,-0.07,0.66,0.20
206.21,-26.47,3.59,-2.74,9.11,0.17,0.79,0.89,-2.11,-2.16,9.49,-0.07,0.68,0.23
206.22,-26.85,3.57,-2.77,9.11,0.13,0.78,0.69,-2.25,-2.23,9.40,-0.07,0.69,0.30
206.24,-27.29,3.15,-2.71,8.94,0.09,0.81,0.54,-2.07,-2.21,9.44,-0.07,0.70,0.35
206.25,-27.31,2.78,-2.61,8.91,0.04,0.85,0.46,-1.88,-2.20,9.55,-0.08,0.70,0.34
206.26,-27.22,2.53,-2.54,9.01,-0.01,0.87,0.41,-1.68,-2.15,9.61,-0.08,0.72,0.32
206.27,-26.56,2.03,-2.51,9.56,-0.04,0.87,0.38,-2.02,-1.86,9.60,-0.07,0.77,0.25
206.30,-26.36,1.89,-2.41,9.65,-0.01,0.87,0.41,-2.45,-1.73,9.64,-0.07,0.79,0.29
206.32,-26.27,1.71,-2.36,9.70,0.03,0.88,0.48,-2.84,-1.65,9.80,-0.08,0.82,0.38
206.33,-26.21,1.62,-2.27,9.87,0.07,0.89,0.59,-2.90,-1.53,9.93,-0.09,0.85,0.48
206.34,-26.00,1.69,-2.14,10.22,0.13,0.93,0.82,-2.60,-1.27,10.18,-0.11,0.92,0.62
206.36,-25.92,1.82,-2.19,10.34,0.19,0.97,0.96,-2.31,-1.17,10.30,-0.12,0.95,0.65
206.38,-25.71,2.08,-2.20,10.34,0.26,0.98,1.04,-1.97,-1.06,10.42,-0.11,1.02,0.67
206.39,-25.50,2.54,-1.96,10.10,0.33,0.98,1.16,-1.62,-1.06,10.54,-0.11,1.06,0.69
206.40,-25.54,3.91,-1.99,9.83,0.36,0.95,1.15,-0.68,-0.95,10.85,-0.13,1.21,0.66
206.43,-25.85,4.43,-1.97,9.76,0.38,0.90,1.04,-0.47,-1.05,11.08,-0.10,1.32,0.62
206.44,-26.30,4.78,-1.88,9.72,0.41,0.83,0.95,-0.71,-0.72,11.17,-0.11,1.41,0.65
206.45,-27.00,4.89,-1.69,9.72,0.44,0.73,0.82,-0.97,-0.57,11.16,-0.12,1.56,0.82
206.47,-29.23,4.90,-1.29,10.27,0.52,0.53,0.72,-1.36,-0.34,12.17,-0.21,1.68,1.24
206.50,-30.46,5.18,-1.43,10.94,0.70,0.34,0.79,-0.21,0.21,13.19,-0.18,1.75,1.66
206.51,-30.96,5.29,-1.36,10.78,1.04,0.05,0.91,1.57,0.97,13.33,-0.17,1.82,2.05
206.53,-32.62,6.34,-0.82,8.24,1.75,-0.84,1.19,4.68,2.29,13.24,-0.18,2.12,2.05
206.55,-34.48,6.47,-0.16,7.65,2.00,-1.30,1.17,4.14,1.53,13.23,-0.38,2.38,1.43
206.57,-37.02,6.54,0.95,9.07,1.97,-1.58,0.98,2.64,0.23,14.06,-0.60,2.51,0.62
206.58,-40.17,6.77,-0.12,12.49,1.36,-1.65,0.44,0.04,-1.47,14.36,-0.65,2.45,-0.57
206.60,-42.97,5.76,-2.19,14.17,1.27,-1.67,-0.07,-2.48,-3.28,12.86,-0.58,2.39,-1.03
206.62,-45.30,5.02,-1.98,13.36,1.51,-1.98,-0.35,-3.85,-4.04,11.13,-0.44,2.35,-1.25
206.63,-48.15,4.43,-0.72,11.83,1.50,-2.21,-0.48,-5.23,-4.74,9.47,-0.34,2.26,-1.35
206.64,-51.45,3.65,0.53,11.13,1.14,-2.44,-0.67,-7.02,-5.07,8.22,-0.24,2.05,-1.34
206.65,-57.26,2.80,-0.45,12.46,0.19,-2.33,-0.86,-9.40,-4.84,6.75,-0.04,1.37,-1.09
206.67,-59.73,0.93,-0.82,13.24,-0.09,-2.26,-0.95,-10.02,-4.32,6.25,0.05,0.89,-0.88
206.68,-61.26,0.44,-0.76,13.31,-0.14,-2.32,-0.95,-10.15,-4.03,5.66,0.13,0.36,-0.68
206.69,-62.94,0.32,-0.28,13.00,-0.15,-2.41,-0.87,-9.90,-3.96,5.14,0.22,-0.05,-0.54
206.71,-64.44,0.48,0.42,12.29,-0.26,-2.50,-0.79,-9.42,-3.85,4.13,0.43,-0.71,-0.40
206.72,-65.71,0.47,0.41,11.88,-0.46,-2.55,-0.71,-9.04,-3.49,3.47,0.56,-1.07,-0.37
206.73,-66.87,0.38,0.26,11.63,-0.60,-2.53,-0.67,-8.85,-2.94,2.71,0.68,-1.54,-0.38
206.74,-68.04,-0.26,-0.03,11.72,-0.81,-2.44,-0.69,-8.94,-2.44,2.10,0.74,-2.21,-0.41
206.76,-68.20,-0.73,-0.06,11.64,-0.86,-2.36,-0.78,-9.08,-2.40,1.93,0.75,-2.61,-0.41
206.77,-68.18,-1.15,0.07,11.29,-0.89,-2.30,-0.87,-9.24,-2.38,1.90,0.78,-2.89,-0.37
206.78,-67.81,-1.56,-0.15,10.75,-0.95,-2.23,-0.96,-9.30,-2.31,1.93,0.82,-3.25,-0.29
206.79,-66.67,-2.09,-0.38,9.93,-0.96,-2.14,-0.91,-9.17,-2.27,2.04,0.93,-3.76,-0.15
206.81,-60.00,-2.47,-1.44,8.17,-1.07,-1.58,-0.36,-7.05,-0.95,2.67,1.17,-4.71,0.04
206.85,-57.54,-2.30,-1.60,7.93,-1.00,-1.39,-0.14,-6.19,-0.66,3.09,1.15,-4.85,0.00
206.86,-51.52,-1.72,-1.54,7.48,-0.86,-1.03,0.26,-5.14,-0.62,4.43,1.10,-5.11,-0.20
206.88,-46.58,-1.23,-1.33,7.51,-0.78,-0.84,0.48,-4.71,-0.80,5.65,1.13,-5.28,-0.36
206.89,-37.36,0.33,-0.24,7.82,-0.49,-0.41,0.78,-4.30,-0.89,8.37,1.20,-5.43,-0.57
206.92,-34.32,1.46,1.15,7.95,-0.47,-0.25,0.75,-4.03,-1.01,9.72,1.21,-5.30,-0.54
206.93,-27.61,4.68,1.88,7.91,-0.88,0.04,0.53,-2.61,-0.69,10.87,1.12,-4.51,-0.05
206.96,-25.30,6.29,1.59,7.18,-1.18,-0.17,0.39,-2.39,0.07,10.39,1.08,-4.08,0.11
206.97,-24.92,10.02,-0.23,7.08,-1.28,-0.32,-0.02,-1.50,0.99,9.28,0.80,-3.39,0.45
206.99,-25.39,11.05,-1.04,7.62,-1.10,-0.23,-0.49,-0.21,0.84,9.48,0.49,-2.82,0.64
207.00,-24.74,11.35,-1.16,7.83,-0.92,-0.07,-0.95,1.57,0.32,10.09,0.25,-2.11,0.69
207.01,-25.13,10.32,-1.52,7.64,-0.78,0.09,-1.25,2.15,-0.07,10.16,0.03,-0.99,0.64
207.03,-25.63,8.47,-0.83,7.07,-0.60,0.06,-0.88,2.22,0.11,9.67,-0.16,0.07,0.47
207.05,-26.53,7.30,-0.08,7.01,-0.54,0.01,-0.56,2.12,0.14,9.47,-0.28,1.10,0.17
207.07,-28.27,5.65,0.79,8.11,-0.59,0.02,-0.25,0.69,0.28,9.29,-0.50,1.60,-0.11
207.08,-29.92,4.41,1.19,9.87,-1.00,0.26,-0.26,-1.60,0.25,10.49,-0.86,1.57,-0.20
207.09,-28.38,0.11,-2.42,14.24,-0.92,0.70,0.06,2.83,2.42,15.67,-0.58,0.36,0.49
207.12,-26.37,3.03,-1.00,13.09,-0.20,0.75,0.22,3.90,3.49,14.73,-0.29,0.62,-0.01
207.13,-26.24,9.03,-1.60,10.31,-0.57,0.58,-0.05,1.60,0.73,12.16,-0.59,1.43,-0.70
207.15,-27.98,9.28,-3.35,10.30,-0.68,0.62,-0.17,-1.51,-2.08,11.23,-0.89,1.84,-0.93
207.16,-30.22,5.33,-2.25,10.62,-0.43,0.75,-0.38,-5.11,-3.03,11.09,-0.69,1.89,-0.86
207.17,-32.27,1.10,-0.67,10.51,-0.57,1.06,-0.61,-6.91,-2.24,10.52,-0.40,1.56,-0.83
207.18,-32.04,-2.05,-1.78,10.34,-1.03,1.55,-0.76,-5.85,-1.18,9.47,-0.20,1.21,-0.87
207.20,-29.83,-2.89,-4.24,10.37,-1.01,1.71,-0.82,-4.44,-0.56,8.59,-0.27,0.95,-0.79
207.21,-29.10,-1.91,-5.38,10.29,-0.74,1.75,-0.60,-4.09,-1.82,8.85,-0.42,0.86,-0.70
207.22,-28.01,0.18,-5.78,10.12,-0.47,1.72,-0.25,-4.16,-3.36,9.91,-0.43,0.80,-0.45
207.23,-26.90,1.44,-4.92,9.96,-0.19,1.64,0.22,-4.13,-3.58,10.24,-0.36,0.81,-0.27
207.24,-27.17,1.89,-3.43,9.72,-0.07,1.55,0.48,-3.66,-2.60,9.84,-0.24,0.83,0.25
207.26,-26.79,1.67,-2.38,9.52,-0.06,1.55,0.52,-2.94,-2.11,9.85,-0.25,0.66,0.80
207.28,-24.16,1.53,-2.27,9.03,-0.21,1.53,0.48,0.03,-1.81,10.05,-0.15,0.64,0.83
207.30,-22.39,2.56,-3.41,8.98,-0.16,1.36,0.66,0.80,-1.51,9.88,-0.14,0.69,0.59
207.32,-21.02,2.73,-3.64,8.92,0.03,1.22,0.86,0.78,-1.43,9.86,-0.13,0.71,0.40
207.33,-20.40,2.61,-3.54,8.93,0.14,1.19,0.96,0.62,-1.58,9.85,-0.12,0.70,0.29
207.34,-19.29,2.27,-3.44,9.02,0.27,1.20,1.08,0.26,-2.05,9.72,-0.10,0.70,0.31
207.37,-18.13,3.47,-2.71,8.29,0.39,1.07,1.17,0.30,-2.32,9.22,-0.11,0.77,0.52
207.39,-18.00,3.69,-2.47,8.21,0.32,0.99,1.16,0.56,-2.14,9.33,-0.12,0.79,0.59
207.40,-18.12,3.96,-2.29,8.24,0.22,0.95,1.12,0.89,-1.81,9.61,-0.12,0.83,0.63
207.41,-18.10,4.13,-1.96,8.42,0.13,0.91,0.96,1.28,-1.31,9.77,-0.08,0.89,0.54
207.43,-18.11,4.36,-1.58,8.72,0.02,0.90,0.71,1.31,-0.81,9.93,-0.06,0.96,0.39
207.44,-18.32,4.31,-1.55,9.03,-0.13,0.90,0.42,0.73,-0.55,10.11,-0.05,1.02,0.13
207.46,-18.49,4.04,-1.69,9.07,-0.18,0.91,0.31,0.24,-0.65,10.12,-0.03,1.05,0.02
207.47,-18.84,3.16,-1.85,9.15,-0.23,0.91,0.19,-0.40,-0.48,9.86,0.01,1.11,-0.10
207.49,-18.93,2.25,-1.87,9.29,-0.25,0.91,0.17,-0.74,-0.60,9.73,-0.02,1.15,-0.14
207.50,-18.90,1.23,-1.91,9.61,-0.27,0.89,0.21,-1.26,-0.98,9.81,-0.01,1.19,-0.12
207.51,-18.79,0.73,-1.99,9.84,-0.26,0.87,0.28,-1.53,-1.09,9.82,-0.00,1.21,-0.06
207.52,-18.81,0.57,-2.09,9.95,-0.22,0.87,0.39,-1.62,-0.90,9.83,-0.02,1.22,-0.02
207.53,-18.54,0.85,-2.25,10.11,-0.13,0.88,0.64,-1.72,-0.76,9.85,-0.07,1.27,0.13
207.55,-18.72,1.19,-2.30,10.24,-0.03,0.87,0.81,-1.57,-0.66,10.01,-0.11,1.31,0.20
207.57,-18.71,1.34,-2.39,10.23,0.09,0.84,0.96,-1.42,-0.68,10.15,-0.13,1.34,0.25
207.58,-18.87,1.38,-2.46,10.18,0.18,0.80,1.08,-1.21,-0.79,10.27,-0.14,1.38,0.25
207.59,-19.06,1.53,-2.49,10.13,0.25,0.77,1.17,-1.26,-1.03,10.35,-0.14,1.46,0.26
207.61,-19.54,1.61,-2.48,10.12,0.27,0.76,1.19,-1.53,-1.21,10.58,-0.13,1.52,0.30
207.62,-20.03,1.83,-2.49,10.09,0.30,0.74,1.22,-1.94,-1.29,11.00,-0.10,1.64,0.52
207.64,-21.72,3.49,-2.71,10.27,0.37,0.70,1.09,-1.72,-1.06,11.22,-0.06,1.73,0.71
207.66,-23.03,4.21,-2.60,10.32,0.42,0.70,0.83,-1.15,-0.75,11.64,-0.05,1.78,0.78
207.67,-24.24,4.47,-2.18,10.36,0.45,0.70,0.63,-0.62,-0.55,12.23,-0.05,1.86,0.88
207.68,-25.50,4.67,-1.75,11.04,0.52,0.59,0.52,0.13,-0.02,12.77,-0.00,1.91,0.94
207.69,-26.46,4.87,-1.31,11.18,0.72,0.41,0.52,1.00,0.98,12.99,0.04,2.00,1.08
207.71,-27.21,5.10,-0.98,11.07,0.93,0.17,0.53,1.50,1.56,13.03,0.05,2.09,1.28
207.72,-28.33,5.46,-0.74,10.53,1.29,-0.21,0.56,2.20,2.40,13.11,0.06,2.20,1.73
207.74,-29.26,5.78,-0.59,9.64,1.64,-0.61,0.63,3.53,2.72,13.19,0.05,2.26,1.87
207.76,-33.09,7.39,-0.22,7.76,1.64,-1.44,0.43,4.70,1.18,13.60,-0.27,2.36,1.05
207.78,-35.23,7.55,-0.31,8.25,1.50,-1.62,0.23,3.83,-0.23,14.13,-0.37,2.37,0.25
207.79,-37.41,7.41,-0.29,9.78,1.34,-1.72,-0.10,2.56,-1.26,13.90,-0.43,2.54,-1.13
207.80,-40.14,6.34,-0.99,12.21,1.04,-1.74,-0.65,-0.21,-2.86,12.59,-0.57,2.71,-1.87
207.82,-42.48,5.00,-1.85,13.60,1.02,-1.88,-0.93,-2.30,-4.32,11.42,-0.63,2.79,-2.18
207.83,-46.97,3.22,-1.25,13.02,1.01,-2.43,-1.26,-5.24,-6.52,8.76,-0.46,2.72,-2.35
207.85,-50.30,2.95,-0.74,12.32,0.69,-2.64,-1.44,-7.51,-7.20,7.69,-0.31,2.49,-2.22
207.86,-54.58,3.09,-1.09,11.87,0.19,-2.45,-1.46,-9.65,-6.89,6.43,-0.07,2.03,-1.82
207.87,-57.93,2.01,-1.51,12.08,-0.28,-2.23,-1.48,-10.93,-5.73,5.51,0.13,1.48,-1.53
207.88,-60.79,0.93,-2.47,12.70,-0.46,-2.11,-1.46,-11.39,-4.51,4.95,0.25,0.79,-1.12
207.90,-63.72,-0.57,-2.50,13.48,-0.38,-2.10,-1.41,-10.52,-3.99,4.13,0.42,0.12,-0.79
207.91,-64.65,-1.15,-2.06,13.36,-0.23,-2.23,-1.35,-9.78,-4.00,3.54,0.58,-0.40,-0.58
207.92,-65.78,-1.37,-1.58,12.98,-0.15,-2.36,-1.24,-9.03,-4.06,3.05,0.73,-0.77,-0.46
207.93,-66.66,-1.33,-1.01,12.35,-0.14,-2.41,-1.17,-8.82,-3.92,2.42,0.91,-1.22,-0.38
207.94,-67.58,-1.30,-0.14,11.42,-0.26,-2.38,-1.09,-9.15,-3.48,1.72,1.07,-1.79,-0.30
207.96,-67.84,-1.47,0.22,10.78,-0.47,-2.33,-1.08,-9.36,-3.21,1.37,1.12,-2.12,-0.26
207.97,-68.18,-1.80,0.03,10.48,-0.70,-2.24,-1.06,-9.44,-2.80,0.98,1.16,-2.66,-0.16
207.98,-67.78,-2.21,-0.15,10.20,-0.82,-2.11,-0.99,-9.33,-2.56,0.84,1.19,-3.07,-0.09
207.99,-65.56,-2.96,-0.84,9.35,-0.97,-1.78,-0.80,-8.27,-1.67,1.18,1.34,-3.99,-0.13
208.02,-64.01,-3.19,-1.16,9.03,-1.02,-1.61,-0.52,-7.75,-1.28,1.47,1.39,-4.28,-0.20
208.03,-61.55,-3.25,-1.62,8.65,-1.02,-1.49,-0.30,-7.29,-0.84,1.97,1.43,-4.62,-0.29
208.04,-58.20,-3.13,-2.03,8.35,-0.95,-1.29,0.02,-6.87,-0.50,2.75,1.41,-5.00,-0.40
208.06,-54.36,-2.90,-2.16,8.13,-0.80,-1.08,0.29,-6.34,-0.55,3.47,1.36,-5.15,-0.44
208.07,-50.53,-2.38,-2.01,7.94,-0.69,-0.93,0.42,-5.72,-0.88,4.40,1.34,-5.41,-0.53
208.09,-45.15,-1.48,-1.26,7.73,-0.54,-0.61,0.63,-4.62,-1.07,5.97,1.31,-5.51,-0.60
208.10,-39.23,-0.24,-0.00,7.54,-0.52,-0.38,0.63,-3.27,-1.33,8.19,1.30,-5.22,-1.00
208.13,-27.59,4.12,2.23,8.27,-0.82,0.19,0.21,-1.37,-1.44,11.78,1.33,-4.74,-1.14
208.15,-25.21,6.01,2.16,7.18,-1.26,0.02,0.09,-1.62,-1.56,11.44,1.23,-4.20,-1.14
208.16,-24.01,9.21,1.28,6.10,-1.64,-0.27,-0.06,-2.31,-0.88,10.34,1.15,-3.21,-0.73
208.18,-26.71,13.13,-2.32,7.19,-1.61,-0.22,-1.29,-2.38,-0.20,8.50,0.71,-2.63,-0.36
208.19,-27.56,11.84,-2.65,7.77,-1.23,-0.06,-1.74,-1.66,-0.54,8.29,0.36,-1.97,0.02
208.21,-28.42,9.88,-2.04,7.73,-0.96,0.07,-1.86,-0.77,-0.75,8.58,0.05,-1.25,0.32
208.22,-29.27,6.53,-1.03,7.60,-0.75,-0.03,-1.41,0.51,-0.38,9.06,-0.33,-0.01,0.45
208.24,-29.59,4.81,-0.20,7.86,-0.73,-0.13,-0.96,1.36,-0.10,9.68,-0.65,0.76,0.19
208.25,-30.04,3.93,0.74,8.93,-0.99,0.01,-0.65,0.58,0.59,12.31,-1.13,0.94,0.32
208.28,-27.67,2.01,0.53,14.31,-0.81,0.64,-0.18,3.60,3.63,17.46,-0.58,0.30,0.03
208.29,-25.89,5.09,0.21,13.58,-0.63,0.55,-0.25,1.66,3.53,13.41,-0.29,0.93,-1.32
208.31,-27.35,7.95,-2.26,11.49,-0.87,0.44,-0.59,-2.16,-0.94,11.07,-0.85,1.57,-1.70
208.32,-32.22,1.57,-1.03,10.99,-0.61,0.78,-0.58,-9.13,-3.27,10.82,-0.44,1.57,-0.94
208.35,-32.20,-1.58,-1.28,10.96,-0.96,1.21,-0.56,-8.70,-2.47,9.60,-0.16,1.16,-0.55
208.36,-32.15,-4.10,-2.77,10.93,-1.13,1.33,-0.58,-6.69,-1.35,8.70,-0.09,0.90,-0.34
208.37,-30.92,-2.69,-4.74,11.02,-0.99,1.45,-0.52,-4.86,-0.88,8.16,-0.27,0.67,-0.14
208.39,-29.05,-0.14,-5.32,10.02,-0.54,1.52,-0.23,-3.87,-2.05,9.22,-0.50,0.57,-0.00
208.40,-28.20,1.64,-4.94,9.82,-0.32,1.47,0.13,-2.93,-2.81,10.67,-0.44,0.66,0.34
208.41,-27.40,2.79,-3.66,9.79,-0.16,1.33,0.60,-1.69,-1.94,10.68,-0.27,0.76,0.46
208.43,-26.98,2.91,-2.81,9.80,-0.09,1.26,0.65,-1.03,-1.25,10.20,-0.26,0.75,0.46
208.44,-26.17,2.78,-2.02,9.54,-0.07,1.27,0.56,-0.22,-1.32,10.06,-0.25,0.58,0.30
208.45,-24.32,2.63,-2.02,8.80,-0.13,1.22,0.28,0.64,-1.64,9.86,-0.17,0.52,0.21
208.47,-23.38,2.85,-2.33,8.63,-0.17,1.06,0.26,0.61,-1.57,9.81,-0.16,0.54,0.16
208.48,-22.86,3.19,-2.55,8.62,-0.18,0.97,0.29,0.39,-1.56,9.86,-0.16,0.58,0.11
208.49,-22.52,3.31,-2.75,8.89,-0.15,0.78,0.39,-0.03,-1.69,10.03,-0.16,0.62,0.09
208.50,-22.15,2.48,-2.98,9.26,-0.09,0.72,0.50,-0.63,-1.73,10.01,-0.14,0.64,0.19
208.52,-21.73,1.61,-3.28,9.33,-0.01,0.72,0.65,-0.70,-1.70,9.80,-0.14,0.65,0.35
208.53,-20.90,1.14,-3.36,9.07,0.15,0.66,0.93,-0.42,-1.71,9.50,-0.17,0.68,0.55
208.54,-20.02,1.80,-2.84,8.94,0.32,0.48,1.26,-0.11,-1.69,9.61,-0.17,0.70,0.70
208.56,-19.86,2.53,-2.37,9.10,0.37,0.35,1.39,-0.15,-1.51,9.77,-0.15,0.72,0.73
208.57,-20.02,3.14,-2.16,9.21,0.34,0.33,1.38,-0.27,-1.19,9.81,-0.13,0.73,0.71
208.59,-20.98,4.26,-1.95,8.71,0.23,0.44,0.96,-0.01,-0.85,9.55,-0.10,0.73,0.53
208.62,-21.51,4.70,-1.83,8.64,0.14,0.48,0.68,0.15,-0.93,9.65,-0.07,0.72,0.36
208.63,-21.83,4.78,-1.94,8.75,0.03,0.52,0.43,0.27,-1.08,9.92,-0.03,0.72,0.16
208.65,-22.44,3.72,-2.37,9.04,-0.10,0.55,0.06,-0.58,-1.22,9.88,0.04,0.75,-0.20
208.67,-22.68,3.09,-2.40,9.11,-0.11,0.59,-0.04,-1.18,-1.27,9.77,0.06,0.77,-0.26
208.68,-23.45,2.49,-2.25,9.30,-0.12,0.75,-0.12,-2.55,-1.18,9.50,0.07,0.79,-0.09
208.71,-23.82,2.64,-2.27,9.39,-0.09,0.86,-0.10,-2.33,-0.99,9.63,0.08,0.81,0.12
208.72,-23.92,2.97,-2.20,9.35,-0.04,0.94,-0.10,-1.88,-0.83,9.77,0.07,0.84,0.26
208.73,-23.99,3.19,-2.10,9.29,-0.01,1.01,-0.08,-1.15,-0.70,10.01,0.08,0.92,0.34
208.75,-23.71,3.62,-1.94,9.01,0.03,1.05,-0.10,0.22,-0.29,10.17,0.11,0.98,0.30
208.76,-23.18,3.91,-1.73,8.77,0.10,0.96,-0.08,1.30,-0.10,10.18,0.13,1.12,0.13
208.78,-22.99,4.07,-1.62,8.74,0.14,0.87,-0.04,1.54,-0.17,10.22,0.14,1.21,0.04
208.79,-23.02,4.35,-1.59,8.75,0.18,0.78,0.01,1.61,-0.22,10.28,0.15,1.29,-0.01
208.81,-23.19,4.90,-1.68,8.73,0.26,0.61,0.17,1.43,-0.20,10.43,0.14,1.46,0.02
208.82,-24.04,5.80,-1.80,8.89,0.34,0.44,0.24,1.38,-0.30,11.09,0.06,1.64,0.24
208.84,-25.70,6.96,-1.42,9.44,0.46,0.20,0.16,1.62,0.06,12.30,-0.00,1.82,0.50
208.85,-27.03,7.52,-1.09,9.79,0.68,-0.09,0.02,2.00,1.09,13.38,-0.04,1.90,0.66
208.87,-29.48,9.34,-0.44,10.54,0.93,-0.39,-0.06,2.35,1.78,15.31,-0.21,2.08,1.03
208.88,-32.70,10.72,0.22,10.27,1.24,-0.83,-0.13,2.75,0.98,16.68,-0.13,2.42,1.43
208.90,-38.85,6.86,0.31,9.34,1.07,-0.84,-1.26,0.96,0.40,11.99,0.37,2.80,0.82
208.93,-40.54,4.85,-1.55,9.66,0.43,-0.59,-1.79,-0.12,0.19,10.96,0.51,2.65,-0.01
208.94,-41.33,1.63,-4.52,10.30,0.15,-0.58,-1.98,-0.86,-1.46,10.63,0.59,2.40,-1.08
208.96,-41.28,-0.22,-6.90,11.66,0.09,-1.04,-2.22,-0.39,-5.28,9.50,0.88,2.23,-2.55
208.97,-41.21,0.37,-6.62,11.20,0.10,-1.38,-2.23,-0.09,-6.90,7.26,1.20,2.28,-3.67
208.99,-42.30,2.02,-5.70,10.18,-0.17,-1.36,-2.47,-1.58,-7.33,5.38,1.36,2.28,-4.75
209.00,-43.40,2.68,-5.69,9.88,-0.42,-1.22,-2.75,-3.46,-7.79,5.12,1.40,2.23,-5.22
209.01,-46.95,2.69,-6.25,10.24,-0.71,-0.90,-3.30,-7.05,-9.17,5.23,1.55,2.15,-5.55
209.03,-50.08,1.54,-7.06,11.34,-0.76,-0.77,-3.59,-10.50,-9.58,4.88,1.90,1.98,-5.36
209.04,-52.63,-0.61,-7.55,12.67,-0.55,-0.63,-3.75,-11.95,-8.41,3.48,2.23,1.76,-4.59
209.05,-56.83,-2.89,-5.64,12.53,-0.18,-0.71,-3.71,-11.77,-7.28,2.24,2.28,1.53,-3.44
209.07,-58.91,-3.43,-3.68,11.26,-0.16,-0.77,-3.57,-11.06,-7.31,2.14,2.39,1.22,-2.50
209.09,-60.82,-3.26,-1.68,9.78,-0.49,-0.76,-3.31,-9.78,-6.34,2.30,2.74,0.52,-1.43
209.11,-61.41,-2.74,-1.19,9.75,-0.78,-0.72,-3.21,-8.67,-5.19,2.08,2.93,0.04,-1.17
209.12,-61.79,-2.48,-1.34,10.29,-1.10,-0.52,-3.14,-7.15,-3.72,1.38,3.06,-0.70,-1.41
209.15,-61.30,-2.79,-1.28,10.23,-1.21,-0.31,-3.06,-7.06,-2.40,0.97,3.09,-1.09,-1.79
209.16,-60.62,-2.89,-1.00,9.83,-1.34,-0.17,-2.96,-7.65,-2.02,1.45,3.07,-1.54,-2.22
209.18,-59.86,-2.93,-0.95,9.59,-1.49,-0.06,-2.88,-7.91,-2.06,2.04,3.06,-1.84,-2.45
209.19,-58.04,-3.06,-1.07,9.51,-1.62,0.03,-2.83,-7.73,-2.41,3.07,3.07,-2.25,-2.71
209.20,-56.19,-3.12,-1.12,9.60,-1.74,0.14,-2.78,-7.42,-2.54,3.92,3.13,-2.54,-2.90
209.21,-51.48,-3.24,-1.11,10.04,-1.89,0.36,-2.79,-6.80,-1.96,5.32,3.26,-3.03,-3.33
209.23,-48.95,-3.09,-0.80,10.39,-1.90,0.51,-2.92,-6.69,-1.84,5.53,3.26,-3.35,-3.65
209.25,-41.54,-1.90,0.94,11.08,-1.78,0.59,-3.42,-6.57,-1.55,8.13,3.17,-3.53,-3.77
209.27,-36.84,-1.12,1.39,11.70,-1.69,0.52,-3.62,-6.81,-1.49,10.34,2.96,-3.59,-3.61
209.28,-31.86,3.39,2.24,14.56,-1.25,-0.09,-3.26,-5.83,0.80,13.22,1.96,-2.98,-2.90
209.30,-31.34,10.49,2.64,12.60,-1.10,-0.42,-1.94,-7.12,-3.19,13.33,1.41,-1.63,-2.50
209.32,-35.17,4.56,4.30,9.86,-0.93,-0.11,-1.50,-13.15,-6.35,7.35,0.33,0.02,-1.07
209.34,-37.34,-1.54,2.72,10.01,-2.00,0.35,-1.41,-14.94,-3.57,5.05,0.22,-0.08,0.82
209.35,-37.15,-8.36,-6.39,9.38,-1.07,1.10,-1.08,-11.65,-2.05,5.34,-0.15,-0.87,1.54
209.36,-32.30,-9.40,-5.85,10.71,-0.69,1.36,-1.09,-3.33,-1.18,8.84,-0.34,-1.45,1.57
209.37,-23.69,0.29,-2.34,9.64,-0.45,1.25,-0.06,1.12,-1.78,11.45,-0.09,-1.11,1.11
209.40,-21.68,6.42,-1.93,9.68,-0.40,0.99,-0.04,3.49,1.41,10.45,0.01,-0.69,0.30
209.41,-19.87,7.74,-1.40,9.63,-0.06,0.69,-0.16,3.21,2.19,8.70,-0.18,-0.45,-1.09
209.43,-18.66,5.33,-0.26,9.49,0.18,0.67,-0.39,1.35,2.31,9.04,-0.20,-0.77,-1.96
209.44,-16.86,2.90,-0.52,9.48,0.70,1.03,-0.99,-1.54,0.60,10.68,-0.12,-0.90,-2.22
209.46,-15.80,2.38,-0.14,9.79,0.95,0.89,-1.22,-3.16,0.54,10.02,-0.09,-0.71,-1.79
209.48,-15.73,2.32,0.52,10.23,0.94,0.70,-1.21,-3.69,0.48,9.68,-0.14,-0.60,-1.42
209.49,-15.95,2.02,0.56,9.93,0.74,0.44,-1.10,-3.77,0.07,9.23,-0.24,-0.48,-0.75
209.50,-16.05,1.77,1.82,10.51,0.67,0.37,-1.09,-2.39,-0.00,9.24,-0.31,-0.44,-0.29
209.52,-14.56,3.51,1.13,9.42,0.30,0.34,-1.00,1.75,-0.88,10.69,-0.29,-0.43,0.01
209.54,-14.20,4.56,-0.28,8.83,0.11,0.38,-1.11,3.08,-0.95,10.78,-0.21,-0.41,-0.24
209.55,-13.20,4.61,-1.92,8.50,-0.17,0.34,-1.37,3.53,-1.00,10.33,-0.09,-0.31,-1.34
209.57,-9.66,5.30,-0.81,9.03,-0.24,0.32,-1.50,1.14,-1.31,10.21,0.04,-0.24,-1.88
209.59,-9.21,5.30,-0.81,9.03,-0.24,0.32,-1.50,0.71,-1.32,10.14,0.06,-0.23,-1.90
209.61,-8.51,5.30,-0.81,9.03,-0.24,0.32,-1.50,0.14,-1.44,9.99,0.06,-0.18,-1.80
209.62,-7.88,5.30,-0.81,9.03,-0.24,0.32,-1.50,-0.73,-1.82,10.04,0.01,-0.01,-1.28
209.63,-7.80,5.30,-0.81,9.03,-0.24,0.32,-1.50,-1.09,-1.85,10.23,-0.00,0.07,-0.89
209.65,-7.79,5.30,-0.81,9.03,-0.24,0.32,-1.50,-0.96,-1.61,10.21,0.03,0.12,-0.54
209.67,-7.60,5.30,-0.81,9.03,-0.24,0.32,-1.50,-0.46,-1.02,10.07,0.06,0.20,-0.41
209.69,-7.53,5.30,-0.81,9.03,-0.24,0.32,-1.50,-0.90,-0.82,10.04,0.10,0.21,-0.41
209.71,-7.62,5.30,-0.81,9.03,-0.24,0.32,-1.50,-1.21,-0.67,9.89,0.13,0.22,-0.36
209.72,-7.97,5.30,-0.81,9.03,-0.24,0.32,-1.50,-1.22,-0.28,9.81,0.14,0.25,-0.24
209.74,-8.15,5.30,-0.81,9.03,-0.24,0.32,-1.50,-1.21,-0.30,9.75,0.14,0.28,-0.18
209.75,-8.30,5.30,-0.81,9.03,-0.24,0.32,-1.50,-1.05,-0.31,9.84,0.15,0.28,-0.10
209.77,-8.36,5.30,-0.81,9.03,-0.24,0.32,-1.50,-0.59,-0.52,10.09,0.22,0.30,-0.11
209.78,-8.28,5.30,-0.81,9.03,-0.24,0.32,-1.50,-0.40,-0.68,10.18,0.28,0.32,-0.18
209.80,-8.22,5.30,-0.81,9.03,-0.24,0.32,-1.50,-0.38,-0.80,10.17,0.31,0.33,-0.23
209.81,-8.20,5.30,-0.81,9.03,-0.24,0.32,-1.50,-0.66,-0.81,10.00,0.41,0.44,-0.31
209.86,-8.68,5.30,-0.81,9.03,-0.24,0.32,-1.50,-1.15,-0.90,10.00,0.50,0.45,-0.33
209.87,-9.21,5.30,-0.81,9.03,-0.24,0.32,-1.50,-1.58,-0.72,10.02,0.56,0.48,-0.38
209.90,-9.81,5.30,-0.81,9.03,-0.24,0.32,-1.50,-1.77,-0.51,10.00,0.59,0.49,-0.33
209.92,-10.38,5.30,-0.81,9.03,-0.24,0.32,-1.50,-0.99,-0.47,10.16,0.60,0.54,-0.31
209.94,-10.41,5.30,-0.81,9.03,-0.24,0.32,-1.50,-0.17,-0.68,10.48,0.63,0.59,-0.32
209.95,-10.27,5.30,-0.81,9.03,-0.24,0.32,-1.50,0.29,-0.79,10.63,0.67,0.63,-0.33
209.96,-9.93,5.30,-0.81,9.03,-0.24,0.32,-1.50,0.87,-0.82,10.52,0.73,0.73,-0.32
209.97,-9.37,5.30,-0.81,9.03,-0.24,0.32,-1.50,0.57,0.27,10.41,0.77,1.04,-0.16
210.01,-9.97,5.30,-0.81,9.03,-0.24,0.32,-1.50,0.20,1.30,11.51,0.89,1.40,-0.12
210.04,-10.26,5.30,-0.81,9.03,-0.24,0.32,-1.50,0.72,1.17,11.93,0.98,1.53,-0.21
210.05,-10.20,5.30,-0.81,9.03,-0.24,0.32,-1.50,1.63,-0.52,12.17,1.43,1.61,-1.37
210.10,-10.31,5.30,-0.81,9.03,-0.24,0.32,-1.50,1.05,-1.08,11.83,1.51,1.62,-1.66
210.11,-10.56,5.30,-0.81,9.03,-0.24,0.32,-1.50,0.42,-1.84,11.58,1.59,1.60,-2.24
210.12,-11.04,5.30,-0.81,9.03,-0.24,0.32,-1.50,-0.19,-3.07,11.43,1.67,1.58,-2.55
210.13,-11.75,5.30,-0.81,9.03,-0.24,0.32,-1.50,-0.82,-4.04,11.01,1.75,1.52,-3.21
210.15,-13.52,5.30,-0.81,9.03,-0.24,0.32,-1.50,-2.72,-5.12,10.01,1.63,1.52,-4.07
210.18,-14.39,5.30,-0.81,9.03,-0.24,0.32,-1.50,-3.26,-5.44,9.72,1.49,1.58,-4.27
210.19,-15.72,5.30,-0.81,9.03,-0.24,0.32,-1.50,-3.77,-5.79,9.47,1.38,1.61,-4.41
210.20,-16.78,5.30,-0.81,9.03,-0.24,0.32,-1.50,-4.10,-5.95,9.27,1.34,1.60,-4.46
210.21,-19.28,5.30,-0.81,9.03,-0.24,0.32,-1.50,-4.61,-5.84,8.41,1.22,1.26,-4.58
210.24,-21.98,5.30,-0.81,9.03,-0.24,0.32,-1.50,-5.58,-5.49,7.54,1.00,0.78,-4.57
210.25,-22.31,5.30,-0.81,9.03,-0.24,0.32,-1.50,-5.80,-5.49,7.52,0.97,0.43,-4.42
210.27,-25.71,5.30,-0.81,9.03,-0.24,0.32,-1.50,-8.04,-5.32,7.30,0.84,-0.09,-3.73
210.29,-26.96,5.30,-0.81,9.03,-0.24,0.32,-1.50,-8.44,-5.04,7.14,0.86,-0.20,-3.50
210.30,-73.31,-0.42,0.07,1.75,-0.89,-2.11,-2.53,-8.66,-4.21,6.55,0.90,-0.57,-2.83
210.32,-72.22,-0.60,0.04,5.06,-0.96,-2.08,-2.42,-8.67,-3.75,6.21,0.93,-1.03,-2.23
210.34,-71.52,-0.71,0.20,7.61,-0.93,-2.03,-2.11,-8.09,-2.06,5.13,0.93,-1.58,-1.81
210.35,-71.52,-0.71,0.20,7.61,-0.93,-2.03,-2.11,-8.09,-2.06,5.13,0.93,-1.58,-1.81
210.37,-71.23,-0.71,0.32,7.88,-0.92,-2.01,-2.01,-7.73,-1.59,4.93,0.90,-1.85,-1.66
210.38,-70.02,-0.52,0.29,8.47,-0.96,-1.90,-1.67,-6.93,-0.87,4.83,0.84,-2.37,-1.50
210.39,-67.00,-0.19,0.16,8.50,-0.94,-1.68,-1.23,-6.03,-0.26,5.18,0.78,-2.95,-1.54
210.42,-65.02,-0.15,0.34,8.28,-0.95,-1.53,-1.00,-5.63,-0.05,5.49,0.79,-3.26,-1.66
210.43,-61.00,-0.23,0.22,8.31,-0.99,-1.31,-0.69,-4.83,-0.00,6.27,0.80,-3.71,-1.90
210.44,-55.58,0.06,0.16,8.34,-0.93,-1.06,-0.38,-4.28,-0.99,8.22,0.90,-4.02,-2.10
210.47,-50.60,0.82,0.66,7.98,-0.86,-0.76,-0.10,-4.29,-1.47,8.94,1.20,-4.01,-2.06
210.49,-45.60,2.23,0.85,7.32,-0.95,-0.54,0.10,-4.31,-1.03,8.86,1.25,-3.78,-1.79
210.51,-43.50,4.19,0.57,6.61,-1.03,-0.43,0.22,-4.07,-1.39,9.23,1.17,-3.40,-1.40
210.52,-42.92,6.35,0.38,6.28,-1.08,-0.38,0.17,-3.87,-1.25,9.11,1.08,-2.98,-1.11
210.54,-42.75,7.73,0.31,6.38,-1.14,-0.30,-0.06,-3.63,-0.86,8.60,0.84,-2.39,-0.78
210.55,-43.15,8.20,0.05,6.83,-1.20,-0.13,-0.49,-2.92,-0.51,8.40,0.43,-1.61,-0.54
210.57,-43.77,7.94,-0.31,7.07,-1.26,0.05,-0.86,-2.53,-0.65,8.38,0.14,-0.79,-0.47
210.58,-44.52,7.41,-0.87,7.12,-1.38,0.10,-1.12,-2.31,-0.82,8.39,-0.20,-0.37,-0.49
210.59,-45.39,7.63,-1.69,7.81,-1.37,0.14,-1.22,-2.33,-0.80,8.87,-0.51,0.19,-0.48
210.61,-46.16,7.88,-0.76,11.05,-0.48,0.56,-0.89,-1.89,-0.20,13.97,-1.03,0.59,0.58
210.64,-44.40,7.00,2.95,11.26,-0.72,0.77,-0.50,2.05,2.06,14.20,-0.03,0.94,-0.70
210.66,-43.45,5.17,-0.00,11.00,-1.34,0.67,-0.80,-0.31,1.75,8.79,-0.12,1.30,-1.43
210.68,-43.89,2.22,-2.97,10.30,-1.20,0.83,-0.82,-4.24,-1.73,7.72,-0.97,1.39,-1.52
210.69,-43.72,0.84,-3.47,9.90,-0.97,1.11,-0.92,-7.86,-4.93,10.02,-1.11,1.46,-1.45
210.70,-44.43,-0.13,-3.52,9.90,-0.96,1.52,-0.95,-9.15,-5.17,11.04,-0.57,1.09,-1.03
210.71,-43.42,0.57,-4.02,10.48,-1.14,1.74,-0.91,-5.88,-3.02,10.28,-0.16,0.71,-0.54
210.73,-42.22,1.80,-4.71,10.61,-1.20,1.77,-0.81,-3.94,-2.43,9.40,-0.15,0.58,-0.30
210.74,-41.02,2.68,-4.84,10.32,-1.05,1.72,-0.58,-3.78,-2.45,9.15,-0.24,0.57,-0.10
210.75,-40.04,2.40,-3.49,9.99,-0.68,1.64,-0.17,-3.96,-1.87,9.55,-0.33,0.65,0.31
210.78,-38.40,1.10,-1.28,9.81,-0.47,1.59,0.14,-2.96,-1.46,10.67,-0.28,0.64,0.47
210.79,-35.76,0.16,-0.94,10.00,-0.59,1.48,0.22,-1.85,-1.02,10.18,-0.13,0.53,0.47
210.81,-33.72,0.15,-1.66,10.07,-0.59,1.39,0.30,-1.07,-0.82,9.74,-0.12,0.49,0.35
210.82,-31.42,0.78,-2.59,9.63,-0.44,1.26,0.51,-0.67,-0.95,9.64,-0.15,0.51,0.24
210.83,-30.10,1.40,-2.94,9.23,-0.35,1.20,0.66,-0.60,-1.41,9.74,-0.17,0.53,0.16
210.84,-28.88,2.19,-3.30,8.84,-0.24,1.12,0.84,-0.64,-1.91,9.81,-0.18,0.55,0.08
210.85,-27.99,2.60,-3.64,8.73,-0.14,1.07,1.00,-0.77,-2.14,9.78,-0.16,0.56,0.06
210.87,-27.36,2.97,-3.88,8.84,-0.02,1.07,1.16,-1.03,-2.11,9.74,-0.13,0.58,0.10
210.88,-26.99,2.98,-3.82,8.90,0.08,1.08,1.28,-1.26,-1.97,9.68,-0.11,0.59,0.16
210.89,-26.25,3.04,-2.44,8.97,0.26,1.07,1.35,-1.57,-1.64,9.56,-0.12,0.66,0.44
210.91,-26.11,3.13,-2.18,9.04,0.26,1.06,1.31,-1.46,-1.53,9.66,-0.12,0.67,0.50
210.92,-25.63,3.41,-1.81,9.43,0.23,1.03,1.10,-0.93,-1.14,9.93,-0.10,0.71,0.55
210.94,-25.39,3.57,-1.81,9.46,0.18,1.03,0.94,-0.68,-0.99,9.97,-0.09,0.73,0.47
210.95,-24.97,3.80,-1.79,9.24,0.13,1.05,0.75,-0.35,-0.83,9.95,-0.08,0.75,0.33
210.96,-24.70,4.01,-1.73,8.88,0.07,1.09,0.53,-0.25,-0.88,9.86,-0.07,0.76,0.17
210.98,-24.60,4.18,-1.79,8.54,-0.04,1.15,0.24,-0.33,-0.98,9.78,-0.07,0.80,0.00
210.99,-24.46,4.08,-1.95,8.50,-0.15,1.19,0.06,-0.60,-1.13,9.83,-0.07,0.83,-0.12
211.00,-24.40,3.65,-2.13,8.70,-0.25,1.21,-0.06,-0.93,-1.22,10.00,-0.06,0.87,-0.19
211.01,-24.11,2.49,-2.38,9.33,-0.32,1.23,-0.13,-1.54,-1.23,10.13,-0.08,0.91,-0.21
211.03,-23.91,1.87,-2.24,9.52,-0.33,1.24,-0.14,-1.94,-1.21,10.18,-0.08,0.94,-0.18
211.04,-23.18,1.03,-1.98,9.53,-0.34,1.26,-0.09,-2.24,-1.20,10.19,-0.05,0.98,-0.06
211.06,-22.53,0.62,-2.08,9.91,-0.36,1.25,-0.01,-2.14,-0.78,9.88,-0.08,1.04,0.09
211.07,-21.97,0.56,-2.50,10.34,-0.22,1.22,0.16,-2.11,-0.62,9.90,-0.13,1.07,0.23
211.08,-21.43,0.75,-2.44,10.44,-0.05,1.16,0.42,-1.59,-0.93,10.33,-0.14,1.12,0.29
211.09,-20.76,1.04,-2.38,10.56,0.06,1.11,0.83,-1.05,-0.79,10.77,-0.13,1.26,0.43
211.11,-20.27,0.94,-2.41,10.72,0.18,1.08,1.17,-1.05,-0.57,10.95,-0.15,1.32,0.46
211.12,-20.23,0.96,-2.37,10.74,0.21,1.07,1.27,-1.15,-0.76,11.15,-0.16,1.40,0.50
211.13,-20.65,0.96,-2.37,10.74,0.21,1.07,1.27,-1.29,-1.15,11.41,-0.14,1.63,0.65
211.16,-21.23,0.96,-2.37,10.74,0.21,1.07,1.27,-0.98,-1.20,11.93,-0.09,1.74,0.76
211.20,-21.31,0.96,-2.37,10.74,0.21,1.07,1.27,-0.23,-0.76,12.76,-0.04,1.82,0.89
211.21,-21.11,0.96,-2.37,10.74,0.21,1.07,1.27,0.92,0.37,13.44,0.01,1.92,1.18
211.23,-19.26,0.96,-2.37,10.74,0.21,1.07,1.27,4.30,2.52,13.35,-0.04,2.12,1.78
211.26,-18.27,0.96,-2.37,10.74,0.21,1.07,1.27,5.33,2.15,13.03,-0.13,2.25,1.38
211.28,-16.74,0.96,-2.37,10.74,0.21,1.07,1.27,4.62,0.76,13.21,-0.43,2.52,0.45
211.30,-16.41,0.96,-2.37,10.74,0.21,1.07,1.27,0.87,-1.94,13.18,-0.59,2.64,-1.11
211.32,-17.08,0.96,-2.37,10.74,0.21,1.07,1.27,-1.52,-2.90,12.13,-0.64,2.64,-1.79
211.33,-17.94,0.96,-2.37,10.74,0.21,1.07,1.27,-2.98,-3.52,11.19,-0.65,2.63,-2.12
211.34,-21.84,0.96,-2.37,10.74,0.21,1.07,1.27,-7.63,-5.81,8.52,-0.60,2.37,-2.02
211.37,-24.41,0.96,-2.37,10.74,0.21,1.07,1.27,-9.83,-5.84,7.58,-0.46,1.94,-1.74
211.38,-26.97,0.96,-2.37,10.74,0.21,1.07,1.27,-11.22,-5.09,6.89,-0.33,1.41,-1.38
211.39,-28.72,0.96,-2.37,10.74,0.21,1.07,1.27,-11.61,-4.35,6.50,-0.26,1.02,-1.10
211.40,-30.79,0.96,-2.37,10.74,0.21,1.07,1.27,-11.46,-3.58,5.79,-0.17,0.22,-0.66
211.42,-36.25,0.96,-2.37,10.74,0.21,1.07,1.27,-9.09,-3.12,2.52,0.31,-1.55,-0.39
211.46,-37.14,0.96,-2.37,10.74,0.21,1.07,1.27,-9.10,-3.09,2.06,0.41,-2.04,-0.38
211.47,-37.80,0.96,-2.37,10.74,0.21,1.07,1.27,-9.22,-3.00,1.83,0.49,-2.51,-0.32
211.48,-38.13,0.96,-2.37,10.74,0.21,1.07,1.27,-9.33,-2.92,1.77,0.53,-2.94,-0.21
211.49,-38.33,0.96,-2.37,10.74,0.21,1.07,1.27,-9.08,-2.41,1.84,0.66,-3.53,0.00
211.51,-38.24,0.96,-2.37,10.74,0.21,1.07,1.27,-8.92,-2.18,1.89,0.72,-3.80,0.23
211.54,-36.91,0.96,-2.37,10.74,0.21,1.07,1.27,-7.71,-0.91,1.98,0.97,-4.52,0.25
211.55,-36.04,0.96,-2.37,10.74,0.21,1.07,1.27,-7.30,-0.39,2.09,1.01,-4.79,0.23
211.56,-34.62,0.96,-2.37,10.74,0.21,1.07,1.27,-6.91,-0.14,2.56,1.03,-5.10,0.15
211.58,-31.22,0.96,-2.37,10.74,0.21,1.07,1.27,-6.18,-0.81,4.04,1.05,-5.47,0.12
211.60,-29.55,0.96,-2.37,10.74,0.21,1.07,1.27,-5.77,-1.19,4.67,1.08,-5.57,0.22
211.61,-26.96,0.96,-2.37,10.74,0.21,1.07,1.27,-5.07,-1.20,5.71,1.11,-5.65,0.29
211.62,-23.95,0.96,-2.37,10.74,0.21,1.07,1.27,-4.27,-1.00,6.94,1.07,-5.63,0.34
211.63,-20.69,0.96,-2.37,10.74,0.21,1.07,1.27,-3.56,-1.28,8.23,1.01,-5.47,0.43
211.64,-18.21,0.96,-2.37,10.74,0.21,1.07,1.27,-2.96,-1.11,9.22,0.93,-5.12,0.61
211.66,-13.54,0.96,-2.37,10.74,0.21,1.07,1.27,-2.08,-0.86,9.95,0.75,-4.49,0.72
211.67,-10.41,0.96,-2.37,10.74,0.21,1.07,1.27,-2.02,-1.16,10.10,0.62,-3.83,0.85
211.69,-6.82,0.96,-2.37,10.74,0.21,1.07,1.27,-0.36,-0.31,9.67,0.47,-2.83,0.89
211.71,-5.03,0.96,-2.37,10.74,0.21,1.07,1.27,0.70,-0.15,9.74,0.29,-2.12,0.87
211.72,-2.91,0.96,-2.37,10.74,0.21,1.07,1.27,1.22,-0.28,9.65,0.00,-0.75,0.71
211.74,-2.51,0.96,-2.37,10.74,0.21,1.07,1.27,1.19,0.03,9.65,-0.09,0.02,0.55
211.75,-2.79,0.96,-2.37,10.74,0.21,1.07,1.27,0.67,0.14,9.59,-0.42,1.00,0.19
211.78,-4.22,0.96,-2.37,10.74,0.21,1.07,1.27,0.48,-0.25,12.24,-1.06,1.09,0.35
211.79,-4.04,0.96,-2.37,10.74,0.21,1.07,1.27,5.00,1.09,17.68,-0.93,0.31,-0.20
211.81,-2.69,0.96,-2.37,10.74,0.21,1.07,1.27,4.37,2.43,15.42,-0.00,0.71,-0.86
211.83,-2.82,0.96,-2.37,10.74,0.21,1.07,1.27,1.70,1.03,12.06,-0.24,1.31,-1.37
211.84,-3.67,0.96,-2.37,10.74,0.21,1.07,1.27,-1.04,-1.16,10.55,-0.65,1.93,-1.54
211.85,-6.95,0.96,-2.37,10.74,0.21,1.07,1.27,-7.23,-3.50,10.54,-0.78,2.03,-1.29
211.86,35.85,-1.73,0.15,2.01,-0.65,1.86,-0.87,-9.82,-2.99,10.31,-0.50,1.68,-0.89
211.87,33.39,-3.00,-0.06,3.52,-0.81,1.96,-0.93,-8.22,-1.70,9.30,-0.31,1.18,-0.60
211.88,30.37,-3.00,-0.06,3.52,-0.81,1.96,-0.93,-3.53,-1.90,9.11,-0.44,0.75,-0.36
211.90,29.29,-3.00,-0.06,3.52,-0.81,1.96,-0.93,-3.26,-4.03,10.28,-0.40,0.72,-0.16
211.92,28.49,-3.00,-0.06,3.52,-0.81,1.96,-0.93,-3.28,-3.87,10.38,-0.26,0.79,0.05
211.93,27.17,-3.00,-0.06,3.52,-0.81,1.96,-0.93,-3.51,-2.37,9.83,-0.20,0.87,0.49
211.95,26.55,-3.00,-0.06,3.52,-0.81,1.96,-0.93,-3.30,-1.92,9.87,-0.21,0.79,0.66
211.96,26.12,-3.00,-0.06,3.52,-0.81,1.96,-0.93,-0.98,-1.81,10.15,-0.16,0.57,0.82
211.98,26.70,-3.00,-0.06,3.52,-0.81,1.96,-0.93,0.32,-1.94,10.09,-0.13,0.58,0.77
211.99,27.58,-3.00,-0.06,3.52,-0.81,1.96,-0.93,0.39,-2.03,9.76,-0.13,0.68,0.52
212.02,28.16,-3.00,-0.06,3.52,-0.81,1.96,-0.93,0.11,-2.21,9.72,-0.15,0.67,0.43
212.03,28.51,-3.00,-0.06,3.52,-0.81,1.96,-0.93,-0.21,-2.55,9.84,-0.16,0.65,0.41
212.04,28.76,-3.00,-0.06,3.52,-0.81,1.96,-0.93,-0.54,-2.84,9.83,-0.14,0.65,0.71
212.07,29.15,-3.00,-0.06,3.52,-0.81,1.96,-0.93,-0.48,-2.75,9.50,-0.11,0.69,0.96
212.08,29.83,-3.00,-0.06,3.52,-0.81,1.96,-0.93,0.31,-2.08,9.77,-0.11,0.75,1.15
212.11,30.20,-3.00,-0.06,3.52,-0.81,1.96,-0.93,0.71,-1.89,9.86,-0.10,0.78,1.14
212.12,30.79,-3.00,-0.06,3.52,-0.81,1.96,-0.93,1.15,-1.71,9.96,-0.07,0.80,1.05
212.12,31.30,-3.00,-0.06,3.52,-0.81,1.96,-0.93,1.43,-1.62,9.97,-0.02,0.81,0.88
212.14,32.58,-3.00,-0.06,3.52,-0.81,1.96,-0.93,1.13,-1.51,9.87,0.03,0.85,0.49
212.16,33.10,-3.00,-0.06,3.52,-0.81,1.96,-0.93,0.68,-1.69,9.79,0.08,0.90,0.30
212.18,33.35,-3.00,-0.06,3.52,-0.81,1.96,-0.93,-0.40,-1.50,9.39,0.09,1.03,0.27
212.22,32.68,-3.00,-0.06,3.52,-0.81,1.96,-0.93,-0.85,-1.17,9.82,0.02,1.11,0.37
212.24,32.50,-3.00,-0.06,3.52,-0.81,1.96,-0.93,-0.81,-1.07,9.90,0.01,1.16,0.41
212.25,32.28,-3.00,-0.06,3.52,-0.81,1.96,-0.93,-0.74,-0.91,9.92,-0.01,1.21,0.44
212.26,31.98,-3.00,-0.06,3.52,-0.81,1.96,-0.93,-0.76,-0.73,9.95,-0.07,1.27,0.45
212.28,31.27,-3.00,-0.06,3.52,-0.81,1.96,-0.93,-1.33,-0.99,10.22,-0.15,1.39,0.49
212.30,30.63,-3.00,-0.06,3.52,-0.81,1.96,-0.93,-1.67,-1.14,10.48,-0.17,1.46,0.57
212.32,30.22,-3.00,-0.06,3.52,-0.81,1.96,-0.93,-1.68,-1.25,10.65,-0.18,1.51,0.65
212.33,29.57,-3.00,-0.06,3.52,-0.81,1.96,-0.93,-1.56,-1.35,10.84,-0.17,1.55,0.70
212.34,28.91,-3.00,-0.06,3.52,-0.81,1.96,-0.93,-1.28,-1.12,11.05,-0.14,1.67,0.81
212.37,28.38,-3.00,-0.06,3.52,-0.81,1.96,-0.93,-0.92,-0.88,11.61,-0.12,1.73,0.85
212.38,28.17,-3.00,-0.06,3.52,-0.81,1.96,-0.93,-0.32,-0.55,12.22,-0.10,1.78,0.89
212.39,28.12,-3.00,-0.06,3.52,-0.81,1.96,-0.93,0.34,0.07,12.56,-0.06,1.92,1.06
212.41,28.34,-3.00,-0.06,3.52,-0.81,1.96,-0.93,1.44,1.28,12.81,-0.06,1.97,1.17
212.42,28.88,-3.00,-0.06,3.52,-0.81,1.96,-0.93,2.66,2.27,13.23,-0.12,2.03,1.43
212.44,29.29,-3.00,-0.06,3.52,-0.81,1.96,-0.93,3.33,2.40,13.33,-0.18,2.07,1.58
212.45,30.14,-3.00,-0.06,3.52,-0.81,1.96,-0.93,4.09,1.99,13.29,-0.29,2.12,1.51
212.46,31.10,-3.00,-0.06,3.52,-0.81,1.96,-0.93,1.00,-0.72,12.82,-0.66,2.46,-0.36
212.50,30.38,-3.00,-0.06,3.52,-0.81,1.96,-0.93,-1.43,-1.70,12.07,-0.80,2.48,-0.91
212.51,28.41,-3.00,-0.06,3.52,-0.81,1.96,-0.93,-4.38,-4.28,10.98,-0.96,2.36,-1.39
212.55,20.69,-3.00,-0.06,3.52,-0.81,1.96,-0.93,-9.71,-5.61,6.40,-0.31,1.39,-0.84
212.58,17.46,-3.00,-0.06,3.52,-0.81,1.96,-0.93,-10.79,-3.98,5.00,-0.21,0.84,-0.55
212.59,15.12,-3.00,-0.06,3.52,-0.81,1.96,-0.93,-10.97,-2.84,4.27,-0.16,0.43,-0.37
212.60,13.11,-3.00,-0.06,3.52,-0.81,1.96,-0.93,-10.52,-2.24,3.72,-0.12,-0.13,-0.21
212.61,-94.60,-0.54,0.22,2.12,0.66,-2.64,-0.56,-9.95,-2.14,3.40,-0.06,-0.53,-0.16
212.62,-94.50,-0.85,0.45,5.07,0.61,-2.65,-0.56,-9.24,-2.28,3.02,0.09,-1.04,-0.15
212.63,-93.19,-0.82,1.22,6.37,0.41,-2.58,-0.41,-9.00,-2.42,2.72,0.22,-1.40,-0.18
212.65,-93.13,-0.81,1.32,6.94,0.25,-2.51,-0.33,-8.96,-2.51,2.39,0.34,-2.16,-0.21
212.67,-91.24,-1.55,1.28,8.48,-0.31,-2.22,-0.19,-8.95,-2.32,1.64,0.49,-2.57,-0.17
212.68,-90.45,-2.02,1.15,8.87,-0.44,-2.09,-0.23,-8.87,-2.07,1.38,0.51,-2.86,-0.11
212.69,-88.10,-2.87,0.95,9.02,-0.55,-1.93,-0.22,-8.63,-1.37,1.09,0.53,-3.42,-0.01
212.71,-86.20,-2.94,0.74,8.78,-0.64,-1.84,-0.18,-8.56,-0.98,1.07,0.55,-3.79,-0.00
212.72,-84.09,-3.08,0.18,8.53,-0.69,-1.69,0.01,-8.59,-0.91,1.23,0.57,-4.37,0.04
212.73,-78.56,-3.04,-1.03,8.04,-0.76,-1.32,0.65,-8.74,-1.34,2.46,0.70,-4.81,0.16
212.75,-72.51,-2.70,-1.48,7.90,-0.60,-1.00,1.13,-8.29,-2.01,3.46,0.82,-5.28,0.83
212.78,-67.99,-2.19,-1.33,7.65,-0.45,-0.81,1.40,-7.13,-1.78,3.81,0.76,-5.34,1.23
212.79,-63.77,-1.45,-1.09,7.46,-0.33,-0.67,1.60,-6.47,-1.82,4.40,0.59,-5.30,1.65
212.80,-60.59,-0.57,-0.68,7.09,-0.28,-0.51,1.76,-5.87,-2.09,5.41,0.43,-5.24,1.87
212.81,-56.88,0.27,-0.37,6.88,-0.35,-0.33,1.90,-5.35,-2.34,6.41,0.35,-5.07,2.24
212.83,-52.23,1.49,-0.45,7.24,-0.52,-0.11,2.16,-4.16,-2.97,7.86,0.25,-4.86,2.59
212.84,-48.70,2.55,-0.87,7.50,-0.72,0.03,2.33,-3.24,-3.15,8.28,0.17,-4.63,2.84
212.85,-45.30,3.51,-1.73,7.43,-0.92,0.04,2.46,-1.24,-2.59,9.35,0.03,-4.09,3.11
212.86,-41.51,4.91,-2.83,7.20,-1.05,-0.14,2.45,0.05,-2.09,10.15,-0.04,-3.59,3.13
212.88,-39.92,6.76,-3.96,6.90,-1.10,-0.32,2.31,1.45,-1.22,10.47,-0.02,-3.05,3.03
212.89,-36.99,9.37,-3.79,7.10,-0.78,-0.48,1.66,3.49,0.60,10.63,0.01,-2.02,2.15
212.91,-34.88,10.66,-2.11,7.97,-0.37,-0.49,0.80,4.17,1.70,10.52,-0.01,-1.05,1.61
212.93,-34.85,11.02,-1.32,8.44,-0.10,-0.46,0.32,3.71,1.84,10.42,-0.02,-0.39,1.12
212.94,-34.78,11.16,-0.89,8.64,0.04,-0.41,-0.05,2.77,1.42,10.53,-0.03,0.21,0.71
212.95,-35.49,11.15,-0.94,8.72,0.01,-0.30,-0.33,1.21,0.42,11.05,-0.27,0.73,0.50
212.97,-34.65,9.47,-0.52,12.64,-0.14,0.65,-0.03,8.68,0.07,18.43,-0.25,0.96,-1.60
213.02,-33.81,5.65,-3.86,9.85,-0.66,0.50,-1.33,-2.74,-2.21,10.41,-0.01,1.50,-1.78
213.03,-36.04,3.15,-3.78,10.45,-0.42,0.62,-1.45,-8.17,-3.32,9.24,-0.02,1.70,-1.43
213.04,-36.08,-1.10,-3.13,10.41,-0.40,0.95,-1.33,-9.81,-2.55,8.85,0.17,1.19,-0.61
213.06,-35.64,-3.75,-3.15,10.48,-0.56,1.37,-0.83,-6.69,-0.67,7.91,0.05,0.78,-0.15
213.07,-34.78,-3.86,-3.67,10.33,-0.48,1.46,-0.45,-3.85,-1.07,8.75,-0.14,0.59,0.06
213.08,-32.20,-3.12,-4.48,9.89,-0.29,1.33,0.05,-2.40,-2.13,9.86,-0.21,0.62,0.00
213.11,-28.67,0.33,-4.06,10.09,0.19,0.84,0.78,-2.26,-1.63,9.38,-0.14,0.64,0.08
213.12,-27.60,1.50,-2.92,9.94,0.38,0.74,0.94,-2.00,-1.41,9.33,-0.22,0.41,0.27
213.15,-26.81,1.67,-2.53,9.80,0.40,0.73,1.04,-1.12,-1.72,9.82,-0.23,0.30,0.30
213.16,-25.22,2.35,-3.03,9.41,0.41,0.65,1.21,-0.59,-2.34,10.18,-0.24,0.31,0.43
213.18,-24.76,3.08,-3.38,9.11,0.44,0.57,1.22,-0.49,-2.75,10.23,-0.20,0.38,0.57
213.19,-24.66,4.14,-3.71,8.78,0.47,0.48,1.18,-0.30,-2.83,10.17,-0.16,0.41,0.65
213.20,-24.76,4.77,-3.99,8.59,0.43,0.43,1.09,0.06,-2.89,10.08,-0.11,0.40,0.67
213.21,-24.63,4.66,-4.32,8.65,0.42,0.44,1.02,0.47,-2.91,10.04,-0.06,0.39,0.63
213.22,-24.36,3.73,-4.62,8.80,0.47,0.46,0.97,0.76,-2.86,9.99,0.00,0.40,0.51
213.25,-23.02,2.56,-3.86,8.83,0.61,0.31,1.00,0.51,-2.49,9.82,0.09,0.41,0.44
213.26,-22.52,2.28,-3.23,9.04,0.64,0.21,1.03,0.03,-2.23,9.66,0.12,0.42,0.40
213.27,-22.09,2.18,-2.84,9.38,0.66,0.14,1.12,-0.77,-2.09,9.57,0.13,0.41,0.43
213.29,-22.00,2.10,-2.83,9.49,0.65,0.10,1.24,-1.41,-2.21,9.67,0.14,0.38,0.60
213.31,-22.01,2.22,-3.00,9.40,0.64,0.05,1.28,-1.40,-2.37,9.76,0.16,0.36,0.76
213.32,-22.21,2.72,-3.23,9.16,0.64,-0.03,1.25,-1.02,-2.40,9.78,0.19,0.36,0.94
213.34,-22.38,3.20,-3.39,8.99,0.60,-0.06,1.16,-0.42,-2.30,9.72,0.24,0.35,0.95
213.36,-22.60,3.08,-3.57,9.03,0.59,-0.07,1.08,-0.25,-2.27,9.74,0.28,0.33,0.87
213.37,-22.57,2.86,-3.73,9.11,0.62,-0.08,1.04,-0.24,-2.27,9.76,0.30,0.32,0.79
213.38,-22.42,2.54,-3.66,9.17,0.69,-0.09,1.06,-0.31,-2.26,9.73,0.35,0.30,0.65
213.40,-22.23,2.31,-3.43,9.20,0.76,-0.09,1.13,-0.56,-2.17,9.77,0.37,0.30,0.61
213.41,-22.15,2.18,-2.95,9.34,0.85,-0.12,1.28,-1.16,-1.98,9.87,0.41,0.31,0.66
213.43,-22.24,2.18,-2.78,9.44,0.88,-0.13,1.36,-1.44,-1.75,9.82,0.42,0.33,0.88
213.45,-22.54,2.36,-2.45,9.48,0.97,-0.19,1.55,-1.45,-1.20,9.62,0.40,0.34,1.03
213.46,-22.78,2.56,-2.32,9.41,1.04,-0.22,1.65,-1.23,-1.15,9.71,0.39,0.34,1.13
213.48,-23.03,2.87,-2.15,9.24,1.12,-0.27,1.78,-0.56,-0.88,9.90,0.40,0.36,1.29
213.49,-23.13,3.23,-2.00,9.09,1.17,-0.33,1.85,0.06,-0.65,10.06,0.41,0.38,1.36
213.51,-23.71,3.85,-1.88,9.03,1.18,-0.49,1.82,0.22,-0.62,10.26,0.43,0.44,1.34
213.52,-24.01,3.91,-1.93,9.13,1.18,-0.55,1.76,-0.08,-0.53,10.20,0.46,0.50,1.32
213.53,-24.65,3.84,-1.99,9.26,1.22,-0.63,1.70,-0.47,-0.34,10.01,0.47,0.54,1.31
213.54,-25.39,3.84,-1.94,9.29,1.29,-0.66,1.68,-0.80,-0.23,9.81,0.44,0.57,1.33
213.56,-26.51,4.04,-1.75,9.04,1.38,-0.65,1.65,-1.07,-0.24,9.80,0.38,0.59,1.51
213.57,-27.48,4.34,-1.60,8.81,1.45,-0.67,1.62,-0.82,-0.06,10.12,0.34,0.61,1.66
213.59,-29.05,4.93,-1.41,8.83,1.55,-0.75,1.59,-1.02,-0.07,10.76,0.26,0.66,1.83
213.60,-30.55,5.45,-1.01,9.69,1.63,-0.85,1.60,-1.39,-0.07,11.54,0.17,0.71,2.03
213.62,-31.80,5.17,-0.55,10.89,1.71,-0.92,1.65,-2.20,-0.11,12.23,0.12,0.72,2.13
213.63,-32.83,4.51,-0.04,11.68,1.77,-0.98,1.66,-2.97,-0.10,11.95,0.13,0.72,2.31
213.64,-33.69,2.92,0.32,11.98,1.85,-1.09,1.67,-3.44,0.07,10.86,0.12,0.72,2.50
213.65,-34.98,1.19,0.60,11.25,1.86,-1.30,1.77,-3.83,0.16,9.29,-0.02,0.60,2.66
213.67,-36.06,0.59,0.38,10.63,1.83,-1.36,1.86,-4.41,-0.36,8.34,-0.31,0.43,2.67
213.68,-36.53,0.14,-0.11,10.19,1.77,-1.36,1.94,-4.83,-1.35,8.08,-0.50,0.21,2.67
213.69,-37.07,-0.15,-0.77,9.99,1.69,-1.29,2.08,-5.12,-2.03,8.12,-0.58,0.06,2.69
213.71,-37.42,-0.43,-1.49,10.01,1.61,-1.16,2.30,-5.69,-2.89,8.24,-0.64,-0.08,2.72
213.71,-37.80,-0.91,-2.23,9.81,1.54,-0.88,2.91,-6.58,-3.82,7.91,-0.58,-0.24,3.00
213.74,-38.14,-0.99,-2.15,9.68,1.52,-0.81,3.15,-6.61,-3.70,7.38,-0.56,-0.30,3.16
213.75,-37.92,-0.99,-1.94,9.56,1.46,-0.73,3.45,-6.40,-3.41,6.96,-0.58,-0.38,3.30
213.76,-37.88,-0.89,-1.80,9.51,1.40,-0.66,3.73,-6.04,-3.16,6.82,-0.63,-0.43,3.39
213.77,-37.69,-0.04,-1.81,9.52,1.42,-0.62,4.12,-5.52,-2.67,7.20,-0.86,-0.39,3.49
213.79,-37.99,0.63,-1.69,9.41,1.47,-0.62,4.24,-5.77,-2.60,7.49,-1.01,-0.25,3.56
213.81,-38.65,1.32,-1.55,9.25,1.49,-0.63,4.31,-6.18,-2.54,7.49,-1.18,-0.06,3.69
213.82,-41.63,3.64,-1.30,9.07,1.46,-0.55,4.27,-6.70,-2.41,7.32,-1.60,0.54,4.48
213.85,-44.86,4.42,-1.14,9.16,1.52,-0.27,3.96,-6.33,-2.42,7.76,-2.02,0.72,4.74
213.86,-46.81,4.35,-0.91,9.14,1.60,-0.05,3.66,-5.70,-2.49,8.23,-2.22,0.97,4.99
213.88,-48.26,4.04,-0.61,9.01,1.65,0.13,3.37,-5.13,-2.59,8.54,-2.32,1.07,5.03
213.89,-49.05,3.86,-0.55,8.98,1.66,0.21,3.24,-4.52,-2.65,8.73,-2.37,1.18,5.00
213.90,-49.44,3.56,-0.60,8.99,1.65,0.29,3.11,-4.10,-2.66,8.83,-2.38,1.25,4.88
213.91,-49.72,3.27,-1.14,9.24,1.66,0.36,3.07,-3.52,-2.70,8.96,-2.34,1.30,4.52
213.94,-49.66,3.18,-1.60,9.26,1.61,0.46,2.95,-3.24,-2.87,9.18,-2.24,1.29,4.27
213.95,-49.30,3.08,-2.33,9.24,1.44,0.51,2.66,-3.08,-2.97,9.30,-2.10,1.24,3.94
213.96,-48.89,3.14,-2.91,9.19,1.31,0.47,2.35,-2.93,-3.24,9.32,-1.95,1.16,3.61
213.98,-48.57,3.31,-3.17,8.94,1.27,0.46,2.18,-2.59,-3.61,9.34,-1.79,1.05,3.28
213.99,-47.80,3.58,-3.13,8.25,1.22,0.46,1.99,-1.71,-3.80,9.16,-1.47,0.92,2.96
214.01,-47.32,3.61,-2.81,7.83,1.10,0.47,1.90,-1.42,-3.65,8.89,-1.29,0.82,2.75
214.02,-46.57,3.53,-2.75,7.66,0.94,0.49,1.80,-1.35,-3.44,8.34,-1.07,0.65,2.44
214.03,-45.96,3.29,-3.26,7.72,0.64,0.50,1.67,-1.48,-3.30,7.85,-0.92,0.49,2.21
214.04,-44.90,3.25,-4.31,7.90,0.49,0.45,1.43,-1.89,-3.22,7.17,-0.70,0.07,1.78
214.06,-43.71,3.29,-4.68,8.05,0.53,0.41,1.16,-2.45,-3.47,6.97,-0.45,-0.68,1.41
214.08,-42.08,3.15,-3.80,7.76,0.49,0.42,1.03,-2.64,-3.29,7.13,-0.11,-0.96,1.40
214.09,-40.99,3.29,-3.17,7.43,0.45,0.43,1.04,-2.49,-2.92,7.05,-0.06,-1.12,1.42
214.10,-39.26,4.16,-2.53,6.97,0.35,0.39,1.17,-1.64,-2.80,8.00,-0.23,-1.29,1.34
214.12,-38.41,5.14,-2.12,6.87,0.23,0.29,1.20,-0.36,-3.50,10.18,-0.37,-1.32,1.30
214.13,-37.64,7.02,-2.03,7.38,-0.02,0.08,1.14,1.19,-4.10,11.59,-0.30,-1.32,1.26
214.14,-35.98,7.72,-2.40,7.79,-0.13,-0.00,1.13,3.37,-3.36,12.16,-0.12,-1.22,1.09
214.15,-35.02,9.74,-3.22,9.01,-0.20,-0.21,1.15,5.07,-0.96,13.60,-0.17,-1.02,0.97
214.17,-33.50,15.21,-2.62,10.70,-0.21,-0.63,1.08,8.70,-0.71,21.43,-0.40,-1.18,0.73
214.18,-34.03,17.28,-1.07,9.63,0.00,-0.96,0.83,8.77,-1.16,22.38,0.18,-0.99,-0.07
214.20,-34.60,12.94,2.03,8.32,0.33,-1.03,0.12,5.70,1.97,15.97,0.36,-0.08,-1.21
214.21,-35.15,9.78,3.25,7.61,0.32,-1.08,-0.29,1.84,1.15,11.28,0.11,0.58,-1.85
214.22,-38.19,4.89,1.89,7.92,-0.05,-1.14,-0.82,-5.12,-0.17,5.84,-0.03,0.67,-1.65
214.24,-40.93,1.75,-0.61,8.60,-0.07,-1.17,-0.87,-7.67,-0.11,4.64,-0.16,0.38,-1.42
214.25,-43.82,-0.04,-1.79,9.19,0.40,-1.26,-0.16,-7.99,-2.13,9.18,-0.43,-0.57,-0.26
214.27,-43.90,2.11,-1.39,9.55,0.48,-1.16,0.39,-5.64,-2.52,11.20,-0.19,-0.60,0.44
214.29,-43.97,3.87,-1.16,10.32,0.60,-1.12,0.66,-3.79,-1.74,10.84,-0.06,-0.38,0.71
214.30,-44.31,5.09,-0.97,10.47,0.67,-1.17,0.77,-3.25,-1.39,10.07,-0.10,0.13,0.84
214.33,-47.32,5.49,-1.38,9.39,0.79,-1.36,0.85,-3.72,-1.62,9.69,-0.21,0.07,0.68
214.34,-48.06,4.88,-1.52,8.94,0.76,-1.34,0.96,-3.26,-1.49,9.27,-0.16,-0.05,0.46
214.36,-48.81,4.15,-1.45,8.22,0.76,-1.32,0.98,-3.01,-1.29,8.74,-0.14,-0.10,0.31
214.37,-49.20,4.13,-1.27,7.99,0.77,-1.32,0.92,-3.55,-1.38,8.67,-0.14,-0.13,0.18
214.38,-50.26,4.78,-0.84,7.93,0.78,-1.33,0.75,-4.11,-1.53,8.78,-0.14,-0.15,0.13
214.39,-51.38,5.71,-0.56,8.19,0.79,-1.33,0.65,-4.72,-1.73,8.98,-0.13,-0.22,0.14
214.40,-53.08,6.47,-0.47,8.62,0.71,-1.30,0.57,-4.97,-1.89,9.16,-0.10,-0.25,0.18
214.42,-54.14,6.48,-0.52,8.82,0.62,-1.27,0.49,-4.86,-1.84,9.22,-0.06,-0.26,0.40
214.45,-56.62,5.61,-0.62,8.12,0.43,-1.18,0.32,-4.10,-1.38,9.41,-0.02,-0.26,0.45
214.46,-57.95,6.13,-0.30,7.41,0.55,-1.13,0.39,-3.53,-0.87,9.28,-0.04,-0.22,0.46
214.49,-58.71,6.56,-0.04,7.27,0.57,-1.11,0.41,-3.42,-0.81,9.31,-0.05,-0.21,0.44
214.50,-59.69,6.83,0.24,7.19,0.55,-1.10,0.38,-3.35,-0.86,9.30,-0.05,-0.23,0.44
214.52,-60.61,6.87,0.21,7.11,0.49,-1.10,0.30,-3.28,-0.81,9.12,-0.03,-0.25,0.42
214.53,-61.87,6.93,-0.05,6.85,0.41,-1.07,0.18,-3.23,-0.77,9.04,-0.03,-0.29,0.30
214.56,-63.11,7.27,-0.08,6.71,0.38,-1.03,0.12,-3.00,-0.88,9.38,-0.07,-0.29,0.23
214.58,-63.91,7.32,0.06,6.52,0.34,-1.01,0.08,-2.76,-1.05,9.54,-0.09,-0.27,0.21
214.59,-64.25,7.28,0.04,6.43,0.32,-1.02,0.04,-2.77,-1.13,9.46,-0.09,-0.24,0.21
214.60,-65.16,7.27,-0.21,6.31,0.31,-1.03,-0.06,-2.98,-1.08,9.24,-0.07,-0.22,0.22
214.62,-65.82,7.30,-0.29,6.27,0.33,-1.02,-0.11,-3.18,-1.07,9.15,-0.06,-0.23,0.22
214.63,-66.48,7.39,-0.27,6.28,0.35,-1.01,-0.13,-3.24,-1.16,9.22,-0.05,-0.25,0.22
214.65,-67.54,7.70,-0.09,6.28,0.33,-0.99,-0.14,-3.17,-1.35,9.47,0.01,-0.27,0.21
214.67,-68.27,7.85,0.09,6.02,0.28,-0.98,-0.16,-2.96,-1.41,9.51,0.04,-0.24,0.22
214.69,-69.12,8.01,0.07,5.78,0.20,-0.99,-0.21,-2.65,-1.33,9.38,0.09,-0.23,0.19
214.71,-70.12,7.53,-0.17,5.76,0.13,-0.98,-0.32,-2.38,-1.24,9.39,0.13,-0.22,0.06
214.72,-70.38,7.25,-0.14,5.68,0.12,-1.00,-0.33,-2.32,-1.15,9.48,0.17,-0.22,-0.01
214.74,-70.99,7.06,0.14,5.23,0.14,-1.05,-0.23,-2.46,-1.01,9.47,0.20,-0.19,-0.09
214.78,-72.57,7.51,0.73,4.96,0.20,-1.14,-0.08,-3.02,-0.64,9.28,0.18,-0.17,-0.06
214.80,-73.61,8.03,0.87,4.79,0.21,-1.14,-0.07,-3.13,-0.65,9.30,0.16,-0.18,0.02
214.81,-74.93,8.67,0.97,4.64,0.18,-1.13,-0.09,-2.92,-0.56,9.46,0.15,-0.18,0.06
214.83,-76.19,9.06,1.17,4.40,0.14,-1.12,-0.16,-2.59,-0.54,9.61,0.16,-0.18,0.07
214.85,-77.48,8.98,1.19,4.31,0.03,-1.14,-0.28,-2.25,-0.45,9.53,0.15,-0.14,-0.00
214.87,-77.76,8.88,1.13,4.33,0.01,-1.15,-0.33,-2.20,-0.39,9.42,0.13,-0.14,-0.06
214.88,-78.39,8.70,0.94,4.37,-0.01,-1.16,-0.38,-2.34,-0.38,9.30,0.10,-0.15,-0.14
214.89,-79.01,8.55,0.74,4.36,-0.02,-1.17,-0.42,-2.53,-0.51,9.33,0.08,-0.19,-0.22
214.90,-79.64,8.55,0.61,4.27,-0.02,-1.18,-0.44,-2.66,-0.68,9.45,0.08,-0.21,-0.28
214.92,-80.45,8.75,0.65,4.09,-0.02,-1.18,-0.44,-2.84,-0.98,9.74,0.09,-0.24,-0.29
214.94,-81.34,8.98,0.85,3.91,-0.02,-1.17,-0.43,-2.96,-1.04,9.93,0.11,-0.23,-0.25
214.95,-82.08,9.09,1.05,3.90,-0.02,-1.16,-0.44,-3.06,-0.99,9.89,0.13,-0.22,-0.18
214.96,-83.11,9.09,1.32,3.97,-0.03,-1.14,-0.48,-3.09,-0.82,9.68,0.14,-0.23,-0.12
214.98,-83.78,9.13,1.44,3.92,-0.05,-1.13,-0.50,-3.08,-0.67,9.54,0.14,-0.25,-0.10
214.99,-84.26,9.16,1.50,3.77,-0.08,-1.12,-0.53,-3.05,-0.58,9.52,0.13,-0.26,-0.10
215.00,-84.88,9.29,1.63,3.57,-0.09,-1.11,-0.54,-2.96,-0.55,9.61,0.12,-0.27,-0.11
215.01,-85.69,9.45,1.81,3.30,-0.11,-1.10,-0.55,-2.88,-0.52,9.77,0.13,-0.27,-0.11
215.03,-86.37,9.59,2.04,2.86,-0.15,-1.08,-0.53,-2.63,-0.45,9.87,0.14,-0.20,-0.11
215.05,-87.81,9.81,2.59,2.37,-0.26,-0.99,-0.44,-2.07,0.13,9.73,0.18,-0.16,-0.14
215.07,-88.38,9.63,2.65,2.54,-0.29,-0.94,-0.43,-2.27,0.47,9.56,0.17,-0.16,-0.16
215.08,-89.01,9.37,2.57,2.90,-0.26,-0.88,-0.44,-2.85,0.61,9.41,0.13,-0.18,-0.21
215.09,-89.62,9.30,2.57,3.07,-0.20,-0.82,-0.47,-3.32,0.49,9.46,0.08,-0.22,-0.20
215.10,-90.18,9.37,2.61,3.06,-0.15,-0.77,-0.45,-3.61,0.21,9.62,0.06,-0.24,-0.12
215.11,-90.70,9.51,2.45,2.96,-0.09,-0.67,-0.32,-3.43,-0.05,9.84,0.07,-0.25,0.02
215.12,-90.97,9.51,2.38,2.92,-0.07,-0.58,-0.17,-3.16,-0.15,9.86,0.09,-0.25,0.14
215.14,-91.09,9.35,2.36,2.96,-0.05,-0.51,-0.06,-2.86,-0.03,9.73,0.09,-0.23,0.22
215.15,-91.10,9.02,2.21,2.76,-0.01,-0.46,0.02,-2.47,0.04,9.48,0.04,-0.22,0.22
215.17,-91.09,8.98,2.04,2.44,0.00,-0.46,0.03,-2.30,-0.04,9.41,0.01,-0.23,0.21
215.18,-91.06,8.95,1.85,2.16,0.02,-0.44,0.04,-2.14,-0.18,9.40,-0.00,-0.24,0.21
215.19,-91.30,9.03,1.66,1.54,0.10,-0.38,0.07,-2.04,-0.31,9.46,-0.04,-0.27,0.28
215.21,-91.52,9.10,1.68,1.15,0.16,-0.36,0.07,-1.89,-0.33,9.46,-0.06,-0.29,0.38
215.23,-91.87,9.15,1.54,0.80,0.21,-0.35,0.06,-1.43,-0.43,9.53,-0.10,-0.28,0.41
215.25,-91.93,9.13,1.42,0.71,0.23,-0.35,0.07,-1.25,-0.58,9.61,-0.12,-0.25,0.45
215.26,-92.15,9.19,1.44,0.70,0.24,-0.35,0.06,-1.21,-0.61,9.64,-0.12,-0.24,0.46
215.27,-92.33,9.42,1.46,0.65,0.24,-0.35,0.02,-1.10,-0.60,9.66,-0.12,-0.23,0.45
215.29,-92.38,9.70,1.32,0.73,0.25,-0.30,-0.07,-0.96,-0.60,9.73,-0.12,-0.24,0.39
215.32,-92.18,9.65,1.40,0.87,0.25,-0.19,-0.15,-1.02,-0.86,9.80,-0.09,-0.26,0.24
215.34,-91.90,9.49,1.39,1.06,0.25,-0.15,-0.15,-1.18,-1.08,9.89,-0.07,-0.27,0.18
215.35,-91.78,9.47,1.49,1.17,0.23,-0.12,-0.14,-1.27,-1.17,9.91,-0.05,-0.28,0.12
215.37,-91.56,9.47,1.57,1.24,0.20,-0.10,-0.12,-1.34,-1.19,9.90,-0.02,-0.31,0.04
215.38,-91.17,9.45,1.72,1.19,0.11,-0.09,-0.10,-1.41,-0.99,9.94,0.03,-0.32,0.02
215.40,-91.01,9.36,1.81,1.14,0.08,-0.11,-0.08,-1.40,-0.83,9.95,0.04,-0.33,0.04
215.41,-90.84,9.25,1.84,1.10,0.06,-0.12,-0.07,-1.32,-0.63,9.95,0.05,-0.35,0.06
215.43,-90.70,9.12,1.95,1.02,0.05,-0.17,-0.06,-1.15,-0.39,9.96,0.06,-0.38,0.08
215.44,-90.53,9.09,2.04,0.93,0.05,-0.21,-0.07,-1.02,-0.31,10.00,0.07,-0.41,0.08
215.45,-90.20,9.12,2.04,0.91,0.05,-0.24,-0.06,-0.79,-0.31,10.09,0.07,-0.50,0.05
215.47,-89.85,9.28,2.15,0.89,0.05,-0.27,-0.02,-0.63,-0.36,10.13,0.07,-0.54,0.04
215.48,-89.61,9.33,2.17,0.89,0.05,-0.29,0.01,-0.56,-0.37,10.13,0.06,-0.58,0.02
215.50,-89.34,9.42,2.14,0.84,0.04,-0.31,0.06,-0.47,-0.43,10.14,0.05,-0.64,0.01
215.51,-88.83,9.44,2.11,0.78,0.04,-0.34,0.08,-0.37,-0.44,10.11,0.02,-0.72,0.00
215.52,-88.54,9.35,1.97,0.67,0.04,-0.38,0.10,-0.29,-0.44,10.05,0.00,-0.78,-0.01
215.52,-88.45,9.32,1.93,0.65,0.04,-0.38,0.11,-0.27,-0.45,10.03,-0.00,-0.81,-0.02
215.54,-88.18,9.22,1.84,0.61,0.04,-0.40,0.14,-0.20,-0.50,9.96,-0.01,-0.84,-0.03
215.56,-87.62,9.05,1.84,0.56,0.05,-0.43,0.20,-0.12,-0.59,9.75,-0.04,-0.92,-0.06
215.58,-86.97,8.93,1.81,0.45,0.03,-0.45,0.25,-0.00,-0.72,9.48,-0.07,-0.99,-0.07
215.59,-86.29,8.84,1.66,0.35,-0.02,-0.48,0.33,0.17,-0.83,9.32,-0.11,-1.07,-0.04
215.61,-85.98,8.84,1.49,0.25,-0.06,-0.49,0.35,0.32,-0.82,9.26,-0.14,-1.11,-0.00
215.62,-85.77,8.83,1.43,0.20,-0.07,-0.50,0.36,0.45,-0.81,9.20,-0.16,-1.13,0.02
215.63,-85.01,8.91,1.31,0.05,-0.08,-0.49,0.35,0.69,-0.80,9.11,-0.17,-1.15,0.05
215.65,-84.37,8.99,1.15,-0.09,-0.09,-0.41,0.31,1.00,-0.83,8.92,-0.18,-1.17,0.03
215.67,-83.37,8.90,1.06,-0.13,-0.10,-0.34,0.30,1.31,-0.80,8.78,-0.17,-1.18,-0.00
215.68,-82.37,8.73,1.12,-0.25,-0.14,-0.26,0.29,1.45,-0.78,8.69,-0.13,-1.19,-0.08
215.69,-81.28,8.62,1.24,-0.37,-0.25,-0.18,0.28,1.36,-0.76,8.60,-0.05,-1.13,-0.18
215.71,-80.76,8.64,1.45,-0.60,-0.32,-0.15,0.26,1.23,-0.77,8.58,-0.03,-1.09,-0.18
215.73,-80.51,8.65,1.55,-0.89,-0.54,-0.07,0.24,0.97,-0.82,8.48,-0.01,-0.99,-0.13
215.74,-80.36,8.72,1.19,-0.49,-0.70,0.06,0.24,0.70,-0.80,8.38,0.00,-0.88,-0.02
215.75,-79.99,8.70,1.09,-0.03,-0.67,0.26,0.21,0.43,-0.74,8.47,0.05,-0.74,0.19
215.78,-79.71,8.81,1.15,0.12,-0.69,0.35,0.20,0.49,-0.64,8.63,0.09,-0.69,0.28
215.79,-79.14,9.04,1.33,0.32,-0.73,0.51,0.15,0.67,-0.47,8.83,0.14,-0.66,0.34
215.80,-78.68,9.18,1.34,0.49,-0.78,0.58,0.13,0.87,-0.24,9.19,0.18,-0.62,0.37
215.82,-77.73,9.60,1.31,0.88,-0.81,0.68,0.07,1.21,-0.14,9.78,0.18,-0.59,0.34
215.83,-76.38,10.34,1.47,1.18,-0.73,0.70,-0.00,1.61,0.14,11.50,0.19,-0.57,0.28
215.84,-75.55,11.01,1.46,1.43,-0.69,0.64,-0.04,1.90,0.27,13.01,0.11,-0.62,0.15
215.86,-73.70,12.32,1.18,2.32,-0.34,0.21,-0.15,2.74,-0.82,14.21,0.20,-0.41,0.11
215.88,-73.30,11.98,1.54,2.40,-0.15,0.03,-0.10,2.64,0.00,13.07,0.27,-0.06,0.09
215.89,-73.14,10.78,2.50,2.18,0.08,-0.18,-0.03,1.76,0.77,10.87,0.14,0.43,-0.03
215.91,-73.99,8.28,2.31,1.72,0.03,-0.05,-0.10,0.51,0.13,8.82,-0.08,0.54,-0.02
215.94,-74.18,7.73,1.43,1.58,-0.07,-0.03,-0.23,0.41,-0.17,8.36,-0.12,0.40,0.03
215.95,-74.52,7.44,1.31,1.42,-0.08,0.01,-0.22,0.44,-0.30,8.27,-0.12,0.31,0.07
215.96,-74.68,7.66,1.45,1.13,-0.11,0.06,-0.04,0.80,-0.36,8.28,-0.03,0.07,0.16
215.98,-74.49,8.52,1.71,1.14,-0.13,0.12,0.12,1.62,0.17,8.45,0.05,-0.15,0.18
215.99,-74.02,9.30,1.80,1.19,-0.13,0.13,0.09,2.13,0.33,8.82,0.04,-0.25,0.13
216.00,-73.47,9.75,1.76,1.18,-0.10,0.14,0.02,2.48,0.24,9.43,0.00,-0.30,0.06
216.02,-72.81,10.02,1.65,1.09,-0.04,0.13,-0.01,2.64,-0.13,10.30,-0.05,-0.26,-0.00
216.03,-72.54,10.02,1.55,0.97,-0.02,0.11,0.02,2.50,-0.48,10.76,-0.07,-0.17,-0.01
216.04,-72.39,9.93,1.28,0.87,0.03,0.03,0.10,2.17,-0.75,10.74,-0.07,-0.03,0.02
216.06,-72.57,9.67,1.11,0.84,0.08,-0.03,0.15,1.88,-0.85,10.12,-0.05,0.13,0.10
216.07,-72.98,9.17,1.13,0.83,0.11,-0.06,0.17,1.79,-0.84,9.37,-0.08,0.17,0.20
216.08,-73.11,9.03,1.14,0.83,0.09,-0.05,0.17,1.88,-0.87,9.06,-0.10,0.15,0.31
216.10,-73.21,8.90,1.01,0.83,0.07,-0.01,0.18,2.03,-0.78,8.93,-0.11,0.07,0.36
216.12,-72.98,9.15,0.99,0.87,0.08,0.01,0.19,2.23,-0.43,9.25,-0.07,-0.05,0.31
216.14,-72.60,9.53,1.06,0.99,0.11,-0.00,0.18,2.39,-0.33,9.76,-0.03,-0.10,0.17
216.16,-72.42,9.64,1.09,1.04,0.13,-0.01,0.17,2.35,-0.40,9.95,-0.02,-0.08,0.08
216.18,-72.25,9.71,1.09,1.09,0.15,-0.02,0.17,2.12,-0.64,10.06,-0.02,-0.04,0.04
216.20,-72.36,9.62,1.04,1.13,0.13,-0.02,0.14,1.65,-0.91,9.78,-0.03,0.06,0.05
216.22,-72.58,9.51,0.94,1.20,0.11,-0.01,0.12,1.57,-0.93,9.59,-0.05,0.09,0.09
216.24,-72.67,9.41,0.92,1.19,0.09,0.01,0.10,1.60,-0.90,9.50,-0.06,0.08,0.10
216.26,-72.73,9.40,0.93,1.18,0.05,0.01,0.08,1.73,-0.84,9.50,-0.06,0.06,0.10
216.27,-72.72,9.42,0.90,1.18,0.02,0.01,0.06,1.81,-0.82,9.54,-0.06,0.04,0.09
216.28,-72.62,9.53,0.76,1.20,0.01,-0.01,0.04,1.93,-0.90,9.72,-0.02,0.00,0.04
216.31,-72.57,9.55,0.78,1.11,-0.00,-0.01,0.03,1.92,-0.96,9.75,-0.00,-0.01,0.01
216.32,-72.55,9.50,0.79,1.06,-0.03,-0.01,0.02,1.91,-1.03,9.67,0.02,-0.01,-0.00
216.35,-72.55,9.48,0.78,1.03,-0.05,-0.02,0.02,1.93,-1.04,9.63,0.02,-0.00,-0.00
216.36,-72.55,9.44,0.77,0.98,-0.07,-0.02,0.01,1.96,-1.01,9.55,0.01,0.00,0.02
216.37,-72.61,9.40,0.81,0.90,-0.07,-0.02,0.00,1.99,-0.95,9.51,-0.01,0.01,0.04
216.39,-72.64,9.39,0.87,0.88,-0.06,-0.02,0.00,2.03,-0.83,9.49,-0.03,0.02,0.06
216.40,-72.62,9.40,0.90,0.88,-0.05,-0.02,0.00,2.05,-0.72,9.51,-0.04,0.01,0.05
216.41,-72.61,9.40,0.95,0.90,-0.05,-0.02,0.01,2.03,-0.63,9.56,-0.03,0.01,0.05
216.43,-72.62,9.41,1.00,0.94,-0.04,-0.02,0.01,2.02,-0.57,9.60,-0.02,-0.00,0.03
216.44,-72.63,9.42,1.03,1.00,-0.03,-0.03,0.02,1.96,-0.53,9.65,-0.01,-0.01,0.03
216.46,-72.63,9.45,1.03,1.05,-0.02,-0.04,0.02,1.89,-0.53,9.67,0.01,-0.01,0.02
216.47,-72.65,9.49,1.03,1.11,-0.01,-0.04,0.01,1.79,-0.57,9.65,0.02,-0.02,0.02
216.49,-72.67,9.50,1.03,1.15,-0.00,-0.03,-0.00,1.73,-0.62,9.64,0.01,-0.01,0.01
216.51,-72.70,9.49,1.03,1.19,-0.00,-0.03,-0.01,1.67,-0.67,9.63,0.01,-0.01,0.01
216.52,-72.72,9.47,1.03,1.21,-0.00,-0.02,-0.02,1.64,-0.70,9.63,0.00,-0.01,0.01
216.53,-72.77,9.42,0.99,1.22,-0.02,-0.01,-0.02,1.65,-0.76,9.68,-0.01,0.00,0.02
216.56,-72.79,9.42,0.96,1.20,-0.04,-0.01,-0.02,1.71,-0.79,9.66,-0.01,0.00,0.02
216.59,-72.78,9.41,0.93,1.14,-0.05,-0.01,-0.02,1.75,-0.80,9.64,-0.00,-0.01,0.02
216.60,-72.77,9.40,0.93,1.11,-0.05,-0.01,-0.01,1.81,-0.81,9.62,0.00,-0.01,0.02
216.62,-72.72,9.37,0.92,1.01,-0.07,-0.01,0.01,1.90,-0.84,9.55,0.00,-0.02,0.02
216.64,-72.68,9.39,0.89,1.00,-0.08,-0.01,0.01,1.93,-0.85,9.55,-0.00,-0.03,0.03
216.66,-72.65,9.42,0.89,0.97,-0.08,-0.02,-0.00,1.97,-0.85,9.56,-0.00,-0.03,0.04
216.67,-72.62,9.44,0.89,0.93,-0.08,-0.02,-0.01,1.99,-0.81,9.58,-0.01,-0.03,0.04
216.68,-72.60,9.45,0.91,0.93,-0.08,-0.03,-0.01,2.02,-0.76,9.59,-0.01,-0.02,0.04
216.70,-72.58,9.45,0.93,0.95,-0.07,-0.03,-0.01,2.03,-0.72,9.60,-0.01,-0.02,0.02
216.72,-72.55,9.43,0.94,0.99,-0.06,-0.03,-0.01,2.03,-0.69,9.62,0.00,-0.02,0.01
216.74,-72.53,9.42,0.94,1.00,-0.06,-0.03,-0.01,2.01,-0.68,9.62,0.00,-0.02,0.00
216.75,-72.52,9.41,0.95,1.02,-0.05,-0.03,-0.01,1.96,-0.68,9.61,0.00,-0.02,-0.00
216.76,-72.51,9.42,0.97,1.04,-0.05,-0.03,-0.02,1.93,-0.70,9.61,0.00,-0.02,-0.01
216.77,-72.50,9.44,0.97,1.05,-0.05,-0.03,-0.02,1.91,-0.72,9.62,0.00,-0.02,-0.01
216.78,-72.50,9.48,0.96,1.06,-0.05,-0.03,-0.02,1.89,-0.74,9.63,0.00,-0.02,-0.01
216.79,-72.51,9.51,0.94,1.08,-0.05,-0.03,-0.03,1.88,-0.77,9.64,0.00,-0.01,-0.00
216.80,-72.51,9.52,0.93,1.07,-0.05,-0.02,-0.03,1.88,-0.77,9.63,0.00,-0.01,-0.00
216.81,-72.52,9.49,0.93,1.03,-0.04,-0.02,-0.04,1.91,-0.78,9.62,0.00,-0.00,0.01
216.84,-72.52,9.47,0.93,1.01,-0.04,-0.02,-0.04,1.94,-0.77,9.61,0.00,-0.00,0.01
216.85,-72.53,9.42,0.94,0.99,-0.04,-0.02,-0.04,1.97,-0.77,9.60,0.00,0.00,0.01
216.87,-72.53,9.42,0.95,0.99,-0.04,-0.02,-0.04,1.98,-0.78,9.60,0.01,0.00,0.01
216.88,-72.53,9.42,0.95,0.99,-0.04,-0.03,-0.04,1.98,-0.78,9.61,0.01,-0.00,0.01
216.89,-72.53,9.42,0.95,0.97,-0.05,-0.03,-0.04,1.99,-0.78,9.59,0.01,-0.00,0.01
216.91,-72.54,9.41,0.96,0.95,-0.05,-0.03,-0.04,1.98,-0.78,9.58,0.02,-0.01,0.01
216.92,-72.55,9.40,0.97,0.95,-0.05,-0.03,-0.03,1.96,-0.78,9.59,0.02,-0.01,0.01
216.93,-72.56,9.40,1.00,0.94,-0.04,-0.03,-0.03,1.95,-0.76,9.59,0.01,-0.01,0.01
216.94,-72.59,9.39,1.02,0.95,-0.04,-0.03,-0.02,1.93,-0.76,9.59,0.01,-0.00,0.02
216.95,-72.61,9.38,1.03,0.97,-0.04,-0.03,-0.01,1.91,-0.75,9.59,0.01,-0.00,0.02
216.96,-72.62,9.40,1.03,0.99,-0.05,-0.03,-0.01,1.91,-0.74,9.59,0.01,-0.00,0.02
216.98,-72.64,9.41,1.04,1.01,-0.05,-0.03,-0.01,1.90,-0.73,9.58,0.01,-0.00,0.02
216.99,-72.65,9.43,1.07,1.03,-0.05,-0.03,-0.01,1.89,-0.69,9.60,0.01,-0.00,0.02
217.01,-72.66,9.44,1.08,1.03,-0.05,-0.03,-0.01,1.89,-0.67,9.60,0.00,-0.01,0.02
217.02,-72.66,9.44,1.09,1.03,-0.05,-0.03,-0.01,1.87,-0.65,9.60,0.00,-0.01,0.02
217.03,-72.68,9.42,1.09,1.01,-0.05,-0.02,-0.01,1.88,-0.65,9.60,0.00,-0.01,0.02
217.05,-72.69,9.40,1.09,1.00,-0.05,-0.02,-0.00,1.88,-0.65,9.60,-0.00,-0.01,0.02
217.06,-72.69,9.38,1.09,1.01,-0.04,-0.02,0.00,1.88,-0.66,9.60,-0.01,-0.01,0.01
217.07,-72.70,9.37,1.08,1.01,-0.04,-0.01,0.01,1.88,-0.68,9.61,-0.01,-0.00,0.01
217.10,-72.70,9.38,1.07,1.02,-0.04,-0.01,0.03,1.88,-0.69,9.59,-0.02,-0.00,0.01
217.11,-72.70,9.40,1.03,1.03,-0.04,-0.00,0.04,1.87,-0.71,9.60,-0.02,-0.00,0.02
217.13,-72.69,9.41,1.00,1.03,-0.04,0.00,0.05,1.87,-0.72,9.59,-0.02,-0.01,0.02
217.14,-72.67,9.41,0.94,1.06,-0.03,0.00,0.05,1.89,-0.75,9.60,-0.02,-0.01,0.03
217.15,-72.63,9.43,0.91,1.05,-0.01,0.01,0.05,1.91,-0.77,9.61,-0.02,-0.01,0.03
217.16,-72.58,9.49,0.91,1.00,-0.03,-0.00,0.00,1.98,-0.82,9.62,-0.01,-0.01,0.04
217.20,-72.53,9.45,0.90,0.98,-0.04,-0.01,-0.01,2.06,-0.86,9.62,-0.01,0.00,0.03
217.22,-72.50,9.43,0.93,0.96,-0.04,-0.02,-0.00,2.07,-0.84,9.60,-0.00,0.00,0.02
217.23,-72.49,9.42,0.90,0.95,-0.04,-0.03,-0.00,2.04,-0.81,9.58,0.00,0.00,0.02
217.25,-72.49,9.45,0.85,0.99,-0.04,-0.04,-0.01,1.98,-0.82,9.60,0.01,0.00,0.01
217.26,-72.51,9.46,0.87,0.98,-0.04,-0.04,-0.02,1.95,-0.83,9.60,0.01,-0.00,0.01
217.28,-72.53,9.46,0.91,0.97,-0.04,-0.04,-0.01,1.94,-0.83,9.61,0.01,-0.00,0.01
217.29,-72.57,9.41,0.98,0.96,-0.05,-0.02,-0.00,1.92,-0.82,9.61,0.02,-0.01,0.01
217.31,-72.59,9.38,1.00,0.98,-0.05,-0.02,0.00,1.90,-0.79,9.60,0.01,-0.00,0.02
217.32,-72.61,9.37,1.01,0.99,-0.05,-0.02,0.01,1.90,-0.76,9.60,0.01,-0.00,0.03
217.33,-72.62,9.39,1.02,1.01,-0.05,-0.02,0.01,1.89,-0.74,9.60,0.00,0.00,0.03
217.35,-72.63,9.42,1.02,1.02,-0.05,-0.02,0.01,1.89,-0.73,9.60,-0.00,0.00,0.04
217.36,-72.63,9.46,1.02,1.03,-0.05,-0.02,0.00,1.91,-0.71,9.61,-0.00,0.01,0.03
217.37,-72.64,9.49,1.00,1.03,-0.05,-0.02,-0.00,1.93,-0.70,9.61,-0.00,0.00,0.03
217.39,-72.62,9.43,0.99,1.02,-0.04,-0.02,-0.01,1.96,-0.70,9.60,0.01,-0.00,0.01
217.42,-72.61,9.41,1.00,1.01,-0.04,-0.02,-0.00,1.96,-0.70,9.59,0.01,-0.00,0.00
217.43,-72.59,9.40,1.00,1.01,-0.04,-0.02,-0.01,1.95,-0.71,9.59,0.01,-0.00,-0.00
217.44,-72.59,9.40,1.00,1.00,-0.04,-0.02,-0.01,1.94,-0.75,9.58,0.01,-0.00,-0.00
217.46,-72.59,9.41,0.99,0.99,-0.04,-0.02,-0.01,1.92,-0.77,9.59,0.00,-0.00,-0.00
217.46,-72.60,9.42,0.98,0.99,-0.04,-0.02,-0.00,1.91,-0.78,9.58,-0.00,0.00,0.00
217.48,-72.61,9.42,0.96,1.00,-0.04,-0.01,-0.00,1.90,-0.79,9.59,-0.00,0.00,0.01
217.50,-72.62,9.43,0.96,1.01,-0.04,-0.01,0.01,1.91,-0.79,9.59,-0.01,0.00,0.02
217.51,-72.63,9.43,0.95,1.00,-0.04,-0.01,0.01,1.93,-0.78,9.60,-0.01,0.00,0.03
217.53,-72.63,9.43,0.95,0.99,-0.04,-0.01,0.01,1.94,-0.78,9.61,-0.01,0.00,0.03
217.54,-72.63,9.43,0.95,0.99,-0.04,-0.01,0.01,1.95,-0.77,9.61,-0.00,0.00,0.03
217.55,-72.63,9.44,0.94,0.99,-0.04,-0.01,0.01,1.96,-0.77,9.60,-0.00,0.00,0.03
217.55,-72.63,9.44,0.93,0.99,-0.04,-0.01,0.00,1.96,-0.77,9.60,-0.00,0.00,0.03
217.57,-72.62,9.44,0.93,1.00,-0.04,-0.02,0.00,1.96,-0.78,9.61,0.00,0.00,0.02
217.59,-72.61,9.44,0.94,1.00,-0.05,-0.02,0.00,1.97,-0.79,9.62,0.00,-0.00,0.02
217.60,-72.60,9.45,0.94,0.99,-0.05,-0.02,-0.00,1.96,-0.78,9.61,0.00,0.00,0.02
217.61,-72.60,9.44,0.95,0.99,-0.05,-0.02,-0.00,1.94,-0.78,9.61,0.00,0.00,0.01
217.62,-72.61,9.43,0.95,1.01,-0.05,-0.02,-0.00,1.93,-0.77,9.61,0.00,0.00,0.01
217.66,-72.62,9.43,0.96,1.01,-0.05,-0.01,-0.00,1.91,-0.76,9.60,0.00,0.01,0.01
217.68,-72.62,9.43,0.97,1.01,-0.05,-0.01,-0.00,1.90,-0.76,9.58,0.00,0.00,0.01
217.69,-72.63,9.43,0.96,1.01,-0.05,-0.01,-0.00,1.90,-0.77,9.58,0.00,0.00,0.01
217.70,-72.63,9.42,0.96,1.01,-0.05,-0.01,-0.00,1.92,-0.77,9.58,0.00,0.00,0.02
217.71,-72.63,9.42,0.97,1.00,-0.05,-0.01,-0.00,1.92,-0.77,9.59,0.00,0.00,0.02
217.73,-72.64,9.42,0.98,1.00,-0.05,-0.01,-0.00,1.92,-0.76,9.60,0.00,0.00,0.02
217.75,-72.64,9.42,0.97,0.99,-0.05,-0.01,0.00,1.93,-0.75,9.60,0.00,0.00,0.02
217.76,-72.64,9.43,0.97,0.99,-0.04,-0.01,0.00,1.94,-0.75,9.58,0.00,0.00,0.02
217.78,-72.64,9.44,0.96,1.00,-0.04,-0.01,0.00,1.94,-0.75,9.58,-0.00,0.00,0.02
217.80,-72.63,9.43,0.96,0.99,-0.04,-0.01,0.00,1.93,-0.75,9.58,0.00,0.00,0.02
217.81,-72.63,9.43,0.97,1.00,-0.04,-0.01,0.00,1.93,-0.75,9.58,0.00,0.00,0.02
217.82,-72.63,9.42,0.97,1.00,-0.04,-0.01,-0.00,1.93,-0.75,9.59,0.00,0.00,0.02
217.85,-72.63,9.41,0.97,1.01,-0.04,-0.01,0.00,1.92,-0.75,9.59,0.00,0.00,0.02
217.87,-72.63,9.41,0.97,1.01,-0.04,-0.01,0.00,1.91,-0.75,9.60,0.00,0.00,0.01
217.89,-72.63,9.42,0.97,1.00,-0.04,-0.01,0.01,1.91,-0.76,9.60,-0.00,0.00,0.02
217.91,-72.64,9.43,0.96,1.00,-0.04,-0.01,0.01,1.93,-0.76,9.60,-0.00,0.00,0.02
217.93,-72.64,9.42,0.96,1.01,-0.04,-0.01,0.01,1.92,-0.76,9.60,-0.00,0.00,0.02
217.93,-72.63,9.42,0.96,1.02,-0.04,-0.01,0.01,1.92,-0.76,9.59,-0.00,0.00,0.02
217.95,-72.63,9.42,0.95,1.01,-0.04,-0.01,0.00,1.92,-0.76,9.60,-0.00,0.00,0.02
217.97,-72.63,9.42,0.95,1.01,-0.04,-0.01,0.00,1.92,-0.77,9.60,-0.00,0.00,0.02
217.98,-72.63,9.43,0.94,1.02,-0.04,-0.01,0.00,1.92,-0.77,9.61,-0.00,0.00,0.02
218.00,-72.63,9.43,0.93,1.01,-0.04,-0.01,0.00,1.92,-0.79,9.61,-0.00,0.00,0.02
218.03,-72.63,9.44,0.92,1.02,-0.04,-0.01,-0.00,1.91,-0.80,9.61,-0.00,0.00,0.01
218.04,-72.63,9.44,0.91,1.02,-0.04,-0.01,-0.00,1.91,-0.80,9.62,0.00,0.00,0.01
218.06,-72.62,9.44,0.91,1.02,-0.05,-0.01,-0.01,1.92,-0.80,9.62,0.00,-0.00,0.01
218.09,-72.61,9.44,0.92,1.00,-0.05,-0.01,-0.01,1.92,-0.80,9.61,0.00,0.00,0.01
218.10,-72.61,9.44,0.92,1.01,-0.05,-0.01,-0.01,1.93,-0.79,9.60,0.00,0.00,0.01
218.11,-72.60,9.44,0.93,1.01,-0.05,-0.02,-0.01,1.93,-0.79,9.60,0.00,-0.00,0.01
218.12,-72.60,9.45,0.93,1.01,-0.05,-0.02,-0.02,1.94,-0.79,9.60,0.00,-0.00,0.01
218.14,-72.59,9.44,0.93,1.01,-0.05,-0.02,-0.02,1.94,-0.79,9.60,0.00,-0.00,0.01
218.16,-72.58,9.43,0.94,1.01,-0.05,-0.02,-0.02,1.95,-0.79,9.60,0.00,-0.00,0.02
218.18,-72.58,9.42,0.95,1.01,-0.05,-0.02,-0.02,1.96,-0.78,9.60,0.01,-0.00,0.01
218.19,-72.57,9.41,0.97,1.02,-0.05,-0.02,-0.01,1.94,-0.77,9.59,0.01,-0.00,0.01
218.21,-72.57,9.41,0.99,1.03,-0.05,-0.02,-0.01,1.93,-0.75,9.60,0.01,-0.00,0.01
218.23,-72.56,9.41,1.00,1.04,-0.05,-0.02,-0.01,1.91,-0.73,9.58,0.01,-0.00,0.01
218.24,-72.56,9.41,1.00,1.04,-0.05,-0.02,-0.01,1.91,-0.73,9.57,0.00,-0.00,0.01
218.25,-72.55,9.42,1.00,1.04,-0.05,-0.02,-0.00,1.89,-0.73,9.58,-0.00,-0.01,0.01
218.27,-72.54,9.42,1.01,1.05,-0.05,-0.01,-0.00,1.89,-0.74,9.58,-0.01,-0.01,0.02
218.28,-72.52,9.42,1.01,1.06,-0.05,-0.01,-0.00,1.89,-0.75,9.58,-0.01,-0.01,0.03
218.29,-72.50,9.42,0.95,1.03,-0.05,-0.01,-0.00,1.88,-0.76,9.58,-0.01,-0.02,0.05
218.33,-72.50,9.42,0.93,1.01,-0.05,-0.01,-0.00,1.88,-0.78,9.60,-0.02,-0.02,0.05
218.35,-72.50,9.44,0.93,1.00,-0.05,-0.01,-0.00,1.92,-0.80,9.62,-0.02,-0.02,0.05
218.36,-72.48,9.45,0.93,0.99,-0.05,-0.01,-0.00,1.97,-0.80,9.62,-0.01,-0.01,0.05
218.39,-72.47,9.45,0.92,0.98,-0.05,-0.01,-0.00,2.00,-0.80,9.60,-0.01,-0.01,0.04
218.40,-72.44,9.44,0.92,0.99,-0.05,-0.01,-0.01,2.01,-0.80,9.59,-0.00,-0.01,0.02
218.42,-72.41,9.44,0.92,1.00,-0.05,-0.01,-0.01,1.99,-0.80,9.60,0.00,-0.00,0.01
218.43,-72.40,9.45,0.92,1.01,-0.05,-0.02,-0.02,1.96,-0.82,9.60,0.01,-0.00,-0.00
218.45,-72.41,9.45,0.92,1.02,-0.05,-0.02,-0.02,1.93,-0.84,9.60,0.01,-0.00,-0.01
218.47,-72.41,9.45,0.93,1.03,-0.05,-0.02,-0.01,1.93,-0.85,9.60,0.01,-0.00,-0.00
218.48,-72.41,9.44,0.93,1.03,-0.05,-0.02,-0.01,1.94,-0.84,9.59,0.01,0.00,-0.00
218.50,-72.41,9.42,0.95,1.03,-0.05,-0.02,-0.02,1.93,-0.84,9.59,0.01,0.00,-0.00
218.51,-72.41,9.42,0.95,1.04,-0.05,-0.02,-0.02,1.92,-0.82,9.59,0.01,0.00,0.00
218.53,-72.41,9.42,0.97,1.04,-0.05,-0.02,-0.02,1.92,-0.81,9.60,0.01,0.00,0.00
218.54,-72.42,9.44,0.98,1.03,-0.05,-0.02,-0.01,1.92,-0.79,9.60,0.01,0.00,0.01
218.56,-72.43,9.43,1.01,1.03,-0.05,-0.02,-0.01,1.93,-0.75,9.58,0.01,0.00,0.00
218.58,-72.43,9.42,1.02,1.02,-0.05,-0.02,-0.01,1.93,-0.72,9.59,0.01,0.00,-0.00
218.60,-72.43,9.41,1.02,1.04,-0.05,-0.02,-0.01,1.94,-0.71,9.59,0.01,0.00,-0.01
218.63,-72.43,9.42,1.02,1.02,-0.05,-0.02,-0.01,1.94,-0.72,9.60,0.01,0.00,-0.01
218.64,-72.43,9.42,1.02,1.02,-0.05,-0.02,-0.01,1.94,-0.73,9.60,0.00,0.00,-0.01
218.65,-72.43,9.42,1.01,1.02,-0.05,-0.02,-0.01,1.95,-0.73,9.59,0.00,0.00,-0.01
218.66,-72.43,9.42,1.00,1.01,-0.05,-0.02,-0.01,1.95,-0.74,9.59,0.00,0.00,-0.01
218.68,-72.43,9.42,0.99,1.00,-0.05,-0.02,-0.01,1.95,-0.76,9.59,0.00,0.00,-0.01
218.69,-72.44,9.42,0.98,1.00,-0.05,-0.01,-0.00,1.94,-0.76,9.58,0.00,0.00,-0.00
218.70,-72.44,9.42,0.98,1.01,-0.04,-0.01,-0.00,1.94,-0.77,9.59,-0.00,0.00,-0.00
218.71,-72.44,9.42,0.97,1.01,-0.04,-0.02,-0.00,1.95,-0.78,9.60,-0.00,0.00,0.00
218.72,-72.45,9.42,0.97,1.00,-0.04,-0.02,-0.00,1.93,-0.79,9.60,-0.00,0.00,0.01
218.75,-72.46,9.43,0.96,1.02,-0.04,-0.02,0.00,1.94,-0.80,9.61,-0.00,0.00,0.01
218.76,-72.46,9.43,0.95,1.02,-0.04,-0.02,0.00,1.93,-0.80,9.61,-0.00,0.00,0.02
218.79,-72.47,9.43,0.96,1.03,-0.04,-0.02,0.00,1.93,-0.80,9.61,0.00,0.00,0.02
218.81,-72.47,9.44,0.95,1.02,-0.04,-0.02,-0.00,1.93,-0.80,9.61,0.00,-0.00,0.01
218.84,-72.48,9.44,0.95,1.03,-0.04,-0.02,-0.01,1.92,-0.79,9.61,0.00,0.00,0.01
218.85,-72.48,9.44,0.94,1.02,-0.04,-0.02,-0.01,1.92,-0.79,9.61,0.00,0.00,0.01
218.87,-72.48,9.44,0.96,1.03,-0.05,-0.02,-0.01,1.93,-0.79,9.61,0.00,-0.00,0.01
218.89,-72.48,9.43,0.96,1.03,-0.05,-0.02,-0.01,1.93,-0.78,9.60,0.00,-0.00,0.01
218.90,-72.48,9.43,0.97,1.02,-0.05,-0.02,-0.01,1.93,-0.78,9.60,0.00,0.00,0.01
218.92,-72.47,9.43,0.98,1.03,-0.05,-0.02,-0.01,1.94,-0.78,9.60,0.00,-0.00,0.01
218.93,-72.47,9.42,0.98,1.03,-0.05,-0.02,-0.01,1.95,-0.78,9.60,0.00,-0.00,0.01
218.94,-72.46,9.41,0.98,1.02,-0.05,-0.02,-0.01,1.95,-0.77,9.60,0.00,-0.00,0.01
218.95,-72.46,9.42,0.98,1.02,-0.05,-0.02,-0.01,1.95,-0.77,9.61,0.00,-0.00,0.02
218.97,-72.46,9.42,0.98,1.01,-0.05,-0.02,-0.01,1.95,-0.77,9.60,0.00,-0.00,0.02
218.98,-72.4