=~=~=~=~=~=~=~=~=~=~=~= PuTTY log 2024.07.01 19:44:07 =~=~=~=~=~=~=~=~=~=~=~=
282.05,-80.59,9.26,2.05,-0.59,-0.05,-0.01,-0.00,2.22,-0.60,9.55,0.00,-0.00,0.01
282.06,-80.59,9.26,2.05,-0.59,-0.05,-0.01,-0.00,2.22,-0.60,9.55,0.00,-0.00,0.01
282.08,-80.58,9.26,2.05,-0.59,-0.05,-0.01,-0.00,2.23,-0.60,9.55,0.00,0.00,0.01
282.10,-80.57,9.26,2.04,-0.58,-0.05,-0.01,-0.00,2.23,-0.60,9.56,0.00,0.00,0.01
282.12,-80.57,9.26,2.04,-0.58,-0.05,-0.01,-0.00,2.22,-0.61,9.56,0.00,-0.00,0.01
282.14,-80.57,9.26,2.05,-0.58,-0.05,-0.01,-0.00,2.23,-0.61,9.55,0.00,-0.00,0.01
282.16,-80.56,9.26,2.05,-0.58,-0.05,-0.01,-0.01,2.23,-0.62,9.55,0.00,-0.00,0.01
282.17,-80.56,9.26,2.05,-0.60,-0.05,-0.01,-0.01,2.23,-0.61,9.55,0.00,-0.00,0.02
282.18,-80.56,9.25,2.06,-0.60,-0.05,-0.02,-0.01,2.22,-0.60,9.55,0.00,-0.00,0.02
282.19,-80.56,9.25,2.07,-0.61,-0.05,-0.02,-0.01,2.23,-0.59,9.55,0.00,-0.00,0.02
282.21,-80.57,9.25,2.07,-0.60,-0.05,-0.02,-0.01,2.23,-0.59,9.56,0.00,0.00,0.02
282.22,-80.57,9.25,2.07,-0.60,-0.05,-0.02,-0.00,2.23,-0.59,9.56,0.00,0.00,0.02
282.23,-80.58,9.25,2.07,-0.60,-0.05,-0.02,-0.00,2.23,-0.59,9.54,0.00,0.00,0.02
282.25,-80.58,9.26,2.07,-0.60,-0.05,-0.02,-0.00,2.23,-0.59,9.54,0.00,0.00,0.02
282.27,-80.58,9.26,2.07,-0.58,-0.05,-0.02,-0.00,2.22,-0.60,9.55,0.00,0.00,0.01
282.28,-80.58,9.26,2.06,-0.58,-0.05,-0.02,-0.00,2.22,-0.60,9.55,0.00,0.00,0.01
282.29,-80.58,9.26,2.06,-0.59,-0.04,-0.02,-0.00,2.21,-0.61,9.54,0.00,0.00,0.01
282.31,-80.59,9.26,2.06,-0.60,-0.04,-0.02,-0.00,2.20,-0.61,9.54,0.00,0.00,0.01
282.32,-80.60,9.26,2.06,-0.58,-0.04,-0.02,-0.00,2.20,-0.61,9.55,0.00,0.00,0.01
282.33,-80.60,9.25,2.06,-0.59,-0.05,-0.02,-0.00,2.20,-0.61,9.55,0.00,0.00,0.01
282.34,-80.61,9.25,2.05,-0.58,-0.05,-0.02,-0.00,2.19,-0.62,9.56,0.00,0.00,0.01
282.36,-80.61,9.26,2.06,-0.56,-0.05,-0.02,-0.00,2.19,-0.62,9.55,0.00,-0.00,0.01
282.39,-80.61,9.26,2.06,-0.57,-0.05,-0.02,-0.00,2.20,-0.60,9.55,0.00,-0.00,0.02
282.40,-80.61,9.26,2.06,-0.57,-0.05,-0.01,-0.00,2.21,-0.60,9.54,0.00,-0.00,0.02
282.42,-80.61,9.25,2.06,-0.58,-0.05,-0.01,-0.00,2.21,-0.60,9.53,0.00,-0.00,0.02
282.45,-80.60,9.25,2.06,-0.59,-0.05,-0.01,-0.00,2.22,-0.58,9.53,0.00,-0.00,0.02
282.46,-80.60,9.25,2.06,-0.59,-0.05,-0.01,-0.00,2.23,-0.59,9.55,0.00,-0.00,0.01
282.47,-80.59,9.25,2.07,-0.59,-0.05,-0.02,-0.00,2.23,-0.59,9.55,0.00,-0.00,0.01
282.48,-80.59,9.25,2.07,-0.60,-0.05,-0.01,-0.00,2.24,-0.59,9.55,0.00,-0.00,0.01
282.50,-80.58,9.25,2.06,-0.60,-0.05,-0.01,-0.00,2.24,-0.60,9.55,0.00,-0.00,0.01
282.51,-80.58,9.25,2.06,-0.59,-0.05,-0.01,-0.00,2.22,-0.60,9.56,0.00,-0.00,0.01
282.54,-80.59,9.25,2.05,-0.59,-0.05,-0.01,-0.00,2.21,-0.62,9.55,0.00,-0.00,0.01
282.55,-80.59,9.26,2.05,-0.58,-0.05,-0.01,-0.00,2.21,-0.62,9.55,0.00,0.00,0.02
282.56,-80.59,9.26,2.06,-0.59,-0.05,-0.02,-0.00,2.22,-0.61,9.55,0.01,0.00,0.02
282.58,-80.59,9.26,2.05,-0.59,-0.05,-0.02,-0.00,2.22,-0.61,9.53,0.00,0.00,0.02
282.60,-80.59,9.26,2.06,-0.60,-0.05,-0.02,-0.00,2.22,-0.61,9.53,0.00,0.00,0.02
282.62,-80.60,9.26,2.05,-0.59,-0.05,-0.02,-0.00,2.22,-0.60,9.54,0.00,0.00,0.02
282.63,-80.60,9.26,2.06,-0.59,-0.05,-0.02,-0.00,2.20,-0.61,9.54,0.00,0.00,0.02
282.64,-80.61,9.26,2.05,-0.59,-0.05,-0.02,-0.00,2.20,-0.61,9.55,0.00,0.00,0.01
282.66,-80.62,9.25,2.06,-0.59,-0.05,-0.02,-0.00,2.19,-0.62,9.55,-0.00,0.00,0.01
282.68,-80.63,9.25,2.06,-0.59,-0.05,-0.02,-0.00,2.20,-0.61,9.54,0.00,0.00,0.01
282.69,-80.63,9.25,2.06,-0.58,-0.05,-0.02,-0.00,2.20,-0.60,9.55,0.00,-0.00,0.01
282.70,-80.63,9.25,2.08,-0.58,-0.05,-0.02,-0.00,2.21,-0.60,9.55,0.00,-0.00,0.02
282.73,-80.62,9.26,2.07,-0.58,-0.05,-0.01,-0.00,2.21,-0.60,9.54,0.00,-0.00,0.01
282.75,-80.62,9.26,2.06,-0.58,-0.05,-0.01,-0.00,2.21,-0.60,9.54,0.00,-0.00,0.01
282.77,-80.62,9.26,2.06,-0.59,-0.05,-0.01,-0.00,2.21,-0.60,9.54,0.00,-0.00,0.01
282.78,-80.62,9.27,2.06,-0.59,-0.05,-0.01,-0.00,2.22,-0.60,9.54,0.00,-0.00,0.01
282.80,-80.61,9.27,2.06,-0.59,-0.05,-0.01,-0.00,2.22,-0.61,9.55,0.00,-0.00,0.01
282.81,-80.61,9.26,2.06,-0.59,-0.05,-0.01,-0.00,2.23,-0.61,9.55,0.00,-0.00,0.01
282.82,-80.60,9.26,2.06,-0.59,-0.05,-0.01,-0.00,2.23,-0.61,9.54,0.00,-0.00,0.01
282.83,-80.60,9.25,2.05,-0.59,-0.05,-0.01,-0.00,2.23,-0.62,9.54,0.00,-0.00,0.01
282.88,-80.60,9.26,2.06,-0.60,-0.05,-0.01,-0.00,2.23,-0.60,9.55,0.00,-0.00,0.01
282.90,-80.60,9.26,2.06,-0.60,-0.05,-0.01,-0.00,2.23,-0.60,9.54,0.00,0.00,0.01
282.92,-80.60,9.26,2.06,-0.60,-0.05,-0.01,-0.00,2.23,-0.60,9.55,0.00,0.00,0.02
282.93,-80.60,9.25,2.06,-0.59,-0.05,-0.02,-0.00,2.22,-0.60,9.56,0.00,0.00,0.02
282.94,-80.60,9.25,2.06,-0.60,-0.05,-0.02,-0.00,2.22,-0.60,9.56,0.00,0.00,0.02
282.95,-80.60,9.25,2.06,-0.59,-0.05,-0.02,-0.00,2.22,-0.59,9.54,0.00,0.00,0.01
282.96,-80.60,9.26,2.06,-0.59,-0.05,-0.02,-0.00,2.22,-0.59,9.54,0.00,0.00,0.02
282.98,-80.60,9.25,2.07,-0.58,-0.05,-0.02,-0.00,2.22,-0.60,9.56,-0.00,0.00,0.02
282.99,-80.60,9.26,2.06,-0.57,-0.05,-0.02,-0.00,2.21,-0.60,9.56,0.00,0.00,0.02
283.00,-80.60,9.27,2.06,-0.58,-0.05,-0.02,-0.00,2.21,-0.60,9.56,0.00,0.00,0.01
283.02,-80.60,9.27,2.05,-0.58,-0.05,-0.02,-0.00,2.21,-0.60,9.56,0.00,0.00,0.01
283.03,-80.60,9.26,2.05,-0.58,-0.05,-0.02,-0.00,2.21,-0.61,9.55,0.00,0.00,0.01
283.04,-80.60,9.26,2.05,-0.58,-0.05,-0.02,-0.00,2.21,-0.61,9.55,0.00,0.00,0.02
283.06,-80.60,9.25,2.04,-0.57,-0.05,-0.02,-0.00,2.21,-0.60,9.54,0.00,0.00,0.02
283.07,-80.60,9.26,2.05,-0.56,-0.05,-0.02,-0.00,2.20,-0.61,9.55,0.00,0.00,0.01
283.08,-80.59,9.26,2.05,-0.56,-0.05,-0.02,-0.00,2.20,-0.61,9.55,0.00,0.00,0.02
283.10,-80.59,9.26,2.05,-0.57,-0.05,-0.02,-0.00,2.19,-0.60,9.55,0.00,-0.00,0.02
283.11,-80.59,9.26,2.06,-0.57,-0.05,-0.02,-0.00,2.19,-0.61,9.56,0.00,0.00,0.02
283.13,-80.59,9.25,2.07,-0.58,-0.05,-0.02,-0.00,2.20,-0.60,9.56,0.00,0.00,0.02
283.15,-80.60,9.25,2.06,-0.57,-0.05,-0.01,-0.00,2.21,-0.59,9.55,0.00,-0.00,0.02
283.16,-80.59,9.25,2.06,-0.57,-0.05,-0.01,-0.00,2.22,-0.58,9.56,0.00,-0.00,0.01
283.18,-80.58,9.25,2.06,-0.57,-0.05,-0.01,-0.00,2.21,-0.59,9.55,0.00,-0.00,0.02
283.19,-80.57,9.26,2.06,-0.57,-0.05,-0.01,-0.00,2.23,-0.58,9.55,0.00,-0.00,0.01
283.21,-80.56,9.26,2.06,-0.57,-0.05,-0.01,-0.00,2.23,-0.59,9.55,0.00,-0.00,0.01
283.22,-80.55,9.26,2.05,-0.58,-0.05,-0.02,-0.00,2.24,-0.59,9.55,0.00,-0.00,0.01
283.24,-80.55,9.25,2.05,-0.59,-0.05,-0.02,-0.00,2.21,-0.62,9.53,0.00,0.00,0.01
283.29,-80.55,9.26,2.05,-0.58,-0.05,-0.02,-0.00,2.23,-0.63,9.54,0.00,0.00,0.01
283.30,-80.54,9.26,2.05,-0.58,-0.05,-0.02,-0.00,2.23,-0.62,9.54,0.00,0.00,0.02
283.32,-80.53,9.26,2.04,-0.58,-0.05,-0.02,-0.00,2.23,-0.61,9.53,0.00,0.00,0.01
283.34,-80.53,9.26,2.04,-0.57,-0.05,-0.02,-0.00,2.22,-0.60,9.54,0.00,0.00,0.01
283.35,-80.52,9.27,2.05,-0.56,-0.05,-0.02,-0.00,2.21,-0.61,9.56,0.00,-0.00,0.01
283.37,-80.52,9.26,2.06,-0.57,-0.05,-0.02,-0.00,2.20,-0.61,9.55,0.00,-0.00,0.01
283.39,-80.52,9.25,2.07,-0.57,-0.05,-0.02,-0.01,2.21,-0.59,9.55,0.00,-0.00,0.01
283.42,-80.52,9.25,2.07,-0.56,-0.05,-0.02,-0.01,2.20,-0.59,9.55,0.00,-0.00,0.01
283.43,-80.52,9.25,2.07,-0.56,-0.05,-0.01,-0.00,2.21,-0.60,9.55,0.00,-0.00,0.01
283.46,-80.51,9.25,2.06,-0.57,-0.05,-0.01,-0.00,2.21,-0.60,9.55,0.00,-0.00,0.01
283.47,-80.50,9.25,2.06,-0.56,-0.05,-0.01,-0.00,2.22,-0.60,9.55,0.00,-0.00,0.01
283.49,-80.50,9.25,2.06,-0.57,-0.05,-0.02,-0.00,2.21,-0.61,9.54,0.00,-0.00,0.01
283.50,-80.51,9.25,2.05,-0.59,-0.05,-0.02,-0.00,2.20,-0.61,9.55,0.00,-0.00,0.02
283.52,-80.52,9.25,2.05,-0.60,-0.05,-0.02,-0.00,2.21,-0.61,9.54,0.00,-0.00,0.02
283.53,-80.52,9.26,2.05,-0.59,-0.05,-0.02,-0.00,2.22,-0.61,9.54,0.00,-0.00,0.02
283.54,-80.52,9.26,2.06,-0.59,-0.05,-0.01,-0.00,2.23,-0.61,9.54,0.00,-0.00,0.02
283.57,-80.52,9.26,2.05,-0.57,-0.05,-0.02,-0.00,2.23,-0.60,9.54,0.00,-0.00,0.02
283.58,-80.51,9.26,2.05,-0.57,-0.05,-0.02,-0.00,2.23,-0.61,9.55,0.00,-0.00,0.01
283.59,-80.50,9.26,2.06,-0.56,-0.05,-0.02,-0.00,2.22,-0.61,9.56,0.00,-0.00,0.01
283.62,-80.49,9.27,2.06,-0.58,-0.05,-0.02,-0.00,2.22,-0.60,9.56,0.00,-0.00,0.01
283.64,-80.49,9.26,2.06,-0.58,-0.05,-0.01,-0.00,2.21,-0.59,9.55,0.00,0.00,0.01
283.65,-80.50,9.26,2.06,-0.59,-0.05,-0.02,-0.00,2.22,-0.59,9.55,0.00,0.00,0.01
283.67,-80.50,9.25,2.05,-0.59,-0.05,-0.02,-0.00,2.23,-0.60,9.55,0.00,0.00,0.01
283.68,-80.50,9.25,2.05,-0.58,-0.05,-0.02,-0.00,2.23,-0.60,9.56,0.00,-0.00,0.01
283.69,-80.50,9.25,2.06,-0.58,-0.05,-0.02,-0.00,2.22,-0.60,9.55,0.00,0.00,0.01
283.71,-80.50,9.25,2.06,-0.59,-0.05,-0.02,-0.00,2.22,-0.61,9.55,0.00,0.00,0.02
283.74,-80.52,9.26,2.05,-0.59,-0.05,-0.02,-0.00,2.22,-0.62,9.56,0.00,0.00,0.02
283.76,-80.53,9.26,2.05,-0.59,-0.05,-0.02,-0.00,2.21,-0.62,9.56,0.00,0.00,0.01
283.77,-80.54,9.25,2.06,-0.59,-0.05,-0.02,-0.01,2.22,-0.62,9.55,0.00,0.00,0.01
283.78,-80.54,9.26,2.06,-0.59,-0.05,-0.02,-0.00,2.22,-0.61,9.54,0.00,0.00,0.01
283.79,-80.54,9.25,2.06,-0.58,-0.05,-0.02,-0.00,2.21,-0.61,9.54,0.00,0.00,0.01
283.82,-80.55,9.26,2.05,-0.58,-0.05,-0.02,-0.00,2.21,-0.62,9.55,0.00,-0.00,0.01
283.84,-80.55,9.27,2.05,-0.58,-0.05,-0.02,-0.00,2.20,-0.61,9.54,0.00,-0.00,0.01
283.85,-80.57,9.26,2.07,-0.59,-0.05,-0.02,-0.01,2.19,-0.60,9.53,0.00,-0.00,0.02
283.88,-80.58,9.25,2.07,-0.60,-0.05,-0.01,-0.01,2.19,-0.59,9.52,0.00,-0.00,0.02
283.89,-80.58,9.25,2.07,-0.59,-0.05,-0.01,-0.00,2.21,-0.59,9.52,0.00,-0.00,0.02
283.90,-80.58,9.24,2.07,-0.59,-0.05,-0.01,-0.00,2.21,-0.58,9.52,0.00,-0.00,0.02
283.92,-80.58,9.24,2.07,-0.59,-0.05,-0.01,-0.00,2.23,-0.58,9.53,-0.00,-0.00,0.02
283.93,-80.58,9.25,2.08,-0.60,-0.05,-0.01,-0.00,2.23,-0.58,9.54,-0.00,-0.00,0.02
283.94,-80.58,9.25,2.07,-0.60,-0.05,-0.01,-0.00,2.24,-0.59,9.54,-0.00,-0.00,0.01
283.95,-80.58,9.25,2.07,-0.60,-0.05,-0.01,-0.00,2.24,-0.60,9.55,-0.00,-0.00,0.01
283.97,-80.58,9.25,2.06,-0.60,-0.05,-0.02,-0.00,2.24,-0.61,9.55,-0.00,-0.00,0.01
283.98,-80.58,9.26,2.05,-0.60,-0.05,-0.02,-0.00,2.22,-0.62,9.54,0.00,-0.00,0.01
283.99,-80.58,9.26,2.05,-0.60,-0.05,-0.02,-0.00,2.23,-0.63,9.55,0.00,-0.00,0.01
284.01,-80.58,9.25,2.04,-0.59,-0.05,-0.02,-0.00,2.23,-0.63,9.56,0.00,-0.00,0.01
284.02,-80.58,9.25,2.04,-0.58,-0.04,-0.02,-0.00,2.23,-0.63,9.55,0.00,-0.00,0.01
284.04,-80.58,9.25,2.04,-0.58,-0.05,-0.02,-0.00,2.22,-0.63,9.55,0.00,0.00,0.01
284.05,-80.58,9.26,2.05,-0.58,-0.05,-0.02,-0.00,2.21,-0.62,9.56,0.00,0.00,0.01
284.06,-80.59,9.26,2.05,-0.57,-0.05,-0.02,-0.00,2.21,-0.60,9.56,0.01,-0.00,0.01
284.09,-80.59,9.27,2.06,-0.59,-0.05,-0.02,-0.00,2.20,-0.60,9.55,0.01,-0.00,0.02
284.10,-80.59,9.27,2.06,-0.58,-0.05,-0.02,-0.00,2.20,-0.61,9.54,0.01,-0.00,0.02
284.11,-80.60,9.26,2.07,-0.58,-0.05,-0.02,-0.00,2.20,-0.59,9.54,0.00,0.00,0.02
284.12,-80.60,9.26,2.07,-0.58,-0.05,-0.02,-0.00,2.20,-0.60,9.54,0.00,-0.00,0.02
284.15,-80.59,9.26,2.06,-0.57,-0.05,-0.01,-0.01,2.21,-0.59,9.54,0.00,-0.00,0.02
284.17,-80.59,9.26,2.06,-0.59,-0.05,-0.01,-0.01,2.21,-0.59,9.52,0.00,-0.00,0.01
284.18,-80.59,9.25,2.07,-0.60,-0.05,-0.01,-0.01,2.21,-0.60,9.53,0.00,-0.00,0.01
284.21,-80.59,9.25,2.06,-0.59,-0.05,-0.02,-0.01,2.22,-0.60,9.54,0.00,-0.00,0.01
284.22,-80.59,9.25,2.06,-0.59,-0.05,-0.02,-0.00,2.22,-0.61,9.53,0.00,-0.00,0.01
284.23,-80.59,9.25,2.06,-0.59,-0.05,-0.02,-0.00,2.21,-0.61,9.54,0.00,-0.00,0.02
284.25,-80.60,9.25,2.06,-0.60,-0.05,-0.02,-0.00,2.21,-0.60,9.55,0.00,-0.00,0.02
284.28,-80.61,9.25,2.06,-0.60,-0.05,-0.02,-0.00,2.21,-0.60,9.56,0.00,-0.00,0.02
284.29,-80.61,9.25,2.06,-0.59,-0.05,-0.02,-0.00,2.22,-0.60,9.55,-0.00,-0.00,0.02
284.31,-80.61,9.25,2.06,-0.59,-0.05,-0.02,-0.00,2.21,-0.61,9.56,0.00,-0.00,0.02
284.32,-80.61,9.26,2.06,-0.58,-0.05,-0.02,-0.00,2.22,-0.61,9.55,0.00,-0.00,0.01
284.33,-80.61,9.25,2.07,-0.57,-0.05,-0.02,-0.00,2.21,-0.61,9.54,0.00,-0.00,0.01
284.35,-80.60,9.25,2.07,-0.59,-0.05,-0.02,-0.00,2.21,-0.60,9.54,0.00,0.00,0.01
284.37,-80.61,9.25,2.07,-0.59,-0.05,-0.02,-0.00,2.21,-0.60,9.54,0.00,0.00,0.01
284.39,-80.61,9.25,2.07,-0.58,-0.05,-0.02,-0.00,2.21,-0.60,9.54,0.00,0.00,0.01
284.40,-80.61,9.25,2.07,-0.58,-0.05,-0.02,-0.00,2.21,-0.60,9.54,0.00,0.00,0.01
284.41,-80.60,9.25,2.07,-0.58,-0.05,-0.02,-0.00,2.22,-0.59,9.54,0.00,0.00,0.01
284.44,-80.61,9.26,2.06,-0.59,-0.05,-0.02,-0.00,2.22,-0.60,9.54,0.00,0.00,0.02
284.45,-80.61,9.26,2.06,-0.59,-0.05,-0.02,-0.00,2.21,-0.60,9.54,0.00,0.00,0.02
284.46,-80.61,9.27,2.06,-0.60,-0.04,-0.02,-0.00,2.22,-0.60,9.55,0.00,0.00,0.02
284.47,-80.61,9.27,2.06,-0.59,-0.04,-0.02,-0.00,2.22,-0.60,9.55,0.00,0.00,0.02
284.48,-80.61,9.27,2.06,-0.60,-0.04,-0.02,-0.00,2.23,-0.62,9.54,0.00,0.00,0.02
284.49,-80.62,9.26,2.05,-0.60,-0.05,-0.02,-0.00,2.22,-0.62,9.55,0.00,0.00,0.01
284.50,-80.62,9.26,2.05,-0.59,-0.05,-0.02,-0.00,2.21,-0.62,9.54,0.00,0.00,0.01
284.52,-80.62,9.26,2.05,-0.58,-0.05,-0.02,-0.00,2.21,-0.62,9.54,0.00,0.00,0.01
284.53,-80.62,9.26,2.05,-0.58,-0.05,-0.02,-0.00,2.20,-0.62,9.54,0.00,0.00,0.01
284.54,-80.63,9.26,2.05,-0.58,-0.05,-0.02,-0.00,2.20,-0.62,9.54,0.00,-0.00,0.01
284.55,-80.63,9.25,2.05,-0.58,-0.05,-0.02,-0.00,2.20,-0.61,9.53,0.00,-0.00,0.01
284.57,-80.63,9.26,2.05,-0.57,-0.05,-0.02,-0.00,2.19,-0.61,9.54,0.00,-0.00,0.02
284.58,-80.63,9.27,2.06,-0.57,-0.05,-0.01,-0.01,2.18,-0.61,9.54,0.00,-0.00,0.02
284.60,-80.63,9.27,2.06,-0.57,-0.05,-0.01,-0.01,2.19,-0.61,9.55,0.00,-0.00,0.02
284.62,-80.63,9.25,2.07,-0.59,-0.05,-0.01,-0.00,2.21,-0.59,9.55,0.00,-0.00,0.02
284.64,-80.63,9.25,2.07,-0.60,-0.05,-0.01,-0.00,2.22,-0.58,9.54,0.00,-0.00,0.02
284.65,-80.63,9.25,2.08,-0.60,-0.05,-0.01,-0.00,2.23,-0.58,9.56,0.00,-0.00,0.01
284.67,-80.63,9.25,2.08,-0.60,-0.05,-0.01,-0.00,2.23,-0.58,9.55,0.00,-0.00,0.01
284.68,-80.62,9.25,2.06,-0.59,-0.05,-0.01,-0.00,2.23,-0.60,9.55,0.00,-0.00,0.01
284.69,-80.62,9.26,2.06,-0.59,-0.05,-0.01,-0.00,2.22,-0.60,9.55,0.00,-0.00,0.01
284.70,-80.62,9.26,2.06,-0.59,-0.05,-0.01,-0.00,2.22,-0.60,9.55,0.00,-0.00,0.01
284.71,-80.62,9.26,2.05,-0.60,-0.05,-0.01,-0.00,2.21,-0.61,9.56,0.00,-0.00,0.01
284.72,-80.62,9.26,2.05,-0.59,-0.05,-0.01,-0.00,2.22,-0.61,9.55,0.00,0.00,0.01
284.73,-80.62,9.26,2.04,-0.57,-0.05,-0.01,-0.00,2.21,-0.61,9.56,0.00,0.00,0.01
284.75,-80.62,9.26,2.05,-0.59,-0.05,-0.02,-0.00,2.21,-0.62,9.56,0.00,0.00,0.01
284.76,-80.62,9.26,2.06,-0.58,-0.05,-0.01,-0.01,2.21,-0.62,9.55,0.00,0.00,0.01
284.77,-80.62,9.26,2.05,-0.58,-0.05,-0.02,-0.00,2.20,-0.63,9.55,0.00,0.00,0.01
284.79,-80.62,9.26,2.05,-0.57,-0.05,-0.02,-0.00,2.20,-0.63,9.54,0.00,-0.00,0.01
284.80,-80.61,9.26,2.05,-0.56,-0.05,-0.02,-0.00,2.21,-0.63,9.55,0.00,0.00,0.01
284.81,-80.61,9.27,2.06,-0.57,-0.05,-0.02,-0.00,2.21,-0.62,9.56,0.00,-0.00,0.01
284.83,-80.61,9.28,2.05,-0.58,-0.05,-0.01,-0.00,2.21,-0.63,9.56,0.00,0.00,0.01
284.84,-80.61,9.29,2.05,-0.59,-0.05,-0.01,-0.00,2.21,-0.62,9.57,0.00,0.00,0.02
284.86,-80.61,9.29,2.05,-0.60,-0.05,-0.01,-0.01,2.22,-0.59,9.56,0.01,0.01,0.02
284.89,-80.61,9.25,2.04,-0.65,-0.04,-0.01,-0.01,2.26,-0.58,9.53,0.00,0.01,0.03
284.91,-80.61,9.25,2.04,-0.68,-0.04,-0.01,-0.01,2.32,-0.59,9.55,0.01,0.01,0.03
284.92,-80.61,9.26,2.04,-0.69,-0.03,-0.01,-0.01,2.34,-0.60,9.55,0.01,0.01,0.02
284.93,-80.62,9.27,2.02,-0.70,-0.03,-0.01,-0.01,2.35,-0.60,9.55,0.01,0.01,0.02
284.95,-80.61,9.26,2.01,-0.68,-0.03,-0.01,-0.01,2.35,-0.62,9.54,0.01,0.01,0.01
284.96,-80.62,9.22,2.02,-0.66,-0.02,-0.01,0.00,2.31,-0.63,9.54,0.01,0.01,0.01
284.98,-80.63,9.20,2.02,-0.65,-0.02,-0.02,0.00,2.27,-0.64,9.54,0.01,0.01,0.00
284.99,-80.65,9.20,2.05,-0.59,-0.03,-0.02,0.01,2.20,-0.64,9.55,0.01,0.01,-0.00
285.00,-80.66,9.23,2.06,-0.56,-0.03,-0.02,0.01,2.17,-0.65,9.56,0.01,0.01,-0.00
285.01,-80.69,9.27,2.08,-0.52,-0.03,-0.02,0.01,2.13,-0.65,9.57,0.01,0.01,0.00
285.03,-80.71,9.30,2.08,-0.50,-0.04,-0.02,0.01,2.09,-0.64,9.59,0.01,0.01,0.02
285.05,-80.73,9.28,2.11,-0.49,-0.04,-0.02,0.01,2.07,-0.60,9.58,0.01,0.01,0.03
285.09,-80.78,9.20,2.14,-0.50,-0.04,-0.02,0.00,2.11,-0.48,9.54,0.00,0.01,0.03
285.10,-80.77,9.24,2.16,-0.48,-0.05,-0.03,0.01,2.12,-0.49,9.55,-0.00,-0.01,0.01
285.12,-80.76,9.26,2.16,-0.49,-0.05,-0.02,0.01,2.10,-0.50,9.56,-0.00,-0.01,0.01
285.13,-80.76,9.28,2.15,-0.50,-0.05,-0.02,0.01,2.09,-0.51,9.58,-0.01,-0.01,0.00
285.14,-80.78,9.30,2.09,-0.52,-0.05,-0.02,-0.01,2.08,-0.55,9.59,-0.01,-0.01,0.01
285.17,-80.79,9.29,2.06,-0.53,-0.05,-0.02,-0.01,2.12,-0.58,9.57,-0.01,-0.01,0.01
285.20,-80.78,9.28,2.04,-0.56,-0.06,-0.01,-0.01,2.16,-0.62,9.56,-0.01,-0.01,0.01
285.21,-80.75,9.27,2.01,-0.60,-0.06,-0.01,-0.01,2.22,-0.65,9.54,-0.01,-0.01,0.02
285.22,-80.72,9.26,1.99,-0.68,-0.06,-0.01,-0.01,2.30,-0.66,9.53,-0.00,-0.01,0.00
285.27,-80.68,9.25,1.97,-0.71,-0.06,-0.02,-0.01,2.35,-0.70,9.55,0.00,-0.01,0.00
285.30,-80.69,9.26,1.98,-0.70,-0.06,-0.02,-0.01,2.31,-0.71,9.55,0.01,-0.00,0.01
285.31,-80.70,9.25,2.00,-0.68,-0.06,-0.02,-0.01,2.30,-0.71,9.54,0.01,-0.00,0.01
285.32,-80.70,9.24,2.01,-0.65,-0.06,-0.02,-0.01,2.27,-0.69,9.53,0.01,0.00,0.01
285.34,-80.71,9.23,2.00,-0.62,-0.06,-0.03,-0.01,2.27,-0.64,9.54,0.01,0.00,0.01
285.35,-80.71,9.23,2.01,-0.62,-0.06,-0.03,-0.01,2.26,-0.62,9.54,0.01,0.00,0.01
285.37,-80.71,9.24,2.04,-0.61,-0.06,-0.03,-0.01,2.24,-0.59,9.54,0.01,0.00,0.01
285.38,-80.72,9.25,2.07,-0.59,-0.06,-0.03,-0.01,2.23,-0.58,9.55,0.01,0.00,0.00
285.39,-80.74,9.29,2.08,-0.57,-0.06,-0.03,-0.01,2.17,-0.55,9.56,0.01,0.00,-0.01
285.41,-80.75,9.31,2.09,-0.55,-0.06,-0.03,-0.02,2.14,-0.55,9.55,0.01,-0.00,-0.01
285.43,-80.78,9.31,2.09,-0.54,-0.07,-0.02,-0.02,2.11,-0.56,9.56,0.01,-0.00,-0.00
285.44,-80.79,9.29,2.09,-0.54,-0.06,-0.02,-0.02,2.11,-0.56,9.56,0.01,-0.00,0.00
285.45,-80.80,9.27,2.11,-0.55,-0.06,-0.02,-0.03,2.12,-0.56,9.55,0.01,-0.00,0.01
285.46,-80.80,9.25,2.12,-0.55,-0.06,-0.02,-0.03,2.14,-0.54,9.55,0.01,-0.00,0.02
285.48,-80.80,9.24,2.13,-0.56,-0.05,-0.02,-0.03,2.15,-0.51,9.54,0.01,-0.00,0.02
285.49,-80.80,9.24,2.14,-0.57,-0.05,-0.02,-0.03,2.16,-0.51,9.54,0.01,-0.01,0.02
285.50,-80.79,9.25,2.15,-0.58,-0.05,-0.01,-0.03,2.18,-0.52,9.54,0.00,-0.01,0.02
285.52,-80.78,9.25,2.15,-0.58,-0.05,-0.01,-0.02,2.19,-0.54,9.55,0.00,-0.01,0.02
285.53,-80.77,9.24,2.16,-0.60,-0.05,-0.01,-0.02,2.20,-0.54,9.54,0.00,-0.01,0.02
285.54,-80.76,9.23,2.15,-0.59,-0.05,-0.01,-0.01,2.18,-0.56,9.55,0.00,-0.01,0.03
285.56,-80.75,9.22,2.13,-0.57,-0.05,-0.00,-0.01,2.17,-0.56,9.53,-0.00,-0.00,0.04
285.57,-80.74,9.20,2.14,-0.59,-0.04,-0.00,-0.01,2.19,-0.54,9.52,-0.01,-0.00,0.04
285.58,-80.73,9.19,2.15,-0.60,-0.04,-0.00,-0.00,2.21,-0.53,9.52,-0.01,-0.00,0.05
285.59,-80.71,9.19,2.15,-0.63,-0.04,-0.00,0.00,2.24,-0.49,9.52,-0.01,-0.00,0.05
285.61,-80.70,9.19,2.16,-0.63,-0.03,-0.00,0.01,2.26,-0.49,9.53,-0.01,-0.00,0.04
285.62,-80.68,9.20,2.13,-0.62,-0.03,-0.01,0.01,2.27,-0.50,9.54,-0.01,-0.00,0.04
285.64,-80.65,9.23,2.11,-0.64,-0.03,-0.01,0.02,2.28,-0.55,9.55,-0.01,-0.00,0.02
285.66,-80.64,9.26,2.09,-0.65,-0.03,-0.01,0.02,2.27,-0.61,9.53,-0.01,-0.00,0.02
285.67,-80.64,9.27,2.05,-0.65,-0.03,-0.01,0.02,2.25,-0.66,9.54,-0.01,-0.00,0.02
285.68,-80.64,9.27,2.01,-0.64,-0.03,-0.01,0.01,2.24,-0.69,9.54,-0.01,0.00,0.02
285.70,-80.64,9.29,1.98,-0.62,-0.03,-0.01,0.01,2.24,-0.72,9.55,-0.01,0.00,0.02
285.71,-80.63,9.29,1.96,-0.62,-0.03,-0.01,0.00,2.25,-0.73,9.56,-0.00,0.00,0.01
285.75,-80.62,9.29,1.97,-0.59,-0.04,-0.01,-0.00,2.24,-0.74,9.56,0.01,0.00,0.01
285.76,-80.61,9.29,1.99,-0.59,-0.05,-0.01,-0.01,2.23,-0.73,9.56,0.01,0.00,0.01
285.78,-80.61,9.26,2.03,-0.60,-0.06,-0.02,-0.01,2.22,-0.69,9.55,0.01,0.00,0.01
285.80,-80.62,9.25,2.06,-0.61,-0.06,-0.02,-0.02,2.23,-0.65,9.53,0.01,0.00,0.01
285.81,-80.63,9.25,2.08,-0.61,-0.06,-0.02,-0.02,2.24,-0.62,9.53,0.01,0.01,0.01
285.83,-80.63,9.25,2.10,-0.61,-0.06,-0.02,-0.02,2.25,-0.58,9.55,0.01,0.01,0.01
285.84,-80.64,9.22,2.14,-0.61,-0.06,-0.02,-0.01,2.25,-0.51,9.53,0.01,0.01,0.01
285.86,-80.65,9.19,2.17,-0.60,-0.05,-0.03,-0.00,2.25,-0.48,9.52,0.01,0.01,-0.00
285.88,-80.65,9.19,2.17,-0.59,-0.05,-0.03,0.00,2.23,-0.49,9.54,0.01,0.01,-0.01
285.90,-80.67,9.21,2.16,-0.58,-0.04,-0.03,0.01,2.20,-0.51,9.54,0.00,0.01,-0.01
285.91,-80.68,9.24,2.15,-0.58,-0.04,-0.03,0.01,2.18,-0.54,9.54,0.00,0.01,-0.01
285.93,-80.70,9.26,2.12,-0.58,-0.04,-0.02,0.02,2.18,-0.56,9.56,-0.00,0.01,-0.00
285.94,-80.72,9.26,2.10,-0.59,-0.04,-0.02,0.02,2.17,-0.57,9.56,-0.00,0.01,0.00
285.95,-80.75,9.27,2.07,-0.60,-0.03,-0.02,0.02,2.18,-0.59,9.56,-0.00,0.01,0.01
285.97,-80.76,9.26,2.04,-0.60,-0.03,-0.02,0.02,2.19,-0.61,9.56,-0.00,0.01,0.01
285.99,-80.77,9.28,2.01,-0.60,-0.03,-0.02,0.02,2.19,-0.64,9.56,0.00,0.01,0.01
286.00,-80.79,9.29,1.98,-0.60,-0.03,-0.02,0.01,2.19,-0.68,9.56,0.01,0.00,0.01
286.01,-80.80,9.31,1.97,-0.62,-0.04,-0.02,0.01,2.21,-0.71,9.56,0.01,0.00,0.01
286.03,-80.81,9.33,1.95,-0.62,-0.04,-0.02,-0.01,2.22,-0.73,9.56,0.01,0.01,0.01
286.05,-80.82,9.35,1.95,-0.63,-0.05,-0.02,-0.02,2.24,-0.73,9.56,0.02,0.01,0.01
286.06,-80.83,9.33,1.94,-0.66,-0.05,-0.02,-0.03,2.27,-0.73,9.57,0.02,0.01,-0.00
286.10,-80.86,9.25,1.99,-0.69,-0.06,-0.03,-0.04,2.30,-0.66,9.56,0.03,0.01,-0.01
286.12,-80.88,9.24,2.02,-0.69,-0.06,-0.03,-0.04,2.27,-0.63,9.57,0.04,0.01,-0.01
286.13,-80.91,9.24,2.06,-0.67,-0.06,-0.03,-0.04,2.24,-0.62,9.57,0.04,0.01,-0.01
286.14,-80.94,9.25,2.09,-0.66,-0.06,-0.03,-0.03,2.19,-0.60,9.58,0.04,0.01,-0.02
286.15,-80.99,9.26,2.14,-0.61,-0.07,-0.03,-0.03,2.14,-0.58,9.60,0.04,0.01,-0.02
286.17,-81.03,9.26,2.19,-0.56,-0.08,-0.03,-0.03,2.08,-0.54,9.60,0.04,0.01,-0.01
286.18,-81.07,9.25,2.25,-0.48,-0.08,-0.03,-0.03,2.03,-0.48,9.61,0.04,0.01,-0.01
286.19,-81.10,9.22,2.30,-0.42,-0.08,-0.03,-0.03,1.97,-0.39,9.61,0.03,0.02,-0.01
286.22,-81.12,9.21,2.35,-0.37,-0.09,-0.03,-0.03,1.94,-0.33,9.62,0.01,0.02,-0.01
286.23,-81.12,9.21,2.38,-0.36,-0.09,-0.02,-0.03,1.94,-0.27,9.61,0.00,0.02,-0.01
286.24,-81.08,9.22,2.41,-0.35,-0.09,-0.02,-0.03,1.94,-0.24,9.61,-0.00,0.02,-0.02
286.25,-81.09,9.22,2.45,-0.36,-0.08,-0.01,-0.02,1.97,-0.17,9.61,-0.03,0.02,-0.03
286.27,-81.07,9.19,2.49,-0.40,-0.07,-0.00,0.00,2.02,-0.15,9.66,-0.06,0.02,-0.03
286.29,-81.03,9.19,2.49,-0.41,-0.06,0.00,0.02,2.05,-0.15,9.67,-0.07,0.01,-0.03
286.30,-81.00,9.18,2.45,-0.43,-0.04,0.00,0.04,2.10,-0.19,9.67,-0.08,0.01,-0.02
286.32,-80.94,9.24,2.23,-0.51,-0.02,-0.02,0.10,2.16,-0.39,9.87,-0.06,-0.00,-0.05
286.35,-80.94,9.37,2.07,-0.52,-0.01,-0.04,0.10,2.22,-0.51,9.99,-0.04,0.00,-0.05
286.36,-80.97,9.58,1.96,-0.55,0.01,-0.07,0.07,2.25,-0.61,10.06,-0.02,0.02,-0.05
286.38,-81.06,9.71,1.93,-0.62,0.03,-0.08,0.04,2.15,-0.69,10.06,0.00,0.05,-0.06
286.40,-81.56,9.71,1.82,-0.70,0.05,-0.09,-0.02,1.90,-0.89,10.01,0.04,0.15,-0.07
286.42,-81.86,9.64,1.82,-0.74,0.05,-0.08,-0.04,1.81,-0.94,10.00,0.04,0.20,-0.05
286.43,-82.12,9.59,1.84,-0.75,0.05,-0.07,-0.05,1.72,-0.97,9.98,0.03,0.26,-0.03
286.44,-82.44,9.55,1.89,-0.76,0.05,-0.07,-0.07,1.61,-0.93,9.95,0.02,0.33,-0.00
286.46,-83.13,9.53,1.99,-0.81,0.05,-0.06,-0.12,1.54,-0.87,9.95,0.00,0.43,0.03
286.47,-83.54,9.55,2.01,-0.83,0.05,-0.05,-0.13,1.56,-0.87,9.96,-0.01,0.51,0.04
286.48,-84.41,9.61,1.98,-0.85,0.03,-0.03,-0.12,1.78,-0.63,9.94,-0.04,0.73,-0.05
286.51,-85.36,9.59,2.06,-0.84,0.05,-0.02,-0.17,1.85,-0.49,9.84,-0.11,0.79,-0.11
286.53,-85.91,9.55,2.13,-0.82,0.05,-0.02,-0.19,1.67,-0.53,9.73,-0.15,0.88,-0.18
286.54,-86.38,9.47,2.27,-0.78,0.05,-0.00,-0.21,1.46,-0.54,9.56,-0.17,0.96,-0.24
286.55,-86.88,9.39,2.39,-0.75,0.04,0.01,-0.23,1.25,-0.51,9.37,-0.20,0.99,-0.27
286.56,-87.05,9.36,2.44,-0.74,0.03,0.02,-0.24,1.17,-0.49,9.31,-0.21,1.01,-0.27
286.57,-88.55,8.89,2.60,-0.72,-0.02,0.10,-0.29,0.72,-0.55,8.93,-0.36,1.19,-0.23
286.60,-90.43,8.44,2.55,-0.78,-0.05,0.18,-0.25,0.49,-0.67,8.99,-0.45,1.24,-0.19
286.61,-91.02,8.33,2.49,-0.77,-0.05,0.23,-0.20,0.52,-0.68,9.05,-0.47,1.27,-0.15
286.62,-91.78,8.31,2.44,-0.77,-0.04,0.27,-0.15,0.57,-0.68,9.04,-0.48,1.30,-0.14
286.63,-92.45,8.33,2.44,-0.81,-0.03,0.31,-0.10,0.64,-0.69,9.03,-0.49,1.33,-0.14
286.64,-93.08,8.34,2.47,-0.86,-0.04,0.34,-0.07,0.69,-0.76,9.01,-0.50,1.35,-0.15
286.65,-93.68,8.35,2.48,-0.94,-0.05,0.38,-0.04,0.68,-0.80,8.98,-0.50,1.38,-0.16
286.67,-95.02,8.24,2.49,-1.04,-0.06,0.47,0.02,0.42,-0.82,8.71,-0.52,1.39,-0.17
286.69,-96.26,8.12,2.47,-0.94,-0.08,0.52,0.04,-0.01,-0.90,8.61,-0.55,1.35,-0.13
286.72,-96.64,8.07,2.39,-0.82,-0.09,0.56,0.06,-0.17,-0.99,8.56,-0.54,1.31,-0.07
286.73,-97.22,8.00,2.26,-0.71,-0.09,0.60,0.09,-0.39,-1.10,8.43,-0.52,1.25,-0.02
286.74,-97.86,7.78,2.17,-0.59,-0.08,0.65,0.14,-0.59,-1.18,8.32,-0.48,1.14,0.13
286.76,-98.00,7.63,2.13,-0.43,-0.06,0.69,0.18,-0.63,-1.20,8.29,-0.46,1.09,0.25
286.77,-98.27,7.52,2.05,-0.24,-0.05,0.71,0.21,-0.64,-1.21,8.32,-0.42,0.99,0.34
286.78,-98.26,7.45,1.91,-0.13,-0.03,0.70,0.23,-0.54,-1.20,8.38,-0.35,0.88,0.45
286.79,-98.00,7.55,1.72,-0.07,0.00,0.68,0.26,-0.31,-1.13,8.56,-0.32,0.77,0.53
286.80,-97.72,7.87,1.64,-0.14,0.06,0.63,0.30,0.07,-0.57,9.73,-0.30,0.47,0.56
286.82,-96.91,11.10,1.96,-0.42,0.21,0.33,0.43,0.12,-2.31,13.28,-0.39,0.23,0.35
286.83,-96.59,13.26,2.70,-0.07,0.36,0.14,0.31,-0.31,-3.33,13.60,-0.26,0.24,0.17
286.85,-96.54,12.16,1.77,0.03,0.29,0.30,0.25,-1.54,-2.66,10.45,-0.11,0.34,0.22
286.86,-96.86,9.61,0.52,-0.36,0.18,0.54,0.40,-1.77,-2.41,8.98,-0.09,0.32,0.32
286.88,-96.97,8.30,0.89,-0.41,0.20,0.59,0.45,-1.27,-2.51,8.85,-0.11,0.29,0.35
286.89,-96.75,8.63,1.52,-0.12,0.21,0.55,0.49,-0.72,-2.63,9.15,-0.11,0.29,0.28
286.91,-96.33,10.30,1.34,0.08,0.16,0.53,0.52,-0.81,-2.48,9.90,-0.08,0.33,0.11
286.93,-96.14,11.36,0.76,0.46,0.13,0.64,0.53,-1.78,-2.70,10.31,-0.04,0.35,0.05
286.94,-95.97,10.94,1.03,1.10,0.16,0.75,0.48,-2.31,-2.93,10.06,0.05,0.34,0.08
286.95,-95.49,9.98,1.40,1.21,0.12,0.78,0.44,-1.96,-2.75,9.74,0.10,0.33,0.14
286.97,-95.22,9.49,1.45,1.08,0.06,0.81,0.44,-1.61,-2.30,9.46,0.12,0.34,0.14
286.98,-94.82,9.16,1.34,0.91,0.03,0.82,0.49,-1.67,-1.87,9.35,0.11,0.37,0.12
287.00,-94.41,9.58,1.51,0.94,0.06,0.84,0.58,-2.24,-1.71,9.57,0.08,0.40,0.11
287.01,-94.48,9.89,1.89,1.21,0.08,0.86,0.59,-2.75,-1.58,9.75,0.11,0.40,0.14
287.03,-94.18,9.92,2.21,2.22,0.05,0.95,0.52,-3.30,-1.09,9.63,0.14,0.39,0.18
287.04,-93.76,9.69,2.23,2.54,0.03,0.98,0.48,-3.32,-1.03,9.54,0.12,0.38,0.22
287.07,-92.61,9.15,1.86,2.93,-0.03,1.08,0.45,-3.20,-1.07,9.44,0.07,0.34,0.24
287.08,-91.88,9.17,1.64,2.93,-0.03,1.11,0.50,-3.16,-1.11,9.45,0.06,0.33,0.23
287.10,-90.98,9.34,1.31,2.97,-0.00,1.15,0.55,-3.19,-1.14,9.40,0.04,0.29,0.21
287.11,-89.86,9.45,0.92,3.08,0.02,1.20,0.61,-3.12,-1.50,9.50,0.03,0.24,0.19
287.14,-89.36,9.39,0.73,3.16,0.03,1.23,0.64,-3.08,-1.63,9.51,0.03,0.23,0.18
287.15,-88.57,9.25,0.35,3.33,0.06,1.24,0.68,-3.03,-1.74,9.50,0.03,0.22,0.18
287.16,-87.09,9.33,0.41,3.38,0.10,1.30,0.70,-3.03,-1.93,9.52,0.05,0.21,0.20
287.18,-86.05,9.27,0.11,3.49,0.03,1.37,0.74,-3.02,-1.93,9.55,0.07,0.20,0.20
287.20,-85.23,9.24,-0.17,3.64,0.03,1.40,0.78,-3.02,-1.91,9.56,0.07,0.20,0.20
287.22,-83.84,9.21,-0.23,3.82,0.06,1.46,0.78,-2.94,-1.87,9.51,0.11,0.18,0.17
287.23,-82.39,9.15,-0.14,3.88,0.03,1.54,0.73,-2.93,-1.76,9.43,0.12,0.18,0.14
287.25,-81.55,9.11,-0.05,3.89,-0.02,1.56,0.65,-2.94,-1.74,9.44,0.12,0.18,0.13
287.26,-80.98,9.10,-0.07,4.02,-0.08,1.58,0.55,-2.90,-1.71,9.44,0.13,0.18,0.12
287.27,-80.14,9.07,-0.08,4.13,-0.12,1.59,0.49,-2.90,-1.63,9.42,0.14,0.18,0.13
287.29,-79.32,8.96,-0.12,4.27,-0.15,1.60,0.41,-2.92,-1.54,9.42,0.14,0.18,0.15
287.30,-78.51,8.80,-0.14,4.40,-0.20,1.60,0.32,-2.91,-1.37,9.42,0.15,0.18,0.16
287.31,-77.64,8.64,-0.18,4.49,-0.22,1.61,0.28,-2.88,-1.30,9.41,0.15,0.18,0.16
287.32,-76.14,8.44,-0.25,4.61,-0.26,1.61,0.19,-2.77,-1.26,9.44,0.15,0.18,0.13
287.34,-74.58,8.27,-0.23,4.78,-0.30,1.61,0.13,-2.59,-1.21,9.53,0.15,0.21,0.12
287.37,-73.90,8.24,-0.22,4.86,-0.30,1.62,0.10,-2.54,-1.18,9.54,0.15,0.22,0.12
287.38,-72.98,8.12,-0.18,4.96,-0.30,1.62,0.05,-2.48,-1.06,9.53,0.15,0.26,0.10
287.39,-71.37,7.95,-0.18,5.24,-0.29,1.62,0.00,-2.39,-0.46,9.50,0.09,0.30,0.03
287.41,-70.18,7.91,-0.15,5.53,-0.27,1.62,-0.03,-2.32,-0.09,9.59,0.02,0.30,-0.08
287.42,-68.87,7.87,0.11,5.79,-0.25,1.62,-0.06,-2.04,-0.11,9.92,-0.05,0.28,-0.27
287.45,-66.63,8.11,0.33,6.28,-0.33,1.59,-0.10,-2.01,-0.46,10.56,-0.08,0.29,-0.32
287.46,-65.83,8.30,0.29,6.63,-0.31,1.57,-0.13,-2.39,-0.68,11.06,-0.11,0.34,-0.31
287.47,-64.62,8.74,0.23,7.11,-0.22,1.53,-0.15,-3.11,-1.00,12.00,-0.18,0.52,0.07
287.50,-63.42,10.28,-0.04,7.93,0.16,1.27,-0.08,-3.02,-0.77,13.94,-0.25,0.55,0.44
287.51,-63.07,11.05,-0.09,7.92,0.33,1.09,-0.08,-2.09,-0.64,14.74,-0.24,0.56,0.65
287.52,-62.68,11.80,0.02,7.69,0.42,0.95,-0.13,-0.91,-0.46,14.76,-0.21,0.60,0.88
287.54,-62.31,11.17,0.49,6.64,0.43,0.62,-0.29,0.55,-0.31,13.64,-0.18,0.68,0.90
287.56,-61.97,8.89,0.87,5.85,0.39,0.36,-0.42,1.50,-0.09,12.41,-0.18,0.70,0.75
287.57,-61.65,8.96,1.34,5.59,0.36,0.11,-0.51,1.75,0.06,11.64,-0.19,0.70,0.54
287.58,-61.17,8.02,1.57,5.32,0.32,-0.08,-0.54,1.57,0.06,10.76,-0.25,0.68,0.20
287.59,-61.17,7.51,1.65,5.41,0.27,-0.21,-0.55,0.74,-0.15,10.11,-0.36,0.64,-0.12
287.60,-61.11,6.99,1.32,5.94,0.20,-0.35,-0.54,-0.41,-0.49,9.61,-0.46,0.54,-0.31
287.62,-61.13,6.58,0.84,6.95,0.16,-0.52,-0.50,-1.84,-0.84,9.35,-0.46,0.25,-0.19
287.63,-61.32,6.12,0.43,7.67,0.18,-0.62,-0.42,-3.18,-1.33,8.90,-0.31,-0.10,0.04
287.65,-61.46,5.49,0.25,7.52,0.20,-0.67,-0.33,-4.08,-1.35,8.21,-0.09,-0.42,0.38
287.66,-61.60,5.00,0.26,7.10,0.22,-0.73,-0.22,-4.23,-1.05,7.74,0.04,-0.68,0.76
287.67,-61.59,4.64,0.29,6.72,0.23,-0.77,-0.08,-3.86,-0.62,7.16,0.16,-1.04,1.02
287.68,-61.22,4.24,0.27,6.58,0.23,-0.79,0.04,-3.16,-0.28,6.69,0.23,-1.39,1.27
287.69,-59.91,4.14,0.25,6.57,0.22,-0.80,0.07,-2.06,0.08,6.23,0.29,-1.88,1.41
287.71,-58.67,4.14,0.25,6.57,0.22,-0.80,0.07,-1.61,0.34,6.11,0.32,-2.18,1.32
287.72,-57.15,4.14,0.25,6.57,0.22,-0.80,0.07,-1.39,0.49,6.09,0.36,-2.49,0.07
287.77,-50.15,4.14,0.25,6.57,0.22,-0.80,0.07,-1.63,-0.31,7.53,0.65,-3.38,-0.14
287.78,-47.18,4.14,0.25,6.57,0.22,-0.80,0.07,-2.00,-0.73,8.35,0.84,-3.42,-0.45
287.80,-45.76,4.14,0.25,6.57,0.22,-0.80,0.07,-2.35,-1.03,8.48,0.91,-3.34,-0.54
287.81,-44.63,4.14,0.25,6.57,0.22,-0.80,0.07,-2.56,-1.48,8.44,0.92,-2.97,-0.33
287.83,-43.46,4.14,0.25,6.57,0.22,-0.80,0.07,-2.68,-1.86,8.44,0.88,-2.76,-0.12
287.85,-42.96,4.14,0.25,6.57,0.22,-0.80,0.07,-2.47,-1.89,8.59,0.81,-2.46,0.22
287.86,-42.65,4.14,0.25,6.57,0.22,-0.80,0.07,-1.97,-1.67,8.66,0.71,-1.62,0.71
287.88,-42.23,4.14,0.25,6.57,0.22,-0.80,0.07,-1.29,-0.63,8.16,0.37,-1.30,0.75
287.89,-42.37,4.14,0.25,6.57,0.22,-0.80,0.07,-0.96,-0.32,7.91,0.17,-0.87,0.73
287.91,-42.60,4.14,0.25,6.57,0.22,-0.80,0.07,-0.78,-0.10,7.74,0.00,-0.55,0.66
287.92,-43.07,4.14,0.25,6.57,0.22,-0.80,0.07,-0.55,-0.03,7.82,-0.28,-0.12,0.52
287.93,-43.70,4.14,0.25,6.57,0.22,-0.80,0.07,0.61,-0.09,10.04,-0.78,0.46,0.60
287.94,-44.03,4.14,0.25,6.57,0.22,-0.80,0.07,3.60,0.88,16.30,-1.06,0.47,1.30
287.95,-43.66,4.14,0.25,6.57,0.22,-0.80,0.07,7.26,2.30,18.89,-0.72,0.33,1.15
287.97,-42.93,4.14,0.25,6.57,0.22,-0.80,0.07,7.90,3.33,16.56,-0.07,0.61,-0.01
287.98,-42.45,4.14,0.25,6.57,0.22,-0.80,0.07,5.02,3.10,11.27,0.12,0.94,-0.97
287.99,-42.36,4.14,0.25,6.57,0.22,-0.80,0.07,2.81,2.32,8.19,-0.17,1.06,-1.47
288.00,-44.27,4.14,0.25,6.57,0.22,-0.80,0.07,-3.13,-3.08,7.55,-1.30,1.32,-1.92
288.01,-49.75,4.14,0.25,6.57,0.22,-0.80,0.07,-9.69,-6.91,11.35,-1.05,1.18,-1.07
288.04,-51.96,4.14,0.25,6.57,0.22,-0.80,0.07,-9.08,-5.52,11.14,-0.69,0.94,-0.56
288.05,-54.32,4.14,0.25,6.57,0.22,-0.80,0.07,-6.20,-3.98,10.25,-0.45,0.58,1.04
288.10,-59.90,4.14,0.25,6.57,0.22,-0.80,0.07,-2.73,-1.74,11.03,-0.35,0.56,1.15
288.11,-60.28,4.14,0.25,6.57,0.22,-0.80,0.07,-1.17,-1.00,11.24,-0.24,0.54,1.07
288.12,-60.29,4.14,0.25,6.57,0.22,-0.80,0.07,-0.04,-0.48,10.69,-0.14,0.39,-0.02
288.16,-59.47,4.14,0.25,6.57,0.22,-0.80,0.07,-0.37,-1.63,9.90,-0.17,0.39,-0.11
288.17,-60.99,4.14,0.25,6.57,0.22,-0.80,0.07,-1.26,-2.06,9.68,-0.05,0.55,1.09
288.24,-61.05,4.14,0.25,6.57,0.22,-0.80,0.07,-0.58,-1.72,9.75,-0.05,0.56,1.19
288.25,-60.93,4.14,0.25,6.57,0.22,-0.80,0.07,0.22,-1.39,9.90,-0.06,0.61,0.88
288.28,-58.35,4.14,0.25,6.57,0.22,-0.80,0.07,0.16,-1.47,9.67,0.02,0.75,0.17
288.33,-58.38,4.14,0.25,6.57,0.22,-0.80,0.07,-0.25,-1.45,9.69,-0.00,0.82,0.19
288.35,-58.61,4.14,0.25,6.57,0.22,-0.80,0.07,-0.45,-1.38,9.64,-0.04,0.90,0.29
288.36,-59.13,4.14,0.25,6.57,0.22,-0.80,0.07,-0.40,-1.05,9.76,-0.09,1.01,0.38
288.39,-59.43,4.14,0.25,6.57,0.22,-0.80,0.07,-0.39,-0.74,9.91,-0.10,1.07,0.31
288.41,-60.95,4.14,0.25,6.57,0.22,-0.80,0.07,-1.39,-0.78,10.44,-0.21,1.26,0.23
288.46,-61.47,4.14,0.25,6.57,0.22,-0.80,0.07,-1.41,-0.83,10.88,-0.20,1.30,0.27
288.47,-61.83,4.14,0.25,6.57,0.22,-0.80,0.07,-1.26,-0.84,11.15,-0.17,1.33,0.32
288.48,-63.82,4.14,0.25,6.57,0.22,-0.80,0.07,0.10,-0.48,12.53,-0.06,1.81,0.78
288.56,-63.94,4.14,0.25,6.57,0.22,-0.80,0.07,0.70,0.14,13.05,-0.02,1.90,0.98
288.57,-63.98,4.14,0.25,6.57,0.22,-0.80,0.07,1.40,0.95,13.32,0.01,1.97,1.22
288.58,-61.57,4.14,0.25,6.57,0.22,-0.80,0.07,6.09,2.27,12.67,-0.16,2.33,1.63
288.63,-60.40,4.14,0.25,6.57,0.22,-0.80,0.07,3.38,-0.94,13.78,-0.58,2.54,-0.13
288.66,-60.58,4.14,0.25,6.57,0.22,-0.80,0.07,1.52,-1.79,13.36,-0.69,2.62,-1.84
288.71,-66.33,4.14,0.25,6.57,0.22,-0.80,0.07,-6.77,-6.04,8.47,-0.56,2.20,-1.66
288.72,-71.21,4.14,0.25,6.57,0.22,-0.80,0.07,-9.52,-5.52,7.10,-0.29,1.43,-1.14
288.75,-78.63,4.14,0.25,6.57,0.22,-0.80,0.07,-8.73,-3.87,4.34,0.56,-0.91,-0.35
288.80,-79.42,4.14,0.25,6.57,0.22,-0.80,0.07,-8.48,-3.61,3.46,0.71,-5.05,-0.37
288.93,-75.36,4.14,0.25,6.57,0.22,-0.80,0.07,-6.20,-0.99,5.07,1.42,-5.42,-0.42
288.96,-67.71,4.14,0.25,6.57,0.22,-0.80,0.07,-3.84,-1.27,8.31,1.34,-5.42,-0.36
288.99,-65.37,4.14,0.25,6.57,0.22,-0.80,0.07,-3.38,-1.28,9.21,1.27,-5.15,-0.16
289.00,-60.35,4.14,0.25,6.57,0.22,-0.80,0.07,-2.88,-0.77,10.12,0.93,-4.38,0.02
289.02,-58.06,4.14,0.25,6.57,0.22,-0.80,0.07,-3.09,-1.50,10.34,0.77,-4.00,0.07
289.04,-52.27,4.14,0.25,6.57,0.22,-0.80,0.07,-0.24,-0.52,9.59,-0.02,-1.07,0.95
289.09,-51.93,4.14,0.25,6.57,0.22,-0.80,0.07,0.49,-0.11,9.53,-0.21,-0.30,0.94
289.10,-51.71,4.14,0.25,6.57,0.22,-0.80,0.07,1.19,0.18,9.64,-0.37,0.26,0.84
289.11,-51.77,4.14,0.25,6.57,0.22,-0.80,0.07,1.48,0.72,10.06,-0.64,0.91,0.61
289.12,-51.64,4.14,0.25,6.57,0.22,-0.80,0.07,6.59,2.75,17.43,-0.86,0.47,0.70
289.14,-50.80,4.14,0.25,6.57,0.22,-0.80,0.07,8.97,3.65,17.38,-0.27,0.49,-1.65
289.17,-49.37,4.14,0.25,6.57,0.22,-0.80,0.07,3.06,0.47,10.47,-0.46,1.46,-2.46
289.18,-58.82,4.14,0.25,6.57,0.22,-0.80,0.07,-9.92,-3.45,9.33,-0.54,1.34,-1.02
289.22,-61.58,4.14,0.25,6.57,0.22,-0.80,0.07,-6.94,-2.36,8.45,-0.56,0.95,-0.49
289.23,-63.04,4.14,0.25,6.57,0.22,-0.80,0.07,-4.68,-2.76,8.82,-0.69,0.68,0.20
289.31,-64.65,4.14,0.25,6.57,0.22,-0.80,0.07,0.25,-1.61,9.90,-0.26,0.68,-0.13
289.34,-64.51,4.14,0.25,6.57,0.22,-0.80,0.07,-0.65,-1.99,9.94,-0.24,0.76,0.63
289.40,-65.31,4.14,0.25,6.57,0.22,-0.80,0.07,-0.61,-2.30,9.89,0.01,0.82,0.96
289.42,-64.17,4.14,0.25,6.57,0.22,-0.80,0.07,1.25,-1.39,9.85,0.02,0.86,0.90
289.44,-61.63,4.14,0.25,6.57,0.22,-0.80,0.07,1.23,-1.34,9.75,0.01,0.92,0.18
289.49,-61.18,4.14,0.25,6.57,0.22,-0.80,0.07,0.57,-1.41,9.75,-0.01,0.97,-0.00
289.50,-61.22,4.14,0.25,6.57,0.22,-0.80,0.07,-0.80,-1.57,9.71,-0.04,1.03,0.12
289.55,-63.84,4.14,0.25,6.57,0.22,-0.80,0.07,-0.86,-0.91,10.56,-0.04,1.26,0.45
289.62,-63.98,4.14,0.25,6.57,0.22,-0.80,0.07,-0.90,-1.01,10.72,-0.04,1.31,0.44
289.63,-64.20,4.14,0.25,6.57,0.22,-0.80,0.07,-0.95,-1.08,10.78,-0.03,1.35,0.45
289.64,-64.42,4.14,0.25,6.57,0.22,-0.80,0.07,-1.29,-1.13,10.88,-0.02,1.38,0.48
289.65,-65.38,4.14,0.25,6.57,0.22,-0.80,0.07,-1.38,-1.24,10.91,-0.04,1.47,0.77
289.68,-66.00,4.14,0.25,6.57,0.22,-0.80,0.07,-0.17,-0.35,12.26,0.01,1.66,1.20
289.72,-65.87,4.14,0.25,6.57,0.22,-0.80,0.07,0.86,0.57,12.83,0.07,1.75,1.42
289.73,-65.67,4.14,0.25,6.57,0.22,-0.80,0.07,1.72,1.34,12.81,0.12,1.82,1.64
289.75,-65.22,4.14,0.25,6.57,0.22,-0.80,0.07,2.55,1.93,12.64,0.13,1.87,1.82
289.76,-64.52,4.14,0.25,6.57,0.22,-0.80,0.07,3.85,2.53,12.52,0.12,1.93,2.04
289.77,-63.80,4.14,0.25,6.57,0.22,-0.80,0.07,5.31,2.83,12.42,0.08,1.98,2.11
289.78,-61.07,4.14,0.25,6.57,0.22,-0.80,0.07,6.60,2.03,12.75,-0.19,2.10,1.31
289.80,-60.30,4.14,0.25,6.57,0.22,-0.80,0.07,5.59,0.55,13.40,-0.40,2.17,0.34
289.82,-59.50,4.14,0.25,6.57,0.22,-0.80,0.07,4.17,-0.78,13.75,-0.49,2.29,-1.77
289.85,-61.31,4.14,0.25,6.57,0.22,-0.80,0.07,-2.59,-4.34,10.92,-0.79,2.71,-1.98
289.87,-63.07,4.14,0.25,6.57,0.22,-0.80,0.07,-4.27,-5.76,9.65,-0.71,2.64,-2.06
289.87,-74.39,4.14,0.25,6.57,0.22,-0.80,0.07,-9.76,-5.17,5.84,0.36,0.75,-0.94
289.93,-75.83,4.14,0.25,6.57,0.22,-0.80,0.07,-9.21,-4.90,5.38,0.50,-0.93,-0.57
289.98,-80.88,4.14,0.25,6.57,0.22,-0.80,0.07,-8.32,-4.26,3.05,1.29,-1.37,-0.58
289.99,-83.26,4.14,0.25,6.57,0.22,-0.80,0.07,-9.24,-2.88,1.81,1.45,-2.60,-0.54
290.02,-83.66,4.14,0.25,6.57,0.22,-0.80,0.07,-9.22,-2.61,1.77,1.47,-3.02,-0.49
290.03,-83.89,4.14,0.25,6.57,0.22,-0.80,0.07,-8.66,-2.29,2.06,1.55,-3.64,-0.46
290.05,-83.65,4.14,0.25,6.57,0.22,-0.80,0.07,-7.99,-1.94,2.32,1.62,-4.03,-0.46
290.06,-83.00,4.14,0.25,6.57,0.22,-0.80,0.07,-7.37,-1.50,2.56,1.66,-4.29,-0.49
290.08,-81.93,4.14,0.25,6.57,0.22,-0.80,0.07,-6.37,-0.63,3.10,1.66,-4.66,-0.90
290.10,-72.43,4.14,0.25,6.57,0.22,-0.80,0.07,-4.75,-0.60,7.12,1.52,-5.49,-1.22
290.14,-69.23,4.14,0.25,6.57,0.22,-0.80,0.07,-4.45,-0.97,8.68,1.49,-5.55,-1.20
290.15,-50.52,4.14,0.25,6.57,0.22,-0.80,0.07,-0.27,-0.47,8.85,0.44,-2.55,0.27
290.24,-48.98,4.14,0.25,6.57,0.22,-0.80,0.07,1.34,-0.98,9.29,0.06,-1.61,0.64
290.25,-47.70,4.14,0.25,6.57,0.22,-0.80,0.07,1.85,-0.89,9.33,-0.11,-1.02,0.75
290.26,-46.19,4.14,0.25,6.57,0.22,-0.80,0.07,2.70,1.48,11.42,-0.97,1.13,0.38
290.30,-46.30,4.14,0.25,6.57,0.22,-0.80,0.07,3.53,2.47,14.18,-0.94,0.76,0.34
290.32,-45.65,4.14,0.25,6.57,0.22,-0.80,0.07,5.03,5.58,15.45,-0.17,0.77,-2.03
290.36,-54.64,4.14,0.25,6.57,0.22,-0.80,0.07,-8.12,-4.41,10.22,-0.56,1.42,-1.30
290.40,-60.51,4.14,0.25,6.57,0.22,-0.80,0.07,-4.90,-1.98,8.58,-0.53,0.76,-0.41
290.42,-61.61,4.14,0.25,6.57,0.22,-0.80,0.07,-4.28,-2.61,9.62,-0.60,0.71,-0.10
290.44,-63.50,4.14,0.25,6.57,0.22,-0.80,0.07,-1.79,-1.53,10.62,-0.42,0.77,0.36
290.46,-63.69,4.14,0.25,6.57,0.22,-0.80,0.07,-0.82,-0.85,10.47,-0.41,0.78,0.25
290.48,-63.54,4.14,0.25,6.57,0.22,-0.80,0.07,0.27,-0.84,10.20,-0.37,0.71,-0.13
290.55,-63.26,4.14,0.25,6.57,0.22,-0.80,0.07,-2.26,-1.84,10.09,-0.22,0.57,0.34
290.58,-63.95,4.14,0.25,6.57,0.22,-0.80,0.07,-1.61,-1.68,9.88,-0.16,0.57,0.47
290.59,-63.92,4.14,0.25,6.57,0.22,-0.80,0.07,-0.84,-1.63,9.86,-0.13,0.55,0.57
290.60,-62.83,4.14,0.25,6.57,0.22,-0.80,0.07,0.28,-1.22,9.68,-0.07,0.53,0.41
290.63,-62.47,4.14,0.25,6.57,0.22,-0.80,0.07,0.25,-1.16,9.67,-0.06,0.52,0.30
290.64,-62.00,4.14,0.25,6.57,0.22,-0.80,0.07,0.22,-1.16,9.70,-0.06,0.51,0.07
290.68,-60.78,4.14,0.25,6.57,0.22,-0.80,0.07,0.10,-1.20,9.85,-0.00,0.54,0.04
290.76,-57.97,4.14,0.25,6.57,0.22,-0.80,0.07,0.87,-0.69,10.37,0.49,1.22,0.32
290.80,-57.78,4.14,0.25,6.57,0.22,-0.80,0.07,1.41,-0.66,10.13,0.51,1.35,0.38
290.84,-58.65,4.14,0.25,6.57,0.22,-0.80,0.07,-0.95,2.00,12.32,0.08,1.86,0.67
290.90,-59.19,4.14,0.25,6.57,0.22,-0.80,0.07,-0.82,2.66,12.81,0.05,1.91,0.99
290.93,-60.35,4.14,0.25,6.57,0.22,-0.80,0.07,0.61,2.83,13.02,0.01,2.04,1.06
290.94,-60.50,4.14,0.25,6.57,0.22,-0.80,0.07,1.82,2.00,13.14,0.07,2.09,1.08
290.95,-59.60,4.14,0.25,6.57,0.22,-0.80,0.07,2.72,0.27,10.44,0.52,2.26,-2.46
291.03,-61.39,4.14,0.25,6.57,0.22,-0.80,0.07,-2.49,-3.53,8.67,0.22,2.17,-2.97
291.04,-62.56,4.14,0.25,6.57,0.22,-0.80,0.07,-4.14,-4.42,7.94,0.18,2.14,-3.34
291.05,-64.60,4.14,0.25,6.57,0.22,-0.80,0.07,-5.43,-4.99,7.43,0.16,2.09,-3.55
291.07,-70.45,4.14,0.25,6.57,0.22,-0.80,0.07,-9.00,-6.28,6.56,0.45,1.80,-3.31
291.09,-77.63,4.14,0.25,6.57,0.22,-0.80,0.07,-9.70,-5.74,5.09,1.36,1.03,-2.08
291.12,-83.62,4.14,0.25,6.57,0.22,-0.80,0.07,-7.16,-4.79,3.74,2.12,-0.20,-1.77
291.16,-85.15,4.14,0.25,6.57,0.22,-0.80,0.07,-6.48,-4.49,3.35,2.43,-0.73,-1.98
291.18,-87.16,4.14,0.25,6.57,0.22,-0.80,0.07,-7.87,-4.12,3.34,2.94,-1.57,-2.62
291.22,-87.52,4.14,0.25,6.57,0.22,-0.80,0.07,-8.38,-3.95,3.62,3.14,-1.88,-2.73
291.23,-87.62,4.14,0.25,6.57,0.22,-0.80,0.07,-8.40,-3.61,3.78,3.36,-2.22,-2.87
291.24,-87.22,4.14,0.25,6.57,0.22,-0.80,0.07,-7.39,-2.35,3.79,3.64,-2.75,-3.28
291.26,-86.71,4.14,0.25,6.57,0.22,-0.80,0.07,-6.56,-1.45,3.92,3.71,-2.98,-3.67
291.27,-85.05,4.14,0.25,6.57,0.22,-0.80,0.07,-4.97,-0.43,5.01,3.63,-3.28,-5.60
291.31,-78.00,4.14,0.25,6.57,0.22,-0.80,0.07,-4.36,-3.57,11.17,2.93,-3.02,-5.76
291.31,-75.38,4.14,0.25,6.57,0.22,-0.80,0.07,-6.51,-3.97,11.69,2.73,-2.72,-5.60
291.35,-74.23,4.14,0.25,6.57,0.22,-0.80,0.07,-12.04,-4.82,9.51,1.87,-1.84,-4.32
291.36,-75.56,4.14,0.25,6.57,0.22,-0.80,0.07,-13.87,-6.62,7.02,0.73,-0.79,-2.43
291.37,-77.86,4.14,0.25,6.57,0.22,-0.80,0.07,-14.19,-6.65,6.55,0.19,-0.29,-0.99
291.38,-80.32,4.14,0.25,6.57,0.22,-0.80,0.07,-10.85,-4.70,7.49,-0.26,-0.73,1.11
291.40,-74.83,4.14,0.25,6.57,0.22,-0.80,0.07,3.10,-0.71,11.97,0.15,-0.94,0.61
291.43,-69.23,4.14,0.25,6.57,0.22,-0.80,0.07,3.05,3.11,8.21,-0.03,-0.25,-0.90
291.46,-67.32,4.14,0.25,6.57,0.22,-0.80,0.07,0.67,3.02,8.70,-0.25,-0.28,-2.03
291.47,-66.73,4.14,0.25,6.57,0.22,-0.80,0.07,-0.70,2.33,9.69,-0.32,-0.40,-2.14
291.49,-65.21,4.14,0.25,6.57,0.22,-0.80,0.07,-3.57,-0.51,9.97,-0.16,-0.74,-1.71
291.51,-64.82,4.14,0.25,6.57,0.22,-0.80,0.07,-3.37,-1.53,9.86,-0.21,-0.52,-0.91
291.53,-64.69,4.14,0.25,6.57,0.22,-0.80,0.07,-3.20,-1.70,9.74,-0.21,-0.42,-0.53
291.54,-64.38,4.14,0.25,6.57,0.22,-0.80,0.07,-2.37,-1.22,9.52,-0.20,-0.37,-0.08
291.56,-63.96,4.14,0.25,6.57,0.22,-0.80,0.07,-1.43,-0.98,9.84,-0.23,-0.38,0.06
291.57,-61.99,4.14,0.25,6.57,0.22,-0.80,0.07,1.07,-0.97,10.93,-0.15,-0.43,-0.09
291.58,-59.68,4.14,0.25,6.57,0.22,-0.80,0.07,1.90,-0.32,10.34,0.00,-0.36,-0.96
291.61,-57.74,4.14,0.25,6.57,0.22,-0.80,0.07,0.79,0.10,9.75,0.03,-0.26,-1.21
291.62,-57.14,4.14,0.25,6.57,0.22,-0.80,0.07,-0.23,-0.03,9.81,0.02,-0.25,-1.36
291.63,-56.71,4.14,0.25,6.57,0.22,-0.80,0.07,-2.27,-0.72,10.10,0.05,-0.32,-1.24
291.65,-56.75,4.14,0.25,6.57,0.22,-0.80,0.07,-2.32,-1.21,9.81,0.11,-0.27,-0.81
291.67,-56.77,4.14,0.25,6.57,0.22,-0.80,0.07,-2.05,-1.18,9.69,0.11,-0.22,-0.59
291.68,-56.67,4.14,0.25,6.57,0.22,-0.80,0.07,-1.41,-1.04,9.69,0.10,-0.18,-0.36
291.69,-55.91,4.14,0.25,6.57,0.22,-0.80,0.07,0.46,-0.60,9.81,0.12,-0.16,-0.21
291.71,-54.92,4.14,0.25,6.57,0.22,-0.80,0.07,1.71,-0.33,9.90,0.14,-0.12,-0.26
291.72,-53.73,4.14,0.25,6.57,0.22,-0.80,0.07,2.40,-0.23,10.09,0.17,-0.05,-0.46
291.74,-52.59,4.14,0.25,6.57,0.22,-0.80,0.07,2.20,-0.31,10.14,0.19,0.00,-0.76
291.76,-50.94,4.14,0.25,6.57,0.22,-0.80,0.07,1.15,-0.69,10.13,0.21,0.07,-0.84
291.77,-50.58,4.14,0.25,6.57,0.22,-0.80,0.07,0.55,-1.01,10.14,0.23,0.11,-0.84
291.79,-50.24,4.14,0.25,6.57,0.22,-0.80,0.07,-0.10,-1.20,10.11,0.26,0.16,-0.77
291.80,-50.25,4.14,0.25,6.57,0.22,-0.80,0.07,-0.04,-1.45,10.30,0.31,0.15,-0.70
291.81,-50.31,4.14,0.25,6.57,0.22,-0.80,0.07,-0.47,-1.00,10.02,0.28,0.23,-0.51
291.83,-50.40,4.14,0.25,6.57,0.22,-0.80,0.07,-0.02,-0.43,9.85,0.34,0.32,-0.41
291.85,-50.26,4.14,0.25,6.57,0.22,-0.80,0.07,-0.03,-0.64,9.95,0.39,0.34,-0.59
291.88,-50.26,4.14,0.25,6.57,0.22,-0.80,0.07,-0.21,-0.80,10.04,0.43,0.37,-0.64
291.91,-50.76,4.14,0.25,6.57,0.22,-0.80,0.07,-0.92,-0.98,9.80,0.52,0.38,-0.60
291.93,-51.33,4.14,0.25,6.57,0.22,-0.80,0.07,-0.48,-0.73,9.80,0.59,0.43,-0.63
291.99,-51.54,4.14,0.25,6.57,0.22,-0.80,0.07,-0.19,-0.57,10.11,0.75,0.53,-0.65
292.00,-51.79,4.14,0.25,6.57,0.22,-0.80,0.07,0.20,-0.47,10.23,0.81,0.70,-0.54
292.02,-51.81,4.14,0.25,6.57,0.22,-0.80,0.07,0.75,-0.37,10.46,0.84,0.81,-0.46
292.04,-51.74,4.14,0.25,6.57,0.22,-0.80,0.07,1.33,0.22,10.89,0.92,0.94,-0.30
292.05,-51.60,4.14,0.25,6.57,0.22,-0.80,0.07,1.75,2.07,11.39,1.07,1.24,-0.23
292.07,-51.63,4.14,0.25,6.57,0.22,-0.80,0.07,1.85,2.68,11.58,1.06,1.42,-0.30
292.08,-51.82,4.14,0.25,6.57,0.22,-0.80,0.07,2.26,1.63,13.13,1.04,1.53,-0.49
292.10,-51.86,4.14,0.25,6.57,0.22,-0.80,0.07,2.62,0.94,13.77,1.14,1.56,-0.81
292.12,-51.79,4.14,0.25,6.57,0.22,-0.80,0.07,2.98,-0.49,13.46,1.33,1.59,-1.28
292.13,-51.77,4.14,0.25,6.57,0.22,-0.80,0.07,2.48,-1.50,12.72,1.47,1.62,-1.71
292.14,-51.77,4.14,0.25,6.57,0.22,-0.80,0.07,2.52,-2.37,12.49,1.55,1.61,-2.16
292.16,-51.72,4.14,0.25,6.57,0.22,-0.80,0.07,2.70,-3.31,12.49,1.58,1.58,-2.51
292.17,-51.43,4.14,0.25,6.57,0.22,-0.80,0.07,3.04,-4.76,11.90,1.66,1.55,-3.36
292.18,-51.29,4.14,0.25,6.57,0.22,-0.80,0.07,1.61,-5.80,11.19,1.57,1.58,-4.31
292.21,-52.53,4.14,0.25,6.57,0.22,-0.80,0.07,-1.66,-6.75,10.06,1.31,1.77,-5.07
292.23,-54.52,4.14,0.25,6.57,0.22,-0.80,0.07,-3.84,-7.01,9.21,1.05,1.92,-5.14
292.24,-56.55,4.14,0.25,6.57,0.22,-0.80,0.07,-4.59,-6.86,8.81,0.96,1.90,-4.99
292.26,-60.89,4.14,0.25,6.57,0.22,-0.80,0.07,-5.43,-5.90,7.49,0.65,1.52,-4.72
292.28,-63.87,4.14,0.25,6.57,0.22,-0.80,0.07,-5.90,-5.31,7.03,0.38,1.06,-4.38
292.31,-67.77,4.14,0.25,6.57,0.22,-0.80,0.07,-7.64,-5.37,7.29,0.18,0.30,-4.03
292.32,-81.28,0.11,-0.39,1.88,-0.96,-2.62,-2.84,-7.97,-5.41,7.36,0.19,0.06,-3.68
292.33,-81.85,0.69,-0.88,4.72,-0.98,-2.60,-2.67,-8.16,-5.34,7.24,0.25,-0.67,-2.76
292.35,-81.81,0.82,-1.17,8.23,-0.96,-2.52,-2.22,-8.06,-4.99,6.73,0.41,-0.83,-2.67
292.37,-82.21,0.65,-1.18,8.76,-0.95,-2.51,-2.10,-7.78,-4.46,6.16,0.54,-1.26,-2.30
292.38,-82.70,0.65,-1.18,8.76,-0.95,-2.51,-2.10,-7.39,-3.67,5.48,0.65,-1.73,-2.04
292.39,-83.01,0.65,-1.18,8.76,-0.95,-2.51,-2.10,-7.16,-3.19,5.10,0.69,-2.03,-1.94
292.40,-83.04,0.65,-1.18,8.76,-0.95,-2.51,-2.10,-6.72,-2.13,4.58,0.73,-2.97,-1.81
292.43,-82.51,0.65,-1.18,8.76,-0.95,-2.51,-2.10,-6.50,-1.81,4.77,0.75,-3.31,-1.76
292.44,-77.82,0.65,-1.18,8.76,-0.95,-2.51,-2.10,-5.62,-1.26,6.20,0.87,-4.39,-1.34
292.50,-75.21,0.65,-1.18,8.76,-0.95,-2.51,-2.10,-5.17,-1.27,6.97,0.85,-4.50,-1.14
292.52,-72.50,0.65,-1.18,8.76,-0.95,-2.51,-2.10,-4.35,-2.01,8.39,1.00,-4.62,-0.87
292.53,-70.19,0.65,-1.18,8.76,-0.95,-2.51,-2.10,-3.87,-1.96,9.15,1.12,-4.58,-0.71
292.54,-67.20,0.65,-1.18,8.76,-0.95,-2.51,-2.10,-2.82,-1.47,9.81,1.16,-4.21,-0.40
292.56,-64.33,0.65,-1.18,8.76,-0.95,-2.51,-2.10,-1.70,-1.12,10.00,1.13,-3.49,-0.19
292.58,-61.91,0.65,-1.18,8.76,-0.95,-2.51,-2.10,-1.36,-0.04,9.30,0.98,-3.07,-0.17
292.59,-60.33,0.65,-1.18,8.76,-0.95,-2.51,-2.10,-1.69,0.42,9.24,0.68,-2.38,-0.17
292.60,-59.62,0.65,-1.18,8.76,-0.95,-2.51,-2.10,-2.12,0.24,8.60,0.29,-1.51,-0.19
292.62,-59.68,0.65,-1.18,8.76,-0.95,-2.51,-2.10,-1.93,0.13,8.29,-0.03,-0.29,-0.13
292.64,-61.14,0.65,-1.18,8.76,-0.95,-2.51,-2.10,-2.39,-0.18,8.78,-0.40,0.66,-0.20
292.66,-62.96,0.65,-1.18,8.76,-0.95,-2.51,-2.10,-2.65,-0.80,10.24,-0.89,0.99,0.03
292.67,-62.65,0.65,-1.18,8.76,-0.95,-2.51,-2.10,5.71,1.70,18.92,-0.26,0.24,-0.19
292.70,-61.58,0.65,-1.18,8.76,-0.95,-2.51,-2.10,5.56,1.73,13.59,0.08,0.92,-1.25
292.71,-61.39,0.65,-1.18,8.76,-0.95,-2.51,-2.10,1.67,-0.55,9.92,-0.54,1.46,-1.64
292.72,-62.63,0.65,-1.18,8.76,-0.95,-2.51,-2.10,-2.74,-2.54,10.51,-0.94,1.89,-1.53
292.74,-65.77,0.65,-1.18,8.76,-0.95,-2.51,-2.10,-10.59,-4.78,11.58,-0.83,2.11,-1.16
292.74,-68.55,0.65,-1.18,8.76,-0.95,-2.51,-2.10,-13.26,-4.58,11.19,-0.44,1.65,-0.78
292.76,-72.37,0.65,-1.18,8.76,-0.95,-2.51,-2.10,-8.96,-1.75,9.30,-0.05,0.78,0.28
292.77,-74.64,0.65,-1.18,8.76,-0.95,-2.51,-2.10,-4.29,-2.21,8.35,-0.29,0.63,0.50
292.79,-75.47,0.65,-1.18,8.76,-0.95,-2.51,-2.10,-2.73,-4.09,9.48,-0.42,0.57,0.60
292.80,-75.82,0.65,-1.18,8.76,-0.95,-2.51,-2.10,-2.28,-4.45,10.78,-0.26,0.70,0.65
292.81,-76.35,0.65,-1.18,8.76,-0.95,-2.51,-2.10,-1.38,-2.71,10.89,-0.04,0.56,0.49
292.85,-75.95,0.65,-1.18,8.76,-0.95,-2.51,-2.10,-0.26,-1.41,9.44,0.08,0.42,0.27
292.87,-75.41,0.65,-1.18,8.76,-0.95,-2.51,-2.10,-0.56,-1.65,9.49,0.00,0.50,0.38
292.88,-75.11,0.65,-1.18,8.76,-0.95,-2.51,-2.10,-0.81,-2.06,9.87,-0.01,0.54,0.49
292.90,-74.92,0.65,-1.18,8.76,-0.95,-2.51,-2.10,-0.80,-2.07,9.85,-0.01,0.55,0.57
292.91,-74.73,0.65,-1.18,8.76,-0.95,-2.51,-2.10,-0.67,-2.07,9.87,-0.02,0.54,0.92
292.94,-73.82,0.65,-1.18,8.76,-0.95,-2.51,-2.10,0.37,-1.99,9.53,-0.01,0.56,0.99
292.96,-73.00,0.65,-1.18,8.76,-0.95,-2.51,-2.10,1.12,-1.77,9.52,-0.01,0.60,0.92
292.98,-71.42,0.65,-1.18,8.76,-0.95,-2.51,-2.10,2.12,-1.48,9.69,-0.02,0.64,0.42
293.01,-68.11,0.65,-1.18,8.76,-0.95,-2.51,-2.10,2.10,-1.41,9.55,0.03,0.75,0.11
293.03,-67.57,0.65,-1.18,8.76,-0.95,-2.51,-2.10,1.86,-1.27,9.60,0.03,0.82,0.03
293.04,-66.54,0.65,-1.18,8.76,-0.95,-2.51,-2.10,1.15,-0.92,9.74,-0.02,1.14,-0.00
293.10,-66.39,0.65,-1.18,8.76,-0.95,-2.51,-2.10,0.28,-0.65,10.24,-0.06,1.17,0.03
293.11,-66.81,0.65,-1.18,8.76,-0.95,-2.51,-2.10,0.72,-0.10,10.28,-0.15,1.55,0.16
293.16,-67.26,0.65,-1.18,8.76,-0.95,-2.51,-2.10,0.33,-1.37,10.78,-0.18,1.64,0.14
293.17,-67.82,0.65,-1.18,8.76,-0.95,-2.51,-2.10,-0.33,-1.58,11.08,-0.21,1.91,0.78
293.22,-70.97,0.65,-1.18,8.76,-0.95,-2.51,-2.10,-0.33,-0.43,12.22,-0.03,1.98,0.92
293.23,-71.56,0.65,-1.18,8.76,-0.95,-2.51,-2.10,0.28,-0.15,12.96,0.00,2.06,1.02
293.25,-71.78,0.65,-1.18,8.76,-0.95,-2.51,-2.10,1.61,0.68,13.44,0.11,2.12,1.09
293.26,-71.75,0.65,-1.18,8.76,-0.95,-2.51,-2.10,2.47,1.51,13.46,0.17,2.18,1.25
293.28,-71.38,0.65,-1.18,8.76,-0.95,-2.51,-2.10,3.72,2.27,13.25,0.19,2.22,1.43
293.29,-69.92,0.65,-1.18,8.76,-0.95,-2.51,-2.10,6.02,2.21,12.35,0.08,2.33,1.69
293.31,-69.21,0.65,-1.18,8.76,-0.95,-2.51,-2.10,6.46,2.06,12.33,-0.08,2.40,1.41
293.33,-68.38,0.65,-1.18,8.76,-0.95,-2.51,-2.10,6.09,0.78,12.87,-0.33,2.49,0.78
293.34,-67.73,0.65,-1.18,8.76,-0.95,-2.51,-2.10,3.34,-1.33,13.40,-0.60,2.67,-1.21
293.37,-68.29,0.65,-1.18,8.76,-0.95,-2.51,-2.10,0.13,-2.85,12.37,-0.79,2.71,-1.73
293.38,-69.46,0.65,-1.18,8.76,-0.95,-2.51,-2.10,-2.29,-3.88,11.48,-0.84,2.70,-2.13
293.39,-70.71,0.65,-1.18,8.76,-0.95,-2.51,-2.10,-4.49,-5.11,10.35,-0.83,2.59,-2.25
293.40,-74.67,0.65,-1.18,8.76,-0.95,-2.51,-2.10,-7.90,-6.24,8.81,-0.68,1.99,-1.85
293.42,-79.26,0.65,-1.18,8.76,-0.95,-2.51,-2.10,-10.95,-5.32,7.20,-0.36,1.03,-1.17
293.44,-83.70,0.65,-1.18,8.76,-0.95,-2.51,-2.10,-11.06,-3.63,5.90,-0.09,0.07,-0.69
293.46,-86.53,0.65,-1.18,8.76,-0.95,-2.51,-2.10,-9.82,-2.96,4.09,0.09,-1.45,-0.41
293.50,-90.34,-0.63,0.73,1.44,0.32,-2.68,0.26,-9.04,-3.39,2.61,0.49,-1.82,-0.38
293.51,-89.12,-1.01,0.78,4.72,0.06,-2.73,-0.02,-9.13,-3.29,1.98,0.67,-2.56,-0.28
293.52,-89.80,-1.01,0.78,4.72,0.06,-2.73,-0.02,-9.35,-3.25,1.65,0.83,-3.03,-0.14
293.54,-90.27,-1.01,0.78,4.72,0.06,-2.73,-0.02,-9.38,-2.64,1.31,0.92,-3.47,0.02
293.55,-90.56,-1.01,0.78,4.72,0.06,-2.73,-0.02,-9.21,-2.27,1.16,0.96,-3.77,0.14
293.56,-90.64,-1.01,0.78,4.72,0.06,-2.73,-0.02,-8.65,-1.78,1.05,1.04,-4.15,0.25
293.57,-90.57,-1.01,0.78,4.72,0.06,-2.73,-0.02,-8.04,-1.00,0.97,1.13,-4.51,0.22
293.58,-90.29,-1.01,0.78,4.72,0.06,-2.73,-0.02,-7.63,-0.57,0.95,1.18,-4.80,0.18
293.59,-89.78,-1.01,0.78,4.72,0.06,-2.73,-0.02,-6.94,0.07,1.03,1.21,-5.16,0.06
293.60,-89.17,-1.01,0.78,4.72,0.06,-2.73,-0.02,-6.38,0.53,1.54,1.19,-5.49,-0.13
293.61,-87.49,-1.01,0.78,4.72,0.06,-2.73,-0.02,-5.88,0.47,2.55,1.16,-5.78,-0.30
293.63,-85.15,-1.01,0.78,4.72,0.06,-2.73,-0.02,-5.03,-0.21,4.47,1.16,-6.01,-0.40
293.64,-82.72,-1.01,0.78,4.72,0.06,-2.73,-0.02,-4.19,-1.45,6.93,1.22,-6.11,-0.38
293.65,-78.98,-1.01,0.78,4.72,0.06,-2.73,-0.02,-3.72,-2.15,8.38,1.32,-6.08,-0.30
293.66,-71.50,-1.01,0.78,4.72,0.06,-2.73,-0.02,-2.32,-1.53,10.18,1.45,-4.94,0.40
293.69,-66.70,-1.01,0.78,4.72,0.06,-2.73,-0.02,-1.67,-0.48,10.52,1.22,-4.32,0.55
293.70,-63.32,-1.01,0.78,4.72,0.06,-2.73,-0.02,-2.41,-0.92,9.84,1.05,-3.49,0.71
293.72,-61.23,-1.01,0.78,4.72,0.06,-2.73,-0.02,-0.54,0.08,9.27,0.69,-2.77,0.89
293.74,-57.26,-1.01,0.78,4.72,0.06,-2.73,-0.02,1.92,-0.69,10.04,0.07,-0.68,0.94
293.77,-56.84,-1.01,0.78,4.72,0.06,-2.73,-0.02,1.48,-0.33,9.73,-0.08,0.16,0.83
293.78,-56.93,-1.01,0.78,4.72,0.06,-2.73,-0.02,1.24,0.01,9.45,-0.29,1.04,0.58
293.79,-57.89,-1.01,0.78,4.72,0.06,-2.73,-0.02,0.88,-0.64,9.77,-0.80,1.30,0.56
293.81,-56.58,-1.01,0.78,4.72,0.06,-2.73,-0.02,9.76,3.51,17.88,-0.27,0.38,-0.46
293.84,-55.88,-1.01,0.78,4.72,0.06,-2.73,-0.02,4.45,2.39,13.73,-0.10,1.11,-1.84
293.85,-56.32,-1.01,0.78,4.72,0.06,-2.73,-0.02,-0.48,-0.68,10.75,-0.66,1.69,-1.98
293.87,-59.33,-1.01,0.78,4.72,0.06,-2.73,-0.02,-6.24,-3.85,10.29,-1.06,2.19,-1.48
293.88,-64.99,-1.01,0.78,4.72,0.06,-2.73,-0.02,-11.58,-3.95,10.25,-0.63,1.56,-0.43
293.90,-70.26,-1.01,0.78,4.72,0.06,-2.73,-0.02,-6.17,-0.99,8.57,-0.42,0.97,-0.10
293.92,-71.55,-1.01,0.78,4.72,0.06,-2.73,-0.02,-2.45,-1.80,9.00,-0.57,0.71,-0.06
293.93,-71.82,-1.01,0.78,4.72,0.06,-2.73,-0.02,-0.70,-4.89,10.70,-0.47,0.81,0.31
293.99,-73.58,-1.01,0.78,4.72,0.06,-2.73,-0.02,-1.49,-1.29,9.93,-0.14,0.67,0.35
294.04,-72.12,-1.01,0.78,4.72,0.06,-2.73,-0.02,0.76,-2.06,9.99,-0.17,0.71,0.28
294.05,-71.74,-1.01,0.78,4.72,0.06,-2.73,-0.02,0.20,-2.36,9.94,-0.15,0.71,0.21
294.06,-71.57,-1.01,0.78,4.72,0.06,-2.73,-0.02,-0.63,-2.62,9.77,-0.11,0.65,0.42
294.08,-71.57,-1.01,0.78,4.72,0.06,-2.73,-0.02,-0.84,-2.56,9.34,-0.08,0.62,0.60
294.09,-71.42,-1.01,0.78,4.72,0.06,-2.73,-0.02,-0.28,-2.47,9.38,-0.10,0.66,0.94
294.11,-71.11,-1.01,0.78,4.72,0.06,-2.73,-0.02,0.39,-2.11,9.70,-0.08,0.69,1.04
294.12,-70.61,-1.01,0.78,4.72,0.06,-2.73,-0.02,1.07,-1.68,9.94,-0.06,0.74,1.07
294.13,-69.74,-1.01,0.78,4.72,0.06,-2.73,-0.02,1.90,-1.27,9.92,-0.05,0.81,0.63
294.16,-67.46,-1.01,0.78,4.72,0.06,-2.73,-0.02,2.58,-1.27,9.57,-0.00,0.84,0.38
294.18,-66.65,-1.01,0.78,4.72,0.06,-2.73,-0.02,2.17,-1.44,9.54,-0.01,0.86,0.14
294.18,-66.20,-1.01,0.78,4.72,0.06,-2.73,-0.02,1.45,-1.66,9.65,-0.00,0.90,-0.03
294.20,-65.88,-1.01,0.78,4.72,0.06,-2.73,-0.02,0.77,-1.73,9.78,0.00,0.94,-0.09
294.21,-66.06,-1.01,0.78,4.72,0.06,-2.73,-0.02,-0.65,-1.64,9.87,0.03,1.01,0.01
294.22,-66.53,-1.01,0.78,4.72,0.06,-2.73,-0.02,-1.25,-1.34,9.77,0.02,1.07,0.24
294.24,-67.20,-1.01,0.78,4.72,0.06,-2.73,-0.02,-1.22,-1.08,9.72,-0.03,1.19,0.62
294.28,3.06,0.58,-1.72,6.27,0.39,0.60,1.54,-0.07,-1.24,10.25,-0.14,1.23,0.57
294.29,2.00,1.26,-2.11,7.52,0.43,0.56,1.70,-0.28,-1.30,10.26,-0.13,1.28,0.47
294.31,0.41,2.48,-2.50,8.26,0.41,0.57,1.60,-0.83,-1.70,10.56,-0.10,1.36,0.45
294.32,-1.20,3.34,-2.85,8.76,0.39,0.58,1.43,-1.16,-1.84,10.76,-0.06,1.40,0.48
294.33,-2.68,3.82,-2.95,9.02,0.39,0.58,1.29,-1.46,-1.81,10.88,-0.01,1.43,0.57
294.35,-4.34,4.15,-2.78,9.23,0.41,0.56,1.12,-1.32,-1.58,10.84,-0.02,1.46,0.67
294.36,-6.05,4.19,-2.50,9.41,0.41,0.54,0.97,-1.14,-1.58,10.90,-0.02,1.49,0.75
294.37,-8.61,4.31,-2.19,9.91,0.42,0.49,0.79,-0.38,-1.18,11.26,-0.00,1.68,1.02
294.40,-11.93,5.11,-1.03,10.23,0.61,0.21,0.67,1.40,0.59,12.14,0.04,1.79,1.14
294.42,-13.12,5.38,-0.63,10.17,0.73,-0.01,0.64,1.85,1.20,12.15,0.04,1.86,1.23
294.44,-14.29,5.63,-0.45,10.10,0.94,-0.26,0.60,2.60,2.02,12.20,-0.00,1.96,1.46
294.46,-16.14,6.04,-0.09,9.47,1.30,-0.66,0.63,3.79,2.59,12.37,-0.11,2.06,1.58
294.47,-19.28,6.79,0.59,7.92,1.56,-1.17,0.66,4.28,2.21,12.03,-0.27,2.09,1.51
294.49,-21.34,7.17,0.89,7.44,1.49,-1.52,0.56,3.91,1.66,12.24,-0.44,2.08,1.18
294.50,-23.67,6.95,0.78,7.71,1.40,-1.77,0.43,3.27,1.18,12.51,-0.57,2.12,0.58
294.51,-26.88,6.53,0.85,9.47,1.36,-1.89,0.25,0.32,-0.18,13.00,-0.81,2.26,0.11
294.52,-32.55,4.88,-0.55,13.58,1.16,-1.75,0.03,-4.03,-2.47,12.12,-0.98,2.41,-0.68
294.55,-36.10,3.53,-0.90,14.41,1.24,-1.90,-0.21,-6.01,-3.60,11.01,-0.97,2.35,-0.77
294.56,-37.99,2.85,-0.41,14.01,1.30,-2.13,-0.37,-6.61,-4.18,10.06,-0.91,2.27,-0.74
294.57,-44.67,2.35,0.66,12.62,0.90,-2.54,-0.48,-8.00,-4.17,7.40,-0.70,1.81,-0.52
294.59,-48.96,1.76,-0.04,12.77,0.62,-2.42,-0.42,-9.24,-3.28,5.72,-0.56,1.23,-0.35
294.61,-51.72,0.57,-0.60,13.03,0.41,-2.45,-0.42,-10.11,-2.41,4.83,-0.46,0.66,-0.23
294.62,-55.09,0.29,-0.74,13.05,0.33,-2.47,-0.46,-10.45,-1.68,4.20,-0.40,-0.44,-0.17
294.64,-58.83,-0.36,-0.14,12.61,0.34,-2.45,-0.37,-9.82,-1.66,3.55,-0.25,-1.02,-0.20
294.65,-60.13,-0.49,0.09,12.18,0.28,-2.42,-0.22,-9.39,-2.02,3.25,-0.05,-1.56,-0.24
294.66,-60.95,-0.45,0.69,11.43,0.14,-2.35,-0.04,-9.15,-2.23,2.85,0.14,-2.03,-0.24
294.68,-61.76,-0.96,1.12,10.82,-0.08,-2.24,0.10,-8.82,-2.16,2.44,0.25,-2.45,-0.18
294.69,-62.03,-1.28,1.33,10.46,-0.24,-2.18,0.14,-8.65,-1.92,2.01,0.29,-2.84,-0.13
294.70,-62.13,-1.75,1.38,10.31,-0.32,-2.11,0.16,-8.70,-1.51,1.57,0.30,-3.19,-0.04
294.71,-61.39,-2.45,1.15,9.96,-0.43,-1.90,0.27,-8.83,-1.24,1.33,0.30,-3.55,0.09
294.73,-59.46,-2.84,0.04,9.09,-0.45,-1.57,0.71,-9.66,-0.99,1.22,0.37,-4.64,0.47
294.76,-57.31,-2.51,-0.56,8.41,-0.42,-1.30,1.03,-9.66,-1.69,1.91,0.47,-5.04,0.73
294.77,-53.76,-2.14,-1.14,7.82,-0.32,-0.94,1.44,-8.91,-2.35,2.77,0.56,-5.40,1.21
294.78,-48.56,-1.47,-1.31,7.43,-0.13,-0.50,1.88,-7.29,-2.77,3.83,0.54,-5.52,2.03
294.81,-45.67,-1.13,-1.27,7.28,-0.07,-0.33,2.05,-6.38,-2.96,4.44,0.42,-5.31,2.85
294.82,-40.30,-0.16,-1.37,6.98,-0.07,-0.05,2.55,-5.27,-3.53,6.15,0.18,-5.13,3.31
294.83,-37.23,0.47,-1.47,6.98,-0.13,0.04,2.79,-4.42,-4.04,7.13,0.09,-4.91,3.80
294.85,-33.13,1.96,-1.92,6.87,-0.38,0.12,3.25,-2.79,-4.37,8.06,0.02,-4.61,4.29
294.86,-28.16,4.68,-3.35,6.39,-0.76,-0.03,3.48,1.27,-3.16,9.90,-0.06,-2.61,3.98
294.91,-23.87,10.47,-4.26,6.03,-0.75,-0.59,2.47,7.40,2.01,10.93,0.13,-2.00,3.14
294.92,-22.50,12.04,-3.31,6.61,-0.50,-0.68,1.68,7.86,2.89,10.62,0.14,-1.37,2.16
294.93,-23.07,13.60,-1.90,7.05,-0.10,-0.65,0.68,7.71,3.06,10.56,0.12,-0.71,0.76
294.95,-23.93,14.97,-0.68,8.46,0.01,-0.45,-0.34,6.78,1.91,11.87,-0.17,0.48,0.02
294.96,-24.80,16.46,-1.33,11.92,-0.04,-0.17,-0.42,6.53,1.01,14.53,-0.38,0.35,0.19
294.98,-24.66,17.06,-1.22,12.64,0.03,0.26,-0.29,10.71,1.59,17.98,0.00,0.14,-0.34
294.99,-24.84,13.12,0.03,9.05,-0.12,0.63,-0.67,8.81,0.19,14.84,0.51,0.57,-1.97
295.01,-25.01,6.35,-0.99,8.85,-0.51,0.62,-1.32,2.55,-1.89,10.93,0.23,1.34,-2.15
295.03,-26.23,-0.69,-4.23,8.21,-0.81,0.80,-1.84,-6.25,-4.22,8.85,-0.12,1.66,-1.79
295.04,-27.72,-3.33,-5.52,8.32,-0.80,0.83,-1.77,-9.30,-3.46,8.33,0.12,1.34,-1.14
295.05,-26.90,-3.28,-5.01,8.50,-0.66,0.88,-1.34,-7.12,-1.30,8.30,0.16,0.84,-0.48
295.06,-26.97,-0.93,-3.88,9.13,-0.52,1.12,-0.88,-3.15,-0.73,8.39,-0.02,0.52,-0.21
295.08,-24.48,0.92,-3.75,9.82,-0.35,1.30,-0.31,0.58,-1.88,9.73,-0.18,0.41,-0.53
295.09,-22.49,2.08,-3.63,10.35,-0.07,0.92,0.04,0.01,-1.26,10.00,-0.11,0.57,-0.91
295.11,-21.91,1.93,-2.71,10.42,0.16,0.67,0.12,-1.58,-1.11,9.60,-0.16,0.63,-0.87
295.12,-21.96,1.39,-2.09,10.07,0.23,0.56,0.25,-2.71,-1.57,9.48,-0.18,0.58,-0.67
295.13,-22.34,1.02,-2.34,9.93,0.23,0.55,0.43,-3.07,-2.00,9.40,-0.18,0.43,-0.32
295.15,-21.97,0.78,-3.06,9.79,0.29,0.54,0.74,-2.28,-2.28,9.27,-0.21,0.31,0.03
295.16,-21.89,0.96,-3.44,9.62,0.39,0.50,1.02,-1.33,-2.67,9.54,-0.26,0.29,0.48
295.17,-21.18,2.23,-3.62,8.83,0.52,0.28,1.20,-0.52,-3.21,10.04,-0.27,0.32,0.73
295.18,-21.18,3.34,-3.70,8.28,0.50,0.13,1.25,0.27,-3.35,10.25,-0.22,0.36,1.01
295.20,-21.98,5.66,-4.12,7.70,0.47,-0.05,1.19,1.12,-2.86,10.15,-0.15,0.41,1.07
295.21,-22.57,6.72,-4.34,7.56,0.49,-0.05,1.10,1.64,-2.42,10.10,-0.09,0.43,1.01
295.22,-23.51,7.42,-4.34,7.58,0.53,0.05,0.96,1.94,-2.04,10.17,-0.04,0.44,0.87
295.23,-24.35,6.99,-4.01,7.88,0.54,0.19,0.85,2.13,-1.83,10.27,0.02,0.44,0.60
295.24,-24.56,5.26,-3.37,8.46,0.52,0.28,0.74,2.03,-1.83,10.27,0.08,0.43,0.28
295.25,-24.22,4.05,-3.17,8.81,0.52,0.26,0.68,1.64,-1.76,10.04,0.13,0.43,0.02
295.27,-23.70,2.56,-3.02,9.35,0.58,0.14,0.66,0.88,-1.69,9.84,0.13,0.45,-0.16
295.28,-23.60,2.16,-2.90,9.49,0.64,0.08,0.68,-0.97,-2.41,9.87,0.20,0.34,-0.19
295.29,-23.47,2.41,-2.63,9.40,0.66,0.02,0.77,-1.84,-2.14,9.67,0.12,0.42,-0.06
295.31,-25.00,3.59,-2.83,9.05,0.60,0.00,0.83,-2.74,-2.38,9.66,0.19,0.32,0.57
295.33,-26.46,3.87,-3.01,9.10,0.60,-0.01,0.76,-2.50,-2.21,9.62,0.26,0.25,0.92
295.35,-27.23,3.54,-3.26,9.40,0.61,-0.00,0.66,-1.44,-2.04,9.70,0.29,0.20,1.00
295.36,-27.25,3.05,-3.40,9.46,0.64,0.03,0.63,-0.53,-2.08,9.85,0.30,0.14,0.93
295.37,-26.37,2.45,-3.48,9.25,0.72,0.06,0.73,0.23,-2.12,10.00,0.39,0.07,0.68
295.39,-25.72,2.45,-3.44,9.15,0.78,0.07,0.86,-0.13,-1.95,9.94,0.47,0.05,0.52
295.40,-25.19,2.97,-2.92,9.26,0.98,0.02,1.19,-1.19,-1.74,9.86,0.52,0.03,0.59
295.43,-25.32,3.24,-2.65,9.29,1.05,-0.01,1.31,-1.52,-1.67,9.78,0.53,0.01,0.78
295.44,-25.63,3.56,-2.40,9.23,1.11,-0.04,1.44,-1.62,-1.59,9.65,0.54,-0.01,1.04
295.45,-25.96,3.82,-2.35,9.07,1.16,-0.08,1.53,-1.24,-1.51,9.68,0.54,-0.00,1.29
295.46,-26.29,4.06,-2.25,8.82,1.21,-0.10,1.61,-0.84,-1.44,9.69,0.53,0.00,1.47
295.47,-26.57,4.47,-2.20,8.55,1.24,-0.15,1.67,0.10,-1.25,9.90,0.52,0.02,1.70
295.49,-26.52,4.77,-2.24,8.49,1.27,-0.19,1.70,0.87,-1.13,10.13,0.54,0.05,1.73
295.50,-26.84,5.24,-2.17,8.56,1.31,-0.28,1.70,1.49,-0.86,10.37,0.61,0.10,1.72
295.52,-26.73,5.26,-2.18,8.63,1.30,-0.33,1.65,1.72,-0.58,10.45,0.66,0.17,1.63
295.53,-27.11,5.00,-2.31,8.74,1.27,-0.42,1.54,1.37,-0.55,10.39,0.65,0.27,1.52
295.54,-27.27,4.66,-2.39,8.79,1.28,-0.46,1.47,0.68,-0.66,10.40,0.64,0.36,1.44
295.55,-27.86,3.94,-2.43,9.09,1.33,-0.51,1.41,-0.61,-0.96,10.51,0.65,0.43,1.59
295.58,-29.72,2.92,-2.15,9.64,1.47,-0.49,1.52,-2.98,-1.43,9.90,0.70,0.37,2.09
295.60,-31.29,1.92,-2.14,9.07,1.45,-0.51,1.56,-3.39,-1.64,8.62,0.66,0.24,2.46
295.62,-31.94,1.72,-2.38,9.02,1.44,-0.55,1.59,-2.58,-1.78,8.78,0.58,0.05,2.75
295.63,-31.74,1.57,-2.60,9.29,1.57,-0.62,1.76,-2.03,-1.83,9.13,0.55,-0.05,2.88
295.64,-31.36,1.61,-2.47,9.59,1.79,-0.70,2.05,-1.52,-1.89,9.95,0.53,-0.16,3.27
295.66,-30.96,1.67,-2.33,9.59,1.98,-0.78,2.40,-1.74,-1.55,10.26,0.62,-0.10,3.76
295.68,-31.20,2.62,-2.07,9.02,2.33,-0.94,3.00,-1.67,-0.52,9.96,0.58,0.11,4.50
295.72,-31.81,4.79,-1.45,8.94,2.72,-1.03,3.52,1.54,0.27,10.33,0.39,0.24,4.06
295.74,-32.29,5.44,-1.23,8.66,2.76,-1.11,3.65,1.86,0.55,10.16,0.32,0.33,3.63
295.75,-32.82,5.76,-1.05,8.32,2.72,-1.19,3.71,1.10,0.50,10.01,0.25,0.41,3.01
295.77,-35.06,5.94,-0.81,7.83,2.58,-1.29,3.68,-1.19,0.01,9.67,0.11,0.55,2.75
295.79,-37.74,6.02,-0.66,7.78,2.43,-1.21,3.57,-3.44,-0.68,9.38,-0.16,0.76,2.84
295.80,-40.22,5.99,-0.59,7.95,2.28,-1.07,3.44,-4.17,-0.83,9.28,-0.32,0.88,3.01
295.81,-42.52,5.93,-0.54,8.09,2.16,-0.93,3.32,-4.64,-1.04,9.30,-0.53,1.02,3.30
295.82,-44.86,5.81,-0.39,8.15,1.98,-0.74,3.16,-4.51,-1.25,9.40,-0.68,1.14,3.58
295.84,-47.45,5.60,-0.12,8.25,1.73,-0.50,2.86,-3.95,-1.24,9.41,-0.83,1.34,3.90
295.86,-49.76,5.44,-0.08,8.55,1.63,-0.34,2.51,-3.02,-0.89,9.17,-1.03,1.47,3.95
295.87,-50.90,5.10,0.11,8.59,1.62,-0.26,2.33,-2.76,-0.81,9.09,-1.11,1.56,3.80
295.88,-51.86,4.73,0.41,8.67,1.56,-0.15,2.21,-2.78,-0.54,8.79,-1.22,1.60,3.63
295.90,-52.80,4.17,0.44,8.86,1.45,-0.03,2.07,-2.99,-0.50,8.59,-1.33,1.59,3.24
295.92,-53.90,3.25,-0.13,8.94,1.36,0.12,1.89,-3.48,-0.80,8.33,-1.63,1.58,3.10
295.93,-54.09,2.70,-1.27,8.81,1.37,0.32,1.82,-3.66,-1.70,8.58,-1.61,1.52,2.84
295.96,-53.89,2.64,-1.96,8.74,1.38,0.35,1.96,-3.41,-2.02,8.35,-1.56,1.47,2.68
295.99,-53.96,2.72,-2.22,8.74,1.34,0.29,1.98,-3.28,-2.21,8.34,-1.53,1.41,2.56
296.00,-53.70,3.00,-2.55,8.68,1.29,0.18,1.98,-3.11,-2.42,8.36,-1.51,1.33,2.45
296.01,-53.70,3.83,-2.99,8.12,1.30,0.13,1.92,-2.68,-2.74,8.34,-1.46,1.19,2.30
296.02,-53.72,4.06,-3.05,7.92,1.34,0.15,1.88,-2.30,-2.80,8.13,-1.38,1.08,2.16
296.04,-53.61,4.79,-2.06,6.44,1.23,0.34,1.62,-1.56,-2.72,7.37,-1.20,0.79,1.78
296.06,-53.35,4.63,-2.12,6.25,0.76,0.44,1.37,-1.50,-2.82,6.81,-1.07,0.38,1.43
296.08,-52.54,4.17,-2.71,6.40,0.43,0.47,1.13,-1.64,-2.88,6.27,-0.83,0.09,1.29
296.10,-51.85,3.93,-2.83,6.27,0.31,0.49,1.00,-1.97,-2.91,6.03,-0.68,-0.21,1.15
296.11,-50.86,3.65,-2.68,6.13,0.10,0.52,0.84,-2.98,-2.77,6.10,-0.52,-0.65,1.17
296.12,-50.16,4.27,-2.72,6.43,-0.01,0.52,0.93,-2.99,-2.23,7.25,-0.47,-1.05,1.46
296.14,-49.39,6.08,-2.99,7.17,-0.13,0.34,1.09,-1.23,-2.39,10.36,-0.43,-1.54,1.62
296.15,-47.82,9.26,-3.33,8.56,-0.12,0.04,1.20,1.48,-3.32,12.87,-0.36,-1.82,1.56
296.16,-45.31,12.06,-2.21,8.70,0.14,-0.05,1.38,6.23,-2.72,15.42,-0.05,-1.66,1.13
296.17,-43.23,12.29,-1.00,8.18,0.14,-0.07,1.23,6.60,-0.76,15.26,-0.05,-1.16,0.58
296.18,-42.56,11.27,-0.53,7.77,0.06,-0.24,0.74,5.26,0.05,15.50,-0.17,-0.70,0.09
296.20,-42.22,11.90,-0.41,8.39,0.14,-0.60,0.26,3.26,-0.12,16.83,-0.15,-0.50,-0.21
296.21,-41.97,12.05,-0.16,8.75,0.18,-0.74,0.10,2.48,-0.53,16.63,-0.02,-0.48,-0.45
296.22,-42.57,11.16,0.29,8.94,0.23,-0.82,0.06,1.81,-0.42,15.23,0.08,-0.33,-0.69
296.23,-42.88,9.28,0.73,8.82,0.30,-0.83,-0.00,0.66,0.09,12.77,0.16,-0.14,-0.78
296.25,-42.58,9.28,0.73,8.82,0.30,-0.83,-0.00,-1.21,0.11,10.52,0.13,0.06,-0.70
296.27,-44.38,9.28,0.73,8.82,0.30,-0.83,-0.00,-5.42,-0.23,7.49,-0.12,0.03,-0.44
296.28,-47.22,9.28,0.73,8.82,0.30,-0.83,-0.00,-6.67,-1.54,8.14,-0.25,-0.55,0.49
296.32,-48.85,9.28,0.73,8.82,0.30,-0.83,-0.00,-3.57,-2.35,10.29,0.13,-0.56,0.70
296.34,-48.53,9.28,0.73,8.82,0.30,-0.83,-0.00,-2.01,-1.38,9.85,0.19,-0.44,0.55
296.36,-47.66,9.28,0.73,8.82,0.30,-0.83,-0.00,-1.44,-0.81,9.61,0.10,-0.39,0.30
296.37,-47.28,9.28,0.73,8.82,0.30,-0.83,-0.00,-1.67,-0.69,9.39,0.05,-0.36,0.11
296.39,-47.29,9.28,0.73,8.82,0.30,-0.83,-0.00,-3.11,-0.98,9.44,-0.00,-0.41,-0.02
296.42,-47.40,9.28,0.73,8.82,0.30,-0.83,-0.00,-3.24,-0.98,9.68,0.08,-0.45,0.16
296.43,-47.52,9.28,0.73,8.82,0.30,-0.83,-0.00,-2.91,-0.55,9.68,0.08,-0.42,0.29
296.45,-47.53,9.28,0.73,8.82,0.30,-0.83,-0.00,-2.61,-0.48,9.80,0.05,-0.38,0.35
296.46,-47.51,9.28,0.73,8.82,0.30,-0.83,-0.00,-2.44,-0.48,9.77,0.02,-0.32,0.38
296.49,-47.28,9.28,0.73,8.82,0.30,-0.83,-0.00,-1.95,-0.36,9.53,-0.06,-0.30,0.39
296.51,-47.04,9.28,0.73,8.82,0.30,-0.83,-0.00,-1.85,-0.28,9.47,-0.08,-0.30,0.40
296.52,-46.96,9.28,0.73,8.82,0.30,-0.83,-0.00,-1.80,-0.27,9.47,-0.09,-0.29,0.40
296.54,-46.38,9.28,0.73,8.82,0.30,-0.83,-0.00,-1.88,-0.50,9.60,-0.14,-0.27,0.29
296.59,-46.38,9.28,0.73,8.82,0.30,-0.83,-0.00,-1.88,-0.50,9.60,-0.14,-0.27,0.29
296.61,-46.30,9.28,0.73,8.82,0.30,-0.83,-0.00,-1.97,-0.74,9.59,-0.16,-0.27,0.28
296.62,-46.26,9.28,0.73,8.82,0.30,-0.83,-0.00,-1.88,-0.85,9.59,-0.16,-0.28,0.33
296.64,-46.03,9.28,0.73,8.82,0.30,-0.83,-0.00,-1.55,-0.88,9.63,-0.15,-0.29,0.40
296.65,-45.22,9.28,0.73,8.82,0.30,-0.83,-0.00,-1.44,-1.01,9.69,-0.14,-0.30,0.29
296.68,-44.91,9.28,0.73,8.82,0.30,-0.83,-0.00,-1.36,-1.21,9.77,-0.13,-0.31,0.26
296.70,-44.72,9.28,0.73,8.82,0.30,-0.83,-0.00,-1.32,-1.25,9.74,-0.12,-0.31,0.25
296.71,-44.57,9.28,0.73,8.82,0.30,-0.83,-0.00,-1.32,-1.30,9.74,-0.10,-0.32,0.25
296.72,-44.33,9.28,0.73,8.82,0.30,-0.83,-0.00,-1.26,-1.37,9.78,-0.08,-0.33,0.24
296.73,-44.11,9.28,0.73,8.82,0.30,-0.83,-0.00,-1.20,-1.43,9.79,-0.05,-0.34,0.23
296.75,-43.89,9.28,0.73,8.82,0.30,-0.83,-0.00,-1.12,-1.48,9.71,-0.03,-0.34,0.20
296.76,-43.72,9.28,0.73,8.82,0.30,-0.83,-0.00,-1.03,-1.54,9.60,-0.03,-0.29,0.16
296.79,-43.07,9.28,0.73,8.82,0.30,-0.83,-0.00,-0.61,-1.71,9.74,-0.08,-0.30,0.13
296.80,-42.58,9.28,0.73,8.82,0.30,-0.83,-0.00,-0.61,-1.81,9.80,-0.03,-0.33,0.07
296.82,-42.30,9.28,0.73,8.82,0.30,-0.83,-0.00,-0.81,-1.71,9.67,-0.01,-0.35,-0.02
296.83,-41.99,9.28,0.73,8.82,0.30,-0.83,-0.00,-1.26,-1.76,9.92,-0.03,-0.33,-0.18
296.85,-41.95,9.28,0.73,8.82,0.30,-0.83,-0.00,-1.29,-1.78,10.05,-0.02,-0.31,-0.16
296.87,-41.90,9.28,0.73,8.82,0.30,-0.83,-0.00,-1.28,-1.49,10.09,0.00,-0.31,-0.09
296.88,-41.83,9.28,0.73,8.82,0.30,-0.83,-0.00,-1.36,-0.79,9.90,0.04,-0.38,-0.06
296.90,-41.75,9.28,0.73,8.82,0.30,-0.83,-0.00,-1.39,-0.60,9.93,0.05,-0.42,-0.17
296.91,-41.70,9.28,0.73,8.82,0.30,-0.83,-0.00,-1.43,-0.91,10.25,0.06,-0.38,-0.25
296.93,-41.68,9.28,0.73,8.82,0.30,-0.83,-0.00,-1.28,-1.31,10.52,0.07,-0.28,-0.23
296.94,-41.62,9.28,0.73,8.82,0.30,-0.83,-0.00,-0.76,-1.28,10.44,0.13,-0.16,-0.07
296.96,-41.29,9.28,0.73,8.82,0.30,-0.83,-0.00,-0.09,-0.21,9.83,0.15,-0.15,0.00
296.98,-40.82,9.28,0.73,8.82,0.30,-0.83,-0.00,-1.02,-0.41,10.06,0.12,-0.18,-0.25
297.02,-41.11,9.28,0.73,8.82,0.30,-0.83,-0.00,-1.94,-0.55,10.13,0.16,-0.22,-0.13
297.03,-41.37,9.28,0.73,8.82,0.30,-0.83,-0.00,-2.26,-0.54,10.21,0.19,-0.25,0.04
297.04,-41.70,9.28,0.73,8.82,0.30,-0.83,-0.00,-2.21,-0.44,10.25,0.21,-0.28,0.17
297.06,-41.94,9.28,0.73,8.82,0.30,-0.83,-0.00,-1.31,-0.08,10.07,0.30,-0.41,0.30
297.08,-41.29,9.28,0.73,8.82,0.30,-0.83,-0.00,-0.41,-0.06,9.75,0.35,-0.54,0.11
297.13,-40.25,9.28,0.73,8.82,0.30,-0.83,-0.00,-0.67,-0.73,9.93,0.42,-0.53,0.18
297.14,-39.92,9.28,0.73,8.82,0.30,-0.83,-0.00,-0.55,-0.88,9.92,0.43,-0.46,0.49
297.17,-39.37,9.28,0.73,8.82,0.30,-0.83,-0.00,0.26,-0.67,9.44,0.40,-0.35,0.57
297.18,-38.95,9.28,0.73,8.82,0.30,-0.83,-0.00,0.56,-0.61,9.29,0.39,-0.34,0.59
297.20,-37.79,9.28,0.73,8.82,0.30,-0.83,-0.00,1.28,-0.51,9.05,0.35,-0.32,0.50
297.22,-37.11,9.28,0.73,8.82,0.30,-0.83,-0.00,1.46,-0.41,8.96,0.32,-0.29,0.43
297.23,-36.62,9.28,0.73,8.82,0.30,-0.83,-0.00,1.45,-0.33,8.97,0.30,-0.28,0.36
297.24,-35.62,9.28,0.73,8.82,0.30,-0.83,-0.00,1.23,-0.37,9.25,0.25,-0.27,0.25
297.26,-34.65,9.28,0.73,8.82,0.30,-0.83,-0.00,0.76,-0.36,9.71,0.15,-0.24,0.23
297.29,-34.32,9.28,0.73,8.82,0.30,-0.83,-0.00,0.62,-0.31,9.58,0.10,-0.20,0.30
297.32,-34.04,9.28,0.73,8.82,0.30,-0.83,-0.00,0.70,-0.31,9.32,0.06,-0.20,0.35
297.33,-33.88,9.28,0.73,8.82,0.30,-0.83,-0.00,0.92,-0.27,9.18,0.03,-0.22,0.35
297.35,-33.48,9.28,0.73,8.82,0.30,-0.83,-0.00,1.22,-0.18,9.21,-0.01,-0.25,0.33
297.36,-32.63,9.28,0.73,8.82,0.30,-0.83,-0.00,1.49,-0.33,9.62,-0.07,-0.28,0.18
297.38,-32.26,9.28,0.73,8.82,0.30,-0.83,-0.00,1.38,-0.31,9.94,-0.09,-0.27,0.12
297.40,-31.99,9.28,0.73,8.82,0.30,-0.83,-0.00,1.16,-0.35,10.20,-0.11,-0.24,0.04
297.41,-31.84,9.28,0.73,8.82,0.30,-0.83,-0.00,0.75,-0.53,10.43,-0.12,-0.19,-0.02
297.42,-31.87,9.28,0.73,8.82,0.30,-0.83,-0.00,0.39,-0.65,10.49,-0.09,-0.14,-0.02
297.43,-32.12,9.28,0.73,8.82,0.30,-0.83,-0.00,0.10,-0.69,10.43,-0.06,-0.09,0.07
297.47,-32.59,9.28,0.73,8.82,0.30,-0.83,-0.00,0.26,-0.41,9.99,-0.01,-0.13,0.07
297.48,-32.64,9.28,0.73,8.82,0.30,-0.83,-0.00,0.49,-0.22,9.79,0.00,-0.18,0.04
297.49,-32.61,9.28,0.73,8.82,0.30,-0.83,-0.00,0.72,-0.07,9.67,-0.01,-0.23,-0.01
297.50,-32.47,9.28,0.73,8.82,0.30,-0.83,-0.00,0.90,-0.00,9.61,-0.04,-0.26,-0.06
297.51,-32.19,9.28,0.73,8.82,0.30,-0.83,-0.00,1.04,-0.00,9.61,-0.10,-0.33,-0.18
297.53,-31.94,9.28,0.73,8.82,0.30,-0.83,-0.00,0.99,-0.13,9.65,-0.14,-0.36,-0.23
297.54,-31.37,9.28,0.73,8.82,0.30,-0.83,-0.00,0.66,-0.47,9.68,-0.26,-0.49,-0.27
297.57,-31.19,9.28,0.73,8.82,0.30,-0.83,-0.00,0.67,-0.56,9.70,-0.30,-0.53,-0.26
297.59,-30.95,9.28,0.73,8.82,0.30,-0.83,-0.00,0.76,-0.65,9.72,-0.34,-0.58,-0.22
297.60,-30.74,9.28,0.73,8.82,0.30,-0.83,-0.00,0.91,-0.71,9.73,-0.37,-0.63,-0.19
297.61,-29.89,9.28,0.73,8.82,0.30,-0.83,-0.00,1.22,-0.77,9.56,-0.43,-0.69,-0.11
297.63,-29.57,9.28,0.73,8.82,0.30,-0.83,-0.00,1.33,-0.78,9.43,-0.46,-0.70,-0.08
297.64,-28.99,9.28,0.73,8.82,0.30,-0.83,-0.00,1.44,-0.76,9.27,-0.48,-0.71,-0.05
297.65,-28.62,9.28,0.73,8.82,0.30,-0.83,-0.00,1.56,-0.73,9.11,-0.50,-0.73,-0.03
297.67,-28.09,9.28,0.73,8.82,0.30,-0.83,-0.00,1.66,-0.72,9.01,-0.50,-0.74,-0.02
297.68,-27.55,9.28,0.73,8.82,0.30,-0.83,-0.00,1.74,-0.72,8.93,-0.50,-0.76,-0.01
297.69,-26.61,9.28,0.73,8.82,0.30,-0.83,-0.00,1.76,-0.75,8.82,-0.47,-0.76,-0.00
297.71,-26.24,9.28,0.73,8.82,0.30,-0.83,-0.00,1.74,-0.80,8.82,-0.44,-0.75,0.00
297.72,-25.57,9.28,0.73,8.82,0.30,-0.83,-0.00,1.73,-0.88,8.85,-0.40,-0.73,0.03
297.74,-24.99,9.28,0.73,8.82,0.30,-0.83,-0.00,1.79,-1.00,9.04,-0.35,-0.69,0.11
297.76,-24.18,9.28,0.73,8.82,0.30,-0.83,-0.00,2.01,-1.05,9.52,-0.24,-0.59,0.20
297.80,-23.57,9.28,0.73,8.82,0.30,-0.83,-0.00,2.26,-0.89,9.73,-0.13,-0.42,0.20
297.81,-23.44,9.28,0.73,8.82,0.30,-0.83,-0.00,2.35,-0.83,9.75,-0.11,-0.35,0.19
297.83,-23.29,9.28,0.73,8.82,0.30,-0.83,-0.00,2.42,-0.81,9.75,-0.09,-0.29,0.19
297.84,-23.18,9.28,0.73,8.82,0.30,-0.83,-0.00,2.47,-0.74,9.78,-0.07,-0.21,0.18
297.85,-23.11,9.28,0.73,8.82,0.30,-0.83,-0.00,2.49,-0.66,9.82,-0.05,-0.11,0.12
297.87,-23.24,9.28,0.73,8.82,0.30,-0.83,-0.00,2.31,-0.61,9.93,0.01,0.03,0.12
297.89,-23.36,9.28,0.73,8.82,0.30,-0.83,-0.00,2.28,-0.61,10.03,0.01,0.07,0.12
297.90,-23.56,9.28,0.73,8.82,0.30,-0.83,-0.00,2.36,-0.67,10.09,-0.00,0.07,0.10
297.92,-23.68,9.28,0.73,8.82,0.30,-0.83,-0.00,2.50,-0.72,10.01,0.01,0.04,0.07
297.93,-23.71,9.28,0.73,8.82,0.30,-0.83,-0.00,2.56,-0.60,9.89,0.05,0.01,-0.01
297.95,-23.69,9.28,0.73,8.82,0.30,-0.83,-0.00,2.51,-0.43,9.75,0.10,-0.06,-0.07
297.96,-23.67,9.28,0.73,8.82,0.30,-0.83,-0.00,2.36,-0.49,9.77,0.13,-0.11,-0.14
297.97,-23.73,9.28,0.73,8.82,0.30,-0.83,-0.00,2.00,-0.88,10.01,0.17,-0.18,-0.16
297.99,-23.85,9.28,0.73,8.82,0.30,-0.83,-0.00,1.87,-1.16,10.19,0.18,-0.19,-0.05
298.01,-23.99,9.28,0.73,8.82,0.30,-0.83,-0.00,1.82,-1.36,10.20,0.16,-0.15,0.01
298.02,-24.17,9.28,0.73,8.82,0.30,-0.83,-0.00,1.80,-1.48,10.09,0.12,-0.09,0.09
298.03,-24.53,9.28,0.73,8.82,0.30,-0.83,-0.00,2.08,-1.38,9.76,0.02,0.04,0.25
298.05,-24.64,9.28,0.73,8.82,0.30,-0.83,-0.00,2.33,-1.37,9.68,-0.03,0.07,0.30
298.06,-24.67,9.28,0.73,8.82,0.30,-0.83,-0.00,2.58,-1.38,9.61,-0.05,0.09,0.34
298.07,-24.65,9.28,0.73,8.82,0.30,-0.83,-0.00,2.72,-1.36,9.58,-0.04,0.09,0.35
298.08,-24.60,9.28,0.73,8.82,0.30,-0.83,-0.00,2.79,-1.28,9.52,-0.03,0.10,0.34
298.10,-24.51,9.28,0.73,8.82,0.30,-0.83,-0.00,2.87,-1.05,9.36,0.01,0.07,0.19
298.12,-24.26,9.28,0.73,8.82,0.30,-0.83,-0.00,2.96,-0.78,9.15,0.07,0.05,-0.05
298.14,-23.79,9.28,0.73,8.82,0.30,-0.83,-0.00,3.04,-0.67,8.93,0.10,-0.03,-0.14
298.15,-23.53,9.28,0.73,8.82,0.30,-0.83,-0.00,2.96,-0.83,8.93,0.07,-0.05,-0.25
298.17,-23.31,9.28,0.73,8.82,0.30,-0.83,-0.00,2.68,-1.17,9.04,0.01,-0.05,-0.26
298.18,-23.25,9.28,0.73,8.82,0.30,-0.83,-0.00,2.34,-1.48,9.18,-0.03,-0.04,-0.24
298.19,-23.30,9.28,0.73,8.82,0.30,-0.83,-0.00,2.18,-1.58,9.26,-0.05,-0.03,-0.20
298.20,-23.41,9.28,0.73,8.82,0.30,-0.83,-0.00,2.08,-1.61,9.33,-0.07,-0.01,-0.12
298.21,-23.50,9.28,0.73,8.82,0.30,-0.83,-0.00,2.11,-1.56,9.37,-0.08,0.02,0.08
298.24,-23.72,9.28,0.73,8.82,0.30,-0.83,-0.00,2.36,-1.38,9.43,-0.09,0.02,0.15
298.25,-23.53,9.28,0.73,8.82,0.30,-0.83,-0.00,2.81,-0.95,9.40,-0.07,-0.05,0.22
298.29,-23.40,9.28,0.73,8.82,0.30,-0.83,-0.00,2.90,-0.92,9.39,-0.08,-0.09,0.20
298.30,-23.19,9.28,0.73,8.82,0.30,-0.83,-0.00,2.94,-0.99,9.40,-0.07,-0.13,0.16
298.31,-22.97,9.28,0.73,8.82,0.30,-0.83,-0.00,2.91,-1.12,9.45,-0.05,-0.15,0.12
298.32,-22.82,9.28,0.73,8.82,0.30,-0.83,-0.00,2.81,-1.18,9.51,-0.04,-0.15,0.06
298.34,-22.67,9.28,0.73,8.82,0.30,-0.83,-0.00,2.74,-1.11,9.53,-0.05,-0.14,0.03
298.35,-22.50,9.28,0.73,8.82,0.30,-0.83,-0.00,2.71,-1.17,9.61,-0.10,-0.09,-0.07
298.37,-22.45,9.28,0.73,8.82,0.30,-0.83,-0.00,2.72,-1.22,9.66,-0.08,-0.05,-0.12
298.38,-22.44,9.28,0.73,8.82,0.30,-0.83,-0.00,2.71,-1.22,9.72,-0.06,-0.01,-0.16
298.39,-22.45,9.28,0.73,8.82,0.30,-0.83,-0.00,2.69,-1.17,9.74,-0.03,0.02,-0.19
298.40,-22.49,9.28,0.73,8.82,0.30,-0.83,-0.00,2.63,-1.07,9.75,0.00,0.04,-0.28
298.42,-22.67,9.28,0.73,8.82,0.30,-0.83,-0.00,2.45,-0.99,9.77,0.05,0.05,-0.32
298.43,-22.76,9.28,0.73,8.82,0.30,-0.83,-0.00,2.36,-0.98,9.71,0.08,0.05,-0.34
298.45,-22.90,9.28,0.73,8.82,0.30,-0.83,-0.00,2.24,-0.95,9.64,0.10,0.05,-0.33
298.46,-23.13,9.28,0.73,8.82,0.30,-0.83,-0.00,2.00,-0.96,9.48,0.13,0.05,-0.29
298.47,-23.36,9.28,0.73,8.82,0.30,-0.83,-0.00,1.91,-0.99,9.44,0.14,0.05,-0.24
298.49,-23.59,9.28,0.73,8.82,0.30,-0.83,-0.00,1.84,-1.06,9.40,0.15,0.04,-0.18
298.50,-23.86,9.28,0.73,8.82,0.30,-0.83,-0.00,1.85,-1.11,9.33,0.16,0.02,-0.10
298.51,-24.00,9.28,0.73,8.82,0.30,-0.83,-0.00,1.92,-1.09,9.25,0.14,0.01,-0.01
298.52,-24.27,9.28,0.73,8.82,0.30,-0.83,-0.00,2.19,-0.99,8.97,0.07,-0.01,0.16
298.56,-24.25,9.28,0.73,8.82,0.30,-0.83,-0.00,2.32,-0.94,8.88,0.03,-0.02,0.22
298.58,-24.04,9.28,0.73,8.82,0.30,-0.83,-0.00,2.48,-1.08,8.97,-0.06,-0.05,0.27
298.60,-23.92,9.28,0.73,8.82,0.30,-0.83,-0.00,2.49,-1.16,9.11,-0.07,-0.07,0.31
298.61,-23.79,9.28,0.73,8.82,0.30,-0.83,-0.00,2.54,-1.18,9.39,-0.05,-0.11,0.37
298.63,-23.67,9.28,0.73,8.82,0.30,-0.83,-0.00,2.61,-1.17,9.65,-0.02,-0.14,0.42
298.64,-23.52,9.28,0.73,8.82,0.30,-0.83,-0.00,2.74,-1.11,9.83,0.02,-0.15,0.46
298.65,-23.40,9.28,0.73,8.82,0.30,-0.83,-0.00,2.86,-1.00,9.89,0.06,-0.15,0.47
298.66,-23.23,9.28,0.73,8.82,0.30,-0.83,-0.00,2.93,-0.91,9.85,0.08,-0.13,0.45
298.68,-22.90,9.28,0.73,8.82,0.30,-0.83,-0.00,2.98,-0.84,9.57,0.08,-0.05,0.35
298.70,-22.63,9.28,0.73,8.82,0.30,-0.83,-0.00,2.95,-0.98,9.29,0.04,-0.01,0.19
298.72,-22.36,9.28,0.73,8.82,0.30,-0.83,-0.00,2.94,-1.14,9.19,-0.01,0.00,0.07
298.75,-22.28,9.28,0.73,8.82,0.30,-0.83,-0.00,2.90,-1.16,9.23,-0.01,0.00,0.01
298.76,-22.19,9.28,0.73,8.82,0.30,-0.83,-0.00,2.85,-1.17,9.31,-0.01,-0.01,-0.03
298.77,-22.13,9.28,0.73,8.82,0.30,-0.83,-0.00,2.70,-1.26,9.52,0.01,-0.02,-0.08
298.79,-22.14,9.28,0.73,8.82,0.30,-0.83,-0.00,2.58,-1.33,9.63,0.04,-0.02,-0.09
298.80,-22.23,9.28,0.73,8.82,0.30,-0.83,-0.00,2.44,-1.34,9.61,0.06,-0.00,-0.06
298.82,-22.38,9.28,0.73,8.82,0.30,-0.83,-0.00,2.37,-1.38,9.50,0.07,0.01,-0.00
298.83,-22.50,9.28,0.73,8.82,0.30,-0.83,-0.00,2.43,-1.35,9.35,0.08,-0.00,0.07
298.86,-22.53,9.28,0.73,8.82,0.30,-0.83,-0.00,2.52,-1.28,9.26,0.07,-0.01,0.11
298.86,-22.53,9.28,0.73,8.82,0.30,-0.83,-0.00,2.59,-1.22,9.22,0.06,-0.01,0.13
298.88,-22.49,9.28,0.73,8.82,0.30,-0.83,-0.00,2.65,-1.17,9.23,0.04,-0.02,0.15
298.89,-22.43,9.28,0.73,8.82,0.30,-0.83,-0.00,2.73,-1.12,9.26,0.03,-0.02,0.15
298.91,-22.35,9.28,0.73,8.82,0.30,-0.83,-0.00,2.79,-1.05,9.33,0.02,-0.02,0.13
298.92,-22.25,9.28,0.73,8.82,0.30,-0.83,-0.00,2.86,-0.97,9.38,0.02,-0.02,0.10
298.94,-22.17,9.28,0.73,8.82,0.30,-0.83,-0.00,2.89,-0.93,9.42,0.02,-0.02,0.07
298.94,-22.04,9.28,0.73,8.82,0.30,-0.83,-0.00,2.88,-0.91,9.41,0.03,-0.01,0.01
298.97,-21.98,9.28,0.73,8.82,0.30,-0.83,-0.00,2.83,-0.90,9.39,0.03,-0.00,-0.01
298.98,-21.94,9.28,0.73,8.82,0.30,-0.83,-0.00,2.79,-0.92,9.37,0.03,0.00,-0.03
299.00,-21.92,9.28,0.73,8.82,0.30,-0.83,-0.00,2.70,-0.95,9.35,0.02,0.01,-0.03
299.01,-21.93,9.28,0.73,8.82,0.30,-0.83,-0.00,2.64,-0.99,9.35,0.01,0.01,-0.03
299.02,-21.95,9.28,0.73,8.82,0.30,-0.83,-0.00,2.62,-1.02,9.36,0.01,0.01,-0.02
299.04,-22.02,9.28,0.73,8.82,0.30,-0.83,-0.00,2.59,-1.06,9.38,0.00,0.01,0.00
299.06,-22.04,9.28,0.73,8.82,0.30,-0.83,-0.00,2.59,-1.06,9.39,0.00,0.01,0.02
299.07,-22.12,9.28,0.73,8.82,0.30,-0.83,-0.00,2.57,-1.05,9.40,0.00,0.01,0.04
299.10,-22.15,9.28,0.73,8.82,0.30,-0.83,-0.00,2.56,-1.04,9.41,0.00,0.01,0.04
299.11,-22.19,9.28,0.73,8.82,0.30,-0.83,-0.00,2.55,-1.03,9.41,0.00,0.00,0.05
299.12,-22.28,9.28,0.73,8.82,0.30,-0.83,-0.00,2.52,-1.04,9.41,0.00,-0.00,0.04
299.15,-22.39,9.28,0.73,8.82,0.30,-0.83,-0.00,2.49,-1.02,9.40,0.00,-0.00,0.03
299.17,-22.42,9.28,0.73,8.82,0.30,-0.83,-0.00,2.49,-1.02,9.43,-0.00,-0.01,0.03
299.18,-22.47,9.28,0.73,8.82,0.30,-0.83,-0.00,2.48,-1.01,9.42,-0.00,-0.01,0.03
299.20,-22.51,9.28,0.73,8.82,0.30,-0.83,-0.00,2.49,-1.01,9.44,-0.01,-0.01,0.02
299.21,-22.55,9.28,0.73,8.82,0.30,-0.83,-0.00,2.53,-1.00,9.44,-0.01,-0.01,0.02
299.23,-22.59,9.28,0.73,8.82,0.30,-0.83,-0.00,2.54,-1.00,9.44,-0.02,-0.00,0.02
299.24,-22.61,9.28,0.73,8.82,0.30,-0.83,-0.00,2.57,-1.01,9.41,-0.02,-0.00,0.02
299.25,-22.61,9.28,0.73,8.82,0.30,-0.83,-0.00,2.59,-1.02,9.38,-0.02,-0.00,0.02
299.27,-22.61,9.28,0.73,8.82,0.30,-0.83,-0.00,2.61,-1.04,9.37,-0.02,-0.01,0.03
299.28,-22.60,9.28,0.73,8.82,0.30,-0.83,-0.00,2.64,-1.05,9.37,-0.02,-0.01,0.03
299.29,-22.56,9.28,0.73,8.82,0.30,-0.83,-0.00,2.67,-1.06,9.35,-0.02,-0.01,0.04
299.31,-22.49,9.28,0.73,8.82,0.30,-0.83,-0.00,2.73,-1.09,9.35,-0.01,-0.01,0.04
299.33,-22.41,9.28,0.73,8.82,0.30,-0.83,-0.00,2.77,-1.12,9.35,-0.01,-0.01,0.04
299.34,-22.37,9.28,0.73,8.82,0.30,-0.83,-0.00,2.78,-1.14,9.36,-0.01,-0.00,0.03
299.35,-22.27,9.28,0.73,8.82,0.30,-0.83,-0.00,2.75,-1.16,9.37,-0.00,0.00,0.02
299.38,-22.24,9.28,0.73,8.82,0.30,-0.83,-0.00,2.74,-1.16,9.38,-0.00,0.00,0.02
299.39,-22.22,9.28,0.73,8.82,0.30,-0.83,-0.00,2.73,-1.17,9.38,0.00,0.00,0.01
299.40,-22.20,9.28,0.73,8.82,0.30,-0.83,-0.00,2.66,-1.17,9.38,0.01,0.00,0.01
299.43,-22.20,9.28,0.73,8.82,0.30,-0.83,-0.00,2.63,-1.16,9.39,0.01,0.00,0.01
299.45,-22.26,9.28,0.73,8.82,0.30,-0.83,-0.00,2.57,-1.11,9.38,0.01,0.00,0.02
299.48,-22.31,9.28,0.73,8.82,0.30,-0.83,-0.00,2.56,-1.07,9.37,0.01,0.00,0.02
299.50,-22.34,9.28,0.73,8.82,0.30,-0.83,-0.00,2.57,-1.04,9.37,0.01,0.00,0.03
299.51,-22.35,9.28,0.73,8.82,0.30,-0.83,-0.00,2.58,-1.02,9.38,0.01,0.00,0.03
299.52,-22.38,9.28,0.73,8.82,0.30,-0.83,-0.00,2.59,-0.99,9.39,0.00,0.00,0.02
299.55,-22.39,9.28,0.73,8.82,0.30,-0.83,-0.00,2.60,-0.98,9.38,0.00,0.00,0.02
299.57,-22.41,9.28,0.73,8.82,0.30,-0.83,-0.00,2.60,-0.98,9.38,-0.00,0.00,0.01
299.59,-22.42,9.28,0.73,8.82,0.30,-0.83,-0.00,2.60,-0.99,9.37,-0.01,0.00,0.01
299.60,-22.43,9.28,0.73,8.82,0.30,-0.83,-0.00,2.59,-1.03,9.35,-0.01,0.00,0.01
299.62,-22.44,9.28,0.73,8.82,0.30,-0.83,-0.00,2.58,-1.03,9.36,-0.01,-0.00,0.01
299.63,-22.45,9.28,0.73,8.82,0.30,-0.83,-0.00,2.58,-1.06,9.37,-0.01,-0.00,0.02
299.67,-22.48,9.28,0.73,8.82,0.30,-0.83,-0.00,2.59,-1.10,9.39,-0.01,-0.00,0.02
299.69,-22.48,9.28,0.73,8.82,0.30,-0.83,-0.00,2.60,-1.12,9.40,-0.01,-0.00,0.02
299.70,-22.48,9.28,0.73,8.82,0.30,-0.83,-0.00,2.63,-1.15,9.40,-0.01,-0.00,0.03
299.73,-22.47,9.28,0.73,8.82,0.30,-0.83,-0.00,2.64,-1.16,9.39,-0.01,-0.00,0.03
299.74,-22.46,9.28,0.73,8.82,0.30,-0.83,-0.00,2.65,-1.16,9.39,-0.01,-0.00,0.02
299.75,-22.43,9.28,0.73,8.82,0.30,-0.83,-0.00,2.65,-1.16,9.37,-0.00,-0.00,0.02
299.78,-22.41,9.28,0.73,8.82,0.30,-0.83,-0.00,2.66,-1.15,9.38,-0.00,-0.00,0.02
299.79,-22.40,9.28,0.73,8.82,0.30,-0.83,-0.00,2.65,-1.15,9.39,-0.00,-0.00,0.01
299.82,-22.38,9.28,0.73,8.82,0.30,-0.83,-0.00,2.64,-1.14,9.38,-0.00,-0.00,0.02
299.83,-22.37,9.28,0.73,8.82,0.30,-0.83,-0.00,2.64,-1.14,9.37,0.00,-0.00,0.02
299.84,-22.36,9.28,0.73,8.82,0.30,-0.83,-0.00,2.64,-1.13,9.37,0.00,-0.00,0.01
299.86,-22.36,9.28,0.73,8.82,0.30,-0.83,-0.00,2.64,-1.12,9.38,0.00,-0.00,0.02
299.87,-22.35,9.28,0.73,8.82,0.30,-0.83,-0.00,2.65,-1.11,9.38,0.00,-0.00,0.02
299.88,-22.34,9.28,0.73,8.82,0.30,-0.83,-0.00,2.65,-1.10,9.37,0.00,-0.00,0.01
299.89,-22.33,9.28,0.73,8.82,0.30,-0.83,-0.00,2.65,-1.10,9.38,0.00,0.00,0.01
299.90,-22.33,9.28,0.73,8.82,0.30,-0.83,-0.00,2.65,-1.10,9.38,0.00,0.00,0.01
299.92,-22.32,9.28,0.73,8.82,0.30,-0.83,-0.00,2.64,-1.10,9.39,0.01,0.00,0.01
299.93,-22.32,9.28,0.73,8.82,0.30,-0.83,-0.00,2.64,-1.11,9.40,0.01,0.00,0.01
299.94,-22.32,9.28,0.73,8.82,0.30,-0.83,-0.00,2.64,-1.11,9.40,0.01,0.00,0.01
299.97,-22.32,9.28,0.73,8.82,0.30,-0.83,-0.00,2.65,-1.15,9.40,0.01,0.00,0.00
299.98,-22.32,9.28,0.73,8.82,0.30,-0.83,-0.00,2.63,-1.13,9.38,0.01,0.00,-0.01
300.01,-22.40,9.28,0.73,8.82,0.30,-0.83,-0.00,2.56,-1.06,9.38,0.01,-0.00,0.01
300.07,-22.42,9.28,0.73,8.82,0.30,-0.83,-0.00,2.57,-1.03,9.40,0.00,-0.00,0.02
300.08,-22.43,9.28,0.73,8.82,0.30,-0.83,-0.00,2.59,-1.01,9.39,0.00,-0.00,0.02
300.10,-22.44,9.28,0.73,8.82,0.30,-0.83,-0.00,2.59,-1.01,9.39,0.00,-0.00,0.02
300.11,-22.44,9.28,0.73,8.82,0.30,-0.83,-0.00,2.61,-1.00,9.38,0.00,-0.00,0.02
300.12,-22.44,9.28,0.73,8.82,0.30,-0.83,-0.00,2.63,-1.01,9.37,0.00,-0.00,0.01
300.14,-22.43,9.28,0.73,8.82,0.30,-0.83,-0.00,2.64,-1.02,9.38,0.00,-0.00,0.01
300.15,-22.41,9.28,0.73,8.82,0.30,-0.83,-0.00,2.63,-1.05,9.38,0.00,-0.00,0.00
300.17,-22.41,9.28,0.73,8.82,0.30,-0.83,-0.00,2.61,-1.07,9.39,-0.00,-0.00,0.00
300.20,-22.41,9.28,0.73,8.82,0.30,-0.83,-0.00,2.60,-1.09,9.39,-0.00,-0.00,0.00
300.21,-22.41,9.28,0.73,8.82,0.30,-0.83,-0.00,2.61,-1.13,9.38,-0.00,-0.00,0.01
300.23,-22.41,9.28,0.73,8.82,0.30,-0.83,-0.00,2.61,-1.14,9.37,-0.00,-0.00,0.02
300.25,-22.40,9.28,0.73,8.82,0.30,-0.83,-0.00,2.62,-1.14,9.38,-0.00,-0.00,0.03
300.28,-22.39,9.28,0.73,8.82,0.30,-0.83,-0.00,2.64,-1.13,9.39,0.00,-0.00,0.03
300.29,-22.37,9.28,0.73,8.82,0.30,-0.83,-0.00,2.66,-1.12,9.39,0.00,-0.00,0.02
300.32,-22.33,9.28,0.73,8.82,0.30,-0.83,-0.00,2.66,-1.10,9.38,0.00,-0.00,0.02
300.34,-22.32,9.28,0.73,8.82,0.30,-0.83,-0.00,2.65,-1.09,9.38,0.01,-0.00,0.02
300.35,-22.31,9.28,0.73,8.82,0.30,-0.83,-0.00,2.65,-1.08,9.38,0.01,-0.00,0.02
300.36,-22.31,9.28,0.73,8.82,0.30,-0.83,-0.00,2.64,-1.08,9.38,0.00,-0.00,0.01
300.37,-22.31,9.28,0.73,8.82,0.30,-0.83,-0.00,2.62,-1.06,9.38,0.00,0.00,0.01
300.39,-22.32,9.28,0.73,8.82,0.30,-0.83,-0.00,2.61,-1.06,9.38,0.00,0.00,0.02
300.42,-22.34,9.28,0.73,8.82,0.30,-0.83,-0.00,2.60,-1.06,9.37,0.00,-0.00,0.02
300.43,-22.35,9.28,0.73,8.82,0.30,-0.83,-0.00,2.59,-1.08,9.38,0.00,-0.00,0.02
300.46,-22.36,9.28,0.73,8.82,0.30,-0.83,-0.00,2.61,-1.10,9.39,-0.00,0.00,0.02
300.47,-22.36,9.28,0.73,8.82,0.30,-0.83,-0.00,2.62,-1.09,9.39,-0.00,-0.00,0.02
300.48,-22.37,9.28,0.73,8.82,0.30,-0.83,-0.00,2.62,-1.10,9.38,-0.00,0.00,0.02
300.51,-22.37,9.28,0.73,8.82,0.30,-0.83,-0.00,2.62,-1.10,9.37,-0.00,-0.00,0.02
300.53,-22.36,9.28,0.73,8.82,0.30,-0.83,-0.00,2.62,-1.11,9.37,-0.00,-0.00,0.02
300.54,-22.36,9.28,0.73,8.82,0.30,-0.83,-0.00,2.63,-1.10,9.37,-0.00,-0.00,0.02
300.55,-22.36,9.28,0.73,8.82,0.30,-0.83,-0.00,2.63,-1.10,9.37,-0.00,-0.00,0.02
300.56,-22.35,9.28,0.73,8.82,0.30,-0.83,-0.00,2.63,-1.11,9.36,-0.00,-0.00,0.02
300.58,-22.35,9.28,0.73,8.82,0.30,-0.83,-0.00,2.62,-1.12,9.36,-0.00,-0.00,0.02
300.60,-22.35,9.28,0.73,8.82,0.30,-0.83,-0.00,2.62,-1.12,9.37,0.00,-0.00,0.02
300.61,-22.34,9.28,0.73,8.82,0.30,-0.83,-0.00,2.63,-1.13,9.38,0.00,-0.00,0.02
300.62,-22.34,9.28,0.73,8.82,0.30,-0.83,-0.00,2.64,-1.11,9.38,0.00,-0.00,0.02
300.64,-22.33,9.28,0.73,8.82,0.30,-0.83,-0.00,2.64,-1.11,9.39,0.00,0.00,0.02
300.65,-22.32,9.28,0.73,8.82,0.30,-0.83,-0.00,2.65,-1.10,9.39,0.00,0.00,0.01
300.68,-22.32,9.28,0.73,8.82,0.30,-0.83,-0.00,2.64,-1.10,9.38,0.00,0.00,0.02
300.69,-22.31,9.28,0.73,8.82,0.30,-0.83,-0.00,2.64,-1.10,9.38,-0.00,0.00,0.02
300.71,-22.31,9.28,0.73,8.82,0.30,-0.83,-0.00,2.64,-1.10,9.37,-0.00,0.00,0.01
300.72,-22.30,9.28,0.73,8.82,0.30,-0.83,-0.00,2.63,-1.10,9.37,0.00,0.00,0.01
300.74,-22.30,9.28,0.73,8.82,0.30,-0.83,-0.00,2.63,-1.10,9.38,0.00,0.00,0.01
300.76,-22.31,9.28,0.73,8.82,0.30,-0.83,-0.00,2.63,-1.11,9.38,0.00,0.00,0.01
300.77,-22.31,9.28,0.73,8.82,0.30,-0.83,-0.00,2.62,-1.11,9.38,0.00,0.00,0.02
300.79,-22.32,9.28,0.73,8.82,0.30,-0.83,-0.00,2.61,-1.11,9.39,0.00,0.00,0.02
300.80,-22.32,9.28,0.73,8.82,0.30,-0.83,-0.00,2.60,-1.11,9.39,0.00,0.00,0.01
300.81,-22.33,9.28,0.73,8.82,0.30,-0.83,-0.00,2.60,-1.10,9.39,0.01,0.00,0.01
300.82,-22.34,9.28,0.73,8.82,0.30,-0.83,-0.00,2.61,-1.11,9.38,0.00,0.00,0.01
300.83,-22.34,9.28,0.73,8.82,0.30,-0.83,-0.00,2.60,-1.11,9.38,0.00,0.00,0.01
300.85,-22.35,9.28,0.73,8.82,0.30,-0.83,-0.00,2.60,-1.11,9.38,0.00,0.00,0.01
300.86,-22.36,9.28,0.73,8.82,0.30,-0.83,-0.00,2.62,-1.11,9.38,0.00,0.00,0.02
300.87,-22.36,9.28,0.73,8.82,0.30,-0.83,-0.00,2.61,-1.11,9.38,0.00,0.00,0.02
300.88,-22.36,9.28,0.73,8.82,0.30,-0.83,-0.00,2.61,-1.11,9.38,0.00,0.00,0.02
300.89,-22.37,9.28,0.73,8.82,0.30,-0.83,-0.00,2.61,-1.10,9.38,0.00,0.00,0.02
300.91,-22.37,9.28,0.73,8.82,0.30,-0.83,-0.00,2.62,-1.10,9.38,0.00,0.00,0.02
300.94,-22.37,9.28,0.73,8.82,0.30,-0.83,-0.00,2.64,-1.09,9.38,0.00,0.00,0.01
300.95,-22.36,9.28,0.73,8.82,0.30,-0.83,-0.00,2.63,-1.10,9.38,0.00,0.00,0.02
300.96,-22.36,9.28,0.73,8.82,0.30,-0.83,-0.00,2.63,-1.09,9.38,0.00,0.00,0.02
300.97,-22.36,9.28,0.73,8.82,0.30,-0.83,-0.00,2.63,-1.10,9.39,0.00,0.00,0.01
300.99,-22.36,9.28,0.73,8.82,0.30,-0.83,-0.00,2.62,-1.11,9.39,0.00,0.00,0.02
301.00,-22.36,9.28,0.73,8.82,0.30,-0.83,-0.00,2.61,-1.11,9.40,0.00,0.00,0.02
301.02,-22.37,9.28,0.73,8.82,0.30,-0.83,-0.00,2.61,-1.10,9.40,0.00,0.00,0.02
301.03,-22.41,9.28,0.73,8.82,0.30,-0.83,-0.00,2.58,-1.10,9.39,-0.00,-0.00,0.02
301.10,-22.43,9.28,0.73,8.82,0.30,-0.83,-0.00,2.57,-1.10,9.39,-0.00,-0.00,0.02
301.11,-22.44,9.28,0.73,8.82,0.30,-0.83,-0.00,2.58,-1.11,9.39,-0.00,-0.00,0.01
301.13,-22.45,9.28,0.73,8.82,0.30,-0.83,-0.00,2.59,-1.11,9.39,-0.00,-0.00,0.01
301.14,-22.45,9.28,0.73,8.82,0.30,-0.83,-0.00,2.62,-1.12,9.39,-0.00,-0.00,0.01
301.16,-22.44,9.28,0.73,8.82,0.30,-0.83,-0.00,2.63,-1.12,9.39,-0.00,-0.00,0.01
301.17,-22.43,9.28,0.73,8.82,0.30,-0.83,-0.00,2.63,-1.11,9.38,-0.00,-0.00,0.01
301.18,-22.43,9.28,0.73,8.82,0.30,-0.83,-0.00,2.64,-1.11,9.38,-0.00,-0.00,0.01
301.19,-22.42,9.28,0.73,8.82,0.30,-0.83,-0.00,2.64,-1.10,9.38,0.00,-0.00,0.01
301.21,-22.41,9.28,0.73,8.82,0.30,-0.83,-0.00,2.63,-1.10,9.37,0.00,-0.00,0.01
301.22,-22.39,9.28,0.73,8.82,0.30,-0.83,-0.00,2.64,-1.09,9.37,0.00,-0.00,0.01
301.24,-22.38,9.28,0.73,8.82,0.30,-0.83,-0.00,2.64,-1.09,9.37,0.00,-0.00,0.02
301.25,-22.36,9.28,0.73,8.82,0.30,-0.83,-0.00,2.65,-1.08,9.39,0.00,-0.00,0.02
301.28,-22.35,9.28,0.73,8.82,0.30,-0.83,-0.00,2.65,-1.09,9.39,0.00,0.00,0.02
301.29,-22.34,9.28,0.73,8.82,0.30,-0.83,-0.00,2.64,-1.09,9.39,0.00,0.00,0.02
301.31,-22.33,9.28,0.73,8.82,0.30,-0.83,-0.00,2.64,-1.10,9.39,0.00,0.00,0.02
301.32,-22.33,9.28,0.73,8.82,0.30,-0.83,-0.00,2.63,-1.09,9.38,0.00,0.00,0.01
301.34,-22.34,9.28,0.73,8.82,0.30,-0.83,-0.00,2.60,-1.10,9.38,0.00,0.00,0.01
301.36,-22.34,9.28,0.73,8.82,0.30,-0.83,-0.00,2.59,-1.10,9.39,0.00,0.00,0.01
301.37,-22.37,9.28,0.73,8.82,0.30,-0.83,-0.00,2.58,-1.10,9.38,0.00,0.00,0.02
301.39,-22.38,9.28,0.73,8.82,0.30,-0.83,-0.00,2.58,-1.10,9.38,0.00,0.00,0.01
301.41,-22.40,9.28,0.73,8.82,0.30,-0.83,-0.00,2.59,-1.11,9.38,0.00,0.00,0.01
301.43,-22.40,9.28,0.73,8.82,0.30,-0.83,-0.00,2.60,-1.12,9.39,0.00,0.00,0.02
301.44,-22.41,9.28,0.73,8.82,0.30,-0.83,-0.00,2.61,-1.11,9.39,0.00,-0.00,0.02
301.45,-22.40,9.28,0.73,8.82,0.30,-0.83,-0.00,2.63,-1.11,9.39,0.00,-0.00,0.02
301.47,-22.40,9.28,0.73,8.82,0.30,-0.83,-0.00,2.63,-1.11,9.39,0.00,-0.00,0.02
301.49,-22.39,9.28,0.73,8.82,0.30,-0.83,-0.00,2.63,-1.10,9.38,0.00,-0.00,0.02
301.50,-22.38,9.28,0.73,8.82,0.30,-0.83,-0.00,2.63,-1.10,9.38,0.00,-0.00,0.02
301.52,-22.38,9.28,0.73,8.82,0.30,-0.83,-0.00,2.63,-1.10,9.37,0.00,-0.00,0.02
301.53,-22.37,9.28,0.73,8.82,0.30,-0.83,-0.00,2.61,-1.09,9.37,0.00,-0.00,0.01
301.56,-22.37,9.28,0.73,8.82,0.30,-0.83,-0.00,2.61,-1.09,9.37,0.00,-0.00,0.01
301.57,-22.37,9.28,0.73,8.82,0.30,-0.83,-0.00,2.61,-1.10,9.38,0.00,-0.00,0.01
301.60,-22.37,9.28,0.73,8.82,0.30,-0.83,-0.00,2.62,-1.11,9.38,-0.00,-0.00,0.01
301.62,-22.37,9.28,0.73,8.82,0.30,-0.83,-0.00,2.63,-1.11,9.38,-0.00,0.00,0.01
301.64,-22.37,9.28,0.73,8.82,0.30,-0.83,-0.00,2.63,-1.10,9.38,0.00,0.00,0.01
301.66,-22.36,9.28,0.73,8.82,0.30,-0.83,-0.00,2.63,-1.10,9.37,0.00,0.00,0.01
301.68,-22.36,9.28,0.73,8.82,0.30,-0.83,-0.00,2.63,-1.11,9.37,0.00,-0.00,0.01
301.69,-22.35,9.28,0.73,8.82,0.30,-0.83,-0.00,2.62,-1.12,9.37,0.00,-0.00,0.01
301.71,-22.35,9.28,0.73,8.82,0.30,-0.83,-0.00,2.62,-1.13,9.39,0.00,-0.00,0.01
301.74,-22.36,9.28,0.73,8.82,0.30,-0.83,-0.00,2.61,-1.14,9.39,0.00,-0.00,0.01
301.75,-22.37,9.28,0.73,8.82,0.30,-0.83,-0.00,2.61,-1.13,9.39,0.00,-0.00,0.02
301.77,-22.37,9.28,0.73,8.82,0.30,-0.83,-0.00,2.63,-1.12,9.38,0.00,-0.00,0.02
301.78,-22.36,9.28,0.73,8.82,0.30,-0.83,-0.00,2.63,-1.11,9.37,0.00,0.00,0.02
301.80,-22.36,9.28,0.73,8.82,0.30,-0.83,-0.00,2.63,-1.10,9.37,0.00,-0.00,0.02
301.80,-22.35,9.28,0.73,8.82,0.30,-0.83,-0.00,2.63,-1.10,9.37,0.00,-0.00,0.02
301.82,-22.34,9.28,0.73,8.82,0.30,-0.83,-0.00,2.64,-1.08,9.38,0.00,0.00,0.02
3