=~=~=~=~=~=~=~=~=~=~=~= PuTTY log 2024.05.21 14:07:24 =~=~=~=~=~=~=~=~=~=~=~=
369.82,-65.41,8.27,3.30,3.81,-0.04,-0.02,0.03,-0.01,1.47,9.93,-0.00,0.00,0.01
369.83,-65.41,8.28,3.29,3.80,-0.04,-0.02,0.03,-0.00,1.46,9.93,-0.00,0.00,0.01
369.84,-65.41,8.29,3.29,3.80,-0.04,-0.02,0.02,0.02,1.44,9.93,-0.00,0.00,0.01
369.86,-65.41,8.30,3.28,3.78,-0.04,-0.02,0.02,0.01,1.44,9.94,0.00,0.00,0.01
369.87,-65.41,8.31,3.27,3.78,-0.04,-0.02,0.01,0.01,1.43,9.94,0.00,0.00,0.01
369.88,-65.42,8.31,3.27,3.77,-0.04,-0.02,0.01,0.02,1.42,9.94,0.00,0.00,0.00
369.90,-65.42,8.31,3.28,3.79,-0.04,-0.02,0.00,0.01,1.43,9.95,0.00,0.00,0.00
369.91,-65.42,8.30,3.29,3.79,-0.04,-0.02,-0.01,0.02,1.44,9.94,0.01,0.00,-0.00
369.92,-65.42,8.29,3.30,3.79,-0.04,-0.02,-0.01,-0.01,1.44,9.93,0.01,0.00,-0.00
369.94,-65.42,8.28,3.30,3.79,-0.04,-0.02,-0.01,-0.02,1.47,9.91,0.01,0.00,-0.01
369.96,-65.43,8.27,3.31,3.79,-0.04,-0.02,-0.02,-0.02,1.48,9.92,0.01,-0.00,-0.01
369.98,-65.43,8.26,3.31,3.81,-0.04,-0.02,-0.02,-0.03,1.50,9.91,0.01,0.00,-0.00
369.99,-65.43,8.26,3.32,3.81,-0.04,-0.02,-0.02,-0.04,1.50,9.93,0.01,0.00,-0.00
370.00,-65.43,8.26,3.33,3.82,-0.03,-0.02,-0.01,-0.03,1.50,9.94,0.01,0.00,-0.00
370.01,-65.42,8.25,3.33,3.81,-0.03,-0.02,-0.01,-0.02,1.50,9.94,0.01,-0.00,-0.00
370.02,-65.41,8.25,3.33,3.81,-0.03,-0.02,-0.01,-0.02,1.50,9.93,0.00,0.00,-0.00
370.04,-65.41,8.24,3.34,3.80,-0.03,-0.02,-0.01,-0.01,1.51,9.94,0.00,0.00,0.00
370.06,-65.41,8.25,3.34,3.79,-0.03,-0.02,-0.00,-0.01,1.51,9.94,0.00,0.00,0.00
370.07,-65.41,8.25,3.34,3.78,-0.03,-0.02,0.00,-0.01,1.50,9.94,0.00,0.00,0.00
370.09,-65.42,8.25,3.34,3.78,-0.03,-0.02,0.00,-0.02,1.49,9.93,0.00,0.00,0.01
370.10,-65.42,8.24,3.34,3.79,-0.03,-0.02,0.00,0.00,1.49,9.93,0.00,0.00,0.00
370.11,-65.42,8.25,3.33,3.79,-0.03,-0.02,0.00,0.01,1.49,9.93,0.00,0.00,0.00
370.12,-65.42,8.25,3.33,3.78,-0.04,-0.02,0.01,-0.01,1.47,9.93,0.00,0.00,0.00
370.14,-65.42,8.26,3.32,3.79,-0.04,-0.02,0.01,0.01,1.47,9.93,0.00,0.00,0.00
370.15,-65.41,8.25,3.32,3.79,-0.04,-0.02,0.01,0.00,1.47,9.94,0.00,0.00,0.00
370.16,-65.41,8.26,3.32,3.79,-0.04,-0.02,0.01,0.00,1.47,9.94,0.00,0.00,0.00
370.17,-65.41,8.27,3.32,3.80,-0.04,-0.02,0.00,-0.00,1.47,9.92,0.00,0.00,0.00
370.19,-65.41,8.27,3.32,3.80,-0.04,-0.02,0.00,-0.01,1.47,9.93,0.00,0.00,0.00
370.20,-65.41,8.26,3.31,3.79,-0.04,-0.02,0.00,-0.02,1.46,9.91,0.00,0.00,0.00
370.22,-65.42,8.27,3.31,3.80,-0.04,-0.02,0.00,-0.01,1.47,9.91,0.00,0.00,0.00
370.23,-65.42,8.27,3.31,3.81,-0.04,-0.02,0.00,-0.02,1.46,9.91,0.00,0.00,0.00
370.25,-65.42,8.27,3.31,3.81,-0.04,-0.02,0.00,-0.02,1.47,9.92,0.00,-0.00,0.00
370.26,-65.42,8.27,3.30,3.80,-0.04,-0.02,0.00,-0.02,1.47,9.92,0.00,-0.00,0.00
370.27,-65.42,8.27,3.30,3.81,-0.04,-0.02,-0.00,-0.02,1.47,9.93,0.00,-0.00,0.00
370.29,-65.42,8.27,3.30,3.81,-0.03,-0.02,-0.00,-0.02,1.47,9.92,0.00,-0.00,0.00
370.30,-65.42,8.26,3.30,3.81,-0.03,-0.02,-0.00,-0.02,1.47,9.92,0.00,-0.00,0.00
370.31,-65.42,8.27,3.31,3.81,-0.03,-0.02,-0.00,-0.02,1.47,9.92,0.00,-0.00,0.00
370.32,-65.42,8.27,3.31,3.80,-0.03,-0.02,-0.00,-0.01,1.47,9.92,0.00,0.00,0.00
370.34,-65.42,8.27,3.31,3.80,-0.03,-0.02,-0.00,-0.01,1.46,9.93,0.00,0.00,0.00
370.35,-65.42,8.27,3.31,3.80,-0.03,-0.02,-0.00,0.00,1.46,9.93,0.00,0.00,0.00
370.37,-65.41,8.27,3.31,3.80,-0.03,-0.02,-0.00,0.01,1.46,9.93,0.01,0.00,0.00
370.38,-65.41,8.26,3.32,3.79,-0.03,-0.02,-0.00,0.02,1.46,9.94,0.01,0.00,0.00
370.39,-65.40,8.27,3.32,3.79,-0.03,-0.02,-0.00,0.01,1.46,9.94,0.01,0.00,0.00
370.40,-65.40,8.27,3.32,3.78,-0.04,-0.02,-0.00,0.01,1.46,9.93,0.01,-0.00,0.00
370.42,-65.40,8.27,3.32,3.79,-0.04,-0.02,-0.00,0.00,1.47,9.93,0.01,-0.00,0.00
370.43,-65.40,8.26,3.32,3.80,-0.04,-0.02,0.00,-0.01,1.47,9.93,0.01,-0.00,0.00
370.45,-65.40,8.26,3.32,3.79,-0.04,-0.02,0.00,-0.01,1.48,9.93,0.01,0.00,0.00
370.46,-65.40,8.27,3.32,3.79,-0.04,-0.02,0.00,-0.01,1.47,9.93,0.01,0.00,0.00
370.47,-65.40,8.27,3.31,3.80,-0.04,-0.02,0.01,-0.01,1.46,9.93,0.01,0.00,0.00
370.48,-65.40,8.26,3.30,3.80,-0.03,-0.02,0.01,-0.01,1.46,9.93,0.01,0.00,0.00
370.49,-65.41,8.26,3.30,3.79,-0.04,-0.02,0.00,-0.01,1.46,9.94,0.00,0.00,0.00
370.51,-65.41,8.27,3.31,3.80,-0.04,-0.02,0.00,-0.02,1.45,9.93,0.00,0.00,0.00
370.52,-65.41,8.28,3.29,3.82,-0.04,-0.02,0.00,-0.02,1.45,9.94,0.00,0.00,0.00
370.53,-65.42,8.17,3.54,3.69,-0.05,-0.02,0.03,-0.01,1.45,9.93,0.00,0.00,0.00
370.54,-65.42,8.11,3.48,3.77,-0.06,-0.02,0.02,0.00,1.47,9.91,0.00,0.00,0.00
370.55,-65.40,8.11,3.23,3.84,-0.08,-0.04,0.02,-0.02,1.46,9.92,0.00,0.00,-0.00
370.57,-65.37,8.30,3.04,3.91,-0.04,-0.04,-0.02,-0.03,1.43,9.95,0.01,-0.00,-0.00
370.58,-65.39,8.40,3.13,3.78,-0.03,-0.04,-0.04,-0.01,1.44,9.92,0.01,-0.00,0.00
370.59,-65.45,8.50,3.32,3.78,-0.04,-0.03,-0.02,-0.02,1.47,9.93,0.00,-0.00,0.01
370.61,-65.47,8.38,3.29,3.87,-0.02,-0.03,0.01,-0.01,1.52,9.96,-0.00,-0.00,0.01
370.62,-65.46,8.23,3.36,3.77,-0.01,-0.02,0.03,0.01,1.52,9.96,-0.00,0.00,0.01
370.64,-65.46,8.20,3.30,3.70,-0.01,-0.02,0.01,0.02,1.48,9.91,-0.00,0.00,0.01
370.65,-65.47,8.24,3.29,3.70,-0.02,-0.01,-0.02,0.05,1.42,9.87,0.00,0.00,0.01
370.66,-65.47,8.26,3.35,3.71,-0.03,-0.01,-0.02,0.06,1.39,9.88,0.01,0.00,0.00
370.67,-65.47,8.25,3.37,3.72,-0.04,-0.02,-0.01,0.06,1.40,9.91,0.01,0.00,-0.00
370.69,-65.44,8.23,3.34,3.79,-0.05,-0.02,0.01,0.02,1.47,9.95,0.01,0.00,-0.01
370.71,-65.42,8.26,3.32,3.83,-0.05,-0.02,0.01,-0.01,1.49,9.95,0.01,0.00,-0.00
370.72,-65.41,8.28,3.30,3.84,-0.05,-0.02,0.01,-0.03,1.49,9.93,0.00,0.00,0.00
370.73,-65.41,8.28,3.30,3.84,-0.04,-0.02,0.00,-0.05,1.50,9.92,0.00,0.00,0.00
370.75,-65.41,8.28,3.29,3.83,-0.04,-0.02,-0.00,-0.05,1.50,9.91,0.00,-0.00,0.01
370.76,-65.42,8.28,3.30,3.83,-0.03,-0.03,-0.00,-0.05,1.52,9.93,0.00,-0.00,0.01
370.77,-65.42,8.28,3.32,3.82,-0.03,-0.02,0.00,-0.05,1.52,9.94,0.00,-0.00,0.01
370.79,-65.43,8.27,3.32,3.81,-0.03,-0.03,0.01,-0.04,1.50,9.95,0.00,0.00,0.01
370.80,-65.44,8.26,3.32,3.80,-0.03,-0.03,0.01,-0.02,1.48,9.94,0.00,0.00,0.01
370.81,-65.44,8.26,3.31,3.78,-0.03,-0.03,0.01,0.01,1.44,9.92,0.00,0.00,0.01
370.83,-65.44,8.27,3.31,3.78,-0.03,-0.03,0.00,0.03,1.42,9.91,0.00,0.00,0.01
370.84,-65.43,8.29,3.30,3.77,-0.04,-0.03,-0.00,0.05,1.41,9.92,0.00,-0.00,0.00
370.86,-65.42,8.29,3.29,3.79,-0.04,-0.02,-0.00,0.04,1.43,9.93,0.00,-0.00,-0.00
370.88,-65.41,8.29,3.28,3.80,-0.04,-0.02,-0.00,0.03,1.44,9.94,0.01,-0.00,-0.00
370.89,-65.40,8.28,3.29,3.78,-0.04,-0.02,-0.01,0.02,1.46,9.94,0.01,-0.00,-0.00
370.90,-65.41,8.29,3.29,3.79,-0.04,-0.02,-0.01,-0.00,1.47,9.93,0.01,-0.00,-0.00
370.92,-65.41,8.29,3.30,3.79,-0.04,-0.02,-0.01,-0.01,1.47,9.92,0.01,0.00,-0.00
370.93,-65.42,8.28,3.31,3.80,-0.04,-0.02,-0.01,-0.03,1.48,9.92,0.01,0.00,-0.00
370.95,-65.42,8.28,3.31,3.80,-0.04,-0.02,-0.01,-0.02,1.49,9.92,0.01,0.00,-0.00
370.96,-65.43,8.27,3.32,3.81,-0.03,-0.02,-0.00,-0.03,1.48,9.91,0.01,0.00,0.00
370.98,-65.43,8.26,3.32,3.80,-0.03,-0.02,-0.00,-0.02,1.47,9.92,0.01,0.00,0.00
370.99,-65.42,8.25,3.32,3.81,-0.03,-0.02,-0.00,-0.03,1.47,9.92,0.00,0.00,0.00
371.00,-65.42,8.25,3.32,3.80,-0.03,-0.02,0.00,-0.02,1.46,9.93,0.00,0.00,0.01
371.02,-65.42,8.26,3.32,3.80,-0.03,-0.02,0.00,-0.02,1.45,9.93,0.00,0.00,0.00
371.04,-65.43,8.28,3.30,3.79,-0.03,-0.02,-0.00,-0.02,1.45,9.92,0.00,0.00,0.00
371.05,-65.43,8.29,3.30,3.79,-0.04,-0.02,-0.00,-0.01,1.46,9.94,0.00,0.00,0.00
371.07,-65.43,8.29,3.31,3.80,-0.04,-0.02,-0.00,0.01,1.46,9.94,0.01,0.00,0.00
371.08,-65.43,8.29,3.31,3.79,-0.04,-0.02,-0.00,-0.00,1.46,9.95,0.01,0.00,0.00
371.09,-65.43,8.28,3.31,3.77,-0.04,-0.02,-0.00,0.00,1.47,9.94,0.01,0.00,-0.00
371.10,-65.43,8.28,3.31,3.77,-0.04,-0.02,-0.00,0.02,1.48,9.94,0.01,-0.00,0.00
371.12,-65.44,8.28,3.32,3.77,-0.04,-0.02,-0.00,0.01,1.47,9.94,0.01,-0.00,0.00
371.13,-65.44,8.28,3.32,3.77,-0.04,-0.02,-0.00,0.01,1.47,9.93,0.01,-0.00,0.00
371.15,-65.43,8.27,3.32,3.79,-0.04,-0.02,0.00,0.01,1.48,9.93,0.01,0.00,0.00
371.17,-65.43,8.28,3.31,3.79,-0.04,-0.02,0.00,-0.00,1.48,9.93,0.01,-0.00,0.00
371.18,-65.43,8.29,3.30,3.79,-0.04,-0.02,0.00,-0.00,1.47,9.92,0.01,0.00,0.00
371.20,-65.44,8.28,3.30,3.79,-0.04,-0.02,0.00,-0.02,1.46,9.91,0.01,0.00,0.00
371.21,-65.44,8.28,3.31,3.80,-0.04,-0.02,0.00,-0.01,1.46,9.92,0.01,0.00,0.00
371.23,-65.44,8.28,3.31,3.80,-0.04,-0.02,0.00,-0.02,1.46,9.92,0.01,0.00,0.00
371.24,-65.45,8.27,3.31,3.80,-0.04,-0.02,0.00,-0.02,1.46,9.92,0.01,0.00,0.00
371.25,-65.45,8.27,3.31,3.80,-0.04,-0.02,0.00,-0.01,1.47,9.93,0.00,0.00,0.00
371.27,-65.45,8.27,3.31,3.80,-0.04,-0.02,0.00,-0.01,1.47,9.93,0.00,0.00,0.00
371.28,-65.45,8.28,3.31,3.79,-0.04,-0.02,0.00,-0.00,1.47,9.94,0.00,0.00,0.00
371.30,-65.45,8.28,3.31,3.80,-0.04,-0.02,0.00,-0.01,1.46,9.93,0.00,0.00,0.00
371.31,-65.45,8.28,3.31,3.79,-0.04,-0.02,-0.00,-0.00,1.48,9.94,0.00,0.00,0.00
371.33,-65.45,8.28,3.31,3.80,-0.03,-0.02,-0.00,0.00,1.46,9.94,0.00,0.00,0.00
371.35,-65.44,8.28,3.31,3.80,-0.04,-0.02,-0.00,0.00,1.46,9.94,0.00,0.00,0.00
371.36,-65.45,8.28,3.31,3.78,-0.04,-0.02,-0.00,0.01,1.45,9.94,0.00,0.00,0.00
371.38,-65.44,8.28,3.30,3.79,-0.04,-0.02,-0.00,0.00,1.45,9.93,0.00,0.00,0.00
371.39,-65.44,8.29,3.30,3.79,-0.04,-0.02,-0.00,0.02,1.45,9.93,0.00,0.00,0.00
371.41,-65.43,8.28,3.31,3.79,-0.04,-0.02,-0.00,0.01,1.46,9.93,0.00,0.00,0.00
371.43,-65.43,8.27,3.30,3.80,-0.04,-0.02,-0.00,0.00,1.47,9.93,0.01,0.00,0.00
371.44,-65.42,8.27,3.31,3.80,-0.04,-0.02,-0.00,-0.02,1.47,9.92,0.01,0.00,0.00
371.46,-65.43,8.27,3.31,3.79,-0.04,-0.02,-0.00,-0.01,1.47,9.92,0.01,0.00,0.00
371.47,-65.43,8.27,3.31,3.79,-0.04,-0.02,-0.00,-0.01,1.48,9.93,0.01,0.00,0.00
371.49,-65.43,8.27,3.31,3.79,-0.04,-0.02,-0.00,-0.01,1.48,9.93,0.01,0.00,0.00
371.50,-65.44,8.27,3.31,3.80,-0.04,-0.02,-0.00,-0.02,1.47,9.93,0.01,-0.00,0.00
371.51,-65.43,8.27,3.31,3.81,-0.04,-0.02,-0.00,-0.02,1.47,9.92,0.01,0.00,0.00
371.53,-65.43,8.27,3.30,3.81,-0.04,-0.02,-0.00,-0.01,1.47,9.92,0.01,0.00,0.00
371.54,-65.43,8.28,3.31,3.80,-0.04,-0.02,-0.00,-0.02,1.46,9.93,0.00,0.00,0.00
371.56,-65.43,8.27,3.32,3.79,-0.03,-0.02,-0.00,-0.00,1.46,9.92,0.00,0.00,0.00
371.57,-65.43,8.27,3.31,3.79,-0.04,-0.02,-0.00,0.01,1.46,9.93,0.00,0.00,0.00
371.59,-65.42,8.27,3.31,3.80,-0.04,-0.02,0.00,-0.00,1.46,9.94,0.00,0.00,0.00
371.60,-65.42,8.27,3.31,3.80,-0.04,-0.02,0.00,0.00,1.47,9.93,0.00,0.00,0.00
371.62,-65.41,8.28,3.30,3.80,-0.04,-0.02,0.00,0.01,1.47,9.94,0.00,0.00,0.00
371.63,-65.40,8.28,3.30,3.80,-0.04,-0.02,0.00,0.01,1.47,9.92,0.00,0.00,0.00
371.64,-65.40,8.28,3.30,3.80,-0.04,-0.02,0.00,-0.01,1.46,9.92,0.00,0.00,0.00
371.66,-65.40,8.27,3.29,3.79,-0.04,-0.02,0.00,-0.01,1.46,9.93,0.01,0.00,0.00
371.67,-65.40,8.28,3.30,3.80,-0.04,-0.02,0.00,0.00,1.46,9.93,0.00,0.00,0.00
371.69,-65.40,8.28,3.30,3.81,-0.04,-0.02,0.00,-0.00,1.46,9.93,0.00,0.00,0.00
371.70,-65.40,8.27,3.30,3.80,-0.04,-0.02,0.00,-0.01,1.46,9.93,0.00,0.00,0.00
371.71,-65.40,8.27,3.30,3.81,-0.04,-0.02,0.00,-0.01,1.46,9.94,0.01,0.00,0.00
371.73,-65.39,8.27,3.30,3.81,-0.04,-0.02,-0.00,-0.00,1.46,9.92,0.01,0.00,0.00
371.74,-65.39,8.27,3.30,3.81,-0.04,-0.02,-0.00,-0.02,1.46,9.93,0.01,0.00,0.00
371.75,-65.39,8.27,3.30,3.80,-0.04,-0.02,-0.00,-0.01,1.46,9.93,0.01,0.00,0.00
371.77,-65.40,8.27,3.31,3.80,-0.04,-0.02,-0.00,-0.00,1.47,9.92,0.01,0.00,0.00
371.78,-65.40,8.28,3.31,3.79,-0.04,-0.02,-0.00,-0.00,1.47,9.94,0.01,0.00,0.00
371.80,-65.40,8.28,3.31,3.79,-0.04,-0.02,-0.00,0.00,1.46,9.93,0.01,-0.00,0.00
371.81,-65.41,8.28,3.31,3.78,-0.04,-0.02,-0.00,-0.00,1.47,9.93,0.01,0.00,0.00
371.83,-65.41,8.27,3.31,3.79,-0.04,-0.02,-0.00,0.00,1.46,9.92,0.01,0.00,0.00
371.84,-65.40,8.27,3.32,3.78,-0.04,-0.02,-0.00,0.01,1.47,9.92,0.01,0.00,0.00
371.85,-65.40,8.27,3.32,3.78,-0.04,-0.02,-0.00,0.01,1.47,9.93,0.01,0.00,0.00
371.87,-65.40,8.26,3.31,3.79,-0.04,-0.02,-0.00,-0.00,1.47,9.94,0.01,0.00,0.00
371.88,-65.40,8.27,3.31,3.80,-0.04,-0.02,0.00,0.00,1.47,9.93,0.01,0.00,0.00
371.91,-65.39,8.27,3.31,3.79,-0.04,-0.02,0.00,-0.01,1.46,9.93,0.01,0.00,0.00
371.93,-65.39,8.27,3.31,3.81,-0.04,-0.02,0.00,-0.02,1.45,9.92,0.01,0.00,0.00
371.94,-65.39,8.27,3.31,3.81,-0.04,-0.02,0.00,-0.01,1.45,9.92,0.01,0.00,0.00
371.95,-65.39,8.27,3.31,3.81,-0.04,-0.02,0.00,0.00,1.46,9.92,0.01,0.00,0.00
371.97,-65.39,8.27,3.31,3.80,-0.04,-0.02,0.00,-0.01,1.46,9.94,0.01,0.00,0.00
371.98,-65.39,8.27,3.31,3.80,-0.04,-0.02,-0.00,-0.01,1.46,9.94,0.01,0.00,0.00
371.99,-65.39,8.27,3.30,3.80,-0.04,-0.02,-0.00,-0.00,1.47,9.95,0.00,0.00,0.00
372.01,-65.40,8.27,3.30,3.79,-0.04,-0.02,-0.00,-0.01,1.46,9.95,0.00,0.00,0.00
372.02,-65.40,8.28,3.30,3.78,-0.04,-0.02,-0.00,0.00,1.47,9.95,0.00,0.00,0.00
372.03,-65.41,8.28,3.30,3.78,-0.04,-0.02,-0.00,0.00,1.47,9.95,0.00,0.00,0.00
372.05,-65.41,8.28,3.30,3.78,-0.04,-0.02,-0.00,0.01,1.47,9.94,0.00,0.00,0.00
372.06,-65.41,8.27,3.31,3.78,-0.04,-0.02,-0.00,0.01,1.46,9.93,0.00,0.00,0.00
372.07,-65.41,8.27,3.31,3.78,-0.04,-0.02,-0.00,-0.00,1.46,9.93,0.00,0.00,0.00
372.09,-65.41,8.26,3.31,3.79,-0.04,-0.02,-0.00,-0.00,1.47,9.93,0.00,0.00,0.00
372.11,-65.41,8.27,3.31,3.78,-0.04,-0.02,0.00,0.00,1.47,9.93,0.00,0.00,0.00
372.12,-65.42,8.28,3.31,3.79,-0.04,-0.02,0.00,-0.01,1.46,9.93,0.00,0.00,0.00
372.14,-65.42,8.28,3.31,3.78,-0.04,-0.02,0.00,-0.00,1.47,9.94,0.00,0.00,0.00
372.15,-65.43,8.28,3.31,3.79,-0.04,-0.02,0.00,-0.01,1.46,9.95,0.00,0.00,0.00
372.17,-65.43,8.28,3.31,3.79,-0.04,-0.02,0.00,-0.01,1.46,9.94,0.00,0.00,0.00
372.18,-65.43,8.27,3.31,3.81,-0.03,-0.02,0.00,-0.00,1.46,9.95,0.00,0.00,0.00
372.20,-65.43,8.27,3.31,3.79,-0.03,-0.02,0.00,-0.00,1.46,9.95,0.00,0.00,0.00
372.22,-65.42,8.28,3.30,3.79,-0.03,-0.02,0.00,-0.00,1.46,9.94,0.01,0.00,0.00
372.24,-65.42,8.27,3.30,3.79,-0.03,-0.02,-0.00,-0.00,1.46,9.93,0.01,0.00,0.00
372.25,-65.42,8.27,3.31,3.80,-0.04,-0.02,-0.00,0.00,1.46,9.93,0.00,0.00,0.00
372.27,-65.41,8.27,3.31,3.80,-0.04,-0.02,-0.00,0.02,1.45,9.92,0.01,0.00,0.00
372.28,-65.41,8.27,3.31,3.79,-0.04,-0.02,-0.00,0.01,1.45,9.92,0.01,0.00,0.00
372.29,-65.41,8.27,3.31,3.78,-0.04,-0.02,-0.00,-0.00,1.45,9.92,0.01,0.00,0.00
372.31,-65.42,8.27,3.32,3.78,-0.04,-0.02,-0.00,0.00,1.46,9.92,0.01,0.00,0.00
372.32,-65.42,8.27,3.31,3.78,-0.04,-0.02,-0.00,-0.01,1.46,9.92,0.01,0.00,0.00
372.34,-65.42,8.27,3.31,3.79,-0.04,-0.02,-0.00,0.00,1.47,9.92,0.00,0.00,0.00
372.35,-65.42,8.27,3.31,3.79,-0.04,-0.02,-0.00,0.00,1.47,9.92,0.00,0.00,0.00
372.37,-65.42,8.28,3.31,3.78,-0.04,-0.02,-0.00,0.01,1.46,9.91,0.00,0.00,0.00
372.38,-65.42,8.27,3.31,3.79,-0.04,-0.02,0.00,-0.00,1.47,9.93,0.00,0.00,0.00
372.39,-65.42,8.27,3.31,3.79,-0.04,-0.02,0.00,-0.00,1.46,9.93,0.00,0.00,0.00
372.40,-65.43,8.27,3.31,3.78,-0.04,-0.02,0.00,0.00,1.46,9.94,0.00,0.00,0.00
372.42,-65.43,8.27,3.31,3.79,-0.04,-0.02,0.00,-0.01,1.45,9.94,0.00,0.00,0.00
372.43,-65.43,8.28,3.30,3.81,-0.04,-0.02,0.00,-0.01,1.45,9.94,0.00,0.00,0.00
372.45,-65.42,8.27,3.31,3.81,-0.04,-0.02,-0.00,-0.01,1.46,9.94,0.00,0.00,0.00
372.46,-65.42,8.27,3.31,3.79,-0.04,-0.02,-0.00,-0.01,1.46,9.94,0.00,0.00,0.00
372.49,-65.42,8.28,3.31,3.79,-0.04,-0.02,-0.00,-0.00,1.46,9.93,0.01,0.00,0.00
372.50,-65.42,8.27,3.30,3.80,-0.04,-0.02,-0.00,0.01,1.47,9.94,0.01,0.00,0.00
372.52,-65.41,8.28,3.31,3.79,-0.04,-0.02,-0.00,0.02,1.47,9.94,0.01,0.00,0.00
372.54,-65.41,8.27,3.31,3.78,-0.04,-0.02,-0.00,0.01,1.46,9.93,0.01,0.00,0.00
372.55,-65.40,8.28,3.31,3.78,-0.03,-0.02,-0.00,0.01,1.46,9.93,0.01,0.00,0.00
372.56,-65.40,8.27,3.31,3.78,-0.03,-0.02,-0.00,0.02,1.47,9.93,0.01,0.00,0.00
372.58,-65.40,8.27,3.32,3.79,-0.04,-0.02,-0.00,0.00,1.47,9.93,0.01,0.00,0.00
372.59,-65.40,8.26,3.31,3.79,-0.04,-0.02,0.00,-0.01,1.46,9.93,0.01,0.00,0.00
372.61,-65.40,8.26,3.30,3.80,-0.04,-0.02,0.00,-0.01,1.46,9.93,0.01,0.00,0.00
372.62,-65.39,8.26,3.31,3.80,-0.04,-0.02,-0.00,-0.01,1.47,9.93,0.01,0.00,0.00
372.64,-65.39,8.26,3.31,3.80,-0.04,-0.02,-0.00,-0.02,1.46,9.93,0.01,0.00,0.00
372.66,-65.39,8.26,3.31,3.80,-0.04,-0.02,-0.00,-0.01,1.46,9.92,0.01,0.00,0.00
372.68,-65.39,8.26,3.31,3.81,-0.04,-0.02,0.00,-0.01,1.47,9.91,0.01,0.00,0.00
372.69,-65.39,8.26,3.31,3.80,-0.04,-0.02,0.00,-0.01,1.47,9.93,0.01,0.00,0.00
372.70,-65.39,8.26,3.31,3.81,-0.04,-0.02,0.00,-0.02,1.46,9.93,0.00,0.00,0.00
372.72,-65.39,8.27,3.31,3.80,-0.04,-0.02,0.00,-0.01,1.46,9.93,0.00,0.00,0.00
372.73,-65.39,8.27,3.32,3.79,-0.04,-0.02,0.00,-0.00,1.46,9.93,0.00,0.00,0.00
372.74,-65.40,8.27,3.31,3.77,-0.04,-0.02,0.00,0.01,1.45,9.91,0.00,0.00,0.00
372.76,-65.40,8.27,3.31,3.77,-0.04,-0.02,0.00,0.01,1.46,9.92,0.00,0.00,0.00
372.77,-65.40,8.27,3.31,3.78,-0.04,-0.02,-0.00,0.01,1.45,9.92,0.00,0.00,0.00
372.79,-65.40,8.27,3.31,3.77,-0.04,-0.02,-0.00,0.01,1.46,9.93,0.00,0.00,0.00
372.80,-65.40,8.27,3.31,3.79,-0.04,-0.02,0.00,-0.00,1.45,9.92,0.00,0.00,0.00
372.82,-65.40,8.27,3.31,3.80,-0.04,-0.02,0.00,-0.01,1.45,9.92,0.00,0.00,0.00
372.83,-65.39,8.26,3.30,3.80,-0.04,-0.02,0.00,0.00,1.46,9.92,0.00,0.00,0.00
372.84,-65.39,8.26,3.31,3.79,-0.04,-0.02,0.00,-0.00,1.46,9.92,0.01,0.00,0.00
372.85,-65.40,8.26,3.31,3.78,-0.04,-0.02,0.00,-0.00,1.47,9.92,0.01,0.00,0.00
372.87,-65.40,8.27,3.31,3.78,-0.04,-0.02,0.00,-0.01,1.47,9.93,0.01,0.00,0.00
372.88,-65.41,8.27,3.31,3.80,-0.03,-0.02,-0.00,-0.01,1.48,9.93,0.01,-0.00,0.00
372.90,-65.41,8.27,3.31,3.80,-0.03,-0.02,0.00,-0.01,1.49,9.94,0.01,-0.00,0.00
372.91,-65.41,8.26,3.30,3.81,-0.03,-0.02,-0.00,-0.01,1.48,9.94,0.01,-0.00,0.01
372.93,-65.41,8.27,3.31,3.79,-0.03,-0.02,0.00,-0.01,1.48,9.94,0.01,-0.00,0.01
372.94,-65.41,8.27,3.28,3.79,-0.02,-0.02,-0.00,0.01,1.49,9.93,0.02,0.00,0.01
372.95,-65.41,8.27,3.29,3.78,-0.02,-0.02,-0.01,0.01,1.46,9.94,0.02,-0.00,0.01
372.97,-65.40,8.27,3.29,3.78,-0.02,-0.02,-0.01,0.02,1.44,9.94,0.02,-0.00,0.00
372.98,-65.39,8.28,3.28,3.78,-0.02,-0.02,-0.02,0.04,1.43,9.94,0.02,-0.00,-0.01
373.00,-65.39,8.30,3.28,3.79,-0.02,-0.03,-0.03,0.00,1.41,9.95,0.02,-0.01,-0.02
373.02,-65.39,8.29,3.28,3.80,-0.02,-0.03,-0.03,0.02,1.41,9.96,0.02,-0.01,-0.03
373.04,-65.38,8.26,3.31,3.80,-0.03,-0.03,-0.04,0.01,1.40,9.95,0.03,-0.01,-0.05
373.06,-65.37,8.24,3.31,3.81,-0.03,-0.04,-0.04,0.00,1.39,9.95,0.03,-0.01,-0.08
373.08,-65.36,8.24,3.31,3.82,-0.03,-0.04,-0.05,-0.03,1.35,9.95,0.04,-0.02,-0.09
373.10,-65.36,8.26,3.30,3.82,-0.03,-0.05,-0.06,-0.04,1.34,9.97,0.05,-0.02,-0.12
373.11,-65.37,8.29,3.32,3.82,-0.03,-0.05,-0.06,-0.03,1.33,10.00,0.06,-0.02,-0.14
373.12,-65.39,8.31,3.30,3.81,-0.04,-0.05,-0.06,-0.05,1.34,10.02,0.07,-0.02,-0.16
373.14,-65.45,8.32,3.30,3.77,-0.04,-0.05,-0.07,-0.08,1.35,10.04,0.08,-0.01,-0.17
373.15,-65.53,8.29,3.33,3.73,-0.05,-0.06,-0.09,-0.08,1.38,10.05,0.08,-0.00,-0.16
373.17,-65.59,8.25,3.37,3.71,-0.05,-0.06,-0.09,-0.07,1.43,10.04,0.08,0.01,-0.16
373.18,-65.70,8.22,3.42,3.71,-0.06,-0.06,-0.08,-0.07,1.53,10.00,0.07,0.02,-0.14
373.20,-65.77,8.22,3.44,3.71,-0.06,-0.07,-0.07,-0.09,1.56,10.00,0.07,0.02,-0.13
373.21,-65.86,8.22,3.44,3.70,-0.07,-0.07,-0.06,-0.07,1.54,10.02,0.07,0.02,-0.14
373.23,-65.93,8.23,3.43,3.70,-0.08,-0.08,-0.05,-0.06,1.49,10.10,0.08,0.02,-0.15
373.24,-66.02,8.28,3.39,3.75,-0.09,-0.10,-0.06,-0.07,1.49,10.18,0.09,0.01,-0.18
373.25,-66.10,8.33,3.37,3.83,-0.11,-0.13,-0.08,-0.10,1.51,10.30,0.10,0.01,-0.20
373.27,-66.19,8.36,3.36,3.91,-0.11,-0.16,-0.10,-0.13,1.54,10.40,0.09,0.01,-0.22
373.28,-66.27,8.37,3.40,3.95,-0.10,-0.19,-0.12,-0.14,1.64,10.44,0.07,0.01,-0.22
373.30,-66.39,8.37,3.47,3.93,-0.09,-0.22,-0.12,-0.16,1.71,10.41,0.07,0.00,-0.23
373.31,-66.57,8.32,3.55,3.86,-0.08,-0.24,-0.08,-0.24,1.81,10.24,0.05,-0.01,-0.23
373.33,-66.76,8.26,3.58,3.82,-0.06,-0.25,-0.05,-0.40,1.85,10.08,0.03,-0.02,-0.21
373.35,-67.33,8.19,3.56,3.73,-0.02,-0.26,0.03,-0.70,1.86,9.94,0.00,-0.01,-0.11
373.37,-67.56,8.20,3.55,3.71,-0.00,-0.26,0.05,-0.61,1.83,9.85,-0.03,-0.00,-0.05
373.38,-67.81,8.22,3.53,3.69,0.02,-0.26,0.04,-0.50,1.80,9.78,-0.05,0.00,-0.01
373.39,-68.03,8.23,3.49,3.64,0.04,-0.25,0.04,-0.41,1.75,9.71,-0.07,0.01,0.02
373.40,-68.23,8.25,3.47,3.57,0.06,-0.24,0.05,-0.33,1.67,9.61,-0.09,0.01,0.03
373.42,-68.42,8.27,3.48,3.48,0.07,-0.23,0.05,-0.25,1.60,9.52,-0.10,0.01,0.03
373.43,-68.59,8.25,3.50,3.38,0.07,-0.22,0.05,-0.19,1.55,9.43,-0.11,0.01,0.02
373.44,-68.80,8.23,3.52,3.27,0.06,-0.19,0.05,-0.17,1.51,9.35,-0.12,0.02,0.02
373.45,-68.94,8.22,3.52,3.21,0.05,-0.18,0.04,-0.16,1.48,9.31,-0.14,0.03,0.02
373.46,-69.11,8.22,3.51,3.15,0.04,-0.16,0.04,-0.16,1.44,9.33,-0.15,0.03,0.01
373.48,-69.41,8.25,3.52,3.10,0.02,-0.13,0.02,-0.12,1.40,9.39,-0.16,0.05,0.02
373.50,-69.55,8.29,3.52,3.10,-0.00,-0.11,0.00,-0.07,1.38,9.46,-0.17,0.06,0.02
373.51,-69.68,8.34,3.51,3.10,-0.02,-0.10,-0.01,0.02,1.37,9.55,-0.18,0.08,0.01
373.52,-69.81,8.37,3.51,3.09,-0.04,-0.08,-0.02,0.06,1.35,9.59,-0.18,0.10,-0.01
373.54,-69.95,8.39,3.54,3.08,-0.06,-0.06,-0.02,0.07,1.36,9.63,-0.19,0.12,-0.03
373.55,-70.07,8.36,3.55,3.09,-0.09,-0.05,-0.02,0.02,1.37,9.64,-0.19,0.13,-0.06
373.57,-70.18,8.33,3.55,3.13,-0.11,-0.03,-0.02,-0.08,1.36,9.62,-0.20,0.15,-0.08
373.58,-70.33,8.29,3.54,3.17,-0.12,-0.01,-0.02,-0.16,1.32,9.61,-0.21,0.17,-0.09
373.60,-70.45,8.27,3.53,3.19,-0.13,-0.01,-0.02,-0.23,1.26,9.61,-0.21,0.18,-0.10
373.61,-70.59,8.29,3.55,3.21,-0.14,0.01,-0.02,-0.29,1.21,9.62,-0.22,0.19,-0.10
373.63,-70.70,8.31,3.54,3.21,-0.16,0.02,-0.02,-0.27,1.16,9.60,-0.22,0.20,-0.11
373.64,-70.88,8.31,3.52,3.20,-0.18,0.05,-0.03,-0.26,1.12,9.56,-0.22,0.22,-0.12
373.66,-71.03,8.28,3.55,3.19,-0.20,0.07,-0.05,-0.28,1.10,9.46,-0.22,0.24,-0.12
373.68,-71.10,8.26,3.59,3.19,-0.21,0.09,-0.05,-0.27,1.10,9.40,-0.22,0.25,-0.13
373.69,-71.16,8.26,3.63,3.18,-0.23,0.11,-0.05,-0.21,1.10,9.35,-0.22,0.25,-0.13
373.70,-71.20,8.23,3.65,3.15,-0.26,0.14,-0.04,-0.14,1.08,9.29,-0.23,0.26,-0.13
373.72,-71.17,8.21,3.64,3.10,-0.28,0.17,-0.03,-0.06,1.15,9.20,-0.24,0.28,-0.13
373.73,-71.14,8.14,3.69,3.05,-0.31,0.22,-0.02,-0.10,0.94,9.32,-0.29,0.29,-0.12
373.74,-71.11,8.21,3.64,2.99,-0.35,0.26,0.02,0.01,0.78,9.75,-0.31,0.30,-0.06
373.76,-71.05,8.38,3.58,2.98,-0.40,0.29,0.06,0.11,0.94,10.19,-0.31,0.31,-0.01
373.77,-70.96,8.52,3.51,3.07,-0.46,0.29,0.08,0.22,0.96,10.64,-0.32,0.30,0.02
373.78,-70.74,8.59,3.28,3.30,-0.51,0.27,0.10,0.33,0.83,11.04,-0.27,0.26,-0.01
373.80,-70.33,8.59,3.08,3.44,-0.52,0.25,0.11,0.54,0.67,11.24,-0.14,0.18,-0.10
373.81,-70.02,8.60,3.01,3.42,-0.52,0.23,0.10,0.72,0.64,11.03,-0.05,0.13,-0.19
373.82,-69.54,8.57,2.97,3.18,-0.51,0.22,0.06,0.87,0.86,10.56,0.00,0.10,-0.26
373.84,-69.16,8.49,2.97,3.03,-0.51,0.24,0.03,0.94,1.12,9.92,-0.01,0.09,-0.30
373.85,-68.78,8.30,3.05,2.91,-0.51,0.32,-0.01,0.84,1.28,9.39,-0.05,0.10,-0.32
373.86,-68.44,8.25,3.10,2.94,-0.51,0.39,-0.01,0.58,1.38,9.17,-0.10,0.10,-0.35
373.87,-68.10,8.36,2.98,3.16,-0.50,0.51,0.02,0.10,1.37,9.47,-0.13,0.10,-0.36
373.88,-67.95,8.61,2.86,3.42,-0.48,0.58,0.06,-0.52,1.25,10.15,-0.12,0.09,-0.36
373.90,-67.71,8.97,2.66,3.88,-0.43,0.64,0.11,-0.99,1.09,10.80,-0.09,0.08,-0.35
373.91,-67.61,9.17,2.45,4.30,-0.37,0.67,0.13,-1.20,1.02,10.97,-0.05,0.08,-0.33
373.92,-67.34,9.33,2.36,4.77,-0.27,0.72,0.14,-1.37,1.05,10.73,0.00,0.10,-0.30
373.93,-66.93,9.49,2.73,5.17,-0.19,0.78,0.14,-1.51,1.03,10.27,0.00,0.13,-0.26
373.94,-66.54,9.09,2.73,5.05,-0.13,0.87,0.20,-1.63,0.89,9.92,-0.03,0.16,-0.19
373.95,-66.28,8.74,2.82,4.94,-0.06,0.92,0.32,-1.60,0.75,9.83,-0.09,0.19,-0.07
373.97,-65.93,8.60,2.86,4.85,-0.03,0.94,0.42,-1.46,0.65,9.99,-0.11,0.20,-0.01
373.98,-65.48,8.62,2.77,4.82,-0.02,0.95,0.52,-1.31,0.50,10.19,-0.11,0.20,0.00
374.00,-65.00,8.74,2.54,4.90,-0.03,0.95,0.63,-1.16,0.29,10.37,-0.08,0.21,-0.02
374.01,-64.75,8.80,2.43,4.90,-0.04,0.93,0.70,-1.05,0.06,10.52,-0.05,0.21,-0.07
374.02,-64.30,8.79,2.33,4.88,-0.06,0.90,0.80,-0.98,-0.12,10.54,-0.00,0.24,-0.13
374.03,-63.98,8.65,2.29,4.93,-0.12,0.87,0.90,-1.07,-0.22,10.50,0.02,0.26,-0.16
374.05,-63.64,8.52,2.30,5.06,-0.17,0.85,0.98,-1.23,-0.20,10.39,0.04,0.28,-0.16
374.06,-63.32,8.39,2.32,5.21,-0.22,0.85,1.05,-1.37,-0.06,10.27,0.06,0.30,-0.16
374.07,-63.17,8.33,2.30,5.27,-0.25,0.85,1.11,-1.42,0.11,10.23,0.06,0.32,-0.17
374.08,-62.83,8.22,2.31,5.29,-0.28,0.84,1.14,-1.64,0.33,10.24,0.07,0.36,-0.17
374.10,-62.78,7.97,2.31,5.45,-0.31,0.83,1.18,-1.80,0.51,10.18,0.09,0.41,-0.15
374.12,-62.67,7.74,2.31,5.58,-0.34,0.83,1.19,-1.95,0.65,10.12,0.10,0.44,-0.10
374.13,-62.53,7.50,2.28,5.76,-0.36,0.82,1.18,-2.01,0.74,10.06,0.10,0.47,-0.03
374.14,-62.21,7.27,2.24,5.92,-0.40,0.82,1.17,-2.03,0.84,9.97,0.11,0.49,0.06
374.16,-61.84,7.10,2.09,6.15,-0.45,0.84,1.18,-1.76,0.96,9.85,0.10,0.49,0.09
374.17,-61.41,7.06,1.95,6.33,-0.50,0.87,1.19,-1.60,1.02,9.82,0.09,0.49,0.09
374.18,-60.76,7.10,1.73,6.50,-0.55,0.90,1.20,-1.53,1.08,9.82,0.07,0.48,0.08
374.19,-60.42,7.16,1.61,6.56,-0.58,0.93,1.18,-1.51,1.11,9.83,0.05,0.46,0.05
374.20,-59.81,7.21,1.48,6.59,-0.60,0.95,1.15,-1.59,1.12,9.85,0.04,0.45,0.01
374.22,-59.30,7.36,1.42,6.64,-0.62,0.99,1.07,-1.69,1.13,9.84,0.03,0.43,-0.03
374.23,-58.92,7.43,1.31,6.69,-0.63,1.02,0.96,-1.83,1.13,9.81,0.02,0.42,-0.05
374.24,-58.50,7.39,1.16,6.74,-0.64,1.05,0.85,-1.95,1.11,9.78,0.00,0.42,-0.06
374.25,-58.09,7.27,0.92,6.81,-0.64,1.07,0.73,-2.04,1.05,9.76,-0.01,0.42,-0.07
374.26,-57.57,7.11,0.62,6.90,-0.64,1.10,0.62,-2.12,0.97,9.75,-0.01,0.42,-0.08
374.28,-57.18,6.93,0.40,7.02,-0.62,1.13,0.52,-2.19,0.92,9.75,-0.01,0.41,-0.09
374.29,-56.66,6.83,0.28,7.17,-0.60,1.17,0.45,-2.27,0.90,9.73,-0.00,0.40,-0.11
374.30,-56.13,6.80,0.23,7.33,-0.57,1.21,0.38,-2.43,0.91,9.73,-0.01,0.39,-0.13
374.31,-55.37,6.73,0.22,7.56,-0.54,1.27,0.28,-2.58,0.92,9.75,-0.01,0.37,-0.14
374.33,-54.79,6.60,0.21,7.75,-0.53,1.31,0.20,-2.70,0.93,9.75,-0.02,0.36,-0.15
374.34,-54.43,6.49,0.16,7.91,-0.53,1.34,0.15,-2.83,0.94,9.73,-0.03,0.34,-0.16
374.35,-53.68,6.33,0.08,8.10,-0.53,1.38,0.10,-2.95,0.90,9.74,-0.04,0.32,-0.16
374.36,-53.10,6.17,0.04,8.21,-0.54,1.41,0.05,-3.06,0.86,9.74,-0.04,0.30,-0.16
374.37,-52.10,5.92,-0.03,8.32,-0.56,1.46,-0.01,-3.14,0.88,9.72,-0.03,0.28,-0.16
374.39,-51.34,5.69,-0.09,8.37,-0.57,1.49,-0.04,-3.21,0.91,9.70,-0.02,0.26,-0.16
374.40,-50.54,5.43,-0.07,8.38,-0.58,1.52,-0.08,-3.24,0.90,9.65,-0.01,0.24,-0.14
374.41,-49.99,5.23,-0.04,8.38,-0.59,1.54,-0.09,-3.22,0.92,9.61,-0.02,0.22,-0.13
374.42,-48.77,4.86,-0.02,8.36,-0.63,1.56,-0.08,-3.18,0.96,9.58,-0.03,0.21,-0.12
374.43,-48.10,4.69,-0.06,8.39,-0.65,1.57,-0.06,-3.08,1.04,9.58,-0.04,0.20,-0.11
374.44,-47.02,4.50,-0.22,8.44,-0.66,1.57,-0.04,-2.94,1.09,9.59,-0.06,0.18,-0.10
374.46,-45.65,4.25,-0.44,8.45,-0.65,1.56,-0.04,-2.72,1.07,9.65,-0.07,0.15,-0.11
374.47,-44.48,4.09,-0.54,8.41,-0.64,1.56,-0.01,-2.51,1.12,9.58,-0.07,0.13,-0.14
374.48,-42.98,3.94,-0.52,8.27,-0.64,1.54,0.06,-2.33,1.16,9.53,-0.09,0.11,-0.18
374.50,-41.50,3.87,-0.45,8.16,-0.65,1.50,0.10,-2.21,1.12,9.52,-0.10,0.09,-0.22
374.51,-40.39,3.80,-0.57,8.12,-0.64,1.48,0.10,-2.20,0.99,9.51,-0.11,0.07,-0.24
374.53,-39.02,3.63,-0.61,8.11,-0.64,1.43,0.11,-2.16,0.92,9.46,-0.12,0.06,-0.24
374.54,-37.95,3.54,-0.66,8.22,-0.66,1.39,0.14,-2.23,0.85,9.39,-0.14,0.05,-0.22
374.55,-37.01,3.49,-0.79,8.39,-0.68,1.36,0.18,-2.33,0.81,9.37,-0.15,0.06,-0.18
374.56,-36.09,3.45,-1.03,8.58,-0.69,1.32,0.24,-2.39,0.80,9.40,-0.17,0.07,-0.13
374.58,-35.27,3.44,-1.21,8.76,-0.69,1.29,0.29,-2.45,0.82,9.45,-0.18,0.07,-0.07
374.59,-34.27,3.30,-1.36,9.03,-0.65,1.26,0.33,-2.51,0.87,9.53,-0.19,0.08,0.02
374.60,-33.20,2.87,-1.43,9.13,-0.58,1.24,0.38,-2.45,0.90,9.71,-0.22,0.10,0.09
374.62,-31.80,2.50,-1.39,9.08,-0.52,1.18,0.45,-2.18,0.88,9.86,-0.23,0.11,0.13
374.63,-30.99,2.47,-1.51,9.00,-0.50,1.16,0.48,-1.83,0.80,9.86,-0.22,0.11,0.08
374.65,-29.74,2.70,-1.75,8.76,-0.44,1.12,0.47,-1.54,0.62,9.74,-0.20,0.11,0.00
374.66,-28.99,3.03,-1.78,8.69,-0.40,1.12,0.40,-1.58,0.46,9.69,-0.20,0.11,-0.08
374.67,-28.25,3.16,-1.88,8.67,-0.40,1.11,0.27,-1.66,0.42,9.69,-0.19,0.14,-0.15
374.68,-27.74,3.09,-1.98,8.88,-0.46,1.10,0.12,-1.96,0.48,9.78,-0.21,0.17,-0.18
374.70,-27.24,2.80,-2.19,9.23,-0.53,1.07,0.06,-2.33,0.46,9.90,-0.23,0.20,-0.18
374.71,-26.77,2.46,-2.31,9.60,-0.52,1.02,0.09,-2.64,0.41,9.90,-0.23,0.24,-0.15
374.72,-26.41,2.14,-2.36,9.73,-0.46,0.99,0.12,-2.86,0.29,9.83,-0.24,0.27,-0.09
374.73,-25.93,1.77,-2.38,9.64,-0.40,0.98,0.14,-2.92,0.11,9.80,-0.24,0.30,-0.02
374.75,-24.96,1.48,-2.78,9.49,-0.36,0.99,0.26,-2.68,-0.18,9.92,-0.25,0.33,0.09
374.77,-24.58,1.46,-2.95,9.44,-0.34,0.98,0.31,-2.53,-0.18,9.99,-0.26,0.35,0.14
374.78,-24.07,1.47,-3.05,9.35,-0.29,0.97,0.38,-2.49,-0.18,9.96,-0.27,0.38,0.18
374.79,-23.47,1.54,-3.07,9.25,-0.23,0.94,0.43,-2.25,-0.20,9.91,-0.27,0.41,0.19
374.81,-23.02,1.61,-3.06,9.22,-0.20,0.92,0.44,-1.95,-0.18,9.88,-0.26,0.44,0.16
374.82,-22.21,1.65,-3.06,9.23,-0.13,0.89,0.38,-1.70,-0.18,9.84,-0.26,0.47,0.10
374.84,-21.82,1.59,-2.94,9.18,-0.09,0.86,0.31,-1.89,-0.20,9.72,-0.26,0.50,0.04
374.85,-21.52,1.47,-2.71,9.02,-0.07,0.82,0.21,-2.21,-0.23,9.56,-0.27,0.53,0.04
374.87,-21.36,1.32,-2.53,8.94,-0.08,0.77,0.14,-2.42,-0.21,9.42,-0.27,0.57,0.06
374.88,-21.24,1.22,-2.46,9.00,-0.11,0.71,0.09,-2.52,-0.16,9.41,-0.27,0.60,0.10
374.89,-21.33,1.22,-2.54,9.08,-0.12,0.67,0.05,-2.55,-0.15,9.53,-0.25,0.63,0.14
374.91,-21.34,1.15,-2.64,9.15,-0.10,0.67,0.03,-2.49,-0.18,9.75,-0.24,0.67,0.14
374.93,-21.19,0.93,-2.49,9.31,-0.12,0.70,0.03,-2.55,-0.10,9.80,-0.22,0.72,0.10
374.94,-21.23,0.80,-2.33,9.44,-0.16,0.71,0.04,-2.78,0.08,9.78,-0.22,0.76,0.06
374.95,-21.12,0.65,-2.05,9.65,-0.23,0.73,0.07,-3.00,0.34,9.80,-0.23,0.78,0.03
374.98,-21.16,0.45,-1.81,9.92,-0.30,0.77,0.12,-3.39,0.59,9.89,-0.24,0.85,0.03
374.99,-21.20,0.22,-1.82,9.94,-0.32,0.78,0.17,-3.52,0.48,9.87,-0.25,0.89,0.05
375.01,-21.24,0.03,-2.02,9.97,-0.32,0.77,0.22,-3.73,0.24,9.82,-0.28,0.94,0.07
375.02,-21.46,-0.10,-2.27,10.07,-0.32,0.77,0.27,-3.89,0.05,9.85,-0.31,0.97,0.12
375.03,-21.47,-0.09,-2.59,10.17,-0.33,0.79,0.31,-4.03,-0.09,10.02,-0.33,1.00,0.15
375.05,-21.59,0.04,-2.81,10.21,-0.34,0.80,0.32,-3.96,-0.13,10.23,-0.34,1.03,0.19
375.06,-21.70,0.30,-2.99,10.33,-0.35,0.81,0.34,-3.69,-0.11,10.45,-0.35,1.05,0.21
375.07,-21.84,0.57,-3.09,10.46,-0.34,0.81,0.35,-3.24,-0.03,10.70,-0.35,1.08,0.20
375.08,-21.85,1.15,-3.22,10.75,-0.33,0.80,0.36,-2.49,0.13,11.18,-0.36,1.11,0.14
375.10,-21.88,1.72,-3.31,11.21,-0.30,0.75,0.33,-1.97,0.43,11.69,-0.36,1.15,0.06
375.11,-22.01,2.18,-3.11,11.61,-0.24,0.66,0.25,-1.77,0.90,12.11,-0.37,1.20,-0.03
375.13,-22.35,2.38,-2.60,11.77,-0.17,0.52,0.11,-1.76,1.44,12.26,-0.40,1.27,-0.05
375.14,-22.82,2.47,-2.43,11.96,-0.07,0.35,0.03,-1.50,1.87,12.18,-0.43,1.34,0.01
375.16,-23.32,2.70,-2.44,11.83,0.15,0.15,0.01,-0.58,2.47,11.92,-0.48,1.44,0.09
375.17,-23.84,3.00,-2.00,11.30,0.44,-0.10,0.05,0.35,3.04,11.59,-0.57,1.53,0.16
375.18,-24.12,3.13,-1.54,10.95,0.59,-0.27,0.09,0.56,3.34,11.38,-0.66,1.62,0.15
375.19,-24.98,3.13,-0.92,10.61,0.78,-0.52,0.15,0.32,3.49,11.22,-0.74,1.71,0.11
375.21,-26.32,2.99,-0.35,10.37,1.02,-0.82,0.23,-0.55,3.56,11.21,-0.81,1.75,0.07
375.23,-28.45,2.41,0.17,10.36,1.27,-1.14,0.29,-1.90,2.99,11.74,-0.88,1.68,0.10
375.24,-30.10,1.94,0.25,10.57,1.37,-1.37,0.30,-3.11,2.40,12.13,-0.92,1.61,0.16
375.25,-32.57,1.43,-0.02,10.85,1.46,-1.67,0.25,-4.67,1.39,12.38,-0.97,1.52,0.27
375.27,-34.84,1.05,-0.39,11.06,1.47,-1.86,0.15,-5.39,0.54,11.91,-0.96,1.38,0.27
375.29,-36.79,0.82,-0.80,11.32,1.44,-1.96,0.06,-5.79,-0.45,11.30,-0.86,1.20,0.28
375.30,-38.74,0.65,-1.33,11.68,1.40,-2.04,-0.02,-6.47,-1.98,10.54,-0.61,0.92,0.21
375.31,-40.56,0.59,-1.69,11.81,1.37,-2.08,-0.03,-6.91,-2.97,9.89,-0.40,0.61,0.17
375.33,-42.65,0.64,-2.31,11.82,1.26,-2.13,-0.01,-6.87,-3.35,9.18,-0.24,0.33,0.19
375.34,-43.70,0.79,-2.64,11.68,1.18,-2.16,-0.04,-6.56,-3.72,8.95,-0.14,0.04,0.14
375.35,-44.76,1.11,-2.95,11.39,1.05,-2.23,-0.09,-6.34,-4.19,8.91,-0.01,-0.35,-0.08
375.37,-46.21,1.64,-3.19,10.98,0.75,-2.33,-0.27,-6.46,-4.65,8.78,0.27,-0.65,-0.37
375.38,-46.88,1.79,-3.35,10.90,0.61,-2.40,-0.43,-6.96,-5.02,8.55,0.54,-0.95,-0.66
375.39,-47.84,1.80,-3.39,10.91,0.44,-2.48,-0.67,-7.61,-5.37,8.19,0.84,-1.26,-0.94
375.40,-49.10,1.81,-3.23,11.02,0.24,-2.55,-0.97,-8.38,-5.64,7.61,1.20,-1.65,-1.06
375.42,-50.15,1.26,-2.89,10.91,0.03,-2.59,-1.23,-8.79,-5.69,6.95,1.53,-1.98,-1.06
375.43,-50.80,0.70,-2.87,10.75,-0.14,-2.60,-1.36,-9.01,-5.50,6.46,1.75,-2.21,-0.97
375.44,-51.35,0.20,-3.13,10.79,-0.26,-2.55,-1.38,-9.14,-5.00,5.78,1.98,-2.52,-0.76
375.46,-51.65,-0.13,-3.27,10.65,-0.32,-2.42,-1.33,-9.15,-4.52,5.09,2.12,-2.71,-0.63
375.47,-51.80,-0.43,-3.12,10.15,-0.33,-2.27,-1.27,-9.03,-3.87,4.29,2.26,-2.92,-0.55
375.49,-51.80,-0.62,-2.74,9.49,-0.32,-2.10,-1.22,-9.17,-3.56,3.83,2.39,-3.14,-0.52
375.50,-51.54,-0.71,-2.22,8.85,-0.34,-1.89,-1.18,-9.34,-3.14,3.35,2.53,-3.42,-0.44
375.51,-51.11,-0.77,-1.55,8.18,-0.38,-1.60,-1.16,-9.31,-2.60,2.72,2.66,-3.65,-0.32
375.52,-50.51,-0.80,-1.02,7.78,-0.41,-1.33,-1.19,-9.12,-2.25,2.44,2.73,-3.85,-0.15
375.54,-49.67,-0.84,-0.52,7.50,-0.42,-1.05,-1.25,-8.83,-1.82,2.26,2.77,-4.01,0.03
375.55,-48.57,-0.90,-0.08,7.26,-0.39,-0.76,-1.33,-8.57,-1.21,2.24,2.71,-4.12,0.22
375.56,-47.22,-0.93,0.34,7.02,-0.32,-0.47,-1.40,-8.26,-0.71,2.57,2.60,-4.23,0.35
375.57,-45.87,-0.88,0.69,6.79,-0.26,-0.25,-1.44,-7.62,-0.27,3.00,2.50,-4.31,0.44
375.58,-43.74,-0.68,1.14,6.43,-0.18,0.00,-1.46,-6.61,0.58,3.61,2.34,-4.36,0.72
375.60,-37.54,0.15,1.72,6.20,-0.11,0.42,-1.35,-4.02,2.11,6.30,1.87,-4.33,0.91
375.62,-32.85,0.83,1.94,6.79,-0.11,0.53,-1.08,-1.84,2.67,8.70,1.63,-4.10,0.93
375.64,-28.06,1.91,2.28,7.90,-0.07,0.54,-0.62,-0.06,3.01,9.74,1.48,-3.83,0.87
375.65,-24.46,3.42,2.57,8.80,-0.07,0.47,-0.15,2.22,3.25,10.03,1.26,-3.29,0.75
375.66,-20.91,6.66,2.66,9.41,-0.20,0.18,0.32,3.72,3.02,9.86,1.08,-2.74,0.58
375.68,-18.76,9.10,2.40,9.58,-0.32,-0.03,0.41,4.67,2.76,9.73,0.83,-2.12,0.37
375.69,-18.48,11.24,1.68,9.83,-0.48,-0.23,0.32,4.68,2.40,9.66,0.51,-1.48,0.16
375.70,-18.18,10.38,0.55,9.61,-0.66,-0.33,0.27,3.70,1.75,9.44,0.21,-0.84,-0.03
375.71,-18.71,8.72,-0.36,9.15,-0.81,-0.33,0.41,1.94,1.01,8.96,-0.05,-0.22,-0.21
375.72,-19.98,6.76,-1.23,8.55,-0.89,-0.29,0.59,0.04,0.12,8.44,-0.29,0.38,-0.33
375.74,-22.28,4.70,-1.85,8.10,-0.83,-0.21,0.76,-2.20,0.54,7.80,-0.67,1.05,-0.17
375.75,-24.83,1.94,-1.34,8.39,-0.73,0.02,1.08,-3.39,2.62,7.72,-1.17,1.45,0.54
375.77,-26.04,0.96,-0.28,11.04,-0.84,0.34,1.11,-2.02,6.21,11.42,-1.68,1.13,1.02
375.79,-25.04,2.27,0.33,14.57,-0.60,0.74,0.85,2.10,4.57,17.29,-1.29,0.74,0.65
375.80,-23.46,4.55,0.98,15.58,-0.01,0.93,0.76,3.72,3.93,16.53,-0.80,0.86,-0.08
375.81,-22.97,6.58,1.16,13.99,0.17,0.78,0.68,2.22,3.38,13.51,-0.44,1.09,-0.76
375.82,-23.81,8.73,0.85,11.56,0.08,0.57,0.40,-0.42,2.28,11.01,-0.39,1.28,-1.11
375.84,-25.91,7.09,-0.06,10.13,-0.27,0.45,-0.11,-2.61,0.90,9.77,-0.55,1.43,-1.15
375.85,-28.48,4.28,-0.81,9.47,-0.56,0.41,-0.42,-4.34,-0.43,9.12,-0.74,1.49,-0.88
375.87,-29.78,0.97,-1.73,9.13,-0.94,0.54,-0.63,-5.23,-1.14,9.13,-0.77,1.39,-0.70
375.88,-30.07,-1.64,-3.28,9.15,-1.19,0.88,-0.58,-5.48,-1.36,9.46,-0.75,1.22,-0.50
375.89,-29.95,-2.47,-4.09,9.31,-1.16,1.09,-0.38,-5.29,-1.44,9.80,-0.77,1.03,-0.26
375.90,-28.81,-2.39,-4.66,9.51,-0.96,1.29,-0.00,-4.83,-1.30,9.88,-0.79,0.89,-0.01
375.92,-27.22,-0.70,-3.92,9.55,-0.61,1.48,0.47,-4.13,-0.45,9.54,-0.74,0.76,0.24
375.93,-26.10,0.99,-2.79,9.53,-0.54,1.51,0.61,-3.12,0.12,9.60,-0.65,0.73,0.26
375.95,-25.22,1.93,-2.24,9.77,-0.57,1.48,0.56,-1.66,0.35,10.13,-0.54,0.73,-0.05
375.97,-24.01,1.79,-2.32,10.04,-0.48,1.38,0.42,-1.33,0.06,10.23,-0.44,0.71,-0.21
375.98,-23.00,1.44,-2.55,9.76,-0.38,1.35,0.29,-1.59,-0.10,10.17,-0.42,0.67,-0.30
375.99,-22.43,1.19,-2.69,9.46,-0.36,1.33,0.25,-1.98,-0.13,10.28,-0.41,0.62,-0.31
376.00,-21.69,0.83,-2.83,9.16,-0.37,1.30,0.27,-2.42,-0.27,10.39,-0.41,0.58,-0.24
376.02,-21.09,0.79,-2.96,9.07,-0.38,1.25,0.35,-2.59,-0.36,10.24,-0.39,0.59,-0.08
376.03,-20.51,0.96,-3.25,9.14,-0.40,1.17,0.46,-2.46,-0.21,10.00,-0.37,0.64,0.13
376.05,-20.05,1.14,-3.35,9.27,-0.39,1.09,0.59,-2.12,-0.08,10.01,-0.37,0.67,0.28
376.06,-19.62,1.31,-3.14,9.35,-0.34,1.01,0.64,-1.51,-0.04,10.08,-0.37,0.69,0.34
376.07,-19.10,1.22,-2.82,9.32,-0.29,0.99,0.66,-1.06,-0.08,10.07,-0.37,0.72,0.38
376.09,-18.36,1.11,-2.53,9.25,-0.25,0.97,0.71,-0.83,-0.03,10.04,-0.38,0.75,0.38
376.10,-17.83,1.10,-2.43,9.22,-0.25,0.94,0.77,-0.81,0.03,10.06,-0.40,0.77,0.39
376.12,-17.32,1.16,-2.36,9.19,-0.25,0.89,0.82,-0.83,0.10,9.99,-0.43,0.80,0.41
376.13,-17.05,1.25,-2.27,9.16,-0.26,0.84,0.86,-0.92,0.14,9.94,-0.45,0.83,0.42
376.14,-16.82,1.33,-2.17,9.15,-0.28,0.78,0.84,-1.04,0.19,9.85,-0.46,0.87,0.45
376.15,-16.76,1.33,-2.06,9.19,-0.30,0.74,0.80,-1.23,0.25,9.72,-0.49,0.92,0.47
376.17,-16.83,1.22,-2.03,9.25,-0.32,0.71,0.77,-1.41,0.26,9.69,-0.52,0.96,0.50
376.18,-16.96,1.15,-2.14,9.26,-0.32,0.71,0.78,-1.55,0.22,9.67,-0.53,0.99,0.52
376.19,-17.05,1.15,-2.19,9.20,-0.32,0.72,0.79,-1.58,0.21,9.65,-0.53,1.01,0.53
376.21,-17.20,1.19,-2.18,9.15,-0.33,0.74,0.80,-1.60,0.26,9.67,-0.52,1.03,0.51
376.22,-17.37,1.16,-2.20,9.17,-0.36,0.77,0.79,-1.66,0.36,9.74,-0.49,1.06,0.48
376.24,-17.41,0.97,-2.24,9.24,-0.38,0.80,0.81,-1.38,0.38,9.88,-0.46,1.08,0.44
376.25,-17.16,0.82,-2.30,9.41,-0.37,0.83,0.88,-0.96,0.36,9.98,-0.41,1.10,0.36
376.26,-16.78,1.02,-2.37,9.76,-0.32,0.79,0.93,-0.69,0.50,10.08,-0.37,1.15,0.25
376.28,-16.66,1.27,-2.36,9.96,-0.28,0.76,0.94,-0.78,0.66,10.23,-0.36,1.20,0.20
376.30,-16.83,1.80,-2.16,10.16,-0.23,0.71,0.92,-0.97,0.84,10.51,-0.37,1.30,0.19
376.31,-17.20,2.16,-1.93,10.26,-0.22,0.66,0.87,-1.03,1.02,10.80,-0.39,1.39,0.21
376.32,-17.74,2.40,-1.75,10.36,-0.24,0.60,0.81,-1.04,1.15,11.07,-0.41,1.49,0.23
376.33,-18.53,2.55,-1.74,10.54,-0.28,0.53,0.73,-1.04,1.16,11.24,-0.44,1.59,0.25
376.35,-19.45,2.64,-1.96,10.79,-0.30,0.47,0.64,-1.04,1.16,11.37,-0.46,1.71,0.22
376.37,-21.07,2.73,-2.45,11.33,-0.26,0.34,0.44,-0.79,1.49,11.80,-0.51,1.89,0.18
376.39,-22.07,2.74,-2.43,11.50,-0.17,0.23,0.34,-0.72,1.94,11.99,-0.56,1.97,0.13
376.40,-22.89,2.81,-2.20,11.61,-0.07,0.11,0.28,-0.72,2.39,12.01,-0.62,2.04,0.12
376.41,-23.93,2.96,-1.96,11.79,0.06,-0.04,0.23,-0.75,3.13,11.91,-0.72,2.11,0.16
376.43,-25.00,3.15,-1.64,11.81,0.25,-0.22,0.21,-0.82,3.92,11.78,-0.83,2.18,0.27
376.44,-26.67,3.29,-0.99,11.46,0.55,-0.47,0.24,-0.90,4.56,11.66,-0.95,2.23,0.42
376.45,-28.15,3.34,-0.28,11.02,0.82,-0.66,0.31,-0.91,4.86,11.45,-1.07,2.25,0.49
376.46,-30.10,3.00,0.39,10.43,1.16,-0.90,0.38,-1.17,4.62,11.17,-1.10,2.24,0.47
376.48,-31.43,2.42,0.59,10.19,1.31,-1.05,0.39,-1.97,3.59,11.10,-1.08,2.20,0.40
376.49,-33.12,1.49,0.59,10.25,1.43,-1.28,0.36,-3.25,2.49,11.28,-1.02,2.13,0.30
376.50,-34.68,0.74,0.36,10.66,1.47,-1.48,0.27,-5.07,1.46,11.47,-0.98,2.04,0.18
376.51,-37.05,0.08,-0.32,11.37,1.41,-1.66,0.07,-6.64,0.36,11.72,-0.95,1.93,0.12
376.53,-39.68,-0.30,-1.32,12.24,1.31,-1.76,-0.16,-7.38,-1.08,11.47,-0.74,1.71,0.24
376.54,-41.10,-0.38,-2.09,12.80,1.30,-1.80,-0.24,-7.69,-2.29,10.82,-0.54,1.52,0.34
376.55,-43.59,-0.10,-2.49,12.89,1.35,-1.80,-0.17,-7.96,-3.80,10.02,-0.27,1.28,0.44
376.57,-45.23,0.34,-2.55,12.57,1.35,-1.81,-0.05,-7.72,-3.54,9.15,-0.21,1.07,0.57
376.58,-46.94,0.66,-2.64,12.06,1.27,-1.84,0.02,-7.03,-3.10,8.32,-0.25,0.73,0.51
376.60,-48.68,1.10,-2.71,11.03,1.06,-1.92,-0.02,-6.40,-3.55,7.77,-0.13,0.23,0.21
376.61,-49.76,1.28,-2.60,10.50,0.83,-1.98,-0.16,-6.53,-3.94,7.38,0.15,-0.18,-0.22
376.63,-50.92,1.11,-2.73,10.18,0.52,-2.08,-0.42,-6.93,-4.28,6.94,0.43,-0.76,-0.82
376.64,-52.17,1.03,-2.65,10.52,0.19,-2.17,-0.79,-7.82,-4.81,6.27,0.86,-1.14,-1.13
376.66,-52.75,0.87,-2.51,10.74,0.03,-2.18,-0.98,-8.37,-5.00,5.79,1.09,-1.49,-1.33
376.67,-53.40,0.67,-2.52,10.97,-0.11,-2.21,-1.24,-8.88,-4.97,5.36,1.28,-1.81,-1.38
376.68,-54.09,0.24,-2.53,10.99,-0.21,-2.20,-1.54,-9.36,-4.78,4.99,1.43,-2.08,-1.31
376.69,-54.42,-0.29,-2.96,10.81,-0.20,-2.20,-1.69,-9.78,-4.57,4.61,1.57,-2.33,-1.19
376.70,-54.64,-0.53,-3.25,10.65,-0.14,-2.15,-1.68,-10.13,-4.44,4.08,1.72,-2.55,-0.99
376.72,-54.81,-0.67,-3.25,10.34,-0.11,-2.07,-1.59,-10.33,-4.36,3.46,1.84,-2.75,-0.76
376.73,-54.82,-0.82,-3.03,9.73,-0.10,-1.93,-1.42,-10.10,-4.21,2.91,1.97,-2.99,-0.43
376.74,-54.68,-0.94,-2.56,8.92,-0.18,-1.70,-1.25,-9.33,-3.72,2.46,2.14,-3.20,-0.23
376.75,-53.83,-1.20,-1.99,8.15,-0.31,-1.37,-1.16,-8.82,-3.19,2.27,2.29,-3.46,-0.06
376.77,-53.11,-1.37,-1.69,7.85,-0.37,-1.20,-1.17,-8.52,-2.89,2.22,2.39,-3.68,0.05
376.78,-51.88,-1.56,-1.34,7.58,-0.44,-0.96,-1.22,-8.31,-2.54,2.26,2.43,-3.89,0.14
376.79,-49.37,-1.72,-0.87,7.38,-0.52,-0.60,-1.30,-8.23,-1.97,2.48,2.37,-4.11,0.32
376.81,-47.33,-1.70,-0.57,7.32,-0.56,-0.36,-1.33,-8.17,-1.22,2.92,2.23,-4.25,0.52
376.82,-45.35,-1.59,-0.31,7.31,-0.56,-0.19,-1.33,-8.05,-0.65,3.81,2.07,-4.40,0.64
376.83,-42.94,-1.28,0.19,7.32,-0.55,0.02,-1.31,-7.13,-0.04,4.66,1.94,-4.50,0.77
376.85,-39.09,-0.78,0.88,7.37,-0.54,0.24,-1.25,-5.63,0.73,5.61,1.77,-4.51,0.95
376.86,-35.75,-0.43,1.16,7.51,-0.55,0.35,-1.20,-3.86,1.31,7.07,1.56,-4.48,1.05
376.87,-32.41,0.25,1.38,7.80,-0.54,0.44,-1.07,-2.24,1.70,8.65,1.39,-4.36,1.04
376.88,-28.30,1.14,1.46,8.21,-0.56,0.46,-0.85,-0.89,1.65,10.15,1.29,-4.19,0.90
376.89,-22.71,2.49,1.16,8.95,-0.59,0.36,-0.35,0.54,2.13,10.68,1.17,-3.82,0.65
376.91,-18.33,5.31,1.06,9.64,-0.58,0.07,0.42,2.45,3.04,10.11,0.90,-3.14,0.39
376.93,-17.15,7.59,1.24,9.45,-0.56,-0.11,0.74,3.63,2.97,9.62,0.70,-2.59,0.18
376.94,-15.51,9.93,1.42,8.84,-0.62,-0.24,0.77,4.17,2.43,9.19,0.42,-1.81,-0.16
376.95,-15.34,9.72,0.79,8.44,-0.76,-0.24,0.60,3.32,2.03,8.91,0.12,-0.97,-0.52
376.97,-15.48,8.89,0.13,8.27,-0.83,-0.20,0.53,2.26,1.48,8.69,-0.14,-0.36,-0.78
376.98,-17.03,6.54,-1.01,8.40,-0.84,-0.08,0.55,1.30,1.67,8.60,-0.41,0.29,-0.92
377.00,-18.09,4.82,-0.93,9.38,-0.77,0.05,0.57,0.51,3.67,9.09,-0.73,0.68,-0.85
377.01,-18.67,4.06,-0.72,10.45,-0.76,0.15,0.48,0.13,4.97,10.73,-0.96,0.72,-0.66
377.03,-18.86,3.89,-0.66,12.97,-0.61,0.37,0.03,0.48,4.29,14.60,-0.84,0.69,-0.73
377.04,-18.79,5.17,-0.36,14.03,-0.21,0.52,-0.32,0.53,3.80,14.65,-0.60,0.80,-0.92
377.06,-19.26,6.13,-0.07,13.23,-0.02,0.51,-0.50,-0.50,2.38,12.96,-0.40,1.05,-1.07
377.07,-20.30,5.88,-0.47,11.94,-0.02,0.44,-0.60,-1.61,0.98,11.49,-0.36,1.22,-1.16
377.08,-21.70,4.61,-1.09,10.96,-0.14,0.37,-0.60,-2.58,0.23,10.68,-0.36,1.29,-1.16
377.09,-23.92,2.01,-1.27,9.87,-0.45,0.41,-0.70,-4.52,-0.43,9.65,-0.59,1.32,-0.85
377.11,-25.02,0.08,-1.61,9.47,-0.77,0.58,-0.77,-5.59,-0.82,9.50,-0.76,1.29,-0.53
377.12,-25.95,-1.42,-2.28,9.40,-0.96,0.75,-0.72,-6.18,-0.64,9.43,-0.77,1.21,-0.22
377.13,-25.25,-2.91,-3.35,9.56,-1.04,0.97,-0.45,-5.98,-0.36,9.34,-0.71,1.09,0.01
377.14,-24.90,-3.47,-4.00,9.66,-0.90,1.14,0.01,-5.15,-0.27,9.52,-0.61,0.94,0.14
377.15,-23.39,-2.99,-4.02,9.67,-0.66,1.25,0.52,-4.22,-0.08,9.69,-0.49,0.82,0.18
377.17,-21.89,-1.51,-3.41,9.67,-0.39,1.34,0.97,-3.11,0.19,9.77,-0.40,0.70,0.14
377.18,-20.85,-0.12,-2.82,9.64,-0.26,1.37,1.12,-1.98,0.20,9.89,-0.35,0.65,0.02
377.20,-19.56,1.37,-2.45,9.45,-0.21,1.32,1.09,-1.55,-0.17,9.96,-0.32,0.61,-0.05
377.21,-19.06,1.86,-2.58,9.39,-0.24,1.24,1.00,-1.46,-0.19,10.02,-0.27,0.59,-0.10
377.23,-18.61,2.18,-2.82,9.44,-0.32,1.15,0.91,-1.23,0.02,10.24,-0.26,0.58,-0.09
377.24,-18.24,2.40,-2.99,9.37,-0.37,1.09,0.81,-1.04,-0.01,10.67,-0.29,0.58,-0.08
377.25,-17.97,2.51,-3.10,9.19,-0.37,1.03,0.65,-0.96,-0.09,10.82,-0.30,0.58,-0.04
377.27,-17.76,2.60,-3.16,9.06,-0.35,1.00,0.56,-0.59,-0.01,10.32,-0.27,0.62,-0.04
377.28,-17.59,2.65,-3.10,8.92,-0.33,0.97,0.41,-0.43,0.26,9.74,-0.26,0.66,-0.07
377.29,-17.49,2.54,-2.84,8.95,-0.34,0.95,0.24,-0.48,0.42,9.62,-0.29,0.67,-0.13
377.30,-17.27,2.38,-2.53,9.13,-0.36,0.94,0.12,-0.57,0.52,9.83,-0.31,0.66,-0.18
377.32,-17.13,2.17,-2.40,9.41,-0.37,0.93,0.01,-0.74,0.58,10.00,-0.31,0.67,-0.22
377.33,-16.82,1.67,-2.49,9.74,-0.31,0.91,-0.04,-1.17,0.55,10.13,-0.31,0.70,-0.23
377.34,-16.59,1.21,-2.42,9.72,-0.23,0.90,0.00,-1.73,0.43,10.15,-0.30,0.73,-0.18
377.37,-16.44,0.69,-2.32,9.64,-0.22,0.87,0.05,-2.22,0.37,10.00,-0.30,0.75,-0.08
377.38,-16.31,0.40,-2.33,9.64,-0.22,0.83,0.08,-2.22,0.44,9.84,-0.31,0.76,0.03
377.40,-16.14,0.37,-2.30,9.61,-0.20,0.77,0.08,-2.10,0.53,9.66,-0.32,0.77,0.09
377.41,-16.06,0.47,-2.18,9.46,-0.18,0.72,0.08,-2.00,0.56,9.57,-0.33,0.77,0.11
377.42,-16.06,0.70,-1.98,9.26,-0.18,0.70,0.07,-1.91,0.56,9.59,-0.35,0.79,0.11
377.44,-16.09,0.76,-1.78,9.17,-0.22,0.72,0.05,-1.92,0.54,9.61,-0.37,0.81,0.10
377.45,-16.15,0.67,-1.87,9.28,-0.25,0.73,0.03,-2.16,0.46,9.60,-0.40,0.82,0.09
377.46,-16.29,0.54,-2.05,9.32,-0.24,0.75,0.02,-2.36,0.39,9.57,-0.41,0.83,0.10
377.48,-16.37,0.38,-2.21,9.28,-0.24,0.79,0.02,-2.35,0.40,9.48,-0.40,0.85,0.12
377.49,-16.29,0.39,-2.28,9.24,-0.26,0.82,0.04,-2.17,0.45,9.53,-0.39,0.86,0.13
377.50,-16.25,0.52,-2.23,9.20,-0.27,0.85,0.10,-1.94,0.53,9.59,-0.38,0.87,0.12
377.52,-16.13,0.74,-1.90,9.17,-0.30,0.88,0.19,-1.77,0.70,9.61,-0.37,0.90,0.09
377.53,-16.04,0.81,-1.41,9.26,-0.35,0.91,0.25,-1.63,0.93,9.64,-0.36,0.96,0.05
377.55,-15.94,0.68,-1.27,9.39,-0.37,0.91,0.28,-1.50,0.96,9.72,-0.36,1.02,0.03
377.56,-15.80,0.52,-1.29,9.49,-0.38,0.87,0.29,-1.57,0.85,9.75,-0.36,1.09,0.01
377.58,-15.81,0.49,-1.67,9.52,-0.39,0.75,0.33,-1.82,0.70,9.68,-0.35,1.17,0.00
377.60,-16.11,0.64,-2.12,9.60,-0.41,0.68,0.34,-1.96,0.53,9.78,-0.34,1.25,0.02
377.62,-16.60,0.96,-2.58,10.08,-0.44,0.64,0.30,-1.78,0.65,10.31,-0.33,1.32,0.03
377.63,-16.93,1.30,-2.88,10.67,-0.42,0.62,0.24,-1.45,0.77,10.87,-0.33,1.36,0.01
377.64,-17.46,1.89,-2.93,11.34,-0.32,0.56,0.14,-0.92,1.04,11.65,-0.33,1.43,-0.09
377.66,-17.97,2.43,-2.63,11.66,-0.22,0.46,0.03,-0.42,1.44,12.25,-0.33,1.53,-0.20
377.67,-18.68,3.05,-2.39,12.12,-0.14,0.31,-0.13,-0.25,1.94,12.45,-0.34,1.61,-0.26
377.69,-19.22,3.36,-2.26,12.40,-0.08,0.21,-0.26,-0.28,2.62,12.57,-0.36,1.71,-0.29
377.70,-20.17,3.63,-1.98,12.62,0.03,0.06,-0.48,-0.35,3.26,12.69,-0.41,1.82,-0.27
377.71,-21.56,3.77,-1.53,12.62,0.22,-0.14,-0.74,-0.30,3.97,12.75,-0.49,1.95,-0.05
377.74,-24.86,3.60,-0.49,11.78,0.92,-0.55,-0.67,0.40,4.84,12.46,-0.67,2.06,0.06
377.76,-26.01,3.31,-0.21,11.04,1.24,-0.75,-0.47,0.66,4.08,12.27,-0.71,2.06,0.10
377.77,-27.23,2.99,-0.06,10.24,1.46,-0.98,-0.31,-0.10,3.09,12.13,-0.68,2.01,-0.06
377.78,-29.15,2.51,0.01,9.78,1.59,-1.24,-0.30,-2.02,2.05,11.88,-0.61,1.93,-0.31
377.80,-31.19,1.86,-0.10,9.81,1.58,-1.42,-0.44,-3.89,0.99,11.88,-0.56,1.85,-0.56
377.81,-33.24,1.27,-0.55,10.18,1.47,-1.56,-0.65,-5.30,-0.37,11.95,-0.52,1.76,-0.74
377.82,-35.27,0.88,-1.31,10.84,1.35,-1.67,-0.87,-6.12,-1.65,11.67,-0.42,1.64,-0.84
377.83,-37.88,0.60,-2.60,11.98,1.29,-1.71,-1.19,-6.38,-3.20,10.76,-0.19,1.51,-0.85
377.85,-39.49,0.40,-3.26,12.27,1.31,-1.67,-1.29,-6.50,-4.23,9.77,0.06,1.36,-0.85
377.86,-41.54,0.13,-3.77,11.85,1.36,-1.65,-1.29,-6.77,-5.33,8.79,0.32,1.16,-0.87
377.87,-42.92,0.36,-3.81,11.32,1.31,-1.67,-1.21,-6.96,-5.50,7.89,0.43,0.85,-0.74
377.89,-45.54,1.07,-4.08,10.65,1.04,-1.72,-1.14,-6.73,-5.50,6.90,0.61,0.51,-0.76
377.91,-47.66,1.41,-4.67,10.30,0.72,-1.75,-1.18,-6.98,-6.11,6.44,0.93,0.02,-1.05
377.93,-49.94,1.18,-5.41,10.26,0.42,-1.79,-1.25,-7.60,-6.81,6.09,1.44,-0.29,-1.25
377.94,-51.38,1.02,-5.40,10.27,0.28,-1.77,-1.24,-8.07,-7.49,5.96,1.79,-0.57,-1.32
377.95,-52.52,0.49,-5.11,10.24,0.06,-1.77,-1.28,-8.42,-7.95,5.62,2.15,-0.84,-1.21
377.96,-53.45,0.04,-4.87,10.17,-0.10,-1.76,-1.41,-8.45,-7.45,5.28,2.32,-1.01,-1.00
377.98,-53.88,-0.44,-4.97,9.96,-0.21,-1.75,-1.56,-8.37,-6.67,5.05,2.46,-1.17,-0.89
377.99,-54.35,-0.54,-4.94,9.78,-0.27,-1.71,-1.65,-8.25,-6.24,4.84,2.64,-1.34,-0.94
378.00,-54.49,-0.55,-4.70,9.52,-0.35,-1.63,-1.68,-8.08,-6.05,4.44,2.84,-1.55,-1.05
378.01,-54.59,-0.54,-4.38,9.19,-0.50,-1.50,-1.64,-8.02,-6.06,4.15,2.98,-1.71,-1.12
378.03,-54.51,-0.39,-3.83,8.81,-0.74,-1.26,-1.61,-8.01,-5.77,3.88,3.22,-2.01,-1.21
378.04,-54.26,-0.14,-3.23,8.48,-0.97,-0.96,-1.71,-7.93,-5.31,3.85,3.40,-2.24,-1.35
378.05,-53.61,0.09,-2.75,8.26,-1.08,-0.73,-1.92,-7.79,-4.52,3.88,3.63,-2.45,-1.56
378.07,-52.67,0.31,-2.18,8.05,-1.14,-0.46,-2.31,-7.56,-3.98,4.14,3.79,-2.62,-1.86
378.08,-51.73,0.42,-1.87,7.96,-1.16,-0.31,-2.59,-7.03,-3.39,4.54,3.90,-2.76,-2.21
378.09,-50.50,0.58,-1.51,7.89,-1.18,-0.12,-3.01,-6.33,-3.00,5.06,3.97,-2.82,-2.61
378.10,-48.45,0.73,-1.39,7.87,-1.23,0.08,-3.39,-5.43,-2.65,5.65,4.05,-2.84,-3.05
378.11,-46.06,1.08,-1.45,7.99,-1.32,0.32,-3.67,-4.61,-2.29,6.38,4.15,-2.80,-3.57
378.13,-43.76,1.37,-1.50,8.19,-1.36,0.47,-3.76,-4.07,-1.80,7.42,4.18,-2.72,-4.15
378.14,-41.69,1.94,-1.39,8.59,-1.37,0.65,-3.83,-3.87,-1.61,8.52,4.16,-2.61,-4.74
378.15,-39.00,2.79,-1.08,9.08,-1.30,0.80,-3.96,-4.77,-1.60,9.49,4.10,-2.40,-5.40
378.17,-36.62,4.20,-0.46,9.82,-1.16,0.96,-4.51,-5.89,-1.84,9.28,3.83,-1.97,-5.57
378.19,-36.03,4.93,-0.72,9.87,-1.18,0.99,-5.02,-6.15,-1.70,8.62,3.57,-1.73,-5.58
378.19,-35.97,5.02,-0.87,9.84,-1.20,1.00,-5.12,-6.21,-1.69,8.45,3.50,-1.67,-5.57
378.22,-35.99,4.95,-2.04,9.62,-1.32,1.06,-5.53,-6.57,-1.81,7.62,3.05,-1.38,-5.52
378.23,-36.30,4.03,-3.16,9.52,-1.40,1.18,-5.68,-6.68,-1.70,7.22,2.64,-1.17,-5.34
378.24,-36.01,2.47,-3.31,9.48,-1.44,1.29,-5.53,-6.94,-1.89,7.12,2.27,-1.01,-5.05
378.25,-35.88,1.06,-3.30,9.55,-1.49,1.33,-5.30,-7.58,-2.23,7.16,1.76,-0.88,-4.60
378.27,-34.64,-1.30,-3.68,9.78,-1.51,1.33,-4.85,-8.78,-2.34,7.14,1.19,-0.76,-3.88
378.28,-33.92,-2.87,-3.87,9.87,-1.49,1.30,-4.50,-9.28,-1.93,7.18,0.79,-0.67,-3.14
378.29,-32.65,-4.25,-3.96,9.88,-1.51,1.25,-4.10,-9.35,-1.92,7.38,0.56,-0.59,-2.68
378.30,-31.59,-4.91,-3.94,10.02,-1.50,1.20,-3.74,-9.36,-1.93,7.64,0.35,-0.51,-2.23
378.30,-31.59,-4.91,-3.94,10.02,-1.50,1.20,-3.74,-9.36,-1.93,7.64,0.35,-0.48,-2.08
378.34,-28.64,-5.36,-3.28,10.81,-1.43,1.04,-2.74,-8.79,-1.43,8.10,-0.00,-0.43,-1.50
378.35,-26.66,-4.70,-3.24,11.57,-1.38,0.90,-1.83,-7.00,-0.17,9.13,-0.31,-0.53,-0.74
378.37,-24.39,-3.24,-3.79,11.96,-1.21,0.73,-1.00,-5.43,0.27,10.30,-0.28,-0.70,-0.51
378.38,-21.93,-1.28,-3.57,11.74,-0.89,0.54,-0.39,-2.43,1.71,11.92,-0.09,-0.79,-0.68
378.40,-19.71,0.98,-1.80,11.29,-0.60,0.38,-0.08,-1.33,3.42,11.93,-0.00,-0.76,-1.06
378.41,-19.37,3.30,0.63,10.94,-0.46,0.23,-0.12,-2.09,3.89,11.02,0.01,-0.69,-1.36
378.42,-19.59,4.51,1.68,10.74,-0.51,0.16,-0.40,-3.77,3.33,9.58,0.02,-0.60,-1.48
378.43,-21.33,4.18,0.84,10.61,-0.58,0.15,-0.98,-4.28,2.38,8.76,0.04,-0.56,-1.37
378.45,-22.24,3.34,-0.23,10.37,-0.54,0.18,-1.33,-4.13,1.86,8.85,0.03,-0.56,-1.23
378.46,-22.91,2.43,-1.17,9.74,-0.54,0.26,-1.71,-3.77,1.30,9.37,-0.00,-0.56,-1.11
378.48,-23.16,1.83,-1.92,9.30,-0.62,0.32,-1.96,-3.47,0.85,9.96,-0.01,-0.57,-1.03
378.49,-22.79,1.55,-2.61,9.31,-0.70,0.35,-2.02,-3.00,0.63,10.25,0.01,-0.57,-0.98
378.51,-22.31,1.51,-3.03,9.42,-0.70,0.35,-1.96,-2.45,0.54,10.22,0.03,-0.54,-1.00
378.52,-21.78,1.59,-3.01,9.41,-0.67,0.33,-1.92,-2.16,0.45,10.05,0.05,-0.51,-1.14
378.54,-21.51,1.69,-2.83,9.38,-0.69,0.33,-1.94,-2.22,0.51,9.87,0.08,-0.48,-1.25
378.55,-21.08,1.66,-2.69,9.45,-0.70,0.35,-1.99,-2.35,0.68,9.80,0.11,-0.47,-1.38
378.56,-20.75,1.47,-2.58,9.69,-0.70,0.38,-2.04,-2.51,0.82,9.84,0.16,-0.47,-1.47
378.58,-20.42,1.23,-2.53,9.93,-0.65,0.40,-2.04,-2.54,0.88,9.95,0.20,-0.46,-1.50
378.59,-20.04,1.01,-2.53,9.99,-0.61,0.40,-2.00,-2.60,0.84,10.00,0.23,-0.44,-1.50
378.60,-19.70,0.85,-2.46,9.88,-0.52,0.37,-1.90,-2.77,0.75,9.95,0.24,-0.41,-1.47
378.61,-19.51,0.81,-2.36,9.75,-0.48,0.35,-1.83,-2.99,0.65,9.81,0.24,-0.38,-1.41
378.62,-19.36,0.80,-2.22,9.58,-0.46,0.31,-1.76,-3.25,0.65,9.61,0.23,-0.34,-1.31
378.64,-19.43,0.80,-2.22,9.47,-0.47,0.27,-1.69,-3.44,0.65,9.43,0.22,-0.32,-1.19
378.65,-19.51,0.76,-2.29,9.48,-0.48,0.26,-1.63,-3.40,0.59,9.32,0.21,-0.31,-1.06
378.66,-19.56,0.63,-2.43,9.59,-0.48,0.26,-1.52,-3.23,0.50,9.39,0.19,-0.30,-0.98
378.68,-19.52,0.53,-2.51,9.63,-0.47,0.26,-1.48,-3.18,0.41,9.42,0.17,-0.29,-0.93
378.69,-19.45,0.39,-2.60,9.65,-0.43,0.26,-1.43,-3.19,0.33,9.45,0.15,-0.30,-0.90
378.70,-19.31,0.30,-2.64,9.59,-0.40,0.25,-1.38,-3.02,0.30,9.53,0.14,-0.31,-0.90
378.71,-19.10,0.22,-2.52,9.59,-0.37,0.27,-1.31,-3.03,0.62,9.49,0.14,-0.32,-0.89
378.72,-18.92,0.20,-2.38,9.82,-0.37,0.29,-1.24,-3.40,0.97,9.51,0.13,-0.31,-0.88
378.74,-18.87,0.17,-2.39,10.30,-0.32,0.31,-1.16,-3.86,0.96,9.67,0.12,-0.30,-0.84
378.75,-18.96,0.11,-2.48,10.52,-0.27,0.32,-1.11,-4.22,0.77,9.81,0.12,-0.28,-0.76
378.76,-18.98,-0.01,-2.59,10.62,-0.20,0.33,-1.04,-4.47,0.65,9.84,0.11,-0.25,-0.65
378.77,-19.10,-0.13,-2.58,10.56,-0.14,0.36,-0.95,-4.68,0.62,9.73,0.11,-0.23,-0.52
378.78,-19.20,-0.33,-2.59,10.37,-0.10,0.40,-0.85,-4.67,0.53,9.65,0.10,-0.21,-0.37
378.80,-19.28,-0.49,-2.68,10.19,-0.07,0.44,-0.74,-4.43,0.44,9.63,0.10,-0.21,-0.23
378.81,-19.03,-0.44,-2.82,10.08,-0.03,0.50,-0.60,-3.99,0.40,9.65,0.11,-0.22,-0.16
378.82,-18.77,-0.36,-2.92,9.88,0.01,0.56,-0.49,-3.59,0.45,9.70,0.12,-0.23,-0.10
378.84,-18.22,0.14,-2.75,9.70,0.05,0.60,-0.37,-2.92,0.59,9.80,0.12,-0.25,-0.12
378.85,-17.87,0.59,-2.58,9.70,0.06,0.64,-0.35,-2.55,0.73,9.78,0.14,-0.26,-0.18
378.86,-17.39,0.93,-2.33,9.49,0.09,0.66,-0.40,-2.08,0.94,9.73,0.15,-0.27,-0.31
378.88,-16.87,1.19,-1.90,9.36,0.09,0.67,-0.50,-1.62,1.11,9.68,0.16,-0.27,-0.49
378.89,-16.33,1.34,-1.61,9.35,0.05,0.69,-0.63,-1.34,1.29,9.62,0.20,-0.27,-0.68
378.91,-15.90,1.38,-1.49,9.42,0.03,0.70,-0.73,-1.32,1.39,9.63,0.22,-0.26,-0.80
378.92,-15.49,1.35,-1.41,9.52,0.02,0.71,-0.84,-1.48,1.42,9.67,0.23,-0.26,-0.91
378.93,-15.05,1.13,-1.34,9.62,0.01,0.71,-0.97,-1.72,1.42,9.72,0.25,-0.24,-0.97
378.95,-14.72,0.82,-1.31,9.72,0.00,0.72,-1.04,-1.95,1.37,9.73,0.28,-0.22,-0.99
378.96,-14.27,0.37,-1.35,9.82,-0.01,0.73,-1.08,-2.15,1.28,9.78,0.28,-0.18,-0.94
378.97,-13.93,0.14,-1.41,9.87,-0.01,0.73,-1.07,-2.21,1.16,9.84,0.27,-0.15,-0.86
378.98,-13.52,-0.11,-1.56,9.87,-0.02,0.75,-1.01,-2.16,0.99,9.92,0.26,-0.10,-0.77
379.00,-12.99,-0.26,-1.75,9.87,-0.01,0.76,-0.91,-2.00,0.84,9.95,0.25,-0.05,-0.67
379.01,-12.38,-0.20,-2.02,9.84,0.01,0.77,-0.74,-1.74,0.70,9.99,0.25,-0.00,-0.54
379.02,-11.87,0.03,-2.19,9.81,0.04,0.76,-0.59,-1.38,0.65,10.04,0.23,0.06,-0.45
379.04,-11.32,0.41,-2.27,9.78,0.08,0.75,-0.46,-0.84,0.65,10.07,0.22,0.12,-0.37
379.05,-10.94,0.86,-2.25,9.78,0.11,0.72,-0.36,-0.50,0.71,10.14,0.20,0.18,-0.29
379.06,-10.76,1.32,-2.19,9.81,0.15,0.67,-0.30,-0.29,0.63,10.23,0.19,0.27,-0.24
379.07,-10.60,1.52,-2.14,9.78,0.17,0.63,-0.30,-0.31,0.54,10.28,0.19,0.34,-0.20
379.09,-10.69,1.54,-2.09,9.70,0.17,0.59,-0.31,-0.45,0.43,10.24,0.19,0.41,-0.15
379.10,-10.93,1.39,-2.09,9.58,0.14,0.56,-0.31,-0.67,0.27,10.21,0.19,0.49,-0.09
379.12,-11.30,1.22,-2.26,9.51,0.09,0.55,-0.29,-0.78,0.13,10.20,0.20,0.60,-0.01
379.14,-11.82,1.32,-2.43,9.44,0.05,0.57,-0.21,-0.45,0.21,10.13,0.23,0.74,0.04
379.16,-12.14,1.57,-2.44,9.55,0.06,0.55,-0.18,-0.07,0.22,10.11,0.23,0.84,0.07
379.17,-12.47,1.83,-2.41,9.69,0.09,0.51,-0.19,0.19,0.22,10.16,0.22,0.94,0.11
379.18,-12.86,2.10,-2.21,9.72,0.11,0.45,-0.24,0.30,0.26,10.23,0.20,1.04,0.17
379.19,-13.79,2.39,-1.66,9.69,0.09,0.34,-0.36,0.24,0.71,10.32,0.14,1.20,0.32
379.21,-14.57,2.47,-1.29,9.80,0.05,0.25,-0.45,0.16,1.38,10.39,0.13,1.31,0.41
379.22,-15.66,2.43,-1.04,10.08,0.05,0.15,-0.54,0.22,2.03,10.30,0.12,1.42,0.47
379.24,-16.48,2.41,-0.90,10.29,0.12,0.07,-0.59,0.88,2.66,10.21,0.11,1.54,0.51
379.25,-17.32,2.44,-0.76,10.50,0.26,-0.05,-0.62,1.49,3.01,10.27,0.11,1.64,0.46
379.26,-17.99,2.56,-0.55,10.73,0.38,-0.17,-0.64,1.66,3.37,10.54,0.15,1.76,0.32
379.28,-19.36,2.86,-0.43,11.68,0.49,-0.40,-0.73,1.52,3.22,11.82,0.23,1.91,0.12
379.29,-20.43,3.08,-0.86,12.18,0.59,-0.59,-0.75,1.84,2.28,13.36,0.28,2.00,-0.03
379.31,-21.33,3.28,-1.09,12.22,0.70,-0.76,-0.71,2.30,1.71,14.81,0.39,2.05,-0.27
379.32,-22.59,3.61,-1.14,12.02,0.85,-1.03,-0.63,2.78,1.68,15.38,0.52,2.06,-0.55
379.33,-24.06,3.99,-1.04,11.52,0.96,-1.33,-0.57,2.87,1.83,15.04,0.64,2.05,-0.87
379.34,-25.74,4.38,-0.90,10.89,1.04,-1.58,-0.57,2.34,1.89,14.18,0.69,2.02,-1.20
379.35,-27.74,4.58,-0.72,10.18,1.06,-1.79,-0.70,0.92,1.37,13.49,0.71,1.96,-1.59
379.36,-28.97,4.65,-0.57,10.05,1.03,-1.87,-0.83,0.08,1.02,13.16,0.73,1.91,-1.80
379.38,-31.87,4.47,-0.25,10.11,0.91,-2.01,-1.25,-2.76,-0.06,12.12,0.72,1.71,-2.36
379.39,-35.52,3.85,-0.29,11.40,0.58,-2.11,-1.95,-4.59,-1.13,10.81,0.65,1.38,-2.84
379.40,-38.10,2.66,-1.79,13.00,0.32,-2.08,-2.64,-5.21,-1.66,9.80,0.57,1.08,-3.07
379.41,-40.51,1.07,-3.66,13.42,0.39,-1.97,-3.04,-5.48,-2.36,9.20,0.55,0.75,-3.35
379.43,-42.24,-0.38,-4.80,12.63,0.56,-1.90,-2.99,-6.49,-3.65,9.19,0.67,0.52,-3.63
379.44,-43.34,-0.80,-5.11,11.93,0.57,-1.92,-2.73,-7.25,-4.52,9.50,0.77,0.31,-3.77
379.45,-44.44,-0.33,-4.84,11.16,0.41,-2.05,-2.10,-7.98,-5.12,9.42,0.86,0.05,-3.78
379.46,-45.73,0.63,-4.27,11.19,0.21,-2.17,-1.70,-8.26,-5.50,9.02,0.94,-0.28,-3.72
379.48,-47.34,1.73,-3.69,11.76,0.03,-2.24,-1.55,-8.16,-5.61,8.25,1.05,-0.68,-3.60
379.49,-48.91,1.80,-3.36,12.36,-0.08,-2.17,-1.58,-8.30,-5.24,7.42,1.17,-1.07,-3.49
379.51,-50.17,1.10,-2.83,12.24,-0.08,-2.11,-1.68,-9.08,-5.56,6.98,1.29,-1.38,-3.31
379.52,-50.99,-0.21,-2.19,11.70,-0.06,-2.07,-1.74,-9.84,-5.71,6.35,1.44,-1.73,-2.96
379.53,-51.52,-1.05,-1.80,11.19,-0.11,-2.03,-1.71,-10.88,-5.60,5.66,1.53,-2.14,-2.21
379.55,-51.82,-1.36,-1.70,10.53,-0.22,-1.90,-1.64,-11.39,-5.35,5.01,1.52,-2.48,-0.91
379.56,-51.83,-1.48,-1.67,9.37,-0.26,-1.70,-1.48,-11.38,-4.73,4.25,1.48,-2.62,0.44
379.58,-51.81,-1.37,-1.41,8.51,-0.27,-1.55,-1.34,-11.46,-4.12,3.58,1.55,-2.77,1.35
379.60,-51.89,-1.19,-0.96,7.58,-0.35,-1.31,-1.17,-9.81,-2.60,2.42,1.73,-3.15,1.95
379.61,-51.21,-1.10,-0.59,7.05,-0.48,-1.06,-1.03,-6.72,-0.76,1.94,1.85,-3.44,1.89
379.63,-50.17,-1.01,-0.25,6.98,-0.59,-0.86,-0.95,-4.29,0.62,2.10,1.85,-3.75,1.35
379.64,-47.37,-0.79,0.25,7.25,-0.64,-0.62,-0.95,-2.78,1.70,2.92,1.78,-3.96,0.57
379.66,-42.51,-0.41,0.94,7.26,-0.51,-0.31,-1.06,-3.31,1.97,4.58,1.55,-4.17,-0.09
379.67,-38.80,0.21,1.51,6.86,-0.38,-0.11,-1.10,-4.71,1.60,6.66,1.35,-4.34,-0.44
379.69,-35.17,0.87,2.02,6.48,-0.39,0.08,-1.11,-4.23,0.67,8.36,1.23,-4.39,-0.32
379.70,-32.19,1.34,2.06,6.36,-0.55,0.21,-1.05,-2.94,0.97,9.15,1.19,-4.19,-0.13
379.72,-28.56,1.80,1.78,6.76,-0.80,0.29,-0.82,-2.32,1.36,9.52,1.20,-4.01,0.10
379.73,-25.85,2.32,1.68,7.60,-0.92,0.29,-0.49,-1.11,2.38,9.14,1.16,-3.73,0.35
379.74,-23.19,3.26,1.65,8.57,-0.94,0.22,-0.03,0.92,2.86,8.98,0.97,-3.35,0.57
379.76,-19.24,5.51,1.36,9.33,-0.82,0.01,0.58,3.58,2.69,9.13,0.68,-2.73,0.61
379.77,-17.34,8.20,1.20,9.82,-0.71,-0.18,0.86,5.17,2.38,9.40,0.46,-2.15,0.47
379.78,-16.66,10.28,1.12,9.79,-0.61,-0.34,0.82,5.71,2.24,9.53,0.25,-1.54,0.25
379.80,-16.32,10.52,1.01,9.29,-0.63,-0.36,0.73,5.07,2.14,9.24,0.05,-0.92,-0.02
379.81,-16.88,9.73,0.50,8.53,-0.76,-0.30,0.67,3.54,1.77,8.63,-0.20,-0.16,-0.27
379.82,-17.98,8.46,-0.12,8.08,-0.87,-0.21,0.65,2.08,1.10,8.39,-0.48,0.50,-0.41
379.84,-19.50,6.90,-0.71,7.97,-0.92,-0.11,0.61,1.45,2.01,8.71,-0.71,0.90,-0.43
379.85,-20.64,5.49,-0.80,8.61,-0.93,-0.01,0.58,1.30,4.97,9.98,-1.03,1.03,-0.25
379.86,-21.33,4.56,-0.44,10.40,-0.90,0.08,0.50,1.91,7.02,13.49,-1.14,0.88,-0.19
379.87,-21.38,4.50,0.24,13.20,-0.75,0.17,0.27,3.01,5.93,16.36,-0.92,0.81,-0.39
379.88,-21.14,5.48,0.41,15.51,-0.38,0.25,-0.02,3.59,5.09,16.23,-0.58,0.94,-0.85
379.90,-21.38,7.65,-0.06,15.05,0.03,0.20,-0.25,2.60,4.12,13.86,-0.32,1.22,-1.28
379.91,-22.66,9.33,-0.38,12.48,0.22,0.13,-0.55,0.51,2.77,11.11,-0.26,1.52,-1.55
379.92,-25.04,7.37,-0.38,10.08,0.13,0.16,-0.88,-1.46,1.16,9.32,-0.35,1.72,-1.63
379.93,-27.37,4.05,-0.24,9.09,-0.05,0.18,-0.96,-3.01,-0.12,8.25,-0.50,1.79,-1.53
379.94,-29.11,0.75,-0.19,8.37,-0.33,0.27,-0.99,-4.08,-0.99,7.82,-0.63,1.75,-1.32
379.96,-29.85,-1.84,-0.92,8.05,-0.71,0.43,-0.91,-5.06,-1.25,8.08,-0.68,1.63,-1.06
379.97,-29.72,-3.68,-2.39,8.19,-1.01,0.62,-0.66,-6.10,-1.31,8.62,-0.69,1.44,-0.79
379.98,-29.72,-3.93,-3.75,8.73,-1.08,0.76,-0.22,-6.39,-1.47,9.29,-0.73,1.17,-0.44
380.00,-28.56,-3.05,-4.63,9.31,-0.95,0.90,0.33,-6.15,-1.44,9.50,-0.76,1.02,-0.13
380.01,-27.97,-0.85,-3.98,9.87,-0.56,1.08,1.03,-5.48,-0.90,9.23,-0.72,0.89,0.28
380.03,-28.05,0.73,-2.48,10.09,-0.46,1.13,1.07,-3.71,-0.22,9.50,-0.64,0.83,0.44
380.05,-27.40,1.70,-2.08,10.20,-0.49,1.12,0.93,-2.45,-0.13,10.18,-0.52,0.81,0.29
380.06,-26.98,1.99,-2.39,10.36,-0.51,1.12,0.84,-2.10,-0.26,10.40,-0.44,0.76,0.06
380.07,-26.68,1.95,-2.91,10.36,-0.51,1.14,0.75,-2.72,-0.57,10.34,-0.41,0.69,-0.17
380.09,-26.31,1.59,-3.33,9.95,-0.46,1.20,0.63,-3.79,-0.77,10.18,-0.42,0.64,-0.12
380.10,-26.35,1.41,-3.28,9.58,-0.46,1.26,0.61,-4.14,-0.77,10.10,-0.42,0.60,0.08
380.12,-26.01,1.27,-3.04,9.36,-0.54,1.33,0.69,-4.15,-0.47,10.03,-0.41,0.57,0.25
380.13,-25.76,1.15,-2.98,9.41,-0.59,1.38,0.79,-3.86,-0.26,9.99,-0.38,0.55,0.42
380.14,-25.03,1.06,-2.96,9.62,-0.55,1.46,0.90,-2.94,-0.05,9.95,-0.30,0.54,0.47
380.16,-24.20,1.04,-2.98,9.66,-0.47,1.50,0.92,-2.08,0.16,9.95,-0.23,0.53,0.44
380.17,-23.13,1.07,-2.97,9.56,-0.37,1.51,0.95,-1.30,0.19,10.13,-0.18,0.51,0.36
380.18,-21.92,1.18,-2.94,9.42,-0.30,1.49,0.97,-0.75,0.09,10.35,-0.16,0.48,0.24
380.20,-20.75,1.33,-2.91,9.32,-0.25,1.43,0.96,-0.61,0.04,10.37,-0.15,0.48,0.14
380.21,-19.39,1.64,-2.82,9.25,-0.15,1.33,0.89,-0.95,0.17,10.07,-0.16,0.52,0.10
380.23,-18.76,1.77,-2.73,9.16,-0.06,1.26,0.80,-1.45,0.22,9.92,-0.21,0.57,0.18
380.24,-18.41,1.80,-2.71,9.09,-0.01,1.21,0.75,-1.42,0.14,9.84,-0.26,0.62,0.27
380.25,-18.18,1.74,-2.68,8.98,0.01,1.16,0.68,-1.17,0.09,9.81,-0.30,0.66,0.35
380.26,-17.68,1.59,-2.44,8.87,-0.02,1.11,0.57,-0.76,0.12,9.78,-0.35,0.72,0.44
380.28,-17.10,1.41,-1.98,9.02,-0.12,1.06,0.44,-0.31,0.27,9.85,-0.40,0.78,0.46
380.30,-16.47,1.46,-1.75,9.23,-0.19,1.03,0.40,-0.05,0.45,10.08,-0.43,0.83,0.43
380.31,-16.00,1.57,-1.56,9.38,-0.25,1.02,0.43,0.01,0.58,10.23,-0.45,0.87,0.38
380.32,-15.66,1.60,-1.33,9.43,-0.32,1.01,0.47,-0.17,0.74,10.23,-0.45,0.93,0.33
380.34,-15.40,1.35,-1.45,9.50,-0.38,0.97,0.49,-0.68,0.91,10.14,-0.45,1.00,0.32
380.35,-15.26,1.02,-1.65,9.48,-0.41,0.94,0.54,-0.92,0.89,10.05,-0.43,1.07,0.32
380.37,-15.12,0.77,-1.82,9.52,-0.42,0.94,0.59,-0.82,0.81,10.06,-0.39,1.12,0.32
380.38,-15.05,0.72,-1.87,9.54,-0.42,0.94,0.61,-0.70,0.73,10.11,-0.38,1.15,0.31
380.39,-14.61,0.50,-2.17,9.63,-0.43,0.95,0.67,-0.45,0.38,10.26,-0.34,1.21,0.27
380.40,-14.21,0.65,-2.59,9.72,-0.41,0.90,0.70,-0.38,0.06,10.39,-0.28,1.28,0.19
380.42,-14.15,0.95,-2.82,9.82,-0.38,0.83,0.70,-0.67,0.13,10.48,-0.22,1.38,0.14
380.43,-14.36,1.22,-2.78,10.05,-0.38,0.77,0.68,-1.06,0.46,10.62,-0.20,1.46,0.12
380.44,-14.83,1.41,-2.68,10.42,-0.40,0.72,0.62,-1.41,0.74,10.92,-0.23,1.54,0.14
380.46,-15.51,1.43,-2.57,10.75,-0.41,0.68,0.55,-1.47,0.84,11.35,-0.27,1.61,0.16
380.47,-16.02,1.43,-2.59,11.03,-0.41,0.63,0.51,-1.24,0.83,11.67,-0.29,1.69,0.17
380.48,-16.71,1.52,-2.77,11.34,-0.36,0.56,0.48,-0.89,0.88,11.86,-0.31,1.75,0.16
380.49,-17.22,1.70,-2.96,11.58,-0.30,0.49,0.43,-0.47,1.10,11.95,-0.33,1.81,0.12
380.51,-17.74,1.94,-3.02,11.74,-0.20,0.39,0.37,-0.04,1.38,12.02,-0.37,1.88,0.07
380.52,-18.32,2.26,-2.86,11.81,-0.09,0.25,0.28,0.33,1.72,12.10,-0.42,1.95,0.02
380.54,-19.45,2.87,-2.35,11.90,0.12,-0.04,0.15,0.95,2.68,12.18,-0.57,2.12,0.05
380.55,-20.38,3.28,-1.89,11.88,0.29,-0.28,0.12,1.36,3.35,12.22,-0.68,2.24,0.12
380.56,-21.58,3.76,-1.39,11.67,0.50,-0.55,0.16,1.58,4.06,12.19,-0.81,2.38,0.23
380.57,-23.05,4.19,-0.81,11.23,0.73,-0.82,0.26,1.87,4.86,12.24,-0.95,2.50,0.35
380.59,-24.77,4.43,0.09,10.58,0.98,-1.08,0.40,1.96,5.37,12.10,-1.06,2.55,0.41
380.60,-26.70,4.33,0.92,9.82,1.21,-1.34,0.49,1.13,4.72,12.00,-1.11,2.55,0.42
380.61,-28.95,3.56,1.64,9.31,1.33,-1.63,0.50,-1.15,3.99,11.88,-1.14,2.49,0.22
380.62,-32.58,1.82,2.00,9.75,1.31,-1.98,0.33,-4.75,2.81,11.75,-1.11,2.35,-0.15
380.64,-35.02,0.33,1.75,10.81,1.20,-2.20,0.07,-7.47,1.44,11.59,-1.09,2.21,-0.33
380.65,-37.77,-0.83,0.73,12.44,0.96,-2.28,-0.25,-8.95,0.22,11.08,-1.05,2.03,-0.22
380.66,-40.29,-1.68,-1.67,14.11,0.84,-2.31,-0.44,-9.68,-1.24,10.69,-0.95,1.80,0.05
380.67,-43.03,-2.07,-3.33,15.32,1.01,-2.27,-0.33,-10.20,-2.90,10.20,-0.81,1.56,0.39
380.68,-44.68,-1.85,-3.57,15.10,1.29,-2.22,-0.05,-9.60,-3.06,9.45,-0.76,1.27,0.69
380.70,-46.76,-1.40,-3.18,13.93,1.45,-2.23,0.24,-8.72,-2.34,8.78,-0.78,0.92,0.90
380.71,-48.65,-0.21,-2.57,12.45,1.43,-2.28,0.42,-7.80,-1.81,7.83,-0.77,0.42,0.84
380.72,-50.26,0.37,-1.92,11.43,1.24,-2.34,0.32,-7.52,-1.82,7.12,-0.66,-0.00,0.52
380.74,-51.61,0.50,-1.74,11.24,0.97,-2.39,0.13,-7.88,-2.12,6.59,-0.36,-0.58,-0.15
380.75,-53.15,0.06,-1.96,11.63,0.72,-2.52,-0.18,-8.96,-2.39,6.02,-0.01,-1.15,-0.53
380.77,-54.06,-0.23,-1.79,11.86,0.64,-2.58,-0.39,-9.75,-2.75,5.52,0.21,-1.72,-0.79
380.78,-54.93,-0.53,-1.27,11.82,0.55,-2.60,-0.68,-10.34,-3.33,4.99,0.53,-2.33,-0.86
380.80,-55.33,-1.22,-1.12,11.39,0.41,-2.58,-0.92,-10.49,-3.40,4.36,0.84,-2.74,-0.75
380.81,-55.32,-1.68,-1.84,10.85,0.31,-2.53,-0.97,-10.50,-3.20,3.75,1.11,-3.03,-0.57
380.83,-55.13,-1.45,-2.22,10.26,0.27,-2.40,-0.82,-10.57,-3.29,3.26,1.34,-3.35,-0.26
380.84,-54.77,-1.33,-2.21,9.41,0.21,-2.20,-0.65,-10.33,-3.30,2.70,1.55,-3.61,0.08
380.86,-54.23,-1.23,-2.01,8.51,0.10,-1.94,-0.50,-9.79,-2.99,2.20,1.75,-3.85,0.31
380.87,-53.30,-1.41,-1.83,7.74,-0.04,-1.65,-0.39,-9.21,-2.73,1.86,1.98,-4.12,0.42
380.89,-52.16,-1.56,-1.69,7.20,-0.16,-1.40,-0.35,-8.74,-2.76,1.63,2.21,-4.43,0.54
380.90,-50.39,-1.75,-1.45,6.57,-0.29,-1.05,-0.36,-8.39,-2.59,1.52,2.34,-4.60,0.71
380.92,-48.59,-1.86,-1.27,6.16,-0.38,-0.77,-0.38,-8.02,-1.88,1.56,2.30,-4.73,0.94
380.93,-46.32,-1.75,-1.00,5.88,-0.43,-0.50,-0.41,-7.44,-1.11,2.19,2.20,-4.81,1.09
380.94,-43.97,-1.32,-0.44,5.74,-0.43,-0.23,-0.48,-6.59,-0.35,3.56,2.09,-4.90,1.26
380.95,-39.27,-0.62,0.41,5.54,-0.39,0.06,-0.65,-4.31,0.88,5.57,1.95,-4.92,1.39
380.97,-35.81,-0.01,1.02,5.46,-0.37,0.23,-0.77,-2.16,1.86,7.18,1.80,-4.82,1.29
380.99,-29.19,1.44,1.88,6.01,-0.31,0.35,-0.85,0.19,2.50,9.67,1.61,-4.57,1.06
381.00,-24.22,2.80,2.11,6.84,-0.24,0.34,-0.68,1.14,2.56,10.45,1.56,-4.32,0.71
381.01,-21.95,5.09,2.05,7.88,-0.23,0.17,-0.26,2.49,3.30,10.19,1.44,-3.88,0.35
381.02,-18.47,9.86,1.72,9.39,-0.22,-0.18,0.28,4.69,3.64,9.67,1.15,-3.10,0.10
381.04,-16.90,12.01,1.77,9.98,-0.18,-0.32,0.29,5.88,3.20,9.46,0.90,-2.40,-0.34
381.05,-15.71,12.13,1.70,9.74,-0.17,-0.32,0.09,5.42,2.19,8.96,0.49,-1.31,-0.62
381.07,-15.17,10.93,1.28,9.01,-0.29,-0.26,-0.03,3.70,1.30,8.47,0.21,-0.62,-0.87
381.08,-16.22,9.15,0.49,8.17,-0.49,-0.20,-0.03,1.71,0.26,8.03,-0.03,0.03,-1.04
381.09,-18.17,6.64,-0.53,7.43,-0.72,-0.12,0.09,0.00,-0.05,7.76,-0.30,0.60,-1.11
381.10,-20.14,4.79,-0.78,7.47,-0.86,-0.06,0.23,-1.11,0.43,7.88,-0.61,1.00,-0.97
381.12,-22.00,3.27,-0.63,8.78,-1.03,0.05,0.43,-1.09,4.33,8.94,-1.14,1.11,-0.28
381.13,-22.30,2.83,-0.28,11.93,-1.04,0.27,0.43,0.89,5.46,15.41,-1.41,0.67,-0.12
381.15,-21.68,3.67,-0.28,14.95,-0.73,0.49,0.20,2.86,4.99,17.49,-1.04,0.65,-0.47
381.16,-20.93,5.58,-0.32,15.90,-0.21,0.58,0.02,3.49,4.31,16.40,-0.66,0.94,-1.01
381.17,-21.13,8.79,0.05,14.16,0.05,0.37,-0.12,1.22,3.34,13.73,-0.40,1.31,-1.49
381.18,-23.13,9.52,0.17,12.37,-0.03,0.21,-0.37,-1.62,1.90,11.45,-0.35,1.58,-1.68
381.19,-25.82,7.30,-0.28,11.73,-0.12,0.16,-0.59,-4.49,0.51,10.05,-0.40,1.73,-1.58
381.21,-28.47,3.01,-0.36,10.55,-0.25,0.22,-0.98,-6.47,-0.83,8.76,-0.67,1.78,-1.20
381.22,-30.29,-0.48,-0.77,9.43,-0.57,0.41,-1.19,-7.01,-1.59,8.33,-0.79,1.73,-0.75
381.23,-31.55,-3.50,-2.13,8.68,-1.01,0.73,-1.09,-7.23,-1.79,8.15,-0.80,1.58,-0.36
381.25,-30.19,-5.30,-3.86,8.30,-1.22,1.01,-0.58,-6.69,-1.76,8.33,-0.81,1.36,0.02
381.26,-28.58,-4.67,-5.06,8.59,-1.05,1.20,0.28,-5.89,-1.54,8.83,-0.77,1.11,0.21
381.27,-27.28,-3.07,-4.84,9.05,-0.76,1.34,0.79,-5.21,-0.89,9.21,-0.66,0.92,0.28
381.28,-26.25,-1.19,-3.81,9.57,-0.52,1.44,1.05,-4.43,-0.10,9.55,-0.56,0.78,0.32
381.30,-25.42,1.02,-2.49,10.08,-0.43,1.45,1.06,-2.72,0.29,10.21,-0.54,0.78,0.30
381.31,-24.81,2.19,-2.04,10.19,-0.43,1.38,0.95,-1.90,0.06,10.53,-0.51,0.78,0.20
381.32,-24.34,2.61,-2.13,10.27,-0.45,1.27,0.86,-1.53,-0.07,10.40,-0.47,0.76,0.01
381.34,-23.93,2.46,-2.44,10.39,-0.44,1.18,0.79,-1.79,-0.06,10.19,-0.44,0.73,-0.17
381.35,-23.60,2.20,-2.85,10.09,-0.41,1.16,0.64,-2.48,-0.12,10.13,-0.43,0.69,-0.24
381.36,-23.49,1.84,-3.15,9.72,-0.40,1.16,0.50,-3.21,-0.35,10.27,-0.42,0.66,-0.19
381.37,-23.45,1.58,-3.28,9.52,-0.40,1.16,0.44,-3.67,-0.47,10.36,-0.38,0.65,-0.06
381.38,-23.53,1.50,-3.36,9.48,-0.40,1.16,0.48,-3.69,-0.49,10.21,-0.32,0.65,0.17
381.40,-23.36,1.51,-3.34,9.48,-0.38,1.21,0.56,-3.06,-0.36,9.90,-0.27,0.66,0.33
381.43,-22.69,1.36,-3.05,9.46,-0.34,1.31,0.59,-2.31,-0.11,9.89,-0.24,0.63,0.31
381.44,-22.07,1.27,-2.90,9.53,-0.32,1.36,0.59,-2.12,0.05,10.03,-0.23,0.61,0.25
381.45,-21.40,1.18,-2.79,9.64,-0.29,1.39,0.60,-2.16,0.17,10.12,-0.23,0.58,0.19
381.46,-20.76,1.11,-2.66,9.70,-0.24,1.39,0.58,-2.22,0.29,10.14,-0.23,0.57,0.15
381.47,-20.11,1.05,-2.47,9.68,-0.20,1.37,0.56,-2.35,0.42,10.12,-0.24,0.57,0.13
381.49,-19.61,1.17,-2.30,9.59,-0.15,1.35,0.52,-2.52,0.47,10.09,-0.25,0.59,0.15
381.50,-19.02,1.24,-2.13,9.20,-0.10,1.32,0.40,-2.31,0.50,9.95,-0.28,0.61,0.20
381.52,-18.48,1.21,-1.81,8.79,-0.14,1.28,0.25,-1.89,0.57,9.64,-0.32,0.64,0.24
381.53,-18.00,1.15,-1.64,8.64,-0.22,1.27,0.17,-1.36,0.68,9.52,-0.35,0.67,0.24
381.55,-17.49,1.10,-1.62,8.64,-0.30,1.26,0.14,-0.71,0.84,9.51,-0.37,0.71,0.21
381.56,-16.51,1.17,-1.57,8.76,-0.35,1.25,0.19,-0.00,1.06,9.51,-0.39,0.74,0.11
381.58,-15.41,1.47,-1.33,8.87,-0.33,1.21,0.23,0.69,1.37,9.40,-0.39,0.79,0.01
381.59,-14.32,1.97,-1.06,8.99,-0.31,1.12,0.18,0.83,1.41,9.37,-0.40,0.84,-0.11
381.60,-13.69,2.22,-1.05,9.07,-0.33,1.06,0.11,0.54,1.28,9.57,-0.40,0.90,-0.22
381.62,-13.67,2.27,-1.19,9.13,-0.35,0.99,0.06,0.06,1.06,9.84,-0.40,0.97,-0.27
381.63,-13.62,2.03,-1.36,9.23,-0.40,0.94,0.05,-0.45,0.83,10.12,-0.40,1.04,-0.28
381.64,-13.79,1.35,-1.65,9.50,-0.47,0.92,0.11,-0.89,0.60,10.35,-0.40,1.12,-0.27
381.66,-13.82,0.68,-1.93,9.71,-0.51,0.92,0.20,-1.27,0.33,10.45,-0.40,1.19,-0.23
381.67,-13.72,0.17,-2.22,9.85,-0.53,0.91,0.30,-1.42,0.22,10.37,-0.41,1.24,-0.18
381.68,-13.69,0.03,-2.45,9.94,-0.51,0.86,0.39,-1.56,0.24,10.21,-0.41,1.31,-0.15
381.70,-13.78,0.27,-2.58,10.04,-0.49,0.81,0.44,-1.56,0.27,10.21,-0.42,1.36,-0.10
381.71,-13.96,0.78,-2.85,10.24,-0.46,0.76,0.43,-1.33,0.21,10.45,-0.42,1.43,-0.08
381.72,-14.35,1.39,-3.09,10.49,-0.43,0.71,0.36,-1.05,0.09,10.93,-0.40,1.50,-0.10
381.73,-15.00,1.99,-3.34,11.00,-0.41,0.64,0.19,-0.80,0.22,11.56,-0.36,1.56,-0.18
381.75,-15.58,2.20,-3.42,11.51,-0.37,0.56,0.01,-0.70,0.61,12.35,-0.32,1.64,-0.26
381.76,-16.24,2.37,-3.33,12.05,-0.31,0.47,-0.18,-0.66,1.08,12.82,-0.30,1.70,-0.37
381.77,-17.15,2.69,-3.09,12.69,-0.20,0.33,-0.40,-0.51,1.95,13.12,-0.28,1.81,-0.40
381.79,-18.27,3.07,-2.76,13.08,-0.02,0.15,-0.63,-0.31,2.76,13.11,-0.28,1.92,-0.38
381.80,-19.30,3.31,-2.44,13.10,0.19,-0.02,-0.82,0.26,3.76,13.01,-0.32,2.08,-0.21
381.82,-21.13,3.75,-1.38,12.44,0.67,-0.34,-0.96,1.47,5.32,12.61,-0.41,2.23,-0.09
381.83,-22.33,3.99,-0.57,11.82,0.98,-0.53,-0.88,1.76,5.82,12.32,-0.48,2.26,-0.11
381.85,-23.61,4.02,0.12,11.05,1.31,-0.74,-0.76,1.26,5.22,12.16,-0.53,2.29,-0.23
381.86,-25.28,3.77,0.60,10.18,1.56,-0.99,-0.66,-0.47,3.94,12.16,-0.53,2.28,-0.40
381.87,-28.60,2.50,1.09,9.70,1.68,-1.36,-0.68,-3.03,2.34,11.94,-0.55,2.22,-0.76
381.89,-31.55,0.73,0.72,10.60,1.57,-1.56,-0.95,-5.87,0.43,11.53,-0.53,2.10,-0.88
381.90,-33.74,-0.56,-0.54,11.51,1.42,-1.63,-1.20,-6.96,-0.83,11.06,-0.48,2.00,-0.85
381.92,-36.08,-1.30,-2.42,12.31,1.37,-1.64,-1.36,-7.29,-2.30,10.52,-0.32,1.84,-0.72
381.93,-37.47,-1.62,-4.00,12.73,1.52,-1.61,-1.35,-7.43,-3.71,9.72,-0.06,1.58,-0.54
381.94,-39.50,-1.51,-4.31,12.35,1.75,-1.59,-1.15,-7.74,-5.17,8.74,0.15,1.26,-0.41
381.96,-41.44,-0.73,-3.79,11.42,1.74,-1.64,-0.93,-6.99,-5.30,8.24,0.20,0.94,-0.24
381.97,-43.20,0.52,-3.82,10.52,1.51,-1.76,-0.80,-6.36,-5.34,7.98,0.32,0.61,-0.18
381.98,-44.59,1.32,-4.20,10.02,1.26,-1.84,-0.77,-5.89,-5.74,7.43,0.60,0.18,-0.37
382.00,-46.03,1.76,-4.61,9.78,1.00,-1.90,-0.78,-6.07,-6.21,6.99,0.89,-0.16,-0.64
382.01,-48.02,2.02,-4.99,9.84,0.66,-1.96,-0.89,-6.62,-6.79,6.59,1.26,-0.58,-0.85
382.02,-49.58,1.78,-5.07,9.93,0.44,-2.00,-1.02,-7.28,-7.33,6.32,1.62,-0.96,-0.98
382.04,-50.64,1.65,-4.80,10.00,0.24,-2.00,-1.12,-7.64,-7.83,6.30,1.87,-1.20,-0.96
382.05,-51.49,1.26,-4.85,10.02,0.04,-2.00,-1.28,-7.90,-7.91,6.21,2.12,-1.40,-0.84
382.06,-52.08,0.60,-5.14,9.82,-0.09,-2.01,-1.45,-8.12,-7.49,5.98,2.33,-1.63,-0.71
382.08,-52.47,0.18,-5.50,9.69,-0.15,-2.01,-1.53,-8.27,-6.92,5.56,2.56,-1.87,-0.64
382.09,-52.78,-0.00,-5.34,9.32,-0.23,-1.95,-1.49,-8.27,-6.67,5.00,2.74,-2.06,-0.61
382.10,-52.86,-0.12,-4.92,8.92,-0.39,-1.84,-1.43,-7.97,-6.42,4.68,2.86,-2.27,-0.58
382.12,-52.64,-0.06,-4.34,8.51,-0.71,-1.64,-1.37,-7.54,-5.91,4.58,2.98,-2.50,-0.61
382.13,-52.10,0.00,-3.85,8.37,-0.95,-1.44,-1.44,-7.16,-5.08,4.65,3.13,-2.74,-0.76
382.14,-51.09,0.12,-3.30,8.41,-1.13,-1.21,-1.61,-7.31,-4.06,4.91,3.33,-3.05,-1.19
382.15,-49.97,0.33,-2.68,8.54,-1.20,-0.98,-1.90,-7.41,-3.54,5.15,3.48,-3.37,-1.76
382.17,-47.67,0.72,-1.85,8.62,-1.18,-0.63,-2.50,-6.52,-2.74,5.83,3.71,-3.63,-2.36
382.19,-44.92,1.16,-1.22,8.51,-1.15,-0.33,-3.06,-4.55,-2.21,6.54,3.91,-3.71,-3.20
382.20,-40.66,2.15,-0.89,8.39,-1.21,0.06,-3.67,-3.19,-1.70,8.07,4.11,-3.61,-4.03
382.22,-36.72,3.35,-0.67,8.92,-1.23,0.36,-4.03,-3.51,-1.23,9.59,4.21,-3.33,-4.92
382.24,-34.80,4.12,-0.47,9.38,-1.14,0.50,-4.29,-4.98,-1.38,10.42,4.14,-3.06,-5.28
382.25,-33.55,4.60,-0.35,9.67,-1.03,0.59,-4.58,-6.34,-1.50,10.48,4.05,-2.80,-5.42
382.26,-32.87,4.83,-0.45,9.80,-0.96,0.65,-4.87,-7.14,-1.32,9.60,3.93,-2.57,-5.38
382.27,-32.65,4.67,-0.97,9.83,-0.93,0.75,-5.17,-7.28,-0.49,7.93,3.62,-2.30,-5.11
382.29,-32.65,4.16,-1.36,9.81,-0.92,0.88,-5.28,-6.87,-0.11,7.17,3.25,-2.11,-4.82
382.30,-32.46,3.36,-1.50,9.87,-0.90,1.02,-5.28,-6.39,-0.34,7.04,2.88,-1.96,-4.58
382.31,-31.91,2.48,-1.48,9.86,-0.88,1.13,-5.21,-5.75,-0.73,7.11,2.53,-1.85,-4.35
382.32,-30.57,1.05,-1.68,9.55,-0.91,1.17,-5.09,-4.92,-1.25,7.36,2.05,-1.75,-4.03
382.34,-28.96,-0.17,-2.11,9.01,-0.95,1.10,-4.90,-4.50,-1.79,7.65,1.63,-1.67,-3.73
382.35,-27.12,-1.02,-2.37,8.30,-1.01,0.94,-4.58,-4.48,-2.31,7.87,1.22,-1.59,-3.38
382.36,-25.24,-1.64,-2.60,7.86,-1.13,0.78,-4.17,-4.40,-2.22,8.22,0.81,-1.48,-2.95
382.37,-23.20,-2.01,-3.06,7.60,-1.29,0.61,-3.67,-3.69,-1.31,8.60,0.36,-1.38,-2.54
382.39,-21.07,-1.80,-3.59,7.71,-1.45,0.44,-3.11,-2.54,-0.83,9.18,-0.01,-1.26,-2.27
382.40,-19.07,-0.95,-4.00,8.23,-1.56,0.26,-2.53,-1.42,-0.31,10.10,-0.27,-1.07,-2.11
382.41,-17.32,1.79,-2.69,10.46,-1.60,-0.01,-1.75,-1.18,2.72,13.17,-0.58,-0.65,-2.08
382.43,-17.30,3.53,-1.28,12.64,-1.57,-0.17,-1.48,-2.92,2.40,14.68,-0.49,-0.36,-2.32
382.44,-18.50,3.53,-0.26,14.79,-1.41,-0.26,-1.50,-5.42,2.46,13.06,-0.28,-0.11,-2.58
382.46,-19.90,2.40,0.32,15.07,-1.28,-0.22,-1.65,-6.94,2.47,10.53,-0.21,-0.08,-2.55
382.47,-21.35,0.04,1.01,13.51,-1.21,-0.09,-1.91,-8.13,2.29,7.87,-0.29,-0.18,-2.21
382.49,-22.80,-2.13,0.74,11.72,-1.25,0.02,-1.94,-8.48,2.07,6.98,-0.44,-0.28,-1.82
382.50,-23.94,-2.87,0.09,10.91,-1.25,0.09,-1.76,-8.39,1.74,7.13,-0.53,-0.36,-1.32
382.51,-23.92,-2.65,-0.66,10.61,-1.18,0.19,-1.44,-7.85,1.59,7.91,-0.57,-0.46,-0.96
382.53,-24.21,-1.67,-1.13,10.54,-1.04,0.27,-1.17,-6.79,1.54,8.98,-0.56,-0.55,-0.61
382.54,-23.85,-0.80,-1.20,10.30,-0.94,0.29,-1.02,-5.54,1.45,9.86,-0.55,-0.56,-0.41
382.55,-23.46,0.30,-1.07,9.79,-0.88,0.26,-0.92,-4.16,1.28,10.36,-0.54,-0.54,-0.31
382.57,-22.99,1.20,-1.12,9.42,-0.91,0.22,-0.91,-2.68,0.97,10.24,-0.49,-0.54,-0.38
382.58,-22.72,2.31,-1.55,9.12,-0.98,0.21,-0.94,-1.23,0.82,9.77,-0.42,-0.56,-0.63
382.60,-22.22,3.46,-2.07,8.79,-1.04,0.26,-1.04,-0.27,0.83,9.40,-0.39,-0.57,-0.83
382.61,-21.72,3.97,-2.07,8.55,-1.05,0.28,-1.16,-0.20,1.28,9.47,-0.38,-0.56,-1.01
382.63,-21.99,4.29,-1.89,8.62,-1.05,0.25,-1.31,-0.60,1.68,9.90,-0.36,-0.51,-1.11
382.64,-22.27,4.31,-1.76,9.41,-0.98,0.17,-1.49,-1.38,1.64,10.50,-0.32,-0.40,-1.12
382.66,-22.79,4.15,-1.90,9.78,-0.89,0.15,-1.59,-1.62,1.46,10.48,-0.31,-0.32,-1.07
382.67,-23.09,3.83,-2.07,9.79,-0.80,0.16,-1.67,-1.66,1.32,10.19,-0.30,-0.24,-0.97
382.69,-23.48,3.34,-2.24,9.44,-0.74,0.19,-1.74,-1.51,1.06,9.83,-0.30,-0.16,-0.89
382.70,-23.75,2.86,-2.40,9.01,-0.72,0.20,-1.76,-1.28,0.77,9.70,-0.29,-0.13,-0.86
382.72,-23.81,2.64,-2.47,8.84,-0.72,0.16,-1.73,-1.18,0.59,9.70,-0.28,-0.11,-0.87
382.73,-23.78,2.63,-2.48,8.89,-0.72,0.14,-1.71,-1.26,0.50,9.84,-0.27,-0.10,-0.91
382.75,-24.06,2.69,-2.48,9.27,-0.69,0.10,-1.73,-1.77,0.46,10.08,-0.25,-0.07,-0.97
382.77,-24.62,2.63,-2.67,9.69,-0.68,0.10,-1.80,-2.40,0.24,10.07,-0.21,-0.05,-1.00
382.79,-25.06,2.34,-2.95,9.78,-0.67,0.11,-1.85,-2.69,0.02,9.97,-0.17,-0.04,-1.02
382.80,-25.37,2.09,-3.12,9.73,-0.65,0.13,-1.89,-2.83,-0.09,9.90,-0.14,-0.05,-1.03
382.81,-25.66,1.88,-3.26,9.64,-0.64,0.14,-1.91,-2.79,-0.24,9.95,-0.09,-0.06,-1.05
382.82,-25.73,1.74,-3.43,9.59,-0.64,0.13,-1.93,-2.78,-0.37,10.07,-0.03,-0.08,-1.10
382.84,-25.90,1.65,-3.50,9.61,-0.62,0.12,-1.95,-3.05,-0.48,10.10,0.03,-0.10,-1.17
382.85,-26.03,1.28,-3.49,9.57,-0.58,0.08,-2.03,-3.35,-0.23,9.84,0.08,-0.13,-1.22
382.87,-26.14,0.96,-3.43,9.68,-0.57,0.06,-2.08,-3.58,-0.32,9.77,0.11,-0.16,-1.25
382.88,-26.18,0.66,-3.57,9.76,-0.57,0.06,-2.09,-3.77,-0.41,9.80,0.17,-0.20,-1.29
382.89,-26.13,0.51,-3.74,9.80,-0.57,0.06,-2.07,-3.78,-0.37,9.90,0.22,-0.24,-1.34
382.91,-26.00,0.49,-3.83,9.81,-0.57,0.05,-2.03,-3.69,-0.24,10.03,0.30,-0.28,-1.40
382.92,-25.84,0.54,-3.83,9.82,-0.57,0.05,-2.01,-3.49,0.16,10.08,0.41,-0.33,-1.53
382.93,-25.45,0.70,-3.48,9.81,-0.54,0.03,-2.02,-3.13,0.69,9.97,0.56,-0.37,-1.74
382.95,-25.17,0.89,-3.03,9.79,-0.51,0.02,-2.07,-2.73,0.89,9.86,0.67,-0.40,-1.95
382.96,-24.66,1.07,-2.65,9.74,-0.47,0.02,-2.14,-1.92,1.02,9.85,0.82,-0.44,-2.30
382.97,-24.07,1.33,-2.36,9.63,-0.45,0.02,-2.23,-1.32,0.89,10.03,0.92,-0.49,-2.87
383.00,-22.96,1.83,-2.25,9.11,-0.46,-0.05,-2.45,-0.50,0.42,10.33,1.11,-0.55,-3.22
383.01,-22.34,1.98,-2.35,8.81,-0.47,-0.11,-2.55,-0.19,0.17,10.35,1.18,-0.55,-3.56
383.02,-21.70,2.12,-2.47,8.65,-0.48,-0.21,-2.62,-0.12,-0.39,10.27,1.25,-0.52,-3.99
383.04,-21.16,2.24,-2.67,8.70,-0.50,-0.28,-2.64,-0.28,-1.15,10.19,1.30,-0.49,-4.26
383.05,-21.13,2.52,-3.02,9.03,-0.52,-0.29,-2.65,-0.70,-1.86,10.15,1.34,-0.48,-4.44
383.07,-21.13,2.14,-3.22,8.95,-0.54,-0.25,-2.64,-1.37,-2.26,10.13,1.34,-0.46,-4.49
383.08,-21.12,1.80,-3.33,8.91,-0.54,-0.28,-2.56,-1.87,-2.26,10.07,1.32,-0.43,-4.43
383.09,-21.39,1.70,-3.12,9.06,-0.51,-0.33,-2.41,-2.42,-1.95,10.02,1.28,-0.42,-4.29
383.11,-21.83,1.75,-2.76,9.19,-0.50,-0.39,-2.22,-2.70,-1.71,10.00,1.24,-0.40,-4.11
383.12,-22.32,1.94,-2.33,9.32,-0.51,-0.45,-2.06,-2.78,-1.38,9.91,1.18,-0.37,-3.90
383.13,-22.99,2.12,-1.95,9.40,-0.53,-0.50,-1.91,-2.91,-0.93,9.78,1.10,-0.29,-3.64
383.14,-23.78,2.49,-1.56,9.53,-0.54,-0.55,-1.77,-3.55,-0.53,9.58,1.03,-0.24,-3.39
383.16,-25.26,2.92,-1.07,9.67,-0.53,-0.56,-1.65,-3.89,0.02,9.48,0.95,-0.19,-3.08
383.17,-26.58,3.07,-0.73,9.67,-0.50,-0.57,-1.56,-4.01,0.64,9.30,0.85,-0.15,-2.75
383.18,-27.97,3.09,-0.39,9.60,-0.49,-0.60,-1.46,-4.11,1.39,8.97,0.71,-0.11,-2.39
383.20,-29.67,2.97,-0.04,9.58,-0.46,-0.65,-1.29,-4.02,1.90,8.84,0.61,-0.09,-2.14
383.21,-30.95,2.90,0.27,9.55,-0.41,-0.70,-1.16,-3.92,2.28,8.79,0.53,-0.08,-1.86
383.22,-32.39,2.94,0.50,9.49,-0.37,-0.73,-1.03,-4.09,2.56,8.76,0.46,-0.06,-1.68
383.24,-34.40,3.07,0.51,9.43,-0.30,-0.76,-0.90,-4.49,2.79,8.84,0.44,-0.06,-1.38
383.25,-35.61,3.18,0.36,9.53,-0.25,-0.78,-0.83,-4.83,2.90,9.00,0.42,-0.07,-1.14
383.26,-37.20,3.23,0.28,9.68,-0.18,-0.81,-0.78,-5.01,2.87,9.12,0.39,-0.09,-0.80
383.28,-38.94,3.11,0.32,9.91,-0.07,-0.86,-0.71,-4.91,2.88,9.21,0.34,-0.12,-0.51
383.29,-40.05,3.03,0.42,9.87,-0.00,-0.90,-0.62,-4.60,2.80,9.18,0.31,-0.13,-0.24
383.31,-41.04,3.13,0.49,9.64,0.04,-0.94,-0.49,-4.14,2.74,9.10,0.27,-0.14,-0.01
383.32,-41.95,3.42,0.51,9.28,0.06,-0.97,-0.35,-3.67,2.60,9.06,0.20,-0.14,0.17
383.33,-42.81,3.75,0.49,8.85,0.05,-0.99,-0.23,-3.05,2.46,9.10,0.14,-0.15,0.29
383.34,-43.57,4.07,0.41,8.45,0.00,-0.99,-0.15,-2.48,2.39,9.22,0.12,-0.17,0.33
383.35,-44.11,4.20,0.37,8.14,-0.05,-0.98,-0.06,-1.88,2.37,9.38,0.10,-0.18,0.29
383.37,-44.91,4.69,0.07,8.11,-0.12,-1.02,-0.08,-1.49,2.47,9.46,0.06,-0.18,0.24
383.38,-45.71,5.22,-0.39,8.07,-0.10,-1.10,-0.13,-1.52,2.50,9.60,0.03,-0.17,0.15
383.40,-46.90,5.78,-0.33,7.77,-0.01,-1.15,-0.17,-1.70,2.32,9.73,0.04,-0.17,0.08
383.41,-47.93,5.92,-0.07,7.42,0.01,-1.16,-0.22,-1.86,2.06,9.78,0.05,-0.17,0.04
383.43,-49.26,5.85,0.03,7.20,-0.04,-1.17,-0.31,-1.89,1.81,9.64,0.05,-0.16,0.02
383.44,-50.18,5.74,-0.20,7.21,-0.09,-1.19,-0.43,-1.82,1.71,9.44,0.03,-0.16,0.02
383.45,-51.44,5.85,-0.42,7.16,-0.12,-1.18,-0.52,-1.82,1.71,9.36,0.02,-0.17,0.01
383.47,-52.35,5.89,-0.55,7.18,-0.13,-1.17,-0.57,-1.97,1.77,9.35,0.01,-0.18,-0.01
383.48,-53.23,6.14,-0.78,7.36,-0.08,-1.14,-0.61,-2.24,1.85,9.44,0.01,-0.20,-0.03
383.50,-54.36,6.42,-1.16,7.88,0.14,-1.13,-0.80,-2.39,1.92,9.59,-0.00,-0.20,-0.01
383.51,-55.78,6.60,-0.86,7.81,0.60,-1.07,-1.04,-2.24,1.97,9.72,-0.01,-0.19,0.01
383.53,-56.62,6.70,-0.54,7.49,0.83,-1.01,-1.27,-2.03,1.81,9.78,0.02,-0.18,0.00
383.55,-57.52,6.83,0.03,7.17,0.81,-1.02,-1.27,-1.86,1.63,9.83,0.05,-0.19,-0.03
383.56,-58.32,6.77,0.67,6.95,0.64,-1.05,-1.16,-1.71,1.58,9.82,0.08,-0.21,-0.09
383.57,-58.83,6.75,1.16,6.94,0.48,-1.08,-1.10,-1.69,1.55,9.81,0.09,-0.24,-0.11
383.59,-59.49,6.78,1.28,6.85,0.31,-1.11,-1.06,-1.77,1.54,9.83,0.09,-0.26,-0.14
383.60,-60.09,6.65,1.12,6.79,0.20,-1.13,-1.05,-1.90,1.46,9.83,0.09,-0.28,-0.15
383.61,-60.77,6.31,1.17,6.89,0.13,-1.17,-1.05,-2.16,1.49,9.79,0.10,-0.29,-0.15
383.62,-61.32,6.35,1.32,6.88,0.09,-1.21,-1.06,-2.38,1.58,9.68,0.10,-0.30,-0.12
383.64,-61.99,6.58,1.35,6.84,0.06,-1.24,-1.08,-2.48,1.64,9.65,0.11,-0.31,-0.06
383.65,-62.91,6.93,1.35,6.81,0.05,-1.26,-1.09,-2.50,1.72,9.68,0.11,-0.31,-0.02
383.67,-64.03,7.35,1.58,6.74,0.03,-1.26,-1.10,-2.40,1.67,9.79,0.11,-0.30,-0.01
383.68,-65.13,7.60,1.88,6.63,-0.04,-1.23,-1.12,-2.30,1.77,9.90,0.10,-0.29,-0.03
383.70,-65.84,7.73,1.88,6.60,-0.09,-1.20,-1.11,-2.36,1.87,9.90,0.10,-0.30,-0.04
383.71,-66.71,8.06,1.72,6.63,-0.11,-1.17,-1.05,-2.42,2.00,9.93,0.10,-0.31,-0.04
383.73,-67.41,8.47,1.77,6.63,-0.10,-1.12,-1.01,-2.47,1.98,10.01,0.09,-0.32,-0.03
383.74,-68.27,8.79,1.72,6.55,-0.09,-1.03,-0.95,-2.52,1.89,10.11,0.09,-0.31,-0.02
383.75,-69.09,8.82,1.63,6.41,-0.07,-0.94,-0.90,-2.54,1.81,10.16,0.10,-0.28,-0.01
383.77,-69.71,8.77,1.74,6.26,-0.06,-0.90,-0.86,-2.53,1.82,10.14,0.10,-0.26,0.02
383.78,-70.31,8.66,1.89,6.08,-0.05,-0.88,-0.82,-2.49,1.89,10.08,0.09,-0.24,0.06
383.79,-70.88,8.64,1.98,5.92,-0.05,-0.88,-0.74,-2.39,2.06,10.01,0.08,-0.22,0.14
383.81,-71.74,8.74,2.11,5.84,-0.05,-0.89,-0.55,-2.33,2.22,10.04,0.05,-0.21,0.20
383.83,-72.36,8.66,2.14,5.92,-0.04,-0.89,-0.37,-2.26,2.34,10.09,0.04,-0.21,0.27
383.84,-73.00,8.63,2.17,5.74,-0.03,-0.85,-0.15,-2.21,2.39,10.09,0.03,-0.23,0.31
383.86,-73.48,8.60,2.03,5.58,0.00,-0.82,-0.01,-2.16,2.32,10.08,0.04,-0.26,0.36
383.87,-73.80,8.51,1.91,5.40,0.05,-0.78,0.05,-2.10,2.24,10.06,0.06,-0.29,0.41
383.88,-74.00,8.45,1.77,5.26,0.15,-0.73,0.07,-1.96,2.10,10.05,0.09,-0.34,0.45
383.89,-74.22,8.44,1.79,5.12,0.27,-0.67,0.07,-1.86,1.97,10.00,0.11,-0.38,0.49
383.91,-74.22,8.42,1.81,5.02,0.37,-0.62,0.04,-1.64,1.87,9.91,0.13,-0.42,0.54
383.92,-74.11,8.53,1.84,4.80,0.51,-0.56,-0.00,-1.23,1.77,9.72,0.13,-0.50,0.60
383.94,-74.09,8.58,1.94,4.47,0.57,-0.52,-0.03,-0.95,1.70,9.60,0.12,-0.55,0.65
383.95,-73.71,8.69,2.07,4.05,0.61,-0.48,-0.08,-0.42,1.64,9.47,0.11,-0.59,0.68
383.96,-73.60,8.76,2.21,3.46,0.64,-0.44,-0.17,0.02,1.59,9.37,0.10,-0.62,0.69
383.97,-73.06,8.85,2.37,3.04,0.64,-0.39,-0.22,0.60,1.53,9.26,0.09,-0.64,0.67
383.99,-72.90,8.89,2.63,2.53,0.59,-0.31,-0.27,1.04,1.53,9.18,0.08,-0.65,0.63
384.00,-72.50,8.87,2.81,2.23,0.51,-0.25,-0.31,1.40,1.55,9.11,0.07,-0.65,0.57
384.01,-71.74,8.84,2.98,2.08,0.42,-0.20,-0.35,1.82,1.57,9.13,0.06,-0.63,0.47
384.03,-70.99,8.65,3.12,2.14,0.28,-0.12,-0.39,2.19,1.69,9.17,0.05,-0.60,0.34
384.04,-70.26,8.49,3.19,2.31,0.15,-0.05,-0.42,2.32,1.76,9.24,0.03,-0.58,0.22
384.05,-69.74,8.36,3.23,2.52,0.04,0.01,-0.47,2.31,1.84,9.34,0.03,-0.56,0.08
384.07,-68.86,8.26,3.27,2.73,-0.05,0.06,-0.50,2.19,1.91,9.46,0.03,-0.56,-0.05
384.08,-67.98,8.20,3.30,2.94,-0.13,0.10,-0.51,1.94,1.97,9.61,0.04,-0.55,-0.18
384.09,-67.14,8.16,3.34,3.15,-0.20,0.11,-0.49,1.73,2.04,9.79,0.05,-0.54,-0.28
384.10,-66.21,8.12,3.38,3.36,-0.26,0.11,-0.44,1.36,2.12,9.96,0.05,-0.52,-0.36
384.11,-65.67,8.07,3.39,3.59,-0.31,0.10,-0.37,1.13,2.21,10.09,0.06,-0.50,-0.41
384.13,-64.91,7.98,3.36,3.88,-0.35,0.08,-0.27,0.71,2.27,10.20,0.06,-0.48,-0.42
384.14,-64.40,7.88,3.31,4.08,-0.35,0.04,-0.21,0.36,2.31,10.23,0.06,-0.46,-0.41
384.15,-63.96,7.83,3.29,4.26,-0.35,0.01,-0.15,-0.00,2.36,10.16,0.06,-0.44,-0.36
384.17,-63.63,7.79,3.27,4.40,-0.32,-0.02,-0.12,-0.17,2.42,10.05,0.06,-0.43,-0.31
384.18,-63.25,7.76,3.29,4.48,-0.28,-0.05,-0.09,-0.21,2.49,9.87,0.05,-0.41,-0.25
384.19,-62.87,7.79,3.28,4.51,-0.25,-0.07,-0.03,-0.53,2.57,9.62,0.05,-0.42,-0.17
384.21,-62.74,7.83,3.29,4.51,-0.20,-0.07,0.01,-0.54,2.58,9.43,0.02,-0.43,-0.10
384.23,-62.58,7.84,3.33,4.47,-0.16,-0.07,0.05,-0.50,2.56,9.39,0.00,-0.44,-0.06
384.24,-62.45,7.84,3.30,4.47,-0.13,-0.06,0.08,-0.47,2.54,9.40,-0.01,-0.44,-0.03
384.25,-62.27,7.83,3.33,4.44,-0.11,-0.04,0.13,-0.38,2.51,9.43,-0.02,-0.43,-0.00
384.26,-62.11,7.89,3.30,4.46,-0.10,-0.03,0.16,-0.29,2.46,9.50,-0.03,-0.42,0.03
384.28,-61.94,7.92,3.21,4.46,-0.09,-0.03,0.18,-0.15,2.38,9.64,-0.03,-0.40,0.06
384.30,-61.57,8.07,3.04,4.45,-0.07,-0.02,0.20,0.16,2.23,9.85,-0.03,-0.35,0.09
384.31,-61.31,8.22,2.89,4.44,-0.05,-0.03,0.19,0.33,2.21,9.93,-0.03,-0.32,0.11
384.32,-61.11,8.31,2.80,4.43,-0.03,-0.03,0.17,0.47,2.21,9.95,-0.02,-0.29,0.11
384.34,-60.91,8.37,2.78,4.38,-0.02,-0.04,0.15,0.61,2.18,9.92,-0.01,-0.26,0.10
384.35,-60.69,8.42,2.78,4.33,-0.01,-0.04,0.12,0.73,2.15,9.88,-0.01,-0.22,0.09
384.36,-60.56,8.42,2.76,4.29,0.01,-0.03,0.10,0.78,2.12,9.84,-0.01,-0.18,0.09
384.37,-60.41,8.42,2.79,4.22,0.02,-0.03,0.08,0.85,2.13,9.79,-0.00,-0.15,0.08
384.39,-60.33,8.42,2.82,4.15,0.02,-0.03,0.07,0.90,2.16,9.75,0.01,-0.11,0.06
384.40,-60.23,8.37,2.87,4.08,0.02,-0.03,0.04,0.91,2.13,9.73,0.02,-0.08,0.05
384.41,-60.21,8.36,2.88,4.08,0.01,-0.02,0.04,0.90,2.13,9.73,0.02,-0.04,0.06
384.42,-60.17,8.37,2.84,4.14,0.02,-0.02,0.03,0.91,2.13,9.74,0.01,-0.00,0.07
384.43,-60.15,8.36,2.84,4.13,0.03,-0.02,0.02,0.95,2.15,9.74,0.00,0.03,0.07
384.45,-60.13,8.36,2.83,4.12,0.03,-0.01,0.01,1.02,2.21,9.72,-0.00,0.05,0.07
384.46,-60.10,8.35,2.84,4.14,0.04,-0.01,-0.00,1.05,2.27,9.69,-0.00,0.06,0.06
384.47,-60.06,8.27,2.84,4.14,0.05,-0.01,-0.02,1.01,2.24,9.69,-0.00,0.05,0.07
384.49,-60.00,8.23,2.88,4.17,0.05,-0.00,-0.02,0.95,2.21,9.70,-0.01,0.04,0.08
384.50,-59.95,8.24,2.96,4.15,0.05,0.00,-0.03,0.92,2.18,9.71,-0.01,0.03,0.08
384.51,-59.89,8.23,2.91,4.20,0.05,0.00,-0.04,0.92,2.18,9.69,0.01,0.03,0.07
384.52,-59.82,8.17,2.93,4.18,0.06,0.00,-0.06,0.89,2.13,9.67,0.03,0.03,0.03
384.54,-59.78,8.15,3.04,4.15,0.04,0.01,-0.05,0.83,2.07,9.65,0.03,0.03,0.03
384.55,-59.76,8.13,3.03,4.22,0.03,0.01,-0.06,0.78,2.09,9.65,0.02,0.03,0.06
384.56,-59.68,8.12,2.98,4.25,0.03,0.02,-0.06,0.79,2.15,9.64,0.01,0.04,0.08
384.58,-59.62,8.14,3.04,4.26,0.04,0.02,-0.05,0.83,2.20,9.65,-0.00,0.04,0.09
384.59,-59.56,8.12,3.08,4.26,0.03,0.02,-0.05,0.83,2.20,9.68,-0.01,0.03,0.08
384.60,-59.50,8.06,3.07,4.26,0.03,0.01,-0.04,0.80,2.19,9.71,-0.02,0.03,0.08
384.61,-59.44,8.10,3.15,4.31,0.02,0.01,-0.03,0.76,2.20,9.70,-0.02,0.03,0.08
384.63,-59.38,8.05,3.20,4.25,0.02,0.01,-0.04,0.79,2.23,9.68,-0.01,0.02,0.07
384.64,-59.29,8.05,3.14,4.29,0.01,0.01,-0.01,0.78,2.25,9.68,-0.01,0.02,0.07
384.65,-59.20,8.05,3.11,4.30,0.01,0.01,0.03,0.80,2.27,9.69,-0.02,0.02,0.08
384.67,-59.13,8.05,3.16,4.27,0.01,0.00,0.04,0.83,2.29,9.71,-0.02,0.02,0.08
384.68,-59.07,8.06,3.18,4.27,0.00,-0.00,0.05,0.85,2.29,9.73,-0.02,0.02,0.08
384.69,-58.98,8.07,3.14,4.28,-0.00,-0.01,0.06,0.87,2.28,9.73,-0.03,0.02,0.08
384.71,-58.92,8.06,3.16,4.25,-0.00,-0.01,0.07,0.90,2.28,9.74,-0.03,0.02,0.08
384.72,-58.85,8.06,3.16,4.24,-0.01,-0.01,0.08,0.93,2.28,9.72,-0.04,0.02,0.09
384.73,-58.77,8.09,3.13,4.22,-0.01,-0.02,0.11,0.95,2.27,9.72,-0.04,0.02,0.09
384.75,-58.71,8.09,3.14,4.19,-0.01,-0.03,0.13,0.98,2.25,9.72,-0.05,0.02,0.10
384.76,-58.66,8.10,3.11,4.18,-0.02,-0.03,0.15,1.00,2.23,9.72,-0.05,0.01,0.11
384.77,-58.60,8.13,3.06,4.17,-0.02,-0.04,0.17,1.00,2.17,9.72,-0.05,0.01,0.11
384.78,-58.57,8.16,3.01,4.15,-0.02,-0.04,0.18,1.03,2.14,9.72,-0.05,0.01,0.11
384.80,-58.52,8.21,2.96,4.14,-0.03,-0.04,0.18,1.05,2.09,9.73,-0.05,0.01,0.11
384.81,-58.50,8.25,2.90,4.13,-0.03,-0.04,0.19,1.06,2.06,9.75,-0.05,0.01,0.12
384.82,-58.48,8.31,2.85,4.13,-0.03,-0.04,0.18,1.07,2.04,9.76,-0.05,0.01,0.12
384.83,-58.48,8.34,2.80,4.15,-0.03,-0.04,0.18,1.07,2.02,9.77,-0.05,0.01,0.12
384.85,-58.45,8.34,2.74,4.15,-0.02,-0.04,0.17,1.05,2.00,9.77,-0.05,0.01,0.12
384.86,-58.46,8.37,2.72,4.14,-0.02,-0.03,0.16,1.05,1.97,9.77,-0.04,0.01,0.12
384.87,-58.43,8.40,2.74,4.15,-0.01,-0.03,0.13,1.07,1.94,9.77,-0.04,0.01,0.11
384.88,-58.43,8.38,2.71,4.13,-0.01,-0.03,0.11,1.07,1.91,9.78,-0.03,0.01,0.11
384.89,-58.41,8.41,2.69,4.15,-0.01,-0.03,0.10,1.07,1.90,9.76,-0.03,0.01,0.11
384.91,-58.38,8.42,2.65,4.15,-0.00,-0.02,0.09,1.08,1.89,9.77,-0.03,0.01,0.10
384.92,-58.38,8.41,2.67,4.12,0.00,-0.02,0.06,1.08,1.89,9.78,-0.03,0.01,0.10
384.93,-58.35,8.40,2.68,4.12,0.00,-0.02,0.04,1.06,1.88,9.78,-0.03,0.01,0.09
384.94,-58.35,8.38,2.67,4.13,-0.00,-0.01,0.03,1.03,1.86,9.78,-0.02,0.01,0.09
384.95,-58.34,8.40,2.70,4.12,-0.00,-0.01,0.01,1.09,1.93,9.74,-0.01,0.01,0.06
384.97,-58.30,8.35,2.77,4.10,0.00,-0.01,-0.02,1.14,1.92,9.73,0.01,0.01,0.02
384.98,-58.26,8.31,2.72,4.12,-0.01,-0.01,-0.03,1.04,1.84,9.77,0.02,-0.00,0.02
384.99,-58.23,8.34,2.77,4.17,-0.01,-0.00,-0.03,0.97,1.87,9.77,0.01,0.00,0.04
385.00,-58.21,8.36,2.78,4.18,-0.01,-0.00,-0.03,0.99,1.91,9.78,0.00,0.01,0.05
385.02,-58.19,8.33,2.77,4.19,-0.01,-0.00,-0.03,0.99,1.94,9.79,0.00,0.01,0.04
385.03,-58.16,8.29,2.80,4.18,-0.02,-0.00,-0.03,0.98,1.93,9.79,0.00,0.01,0.03
385.04,-58.13,8.26,2.80,4.17,-0.02,-0.01,-0.03,1.00,1.93,9.80,0.00,0.01,0.02
385.06,-58.09,8.26,2.82,4.17,-0.02,-0.01,-0.03,1.02,1.96,9.79,0.00,0.01,0.02
385.07,-58.07,8.26,2.85,4.16,-0.02,-0.01,-0.03,1.03,1.97,9.78,0.00,0.01,0.02
385.08,-58.03,8.26,2.85,4.16,-0.03,-0.02,-0.03,1.03,1.99,9.76,0.00,0.01,0.01
385.09,-58.01,8.25,2.85,4.15,-0.03,-0.02,-0.03,1.02,1.99,9.76,0.01,0.01,0.01
385.11,-57.98,8.24,2.86,4.15,-0.03,-0.02,-0.02,1.00,2.01,9.75,0.01,0.00,0.00
385.12,-57.96,8.24,2.88,4.16,-0.04,-0.02,-0.02,1.00,2.03,9.73,0.01,0.01,0.00
385.13,-57.93,8.24,2.88,4.18,-0.04,-0.02,-0.01,0.97,2.06,9.73,0.01,0.01,0.00
385.15,-57.91,8.24,2.89,4.19,-0.04,-0.02,0.00,0.96,2.09,9.73,0.01,0.01,0.01
385.16,-57.90,8.24,2.89,4.19,-0.04,-0.02,0.02,0.93,2.10,9.72,0.00,0.01,0.02
385.18,-57.89,8.23,2.89,4.20,-0.03,-0.02,0.03,0.92,2.09,9.72,-0.00,0.01,0.03
385.19,-57.89,8.23,2.87,4.21,-0.03,-0.02,0.04,0.90,2.07,9.73,-0.00,0.01,0.04
385.20,-57.89,8.25,2.84,4.21,-0.03,-0.02,0.04,0.90,2.05,9.74,-0.00,0.01,0.04
385.22,-57.89,8.26,2.82,4.19,-0.03,-0.01,0.04,0.93,2.02,9.72,-0.00,0.01,0.04
385.23,-57.89,8.27,2.80,4.18,-0.03,-0.01,0.04,0.95,1.97,9.73,-0.00,0.01,0.04
385.24,-57.88,8.28,2.78,4.18,-0.03,-0.01,0.03,0.97,1.93,9.75,-0.00,0.01,0.03
385.26,-57.87,8.30,2.77,4.18,-0.03,-0.01,0.02,0.97,1.90,9.77,0.00,0.01,0.02
385.27,-57.87,8.31,2.76,4.18,-0.03,-0.01,0.01,0.99,1.91,9.78,0.01,0.01,0.02
385.28,-57.86,8.32,2.76,4.18,-0.03,-0.01,0.01,1.01,1.93,9.79,0.01,0.01,0.02
385.30,-57.84,8.32,2.77,4.18,-0.03,-0.01,-0.00,1.03,1.95,9.80,0.01,0.01,0.02
385.31,-57.81,8.32,2.79,4.18,-0.03,-0.01,-0.01,1.04,1.98,9.80,0.01,0.01,0.02
385.33,-57.79,8.31,2.81,4.16,-0.03,-0.01,-0.01,1.05,1.98,9.80,0.01,0.01,0.03
385.34,-57.77,8.29,2.82,4.17,-0.02,-0.01,-0.01,1.04,1.98,9.80,0.01,0.01,0.03
385.36,-57.75,8.29,2.82,4.15,-0.02,-0.02,-0.01,1.05,1.97,9.78,0.01,0.01,0.03
385.37,-57.73,8.29,2.83,4.14,-0.03,-0.02,-0.01,1.04,1.96,9.78,0.02,0.01,0.02
385.38,-57.72,8.29,2.83,4.15,-0.03,-0.02,-0.01,1.03,1.95,9.77,0.02,0.01,0.02
385.40,-57.71,8.29,2.83,4.15,-0.03,-0.02,-0.01,1.04,1.96,9.75,0.02,0.01,0.02
385.41,-57.70,8.28,2.83,4.16,-0.03,-0.02,-0.01,1.02,1.97,9.75,0.02,0.01,0.02
385.42,-57.69,8.27,2.84,4.18,-0.04,-0.02,-0.01,0.99,1.99,9.75,0.01,0.01,0.01
385.43,-57.68,8.26,2.85,4.19,-0.04,-0.02,-0.01,0.98,2.00,9.75,0.01,0.01,0.01
385.45,-57.67,8.24,2.85,4.19,-0.04,-0.02,-0.00,0.96,2.03,9.73,0.01,0.01,0.01
385.46,-57.66,8.24,2.85,4.20,-0.04,-0.02,0.00,0.95,2.04,9.72,0.00,0.00,0.01
385.48,-57.65,8.24,2.84,4.21,-0.04,-0.02,0.01,0.95,2.04,9.74,0.00,0.00,0.01
385.49,-57.64,8.25,2.83,4.19,-0.04,-0.02,0.01,0.95,2.05,9.75,-0.00,0.00,0.01
385.50,-57.64,8.26,2.82,4.20,-0.04,-0.02,0.01,0.95,2.05,9.75,-0.00,0.00,0.02
385.51,-57.64,8.28,2.82,4.20,-0.03,-0.02,0.01,0.95,2.05,9.77,-0.00,0.00,0.02
385.53,-57.64,8.29,2.82,4.20,-0.03,-0.02,0.01,0.96,2.05,9.77,-0.01,0.00,0.02
385.54,-57.64,8.29,2.81,4.19,-0.03,-0.02,0.01,0.96,2.03,9.76,-0.01,0.00,0.02
385.55,-57.65,8.29,2.81,4.18,-0.02,-0.02,0.01,0.96,2.02,9.75,-0.01,0.00,0.02
385.57,-57.64,8.29,2.81,4.18,-0.02,-0.02,0.01,0.99,2.02,9.75,-0.01,0.00,0.03
385.58,-57.64,8.29,2.82,4.17,-0.02,-0.02,0.01,0.98,2.01,9.74,-0.01,0.00,0.03
385.59,-57.64,8.28,2.82,4.16,-0.02,-0.02,0.01,0.99,2.00,9.73,-0.02,0.00,0.03
385.60,-57.63,8.28,2.82,4.16,-0.01,-0.02,0.01,0.99,2.00,9.73,-0.02,0.00,0.03
385.61,-57.63,8.28,2.82,4.17,-0.01,-0.02,0.00,0.99,2.01,9.73,-0.02,0.00,0.03
385.63,-57.62,8.28,2.82,4.17,-0.01,-0.01,0.00,1.00,2.00,9.72,-0.03,0.00,0.03
385.64,-57.61,8.28,2.82,4.17,-0.01,-0.01,0.00,0.97,1.96,9.74,-0.03,0.00,0.03
385.65,-57.61,8.28,2.84,4.17,-0.01,-0.01,0.00,0.95,1.94,9.77,-0.02,0.01,0.03
385.67,-57.61,8.28,2.85,4.18,-0.01,-0.01,0.01,0.94,1.92,9.79,-0.02,0.01,0.04
385.68,-57.63,8.28,2.84,4.19,-0.01,-0.01,0.01,0.92,1.95,9.79,-0.01,0.02,0.04
385.69,-57.64,8.26,2.83,4.18,-0.01,-0.01,0.01,0.95,1.96,9.80,-0.00,0.02,0.06
385.72,-57.67,8.25,2.84,4.21,-0.01,-0.01,0.02,0.93,2.00,9.80,0.00,0.04,0.08
385.73,-57.68,8.23,2.85,4.21,-0.01,-0.01,0.03,0.94,2.06,9.76,-0.00,0.04,0.08
385.75,-57.69,8.22,2.87,4.20,-0.01,-0.01,0.04,0.94,2.04,9.76,-0.01,0.04,0.09
385.76,-57.71,8.22,2.86,4.20,-0.00,-0.02,0.04,0.94,2.00,9.76,-0.01,0.04,0.09
385.77,-57.72,8.22,2.86,4.20,-0.00,-0.02,0.05,0.94,1.95,9.76,-0.01,0.04,0.08
385.79,-57.73,8.24,2.85,4.18,-0.00,-0.02,0.05,0.96,1.94,9.77,-0.00,0.03,0.08
385.80,-57.75,8.26,2.82,4.16,-0.01,-0.02,0.05,0.94,1.91,9.77,0.00,0.03,0.08
385.81,-57.76,8.27,2.80,4.16,-0.01,-0.02,0.06,0.99,1.93,9.76,0.01,0.03,0.08
385.82,-57.76,8.28,2.78,4.16,-0.01,-0.02,0.06,1.01,1.90,9.77,0.01,0.02,0.07
385.84,-57.76,8.30,2.77,4.16,-0.01,-0.02,0.05,1.03,1.87,9.78,0.01,0.02,0.08
385.85,-57.74,8.31,2.76,4.16,-0.01,-0.02,0.05,1.05,1.83,9.79,0.00,0.02,0.07
385.86,-57.72,8.34,2.75,4.17,-0.02,-0.02,0.05,1.06,1.78,9.81,0.01,0.01,0.06
385.87,-57.71,8.35,2.74,4.18,-0.02,-0.02,0.04,1.04,1.76,9.82,0.02,0.01,0.04
385.89,-57.69,8.34,2.73,4.18,-0.03,-0.02,0.03,1.04,1.78,9.84,0.03,0.01,0.03
385.90,-57.69,8.34,2.71,4.17,-0.03,-0.02,0.02,1.02,1.80,9.84,0.04,0.01,0.03
385.91,-57.69,8.34,2.71,4.19,-0.04,-0.02,0.01,1.00,1.83,9.81,0.04,0.01,0.02
385.93,-57.69,8.33,2.71,4.20,-0.04,-0.02,0.00,0.96,1.87,9.77,0.03,0.01,0.02
385.94,-57.69,8.32,2.72,4.19,-0.04,-0.02,-0.00,0.94,1.90,9.74,0.03,0.01,0.02
385.95,-57.70,8.30,2.74,4.20,-0.04,-0.02,-0.01,0.92,1.94,9.73,0.03,0.01,0.02
385.96,-57.71,8.29,2.76,4.21,-0.04,-0.02,-0.01,0.92,1.97,9.73,0.02,0.00,0.01
385.98,-57.70,8.28,2.77,4.21,-0.03,-0.02,-0.02,0.92,1.97,9.74,0.02,0.00,0.01
385.99,-57.69,8.28,2.78,4.22,-0.03,-0.02,-0.02,0.94,1.98,9.76,0.02,-0.00,0.01
386.00,-57.68,8.28,2.78,4.21,-0.03,-0.02,-0.02,0.94,2.00,9.76,0.01,-0.00,0.01
386.01,-57.67,8.28,2.78,4.20,-0.03,-0.02,-0.02,0.94,2.01,9.75,0.01,-0.00,0.01
386.03,-57.67,8.27,2.79,4.19,-0.02,-0.02,-0.01,0.94,2.00,9.77,0.00,0.00,0.02
386.04,-57.66,8.26,2.80,4.19,-0.02,-0.02,-0.01,0.95,1.99,9.77,0.00,0.00,0.02
386.06,-57.65,8.26,2.80,4.18,-0.02,-0.02,-0.00,0.97,1.98,9.76,0.00,0.00,0.02
386.07,-57.65,8.26,2.80,4.18,-0.02,-0.02,-0.00,0.98,1.97,9.76,-0.00,0.00,0.02
386.08,-57.63,8.27,2.80,4.18,-0.02,-0.02,0.00,0.98,1.96,9.77,-0.00,0.00,0.02
386.09,-57.63,8.28,2.80,4.17,-0.02,-0.02,0.00,0.97,1.95,9.78,-0.00,0.00,0.02
386.11,-57.62,8.28,2.79,4.17,-0.03,-0.02,0.00,0.98,1.95,9.78,-0.00,0.00,0.02
386.12,-57.62,8.28,2.79,4.17,-0.03,-0.02,0.01,0.98,1.93,9.79,-0.00,0.00,0.02
386.13,-57.62,8.28,2.80,4.17,-0.03,-0.02,0.01,0.98,1.92,9.79,-0.00,0.00,0.02
386.15,-57.62,8.28,2.79,4.17,-0.03,-0.02,0.01,0.97,1.92,9.79,-0.00,0.00,0.02
386.16,-57.62,8.28,2.79,4.17,-0.03,-0.02,0.01,0.97,1.93,9.78,-0.00,0.00,0.01
386.18,-57.62,8.28,2.79,4.18,-0.03,-0.02,0.01,0.96,1.93,9.77,-0.00,0.00,0.01
386.19,-57.63,8.29,2.79,4.18,-0.04,-0.02,0.01,0.95,1.93,9.77,-0.00,0.00,0.01
386.20,-57.63,8.29,2.78,4.18,-0.04,-0.02,0.01,0.95,1.94,9.77,-0.00,0.00,0.01
386.22,-57.63,8.28,2.78,4.18,-0.04,-0.02,0.01,0.96,1.94,9.78,-0.00,0.00,0.01
386.23,-57.63,8.28,2.79,4.19,-0.04,-0.02,0.01,0.95,1.93,9.78,-0.00,0.00,0.01
386.24,-57.63,8.28,2.78,4.19,-0.04,-0.02,0.02,0.95,1.93,9.79,-0.00,0.00,0.01
386.26,-57.63,8.29,2.78,4.19,-0.04,-0.02,0.02,0.94,1.93,9.80,0.00,0.00,0.01
386.27,-57.64,8.31,2.77,4.19,-0.04,-0.02,0.02,0.94,1.91,9.79,0.00,0.00,0.01
386.28,-57.65,8.31,2.76,4.19,-0.04,-0.02,0.02,0.95,1.92,9.79,0.00,0.00,0.01
386.30,-57.66,8.31,2.75,4.19,-0.04,-0.02,0.01,0.94,1.92,9.78,0.00,0.00,0.01
386.31,-57.66,8.31,2.75,4.19,-0.04,-0.02,0.01,0.95,1.93,9.78,0.00,0.00,0.01
386.32,-57.67,8.31,2.76,4.19,-0.03,-0.02,0.01,0.95,1.93,9.77,0.00,0.00,0.01
386.33,-57.67,8.30,2.75,4.20,-0.03,-0.02,0.01,0.96,1.93,9.77,0.00,0.00,0.01
386.35,-57.66,8.29,2.75,4.20,-0.03,-0.02,0.01,0.95,1.93,9.78,0.00,0.00,0.01
386.36,-57.66,8.29,2.76,4.19,-0.03,-0.02,0.01,0.95,1.93,9.78,0.00,0.00,0.01
386.37,-57.66,8.30,2.75,4.19,-0.03,-0.02,0.01,0.96,1.92,9.78,0.00,0.00,0.01
386.38,-57.66,8.31,2.73,4.18,-0.03,-0.02,0.00,0.96,1.91,9.77,0.00,0.00,0.01
386.40,-57.67,8.31,2.74,4.17,-0.03,-0.02,-0.00,0.97,1.91,9.77,0.00,0.00,0.01
386.41,-57.67,8.32,2.75,4.17,-0.03,-0.02,-0.00,0.97,1.90,9.78,0.00,0.00,0.01
386.42,-57.68,8.32,2.74,4.16,-0.03,-0.02,-0.00,0.97,1.90,9.78,0.01,0.00,0.00
386.44,-57.68,8.30,2.76,4.17,-0.03,-0.02,-0.01,0.97,1.91,9.78,0.01,0.00,0.00
386.46,-57.68,8.29,2.76,4.17,-0.03,-0.02,-0.01,0.97,1.92,9.78,0.01,0.00,0.00
386.47,-57.67,8.29,2.77,4.18,-0.03,-0.02,-0.01,0.97,1.93,9.78,0.01,0.00,0.00
386.48,-57.67,8.29,2.77,4.17,-0.03,-0.02,-0.01,0.97,1.93,9.78,0.01,0.00,0.00
386.49,-57.66,8.29,2.77,4