=~=~=~=~=~=~=~=~=~=~=~= PuTTY log 2024.05.21 14:08:47 =~=~=~=~=~=~=~=~=~=~=~=
452.95,-71.46,8.67,1.19,4.05,-0.04,-0.02,0.00,-1.13,0.52,10.00,0.01,-0.00,0.00
452.97,-71.46,8.68,1.18,4.05,-0.04,-0.02,0.00,-1.13,0.51,10.02,0.01,0.00,0.00
452.99,-71.46,8.68,1.18,4.06,-0.04,-0.02,0.00,-1.14,0.51,10.01,0.01,0.00,0.00
453.01,-71.46,8.68,1.18,4.07,-0.04,-0.02,0.00,-1.15,0.51,10.01,0.01,0.00,0.00
453.02,-71.46,8.68,1.18,4.07,-0.04,-0.02,-0.00,-1.15,0.51,9.99,0.01,0.00,0.00
453.03,-71.46,8.68,1.18,4.06,-0.04,-0.02,-0.00,-1.14,0.51,9.99,0.01,0.00,0.00
453.05,-71.46,8.68,1.19,4.05,-0.04,-0.02,-0.00,-1.15,0.50,10.00,0.01,0.00,0.00
453.06,-71.46,8.69,1.19,4.05,-0.04,-0.02,-0.00,-1.13,0.51,10.00,0.01,0.00,0.00
453.07,-71.47,8.69,1.18,4.05,-0.04,-0.02,-0.00,-1.13,0.51,9.99,0.01,0.00,0.00
453.09,-71.47,8.68,1.18,4.05,-0.04,-0.02,-0.00,-1.13,0.51,9.99,0.01,0.00,0.00
453.12,-71.47,8.68,1.18,4.05,-0.04,-0.02,-0.00,-1.11,0.51,10.00,0.01,0.00,0.00
453.13,-71.47,8.68,1.19,4.06,-0.04,-0.02,-0.00,-1.12,0.52,9.99,0.01,0.00,0.00
453.14,-71.47,8.69,1.20,4.06,-0.04,-0.02,-0.00,-1.13,0.51,10.00,0.01,0.00,0.00
453.16,-71.47,8.68,1.19,4.06,-0.04,-0.02,-0.00,-1.13,0.50,10.00,0.01,0.00,0.00
453.17,-71.46,8.68,1.19,4.06,-0.04,-0.02,-0.00,-1.14,0.51,9.98,0.00,0.00,0.00
453.19,-71.46,8.68,1.19,4.06,-0.04,-0.02,-0.00,-1.14,0.51,9.98,0.01,0.00,0.00
453.20,-71.46,8.68,1.19,4.06,-0.04,-0.02,-0.00,-1.14,0.51,9.98,0.01,0.00,0.00
453.21,-71.46,8.68,1.18,4.07,-0.04,-0.02,-0.00,-1.13,0.51,9.99,0.01,0.00,0.00
453.22,-71.46,8.68,1.18,4.06,-0.04,-0.02,-0.00,-1.13,0.51,9.98,0.01,0.00,0.00
453.24,-71.46,8.69,1.19,4.05,-0.04,-0.02,-0.00,-1.14,0.51,9.98,0.01,0.00,0.00
453.25,-71.47,8.69,1.19,4.03,-0.04,-0.02,0.00,-1.13,0.51,9.98,0.01,0.00,0.00
453.26,-71.48,8.69,1.19,4.04,-0.04,-0.02,0.00,-1.14,0.51,9.99,0.00,0.00,0.00
453.28,-71.49,8.69,1.18,4.04,-0.04,-0.02,0.00,-1.14,0.52,9.99,0.00,0.00,0.00
453.29,-71.50,8.69,1.19,4.04,-0.04,-0.02,0.00,-1.13,0.51,10.00,0.00,0.00,0.00
453.30,-71.51,8.69,1.19,4.03,-0.04,-0.02,0.00,-1.13,0.50,9.99,0.01,0.00,0.00
453.32,-71.51,8.69,1.19,4.04,-0.04,-0.02,0.00,-1.13,0.50,9.98,0.00,0.00,0.00
453.33,-71.51,8.68,1.19,4.04,-0.04,-0.02,0.00,-1.13,0.50,9.99,0.00,0.00,0.00
453.35,-71.52,8.69,1.18,4.05,-0.04,-0.02,0.00,-1.13,0.50,10.00,0.01,0.00,0.00
453.36,-71.52,8.69,1.18,4.05,-0.04,-0.02,0.00,-1.13,0.51,9.99,0.01,0.00,0.00
453.37,-71.52,8.69,1.19,4.05,-0.04,-0.02,0.00,-1.14,0.50,9.99,0.01,0.00,0.01
453.38,-71.52,8.69,1.18,4.06,-0.04,-0.02,0.00,-1.15,0.50,9.99,0.00,0.00,0.00
453.39,-71.52,8.68,1.18,4.07,-0.04,-0.02,0.00,-1.15,0.51,9.98,0.00,0.00,0.00
453.41,-71.52,8.69,1.17,4.06,-0.04,-0.02,0.00,-1.15,0.51,9.98,0.00,0.00,0.00
453.43,-71.52,8.68,1.18,4.06,-0.04,-0.02,0.00,-1.13,0.51,9.99,0.00,0.00,0.00
453.44,-71.52,8.69,1.18,4.05,-0.04,-0.02,0.00,-1.14,0.51,10.00,0.00,0.00,0.01
453.45,-71.52,8.69,1.17,4.04,-0.04,-0.02,0.00,-1.15,0.50,9.99,0.00,0.00,0.00
453.46,-71.53,8.70,1.17,4.04,-0.04,-0.02,0.00,-1.13,0.51,9.98,0.00,0.00,0.00
453.47,-71.54,8.70,1.17,4.05,-0.04,-0.02,0.00,-1.13,0.50,9.98,0.00,0.00,0.00
453.49,-71.54,8.70,1.17,4.04,-0.04,-0.02,-0.00,-1.14,0.50,9.98,0.00,0.00,0.00
453.50,-71.54,8.70,1.18,4.04,-0.04,-0.02,-0.00,-1.13,0.50,9.98,0.00,0.00,0.00
453.51,-71.54,8.69,1.18,4.04,-0.04,-0.02,-0.00,-1.12,0.49,9.99,0.00,0.00,0.00
453.52,-71.55,8.70,1.17,4.03,-0.04,-0.02,-0.00,-1.12,0.50,10.00,0.00,0.00,0.00
453.54,-71.55,8.70,1.17,4.04,-0.04,-0.02,-0.00,-1.13,0.50,10.01,0.01,0.00,0.00
453.55,-71.55,8.70,1.17,4.04,-0.04,-0.02,-0.00,-1.13,0.50,10.00,0.01,0.00,0.00
453.56,-71.54,8.69,1.18,4.05,-0.04,-0.02,-0.00,-1.13,0.51,10.01,0.01,0.00,0.00
453.57,-71.54,8.69,1.18,4.05,-0.04,-0.02,-0.00,-1.13,0.51,10.00,0.01,0.00,0.00
453.58,-71.54,8.68,1.17,4.06,-0.04,-0.02,-0.00,-1.14,0.51,10.00,0.01,0.00,0.00
453.60,-71.53,8.68,1.18,4.07,-0.04,-0.02,-0.00,-1.16,0.51,9.99,0.01,0.00,0.00
453.61,-71.53,8.68,1.18,4.06,-0.04,-0.02,-0.00,-1.16,0.52,9.98,0.01,0.00,0.00
453.62,-71.53,8.68,1.19,4.07,-0.04,-0.02,-0.00,-1.15,0.52,9.98,0.01,0.00,0.00
453.63,-71.53,8.68,1.19,4.05,-0.04,-0.02,-0.00,-1.14,0.51,9.99,0.01,0.00,0.00
453.64,-71.53,8.68,1.19,4.06,-0.04,-0.02,-0.00,-1.14,0.51,9.99,0.00,0.00,0.00
453.66,-71.53,8.69,1.19,4.05,-0.04,-0.02,-0.00,-1.14,0.51,10.00,0.00,0.00,0.00
453.67,-71.53,8.70,1.19,4.05,-0.04,-0.02,-0.00,-1.13,0.51,10.01,0.01,0.00,0.00
453.68,-71.53,8.70,1.19,4.04,-0.04,-0.02,-0.00,-1.13,0.50,9.99,0.01,0.00,0.00
453.70,-71.52,8.69,1.19,4.04,-0.04,-0.02,-0.00,-1.11,0.49,10.00,0.01,0.00,0.00
453.71,-71.52,8.69,1.19,4.03,-0.04,-0.02,-0.00,-1.12,0.49,9.99,0.01,0.00,0.00
453.73,-71.52,8.69,1.19,4.04,-0.04,-0.02,-0.00,-1.13,0.50,9.99,0.01,-0.00,-0.00
453.74,-71.52,8.69,1.20,4.04,-0.04,-0.02,-0.00,-1.14,0.51,10.00,0.01,-0.00,-0.00
453.76,-71.52,8.70,1.18,4.05,-0.04,-0.02,-0.00,-1.15,0.51,10.00,0.01,-0.00,0.00
453.78,-71.52,8.70,1.18,4.06,-0.04,-0.02,0.00,-1.14,0.52,10.00,0.01,0.00,0.00
453.79,-71.52,8.68,1.18,4.07,-0.04,-0.02,-0.00,-1.14,0.52,9.99,0.01,0.00,0.00
453.81,-71.52,8.68,1.18,4.07,-0.04,-0.02,-0.00,-1.13,0.52,10.00,0.01,0.00,0.00
453.82,-71.51,8.68,1.19,4.07,-0.04,-0.02,-0.00,-1.14,0.52,9.99,0.01,0.00,0.00
453.83,-71.50,8.68,1.18,4.07,-0.04,-0.02,-0.00,-1.14,0.51,9.99,0.01,0.00,0.00
453.85,-71.50,8.68,1.18,4.06,-0.04,-0.02,-0.00,-1.14,0.52,9.99,0.01,0.00,0.00
453.86,-71.50,8.68,1.18,4.06,-0.04,-0.02,-0.00,-1.13,0.52,9.99,0.01,0.00,0.00
453.88,-71.50,8.69,1.18,4.06,-0.04,-0.02,0.00,-1.13,0.52,9.99,0.01,0.00,0.00
453.89,-71.50,8.69,1.18,4.05,-0.04,-0.02,0.00,-1.14,0.51,9.99,0.01,0.00,0.00
453.91,-71.50,8.69,1.19,4.05,-0.04,-0.02,0.00,-1.13,0.52,9.98,0.01,0.00,0.00
453.92,-71.50,8.69,1.18,4.05,-0.04,-0.02,-0.00,-1.14,0.51,9.98,0.01,0.00,0.00
453.93,-71.51,8.69,1.19,4.04,-0.04,-0.02,-0.00,-1.13,0.52,9.98,0.01,0.00,0.00
453.95,-71.51,8.69,1.19,4.04,-0.04,-0.02,-0.00,-1.13,0.52,10.01,0.01,0.00,0.00
453.96,-71.51,8.69,1.20,4.05,-0.04,-0.02,-0.00,-1.13,0.52,10.00,0.01,0.00,0.00
453.98,-71.51,8.69,1.19,4.05,-0.04,-0.02,-0.00,-1.12,0.52,10.00,0.01,0.00,0.00
453.99,-71.50,8.68,1.19,4.04,-0.04,-0.02,-0.00,-1.12,0.51,9.99,0.01,0.00,0.00
454.00,-71.50,8.68,1.19,4.06,-0.04,-0.02,0.00,-1.12,0.51,10.00,0.01,0.00,0.00
454.01,-71.50,8.69,1.18,4.06,-0.04,-0.02,0.00,-1.13,0.51,10.00,0.01,0.00,0.00
454.03,-71.50,8.69,1.18,4.06,-0.04,-0.02,0.00,-1.13,0.51,10.00,0.01,0.00,0.00
454.04,-71.49,8.68,1.17,4.06,-0.04,-0.02,0.00,-1.13,0.52,10.01,0.01,0.00,0.00
454.05,-71.49,8.68,1.18,4.07,-0.04,-0.02,0.00,-1.13,0.51,10.01,0.01,0.00,0.00
454.06,-71.49,8.69,1.18,4.06,-0.04,-0.03,0.00,-1.14,0.51,10.01,0.01,0.00,0.00
454.07,-71.49,8.69,1.18,4.06,-0.04,-0.03,0.00,-1.14,0.51,10.02,0.01,0.00,0.00
454.09,-71.50,8.69,1.17,4.05,-0.04,-0.03,0.00,-1.15,0.51,10.01,0.01,0.00,0.00
454.10,-71.51,8.70,1.18,4.05,-0.04,-0.03,-0.00,-1.14,0.51,10.01,0.01,-0.00,0.00
454.12,-71.52,8.70,1.18,4.05,-0.04,-0.03,-0.00,-1.14,0.50,10.01,0.01,-0.00,0.00
454.13,-71.53,8.70,1.18,4.04,-0.04,-0.03,-0.00,-1.13,0.51,10.00,0.01,-0.00,-0.00
454.15,-71.54,8.69,1.18,4.03,-0.04,-0.03,-0.01,-1.13,0.51,9.99,0.01,-0.00,-0.01
454.17,-71.55,8.69,1.18,4.03,-0.04,-0.03,-0.01,-1.13,0.52,9.98,0.01,-0.00,-0.01
454.18,-71.55,8.69,1.19,4.04,-0.04,-0.03,-0.01,-1.12,0.52,9.97,0.01,-0.00,-0.01
454.20,-71.56,8.68,1.20,4.04,-0.04,-0.03,-0.01,-1.13,0.53,9.96,0.01,-0.00,-0.01
454.22,-71.56,8.68,1.19,4.04,-0.04,-0.03,-0.01,-1.14,0.53,9.97,0.01,0.00,-0.01
454.23,-71.56,8.69,1.19,4.04,-0.04,-0.03,-0.01,-1.14,0.54,9.97,0.01,-0.00,-0.01
454.25,-71.57,8.69,1.19,4.04,-0.04,-0.03,-0.00,-1.14,0.53,9.95,0.01,-0.00,-0.01
454.27,-71.58,8.69,1.19,4.04,-0.04,-0.03,-0.00,-1.14,0.53,9.95,0.01,-0.00,-0.01
454.29,-71.59,8.68,1.19,4.03,-0.04,-0.03,-0.00,-1.14,0.52,9.95,0.00,-0.00,-0.01
454.31,-71.59,8.69,1.19,4.04,-0.04,-0.03,-0.00,-1.14,0.53,9.98,0.00,0.00,-0.01
454.33,-71.60,8.69,1.20,4.03,-0.04,-0.03,-0.00,-1.15,0.52,9.97,0.00,0.00,-0.01
454.34,-71.61,8.68,1.19,4.02,-0.04,-0.03,-0.00,-1.14,0.53,9.99,0.00,0.00,-0.01
454.36,-71.62,8.68,1.19,4.03,-0.04,-0.03,-0.00,-1.15,0.53,9.99,0.00,0.00,-0.01
454.37,-71.62,8.69,1.19,4.04,-0.04,-0.03,-0.00,-1.15,0.54,9.99,0.00,0.00,-0.01
454.39,-71.63,8.69,1.19,4.03,-0.04,-0.03,-0.00,-1.13,0.53,10.00,0.00,0.00,-0.01
454.40,-71.63,8.69,1.19,4.03,-0.04,-0.03,-0.00,-1.12,0.53,10.00,0.00,0.00,-0.01
454.42,-71.63,8.69,1.19,4.03,-0.04,-0.03,-0.00,-1.13,0.52,10.00,0.00,0.00,-0.01
454.43,-71.63,8.69,1.18,4.03,-0.04,-0.03,-0.00,-1.12,0.52,10.00,0.01,0.00,-0.01
454.44,-71.62,8.70,1.18,4.04,-0.04,-0.03,-0.00,-1.12,0.52,9.99,0.01,-0.00,-0.01
454.46,-71.62,8.70,1.19,4.03,-0.04,-0.03,-0.00,-1.13,0.52,9.99,0.01,-0.00,-0.01
454.48,-71.63,8.69,1.20,4.02,-0.04,-0.02,-0.00,-1.13,0.52,9.98,0.01,-0.00,-0.00
454.49,-71.64,8.69,1.20,4.02,-0.04,-0.02,-0.00,-1.14,0.51,9.98,0.01,-0.00,-0.00
454.51,-71.63,8.68,1.19,4.04,-0.04,-0.02,-0.00,-1.13,0.50,9.98,0.01,-0.00,-0.00
454.53,-71.63,8.68,1.18,4.04,-0.04,-0.02,0.00,-1.13,0.51,10.00,0.01,-0.00,-0.00
454.54,-71.63,8.68,1.18,4.04,-0.04,-0.02,0.00,-1.15,0.52,9.99,0.01,-0.00,-0.00
454.56,-71.62,8.68,1.19,4.04,-0.04,-0.02,0.00,-1.13,0.52,9.98,0.01,-0.00,-0.00
454.57,-71.62,8.69,1.19,4.03,-0.04,-0.02,-0.00,-1.13,0.51,9.99,0.01,0.00,-0.00
454.58,-71.63,8.69,1.19,4.03,-0.04,-0.03,-0.00,-1.13,0.51,9.99,0.01,0.00,-0.00
454.59,-71.63,8.69,1.20,4.03,-0.04,-0.03,-0.00,-1.14,0.52,9.97,0.01,0.00,-0.00
454.61,-71.63,8.69,1.20,4.02,-0.04,-0.03,-0.00,-1.13,0.51,9.99,0.01,0.00,-0.00
454.62,-71.64,8.68,1.19,4.02,-0.04,-0.02,-0.00,-1.13,0.51,9.99,0.01,0.00,-0.00
454.63,-71.64,8.69,1.19,4.03,-0.04,-0.02,-0.00,-1.13,0.51,9.99,0.01,0.00,-0.00
454.65,-71.64,8.69,1.19,4.03,-0.04,-0.02,-0.00,-1.12,0.51,9.99,0.01,0.00,-0.00
454.66,-71.64,8.70,1.19,4.03,-0.04,-0.02,-0.00,-1.12,0.52,9.98,0.01,0.00,-0.00
454.67,-71.64,8.70,1.20,4.03,-0.04,-0.02,-0.00,-1.13,0.52,9.98,0.01,0.00,0.00
454.69,-71.64,8.70,1.20,4.03,-0.04,-0.02,-0.00,-1.12,0.53,9.97,0.01,0.00,0.00
454.70,-71.64,8.70,1.20,4.02,-0.04,-0.02,-0.00,-1.12,0.53,9.98,0.01,0.00,0.00
454.71,-71.65,8.70,1.20,4.02,-0.04,-0.02,-0.00,-1.13,0.52,9.98,0.01,0.00,0.00
454.73,-71.65,8.69,1.20,4.03,-0.04,-0.02,-0.00,-1.13,0.54,9.98,0.01,0.00,0.00
454.75,-71.65,8.69,1.20,4.04,-0.04,-0.02,-0.00,-1.14,0.54,9.98,0.01,0.00,0.00
454.77,-71.65,8.70,1.20,4.04,-0.04,-0.02,-0.00,-1.15,0.53,9.97,0.01,0.00,0.00
454.78,-71.66,8.69,1.20,4.03,-0.04,-0.02,-0.00,-1.14,0.53,9.97,0.01,0.00,0.00
454.79,-71.66,8.69,1.20,4.04,-0.04,-0.02,-0.00,-1.14,0.54,9.97,0.01,0.00,0.00
454.81,-71.66,8.69,1.21,4.03,-0.04,-0.02,-0.00,-1.13,0.53,9.98,0.01,0.00,0.00
454.82,-71.66,8.69,1.21,4.02,-0.04,-0.02,0.00,-1.14,0.53,9.97,0.01,0.00,0.00
454.83,-71.66,8.69,1.21,4.02,-0.04,-0.02,0.00,-1.12,0.54,9.98,0.01,0.00,0.00
454.85,-71.66,8.69,1.20,4.02,-0.04,-0.02,0.00,-1.13,0.53,9.97,0.01,0.00,0.00
454.86,-71.66,8.70,1.20,4.03,-0.04,-0.02,0.00,-1.13,0.53,9.97,0.01,-0.00,0.00
454.87,-71.66,8.69,1.20,4.03,-0.04,-0.02,0.00,-1.12,0.53,9.97,0.01,0.00,0.00
454.88,-71.66,8.70,1.20,4.03,-0.04,-0.02,0.00,-1.13,0.53,9.97,0.01,0.00,0.00
454.90,-71.66,8.70,1.20,4.03,-0.04,-0.02,0.00,-1.13,0.52,9.98,0.01,0.00,0.00
454.91,-71.66,8.70,1.19,4.03,-0.04,-0.02,0.00,-1.14,0.53,9.98,0.01,0.00,0.00
454.92,-71.66,8.70,1.20,4.03,-0.04,-0.02,0.00,-1.14,0.53,10.00,0.01,0.00,0.00
454.93,-71.66,8.70,1.20,4.03,-0.04,-0.02,0.00,-1.14,0.52,10.00,0.01,0.00,0.00
454.95,-71.66,8.70,1.19,4.03,-0.04,-0.02,0.00,-1.13,0.53,10.00,0.01,0.00,0.00
454.96,-71.66,8.69,1.19,4.03,-0.04,-0.02,0.00,-1.13,0.53,10.00,0.01,0.00,0.00
454.98,-71.66,8.69,1.19,4.03,-0.04,-0.02,0.00,-1.14,0.53,10.00,0.01,0.00,0.00
454.99,-71.66,8.71,1.19,4.04,-0.04,-0.02,0.00,-1.13,0.53,10.00,0.01,0.00,0.00
455.00,-71.65,8.70,1.18,4.03,-0.04,-0.02,-0.00,-1.13,0.53,9.99,0.01,0.00,0.00
455.02,-71.65,8.70,1.18,4.03,-0.04,-0.02,-0.00,-1.13,0.53,10.00,0.01,0.00,0.00
455.03,-71.65,8.70,1.19,4.04,-0.04,-0.02,-0.00,-1.13,0.52,10.00,0.01,-0.00,0.00
455.04,-71.65,8.70,1.18,4.04,-0.04,-0.02,-0.00,-1.15,0.52,10.01,0.01,-0.00,0.00
455.06,-71.65,8.70,1.19,4.03,-0.04,-0.02,-0.00,-1.13,0.53,10.01,0.01,-0.00,0.00
455.08,-71.65,8.69,1.19,4.03,-0.04,-0.02,-0.00,-1.14,0.52,10.00,0.01,-0.00,0.00
455.09,-71.65,8.69,1.19,4.03,-0.04,-0.02,-0.00,-1.14,0.52,9.99,0.01,-0.00,0.00
455.10,-71.66,8.69,1.19,4.03,-0.04,-0.02,-0.00,-1.14,0.53,9.99,0.01,-0.00,0.00
455.12,-71.67,8.68,1.20,4.01,-0.04,-0.02,-0.00,-1.14,0.53,9.99,0.01,0.00,0.01
455.14,-71.67,8.69,1.20,4.02,-0.03,-0.02,-0.00,-1.13,0.54,9.99,0.01,0.00,0.01
455.15,-71.67,8.69,1.19,4.02,-0.03,-0.02,0.00,-1.12,0.54,9.99,0.01,0.00,0.01
455.16,-71.67,8.69,1.18,4.01,-0.04,-0.02,0.00,-1.12,0.54,9.99,0.01,-0.00,0.01
455.18,-71.66,8.69,1.19,4.01,-0.04,-0.02,0.00,-1.13,0.52,10.00,0.01,-0.00,0.01
455.20,-71.66,8.70,1.19,4.02,-0.04,-0.02,0.00,-1.13,0.53,10.01,0.01,-0.00,0.00
455.21,-71.66,8.69,1.20,4.02,-0.04,-0.02,0.00,-1.13,0.53,10.00,0.01,-0.00,0.00
455.22,-71.66,8.70,1.21,4.02,-0.04,-0.02,0.00,-1.13,0.53,10.00,0.01,-0.00,0.00
455.24,-71.66,8.70,1.21,4.03,-0.04,-0.02,0.00,-1.13,0.53,9.99,0.01,-0.00,0.00
455.25,-71.66,8.70,1.20,4.02,-0.04,-0.02,0.00,-1.13,0.54,9.99,0.01,-0.00,0.00
455.26,-71.66,8.70,1.19,4.03,-0.04,-0.02,0.00,-1.14,0.54,10.00,0.01,-0.00,0.00
455.28,-71.66,8.70,1.19,4.03,-0.04,-0.02,0.00,-1.14,0.55,10.01,0.01,-0.00,0.00
455.29,-71.67,8.70,1.19,4.03,-0.04,-0.02,0.00,-1.15,0.54,9.99,0.01,-0.00,0.00
455.30,-71.67,8.69,1.19,4.04,-0.04,-0.02,0.00,-1.14,0.54,10.00,0.01,-0.00,0.00
455.33,-71.66,8.69,1.19,4.03,-0.04,-0.02,0.00,-1.14,0.54,9.98,0.01,-0.00,0.00
455.34,-71.66,8.69,1.19,4.02,-0.04,-0.02,0.00,-1.14,0.54,9.99,0.01,-0.00,0.00
455.36,-71.67,8.69,1.19,4.02,-0.04,-0.02,0.00,-1.13,0.55,9.99,0.01,-0.00,0.00
455.37,-71.67,8.70,1.19,4.02,-0.04,-0.02,-0.00,-1.14,0.53,9.98,0.01,-0.00,0.00
455.38,-71.67,8.70,1.19,4.02,-0.04,-0.02,-0.00,-1.12,0.55,9.99,0.01,-0.00,0.00
455.41,-71.67,8.70,1.19,4.02,-0.04,-0.02,-0.00,-1.12,0.54,9.99,0.01,-0.00,0.00
455.43,-71.65,8.69,1.19,4.03,-0.04,-0.02,0.00,-1.12,0.55,9.99,0.01,-0.00,0.00
455.44,-71.65,8.69,1.20,4.02,-0.04,-0.02,0.00,-1.12,0.55,9.99,0.01,-0.00,0.00
455.45,-71.65,8.70,1.20,4.01,-0.04,-0.02,0.00,-1.11,0.55,10.00,0.01,-0.00,0.00
455.48,-71.65,8.70,1.19,4.02,-0.04,-0.02,0.00,-1.13,0.54,10.00,0.01,-0.00,0.00
455.49,-71.64,8.70,1.20,4.02,-0.04,-0.02,0.00,-1.12,0.54,10.00,0.01,-0.00,0.00
455.50,-71.64,8.69,1.20,4.02,-0.04,-0.02,0.00,-1.12,0.54,10.00,0.01,-0.01,-0.00
455.52,-71.63,8.67,1.20,4.04,-0.04,-0.02,0.01,-1.13,0.53,10.00,0.01,-0.01,-0.01
455.53,-71.62,8.68,1.19,4.03,-0.04,-0.03,0.01,-1.12,0.52,10.01,0.02,-0.01,-0.02
455.54,-71.59,8.68,1.16,4.04,-0.03,-0.03,0.02,-1.12,0.53,10.05,0.02,-0.02,-0.03
455.56,-71.57,8.69,1.15,4.05,-0.03,-0.03,0.03,-1.10,0.53,10.10,0.03,-0.02,-0.03
455.57,-71.55,8.70,1.15,4.05,-0.03,-0.04,0.03,-1.05,0.53,10.15,0.03,-0.02,-0.04
455.58,-71.49,8.71,1.13,4.03,-0.02,-0.05,0.03,-1.03,0.53,10.20,0.05,-0.03,-0.05
455.60,-71.47,8.70,1.13,4.03,-0.02,-0.06,0.02,-1.04,0.50,10.25,0.07,-0.04,-0.08
455.62,-71.40,8.69,1.15,4.00,-0.04,-0.08,0.00,-1.05,0.42,10.32,0.11,-0.06,-0.12
455.63,-71.37,8.68,1.14,3.98,-0.05,-0.09,0.00,-1.02,0.39,10.38,0.14,-0.08,-0.14
455.65,-71.36,8.69,1.13,3.99,-0.06,-0.11,-0.00,-1.01,0.43,10.43,0.16,-0.10,-0.17
455.66,-71.29,8.74,1.15,3.97,-0.08,-0.13,-0.01,-0.97,0.53,10.49,0.19,-0.12,-0.19
455.68,-71.25,8.75,1.15,3.95,-0.10,-0.16,-0.02,-0.96,0.62,10.50,0.21,-0.14,-0.19
455.69,-71.21,8.80,1.10,3.96,-0.11,-0.18,-0.03,-0.94,0.71,10.44,0.22,-0.17,-0.18
455.71,-71.17,8.87,1.08,3.95,-0.11,-0.20,-0.04,-0.92,0.77,10.28,0.24,-0.21,-0.16
455.73,-71.18,8.87,1.12,3.89,-0.10,-0.20,-0.05,-0.90,0.77,10.09,0.25,-0.23,-0.15
455.74,-71.10,8.85,1.13,3.83,-0.09,-0.20,-0.06,-0.85,0.73,9.88,0.24,-0.25,-0.15
455.76,-71.10,8.81,1.12,3.78,-0.09,-0.19,-0.08,-0.84,0.65,9.77,0.24,-0.27,-0.15
455.77,-71.06,8.79,1.12,3.74,-0.10,-0.18,-0.12,-0.84,0.56,9.72,0.22,-0.27,-0.17
455.79,-70.97,8.82,1.12,3.74,-0.11,-0.17,-0.16,-0.79,0.57,9.76,0.20,-0.28,-0.19
455.81,-70.90,8.88,1.11,3.75,-0.13,-0.17,-0.20,-0.79,0.67,9.90,0.17,-0.27,-0.19
455.82,-70.87,8.89,1.11,3.78,-0.14,-0.17,-0.22,-0.82,0.77,9.99,0.15,-0.26,-0.17
455.84,-70.87,8.87,1.19,3.83,-0.13,-0.18,-0.24,-0.89,0.95,10.03,0.12,-0.24,-0.16
455.85,-70.86,8.84,1.23,3.85,-0.12,-0.18,-0.23,-0.90,1.05,10.01,0.10,-0.23,-0.16
455.86,-70.86,8.81,1.29,3.86,-0.11,-0.18,-0.22,-0.93,1.12,9.98,0.09,-0.22,-0.16
455.87,-70.88,8.77,1.37,3.85,-0.10,-0.19,-0.21,-0.97,1.16,9.93,0.07,-0.21,-0.17
455.89,-70.99,8.73,1.45,3.80,-0.08,-0.19,-0.19,-1.00,1.16,9.82,0.05,-0.17,-0.16
455.92,-71.22,8.68,1.53,3.73,-0.06,-0.18,-0.16,-1.07,1.08,9.61,0.01,-0.12,-0.14
455.94,-71.45,8.65,1.59,3.66,-0.05,-0.16,-0.13,-1.06,0.99,9.49,-0.02,-0.08,-0.14
455.95,-71.60,8.64,1.61,3.62,-0.05,-0.14,-0.12,-1.04,0.95,9.42,-0.03,-0.02,-0.13
455.98,-72.03,8.67,1.60,3.56,-0.06,-0.10,-0.09,-1.00,0.89,9.35,-0.06,0.01,-0.13
456.00,-72.30,8.69,1.58,3.54,-0.06,-0.07,-0.08,-0.99,0.86,9.37,-0.07,0.05,-0.13
456.01,-72.48,8.70,1.59,3.53,-0.05,-0.04,-0.09,-0.96,0.88,9.41,-0.08,0.09,-0.11
456.02,-72.68,8.70,1.63,3.48,-0.05,-0.03,-0.09,-0.90,0.90,9.45,-0.09,0.11,-0.10
456.04,-72.87,8.70,1.66,3.44,-0.05,-0.01,-0.06,-0.83,0.93,9.63,-0.11,0.18,-0.08
456.07,-73.25,8.79,1.63,3.51,-0.08,-0.00,0.02,-0.66,1.04,10.17,-0.14,0.21,-0.10
456.09,-73.30,8.82,1.58,3.56,-0.09,-0.01,0.03,-0.63,1.01,10.28,-0.14,0.23,-0.12
456.10,-73.37,8.84,1.55,3.60,-0.09,-0.02,0.04,-0.63,1.02,10.32,-0.14,0.24,-0.14
456.11,-73.50,8.83,1.53,3.63,-0.09,-0.04,0.06,-0.68,0.95,10.21,-0.14,0.26,-0.17
456.13,-73.58,8.85,1.57,3.61,-0.08,-0.05,0.06,-0.72,0.90,10.09,-0.14,0.26,-0.17
456.14,-73.80,8.79,1.58,3.50,-0.08,-0.05,0.08,-0.78,0.83,9.93,-0.15,0.25,-0.16
456.16,-73.95,8.82,1.59,3.44,-0.09,-0.05,0.10,-0.76,0.82,9.89,-0.15,0.24,-0.16
456.17,-74.24,8.84,1.50,3.33,-0.12,-0.04,0.14,-0.63,0.71,9.93,-0.16,0.23,-0.16
456.20,-74.39,8.90,1.46,3.29,-0.16,-0.01,0.13,-0.44,0.55,9.87,-0.15,0.20,-0.19
456.23,-74.40,8.91,1.42,3.28,-0.18,0.01,0.13,-0.34,0.51,9.81,-0.14,0.19,-0.21
456.24,-74.28,8.90,1.38,3.27,-0.21,0.05,0.12,-0.23,0.47,9.65,-0.14,0.18,-0.23
456.26,-74.20,8.89,1.38,3.24,-0.22,0.08,0.10,-0.20,0.39,9.53,-0.14,0.17,-0.25
456.27,-74.03,8.87,1.35,3.23,-0.24,0.12,0.08,-0.23,0.28,9.40,-0.14,0.15,-0.27
456.28,-73.78,8.85,1.30,3.20,-0.26,0.19,0.04,-0.25,0.17,9.18,-0.12,0.13,-0.30
456.30,-73.61,8.86,1.24,3.20,-0.27,0.25,0.01,-0.27,0.14,9.11,-0.11,0.11,-0.29
456.31,-73.29,8.90,1.16,3.18,-0.27,0.31,-0.04,-0.35,0.06,9.48,-0.10,0.10,-0.28
456.33,-73.11,8.95,1.09,3.15,-0.29,0.35,-0.09,-0.41,0.14,10.04,-0.07,0.10,-0.27
456.34,-72.79,9.19,0.78,3.40,-0.32,0.37,-0.19,-0.29,0.20,10.75,-0.06,0.09,-0.26
456.36,-72.31,9.45,0.50,3.70,-0.28,0.39,-0.27,-0.05,0.23,11.05,-0.02,0.05,-0.28
456.37,-71.86,9.63,0.33,3.83,-0.19,0.44,-0.37,0.07,0.35,10.79,0.01,0.01,-0.29
456.39,-70.81,9.71,0.51,3.62,0.00,0.60,-0.60,-0.08,0.51,9.77,0.03,-0.06,-0.28
456.40,-70.38,9.80,0.70,3.35,0.09,0.74,-0.69,-0.28,0.50,9.36,0.02,-0.06,-0.26
456.41,-69.96,9.96,0.83,3.15,0.15,0.89,-0.70,-0.52,0.50,9.29,0.01,-0.03,-0.22
456.43,-69.64,10.08,1.04,3.14,0.16,1.04,-0.64,-0.76,0.44,9.61,0.01,0.03,-0.11
456.44,-69.09,9.84,1.62,3.51,0.07,1.23,-0.37,-0.99,0.59,10.45,0.04,0.13,-0.03
456.46,-68.59,9.57,1.80,3.84,-0.03,1.30,-0.19,-1.01,0.95,10.67,0.05,0.17,0.00
456.47,-68.07,9.17,1.85,4.16,-0.04,1.34,0.06,-1.07,1.09,10.70,0.05,0.20,-0.00
456.48,-67.26,8.93,2.08,4.32,-0.07,1.31,0.34,-1.33,0.96,10.52,0.03,0.25,-0.04
456.50,-66.76,8.85,2.15,4.39,-0.13,1.26,0.58,-1.57,0.77,10.34,0.02,0.30,-0.05
456.51,-66.36,8.76,2.02,4.52,-0.26,1.18,0.90,-1.72,0.51,10.16,0.02,0.36,-0.05
456.53,-66.24,8.70,1.90,4.61,-0.34,1.12,1.04,-1.61,0.42,10.14,0.02,0.41,-0.06
456.55,-65.95,8.62,1.83,4.67,-0.36,1.07,1.10,-1.48,0.41,10.15,0.03,0.46,-0.09
456.56,-65.77,8.74,1.80,4.84,-0.37,1.04,1.11,-1.35,0.48,10.11,0.02,0.51,-0.16
456.57,-65.70,8.85,1.69,5.13,-0.40,1.05,1.10,-1.47,0.52,10.13,0.00,0.57,-0.26
456.58,-65.54,8.73,1.56,5.48,-0.43,1.07,1.09,-1.76,0.50,10.16,0.00,0.62,-0.35
456.60,-65.12,8.29,1.58,6.08,-0.46,1.13,1.06,-2.50,0.48,10.12,0.00,0.66,-0.36
456.61,-65.13,7.89,1.59,6.45,-0.48,1.17,1.00,-2.97,0.56,10.01,0.00,0.66,-0.29
456.62,-64.89,7.45,1.52,6.75,-0.49,1.20,0.94,-3.25,0.66,9.87,-0.00,0.65,-0.21
456.64,-64.30,7.00,1.40,6.98,-0.51,1.23,0.89,-3.28,0.82,9.73,-0.02,0.62,-0.12
456.65,-63.81,6.50,1.15,7.25,-0.50,1.27,0.88,-3.23,0.91,9.71,-0.05,0.58,-0.04
456.66,-62.92,6.30,1.07,7.42,-0.49,1.29,0.89,-3.17,0.95,9.72,-0.08,0.55,-0.01
456.68,-62.32,6.31,1.05,7.52,-0.49,1.31,0.87,-3.11,0.92,9.75,-0.11,0.52,0.00
456.69,-61.40,6.45,0.92,7.60,-0.51,1.35,0.84,-3.09,0.84,9.81,-0.13,0.49,-0.01
456.70,-60.43,6.57,0.61,7.78,-0.54,1.40,0.77,-3.18,0.70,9.85,-0.13,0.46,-0.06
456.72,-59.39,6.59,0.21,8.09,-0.55,1.48,0.64,-3.40,0.56,9.80,-0.14,0.42,-0.08
456.73,-58.46,6.51,-0.01,8.35,-0.52,1.54,0.54,-3.59,0.45,9.77,-0.15,0.39,-0.07
456.74,-57.77,6.36,-0.24,8.58,-0.49,1.60,0.45,-3.73,0.37,9.76,-0.16,0.36,-0.05
456.76,-55.79,6.10,-0.49,8.81,-0.42,1.73,0.29,-3.70,0.31,9.78,-0.17,0.30,0.04
456.79,-54.04,5.75,-0.46,8.73,-0.39,1.85,0.21,-3.63,0.31,9.79,-0.15,0.24,0.08
456.80,-52.60,5.41,-0.37,8.52,-0.39,1.92,0.19,-3.51,0.39,9.68,-0.14,0.22,0.11
456.82,-51.35,5.04,-0.31,8.30,-0.40,1.96,0.19,-3.43,0.38,9.58,-0.14,0.22,0.13
456.83,-49.52,4.38,-0.37,8.05,-0.43,1.96,0.21,-3.25,0.37,9.55,-0.14,0.21,0.15
456.85,-47.45,3.83,-0.67,7.83,-0.43,1.92,0.26,-3.02,0.21,9.59,-0.12,0.19,0.18
456.86,-45.65,3.49,-0.90,7.63,-0.42,1.87,0.33,-2.78,0.06,9.56,-0.10,0.15,0.20
456.88,-44.21,3.43,-0.96,7.72,-0.44,1.83,0.38,-2.54,0.03,9.58,-0.09,0.11,0.20
456.89,-42.69,3.48,-1.17,7.82,-0.46,1.79,0.42,-2.29,0.07,9.59,-0.08,0.09,0.22
456.90,-41.30,3.55,-1.36,7.89,-0.46,1.75,0.43,-2.05,0.01,9.61,-0.07,0.07,0.23
456.92,-38.58,3.67,-1.55,8.03,-0.46,1.67,0.43,-2.17,-0.32,9.85,-0.05,0.08,0.21
456.95,-35.65,3.23,-1.74,8.62,-0.56,1.57,0.43,-2.15,0.09,9.81,-0.00,0.06,0.19
456.97,-34.48,3.10,-1.88,8.79,-0.54,1.54,0.44,-1.90,0.37,9.62,0.00,0.06,0.19
456.99,-32.60,3.29,-1.86,8.72,-0.46,1.46,0.41,-1.54,0.55,9.52,0.00,0.08,0.16
457.00,-31.65,3.54,-1.76,8.68,-0.41,1.40,0.36,-1.36,0.50,9.60,-0.00,0.11,0.12
457.01,-30.67,3.57,-1.78,8.57,-0.39,1.33,0.29,-1.51,0.35,9.76,-0.01,0.13,0.05
457.02,-29.80,3.32,-1.77,8.62,-0.39,1.27,0.16,-1.99,0.10,9.93,-0.01,0.16,-0.04
457.04,-28.91,2.74,-2.18,8.91,-0.46,1.25,0.01,-2.57,-0.05,9.81,-0.01,0.19,-0.10
457.06,-27.70,2.11,-2.64,9.36,-0.50,1.32,-0.01,-2.63,0.12,9.69,-0.01,0.19,-0.10
457.08,-26.15,1.77,-2.65,9.59,-0.40,1.38,0.06,-2.46,0.18,9.84,-0.03,0.19,-0.13
457.10,-24.41,1.68,-2.58,9.46,-0.28,1.38,0.10,-2.52,0.04,9.83,-0.04,0.24,-0.15
457.12,-23.65,1.70,-2.62,9.30,-0.25,1.38,0.09,-2.46,0.00,9.78,-0.04,0.26,-0.17
457.13,-22.92,1.61,-2.75,9.17,-0.21,1.38,0.08,-2.51,-0.04,9.74,-0.05,0.29,-0.19
457.15,-22.28,1.37,-2.82,9.08,-0.18,1.38,0.07,-2.75,-0.03,9.67,-0.05,0.31,-0.20
457.16,-20.91,0.57,-2.69,9.17,-0.12,1.39,0.06,-3.14,0.11,9.54,-0.05,0.34,-0.12
457.19,-19.49,0.02,-2.46,9.41,-0.06,1.34,0.02,-3.13,0.20,9.47,-0.04,0.36,-0.04
457.21,-18.74,-0.13,-2.39,9.43,0.00,1.27,0.01,-3.14,0.17,9.54,-0.03,0.37,0.02
457.22,-17.57,-0.08,-2.24,9.40,0.06,1.20,-0.01,-3.00,0.22,9.85,-0.00,0.40,0.11
457.25,-16.59,-0.05,-2.14,9.29,0.03,1.16,-0.01,-2.44,0.23,10.12,0.02,0.45,0.15
457.26,-15.87,0.01,-2.07,9.34,-0.02,1.15,0.04,-1.93,0.35,10.20,0.01,0.50,0.16
457.27,-15.08,0.20,-1.93,9.45,-0.07,1.12,0.13,-1.57,0.40,10.24,-0.00,0.56,0.14
457.29,-13.57,0.76,-1.62,9.36,-0.19,1.03,0.31,-0.92,0.60,10.04,-0.06,0.71,0.12
457.31,-13.26,0.95,-1.64,9.34,-0.27,0.98,0.34,-0.91,0.60,10.03,-0.09,0.79,0.11
457.32,-12.99,1.06,-1.82,9.44,-0.37,0.92,0.35,-1.15,0.65,10.10,-0.12,0.89,0.11
457.34,-13.02,1.10,-2.00,9.63,-0.42,0.88,0.33,-1.42,0.71,10.21,-0.15,0.97,0.13
457.35,-13.26,1.19,-2.22,10.10,-0.45,0.84,0.29,-1.57,0.86,10.56,-0.18,1.07,0.17
457.37,-13.48,1.38,-2.43,10.65,-0.46,0.82,0.25,-1.36,1.09,11.02,-0.20,1.15,0.18
457.38,-13.80,1.84,-2.64,11.48,-0.40,0.80,0.22,-0.57,1.49,11.82,-0.22,1.27,0.13
457.39,-14.02,2.22,-2.76,11.91,-0.33,0.75,0.19,-0.04,1.81,12.30,-0.22,1.35,0.05
457.41,-14.32,2.51,-2.66,12.05,-0.22,0.62,0.09,0.10,2.04,12.67,-0.24,1.47,-0.09
457.42,-14.82,2.63,-2.38,11.97,-0.15,0.48,-0.05,-0.11,2.15,12.68,-0.23,1.58,-0.20
457.44,-15.95,2.65,-2.23,11.93,-0.08,0.24,-0.30,-0.25,2.39,12.40,-0.25,1.75,-0.22
457.45,-17.06,2.60,-2.50,11.99,0.06,0.04,-0.41,0.08,2.76,12.05,-0.29,1.87,-0.18
457.47,-17.98,2.60,-2.61,11.93,0.26,-0.14,-0.37,0.47,3.15,11.82,-0.34,1.96,-0.14
457.48,-18.95,2.70,-2.46,11.68,0.51,-0.35,-0.24,0.84,3.49,11.68,-0.41,2.05,-0.10
457.49,-20.04,2.91,-2.00,11.19,0.75,-0.58,-0.07,1.19,3.54,11.72,-0.47,2.16,-0.07
457.50,-21.35,3.12,-1.37,10.55,0.97,-0.84,0.09,1.40,3.27,11.88,-0.50,2.25,-0.05
457.52,-23.32,3.25,-0.65,9.72,1.16,-1.19,0.22,0.88,2.85,12.23,-0.54,2.25,-0.08
457.53,-25.19,3.09,-0.17,9.35,1.25,-1.44,0.22,-0.15,2.90,12.43,-0.55,2.17,-0.23
457.54,-29.19,2.24,0.50,10.11,1.22,-1.88,-0.06,-3.36,1.95,12.51,-0.56,1.95,-0.70
457.56,-31.41,1.61,0.45,11.07,1.15,-2.04,-0.38,-5.30,1.02,12.00,-0.54,1.80,-0.92
457.57,-34.27,0.87,-0.05,12.08,1.08,-2.13,-0.70,-6.75,0.07,11.09,-0.53,1.65,-0.91
457.59,-39.60,-0.83,-1.98,13.23,1.13,-2.07,-0.89,-8.83,-2.88,9.49,-0.41,1.27,-0.58
457.61,-41.72,-1.14,-2.35,12.91,1.21,-2.11,-0.75,-9.35,-3.51,8.74,-0.33,1.08,-0.26
457.63,-43.66,-1.25,-2.47,12.35,1.20,-2.12,-0.49,-8.98,-2.96,8.03,-0.33,0.84,0.10
457.64,-45.80,-0.87,-2.51,11.94,1.11,-2.15,-0.38,-8.45,-2.71,7.35,-0.37,0.48,0.34
457.65,-47.36,-0.43,-2.48,11.67,0.99,-2.19,-0.38,-8.25,-2.96,6.94,-0.32,0.14,0.31
457.67,-48.55,-0.40,-2.52,11.48,0.86,-2.21,-0.46,-8.28,-3.22,6.58,-0.14,-0.23,0.14
457.68,-50.01,-0.50,-2.65,11.34,0.70,-2.26,-0.54,-8.46,-3.50,6.13,0.14,-0.73,-0.17
457.69,-51.06,-0.49,-2.65,11.29,0.58,-2.27,-0.60,-8.65,-3.70,5.84,0.37,-1.14,-0.41
457.70,-51.63,-0.81,-2.55,11.08,0.48,-2.32,-0.71,-8.69,-3.94,5.59,0.59,-1.52,-0.62
457.72,-52.16,-0.87,-2.14,10.82,0.36,-2.36,-0.84,-8.70,-4.20,5.28,0.85,-1.96,-0.84
457.73,-52.35,-1.05,-1.87,10.27,0.20,-2.42,-1.01,-8.78,-4.27,5.00,1.15,-2.39,-0.96
457.75,-52.41,-0.85,-1.87,10.04,0.11,-2.42,-1.04,-8.73,-4.24,4.81,1.33,-2.63,-0.92
457.76,-52.32,-0.65,-1.85,9.84,-0.02,-2.35,-1.01,-8.76,-4.07,4.51,1.48,-2.84,-0.82
457.77,-52.32,-0.40,-1.91,9.64,-0.14,-2.24,-0.95,-8.85,-3.83,4.10,1.60,-3.15,-0.63
457.79,-52.13,-0.27,-1.91,9.13,-0.29,-2.00,-0.83,-8.96,-3.32,3.48,1.75,-3.38,-0.49
457.80,-51.86,-0.29,-1.79,8.69,-0.37,-1.81,-0.74,-8.85,-3.06,3.21,1.86,-3.62,-0.36
457.81,-51.41,-0.38,-1.58,8.27,-0.44,-1.60,-0.67,-8.85,-3.02,3.08,1.98,-3.87,-0.18
457.83,-49.92,-0.60,-1.11,7.61,-0.56,-1.19,-0.67,-9.19,-2.73,2.86,2.16,-4.09,0.17
457.85,-48.89,-0.72,-0.86,7.32,-0.61,-0.93,-0.72,-9.15,-2.26,2.74,2.20,-4.25,0.67
457.87,-46.82,-0.85,-0.48,7.00,-0.63,-0.54,-0.78,-8.42,-1.13,2.66,2.06,-4.31,1.02
457.88,-45.26,-0.81,-0.16,6.81,-0.60,-0.28,-0.80,-7.90,-0.36,3.09,1.85,-4.38,1.30
457.89,-43.02,-0.72,0.18,6.55,-0.54,-0.05,-0.83,-6.53,0.29,3.67,1.64,-4.46,1.54
457.90,-38.59,-0.55,0.48,6.14,-0.42,0.25,-0.82,-4.29,0.90,5.18,1.40,-4.53,1.72
457.92,-34.37,-0.01,0.72,6.02,-0.33,0.39,-0.66,-2.28,1.35,7.17,1.25,-4.48,1.73
457.93,-29.29,0.68,0.98,6.33,-0.28,0.44,-0.43,-0.81,1.62,9.12,1.12,-4.41,1.68
457.95,-25.00,1.46,1.16,7.07,-0.25,0.45,-0.04,0.90,2.47,10.33,1.03,-4.20,1.56
457.96,-21.93,2.85,1.42,8.15,-0.23,0.35,0.49,2.54,3.44,10.59,0.91,-3.86,1.32
457.98,-16.21,7.62,1.77,9.72,-0.28,-0.10,1.26,6.37,3.57,9.98,0.73,-2.83,0.93
457.99,-13.21,12.17,1.93,10.03,-0.36,-0.50,1.24,7.37,3.10,9.78,0.53,-1.93,0.40
458.01,-13.48,13.77,1.82,10.03,-0.52,-0.64,0.85,6.37,2.63,9.46,0.31,-1.19,-0.17
458.02,-13.95,11.43,0.47,9.57,-0.74,-0.52,0.37,2.97,1.30,8.85,-0.02,-0.17,-0.47
458.04,-15.64,8.96,-0.49,9.16,-0.79,-0.34,0.26,0.69,0.50,8.58,-0.23,0.44,-0.64
458.05,-17.50,6.36,-1.22,8.63,-0.75,-0.11,0.22,-1.53,0.48,8.38,-0.54,0.95,-0.52
458.06,-20.27,4.04,-1.39,8.38,-0.67,0.12,0.21,-3.02,2.22,8.79,-0.90,1.24,-0.05
458.07,-21.39,2.14,-0.87,9.32,-0.68,0.33,0.25,-3.29,5.57,10.46,-1.21,1.21,0.66
458.08,-22.05,0.87,0.28,12.86,-0.69,0.61,0.36,-1.62,6.28,14.85,-1.26,0.93,1.14
458.10,-21.06,0.93,0.48,16.26,-0.40,0.79,0.51,0.27,4.81,16.58,-1.01,0.92,1.11
458.11,-19.89,3.87,0.35,16.67,0.17,0.74,0.79,3.43,3.70,15.39,-0.65,1.22,0.59
458.13,-19.73,6.62,0.01,13.75,0.35,0.52,0.78,2.90,2.80,13.24,-0.47,1.48,-0.06
458.14,-21.04,7.17,-0.55,10.70,0.26,0.44,0.61,0.52,1.18,11.06,-0.48,1.67,-0.40
458.15,-22.67,5.38,-0.56,9.27,0.01,0.45,0.33,-1.06,-0.15,9.84,-0.56,1.74,-0.53
458.17,-25.05,2.15,-1.02,8.31,-0.44,0.53,0.04,-3.19,-1.13,9.04,-0.63,1.72,-0.58
458.18,-26.10,-1.92,-2.56,8.33,-1.02,0.85,-0.11,-5.53,-1.51,8.91,-0.66,1.45,-0.38
458.20,-25.78,-3.05,-3.85,8.66,-1.11,1.02,0.06,-5.96,-1.77,9.14,-0.73,1.24,-0.10
458.21,-24.66,-3.02,-4.90,9.15,-0.98,1.14,0.40,-5.84,-1.78,9.36,-0.74,1.11,0.14
458.23,-24.44,-2.04,-5.13,9.68,-0.75,1.24,0.76,-5.09,-1.44,9.36,-0.66,0.95,0.46
458.24,-23.58,-0.83,-4.70,9.98,-0.54,1.31,1.00,-4.37,-1.02,9.42,-0.57,0.88,0.57
458.25,-22.85,0.63,-3.54,9.93,-0.38,1.34,1.06,-2.27,-0.51,10.10,-0.47,0.83,0.44
458.27,-21.55,1.47,-2.87,9.92,-0.38,1.27,0.94,-1.24,-0.64,10.63,-0.38,0.78,0.11
458.30,-20.13,1.37,-3.70,9.73,-0.38,1.20,0.89,-1.85,-0.75,10.83,-0.32,0.68,-0.12
458.32,-19.46,1.26,-3.78,9.06,-0.27,1.19,0.87,-2.50,-0.74,10.35,-0.26,0.59,-0.11
458.34,-19.15,1.09,-3.77,8.83,-0.27,1.21,0.88,-2.68,-0.59,9.72,-0.23,0.62,0.01
458.35,-18.86,0.87,-3.68,8.98,-0.28,1.22,0.88,-2.69,-0.47,9.56,-0.23,0.64,0.17
458.37,-18.38,0.65,-3.36,9.32,-0.26,1.22,0.85,-2.34,-0.42,9.72,-0.23,0.63,0.29
458.39,-17.56,0.37,-3.02,9.52,-0.15,1.23,0.79,-2.00,-0.41,10.01,-0.24,0.65,0.37
458.40,-16.55,0.32,-2.85,9.40,-0.07,1.24,0.85,-1.64,-0.34,10.13,-0.24,0.68,0.45
458.42,-15.19,0.59,-2.64,9.17,-0.07,1.21,1.00,-1.30,-0.26,10.15,-0.28,0.72,0.58
458.44,-14.34,0.97,-2.63,9.10,-0.11,1.17,1.02,-0.46,-0.14,10.08,-0.29,0.75,0.64
458.46,-13.67,1.33,-2.42,9.05,-0.15,1.12,1.00,0.22,-0.01,9.98,-0.31,0.79,0.65
458.47,-12.68,1.60,-2.17,9.02,-0.18,1.03,0.96,0.93,0.13,9.78,-0.34,0.86,0.61
458.49,-12.30,1.80,-2.10,8.98,-0.20,0.96,0.94,1.17,0.17,9.65,-0.37,0.91,0.54
458.50,-11.56,1.99,-2.07,8.88,-0.19,0.89,0.92,1.60,0.18,9.53,-0.38,0.95,0.46
458.51,-11.37,2.23,-1.95,8.88,-0.19,0.82,0.91,1.59,0.41,9.42,-0.41,0.99,0.35
458.53,-11.19,2.30,-1.78,9.08,-0.21,0.69,0.80,0.42,0.61,9.48,-0.43,1.10,0.31
458.54,-11.71,1.96,-1.66,9.10,-0.25,0.64,0.72,-0.30,0.57,9.78,-0.43,1.19,0.31
458.56,-12.37,1.28,-1.74,9.30,-0.34,0.65,0.66,-0.82,0.23,10.21,-0.41,1.28,0.32
458.57,-12.61,0.83,-2.07,9.65,-0.37,0.70,0.72,-0.80,0.12,10.44,-0.37,1.31,0.31
458.59,-12.62,0.54,-2.47,9.95,-0.35,0.75,0.84,-0.60,-0.03,10.58,-0.32,1.34,0.28
458.60,-12.48,0.49,-2.74,9.98,-0.30,0.75,1.03,-0.04,-0.15,10.61,-0.28,1.37,0.22
458.61,-12.51,2.05,-2.88,10.12,-0.24,0.60,1.12,0.39,0.45,10.64,-0.23,1.55,0.10
458.64,-13.11,2.72,-2.78,10.34,-0.23,0.52,0.95,0.24,0.86,10.94,-0.25,1.67,0.10
458.66,-14.29,3.23,-2.39,10.74,-0.23,0.40,0.68,-0.12,1.40,11.49,-0.30,1.83,0.13
458.67,-15.37,3.41,-2.08,11.22,-0.23,0.30,0.46,-0.26,1.68,11.99,-0.34,1.95,0.14
458.68,-16.59,3.43,-1.98,11.75,-0.22,0.21,0.27,-0.28,1.94,12.46,-0.38,2.07,0.14
458.69,-18.13,3.27,-2.18,12.49,-0.13,0.09,0.11,0.22,2.58,12.97,-0.43,2.19,0.12
458.71,-19.16,3.17,-2.16,12.90,0.08,-0.08,0.03,0.75,3.22,13.18,-0.49,2.28,0.09
458.72,-20.39,3.41,-1.87,13.07,0.30,-0.26,0.02,1.55,4.15,13.23,-0.61,2.39,0.09
458.74,-21.77,4.13,-1.23,12.74,0.67,-0.52,0.10,2.38,5.69,13.17,-0.82,2.55,0.22
458.75,-23.18,5.04,0.00,11.93,0.96,-0.74,0.23,2.64,6.87,13.42,-1.06,2.67,0.35
458.76,-25.02,6.12,1.35,11.00,1.20,-0.99,0.24,2.65,7.12,13.59,-1.22,2.77,0.34
458.77,-28.96,6.41,1.75,9.33,1.42,-1.40,0.01,0.37,3.96,13.26,-1.20,2.90,0.08
458.79,-31.99,4.92,2.02,8.80,1.42,-1.73,-0.13,-1.48,2.79,12.65,-1.19,2.86,-0.71
458.81,-38.69,-0.02,2.71,12.10,1.11,-2.29,-0.79,-7.92,-0.65,11.83,-1.19,2.57,-1.06
458.83,-42.02,-2.10,-1.64,14.85,0.55,-2.25,-1.58,-9.92,-2.95,11.00,-0.84,2.25,-0.72
458.84,-44.32,-3.23,-5.52,16.49,0.86,-2.14,-1.47,-11.27,-4.40,10.35,-0.66,1.96,-0.18
458.86,-46.81,-3.00,-5.19,15.66,1.62,-2.11,-0.56,-10.71,-3.82,8.91,-0.67,1.30,0.77
458.88,-49.02,-0.90,-3.77,13.62,1.78,-2.26,-0.08,-9.04,-3.46,8.11,-0.65,0.81,0.94
458.89,-51.21,0.97,-3.07,12.07,1.60,-2.41,0.04,-7.47,-3.63,7.59,-0.43,0.14,0.47
458.91,-53.14,1.17,-2.78,11.38,1.19,-2.58,-0.05,-7.62,-3.66,6.89,0.08,-0.72,0.03
458.92,-54.18,0.95,-2.71,11.30,0.97,-2.68,-0.17,-8.17,-3.91,6.46,0.44,-1.28,-0.36
458.93,-55.19,-0.02,-2.32,11.38,0.63,-2.70,-0.31,-9.26,-4.64,5.61,0.97,-2.06,-0.79
458.95,-55.54,-0.65,-2.04,11.19,0.41,-2.73,-0.47,-9.53,-5.20,4.83,1.30,-2.59,-0.91
458.97,-55.69,-1.71,-2.31,11.02,0.25,-2.67,-0.73,-10.27,-5.15,3.40,1.62,-2.98,-0.73
458.98,-55.67,-1.97,-2.62,10.73,0.32,-2.61,-0.77,-10.51,-4.80,2.60,1.72,-3.21,-0.45
458.99,-55.78,-1.65,-2.21,9.59,0.45,-2.36,-0.67,-10.92,-4.26,1.22,1.89,-3.59,0.17
459.01,-55.70,-1.47,-1.91,8.69,0.36,-2.12,-0.54,-10.90,-4.14,0.50,1.99,-3.86,0.58
459.03,-55.41,-1.67,-1.99,7.22,-0.00,-1.61,-0.20,-10.46,-3.73,-0.65,2.23,-4.18,0.94
459.05,-54.65,-1.97,-2.08,6.61,-0.22,-1.29,-0.02,-10.29,-3.41,-1.07,2.33,-4.38,1.15
459.06,-53.35,-2.53,-2.07,6.06,-0.42,-0.90,0.11,-9.67,-3.01,-1.06,2.37,-4.62,1.49
459.08,-51.02,-3.03,-1.86,5.58,-0.50,-0.51,0.14,-9.03,-1.82,-1.01,2.29,-4.87,1.71
459.09,-48.76,-3.09,-1.26,5.33,-0.46,-0.20,0.08,-7.46,-0.81,-0.35,2.16,-5.11,1.76
459.10,-45.76,-3.08,-0.42,5.13,-0.36,0.14,-0.09,-5.80,-0.00,1.29,2.01,-5.38,1.85
459.12,-38.39,-2.44,0.87,5.06,-0.15,0.46,-0.41,-1.33,1.48,5.00,1.67,-5.35,1.79
459.13,-29.91,-0.60,1.99,5.44,-0.01,0.70,-0.64,0.89,1.56,10.00,1.35,-5.10,1.57
459.14,-24.24,1.06,2.85,6.47,0.07,0.85,-0.72,1.46,1.22,12.52,1.31,-4.80,1.19
459.16,-20.74,3.24,3.58,7.67,0.06,0.83,-0.59,2.19,2.25,12.50,1.30,-4.44,0.57
459.17,-14.93,10.14,2.10,8.77,-0.48,0.27,0.20,5.48,3.52,10.73,1.11,-3.46,0.18
459.19,-14.28,15.51,0.66,10.08,-0.73,-0.15,0.39,6.82,3.34,9.97,0.88,-2.60,-0.38
459.20,-12.17,16.12,0.17,11.12,-0.75,-0.31,0.06,7.50,2.38,9.63,0.52,-1.48,-0.87
459.21,-12.56,13.75,-0.04,10.64,-0.73,-0.29,-0.22,6.19,1.58,9.04,0.24,-0.64,-1.31
459.23,-13.03,10.26,-0.48,9.19,-0.78,-0.19,-0.39,2.78,0.23,8.28,-0.15,0.22,-1.83
459.25,-15.56,5.55,-1.09,8.14,-0.75,-0.00,-0.30,0.74,2.32,8.22,-0.73,1.01,-1.48
459.26,-16.59,3.40,0.05,10.38,-0.89,0.09,-0.13,0.22,6.53,10.45,-1.28,0.98,-1.15
459.30,-17.00,4.26,-0.00,15.84,-0.77,0.31,-0.32,0.87,4.82,18.40,-1.18,0.88,-0.85
459.32,-17.70,6.55,-0.49,14.80,-0.06,0.27,-0.46,0.10,2.26,15.64,-0.57,1.50,-1.30
459.33,-20.39,3.28,-0.44,11.62,-0.12,0.08,-0.73,-5.58,0.29,10.02,-0.42,1.89,-1.55
459.35,-23.66,-0.26,-0.21,9.88,-0.38,0.05,-0.84,-8.60,-0.91,7.63,-0.56,1.90,-0.76
459.36,-28.99,-3.93,-1.75,8.38,-0.93,0.58,-0.80,-8.01,-1.38,6.55,-0.85,1.60,-0.05
459.37,-28.36,-5.63,-3.70,7.93,-1.17,1.09,-0.46,-6.28,-1.29,6.87,-0.78,1.28,0.20
459.39,-26.49,-4.84,-4.64,8.73,-0.99,1.31,0.02,-4.86,-1.03,7.59,-0.77,0.97,0.13
459.40,-25.00,-2.92,-4.81,9.62,-0.67,1.48,0.42,-3.32,-0.87,9.32,-0.74,0.72,-0.17
459.41,-22.85,0.72,-3.90,10.26,-0.41,1.60,0.73,-2.62,-0.68,11.88,-0.65,0.62,-0.56
459.44,-22.25,3.69,-2.41,9.96,-0.48,1.35,0.43,-2.63,-0.71,11.17,-0.52,0.75,-0.54
459.46,-22.60,3.73,-2.35,9.96,-0.54,1.24,0.19,-2.60,-0.66,10.28,-0.46,0.78,-0.53
459.47,-23.28,1.93,-2.95,9.79,-0.58,1.15,-0.23,-3.49,-0.55,9.90,-0.43,0.73,-0.41
459.50,-23.30,1.32,-2.92,9.58,-0.54,1.17,-0.30,-3.78,-0.65,10.25,-0.40,0.70,-0.28
459.51,-23.07,0.96,-3.03,9.51,-0.53,1.20,-0.29,-3.81,-0.46,10.25,-0.35,0.70,-0.13
459.52,-22.92,0.69,-3.23,9.49,-0.52,1.23,-0.19,-3.55,-0.28,10.04,-0.32,0.69,0.01
459.54,-22.82,0.62,-3.26,9.49,-0.51,1.24,-0.11,-2.99,-0.16,9.88,-0.29,0.68,0.08
459.55,-22.05,0.69,-3.13,9.48,-0.48,1.27,0.11,-2.26,-0.01,9.81,-0.25,0.66,0.06
459.56,-20.86,0.76,-2.65,9.48,-0.41,1.32,0.26,-1.99,0.16,9.79,-0.21,0.62,-0.04
459.58,-20.11,0.74,-2.39,9.55,-0.36,1.34,0.28,-2.02,0.22,9.80,-0.21,0.60,-0.11
459.59,-19.23,0.66,-2.15,9.62,-0.29,1.33,0.27,-2.42,0.29,9.91,-0.22,0.58,-0.16
459.60,-18.70,0.64,-1.96,9.60,-0.25,1.30,0.29,-2.64,0.30,9.99,-0.23,0.57,-0.16
459.62,-18.30,0.81,-1.82,9.51,-0.25,1.27,0.28,-2.85,0.36,10.01,-0.24,0.59,-0.12
459.63,-18.05,0.99,-1.68,9.39,-0.26,1.23,0.25,-2.89,0.42,9.91,-0.26,0.62,-0.04
459.64,-17.93,1.14,-1.47,9.24,-0.31,1.20,0.21,-2.78,0.55,9.74,-0.30,0.67,0.08
459.65,-17.83,1.14,-1.20,9.08,-0.37,1.21,0.18,-2.45,0.82,9.57,-0.33,0.69,0.21
459.67,-17.05,0.95,-1.05,8.97,-0.42,1.25,0.20,-0.92,1.39,9.26,-0.36,0.71,0.22
459.69,-16.16,0.99,-1.11,8.91,-0.41,1.26,0.22,0.24,1.41,9.25,-0.36,0.73,0.15
459.70,-15.00,1.30,-1.31,8.93,-0.39,1.25,0.26,1.36,1.20,9.38,-0.36,0.76,0.02
459.71,-14.19,1.94,-1.62,8.99,-0.37,1.19,0.31,1.97,0.94,9.55,-0.36,0.80,-0.23
459.73,-12.63,2.95,-1.99,9.02,-0.31,1.03,0.35,2.46,0.45,9.98,-0.37,0.94,-0.37
459.74,-12.57,3.41,-1.89,8.95,-0.27,0.91,0.33,2.36,0.37,10.15,-0.39,1.03,-0.48
459.76,-12.64,3.64,-1.29,8.94,-0.32,0.72,0.19,1.76,0.42,10.33,-0.44,1.19,-0.49
459.78,-13.20,3.47,-0.80,9.11,-0.43,0.57,0.00,0.48,0.61,10.31,-0.46,1.36,-0.44
459.79,-14.17,3.19,-0.81,9.35,-0.53,0.46,-0.14,-0.28,0.74,10.18,-0.47,1.51,-0.34
459.80,-16.10,2.59,-1.41,9.95,-0.60,0.33,-0.23,-1.36,1.01,10.27,-0.51,1.73,-0.06
459.82,-17.58,2.27,-2.26,11.06,-0.59,0.25,-0.16,-1.14,1.52,10.97,-0.51,1.88,0.15
459.84,-18.70,2.54,-3.08,12.44,-0.40,0.20,-0.01,-0.45,2.10,12.22,-0.52,2.08,0.23
459.86,-20.51,4.49,-2.32,13.44,0.13,0.02,0.05,1.52,3.54,14.57,-0.53,2.18,0.15
459.87,-21.68,5.82,-1.37,13.42,0.35,-0.16,-0.15,1.96,4.53,15.35,-0.54,2.25,0.04
459.88,-23.59,7.18,0.14,12.92,0.68,-0.46,-0.64,1.99,5.71,15.62,-0.60,2.29,-0.12
459.90,-26.93,7.29,0.53,12.60,1.05,-0.81,-1.02,1.43,5.63,15.15,-0.70,2.31,-0.23
459.92,-29.34,5.86,0.08,12.08,1.46,-1.12,-1.24,0.81,3.74,14.56,-0.67,2.27,-0.41
459.94,-31.26,4.15,-0.15,11.46,1.65,-1.33,-1.44,-0.87,1.38,13.86,-0.59,2.17,-0.81
459.95,-33.35,2.17,-0.60,11.01,1.58,-1.51,-1.66,-3.45,-0.19,13.28,-0.46,2.04,-1.30
459.96,-35.24,0.65,-1.56,11.29,1.35,-1.67,-1.89,-5.24,-1.94,12.43,-0.31,1.88,-1.66
459.97,-36.69,-0.21,-3.21,12.01,1.19,-1.72,-2.11,-5.99,-3.45,11.45,-0.09,1.68,-1.80
459.99,-39.10,-0.29,-5.16,12.64,1.30,-1.63,-2.25,-6.54,-5.30,10.17,0.28,1.52,-1.72
460.00,-40.30,-0.51,-5.95,12.33,1.50,-1.54,-2.18,-6.47,-6.48,8.89,0.54,1.34,-1.58
460.01,-42.91,-0.20,-5.41,10.94,1.64,-1.57,-1.82,-6.74,-7.53,7.34,0.88,1.06,-1.37
460.03,-44.73,0.82,-4.76,10.27,1.51,-1.65,-1.58,-6.62,-7.33,6.44,1.01,0.84,-1.15
460.04,-47.27,1.72,-4.51,9.97,1.14,-1.71,-1.41,-6.44,-7.09,5.76,1.16,0.47,-1.17
460.06,-50.12,1.73,-5.06,10.05,0.69,-1.75,-1.37,-6.96,-7.30,5.53,1.54,-0.05,-1.29
460.07,-51.46,1.45,-5.26,10.21,0.49,-1.74,-1.34,-7.48,-7.87,5.65,1.87,-0.38,-1.35
460.09,-52.94,1.29,-5.09,10.26,0.29,-1.68,-1.30,-8.15,-8.37,5.71,2.23,-0.66,-1.22
460.10,-54.63,0.23,-5.10,9.94,-0.12,-1.59,-1.44,-8.41,-8.11,5.21,2.68,-1.02,-0.73
460.12,-54.98,-0.27,-5.35,9.74,-0.21,-1.59,-1.54,-8.41,-7.38,4.92,2.84,-1.16,-0.48
460.14,-55.41,-0.55,-5.49,9.58,-0.23,-1.59,-1.56,-8.37,-6.63,4.78,3.03,-1.34,-0.32
460.15,-55.59,-0.44,-4.92,9.22,-0.36,-1.48,-1.43,-8.24,-5.99,4.39,3.37,-1.73,-0.37
460.17,-55.46,-0.38,-4.40,9.03,-0.58,-1.30,-1.38,-8.02,-5.68,4.12,3.58,-1.99,-0.52
460.18,-55.00,-0.47,-3.91,8.90,-0.83,-1.06,-1.42,-7.76,-5.07,4.01,3.81,-2.26,-0.79
460.19,-53.98,-0.52,-3.20,8.79,-1.07,-0.71,-1.59,-7.76,-4.20,3.95,4.09,-2.65,-1.31
460.21,-52.25,-0.39,-2.39,8.65,-1.17,-0.37,-1.98,-7.26,-3.24,4.20,4.29,-3.04,-1.93
460.22,-50.37,-0.33,-1.71,8.47,-1.17,-0.10,-2.47,-6.63,-2.63,4.67,4.41,-3.28,-2.51
460.23,-48.32,-0.23,-1.19,8.29,-1.16,0.10,-2.90,-5.95,-2.32,5.15,4.53,-3.39,-3.20
460.26,-45.39,0.21,-0.42,8.02,-1.18,0.45,-3.63,-5.12,-2.49,5.87,4.70,-3.39,-4.10
460.27,-40.98,1.32,-0.08,7.95,-1.29,0.88,-4.42,-3.78,-2.48,7.10,4.92,-3.29,-5.51
460.29,-36.13,2.35,-0.38,8.19,-1.36,1.24,-4.91,-2.02,-1.96,8.99,4.93,-3.11,-6.36
460.31,-32.86,3.84,-0.69,8.91,-1.32,1.58,-5.32,-2.56,-2.29,10.11,4.68,-2.76,-7.29
460.32,-29.74,5.35,-0.95,9.57,-1.04,1.81,-6.05,-4.02,-2.77,9.63,4.30,-2.37,-7.80
460.33,-28.86,6.72,-1.19,9.44,-0.81,1.80,-6.76,-5.33,-3.07,8.44,3.90,-2.03,-7.89
460.38,-28.91,7.08,-1.49,9.00,-0.84,1.72,-7.11,-6.17,-3.40,7.43,3.55,-1.78,-7.75
460.39,-30.08,5.97,-2.49,8.41,-1.09,1.63,-7.30,-6.87,-3.33,6.11,2.85,-1.38,-7.17
460.40,-31.45,3.23,-3.76,8.63,-1.41,1.46,-6.89,-8.40,-4.16,5.66,2.02,-1.00,-6.18
460.41,-32.36,-0.04,-4.41,9.06,-1.59,1.34,-6.26,-10.85,-4.21,5.90,1.19,-0.75,-4.96
460.42,-32.92,-2.26,-4.47,8.96,-1.69,1.24,-5.93,-13.00,-3.82,6.35,0.64,-0.60,-3.75
460.46,-31.24,-5.55,-4.89,9.08,-1.89,1.04,-5.32,-13.83,-3.08,6.81,0.23,-0.51,-2.46
460.47,-29.37,-9.40,-5.93,10.22,-2.06,1.01,-4.10,-11.57,-1.78,7.68,-0.23,-0.46,-0.48
460.49,-25.73,-10.19,-6.04,11.86,-1.71,0.92,-1.72,-7.27,0.49,9.36,-0.49,-0.46,0.31
460.50,-21.87,-7.11,-4.56,12.42,-1.09,0.69,-0.54,-4.09,2.38,11.57,-0.46,-0.62,0.49
460.51,-18.71,-3.34,-2.59,13.02,-0.70,0.48,0.16,-1.19,3.29,14.07,-0.25,-0.77,0.09
460.53,-16.52,2.00,-0.77,13.08,-0.40,0.20,0.33,0.90,3.08,14.49,-0.05,-0.75,-0.77
460.54,-16.84,5.87,0.41,12.26,-0.26,-0.02,-0.03,0.84,2.72,13.57,0.01,-0.67,-1.33
460.55,-18.20,6.42,0.11,10.47,-0.45,-0.01,-0.90,-1.60,1.53,10.89,0.02,-0.58,-2.14
460.56,-19.72,4.36,-0.80,9.06,-0.71,0.04,-1.78,-4.02,0.66,8.80,0.02,-0.60,-2.39
460.58,-21.48,2.33,-1.49,8.66,-0.95,0.10,-2.16,-5.39,0.82,7.96,0.01,-0.65,-2.18
460.61,-23.06,0.50,-2.34,9.46,-1.16,0.27,-2.48,-6.16,0.75,8.53,0.03,-0.69,-1.85
460.62,-23.04,-0.37,-3.26,10.21,-1.04,0.42,-2.39,-5.35,0.70,9.00,0.07,-0.70,-1.60
460.63,-21.87,-0.37,-3.14,10.15,-0.70,0.52,-2.20,-3.40,0.90,9.39,0.13,-0.72,-1.54
460.71,-20.34,0.33,-2.13,9.62,-0.52,0.54,-2.20,-2.71,1.45,9.53,0.16,-0.72,-1.63
460.72,-19.66,0.64,-1.80,9.70,-0.50,0.50,-2.23,-2.96,1.52,9.71,0.20,-0.70,-1.69
460.73,-19.00,0.72,-1.83,9.98,-0.47,0.43,-2.22,-3.18,1.36,9.89,0.22,-0.65,-1.69
460.74,-18.68,0.54,-1.93,10.11,-0.41,0.35,-2.16,-3.41,1.32,9.87,0.22,-0.56,-1.55
460.75,-18.49,0.31,-2.07,10.06,-0.36,0.28,-2.03,-3.61,1.22,9.73,0.20,-0.50,-1.32
460.77,-18.36,0.11,-2.25,9.97,-0.33,0.21,-1.76,-3.46,1.01,9.71,0.17,-0.41,-1.06
460.78,-18.31,0.11,-2.29,9.93,-0.29,0.16,-1.50,-3.41,0.99,9.70,0.15,-0.35,-0.86
460.79,-18.37,0.23,-2.25,9.88,-0.25,0.13,-1.26,-3.39,0.95,9.70,0.11,-0.26,-0.60
460.81,-18.52,0.30,-2.17,9.77,-0.21,0.11,-1.05,-3.29,0.81,9.79,0.08,-0.18,-0.40
460.82,-18.74,0.29,-2.05,9.73,-0.19,0.12,-0.91,-3.16,0.73,9.83,0.05,-0.11,-0.29
460.84,-18.95,0.19,-2.12,9.82,-0.18,0.17,-0.77,-3.11,0.77,9.65,0.04,-0.05,-0.23
460.85,-19.03,0.13,-2.16,9.83,-0.16,0.20,-0.70,-3.10,0.71,9.59,0.04,-0.04,-0.24
460.87,-19.07,0.03,-2.14,9.80,-0.15,0.24,-0.63,-3.20,0.69,9.57,0.05,-0.03,-0.26
460.87,-19.23,-0.11,-2.10,9.90,-0.15,0.29,-0.54,-3.67,0.70,9.52,0.06,-0.02,-0.26
460.90,-19.36,-0.14,-2.22,10.05,-0.13,0.35,-0.47,-3.91,0.73,9.50,0.07,-0.02,-0.23
460.91,-19.45,-0.13,-2.24,10.05,-0.12,0.36,-0.46,-3.92,0.73,9.50,0.08,-0.02,-0.22
460.93,-19.50,-0.11,-2.28,10.04,-0.10,0.38,-0.43,-3.90,0.72,9.51,0.08,-0.01,-0.20
460.96,-19.56,0.06,-2.35,9.92,-0.05,0.43,-0.35,-3.69,0.68,9.51,0.09,-0.00,-0.15
460.98,-19.61,0.22,-2.37,9.83,-0.03,0.45,-0.30,-3.35,0.63,9.55,0.10,0.00,-0.12
460.99,-19.58,0.42,-2.43,9.77,-0.01,0.47,-0.29,-3.14,0.58,9.62,0.13,0.01,-0.12
461.00,-19.58,0.59,-2.41,9.74,0.01,0.50,-0.30,-3.12,0.55,9.64,0.15,0.01,-0.13
461.01,-19.71,0.92,-2.27,9.81,0.03,0.56,-0.35,-3.19,0.59,9.65,0.17,0.03,-0.13
461.03,-19.81,0.73,-2.24,9.64,0.07,0.62,-0.45,-3.24,0.63,9.67,0.18,0.05,-0.12
461.04,-19.79,0.67,-2.24,9.58,0.08,0.65,-0.51,-2.96,0.75,9.65,0.20,0.07,-0.13
461.05,-19.64,0.71,-2.31,9.58,0.09,0.70,-0.55,-2.76,0.78,9.64,0.22,0.08,-0.19
461.06,-19.49,0.83,-2.32,9.58,0.11,0.76,-0.59,-2.68,0.72,9.63,0.25,0.09,-0.26
461.08,-19.25,1.03,-2.26,9.48,0.13,0.89,-0.66,-2.65,0.70,9.66,0.28,0.11,-0.36
461.09,-19.08,1.07,-2.20,9.35,0.12,0.97,-0.71,-2.64,0.66,9.73,0.31,0.14,-0.42
461.11,-18.86,1.07,-2.19,9.29,0.06,0.99,-0.73,-2.37,0.61,9.81,0.34,0.17,-0.46
461.12,-18.56,1.27,-2.39,9.40,0.01,0.97,-0.74,-1.95,0.48,9.99,0.37,0.23,-0.48
461.13,-18.24,1.60,-2.55,9.52,-0.02,0.93,-0.73,-1.33,0.36,10.21,0.40,0.31,-0.48
461.14,-17.76,2.36,-2.59,9.76,0.03,0.84,-0.75,-0.20,0.28,10.54,0.43,0.49,-0.38
461.16,-17.14,2.78,-2.39,9.88,0.13,0.68,-0.84,0.43,1.13,10.48,0.38,0.80,-0.17
461.18,-17.33,2.76,-2.17,10.01,0.23,0.54,-0.90,0.33,2.10,10.32,0.35,1.05,-0.08
461.19,-17.70,2.58,-1.91,10.25,0.32,0.45,-0.96,0.08,2.69,10.22,0.35,1.24,-0.05
461.20,-18.28,2.32,-1.52,10.73,0.40,0.37,-1.03,-0.19,3.17,10.39,0.36,1.38,-0.05
461.22,-18.90,2.01,-1.21,11.52,0.48,0.31,-1.14,-0.20,3.43,11.01,0.34,1.49,-0.04
461.23,-19.37,1.66,-1.23,12.29,0.58,0.25,-1.22,-0.00,3.30,11.96,0.34,1.58,-0.07
461.24,-19.64,1.37,-1.26,12.61,0.74,0.15,-1.19,0.51,3.08,12.68,0.35,1.63,-0.12
461.25,-20.23,1.60,-0.72,11.99,1.04,-0.26,-0.89,1.85,1.92,13.65,0.47,1.76,-0.35
461.27,-21.45,2.54,-0.36,10.80,1.20,-0.87,-0.60,2.83,1.18,13.62,0.60,1.91,-0.64
461.29,-22.17,2.93,-0.36,10.19,1.21,-1.21,-0.55,2.77,1.25,13.43,0.65,1.97,-0.83
461.31,-23.71,3.45,-0.38,9.80,1.20,-1.50,-0.60,1.85,1.48,13.10,0.70,2.00,-1.00
461.32,-26.97,3.51,-0.17,9.61,1.14,-1.79,-0.81,-0.80,0.99,12.53,0.72,1.92,-1.44
461.33,-29.42,3.34,-0.04,9.88,1.01,-1.95,-1.11,-2.19,0.48,12.08,0.71,1.77,-1.87
461.35,-32.38,2.91,-0.26,10.60,0.79,-2.06,-1.48,-4.06,-0.36,11.35,0.69,1.56,-2.13
461.37,-35.34,2.18,-0.98,11.89,0.54,-2.18,-1.94,-4.89,-0.93,10.25,0.61,1.26,-2.48
461.38,-38.31,1.18,-2.10,12.86,0.43,-2.11,-2.30,-5.13,-1.61,9.47,0.50,0.90,-2.77
461.39,-40.08,0.06,-2.89,12.76,0.49,-2.01,-2.47,-5.85,-3.16,9.36,0.60,0.56,-3.16
461.40,-42.70,-0.08,-3.63,11.24,0.35,-2.11,-2.17,-6.84,-4.47,9.22,0.70,0.11,-3.45
461.43,-43.93,0.81,-3.77,11.04,0.15,-2.21,-1.91,-7.36,-4.74,8.87,0.71,-0.18,-3.51
461.44,-45.77,1.68,-3.92,11.15,-0.05,-2.28,-1.77,-7.91,-5.08,8.49,0.74,-0.38,-3.52
461.45,-47.86,2.02,-3.68,11.54,-0.14,-2.28,-1.80,-8.43,-5.26,8.04,0.86,-0.74,-3.49
461.47,-50.06,1.73,-3.18,12.01,-0.24,-2.23,-1.96,-8.87,-5.50,7.43,1.09,-1.23,-3.36
461.48,-50.96,0.65,-2.84,11.86,-0.30,-2.21,-2.05,-9.26,-5.68,6.95,1.26,-1.81,-2.91
461.50,-52.01,-0.74,-2.52,11.41,-0.35,-2.18,-1.96,-10.16,-5.82,6.04,1.48,-2.04,-2.56
461.52,-52.51,-1.05,-2.21,10.93,-0.38,-2.08,-1.85,-10.39,-5.41,5.17,1.58,-2.47,-1.47
461.54,-52.59,-1.15,-1.84,10.04,-0.39,-1.95,-1.71,-10.23,-4.70,4.59,1.59,-2.69,-0.64
461.55,-52.43,-1.16,-1.45,9.18,-0.42,-1.83,-1.54,-10.17,-4.19,4.09,1.59,-2.88,0.06
461.56,-52.41,-0.93,-0.82,8.10,-0.57,-1.61,-1.30,-10.12,-2.89,3.13,1.63,-3.11,0.55
461.58,-52.13,-0.69,-0.48,7.67,-0.71,-1.43,-1.22,-9.49,-2.27,2.79,1.73,-3.35,0.76
461.59,-51.90,-0.57,-0.27,7.50,-0.84,-1.22,-1.20,-7.89,-1.38,2.71,1.82,-3.52,0.78
461.60,-50.79,-0.50,-0.12,7.54,-0.93,-0.98,-1.22,-5.90,-0.09,2.78,1.96,-3.76,0.53
461.62,-48.30,-0.51,0.28,7.64,-0.94,-0.61,-1.30,-4.85,1.13,3.49,2.02,-4.00,-0.05
461.63,-46.34,-0.48,0.67,7.65,-0.84,-0.39,-1.38,-4.88,1.53,4.04,1.98,-4.11,-0.29
461.65,-43.44,-0.28,1.09,7.57,-0.67,-0.13,-1.46,-5.44,1.81,5.45,1.80,-4.28,-0.52
461.66,-39.78,0.13,1.44,7.13,-0.57,0.05,-1.48,-4.97,1.64,7.09,1.64,-4.39,-0.21
461.68,-32.52,1.37,1.70,6.57,-0.67,0.24,-1.18,-2.33,2.03,10.11,1.49,-4.04,0.02
461.70,-28.71,2.01,2.09,7.12,-0.76,0.25,-0.74,-0.99,3.49,10.08,1.49,-3.77,0.09
461.72,-24.41,3.11,2.59,8.37,-0.77,0.17,-0.06,1.09,4.34,9.35,1.29,-3.29,0.22
461.73,-21.15,5.42,2.76,9.70,-0.71,0.02,0.55,3.33,4.08,8.92,0.93,-2.60,0.24
461.75,-19.94,8.02,2.53,10.49,-0.58,-0.14,0.71,4.29,3.48,9.00,0.65,-1.99,0.17
461.76,-18.33,9.62,2.04,10.61,-0.48,-0.27,0.61,4.83,2.69,9.14,0.45,-1.52,0.07
461.77,-17.84,10.32,1.29,10.10,-0.47,-0.31,0.51,4.43,2.02,9.00,0.19,-0.88,-0.05
461.78,-18.16,9.87,0.45,9.26,-0.56,-0.29,0.58,3.17,1.44,8.71,-0.10,-0.24,-0.11
461.80,-20.70,7.69,-0.65,8.04,-0.78,-0.23,0.88,0.51,1.01,8.38,-0.62,0.75,-0.07
461.81,-22.78,6.02,-0.87,7.87,-0.86,-0.18,1.03,-0.42,2.78,8.59,-0.91,1.12,0.19
461.83,-24.54,4.61,-0.52,8.74,-0.87,-0.14,1.11,-0.54,5.41,9.80,-1.20,1.23,0.58
461.84,-25.62,3.85,0.26,11.55,-0.83,-0.04,0.91,0.26,6.17,14.48,-1.28,1.07,0.75
461.85,-25.66,4.51,0.04,14.18,-0.62,0.09,0.50,1.42,4.90,16.49,-1.01,1.07,0.47
461.86,-26.00,7.39,-0.43,14.34,0.08,0.29,0.05,2.17,3.08,14.05,-0.49,1.35,-0.40
461.88,-26.89,8.02,-0.19,11.58,0.28,0.33,-0.29,0.74,2.23,11.24,-0.32,1.53,-0.91
461.90,-28.90,6.17,-0.15,9.75,0.18,0.35,-0.56,-1.80,0.61,9.10,-0.30,1.66,-1.35
461.92,-32.06,1.59,-0.27,8.47,-0.25,0.44,-0.94,-4.69,-1.24,8.29,-0.57,1.62,-1.26
461.93,-32.32,-0.94,-1.06,8.40,-0.71,0.61,-1.05,-5.62,-1.67,8.45,-0.70,1.50,-1.04
461.94,-33.04,-2.53,-2.51,8.70,-1.13,0.85,-0.91,-6.63,-1.69,8.66,-0.72,1.37,-0.84
461.95,-32.56,-3.60,-4.11,9.29,-1.26,1.07,-0.50,-6.97,-1.38,8.82,-0.70,1.16,-0.56
461.97,-31.52,-3.43,-4.89,9.89,-1.08,1.22,0.02,-6.60,-1.09,9.23,-0.72,0.92,-0.20
461.98,-30.19,-2.56,-4.70,10.15,-0.81,1.31,0.51,-6.19,-1.01,9.54,-0.71,0.80,0.09
461.99,-29.73,-1.35,-3.84,10.11,-0.59,1.35,0.83,-5.27,-0.67,9.65,-0.66,0.73,0.33
462.00,-28.81,-0.16,-2.88,9.98,-0.49,1.34,0.98,-4.51,-0.44,9.73,-0.59,0.72,0.53
462.02,-28.36,0.80,-2.37,9.84,-0.49,1.28,1.03,-3.02,-0.22,9.92,-0.53,0.73,0.57
462.03,-27.34,1.70,-2.59,9.85,-0.48,1.21,0.99,-1.85,-0.35,10.22,-0.47,0.71,0.41
462.05,-26.46,1.87,-3.12,9.81,-0.45,1.16,0.93,-1.50,-0.63,10.41,-0.41,0.67,0.27
462.06,-25.75,1.98,-3.49,9.58,-0.41,1.13,0.90,-1.77,-0.73,10.47,-0.39,0.65,0.18
462.07,-25.36,2.06,-3.45,9.33,-0.40,1.12,0.89,-2.08,-0.68,10.48,-0.38,0.63,0.18
462.09,-25.20,2.06,-3.13,9.16,-0.42,1.13,0.90,-2.80,-0.45,10.35,-0.37,0.63,0.22
462.10,-25.06,1.89,-3.05,9.25,-0.45,1.15,0.91,-3.05,-0.41,10.12,-0.33,0.61,0.30
462.11,-24.93,1.66,-3.10,9.42,-0.45,1.19,0.90,-2.72,-0.28,9.82,-0.28,0.61,0.34
462.13,-24.39,1.29,-3.14,9.57,-0.39,1.25,0.88,-2.41,-0.10,9.70,-0.23,0.60,0.33
462.14,-23.73,1.05,-2.96,9.63,-0.30,1.29,0.86,-2.05,0.07,9.76,-0.21,0.57,0.25
462.15,-22.73,0.74,-2.72,9.62,-0.20,1.32,0.82,-2.03,0.04,9.91,-0.20,0.55,0.17
462.17,-21.72,0.52,-2.67,9.57,-0.14,1.30,0.79,-2.33,-0.02,9.98,-0.19,0.53,0.13
462.18,-21.02,0.48,-2.63,9.48,-0.10,1.27,0.76,-2.53,-0.02,9.92,-0.18,0.51,0.11
462.19,-20.42,0.52,-2.62,9.40,-0.06,1.25,0.73,-2.69,0.01,9.89,-0.17,0.50,0.11
462.21,-19.91,0.55,-2.61,9.33,-0.04,1.24,0.69,-2.78,0.03,9.90,-0.18,0.49,0.15
462.22,-19.27,0.57,-2.48,9.24,-0.03,1.24,0.63,-2.47,0.09,9.92,-0.18,0.48,0.19
462.23,-18.77,0.58,-2.26,9.19,-0.05,1.25,0.57,-2.07,0.15,9.90,-0.18,0.49,0.21
462.25,-17.86,0.59,-1.99,9.14,-0.11,1.25,0.49,-1.45,0.22,9.90,-0.18,0.52,0.22
462.26,-17.16,0.64,-1.75,9.18,-0.19,1.24,0.41,-1.07,0.30,9.93,-0.18,0.56,0.21
462.27,-16.32,0.75,-1.75,9.38,-0.26,1.21,0.34,-0.61,0.37,9.99,-0.19,0.61,0.18
462.28,-14.91,1.01,-2.12,9.65,-0.28,1.16,0.32,0.11,0.38,10.10,-0.21,0.73,0.16
462.30,-14.31,1.17,-2.26,9.63,-0.24,1.11,0.36,0.41,0.35,10.12,-0.23,0.81,0.18
462.31,-13.26,1.38,-2.16,9.47,-0.19,1.02,0.44,0.91,0.42,10.10,-0.25,0.91,0.20
462.33,-12.73,1.70,-1.99,9.41,-0.18,0.95,0.54,0.99,0.58,10.06,-0.26,0.97,0.22
462.34,-12.63,2.16,-1.79,9.45,-0.20,0.89,0.63,0.94,0.71,10.08,-0.27,1.05,0.25
462.35,-12.56,2.62,-1.64,9.54,-0.25,0.82,0.70,0.64,0.66,10.38,-0.29,1.18,0.27
462.37,-12.95,2.46,-1.76,9.57,-0.30,0.77,0.70,0.29,0.38,10.59,-0.30,1.29,0.26
462.38,-13.34,2.04,-1.95,9.59,-0.34,0.74,0.71,0.09,0.25,10.63,-0.30,1.38,0.26
462.39,-13.56,1.59,-2.11,9.70,-0.36,0.71,0.76,-0.08,0.24,10.59,-0.29,1.44,0.25
462.41,-13.90,1.26,-2.16,9.93,-0.37,0.66,0.81,-0.18,0.48,10.48,-0.27,1.53,0.25
462.42,-14.35,1.27,-2.24,10.51,-0.35,0.59,0.85,-0.47,1.10,10.58,-0.26,1.64,0.25
462.43,-15.26,1.72,-2.43,11.22,-0.27,0.49,0.79,-0.75,1.41,11.21,-0.28,1.80,0.25
462.45,-16.36,2.43,-2.63,11.58,-0.21,0.41,0.67,-0.70,1.49,12.01,-0.28,1.94,0.23
462.47,-17.38,2.98,-2.85,11.89,-0.14,0.35,0.50,-0.32,1.82,12.61,-0.26,2.04,0.18
462.48,-18.36,3.18,-2.90,12.08,-0.04,0.25,0.29,0.09,2.08,12.92,-0.24,2.12,0.09
462.49,-19.11,3.16,-2.66,12.17,0.07,0.12,0.06,0.72,2.38,13.07,-0.24,2.19,-0.02
462.50,-20.23,3.19,-2.36,12.24,0.21,-0.06,-0.14,1.48,3.05,12.92,-0.27,2.29,-0.15
462.52,-21.21,3.46,-2.02,12.29,0.39,-0.30,-0.28,1.86,3.53,12.79,-0.34,2.40,-0.19
462.53,-22.30,3.87,-1.52,11.98,0.72,-0.60,-0.33,2.17,4.63,12.68,-0.47,2.52,-0.13
462.54,-24.88,4.67,0.15,10.83,1.09,-0.99,-0.21,2.60,5.85,13.38,-0.82,2.66,0.05
462.56,-27.40,5.28,1.08,9.62,1.25,-1.39,-0.19,2.49,4.25,13.77,-0.80,2.74,-0.25
462.58,-31.87,4.51,1.54,8.44,1.27,-1.88,-0.28,-1.75,2.49,12.47,-0.73,2.71,-1.03
462.60,-36.11,1.84,2.39,10.74,1.11,-2.31,-0.51,-6.04,1.62,11.35,-0.85,2.57,-1.36
462.61,-41.48,-1.32,0.43,14.54,0.54,-2.36,-1.30,-9.60,-2.19,10.56,-0.79,2.06,-1.04
462.63,-44.59,-3.57,-5.17,17.01,0.80,-2.15,-1.26,-11.61,-4.00,9.90,-0.60,1.75,-0.33
462.65,-47.24,-3.68,-5.29,15.87,1.47,-2.07,-0.56,-11.39,-3.99,8.71,-0.61,1.53,0.12
462.66,-49.81,-1.95,-3.95,13.32,1.75,-2.16,-0.03,-9.28,-3.14,7.47,-0.68,0.95,0.64
462.68,-51.16,-0.33,-2.94,11.75,1.60,-2.24,0.11,-8.44,-3.09,6.99,-0.62,0.11,0.36
462.70,-54.12,0.86,-2.52,10.74,1.09,-2.43,-0.01,-8.11,-3.16,6.11,-0.19,-0.40,0.00
462.71,-55.86,0.94,-2.22,11.09,0.84,-2.55,-0.15,-8.96,-3.62,5.64,0.21,-1.05,-0.47
462.73,-57.11,0.16,-1.74,11.36,0.58,-2.58,-0.33,-9.63,-4.36,5.16,0.63,-1.70,-0.80
462.75,-57.76,-1.06,-1.41,11.52,0.21,-2.60,-0.67,-9.87,-4.70,4.46,1.00,-2.27,-0.90
462.76,-57.98,-1.51,-1.95,11.67,0.09,-2.62,-0.84,-10.11,-4.71,3.80,1.24,-2.72,-0.89
462.77,-58.05,-1.47,-2.53,11.62,0.14,-2.58,-0.91,-10.32,-4.57,3.31,1.33,-2.94,-0.79
462.78,-58.10,-1.11,-2.55,11.07,0.27,-2.49,-0.91,-10.53,-4.46,2.84,1.45,-3.44,-0.29
462.80,-58.09,-0.66,-1.93,9.43,0.25,-2.22,-0.84,-10.58,-4.11,2.09,1.61,-3.58,-0.04
462.81,-58.04,-0.60,-1.78,8.63,0.08,-1.99,-0.76,-10.34,-3.76,1.52,1.68,-3.78,0.35
462.83,-57.50,-1.01,-1.74,7.54,-0.25,-1.52,-0.67,-9.63,-3.04,0.40,1.88,-4.08,0.60
462.85,-56.53,-1.57,-1.73,6.90,-0.45,-1.15,-0.70,-8.82,-2.91,-0.03,2.13,-4.79,0.72
462.88,-52.11,-2.55,-1.53,5.97,-0.68,-0.28,-0.82,-8.46,-1.93,0.30,2.39,-4.90,0.86
462.90,-48.60,-2.62,-1.22,5.82,-0.67,0.04,-0.79,-7.98,-1.21,1.74,2.21,-5.09,1.19
462.91,-45.23,-2.29,-0.52,5.84,-0.61,0.34,-0.75,-6.57,-0.30,4.05,2.01,-5.21,1.56
462.92,-37.97,-1.61,0.63,5.75,-0.54,0.63,-0.72,-2.48,2.09,7.12,1.68,-5.12,1.82
462.94,-28.64,-0.12,2.18,6.50,-0.34,0.77,-0.61,0.11,3.22,9.84,1.43,-4.87,1.64
462.96,-23.45,1.33,2.70,7.53,-0.18,0.70,-0.33,1.63,3.46,10.73,1.35,-4.68,1.33
462.97,-17.78,4.17,2.93,8.70,-0.18,0.41,0.19,4.19,3.53,10.80,1.20,-4.11,0.93
462.98,-14.14,10.10,2.23,10.11,-0.26,-0.13,0.58,6.60,3.61,10.38,1.01,-3.17,0.17
463.00,-12.25,14.00,1.88,10.87,-0.20,-0.46,0.31,7.64,3.14,10.01,0.74,-2.15,-0.37
463.02,-11.57,12.95,1.79,10.12,-0.26,-0.45,-0.01,5.79,1.94,9.08,0.31,-0.96,-0.70
463.03,-12.49,10.00,0.88,8.72,-0.49,-0.37,-0.05,2.63,0.96,8.13,-0.00,-0.06,-0.96
463.05,-16.79,5.14,-0.85,7.37,-0.76,-0.16,0.26,-1.68,0.27,7.64,-0.45,1.07,-0.99
463.07,-19.22,3.05,-0.90,7.35,-0.82,-0.05,0.46,-2.52,0.86,7.98,-0.71,1.38,-0.59
463.08,-20.59,1.32,0.02,8.86,-0.98,0.10,0.71,-2.33,3.72,9.29,-1.12,1.34,0.13
463.10,-21.11,1.16,0.37,12.55,-1.15,0.36,0.67,-0.63,5.74,14.88,-1.42,0.92,0.37
463.11,-19.68,2.50,-1.18,16.56,-0.51,0.72,0.43,3.43,4.16,17.56,-0.88,0.81,-0.10
463.13,-18.74,5.88,-1.23,15.23,0.08,0.59,0.39,3.14,3.50,14.50,-0.44,1.17,-0.86
463.14,-19.69,9.16,-0.85,12.31,0.23,0.31,0.18,0.45,2.22,11.75,-0.31,1.46,-1.30
463.15,-21.71,8.88,-0.70,10.98,0.10,0.17,-0.13,-2.06,1.19,10.39,-0.34,1.63,-1.45
463.17,-26.90,4.55,-0.32,10.09,-0.12,0.19,-0.75,-6.27,-1.20,8.81,-0.71,1.76,-1.03
463.18,-30.25,-1.62,-1.56,8.92,-0.86,0.61,-1.28,-7.43,-2.02,8.44,-0.81,1.65,-0.39
463.20,-29.89,-5.00,-4.10,8.34,-1.26,1.04,-0.96,-6.75,-1.73,8.30,-0.72,1.37,-0.03
463.22,-27.58,-5.35,-5.46,8.68,-1.14,1.27,-0.09,-5.52,-1.21,8.49,-0.67,0.97,0.13
463.24,-25.55,-3.67,-5.16,9.39,-0.76,1.41,0.69,-4.65,-0.81,9.18,-0.60,0.79,0.13
463.25,-24.72,-1.78,-4.18,9.84,-0.52,1.45,1.06,-4.22,-0.43,9.75,-0.56,0.72,0.15
463.26,-23.00,1.11,-2.47,10.18,-0.41,1.37,1.12,-2.81,0.06,10.40,-0.45,0.68,0.13
463.28,-22.52,1.94,-2.09,10.34,-0.45,1.24,1.01,-2.21,0.02,10.42,-0.42,0.69,-0.00
463.30,-22.13,2.20,-2.32,10.49,-0.46,1.17,0.91,-1.86,-0.14,10.25,-0.41,0.67,-0.10
463.31,-21.74,1.96,-2.87,10.31,-0.45,1.15,0.79,-2.28,-0.35,10.27,-0.40,0.62,-0.25
463.32,-21.50,1.49,-3.29,9.75,-0.40,1.15,0.68,-2.91,-0.52,10.47,-0.39,0.57,-0.27
463.33,-21.32,1.16,-3.38,9.39,-0.38,1.15,0.65,-3.56,-0.71,10.56,-0.35,0.55,-0.22
463.35,-21.17,0.99,-3.54,9.28,-0.39,1.16,0.70,-3.80,-0.74,10.26,-0.27,0.55,-0.03
463.36,-20.92,0.80,-3.84,9.29,-0.40,1.19,0.75,-3.67,-0.68,10.00,-0.22,0.56,0.15
463.37,-20.68,0.55,-3.83,9.36,-0.36,1.23,0.83,-3.26,-0.48,9.76,-0.18,0.55,0.21
463.38,-19.85,0.33,-3.41,9.42,-0.27,1.28,0.85,-2.63,-0.21,9.81,-0.11,0.50,0.21
463.40,-18.04,0.30,-2.77,9.59,-0.13,1.33,0.81,-1.60,0.20,9.99,-0.02,0.42,0.09
463.43,-16.68,0.65,-2.36,9.57,-0.03,1.35,0.79,-1.05,0.54,10.01,0.01,0.37,-0.03
463.44,-15.87,1.18,-2.01,9.46,-0.00,1.33,0.76,-0.83,0.72,10.04,0.01,0.36,-0.11
463.45,-15.05,1.75,-1.70,9.33,-0.01,1.30,0.68,-0.47,0.88,10.01,0.00,0.37,-0.15
463.46,-14.06,2.22,-1.37,9.17,-0.07,1.23,0.53,-0.08,1.06,9.88,-0.05,0.46,-0.17
463.48,-13.78,2.33,-1.21,9.13,-0.15,1.14,0.40,0.04,1.08,9.83,-0.11,0.54,-0.14
463.49,-13.31,2.27,-1.19,9.21,-0.23,1.06,0.28,0.12,1.08,9.82,-0.15,0.61,-0.11
463.50,-13.01,2.10,-1.33,9.34,-0.29,1.00,0.18,0.09,1.03,9.81,-0.21,0.70,-0.08
463.51,-12.74,1.84,-1.57,9.47,-0.32,0.96,0.12,-0.13,0.90,9.84,-0.28,0.81,-0.01
463.53,-12.67,1.51,-1.81,9.52,-0.31,0.94,0.11,-0.33,0.82,9.85,-0.32,0.89,0.08
463.54,-12.44,1.09,-2.00,9.50,-0.29,0.90,0.19,-0.59,0.72,9.89,-0.37,0.96,0.13
463.56,-12.33,0.96,-2.06,9.51,-0.29,0.88,0.29,-0.57,0.75,10.01,-0.40,1.03,0.19
463.57,-12.18,0.95,-2.07,9.53,-0.28,0.87,0.41,-0.30,0.81,10.14,-0.41,1.08,0.23
463.58,-11.96,1.11,-1.93,9.47,-0.27,0.85,0.59,0.05,0.82,10.20,-0.42,1.15,0.23
463.60,-11.81,1.30,-1.80,9.38,-0.29,0.84,0.72,0.08,0.75,10.13,-0.42,1.19,0.22
463.61,-12.03,1.49,-1.84,9.38,-0.32,0.79,0.82,-0.41,0.63,10.03,-0.41,1.31,0.22
463.63,-12.37,1.47,-1.95,9.42,-0.34,0.75,0.82,-0.58,0.56,10.05,-0.40,1.39,0.25
463.64,-12.91,1.36,-2.12,9.52,-0.37,0.67,0.78,-0.60,0.57,10.16,-0.38,1.48,0.27
463.65,-13.48,1.47,-2.29,9.91,-0.38,0.58,0.67,-0.44,0.79,10.33,-0.37,1.57,0.28
463.67,-14.15,2.00,-2.41,10.31,-0.36,0.53,0.54,-0.12,1.22,10.67,-0.39,1.66,0.25
463.68,-14.98,2.74,-2.45,10.90,-0.33,0.44,0.31,0.13,1.51,11.22,-0.42,1.76,0.16
463.70,-16.00,3.09,-2.45,11.43,-0.30,0.34,0.16,0.27,2.06,11.92,-0.46,1.87,0.04
463.71,-17.22,3.27,-2.27,12.33,-0.19,0.16,-0.08,0.05,2.84,12.59,-0.51,2.01,-0.08
463.73,-18.65,3.34,-2.01,12.81,-0.07,0.02,-0.23,-0.20,3.66,13.12,-0.57,2.15,-0.12
463.74,-19.85,3.46,-1.76,13.34,0.11,-0.12,-0.37,-0.16,4.27,13.34,-0.61,2.26,-0.10
463.75,-21.21,3.68,-1.32,13.51,0.37,-0.29,-0.47,-0.04,5.33,13.41,-0.67,2.38,0.01
463.77,-22.77,3.99,-0.55,13.31,0.64,-0.46,-0.53,0.31,6.32,13.67,-0.75,2.46,0.17
463.78,-24.73,4.74,0.16,12.56,0.97,-0.69,-0.48,1.20,6.10,13.75,-0.87,2.55,0.26
463.79,-26.46,5.07,0.17,11.22,1.25,-0.88,-0.36,1.61,4.79,13.63,-0.90,2.65,0.19
463.81,-29.07,4.74,0.31,9.33,1.49,-1.20,-0.28,0.25,2.66,12.88,-0.78,2.68,-0.28
463.82,-31.52,3.34,0.86,8.94,1.48,-1.48,-0.37,-1.47,2.03,12.26,-0.73,2.62,-1.05
463.84,-35.61,0.44,1.23,10.86,1.19,-1.79,-0.89,-6.05,0.04,11.37,-0.78,2.41,-1.35
463.85,-37.47,-0.97,-0.36,12.68,0.85,-1.85,-1.44,-7.27,-1.57,11.18,-0.68,2.18,-1.33
463.86,-39.50,-1.55,-3.99,14.39,0.84,-1.78,-1.78,-8.46,-3.37,10.68,-0.49,2.02,-1.12
463.87,-42.02,-2.17,-5.86,15.19,1.25,-1.70,-1.63,-9.70,-4.88,9.60,-0.27,1.67,-0.56
463.89,-43.85,-2.14,-5.17,13.98,1.67,-1.71,-1.19,-9.45,-5.01,8.78,-0.25,1.46,-0.24
463.90,-45.82,-1.22,-4.27,12.37,1.71,-1.84,-0.90,-8.27,-4.51,8.17,-0.22,0.86,0.15
463.92,-47.89,0.36,-3.67,10.78,1.41,-2.02,-0.63,-7.52,-4.64,7.38,0.09,0.47,0.06
463.93,-49.72,0.93,-3.60,10.48,1.13,-2.08,-0.62,-7.67,-4.88,6.48,0.42,0.06,-0.12
463.94,-51.15,0.84,-3.74,10.49,0.88,-2.12,-0.68,-8.04,-5.09,5.93,0.76,-0.34,-0.31
463.95,-52.43,0.46,-3.91,10.58,0.71,-2.15,-0.73,-8.70,-5.57,5.36,1.01,-0.63,-0.41
463.97,-53.89,-0.18,-3.75,10.65,0.57,-2.15,-0.76,-9.01,-6.13,4.74,1.40,-1.10,-0.48
463.98,-54.87,-0.53,-3.20,10.64,0.34,-2.09,-0.87,-9.00,-6.14,4.19,1.71,-1.68,-0.39
464.00,-55.64,-1.02,-2.98,10.20,0.12,-2.03,-1.16,-8.83,-5.49,3.71,1.88,-1.87,-0.35
464.01,-55.81,-1.48,-3.39,9.91,0.07,-2.02,-1.31,-8.91,-5.14,3.62,2.07,-2.22,-0.35
464.03,-55.74,-1.35,-3.67,9.48,0.05,-1.98,-1.31,-8.89,-4.78,3.35,2.24,-2.43,-0.33
464.04,-55.62,-1.04,-3.65,9.05,-0.04,-1.90,-1.18,-8.72,-4.58,3.13,2.38,-2.66,-0.30
464.05,-55.26,-0.62,-3.33,8.35,-0.30,-1.68,-0.93,-8.14,-4.14,3.01,2.60,-2.97,-0.25
464.07,-54.80,-0.47,-2.97,7.95,-0.50,-1.49,-0.84,-7.79,-3.73,3.12,2.73,-3.17,-0.29
464.08,-53.97,-0.32,-2.53,7.67,-0.66,-1.27,-0.86,-7.36,-3.18,3.39,2.87,-3.37,-0.43
464.09,-52.91,-0.28,-2.07,7.50,-0.76,-1.04,-1.00,-7.16,-2.60,3.73,2.97,-3.54,-0.59
464.11,-50.90,-0.14,-1.58,7.40,-0.80,-0.82,-1.24,-6.87,-2.14,4.47,3.09,-3.79,-0.94
464.12,-48.89,0.09,-1.12,7.37,-0.78,-0.61,-1.59,-6.50,-1.89,5.21,3.16,-3.93,-1.26
464.13,-46.98,0.37,-0.76,7.33,-0.76,-0.40,-1.98,-5.96,-1.74,5.88,3.24,-4.02,-1.60
464.14,-43.70,0.76,-0.54,7.35,-0.77,-0.15,-2.46,-4.58,-1.42,6.88,3.35,-4.05,-1.98
464.16,-40.55,1.42,-0.52,7.48,-0.81,0.04,-2.76,-3.29,-0.94,7.68,3.48,-4.02,-2.44
464.17,-36.56,2.18,-0.39,7.68,-0.86,0.20,-2.94,-2.64,-0.31,9.09,3.59,-3.88,-3.26
464.18,-33.70,2.87,-0.10,8.14,-0.89,0.37,-3.04,-3.01,0.10,10.05,3.61,-3.71,-3.68
464.19,-29.90,4.44,0.52,9.39,-0.88,0.55,-3.11,-3.94,0.93,10.68,3.51,-3.28,-4.36
464.22,-27.80,5.15,0.72,10.17,-0.79,0.63,-3.36,-3.27,1.79,10.04,3.25,-3.02,-4.49
464.23,-26.18,6.46,0.90,10.83,-0.56,0.66,-3.88,-2.58,1.61,9.00,2.84,-2.65,-4.59
464.24,-25.69,7.75,1.06,10.79,-0.43,0.68,-4.31,-2.28,0.99,8.46,2.52,-2.31,-4.53
464.26,-25.07,8.00,0.91,10.10,-0.48,0.70,-4.58,-1.95,-0.33,7.67,1.88,-1.93,-4.38
464.27,-25.09,6.71,0.07,8.93,-0.68,0.69,-4.54,-2.17,-1.63,7.35,1.31,-1.54,-4.11
464.28,-25.74,4.80,-1.43,7.38,-1.08,0.62,-4.12,-3.39,-3.31,7.38,0.61,-1.09,-3.65
464.30,-26.85,2.54,-3.68,6.50,-1.64,0.56,-3.43,-4.20,-3.33,8.31,-0.23,-0.64,-2.88
464.31,-26.89,1.06,-4.92,6.69,-1.93,0.52,-2.92,-3.60,-2.40,8.99,-0.63,-0.44,-2.42
464.32,-25.92,-0.34,-5.54,7.28,-2.10,0.46,-2.43,-2.51,-0.92,9.74,-0.90,-0.34,-2.11
464.34,-24.50,-1.10,-5.46,8.33,-2.21,0.39,-2.03,-0.51,0.84,11.60,-0.98,-0.35,-2.05
464.35,-22.13,-0.56,-4.85,9.98,-2.22,0.40,-1.86,1.74,1.68,15.27,-0.85,-0.37,-2.36
464.36,-20.10,0.68,-3.10,12.32,-2.02,0.45,-1.91,1.70,2.18,16.62,-0.48,-0.28,-3.18
464.37,-19.09,2.87,-0.59,14.11,-1.67,0.34,-2.08,-2.66,3.08,13.41,-0.18,-0.14,-4.32
464.39,-20.56,4.18,2.45,14.07,-1.30,0.00,-2.37,-7.33,2.38,9.54,-0.25,-0.10,-4.25
464.40,-23.51,2.37,2.25,13.68,-1.39,-0.05,-2.59,-10.05,1.29,6.99,-0.35,-0.10,-3.74
464.42,-25.10,0.17,1.06,12.75,-1.52,0.02,-2.68,-10.72,1.39,6.21,-0.41,-0.14,-2.82
464.43,-27.73,-1.74,0.11,11.44,-1.59,0.18,-2.58,-10.56,2.01,6.49,-0.54,-0.24,-2.07
464.44,-27.92,-2.51,-0.37,10.95,-1.57,0.32,-2.38,-10.03,2.10,7.22,-0.59,-0.33,-1.43
464.45,-28.44,-2.69,-0.70,11.01,-1.44,0.41,-2.08,-8.79,2.03,8.54,-0.63,-0.38,-1.05
464.46,-27.80,-2.29,-0.99,11.15,-1.23,0.46,-1.73,-6.83,1.54,10.18,-0.63,-0.42,-0.60
464.48,-26.93,-1.15,-1.21,10.89,-1.03,0.47,-1.39,-5.58,1.25,10.74,-0.61,-0.41,-0.37
464.49,-26.14,-0.06,-1.45,9.90,-0.90,0.43,-1.10,-3.73,0.88,10.72,-0.58,-0.39,-0.32
464.50,-25.13,2.07,-1.88,8.95,-0.97,0.42,-0.98,-1.99,0.60,9.86,-0.54,-0.37,-0.37
464.52,-24.83,3.04,-2.29,8.67,-1.05,0.46,-0.99,-1.34,0.54,9.53,-0.52,-0.37,-0.48
464.54,-24.85,3.70,-2.61,8.62,-1.11,0.51,-1.07,-1.10,0.49,9.50,-0.50,-0.37,-0.69
464.55,-24.55,4.11,-2.86,8.81,-1.10,0.55,-1.22,-1.04,0.52,9.84,-0.45,-0.36,-0.79
464.56,-24.53,4.26,-2.93,9.02,-1.06,0.54,-1.33,-1.16,0.41,10.31,-0.42,-0.34,-0.92
464.58,-24.56,4.24,-2.97,9.13,-1.01,0.53,-1.44,-1.27,0.27,10.53,-0.38,-0.32,-1.03
464.59,-24.64,4.07,-3.02,9.10,-0.96,0.53,-1.63,-1.43,0.13,10.45,-0.32,-0.28,-1.08
464.61,-24.73,3.94,-3.05,9.08,-0.96,0.55,-1.77,-1.52,0.14,10.21,-0.28,-0.26,-1.15
464.62,-24.82,3.58,-3.07,9.03,-0.97,0.60,-1.93,-1.72,0.25,9.87,-0.22,-0.25,-1.24
464.63,-24.88,3.30,-2.95,8.97,-0.98,0.64,-2.05,-1.85,0.31,9.82,-0.21,-0.28,-1.33
464.66,-24.74,2.74,-2.98,9.04,-1.00,0.65,-2.26,-2.24,0.38,9.97,-0.15,-0.29,-1.37
464.67,-24.48,2.60,-3.08,9.28,-0.98,0.66,-2.33,-1.96,0.38,10.22,-0.10,-0.28,-1.53
464.70,-23.21,2.05,-3.48,9.70,-0.88,0.65,-2.43,-1.34,0.54,10.52,0.04,-0.21,-1.60
464.71,-22.65,2.05,-3.44,9.58,-0.83,0.62,-2.44,-1.33,0.48,10.51,0.10,-0.20,-1.73
464.73,-22.19,2.23,-3.46,9.39,-0.81,0.58,-2.48,-1.42,0.51,10.43,0.18,-0.21,-1.95
464.74,-21.91,2.29,-3.51,9.21,-0.79,0.56,-2.57,-1.49,0.59,10.26,0.30,-0.21,-2.11
464.75,-21.56,2.35,-3.44,9.15,-0.77,0.55,-2.69,-1.25,0.92,10.12,0.48,-0.21,-2.48
464.76,-21.23,2.41,-3.37,9.29,-0.76,0.57,-2.85,-1.07,1.02,10.20,0.62,-0.22,-2.84
464.77,-20.95,2.44,-3.39,9.53,-0.74,0.61,-3.05,-0.99,0.95,10.34,0.72,-0.24,-3.32
464.79,-20.29,2.52,-3.45,9.81,-0.67,0.67,-3.29,-0.87,0.52,10.46,0.90,-0.27,-3.71
464.80,-19.89,2.42,-3.48,9.88,-0.61,0.72,-3.47,-0.86,0.26,10.37,0.98,-0.30,-4.05
464.81,-19.39,2.30,-3.46,9.83,-0.57,0.76,-3.60,-1.14,-0.39,10.10,1.03,-0.33,-4.23
464.82,-18.93,2.08,-3.62,9.57,-0.55,0.77,-3.71,-1.42,-1.05,9.95,1.02,-0.35,-4.37
464.84,-18.43,1.68,-3.84,9.23,-0.54,0.74,-3.76,-1.76,-1.52,9.94,1.00,-0.37,-4.38
464.85,-18.10,1.46,-4.03,8.92,-0.55,0.69,-3.75,-2.33,-1.81,9.86,0.97,-0.37,-4.20
464.86,-17.98,1.40,-4.14,8.69,-0.57,0.60,-3.70,-2.65,-1.72,9.76,0.93,-0.35,-4.02
464.88,-18.01,1.27,-4.21,8.74,-0.59,0.51,-3.62,-2.82,-1.21,9.78,0.90,-0.31,-3.49
464.90,-17.99,0.96,-4.25,9.21,-0.55,0.33,-3.36,-2.40,-0.76,10.02,0.89,-0.24,-3.17
464.91,-17.84,0.74,-4.10,9.34,-0.47,0.21,-3.20,-1.92,-0.49,10.35,0.91,-0.19,-2.98
464.92,-17.69,0.62,-3.80,9.38,-0.38,0.06,-3.02,-1.88,-0.40,10.50,0.96,-0.15,-2.95
464.94,-17.63,0.57,-3.56,9.42,-0.34,-0.04,-2.92,-2.00,-0.39,10.38,1.01,-0.13,-2.96
464.95,-17.71,0.54,-3.53,9.59,-0.32,-0.11,-2.77,-2.19,-0.56,10.07,1.05,-0.14,-3.00
464.96,-17.90,0.58,-3.57,9.77,-0.29,-0.12,-2.65,-2.45,-0.73,9.86,1.07,-0.16,-3.06
464.98,-18.06,0.58,-3.61,9.92,-0.26,-0.09,-2.54,-2.67,-0.80,9.86,1.09,-0.18,-3.10
464.99,-18.30,0.52,-3.59,9.95,-0.23,-0.05,-2.44,-3.03,-0.82,9.93,1.11,-0.20,-3.12
465.00,-18.54,0.38,-3.43,9.92,-0.19,-0.02,-2.36,-3.48,-0.88,9.96,1.14,-0.21,-3.12
465.01,-18.90,0.27,-3.20,9.84,-0.17,0.01,-2.29,-3.90,-0.96,9.92,1.15,-0.22,-3.07
465.02,-19.67,0.29,-2.84,9.74,-0.15,0.02,-2.17,-4.49,-0.68,9.45,1.13,-0.24,-2.82
465.04,-20.03,0.36,-2.58,9.64,-0.12,0.02,-2.08,-4.40,-0.43,9.24,1.10,-0.26,-2.60
465.05,-20.54,0.45,-2.28,9.54,-0.10,-0.00,-1.96,-4.07,-0.15,9.04,1.04,-0.26,-2.42
465.06,-21.08,0.86,-1.97,9.52,-0.10,-0.06,-1.85,-3.42,0.23,8.97,0.94,-0.26,-2.15
465.08,-21.45,1.19,-1.76,9.53,-0.09,-0.12,-1.74,-2.78,0.48,9.13,0.84,-0.25,-1.95
465.09,-21.78,1.51,-1.56,9.44,-0.06,-0.20,-1.62,-2.27,0.69,9.34,0.77,-0.23,-1.80
465.10,-21.92,1.83,-1.29,9.29,-0.03,-0.29,-1.47,-1.60,0.92,9.78,0.69,-0.20,-1.73
465.11,-22.33,2.46,-0.99,9.14,-0.02,-0.40,-1.34,-1.18,1.02,10.40,0.61,-0.13,-1.68
465.13,-23.00,2.87,-0.71,9.07,-0.04,-0.52,-1.27,-1.29,0.97,10.64,0.58,-0.07,-1.70
465.14,-23.56,2.99,-0.65,9.12,-0.11,-0.63,-1.25,-1.75,0.74,10.65,0.55,-0.02,-1.72
465.15,-25.52,2.86,-0.90,9.46,-0.24,-0.75,-1.25,-2.62,0.12,10.05,0.52,0.08,-1.72
465.17,-26.72,2.53,-1.28,9.64,-0.32,-0.77,-1.23,-2.90,-0.18,9.67,0.49,0.12,-1.71
465.18,-28.14,2.07,-1.57,9.64,-0.39,-0.75,-1.12,-3.20,-0.59,9.19,0.46,0.16,-1.70
465.19,-29.07,1.75,-1.53,9.50,-0.45,-0.71,-1.01,-3.38,-0.71,8.88,0.40,0.20,-1.70
465.21,-30.61,1.44,-1.39,9.33,-0.52,-0.67,-0.86,-3.86,-0.50,8.10,0.23,0.23,-1.71
465.22,-31.52,1.21,-1.31,9.30,-0.56,-0.65,-0.73,-4.08,-0.12,7.71,0.10,0.24,-1.71
465.23,-32.64,1.08,-1.16,9.41,-0.55,-0.64,-0.58,-4.31,0.70,7.33,-0.09,0.24,-1.73
465.25,-33.82,0.97,-0.82,9.61,-0.50,-0.62,-0.42,-4.50,1.61,7.12,-0.32,0.24,-1.75
465.26,-35.59,1.09,-0.08,10.00,-0.37,-0.60,-0.22,-5.14,2.98,7.15,-0.68,0.24,-1.78
465.27,-36.58,1.31,0.70,10.31,-0.21,-0.58,-0.09,-5.55,3.51,7.41,-0.84,0.20,-1.70
465.28,-37.83,1.55,1.58,10.47,-0.03,-0.57,0.03,-5.96,3.82,8.03,-0.99,0.20,-1.52
465.30,-39.80,2.29,2.45,10.38,0.11,-0.62,0.19,-6.33,3.77,9.02,-1.09,0.22,-0.93
465.31,-41.00,2.99,2.55,10.08,0.16,-0.68,0.30,-6.15,3.71,9.30,-1.06,0.19,-0.44
465.32,-42.21,3.44,2.17,9.47,0.17,-0.73,0.38,-5.37,3.54,9.62,-0.95,0.12,-0.09
465.33,-43.37,3.97,1.55,8.74,0.14,-0.79,0.44,-4.18,3.28,10.19,-0.76,0.01,0.41
465.35,-44.57,4.76,0.83,8.19,0.06,-0.86,0.48,-3.04,2.63,10.94,-0.45,-0.12,0.62
465.36,-45.71,5.64,0.26,8.06,-0.02,-0.95,0.46,-2.66,2.11,11.09,-0.30,-0.16,0.68
465.37,-47.65,6.43,-0.30,8.37,-0.01,-1.11,0.08,-2.10,1.17,10.54,-0.18,-0.20,0.58
465.40,-49.05,5.53,-0.60,8.72,0.16,-1.13,-0.34,-2.43,0.43,9.61,-0.20,-0.20,0.51
465.41,-49.84,4.78,-0.75,8.78,0.24,-1.09,-0.53,-3.23,-0.03,9.03,-0.23,-0.19,0.51
465.43,-50.70,4.37,-1.01,8.76,0.24,-1.02,-0.60,-3.64,-0.22,8.81,-0.22,-0.22,0.60
465.44,-51.60,4.32,-1.37,8.79,0.20,-0.95,-0.51,-3.57,-0.09,9.02,-0.18,-0.28,0.65
465.45,-52.18,4.55,-1.53,8.90,0.18,-0.91,-0.40,-3.22,0.03,9.64,-0.13,-0.34,0.63
465.46,-52.57,4.70,-1.50,8.98,0.20,-0.91,-0.33,-3.02,0.07,10.08,-0.09,-0.36,0.56
465.48,-52.60,4.69,-1.33,8.97,0.25,-0.92,-0.32,-2.88,0.09,10.63,-0.05,-0.34,0.48
465.49,-52.92,4.73,-0.98,8.80,0.32,-0.98,-0.33,-2.89,-0.04,10.87,0.00,-0.29,0.29
465.51,-53.24,4.85,-0.79,8.63,0.31,-1.05,-0.34,-3.01,-0.09,10.52,0.04,-0.29,0.23
465.52,-54.21,4.83,-0.80,8.52,0.29,-1.10,-0.37,-3.21,-0.13,9.70,0.07,-0.33,0.03
465.54,-54.77,4.71,-0.85,8.38,0.30,-1.12,-0.40,-3.13,-0.22,9.44,0.05,-0.35,-0.08
465.56,-55.29,4.94,-0.68,8.14,0.34,-1.12,-0.43,-2.76,-0.03,9.50,0.05,-0.34,-0.12
465.58,-55.78,5.24,-0.46,7.88,0.37,-1.13,-0.42,-2.59,0.09,9.56,0.04,-0.34,-0.15
465.59,-56.24,5.68,-0.14,7.59,0.41,-1.15,-0.43,-2.30,0.35,9.72,0.03,-0.34,-0.20
465.60,-56.78,6.10,0.17,7.39,0.44,-1.15,-0.47,-2.25,0.41,9.79,0.04,-0.35,-0.23
465.62,-57.42,6.47,0.44,7.17,0.50,-1.15,-0.56,-2.23,0.42,9.82,0.05,-0.35,-0.22
465.63,-58.26,6.77,0.55,6.90,0.55,-1.15,-0.65,-2.20,0.38,9.80,0.06,-0.35,-0.20
465.64,-58.94,7.18,0.61,6.62,0.58,-1.14,-0.75,-2.07,0.10,9.74,0.08,-0.35,-0.20
465.65,-59.92,7.41,0.72,6.43,0.57,-1.12,-0.86,-1.78,-0.04,9.61,0.11,-0.37,-0.25
465.67,-60.80,7.56,0.87,6.23,0.53,-1.11,-1.00,-1.60,-0.10,9.56,0.12,-0.37,-0.29
465.68,-61.17,7.62,0.83,6.14,0.46,-1.09,-1.12,-1.42,-0.12,9.57,0.13,-0.37,-0.32
465.69,-61.95,7.67,0.82,6.10,0.40,-1.07,-1.20,-1.40,-0.06,9.70,0.15,-0.38,-0.35
465.70,-62.68,7.68,0.92,6.15,0.35,-1.05,-1.26,-1.53,-0.02,9.79,0.17,-0.39,-0.36
465.71,-63.00,7.62,1.26,6.20,0.32,-1.04,-1.30,-1.75,0.08,9.85,0.19,-0.41,-0.35
465.73,-63.66,7.38,1.58,6.25,0.28,-1.03,-1.32,-1.88,0.34,9.82,0.21,-0.44,-0.31
465.74,-64.42,7.18,2.01,6.18,0.23,-1.03,-1.29,-1.92,0.54,9.76,0.21,-0.44,-0.26
465.75,-64.68,7.21,2.28,6.04,0.17,-1.03,-1.26,-1.92,0.64,9.75,0.20,-0.42,-0.23
465.77,-65.28,7.24,2.32,5.93,0.11,-1.03,-1.20,-1.95,0.72,9.78,0.18,-0.40,-0.18
465.78,-65.90,7.36,2.26,5.96,0.04,-1.01,-1.13,-2.01,0.70,9.83,0.18,-0.38,-0.14
465.80,-66.36,7.49,2.27,5.99,-0.00,-0.98,-1.06,-1.95,0.67,9.91,0.17,-0.36,-0.11
465.81,-66.84,7.59,2.35,6.02,-0.04,-0.96,-0.98,-1.93,0.63,9.96,0.17,-0.35,-0.07
465.82,-67.24,7.59,2.59,6.01,-0.12,-0.93,-0.88,-1.84,0.66,10.07,0.16,-0.33,-0.07
465.84,-67.57,7.49,2.62,5.97,-0.20,-0.93,-0.77,-1.83,0.68,10.13,0.15,-0.30,-0.06
465.85,-68.01,7.44,2.59,5.98,-0.24,-0.95,-0.66,-1.87,0.79,10.15,0.15,-0.28,-0.03
465.86,-68.31,7.48,2.65,5.98,-0.26,-0.96,-0.55,-1.97,0.99,10.13,0.12,-0.27,-0.01
465.87,-68.69,7.52,2.71,5.97,-0.26,-0.97,-0.44,-2.03,1.12,10.12,0.10,-0.27,0.02
465.88,-69.05,7.55,2.69,5.96,-0.27,-0.97,-0.32,-2.16,1.23,10.11,0.07,-0.27,0.04
465.90,-69.46,7.60,2.62,5.95,-0.26,-0.98,-0.20,-2.28,1.25,10.09,0.06,-0.27,0.05
465.91,-69.91,7.69,2.53,5.96,-0.25,-0.97,-0.10,-2.46,1.22,10.04,0.04,-0.26,0.06
465.92,-70.38,7.84,2.45,5.92,-0.23,-0.96,-0.01,-2.57,1.16,10.04,0.02,-0.25,0.11
465.94,-71.39,8.06,2.11,5.79,-0.18,-0.93,0.12,-2.73,0.93,10.24,0.00,-0.18,0.17
465.95,-71.98,8.24,2.06,5.75,-0.14,-0.91,0.18,-2.68,0.79,10.35,-0.00,-0.15,0.23
465.97,-72.51,8.50,1.93,5.73,-0.10,-0.89,0.25,-2.61,0.69,10.44,-0.00,-0.13,0.30
465.98,-73.22,8.86,1.77,5.68,-0.02,-0.85,0.28,-2.44,0.58,10.52,0.01,-0.14,0.32
466.00,-73.76,8.99,1.68,5.66,0.04,-0.81,0.28,-2.17,0.43,10.54,0.03,-0.16,0.35
466.01,-74.07,9.05,1.60,5.53,0.09,-0.78,0.27,-1.85,0.35,10.53,0.06,-0.20,0.37
466.02,-74.33,9.08,1.58,5.25,0.13,-0.74,0.25,-1.57,0.34,10.48,0.08,-0.23,0.38
466.03,-74.47,9.08,1.65,4.81,0.18,-0.70,0.21,-1.16,0.36,10.36,0.11,-0.27,0.37
466.04,-74.43,9.10,1.84,4.27,0.20,-0.66,0.17,-0.76,0.40,10.21,0.14,-0.29,0.34
466.06,-74.52,9.13,1.97,3.85,0.18,-0.60,0.14,-0.42,0.45,10.02,0.16,-0.32,0.31
466.07,-74.73,9.13,2.04,3.56,0.16,-0.53,0.12,-0.29,0.52,9.88,0.17,-0.32,0.26
466.08,-74.60,9.04,2.16,3.31,0.11,-0.44,0.09,-0.17,0.60,9.67,0.17,-0.33,0.23
466.10,-74.57,8.82,2.30,3.30,0.05,-0.36,0.11,-0.16,0.67,9.54,0.16,-0.33,0.21
466.11,-74.36,8.59,2.26,3.42,-0.01,-0.27,0.13,-0.20,0.78,9.49,0.12,-0.32,0.21
466.13,-74.08,8.47,2.26,3.54,-0.04,-0.22,0.15,-0.18,0.85,9.54,0.10,-0.32,0.19
466.15,-73.53,8.42,2.15,3.65,-0.08,-0.17,0.16,-0.11,0.92,9.61,0.07,-0.33,0.17
466.16,-73.17,8.43,2.06,3.73,-0.09,-0.15,0.16,-0.12,0.95,9.67,0.05,-0.32,0.14
466.18,-72.92,8.45,2.00,3.78,-0.09,-0.14,0.16,-0.14,0.97,9.73,0.04,-0.31,0.08
466.20,-72.26,8.51,1.93,3.93,-0.10,-0.12,0.17,-0.31,1.01,9.96,0.02,-0.27,0.06
466.21,-71.73,8.46,1.91,4.06,-0.08,-0.12,0.19,-0.51,1.13,9.99,0.00,-0.24,0.08
466.24,-71.41,8.37,1.94,4.10,-0.04,-0.12,0.22,-0.66,1.15,9.95,-0.00,-0.24,0.11
466.25,-71.22,8.34,1.96,4.08,-0.02,-0.12,0.24,-0.72,1.11,9.93,-0.00,-0.24,0.13
466.26,-71.05,8.34,1.97,4.04,-0.01,-0.12,0.25,-0.83,1.02,9.89,0.01,-0.24,0.18
466.28,-70.95,8.40,1.96,3.98,-0.00,-0.12,0.27,-0.92,0.93,9.90,0.02,-0.23,0.22
466.29,-70.92,8.47,1.90,3.96,-0.01,-0.11,0.27,-0.96,0.88,9.92,0.03,-0.23,0.30
466.31,-70.88,8.67,1.71,3.95,-0.03,-0.09,0.30,-0.84,0.77,9.87,0.04,-0.21,0.35
466.33,-70.79,8.78,1.57,4.02,-0.02,-0.07,0.31,-0.75,0.74,9.93,0.04,-0.21,0.39
466.35,-70.71,8.84,1.48,4.04,-0.01,-0.04,0.30,-0.70,0.76,9.96,0.04,-0.21,0.41
466.36,-70.53,8.87,1.43,4.07,0.01,-0.02,0.27,-0.69,0.75,10.07,0.06,-0.23,0.40
466.38,-70.32,8.87,1.38,4.13,0.01,-0.00,0.24,-0.77,0.69,10.22,0.08,-0.23,0.40
466.40,-70.16,8.81,1.33,4.23,0.01,-0.00,0.22,-0.80,0.67,10.27,0.09,-0.24,0.40
466.41,-69.95,8.74,1.32,4.28,0.01,-0.01,0.20,-0.74,0.66,10.24,0.11,-0.24,0.38
466.42,-69.72,8.68,1.33,4.28,0.00,-0.03,0.19,-0.67,0.67,10.20,0.11,-0.25,0.37
466.44,-69.35,8.67,1.30,4.26,-0.00,-0.06,0.15,-0.45,0.73,10.18,0.10,-0.25,0.32
466.46,-69.12,8.69,1.27,4.18,-0.01,-0.08,0.11,-0.33,0.78,10.12,0.09,-0.26,0.30
466.47,-68.79,8.71,1.27,4.08,-0.01,-0.10,0.06,-0.20,0.88,10.00,0.10,-0.27,0.26
466.49,-68.64,8.71,1.30,4.02,-0.02,-0.11,0.03,-0.15,0.95,9.93,0.10,-0.27,0.24
466.50,-68.44,8.66,1.37,3.98,-0.02,-0.10,0.01,-0.12,1.03,9.85,0.10,-0.27,0.23
466.51,-68.06,8.60,1.43,3.94,-0.01,-0.09,0.01,0.04,1.13,9.83,0.09,-0.27,0.21
466.53,-67.88,8.58,1.45,3.90,-0.00,-0.08,0.02,0.13,1.15,9.86,0.09,-0.27,0.20
466.54,-67.30,8.60,1.40,3.85,-0.00,-0.08,0.01,0.28,1.09,10.02,0.09,-0.26,0.17
466.56,-67.13,8.69,1.38,3.86,-0.01,-0.09,0.00,0.29,1.05,10.05,0.10,-0.26,0.15
466.58,-66.69,8.73,1.39,3.84,-0.03,-0.09,-0.02,0.33,0.98,9.98,0.12,-0.25,0.11
466.60,-66.47,8.74,1.47,3.80,-0.04,-0.08,-0.01,0.29,0.94,9.92,0.12,-0.24,0.09
466.62,-66.18,8.68,1.50,3.85,-0.06,-0.07,0.00,0.21,1.05,9.84,0.12,-0.22,0.09
466.63,-66.02,8.64,1.47,3.89,-0.06,-0.06,0.01,0.13,1.08,9.82,0.12,-0.20,0.08
466.65,-65.91,8.66,1.47,3.93,-0.06,-0.05,0.03,0.09,1.11,9.84,0.11,-0.18,0.10
466.66,-65.83,8.66,1.45,3.96,-0.06,-0.05,0.04,0.09,1.16,9.82,0.10,-0.17,0.13
466.68,-65.68,8.65,1.39,4.02,-0.06,-0.05,0.06,0.09,1.23,9.85,0.07,-0.14,0.14
466.69,-65.57,8.68,1.38,4.04,-0.05,-0.05,0.07,0.11,1.27,9.89,0.06,-0.12,0.15
466.71,-65.50,8.69,1.40,4.03,-0.04,-0.05,0.07,0.14,1.28,9.90,0.05,-0.11,0.16
466.72,-65.41,8.70,1.38,3.99,-0.03,-0.06,0.08,0.22,1.31,9.94,0.03,-0.08,0.16
466.74,-65.33,8.69,1.35,3.99,-0.03,-0.06,0.09,0.27,1.30,9.95,0.02,-0.06,0.16
466.75,-65.29,8.68,1.34,3.96,-0.02,-0.07,0.09,0.28,1.27,9.95,0.02,-0.05,0.15
466.76,-65.26,8.68,1.31,3.94,-0.01,-0.07,0.09,0.29,1.22,9.93,0.01,-0.04,0.15
466.77,-65.24,8.72,1.28,3.93,-0.01,-0.07,0.09,0.29,1.16,9.89,0.01,-0.02,0.13
466.79,-65.23,8.79,1.23,3.90,-0.00,-0.06,0.07,0.31,1.11,9.84,0.01,-0.01,0.11
466.80,-65.24,8.84,1.22,3.92,0.00,-0.05,0.06,0.32,1.10,9.84,0.01,0.00,0.09
466.81,-65.24,8.85,1.20,3.93,0.01,-0.05,0.05,0.34,1.11,9.86,-0.00,0.01,0.09
466.82,-65.23,8.82,1.20,3.92,0.02,-0.04,0.04,0.38,1.12,9.90,-0.01,0.01,0.08
466.85,-65.17,8.81,1.23,3.87,0.03,-0.04,0.02,0.47,1.15,9.97,-0.03,0.02,0.08
466.86,-65.14,8.79,1.25,3.83,0.04,-0.04,0.02,0.52,1.16,10.01,-0.03,0.02,0.09
466.88,-65.06,8.79,1.28,3.76,0.04,-0.05,0.01,0.62,1.08,10.06,-0.03,0.02,0.09
466.89,-65.01,8.79,1.31,3.71,0.03,-0.05,-0.00,0.65,0.99,10.04,-0.01,0.01,0.08
466.91,-64.96,8.82,1.30,3.69,0.01,-0.05,-0.03,0.69,0.91,10.00,0.00,0.01,0.05
466.92,-64.95,8.85,1.29,3.68,-0.00,-0.04,-0.05,0.69,0.89,9.99,0.01,0.00,0.03
466.93,-64.88,8.84,1.29,3.69,-0.02,-0.04,-0.07,0.65,0.89,9.94,0.02,-0.01,0.01
466.95,-64.83,8.83,1.31,3.71,-0.04,-0.03,-0.09,0.60,0.93,9.92,0.03,-0.01,-0.02
466.96,-64.78,8.78,1.33,3.75,-0.05,-0.02,-0.10,0.50,1.00,9.92,0.03,-0.02,-0.04
466.98,-64.74,8.74,1.37,3.82,-0.06,-0.01,-0.09,0.41,1.10,9.93,0.03,-0.02,-0.04
467.00,-64.68,8.67,1.43,3.92,-0.06,-0.02,-0.06,0.28,1.27,9.92,0.02,-0.02,-0.03
467.01,-64.66,8.65,1.46,3.94,-0.06,-0.02,-0.04,0.23,1.39,9.91,0.01,-0.01,-0.01
467.03,-64.65,8.67,1.45,3.95,-0.04,-0.03,-0.01,0.21,1.44,9.90,-0.00,-0.00,0.02
467.05,-64.65,8.68,1.41,3.94,-0.03,-0.04,0.01,0.22,1.44,9.91,-0.01,-0.00,0.05
467.07,-64.67,8.72,1.38,3.90,-0.01,-0.04,0.03,0.28,1.39,9.93,-0.01,0.01,0.06
467.08,-64.68,8.76,1.37,3.88,0.00,-0.04,0.04,0.33,1.33,9.95,-0.02,0.01,0.07
467.09,-64.69,8.79,1.36,3.85,0.01,-0.03,0.04,0.38,1.27,9.93,-0.02,0.02,0.08
467.11,-64.69,8.80,1.34,3.83,0.02,-0.03,0.05,0.43,1.22,9.92,-0.02,0.02,0.08
467.12,-64.68,8.79,1.34,3.80,0.02,-0.03,0.04,0.46,1.18,9.93,-0.02,0.02,0.08
467.14,-64.68,8.79,1.36,3.80,0.02,-0.03,0.04,0.47,1.14,9.94,-0.02,0.02,0.08
467.15,-64.67,8.80,1.37,3.68,0.02,-0.02,0.03,0.53,1.11,9.95,-0.03,0.02,0.08
467.17,-64.65,8.75,1.49,3.70,0.00,-0.01,0.04,0.54,1.08,9.92,-0.03,0.02,0.08
467.18,-64.61,8.65,1.33,3.76,-0.01,-0.02,0.04,0.54,1.06,9.97,-0.03,0.02,0.07
467.19,-64.57,8.77,1.24,3.82,0.00,-0.03,0.02,0.55,1.05,9.99,-0.03,0.02,0.07
467.20,-64.54,8.91,1.30,3.80,0.00,-0.03,0.02,0.53,1.04,10.02,-0.02,0.01,0.06
467.22,-64.52,8.87,1.32,3.80,-0.01,-0.02,0.03,0.53,1.02,10.01,-0.02,0.01,0.05
467.23,-64.50,8.76,1.33,3.79,-0.01,-0.02,0.02,0.53,1.01,10.01,-0.01,0.01,0.04
467.24,-64.45,8.72,1.33,3.79,-0.01,-0.02,0.01,0.51,1.00,9.97,-0.01,0.01,0.04
467.25,-64.40,8.77,1.32,3.79,-0.01,-0.02,-0.01,0.49,1.01,9.95,-0.00,0.01,0.01
467.29,-64.36,8.82,1.34,3.77,-0.03,-0.01,-0.00,0.50,1.03,9.96,0.00,0.01,0.01
467.30,-64.33,8.78,1.35,3.77,-0.03,-0.01,-0.01,0.50,1.05,9.96,0.00,0.01,-0.00
467.32,-64.29,8.74,1.38,3.77,-0.04,-0.01,-0.02,0.48,1.10,9.95,0.01,0.01,-0.01
467.34,-64.27,8.74,1.38,3.77,-0.04,-0.01,-0.02,0.48,1.12,9.95,0.01,0.01,-0.01
467.35,-64.25,8.76,1.36,3.81,-0.04,-0.01,-0.02,0.46,1.13,9.95,0.01,0.01,-0.01
467.37,-64.22,8.75,1.37,3.83,-0.04,-0.01,-0.01,0.44,1.14,9.95,0.01,0.01,-0.01
467.38,-64.19,8.73,1.38,3.84,-0.04,-0.01,-0.01,0.42,1.16,9.96,0.01,0.01,0.00
467.40,-64.17,8.72,1.38,3.84,-0.04,-0.01,-0.01,0.40,1.17,9.96,0.00,0.01,0.01
467.41,-64.16,8.72,1.38,3.85,-0.03,-0.01,-0.00,0.41,1.16,9.95,0.00,0.01,0.02
467.43,-64.14,8.73,1.37,3.85,-0.03,-0.01,0.00,0.41,1.15,9.94,-0.00,0.01,0.02
467.44,-64.14,8.74,1.37,3.85,-0.03,-0.02,0.01,0.40,1.14,9.95,-0.00,0.01,0.02
467.46,-64.13,8.76,1.35,3.84,-0.03,-0.02,0.01,0.42,1.10,9.96,-0.00,0.01,0.02
467.47,-64.13,8.77,1.33,3.84,-0.02,-0.02,0.01,0.43,1.10,9.96,-0.00,0.01,0.02
467.49,-64.12,8.78,1.33,3.84,-0.02,-0.02,0.00,0.43,1.09,9.97,0.00,0.01,0.02
467.50,-64.11,8.78,1.34,3.85,-0.02,-0.01,-0.00,0.43,1.08,9.97,0.00,0.01,0.02
467.51,-64.09,8.77,1.34,3.85,-0.02,-0.01,-0.01,0.43,1.07,9.97,0.00,0.01,0.01
467.54,-64.08,8.76,1.34,3.85,-0.02,-0.01,-0.02,0.43,1.08,9.96,0.00,0.01,0.01
467.55,-64.07,8.75,1.35,3.84,-0.02,-0.01,-0.02,0.43,1.08,9.96,0.00,0.01,0.01
467.56,-64.06,8.75,1.37,3.85,-0.02,-0.01,-0.02,0.43,1.08,9.96,0.00,0.01,0.01
467.57,-64.04,8.74,1.38,3.84,-0.02,-0.01,-0.02,0.45,1.09,9.97,0.00,0.00,0.01
467.58,-64.03,8.74,1.38,3.82,-0.02,-0.02,-0.02,0.45,1.09,9.98,0.01,0.00,0.01
467.60,-64.01,8.74,1.39,3.83,-0.02,-0.02,-0.02,0.45,1.10,9.97,0.01,0.00,0.01
467.61,-64.00,8.74,1.40,3.80,-0.02,-0.02,-0.02,0.45,1.11,9.96,0.01,0.00,0.01
467.64,-64.00,8.75,1.41,3.81,-0.03,-0.02,-0.02,0.45,1.12,9.96,0.01,0.00,0.01
467.65,-64.00,8.75,1.40,3.82,-0.03,-0.02,-0.01,0.44,1.12,9.96,0.01,0.00,0.01
467.67,-63.99,8.74,1.44,3.81,-0.02,-0.01,-0.00,0.43,1.14,9.96,0.01,0.00,0.02
467.68,-63.99,8.69,1.47,3.81,-0.03,-0.02,0.00,0.42,1.15,9.97,0.01,0.00,0.02
467.69,-63.99,8.67,1.46,3.82,-0.03,-0.02,0.01,0.41,1.15,9.97,0.00,0.00,0.02
467.70,-63.99,8.69,1.43,3.84,-0.03,-0.02,0.02,0.39,1.14,9.96,0.00,0.00,0.02
467.72,-63.99,8.71,1.41,3.85,-0.03,-0.02,0.02,0.39,1.14,9.96,0.00,0.00,0.02
467.73,-63.99,8.73,1.41,3.84,-0.04,-0.02,0.03,0.39,1.13,9.97,0.00,0.00,0.02
467.74,-64.01,8.72,1.41,3.83,-0.04,-0.03,0.04,0.39,1.11,9.97,0.00,0.00,0.02
467.76,-64.02,8.72,1.39,3.84,-0.04,-0.03,0.04,0.40,1.10,9.98,-0.00,0.00,0.02
467.78,-64.03,8.74,1.37,3.84,-0.04,-0.03,0.04,0.40,1.09,9.97,-0.00,0.00,0.02
467.79,-64.04,8.76,1.35,3.84,-0.04,-0.03,0.04,0.40,1.08,9.97,-0.00,0.00,0.02
467.80,-64.05,8.78,1.35,3.84,-0.04,-0.03,0.03,0.41,1.07,9.97,-0.00,0.01,0.01
467.82,-64.05,8.77,1.33,3.85,-0.04,-0.03,0.03,0.43,1.06,9.97,-0.00,0.01,0.01
467.83,-64.05,8.76,1.33,3.83,-0.04,-0.03,0.02,0.43,1.06,9.97,-0.00,0.01,0.01
467.85,-64.05,8.77,1.33,3.82,-0.04,-0.03,0.02,0.45,1.07,9.97,0.00,0.00,0.01
467.86,-64.05,8.78,1.33,3.83,-0.03,-0.03,0.01,0.44,1.06,9.97,0.00,0.00,0.01
467.87,-64.04,8.79,1.32,3.83,-0.03,-0.03,0.01,0.45,1.06,9.97,0.00,0.00,0.01
467.89,-64.04,8.79,1.33,3.83,-0.03,-0.02,0.00,0.44,1.07,9.96,0.00,0.00,0.01
467.91,-64.03,8.78,1.33,3.83,-0.03,-0.02,-0.00,0.45,1.07,9.95,0.00,0.00,0.01
467.92,-64.03,8.78,1.32,3.82,-0.03,-0.02,-0.00,0.46,1.08,9.96,0.00,0.00,0.00
467.93,-64.02,8.77,1.34,3.82,-0.03,-0.02,-0.01,0.45,1.09,9.97,0.01,0.00,0.01
467.94,-64.01,8.77,1.34,3.82,-0.03,-0.02,-0.01,0.45,1.09,9.97,0.01,0.00,0.00
467.95,-64.00,8.76,1.34,3.82,-0.03,-0.02,-0.01,0.45,1.09,9.97,0.01,0.00,0.00
467.97,-63.99,8.75,1.34,3.83,-0.03,-0.02,-0.01,0.44,1.08,9.96,0.01,0.00,0.00
467.98,-63.98,8.75,1.35,3.84,-0.03,-0.02,-0.01,0.43,1.10,9.96,0.01,0.00,-0.00
468.00,-63.98,8.75,1.36,3.83,-0.03,-0.02,-0.02,0.42,1.10,9.95,0.01,0.00,-0.00
468.01,-63.98,8.74,1.37,3.84,-0.03,-0.02,-0.02,0.40,1.10,9.95,0.01,0.00,-0.00
468.02,-63.97,8.74,1.38,3.84,-0.03,-0.02,-0.01,0.41,1.11,9.95,0.01,0.00,-0.00
468.04,-63.97,8.73,1.38,3.84,-0.03,-0.02,-0.01,0.41,1.12,9.95,0.01,0.00,-0.00
468.05,-63.98,8.74,1.37,3.83,-0.04,-0.02,-0.00,0.40,1.12,9.95,0.01,0.00,0.00
468.07,-63.98,8.75,1.37,3.83,-0.04,-0.02,0.00,0.41,1.13,9.95,0.01,0.00,0.01
468.09,-63.98,8.74,1.37,3.82,-0.04,-0.02,0.01,0.41,1.12,9.96,0.01,0.00,0.01
468.11,-63.98,8.76,1.37,3.83,-0.04,-0.02,0.01,0.42,1.11,9.96,0.01,0.00,0.01
468.12,-63.99,8.76,1.36,3.83,-0.04,-0.02,0.01,0.41,1.11,9.95,0.00,0.00,0.01
468.13,-63.99,8.76,1.36,3.83,-0.04,-0.02,0.01,0.42,1.10,9.96,0.00,0.00,0.01
468.14,-63.99,8.76,1.35,3.83,-0.04,-0.02,0.01,0.42,1.10,9.96,0.00,0.00,0.01
468.16,-64.00,8.76,1.36,3.83,-0.04,-0.02,0.01,0.42,1.10,9.96,0.00,0.00,0.01
468.17,-64.00,8.76,1.35,3.84,-0.04,-0.02,0.01,0.41,1.10,9.95,0.00,0.00,0.01
468.18,-64.00,8.76,1.35,3.84,-0.04,-0.02,0.01,0.41,1.10,9.94,0.00,0.00,0.01
468.19,-64.00,8.76,1.34,3.84,-0.04,-0.02,0.01,0.42,1.11,9.95,0.00,0.00,0.01
468.21,-64.00,8.76,1.34,3.85,-0.03,-0.02,0.01,0.43,1.11,9.96,0.00,0.00,0.01
46