=~=~=~=~=~=~=~=~=~=~=~= PuTTY log 2024.05.21 13:10:40 =~=~=~=~=~=~=~=~=~=~=~=
6457.79,-19.14,2.59,1.05,9.56,-0.04,-0.06,0.05,-0.63,2.62,9.58,0.04,-0.03,0.06
6457.81,-19.15,2.60,1.04,9.57,-0.04,-0.07,0.06,-0.66,2.62,9.58,0.03,-0.03,0.05
6457.82,-19.15,2.64,1.04,9.59,-0.04,-0.07,0.06,-0.66,2.62,9.61,0.02,-0.03,0.05
6457.83,-19.17,2.68,1.04,9.59,-0.04,-0.06,0.06,-0.64,2.63,9.66,0.01,-0.02,0.04
6457.85,-19.18,2.71,1.05,9.60,-0.04,-0.06,0.05,-0.62,2.63,9.69,0.01,-0.02,0.02
6457.87,-19.23,2.76,1.04,9.59,-0.04,-0.05,0.03,-0.65,2.60,9.67,0.01,-0.02,0.00
6457.88,-19.25,2.75,1.04,9.58,-0.04,-0.05,0.01,-0.69,2.58,9.64,0.00,-0.02,-0.00
6457.89,-19.32,2.70,1.01,9.58,-0.04,-0.04,-0.01,-0.77,2.54,9.72,0.01,-0.02,0.00
6457.91,-19.34,2.62,1.00,9.59,-0.04,-0.03,-0.02,-0.73,2.57,9.68,0.01,-0.02,0.01
6457.92,-19.33,2.60,1.00,9.59,-0.04,-0.03,-0.02,-0.71,2.63,9.61,0.00,-0.02,0.02
6457.94,-19.33,2.62,1.04,9.58,-0.04,-0.03,-0.02,-0.90,2.64,9.42,-0.03,-0.03,0.04
6457.95,-19.41,2.58,1.06,9.59,-0.04,-0.03,-0.01,-0.84,2.59,9.81,-0.01,-0.03,0.09
6457.97,-19.38,2.53,1.08,9.63,-0.03,-0.02,0.00,-0.66,2.63,9.80,-0.00,-0.03,0.09
6457.98,-19.29,2.54,1.07,9.61,-0.03,-0.02,0.02,-0.59,2.65,9.79,0.00,-0.03,0.08
6457.99,-19.20,2.65,1.08,9.58,-0.04,-0.03,0.03,-0.53,2.62,9.78,0.00,-0.03,0.06
6458.01,-19.18,2.73,1.07,9.56,-0.04,-0.03,0.02,-0.52,2.61,9.73,-0.01,-0.03,0.06
6458.02,-19.16,2.75,1.06,9.55,-0.05,-0.03,0.01,-0.52,2.61,9.75,-0.01,-0.03,0.04
6458.03,-19.13,2.74,1.04,9.56,-0.05,-0.03,0.00,-0.53,2.60,9.82,0.00,-0.02,0.02
6458.04,-19.11,2.72,1.03,9.58,-0.05,-0.03,-0.00,-0.55,2.63,9.77,0.01,-0.02,-0.00
6458.06,-19.10,2.70,1.03,9.61,-0.05,-0.04,-0.01,-0.58,2.63,9.74,0.02,-0.02,-0.01
6458.07,-19.10,2.71,1.03,9.61,-0.05,-0.04,-0.02,-0.61,2.64,9.72,0.02,-0.01,-0.02
6458.08,-19.10,2.72,1.04,9.60,-0.04,-0.04,-0.02,-0.61,2.63,9.70,0.02,-0.01,-0.02
6458.09,-19.12,2.71,1.04,9.59,-0.04,-0.04,-0.02,-0.61,2.62,9.70,0.02,-0.01,-0.02
6458.11,-19.12,2.68,1.02,9.59,-0.04,-0.04,-0.03,-0.61,2.62,9.68,0.01,-0.01,-0.03
6458.13,-19.13,2.66,1.01,9.58,-0.04,-0.03,-0.04,-0.68,2.60,9.69,0.01,-0.01,-0.03
6458.14,-19.15,2.62,1.01,9.60,-0.04,-0.03,-0.04,-0.74,2.57,9.69,-0.00,-0.01,-0.00
6458.15,-19.18,2.56,1.00,9.61,-0.04,-0.03,-0.03,-0.81,2.56,9.71,0.00,-0.01,0.03
6458.17,-19.20,2.53,0.99,9.61,-0.04,-0.03,-0.02,-0.80,2.63,9.65,0.02,-0.01,0.02
6458.18,-19.19,2.51,1.01,9.60,-0.04,-0.03,-0.01,-0.80,2.61,9.60,0.01,-0.01,0.06
6458.20,-19.25,2.52,1.04,9.60,-0.03,-0.02,0.01,-0.81,2.57,9.73,0.02,-0.03,0.10
6458.21,-19.21,2.51,1.03,9.61,-0.04,-0.02,0.02,-0.80,2.67,9.67,0.03,-0.03,0.06
6458.22,-19.21,2.52,1.02,9.61,-0.04,-0.02,0.04,-0.75,2.60,9.72,0.02,-0.03,0.09
6458.24,-19.14,2.57,1.03,9.62,-0.03,-0.02,0.05,-0.64,2.60,9.71,0.01,-0.02,0.10
6458.25,-19.07,2.61,1.03,9.58,-0.03,-0.01,0.05,-0.50,2.64,9.67,0.01,-0.02,0.09
6458.26,-18.99,2.68,1.03,9.54,-0.04,-0.02,0.04,-0.37,2.68,9.67,0.01,-0.01,0.06
6458.28,-18.90,2.78,1.04,9.54,-0.04,-0.02,0.03,-0.36,2.68,9.73,0.01,-0.02,0.01
6458.29,-18.89,2.86,1.05,9.57,-0.04,-0.02,0.01,-0.42,2.68,9.72,0.01,-0.02,-0.02
6458.30,-18.80,2.90,1.04,9.56,-0.04,-0.02,-0.03,0.01,2.70,9.41,-0.01,-0.03,-0.09
6458.32,-18.84,2.93,1.06,9.52,-0.05,-0.02,-0.07,-0.67,2.53,9.90,0.00,-0.03,-0.15
6458.34,-18.86,2.85,1.00,9.58,-0.06,-0.02,-0.09,-0.55,2.48,9.86,-0.00,-0.03,-0.12
6458.35,-18.91,2.62,0.89,9.57,-0.05,-0.01,-0.10,-0.70,2.60,9.62,-0.01,-0.01,-0.07
6458.37,-18.93,2.54,0.89,9.60,-0.04,-0.01,-0.08,-0.75,2.61,9.64,0.00,-0.00,-0.05
6458.39,-18.91,2.49,0.96,9.62,-0.03,-0.01,-0.05,-0.72,2.65,9.69,0.02,-0.00,-0.02
6458.40,-18.85,2.62,1.12,9.61,-0.02,-0.02,-0.01,-0.55,2.70,9.79,0.04,-0.00,0.00
6458.42,-18.84,2.72,1.15,9.59,-0.02,-0.02,0.00,-0.49,2.77,9.64,0.04,0.00,-0.01
6458.44,-18.86,2.77,1.16,9.56,-0.02,-0.03,-0.00,-0.56,2.71,9.62,0.02,0.01,0.00
6458.45,-18.89,2.74,1.15,9.56,-0.02,-0.02,-0.01,-0.56,2.67,9.67,0.02,0.01,0.00
6458.47,-18.90,2.65,1.09,9.54,-0.03,-0.02,-0.01,-0.57,2.64,9.68,0.02,0.01,0.00
6458.48,-18.89,2.61,1.03,9.55,-0.03,-0.03,-0.01,-0.58,2.62,9.69,0.01,0.00,-0.00
6458.49,-18.89,2.62,1.01,9.57,-0.04,-0.03,-0.00,-0.60,2.61,9.71,0.01,0.00,0.00
6458.51,-18.91,2.64,1.00,9.60,-0.03,-0.03,0.01,-0.64,2.62,9.71,0.01,0.00,0.01
6458.53,-18.94,2.64,1.01,9.59,-0.03,-0.03,0.01,-0.64,2.62,9.69,0.01,0.01,0.01
6458.54,-18.96,2.65,1.02,9.59,-0.02,-0.03,0.01,-0.63,2.63,9.70,0.01,0.01,0.01
6458.55,-18.97,2.66,1.04,9.59,-0.02,-0.02,0.01,-0.61,2.63,9.69,0.01,0.01,0.01
6458.56,-18.98,2.69,1.06,9.58,-0.02,-0.02,-0.00,-0.59,2.64,9.69,0.01,0.01,0.00
6458.58,-18.99,2.69,1.07,9.58,-0.03,-0.02,-0.01,-0.59,2.64,9.69,0.01,0.01,-0.00
6458.60,-19.00,2.69,1.07,9.58,-0.03,-0.02,-0.01,-0.58,2.64,9.70,0.01,0.01,-0.01
6458.61,-19.00,2.67,1.08,9.58,-0.03,-0.02,-0.02,-0.60,2.64,9.69,0.02,0.01,-0.01
6458.62,-19.01,2.66,1.07,9.58,-0.03,-0.02,-0.02,-0.61,2.65,9.69,0.02,0.01,-0.01
6458.64,-19.01,2.65,1.08,9.59,-0.03,-0.02,-0.02,-0.62,2.65,9.69,0.02,0.01,-0.01
6458.65,-19.02,2.63,1.07,9.59,-0.03,-0.02,-0.02,-0.64,2.65,9.68,0.01,0.00,-0.01
6458.66,-19.02,2.61,1.08,9.59,-0.03,-0.02,-0.02,-0.66,2.65,9.68,0.01,0.00,-0.01
6458.67,-19.02,2.60,1.08,9.58,-0.03,-0.02,-0.01,-0.65,2.66,9.68,0.01,0.01,-0.01
6458.69,-19.01,2.60,1.07,9.59,-0.03,-0.02,-0.01,-0.65,2.65,9.68,0.01,0.00,-0.00
6458.70,-19.02,2.60,1.07,9.59,-0.03,-0.02,-0.00,-0.66,2.65,9.68,0.01,0.00,-0.00
6458.72,-19.02,2.60,1.07,9.59,-0.03,-0.02,-0.00,-0.67,2.64,9.68,0.01,0.00,0.00
6458.73,-19.02,2.59,1.07,9.59,-0.03,-0.02,-0.00,-0.66,2.64,9.68,0.01,0.00,0.00
6458.75,-19.02,2.59,1.07,9.59,-0.03,-0.02,0.00,-0.67,2.65,9.68,0.02,0.00,0.00
6458.76,-19.02,2.59,1.07,9.59,-0.03,-0.02,0.00,-0.67,2.64,9.68,0.02,-0.00,0.00
6458.77,-19.01,2.58,1.08,9.60,-0.03,-0.02,0.00,-0.67,2.65,9.68,0.02,-0.00,0.00
6458.78,-19.01,2.59,1.08,9.60,-0.03,-0.02,0.00,-0.67,2.64,9.68,0.02,-0.00,0.00
6458.80,-19.00,2.60,1.08,9.60,-0.03,-0.02,0.00,-0.65,2.65,9.69,0.02,-0.00,0.01
6458.81,-19.00,2.61,1.09,9.60,-0.03,-0.02,0.00,-0.65,2.65,9.69,0.02,-0.00,0.01
6458.83,-19.00,2.62,1.08,9.60,-0.03,-0.02,0.00,-0.65,2.66,9.69,0.02,-0.00,0.01
6458.84,-18.99,2.63,1.08,9.61,-0.03,-0.02,-0.00,-0.63,2.67,9.69,0.02,-0.00,0.01
6458.86,-18.98,2.63,1.08,9.60,-0.03,-0.02,-0.00,-0.63,2.66,9.69,0.02,-0.01,0.01
6458.87,-18.98,2.64,1.08,9.59,-0.03,-0.02,-0.00,-0.62,2.67,9.69,0.01,-0.00,0.01
6458.89,-18.97,2.64,1.08,9.59,-0.03,-0.02,-0.00,-0.63,2.67,9.69,0.01,-0.00,0.01
6458.90,-18.97,2.64,1.09,9.59,-0.03,-0.02,-0.00,-0.62,2.69,9.68,0.01,-0.00,0.01
6458.92,-18.97,2.65,1.09,9.59,-0.03,-0.02,-0.00,-0.61,2.68,9.69,0.01,-0.00,0.00
6458.93,-18.96,2.64,1.09,9.59,-0.03,-0.02,-0.00,-0.61,2.68,9.68,0.01,-0.00,0.01
6458.94,-18.95,2.63,1.08,9.60,-0.03,-0.02,-0.00,-0.60,2.69,9.69,0.01,-0.00,0.01
6458.96,-18.94,2.63,1.07,9.59,-0.03,-0.02,0.00,-0.60,2.68,9.67,0.01,-0.00,0.01
6458.98,-18.93,2.63,1.07,9.59,-0.03,-0.02,0.00,-0.59,2.68,9.68,0.01,-0.00,0.01
6459.00,-18.92,2.65,1.08,9.61,-0.03,-0.02,0.01,-0.58,2.68,9.67,0.01,-0.00,0.01
6459.02,-18.91,2.66,1.08,9.60,-0.03,-0.02,0.00,-0.58,2.69,9.67,0.01,-0.00,0.01
6459.03,-18.91,2.66,1.09,9.60,-0.03,-0.02,0.00,-0.58,2.70,9.67,0.01,-0.00,0.01
6459.05,-18.91,2.66,1.09,9.60,-0.03,-0.02,-0.00,-0.59,2.70,9.68,0.01,0.00,0.00
6459.06,-18.91,2.66,1.09,9.59,-0.03,-0.02,-0.00,-0.58,2.69,9.67,0.01,0.00,0.00
6459.07,-18.91,2.66,1.08,9.59,-0.03,-0.02,-0.01,-0.59,2.68,9.67,0.01,0.00,-0.00
6459.08,-18.91,2.65,1.08,9.59,-0.03,-0.02,-0.01,-0.60,2.67,9.67,0.01,0.00,-0.00
6459.10,-18.91,2.64,1.08,9.59,-0.03,-0.02,-0.01,-0.60,2.67,9.67,0.01,0.00,-0.00
6459.11,-18.91,2.63,1.07,9.59,-0.03,-0.02,-0.01,-0.62,2.67,9.68,0.01,0.00,-0.01
6459.12,-18.91,2.63,1.06,9.60,-0.03,-0.02,-0.01,-0.62,2.67,9.69,0.01,0.00,-0.00
6459.14,-18.91,2.63,1.06,9.60,-0.03,-0.02,-0.01,-0.63,2.67,9.69,0.01,0.00,-0.00
6459.15,-18.91,2.62,1.08,9.60,-0.03,-0.02,-0.01,-0.64,2.67,9.70,0.01,0.00,-0.00
6459.17,-18.91,2.63,1.09,9.60,-0.03,-0.01,-0.01,-0.62,2.69,9.70,0.01,0.00,-0.00
6459.19,-18.90,2.63,1.10,9.59,-0.03,-0.01,-0.01,-0.62,2.69,9.69,0.01,0.00,-0.00
6459.20,-18.90,2.63,1.10,9.59,-0.03,-0.01,-0.01,-0.62,2.69,9.68,0.01,0.00,-0.00
6459.21,-18.89,2.63,1.09,9.59,-0.03,-0.01,-0.01,-0.60,2.69,9.68,0.01,0.00,-0.00
6459.23,-18.89,2.64,1.09,9.59,-0.03,-0.01,-0.02,-0.60,2.69,9.68,0.01,0.00,-0.01
6459.25,-18.88,2.63,1.10,9.60,-0.03,-0.01,-0.02,-0.60,2.69,9.68,0.01,0.00,-0.01
6459.26,-18.87,2.62,1.09,9.60,-0.03,-0.01,-0.02,-0.62,2.69,9.68,0.01,0.00,-0.01
6459.27,-18.87,2.62,1.09,9.59,-0.03,-0.01,-0.02,-0.61,2.69,9.68,0.01,0.00,-0.01
6459.28,-18.86,2.62,1.10,9.60,-0.03,-0.01,-0.02,-0.60,2.69,9.68,0.01,0.00,-0.01
6459.30,-18.86,2.62,1.09,9.60,-0.03,-0.01,-0.02,-0.61,2.69,9.68,0.01,0.00,-0.01
6459.31,-18.86,2.62,1.09,9.60,-0.03,-0.02,-0.02,-0.61,2.69,9.67,0.01,0.01,-0.01
6459.33,-18.86,2.62,1.09,9.59,-0.03,-0.02,-0.02,-0.61,2.69,9.67,0.01,0.01,-0.01
6459.34,-18.86,2.61,1.09,9.59,-0.03,-0.02,-0.01,-0.61,2.70,9.67,0.01,0.01,-0.01
6459.35,-18.86,2.61,1.11,9.60,-0.03,-0.02,-0.01,-0.63,2.71,9.67,0.01,0.01,-0.01
6459.37,-18.86,2.61,1.11,9.60,-0.03,-0.02,-0.01,-0.62,2.71,9.66,0.01,0.01,-0.01
6459.38,-18.86,2.63,1.12,9.59,-0.03,-0.02,-0.01,-0.61,2.71,9.67,0.01,0.01,-0.01
6459.40,-18.87,2.63,1.13,9.59,-0.03,-0.02,-0.01,-0.61,2.72,9.67,0.01,0.01,-0.01
6459.41,-18.88,2.64,1.13,9.59,-0.03,-0.02,-0.02,-0.60,2.72,9.68,0.01,0.01,-0.01
6459.42,-18.88,2.64,1.14,9.59,-0.03,-0.02,-0.02,-0.60,2.72,9.68,0.01,0.01,-0.01
6459.44,-18.89,2.63,1.14,9.59,-0.03,-0.02,-0.02,-0.61,2.72,9.67,0.01,0.01,-0.01
6459.45,-18.90,2.63,1.14,9.59,-0.03,-0.02,-0.02,-0.61,2.72,9.67,0.00,0.01,-0.01
6459.46,-18.91,2.62,1.13,9.59,-0.03,-0.02,-0.02,-0.62,2.72,9.67,0.00,0.01,-0.01
6459.48,-18.92,2.61,1.13,9.59,-0.03,-0.02,-0.02,-0.64,2.71,9.66,0.00,0.01,-0.01
6459.50,-18.93,2.60,1.12,9.59,-0.04,-0.02,-0.01,-0.64,2.71,9.65,0.00,0.01,-0.01
6459.51,-18.94,2.60,1.12,9.59,-0.04,-0.02,-0.01,-0.63,2.72,9.67,0.00,0.01,-0.01
6459.52,-18.94,2.61,1.12,9.60,-0.04,-0.02,-0.01,-0.63,2.71,9.67,0.00,0.01,-0.00
6459.53,-18.95,2.61,1.12,9.60,-0.03,-0.02,-0.01,-0.64,2.71,9.67,-0.00,0.01,-0.00
6459.55,-18.97,2.62,1.13,9.59,-0.04,-0.02,-0.00,-0.63,2.71,9.67,-0.00,0.01,-0.00
6459.56,-18.99,2.62,1.14,9.58,-0.03,-0.02,0.00,-0.64,2.71,9.67,-0.00,0.01,-0.00
6459.58,-19.00,2.60,1.14,9.58,-0.04,-0.02,0.01,-0.65,2.70,9.67,-0.00,0.01,-0.01
6459.59,-19.00,2.57,1.14,9.59,-0.04,-0.02,0.01,-0.66,2.69,9.67,-0.00,0.01,-0.01
6459.60,-19.01,2.59,1.13,9.62,-0.04,-0.02,0.01,-0.68,2.69,9.68,-0.00,0.01,-0.00
6459.62,-19.01,2.55,1.12,9.63,-0.04,-0.02,-0.01,-0.68,2.69,9.68,-0.00,0.01,-0.00
6459.63,-19.02,2.57,1.14,9.64,-0.03,-0.03,-0.00,-0.68,2.68,9.69,-0.00,0.01,-0.01
6459.65,-19.01,2.51,1.09,9.54,-0.03,-0.03,-0.05,-0.68,2.66,9.66,-0.00,0.01,-0.01
6459.66,-19.03,2.64,1.03,9.58,-0.05,-0.03,-0.02,-0.69,2.66,9.65,-0.00,0.01,-0.00
6459.68,-19.08,2.63,1.09,9.66,-0.04,-0.02,0.03,-0.68,2.69,9.68,-0.00,0.01,0.00
6459.69,-19.08,2.55,1.12,9.65,-0.03,-0.02,0.01,-0.69,2.69,9.70,-0.00,0.01,0.00
6459.70,-19.08,2.57,1.16,9.62,-0.03,-0.03,-0.00,-0.70,2.67,9.69,-0.00,0.01,-0.00
6459.71,-19.10,2.61,1.15,9.59,-0.04,-0.03,-0.01,-0.68,2.67,9.67,0.00,0.01,-0.00
6459.73,-19.12,2.62,1.12,9.56,-0.05,-0.03,0.00,-0.67,2.65,9.66,0.00,0.01,-0.01
6459.74,-19.12,2.48,1.16,9.60,-0.06,-0.02,0.02,-0.73,2.64,9.65,0.00,0.01,-0.02
6459.76,-19.12,2.42,1.11,9.64,-0.06,-0.02,0.01,-0.79,2.63,9.67,0.00,0.00,-0.02
6459.77,-19.10,2.48,1.00,9.68,-0.07,-0.03,-0.02,-0.78,2.64,9.70,0.00,0.00,-0.01
6459.78,-19.12,2.62,0.96,9.69,-0.05,-0.03,-0.05,-0.74,2.67,9.70,0.00,0.00,-0.00
6459.80,-19.15,2.70,1.09,9.65,-0.04,-0.03,-0.04,-0.66,2.69,9.69,0.00,0.00,-0.00
6459.81,-19.20,2.77,1.17,9.49,-0.04,-0.02,-0.05,-0.58,2.68,9.68,0.00,0.00,-0.01
6459.83,-19.21,2.74,1.11,9.49,-0.05,-0.01,-0.07,-0.56,2.69,9.67,0.00,0.01,-0.03
6459.85,-19.21,2.69,1.06,9.58,-0.05,-0.01,-0.09,-0.60,2.70,9.68,0.00,0.01,-0.05
6459.86,-19.19,2.61,1.12,9.61,-0.04,-0.01,-0.07,-0.66,2.73,9.70,-0.00,0.01,-0.05
6459.88,-19.18,2.56,1.17,9.57,-0.03,-0.00,-0.06,-0.71,2.73,9.67,-0.00,0.01,-0.04
6459.89,-19.18,2.57,1.20,9.60,-0.02,0.00,-0.04,-0.70,2.71,9.65,-0.00,0.01,-0.02
6459.91,-19.16,2.57,1.15,9.64,-0.03,-0.00,-0.03,-0.66,2.71,9.68,-0.01,0.01,-0.01
6459.92,-19.13,2.57,1.14,9.64,-0.04,-0.01,-0.02,-0.62,2.70,9.71,-0.01,0.01,-0.00
6459.94,-19.10,2.58,1.10,9.63,-0.05,-0.04,-0.02,-0.62,2.68,9.69,-0.02,0.01,0.00
6459.96,-19.10,2.58,1.06,9.65,-0.06,-0.05,-0.02,-0.63,2.69,9.70,-0.02,0.02,0.01
6459.97,-19.13,2.67,1.04,9.65,-0.06,-0.07,0.02,-0.64,2.70,9.71,-0.02,0.02,0.01
6459.99,-19.19,2.59,1.15,9.58,-0.05,-0.06,0.05,-0.68,2.69,9.68,-0.03,0.02,0.01
6460.00,-19.21,2.44,1.19,9.49,-0.05,-0.05,0.09,-0.76,2.66,9.63,-0.02,0.02,0.02
6460.02,-19.28,2.49,1.05,9.59,-0.05,-0.04,0.10,-0.82,2.64,9.61,-0.02,0.02,0.05
6460.04,-19.31,2.52,1.02,9.62,-0.03,-0.04,0.11,-0.78,2.64,9.66,-0.02,0.02,0.07
6460.05,-19.34,2.56,1.04,9.62,-0.01,-0.03,0.11,-0.73,2.64,9.70,-0.01,0.03,0.08
6460.07,-19.35,2.60,1.06,9.58,-0.00,-0.03,0.12,-0.67,2.63,9.71,-0.01,0.03,0.08
6460.08,-19.36,2.67,1.07,9.56,-0.00,-0.03,0.13,-0.61,2.63,9.70,-0.01,0.03,0.09
6460.09,-19.39,2.74,1.08,9.56,-0.01,-0.03,0.13,-0.61,2.62,9.71,-0.01,0.02,0.08
6460.11,-19.46,2.80,1.07,9.55,-0.01,-0.02,0.11,-0.61,2.61,9.70,-0.01,0.02,0.07
6460.13,-19.49,2.80,1.07,9.58,-0.02,-0.02,0.10,-0.64,2.61,9.70,-0.01,0.03,0.07
6460.14,-19.55,2.80,1.04,9.64,-0.03,-0.02,0.06,-0.61,2.62,9.72,-0.01,0.03,0.05
6460.16,-19.58,2.80,1.00,9.62,-0.02,-0.02,0.02,-0.58,2.62,9.72,-0.01,0.03,0.03
6460.17,-19.61,2.80,1.00,9.58,-0.02,-0.02,-0.02,-0.59,2.62,9.70,-0.01,0.03,0.00
6460.19,-19.64,2.75,1.02,9.55,-0.01,-0.01,-0.04,-0.64,2.60,9.69,-0.00,0.03,-0.01
6460.20,-19.65,2.68,1.04,9.58,-0.01,-0.00,-0.06,-0.68,2.61,9.70,-0.00,0.03,-0.02
6460.21,-19.64,2.62,1.07,9.66,-0.01,-0.01,-0.07,-0.70,2.63,9.74,-0.00,0.03,-0.01
6460.23,-19.66,2.74,1.10,9.64,-0.01,-0.02,-0.08,-0.65,2.63,9.75,-0.01,0.03,0.01
6460.25,-19.70,2.80,1.08,9.58,-0.02,-0.03,-0.10,-0.60,2.62,9.71,-0.01,0.03,0.01
6460.27,-19.74,2.84,1.12,9.52,-0.02,-0.03,-0.10,-0.57,2.59,9.67,-0.01,0.03,-0.01
6460.28,-19.78,2.77,1.12,9.53,-0.03,-0.02,-0.11,-0.58,2.57,9.67,-0.00,0.03,-0.03
6460.29,-19.79,2.66,1.04,9.56,-0.04,-0.02,-0.12,-0.67,2.55,9.70,0.00,0.03,-0.07
6460.31,-19.80,2.64,1.03,9.58,-0.04,-0.01,-0.14,-0.76,2.54,9.70,0.01,0.03,-0.09
6460.32,-19.82,2.56,1.04,9.60,-0.03,-0.00,-0.15,-0.83,2.56,9.70,0.01,0.03,-0.10
6460.34,-19.83,2.60,1.06,9.65,-0.02,0.00,-0.18,-0.90,2.57,9.72,0.01,0.03,-0.09
6460.35,-19.87,2.59,1.04,9.69,-0.02,-0.00,-0.22,-0.88,2.58,9.76,0.01,0.03,-0.07
6460.36,-19.89,2.59,1.04,9.69,-0.02,-0.01,-0.24,-0.82,2.58,9.78,0.01,0.03,-0.06
6460.38,-19.88,2.55,1.10,9.64,-0.02,-0.01,-0.22,-0.78,2.59,9.75,0.01,0.03,-0.05
6460.39,-19.86,2.53,1.21,9.56,-0.02,-0.01,-0.15,-0.77,2.60,9.71,0.01,0.03,-0.02
6460.40,-19.85,2.58,1.25,9.52,-0.02,-0.00,-0.10,-0.77,2.61,9.68,0.00,0.04,-0.01
6460.42,-19.87,2.66,1.18,9.53,-0.04,-0.01,-0.10,-0.76,2.61,9.68,0.00,0.04,-0.00
6460.43,-19.90,2.69,1.14,9.56,-0.04,-0.01,-0.12,-0.75,2.60,9.70,0.00,0.04,-0.00
6460.45,-19.94,2.67,1.15,9.61,-0.04,-0.02,-0.14,-0.70,2.62,9.72,0.00,0.04,-0.02
6460.46,-19.95,2.65,1.19,9.59,-0.04,-0.02,-0.13,-0.69,2.63,9.72,0.00,0.05,-0.03
6460.48,-19.95,2.59,1.24,9.56,-0.04,-0.03,-0.12,-0.72,2.63,9.71,0.00,0.05,-0.04
6460.49,-19.97,2.60,1.21,9.56,-0.05,-0.03,-0.11,-0.77,2.62,9.70,0.00,0.05,-0.05
6460.50,-20.03,2.66,1.18,9.59,-0.04,-0.03,-0.13,-0.82,2.59,9.68,0.01,0.05,-0.05
6460.52,-20.08,2.61,1.19,9.61,-0.04,-0.03,-0.14,-0.86,2.57,9.68,0.01,0.05,-0.05
6460.53,-20.11,2.53,1.19,9.63,-0.04,-0.02,-0.14,-0.89,2.57,9.69,0.01,0.04,-0.05
6460.54,-20.14,2.48,1.20,9.64,-0.04,-0.02,-0.14,-0.91,2.57,9.70,0.01,0.04,-0.05
6460.56,-20.13,2.43,1.24,9.63,-0.04,-0.02,-0.10,-0.94,2.59,9.68,0.01,0.04,-0.04
6460.57,-20.12,2.37,1.28,9.60,-0.04,-0.01,-0.05,-0.98,2.60,9.65,0.01,0.04,-0.04
6460.58,-20.11,2.32,1.31,9.58,-0.04,-0.01,-0.02,-1.02,2.59,9.59,0.01,0.04,-0.04
6460.60,-20.08,2.22,1.36,9.53,-0.04,0.01,0.03,-1.07,2.58,9.57,0.02,0.03,-0.04
6460.61,-20.04,2.17,1.34,9.57,-0.05,0.01,0.05,-1.16,2.57,9.59,0.03,0.03,-0.05
6460.62,-20.05,2.15,1.24,9.64,-0.06,0.01,0.04,-1.20,2.56,9.65,0.03,0.02,-0.05
6460.64,-19.99,2.23,1.09,9.72,-0.06,0.01,0.01,-1.19,2.55,9.69,0.03,0.01,-0.05
6460.65,-19.99,2.35,1.03,9.77,-0.04,0.01,-0.02,-1.16,2.57,9.68,0.03,0.01,-0.04
6460.66,-20.00,2.36,1.09,9.74,-0.02,0.02,-0.03,-1.13,2.58,9.67,0.03,0.01,-0.03
6460.67,-19.97,2.32,1.20,9.65,0.00,0.03,-0.03,-1.10,2.60,9.66,0.03,0.01,-0.02
6460.68,-19.90,2.33,1.30,9.61,0.01,0.03,0.03,-1.04,2.63,9.69,0.03,0.00,0.02
6460.70,-19.85,2.38,1.25,9.61,-0.00,0.02,0.06,-0.95,2.66,9.71,0.02,0.00,0.04
6460.72,-19.81,2.56,1.20,9.66,-0.01,0.01,0.06,-0.88,2.66,9.71,0.02,-0.00,0.05
6460.73,-19.81,2.72,1.21,9.74,-0.02,-0.00,0.03,-0.79,2.68,9.73,0.01,0.00,0.06
6460.75,-19.84,2.77,1.25,9.73,-0.02,-0.01,-0.00,-0.70,2.70,9.76,0.01,0.00,0.05
6460.76,-19.82,2.66,1.32,9.60,-0.03,-0.04,-0.03,-0.65,2.70,9.74,0.00,0.01,0.02
6460.78,-19.81,2.62,1.37,9.54,-0.05,-0.05,-0.02,-0.70,2.68,9.69,0.00,0.01,-0.00
6460.79,-19.81,2.48,1.30,9.59,-0.08,-0.07,-0.04,-0.85,2.65,9.66,0.00,0.00,-0.02
6460.80,-19.83,2.40,1.17,9.67,-0.10,-0.09,-0.06,-0.95,2.63,9.67,0.00,0.00,-0.02
6460.82,-19.89,2.46,1.14,9.73,-0.10,-0.11,-0.07,-1.02,2.63,9.70,-0.00,-0.00,-0.01
6460.83,-20.08,2.75,1.12,9.78,-0.09,-0.13,-0.12,-1.04,2.65,9.73,-0.01,-0.01,0.03
6460.85,-20.28,2.98,1.11,9.80,-0.09,-0.15,-0.18,-0.96,2.63,9.78,-0.01,-0.01,0.05
6460.86,-20.65,3.20,1.07,9.77,-0.10,-0.19,-0.33,-0.70,2.64,9.83,-0.02,-0.02,0.05
6460.88,-20.81,3.11,1.12,9.59,-0.09,-0.19,-0.38,-0.47,2.63,9.76,-0.02,-0.02,0.02
6460.89,-20.80,2.86,1.21,9.28,-0.07,-0.15,-0.37,-0.35,2.60,9.49,-0.02,0.01,-0.02
6460.90,-20.84,2.70,1.35,9.17,-0.06,-0.12,-0.34,-0.59,2.58,9.56,-0.01,0.03,-0.06
6460.92,-20.85,2.50,1.39,9.39,-0.10,-0.11,-0.30,-0.80,2.61,9.65,-0.01,0.03,-0.07
6460.93,-20.87,2.49,1.30,9.57,-0.11,-0.12,-0.28,-0.90,2.64,9.74,-0.01,0.02,-0.07
6460.94,-20.90,2.51,1.21,9.70,-0.11,-0.13,-0.28,-0.94,2.65,9.73,-0.01,0.02,-0.06
6460.95,-20.94,2.52,1.22,9.66,-0.09,-0.13,-0.25,-0.98,2.63,9.67,-0.01,0.03,-0.04
6460.97,-21.00,2.40,1.33,9.40,-0.06,-0.11,-0.17,-0.94,2.59,9.60,-0.01,0.03,-0.03
6460.99,-20.92,2.14,1.41,9.09,-0.04,-0.05,-0.02,-0.95,2.54,9.38,0.00,0.04,-0.04
6461.01,-20.80,1.95,1.41,9.14,-0.04,0.00,0.14,-1.16,2.53,9.38,0.03,0.05,-0.06
6461.02,-20.77,1.87,1.39,9.30,-0.03,0.04,0.25,-1.40,2.61,9.47,0.04,0.05,-0.04
6461.04,-20.65,1.95,1.36,9.57,-0.01,0.07,0.38,-1.55,2.70,9.57,0.04,0.04,0.00
6461.06,-20.65,2.36,1.30,9.76,0.03,0.10,0.45,-1.54,2.76,9.63,0.03,0.03,0.04
6461.07,-20.71,2.22,1.49,9.76,0.08,0.13,0.52,-1.45,2.79,9.59,0.02,0.02,0.07
6461.08,-20.63,2.35,1.84,9.75,0.09,0.14,0.62,-1.42,2.75,9.62,0.02,0.01,0.09
6461.09,-20.58,2.42,1.52,9.85,0.04,0.11,0.45,-1.17,2.68,9.72,0.01,-0.01,0.09
6461.11,-20.48,2.66,1.04,9.90,-0.01,0.06,0.30,-0.97,2.64,9.80,0.01,-0.03,0.07
6461.12,-20.40,2.80,0.92,9.87,-0.02,0.03,0.21,-0.83,2.60,9.81,0.01,-0.04,0.03
6461.13,-20.37,2.80,0.99,9.81,-0.01,0.03,0.16,-0.82,2.57,9.81,0.01,-0.04,0.01
6461.15,-20.34,2.78,1.06,9.71,-0.01,0.01,0.10,-0.87,2.54,9.80,0.00,-0.04,-0.01
6461.16,-20.32,2.75,1.06,9.61,-0.02,-0.00,0.05,-0.91,2.51,9.73,0.00,-0.04,0.01
6461.18,-20.34,2.74,1.02,9.57,-0.03,-0.01,0.04,-0.88,2.51,9.70,0.00,-0.04,0.03
6461.19,-20.36,2.71,0.95,9.55,-0.05,-0.01,0.05,-0.85,2.51,9.70,0.00,-0.04,0.04
6461.21,-20.33,2.70,0.96,9.56,-0.05,-0.01,0.05,-0.83,2.54,9.71,0.00,-0.04,0.04
6461.22,-20.34,2.72,1.03,9.57,-0.04,-0.01,0.05,-0.81,2.59,9.70,0.00,-0.03,0.04
6461.23,-20.32,2.73,1.12,9.59,-0.03,-0.01,0.04,-0.79,2.63,9.70,0.00,-0.03,0.03
6461.25,-20.29,2.72,1.16,9.58,-0.03,-0.01,0.03,-0.77,2.66,9.68,0.01,-0.03,0.02
6461.26,-20.30,2.72,1.20,9.56,-0.03,-0.02,0.02,-0.77,2.67,9.66,0.01,-0.02,0.01
6461.27,-20.28,2.69,1.21,9.55,-0.04,-0.02,0.00,-0.78,2.68,9.66,0.01,-0.02,0.00
6461.28,-20.26,2.67,1.22,9.55,-0.04,-0.03,-0.01,-0.77,2.68,9.68,0.01,-0.02,-0.00
6461.30,-20.24,2.65,1.22,9.56,-0.04,-0.04,-0.01,-0.79,2.68,9.69,0.00,-0.02,-0.00
6461.31,-20.25,2.64,1.21,9.56,-0.04,-0.04,-0.01,-0.82,2.66,9.67,0.00,-0.02,-0.00
6461.32,-20.26,2.61,1.18,9.58,-0.05,-0.05,-0.01,-0.85,2.64,9.67,-0.00,-0.01,0.00
6461.34,-20.27,2.59,1.16,9.58,-0.05,-0.05,-0.00,-0.87,2.65,9.66,-0.00,-0.01,0.01
6461.35,-20.28,2.56,1.16,9.59,-0.04,-0.05,0.01,-0.89,2.63,9.66,-0.01,-0.01,0.01
6461.37,-20.31,2.55,1.15,9.60,-0.04,-0.05,0.02,-0.93,2.62,9.67,-0.01,-0.01,0.02
6461.39,-20.33,2.55,1.16,9.61,-0.04,-0.05,0.03,-0.93,2.60,9.69,-0.01,-0.01,0.03
6461.40,-20.34,2.56,1.16,9.62,-0.04,-0.05,0.03,-0.93,2.60,9.70,-0.01,-0.01,0.03
6461.41,-20.35,2.58,1.16,9.61,-0.04,-0.05,0.04,-0.91,2.60,9.69,-0.01,-0.01,0.03
6461.43,-20.36,2.60,1.16,9.60,-0.04,-0.05,0.04,-0.89,2.60,9.68,-0.01,-0.01,0.04
6461.44,-20.36,2.62,1.17,9.60,-0.04,-0.05,0.04,-0.86,2.60,9.68,-0.01,-0.01,0.04
6461.45,-20.36,2.65,1.16,9.59,-0.04,-0.04,0.04,-0.84,2.61,9.68,-0.01,-0.02,0.04
6461.46,-20.38,2.70,1.15,9.58,-0.04,-0.04,0.03,-0.81,2.61,9.69,-0.00,-0.02,0.04
6461.48,-20.40,2.74,1.15,9.57,-0.04,-0.04,0.02,-0.78,2.61,9.70,-0.00,-0.02,0.02
6461.51,-20.41,2.76,1.14,9.57,-0.04,-0.04,0.02,-0.77,2.61,9.70,0.00,-0.02,0.02
6461.52,-20.43,2.76,1.12,9.57,-0.04,-0.03,0.01,-0.76,2.61,9.70,0.00,-0.02,0.01
6461.53,-20.43,2.76,1.12,9.57,-0.04,-0.03,-0.00,-0.76,2.61,9.70,0.00,-0.01,-0.00
6461.54,-20.44,2.73,1.11,9.57,-0.04,-0.03,-0.01,-0.78,2.60,9.70,0.01,-0.01,-0.01
6461.56,-20.44,2.70,1.11,9.57,-0.04,-0.03,-0.01,-0.80,2.60,9.69,0.01,-0.01,-0.01
6461.57,-20.43,2.66,1.11,9.57,-0.04,-0.03,-0.01,-0.82,2.59,9.69,0.01,-0.02,-0.01
6461.59,-20.42,2.63,1.10,9.57,-0.04,-0.03,-0.01,-0.84,2.60,9.70,0.01,-0.02,-0.01
6461.60,-20.41,2.62,1.10,9.57,-0.04,-0.03,-0.01,-0.85,2.59,9.69,0.01,-0.02,-0.00
6461.61,-20.40,2.60,1.11,9.56,-0.04,-0.03,-0.00,-0.87,2.59,9.68,0.01,-0.02,0.00
6461.63,-20.40,2.61,1.12,9.55,-0.04,-0.03,0.01,-0.88,2.58,9.68,0.01,-0.02,0.01
6461.64,-20.40,2.61,1.13,9.58,-0.04,-0.03,0.01,-0.87,2.59,9.68,0.01,-0.02,0.01
6461.65,-20.39,2.61,1.14,9.58,-0.04,-0.03,0.02,-0.87,2.59,9.68,0.01,-0.02,0.01
6461.67,-20.39,2.63,1.13,9.59,-0.04,-0.03,0.02,-0.85,2.59,9.68,0.01,-0.02,0.01
6461.68,-20.38,2.64,1.13,9.59,-0.04,-0.03,0.02,-0.85,2.59,9.70,0.01,-0.02,0.01
6461.70,-20.36,2.65,1.12,9.59,-0.04,-0.03,0.01,-0.83,2.60,9.69,0.01,-0.02,0.01
6461.72,-20.34,2.65,1.11,9.60,-0.04,-0.03,0.01,-0.82,2.59,9.70,0.02,-0.02,0.01
6461.73,-20.33,2.65,1.10,9.59,-0.04,-0.03,0.00,-0.83,2.58,9.70,0.02,-0.02,0.01
6461.75,-20.31,2.64,1.09,9.59,-0.04,-0.03,0.00,-0.82,2.58,9.71,0.02,-0.02,0.01
6461.77,-20.28,2.64,1.10,9.56,-0.04,-0.03,0.00,-0.81,2.58,9.70,0.02,-0.02,0.01
6461.78,-20.26,2.65,1.09,9.56,-0.04,-0.02,0.00,-0.81,2.59,9.70,0.02,-0.02,0.01
6461.80,-20.25,2.64,1.10,9.56,-0.04,-0.02,0.00,-0.80,2.60,9.68,0.02,-0.02,0.01
6461.81,-20.22,2.65,1.10,9.57,-0.04,-0.02,0.00,-0.80,2.60,9.68,0.02,-0.02,0.01
6461.83,-20.19,2.66,1.10,9.56,-0.04,-0.02,0.00,-0.78,2.61,9.68,0.02,-0.03,0.01
6461.84,-20.18,2.67,1.10,9.57,-0.04,-0.02,0.00,-0.78,2.62,9.68,0.02,-0.03,0.01
6461.85,-20.17,2.67,1.11,9.58,-0.04,-0.02,0.00,-0.78,2.62,9.68,0.02,-0.03,0.01
6461.86,-20.15,2.68,1.11,9.58,-0.04,-0.02,-0.00,-0.77,2.62,9.69,0.02,-0.03,0.01
6461.88,-20.13,2.67,1.10,9.58,-0.04,-0.02,-0.00,-0.76,2.63,9.68,0.02,-0.03,0.01
6461.89,-20.11,2.67,1.09,9.58,-0.04,-0.02,-0.00,-0.77,2.62,9.68,0.02,-0.03,0.01
6461.90,-20.09,2.66,1.09,9.58,-0.04,-0.02,0.00,-0.78,2.63,9.68,0.02,-0.03,0.01
6461.91,-20.07,2.66,1.11,9.58,-0.04,-0.02,0.00,-0.77,2.63,9.68,0.02,-0.03,0.01
6461.93,-20.06,2.66,1.11,9.57,-0.04,-0.02,0.00,-0.76,2.64,9.69,0.02,-0.03,0.01
6461.94,-20.04,2.66,1.12,9.58,-0.04,-0.02,0.00,-0.75,2.64,9.69,0.02,-0.03,0.01
6461.95,-20.01,2.67,1.13,9.56,-0.04,-0.02,0.00,-0.74,2.65,9.68,0.02,-0.03,0.01
6461.96,-19.99,2.68,1.12,9.57,-0.04,-0.02,0.00,-0.72,2.66,9.69,0.02,-0.03,0.01
6461.97,-19.97,2.69,1.12,9.58,-0.04,-0.02,0.00,-0.72,2.67,9.70,0.02,-0.03,0.01
6461.99,-19.94,2.70,1.12,9.58,-0.03,-0.02,-0.00,-0.71,2.67,9.69,0.02,-0.03,0.01
6462.00,-19.93,2.70,1.12,9.57,-0.03,-0.02,-0.00,-0.70,2.67,9.68,0.02,-0.02,0.01
6462.02,-19.91,2.70,1.12,9.56,-0.04,-0.02,0.00,-0.70,2.67,9.68,0.02,-0.02,0.01
6462.03,-19.90,2.71,1.12,9.57,-0.04,-0.03,0.00,-0.70,2.68,9.69,0.01,-0.02,0.01
6462.04,-19.88,2.71,1.12,9.58,-0.04,-0.03,0.00,-0.68,2.69,9.68,0.01,-0.02,0.01
6462.05,-19.87,2.70,1.13,9.57,-0.03,-0.03,0.01,-0.70,2.68,9.69,0.01,-0.02,0.01
6462.07,-19.85,2.71,1.14,9.56,-0.04,-0.03,0.01,-0.68,2.69,9.69,0.01,-0.02,0.01
6462.08,-19.85,2.72,1.14,9.56,-0.04,-0.03,0.01,-0.66,2.69,9.69,0.01,-0.02,0.01
6462.09,-19.83,2.74,1.14,9.56,-0.04,-0.03,0.01,-0.66,2.70,9.69,0.01,-0.02,0.01
6462.11,-19.83,2.74,1.14,9.57,-0.04,-0.03,0.01,-0.66,2.70,9.69,0.01,-0.02,0.01
6462.12,-19.83,2.74,1.15,9.57,-0.04,-0.03,0.01,-0.65,2.70,9.69,0.01,-0.01,0.01
6462.14,-19.84,2.74,1.15,9.57,-0.04,-0.03,0.01,-0.68,2.70,9.69,0.00,-0.01,0.01
6462.16,-19.84,2.73,1.15,9.55,-0.04,-0.03,0.01,-0.68,2.70,9.69,0.00,-0.01,0.01
6462.17,-19.85,2.72,1.15,9.55,-0.04,-0.03,0.01,-0.68,2.69,9.69,0.00,-0.01,0.02
6462.19,-19.85,2.71,1.16,9.55,-0.04,-0.03,0.01,-0.69,2.69,9.67,0.00,-0.01,0.02
6462.21,-19.86,2.71,1.17,9.57,-0.04,-0.03,0.01,-0.69,2.69,9.67,0.00,-0.01,0.02
6462.22,-19.86,2.71,1.19,9.58,-0.04,-0.03,0.01,-0.69,2.70,9.67,-0.00,-0.01,0.01
6462.23,-19.85,2.70,1.20,9.58,-0.04,-0.02,0.01,-0.70,2.71,9.67,-0.00,-0.01,0.01
6462.24,-19.86,2.71,1.22,9.58,-0.04,-0.02,0.01,-0.73,2.71,9.66,-0.00,-0.01,0.01
6462.26,-19.86,2.70,1.23,9.60,-0.05,-0.01,0.01,-0.73,2.73,9.68,-0.00,-0.01,0.00
6462.27,-19.85,2.70,1.24,9.61,-0.05,-0.01,0.00,-0.75,2.72,9.69,-0.01,-0.01,-0.00
6462.29,-19.84,2.70,1.28,9.62,-0.06,0.01,-0.01,-0.74,2.74,9.66,-0.01,-0.02,-0.01
6462.30,-19.84,2.70,1.29,9.62,-0.06,0.01,-0.02,-0.77,2.74,9.66,-0.02,-0.02,-0.01
6462.31,-19.82,2.70,1.32,9.63,-0.07,0.02,-0.03,-0.77,2.76,9.67,-0.02,-0.02,-0.02
6462.32,-19.79,2.70,1.37,9.63,-0.07,0.03,-0.04,-0.77,2.77,9.67,-0.03,-0.02,-0.03
6462.34,-19.78,2.71,1.39,9.62,-0.08,0.04,-0.05,-0.76,2.79,9.66,-0.03,-0.02,-0.04
6462.35,-19.73,2.71,1.40,9.63,-0.09,0.06,-0.07,-0.76,2.80,9.65,-0.04,-0.02,-0.05
6462.36,-19.70,2.70,1.41,9.64,-0.09,0.06,-0.08,-0.76,2.80,9.65,-0.04,-0.02,-0.06
6462.37,-19.65,2.70,1.41,9.67,-0.10,0.07,-0.09,-0.77,2.81,9.65,-0.05,-0.03,-0.07
6462.38,-19.58,2.69,1.42,9.68,-0.12,0.09,-0.10,-0.76,2.81,9.66,-0.05,-0.03,-0.08
6462.40,-19.48,2.68,1.42,9.70,-0.13,0.11,-0.12,-0.76,2.81,9.65,-0.06,-0.03,-0.09
6462.41,-19.42,2.68,1.43,9.71,-0.13,0.11,-0.12,-0.73,2.83,9.67,-0.07,-0.03,-0.10
6462.43,-19.29,2.72,1.43,9.73,-0.14,0.13,-0.13,-0.65,2.85,9.69,-0.08,-0.03,-0.12
6462.44,-19.18,2.79,1.43,9.72,-0.16,0.14,-0.14,-0.62,2.84,9.71,-0.08,-0.04,-0.14
6462.45,-19.09,2.87,1.42,9.72,-0.18,0.15,-0.16,-0.52,2.86,9.72,-0.08,-0.04,-0.17
6462.47,-18.91,2.99,1.44,9.81,-0.20,0.16,-0.19,-0.34,2.97,9.73,-0.09,-0.04,-0.20
6462.48,-18.72,3.12,1.52,10.01,-0.20,0.14,-0.21,-0.27,3.18,9.74,-0.12,-0.02,-0.25
6462.50,-18.64,3.21,1.65,10.16,-0.16,0.11,-0.21,-0.37,3.36,9.73,-0.16,-0.01,-0.26
6462.51,-18.66,3.25,1.77,10.19,-0.13,0.08,-0.20,-0.54,3.52,9.68,-0.21,0.02,-0.23
6462.52,-18.81,3.22,1.97,10.10,-0.07,0.05,-0.17,-0.66,3.64,9.62,-0.25,0.04,-0.16
6462.54,-18.93,3.12,2.07,9.99,-0.04,0.03,-0.15,-0.54,3.64,9.66,-0.28,0.07,-0.03
6462.55,-18.99,2.90,2.09,9.74,-0.00,-0.02,-0.11,-0.03,3.56,9.84,-0.28,0.13,0.04
6462.58,-18.82,2.99,1.82,9.42,0.04,-0.12,0.03,0.62,3.65,9.89,-0.28,0.16,-0.02
6462.59,-18.84,3.39,1.54,9.32,0.09,-0.20,0.10,0.67,3.50,9.89,-0.29,0.18,-0.12
6462.60,-18.91,3.58,1.36,9.23,0.12,-0.24,0.09,0.54,3.24,9.97,-0.28,0.19,-0.25
6462.61,-19.27,3.66,1.19,9.13,0.14,-0.25,0.00,0.26,2.97,10.12,-0.24,0.21,-0.38
6462.62,-19.86,3.44,0.95,9.20,0.12,-0.25,-0.24,-0.18,2.68,10.30,-0.17,0.25,-0.52
6462.64,-20.23,3.22,0.87,9.32,0.11,-0.24,-0.38,-0.56,2.55,10.30,-0.09,0.29,-0.64
6462.65,-20.81,2.72,0.92,9.49,0.12,-0.22,-0.62,-0.99,2.48,10.18,0.02,0.32,-0.72
6462.67,-21.22,2.52,1.02,9.55,0.12,-0.20,-0.71,-1.28,2.47,10.01,0.11,0.34,-0.81
6462.68,-21.59,2.26,1.20,9.56,0.13,-0.16,-0.80,-1.54,2.43,9.77,0.19,0.35,-0.91
6462.69,-21.96,2.05,1.33,9.52,0.13,-0.11,-0.85,-1.82,2.31,9.54,0.26,0.34,-1.00
6462.70,-22.37,1.74,1.48,9.45,0.11,-0.05,-0.91,-2.14,2.07,9.33,0.35,0.31,-1.08
6462.72,-22.72,1.56,1.52,9.41,0.09,-0.01,-0.94,-2.30,1.88,9.25,0.41,0.27,-1.12
6462.73,-22.73,1.38,1.52,9.38,0.06,0.04,-0.97,-2.45,1.74,9.18,0.46,0.23,-1.13
6462.74,-22.91,1.22,1.50,9.38,0.01,0.10,-1.02,-2.66,1.67,9.10,0.50,0.18,-1.10
6462.76,-22.98,1.13,1.52,9.39,-0.02,0.14,-1.04,-2.77,1.64,9.03,0.52,0.14,-1.06
6462.77,-23.14,1.08,1.53,9.38,-0.04,0.16,-1.04,-2.78,1.66,8.99,0.54,0.09,-1.00
6462.78,-22.89,1.03,1.60,9.31,-0.09,0.21,-1.02,-2.69,1.73,8.94,0.56,0.01,-0.97
6462.80,-22.69,1.01,1.61,9.29,-0.12,0.24,-0.99,-2.53,1.80,8.93,0.56,-0.05,-0.97
6462.81,-22.54,1.03,1.59,9.27,-0.14,0.26,-0.98,-2.35,1.85,8.96,0.55,-0.11,-0.98
6462.82,-22.01,1.13,1.54,9.26,-0.18,0.29,-0.95,-2.13,1.89,9.03,0.53,-0.18,-1.01
6462.83,-21.58,1.24,1.51,9.24,-0.20,0.31,-0.94,-1.93,1.90,9.05,0.51,-0.23,-1.06
6462.85,-21.09,1.33,1.49,9.19,-0.23,0.32,-0.93,-1.74,1.90,9.05,0.48,-0.28,-1.10
6462.86,-20.43,1.42,1.46,9.09,-0.28,0.32,-0.94,-1.57,1.80,9.05,0.44,-0.31,-1.14
6462.87,-19.90,1.46,1.42,8.98,-0.35,0.32,-0.95,-1.49,1.74,9.08,0.39,-0.33,-1.15
6462.88,-19.47,1.46,1.38,8.89,-0.41,0.31,-0.96,-1.50,1.75,9.15,0.32,-0.33,-1.10
6462.90,-18.93,1.37,1.31,8.80,-0.54,0.29,-0.96,-1.65,1.76,9.16,0.21,-0.32,-1.02
6462.91,-18.45,1.23,1.22,8.87,-0.66,0.26,-0.91,-1.85,1.72,9.09,0.11,-0.30,-0.89
6462.92,-18.00,1.04,1.01,9.06,-0.78,0.23,-0.77,-2.08,1.64,9.01,-0.05,-0.29,-0.58
6462.94,-17.80,0.93,0.89,9.12,-0.82,0.21,-0.66,-2.12,1.74,9.06,-0.15,-0.31,-0.36
6462.95,-17.37,0.84,0.76,9.21,-0.87,0.18,-0.46,-1.91,2.33,9.37,-0.27,-0.34,-0.12
6462.97,-16.67,0.99,0.90,9.52,-0.92,0.11,-0.14,-1.34,3.33,10.06,-0.34,-0.38,0.18
6462.98,-16.14,1.30,1.17,9.85,-0.93,0.04,0.03,-0.66,3.99,10.72,-0.36,-0.37,0.33
6463.00,-15.70,2.34,1.84,10.69,-0.92,-0.15,0.31,0.32,4.38,10.97,-0.34,-0.32,0.29
6463.01,-15.43,3.84,2.40,11.43,-0.83,-0.35,0.45,0.83,4.45,10.64,-0.35,-0.24,0.02
6463.03,-15.63,4.29,2.37,11.30,-0.73,-0.40,0.32,0.33,4.16,9.93,-0.40,-0.17,-0.21
6463.04,-16.02,3.95,2.11,10.87,-0.68,-0.38,0.15,-0.46,3.76,9.60,-0.46,-0.14,-0.31
6463.05,-16.68,2.93,1.58,10.24,-0.65,-0.34,0.00,-1.32,3.25,9.49,-0.50,-0.13,-0.34
6463.07,-17.18,1.97,1.14,9.83,-0.64,-0.30,-0.03,-1.96,2.73,9.43,-0.51,-0.14,-0.30
6463.08,-17.54,1.36,0.89,9.64,-0.64,-0.28,-0.04,-2.29,2.30,9.34,-0.50,-0.18,-0.22
6463.10,-17.71,0.81,0.50,9.59,-0.63,-0.23,-0.05,-2.39,1.83,9.32,-0.47,-0.22,-0.19
6463.11,-17.81,1.10,0.32,9.85,-0.62,-0.19,-0.08,-2.29,1.68,9.50,-0.45,-0.26,-0.19
6463.12,-17.89,1.61,0.24,10.14,-0.61,-0.14,-0.14,-2.11,1.63,9.76,-0.44,-0.30,-0.21
6463.13,-17.96,2.01,0.13,10.33,-0.59,-0.09,-0.23,-1.87,1.63,9.95,-0.42,-0.34,-0.27
6463.15,-18.02,2.50,-0.09,10.40,-0.57,-0.00,-0.41,-1.43,1.75,9.94,-0.40,-0.36,-0.34
6463.16,-17.85,2.78,-0.20,10.18,-0.53,0.07,-0.58,-0.80,1.92,9.82,-0.38,-0.39,-0.45
6463.17,-17.66,3.04,-0.18,9.82,-0.50,0.10,-0.71,-0.22,2.05,9.79,-0.37,-0.39,-0.65
6463.20,-16.82,3.36,-0.19,9.29,-0.48,0.03,-0.85,0.78,2.15,9.94,-0.39,-0.35,-0.74
6463.22,-16.43,3.32,-0.26,9.26,-0.49,-0.02,-0.86,0.76,1.97,10.00,-0.41,-0.31,-0.74
6463.23,-16.37,3.10,-0.49,9.26,-0.50,-0.09,-0.84,0.59,1.67,10.03,-0.42,-0.27,-0.70
6463.24,-16.13,2.65,-0.99,9.29,-0.49,-0.18,-0.78,0.32,1.23,10.03,-0.42,-0.23,-0.59
6463.26,-16.01,2.36,-1.25,9.26,-0.48,-0.23,-0.72,0.10,0.98,10.06,-0.41,-0.21,-0.52
6463.27,-15.89,2.20,-1.34,9.29,-0.46,-0.27,-0.67,-0.10,0.85,10.09,-0.39,-0.20,-0.48
6463.28,-15.89,2.00,-1.45,9.43,-0.42,-0.32,-0.60,-0.38,0.76,10.12,-0.36,-0.19,-0.43
6463.29,-15.93,1.73,-1.37,9.55,-0.35,-0.38,-0.54,-0.74,0.75,10.11,-0.35,-0.17,-0.40
6463.31,-16.04,1.51,-1.24,9.59,-0.33,-0.41,-0.50,-1.09,0.76,10.07,-0.35,-0.13,-0.34
6463.32,-16.20,1.14,-1.21,9.73,-0.30,-0.46,-0.35,-1.42,0.74,10.16,-0.34,-0.11,-0.26
6463.34,-16.38,1.14,-1.36,9.83,-0.24,-0.51,-0.17,-1.31,0.69,10.28,-0.33,-0.09,-0.14
6463.35,-16.64,1.59,-1.50,9.82,-0.18,-0.56,0.02,-0.90,0.60,10.35,-0.30,-0.07,-0.05
6463.37,-16.87,1.90,-1.46,9.79,-0.15,-0.60,0.10,-0.70,0.56,10.22,-0.28,-0.07,-0.02
6463.38,-17.28,2.20,-1.37,9.66,-0.12,-0.64,0.16,-0.88,0.48,10.11,-0.28,-0.08,0.00
6463.40,-18.00,2.35,-1.34,9.62,-0.08,-0.67,0.19,-1.16,0.39,10.05,-0.28,-0.08,0.07
6463.41,-18.48,2.48,-1.30,9.61,-0.05,-0.69,0.19,-1.17,0.44,10.04,-0.28,-0.07,0.18
6463.43,-19.15,2.75,-1.11,9.59,0.01,-0.70,0.18,-0.84,0.52,10.15,-0.26,-0.06,0.24
6463.44,-19.85,3.28,-0.98,9.53,0.04,-0.69,0.13,-0.51,0.57,10.18,-0.24,-0.05,0.24
6463.45,-20.19,3.24,-1.11,9.45,0.06,-0.69,0.09,-0.22,0.61,10.17,-0.22,-0.05,0.20
6463.46,-20.65,3.34,-1.09,9.40,0.09,-0.70,0.07,-0.10,0.67,10.14,-0.21,-0.05,0.15
6463.47,-21.19,3.40,-0.93,9.27,0.12,-0.72,0.07,-0.13,0.71,10.10,-0.21,-0.04,0.13
6463.49,-21.64,3.42,-0.89,9.19,0.13,-0.73,0.11,-0.14,0.71,10.13,-0.22,-0.04,0.15
6463.50,-22.12,3.46,-0.89,9.10,0.15,-0.75,0.15,-0.19,0.72,10.17,-0.22,-0.02,0.20
6463.51,-23.05,3.61,-0.66,8.84,0.18,-0.78,0.25,-0.21,0.74,10.10,-0.22,0.01,0.30
6463.54,-23.93,3.81,-0.67,8.74,0.21,-0.81,0.30,-0.18,0.64,10.01,-0.20,0.03,0.33
6463.55,-24.42,3.97,-0.65,8.67,0.23,-0.83,0.30,-0.17,0.61,10.04,-0.18,0.05,0.34
6463.56,-25.66,4.29,-0.55,8.69,0.24,-0.85,0.26,-0.07,0.55,10.09,-0.17,0.08,0.32
6463.58,-26.36,4.38,-0.54,8.69,0.23,-0.86,0.22,-0.07,0.43,10.06,-0.17,0.10,0.29
6463.59,-27.47,4.60,-0.56,8.73,0.22,-0.86,0.14,-0.19,0.37,10.07,-0.16,0.11,0.23
6463.61,-28.41,4.65,-0.50,8.79,0.21,-0.86,0.06,-0.23,0.31,10.15,-0.16,0.12,0.19
6463.63,-29.65,4.55,-0.53,8.78,0.20,-0.86,-0.06,-0.40,0.23,10.11,-0.13,0.12,0.14
6463.65,-30.35,4.56,-0.48,8.79,0.21,-0.87,-0.10,-0.60,0.25,10.06,-0.12,0.12,0.11
6463.66,-31.22,4.52,-0.29,8.86,0.22,-0.87,-0.15,-0.70,0.30,10.11,-0.11,0.12,0.10
6463.67,-31.91,4.43,-0.20,8.95,0.21,-0.87,-0.17,-0.83,0.40,10.12,-0.11,0.12,0.09
6463.69,-32.47,4.36,-0.10,8.95,0.21,-0.86,-0.18,-0.97,0.47,10.12,-0.10,0.11,0.07
6463.70,-33.09,4.41,0.08,8.91,0.21,-0.87,-0.19,-1.09,0.52,10.15,-0.11,0.10,0.05
6463.71,-34.32,4.55,0.28,8.78,0.22,-0.88,-0.23,-1.17,0.58,10.18,-0.12,0.11,0.07
6463.73,-35.24,4.57,0.32,8.73,0.19,-0.91,-0.24,-1.12,0.51,10.11,-0.12,0.11,0.08
6463.75,-35.88,4.68,0.32,8.67,0.16,-0.92,-0.23,-1.09,0.44,10.16,-0.11,0.10,0.08
6463.76,-36.36,4.70,0.23,8.65,0.15,-0.93,-0.24,-1.01,0.40,10.15,-0.11,0.08,0.07
6463.77,-37.04,4.85,0.17,8.61,0.15,-0.94,-0.26,-0.96,0.33,10.21,-0.11,0.05,0.06
6463.79,-38.03,5.07,0.20,8.58,0.11,-0.98,-0.26,-0.98,0.26,10.30,-0.12,0.03,0.04
6463.81,-38.91,5.33,0.16,8.69,0.06,-1.00,-0.23,-1.04,0.20,10.42,-0.11,-0.00,0.03
6463.82,-39.36,5.47,0.18,8.74,0.04,-1.01,-0.22,-1.10,0.19,10.58,-0.11,-0.03,0.02
6463.83,-39.93,5.65,0.22,8.84,0.01,-1.01,-0.21,-1.11,0.19,10.77,-0.10,-0.07,0.01
6463.85,-40.61,5.76,0.22,8.87,-0.00,-0.99,-0.23,-1.13,0.26,10.91,-0.09,-0.09,0.01
6463.86,-41.13,5.84,0.31,8.90,-0.01,-1.02,-0.23,-1.21,0.39,11.09,-0.09,-0.11,0.01
6463.87,-41.54,5.82,0.31,8.91,-0.02,-1.05,-0.22,-1.35,0.52,11.20,-0.08,-0.13,0.02
6463.88,-42.25,5.93,0.51,8.86,-0.00,-1.10,-0.20,-1.55,0.65,11.19,-0.08,-0.15,0.05
6463.89,-42.74,5.90,0.61,8.79,0.02,-1.12,-0.19,-1.69,0.77,10.98,-0.07,-0.17,0.08
6463.90,-43.37,5.86,0.72,8.58,0.04,-1.12,-0.16,-1.91,0.84,10.67,-0.07,-0.19,0.11
6463.92,-44.10,5.86,0.70,8.36,0.08,-1.11,-0.13,-2.12,0.83,10.31,-0.06,-0.21,0.14
6463.93,-45.09,5.92,0.76,8.07,0.11,-1.08,-0.06,-2.31,0.76,9.95,-0.05,-0.23,0.16
6463.94,-45.81,6.00,0.73,7.93,0.12,-1.05,-0.01,-2.44,0.61,9.64,-0.02,-0.25,0.20
6463.95,-46.98,6.08,0.61,7.72,0.18,-0.97,0.05,-2.36,0.47,9.39,0.01,-0.26,0.25
6463.97,-47.93,6.22,0.49,7.56,0.20,-0.89,0.11,-2.22,0.22,9.32,0.05,-0.28,0.28
6463.98,-48.47,6.32,0.39,7.49,0.21,-0.84,0.13,-2.01,0.06,9.33,0.09,-0.29,0.30
6464.00,-49.02,6.56,0.26,7.41,0.23,-0.78,0.15,-1.75,-0.13,9.39,0.13,-0.31,0.32
6464.01,-50.02,7.05,-0.06,7.02,0.25,-0.62,0.12,-1.09,-0.51,9.62,0.25,-0.35,0.34
6464.03,-50.13,7.24,-0.12,6.87,0.24,-0.58,0.10,-0.72,-0.62,9.74,0.31,-0.37,0.34
6464.05,-50.39,7.50,-0.15,6.67,0.22,-0.53,0.06,-0.34,-0.65,9.84,0.39,-0.39,0.33
6464.06,-50.49,7.89,-0.17,6.39,0.17,-0.44,-0.06,0.33,-0.46,10.01,0.53,-0.42,0.27
6464.08,-50.43,8.03,-0.17,6.25,0.15,-0.39,-0.13,0.64,-0.26,10.12,0.60,-0.43,0.22
6464.09,-50.20,8.12,-0.02,6.09,0.13,-0.35,-0.26,0.97,0.05,10.22,0.69,-0.45,0.11
6464.11,-49.98,8.12,0.13,6.00,0.12,-0.33,-0.34,1.13,0.27,10.26,0.74,-0.46,0.06
6464.12,-49.60,8.10,0.24,5.95,0.11,-0.32,-0.40,1.24,0.47,10.26,0.78,-0.46,-0.01
6464.13,-49.48,8.00,0.44,5.91,0.10,-0.31,-0.47,1.27,0.65,10.23,0.80,-0.47,-0.07
6464.14,-49.09,7.94,0.57,5.89,0.09,-0.31,-0.50,1.24,0.81,10.20,0.81,-0.47,-0.12
6464.15,-48.95,7.77,0.76,5.90,0.07,-0.31,-0.53,1.18,0.96,10.16,0.81,-0.48,-0.16
6464.17,-48.69,7.67,0.87,5.93,0.05,-0.32,-0.54,1.10,1.10,10.11,0.80,-0.48,-0.18
6464.18,-48.35,7.59,0.96,5.95,0.03,-0.32,-0.53,1.00,1.25,10.02,0.78,-0.48,-0.18
6464.19,-48.15,7.44,1.12,6.00,0.01,-0.32,-0.50,0.82,1.39,9.88,0.74,-0.48,-0.17
6464.21,-47.89,7.37,1.19,6.03,-0.01,-0.31,-0.47,0.68,1.50,9.77,0.71,-0.48,-0.15
6464.22,-47.53,7.10,1.35,6.15,-0.04,-0.30,-0.38,0.39,1.71,9.59,0.65,-0.49,-0.13
6464.25,-47.32,6.97,1.41,6.23,-0.05,-0.30,-0.34,0.22,1.81,9.50,0.62,-0.50,-0.12
6464.26,-47.15,6.91,1.44,6.32,-0.05,-0.29,-0.31,0.08,1.90,9.45,0.59,-0.52,-0.11
6464.27,-46.87,6.91,1.49,6.44,-0.04,-0.29,-0.25,-0.02,2.00,9.48,0.57,-0.54,-0.09
6464.30,-46.61,7.03,1.53,6.50,-0.02,-0.30,-0.21,-0.02,2.14,9.63,0.54,-0.58,-0.08
6464.32,-46.43,7.14,1.53,6.51,-0.01,-0.31,-0.18,0.07,2.18,9.76,0.53,-0.58,-0.07
6464.33,-46.27,7.22,1.53,6.50,0.00,-0.32,-0.15,0.23,2.25,9.87,0.51,-0.59,-0.05
6464.34,-46.12,7.30,1.51,6.46,0.01,-0.32,-0.14,0.38,2.25,9.91,0.50,-0.58,-0.04
6464.35,-45.87,7.42,1.50,6.34,0.02,-0.34,-0.11,0.59,2.33,10.05,0.49,-0.57,-0.03
6464.37,-45.77,7.56,1.47,6.29,0.02,-0.35,-0.08,0.75,2.40,10.12,0.48,-0.55,-0.02
6464.38,-45.66,7.68,1.47,6.27,0.02,-0.37,-0.07,0.89,2.47,10.18,0.46,-0.53,-0.01
6464.40,-45.53,7.79,1.49,6.25,0.03,-0.38,-0.06,1.00,2.56,10.25,0.44,-0.49,-0.01
6464.41,-45.49,7.94,1.51,6.20,0.04,-0.40,-0.06,1.11,2.64,10.24,0.39,-0.41,-0.02
6464.42,-45.58,7.95,1.45,6.14,0.05,-0.40,-0.05,1.14,2.66,10.17,0.35,-0.35,-0.02
6464.44,-45.67,7.93,1.41,6.04,0.07,-0.41,-0.02,1.15,2.66,10.01,0.30,-0.28,-0.02
6464.45,-45.92,7.84,1.44,5.80,0.10,-0.40,-0.01,1.13,2.63,9.70,0.23,-0.19,0.01
6464.46,-46.08,7.78,1.47,5.69,0.11,-0.39,-0.02,1.12,2.61,9.44,0.19,-0.12,0.02
6464.48,-46.34,7.68,1.51,5.55,0.12,-0.37,-0.03,1.13,2.60,9.23,0.15,-0.06,0.04
6464.49,-46.75,7.61,1.54,5.41,0.12,-0.34,-0.01,1.15,2.61,9.01,0.11,0.00,0.05
6464.50,-47.02,7.60,1.52,5.34,0.13,-0.31,0.01,1.17,2.61,8.86,0.08,0.04,0.06
6464.52,-47.45,7.63,1.46,5.22,0.13,-0.25,0.03,1.24,2.54,8.68,0.04,0.07,0.07
6464.54,-47.60,7.66,1.45,5.17,0.13,-0.22,0.04,1.32,2.48,8.69,0.03,0.07,0.07
6464.55,-47.77,7.70,1.47,5.12,0.12,-0.18,0.03,1.41,2.44,8.74,0.03,0.06,0.07
6464.56,-47.96,7.74,1.48,5.07,0.09,-0.12,0.03,1.53,2.40,8.89,0.02,0.06,0.08
6464.58,-47.98,7.78,1.47,5.06,0.07,-0.10,0.03,1.60,2.38,8.98,0.01,0.05,0.09
6464.59,-48.03,7.85,1.45,5.07,0.05,-0.08,0.02,1.68,2.38,9.09,0.01,0.04,0.10
6464.60,-48.02,7.96,1.40,5.11,0.01,-0.05,0.01,1.76,2.38,9.19,0.02,0.03,0.10
6464.61,-47.94,8.06,1.37,5.18,-0.01,-0.03,-0.02,1.85,2.41,9.35,0.03,0.01,0.08
6464.63,-47.83,8.11,1.38,5.23,-0.03,-0.02,-0.04,1.85,2.44,9.46,0.04,-0.01,0.04
6464.65,-47.66,8.12,1.43,5.37,-0.05,-0.01,-0.12,1.78,2.52,9.62,0.06,-0.03,0.00
6464.66,-47.55,8.08,1.45,5.44,-0.06,-0.01,-0.15,1.71,2.57,9.67,0.07,-0.05,-0.03
6464.68,-47.44,8.03,1.49,5.48,-0.06,-0.02,-0.17,1.58,2.65,9.68,0.08,-0.06,-0.04
6464.69,-47.33,7.96,1.57,5.52,-0.06,-0.02,-0.17,1.48,2.72,9.66,0.08,-0.07,-0.04
6464.71,-47.23,7.90,1.66,5.55,-0.06,-0.03,-0.17,1.36,2.82,9.61,0.08,-0.08,-0.04
6464.72,-47.15,7.83,1.75,5.56,-0.05,-0.04,-0.16,1.29,2.91,9.56,0.08,-0.08,-0.03
6464.74,-47.11,7.79,1.80,5.54,-0.05,-0.04,-0.13,1.22,2.99,9.46,0.07,-0.07,-0.03
6464.75,-47.09,7.76,1.83,5.51,-0.04,-0.04,-0.11,1.20,3.02,9.41,0.07,-0.05,-0.02
6464.76,-47.10,7.75,1.86,5.49,-0.03,-0.03,-0.07,1.18,3.03,9.38,0.06,-0.04,-0.02
6464.78,-47.13,7.74,1.87,5.48,-0.02,-0.03,-0.05,1.17,3.02,9.34,0.05,-0.02,-0.01
6464.79,-47.15,7.72,1.88,5.44,-0.02,-0.02,-0.02,1.21,3.00,9.30,0.04,0.01,-0.00
6464.80,-47.19,7.71,1.88,5.43,-0.01,-0.01,-0.00,1.23,2.97,9.27,0.03,0.03,0.00
6464.81,-47.20,7.70,1.87,5.42,-0.01,0.00,0.01,1.25,2.93,9.26,0.02,0.05,0.00
6464.83,-47.23,7.70,1.84,5.40,-0.02,0.01,0.03,1.29,2.89,9.26,0.02,0.06,0.00
6464.84,-47.24,7.72,1.79,5.38,-0.02,0.02,0.05,1.33,2.85,9.26,0.01,0.07,0.01
6464.85,-47.26,7.73,1.76,5.35,-0.03,0.03,0.06,1.32,2.80,9.23,0.01,0.09,0.01
6464.86,-47.30,7.75,1.72,5.33,-0.04,0.05,0.07,1.33,2.79,9.26,0.00,0.10,0.03
6464.88,-47.32,7.77,1.72,5.35,-0.04,0.05,0.07,1.42,2.77,9.35,-0.00,0.10,0.03
6464.89,-47.30,7.83,1.70,5.38,-0.05,0.06,0.08,1.45,2.76,9.40,-0.01,0.10,0.03
6464.91,-47.29,7.84,1.66,5.40,-0.06,0.07,0.07,1.43,2.75,9.40,-0.00,0.11,0.03
6464.93,-47.27,7.84,1.64,5.42,-0.06,0.08,0.07,1.42,2.75,9.39,-0.00,0.10,0.03
6464.94,-47.24,7.83,1.64,5.44,-0.07,0.08,0.07,1.37,2.72,9.37,-0.01,0.11,0.03
6464.95,-47.28,7.79,1.64,5.47,-0.07,0.09,0.08,1.19,2.71,9.42,0.00,0.11,0.07
6464.96,-47.29,7.74,1.64,5.61,-0.07,0.09,0.09,1.09,2.78,9.52,0.01,0.10,0.12
6464.98,-47.32,7.73,1.67,5.63,-0.07,0.10,0.11,1.10,2.84,9.47,0.01,0.11,0.16
6464.99,-47.29,7.72,1.72,5.63,-0.06,0.10,0.13,1.11,2.90,9.41,0.01,0.11,0.19
6465.00,-47.21,7.70,1.70,5.65,-0.06,0.11,0.17,1.22,2.92,9.43,-0.01,0.10,0.18
6465.02,-47.17,7.72,1.65,5.67,-0.06,0.11,0.18,1.20,2.91,9.53,-0.04,0.08,0.18
6465.04,-47.07,7.77,1.57,5.72,-0.05,0.10,0.19,1.29,2.91,9.60,-0.05,0.07,0.18
6465.05,-46.97,7.83,1.55,5.70,-0.04,0.09,0.20,1.39,2.89,9.61,-0.06,0.07,0.16
6465.06,-46.85,7.89,1.50,5.69,-0.04,0.09,0.20,1.40,2.82,9.64,-0.06,0.08,0.13
6465.08,-46.81,7.89,1.45,5.68,-0.03,0.09,0.19,1.26,2.77,9.61,-0.05,0.09,0.14
6465.09,-46.82,7.81,1.42,5.70,-0.03,0.09,0.20,1.08,2.78,9.60,-0.04,0.10,0.18
6465.10,-46.87,7.75,1.43,5.72,-0.02,0.09,0.21,1.04,2.83,9.56,-0.02,0.12,0.23
6465.11,-46.86,7.69,1.50,5.74,-0.01,0.09,0.24,1.09,2.86,9.51,-0.02,0.12,0.25
6465.13,-46.85,7.64,1.52,5.76,-0.00,0.10,0.26,1.11,2.84,9.51,-0.03,0.13,0.26
6465.14,-46.80,7.62,1.44,5.77,0.00,0.10,0.28,1.13,2.80,9.49,-0.03,0.13,0.26
6465.16,-46.77,7.63,1.37,5.79,0.00,0.10,0.29,1.10,2.75,9.52,-0.03,0.13,0.25
6465.17,-46.75,7.68,1.30,5.81,0.01,0.10,0.29,1.12,2.73,9.53,-0.03,0.14,0.25
6465.19,-46.75,7.72,1.26,5.81,0.01,0.10,0.29,1.20,2.71,9.55,-0.04,0.15,0.23
6465.20,-46.70,7.80,1.22,5.79,0.02,0.11,0.28,1.26,2.66,9.56,-0.04,0.16,0.20
6465.21,-46.69,7.84,1.18,5.77,0.02,0.11,0.26,1.28,2.59,9.58,-0.04,0.18,0.17
6465.22,-46.70,7.86,1.15,5.77,0.01,0.11,0.24,1.23,2.52,9.63,-0.03,0.19,0.14
6465.23,-46.73,7.83,1.09,5.79,0.01,0.11,0.22,1.12,2.49,9.68,-0.01,0.21,0.13
6465.25,-46.76,7.76,1.03,5.86,-0.00,0.12,0.20,1.09,2.51,9.71,0.00,0.23,0.13
6465.26,-46.79,7.72,1.03,5.90,-0.00,0.11,0.19,1.20,2.54,9.73,-0.01,0.24,0.12
6465.27,-46.81,7.74,1.05,5.89,-0.00,0.11,0.17,1.26,2.52,9.69,-0.01,0.24,0.08
6465.29,-46.78,7.76,1.03,5.86,-0.01,0.11,0.14,1.28,2.52,9.66,-0.03,0.24,0.04
6465.30,-46.77,7.78,1.00,5.86,-0.02,0.10,0.12,1.30,2.44,9.70,-0.04,0.24,-0.02
6465.31,-46.76,7.79,0.96,5.87,-0.03,0.10,0.10,1.25,2.42,9.78,-0.03,0.23,-0.07
6465.32,-46.81,7.82,0.89,5.94,-0.04,0.09,0.06,1.16,2.40,9.88,-0.03,0.23,-0.09
6465.34,-46.84,7.86,0.90,6.01,-0.04,0.07,0.03,1.11,2.40,9.95,-0.04,0.23,-0.09
6465.35,-46.90,7.87,0.92,6.04,-0.05,0.06,0.01,1.08,2.45,9.98,-0.04,0.22,-0.07
6465.36,-46.95,7.84,0.94,6.06,-0.04,0.05,-0.01,1.04,2.50,9.97,-0.03,0.20,-0.06
6465.38,-47.00,7.83,0.98,6.06,-0.04,0.03,-0.02,1.02,2.55,9.92,-0.03,0.18,-0.05
6465.39,-47.01,7.79,1.03,6.05,-0.04,0.02,-0.03,1.03,2.58,9.86,-0.03,0.15,-0.07
6465.40,-47.03,7.73,1.04,6.06,-0.05,0.01,-0.04,0.96,2.56,9.84,-0.03,0.11,-0.08
6465.41,-47.03,7.68,1.03,6.08,-0.05,-0.01,-0.04,0.81,2.55,9.82,-0.03,0.08,-0.06
6465.43,-47.05,7.65,1.06,6.05,-0.04,-0.02,-0.03,0.80,2.58,9.72,-0.03,0.04,-0.03
6465.44,-47.05,7.65,1.09,6.03,-0.04,-0.03,-0.03,0.80,2.59,9.68,-0.03,0.01,-0.02
6465.46,-47.04,7.65,1.09,6.00,-0.04,-0.03,-0.02,0.87,2.56,9.67,-0.02,-0.01,-0.04
6465.47,-46.99,7.64,1.03,5.94,-0.05,-0.03,-0.03,0.89,2.47,9.70,-0.02,-0.04,-0.07
6465.48,-46.93,7.65,0.98,5.92,-0.05,-0.04,-0.04,0.96,2.43,9.71,-0.02,-0.05,-0.07
6465.50,-46.89,7.69,0.98,5.89,-0.06,-0.04,-0.06,1.04,2.42,9.65,-0.02,-0.07,-0.08
6465.51,-46.81,7.74,0.99,5.84,-0.06,-0.04,-0.09,1.05,2.40,9.62,-0.02,-0.08,-0.10
6465.52,-46.77,7.74,1.00,5.83,-0.07,-0.04,-0.11,0.96,2.36,9.60,-0.02,-0.09,-0.11
6465.53,-46.74,7.70,1.01,5.84,-0.08,-0.03,-0.12,0.88,2.37,9.56,-0.01,-0.10,-0.11
6465.54,-46.71,7.64,1.04,5.88,-0.08,-0.03,-0.13,0.81,2.41,9.54,-0.01,-0.10,-0.09
6465.56,-46.68,7.59,1.10,5.93,-0.09,-0.03,-0.13,0.77,2.47,9.56,-0.01,-0.11,-0.07
6465.57,-46.63,7.56,1.16,5.97,-0.09,-0.03,-0.13,0.76,2.52,9.58,-0.01,-0.12,-0.05
6465.58,-46.56,7.56,1.22,5.99,-0.09,-0.02,-0.12,0.75,2.57,9.57,-0.01,-0.12,-0.03
6465.59,-46.50,7.57,1.25,6.00,-0.09,-0.02,-0.11,0.74,2.62,9.58,-0.01,-0.13,-0.01
6465.60,-46.41,7.59,1.26,6.03,-0.09,-0.02,-0.09,0.78,2.69,9.58,-0.02,-0.13,0.01
6465.62,-46.34,7.60,1.27,6.03,-0.08,-0.02,-0.07,0.87,2.82,9.50,-0.05,-0.13,0.02
6465.63,-46.25,7.62,1.29,6.01,-0.07,-0.02,-0.05,0.89,2.79,9.54,-0.08,-0.12,0.01
6465.64,-46.19,7.63,1.30,5.97,-0.07,-0.02,-0.03,0.94,2.75,9.58,-0.09,-0.12,-0.01
6465.65,-46.09,7.61,1.25,5.96,-0.07,-0.02,-0.01,1.01,2.69,9.61,-0.10,-0.12,-0.04
6465.67,-45.97,7.61,1.19,5.94,-0.07,-0.01,-0.01,1.01,2.59,9.67,-0.10,-0.12,-0.07
6465.68,-45.90,7.62,1.16,5.92,-0.07,-0.01,-0.01,0.97,2.49,9.71,-0.10,-0.11,-0.07
6465.70,-45.89,7.63,1.10,5.94,-0.08,-0.01,-0.03,0.81,2.42,9.77,-0.06,-0.09,-0.04
6465.71,-45.89,7.62,1.12,5.96,-0.08,-0.01,-0.04,0.88,2.46,9.73,-0.04,-0.07,-0.02
6465.72,-45.90,7.60,1.16,5.98,-0.08,-0.01,-0.04,0.82,2.48,9.74,-0.01,-0.06,-0.00
6465.74,-45.92,7.57,1.17,6.02,-0.08,-0.01,-0.04,0.76,2.52,9.73,0.01,-0.04,0.02
6465.75,-45.95,7.54,1.18,6.05,-0.07,-0.01,-0.04,0.71,2.58,9.73,0.03,-0.03,0.05
6465.76,-45.97,7.52,1.26,6.05,-0.06,-0.02,-0.03,0.79,2.67,9.73,0.05,-0.02,0.07
6465.77,-45.97,7.54,1.31,6.01,-0.06,-0.02,-0.02,0.95,2.72,9.71,0.07,-0.02,0.06
6465.79,-45.92,7.57,1.29,5.98,-0.07,-0.02,-0.02,1.13,2.73,9.69,0.08,-0.02,0.00
6465.80,-45.76,7.71,1.11,5.97,-0.06,-0.03,-0.03,1.32,2.67,9.63,0.11,-0.05,-0.10
6465.82,-45.59,7.75,1.04,5.94,-0.05,-0.02,-0.05,1.40,2.54,9.62,0.14,-0.10,-0.16
6465.84,-45.41,7.74,1.00,5.92,-0.05,-0.02,-0.08,1.40,2.54,9.63,0.16,-0.12,-0.21
6465.85,-44.98,7.71,1.12,5.89,-0.04,-0.02,-0.14,1.28,2.42,9.55,0.20,-0.20,-0.24
6465.88,-44.86,7.70,1.15,5.88,-0.05,-0.02,-0.14,1.12,2.35,9.63,0.22,-0.22,-0.21
6465.89,-44.78,7.65,1.14,5.94,-0.07,-0.02,-0.13,0.99,2.37,9.72,0.24,-0.23,-0.09
6465.91,-44.69,7.63,1.19,6.02,-0.08,-0.02,-0.11,1.00,2.58,9.78,0.24,-0.21,0.02
6465.92,-44.60,7.63,1.22,6.05,-0.08,-0.02,-0.11,1.07,2.74,9.78,0.24,-0.21,0.09
6465.93,-44.44,7.66,1.26,6.07,-0.06,-0.03,-0.10,1.23,3.03,9.73,0.26,-0.21,0.12
6465.95,-44.13,7.74,1.34,6.04,-0.04,-0.04,-0.10,1.48,3.20,9.81,0.30,-0.23,0.01
6465.97,-43.86,7.72,1.31,6.12,-0.03,-0.06,-0.10,1.37,3.35,9.73,0.29,-0.20,-0.12
6465.99,-43.72,7.54,1.43,6.03,0.03,-0.07,-0.10,1.18,3.21,9.38,0.26,-0.14,-0.20
6466.01,-43.72,7.47,1.49,5.94,0.03,-0.05,-0.07,0.94,2.99,9.17,0.21,-0.08,-0.23
6466.02,-43.82,7.34,1.46,5.89,0.03,-0.04,-0.04,0.74,2.78,9.08,0.15,-0.02,-0.17
6466.04,-44.20,7.23,1.38,5.82,0.01,-0.00,0.04,0.61,2.57,8.96,0.06,0.07,-0.03
6466.06,-44.46,7.29,1.33,5.85,-0.01,0.02,0.09,0.69,2.57,9.06,-0.00,0.14,0.14
6466.08,-44.88,7.52,1.32,5.89,-0.02,0.05,0.13,0.87,2.59,9.33,-0.08,0.21,0.22
6466.09,-45.08,7.64,1.28,5.91,-0.04,0.05,0.14,1.05,2.68,9.61,-0.10,0.25,0.29
6466.11,-45.28,7.87,1.13,6.08,-0.05,0.04,0.13,1.27,2.90,9.97,-0.11,0.29,0.33
6466.12,-45.42,7.95,1.11,6.16,-0.04,0.03,0.11,1.38,3.05,10.14,-0.11,0.31,0.34
6466.13,-45.56,8.03,1.15,6.23,-0.02,0.01,0.09,1.44,3.14,10.23,-0.11,0.33,0.32
6466.14,-45.70,8.03,1.17,6.23,0.00,-0.02,0.07,1.45,3.20,10.26,-0.09,0.34,0.29
6466.16,-45.84,8.01,1.20,6.25,0.01,-0.04,0.06,1.46,3.31,10.28,-0.07,0.33,0.24
6466.17,-45.94,7.94,1.20,6.31,0.03,-0.06,0.04,1.41,3.34,10.14,-0.05,0.31,0.18
6466.18,-46.12,7.76,1.32,6.20,0.07,-0.09,0.04,1.25,3.29,9.90,-0.03,0.29,0.09
6466.20,-46.28,7.63,1.38,6.10,0.08,-0.11,0.04,1.04,3.14,9.63,-0.03,0.27,0.05
6466.21,-46.55,7.43,1.42,5.97,0.08,-0.12,0.05,0.90,3.01,9.40,-0.04,0.24,0.04
6466.23,-46.72,7.36,1.41,5.93,0.08,-0.12,0.06,0.83,2.92,9.22,-0.04,0.21,0.04
6466.24,-46.88,7.30,1.38,5.86,0.06,-0.11,0.08,0.77,2.82,9.05,-0.04,0.18,0.04
6466.25,-47.02,7.30,1.35,5.79,0.05,-0.10,0.09,0.75,2.70,8.96,-0.05,0.14,0.04
6466.26,-47.13,7.31,1.32,5.73,0.04,-0.08,0.10,0.77,2.63,8.94,-0.05,0.11,0.05
6466.27,-47.24,7.36,1.24,5.71,0.01,-0.06,0.10,0.82,2.58,9.01,-0.05,0.06,0.07
6466.29,-47.26,7.41,1.22,5.73,0.00,-0.05,0.10,0.90,2.59,9.11,-0.05,0.03,0.09
6466.30,-47.22,7.48,1.21,5.74,-0.01,-0.04,0.10,1.00,2.62,9.23,-0.04,-0.00,0.11
6466.33,-47.04,7.73,1.14,5.79,-0.01,-0.03,0.07,1.17,2.62,9.52,-0.04,-0.07,0.11
6466.34,-46.88,7.90,1.08,5.89,-0.03,-0.04,0.06,1.25,2.64,9.84,-0.04,-0.12,0.11
6466.36,-46.77,8.00,0.99,6.01,-0.02,-0.06,0.05,1.25,2.65,10.01,-0.05,-0.14,0.12
6466.37,-46.62,8.04,1.03,6.02,-0.00,-0.08,0.04,1.23,2.64,10.11,-0.06,-0.16,0.14
6466.39,-46.50,8.02,1.06,5.97,-0.00,-0.10,0.03,1.23,2.62,10.14,-0.07,-0.17,0.19
6466.40,-46.43,8.00,1.08,5.95,-0.01,-0.12,0.02,1.25,2.61,10.13,-0.09,-0.17,0.22
6466.42,-46.35,7.97,1.07,5.94,-0.02,-0.15,0.01,1.28,2.63,10.06,-0.09,-0.17,0.22
6466.44,-46.29,7.88,1.12,5.89,-0.02,-0.17,-0.01,1.19,2.65,9.86,-0.10,-0.15,0.19
6466.45,-46.28,7.84,1.16,5.86,-0.01,-0.17,-0.01,1.06,2.67,9.73,-0.11,-0.14,0.17
6466.47,-46.41,7.74,1.29,5.83,-0.01,-0.17,-0.00,0.89,2.74,9.58,-0.15,-0.09,0.17
6466.48,-46.60,7.61,1.38,5.80,0.00,-0.16,0.03,0.78,2.79,9.45,-0.19,-0.02,0.18
6466.50,-46.76,7.55,1.41,5.77,0.01,-0.15,0.05,0.75,2.80,9.35,-0.22,0.03,0.19
6466.51,-46.91,7.50,1.43,5.73,0.01,-0.13,0.09,0.77,2.77,9.22,-0.25,0.08,0.18
6466.52,-47.14,7.44,1.41,5.65,0.02,-0.10,0.13,0.78,2.71,9.10,-0.28,0.13,0.16
6466.53,-47.33,7.40,1.41,5.60,0.02,-0.08,0.16,0.75,2.61,8.97,-0.32,0.18,0.15
6466.55,-47.49,7.37,1.40,5.56,0.01,-0.05,0.20,0.72,2.42,8.87,-0.36,0.21,0.14
6466.56,-47.70,7.41,1.38,5.49,0.00,-0.02,0.24,0.78,2.12,8.95,-0.40,0.23,0.14
6466.57,-47.93,7.55,1.22,5.43,-0.03,0.00,0.25,1.00,1.81,9.27,-0.43,0.24,0.14
6466.58,-48.05,7.75,0.91,5.44,-0.08,0.02,0.23,1.27,1.57,9.69,-0.44,0.27,0.12
6466.59,-48.37,8.25,0.39,5.58,-0.14,0.02,0.01,1.50,1.27,10.30,-0.41,0.38,0.00
6466.63,-48.85,8.42,0.37,5.60,-0.17,0.02,-0.24,1.50,1.26,10.22,-0.37,0.50,-0.09
6466.64,-49.14,8.45,0.42,5.54,-0.19,0.03,-0.36,1.45,1.20,10.13,-0.35,0.56,-0.23
6466.66,-49.54,8.46,0.48,5.53,-0.23,0.04,-0.49,1.38,1.07,10.21,-0.34,0.59,-0.34
6466.67,-49.90,8.48,0.46,5.57,-0.27,0.04,-0.60,1.33,0.96,10.37,-0.33,0.63,-0.45
6466.68,-50.23,8.51,0.45,5.64,-0.30,0.04,-0.68,1.29,0.96,10.54,-0.33,0.66,-0.54
6466.69,-50.52,8.53,0.43,5.74,-0.32,0.03,-0.78,1.23,0.94,10.52,-0.33,0.69,-0.61
6466.70,-51.09,8.43,0.53,5.74,-0.32,0.02,-0.92,1.05,0.97,10.39,-0.34,0.73,-0.69
6466.72,-51.50,8.33,0.66,5.71,-0.33,0.02,-0.99,0.94,1.02,10.28,-0.35,0.74,-0.74
6466.73,-51.91,8.18,0.80,5.73,-0.34,0.01,-1.02,0.77,1.08,10.15,-0.37,0.74,-0.80
6466.74,-52.32,8.05,0.93,5.74,-0.35,0.01,-1.03,0.58,1.15,10.04,-0.40,0.73,-0.84
6466.76,-52.73,7.83,1.21,5.87,-0.36,0.00,-1.02,0.23,1.27,9.94,-0.45,0.73,-0.86
6466.77,-53.22,7.58,1.51,6.03,-0.36,-0.00,-0.99,0.01,1.52,9.72,-0.51,0.70,-0.88
6466.78,-53.71,7.33,1.82,6.07,-0.35,-0.01,-0.94,-0.44,1.55,9.72,-0.58,0.65,-0.86
6466.80,-54.13,7.17,2.00,6.08,-0.35,-0.02,-0.88,-0.65,1.66,9.67,-0.63,0.61,-0.84
6466.81,-54.52,6.96,2.27,6.09,-0.36,-0.04,-0.75,-0.89,1.70,9.64,-0.68,0.55,-0.79
6466.82,-54.86,6.91,2.40,6.09,-0.37,-0.05,-0.65,-1.02,1.68,9.65,-0.72,0.50,-0.75
6466.84,-55.24,6.89,2.45,6.11,-0.38,-0.06,-0.58,-1.08,1.67,9.74,-0.75,0.43,-0.70
6466.85,-55.51,6.90,2.51,6.24,-0.40,-0.09,-0.44,-1.21,1.59,9.85,-0.77,0.37,-0.66
6466.86,-55.75,6.97,2.51,6.32,-0.40,-0.11,-0.38,-1.27,1.51,9.98,-0.76,0.31,-0.62
6466.88,-56.00,7.04,2.48,6.36,-0.39,-0.13,-0.34,-1.27,1.41,10.12,-0.74,0.24,-0.59
6466.89,-56.20,7.23,2.34,6.36,-0.38,-0.16,-0.28,-1.16,1.24,10.33,-0.68,0.13,-0.56
6466.90,-56.27,7.42,2.20,6.32,-0.35,-0.21,-0.26,-0.99,1.10,10.46,-0.61,0.02,-0.56
6466.92,-56.31,7.49,2.15,6.26,-0.33,-0.23,-0.27,-0.83,0.94,10.51,-0.51,-0.06,-0.56
6466.94,-56.29,7.58,2.09,6.09,-0.30,-0.27,-0.31,-0.63,0.76,10.44,-0.39,-0.15,-0.58
6466.96,-56.19,7.56,2.03,5.92,-0.29,-0.28,-0.36,-0.47,0.61,10.27,-0.24,-0.25,-0.60
6466.97,-56.03,7.50,2.03,5.75,-0.29,-0.30,-0.41,-0.47,0.51,10.09,-0.12,-0.32,-0.61
6466.98,-55.89,7.50,2.07,5.68,-0.29,-0.30,-0.41,-0.50,0.42,9.98,-0.04,-0.37,-0.59
6467.00,-55.83,7.49,2.13,5.61,-0.32,-0.30,-0.43,-0.44,0.35,9.87,0.06,-0.43,-0.57
6467.01,-55.60,7.53,2.16,5.56,-0.33,-0.29,-0.45,-0.34,0.35,9.81,0.13,-0.47,-0.55
6467.02,-55.50,7.54,2.17,5.52,-0.35,-0.28,-0.48,-0.24,0.40,9.76,0.20,-0.51,-0.55
6467.03,-55.20,7.58,2.21,5.51,-0.35,-0.26,-0.52,-0.14,0.50,9.76,0.26,-0.56,-0.56
6467.05,-54.92,7.56,2.30,5.52,-0.35,-0.25,-0.54,-0.13,0.59,9.76,0.32,-0.60,-0.56
6467.06,-54.58,7.53,2.37,5.54,-0.35,-0.24,-0.56,-0.14,0.69,9.75,0.36,-0.63,-0.57
6467.07,-54.36,7.51,2.44,5.55,-0.35,-0.22,-0.57,-0.16,0.79,9.79,0.40,-0.65,-0.56
6467.08,-53.94,7.47,2.51,5.58,-0.35,-0.20,-0.57,-0.19,0.92,9.84,0.44,-0.68,-0.55
6467.10,-53.50,7.49,2.51,5.63,-0.35,-0.19,-0.52,-0.22,1.05,9.98,0.49,-0.71,-0.52
6467.11,-53.15,7.52,2.57,5.68,-0.34,-0.19,-0.49,-0.20,1.16,10.15,0.51,-0.72,-0.47
6467.12,-52.79,7.57,2.70,5.78,-0.31,-0.20,-0.46,-0.10,1.40,10.30,0.53,-0.71,-0.43
6467.14,-52.22,7.75,2.91,5.74,-0.23,-0.22,-0.39,0.15,1.77,10.63,0.50,-0.67,-0.46
6467.16,-51.87,7.95,2.98,5.73,-0.17,-0.24,-0.35,0.45,1.75,10.96,0.43,-0.52,-0.53
6467.17,-51.73,8.00,2.86,5.67,-0.10,-0.24,-0.41,0.32,1.77,10.98,0.36,-0.32,-0.59
6467.19,-51.86,7.90,2.74,5.61,-0.03,-0.24,-0.46,-0.12,1.63,10.37,0.30,-0.10,-0.54
6467.20,-52.32,7.48,2.77,5.40,0.05,-0.21,-0.44,-0.23,1.50,9.60,0.25,0.06,-0.48
6467.22,-52.64,7.29,2.75,5.34,0.06,-0.18,-0.43,-0.20,1.38,9.20,0.25,0.12,-0.46
6467.23,-52.92,6.98,2.80,5.23,0.08,-0.12,-0.42,-0.21,1.29,8.91,0.25,0.16,-0.44
6467.24,-53.19,6.84,2.83,5.15,0.07,-0.09,-0.41,-0.28,1.20,8.65,0.25,0.18,-0.39
6467.25,-53.37,6.67,2.86,5.09,0.04,-0.03,-0.36,-0.26,1.17,8.39,0.22,0.15,-0.27
6467.27,-53.51,6.64,2.97,5.00,0.00,0.03,-0.29,-0.10,1.23,8.37,0.21,0.09,-0.16
6467.28,-53.49,6.81,3.14,4.92,-0.06,0.08,-0.22,0.10,1.29,8.63,0.20,0.03,-0.06
6467.29,-53.41,6.96,3.16,4.93,-0.09,0.10,-0.19,0.30,1.36,9.00,0.19,-0.01,0.01
6467.30,-53.24,7.17,3.11,5.04,-0.13,0.12,-0.16,0.47,1.45,9.41,0.18,-0.03,0.05
6467.32,-53.04,7.38,3.06,5.19,-0.16,0.13,-0.14,0.62,1.57,9.81,0.19,-0.05,0.06
6467.33,-52.64,7.65,3.10,5.40,-0.16,0.11,-0.12,0.78,1.77,10.17,0.20,-0.08,0.04
6467.34,-52.35,7.71,3.16,5.49,-0.16,0.10,-0.12,0.85,1.85,10.37,0.22,-0.10,-0.00
6467.35,-52.09,7.73,3.27,5.60,-0.15,0.08,-0.13,0.87,1.90,10.47,0.22,-0.13,-0.07
6467.37,-51.67,7.70,3.26,5.72,-0.14,0.05,-0.13,0.86,1.97,10.52,0.22,-0.16,-0.13
6467.38,-51.36,7.59,3.31,5.78,-0.13,0.02,-0.12,0.67,1.98,10.46,0.20,-0.19,-0.18
6467.39,-51.04,7.41,3.37,5.88,-0.11,-0.01,-0.10,0.32,1.92,10.34,0.17,-0.23,-0.19
6467.41,-50.79,7.31,3.36,5.95,-0.10,-0.04,-0.06,0.13,1.82,10.24,0.15,-0.26,-0.17
6467.42,-50.51,7.20,3.35,6.01,-0.10,-0.07,-0.03,-0.02,1.78,10.05,0.11,-0.30,-0.11
6467.43,-50.31,7.11,3.27,6.02,-0.09,-0.08,-0.00,-0.09,1.73,9.87,0.09,-0.32,-0.07
6467.44,-50.01,7.02,3.21,5.94,-0.09,-0.09,0.04,-0.13,1.71,9.66,0.06,-0.36,-0.02
6467.46,-49.72,7.00,3.19,5.81,-0.10,-0.08,0.06,-0.09,1.69,9.48,0.04,-0.39,0.03
6467.49,-49.43,7.01,3.15,5.69,-0.11,-0.06,0.07,0.08,1.70,9.42,0.03,-0.40,0.05
6467.50,-49.17,7.07,3.09,5.59,-0.12,-0.04,0.08,0.28,1.68,9.45,0.03,-0.39,0.06
6467.51,-48.93,7.19,3.02,5.51,-0.13,-0.02,0.07,0.55,1.67,9.57,0.04,-0.37,0.06
6467.53,-48.55,7.40,2.85,5.42,-0.15,0.00,0.04,0.88,1.73,9.74,0.07,-0.34,0.02
6467.54,-48.29,7.49,2.82,5.43,-0.15,0.01,0.00,1.00,1.81,9.85,0.11,-0.29,-0.05
6467.56,-47.87,7.52,2.89,5.48,-0.12,0.03,-0.06,0.93,1.93,9.90,0.15,-0.21,-0.07
6467.58,-47.77,7.48,2.96,5.52,-0.10,0.04,-0.08,0.87,1.98,9.89,0.17,-0.16,-0.07
6467.59,-47.62,7.40,3.01,5.57,-0.08,0.04,-0.07,0.81,2.00,9.88,0.17,-0.12,-0.06
6467.60,-47.53,7.38,3.03,5.61,-0.07,0.05,-0.06,0.77,1.98,9.86,0.18,-0.09,-0.04
6467.61,-47.46,7.38,3.04,5.63,-0.06,0.05,-0.05,0.82,1.93,9.85,0.18,-0.07,-0.02
6467.63,-47.31,7.43,2.93,5.66,-0.05,0.05,-0.03,0.93,1.85,9.87,0.18,-0.05,0.00
6467.64,-47.21,7.46,2.88,5.67,-0.05,0.04,-0.03,1.02,1.80,9.90,0.18,-0.05,0.02
6467.65,-47.02,7.56,2.80,5.69,-0.05,0.04,-0.03,1.15,1.73,9.94,0.18,-0.05,0.02
6467.67,-46.86,7.61,2.76,5.71,-0.05,0.03,-0.04,1.22,1.73,9.95,0.18,-0.06,0.00
6467.69,-46.73,7.61,2.76,5.71,-0.04,0.03,-0.06,1.23,1.74,9.95,0.19,-0.06,-0.01
6467.70,-46.62,7.57,2.78,5.72,-0.04,0.03,-0.07,1.20,1.79,9.91,0.19,-0.06,-0.02
6467.71,-46.37,7.44,2.90,5.74,-0.03,0.03,-0.10,1.10,1.91,9.83,0.19,-0.07,-0.03
6467.73,-46.26,7.38,2.97,5.73,-0.03,0.03,-0.10,1.06,1.98,9.76,0.19,-0.08,-0.04
6467.75,-46.15,7.32,3.02,5.70,-0.03,0.03,-0.10,1.01,2.04,9.69,0.18,-0.08,-0.05
6467.76,-46.05,7.27,3.07,5.71,-0.03,0.03,-0.10,0.97,2.08,9.65,0.18,-0.09,-0.05
6467.77,-45.92,7.21,3.10,5.69,-0.03,0.03,-0.10,0.94,2.12,9.60,0.17,-0.10,-0.04
6467.78,-45.80,7.18,3.13,5.69,-0.04,0.03,-0.09,0.93,2.15,9.57,0.17,-0.12,-0.03
6467.79,-45.67,7.17,3.14,5.68,-0.04,0.04,-0.08,0.95,2.17,9.56,0.16,-0.13,-0.01
6467.81,-45.55,7.17,3.14,5.69,-0.05,0.04,-0.08,1.00,2.16,9.57,0.16,-0.14,0.01
6467.83,-45.28,7.26,3.11,5.69,-0.06,0.04,-0.06,1.15,2.14,9.67,0.16,-0.17,0.01
6467.84,-45.05,7.32,3.08,5.70,-0.06,0.04,-0.05,1.27,2.13,9.74,0.16,-0.19,0.01
6467.85,-44.79,7.36,3.05,5.75,-0.07,0.03,-0.04,1.33,2.15,9.81,0.17,-0.20,0.01
6467.87,-44.57,7.39,3.04,5.78,-0.08,0.03,-0.04,1.36,2.18,9.87,0.17,-0.21,0.01
6467.88,-44.35,7.41,3.04,5.83,-0.08,0.02,-0.04,1.37,2.23,9.93,0.18,-0.22,0.01
6467.89,-44.13,7.41,3.05,5.86,-0.07,0.01,-0.03,1.37,2.28,9.94,0.18,-0.23,0.01
6467.91,-43.88,7.40,3.07,5.89,-0.07,-0.01,-0.03,1.35,2.32,9.96,0.18,-0.23,0.01
6467.92,-43.65,7.38,3.09,5.91,-0.06,-0.02,-0.02,1.34,2.36,9.95,0.18,-0.23,0.02
6467.93,-43.47,7.36,3.10,5.91,-0.05,-0.03,-0.01,1.34,2.39,9.92,0.18,-0.23,0.02
6467.95,-43.23,7.33,3.09,5.89,-0.04,-0.05,-0.01,1.36,2.41,9.87,0.17,-0.23,0.02
6467.96,-43.09,7.31,3.08,5.88,-0.04,-0.06,-0.00,1.36,2.42,9.78,0.17,-0.23,0.03
6467.98,-42.93,7.29,3.08,5.83,-0.03,-0.06,0.00,1.37,2.43,9.72,0.16,-0.22,0.03
6467.99,-42.81,7.28,3.08,5.81,-0.03,-0.07,0.00,1.39,2.43,9.66,0.15,-0.21,0.03
6468.00,-42.72,7.27,3.08,5.76,-0.03,-0.07,0.01,1.40,2.42,9.60,0.15,-0.21,0.03
6468.01,-42.62,7.27,3.06,5.74,-0.03,-0.07,0.01,1.42,2.41,9.54,0.14,-0.20,0.03
6468.02,-42.57,7.26,3.04,5.73,-0.03,-0.06,0.01,1.44,2.41,9.50,0.13,-0.18,0.03
6468.04,-42.42,7.25,3.04,5.68,-0.03,-0.06,0.00,1.47,2.41,9.45,0.12,-0.17,0.03
6468.05,-42.38,7.25,3.04,5.68,-0.03,-0.05,0.00,1.48,2.43,9.43,0.11,-0.15,0.03
6468.07,-42.29,7.26,3.06,5.68,-0.03,-0.04,0.00,1.50,2.46,9.42,0.10,-0.13,0.03
6468.08,-42.24,7.25,3.07,5.68,-0.03,-0.04,0.00,1.49,2.48,9.42,0.09,-0.12,0.03
6468.10,-42.19,7.23,3.08,5.69,-0.03,-0.03,0.01,1.48,2.50,9.42,0.07,-0.09,0.04
6468.11,-42.16,7.23,3.10,5.69,-0.03,-0.02,0.01,1.49,2.52,9.44,0.05,-0.07,0.05
6468.13,-42.13,7.24,3.09,5.71,-0.03,-0.01,0.01,1.52,2.54,9.46,0.03,-0.04,0.05
6468.14,-42.13,7.24,3.09,5.71,-0.03,-0.01,0.01,1.53,2.55,9.48,0.02,-0.02,0.05
6468.15,-42.12,7.24,3.09,5.72,-0.03,-0.01,0.02,1.53,2.56,9.49,0.00,0.01,0.05
6468.17,-42.14,7.25,3.10,5.73,-0.02,0.00,0.02,1.54,2.57,9.49,-0.01,0.03,0.05
6468.18,-42.16,7.25,3.09,5.73,-0.02,0.00,0.02,1.53,2.56,9.51,-0.02,0.05,0.05
6468.19,-42.19,7.24,3.08,5.73,-0.02,0.01,0.02,1.53,2.56,9.53,-0.03,0.07,0.05
6468.21,-42.26,7.25,3.08,5.74,-0.02,0.01,0.02,1.53,2.55,9.53,-0.03,0.10,0.04
6468.22,-42.32,7.26,3.07,5.75,-0.01,0.01,0.02,1.53,2.53,9.55,-0.04,0.12,0.04
6468.23,-42.35,7.26,3.06,5.75,-0.01,0.02,0.02,1.54,2.51,9.55,-0.04,0.13,0.03
6468.25,-42.42,7.26,3.05,5.76,-0.01,0.02,0.02,1.53,2.50,9.57,-0.04,0.14,0.03
6468.26,-42.50,7.26,3.04,5.77,-0.01,0.02,0.01,1.51,2.49,9.56,-0.04,0.16,0.03
6468.27,-42.58,7.26,3.04,5.77,-0.01,0.02,0.01,1.49,2.49,9.57,-0.04,0.17,0.02
6468.28,-42.66,7.27,3.05,5.78,-0.01,0.02,0.01,1.49,2.48,9.58,-0.04,0.18,0.02
6468.30,-42.77,7.27,3.05,5.78,-0.01,0.03,0.01,1.47,2.47,9.60,-0.04,0.19,0.02
6468.31,-42.86,7.27,3.06,5.78,-0.01,0.03,0.01,1.47,2.47,9.61,-0.04,0.19,0.02
6468.32,-42.96,7.28,3.05,5.79,-0.01,0.02,0.01,1.46,2.46,9.61,-0.03,0.19,0.02
6468.34,-43.05,7.29,3.05,5.80,-0.01,0.02,0.01,1.44,2.45,9.62,-0.03,0.20,0.02
6468.35,-43.15,7.29,3.04,5.80,-0.01,0.02,0.01,1.42,2.45,9.63,-0.03,0.19,0.02
6468.36,-43.21,7.30,3.04,5.80,-0.01,0.02,0.01,1.42,2.44,9.66,-0.02,0.19,0.01
6468.37,-43.34,7.29,3.05,5.80,-0.00,0.02,0.00,1.41,2.46,9.66,-0.02,0.19,0.02
6468.39,-43.42,7.28,3.06,5.80,-0.00,0.02,0.00,1.39,2.45,9.65,-0.01,0.18,0.02
6468.40,-43.48,7.28,3.07,5.80,-0.00,0.01,0.00,1.38,2.44,9.66,-0.01,0.17,0.02
6468.41,-43.57,7.29,3.07,5.80,-0.00,0.01,0.01,1.40,2.44,9.67,-0.00,0.17,0.02
6468.42,-43.63,7.29,3.05,5.80,-0.00,0.01,0.00,1.39,2.44,9.67,0.01,0.16,0.02
6468.44,-43.69,7.29,3.05,5.81,-0.00,0.01,0.00,1.37,2.43,9.67,0.01,0.14,0.01
6468.45,-43.73,7.28,3.05,5.81,-0.00,0.00,0.00,1.34,2.43,9.66,0.02,0.13,0.01
6468.46,-43.79,7.27,3.05,5.81,-0.00,-0.00,0.00,1.32,2.41,9.65,0.03,0.12,0.01
6468.47,-43.84,7.27,3.06,5.80,-0.00,-0.00,-0.00,1.30,2.40,9.65,0.04,0.10,0.01
6468.49,-43.88,7.25,3.06,5.80,-0.01,-0.01,-0.00,1.28,2.41,9.65,0.05,0.09,0.02
6468.50,-43.92,7.25,3.07,5.78,-0.01,-0.01,-0.00,1.28,2.42,9.64,0.05,0.07,0.02
6468.51,-43.94,7.25,3.08,5.79,-0.01,-0.01,0.00,1.26,2.43,9.63,0.06,0.06,0.03
6468.52,-43.96,7.27,3.08,5.78,-0.01,-0.01,0.00,1.26,2.43,9.63,0.06,0.04,0.03
6468.54,-43.97,7.29,3.06,5.78,-0.02,-0.02,0.00,1.29,2.43,9.63,0.07,0.02,0.03
6468.55,-43.96,7.29,3.05,5.79,-0.02,-0.02,0.00,1.30,2.44,9.64,0.07,0.01,0.03
6468.57,-43.93,7.29,3.05,5.80,-0.03,-0.02,0.00,1.28,2.45,9.63,0.08,-0.02,0.03
6468.59,-43.90,7.27,3.08,5.81,-0.03,-0.03,0.00,1.25,2.47,9.61,0.08,-0.03,0.03
6468.60,-43.86,7.24,3.10,5.81,-0.03,-0.03,0.01,1.21,2.50,9.60,0.07,-0.05,0.04
6468.62,-43.82,7.23,3.10,5.82,-0.03,-0.03,0.01,1.22,2.53,9.59,0.07,-0.06,0.04
6468.63,-43.77,7.22,3.10,5.81,-0.03,-0.03,0.02,1.23,2.54,9.58,0.06,-0.07,0.05
6468.65,-43.72,7.22,3.10,5.79,-0.03,-0.03,0.02,1.24,2.54,9.56,0.06,-0.08,0.05
6468.66,-43.65,7.24,3.08,5.79,-0.03,-0.03,0.03,1.28,2.52,9.56,0.06,-0.09,0.05
6468.68,-43.56,7.25,3.05,5.77,-0.03,-0.03,0.03,1.30,2.50,9.56,0.05,-0.10,0.04
6468.69,-43.50,7.26,3.04,5.76,-0.04,-0.03,0.03,1.32,2.49,9.56,0.05,-0.10,0.04
6468.70,-43.46,7.27,3.04,5.76,-0.04,-0.03,0.02,1.34,2.48,9.59,0.05,-0.10,0.04
6468.71,-43.38,7.30,3.02,5.76,-0.04,-0.03,0.02,1.38,2.47,9.62,0.05,-0.10,0.03
6468.73,-43.30,7.32,3.00,5.78,-0.04,-0.03,0.01,1.40,2.48,9.65,0.05,-0.09,0.03
6468.74,-43.22,7.34,3.00,5.80,-0.04,-0.03,0.01,1.42,2.50,9.66,0.05,-0.09,0.02
6468.76,-43.17,7.34,3.00,5.80,-0.04,-0.03,0.00,1.40,2.51,9.66,0.05,-0.08,0.01
6468.77,-43.14,7.33,3.02,5.81,-0.04,-0.03,-0.00,1.39,2.53,9.67,0.04,-0.07,0.01
6468.78,-43.08,7.31,3.04,5.80,-0.04,-0.03,-0.01,1.38,2.56,9.66,0.04,-0.06,0.00
6468.80,-43.05,7.28,3.07,5.81,-0.03,-0.03,-0.01,1.36,2.60,9.62,0.03,-0.05,-0.00
6468.83,-43.04,7.25,3.07,5.80,-0.03,-0.03,-0.01,1.33,2.61,9.57,0.02,-0.03,-0.00
6468.84,-43.05,7.22,3.08,5.78,-0.03,-0.03,-0.01,1.32,2.61,9.56,0.02,-0.03,-0.00
6468.85,-43.06,7.21,3.09,5.77,-0.03,-0.03,-0.01,1.32,2.63,9.53,0.01,-0.02,0.00
6468.87,-43.08,7.19,3.11,5.76,-0.03,-0.03,0.00,1.30,2.64,9.50,0.01,-0.01,0.01
6468.89,-43.10,7.19,3.11,5.75,-0.03,-0.03,0.00,1.30,2.64,9.49,-0.00,0.00,0.02
6468.90,-43.14,7.19,3.11,5.73,-0.03,-0.02,0.01,1.32,2.63,9.47,-0.01,0.01,0.02
6468.91,-43.17,7.21,3.09,5.73,-0.03,-0.02,0.02,1.34,2.61,9.49,-0.01,0.02,0.02
6468.93,-43.19,7.22,3.07,5.74,-0.03,-0.01,0.02,1.36,2.59,9.50,-0.01,0.03,0.02
6468.94,-43.21,7.24,3.05,5.75,-0.03,-0.01,0.02,1.38,2.57,9.53,-0.01,0.03,0.02
6468.95,-43.23,7.27,3.02,5.76,-0.03,-0.01,0.01,1.40,2.54,9.58,-0.01,0.04,0.01
6468.97,-43.26,7.29,3.01,5.78,-0.03,-0.01,0.00,1.40,2.54,9.61,-0.01,0.05,0.01
6468.98,-43.28,7.29,3.02,5.78,-0.03,-0.01,0.00,1.40,2.54,9.61,-0.00,0.05,0.01
6468.99,-43.31,7.30,3.03,5.79,-0.03,-0.01,-0.00,1.39,2.55,9.63,-0.00,0.05,0.01
6469.01,-43.35,7.29,3.06,5.81,-0.03,-0.01,-0.01,1.38,2.58,9.64,-0.00,0.06,0.01
6469.03,-43.39,7.29,3.07,5.81,-0.03,-0.01,-0.00,1.37,2.61,9.62,-0.00,0.06,0.01
6469.04,-43.41,7.28,3.07,5.81,-0.03,-0.01,-0.00,1.35,2.61,9.61,-0.00,0.06,0.00
6469.06,-43.45,7.27,3.06,5.80,-0.02,-0.01,-0.00,1.36,2.60,9.61,-0.00,0.06,0.00
6469.08,-43.49,7.25,3.07,5.79,-0.02,-0.02,0.00,1.35,2.58,9.57,-0.00,0.05,0.00
6469.09,-43.53,7.24,3.06,5.78,-0.02,-0.02,0.00,1.32,2.56,9.57,0.00,0.05,0.01
6469.11,-43.55,7.23,3.06,5.78,-0.03,-0.02,0.00,1.31,2.56,9.55,0.00,0.04,0.01
6469.12,-43.58,7.24,3.07,5.78,-0.03,-0.01,0.01,1.31,2.56,9.54,0.00,0.04,0.01
6469.14,-43.60,7.24,3.06,5.78,-0.03,-0.01,0.01,1.31,2.55,9.54,0.01,0.03,0.02
6469.15,-43.61,7.24,3.07,5.79,-0.03,-0.01,0.01,1.31,2.56,9.55,0.01,0.02,0.02
6469.18,-43.60,7.25,3.06,5.79,-0.03,-0.01,0.01,1.33,2.56,9.58,0.01,0.01,0.02
6469.19,-43.60,7.27,3.06,5.79,-0.04,-0.01,0.01,1.33,2.56,9.58,0.01,0.01,0.02
6469.21,-43.59,7.27,3.06,5.78,-0.04,-0.01,0.01,1.34,2.57,9.60,0.01,0.00,0.02
6469.22,-43.57,7.29,3.06,5.79,-0.04,-0.02,0.01,1.35,2.57,9.61,0.02,-0.00,0.02
6469.24,-43.56,7.29,3.05,5.81,-0.04,-0.02,0.01,1.35,2.57,9.62,0.02,-0.01,0.02
6469.25,-43.55,7.29,3.04,5.80,-0.04,-0.02,0.01,1.35,2.57,9.61,0.02,-0.01,0.02
6469.27,-43.53,7.28,3.04,5.79,-0.03,-0.02,0.01,1.34,2.58,9.60,0.02,-0.01,0.02
6469.28,-43.52,7.28,3.04,5.80,-0.03,-0.02,0.01,1.33,2.57,9.59,0.02,-0.01,0.02
6469.29,-43.51,7.27,3.04,5.80,-0.03,-0.02,0.01,1.32,2.57,9.58,0.02,-0.01,0.02
6469.30,-43.50,7.27,3.05,5.80,-0.03,-0.02,0.01,1.31,2.56,9.59,0.02,-0.01,0.02
6469.31,-43.50,7.28,3.04,5.80,-0.03,-0.02,0.01,1.33,2.56,9.60,0.02,-0.01,0.02
6469.33,-43.48,7.27,3.03,5.81,-0.03,-0.02,0.01,1.33,2.56,9.61,0.02,-0.01,0.02
6469.35,-43.48,7.28,3.03,5.81,-0.03,-0.02,0.01,1.32,2.56,9.59,0.02,-0.01,0.01
6469.36,-43.48,7.27,3.03,5.81,-0.03,-0.02,0.01,1.31,2.56,9.58,0.02,-0.01,0.01
6469.37,-43.48,7.28,3.03,5.80,-0.03,-0.02,0.01,1.32,2.55,9.58,0.01,-0.00,0.01
6469.38,-43.47,7.27,3.02,5.80,-0.03,-0.02,0.00,1.34,2.54,9.58,0.01,-0.00,0.00
6469.40,-43.47,7.27,3.01,5.80,-0.03,-0.02,0.00,1.34,2.53,9.57,0.00,-0.00,0.00
6469.41,-43.47,7.26,3.01,5.79,-0.03,-0.02,0.00,1.32,2.52,9.55,-0.01,0.00,-0.00
6469.42,-43.48,7.25,3.03,5.78,-0.03,-0.02,0.00,1.31,2.54,9.55,-0.02,0.01,0.00
6469.44,-43.50,7.24,3.05,5.77,-0.03,-0.02,0.00,1.28,2.55,9.55,-0.03,0.02,0.00
6469.45,-43.53,7.23,3.06,5.77,-0.03,-0.01,0.00,1.28,2.56,9.54,-0.04,0.02,0.01
6469.46,-43.55,7.24,3.06,5.77,-0.04,-0.01,0.00,1.27,2.58,9.54,-0.05,0.03,0.01
6469.48,-43.58,7.24,3.05,5.78,-0.04,-0.01,0.01,1.28,2.57,9.54,-0.05,0.04,0.01
6469.49,-43.62,7.25,3.05,5.78,-0.03,-0.01,0.01,1.28,2.56,9.56,-0.06,0.05,0.01
6469.50,-43.64,7.25,3.04,5.79,-0.03,-0.00,0.00,1.29,2.56,9.58,-0.06,0.06,0.00
6469.51,-43.68,7.25,3.04,5.80,-0.03,-0.00,0.00,1.28,2.55,9.59,-0.06,0.07,-0.00
6469.53,-43.74,7.25,3.04,5.80,-0.04,-0.00,0.01,1.27,2.54,9.61,-0.06,0.08,-0.00
6469.54,-43.78,7.26,3.04,5.81,-0.04,0.00,0.00,1.28,2.52,9.62,-0.07,0.09,-0.01
6469.56,-43.82,7.26,3.04,5.81,-0.04,0.00,0.00,1.28,2.50,9.63,-0.07,0.09,-0.01
6469.57,-43.87,7.27,3.03,5.82,-0.04,0.00,0.00,1.27,2.50,9.63,-0.07,0.09,-0.02
6469.58,-43.91,7.26,3.03,5.82,-0.03,-0.00,0.00,1.24,2.51,9.63,-0.07,0.10,-0.02
6469.59,-44.00,7.25,3.04,5.81,-0.03,-0.00,0.00,1.20,2.49,9.63,-0.07,0.10,-0.02
6469.61,-44.06,7.24,3.04,5.81,-0.03,-0.00,0.01,1.19,2.48,9.63,-0.08,0.10,-0.02
6469.62,-44.13,7.23,3.05,5.81,-0.03,-0.00,0.01,1.19,2.46,9.62,-0.08,0.10,-0.01
6469.63,-44.19,7.23,3.04,5.81,-0.03,-0.00,0.01,1.17,2.44,9.62,-0.08,0.10,-0.01
6469.65,-44.25,7.23,3.04,5.82,-0.03,-0.00,0.01,1.17,2.43,9.62,-0.08,0.10,-0.00
6469.66,-44.29,7.23,3.03,5.82,-0.03,-0.00,0.01,1.16,2.43,9.62,-0.08,0.10,-0.00
6469.67,-44.34,7.23,3.03,5.82,-0.03,-0.00,0.01,1.16,2.42,9.63,-0.08,0.09,-0.00
6469.69,-44.40,7.25,3.02,5.83,-0.03,-0.00,0.01,1.16,2.41,9.64,-0.08,0.09,-0.00
6469.70,-44.44,7.24,3.02,5.84,-0.03,-0.00,0.01,1.16,2.40,9.66,-0.08,0.09,0.00
6469.71,-44.49,7.24,3.02,5.85,-0.03,-0.00,0.01,1.15,2.40,9.67,-0.08,0.08,0.00
6469.73,-44.52,7.25,3.02,5.85,-0.03,-0.00,0.01,1.15,2.40,9.68,-0.07,0.08,0.00
6469.74,-44.55,7.25,3.02,5.84,-0.03,-0.00,0.01,1.14,2.38,9.69,-0.07,0.07,0.00
6469.75,-44.57,7.26,3.02,5.84,-0.03,-0.00,0.01,1.13,2.36,9.70,-0.07,0.07,0.00
6469.77,-44.61,7.25,3.01,5.84,-0.03,-0.01,0.01,1.13,2.35,9.70,-0.06,0.07,0.00
6469.78,-44.63,7.25,3.00,5.83,-0.03,-0.01,0.01,1.14,2.35,9.71,-0.06,0.06,0.00
6469.79,-44.66,7.25,3.00,5.84,-0.03,-0.01,0.01,1.13,2.34,9.72,-0.05,0.06,0.00
6469.80,-44.69,7.25,3.00,5.84,-0.03,-0.01,0.01,1.10,2.33,9.72,-0.05,0.05,0.00
6469.81,-44.71,7.25,3.00,5.84,-0.03,-0.01,0.01,1.09,2.33,9.70,-0.04,0.05,0.00
6469.83,-44.75,7.25,3.00,5.85,-0.03,-0.01,0.01,1.08,2.32,9.71,-0.03,0.04,0.00
6469.85,-44.77,7.25,3.00,5.85,-0.03,-0.01,0.01,1.07,2.31,9.71,-0.03,0.03,0.00
6469.86,-44.79,7.25,3.01,5.86,-0.04,-0.01,0.00,1.05,2.29,9.71,-0.02,0.03,0.00
6469.87,-44.80,7.24,3.01,5.86,-0.04,-0.01,0.00,1.06,2.30,9.71,-0.02,0.03,0.00
6469.89,-44.81,7.25,3.01,5.87,-0.04,-0.02,0.00,1.06,2.30,9.72,-0.01,0.02,0.00
6469.90,-44.81,7.24,3.01,5.87,-0.03,-0.02,0.00,1.06,2.30,9.72,-0.01,0.02,0.00
6469.91,-44.82,7.24,3.02,5.87,-0.03,-0.02,0.00,1.06,2.31,9.73,-0.01,0.01,0.00
6469.93,-44.82,7.24,3.03,5.86,-0.03,-0.02,0.00,1.04,2.30,9.76,-0.01,0.01,0.00
6469.94,-44.83,7.24,3.03,5.86,-0.03,-0.02,0.00,1.04,2.31,9.76,-0.01,0.01,0.01
6469.96,-44.84,7.23,3.03,5.86,-0.03,-0.02,0.00,1.04,2.31,9.75,-0.01,0.01,0.01
6469.97,-44.86,7.25,3.03,5.85,-0.03,-0.03,0.00,1.04,2.32,9.75,-0.01,0.01,0.01
6469.99,-44.87,7.24,3.02,5.86,-0.03,-0.03,0.00,1.05,2.33,9.73,-0.00,0.01,0.01
6470.00,-44.88,7.22,3.02,5.85,-0.03,-0.03,0.01,1.04,2.33,9.72,-0.00,0.01,0.01
6470.01,-44.90,7.22,3.03,5.83,-0.03,-0.03,0.01,1.03,2.33,9.71,-0.00,0.01,0.01
6470.03,-44.93,7.23,3.05,5.82,-0.03,-0.03,0.01,0.99,2.31,9.75,-0.00,0.02,0.02
6470.04,-44.98,7.25,3.04,5.83,-0.03,-0.04,0.01,1.00,2.31,9.78,-0.00,0.02,0.03
6470.05,-45.03,7.25,3.02,5.83,-0.02,-0.04,0.02,1.00,2.33,9.83,-0.01,0.03,0.05
6470.06,-45.11,7.26,3.03,5.85,-0.02,-0.05,0.04,0.99,2.34,9.86,-0.02,0.05,0.07
6470.08,-45.18,7.27,3.04,5.85,-0.02,-0.05,0.05,0.98,2.35,9.89,-0.03,0.06,0.08
6470.09,-45.30,7.27,3.04,5.87,-0.02,-0.06,0.09,0.98,2.38,9.91,-0.04,0.09,0.09
6470.11,-45.41,7.29,3.05,5.88,-0.01,-0.07,0.10,0.97,2.41,9.93,-0.07,0.11,0.09
6470.12,-45.54,7.32,3.07,5.88,0.00,-0.08,0.12,0.96,2.44,9.95,-0.09,0.14,0.09
6470.13,-45.72,7.33,3.06,5.88,0.01,-0.09,0.13,0.94,2.46,9.96,-0.11,0.16,0.08
6470.14,-45.87,7.34,3.04,5.88,0.03,-0.10,0.14,0.93,2.49,9.97,-0.15,0.19,0.07
6470.15,-46.08,7.33,3.06,5.87,0.05,-0.11,0.16,0.87,2.48,9.99,-0.18,0.23,0.05
6470.17,-46.41,7.35,3.06,5.85,0.07,-0.13,0.18,0.76,2.46,10.01,-0.22,0.27,0.04
6470.18,-46.83,7.34,3.08,5.85,0.09,-0.14,0.21,0.63,2.42,10.02,-0.27,0.34,0.06
6470.20,-47.48,7.33,3.12,5.86,0.12,-0.15,0.26,0.48,2.40,10.01,-0.34,0.43,0.09
6470.21,-47.96,7.32,3.15,5.85,0.13,-0.16,0.29,0.39,2.36,9.95,-0.40,0.50,0.10
6470.23,-48.61,7.31,3.18,5.81,0.15,-0.16,0.32,0.33,2.31,9.89,-0.45,0.55,0.10
6470.24,-49.16,7.29,3.14,5.76,0.16,-0.15,0.34,0.24,2.17,9.81,-0.51,0.62,0.10
6470.25,-49.92,7.27,3.05,5.68,0.17,-0.14,0.35,0.11,2.04,9.69,-0.55,0.67,0.10
6470.27,-50.56,7.26,2.99,5.64,0.17,-0.13,0.36,0.01,1.91,9.58,-0.59,0.72,0.10
6470.28,-51.25,7.24,2.92,5.58,0.18,-0.10,0.36,-0.06,1.80,9.47,-0.61,0.76,0.11
6470.29,-51.92,7.22,2.88,5.56,0.18,-0.09,0.36,-0.10,1.68,9.36,-0.63,0.80,0.12
6470.30,-52.59,7.18,2.82,5.49,0.18,-0.05,0.34,-0.13,1.56,9.23,-0.64,0.84,0.11
6470.32,-53.53,7.10,2.71,5.41,0.17,0.01,0.30,-0.19,1.48,9.10,-0.63,0.87,0.10
6470.33,-54.14,7.05,2.68,5.38,0.16,0.04,0.28,-0.28,1.42,8.99,-0.62,0.88,0.09
6470.35,-54.85,7.01,2.68,5.32,0.15,0.11,0.25,-0.39,1.28,8.90,-0.59,0.88,0.08
6470.36,-55.39,7.00,2.68,5.31,0.14,0.14,0.25,-0.41,1.23,8.93,-0.57,0.87,0.07
6470.38,-56.26,7.10,2.67,5.41,0.10,0.22,0.23,-0.53,1.07,9.21,-0.52,0.82,0.11
6470.40,-56.65,7.15,2.67,5.48,0.08,0.24,0.23,-0.55,1.10,9.34,-0.48,0.77,0.18
6470.41,-56.99,7.22,2.69,5.64,0.07,0.28,0.23,-0.64,1.16,9.61,-0.41,0.67,0.22
6470.43,-57.16,7.28,2.74,5.78,0.07,0.28,0.25,-0.72,1.18,9.87,-0.35,0.55,0.28
6470.44,-57.26,7.34,2.77,5.86,0.07,0.28,0.27,-0.73,1.17,10.13,-0.28,0.44,0.35
6470.45,-57.09,7.54,2.75,6.07,0.07,0.23,0.34,-0.62,1.21,10.56,-0.18,0.24,0.41
6470.47,-56.88,7.72,2.71,6.17,0.08,0.18,0.37,-0.45,1.22,10.98,-0.08,0.05,0.39
6470.48,-56.53,7.92,2.72,6.26,0.11,0.10,0.41,-0.37,1.16,11.26,-0.01,-0.08,0.34
6470.50,-56.22,8.00,2.71,6.30,0.13,0.06,0.42,-0.39,1.04,11.37,0.02,-0.16,0.29
6470.51,-55.95,7.96,2.61,6.20,0.16,-0.01,0.41,-0.47,0.93,11.08,0.03,-0.24,0.30
6470.52,-55.73,7.81,2.44,6.02,0.18,-0.05,0.41,-0.51,0.87,10.67,0.04,-0.29,0.36
6470.54,-55.35,7.44,2.18,5.58,0.18,-0.08,0.48,-0.47,0.72,9.95,0.08,-0.37,0.38
6470.56,-55.12,7.37,2.12,5.43,0.16,-0.08,0.50,-0.40,0.59,9.63,0.11,-0.41,0.38
6470.57,-54.97,7.33,2.04,5.27,0.12,-0.07,0.50,-0.27,0.45,9.36,0.15,-0.45,0.37
6470.58,-54.63,7.44,1.89,5.22,0.06,-0.04,0.48,-0.14,0.32,9.31,0.19,-0.48,0.35
6470.60,-54.36,7.58,1.76,5.27,0.01,-0.02,0.45,-0.03,0.28,9.44,0.22,-0.49,0.34
6470.61,-54.02,7.69,1.66,5.34,-0.01,-0.01,0.41,0.08,0.29,9.63,0.25,-0.49,0.31
6470.62,-53.83,7.83,1.57,5.46,-0.04,0.01,0.36,0.16,0.31,9.82,0.29,-0.48,0.27
6470.63,-53.41,7.93,1.53,5.60,-0.06,0.03,0.28,0.19,0.37,10.00,0.31,-0.47,0.23
6470.65,-53.05,7.96,1.55,5.66,-0.06,0.04,0.23,0.18,0.46,10.15,0.33,-0.45,0.19
6470.66,-52.69,7.96,1.63,5.78,-0.07,0.05,0.15,0.13,0.59,10.25,0.34,-0.42,0.16
6470.67,-52.41,7.91,1.71,5.84,-0.07,0.05,0.10,0.06,0.71,10.27,0.34,-0.40,0.15
6470.69,-52.16,7.83,1.78,5.89,-0.08,0.05,0.07,-0.02,0.83,10.24,0.34,-0.37,0.14
6470.70,-51.95,7.75,1.82,5.92,-0.08,0.05,0.04,-0.10,0.96,10.15,0.33,-0.34,0.12
6470.72,-51.56,7.45,1.99,5.89,-0.07,0.05,0.00,-0.27,1.23,9.80,0.30,-0.28,0.12
6470.74,-51.46,7.36,2.04,5.86,-0.07,0.06,0.00,-0.34,1.33,9.63,0.28,-0.26,0.13
6470.75,-51.34,7.22,2.10,5.81,-0.06,0.08,0.02,-0.41,1.43,9.45,0.25,-0.23,0.15
6470.76,-51.23,7.09,2.14,5.79,-0.06,0.10,0.05,-0.42,1.49,9.34,0.23,-0.21,0.17
6470.78,-51.17,7.04,2.14,5.80,-0.07,0.11,0.08,-0.39,1.53,9.31,0.21,-0.19,0.20
6470.79,-50.95,7.04,2.15,5.80,-0.07,0.14,0.14,-0.30,1.58,9.33,0.18,-0.18,0.22
6470.81,-50.80,7.08,2.13,5.81,-0.08,0.15,0.17,-0.21,1.61,9.38,0.16,-0.17,0.24
6470.82,-50.62,7.15,2.10,5.85,-0.08,0.16,0.21,-0.09,1.62,9.46,0.15,-0.17,0.25
6470.83,-50.45,7.22,2.07,5.87,-0.08,0.17,0.23,0.04,1.63,9.59,0.14,-0.18,0.25
6470.84,-50.24,7.32,2.01,5.91,-0.09,0.17,0.25,0.18,1.63,9.73,0.13,-0.18,0.25
6470.85,-49.89,7.46,1.92,5.95,-0.09,0.17,0.27,0.35,1.61,9.94,0.12,-0.18,0.24
6470.87,-49.46,7.67,1.81,6.04,-0.10,0.16,0.28,0.56,1.59,10.23,0.13,-0.19,0.23
6470.89,-49.18,7.76,1.75,6.09,-0.10,0.14,0.28,0.70,1.58,10.41,0.13,-0.19,0.22
6470.90,-48.95,7.85,1.67,6.14,-0.10,0.13,0.27,0.81,1.57,10.54,0.13,-0.19,0.19
6470.91,-48.53,7.94,1.58,6.19,-0.09,0.10,0.23,0.90,1.56,10.63,0.14,-0.18,0.16
6470.93,-48.28,7.98,1.54,6.21,-0.08,0.08,0.21,0.95,1.56,10.66,0.14,-0.18,0.12
6470.94,-47.94,7.99,1.49,6.23,-0.08,0.04,0.17,0.98,1.53,10.66,0.14,-0.17,0.08
6470.96,-47.66,7.72,1.55,6.07,-0.08,0.00,0.15,0.94,1.56,10.49,0.12,-0.16,0.07
6470.98,-47.49,7.78,1.55,6.12,-0.12,-0.03,0.17,0.87,1.57,10.31,0.11,-0.15,0.06
6470.99,-47.38,7.82,1.46,6.20,-0.12,-0.03,0.15,0.79,1.58,10.19,0.09,-0.14,0.05
6471.00,-47.32,7.62,1.57,6.06,-0.12,-0.03,0.14,0.70,1.60,10.08,0.07,-0.13,0.06
6471.01,-47.27,7.55,1.55,6.04,-0.13,-0.04,0.16,0.64,1.62,9.93,0.05,-0.11,0.07
6471.02,-47.25,7.54,1.41,6.12,-0.12,-0.04,0.16,0.58,1.63,9.84,0.03,-0.10,0.08
6471.04,-47.22,7.53,1.33,6.16,-0.08,-0.03,0.14,0.54,1.64,9.80,0.00,-0.09,0.11
6471.05,-47.20,7.51,1.34,6.13,-0.03,-0.03,0.13,0.53,1.66,9.77,-0.02,-0.09,0.12
6471.06,-47.18,7.48,1.41,6.06,0.00,-0.02,0.13,0.56,1.65,9.74,-0.03,-0.08,0.14
6471.07,-47.17,7.46,1.49,5.99,-0.00,-0.02,0.14,0.61,1.64,9.74,-0.04,-0.07,0.15
6471.09,-47.13,7.36,1.18,6.04,-0.05,-0.01,0.17,0.72,1.57,9.73,-0.06,-0.06,0.14
6471.11,-47.03,7.54,1.25,6.12,0.00,-0.00,0.17,0.75,1.51,9.80,-0.06,-0.06,0.12
6471.12,-46.98,7.61,1.38,6.08,-0.01,0.01,0.16,0.76,1.49,9.82,-0.06,-0.06,0.11
6471.14,-46.92,7.56,1.22,6.13,-0.04,0.02,0.13,0.79,1.43,9.85,-0.06,-0.07,0.08
6471.15,-46.76,7.38,0.91,6.17,0.03,0.01,0.13,0.80,1.41,9.85,-0.05,-0.08,0.07
6471.16,-46.65,7.35,1.01,6.12,0.08,0.00,0.14,0.77,1.39,9.84,-0.05,-0.08,0.05
6471.18,-46.56,7.51,1.32,6.17,0.12,-0.02,0.14,0.71,1.38,9.86,-0.05,-0.09,0.05
6471.19,-46.52,7.66,1.40,6.25,0.11,-0.02,0.11,0.69,1.42,9.88,-0.05,-0.10,0.05
6471.20,-46.45,7.55,1.41,6.17,0.15,-0.05,0.06,0.66,1.46,9.92,-0.06,-0.11,0.06
6471.22,-46.44,7.56,1.58,6.06,0.11,-0.06,0.05,0.70,1.52,9.88,-0.06,-0.11,0.06
6471.23,-46.41,7.48,1.35,6.25,0.09,-0.06,0.04,0.74,1.54,9.89,-0.07,-0.12,0.06
6471.24,-46.29,7.56,1.21,6.46,0.16,-0.05,0.03,0.73,1.57,9.91,-0.07,-0.14,0.06
6471.25,-46.20,7.67,1.40,6.27,0.24,-0.03,-0.00,0.74,1.59,9.93,-0.07,-0.15,0.07
6471.26,-46.29,7.69,2.69,5.42,-0.04,-0.03,-0.07,0.86,1.59,9.92,-0.07,-0.17,0.06
6471.28,-46.30,7.51,1.75,5.72,-0.26,-0.03,-0.11,1.02,1.58,9.88,-0.07,-0.17,0.05
6471.29,-46.15,7.37,1.11,5.95,-0.26,-0.04,-0.08,1.09,1.55,9.87,-0.07,-0.17,0.03
6471.30,-45.95,7.43,0.86,6.16,-0.15,-0.06,-0.04,1.08,1.50,9.88,-0.06,-0.18,0.01
6471.31,-45.78,7.55,1.18,6.12,-0.09,-0.06,-0.03,1.07,1.44,9.86,-0.05,-0.19,-0.00
6471.32,-45.72,7.53,1.68,5.69,-0.12,-0.08,-0.01,1.17,1.43,9.80,-0.04,-0.20,-0.01
6471.34,-45.61,7.59,1.56,5.84,-0.17,-0.09,-0.02,1.20,1.49,9.74,-0.03,-0.20,-0.02
6471.35,-45.30,7.56,0.91,6.25,0.06,-0.28,-0.03,1.09,1.50,9.79,-0.01,-0.24,-0.02
6471.38,-45.27,7.73,1.16,6.18,0.12,-0.36,-0.06,1.10,1.51,9.80,0.01,-0.26,-0.01
6471.39,-45.44,7.69,1.59,5.87,0.14,-0.49,-0.09,1.17,1.55,9.79,0.02,-0.27,-0.00
6471.40,-45.60,7.43,1.77,5.59,0.13,-0.60,-0.13,1.24,1.60,9.77,0.02,-0.27,0.00
6471.43,-46.67,7.50,1.43,5.78,0.29,-1.10,-0.25,1.21,1.68,9.75,0.03,-0.27,0.01
6471.44,-47.40,7.75,1.83,5.67,0.41,-1.26,-0.33,1.19,1.71,9.73,0.03,-0.28,0.03
6471.46,-47.87,7.89,1.93,5.47,0.37,-1.27,-0.28,1.18,1.74,9.73,0.02,-0.28,0.05
6471.47,-49.02,7.87,2.06,4.96,0.34,-1.29,-0.31,1.24,1.79,9.64,0.02,-0.28,0.07
6471.49,-50.42,7.70,2.22,4.41,0.12,-1.26,-0.19,1.33,1.72,9.66,0.02,-0.27,0.08
6471.51,-51.25,7.66,2.32,4.17,-0.00,-1.33,-0.20,1.47,1.67,9.62,0.02,-0.26,0.08
6471.52,-52.23,8.16,1.95,4.35,-0.15,-1.32,-0.10,1.57,1.60,9.66,0.02,-0.25,0.06
6471.53,-53.00,8.17,1.89,4.06,-0.21,-1.30,-0.05,1.65,1.55,9.64,0.03,-0.24,0.05
6471.55,-54.09,8.55,1.56,4.39,-0.21,-1.26,-0.04,1.72,1.48,9.53,0.03,-0.22,0.02
6471.57,-54.83,8.69,1.48,4.27,-0.07,-1.14,-0.02,1.70,1.40,9.51,0.03,-0.20,0.02
6471.58,-55.56,8.55,1.66,3.87,-0.01,-1.07,-0.02,1.73,1.38,9.47,0.04,-0.19,0.01
6471.60,-56.50,8.17,1.76,3.25,-0.02,-1.09,-0.04,1.84,1.30,9.44,0.05,-0.15,-0.01
6471.61,-57.34,8.08,1.80,2.84,-0.06,-1.26,-0.06,1.94,1.26,9.45,0.05,-0.12,-0.03
6471.63,-58.47,8.30,1.76,3.01,-0.16,-1.31,-0.09,2.00,1.21,9.56,0.05,-0.09,-0.07
6471.64,-59.18,8.96,1.33,3.39,-0.14,-1.23,-0.13,2.04,1.16,9.66,0.05,-0.04,-0.11
6471.65,-59.89,9.48,1.28,3.48,0.02,-1.28,-0.18,1.98,1.14,9.82,0.04,-0.01,-0.15
6471.67,-61.36,8.86,1.49,2.58,0.13,-1.51,-0.18,1.96,1.19,9.89,0.03,0.03,-0.17
6471.68,-62.28,8.52,1.54,2.25,0.10,-1.63,-0.17,1.96,1.27,9.80,0.02,0.08,-0.20
6471.69,-64.21,8.61,1.78,2.20,0.03,-1.67,-0.21,1.89,1.31,9.67,-0.00,0.14,-0.23
6471.71,-65.32,8.44,1.79,1.99,-0.06,-1.32,-0.19,1.85,1.35,9.47,-0.02,0.19,-0.26
6471.72,-67.04,8.54,2.03,1.63,-0.08,-1.37,-0.11,1.60,1.46,9.41,-0.06,0.23,-0.28
6471.74,-68.63,8.80,2.24,1.67,-0.15,-1.49,-0.02,1.48,1.55,9.40,-0.10,0.22,-0.26
6471.76,-69.85,9.07,2.23,1.82,-0.20,-1.46,0.04,1.40,1.64,9.37,-0.14,0.21,-0.24
6471.77,-70.92,9.70,2.13,2.06,-0.21,-1.31,0.08,1.36,1.69,9.40,-0.18,0.20,-0.20
6471.78,-71.87,10.28,2.34,1.93,-0.17,-0.82,0.15,1.40,1.77,9.56,-0.21,0.18,-0.15
6471.79,-72.48,10.59,2.79,1.37,-0.24,-0.34,0.26,1.73,2.06,10.22,-0.25,0.15,-0.06
6471.81,-72.69,11.00,2.82,1.23,-0.39,0.07,0.35,2.25,2.40,11.11,-0.26,0.12,0.01
6471.82,-72.53,11.09,2.41,1.55,-0.39,0.30,0.42,2.47,2.58,11.37,-0.26,0.13,-0.02
6471.84,-71.95,10.74,1.72,1.99,-0.24,0.66,0.48,2.26,2.52,11.05,-0.25,0.17,-0.09
6471.85,-71.01,9.94,1.25,1.99,0.14,0.93,0.52,1.73,2.16,10.33,-0.25,0.22,-0.15
6471.86,-70.66,9.84,1.42,1.87,0.29,1.00,0.48,1.34,1.80,9.75,-0.23,0.24,-0.15
6471.88,-70.16,9.87,1.76,1.70,0.37,1.10,0.38,1.11,1.59,9.35,-0.21,0.24,-0.11
6471.89,-69.51,9.84,1.82,1.66,0.38,1.27,0.30,1.03,1.47,9.27,-0.19,0.23,-0.08
6471.90,-68.99,9.61,1.77,1.74,0.37,1.36,0.30,1.20,1.44,9.49,-0.18,0.22,-0.08
6471.92,-68.11,9.71,1.60,2.15,0.30,1.55,0.33,1.33,1.18,9.83,-0.18,0.22,-0.08
6471.94,-67.00,9.39,1.40,2.20,0.24,1.74,0.37,1.36,1.02,9.81,-0.17,0.23,-0.07
6471.95,-66.10,10.09,1.96,2.14,0.15,1.84,0.29,1.24,0.87,9.53,-0.15,0.23,-0.08
6471.96,-64.46,8.76,0.75,2.74,0.15,1.67,0.21,1.28,0.74,9.70,-0.11,0.24,-0.06
6471.98,-63.86,9.04,0.87,2.81,0.17,1.50,0.21,1.44,0.86,9.91,-0.09,0.25,-0.07
6471.99,-63.09,9.57,0.93,3.10,0.16,1.39,0.19,1.47,1.00,10.05,-0.08,0.28,-0.09
6472.00,-62.24,8.84,1.26,3.04,0.16,1.28,0.12,1.48,1.16,10.02,-0.07,0.31,-0.09
6472.02,-61.85,8.60,1.40,3.11,0.15,1.13,0.11,1.47,1.29,9.95,-0.07,0.33,-0.10
6472.03,-61.34,8.46,1.51,3.15,0.14,1.02,0.16,1.45,1.40,9.84,-0.07,0.36,-0.09
6472.04,-60.72,8.20,1.64,3.34,0.13,0.92,0.23,1.39,1.55,9.72,-0.09,0.38,-0.06
6472.05,-60.46,8.18,1.52,3.54,0.15,0.85,0.25,1.32,1.60,9.70,-0.11,0.39,-0.01
6472.06,-60.06,8.01,1.56,3.69,0.20,0.72,0.26,1.23,1.62,9.74,-0.12,0.40,0.03
6472.08,-59.70,7.97,1.64,3.90,0.25,0.49,0.27,1.10,1.58,9.84,-0.14,0.40,0.09
6472.09,-59.66,7.92,1.63,4.02,0.26,0.40,0.28,1.02,1.48,9.88,-0.15,0.41,0.11
6472.10,-59.51,7.88,1.55,4.18,0.27,0.29,0.28,0.85,1.34,9.92,-0.16,0.41,0.12
6472.12,-59.49,7.89,1.47,4.39,0.27,0.20,0.28,0.64,1.17,9.98,-0.15,0.41,0.11
6472.13,-59.53,7.89,1.35,4.66,0.27,0.11,0.27,0.43,0.99,10.04,-0.15,0.40,0.11
6472.14,-59.70,7.91,1.29,4.85,0.26,0.06,0.25,0.19,0.84,10.12,-0.15,0.39,0.10
6472.15,-59.72,7.95,1.22,5.21,0.25,-0.01,0.22,-0.14,0.70,10.25,-0.14,0.37,0.11
6472.17,-59.83,8.00,1.20,5.50,0.24,-0.05,0.19,-0.34,0.64,10.34,-0.14,0.34,0.11
6472.18,-59.96,8.03,1.23,5.82,0.23,-0.09,0.14,-0.56,0.64,10.41,-0.14,0.30,0.12
6472.19,-60.06,8.01,1.32,6.05,0.21,-0.12,0.09,-0.78,0.63,10.41,-0.13,0.25,0.12
6472.21,-60.14,8.00,1.39,6.17,0.20,-0.13,0.06,-0.99,0.61,10.40,-0.13,0.20,0.13
6472.22,-60.32,7.96,1.40,6.24,0.19,-0.13,0.03,-1.14,0.62,10.39,-0.12,0.14,0.14
6472.24,-60.21,7.83,1.43,6.32,0.17,-0.13,-0.01,-1.29,0.59,10.40,-0.11,0.04,0.16
6472.25,-60.32,7.80,1.43,6.14,0.17,-0.14,-0.03,-1.29,0.59,10.30,-0.11,0.01,0.17
6472.27,-60.29,7.76,1.41,5.79,0.18,-0.17,-0.05,-1.20,0.58,10.17,-0.11,-0.01,0.17
6472.28,-60.39,7.78,1.39,5.59,0.18,-0.19,-0.07,-1.07,0.48,10.10,-0.10,-0.02,0.16
6472.29,-60.57,7.90,1.30,5.36,0.15,-0.22,-0.07,-0.87,0.36,10.07,-0.09,-0.04,0.15
6472.31,-60.71,8.08,1.15,5.17,0.13,-0.25,-0.07,-0.54,0.19,10.08,-0.06,-0.07,0.14
6472.32,-60.84,8.22,1.03,4.96,0.10,-0.26,-0.07,-0.33,0.08,10.10,-0.04,-0.09,0.11
6472.34,-60.94,8.34,0.97,4.79,0.07,-0.28,-0.09,-0.08,-0.05,10.14,-0.01,-0.09,0.09
6472.35,-61.09,8.54,0.92,4.58,0.02,-0.30,-0.12,0.09,-0.11,10.17,0.01,-0.09,0.06
6472.37,-61.35,8.82,0.87,4.32,-0.05,-0.30,-0.17,0.38,-0.12,10.17,0.04,-0.09,0.03
6472.38,-61.50,8.92,0.87,4.21,-0.09,-0.30,-0.20,0.50,-0.08,10.15,0.06,-0.09,0.00
6472.40,-61.65,8.99,0.91,4.10,-0.13,-0.29,-0.23,0.60,-0.03,10.14,0.09,-0.08,-0.04
6472.41,-61.73,9.03,0.99,3.99,-0.17,-0.27,-0.26,0.70,0.08,10.15,0.12,-0.08,-0.08
6472.43,-62.02,9.06,1.16,3.84,-0.23,-0.25,-0.30,0.77,0.23,10.14,0.14,-0.06,-0.12
6472.44,-62.24,9.04,1.30,3.75,-0.29,-0.23,-0.35,0.81,0.40,10.12,0.17,-0.05,-0.14
6472.46,-62.38,9.00,1.36,3.71,-0.32,-0.22,-0.37,0.84,0.52,10.10,0.18,-0.04,-0.17
6472.47,-62.49,8.96,1.42,3.68,-0.34,-0.20,-0.39,0.87,0.68,10.05,0.19,-0.03,-0.19
6472.48,-62.58,8.92,1.51,3.65,-0.35,-0.18,-0.39,0.86,0.86,10.00,0.19,-0.02,-0.21
6472.50,-62.73,8.87,1.60,3.64,-0.36,-0.17,-0.39,0.83,0.98,9.95,0.19,-0.02,-0.22
6472.51,-62.88,8.83,1.75,3.65,-0.35,-0.16,-0.39,0.77,1.15,9.91,0.18,-0.02,-0.23
6472.52,-62.98,8.79,1.87,3.67,-0.34,-0.15,-0.39,0.69,1.29,9.89,0.17,-0.02,-0.23
6472.54,-63.09,8.68,2.01,3.74,-0.32,-0.13,-0.37,0.55,1.44,9.84,0.16,-0.02,-0.23
6472.56,-63.21,8.53,2.14,3.84,-0.29,-0.12,-0.33,0.32,1.61,9.80,0.14,-0.03,-0.22
6472.58,-63.36,8.40,2.26,3.97,-0.25,-0.12,-0.27,0.10,1.69,9.77,0.11,-0.03,-0.20
6472.60,-63.49,8.34,2.31,4.10,-0.20,-0.11,-0.21,-0.08,1.68,9.78,0.09,-0.04,-0.18
6472.61,-63.58,8.34,2.30,4.15,-0.18,-0.11,-0.19,-0.14,1.66,9.79,0.08,-0.05,-0.16
6472.62,-63.62,8.34,2.25,4.21,-0.15,-0.12,-0.16,-0.18,1.61,9.82,0.07,-0.05,-0.14
6472.63,-63.70,8.36,2.17,4.27,-0.11,-0.12,-0.11,-0.21,1.56,9.85,0.06,-0.06,-0.11
6472.65,-63.75,8.37,2.11,4.31,-0.08,-0.11,-0.08,-0.24,1.48,9.87,0.05,-0.06,-0.09
6472.66,-63.80,8.40,2.04,4.33,-0.05,-0.11,-0.04,-0.23,1.36,9.90,0.05,-0.07,-0.06
6472.67,-63.84,8.42,2.00,4.34,-0.04,-0.11,-0.02,-0.19,1.24,9.93,0.05,-0.08,-0.05
6472.68,-63.83,8.46,1.92,4.32,-0.03,-0.11,-0.00,-0.12,1.13,9.96,0.05,-0.09,-0.03
6472.70,-63.83,8.51,1.88,4.32,-0.02,-0.11,0.00,-0.06,1.04,9.99,0.05,-0.09,-0.02
6472.71,-63.79,8.57,1.81,4.28,-0.03,-0.10,0.01,0.03,0.98,10.02,0.06,-0.10,-0.00
6472.73,-63.72,8.62,1.73,4.27,-0.03,-0.10,0.02,0.05,0.94,10.01,0.07,-0.12,0.02
6472.75,-63.65,8.58,1.69,4.21,-0.02,-0.09,0.02,0.05,0.95,9.98,0.07,-0.13,0.03
6472.76,-63.61,8.63,1.71,4.15,-0.01,-0.09,0.03,0.09,1.00,9.89,0.08,-0.14,0.05
6472.77,-63.57,8.69,1.76,4.12,-0.00,-0.07,0.04,0.09,1.03,9.87,0.08,-0.15,0.07
6472.78,-63.54,8.67,1.77,4.07,0.00,-0.05,0.06,0.17,1.07,9.89,0.09,-0.15,0.09
6472.80,-63.47,8.68,1.84,3.95,0.02,-0.04,0.07,0.31,1.13,9.89,0.09,-0.15,0.10
6472.81,-63.37,8.69,1.87,3.87,0.02,-0.04,0.06,0.49,1.19,9.94,0.10,-0.15,0.10
6472.82,-63.32,8.71,1.88,3.76,0.02,-0.04,0.05,0.66,1.25,9.96,0.10,-0.15,0.10
6472.83,-63.19,8.76,1.91,3.64,0.03,-0.04,0.03,0.81,1.31,9.96,0.09,-0.14,0.08
6472.85,-63.04,8.79,1.92,3.53,0.04,-0.04,0.02,0.97,1.38,9.92,0.09,-0.12,0.07
6472.86,-63.01,8.84,1.92,3.32,0.05,-0.04,0.01,1.07,1.40,9.90,0.08,-0.11,0.05
6472.88,-62.90,8.85,1.92,3.29,0.04,-0.04,0.01,1.17,1.42,9.89,0.08,-0.10,0.04
6472.90,-62.81,8.94,1.88,3.15,0.04,-0.05,0.01,1.35,1.37,9.90,0.07,-0.07,0.02
6472.91,-62.86,8.96,1.87,3.14,0.03,-0.05,-0.00,1.42,1.34,9.93,0.06,-0.06,0.01
6472.93,-62.82,8.98,1.85,3.16,0.02,-0.06,-0.02,1.45,1.31,9.95,0.06,-0.05,0.01
6472.94,-62.73,8.98,1.85,3.16,0.01,-0.06,-0.03,1.46,1.27,9.97,0.05,-0.04,-0.00
6472.95,-62.77,8.96,1.86,3.21,-0.01,-0.07,-0.05,1.41,1.25,9.97,0.05,-0.03,-0.01
6472.97,-62.75,8.96,1.85,3.28,-0.04,-0.07,-0.08,1.35,1.22,9.98,0.05,-0.02,-0.03
6472.99,-62.75,8.95,1.83,3.33,-0.06,-0.07,-0.11,1.28,1.18,10.00,0.05,-0.01,-0.04
6473.00,-62.75,8.93,1.81,3.43,-0.09,-0.07,-0.14,1.21,1.15,10.00,0.06,-0.00,-0.06
6473.01,-62.75,8.89,1.78,3.54,-0.11,-0.07,-0.17,1.06,1.12,9.98,0.07,0.00,-0.09
6473.03,-62.76,8.86,1.78,3.61,-0.12,-0.07,-0.18,0.93,1.12,9.97,0.07,0.00,-0.11
6473.05,-62.81,8.82,1.83,3.72,-0.13,-0.07,-0.20,0.74,1.13,9.96,0.08,0.00,-0.11
6473.06,-62.85,8.79,1.87,3.76,-0.14,-0.06,-0.20,0.71,1.15,9.96,0.09,0.01,-0.11
6473.08,-62.88,8.74,1.92,3.80,-0.14,-0.06,-0.21,0.67,1.21,9.94,0.09,0.01,-0.12
6473.09,-62.90,8.69,1.99,3.82,-0.15,-0.05,-0.22,0.62,1.27,9.92,0.10,0.01,-0.13
6473.11,-62.92,8.64,2.06,3.84,-0.14,-0.05,-0.23,0.55,1.33,9.89,0.09,0.01,-0.13
6473.12,-62.97,8.61,2.12,3.85,-0.14,-0.05,-0.22,0.47,1.41,9.88,0.09,0.01,-0.13
6473.13,-62.98,8.57,2.20,3.86,-0.14,-0.05,-0.21,0.42,1.49,9.85,0.08,0.01,-0.11
6473.14,-63.03,8.52,2.28,3.84,-0.13,-0.04,-0.18,0.41,1.58,9.83,0.07,0.02,-0.10
6473.15,-63.08,8.49,2.36,3.82,-0.12,-0.04,-0.15,0.42,1.65,9.83,0.07,0.02,-0.08
6473.17,-63.13,8.48,2.40,3.82,-0.11,-0.03,-0.13,0.44,1.71,9.83,0.06,0.02,-0.07
6473.18,-63.14,8.48,2.45,3.79,-0.10,-0.03,-0.11,0.46,1.77,9.83,0.06,0.02,-0.06
6473.19,-63.18,8.48,2.48,3.77,-0.10,-0.04,-0.10,0.49,1.81,9.83,0.05,0.01,-0.06
6473.21,-63.18,8.48,2.50,3.75,-0.09,-0.04,-0.08,0.50,1.84,9.83,0.04,0.01,-0.05
6473.22,-63.21,8.48,2.51,3.74,-0.07,-0.04,-0.05,0.49,1.84,9.82,0.03,0.01,-0.04
6473.23,-63.25,8.47,2.50,3.74,-0.06,-0.04,-0.03,0.48,1.84,9.81,0.02,0.00,-0.02
6473.25,-63.28,8.46,2.47,3.73,-0.04,-0.04,0.02,0.47,1.81,9.78,0.00,0.00,0.01
6473.26,-63.31,8.48,2.45,3.71,-0.03,-0.03,0.05,0.49,1.79,9.76,-0.01,0.01,0.03
6473.27,-63.34,8.50,2.42,3.70,-0.02,-0.03,0.07,0.53,1.76,9.77,-0.01,0.01,0.06
6473.29,-63.35,8.54,2.34,3.71,-0.00,-0.03,0.10,0.58,1.72,9.80,-0.02,0.00,0.06
6473.31,-63.35,8.56,2.31,3.70,0.00,-0.03,0.11,0.60,1.68,9.82,-0.03,0.00,0.07
6473.32,-63.34,8.58,2.27,3.68,0.01,-0.02,0.13,0.62,1.63,9.82,-0.03,0.00,0.08
6473.33,-63.34,8.59,2.25,3.68,0.02,-0.02,0.14,0.63,1.58,9.83,-0.04,-0.00,0.08
6473.34,-63.33,8.60,2.22,3.67,0.02,-0.02,0.15,0.62,1.54,9.82,-0.04,-0.00,0.09
6473.35,-63.32,8.62,2.15,3.68,0.03,-0.02,0.17,0.64,1.50,9.83,-0.05,-0.00,0.11
6473.37,-63.31,8.64,2.12,3.69,0.03,-0.01,0.17,0.65,1.47,9.86,-0.05,-0.00,0.12
6473.39,-63.28,8.68,2.08,3.70,0.03,-0.01,0.18,0.68,1.44,9.89,-0.05,-0.00,0.12
6473.40,-63.26,8.70,2.05,3.69,0.03,-0.01,0.18,0.69,1.42,9.91,-0.05,-0.00,0.12
6473.41,-63.24,8.71,2.03,3.68,0.03,-0.01,0.18,0.70,1.40,9.92,-0.05,0.00,0.13
6473.43,-63.20,8.73,2.00,3.66,0.03,-0.01,0.18,0.73,1.40,9.91,-0.05,0.00,0.13
6473.45,-63.18,8.72,1.98,3.65,0.03,-0.01,0.18,0.76,1.39,9.92,-0.05,0.00,0.13
6473.46,-63.15,8.72,1.97,3.65,0.03,-0.01,0.18,0.76,1.40,9.91,-0.05,0.00,0.13
6473.48,-63.14,8.74,1.97,3.62,0.03,-0.01,0.18,0.77,1.40,9.89,-0.06,0.00,0.13
6473.49,-63.12,8.74,1.96,3.62,0.03,-0.01,0.18,0.77,1.40,9.89,-0.06,0.01,0.14
6473.50,-63.11,8.74,1.95,3.61,0.03,-0.01,0.18,0.78,1.40,9.90,-0.06,0.01,0.14
6473.52,-63.10,8.73,1.95,3.62,0.03,-0.01,0.18,0.79,1.41,9.90,-0.06,0.01,0.14
6473.53,-63.09,8.74,1.92,3.62,0.04,-0.01,0.18,0.77,1.40,9.89,-0.07,0.01,0.15
6473.54,-63.08,8.74,1.90,3.62,0.04,-0.00,0.18,0.76,1.40,9.88,-0.07,0.01,0.14
6473.56,-63.08,8.75,1.85,3.65,0.05,0.00,0.18,0.73,1.35,9.88,-0.08,0.01,0.14
6473.58,-63.07,8.76,1.81,3.68,0.05,0.00,0.18,0.71,1.30,9.91,-0.08,0.01,0.14
6473.59,-63.06,8.77,1.78,3.70,0.05,0.00,0.18,0.71,1.26,9.95,-0.08,0.01,0.14
6473.60,-63.04,8.79,1.72,3.74,0.05,0.00,0.17,0.72,1.22,9.98,-0.07,0.01,0.13
6473.62,-63.02,8.80,1.69,3.76,0.05,0.00,0.17,0.71,1.16,10.01,-0.07,0.01,0.12
6473.64,-62.99,8.79,1.65,3.75,0.05,-0.00,0.15,0.72,1.11,10.01,-0.07,0.01,0.12
6473.65,-62.98,8.80,1.64,3.74,0.05,-0.00,0.15,0.72,1.09,10.00,-0.06,0.01,0.12
6473.67,-62.98,8.82,1.60,3.70,0.04,-0.01,0.14,0.74,1.07,9.99,-0.06,0.01,0.11
6473.68,-62.97,8.84,1.58,3.70,0.03,-0.01,0.13,0.77,1.05,9.99,-0.05,0.01,0.11
6473.69,-62.97,8.85,1.55,3.70,0.03,-0.01,0.11,0.79,1.05,10.00,-0.04,0.01,0.10
6473.71,-62.95,8.87,1.54,3.71,0.02,-0.01,0.10,0.79,1.04,9.99,-0.04,0.01,0.09
6473.72,-62.94,8.87,1.53,3.72,0.02,-0.00,0.08,0.80,1.04,9.99,-0.03,0.01,0.08
6473.73,-62.92,8.86,1.53,3.74,0.01,-0.01,0.07,0.78,1.04,9.99,-0.03,0.01,0.07
6473.75,-62.90,8.83,1.54,3.75,0.01,-0.01,0.05,0.74,1.05,9.96,-0.02,0.01,0.06
6473.77,-62.89,8.81,1.55,3.75,0.01,-0.01,0.04,0.72,1.07,9.96,-0.02,0.01,0.06
6473.78,-62.88,8.80,1.57,3.77,0.01,-0.01,0.04,0.70,1.10,9.95,-0.02,0.01,0.06
6473.80,-62.87,8.75,1.62,3.76,0.01,-0.01,0.03,0.67,1.14,9.94,-0.02,0.01,0.06
6473.81,-62.87,8.74,1.64,3.76,0.01,-0.01,0.03,0.66,1.16,9.94,-0.02,0.01,0.06
6473.82,-62.87,8.73,1.66,3.76,0.01,-0.01,0.04,0.64,1.18,9.94,-0.02,0.01,0.07
6473.84,-62.87,8.72,1.67,3.76,0.02,-0.00,0.04,0.63,1.20,9.92,-0.02,0.01,0.07
6473.86,-62.87,8.72,1.69,3.75,0.02,-0.00,0.06,0.64,1.21,9.92,-0.02,0.00,0.07
6473.87,-62.87,8.73,1.68,3.75,0.03,-0.00,0.06,0.64,1.21,9.92,-0.03,0.00,0.07
6473.88,-62.87,8.74,1.66,3.75,0.03,0.00,0.06,0.65,1.19,9.94,-0.02,0.00,0.07
6473.90,-62.86,8.76,1.65,3.75,0.03,0.00,0.06,0.67,1.17,9.95,-0.02,-0.00,0.06
6473.91,-62.84,8.77,1.63,3.74,0.03,0.00,0.06,0.71,1.13,9.96,-0.02,-0.00,0.06
6473.92,-62.82,8.78,1.60,3.74,0.03,0.00,0.05,0.72,1.08,9.96,-0.02,-0.00,0.05
6473.95,-62.78,8.78,1.57,3.72,0.02,-0.00,0.05,0.75,1.03,9.97,-0.02,-0.00,0.05
6473.96,-62.76,8.78,1.56,3.72,0.02,-0.00,0.04,0.75,1.00,9.97,-0.01,-0.00,0.04
6473.97,-62.75,8.79,1.54,3.72,0.01,-0.00,0.04,0.75,0.99,9.98,-0.01,-0.00,0.04
6473.99,-62.73,8.79,1.52,3.73,0.00,-0.00,0.03,0.76,0.98,9.98,-0.01,-0.00,0.04
6474.00,-62.72,8.79,1.52,3.74,-0.00,-0.01,0.03,0.77,0.98,9.99,-0.01,-0.00,0.03
6474.01,-62.70,8.78,1.52,3.75,-0.01,-0.01,0.02,0.76,0.99,10.00,-0.01,-0.00,0.03
6474.02,-62.68,8.78,1.52,3.75,-0.01,-0.01,0.02,0.74,1.00,10.00,-0.00,-0.00,0.02
6474.04,-62.67,8.78,1.53,3.76,-0.02,-0.01,0.01,0.73,1.01,9.99,-0.00,-0.00,0.02
6474.05,-62.66,8.77,1.54,3.77,-0.02,-0.01,0.01,0.72,1.03,9.97,0.00,-0.00,0.02
6474.06,-62.65,8.76,1.55,3.78,-0.02,-0.01,0.01,0.69,1.04,9.96,0.00,-0.00,0.01
6474.07,-62.65,8.75,1.56,3.78,-0.02,-0.01,0.01,0.68,1.06,9.96,0.00,-0.00,0.01
6474.09,-62.65,8.74,1.58,3.79,-0.02,-0.01,0.01,0.67,1.09,9.95,0.00,-0.00,0.01
6474.10,-62.65,8.73,1.61,3.78,-0.01,-0.02,0.01,0.66,1.11,9.95,0.00,-0.00,0.02
6474.11,-62.65,8.74,1.63,3.78,-0.01,-0.02,0.01,0.65,1.13,9.94,0.00,-0.01,0.02
6474.13,-62.66,8.72,1.65,3.78,-0.01,-0.02,0.02,0.65,1.16,9.94,-0.00,-0.01,0.02
6474.14,-62.65,8.71,1.65,3.78,-0.00,-0.02,0.02,0.64,1.16,9.92,-0.00,-0.01,0.03
6474.15,-62.65,8.71,1.65,3.79,0.01,-0.01,0.03,0.65,1.17,9.93,-0.00,-0.01,0.03
6474.16,-62.65,8.72,1.65,3.79,0.01,-0.01,0.04,0.65,1.18,9.92,-0.01,-0.01,0.04
6474.18,-62.64,8.71,1.64,3.79,0.02,-0.01,0.05,0.64,1.17,9.93,-0.01,-0.01,0.04
6474.19,-62.64,8.71,1.64,3.78,0.02,-0.01,0.05,0.65,1.15,9.93,-0.01,-0.01,0.05
6474.20,-62.63,8.72,1.64,3.77,0.03,-0.01,0.06,0.68,1.12,9.94,-0.01,-0.01,0.05
6474.21,-62.61,8.73,1.61,3.77,0.03,-0.01,0.06,0.71,1.08,9.95,-0.01,-0.02,0.05
6474.23,-62.59,8.74,1.58,3.76,0.03,-0.01,0.06,0.73,1.04,9.96,-0.01,-0.02,0.04
6474.24,-62.57,8.75,1.55,3.75,0.02,-0.01,0.06,0.75,1.00,9.97,-0.01,-0.02,0.04
6474.25,-62.55,8.75,1.52,3.75,0.02,-0.01,0.06,0.77,0.96,9.97,-0.00,-0.02,0.03
6474.27,-62.53,8.77,1.49,3.75,0.01,-0.02,0.06,0.78,0.93,9.97,0.00,-0.02,0.03
6474.28,-62.50,8.78,1.47,3.74,0.00,-0.02,0.05,0.79,0.91,9.97,0.00,-0.02,0.02
6474.29,-62.48,8.80,1.44,3.73,-0.01,-0.02,0.05,0.83,0.91,9.97,0.01,-0.02,0.02
6474.30,-62.45,8.81,1.43,3.72,-0.02,-0.02,0.04,0.85,0.93,9.99,0.01,-0.02,0.02
6474.31,-62.44,8.83,1.43,3.70,-0.02,-0.02,0.03,0.85,0.96,9.99,0.01,-0.02,0.01
6474.33,-62.43,8.83,1.43,3.70,-0.03,-0.03,0.02,0.85,0.99,9.98,0.01,-0.01,0.01
6474.34,-62.42,8.83,1.45,3.69,-0.03,-0.03,0.01,0.85,1.02,9.97,0.01,-0.01,0.00
6474.35,-62.42,8.83,1.46,3.69,-0.03,-0.03,0.01,0.83,1.04,9.95,0.02,-0.01,-0.00
6474.37,-62.42,8.82,1.47,3.70,-0.03,-0.03,0.00,0.83,1.05,9.95,0.02,-0.01,-0.00
6474.38,-62.43,8.81,1.48,3.69,-0.03,-0.03,-0.00,0.83,1.07,9.94,0.02,-0.01,-0.01
6474.39,-62.43,8.81,1.50,3.70,-0.03,-0.02,-0.01,0.82,1.09,9.95,0.02,-0.01,-0.01
6474.40,-62.44,8.80,1.52,3.70,-0.03,-0.02,-0.01,0.81,1.10,9.95,0.02,-0.01,-0.00
6474.42,-62.44,8.80,1.53,3.70,-0.03,-0.02,-0.01,0.80,1.11,9.95,0.02,-0.01,0.00
6474.44,-62.45,8.79,1.54,3.70,-0.03,-0.02,-0.01,0.79,1.12,9.95,0.01,-0.01,0.01
6474.45,-62.46,8.79,1.55,3.71,-0.02,-0.02,-0.01,0.79,1.13,9.95,0.01,-0.01,0.01
6474.46,-62.46,8.78,1.55,3.71,-0.02,-0.02,-0.01,0.79,1.